(iter 10) [0.0, 1.3712, 1.8428] = 456.0218, sampling [1.0, 1.2767, 1.5905]. Recommendation = [0.0, 1.3712, 1.8428], Current Cost = 5005.00, Rho = 1.000
(iter 10) [0.0, 1.3712, 1.8428] = 456.0218, sampling [1.0, 1.2198, 1.7434]. Recommendation = [0.0, 1.3712, 1.8428], Current Cost = 5006.00, Rho = 1.000
(iter 10) [0.0, 1.3712, 1.8428] = 456.0218, sampling [1.0, 1.4789, 1.6609]. Recommendation = [0.0, 1.3712, 1.8428], Current Cost = 5007.00, Rho = 1.000
(iter 10) [0.0, 1.3712, 1.8428] = 456.0218, sampling [1.0, 1.0986, 1.4563]. Recommendation = [0.0, 1.3712, 1.8428], Current Cost = 5008.00, Rho = 1.000
(iter 10) [0.0, 1.3712, 1.8428] = 456.0218, sampling [1.0, 1.1104, 1.2275]. Recommendation = [0.0, 1.0986, 1.4563], Current Cost = 5009.00, Rho = 1.000
(iter 10) [0.0, 1.3712, 1.8428] = 456.0218, sampling [1.0, 1.2903, 1.1717]. Recommendation = [0.0, 1.1104, 1.2275], Current Cost = 5010.00, Rho = 1.000
(iter 10) [0.0, 1.3712, 1.8428] = 456.0218, sampling [1.0, 1.0069, 1.3317]. Recommendation = [0.0, 1.1104, 1.2275], Current Cost = 5011.00, Rho = 1.000
(iter 10) [0.0, 1.3712, 1.8428] = 456.0218, sampling [1.0, 1.0401, 1.1887]. Recommendation = [0.0, 1.1104, 1.2275], Current Cost = 5012.00, Rho = 1.000
(iter 10) [0.0, 1.3712, 1.8428] = 456.0218, sampling [1.0, 1.0288, 1.0198]. Recommendation = [0.0, 1.1104, 1.2275], Current Cost = 5013.00, Rho = 1.000
(iter 10) [0.0, 1.3712, 1.8428] = 456.0218, sampling [1.0, 1.0443, 1.1370]. Recommendation = [0.0, 1.1104, 1.2275], Current Cost = 5014.00, Rho = 1.000
(iter 10) [0.0, 1.3712, 1.8428] = 456.0218, sampling [1.0, 0.9523, 0.6927]. Recommendation = [0.0, 1.1104, 1.2275], Current Cost = 5015.00, Rho = 1.000
(iter 10) [0.0, 1.3712, 1.8428] = 456.0218, sampling [1.0, 0.9103, 0.8526]. Recommendation = [0.0, 1.1104, 1.2275], Current Cost = 5016.00, Rho = 1.000
(iter 10) [0.0, 1.3712, 1.8428] = 456.0218, sampling [1.0, 1.1790, 0.9402]. Recommendation = [0.0, 1.1104, 1.2275], Current Cost = 5017.00, Rho = 1.000
(iter 10) [0.0, 1.3712, 1.8428] = 456.0218, sampling [1.0, 0.6563, 0.4894]. Recommendation = [0.0, 1.1104, 1.2275], Current Cost = 5018.00, Rho = 1.000
(iter 10) [0.0, 1.3712, 1.8428] = 456.0218, sampling [1.0, 0.7278, 0.6832]. Recommendation = [0.0, 1.1104, 1.2275], Current Cost = 5019.00, Rho = 1.000
(iter 10) [0.0, 1.3712, 1.8428] = 456.0218, sampling [1.0, 0.6336, 0.7953]. Recommendation = [0.0, 1.1104, 1.2275], Current Cost = 5020.00, Rho = 1.000
(iter 10) [0.0, 1.3712, 1.8428] = 456.0218, sampling [1.0, 0.7722, 0.5663]. Recommendation = [0.0, 1.1104, 1.2275], Current Cost = 5021.00, Rho = 1.000
(iter 10) [0.0, 1.3712, 1.8428] = 456.0218, sampling [1.0, 0.8054, 0.7091]. Recommendation = [0.0, 1.1104, 1.2275], Current Cost = 5022.00, Rho = 1.000
(iter 10) [0.0, 1.3712, 1.8428] = 456.0218, sampling [1.0, 0.9382, 0.4356]. Recommendation = [0.0, 1.1104, 1.2275], Current Cost = 5023.00, Rho = 1.000
(iter 10) [0.0, 1.3712, 1.8428] = 456.0218, sampling [1.0, 0.8468, 0.5716]. Recommendation = [0.0, 1.1104, 1.2275], Current Cost = 5024.00, Rho = 1.000
(iter 10) [0.0, 1.3712, 1.8428] = 456.0218, sampling [1.0, 0.7670, 0.7799]. Recommendation = [0.0, 1.1104, 1.2275], Current Cost = 5025.00, Rho = 1.000
(iter 10) [0.0, 1.3712, 1.8428] = 456.0218, sampling [1.0, 0.5566, 0.2325]. Recommendation = [0.0, 1.1104, 1.2275], Current Cost = 5026.00, Rho = 1.000
(iter 10) [0.0, 1.3712, 1.8428] = 456.0218, sampling [1.0, 0.3984, 0.5206]. Recommendation = [0.0, 1.1104, 1.2275], Current Cost = 5027.00, Rho = 1.000
(iter 10) [0.0, 1.3712, 1.8428] = 456.0218, sampling [1.0, 0.6238, 0.5968]. Recommendation = [0.0, 1.1104, 1.2275], Current Cost = 5028.00, Rho = 1.000
(iter 10) [0.0, 1.3712, 1.8428] = 456.0218, sampling [1.0, 0.7202, 0.4032]. Recommendation = [0.0, 1.1104, 1.2275], Current Cost = 5029.00, Rho = 1.000
(iter 10) [0.0, 1.3712, 1.8428] = 456.0218, sampling [1.0, 0.7857, 0.1013]. Recommendation = [0.0, 1.1104, 1.2275], Current Cost = 5030.00, Rho = 1.000
(iter 10) [0.0, 1.3712, 1.8428] = 456.0218, sampling [1.0, 0.7498, 0.5883]. Recommendation = [0.0, 1.1104, 1.2275], Current Cost = 5031.00, Rho = 1.000
(iter 10) [0.0, 1.3712, 1.8428] = 456.0218, sampling [1.0, 0.8152, 0.9076]. Recommendation = [0.0, 1.1104, 1.2275], Current Cost = 5032.00, Rho = 1.000
(iter 10) [0.0, 1.3712, 1.8428] = 456.0218, sampling [1.0, 0.7325, 0.7454]. Recommendation = [0.0, 1.1104, 1.2275], Current Cost = 5033.00, Rho = 1.000
(iter 10) [0.0, 1.3712, 1.8428] = 456.0218, sampling [1.0, 0.2781, 0.1293]. Recommendation = [0.0, 1.1104, 1.2275], Current Cost = 5034.00, Rho = 1.000
(iter 10) [0.0, 1.3712, 1.8428] = 456.0218, sampling [1.0, 0.4173, -0.0042]. Recommendation = [0.0, 1.1104, 1.2275], Current Cost = 5035.00, Rho = 1.000
(iter 10) [0.0, 1.3712, 1.8428] = 456.0218, sampling [1.0, 0.2945, -0.2159]. Recommendation = [0.0, 1.1104, 1.2275], Current Cost = 5036.00, Rho = 1.000
(iter 10) [0.0, 1.3712, 1.8428] = 456.0218, sampling [1.0, 0.2895, -0.0001]. Recommendation = [0.0, 1.1104, 1.2275], Current Cost = 5037.00, Rho = 1.000
(iter 10) [0.0, 1.3712, 1.8428] = 456.0218, sampling [1.0, 0.4645, 0.2923]. Recommendation = [0.0, 1.1104, 1.2275], Current Cost = 5038.00, Rho = 1.000
(iter 10) [0.0, 1.3712, 1.8428] = 456.0218, sampling [1.0, 0.2800, 0.3023]. Recommendation = [0.0, 1.1104, 1.2275], Current Cost = 5039.00, Rho = 1.000
(iter 10) [0.0, 1.3712, 1.8428] = 456.0218, sampling [1.0, 0.2302, 0.2083]. Recommendation = [0.0, 1.1104, 1.2275], Current Cost = 5040.00, Rho = 1.000
(iter 10) [0.0, 1.3712, 1.8428] = 456.0218, sampling [1.0, 0.9799, 1.1656]. Recommendation = [0.0, 1.1104, 1.2275], Current Cost = 5041.00, Rho = 1.000
(iter 10) [0.0, 1.3712, 1.8428] = 456.0218, sampling [1.0, 0.8412, 0.8041]. Recommendation = [0.0, 1.1104, 1.2275], Current Cost = 5042.00, Rho = 1.000
(iter 10) [0.0, 1.3712, 1.8428] = 456.0218, sampling [1.0, 0.5953, 0.3500]. Recommendation = [0.0, 1.1104, 1.2275], Current Cost = 5043.00, Rho = 1.000
(iter 10) [0.0, 1.3712, 1.8428] = 456.0218, sampling [1.0, 0.5044, 0.1929]. Recommendation = [0.0, 1.1104, 1.2275], Current Cost = 5044.00, Rho = 1.000
(iter 10) [0.0, 1.3712, 1.8428] = 456.0218, sampling [1.0, 1.0527, 1.3780]. Recommendation = [0.0, 1.1104, 1.2275], Current Cost = 5045.00, Rho = 1.000
(iter 10) [0.0, 1.3712, 1.8428] = 456.0218, sampling [1.0, 1.1032, 0.6714]. Recommendation = [0.0, 1.1104, 1.2275], Current Cost = 5046.00, Rho = 1.000
(iter 10) [0.0, 1.3712, 1.8428] = 456.0218, sampling [1.0, 0.8684, 1.0366]. Recommendation = [0.0, 1.1104, 1.2275], Current Cost = 5047.00, Rho = 1.000
(iter 10) [0.0, 1.3712, 1.8428] = 456.0218, sampling [1.0, 0.0864, 0.0697]. Recommendation = [0.0, 1.1104, 1.2275], Current Cost = 5048.00, Rho = 1.000
(iter 10) [0.0, 1.3712, 1.8428] = 456.0218, sampling [1.0, 0.1425, 0.4160]. Recommendation = [0.0, 1.1104, 1.2275], Current Cost = 5049.00, Rho = 1.000
(iter 10) [0.0, 1.3712, 1.8428] = 456.0218, sampling [1.0, 0.4543, 0.4089]. Recommendation = [0.0, 1.1104, 1.2275], Current Cost = 5050.00, Rho = 1.000
(iter 10) [0.0, 1.3712, 1.8428] = 456.0218, sampling [1.0, 0.6092, 0.0427]. Recommendation = [0.0, 1.1104, 1.2275], Current Cost = 5051.00, Rho = 1.000
(iter 10) [0.0, 1.3712, 1.8428] = 456.0218, sampling [1.0, 0.5172, 0.9389]. Recommendation = [0.0, 1.1104, 1.2275], Current Cost = 5052.00, Rho = 1.000
(iter 10) [0.0, 1.3712, 1.8428] = 456.0218, sampling [1.0, 0.9808, 0.9235]. Recommendation = [0.0, 1.1104, 1.2275], Current Cost = 5053.00, Rho = 1.000
(iter 10) [0.0, 1.3712, 1.8428] = 456.0218, sampling [1.0, 0.4638, -0.1799]. Recommendation = [0.0, 1.1104, 1.2275], Current Cost = 5054.00, Rho = 1.000
(iter 10) [0.0, 1.3712, 1.8428] = 456.0218, sampling [1.0, 0.3706, -0.0359]. Recommendation = [0.0, 1.1104, 1.2275], Current Cost = 5055.00, Rho = 1.000
(iter 10) [0.0, 1.3712, 1.8428] = 456.0218, sampling [1.0, 0.9685, 1.4912]. Recommendation = [0.0, 1.1104, 1.2275], Current Cost = 5056.00, Rho = 1.000
(iter 10) [0.0, 1.3712, 1.8428] = 456.0218, sampling [1.0, 1.3969, 1.3573]. Recommendation = [0.0, 1.1104, 1.2275], Current Cost = 5057.00, Rho = 1.000
(iter 10) [0.0, 1.3712, 1.8428] = 456.0218, sampling [1.0, 0.6038, 0.6671]. Recommendation = [0.0, 1.1104, 1.2275], Current Cost = 5058.00, Rho = 1.000
(iter 10) [0.0, 1.3712, 1.8428] = 456.0218, sampling [1.0, 1.2068, 1.1185]. Recommendation = [0.0, 1.1104, 1.2275], Current Cost = 5059.00, Rho = 1.000
(iter 10) [0.0, 1.3712, 1.8428] = 456.0218, sampling [1.0, 0.1817, 0.0238]. Recommendation = [0.0, 1.1104, 1.2275], Current Cost = 5060.00, Rho = 1.000
(iter 10) [0.0, 1.3712, 1.8428] = 456.0218, sampling [1.0, 1.1531, 1.5697]. Recommendation = [0.0, 1.1104, 1.2275], Current Cost = 5061.00, Rho = 1.000
(iter 10) [0.0, 1.3712, 1.8428] = 456.0218, sampling [1.0, 0.5550, 0.5170]. Recommendation = [0.0, 1.1104, 1.2275], Current Cost = 5062.00, Rho = 1.000
(iter 10) [0.0, 1.3712, 1.8428] = 456.0218, sampling [1.0, 0.0192, 0.2965]. Recommendation = [0.0, 1.1104, 1.2275], Current Cost = 5063.00, Rho = 1.000
(iter 10) [0.0, 1.3712, 1.8428] = 456.0218, sampling [1.0, 0.0674, -0.3138]. Recommendation = [0.0, 1.1104, 1.2275], Current Cost = 5064.00, Rho = 1.000
(iter 10) [0.0, 1.3712, 1.8428] = 456.0218, sampling [1.0, -0.0158, -0.0770]. Recommendation = [0.0, 1.1104, 1.2275], Current Cost = 5065.00, Rho = 1.000
(iter 10) [0.0, 1.3712, 1.8428] = 456.0218, sampling [1.0, 0.1660, -0.2076]. Recommendation = [0.0, 1.1104, 1.2275], Current Cost = 5066.00, Rho = 1.000
(iter 10) [0.0, 1.3712, 1.8428] = 456.0218, sampling [1.0, 0.0517, -0.0589]. Recommendation = [0.0, 1.1104, 1.2275], Current Cost = 5067.00, Rho = 1.000
(iter 10) [0.0, 1.3712, 1.8428] = 456.0218, sampling [1.0, -0.1164, -0.0388]. Recommendation = [0.0, 1.1104, 1.2275], Current Cost = 5068.00, Rho = 1.000
(iter 10) [0.0, 1.3712, 1.8428] = 456.0218, sampling [1.0, -0.1054, 0.0883]. Recommendation = [0.0, 1.1104, 1.2275], Current Cost = 5069.00, Rho = 1.000
(iter 10) [0.0, 1.3712, 1.8428] = 456.0218, sampling [1.0, -0.0341, -0.3693]. Recommendation = [0.0, 1.1104, 1.2275], Current Cost = 5070.00, Rho = 1.000
(iter 10) [0.0, 1.3712, 1.8428] = 456.0218, sampling [1.0, -0.1986, -0.0213]. Recommendation = [0.0, 1.1104, 1.2275], Current Cost = 5071.00, Rho = 1.000
(iter 10) [0.0, 1.3712, 1.8428] = 456.0218, sampling [1.0, 0.0064, 0.0973]. Recommendation = [0.0, 1.1104, 1.2275], Current Cost = 5072.00, Rho = 1.000
(iter 10) [0.0, 1.3712, 1.8428] = 456.0218, sampling [1.0, 0.3131, -0.4645]. Recommendation = [0.0, 1.1104, 1.2275], Current Cost = 5073.00, Rho = 1.000
(iter 10) [0.0, 1.3712, 1.8428] = 456.0218, sampling [1.0, -0.2304, -0.0539]. Recommendation = [0.0, 1.1104, 1.2275], Current Cost = 5074.00, Rho = 1.000
(iter 10) [0.0, 1.3712, 1.8428] = 456.0218, sampling [1.0, -0.2715, -0.3184]. Recommendation = [0.0, 1.1104, 1.2275], Current Cost = 5075.00, Rho = 1.000
(iter 10) [0.0, 1.3712, 1.8428] = 456.0218, sampling [1.0, -0.2907, 0.1323]. Recommendation = [0.0, 1.1104, 1.2275], Current Cost = 5076.00, Rho = 1.000
(iter 10) [0.0, 1.3712, 1.8428] = 456.0218, sampling [1.0, -0.1724, 0.2559]. Recommendation = [0.0, 1.1104, 1.2275], Current Cost = 5077.00, Rho = 1.000
(iter 10) [0.0, 1.3712, 1.8428] = 456.0218, sampling [1.0, -0.0698, 0.1603]. Recommendation = [0.0, 1.1104, 1.2275], Current Cost = 5078.00, Rho = 1.000
(iter 10) [0.0, 1.3712, 1.8428] = 456.0218, sampling [1.0, -0.3216, -0.0125]. Recommendation = [0.0, 1.1104, 1.2275], Current Cost = 5079.00, Rho = 1.000
(iter 10) [0.0, 1.3712, 1.8428] = 456.0218, sampling [1.0, 0.0334, 0.6502]. Recommendation = [0.0, 1.1104, 1.2275], Current Cost = 5080.00, Rho = 1.000
(iter 10) [0.0, 1.3712, 1.8428] = 456.0218, sampling [1.0, 0.9236, 0.7981]. Recommendation = [0.0, 1.1104, 1.2275], Current Cost = 5081.00, Rho = 1.000
(iter 10) [0.0, 1.3712, 1.8428] = 456.0218, sampling [1.0, 0.3182, 0.4794]. Recommendation = [0.0, 1.1104, 1.2275], Current Cost = 5082.00, Rho = 1.000
(iter 10) [0.0, 1.3712, 1.8428] = 456.0218, sampling [1.0, 0.6642, 0.8735]. Recommendation = [0.0, 1.1104, 1.2275], Current Cost = 5083.00, Rho = 1.000
(iter 10) [0.0, 1.3712, 1.8428] = 456.0218, sampling [1.0, 0.7603, 0.7696]. Recommendation = [0.0, 1.1104, 1.2275], Current Cost = 5084.00, Rho = 1.000
(iter 10) [0.0, 1.3712, 1.8428] = 456.0218, sampling [1.0, -0.1867, 0.3884]. Recommendation = [0.0, 1.1104, 1.2275], Current Cost = 5085.00, Rho = 1.000
(iter 10) [0.0, 1.3712, 1.8428] = 456.0218, sampling [1.0, 0.5030, 0.3452]. Recommendation = [0.0, 1.1104, 1.2275], Current Cost = 5086.00, Rho = 1.000
(iter 10) [0.0, 1.3712, 1.8428] = 456.0218, sampling [1.0, 0.0564, -0.5134]. Recommendation = [0.0, 1.1104, 1.2275], Current Cost = 5087.00, Rho = 1.000
(iter 10) [0.0, 1.3712, 1.8428] = 456.0218, sampling [1.0, -0.3408, 0.1206]. Recommendation = [0.0, 1.1104, 1.2275], Current Cost = 5088.00, Rho = 1.000
(iter 10) [0.0, 1.3712, 1.8428] = 456.0218, sampling [1.0, 0.2521, 0.1504]. Recommendation = [0.0, 1.1104, 1.2275], Current Cost = 5089.00, Rho = 1.000
(iter 10) [0.0, 1.3712, 1.8428] = 456.0218, sampling [1.0, 0.9585, 1.8034]. Recommendation = [0.0, 1.1104, 1.2275], Current Cost = 5090.00, Rho = 1.000
(iter 10) [0.0, 1.3712, 1.8428] = 456.0218, sampling [1.0, 1.2220, 1.5139]. Recommendation = [0.0, 1.1104, 1.2275], Current Cost = 5091.00, Rho = 1.000
(iter 10) [0.0, 1.3712, 1.8428] = 456.0218, sampling [1.0, 0.2723, 0.0384]. Recommendation = [0.0, 1.1104, 1.2275], Current Cost = 5092.00, Rho = 1.000
(iter 10) [0.0, 1.3712, 1.8428] = 456.0218, sampling [1.0, 0.9871, 1.4104]. Recommendation = [0.0, 1.1104, 1.2275], Current Cost = 5093.00, Rho = 1.000
(iter 10) [0.0, 1.3712, 1.8428] = 456.0218, sampling [1.0, -0.0742, 0.2408]. Recommendation = [0.0, 1.1104, 1.2275], Current Cost = 5094.00, Rho = 1.000
(iter 10) [0.0, 1.3712, 1.8428] = 456.0218, sampling [1.0, 0.5978, -0.3099]. Recommendation = [0.0, 1.1104, 1.2275], Current Cost = 5095.00, Rho = 1.000
(iter 10) [0.0, 1.3712, 1.8428] = 456.0218, sampling [1.0, 1.0926, 0.2849]. Recommendation = [0.0, 1.1104, 1.2275], Current Cost = 5096.00, Rho = 1.000
(iter 10) [0.0, 1.3712, 1.8428] = 456.0218, sampling [1.0, -0.4034, 0.2690]. Recommendation = [0.0, 1.1104, 1.2275], Current Cost = 5097.00, Rho = 1.000
(iter 10) [0.0, 1.3712, 1.8428] = 456.0218, sampling [1.0, -0.3734, 0.3559]. Recommendation = [0.0, 1.1104, 1.2275], Current Cost = 5098.00, Rho = 1.000
(iter 10) [0.0, 1.3712, 1.8428] = 456.0218, sampling [1.0, -0.2922, 0.4473]. Recommendation = [0.0, 1.1104, 1.2275], Current Cost = 5099.00, Rho = 1.000
(iter 10) [0.0, 1.3712, 1.8428] = 456.0218, sampling [1.0, -0.4190, 0.2219]. Recommendation = [0.0, 1.1104, 1.2275], Current Cost = 5100.00, Rho = 1.000
(iter 10) [0.0, 1.3712, 1.8428] = 456.0218, sampling [1.0, 0.0308, -0.4047]. Recommendation = [0.0, 1.1104, 1.2275], Current Cost = 5101.00, Rho = 1.000
(iter 10) [0.0, 1.3712, 1.8428] = 456.0218, sampling [1.0, -0.3366, -0.1097]. Recommendation = [0.0, 1.1104, 1.2275], Current Cost = 5102.00, Rho = 1.000
(iter 10) [0.0, 1.3712, 1.8428] = 456.0218, sampling [1.0, 0.1266, -0.3005]. Recommendation = [0.0, 1.1104, 1.2275], Current Cost = 5103.00, Rho = 1.000
(iter 10) [0.0, 1.3712, 1.8428] = 456.0218, sampling [1.0, 1.2744, 1.0124]. Recommendation = [0.0, 1.1104, 1.2275], Current Cost = 5104.00, Rho = 1.000
(iter 10) [0.0, 1.3712, 1.8428] = 456.0218, sampling [1.0, 0.9633, 1.3434]. Recommendation = [0.0, 1.1104, 1.2275], Current Cost = 5105.00, Rho = 1.000
(iter 10) [0.0, 1.3712, 1.8428] = 456.0218, sampling [1.0, 0.6624, -0.0452]. Recommendation = [0.0, 1.1104, 1.2275], Current Cost = 5106.00, Rho = 1.000
(iter 10) [0.0, 1.3712, 1.8428] = 456.0218, sampling [1.0, -0.0939, 0.4547]. Recommendation = [0.0, 1.1104, 1.2275], Current Cost = 5107.00, Rho = 1.000
(iter 10) [0.0, 1.3712, 1.8428] = 456.0218, sampling [1.0, -0.3821, 0.4390]. Recommendation = [0.0, 1.1104, 1.2275], Current Cost = 5108.00, Rho = 1.000
(iter 10) [0.0, 1.3712, 1.8428] = 456.0218, sampling [1.0, -0.4825, 0.3770]. Recommendation = [0.0, 1.1104, 1.2275], Current Cost = 5109.00, Rho = 1.000
(iter 10) [0.0, 1.3712, 1.8428] = 456.0218, sampling [1.0, -0.3305, 0.6461]. Recommendation = [0.0, 1.1104, 1.2275], Current Cost = 5110.00, Rho = 1.000
(iter 10) [0.0, 1.3712, 1.8428] = 456.0218, sampling [1.0, -0.4547, 0.0449]. Recommendation = [0.0, 1.1104, 1.2275], Current Cost = 5111.00, Rho = 1.000
(iter 10) [0.0, 1.3712, 1.8428] = 456.0218, sampling [1.0, -0.0771, 0.1130]. Recommendation = [0.0, 1.1104, 1.2275], Current Cost = 5112.00, Rho = 1.000
(iter 10) [0.0, 1.3712, 1.8428] = 456.0218, sampling [1.0, 0.0909, 0.9263]. Recommendation = [0.0, 1.1104, 1.2275], Current Cost = 5113.00, Rho = 1.000
(iter 10) [0.0, 1.3712, 1.8428] = 456.0218, sampling [1.0, -0.0638, -0.4274]. Recommendation = [0.0, 1.1104, 1.2275], Current Cost = 5114.00, Rho = 1.000
(iter 10) [0.0, 1.3712, 1.8428] = 456.0218, sampling [1.0, 1.3241, 1.8558]. Recommendation = [0.0, 1.1104, 1.2275], Current Cost = 5115.00, Rho = 1.000
(iter 10) [0.0, 1.3712, 1.8428] = 456.0218, sampling [1.0, 0.3752, -0.1927]. Recommendation = [0.0, 1.1104, 1.2275], Current Cost = 5116.00, Rho = 1.000
(iter 10) [0.0, 1.3712, 1.8428] = 456.0218, sampling [1.0, -0.3765, 0.0256]. Recommendation = [0.0, 1.1104, 1.2275], Current Cost = 5117.00, Rho = 1.000
(iter 10) [0.0, 1.3712, 1.8428] = 456.0218, sampling [1.0, -0.4885, 0.1552]. Recommendation = [0.0, 1.1104, 1.2275], Current Cost = 5118.00, Rho = 1.000
(iter 10) [0.0, 1.3712, 1.8428] = 456.0218, sampling [1.0, 0.0437, -0.3381]. Recommendation = [0.0, 1.1104, 1.2275], Current Cost = 5119.00, Rho = 1.000
(iter 10) [0.0, 1.3712, 1.8428] = 456.0218, sampling [1.0, 0.3059, 0.5283]. Recommendation = [0.0, 1.1104, 1.2275], Current Cost = 5120.00, Rho = 1.000
(iter 10) [0.0, 1.3712, 1.8428] = 456.0218, sampling [1.0, -0.5178, 0.3338]. Recommendation = [0.0, 1.1104, 1.2275], Current Cost = 5121.00, Rho = 1.000
(iter 10) [0.0, 1.3712, 1.8428] = 456.0218, sampling [1.0, 1.0191, 0.5108]. Recommendation = [0.0, 1.1104, 1.2275], Current Cost = 5122.00, Rho = 1.000
(iter 10) [0.0, 1.3712, 1.8428] = 456.0218, sampling [1.0, 1.6320, 1.8890]. Recommendation = [0.0, 1.1104, 1.2275], Current Cost = 5123.00, Rho = 1.000
(iter 10) [0.0, 1.3712, 1.8428] = 456.0218, sampling [1.0, 0.8373, 1.1585]. Recommendation = [0.0, 1.1104, 1.2275], Current Cost = 5124.00, Rho = 1.000
(iter 10) [0.0, 1.3712, 1.8428] = 456.0218, sampling [1.0, -0.2606, 0.5513]. Recommendation = [0.0, 1.1104, 1.2275], Current Cost = 5125.00, Rho = 1.000
(iter 10) [0.0, 1.3712, 1.8428] = 456.0218, sampling [1.0, -0.1087, -0.5496]. Recommendation = [0.0, 1.1104, 1.2275], Current Cost = 5126.00, Rho = 1.000
(iter 10) [0.0, 1.3712, 1.8428] = 456.0218, sampling [1.0, 0.4517, -0.2515]. Recommendation = [0.0, 1.1104, 1.2275], Current Cost = 5127.00, Rho = 1.000
(iter 10) [0.0, 1.3712, 1.8428] = 456.0218, sampling [1.0, 1.2962, 0.8153]. Recommendation = [0.0, 1.1104, 1.2275], Current Cost = 5128.00, Rho = 1.000
(iter 10) [0.0, 1.3712, 1.8428] = 456.0218, sampling [1.0, -0.6168, 0.5136]. Recommendation = [0.0, 1.1104, 1.2275], Current Cost = 5129.00, Rho = 1.000
(iter 10) [0.0, 1.3712, 1.8428] = 456.0218, sampling [1.0, -0.5084, 0.4041]. Recommendation = [0.0, 1.1104, 1.2275], Current Cost = 5130.00, Rho = 1.000
(iter 10) [0.0, 1.3712, 1.8428] = 456.0218, sampling [1.0, -0.4990, 0.7055]. Recommendation = [0.0, 1.1104, 1.2275], Current Cost = 5131.00, Rho = 1.000
(iter 10) [0.0, 1.3712, 1.8428] = 456.0218, sampling [1.0, -0.5883, 0.6593]. Recommendation = [0.0, 1.1104, 1.2275], Current Cost = 5132.00, Rho = 1.000
(iter 10) [0.0, 1.3712, 1.8428] = 456.0218, sampling [1.0, -0.4846, 0.9170]. Recommendation = [0.0, 1.1104, 1.2275], Current Cost = 5133.00, Rho = 1.000
(iter 10) [0.0, 1.3712, 1.8428] = 456.0218, sampling [1.0, 0.4811, 1.3624]. Recommendation = [0.0, 1.1104, 1.2275], Current Cost = 5134.00, Rho = 1.000
(iter 10) [0.0, 1.3712, 1.8428] = 456.0218, sampling [1.0, -0.6823, 0.3960]. Recommendation = [0.0, 1.1104, 1.2275], Current Cost = 5135.00, Rho = 1.000
(iter 10) [0.0, 1.3712, 1.8428] = 456.0218, sampling [1.0, 0.1694, -0.2587]. Recommendation = [0.0, 1.1104, 1.2275], Current Cost = 5136.00, Rho = 1.000
(iter 10) [0.0, 1.3712, 1.8428] = 456.0218, sampling [1.0, -0.7720, 0.6177]. Recommendation = [0.0, 1.1104, 1.2275], Current Cost = 5137.00, Rho = 1.000
(iter 10) [0.0, 1.3712, 1.8428] = 456.0218, sampling [1.0, -0.7821, 0.8467]. Recommendation = [0.0, 1.1104, 1.2275], Current Cost = 5138.00, Rho = 1.000
(iter 10) [0.0, 1.3712, 1.8428] = 456.0218, sampling [1.0, -0.6028, 0.8421]. Recommendation = [0.0, 1.1104, 1.2275], Current Cost = 5139.00, Rho = 1.000
(iter 10) [0.0, 1.3712, 1.8428] = 456.0218, sampling [1.0, 1.1832, 1.9511]. Recommendation = [0.0, 1.1104, 1.2275], Current Cost = 5140.00, Rho = 1.000
(iter 10) [0.0, 1.3712, 1.8428] = 456.0218, sampling [1.0, 0.1231, -0.5700]. Recommendation = [0.0, 1.1104, 1.2275], Current Cost = 5141.00, Rho = 1.000
(iter 10) [0.0, 1.3712, 1.8428] = 456.0218, sampling [1.0, 0.8257, -0.1881]. Recommendation = [0.0, 1.1104, 1.2275], Current Cost = 5142.00, Rho = 1.000
(iter 10) [0.0, 1.3712, 1.8428] = 456.0218, sampling [1.0, -0.3520, -0.2366]. Recommendation = [0.0, 1.1104, 1.2275], Current Cost = 5143.00, Rho = 1.000
(iter 10) [0.0, 1.3712, 1.8428] = 456.0218, sampling [1.0, -0.6466, 0.9870]. Recommendation = [0.0, 1.1104, 1.2275], Current Cost = 5144.00, Rho = 1.000
(iter 10) [0.0, 1.3712, 1.8428] = 456.0218, sampling [1.0, -0.8078, 0.9921]. Recommendation = [0.0, 1.1104, 1.2275], Current Cost = 5145.00, Rho = 1.000
(iter 10) [0.0, 1.3712, 1.8428] = 456.0218, sampling [1.0, -0.7098, 1.1533]. Recommendation = [0.0, 1.1104, 1.2275], Current Cost = 5146.00, Rho = 1.000
(iter 10) [0.0, 1.3712, 1.8428] = 456.0218, sampling [1.0, -0.4222, 1.2238]. Recommendation = [0.0, 1.1104, 1.2275], Current Cost = 5147.00, Rho = 1.000
(iter 10) [0.0, 1.3712, 1.8428] = 456.0218, sampling [1.0, -0.8302, 0.9023]. Recommendation = [0.0, 1.1104, 1.2275], Current Cost = 5148.00, Rho = 1.000
(iter 10) [0.0, 1.3712, 1.8428] = 456.0218, sampling [1.0, -0.8246, 0.4926]. Recommendation = [0.0, 1.1104, 1.2275], Current Cost = 5149.00, Rho = 1.000
(iter 10) [0.0, 1.3712, 1.8428] = 456.0218, sampling [1.0, -0.9445, 0.6406]. Recommendation = [0.0, 1.1104, 1.2275], Current Cost = 5150.00, Rho = 1.000
(iter 10) [0.0, 1.3712, 1.8428] = 456.0218, sampling [1.0, -1.0495, 0.8574]. Recommendation = [0.0, 1.1104, 1.2275], Current Cost = 5151.00, Rho = 1.000
(iter 10) [0.0, 1.3712, 1.8428] = 456.0218, sampling [1.0, -1.0610, 0.9722]. Recommendation = [0.0, 1.1104, 1.2275], Current Cost = 5152.00, Rho = 1.000
(iter 10) [0.0, 1.3712, 1.8428] = 456.0218, sampling [1.0, -0.8233, 0.8203]. Recommendation = [0.0, 1.1104, 1.2275], Current Cost = 5153.00, Rho = 1.000
(iter 10) [0.0, 1.3712, 1.8428] = 456.0218, sampling [1.0, -0.9705, 1.2828]. Recommendation = [0.0, 1.1104, 1.2275], Current Cost = 5154.00, Rho = 1.000
(iter 10) [0.0, 1.3712, 1.8428] = 456.0218, sampling [1.0, -0.8675, 1.2454]. Recommendation = [0.0, 1.1104, 1.2275], Current Cost = 5155.00, Rho = 1.000
(iter 10) [0.0, 1.3712, 1.8428] = 456.0218, sampling [1.0, -1.2338, 1.1793]. Recommendation = [0.0, 1.1104, 1.2275], Current Cost = 5156.00, Rho = 1.000
(iter 10) [0.0, 1.3712, 1.8428] = 456.0218, sampling [1.0, -1.1952, 1.0251]. Recommendation = [0.0, 1.1104, 1.2275], Current Cost = 5157.00, Rho = 1.000
(iter 10) [0.0, 1.3712, 1.8428] = 456.0218, sampling [1.0, -1.1699, 1.3145]. Recommendation = [0.0, 1.1104, 1.2275], Current Cost = 5158.00, Rho = 1.000
(iter 10) [0.0, 1.3712, 1.8428] = 456.0218, sampling [1.0, -1.0590, 1.4161]. Recommendation = [0.0, 1.1104, 1.2275], Current Cost = 5159.00, Rho = 1.000
(iter 10) [0.0, 1.3712, 1.8428] = 456.0218, sampling [1.0, -1.1546, 0.7603]. Recommendation = [0.0, 1.1104, 1.2275], Current Cost = 5160.00, Rho = 1.000
(iter 10) [0.0, 1.3712, 1.8428] = 456.0218, sampling [1.0, -0.8886, 1.4348]. Recommendation = [0.0, 1.1104, 1.2275], Current Cost = 5161.00, Rho = 1.000
(iter 10) [0.0, 1.3712, 1.8428] = 456.0218, sampling [1.0, -1.3075, 1.4548]. Recommendation = [0.0, 1.1104, 1.2275], Current Cost = 5162.00, Rho = 1.000
(iter 10) [0.0, 1.3712, 1.8428] = 456.0218, sampling [1.0, -1.1832, 1.5302]. Recommendation = [0.0, 1.1104, 1.2275], Current Cost = 5163.00, Rho = 1.000
(iter 10) [0.0, 1.3712, 1.8428] = 456.0218, sampling [1.0, -1.0250, 1.6255]. Recommendation = [0.0, 1.1104, 1.2275], Current Cost = 5164.00, Rho = 1.000
(iter 10) [0.0, 1.3712, 1.8428] = 456.0218, sampling [1.0, -1.2677, 1.2655]. Recommendation = [0.0, 1.1104, 1.2275], Current Cost = 5165.00, Rho = 1.000
(iter 10) [0.0, 1.3712, 1.8428] = 456.0218, sampling [1.0, -1.3192, 1.6580]. Recommendation = [0.0, 1.1104, 1.2275], Current Cost = 5166.00, Rho = 1.000
(iter 10) [0.0, 1.3712, 1.8428] = 456.0218, sampling [1.0, -1.4516, 1.3832]. Recommendation = [0.0, 1.1104, 1.2275], Current Cost = 5167.00, Rho = 1.000
(iter 10) [0.0, 1.3712, 1.8428] = 456.0218, sampling [1.0, -1.1580, 1.7443]. Recommendation = [0.0, 1.1104, 1.2275], Current Cost = 5168.00, Rho = 1.000
(iter 10) [0.0, 1.3712, 1.8428] = 456.0218, sampling [1.0, -0.8593, 1.9555]. Recommendation = [0.0, 1.1104, 1.2275], Current Cost = 5169.00, Rho = 1.000
(iter 10) [0.0, 1.3712, 1.8428] = 456.0218, sampling [1.0, -1.2745, 1.5532]. Recommendation = [0.0, 1.1104, 1.2275], Current Cost = 5170.00, Rho = 1.000
(iter 10) [0.0, 1.3712, 1.8428] = 456.0218, sampling [1.0, -1.1423, 0.8938]. Recommendation = [0.0, 1.1104, 1.2275], Current Cost = 5171.00, Rho = 1.000
(iter 10) [0.0, 1.3712, 1.8428] = 456.0218, sampling [1.0, -1.0820, 1.5517]. Recommendation = [0.0, 1.1104, 1.2275], Current Cost = 5172.00, Rho = 1.000
(iter 10) [0.0, 1.3712, 1.8428] = 456.0218, sampling [1.0, -1.3535, 1.0294]. Recommendation = [0.0, 1.1104, 1.2275], Current Cost = 5173.00, Rho = 1.000
(iter 10) [0.0, 1.3712, 1.8428] = 456.0218, sampling [1.0, -0.7245, 0.2250]. Recommendation = [0.0, 1.1104, 1.2275], Current Cost = 5174.00, Rho = 1.000
(iter 10) [0.0, 1.3712, 1.8428] = 456.0218, sampling [1.0, -1.0742, 0.6720]. Recommendation = [0.0, 1.1104, 1.2275], Current Cost = 5175.00, Rho = 1.000
(iter 10) [0.0, 1.3712, 1.8428] = 456.0218, sampling [1.0, -0.5220, -0.1132]. Recommendation = [0.0, 1.1104, 1.2275], Current Cost = 5176.00, Rho = 1.000
(iter 10) [0.0, 1.3712, 1.8428] = 456.0218, sampling [1.0, -0.9393, 0.4228]. Recommendation = [0.0, 1.1104, 1.2275], Current Cost = 5177.00, Rho = 1.000
(iter 10) [0.0, 1.3712, 1.8428] = 456.0218, sampling [1.0, -0.8500, 0.5264]. Recommendation = [0.0, 1.1104, 1.2275], Current Cost = 5178.00, Rho = 1.000
(iter 10) [0.0, 1.3712, 1.8428] = 456.0218, sampling [1.0, 0.4712, -0.3644]. Recommendation = [0.0, 1.1104, 1.2275], Current Cost = 5179.00, Rho = 1.000
(iter 10) [0.0, 1.3712, 1.8428] = 456.0218, sampling [1.0, -0.4957, 0.1051]. Recommendation = [0.0, 1.1104, 1.2275], Current Cost = 5180.00, Rho = 1.000
(iter 10) [0.0, 1.3712, 1.8428] = 456.0218, sampling [1.0, 1.0773, 0.7373]. Recommendation = [0.0, 1.1104, 1.2275], Current Cost = 5181.00, Rho = 1.000
(iter 10) [0.0, 1.3712, 1.8428] = 456.0218, sampling [1.0, -0.2504, 0.4494]. Recommendation = [0.0, 1.1104, 1.2275], Current Cost = 5182.00, Rho = 1.000
(iter 10) [0.0, 1.3712, 1.8428] = 456.0218, sampling [1.0, 0.8910, 1.4655]. Recommendation = [0.0, 1.1104, 1.2275], Current Cost = 5183.00, Rho = 1.000
(iter 10) [0.0, 1.3712, 1.8428] = 456.0218, sampling [1.0, -0.0214, 0.5393]. Recommendation = [0.0, 1.1104, 1.2275], Current Cost = 5184.00, Rho = 1.000
(iter 10) [0.0, 1.3712, 1.8428] = 456.0218, sampling [1.0, 0.2508, -0.6882]. Recommendation = [0.0, 1.1104, 1.2275], Current Cost = 5185.00, Rho = 1.000
(iter 10) [0.0, 1.3712, 1.8428] = 456.0218, sampling [1.0, 1.6605, 1.4873]. Recommendation = [0.0, 1.1104, 1.2275], Current Cost = 5186.00, Rho = 1.000
(iter 10) [0.0, 1.3712, 1.8428] = 456.0218, sampling [1.0, -0.2437, 0.7752]. Recommendation = [0.0, 1.1104, 1.2275], Current Cost = 5187.00, Rho = 1.000
(iter 10) [0.0, 1.3712, 1.8428] = 456.0218, sampling [1.0, -1.5216, 1.6480]. Recommendation = [0.0, 1.1104, 1.2275], Current Cost = 5188.00, Rho = 1.000
(iter 10) [0.0, 1.3712, 1.8428] = 456.0218, sampling [1.0, -0.3035, -0.4448]. Recommendation = [0.0, 1.1104, 1.2275], Current Cost = 5189.00, Rho = 1.000
(iter 10) [0.0, 1.3712, 1.8428] = 456.0218, sampling [1.0, -1.2424, 1.8308]. Recommendation = [0.0, 1.1104, 1.2275], Current Cost = 5190.00, Rho = 1.000
(iter 10) [0.0, 1.3712, 1.8428] = 456.0218, sampling [1.0, -1.3889, 1.9177]. Recommendation = [0.0, 1.1104, 1.2275], Current Cost = 5191.00, Rho = 1.000
(iter 10) [0.0, 1.3712, 1.8428] = 456.0218, sampling [1.0, -1.3204, 1.8824]. Recommendation = [0.0, 1.1104, 1.2275], Current Cost = 5192.00, Rho = 1.000
(iter 10) [0.0, 1.3712, 1.8428] = 456.0218, sampling [1.0, -1.4926, 1.8708]. Recommendation = [0.0, 1.1104, 1.2275], Current Cost = 5193.00, Rho = 1.000
(iter 10) [0.0, 1.3712, 1.8428] = 456.0218, sampling [1.0, -1.3398, 1.6921]. Recommendation = [0.0, 1.1104, 1.2275], Current Cost = 5194.00, Rho = 1.000
(iter 10) [0.0, 1.3712, 1.8428] = 456.0218, sampling [1.0, -0.9401, 0.6087]. Recommendation = [0.0, 1.1104, 1.2275], Current Cost = 5195.00, Rho = 1.000
(iter 10) [0.0, 1.3712, 1.8428] = 456.0218, sampling [1.0, 0.1328, 0.7537]. Recommendation = [0.0, 1.1104, 1.2275], Current Cost = 5196.00, Rho = 1.000
(iter 10) [0.0, 1.3712, 1.8428] = 456.0218, sampling [1.0, -1.2243, 1.9469]. Recommendation = [0.0, 1.1104, 1.2275], Current Cost = 5197.00, Rho = 1.000
(iter 10) [0.0, 1.3712, 1.8428] = 456.0218, sampling [1.0, -1.5486, 1.9822]. Recommendation = [0.0, 1.1104, 1.2275], Current Cost = 5198.00, Rho = 1.000
(iter 10) [0.0, 1.3712, 1.8428] = 456.0218, sampling [1.0, 0.4966, -0.5986]. Recommendation = [0.0, 1.1104, 1.2275], Current Cost = 5199.00, Rho = 1.000
(iter 10) [0.0, 1.3712, 1.8428] = 456.0218, sampling [1.0, -0.1830, 0.4640]. Recommendation = [0.0, 1.1104, 1.2275], Current Cost = 5200.00, Rho = 1.000
(iter 10) [0.0, 1.3712, 1.8428] = 456.0218, sampling [1.0, 0.9757, 0.3416]. Recommendation = [0.0, 1.1104, 1.2275], Current Cost = 5201.00, Rho = 1.000
(iter 10) [0.0, 1.3712, 1.8428] = 456.0218, sampling [1.0, 0.8220, 0.1575]. Recommendation = [0.0, 1.1104, 1.2275], Current Cost = 5202.00, Rho = 1.000
(iter 10) [0.0, 1.3712, 1.8428] = 456.0218, sampling [1.0, -0.7040, -0.0272]. Recommendation = [0.0, 1.1104, 1.2275], Current Cost = 5203.00, Rho = 1.000
(iter 10) [0.0, 1.3712, 1.8428] = 456.0218, sampling [1.0, -1.6512, 1.8789]. Recommendation = [0.0, 1.1104, 1.2275], Current Cost = 5204.00, Rho = 1.000
(iter 10) [0.0, 1.3712, 1.8428] = 456.0218, sampling [1.0, -1.0876, 0.9813]. Recommendation = [0.0, 1.1104, 1.2275], Current Cost = 5205.00, Rho = 1.000
(iter 10) [0.0, 1.3712, 1.8428] = 456.0218, sampling [1.0, -0.6105, -0.2202]. Recommendation = [0.0, 1.1104, 1.2275], Current Cost = 5206.00, Rho = 1.000
(iter 10) [0.0, 1.3712, 1.8428] = 456.0218, sampling [1.0, -0.7851, 1.3350]. Recommendation = [0.0, 1.1104, 1.2275], Current Cost = 5207.00, Rho = 1.000
(iter 10) [0.0, 1.3712, 1.8428] = 456.0218, sampling [1.0, -1.1128, 1.8249]. Recommendation = [0.0, 1.1104, 1.2275], Current Cost = 5208.00, Rho = 1.000
(iter 10) [0.0, 1.3712, 1.8428] = 456.0218, sampling [1.0, -0.0886, -0.6603]. Recommendation = [0.0, 1.1104, 1.2275], Current Cost = 5209.00, Rho = 1.000
(iter 10) [0.0, 1.3712, 1.8428] = 456.0218, sampling [1.0, 1.0854, 1.7803]. Recommendation = [0.0, 1.1104, 1.2275], Current Cost = 5210.00, Rho = 1.000
(iter 10) [0.0, 1.3712, 1.8428] = 456.0218, sampling [1.0, -0.9199, 1.2958]. Recommendation = [0.0, 1.1104, 1.2275], Current Cost = 5211.00, Rho = 1.000
(iter 10) [0.0, 1.3712, 1.8428] = 456.0218, sampling [1.0, -0.3110, 0.5815]. Recommendation = [0.0, 1.1104, 1.2275], Current Cost = 5212.00, Rho = 1.000
(iter 10) [0.0, 1.3712, 1.8428] = 456.0218, sampling [1.0, -1.1086, 0.4594]. Recommendation = [0.0, 1.1104, 1.2275], Current Cost = 5213.00, Rho = 1.000
(iter 10) [0.0, 1.3712, 1.8428] = 456.0218, sampling [1.0, -0.4098, 0.8193]. Recommendation = [0.0, 1.1104, 1.2275], Current Cost = 5214.00, Rho = 1.000
(iter 10) [0.0, 1.3712, 1.8428] = 456.0218, sampling [1.0, -0.3958, -0.2641]. Recommendation = [0.0, 1.1104, 1.2275], Current Cost = 5215.00, Rho = 1.000
(iter 10) [0.0, 1.3712, 1.8428] = 456.0218, sampling [1.0, 1.3848, 1.1085]. Recommendation = [0.0, 1.1104, 1.2275], Current Cost = 5216.00, Rho = 1.000
(iter 10) [0.0, 1.3712, 1.8428] = 456.0218, sampling [1.0, -1.2569, 0.8283]. Recommendation = [0.0, 1.1104, 1.2275], Current Cost = 5217.00, Rho = 1.000
(iter 10) [0.0, 1.3712, 1.8428] = 456.0218, sampling [1.0, -1.2995, 1.1520]. Recommendation = [0.0, 1.1104, 1.2275], Current Cost = 5218.00, Rho = 1.000
(iter 10) [0.0, 1.3712, 1.8428] = 456.0218, sampling [1.0, 0.5215, 1.1037]. Recommendation = [0.0, 1.1104, 1.2275], Current Cost = 5219.00, Rho = 1.000
(iter 10) [0.0, 1.3712, 1.8428] = 456.0218, sampling [1.0, -0.8337, 0.8666]. Recommendation = [0.0, 1.1104, 1.2275], Current Cost = 5220.00, Rho = 1.000
(iter 10) [0.0, 1.3712, 1.8428] = 456.0218, sampling [1.0, 0.8779, 1.5834]. Recommendation = [0.0, 1.1104, 1.2275], Current Cost = 5221.00, Rho = 1.000
(iter 10) [0.0, 1.3712, 1.8428] = 456.0218, sampling [1.0, -0.1922, -0.5200]. Recommendation = [0.0, 1.1104, 1.2275], Current Cost = 5222.00, Rho = 1.000
(iter 10) [0.0, 1.3712, 1.8428] = 456.0218, sampling [1.0, 0.1068, -0.7808]. Recommendation = [0.0, 1.1104, 1.2275], Current Cost = 5223.00, Rho = 1.000
(iter 10) [0.0, 1.3712, 1.8428] = 456.0218, sampling [1.0, 0.4771, 1.9941]. Recommendation = [0.0, 1.1104, 1.2275], Current Cost = 5224.00, Rho = 1.000
(iter 10) [0.0, 1.3712, 1.8428] = 456.0218, sampling [1.0, -0.8012, 1.2342]. Recommendation = [0.0, 1.1104, 1.2275], Current Cost = 5225.00, Rho = 1.000
(iter 10) [0.0, 1.3712, 1.8428] = 456.0218, sampling [1.0, -0.6995, -0.1256]. Recommendation = [0.0, 1.1104, 1.2275], Current Cost = 5226.00, Rho = 1.000
(iter 10) [0.0, 1.3712, 1.8428] = 456.0218, sampling [1.0, -1.0357, 1.5568]. Recommendation = [0.0, 1.1104, 1.2275], Current Cost = 5227.00, Rho = 1.000
(iter 10) [0.0, 1.3712, 1.8428] = 456.0218, sampling [1.0, 0.8287, 1.3104]. Recommendation = [0.0, 1.1104, 1.2275], Current Cost = 5228.00, Rho = 1.000
(iter 10) [0.0, 1.3712, 1.8428] = 456.0218, sampling [1.0, 0.6805, 1.2147]. Recommendation = [0.0, 1.1104, 1.2275], Current Cost = 5229.00, Rho = 1.000
(iter 10) [0.0, 1.3712, 1.8428] = 456.0218, sampling [1.0, 0.9187, 0.0730]. Recommendation = [0.0, 1.1104, 1.2275], Current Cost = 5230.00, Rho = 1.000
(iter 10) [0.0, 1.3712, 1.8428] = 456.0218, sampling [1.0, -0.5960, -0.4425]. Recommendation = [0.0, 1.1104, 1.2275], Current Cost = 5231.00, Rho = 1.000
(iter 10) [0.0, 1.3712, 1.8428] = 456.0218, sampling [1.0, 1.2367, 0.8786]. Recommendation = [0.0, 1.1104, 1.2275], Current Cost = 5232.00, Rho = 1.000
(iter 10) [0.0, 1.3712, 1.8428] = 456.0218, sampling [1.0, -1.7077, 1.3923]. Recommendation = [0.0, 1.1104, 1.2275], Current Cost = 5233.00, Rho = 1.000
(iter 10) [0.0, 1.3712, 1.8428] = 456.0218, sampling [1.0, -0.9203, 1.5983]. Recommendation = [0.0, 1.1104, 1.2275], Current Cost = 5234.00, Rho = 1.000
(iter 10) [0.0, 1.3712, 1.8428] = 456.0218, sampling [1.0, 1.0897, 0.6058]. Recommendation = [0.0, 1.1104, 1.2275], Current Cost = 5235.00, Rho = 1.000
(iter 10) [0.0, 1.3712, 1.8428] = 456.0218, sampling [1.0, -1.1603, 1.9334]. Recommendation = [0.0, 1.1104, 1.2275], Current Cost = 5236.00, Rho = 1.000
(iter 10) [0.0, 1.3712, 1.8428] = 456.0218, sampling [1.0, -0.0663, -0.5277]. Recommendation = [0.0, 1.1104, 1.2275], Current Cost = 5237.00, Rho = 1.000
(iter 10) [0.0, 1.3712, 1.8428] = 456.0218, sampling [1.0, -0.9962, 0.2899]. Recommendation = [0.0, 1.1104, 1.2275], Current Cost = 5238.00, Rho = 1.000
(iter 10) [0.0, 1.3712, 1.8428] = 456.0218, sampling [1.0, 1.2263, 0.5065]. Recommendation = [0.0, 1.1104, 1.2275], Current Cost = 5239.00, Rho = 1.000
(iter 10) [0.0, 1.3712, 1.8428] = 456.0218, sampling [1.0, -0.9319, 1.4702]. Recommendation = [0.0, 1.1104, 1.2275], Current Cost = 5240.00, Rho = 1.000
(iter 10) [0.0, 1.3712, 1.8428] = 456.0218, sampling [1.0, 0.7025, -0.0640]. Recommendation = [0.0, 1.1104, 1.2275], Current Cost = 5241.00, Rho = 1.000
(iter 10) [0.0, 1.3712, 1.8428] = 456.0218, sampling [1.0, 0.1620, -0.2450]. Recommendation = [0.0, 1.1104, 1.2275], Current Cost = 5242.00, Rho = 1.000
(iter 10) [0.0, 1.3712, 1.8428] = 456.0218, sampling [1.0, -1.1315, 0.6966]. Recommendation = [0.0, 1.1104, 1.2275], Current Cost = 5243.00, Rho = 1.000
(iter 10) [0.0, 1.3712, 1.8428] = 456.0218, sampling [1.0, -0.3055, -0.5364]. Recommendation = [0.0, 1.1104, 1.2275], Current Cost = 5244.00, Rho = 1.000
(iter 10) [0.0, 1.3712, 1.8428] = 456.0218, sampling [1.0, 0.2672, 1.0837]. Recommendation = [0.0, 1.1104, 1.2275], Current Cost = 5245.00, Rho = 1.000
(iter 10) [0.0, 1.3712, 1.8428] = 456.0218, sampling [1.0, 0.5849, -0.4180]. Recommendation = [0.0, 1.1104, 1.2275], Current Cost = 5246.00, Rho = 1.000
(iter 10) [0.0, 1.3712, 1.8428] = 456.0218, sampling [1.0, 0.7957, 0.0337]. Recommendation = [0.0, 1.1104, 1.2275], Current Cost = 5247.00, Rho = 1.000
(iter 10) [0.0, 1.3712, 1.8428] = 456.0218, sampling [1.0, 0.9918, 0.2007]. Recommendation = [0.0, 1.1104, 1.2275], Current Cost = 5248.00, Rho = 1.000
(iter 10) [0.0, 1.3712, 1.8428] = 456.0218, sampling [1.0, 0.0746, -0.5227]. Recommendation = [0.0, 1.1104, 1.2275], Current Cost = 5249.00, Rho = 1.000
(iter 10) [0.0, 1.3712, 1.8428] = 456.0218, sampling [1.0, 0.8868, -0.6554]. Recommendation = [0.0, 1.1104, 1.2275], Current Cost = 5250.00, Rho = 1.000
(iter 10) [0.0, 1.3712, 1.8428] = 456.0218, sampling [1.0, -1.0551, 1.7903]. Recommendation = [0.0, 1.1104, 1.2275], Current Cost = 5251.00, Rho = 1.000
(iter 10) [0.0, 1.3712, 1.8428] = 456.0218, sampling [1.0, -0.2474, -0.7210]. Recommendation = [0.0, 1.1104, 1.2275], Current Cost = 5252.00, Rho = 1.000
(iter 10) [0.0, 1.3712, 1.8428] = 456.0218, sampling [1.0, -0.6926, -0.2892]. Recommendation = [0.0, 1.1104, 1.2275], Current Cost = 5253.00, Rho = 1.000
(iter 10) [0.0, 1.3712, 1.8428] = 456.0218, sampling [1.0, 0.5249, -0.3492]. Recommendation = [0.0, 1.1104, 1.2275], Current Cost = 5254.00, Rho = 1.000
(iter 10) [0.0, 1.3712, 1.8428] = 456.0218, sampling [1.0, -0.5827, 1.1309]. Recommendation = [0.0, 1.1104, 1.2275], Current Cost = 5255.00, Rho = 1.000
(iter 10) [0.0, 1.3712, 1.8428] = 456.0218, sampling [1.0, -1.2706, 1.5359]. Recommendation = [0.0, 1.1104, 1.2275], Current Cost = 5256.00, Rho = 1.000
(iter 10) [0.0, 1.3712, 1.8428] = 456.0218, sampling [1.0, -1.2043, 0.6347]. Recommendation = [0.0, 1.1104, 1.2275], Current Cost = 5257.00, Rho = 1.000
(iter 10) [0.0, 1.3712, 1.8428] = 456.0218, sampling [1.0, 0.0609, 0.7492]. Recommendation = [0.0, 1.1104, 1.2275], Current Cost = 5258.00, Rho = 1.000
(iter 10) [0.0, 1.3712, 1.8428] = 456.0218, sampling [1.0, -1.2839, 0.9782]. Recommendation = [0.0, 1.1104, 1.2275], Current Cost = 5259.00, Rho = 1.000
(iter 10) [0.0, 1.3712, 1.8428] = 456.0218, sampling [1.0, -0.1448, 0.9696]. Recommendation = [0.0, 1.1104, 1.2275], Current Cost = 5260.00, Rho = 1.000
(iter 10) [0.0, 1.3712, 1.8428] = 456.0218, sampling [1.0, 0.5129, 0.9976]. Recommendation = [0.0, 1.1104, 1.2275], Current Cost = 5261.00, Rho = 1.000
(iter 10) [0.0, 1.3712, 1.8428] = 456.0218, sampling [1.0, 1.3401, 0.9328]. Recommendation = [0.0, 1.1104, 1.2275], Current Cost = 5262.00, Rho = 1.000
(iter 10) [0.0, 1.3712, 1.8428] = 456.0218, sampling [1.0, -0.6666, -0.1801]. Recommendation = [0.0, 1.1104, 1.2275], Current Cost = 5263.00, Rho = 1.000
(iter 10) [0.0, 1.3712, 1.8428] = 456.0218, sampling [1.0, -1.3329, 1.8921]. Recommendation = [0.0, 1.1104, 1.2275], Current Cost = 5264.00, Rho = 1.000
(iter 10) [0.0, 1.3712, 1.8428] = 456.0218, sampling [1.0, -0.5454, -0.6400]. Recommendation = [0.0, 1.1104, 1.2275], Current Cost = 5265.00, Rho = 1.000
(iter 10) [0.0, 1.3712, 1.8428] = 456.0218, sampling [1.0, -0.6434, 1.4933]. Recommendation = [0.0, 1.1104, 1.2275], Current Cost = 5266.00, Rho = 1.000
(iter 10) [0.0, 1.3712, 1.8428] = 456.0218, sampling [1.0, 0.0018, 0.5723]. Recommendation = [0.0, 1.1104, 1.2275], Current Cost = 5267.00, Rho = 1.000
(iter 10) [0.0, 1.3712, 1.8428] = 456.0218, sampling [1.0, -0.0431, -0.7572]. Recommendation = [0.0, 1.1104, 1.2275], Current Cost = 5268.00, Rho = 1.000
(iter 10) [0.0, 1.3712, 1.8428] = 456.0218, sampling [1.0, -0.9550, 0.0954]. Recommendation = [0.0, 1.1104, 1.2275], Current Cost = 5269.00, Rho = 1.000
(iter 10) [0.0, 1.3712, 1.8428] = 456.0218, sampling [1.0, 0.2859, -0.8709]. Recommendation = [0.0, 1.1104, 1.2275], Current Cost = 5270.00, Rho = 1.000
(iter 10) [0.0, 1.3712, 1.8428] = 456.0218, sampling [1.0, -0.2239, -0.6033]. Recommendation = [0.0, 1.1104, 1.2275], Current Cost = 5271.00, Rho = 1.000
(iter 10) [0.0, 1.3712, 1.8428] = 456.0218, sampling [1.0, -1.4712, 1.4772]. Recommendation = [0.0, 1.1104, 1.2275], Current Cost = 5272.00, Rho = 1.000
(iter 10) [0.0, 1.3712, 1.8428] = 456.0218, sampling [1.0, -1.0295, 0.3650]. Recommendation = [0.0, 1.1104, 1.2275], Current Cost = 5273.00, Rho = 1.000
(iter 10) [0.0, 1.3712, 1.8428] = 456.0218, sampling [1.0, -0.7578, -0.1498]. Recommendation = [0.0, 1.1104, 1.2275], Current Cost = 5274.00, Rho = 1.000
(iter 10) [0.0, 1.3712, 1.8428] = 456.0218, sampling [1.0, 0.3608, -0.7199]. Recommendation = [0.0, 1.1104, 1.2275], Current Cost = 5275.00, Rho = 1.000
(iter 10) [0.0, 1.3712, 1.8428] = 456.0218, sampling [1.0, 1.1339, 0.0600]. Recommendation = [0.0, 1.1104, 1.2275], Current Cost = 5276.00, Rho = 1.000
(iter 10) [0.0, 1.3712, 1.8428] = 456.0218, sampling [1.0, 0.6710, 1.4239]. Recommendation = [0.0, 1.1104, 1.2275], Current Cost = 5277.00, Rho = 1.000
(iter 10) [0.0, 1.3712, 1.8428] = 456.0218, sampling [1.0, 1.0389, 1.7480]. Recommendation = [0.0, 1.1104, 1.2275], Current Cost = 5278.00, Rho = 1.000
(iter 10) [0.0, 1.3712, 1.8428] = 456.0218, sampling [1.0, -0.2861, 0.8879]. Recommendation = [0.0, 1.1104, 1.2275], Current Cost = 5279.00, Rho = 1.000
(iter 10) [0.0, 1.3712, 1.8428] = 456.0218, sampling [1.0, -0.8759, 1.5044]. Recommendation = [0.0, 1.1104, 1.2275], Current Cost = 5280.00, Rho = 1.000
(iter 10) [0.0, 1.3712, 1.8428] = 456.0218, sampling [1.0, -0.9355, 1.6799]. Recommendation = [0.0, 1.1104, 1.2275], Current Cost = 5281.00, Rho = 1.000
(iter 10) [0.0, 1.3712, 1.8428] = 456.0218, sampling [1.0, 1.6217, 0.8001]. Recommendation = [0.0, 1.1104, 1.2275], Current Cost = 5282.00, Rho = 1.000
(iter 10) [0.0, 1.3712, 1.8428] = 456.0218, sampling [1.0, -1.7950, 1.9868]. Recommendation = [0.0, 1.1104, 1.2275], Current Cost = 5283.00, Rho = 1.000
(iter 10) [0.0, 1.3712, 1.8428] = 456.0218, sampling [1.0, 0.4330, 1.0578]. Recommendation = [0.0, 1.1104, 1.2275], Current Cost = 5284.00, Rho = 1.000
(iter 10) [0.0, 1.3712, 1.8428] = 456.0218, sampling [1.0, -0.3861, -0.7854]. Recommendation = [0.0, 1.1104, 1.2275], Current Cost = 5285.00, Rho = 1.000
(iter 10) [0.0, 1.3712, 1.8428] = 456.0218, sampling [1.0, -1.0885, 1.7860]. Recommendation = [0.0, 1.1104, 1.2275], Current Cost = 5286.00, Rho = 1.000
(iter 10) [0.0, 1.3712, 1.8428] = 456.0218, sampling [1.0, 0.9064, 1.6984]. Recommendation = [0.0, 1.1104, 1.2275], Current Cost = 5287.00, Rho = 1.000
(iter 10) [0.0, 1.3712, 1.8428] = 456.0218, sampling [1.0, -0.0441, 0.8998]. Recommendation = [0.0, 1.1104, 1.2275], Current Cost = 5288.00, Rho = 1.000
(iter 10) [0.0, 1.3712, 1.8428] = 456.0218, sampling [1.0, -0.4701, 1.0738]. Recommendation = [0.0, 1.1104, 1.2275], Current Cost = 5289.00, Rho = 1.000
(iter 10) [0.0, 1.3712, 1.8428] = 456.0218, sampling [1.0, 1.2507, 0.7817]. Recommendation = [0.0, 1.1104, 1.2275], Current Cost = 5290.00, Rho = 1.000
(iter 10) [0.0, 1.3712, 1.8428] = 456.0218, sampling [1.0, 0.0680, -1.0747]. Recommendation = [0.0, 1.1104, 1.2275], Current Cost = 5291.00, Rho = 1.000
(iter 10) [0.0, 1.3712, 1.8428] = 456.0218, sampling [1.0, 1.0836, 0.7184]. Recommendation = [0.0, 1.1104, 1.2275], Current Cost = 5292.00, Rho = 1.000
(iter 10) [0.0, 1.3712, 1.8428] = 456.0218, sampling [1.0, -1.0377, 1.9987]. Recommendation = [0.0, 1.1104, 1.2275], Current Cost = 5293.00, Rho = 1.000
(iter 10) [0.0, 1.3712, 1.8428] = 456.0218, sampling [1.0, 1.7375, 1.9698]. Recommendation = [0.0, 1.1104, 1.2275], Current Cost = 5294.00, Rho = 1.000
(iter 10) [0.0, 1.3712, 1.8428] = 456.0218, sampling [1.0, -1.3578, 0.8812]. Recommendation = [0.0, 1.1104, 1.2275], Current Cost = 5295.00, Rho = 1.000
(iter 10) [0.0, 1.3712, 1.8428] = 456.0218, sampling [1.0, -0.6724, -0.3755]. Recommendation = [0.0, 1.1104, 1.2275], Current Cost = 5296.00, Rho = 1.000
(iter 10) [0.0, 1.3712, 1.8428] = 456.0218, sampling [1.0, 0.8484, -0.0896]. Recommendation = [0.0, 1.1104, 1.2275], Current Cost = 5297.00, Rho = 1.000
(iter 10) [0.0, 1.3712, 1.8428] = 456.0218, sampling [1.0, -0.0487, 1.2087]. Recommendation = [0.0, 1.1104, 1.2275], Current Cost = 5298.00, Rho = 1.000
(iter 10) [0.0, 1.3712, 1.8428] = 456.0218, sampling [1.0, 0.2165, -0.7043]. Recommendation = [0.0, 1.1104, 1.2275], Current Cost = 5299.00, Rho = 1.000
(iter 10) [0.0, 1.3712, 1.8428] = 456.0218, sampling [1.0, -0.6377, 1.3216]. Recommendation = [0.0, 1.1104, 1.2275], Current Cost = 5300.00, Rho = 1.000
(iter 10) [0.0, 1.3712, 1.8428] = 456.0218, sampling [1.0, 0.8086, -0.3633]. Recommendation = [0.0, 1.1104, 1.2275], Current Cost = 5301.00, Rho = 1.000
(iter 10) [0.0, 1.3712, 1.8428] = 456.0218, sampling [1.0, -1.1741, 0.7329]. Recommendation = [0.0, 1.1104, 1.2275], Current Cost = 5302.00, Rho = 1.000
(iter 10) [0.0, 1.3712, 1.8428] = 456.0218, sampling [1.0, 0.0236, -0.8234]. Recommendation = [0.0, 1.1104, 1.2275], Current Cost = 5303.00, Rho = 1.000
(iter 10) [0.0, 1.3712, 1.8428] = 456.0218, sampling [1.0, -0.3703, 0.8110]. Recommendation = [0.0, 1.1104, 1.2275], Current Cost = 5304.00, Rho = 1.000
(iter 10) [0.0, 1.3712, 1.8428] = 456.0218, sampling [1.0, -0.7972, -0.2285]. Recommendation = [0.0, 1.1104, 1.2275], Current Cost = 5305.00, Rho = 1.000
(iter 10) [0.0, 1.3712, 1.8428] = 456.0218, sampling [1.0, 1.6791, 1.7936]. Recommendation = [0.0, 1.1104, 1.2275], Current Cost = 5306.00, Rho = 1.000
(iter 10) [0.0, 1.3712, 1.8428] = 456.0218, sampling [1.0, 0.7081, 1.2570]. Recommendation = [0.0, 1.1104, 1.2275], Current Cost = 5307.00, Rho = 1.000
(iter 10) [0.0, 1.3712, 1.8428] = 456.0218, sampling [1.0, 1.1415, 0.4801]. Recommendation = [0.0, 1.1104, 1.2275], Current Cost = 5308.00, Rho = 1.000
(iter 10) [0.0, 1.3712, 1.8428] = 456.0218, sampling [1.0, 0.4446, -0.9913]. Recommendation = [0.0, 1.1104, 1.2275], Current Cost = 5309.00, Rho = 1.000
(iter 10) [0.0, 1.3712, 1.8428] = 456.0218, sampling [1.0, 1.4518, 1.3548]. Recommendation = [0.0, 1.1104, 1.2275], Current Cost = 5310.00, Rho = 1.000
(iter 10) [0.0, 1.3712, 1.8428] = 456.0218, sampling [1.0, -0.6549, -0.2093]. Recommendation = [0.0, 1.1104, 1.2275], Current Cost = 5311.00, Rho = 1.000
(iter 10) [0.0, 1.3712, 1.8428] = 456.0218, sampling [1.0, -0.7005, -0.4994]. Recommendation = [0.0, 1.1104, 1.2275], Current Cost = 5312.00, Rho = 1.000
(iter 10) [0.0, 1.3712, 1.8428] = 456.0218, sampling [0.0, 0.7722, 0.5663]. Recommendation = [0.0, 1.1104, 1.2275], Current Cost = 5313.00, Rho = 1.000
(iter 318) [0.0, 0.7722, 0.5663] = 456.1586, sampling [1.0, -1.1224, 0.6776]. Recommendation = [0.0, 1.1104, 1.2275], Current Cost = 6313.00, Rho = 1.000
(iter 318) [0.0, 0.7722, 0.5663] = 456.1586, sampling [1.0, -1.2017, 0.5400]. Recommendation = [0.0, 1.1104, 1.2275], Current Cost = 6314.00, Rho = 1.000
(iter 318) [0.0, 0.7722, 0.5663] = 456.1586, sampling [1.0, -0.2126, -0.8114]. Recommendation = [0.0, 1.1104, 1.2275], Current Cost = 6315.00, Rho = 1.000
(iter 318) [0.0, 0.7722, 0.5663] = 456.1586, sampling [1.0, -0.7895, 1.6398]. Recommendation = [0.0, 1.1104, 1.2275], Current Cost = 6316.00, Rho = 1.000
(iter 318) [0.0, 0.7722, 0.5663] = 456.1586, sampling [1.0, -0.2188, -0.5559]. Recommendation = [0.0, 1.1104, 1.2275], Current Cost = 6317.00, Rho = 1.000
(iter 318) [0.0, 0.7722, 0.5663] = 456.1586, sampling [1.0, 0.8164, 1.6148]. Recommendation = [0.0, 1.1104, 1.2275], Current Cost = 6318.00, Rho = 1.000
(iter 318) [0.0, 0.7722, 0.5663] = 456.1586, sampling [1.0, 0.2083, -0.8721]. Recommendation = [0.0, 1.1104, 1.2275], Current Cost = 6319.00, Rho = 1.000
(iter 318) [0.0, 0.7722, 0.5663] = 456.1586, sampling [1.0, -0.2732, -0.9984]. Recommendation = [0.0, 1.1104, 1.2275], Current Cost = 6320.00, Rho = 1.000
(iter 318) [0.0, 0.7722, 0.5663] = 456.1586, sampling [1.0, -0.6061, -0.8429]. Recommendation = [0.0, 1.1104, 1.2275], Current Cost = 6321.00, Rho = 1.000
(iter 318) [0.0, 0.7722, 0.5663] = 456.1586, sampling [0.0, -0.1164, -0.0388]. Recommendation = [0.0, 1.1104, 1.2275], Current Cost = 6322.00, Rho = 1.000
(iter 318) [0.0, 0.7722, 0.5663] = 456.1586, sampling [1.0, -1.1354, 0.2510]. Recommendation = [0.0, 1.1104, 1.2275], Current Cost = 7322.00, Rho = 1.000
(iter 318) [0.0, 0.7722, 0.5663] = 456.1586, sampling [1.0, -1.2950, 0.9318]. Recommendation = [0.0, 1.1104, 1.2275], Current Cost = 7323.00, Rho = 1.000
(iter 318) [0.0, 0.7722, 0.5663] = 456.1586, sampling [1.0, 0.4586, -0.8013]. Recommendation = [0.0, 1.1104, 1.2275], Current Cost = 7324.00, Rho = 1.000
(iter 318) [0.0, 0.7722, 0.5663] = 456.1586, sampling [1.0, -0.2666, 1.6848]. Recommendation = [0.0, 1.1104, 1.2275], Current Cost = 7325.00, Rho = 1.000
(iter 318) [0.0, 0.7722, 0.5663] = 456.1586, sampling [1.0, -1.4798, 0.6520]. Recommendation = [0.0, 1.1104, 1.2275], Current Cost = 7326.00, Rho = 1.000
(iter 318) [0.0, 0.7722, 0.5663] = 456.1586, sampling [1.0, -0.3664, 0.8603]. Recommendation = [0.0, 1.1104, 1.2275], Current Cost = 7327.00, Rho = 1.000
(iter 318) [0.0, 0.7722, 0.5663] = 456.1586, sampling [1.0, -0.0594, -0.9186]. Recommendation = [0.0, 1.1104, 1.2275], Current Cost = 7328.00, Rho = 1.000
(iter 318) [0.0, 0.7722, 0.5663] = 456.1586, sampling [1.0, -0.5880, -0.5595]. Recommendation = [0.0, 1.1104, 1.2275], Current Cost = 7329.00, Rho = 1.000
(iter 318) [0.0, 0.7722, 0.5663] = 456.1586, sampling [1.0, 0.3428, 1.2544]. Recommendation = [0.0, 1.1104, 1.2275], Current Cost = 7330.00, Rho = 1.000
(iter 318) [0.0, 0.7722, 0.5663] = 456.1586, sampling [1.0, 0.0957, -0.8544]. Recommendation = [0.0, 1.1104, 1.2275], Current Cost = 7331.00, Rho = 1.000
(iter 318) [0.0, 0.7722, 0.5663] = 456.1586, sampling [1.0, 0.6869, -1.4314]. Recommendation = [0.0, 1.1104, 1.2275], Current Cost = 7332.00, Rho = 1.000
(iter 318) [0.0, 0.7722, 0.5663] = 456.1586, sampling [1.0, 0.0123, 1.0476]. Recommendation = [0.0, 1.1104, 1.2275], Current Cost = 7333.00, Rho = 1.000
(iter 318) [0.0, 0.7722, 0.5663] = 456.1586, sampling [1.0, 0.4052, -0.6770]. Recommendation = [0.0, 1.1104, 1.2275], Current Cost = 7334.00, Rho = 1.000
(iter 318) [0.0, 0.7722, 0.5663] = 456.1586, sampling [1.0, -1.6816, 1.6412]. Recommendation = [0.0, 1.1104, 1.2275], Current Cost = 7335.00, Rho = 1.000
(iter 318) [0.0, 0.7722, 0.5663] = 456.1586, sampling [1.0, 0.9504, 1.8641]. Recommendation = [0.0, 1.1104, 1.2275], Current Cost = 7336.00, Rho = 1.000
(iter 318) [0.0, 0.7722, 0.5663] = 456.1586, sampling [1.0, -0.3187, 1.1333]. Recommendation = [0.0, 1.1104, 1.2275], Current Cost = 7337.00, Rho = 1.000
(iter 318) [0.0, 0.7722, 0.5663] = 456.1586, sampling [1.0, 0.6452, -0.6414]. Recommendation = [0.0, 1.1104, 1.2275], Current Cost = 7338.00, Rho = 1.000
(iter 318) [0.0, 0.7722, 0.5663] = 456.1586, sampling [1.0, 1.6185, 1.6022]. Recommendation = [0.0, 1.1104, 1.2275], Current Cost = 7339.00, Rho = 1.000
(iter 318) [0.0, 0.7722, 0.5663] = 456.1586, sampling [1.0, 1.5126, 1.3032]. Recommendation = [0.0, 1.1104, 1.2275], Current Cost = 7340.00, Rho = 1.000
(iter 318) [0.0, 0.7722, 0.5663] = 456.1586, sampling [1.0, -0.9788, 0.1407]. Recommendation = [0.0, 1.1104, 1.2275], Current Cost = 7341.00, Rho = 1.000
(iter 318) [0.0, 0.7722, 0.5663] = 456.1586, sampling [1.0, 0.9480, -0.1961]. Recommendation = [0.0, 1.1104, 1.2275], Current Cost = 7342.00, Rho = 1.000
(iter 318) [0.0, 0.7722, 0.5663] = 456.1586, sampling [1.0, -1.0030, 0.3186]. Recommendation = [0.0, 1.1104, 1.2275], Current Cost = 7343.00, Rho = 1.000
(iter 318) [0.0, 0.7722, 0.5663] = 456.1586, sampling [1.0, -0.8421, -0.3223]. Recommendation = [0.0, 1.1104, 1.2275], Current Cost = 7344.00, Rho = 1.000
(iter 318) [0.0, 0.7722, 0.5663] = 456.1586, sampling [0.0, 1.1104, 1.2275]. Recommendation = [0.0, 1.1104, 1.2275], Current Cost = 7345.00, Rho = 1.000
(iter 352) [0.0, 1.1104, 1.2275] = 456.2848, sampling [1.0, -0.7152, -0.1384]. Recommendation = [0.0, 0.8054, 0.7091], Current Cost = 8345.00, Rho = 1.000
(iter 352) [0.0, 1.1104, 1.2275] = 456.2848, sampling [0.0, 0.4173, -0.0042]. Recommendation = [0.0, 0.8054, 0.7091], Current Cost = 8346.00, Rho = 1.000
(iter 352) [0.0, 1.1104, 1.2275] = 456.2848, sampling [0.0, 0.8054, 0.7091]. Recommendation = [0.0, 0.8054, 0.7091], Current Cost = 9346.00, Rho = 1.000
(iter 352) [0.0, 1.1104, 1.2275] = 456.2848, sampling [0.0, -0.2907, 0.1323]. Recommendation = [0.0, 1.1104, 1.2275], Current Cost = 10346.00, Rho = 1.000
(iter 352) [0.0, 1.1104, 1.2275] = 456.2848, sampling [0.0, 0.7278, 0.6832]. Recommendation = [0.0, 1.1104, 1.2275], Current Cost = 11346.00, Rho = 1.000
(iter 352) [0.0, 1.1104, 1.2275] = 456.2848, sampling [0.0, 1.0527, 1.3780]. Recommendation = [0.0, 1.1104, 1.2275], Current Cost = 12346.00, Rho = 1.000
(iter 352) [0.0, 1.1104, 1.2275] = 456.2848, sampling [0.0, 0.2800, 0.3023]. Recommendation = [0.0, 1.1104, 1.2275], Current Cost = 13346.00, Rho = 1.000
(iter 352) [0.0, 1.1104, 1.2275] = 456.2848, sampling [0.0, -0.3734, 0.3559]. Recommendation = [0.0, 1.1104, 1.2275], Current Cost = 14346.00, Rho = 1.000
(iter 352) [0.0, 1.1104, 1.2275] = 456.2848, sampling [0.0, 0.8468, 0.5716]. Recommendation = [0.0, 1.1104, 1.2275], Current Cost = 15346.00, Rho = 1.000
(iter 352) [0.0, 1.1104, 1.2275] = 456.2848, sampling [0.0, 1.0401, 1.1887]. Recommendation = [0.0, 1.1104, 1.2275], Current Cost = 16346.00, Rho = 1.000
(iter 352) [0.0, 1.1104, 1.2275] = 456.2848, sampling [1.0, 1.0515, 0.1989]. Recommendation = [0.0, 1.1104, 1.2275], Current Cost = 17346.00, Rho = 1.000
(iter 352) [0.0, 1.1104, 1.2275] = 456.2848, sampling [1.0, 0.2441, -0.9544]. Recommendation = [0.0, 1.1104, 1.2275], Current Cost = 17347.00, Rho = 1.000
(iter 352) [0.0, 1.1104, 1.2275] = 456.2848, sampling [0.0, 0.7603, 0.7696]. Recommendation = [0.0, 1.1104, 1.2275], Current Cost = 17348.00, Rho = 1.000
(iter 352) [0.0, 1.1104, 1.2275] = 456.2848, sampling [1.0, -1.6551, 1.9226]. Recommendation = [0.0, 1.1104, 1.2275], Current Cost = 18348.00, Rho = 1.000
(iter 352) [0.0, 1.1104, 1.2275] = 456.2848, sampling [0.0, -0.1986, -0.0213]. Recommendation = [0.0, 1.1104, 1.2275], Current Cost = 18349.00, Rho = 1.000
(iter 352) [0.0, 1.1104, 1.2275] = 456.2848, sampling [0.0, 0.7498, 0.5883]. Recommendation = [0.0, 1.1104, 1.2275], Current Cost = 19349.00, Rho = 1.000
(iter 352) [0.0, 1.1104, 1.2275] = 456.2848, sampling [1.0, 0.7584, -0.4767]. Recommendation = [0.0, 1.1104, 1.2275], Current Cost = 20349.00, Rho = 1.000
(iter 352) [0.0, 1.1104, 1.2275] = 456.2848, sampling [0.0, 1.0443, 1.1370]. Recommendation = [0.0, 1.1104, 1.2275], Current Cost = 20350.00, Rho = 1.000
(iter 352) [0.0, 1.1104, 1.2275] = 456.2848, sampling [1.0, -0.9029, 1.7059]. Recommendation = [0.0, 1.1104, 1.2275], Current Cost = 21350.00, Rho = 1.000
(iter 352) [0.0, 1.1104, 1.2275] = 456.2848, sampling [1.0, -0.1715, -1.0854]. Recommendation = [0.0, 1.1104, 1.2275], Current Cost = 21351.00, Rho = 1.000
(iter 352) [0.0, 1.1104, 1.2275] = 456.2848, sampling [1.0, 0.5678, 1.5400]. Recommendation = [0.0, 1.1104, 1.2275], Current Cost = 21352.00, Rho = 1.000
(iter 352) [0.0, 1.1104, 1.2275] = 456.2848, sampling [1.0, 0.1118, 1.0869]. Recommendation = [0.0, 1.1104, 1.2275], Current Cost = 21353.00, Rho = 1.000
(iter 352) [0.0, 1.1104, 1.2275] = 456.2848, sampling [1.0, 1.2348, 0.3366]. Recommendation = [0.0, 1.1104, 1.2275], Current Cost = 21354.00, Rho = 1.000
(iter 352) [0.0, 1.1104, 1.2275] = 456.2848, sampling [1.0, -1.0158, 0.0079]. Recommendation = [0.0, 1.1104, 1.2275], Current Cost = 21355.00, Rho = 1.000
(iter 352) [0.0, 1.1104, 1.2275] = 456.2848, sampling [0.0, 0.0437, -0.3381]. Recommendation = [0.0, 1.1104, 1.2275], Current Cost = 21356.00, Rho = 1.000
(iter 352) [0.0, 1.1104, 1.2275] = 456.2848, sampling [1.0, 0.5105, 1.1229]. Recommendation = [0.0, 1.1104, 1.2275], Current Cost = 22356.00, Rho = 1.000
(iter 352) [0.0, 1.1104, 1.2275] = 456.2848, sampling [1.0, 0.8547, 1.7004]. Recommendation = [0.0, 1.1104, 1.2275], Current Cost = 22357.00, Rho = 1.000
(iter 352) [0.0, 1.1104, 1.2275] = 456.2848, sampling [1.0, -0.1246, 1.0712]. Recommendation = [0.0, 1.1104, 1.2275], Current Cost = 22358.00, Rho = 1.000
(iter 352) [0.0, 1.1104, 1.2275] = 456.2848, sampling [0.0, -0.1054, 0.0883]. Recommendation = [0.0, 1.1104, 1.2275], Current Cost = 22359.00, Rho = 1.000
(iter 352) [0.0, 1.1104, 1.2275] = 456.2848, sampling [1.0, -0.0275, 0.5477]. Recommendation = [0.0, 1.1104, 1.2275], Current Cost = 23359.00, Rho = 1.000
(iter 352) [0.0, 1.1104, 1.2275] = 456.2848, sampling [0.0, 0.5044, 0.1929]. Recommendation = [0.0, 1.1104, 1.2275], Current Cost = 23360.00, Rho = 1.000
(iter 352) [0.0, 1.1104, 1.2275] = 456.2848, sampling [0.0, 0.4645, 0.2923]. Recommendation = [0.0, 1.1104, 1.2275], Current Cost = 24360.00, Rho = 1.000
(iter 352) [0.0, 1.1104, 1.2275] = 456.2848, sampling [1.0, -0.8974, 1.8460]. Recommendation = [0.0, 1.1104, 1.2275], Current Cost = 25360.00, Rho = 1.000
(iter 352) [0.0, 1.1104, 1.2275] = 456.2848, sampling [1.0, -0.4279, -1.0304]. Recommendation = [0.0, 1.1104, 1.2275], Current Cost = 25361.00, Rho = 1.000
(iter 352) [0.0, 1.1104, 1.2275] = 456.2848, sampling [1.0, -1.4135, 0.9625]. Recommendation = [0.0, 1.1104, 1.2275], Current Cost = 25362.00, Rho = 1.000
(iter 352) [0.0, 1.1104, 1.2275] = 456.2848, sampling [1.0, -0.5555, 1.1157]. Recommendation = [0.0, 1.1104, 1.2275], Current Cost = 25363.00, Rho = 1.000
(iter 352) [0.0, 1.1104, 1.2275] = 456.2848, sampling [1.0, 1.8835, 1.8482]. Recommendation = [0.0, 1.1104, 1.2275], Current Cost = 25364.00, Rho = 1.000
(iter 352) [0.0, 1.1104, 1.2275] = 456.2848, sampling [0.0, 0.2781, 0.1293]. Recommendation = [0.0, 1.1104, 1.2275], Current Cost = 25365.00, Rho = 1.000
(iter 352) [0.0, 1.1104, 1.2275] = 456.2848, sampling [0.0, -0.0158, -0.0770]. Recommendation = [0.0, 1.1104, 1.2275], Current Cost = 26365.00, Rho = 1.000
(iter 352) [0.0, 1.1104, 1.2275] = 456.2848, sampling [0.0, 1.3241, 1.8558]. Recommendation = [0.0, 1.1104, 1.2275], Current Cost = 27365.00, Rho = 1.000
(iter 352) [0.0, 1.1104, 1.2275] = 456.2848, sampling [0.0, -1.3204, 1.8824]. Recommendation = [0.0, 1.1104, 1.2275], Current Cost = 28365.00, Rho = 1.000
(iter 352) [0.0, 1.1104, 1.2275] = 456.2848, sampling [1.0, -0.6694, 1.3731]. Recommendation = [0.0, 1.1104, 1.2275], Current Cost = 29365.00, Rho = 1.000
(iter 352) [0.0, 1.1104, 1.2275] = 456.2848, sampling [0.0, -1.0876, 0.9813]. Recommendation = [0.0, 1.1104, 1.2275], Current Cost = 29366.00, Rho = 1.000
(iter 352) [0.0, 1.1104, 1.2275] = 456.2848, sampling [1.0, -0.5010, 1.2367]. Recommendation = [0.0, 1.1104, 1.2275], Current Cost = 30366.00, Rho = 1.000
(iter 352) [0.0, 1.1104, 1.2275] = 456.2848, sampling [1.0, -1.3517, 1.0015]. Recommendation = [0.0, 1.1104, 1.2275], Current Cost = 30367.00, Rho = 1.000
(iter 352) [0.0, 1.1104, 1.2275] = 456.2848, sampling [1.0, -1.5758, 1.4617]. Recommendation = [0.0, 1.1104, 1.2275], Current Cost = 30368.00, Rho = 1.000
(iter 352) [0.0, 1.1104, 1.2275] = 456.2848, sampling [1.0, 0.5348, -0.6987]. Recommendation = [0.0, 1.1104, 1.2275], Current Cost = 30369.00, Rho = 1.000
(iter 352) [0.0, 1.1104, 1.2275] = 456.2848, sampling [0.0, -1.1832, 1.5302]. Recommendation = [0.0, 1.1104, 1.2275], Current Cost = 30370.00, Rho = 1.000
(iter 352) [0.0, 1.1104, 1.2275] = 456.2848, sampling [1.0, -0.8877, 1.6738]. Recommendation = [0.0, 1.1104, 1.2275], Current Cost = 31370.00, Rho = 1.000
(iter 352) [0.0, 1.1104, 1.2275] = 456.2848, sampling [0.0, -1.1699, 1.3145]. Recommendation = [0.0, 1.1104, 1.2275], Current Cost = 31371.00, Rho = 1.000
(iter 352) [0.0, 1.1104, 1.2275] = 456.2848, sampling [1.0, -1.0224, 1.9667]. Recommendation = [0.0, 1.1104, 1.2275], Current Cost = 32371.00, Rho = 1.000
(iter 352) [0.0, 1.1104, 1.2275] = 456.2848, sampling [1.0, 0.2027, 1.4024]. Recommendation = [0.0, 1.1104, 1.2275], Current Cost = 32372.00, Rho = 1.000
(iter 352) [0.0, 1.1104, 1.2275] = 456.2848, sampling [0.0, -0.5883, 0.6593]. Recommendation = [0.0, 1.1104, 1.2275], Current Cost = 32373.00, Rho = 1.000
(iter 352) [0.0, 1.1104, 1.2275] = 456.2848, sampling [1.0, -0.8814, -0.6878]. Recommendation = [0.0, 1.1104, 1.2275], Current Cost = 33373.00, Rho = 1.000
(iter 352) [0.0, 1.1104, 1.2275] = 456.2848, sampling [1.0, -1.5939, 1.2428]. Recommendation = [0.0, 1.1104, 1.2275], Current Cost = 33374.00, Rho = 1.000
(iter 352) [0.0, 1.1104, 1.2275] = 456.2848, sampling [1.0, -0.7220, -0.3940]. Recommendation = [0.0, 1.1104, 1.2275], Current Cost = 33375.00, Rho = 1.000
(iter 352) [0.0, 1.1104, 1.2275] = 456.2848, sampling [1.0, -0.8713, 1.4971]. Recommendation = [0.0, 1.1104, 1.2275], Current Cost = 33376.00, Rho = 1.000
(iter 352) [0.0, 1.1104, 1.2275] = 456.2848, sampling [1.0, -0.7441, 1.7748]. Recommendation = [0.0, 1.1104, 1.2275], Current Cost = 33377.00, Rho = 1.000
(iter 352) [0.0, 1.1104, 1.2275] = 456.2848, sampling [1.0, 1.4544, -0.2847]. Recommendation = [0.0, 1.1104, 1.2275], Current Cost = 33378.00, Rho = 1.000
(iter 352) [0.0, 1.1104, 1.2275] = 456.2848, sampling [1.0, -0.4157, 1.3841]. Recommendation = [0.0, 1.1104, 1.2275], Current Cost = 33379.00, Rho = 1.000
(iter 352) [0.0, 1.1104, 1.2275] = 456.2848, sampling [0.0, 0.7325, 0.7454]. Recommendation = [0.0, 1.1104, 1.2275], Current Cost = 33380.00, Rho = 1.000
(iter 352) [0.0, 1.1104, 1.2275] = 456.2848, sampling [1.0, 0.5811, -0.4354]. Recommendation = [0.0, 1.1104, 1.2275], Current Cost = 34380.00, Rho = 1.000
(iter 352) [0.0, 1.1104, 1.2275] = 456.2848, sampling [0.0, 0.2521, 0.1504]. Recommendation = [0.0, 1.1104, 1.2275], Current Cost = 34381.00, Rho = 1.000
(iter 352) [0.0, 1.1104, 1.2275] = 456.2848, sampling [1.0, -0.2258, -0.7274]. Recommendation = [0.0, 1.1104, 1.2275], Current Cost = 35381.00, Rho = 1.000
(iter 352) [0.0, 1.1104, 1.2275] = 456.2848, sampling [0.0, 1.0288, 1.0198]. Recommendation = [0.0, 1.1104, 1.2275], Current Cost = 35382.00, Rho = 1.000
(iter 352) [0.0, 1.1104, 1.2275] = 456.2848, sampling [0.0, 0.8412, 0.8041]. Recommendation = [0.0, 1.1104, 1.2275], Current Cost = 36382.00, Rho = 1.000
(iter 352) [0.0, 1.1104, 1.2275] = 456.2848, sampling [0.0, -1.3192, 1.6580]. Recommendation = [0.0, 1.1104, 1.2275], Current Cost = 37382.00, Rho = 1.000
(iter 352) [0.0, 1.1104, 1.2275] = 456.2848, sampling [0.0, -1.3075, 1.4548]. Recommendation = [0.0, 1.1104, 1.2275], Current Cost = 38382.00, Rho = 1.000
(iter 352) [0.0, 1.1104, 1.2275] = 456.2848, sampling [0.0, -1.0590, 1.4161]. Recommendation = [0.0, 1.1104, 1.2275], Current Cost = 39382.00, Rho = 1.000
(iter 352) [0.0, 1.1104, 1.2275] = 456.2848, sampling [1.0, -1.2155, 0.4756]. Recommendation = [0.0, 1.1104, 1.2275], Current Cost = 40382.00, Rho = 1.000
(iter 352) [0.0, 1.1104, 1.2275] = 456.2848, sampling [1.0, -1.8289, 1.7679]. Recommendation = [0.0, 1.1104, 1.2275], Current Cost = 40383.00, Rho = 1.000
(iter 352) [0.0, 1.1104, 1.2275] = 456.2848, sampling [1.0, 0.7786, 1.9045]. Recommendation = [0.0, 1.1104, 1.2275], Current Cost = 40384.00, Rho = 1.000
(iter 352) [0.0, 1.1104, 1.2275] = 456.2848, sampling [0.0, 0.8152, 0.9076]. Recommendation = [0.0, 1.1104, 1.2275], Current Cost = 40385.00, Rho = 1.000
(iter 352) [0.0, 1.1104, 1.2275] = 456.2848, sampling [0.0, 0.2302, 0.2083]. Recommendation = [0.0, 1.1104, 1.2275], Current Cost = 41385.00, Rho = 1.000
(iter 352) [0.0, 1.1104, 1.2275] = 456.2848, sampling [0.0, 1.2068, 1.1185]. Recommendation = [0.0, 1.1104, 1.2275], Current Cost = 42385.00, Rho = 1.000
(iter 352) [0.0, 1.1104, 1.2275] = 456.2848, sampling [1.0, -0.0545, -1.3370]. Recommendation = [0.0, 1.1104, 1.2275], Current Cost = 43385.00, Rho = 1.000
(iter 352) [0.0, 1.1104, 1.2275] = 456.2848, sampling [1.0, 0.3293, -1.1628]. Recommendation = [0.0, 1.1104, 1.2275], Current Cost = 43386.00, Rho = 1.000
(iter 352) [0.0, 1.1104, 1.2275] = 456.2848, sampling [0.0, -1.2338, 1.1793]. Recommendation = [0.0, 1.1104, 1.2275], Current Cost = 43387.00, Rho = 1.000
(iter 352) [0.0, 1.1104, 1.2275] = 456.2848, sampling [0.0, -1.2424, 1.8308]. Recommendation = [0.0, 1.1104, 1.2275], Current Cost = 44387.00, Rho = 1.000
(iter 352) [0.0, 1.1104, 1.2275] = 456.2848, sampling [0.0, -0.1724, 0.2559]. Recommendation = [0.0, 1.1104, 1.2275], Current Cost = 45387.00, Rho = 1.000
(iter 352) [0.0, 1.1104, 1.2275] = 456.2848, sampling [1.0, -0.2060, 1.3057]. Recommendation = [0.0, 1.1104, 1.2275], Current Cost = 46387.00, Rho = 1.000
(iter 352) [0.0, 1.1104, 1.2275] = 456.2848, sampling [0.0, -0.4034, 0.2690]. Recommendation = [0.0, 1.1104, 1.2275], Current Cost = 46388.00, Rho = 1.000
(iter 352) [0.0, 1.1104, 1.2275] = 456.2848, sampling [0.0, -0.3408, 0.1206]. Recommendation = [0.0, 1.1104, 1.2275], Current Cost = 47388.00, Rho = 1.000
(iter 352) [0.0, 1.1104, 1.2275] = 456.2848, sampling [0.0, -0.2304, -0.0539]. Recommendation = [0.0, 1.1104, 1.2275], Current Cost = 48388.00, Rho = 1.000
(iter 352) [0.0, 1.1104, 1.2275] = 456.2848, sampling [1.0, -0.6152, -0.6291]. Recommendation = [0.0, 1.1104, 1.2275], Current Cost = 49388.00, Rho = 1.000
(iter 352) [0.0, 1.1104, 1.2275] = 456.2848, sampling [0.0, -0.9445, 0.6406]. Recommendation = [0.0, 1.1104, 1.2275], Current Cost = 49389.00, Rho = 1.000
(iter 352) [0.0, 1.1104, 1.2275] = 456.2848, sampling [0.0, 0.9103, 0.8526]. Recommendation = [0.0, 1.1104, 1.2275], Current Cost = 50389.00, Rho = 1.000
(iter 352) [0.0, 1.1104, 1.2275] = 456.2848, sampling [0.0, 0.9236, 0.7981]. Recommendation = [0.0, 1.1104, 1.2275], Current Cost = 51389.00, Rho = 1.000
(iter 352) [0.0, 1.1104, 1.2275] = 456.2848, sampling [0.0, 0.9808, 0.9235]. Recommendation = [0.0, 1.1104, 1.2275], Current Cost = 52389.00, Rho = 1.000
(iter 352) [0.0, 1.1104, 1.2275] = 456.2848, sampling [0.0, -0.4190, 0.2219]. Recommendation = [0.0, 1.1104, 1.2275], Current Cost = 53389.00, Rho = 1.000
(iter 352) [0.0, 1.1104, 1.2275] = 456.2848, sampling [1.0, -0.9623, 0.0558]. Recommendation = [0.0, 1.1104, 1.2275], Current Cost = 54389.00, Rho = 1.000
(iter 352) [0.0, 1.1104, 1.2275] = 456.2848, sampling [0.0, 0.7202, 0.4032]. Recommendation = [0.0, 1.1104, 1.2275], Current Cost = 54390.00, Rho = 1.000
(iter 352) [0.0, 1.1104, 1.2275] = 456.2848, sampling [0.0, 0.6563, 0.4894]. Recommendation = [0.0, 1.1104, 1.2275], Current Cost = 55390.00, Rho = 1.000
(iter 352) [0.0, 1.1104, 1.2275] = 456.2848, sampling [0.0, 0.5030, 0.3452]. Recommendation = [0.0, 1.1104, 1.2275], Current Cost = 56390.00, Rho = 1.000
(iter 352) [0.0, 1.1104, 1.2275] = 456.2848, sampling [0.0, 0.4543, 0.4089]. Recommendation = [0.0, 1.1104, 1.2275], Current Cost = 57390.00, Rho = 1.000
(iter 352) [0.0, 1.1104, 1.2275] = 456.2848, sampling [0.0, 0.5566, 0.2325]. Recommendation = [0.0, 1.1104, 1.2275], Current Cost = 58390.00, Rho = 1.000
(iter 352) [0.0, 1.1104, 1.2275] = 456.2848, sampling [0.0, 0.5953, 0.3500]. Recommendation = [0.0, 1.1104, 1.2275], Current Cost = 59390.00, Rho = 1.000
(iter 352) [0.0, 1.1104, 1.2275] = 456.2848, sampling [1.0, 0.2627, -0.6942]. Recommendation = [0.0, 1.1104, 1.2275], Current Cost = 60390.00, Rho = 1.000
(iter 352) [0.0, 1.1104, 1.2275] = 456.2848, sampling [1.0, 1.4571, 1.0058]. Recommendation = [0.0, 1.1104, 1.2275], Current Cost = 60391.00, Rho = 1.000
(iter 352) [0.0, 1.1104, 1.2275] = 456.2848, sampling [0.0, -0.4825, 0.3770]. Recommendation = [0.0, 1.1104, 1.2275], Current Cost = 60392.00, Rho = 1.000
(iter 352) [0.0, 1.1104, 1.2275] = 456.2848, sampling [0.0, -0.3821, 0.4390]. Recommendation = [0.0, 1.1104, 1.2275], Current Cost = 61392.00, Rho = 1.000
(iter 352) [0.0, 1.1104, 1.2275] = 456.2848, sampling [1.0, 0.6557, -0.8277]. Recommendation = [0.0, 1.1104, 1.2275], Current Cost = 62392.00, Rho = 1.000
(iter 352) [0.0, 1.1104, 1.2275] = 456.2848, sampling [0.0, -1.0495, 0.8574]. Recommendation = [0.0, 1.1104, 1.2275], Current Cost = 62393.00, Rho = 1.000
(iter 352) [0.0, 1.1104, 1.2275] = 456.2848, sampling [1.0, -1.0194, 0.1096]. Recommendation = [0.0, 1.1104, 1.2275], Current Cost = 63393.00, Rho = 1.000
(iter 352) [0.0, 1.1104, 1.2275] = 456.2848, sampling [0.0, 0.2723, 0.0384]. Recommendation = [0.0, 1.1104, 1.2275], Current Cost = 63394.00, Rho = 1.000
(iter 352) [0.0, 1.1104, 1.2275] = 456.2848, sampling [0.0, 0.2895, -0.0001]. Recommendation = [0.0, 1.1104, 1.2275], Current Cost = 64394.00, Rho = 1.000
(iter 352) [0.0, 1.1104, 1.2275] = 456.2848, sampling [0.0, 0.3706, -0.0359]. Recommendation = [0.0, 1.1104, 1.2275], Current Cost = 65394.00, Rho = 1.000
(iter 352) [0.0, 1.1104, 1.2275] = 456.2848, sampling [0.0, -0.0771, 0.1130]. Recommendation = [0.0, 1.1104, 1.2275], Current Cost = 66394.00, Rho = 1.000
(iter 352) [0.0, 1.1104, 1.2275] = 456.2848, sampling [0.0, 0.0517, -0.0589]. Recommendation = [0.0, 1.1104, 1.2275], Current Cost = 67394.00, Rho = 1.000
(iter 352) [0.0, 1.1104, 1.2275] = 456.2848, sampling [0.0, 0.9799, 1.1656]. Recommendation = [0.0, 1.1104, 1.2275], Current Cost = 68394.00, Rho = 1.000
(iter 352) [0.0, 1.1104, 1.2275] = 456.2848, sampling [1.0, 0.3110, 1.1449]. Recommendation = [0.0, 1.1104, 1.2275], Current Cost = 69394.00, Rho = 1.000
(iter 352) [0.0, 1.1104, 1.2275] = 456.2848, sampling [1.0, 0.6771, 1.7217]. Recommendation = [0.0, 1.1104, 1.2275], Current Cost = 69395.00, Rho = 1.000
(iter 352) [0.0, 1.1104, 1.2275] = 456.2848, sampling [1.0, -0.8535, -0.2414]. Recommendation = [0.0, 1.1104, 1.2275], Current Cost = 69396.00, Rho = 1.000
(iter 352) [0.0, 1.1104, 1.2275] = 456.2848, sampling [0.0, 0.1817, 0.0238]. Recommendation = [0.0, 1.1104, 1.2275], Current Cost = 69397.00, Rho = 1.000
(iter 352) [0.0, 1.1104, 1.2275] = 456.2848, sampling [0.0, 0.0864, 0.0697]. Recommendation = [0.0, 1.1104, 1.2275], Current Cost = 70397.00, Rho = 1.000
(iter 352) [0.0, 1.1104, 1.2275] = 456.2848, sampling [0.0, 0.0064, 0.0973]. Recommendation = [0.0, 1.1104, 1.2275], Current Cost = 71397.00, Rho = 1.000
(iter 352) [0.0, 1.1104, 1.2275] = 456.2848, sampling [0.0, -0.0698, 0.1603]. Recommendation = [0.0, 1.1104, 1.2275], Current Cost = 72397.00, Rho = 1.000
(iter 352) [0.0, 1.1104, 1.2275] = 456.2848, sampling [1.0, 0.5418, -0.6154]. Recommendation = [0.0, 1.1104, 1.2275], Current Cost = 73397.00, Rho = 1.000
(iter 352) [0.0, 1.1104, 1.2275] = 456.2848, sampling [0.0, -0.8078, 0.9921]. Recommendation = [0.0, 1.1104, 1.2275], Current Cost = 73398.00, Rho = 1.000
(iter 352) [0.0, 1.1104, 1.2275] = 456.2848, sampling [1.0, -0.0071, -1.1775]. Recommendation = [0.0, 1.1104, 1.2275], Current Cost = 74398.00, Rho = 1.000
(iter 352) [0.0, 1.1104, 1.2275] = 456.2848, sampling [0.0, -1.3889, 1.9177]. Recommendation = [0.0, 1.1104, 1.2275], Current Cost = 74399.00, Rho = 1.000
(iter 352) [0.0, 1.1104, 1.2275] = 456.2848, sampling [0.0, 0.3182, 0.4794]. Recommendation = [0.0, 1.1104, 1.2275], Current Cost = 75399.00, Rho = 1.000
(iter 352) [0.0, 1.1104, 1.2275] = 456.2848, sampling [1.0, -0.5616, 1.9417]. Recommendation = [0.0, 1.1104, 1.2275], Current Cost = 76399.00, Rho = 1.000
(iter 352) [0.0, 1.1104, 1.2275] = 456.2848, sampling [0.0, 0.7670, 0.7799]. Recommendation = [0.0, 1.1104, 1.2275], Current Cost = 76400.00, Rho = 1.000
(iter 352) [0.0, 1.1104, 1.2275] = 456.2848, sampling [1.0, -0.4369, 1.0881]. Recommendation = [0.0, 1.1104, 1.2275], Current Cost = 77400.00, Rho = 1.000
(iter 352) [0.0, 1.1104, 1.2275] = 456.2848, sampling [0.0, -1.2745, 1.5532]. Recommendation = [0.0, 1.1104, 1.2275], Current Cost = 77401.00, Rho = 1.000
(iter 352) [0.0, 1.1104, 1.2275] = 456.2848, sampling [0.0, -0.5084, 0.4041]. Recommendation = [0.0, 1.1104, 1.2275], Current Cost = 78401.00, Rho = 1.000
(iter 352) [0.0, 1.1104, 1.2275] = 456.2848, sampling [0.0, -0.7245, 0.2250]. Recommendation = [0.0, 1.1104, 1.2275], Current Cost = 79401.00, Rho = 1.000
(iter 352) [0.0, 1.1104, 1.2275] = 456.2848, sampling [0.0, -0.5178, 0.3338]. Recommendation = [0.0, 1.1104, 1.2275], Current Cost = 80401.00, Rho = 1.000
(iter 352) [0.0, 1.1104, 1.2275] = 456.2848, sampling [0.0, -0.8246, 0.4926]. Recommendation = [0.0, 1.1104, 1.2275], Current Cost = 81401.00, Rho = 1.000
(iter 352) [0.0, 1.1104, 1.2275] = 456.2848, sampling [0.0, -0.6168, 0.5136]. Recommendation = [0.0, 1.1104, 1.2275], Current Cost = 82401.00, Rho = 1.000
(iter 352) [0.0, 1.1104, 1.2275] = 456.2848, sampling [0.0, -0.6823, 0.3960]. Recommendation = [0.0, 1.1104, 1.2275], Current Cost = 83401.00, Rho = 1.000
(iter 352) [0.0, 1.1104, 1.2275] = 456.2848, sampling [0.0, 1.0986, 1.4563]. Recommendation = [0.0, 1.1104, 1.2275], Current Cost = 84401.00, Rho = 1.000
(iter 352) [0.0, 1.1104, 1.2275] = 456.2848, sampling [1.0, 0.8953, -0.1449]. Recommendation = [0.0, 1.1104, 1.2275], Current Cost = 85401.00, Rho = 1.000
(iter 352) [0.0, 1.1104, 1.2275] = 456.2848, sampling [0.0, 0.9523, 0.6927]. Recommendation = [0.0, 1.1104, 1.2275], Current Cost = 85402.00, Rho = 1.000
(iter 352) [0.0, 1.1104, 1.2275] = 456.2848, sampling [0.0, -0.3216, -0.0125]. Recommendation = [0.0, 1.1104, 1.2275], Current Cost = 86402.00, Rho = 1.000
(iter 352) [0.0, 1.1104, 1.2275] = 456.2848, sampling [0.0, -0.3765, 0.0256]. Recommendation = [0.0, 1.1104, 1.2275], Current Cost = 87402.00, Rho = 1.000
(iter 352) [0.0, 1.1104, 1.2275] = 456.2848, sampling [0.0, -0.4885, 0.1552]. Recommendation = [0.0, 1.1104, 1.2275], Current Cost = 88402.00, Rho = 1.000
(iter 352) [0.0, 1.1104, 1.2275] = 456.2848, sampling [0.0, -0.4957, 0.1051]. Recommendation = [0.0, 1.1104, 1.2275], Current Cost = 89402.00, Rho = 1.000
(iter 352) [0.0, 1.1104, 1.2275] = 456.2848, sampling [0.0, -0.4547, 0.0449]. Recommendation = [0.0, 1.1104, 1.2275], Current Cost = 90402.00, Rho = 1.000
(iter 352) [0.0, 1.1104, 1.2275] = 456.2848, sampling [1.0, -0.5335, -0.6686]. Recommendation = [0.0, 1.1104, 1.2275], Current Cost = 91402.00, Rho = 1.000
(iter 352) [0.0, 1.1104, 1.2275] = 456.2848, sampling [1.0, -0.2800, -1.1104]. Recommendation = [0.0, 1.1104, 1.2275], Current Cost = 91403.00, Rho = 1.000
(iter 352) [0.0, 1.1104, 1.2275] = 456.2848, sampling [1.0, -1.2230, 0.3132]. Recommendation = [0.0, 1.1104, 1.2275], Current Cost = 91404.00, Rho = 1.000
(iter 352) [0.0, 1.1104, 1.2275] = 456.2848, sampling [0.0, 0.6238, 0.5968]. Recommendation = [0.0, 1.1104, 1.2275], Current Cost = 91405.00, Rho = 1.000
(iter 352) [0.0, 1.1104, 1.2275] = 456.2848, sampling [0.0, 1.0069, 1.3317]. Recommendation = [0.0, 1.1104, 1.2275], Current Cost = 92405.00, Rho = 1.000
(iter 352) [0.0, 1.1104, 1.2275] = 456.2848, sampling [1.0, -1.9653, -1.2601]. Recommendation = [0.0, 1.1104, 1.2275], Current Cost = 93405.00, Rho = 1.000
(iter 352) [0.0, 1.1104, 1.2275] = 456.2848, sampling [1.0, -0.6763, -0.5789]. Recommendation = [0.0, 1.1104, 1.2275], Current Cost = 93406.00, Rho = 1.000
(iter 352) [0.0, 1.1104, 1.2275] = 456.2848, sampling [1.0, 0.1750, 1.2493]. Recommendation = [0.0, 1.1104, 1.2275], Current Cost = 93407.00, Rho = 1.000
(iter 352) [0.0, 1.1104, 1.2275] = 456.2848, sampling [1.0, 0.2413, -0.8662]. Recommendation = [0.0, 1.1104, 1.2275], Current Cost = 93408.00, Rho = 1.000
(iter 352) [0.0, 1.1104, 1.2275] = 456.2848, sampling [1.0, -0.2587, -1.3002]. Recommendation = [0.0, 1.1104, 1.2275], Current Cost = 93409.00, Rho = 1.000
(iter 352) [0.0, 1.1104, 1.2275] = 456.2848, sampling [0.0, 0.6642, 0.8735]. Recommendation = [0.0, 1.1104, 1.2275], Current Cost = 93410.00, Rho = 1.000
(iter 352) [0.0, 1.1104, 1.2275] = 456.2848, sampling [1.0, 0.9248, 1.8203]. Recommendation = [0.0, 1.1104, 1.2275], Current Cost = 94410.00, Rho = 1.000
(iter 352) [0.0, 1.1104, 1.2275] = 456.2848, sampling [0.0, 0.9382, 0.4356]. Recommendation = [0.0, 1.1104, 1.2275], Current Cost = 94411.00, Rho = 1.000
(iter 352) [0.0, 1.1104, 1.2275] = 456.2848, sampling [1.0, 0.1504, -1.3833]. Recommendation = [0.0, 1.1104, 1.2275], Current Cost = 95411.00, Rho = 1.000
(iter 352) [0.0, 1.1104, 1.2275] = 456.2848, sampling [0.0, -1.3398, 1.6921]. Recommendation = [0.0, 1.1104, 1.2275], Current Cost = 95412.00, Rho = 1.000
(iter 352) [0.0, 1.1104, 1.2275] = 456.2848, sampling [0.0, 0.4638, -0.1799]. Recommendation = [0.0, 1.1104, 1.2275], Current Cost = 96412.00, Rho = 1.000
(iter 352) [0.0, 1.1104, 1.2275] = 456.2848, sampling [0.0, 1.1790, 0.9402]. Recommendation = [0.0, 1.1104, 1.2275], Current Cost = 97412.00, Rho = 1.000
(iter 352) [0.0, 1.1104, 1.2275] = 456.2848, sampling [0.0, -0.7720, 0.6177]. Recommendation = [0.0, 1.1104, 1.2275], Current Cost = 98412.00, Rho = 1.000
(iter 352) [0.0, 1.1104, 1.2275] = 456.2848, sampling [0.0, -0.8500, 0.5264]. Recommendation = [0.0, 1.1104, 1.2275], Current Cost = 99412.00, Rho = 1.000
