(iter 20) MAPbClClI_THTO_0 = 39.2486, sampling MAPbClII_THTO_1. Recommendation = MAPbClClI_THTO_0, Current Cost = 410.00, Rho = 0.645
(iter 20) MAPbClClI_THTO_0 = 39.2486, sampling CsPbClII_THTO_1. Recommendation = MAPbClClI_THTO_0, Current Cost = 424.00, Rho = 0.645
(iter 20) MAPbClClI_THTO_0 = 39.2486, sampling MAPbClClCl_THTO_1. Recommendation = MAPbClClI_THTO_0, Current Cost = 438.00, Rho = 0.645
(iter 20) MAPbClClI_THTO_0 = 39.2486, sampling MAPbBrClI_THTO_1. Recommendation = MAPbClClI_THTO_0, Current Cost = 452.00, Rho = 0.645
(iter 20) MAPbClClI_THTO_0 = 39.2486, sampling MAPbBrBrI_THTO_1. Recommendation = MAPbClClI_THTO_0, Current Cost = 466.00, Rho = 0.645
(iter 20) MAPbClClI_THTO_0 = 39.2486, sampling MAPbBrBrBr_THTO_1. Recommendation = MAPbClClI_THTO_0, Current Cost = 480.00, Rho = 0.645
(iter 20) MAPbClClI_THTO_0 = 39.2486, sampling FAPbClClI_THTO_1. Recommendation = MAPbClClI_THTO_0, Current Cost = 494.00, Rho = 0.645
(iter 20) MAPbClClI_THTO_0 = 39.2486, sampling MAPbIII_THTO_1. Recommendation = MAPbClClI_THTO_0, Current Cost = 508.00, Rho = 0.645
(iter 20) MAPbClClI_THTO_0 = 39.2486, sampling FAPbIII_THTO_1. Recommendation = MAPbIII_THTO_0, Current Cost = 522.00, Rho = 0.645
(iter 20) MAPbClClI_THTO_0 = 39.2486, sampling CsPbClClI_THTO_1. Recommendation = MAPbIII_THTO_0, Current Cost = 536.00, Rho = 0.645
(iter 20) MAPbClClI_THTO_0 = 39.2486, sampling MAPbIII_THTO_0. Recommendation = MAPbIII_THTO_0, Current Cost = 550.00, Rho = 0.645
(iter 30) MAPbIII_THTO_0 = 41.7684, sampling MAPbBrBrCl_THTO_1. Recommendation = MAPbIII_THTO_0, Current Cost = 577.00, Rho = 0.645
(iter 30) MAPbIII_THTO_0 = 41.7684, sampling FAPbBrII_THTO_1. Recommendation = MAPbIII_THTO_0, Current Cost = 591.00, Rho = 0.645
(iter 30) MAPbIII_THTO_0 = 41.7684, sampling FAPbBrClI_THTO_1. Recommendation = MAPbIII_THTO_0, Current Cost = 605.00, Rho = 0.645
(iter 30) MAPbIII_THTO_0 = 41.7684, sampling CsPbIII_THTO_1. Recommendation = MAPbIII_THTO_0, Current Cost = 619.00, Rho = 0.645
(iter 30) MAPbIII_THTO_0 = 41.7684, sampling FAPbClII_THTO_1. Recommendation = MAPbIII_THTO_0, Current Cost = 633.00, Rho = 0.645
(iter 30) MAPbIII_THTO_0 = 41.7684, sampling CsPbBrII_THTO_1. Recommendation = MAPbIII_THTO_0, Current Cost = 647.00, Rho = 0.645
(iter 30) MAPbIII_THTO_0 = 41.7684, sampling FAPbClClCl_THTO_1. Recommendation = MAPbIII_THTO_0, Current Cost = 661.00, Rho = 0.645
(iter 30) MAPbIII_THTO_0 = 41.7684, sampling FAPbBrBrI_THTO_1. Recommendation = MAPbIII_THTO_0, Current Cost = 675.00, Rho = 0.645
(iter 30) MAPbIII_THTO_0 = 41.7684, sampling CsPbBrClI_THTO_1. Recommendation = MAPbIII_THTO_0, Current Cost = 689.00, Rho = 0.645
(iter 30) MAPbIII_THTO_0 = 41.7684, sampling FAPbBrBrCl_THTO_1. Recommendation = MAPbIII_THTO_0, Current Cost = 703.00, Rho = 0.645
(iter 30) MAPbIII_THTO_0 = 41.7684, sampling FAPbBrBrBr_THTO_1. Recommendation = MAPbIII_THTO_0, Current Cost = 717.00, Rho = 0.645
(iter 30) MAPbIII_THTO_0 = 41.7684, sampling CsPbClClCl_THTO_1. Recommendation = MAPbIII_THTO_0, Current Cost = 731.00, Rho = 0.645
(iter 30) MAPbIII_THTO_0 = 41.7684, sampling FAPbBrClCl_THTO_1. Recommendation = MAPbIII_THTO_0, Current Cost = 745.00, Rho = 0.645
(iter 30) MAPbIII_THTO_0 = 41.7684, sampling CsPbBrBrCl_THTO_1. Recommendation = MAPbIII_THTO_0, Current Cost = 759.00, Rho = 0.645
(iter 30) MAPbIII_THTO_0 = 41.7684, sampling CsPbBrBrI_THTO_1. Recommendation = MAPbIII_THTO_0, Current Cost = 773.00, Rho = 0.645
(iter 30) MAPbIII_THTO_0 = 41.7684, sampling CsPbBrClCl_THTO_1. Recommendation = MAPbIII_THTO_0, Current Cost = 787.00, Rho = 0.645
(iter 30) MAPbIII_THTO_0 = 41.7684, sampling CsPbBrBrBr_THTO_1. Recommendation = MAPbIII_THTO_0, Current Cost = 801.00, Rho = 0.645
(iter 30) MAPbIII_THTO_0 = 41.7684, sampling MAPbBrClI_THTO_0. Recommendation = MAPbIII_THTO_0, Current Cost = 815.00, Rho = 0.645
(iter 30) MAPbIII_THTO_0 = 41.7684, sampling MAPbIII_NMP_1. Recommendation = MAPbIII_THTO_0, Current Cost = 842.00, Rho = 0.645
(iter 30) MAPbIII_THTO_0 = 41.7684, sampling MAPbClII_NMP_1. Recommendation = MAPbIII_THTO_0, Current Cost = 856.00, Rho = 0.645
(iter 30) MAPbIII_THTO_0 = 41.7684, sampling MAPbBrII_NMP_0. Recommendation = MAPbIII_THTO_0, Current Cost = 870.00, Rho = 0.645
(iter 30) MAPbIII_THTO_0 = 41.7684, sampling MAPbClClI_NMP_1. Recommendation = MAPbIII_THTO_0, Current Cost = 897.00, Rho = 0.645
(iter 30) MAPbIII_THTO_0 = 41.7684, sampling FAPbIII_NMP_1. Recommendation = MAPbIII_THTO_0, Current Cost = 911.00, Rho = 0.645
(iter 30) MAPbIII_THTO_0 = 41.7684, sampling MAPbBrBrI_NMP_0. Recommendation = MAPbIII_THTO_0, Current Cost = 925.00, Rho = 0.645
(iter 30) MAPbIII_THTO_0 = 41.7684, sampling MAPbBrClI_NMP_0. Recommendation = MAPbIII_THTO_0, Current Cost = 952.00, Rho = 0.645
(iter 30) MAPbIII_THTO_0 = 41.7684, sampling MAPbBrBrBr_NMP_1. Recommendation = MAPbIII_THTO_0, Current Cost = 979.00, Rho = 0.645
(iter 30) MAPbIII_THTO_0 = 41.7684, sampling FAPbClII_NMP_1. Recommendation = MAPbIII_THTO_0, Current Cost = 993.00, Rho = 0.645
(iter 30) MAPbIII_THTO_0 = 41.7684, sampling MAPbBrBrCl_NMP_0. Recommendation = MAPbIII_THTO_0, Current Cost = 1007.00, Rho = 0.645
(iter 30) MAPbIII_THTO_0 = 41.7684, sampling CsPbIII_NMP_0. Recommendation = MAPbIII_THTO_0, Current Cost = 1034.00, Rho = 0.645
(iter 30) MAPbIII_THTO_0 = 41.7684, sampling MAPbBrClCl_NMP_0. Recommendation = MAPbIII_THTO_0, Current Cost = 1061.00, Rho = 0.645
(iter 30) MAPbIII_THTO_0 = 41.7684, sampling CsPbClII_NMP_0. Recommendation = MAPbIII_THTO_0, Current Cost = 1088.00, Rho = 0.645
(iter 30) MAPbIII_THTO_0 = 41.7684, sampling FAPbBrII_NMP_0. Recommendation = MAPbIII_THTO_0, Current Cost = 1115.00, Rho = 0.645
(iter 30) MAPbIII_THTO_0 = 41.7684, sampling CsPbClClI_NMP_0. Recommendation = MAPbIII_THTO_0, Current Cost = 1142.00, Rho = 0.645
(iter 30) MAPbIII_THTO_0 = 41.7684, sampling FAPbClClI_NMP_0. Recommendation = MAPbIII_THTO_0, Current Cost = 1169.00, Rho = 0.645
(iter 30) MAPbIII_THTO_0 = 41.7684, sampling CsPbBrII_NMP_0. Recommendation = MAPbIII_THTO_0, Current Cost = 1196.00, Rho = 0.645
(iter 30) MAPbIII_THTO_0 = 41.7684, sampling CsPbBrBrI_NMP_0. Recommendation = MAPbIII_THTO_0, Current Cost = 1223.00, Rho = 0.645
(iter 30) MAPbIII_THTO_0 = 41.7684, sampling CsPbBrClI_NMP_0. Recommendation = MAPbIII_THTO_0, Current Cost = 1250.00, Rho = 0.645
(iter 30) MAPbIII_THTO_0 = 41.7684, sampling FAPbBrBrI_NMP_0. Recommendation = MAPbIII_THTO_0, Current Cost = 1277.00, Rho = 0.645
(iter 30) MAPbIII_THTO_0 = 41.7684, sampling CsPbClClCl_NMP_0. Recommendation = MAPbIII_THTO_0, Current Cost = 1304.00, Rho = 0.645
(iter 30) MAPbIII_THTO_0 = 41.7684, sampling CsPbBrBrBr_NMP_0. Recommendation = MAPbIII_THTO_0, Current Cost = 1331.00, Rho = 0.645
(iter 30) MAPbIII_THTO_0 = 41.7684, sampling FAPbBrClI_NMP_0. Recommendation = MAPbIII_THTO_0, Current Cost = 1358.00, Rho = 0.645
(iter 30) MAPbIII_THTO_0 = 41.7684, sampling CsPbBrBrCl_NMP_0. Recommendation = MAPbIII_THTO_0, Current Cost = 1385.00, Rho = 0.645
(iter 30) MAPbIII_THTO_0 = 41.7684, sampling CsPbBrClCl_NMP_0. Recommendation = MAPbIII_THTO_0, Current Cost = 1412.00, Rho = 0.645
(iter 30) MAPbIII_THTO_0 = 41.7684, sampling FAPbBrBrBr_NMP_0. Recommendation = MAPbIII_THTO_0, Current Cost = 1439.00, Rho = 0.645
(iter 30) MAPbIII_THTO_0 = 41.7684, sampling FAPbBrBrCl_NMP_0. Recommendation = MAPbIII_THTO_0, Current Cost = 1466.00, Rho = 0.645
(iter 30) MAPbIII_THTO_0 = 41.7684, sampling FAPbBrClCl_NMP_0. Recommendation = MAPbIII_THTO_0, Current Cost = 1493.00, Rho = 0.645
(iter 30) MAPbIII_THTO_0 = 41.7684, sampling MAPbClII_THTO_0. Recommendation = MAPbIII_THTO_0, Current Cost = 1520.00, Rho = 0.645
(iter 30) MAPbIII_THTO_0 = 41.7684, sampling MAPbIII_DMF_0. Recommendation = MAPbIII_THTO_0, Current Cost = 1547.00, Rho = 0.645
(iter 30) MAPbIII_THTO_0 = 41.7684, sampling MAPbClII_DMF_0. Recommendation = MAPbIII_THTO_0, Current Cost = 1574.00, Rho = 0.645
(iter 30) MAPbIII_THTO_0 = 41.7684, sampling MAPbClClI_DMF_0. Recommendation = MAPbIII_THTO_0, Current Cost = 1601.00, Rho = 0.645
(iter 30) MAPbIII_THTO_0 = 41.7684, sampling MAPbBrII_DMF_0. Recommendation = MAPbIII_THTO_0, Current Cost = 1628.00, Rho = 0.645
(iter 30) MAPbIII_THTO_0 = 41.7684, sampling CsPbIII_DMF_0. Recommendation = MAPbIII_THTO_0, Current Cost = 1655.00, Rho = 0.645
(iter 30) MAPbIII_THTO_0 = 41.7684, sampling MAPbBrBrI_DMF_0. Recommendation = MAPbIII_THTO_0, Current Cost = 1682.00, Rho = 0.645
(iter 30) MAPbIII_THTO_0 = 41.7684, sampling MAPbBrClI_DMF_0. Recommendation = MAPbIII_THTO_0, Current Cost = 1709.00, Rho = 0.645
(iter 30) MAPbIII_THTO_0 = 41.7684, sampling CsPbClII_DMF_0. Recommendation = MAPbIII_THTO_0, Current Cost = 1736.00, Rho = 0.645
(iter 30) MAPbIII_THTO_0 = 41.7684, sampling MAPbBrBrBr_DMF_0. Recommendation = MAPbIII_THTO_0, Current Cost = 1763.00, Rho = 0.645
(iter 30) MAPbIII_THTO_0 = 41.7684, sampling CsPbBrII_DMF_0. Recommendation = MAPbIII_THTO_0, Current Cost = 1790.00, Rho = 0.645
(iter 30) MAPbIII_THTO_0 = 41.7684, sampling CsPbClClI_DMF_0. Recommendation = MAPbIII_THTO_0, Current Cost = 1817.00, Rho = 0.645
(iter 30) MAPbIII_THTO_0 = 41.7684, sampling FAPbIII_DMF_0. Recommendation = MAPbIII_THTO_0, Current Cost = 1844.00, Rho = 0.645
(iter 30) MAPbIII_THTO_0 = 41.7684, sampling MAPbClClCl_DMF_0. Recommendation = MAPbIII_THTO_0, Current Cost = 1871.00, Rho = 0.645
(iter 30) MAPbIII_THTO_0 = 41.7684, sampling CsPbBrBrI_DMF_0. Recommendation = MAPbIII_THTO_0, Current Cost = 1898.00, Rho = 0.645
(iter 30) MAPbIII_THTO_0 = 41.7684, sampling MAPbBrBrCl_DMF_0. Recommendation = MAPbIII_THTO_0, Current Cost = 1925.00, Rho = 0.645
(iter 30) MAPbIII_THTO_0 = 41.7684, sampling CsPbBrClI_DMF_0. Recommendation = MAPbIII_THTO_0, Current Cost = 1952.00, Rho = 0.645
(iter 30) MAPbIII_THTO_0 = 41.7684, sampling FAPbBrII_DMF_0. Recommendation = MAPbIII_THTO_0, Current Cost = 1979.00, Rho = 0.645
(iter 30) MAPbIII_THTO_0 = 41.7684, sampling FAPbClClI_DMF_0. Recommendation = MAPbIII_THTO_0, Current Cost = 2006.00, Rho = 0.645
(iter 30) MAPbIII_THTO_0 = 41.7684, sampling MAPbIII_MCR_0. Recommendation = MAPbIII_THTO_0, Current Cost = 2033.00, Rho = 0.645
(iter 30) MAPbIII_THTO_0 = 41.7684, sampling CsPbIII_THTO_0. Recommendation = MAPbIII_THTO_0, Current Cost = 2060.00, Rho = 0.645
(iter 30) MAPbIII_THTO_0 = 41.7684, sampling MAPbBrClCl_DMF_0. Recommendation = MAPbIII_THTO_0, Current Cost = 2087.00, Rho = 0.645
(iter 30) MAPbIII_THTO_0 = 41.7684, sampling CsPbBrBrBr_DMF_0. Recommendation = MAPbIII_THTO_0, Current Cost = 2114.00, Rho = 0.645
(iter 30) MAPbIII_THTO_0 = 41.7684, sampling CsPbClClCl_DMF_0. Recommendation = MAPbIII_THTO_0, Current Cost = 2141.00, Rho = 0.645
(iter 30) MAPbIII_THTO_0 = 41.7684, sampling CsPbBrBrCl_DMF_0. Recommendation = MAPbIII_THTO_0, Current Cost = 2168.00, Rho = 0.645
(iter 30) MAPbIII_THTO_0 = 41.7684, sampling FAPbBrBrI_DMF_0. Recommendation = MAPbIII_THTO_0, Current Cost = 2195.00, Rho = 0.645
(iter 30) MAPbIII_THTO_0 = 41.7684, sampling CsPbBrClCl_DMF_0. Recommendation = MAPbIII_THTO_0, Current Cost = 2222.00, Rho = 0.645
(iter 30) MAPbIII_THTO_0 = 41.7684, sampling FAPbBrClI_DMF_0. Recommendation = MAPbIII_THTO_0, Current Cost = 2249.00, Rho = 0.645
(iter 30) MAPbIII_THTO_0 = 41.7684, sampling FAPbBrBrBr_DMF_0. Recommendation = MAPbIII_THTO_0, Current Cost = 2276.00, Rho = 0.645
(iter 30) MAPbIII_THTO_0 = 41.7684, sampling MAPbClII_MCR_0. Recommendation = MAPbIII_THTO_0, Current Cost = 2303.00, Rho = 0.645
(iter 30) MAPbIII_THTO_0 = 41.7684, sampling FAPbClClCl_DMF_0. Recommendation = MAPbIII_THTO_0, Current Cost = 2330.00, Rho = 0.645
(iter 30) MAPbIII_THTO_0 = 41.7684, sampling FAPbBrBrCl_DMF_0. Recommendation = MAPbIII_THTO_0, Current Cost = 2357.00, Rho = 0.645
(iter 30) MAPbIII_THTO_0 = 41.7684, sampling FAPbBrClCl_DMF_0. Recommendation = MAPbIII_THTO_0, Current Cost = 2384.00, Rho = 0.645
(iter 30) MAPbIII_THTO_0 = 41.7684, sampling MAPbBrBrI_THTO_0. Recommendation = MAPbIII_THTO_0, Current Cost = 2411.00, Rho = 0.645
(iter 110) MAPbBrBrI_THTO_0 = 42.6589, sampling MAPbIII_ACE_0. Recommendation = MAPbBrBrI_THTO_0, Current Cost = 2438.00, Rho = 0.645
