(iter 20) MAPbBrClI_NMP_0 = 34.7461, sampling MAPbIII_NMP_1. Recommendation = MAPbBrClI_NMP_0, Current Cost = 410.00, Rho = 0.517
(iter 20) MAPbBrClI_NMP_0 = 34.7461, sampling MAPbBrII_NMP_1. Recommendation = MAPbBrClI_NMP_0, Current Cost = 424.00, Rho = 0.517
(iter 20) MAPbBrClI_NMP_0 = 34.7461, sampling CsPbIII_NMP_1. Recommendation = MAPbBrClI_NMP_0, Current Cost = 438.00, Rho = 0.517
(iter 20) MAPbBrClI_NMP_0 = 34.7461, sampling MAPbBrBrI_NMP_1. Recommendation = MAPbBrClI_NMP_0, Current Cost = 452.00, Rho = 0.517
(iter 20) MAPbBrClI_NMP_0 = 34.7461, sampling MAPbBrBrBr_NMP_1. Recommendation = MAPbBrClI_NMP_0, Current Cost = 466.00, Rho = 0.517
(iter 20) MAPbBrClI_NMP_0 = 34.7461, sampling MAPbBrBrCl_NMP_1. Recommendation = MAPbBrClI_NMP_0, Current Cost = 480.00, Rho = 0.517
(iter 20) MAPbBrClI_NMP_0 = 34.7461, sampling CsPbBrII_NMP_1. Recommendation = MAPbBrClI_NMP_0, Current Cost = 494.00, Rho = 0.517
(iter 20) MAPbBrClI_NMP_0 = 34.7461, sampling MAPbClClI_NMP_1. Recommendation = MAPbBrClI_NMP_0, Current Cost = 508.00, Rho = 0.517
(iter 20) MAPbBrClI_NMP_0 = 34.7461, sampling CsPbClII_NMP_1. Recommendation = MAPbBrClI_NMP_0, Current Cost = 522.00, Rho = 0.517
(iter 20) MAPbBrClI_NMP_0 = 34.7461, sampling FAPbIII_NMP_1. Recommendation = MAPbBrClI_NMP_0, Current Cost = 536.00, Rho = 0.517
(iter 20) MAPbBrClI_NMP_0 = 34.7461, sampling MAPbClClCl_NMP_1. Recommendation = MAPbBrClI_NMP_0, Current Cost = 550.00, Rho = 0.517
(iter 20) MAPbBrClI_NMP_0 = 34.7461, sampling MAPbBrClCl_NMP_1. Recommendation = MAPbBrClI_NMP_0, Current Cost = 564.00, Rho = 0.517
(iter 20) MAPbBrClI_NMP_0 = 34.7461, sampling MAPbBrBrI_NMP_0. Recommendation = MAPbBrClI_NMP_0, Current Cost = 578.00, Rho = 0.517
(iter 20) MAPbBrClI_NMP_0 = 34.7461, sampling MAPbIII_THTO_1. Recommendation = MAPbBrClI_NMP_0, Current Cost = 605.00, Rho = 0.517
(iter 20) MAPbBrClI_NMP_0 = 34.7461, sampling MAPbIII_THTO_0. Recommendation = MAPbBrClI_NMP_0, Current Cost = 619.00, Rho = 0.517
(iter 34) MAPbIII_THTO_0 = 41.7684, sampling CsPbIII_THTO_1. Recommendation = MAPbIII_THTO_0, Current Cost = 646.00, Rho = 0.517
(iter 34) MAPbIII_THTO_0 = 41.7684, sampling MAPbClII_THTO_1. Recommendation = MAPbIII_THTO_0, Current Cost = 660.00, Rho = 0.517
(iter 34) MAPbIII_THTO_0 = 41.7684, sampling MAPbBrII_THTO_1. Recommendation = MAPbIII_THTO_0, Current Cost = 674.00, Rho = 0.517
(iter 34) MAPbIII_THTO_0 = 41.7684, sampling CsPbClII_THTO_1. Recommendation = MAPbIII_THTO_0, Current Cost = 688.00, Rho = 0.517
(iter 34) MAPbIII_THTO_0 = 41.7684, sampling FAPbIII_THTO_1. Recommendation = MAPbIII_THTO_0, Current Cost = 702.00, Rho = 0.517
(iter 34) MAPbIII_THTO_0 = 41.7684, sampling MAPbBrBrI_THTO_1. Recommendation = MAPbIII_THTO_0, Current Cost = 716.00, Rho = 0.517
(iter 34) MAPbIII_THTO_0 = 41.7684, sampling CsPbBrII_THTO_1. Recommendation = MAPbIII_THTO_0, Current Cost = 730.00, Rho = 0.517
(iter 34) MAPbIII_THTO_0 = 41.7684, sampling MAPbClClI_THTO_0. Recommendation = MAPbIII_THTO_0, Current Cost = 744.00, Rho = 0.517
(iter 34) MAPbIII_THTO_0 = 41.7684, sampling MAPbBrClI_THTO_1. Recommendation = MAPbIII_THTO_0, Current Cost = 771.00, Rho = 0.517
(iter 34) MAPbIII_THTO_0 = 41.7684, sampling MAPbBrBrBr_THTO_1. Recommendation = MAPbIII_THTO_0, Current Cost = 785.00, Rho = 0.517
(iter 34) MAPbIII_THTO_0 = 41.7684, sampling FAPbClII_THTO_0. Recommendation = MAPbIII_THTO_0, Current Cost = 799.00, Rho = 0.517
(iter 34) MAPbIII_THTO_0 = 41.7684, sampling CsPbClClI_THTO_1. Recommendation = MAPbIII_THTO_0, Current Cost = 826.00, Rho = 0.517
(iter 34) MAPbIII_THTO_0 = 41.7684, sampling FAPbBrII_THTO_0. Recommendation = MAPbIII_THTO_0, Current Cost = 840.00, Rho = 0.517
(iter 34) MAPbIII_THTO_0 = 41.7684, sampling MAPbBrBrCl_THTO_0. Recommendation = MAPbIII_THTO_0, Current Cost = 867.00, Rho = 0.517
(iter 34) MAPbIII_THTO_0 = 41.7684, sampling MAPbBrClCl_THTO_0. Recommendation = MAPbIII_THTO_0, Current Cost = 894.00, Rho = 0.517
(iter 34) MAPbIII_THTO_0 = 41.7684, sampling CsPbBrBrI_THTO_0. Recommendation = MAPbIII_THTO_0, Current Cost = 921.00, Rho = 0.517
(iter 34) MAPbIII_THTO_0 = 41.7684, sampling FAPbBrBrI_THTO_1. Recommendation = MAPbIII_THTO_0, Current Cost = 948.00, Rho = 0.517
(iter 34) MAPbIII_THTO_0 = 41.7684, sampling CsPbBrClI_THTO_0. Recommendation = MAPbIII_THTO_0, Current Cost = 962.00, Rho = 0.517
(iter 34) MAPbIII_THTO_0 = 41.7684, sampling FAPbClClI_THTO_1. Recommendation = MAPbIII_THTO_0, Current Cost = 989.00, Rho = 0.517
(iter 34) MAPbIII_THTO_0 = 41.7684, sampling FAPbBrClI_THTO_1. Recommendation = MAPbIII_THTO_0, Current Cost = 1003.00, Rho = 0.517
(iter 34) MAPbIII_THTO_0 = 41.7684, sampling CsPbBrBrBr_THTO_1. Recommendation = MAPbIII_THTO_0, Current Cost = 1017.00, Rho = 0.517
(iter 34) MAPbIII_THTO_0 = 41.7684, sampling CsPbClClCl_THTO_1. Recommendation = MAPbIII_THTO_0, Current Cost = 1031.00, Rho = 0.517
(iter 34) MAPbIII_THTO_0 = 41.7684, sampling CsPbBrBrCl_THTO_1. Recommendation = MAPbIII_THTO_0, Current Cost = 1045.00, Rho = 0.517
(iter 34) MAPbIII_THTO_0 = 41.7684, sampling FAPbClClCl_THTO_1. Recommendation = MAPbIII_THTO_0, Current Cost = 1059.00, Rho = 0.517
(iter 34) MAPbIII_THTO_0 = 41.7684, sampling FAPbBrBrBr_THTO_0. Recommendation = MAPbIII_THTO_0, Current Cost = 1073.00, Rho = 0.517
(iter 34) MAPbIII_THTO_0 = 41.7684, sampling CsPbBrClCl_THTO_0. Recommendation = MAPbIII_THTO_0, Current Cost = 1100.00, Rho = 0.517
(iter 34) MAPbIII_THTO_0 = 41.7684, sampling FAPbBrClCl_THTO_1. Recommendation = MAPbIII_THTO_0, Current Cost = 1127.00, Rho = 0.517
(iter 34) MAPbIII_THTO_0 = 41.7684, sampling FAPbBrBrCl_THTO_1. Recommendation = MAPbIII_THTO_0, Current Cost = 1141.00, Rho = 0.517
(iter 34) MAPbIII_THTO_0 = 41.7684, sampling MAPbBrII_THTO_0. Recommendation = MAPbIII_THTO_0, Current Cost = 1155.00, Rho = 0.517
(iter 34) MAPbIII_THTO_0 = 41.7684, sampling MAPbBrClI_THTO_0. Recommendation = MAPbIII_THTO_0, Current Cost = 1182.00, Rho = 0.517
(iter 34) MAPbIII_THTO_0 = 41.7684, sampling MAPbClII_THTO_0. Recommendation = MAPbIII_THTO_0, Current Cost = 1209.00, Rho = 0.517
(iter 34) MAPbIII_THTO_0 = 41.7684, sampling CsPbIII_THTO_0. Recommendation = MAPbIII_THTO_0, Current Cost = 1236.00, Rho = 0.517
(iter 34) MAPbIII_THTO_0 = 41.7684, sampling FAPbClII_NMP_0. Recommendation = MAPbIII_THTO_0, Current Cost = 1263.00, Rho = 0.517
(iter 34) MAPbIII_THTO_0 = 41.7684, sampling MAPbBrBrI_THTO_0. Recommendation = MAPbIII_THTO_0, Current Cost = 1290.00, Rho = 0.517
(iter 68) MAPbBrBrI_THTO_0 = 42.6589, sampling MAPbBrII_DMF_0. Recommendation = MAPbBrBrI_THTO_0, Current Cost = 1317.00, Rho = 0.517
