(iter 20) CsPbIII_THTO_0 = 27.6262, sampling CsPbIII_NMP_1. Recommendation = CsPbIII_NMP_0, Current Cost = 150.00, Rho = 0.883
(iter 20) CsPbIII_THTO_0 = 27.6262, sampling CsPbClII_THTO_1. Recommendation = CsPbIII_THTO_0, Current Cost = 151.00, Rho = 0.883
(iter 20) CsPbIII_THTO_0 = 27.6262, sampling MAPbIII_THTO_1. Recommendation = CsPbIII_THTO_0, Current Cost = 152.00, Rho = 0.883
(iter 20) CsPbIII_THTO_0 = 27.6262, sampling CsPbBrClI_THTO_1. Recommendation = CsPbIII_THTO_0, Current Cost = 153.00, Rho = 0.883
(iter 20) CsPbIII_THTO_0 = 27.6262, sampling MAPbClII_THTO_1. Recommendation = CsPbIII_THTO_0, Current Cost = 154.00, Rho = 0.883
(iter 20) CsPbIII_THTO_0 = 27.6262, sampling MAPbBrII_THTO_1. Recommendation = MAPbClII_THTO_0, Current Cost = 155.00, Rho = 0.883
(iter 20) CsPbIII_THTO_0 = 27.6262, sampling MAPbClII_DMSO_1. Recommendation = MAPbClII_THTO_0, Current Cost = 156.00, Rho = 0.883
(iter 20) CsPbIII_THTO_0 = 27.6262, sampling CsPbBrII_THTO_1. Recommendation = MAPbClII_THTO_0, Current Cost = 157.00, Rho = 0.883
(iter 20) CsPbIII_THTO_0 = 27.6262, sampling MAPbClClI_THTO_1. Recommendation = MAPbClII_THTO_0, Current Cost = 158.00, Rho = 0.883
(iter 20) CsPbIII_THTO_0 = 27.6262, sampling MAPbClII_NMP_1. Recommendation = MAPbClII_THTO_0, Current Cost = 159.00, Rho = 0.883
(iter 20) CsPbIII_THTO_0 = 27.6262, sampling CsPbClClI_THTO_1. Recommendation = MAPbClII_THTO_0, Current Cost = 160.00, Rho = 0.883
(iter 20) CsPbIII_THTO_0 = 27.6262, sampling FAPbClII_THTO_1. Recommendation = MAPbClII_THTO_0, Current Cost = 161.00, Rho = 0.883
(iter 20) CsPbIII_THTO_0 = 27.6262, sampling FAPbIII_THTO_1. Recommendation = MAPbClII_THTO_0, Current Cost = 162.00, Rho = 0.883
(iter 20) CsPbIII_THTO_0 = 27.6262, sampling FAPbClClI_THTO_1. Recommendation = FAPbIII_THTO_0, Current Cost = 163.00, Rho = 0.883
(iter 20) CsPbIII_THTO_0 = 27.6262, sampling MAPbBrClI_THTO_1. Recommendation = FAPbIII_THTO_0, Current Cost = 164.00, Rho = 0.883
(iter 20) CsPbIII_THTO_0 = 27.6262, sampling FAPbBrII_THTO_1. Recommendation = FAPbIII_THTO_0, Current Cost = 165.00, Rho = 0.883
(iter 20) CsPbIII_THTO_0 = 27.6262, sampling MAPbIII_NMP_1. Recommendation = FAPbIII_THTO_0, Current Cost = 166.00, Rho = 0.883
(iter 20) CsPbIII_THTO_0 = 27.6262, sampling MAPbClII_THTO_0. Recommendation = FAPbIII_THTO_0, Current Cost = 167.00, Rho = 0.883
(iter 37) MAPbClII_THTO_0 = 27.8738, sampling FAPbIII_THTO_0. Recommendation = FAPbIII_THTO_0, Current Cost = 181.00, Rho = 0.883
(iter 37) MAPbClII_THTO_0 = 27.8738, sampling CsPbClII_NMP_1. Recommendation = MAPbClII_THTO_0, Current Cost = 195.00, Rho = 0.883
(iter 37) MAPbClII_THTO_0 = 27.8738, sampling MAPbClClI_NMP_1. Recommendation = MAPbClII_THTO_0, Current Cost = 196.00, Rho = 0.883
(iter 37) MAPbClII_THTO_0 = 27.8738, sampling CsPbClClI_NMP_1. Recommendation = MAPbClII_THTO_0, Current Cost = 197.00, Rho = 0.883
(iter 37) MAPbClII_THTO_0 = 27.8738, sampling MAPbBrBrBr_THTO_1. Recommendation = MAPbClII_THTO_0, Current Cost = 198.00, Rho = 0.883
(iter 37) MAPbClII_THTO_0 = 27.8738, sampling MAPbBrII_NMP_1. Recommendation = MAPbClII_THTO_0, Current Cost = 199.00, Rho = 0.883
(iter 37) MAPbClII_THTO_0 = 27.8738, sampling CsPbClII_DMSO_0. Recommendation = MAPbClII_THTO_0, Current Cost = 200.00, Rho = 0.883
(iter 37) MAPbClII_THTO_0 = 27.8738, sampling MAPbClClI_THTO_0. Recommendation = MAPbClII_THTO_0, Current Cost = 214.00, Rho = 0.883
(iter 45) MAPbClClI_THTO_0 = 28.3653, sampling MAPbClClCl_THTO_1. Recommendation = MAPbClClI_THTO_0, Current Cost = 228.00, Rho = 0.883
(iter 45) MAPbClClI_THTO_0 = 28.3653, sampling MAPbBrBrI_THTO_1. Recommendation = MAPbClClI_THTO_0, Current Cost = 229.00, Rho = 0.883
(iter 45) MAPbClClI_THTO_0 = 28.3653, sampling CsPbClClI_THTO_0. Recommendation = MAPbClClI_THTO_0, Current Cost = 230.00, Rho = 0.883
(iter 45) MAPbClClI_THTO_0 = 28.3653, sampling MAPbIII_DMSO_1. Recommendation = MAPbIII_NMP_0, Current Cost = 244.00, Rho = 0.883
(iter 45) MAPbClClI_THTO_0 = 28.3653, sampling CsPbClII_DMSO_1. Recommendation = MAPbIII_NMP_0, Current Cost = 245.00, Rho = 0.883
(iter 45) MAPbClClI_THTO_0 = 28.3653, sampling MAPbBrII_DMSO_1. Recommendation = MAPbIII_NMP_0, Current Cost = 246.00, Rho = 0.883
(iter 45) MAPbClClI_THTO_0 = 28.3653, sampling MAPbIII_NMP_0. Recommendation = MAPbIII_NMP_0, Current Cost = 247.00, Rho = 0.883
(iter 45) MAPbClClI_THTO_0 = 28.3653, sampling MAPbClClI_DMSO_1. Recommendation = MAPbClClI_THTO_0, Current Cost = 261.00, Rho = 0.883
(iter 45) MAPbClClI_THTO_0 = 28.3653, sampling MAPbClClCl_DMSO_1. Recommendation = MAPbClClI_THTO_0, Current Cost = 262.00, Rho = 0.883
(iter 45) MAPbClClI_THTO_0 = 28.3653, sampling MAPbIII_DMSO_0. Recommendation = MAPbClClI_THTO_0, Current Cost = 263.00, Rho = 0.883
(iter 45) MAPbClClI_THTO_0 = 28.3653, sampling MAPbBrClI_DMSO_1. Recommendation = MAPbClClI_THTO_0, Current Cost = 277.00, Rho = 0.883
(iter 45) MAPbClClI_THTO_0 = 28.3653, sampling MAPbBrClCl_DMSO_1. Recommendation = MAPbClClI_THTO_0, Current Cost = 278.00, Rho = 0.883
(iter 45) MAPbClClI_THTO_0 = 28.3653, sampling CsPbIII_DMSO_1. Recommendation = MAPbClClI_THTO_0, Current Cost = 279.00, Rho = 0.883
(iter 45) MAPbClClI_THTO_0 = 28.3653, sampling MAPbClII_DMSO_0. Recommendation = MAPbClClI_THTO_0, Current Cost = 280.00, Rho = 0.883
(iter 45) MAPbClClI_THTO_0 = 28.3653, sampling MAPbBrClCl_THTO_1. Recommendation = MAPbClClI_THTO_0, Current Cost = 294.00, Rho = 0.883
(iter 45) MAPbClClI_THTO_0 = 28.3653, sampling MAPbIII_DMF_1. Recommendation = MAPbClClI_THTO_0, Current Cost = 295.00, Rho = 0.883
(iter 45) MAPbClClI_THTO_0 = 28.3653, sampling MAPbIII_MCR_1. Recommendation = MAPbClClI_THTO_0, Current Cost = 296.00, Rho = 0.883
(iter 45) MAPbClClI_THTO_0 = 28.3653, sampling FAPbIII_DMSO_1. Recommendation = MAPbClClI_THTO_0, Current Cost = 297.00, Rho = 0.883
(iter 45) MAPbClClI_THTO_0 = 28.3653, sampling MAPbBrII_THTO_0. Recommendation = MAPbClClI_THTO_0, Current Cost = 298.00, Rho = 0.883
(iter 64) MAPbBrII_THTO_0 = 28.7835, sampling MAPbBrClCl_THTO_0. Recommendation = MAPbBrII_THTO_0, Current Cost = 312.00, Rho = 0.883
(iter 64) MAPbBrII_THTO_0 = 28.7835, sampling MAPbIII_THTO_0. Recommendation = MAPbBrII_THTO_0, Current Cost = 326.00, Rho = 0.883
(iter 66) MAPbIII_THTO_0 = 29.1326, sampling MAPbClII_MCR_1. Recommendation = MAPbIII_THTO_0, Current Cost = 340.00, Rho = 0.883
