(iter 20) CsPbClClCl_THTO_0 = 26.7657, sampling MAPbClClCl_THTO_1. Recommendation = CsPbClClCl_THTO_0, Current Cost = 150.00, Rho = 0.875
(iter 20) CsPbClClCl_THTO_0 = 26.7657, sampling MAPbClII_THTO_1. Recommendation = MAPbClClCl_THTO_0, Current Cost = 151.00, Rho = 0.875
(iter 20) CsPbClClCl_THTO_0 = 26.7657, sampling MAPbBrBrBr_THTO_1. Recommendation = MAPbClClCl_THTO_0, Current Cost = 152.00, Rho = 0.875
(iter 20) CsPbClClCl_THTO_0 = 26.7657, sampling MAPbClClI_THTO_1. Recommendation = MAPbClClCl_THTO_0, Current Cost = 153.00, Rho = 0.875
(iter 20) CsPbClClCl_THTO_0 = 26.7657, sampling MAPbBrBrCl_THTO_1. Recommendation = MAPbClClCl_THTO_0, Current Cost = 154.00, Rho = 0.875
(iter 20) CsPbClClCl_THTO_0 = 26.7657, sampling MAPbClClCl_THTO_0. Recommendation = MAPbClClCl_THTO_0, Current Cost = 155.00, Rho = 0.875
(iter 20) CsPbClClCl_THTO_0 = 26.7657, sampling FAPbClClCl_THTO_1. Recommendation = CsPbClClCl_THTO_0, Current Cost = 169.00, Rho = 0.875
(iter 20) CsPbClClCl_THTO_0 = 26.7657, sampling CsPbClClI_THTO_0. Recommendation = CsPbClClCl_THTO_0, Current Cost = 170.00, Rho = 0.875
(iter 20) CsPbClClCl_THTO_0 = 26.7657, sampling CsPbBrII_DMSO_1. Recommendation = CsPbClClCl_DMSO_0, Current Cost = 184.00, Rho = 0.875
(iter 20) CsPbClClCl_THTO_0 = 26.7657, sampling MAPbBrClI_THTO_1. Recommendation = CsPbClClCl_DMSO_0, Current Cost = 185.00, Rho = 0.875
(iter 20) CsPbClClCl_THTO_0 = 26.7657, sampling CsPbBrClCl_DMSO_0. Recommendation = CsPbClClCl_DMSO_0, Current Cost = 186.00, Rho = 0.875
(iter 20) CsPbClClCl_THTO_0 = 26.7657, sampling FAPbBrBrCl_THTO_0. Recommendation = FAPbClClCl_THTO_0, Current Cost = 200.00, Rho = 0.875
(iter 20) CsPbClClCl_THTO_0 = 26.7657, sampling FAPbClClCl_NMP_0. Recommendation = FAPbClClCl_THTO_0, Current Cost = 214.00, Rho = 0.875
(iter 20) CsPbClClCl_THTO_0 = 26.7657, sampling CsPbBrBrBr_NMP_0. Recommendation = FAPbClII_THTO_0, Current Cost = 228.00, Rho = 0.875
(iter 20) CsPbClClCl_THTO_0 = 26.7657, sampling FAPbClII_THTO_0. Recommendation = FAPbClII_THTO_0, Current Cost = 242.00, Rho = 0.875
(iter 20) CsPbClClCl_THTO_0 = 26.7657, sampling CsPbClII_THTO_0. Recommendation = CsPbClClCl_THTO_0, Current Cost = 256.00, Rho = 0.875
(iter 20) CsPbClClCl_THTO_0 = 26.7657, sampling FAPbClClCl_THTO_0. Recommendation = CsPbClClCl_THTO_0, Current Cost = 270.00, Rho = 0.875
(iter 20) CsPbClClCl_THTO_0 = 26.7657, sampling MAPbBrBrCl_NMP_1. Recommendation = MAPbBrBrCl_THTO_0, Current Cost = 284.00, Rho = 0.875
(iter 20) CsPbClClCl_THTO_0 = 26.7657, sampling FAPbClClCl_NMP_1. Recommendation = MAPbBrBrCl_THTO_0, Current Cost = 285.00, Rho = 0.875
(iter 20) CsPbClClCl_THTO_0 = 26.7657, sampling MAPbBrBrCl_DMSO_1. Recommendation = MAPbBrBrCl_NMP_0, Current Cost = 286.00, Rho = 0.875
(iter 20) CsPbClClCl_THTO_0 = 26.7657, sampling CsPbClClI_THTO_1. Recommendation = MAPbBrBrCl_DMSO_0, Current Cost = 287.00, Rho = 0.875
(iter 20) CsPbClClCl_THTO_0 = 26.7657, sampling CsPbBrBrCl_DMSO_1. Recommendation = MAPbBrBrCl_DMSO_0, Current Cost = 288.00, Rho = 0.875
(iter 20) CsPbClClCl_THTO_0 = 26.7657, sampling MAPbClClI_THTO_0. Recommendation = MAPbBrBrCl_DMSO_0, Current Cost = 289.00, Rho = 0.875
(iter 42) MAPbClClI_THTO_0 = 28.3653, sampling CsPbBrII_DMSO_0. Recommendation = MAPbBrBrCl_DMSO_0, Current Cost = 303.00, Rho = 0.875
(iter 42) MAPbClClI_THTO_0 = 28.3653, sampling MAPbBrBrI_DMSO_1. Recommendation = MAPbBrBrCl_DMSO_0, Current Cost = 317.00, Rho = 0.875
(iter 42) MAPbClClI_THTO_0 = 28.3653, sampling MAPbBrBrI_THTO_1. Recommendation = MAPbBrBrCl_DMSO_0, Current Cost = 318.00, Rho = 0.875
(iter 42) MAPbClClI_THTO_0 = 28.3653, sampling MAPbBrBrCl_DMSO_0. Recommendation = MAPbBrBrCl_DMSO_0, Current Cost = 319.00, Rho = 0.875
(iter 42) MAPbClClI_THTO_0 = 28.3653, sampling MAPbBrII_THTO_0. Recommendation = MAPbClClI_THTO_0, Current Cost = 333.00, Rho = 0.875
(iter 47) MAPbBrII_THTO_0 = 28.7835, sampling MAPbBrClCl_THTO_0. Recommendation = MAPbBrII_THTO_0, Current Cost = 347.00, Rho = 0.875
(iter 47) MAPbBrII_THTO_0 = 28.7835, sampling MAPbBrII_DMSO_0. Recommendation = MAPbBrII_THTO_0, Current Cost = 361.00, Rho = 0.875
(iter 47) MAPbBrII_THTO_0 = 28.7835, sampling MAPbBrClI_THTO_0. Recommendation = MAPbBrII_THTO_0, Current Cost = 375.00, Rho = 0.875
(iter 47) MAPbBrII_THTO_0 = 28.7835, sampling MAPbBrII_NMP_0. Recommendation = MAPbBrII_THTO_0, Current Cost = 389.00, Rho = 0.875
(iter 47) MAPbBrII_THTO_0 = 28.7835, sampling MAPbIII_THTO_0. Recommendation = MAPbBrII_THTO_0, Current Cost = 403.00, Rho = 0.875
(iter 52) MAPbIII_THTO_0 = 29.1326, sampling MAPbIII_NMP_0. Recommendation = MAPbIII_THTO_0, Current Cost = 417.00, Rho = 0.875
