(iter 10) [0.0, 1.2010, 0.5475] = 376.1852, sampling [1.0, 0.6676, 0.7037]. Recommendation = [0.0, 1.2010, 0.5475], Current Cost = 5005.00, Rho = 0.645
(iter 10) [0.0, 1.2010, 0.5475] = 376.1852, sampling [1.0, 0.9166, 0.8574]. Recommendation = [0.0, 0.6676, 0.7037], Current Cost = 5006.00, Rho = 0.645
(iter 10) [0.0, 1.2010, 0.5475] = 376.1852, sampling [1.0, 0.5850, 0.9998]. Recommendation = [0.0, 0.9166, 0.8574], Current Cost = 5007.00, Rho = 0.645
(iter 10) [0.0, 1.2010, 0.5475] = 376.1852, sampling [1.0, 0.3778, 0.5410]. Recommendation = [0.0, 0.9166, 0.8574], Current Cost = 5008.00, Rho = 0.645
(iter 10) [0.0, 1.2010, 0.5475] = 376.1852, sampling [1.0, 0.8384, 0.7109]. Recommendation = [0.0, 0.9166, 0.8574], Current Cost = 5009.00, Rho = 0.645
(iter 10) [0.0, 1.2010, 0.5475] = 376.1852, sampling [1.0, 0.7518, 0.4599]. Recommendation = [0.0, 0.8384, 0.7109], Current Cost = 5010.00, Rho = 0.645
(iter 10) [0.0, 1.2010, 0.5475] = 376.1852, sampling [1.0, 0.2519, 0.7503]. Recommendation = [0.0, 0.7688, 0.6603], Current Cost = 5011.00, Rho = 0.645
(iter 10) [0.0, 1.2010, 0.5475] = 376.1852, sampling [1.0, 0.4990, 0.7136]. Recommendation = [0.0, 0.8384, 0.7109], Current Cost = 5012.00, Rho = 0.645
(iter 10) [0.0, 1.2010, 0.5475] = 376.1852, sampling [1.0, -0.1845, 0.4504]. Recommendation = [0.0, 0.7688, 0.6603], Current Cost = 5013.00, Rho = 0.645
(iter 10) [0.0, 1.2010, 0.5475] = 376.1852, sampling [1.0, 0.2389, 0.3063]. Recommendation = [0.0, 0.8384, 0.7109], Current Cost = 5014.00, Rho = 0.645
(iter 10) [0.0, 1.2010, 0.5475] = 376.1852, sampling [1.0, 0.0881, 0.5882]. Recommendation = [0.0, 0.8384, 0.7109], Current Cost = 5015.00, Rho = 0.645
(iter 10) [0.0, 1.2010, 0.5475] = 376.1852, sampling [1.0, -0.1634, 0.1146]. Recommendation = [0.0, 0.8384, 0.7109], Current Cost = 5016.00, Rho = 0.645
(iter 10) [0.0, 1.2010, 0.5475] = 376.1852, sampling [1.0, 0.5620, 0.3544]. Recommendation = [0.0, 0.8384, 0.7109], Current Cost = 5017.00, Rho = 0.645
(iter 10) [0.0, 1.2010, 0.5475] = 376.1852, sampling [1.0, -0.6038, 0.1115]. Recommendation = [0.0, 0.8384, 0.7109], Current Cost = 5018.00, Rho = 0.645
(iter 10) [0.0, 1.2010, 0.5475] = 376.1852, sampling [1.0, -0.3709, -0.2309]. Recommendation = [0.0, 0.8384, 0.7109], Current Cost = 5019.00, Rho = 0.645
(iter 10) [0.0, 1.2010, 0.5475] = 376.1852, sampling [1.0, -0.4322, 0.0371]. Recommendation = [0.0, 0.8384, 0.7109], Current Cost = 5020.00, Rho = 0.645
(iter 10) [0.0, 1.2010, 0.5475] = 376.1852, sampling [1.0, 0.5534, 0.5525]. Recommendation = [0.0, 0.8384, 0.7109], Current Cost = 5021.00, Rho = 0.645
(iter 10) [0.0, 1.2010, 0.5475] = 376.1852, sampling [1.0, -0.4210, 0.5656]. Recommendation = [0.0, 0.8384, 0.7109], Current Cost = 5022.00, Rho = 0.645
(iter 10) [0.0, 1.2010, 0.5475] = 376.1852, sampling [1.0, 0.0217, -0.0122]. Recommendation = [0.0, 0.8384, 0.7109], Current Cost = 5023.00, Rho = 0.645
(iter 10) [0.0, 1.2010, 0.5475] = 376.1852, sampling [1.0, 0.7951, 0.8385]. Recommendation = [0.0, 0.8384, 0.7109], Current Cost = 5024.00, Rho = 0.645
(iter 10) [0.0, 1.2010, 0.5475] = 376.1852, sampling [1.0, -0.0236, 0.1795]. Recommendation = [0.0, 0.8384, 0.7109], Current Cost = 5025.00, Rho = 0.645
(iter 10) [0.0, 1.2010, 0.5475] = 376.1852, sampling [1.0, -0.1596, 0.8660]. Recommendation = [0.0, 0.8384, 0.7109], Current Cost = 5026.00, Rho = 0.645
(iter 10) [0.0, 1.2010, 0.5475] = 376.1852, sampling [1.0, 1.0827, 0.6733]. Recommendation = [0.0, 0.8384, 0.7109], Current Cost = 5027.00, Rho = 0.645
(iter 10) [0.0, 1.2010, 0.5475] = 376.1852, sampling [1.0, -0.7812, -0.2835]. Recommendation = [0.0, 0.8384, 0.7109], Current Cost = 5028.00, Rho = 0.645
(iter 10) [0.0, 1.2010, 0.5475] = 376.1852, sampling [1.0, -0.2287, 0.2516]. Recommendation = [0.0, 0.8384, 0.7109], Current Cost = 5029.00, Rho = 0.645
(iter 10) [0.0, 1.2010, 0.5475] = 376.1852, sampling [1.0, 0.4601, 0.1877]. Recommendation = [0.0, 0.8384, 0.7109], Current Cost = 5030.00, Rho = 0.645
(iter 10) [0.0, 1.2010, 0.5475] = 376.1852, sampling [1.0, 0.9917, 1.0155]. Recommendation = [0.0, 0.8384, 0.7109], Current Cost = 5031.00, Rho = 0.645
(iter 10) [0.0, 1.2010, 0.5475] = 376.1852, sampling [1.0, 0.8286, 1.0448]. Recommendation = [0.0, 0.8384, 0.7109], Current Cost = 5032.00, Rho = 0.645
(iter 10) [0.0, 1.2010, 0.5475] = 376.1852, sampling [1.0, 0.8571, 0.4272]. Recommendation = [0.0, 0.8384, 0.7109], Current Cost = 5033.00, Rho = 0.645
(iter 10) [0.0, 1.2010, 0.5475] = 376.1852, sampling [1.0, 1.0104, 0.9003]. Recommendation = [0.0, 0.8384, 0.7109], Current Cost = 5034.00, Rho = 0.645
(iter 10) [0.0, 1.2010, 0.5475] = 376.1852, sampling [1.0, 0.7688, 0.6603]. Recommendation = [0.0, 0.8384, 0.7109], Current Cost = 5035.00, Rho = 0.645
(iter 10) [0.0, 1.2010, 0.5475] = 376.1852, sampling [1.0, 0.2664, -0.0266]. Recommendation = [0.0, 0.8384, 0.7109], Current Cost = 5036.00, Rho = 0.645
(iter 10) [0.0, 1.2010, 0.5475] = 376.1852, sampling [1.0, -0.1219, -0.3147]. Recommendation = [0.0, 0.8384, 0.7109], Current Cost = 5037.00, Rho = 0.645
(iter 10) [0.0, 1.2010, 0.5475] = 376.1852, sampling [1.0, -0.2719, -0.1400]. Recommendation = [0.0, 0.8384, 0.7109], Current Cost = 5038.00, Rho = 0.645
(iter 10) [0.0, 1.2010, 0.5475] = 376.1852, sampling [1.0, 0.8073, 1.3169]. Recommendation = [0.0, 0.8384, 0.7109], Current Cost = 5039.00, Rho = 0.645
(iter 10) [0.0, 1.2010, 0.5475] = 376.1852, sampling [1.0, 1.2218, 0.8248]. Recommendation = [0.0, 0.8384, 0.7109], Current Cost = 5040.00, Rho = 0.645
(iter 10) [0.0, 1.2010, 0.5475] = 376.1852, sampling [1.0, 1.0742, 1.1545]. Recommendation = [0.0, 0.8384, 0.7109], Current Cost = 5041.00, Rho = 0.645
(iter 10) [0.0, 1.2010, 0.5475] = 376.1852, sampling [1.0, -0.6753, 0.5810]. Recommendation = [0.0, 0.8384, 0.7109], Current Cost = 5042.00, Rho = 0.645
(iter 10) [0.0, 1.2010, 0.5475] = 376.1852, sampling [1.0, -0.7179, 0.2599]. Recommendation = [0.0, 0.8384, 0.7109], Current Cost = 5043.00, Rho = 0.645
(iter 10) [0.0, 1.2010, 0.5475] = 376.1852, sampling [1.0, 0.7016, 0.8729]. Recommendation = [0.0, 0.8384, 0.7109], Current Cost = 5044.00, Rho = 0.645
(iter 10) [0.0, 1.2010, 0.5475] = 376.1852, sampling [1.0, 0.3554, 0.2340]. Recommendation = [0.0, 0.8384, 0.7109], Current Cost = 5045.00, Rho = 0.645
(iter 10) [0.0, 1.2010, 0.5475] = 376.1852, sampling [1.0, -0.5921, 1.0253]. Recommendation = [0.0, 0.8384, 0.7109], Current Cost = 5046.00, Rho = 0.645
(iter 10) [0.0, 1.2010, 0.5475] = 376.1852, sampling [1.0, -0.5714, 0.7287]. Recommendation = [0.0, 0.8384, 0.7109], Current Cost = 5047.00, Rho = 0.645
(iter 10) [0.0, 1.2010, 0.5475] = 376.1852, sampling [1.0, -0.2724, 0.6883]. Recommendation = [0.0, 0.8384, 0.7109], Current Cost = 5048.00, Rho = 0.645
(iter 10) [0.0, 1.2010, 0.5475] = 376.1852, sampling [1.0, 0.6625, 0.3829]. Recommendation = [0.0, 0.8384, 0.7109], Current Cost = 5049.00, Rho = 0.645
(iter 10) [0.0, 1.2010, 0.5475] = 376.1852, sampling [1.0, 0.7315, 0.5193]. Recommendation = [0.0, 0.8384, 0.7109], Current Cost = 5050.00, Rho = 0.645
(iter 10) [0.0, 1.2010, 0.5475] = 376.1852, sampling [1.0, 0.5384, 1.1973]. Recommendation = [0.0, 0.8384, 0.7109], Current Cost = 5051.00, Rho = 0.645
(iter 10) [0.0, 1.2010, 0.5475] = 376.1852, sampling [1.0, -0.3053, 0.0488]. Recommendation = [0.0, 0.8384, 0.7109], Current Cost = 5052.00, Rho = 0.645
(iter 10) [0.0, 1.2010, 0.5475] = 376.1852, sampling [1.0, -0.4587, -0.4105]. Recommendation = [0.0, 0.8384, 0.7109], Current Cost = 5053.00, Rho = 0.645
(iter 10) [0.0, 1.2010, 0.5475] = 376.1852, sampling [1.0, -0.6494, -0.0728]. Recommendation = [0.0, 0.8384, 0.7109], Current Cost = 5054.00, Rho = 0.645
(iter 10) [0.0, 1.2010, 0.5475] = 376.1852, sampling [1.0, 1.3188, 1.2562]. Recommendation = [0.0, 0.8384, 0.7109], Current Cost = 5055.00, Rho = 0.645
(iter 10) [0.0, 1.2010, 0.5475] = 376.1852, sampling [1.0, 1.0187, 1.2815]. Recommendation = [0.0, 0.8384, 0.7109], Current Cost = 5056.00, Rho = 0.645
(iter 10) [0.0, 1.2010, 0.5475] = 376.1852, sampling [1.0, 1.0563, 1.6786]. Recommendation = [0.0, 0.8384, 0.7109], Current Cost = 5057.00, Rho = 0.645
(iter 10) [0.0, 1.2010, 0.5475] = 376.1852, sampling [1.0, 1.1587, 1.4044]. Recommendation = [0.0, 0.8384, 0.7109], Current Cost = 5058.00, Rho = 0.645
(iter 10) [0.0, 1.2010, 0.5475] = 376.1852, sampling [1.0, 0.7139, 1.6892]. Recommendation = [0.0, 0.8384, 0.7109], Current Cost = 5059.00, Rho = 0.645
(iter 10) [0.0, 1.2010, 0.5475] = 376.1852, sampling [1.0, 0.9530, 1.4427]. Recommendation = [0.0, 0.8384, 0.7109], Current Cost = 5060.00, Rho = 0.645
(iter 10) [0.0, 1.2010, 0.5475] = 376.1852, sampling [1.0, -0.8096, 0.4954]. Recommendation = [0.0, 0.8384, 0.7109], Current Cost = 5061.00, Rho = 0.645
(iter 10) [0.0, 1.2010, 0.5475] = 376.1852, sampling [1.0, 0.1592, -0.1979]. Recommendation = [0.0, 0.8384, 0.7109], Current Cost = 5062.00, Rho = 0.645
(iter 10) [0.0, 1.2010, 0.5475] = 376.1852, sampling [1.0, -0.3946, 0.9182]. Recommendation = [0.0, 0.8384, 0.7109], Current Cost = 5063.00, Rho = 0.645
(iter 10) [0.0, 1.2010, 0.5475] = 376.1852, sampling [1.0, 1.4886, 1.0216]. Recommendation = [0.0, 0.8384, 0.7109], Current Cost = 5064.00, Rho = 0.645
(iter 10) [0.0, 1.2010, 0.5475] = 376.1852, sampling [1.0, 0.3015, 0.8898]. Recommendation = [0.0, 0.8384, 0.7109], Current Cost = 5065.00, Rho = 0.645
(iter 10) [0.0, 1.2010, 0.5475] = 376.1852, sampling [1.0, 0.4933, 0.3376]. Recommendation = [0.0, 0.8384, 0.7109], Current Cost = 5066.00, Rho = 0.645
(iter 10) [0.0, 1.2010, 0.5475] = 376.1852, sampling [1.0, 1.3212, 1.5678]. Recommendation = [0.0, 0.8384, 0.7109], Current Cost = 5067.00, Rho = 0.645
(iter 10) [0.0, 1.2010, 0.5475] = 376.1852, sampling [1.0, 0.5127, 0.8088]. Recommendation = [0.0, 0.8384, 0.7109], Current Cost = 5068.00, Rho = 0.645
(iter 10) [0.0, 1.2010, 0.5475] = 376.1852, sampling [1.0, 1.0266, 0.2655]. Recommendation = [0.0, 0.8384, 0.7109], Current Cost = 5069.00, Rho = 0.645
(iter 10) [0.0, 1.2010, 0.5475] = 376.1852, sampling [1.0, 0.7050, 0.6400]. Recommendation = [0.0, 0.8384, 0.7109], Current Cost = 5070.00, Rho = 0.645
(iter 10) [0.0, 1.2010, 0.5475] = 376.1852, sampling [1.0, -0.0019, -0.2377]. Recommendation = [0.0, 0.8384, 0.7109], Current Cost = 5071.00, Rho = 0.645
(iter 10) [0.0, 1.2010, 0.5475] = 376.1852, sampling [1.0, -0.9417, 0.9225]. Recommendation = [0.0, 0.8384, 0.7109], Current Cost = 5072.00, Rho = 0.645
(iter 10) [0.0, 1.2010, 0.5475] = 376.1852, sampling [1.0, -0.4020, 1.3947]. Recommendation = [0.0, 0.8384, 0.7109], Current Cost = 5073.00, Rho = 0.645
(iter 10) [0.0, 1.2010, 0.5475] = 376.1852, sampling [1.0, -0.7678, 0.9753]. Recommendation = [0.0, 0.8384, 0.7109], Current Cost = 5074.00, Rho = 0.645
(iter 10) [0.0, 1.2010, 0.5475] = 376.1852, sampling [1.0, -0.8850, 0.3512]. Recommendation = [0.0, 0.8384, 0.7109], Current Cost = 5075.00, Rho = 0.645
(iter 10) [0.0, 1.2010, 0.5475] = 376.1852, sampling [1.0, 0.6355, -0.1061]. Recommendation = [0.0, 0.8384, 0.7109], Current Cost = 5076.00, Rho = 0.645
(iter 10) [0.0, 1.2010, 0.5475] = 376.1852, sampling [1.0, 0.3614, -0.2017]. Recommendation = [0.0, 0.8384, 0.7109], Current Cost = 5077.00, Rho = 0.645
(iter 10) [0.0, 1.2010, 0.5475] = 376.1852, sampling [1.0, 0.6453, 0.3196]. Recommendation = [0.0, 0.8384, 0.7109], Current Cost = 5078.00, Rho = 0.645
(iter 10) [0.0, 1.2010, 0.5475] = 376.1852, sampling [1.0, -0.4283, -0.0856]. Recommendation = [0.0, 0.8384, 0.7109], Current Cost = 5079.00, Rho = 0.645
(iter 10) [0.0, 1.2010, 0.5475] = 376.1852, sampling [1.0, -1.0820, 0.6699]. Recommendation = [0.0, 0.8384, 0.7109], Current Cost = 5080.00, Rho = 0.645
(iter 10) [0.0, 1.2010, 0.5475] = 376.1852, sampling [1.0, -0.1759, -0.5498]. Recommendation = [0.0, 0.8384, 0.7109], Current Cost = 5081.00, Rho = 0.645
(iter 10) [0.0, 1.2010, 0.5475] = 376.1852, sampling [1.0, -1.0173, 0.1607]. Recommendation = [0.0, 0.8384, 0.7109], Current Cost = 5082.00, Rho = 0.645
(iter 10) [0.0, 1.2010, 0.5475] = 376.1852, sampling [1.0, 0.6023, 0.7215]. Recommendation = [0.0, 0.8384, 0.7109], Current Cost = 5083.00, Rho = 0.645
(iter 10) [0.0, 1.2010, 0.5475] = 376.1852, sampling [1.0, -0.2921, -0.4219]. Recommendation = [0.0, 0.8384, 0.7109], Current Cost = 5084.00, Rho = 0.645
(iter 10) [0.0, 1.2010, 0.5475] = 376.1852, sampling [1.0, 0.6934, 0.4667]. Recommendation = [0.0, 0.8384, 0.7109], Current Cost = 5085.00, Rho = 0.645
(iter 10) [0.0, 1.2010, 0.5475] = 376.1852, sampling [1.0, -0.8508, 1.2983]. Recommendation = [0.0, 0.8384, 0.7109], Current Cost = 5086.00, Rho = 0.645
(iter 10) [0.0, 1.2010, 0.5475] = 376.1852, sampling [1.0, -1.0362, 1.0340]. Recommendation = [0.0, 0.8384, 0.7109], Current Cost = 5087.00, Rho = 0.645
(iter 10) [0.0, 1.2010, 0.5475] = 376.1852, sampling [1.0, -0.8279, 1.1420]. Recommendation = [0.0, 0.8384, 0.7109], Current Cost = 5088.00, Rho = 0.645
(iter 10) [0.0, 1.2010, 0.5475] = 376.1852, sampling [1.0, -0.7262, -0.5723]. Recommendation = [0.0, 0.8384, 0.7109], Current Cost = 5089.00, Rho = 0.645
(iter 10) [0.0, 1.2010, 0.5475] = 376.1852, sampling [1.0, 0.1861, -0.0556]. Recommendation = [0.0, 0.8384, 0.7109], Current Cost = 5090.00, Rho = 0.645
(iter 10) [0.0, 1.2010, 0.5475] = 376.1852, sampling [1.0, 0.3859, 0.4846]. Recommendation = [0.0, 0.8384, 0.7109], Current Cost = 5091.00, Rho = 0.645
(iter 10) [0.0, 1.2010, 0.5475] = 376.1852, sampling [1.0, -0.5130, -0.2477]. Recommendation = [0.0, 0.8384, 0.7109], Current Cost = 5092.00, Rho = 0.645
(iter 10) [0.0, 1.2010, 0.5475] = 376.1852, sampling [1.0, 1.4432, 1.4743]. Recommendation = [0.0, 0.8384, 0.7109], Current Cost = 5093.00, Rho = 0.645
(iter 10) [0.0, 1.2010, 0.5475] = 376.1852, sampling [1.0, -0.8411, -0.0457]. Recommendation = [0.0, 0.8384, 0.7109], Current Cost = 5094.00, Rho = 0.645
(iter 10) [0.0, 1.2010, 0.5475] = 376.1852, sampling [1.0, 1.2398, 1.5413]. Recommendation = [0.0, 0.8384, 0.7109], Current Cost = 5095.00, Rho = 0.645
(iter 10) [0.0, 1.2010, 0.5475] = 376.1852, sampling [1.0, 0.9045, 0.0218]. Recommendation = [0.0, 0.8384, 0.7109], Current Cost = 5096.00, Rho = 0.645
(iter 10) [0.0, 1.2010, 0.5475] = 376.1852, sampling [1.0, -0.0114, 0.9375]. Recommendation = [0.0, 0.8384, 0.7109], Current Cost = 5097.00, Rho = 0.645
(iter 10) [0.0, 1.2010, 0.5475] = 376.1852, sampling [1.0, 1.1673, 1.9857]. Recommendation = [0.0, 0.8384, 0.7109], Current Cost = 5098.00, Rho = 0.645
(iter 10) [0.0, 1.2010, 0.5475] = 376.1852, sampling [1.0, 1.6654, 1.8705]. Recommendation = [0.0, 0.8384, 0.7109], Current Cost = 5099.00, Rho = 0.645
(iter 10) [0.0, 1.2010, 0.5475] = 376.1852, sampling [1.0, 0.1131, 1.8504]. Recommendation = [0.0, 0.8384, 0.7109], Current Cost = 5100.00, Rho = 0.645
(iter 10) [0.0, 1.2010, 0.5475] = 376.1852, sampling [1.0, 1.1333, 0.4174]. Recommendation = [0.0, 0.8384, 0.7109], Current Cost = 5101.00, Rho = 0.645
(iter 10) [0.0, 1.2010, 0.5475] = 376.1852, sampling [1.0, 0.0844, -0.5520]. Recommendation = [0.0, 0.8384, 0.7109], Current Cost = 5102.00, Rho = 0.645
(iter 10) [0.0, 1.2010, 0.5475] = 376.1852, sampling [1.0, -0.4117, -0.7181]. Recommendation = [0.0, 0.8384, 0.7109], Current Cost = 5103.00, Rho = 0.645
(iter 10) [0.0, 1.2010, 0.5475] = 376.1852, sampling [1.0, -1.0958, 0.8002]. Recommendation = [0.0, 0.8384, 0.7109], Current Cost = 5104.00, Rho = 0.645
(iter 10) [0.0, 1.2010, 0.5475] = 376.1852, sampling [1.0, -1.3086, 1.3707]. Recommendation = [0.0, 0.8384, 0.7109], Current Cost = 5105.00, Rho = 0.645
(iter 10) [0.0, 1.2010, 0.5475] = 376.1852, sampling [1.0, -1.0152, 1.5485]. Recommendation = [0.0, 0.8384, 0.7109], Current Cost = 5106.00, Rho = 0.645
(iter 10) [0.0, 1.2010, 0.5475] = 376.1852, sampling [1.0, -1.3980, 1.1308]. Recommendation = [0.0, 0.8384, 0.7109], Current Cost = 5107.00, Rho = 0.645
(iter 10) [0.0, 1.2010, 0.5475] = 376.1852, sampling [1.0, 0.3450, 1.0933]. Recommendation = [0.0, 0.8384, 0.7109], Current Cost = 5108.00, Rho = 0.645
(iter 10) [0.0, 1.2010, 0.5475] = 376.1852, sampling [1.0, -1.4448, 1.8283]. Recommendation = [0.0, 0.8384, 0.7109], Current Cost = 5109.00, Rho = 0.645
(iter 10) [0.0, 1.2010, 0.5475] = 376.1852, sampling [1.0, -1.0796, 1.8793]. Recommendation = [0.0, 0.8384, 0.7109], Current Cost = 5110.00, Rho = 0.645
(iter 10) [0.0, 1.2010, 0.5475] = 376.1852, sampling [1.0, -1.4173, 1.5700]. Recommendation = [0.0, 0.8384, 0.7109], Current Cost = 5111.00, Rho = 0.645
(iter 10) [0.0, 1.2010, 0.5475] = 376.1852, sampling [1.0, -1.1677, 1.4991]. Recommendation = [0.0, 0.8384, 0.7109], Current Cost = 5112.00, Rho = 0.645
(iter 10) [0.0, 1.2010, 0.5475] = 376.1852, sampling [1.0, -0.8009, 1.6508]. Recommendation = [0.0, 0.8384, 0.7109], Current Cost = 5113.00, Rho = 0.645
(iter 10) [0.0, 1.2010, 0.5475] = 376.1852, sampling [1.0, -1.7691, 1.6847]. Recommendation = [0.0, 0.8384, 0.7109], Current Cost = 5114.00, Rho = 0.645
(iter 10) [0.0, 1.2010, 0.5475] = 376.1852, sampling [1.0, 0.3290, -0.4429]. Recommendation = [0.0, 0.8384, 0.7109], Current Cost = 5115.00, Rho = 0.645
(iter 10) [0.0, 1.2010, 0.5475] = 376.1852, sampling [1.0, -0.3177, 0.5985]. Recommendation = [0.0, 0.8384, 0.7109], Current Cost = 5116.00, Rho = 0.645
(iter 10) [0.0, 1.2010, 0.5475] = 376.1852, sampling [1.0, 1.1729, 0.7896]. Recommendation = [0.0, 0.8384, 0.7109], Current Cost = 5117.00, Rho = 0.645
(iter 10) [0.0, 1.2010, 0.5475] = 376.1852, sampling [1.0, -0.2367, 0.1981]. Recommendation = [0.0, 0.8384, 0.7109], Current Cost = 5118.00, Rho = 0.645
(iter 10) [0.0, 1.2010, 0.5475] = 376.1852, sampling [1.0, 1.8697, 1.3476]. Recommendation = [0.0, 0.8384, 0.7109], Current Cost = 5119.00, Rho = 0.645
(iter 10) [0.0, 1.2010, 0.5475] = 376.1852, sampling [1.0, -0.6463, 1.1662]. Recommendation = [0.0, 0.8384, 0.7109], Current Cost = 5120.00, Rho = 0.645
(iter 10) [0.0, 1.2010, 0.5475] = 376.1852, sampling [1.0, -0.2218, 0.2970]. Recommendation = [0.0, 0.8384, 0.7109], Current Cost = 5121.00, Rho = 0.645
(iter 10) [0.0, 1.2010, 0.5475] = 376.1852, sampling [1.0, -1.0479, 0.3680]. Recommendation = [0.0, 0.8384, 0.7109], Current Cost = 5122.00, Rho = 0.645
(iter 10) [0.0, 1.2010, 0.5475] = 376.1852, sampling [1.0, 0.6776, 0.6550]. Recommendation = [0.0, 0.8384, 0.7109], Current Cost = 5123.00, Rho = 0.645
(iter 10) [0.0, 1.2010, 0.5475] = 376.1852, sampling [1.0, -0.1139, 1.1094]. Recommendation = [0.0, 0.8384, 0.7109], Current Cost = 5124.00, Rho = 0.645
(iter 10) [0.0, 1.2010, 0.5475] = 376.1852, sampling [1.0, -0.6394, 0.0016]. Recommendation = [0.0, 0.8384, 0.7109], Current Cost = 5125.00, Rho = 0.645
(iter 10) [0.0, 1.2010, 0.5475] = 376.1852, sampling [1.0, -0.3806, -0.5641]. Recommendation = [0.0, 0.8384, 0.7109], Current Cost = 5126.00, Rho = 0.645
(iter 10) [0.0, 1.2010, 0.5475] = 376.1852, sampling [1.0, -1.2102, -0.5195]. Recommendation = [0.0, 0.8384, 0.7109], Current Cost = 5127.00, Rho = 0.645
(iter 10) [0.0, 1.2010, 0.5475] = 376.1852, sampling [1.0, 0.5749, -0.3271]. Recommendation = [0.0, 0.8384, 0.7109], Current Cost = 5128.00, Rho = 0.645
(iter 10) [0.0, 1.2010, 0.5475] = 376.1852, sampling [1.0, 0.5766, 1.3208]. Recommendation = [0.0, 0.8384, 0.7109], Current Cost = 5129.00, Rho = 0.645
(iter 10) [0.0, 1.2010, 0.5475] = 376.1852, sampling [1.0, -1.3362, 0.9663]. Recommendation = [0.0, 0.8384, 0.7109], Current Cost = 5130.00, Rho = 0.645
(iter 10) [0.0, 1.2010, 0.5475] = 376.1852, sampling [1.0, -0.1457, -0.6839]. Recommendation = [0.0, 0.8384, 0.7109], Current Cost = 5131.00, Rho = 0.645
(iter 10) [0.0, 1.2010, 0.5475] = 376.1852, sampling [1.0, 1.3940, 1.3531]. Recommendation = [0.0, 0.8384, 0.7109], Current Cost = 5132.00, Rho = 0.645
(iter 10) [0.0, 1.2010, 0.5475] = 376.1852, sampling [1.0, 0.2113, -0.2182]. Recommendation = [0.0, 0.8384, 0.7109], Current Cost = 5133.00, Rho = 0.645
(iter 10) [0.0, 1.2010, 0.5475] = 376.1852, sampling [1.0, -0.4467, 1.0526]. Recommendation = [0.0, 0.8384, 0.7109], Current Cost = 5134.00, Rho = 0.645
(iter 10) [0.0, 1.2010, 0.5475] = 376.1852, sampling [1.0, 1.4090, 0.4991]. Recommendation = [0.0, 0.8384, 0.7109], Current Cost = 5135.00, Rho = 0.645
(iter 10) [0.0, 1.2010, 0.5475] = 376.1852, sampling [1.0, 0.0045, -0.5275]. Recommendation = [0.0, 0.8384, 0.7109], Current Cost = 5136.00, Rho = 0.645
(iter 10) [0.0, 1.2010, 0.5475] = 376.1852, sampling [1.0, -0.9799, 1.4632]. Recommendation = [0.0, 0.8384, 0.7109], Current Cost = 5137.00, Rho = 0.645
(iter 10) [0.0, 1.2010, 0.5475] = 376.1852, sampling [1.0, 0.9773, 1.7473]. Recommendation = [0.0, 0.8384, 0.7109], Current Cost = 5138.00, Rho = 0.645
(iter 10) [0.0, 1.2010, 0.5475] = 376.1852, sampling [1.0, -0.2628, 0.7672]. Recommendation = [0.0, 0.8384, 0.7109], Current Cost = 5139.00, Rho = 0.645
(iter 10) [0.0, 1.2010, 0.5475] = 376.1852, sampling [1.0, -0.5803, -0.2618]. Recommendation = [0.0, 0.8384, 0.7109], Current Cost = 5140.00, Rho = 0.645
(iter 10) [0.0, 1.2010, 0.5475] = 376.1852, sampling [1.0, -0.7005, 0.9777]. Recommendation = [0.0, 0.8384, 0.7109], Current Cost = 5141.00, Rho = 0.645
(iter 10) [0.0, 1.2010, 0.5475] = 376.1852, sampling [1.0, 0.7421, 1.5208]. Recommendation = [0.0, 0.8384, 0.7109], Current Cost = 5142.00, Rho = 0.645
(iter 10) [0.0, 1.2010, 0.5475] = 376.1852, sampling [1.0, 1.1853, 0.6022]. Recommendation = [0.0, 0.8384, 0.7109], Current Cost = 5143.00, Rho = 0.645
(iter 10) [0.0, 1.2010, 0.5475] = 376.1852, sampling [1.0, -0.7747, 1.3845]. Recommendation = [0.0, 0.8384, 0.7109], Current Cost = 5144.00, Rho = 0.645
(iter 10) [0.0, 1.2010, 0.5475] = 376.1852, sampling [1.0, -0.5324, 1.9279]. Recommendation = [0.0, 0.8384, 0.7109], Current Cost = 5145.00, Rho = 0.645
(iter 10) [0.0, 1.2010, 0.5475] = 376.1852, sampling [1.0, -0.0786, 0.8402]. Recommendation = [0.0, 0.8384, 0.7109], Current Cost = 5146.00, Rho = 0.645
(iter 10) [0.0, 1.2010, 0.5475] = 376.1852, sampling [1.0, -0.7114, 1.0640]. Recommendation = [0.0, 0.8384, 0.7109], Current Cost = 5147.00, Rho = 0.645
(iter 10) [0.0, 1.2010, 0.5475] = 376.1852, sampling [1.0, 0.0688, -0.8063]. Recommendation = [0.0, 0.8384, 0.7109], Current Cost = 5148.00, Rho = 0.645
(iter 10) [0.0, 1.2010, 0.5475] = 376.1852, sampling [1.0, -0.3302, -0.9801]. Recommendation = [0.0, 0.8384, 0.7109], Current Cost = 5149.00, Rho = 0.645
(iter 10) [0.0, 1.2010, 0.5475] = 376.1852, sampling [1.0, 0.1822, -0.6238]. Recommendation = [0.0, 0.8384, 0.7109], Current Cost = 5150.00, Rho = 0.645
(iter 10) [0.0, 1.2010, 0.5475] = 376.1852, sampling [1.0, 0.4433, 1.4816]. Recommendation = [0.0, 0.8384, 0.7109], Current Cost = 5151.00, Rho = 0.645
(iter 10) [0.0, 1.2010, 0.5475] = 376.1852, sampling [1.0, -1.5866, 1.2298]. Recommendation = [0.0, 0.8384, 0.7109], Current Cost = 5152.00, Rho = 0.645
(iter 10) [0.0, 1.2010, 0.5475] = 376.1852, sampling [1.0, -0.5592, -0.7999]. Recommendation = [0.0, 0.8384, 0.7109], Current Cost = 5153.00, Rho = 0.645
(iter 10) [0.0, 1.2010, 0.5475] = 376.1852, sampling [1.0, -0.3565, 1.1833]. Recommendation = [0.0, 0.8384, 0.7109], Current Cost = 5154.00, Rho = 0.645
(iter 10) [0.0, 1.2010, 0.5475] = 376.1852, sampling [1.0, 1.4221, 1.1685]. Recommendation = [0.0, 0.8384, 0.7109], Current Cost = 5155.00, Rho = 0.645
(iter 10) [0.0, 1.2010, 0.5475] = 376.1852, sampling [1.0, 0.1706, 1.0964]. Recommendation = [0.0, 0.8384, 0.7109], Current Cost = 5156.00, Rho = 0.645
(iter 10) [0.0, 1.2010, 0.5475] = 376.1852, sampling [1.0, -1.5535, 1.9684]. Recommendation = [0.0, 0.8384, 0.7109], Current Cost = 5157.00, Rho = 0.645
(iter 10) [0.0, 1.2010, 0.5475] = 376.1852, sampling [1.0, 1.3666, 1.5528]. Recommendation = [0.0, 0.8384, 0.7109], Current Cost = 5158.00, Rho = 0.645
(iter 10) [0.0, 1.2010, 0.5475] = 376.1852, sampling [1.0, 0.8975, -0.1222]. Recommendation = [0.0, 0.8384, 0.7109], Current Cost = 5159.00, Rho = 0.645
(iter 10) [0.0, 1.2010, 0.5475] = 376.1852, sampling [1.0, -0.9473, 1.7043]. Recommendation = [0.0, 0.8384, 0.7109], Current Cost = 5160.00, Rho = 0.645
(iter 10) [0.0, 1.2010, 0.5475] = 376.1852, sampling [1.0, 1.2506, 0.1547]. Recommendation = [0.0, 0.8384, 0.7109], Current Cost = 5161.00, Rho = 0.645
(iter 10) [0.0, 1.2010, 0.5475] = 376.1852, sampling [1.0, -0.7410, 1.1847]. Recommendation = [0.0, 0.8384, 0.7109], Current Cost = 5162.00, Rho = 0.645
(iter 10) [0.0, 1.2010, 0.5475] = 376.1852, sampling [1.0, -0.9929, -0.0693]. Recommendation = [0.0, 0.8384, 0.7109], Current Cost = 5163.00, Rho = 0.645
(iter 10) [0.0, 1.2010, 0.5475] = 376.1852, sampling [1.0, -0.6889, -0.4527]. Recommendation = [0.0, 0.8384, 0.7109], Current Cost = 5164.00, Rho = 0.645
(iter 10) [0.0, 1.2010, 0.5475] = 376.1852, sampling [1.0, 0.4325, 1.2052]. Recommendation = [0.0, 0.8384, 0.7109], Current Cost = 5165.00, Rho = 0.645
(iter 10) [0.0, 1.2010, 0.5475] = 376.1852, sampling [1.0, 1.1008, 0.3351]. Recommendation = [0.0, 0.8384, 0.7109], Current Cost = 5166.00, Rho = 0.645
(iter 10) [0.0, 1.2010, 0.5475] = 376.1852, sampling [1.0, -1.1174, 0.6240]. Recommendation = [0.0, 0.8384, 0.7109], Current Cost = 5167.00, Rho = 0.645
(iter 10) [0.0, 1.2010, 0.5475] = 376.1852, sampling [1.0, -1.3615, 1.3096]. Recommendation = [0.0, 0.8384, 0.7109], Current Cost = 5168.00, Rho = 0.645
(iter 10) [0.0, 1.2010, 0.5475] = 376.1852, sampling [1.0, 0.3941, -0.7005]. Recommendation = [0.0, 0.8384, 0.7109], Current Cost = 5169.00, Rho = 0.645
(iter 10) [0.0, 1.2010, 0.5475] = 376.1852, sampling [1.0, 0.4058, -0.4671]. Recommendation = [0.0, 0.8384, 0.7109], Current Cost = 5170.00, Rho = 0.645
(iter 10) [0.0, 1.2010, 0.5475] = 376.1852, sampling [1.0, -0.0857, -0.9850]. Recommendation = [0.0, 0.8384, 0.7109], Current Cost = 5171.00, Rho = 0.645
(iter 10) [0.0, 1.2010, 0.5475] = 376.1852, sampling [1.0, -0.0885, 1.4672]. Recommendation = [0.0, 0.8384, 0.7109], Current Cost = 5172.00, Rho = 0.645
(iter 10) [0.0, 1.2010, 0.5475] = 376.1852, sampling [1.0, 0.9623, 0.0790]. Recommendation = [0.0, 0.8384, 0.7109], Current Cost = 5173.00, Rho = 0.645
(iter 10) [0.0, 1.2010, 0.5475] = 376.1852, sampling [1.0, 0.8195, -0.3357]. Recommendation = [0.0, 0.8384, 0.7109], Current Cost = 5174.00, Rho = 0.645
(iter 10) [0.0, 1.2010, 0.5475] = 376.1852, sampling [1.0, -0.3412, -0.6338]. Recommendation = [0.0, 0.8384, 0.7109], Current Cost = 5175.00, Rho = 0.645
(iter 10) [0.0, 1.2010, 0.5475] = 376.1852, sampling [1.0, 1.3003, 1.5879]. Recommendation = [0.0, 0.8384, 0.7109], Current Cost = 5176.00, Rho = 0.645
(iter 10) [0.0, 1.2010, 0.5475] = 376.1852, sampling [1.0, -0.9295, 1.9524]. Recommendation = [0.0, 0.8384, 0.7109], Current Cost = 5177.00, Rho = 0.645
(iter 10) [0.0, 1.2010, 0.5475] = 376.1852, sampling [1.0, 0.8405, 1.6647]. Recommendation = [0.0, 0.8384, 0.7109], Current Cost = 5178.00, Rho = 0.645
(iter 10) [0.0, 1.2010, 0.5475] = 376.1852, sampling [1.0, -1.1257, 0.4082]. Recommendation = [0.0, 0.8384, 0.7109], Current Cost = 5179.00, Rho = 0.645
(iter 10) [0.0, 1.2010, 0.5475] = 376.1852, sampling [1.0, 1.2442, 0.7994]. Recommendation = [0.0, 0.8384, 0.7109], Current Cost = 5180.00, Rho = 0.645
(iter 10) [0.0, 1.2010, 0.5475] = 376.1852, sampling [1.0, -0.3636, -0.8093]. Recommendation = [0.0, 0.8384, 0.7109], Current Cost = 5181.00, Rho = 0.645
(iter 10) [0.0, 1.2010, 0.5475] = 376.1852, sampling [1.0, 0.2866, 1.2915]. Recommendation = [0.0, 0.8384, 0.7109], Current Cost = 5182.00, Rho = 0.645
(iter 10) [0.0, 1.2010, 0.5475] = 376.1852, sampling [1.0, -1.2960, 0.6126]. Recommendation = [0.0, 0.8384, 0.7109], Current Cost = 5183.00, Rho = 0.645
(iter 10) [0.0, 1.2010, 0.5475] = 376.1852, sampling [1.0, -1.5436, 1.6067]. Recommendation = [0.0, 0.8384, 0.7109], Current Cost = 5184.00, Rho = 0.645
(iter 10) [0.0, 1.2010, 0.5475] = 376.1852, sampling [1.0, 1.6727, 1.9988]. Recommendation = [0.0, 0.8384, 0.7109], Current Cost = 5185.00, Rho = 0.645
(iter 10) [0.0, 1.2010, 0.5475] = 376.1852, sampling [1.0, -0.5500, 1.4885]. Recommendation = [0.0, 0.8384, 0.7109], Current Cost = 5186.00, Rho = 0.645
(iter 10) [0.0, 1.2010, 0.5475] = 376.1852, sampling [1.0, -0.1958, 0.9054]. Recommendation = [0.0, 0.8384, 0.7109], Current Cost = 5187.00, Rho = 0.645
(iter 10) [0.0, 1.2010, 0.5475] = 376.1852, sampling [1.0, -1.1439, 0.2109]. Recommendation = [0.0, 0.8384, 0.7109], Current Cost = 5188.00, Rho = 0.645
(iter 10) [0.0, 1.2010, 0.5475] = 376.1852, sampling [1.0, 0.0553, 1.1155]. Recommendation = [0.0, 0.8384, 0.7109], Current Cost = 5189.00, Rho = 0.645
(iter 10) [0.0, 1.2010, 0.5475] = 376.1852, sampling [1.0, 0.5234, 1.8571]. Recommendation = [0.0, 0.8384, 0.7109], Current Cost = 5190.00, Rho = 0.645
(iter 10) [0.0, 1.2010, 0.5475] = 376.1852, sampling [1.0, -0.1407, -0.5978]. Recommendation = [0.0, 0.8384, 0.7109], Current Cost = 5191.00, Rho = 0.645
(iter 10) [0.0, 1.2010, 0.5475] = 376.1852, sampling [1.0, 1.3571, 1.2465]. Recommendation = [0.0, 0.8384, 0.7109], Current Cost = 5192.00, Rho = 0.645
(iter 10) [0.0, 1.2010, 0.5475] = 376.1852, sampling [1.0, 1.9994, 1.9631]. Recommendation = [0.0, 0.8384, 0.7109], Current Cost = 5193.00, Rho = 0.645
(iter 10) [0.0, 1.2010, 0.5475] = 376.1852, sampling [1.0, -1.6159, 1.8366]. Recommendation = [0.0, 0.8384, 0.7109], Current Cost = 5194.00, Rho = 0.645
(iter 10) [0.0, 1.2010, 0.5475] = 376.1852, sampling [1.0, -0.1763, 1.2750]. Recommendation = [0.0, 0.8384, 0.7109], Current Cost = 5195.00, Rho = 0.645
(iter 10) [0.0, 1.2010, 0.5475] = 376.1852, sampling [1.0, -1.4664, 1.5103]. Recommendation = [0.0, 0.8384, 0.7109], Current Cost = 5196.00, Rho = 0.645
(iter 10) [0.0, 1.2010, 0.5475] = 376.1852, sampling [1.0, -0.8331, -0.8808]. Recommendation = [0.0, 0.8384, 0.7109], Current Cost = 5197.00, Rho = 0.645
(iter 10) [0.0, 1.2010, 0.5475] = 376.1852, sampling [1.0, -0.9662, -0.2114]. Recommendation = [0.0, 0.8384, 0.7109], Current Cost = 5198.00, Rho = 0.645
(iter 10) [0.0, 1.2010, 0.5475] = 376.1852, sampling [1.0, -1.8164, 0.9323]. Recommendation = [0.0, 0.8384, 0.7109], Current Cost = 5199.00, Rho = 0.645
(iter 10) [0.0, 1.2010, 0.5475] = 376.1852, sampling [1.0, -0.2424, -1.1781]. Recommendation = [0.0, 0.8384, 0.7109], Current Cost = 5200.00, Rho = 0.645
(iter 10) [0.0, 1.2010, 0.5475] = 376.1852, sampling [1.0, 0.3257, -0.9216]. Recommendation = [0.0, 0.8384, 0.7109], Current Cost = 5201.00, Rho = 0.645
(iter 10) [0.0, 1.2010, 0.5475] = 376.1852, sampling [1.0, 0.7667, -0.5392]. Recommendation = [0.0, 0.8384, 0.7109], Current Cost = 5202.00, Rho = 0.645
(iter 10) [0.0, 1.2010, 0.5475] = 376.1852, sampling [1.0, -0.5367, -0.2761]. Recommendation = [0.0, 0.8384, 0.7109], Current Cost = 5203.00, Rho = 0.645
(iter 10) [0.0, 1.2010, 0.5475] = 376.1852, sampling [1.0, 1.0430, -0.1337]. Recommendation = [0.0, 0.8384, 0.7109], Current Cost = 5204.00, Rho = 0.645
(iter 10) [0.0, 1.2010, 0.5475] = 376.1852, sampling [1.0, -0.7535, -0.3926]. Recommendation = [0.0, 0.8384, 0.7109], Current Cost = 5205.00, Rho = 0.645
(iter 10) [0.0, 1.2010, 0.5475] = 376.1852, sampling [1.0, -1.0581, 0.0586]. Recommendation = [0.0, 0.8384, 0.7109], Current Cost = 5206.00, Rho = 0.645
(iter 10) [0.0, 1.2010, 0.5475] = 376.1852, sampling [1.0, -0.8595, 1.3377]. Recommendation = [0.0, 0.8384, 0.7109], Current Cost = 5207.00, Rho = 0.645
(iter 10) [0.0, 1.2010, 0.5475] = 376.1852, sampling [1.0, 0.6233, -0.3109]. Recommendation = [0.0, 0.8384, 0.7109], Current Cost = 5208.00, Rho = 0.645
(iter 10) [0.0, 1.2010, 0.5475] = 376.1852, sampling [1.0, 0.0594, -1.1696]. Recommendation = [0.0, 0.8384, 0.7109], Current Cost = 5209.00, Rho = 0.645
(iter 10) [0.0, 1.2010, 0.5475] = 376.1852, sampling [1.0, -0.8926, -1.6520]. Recommendation = [0.0, 0.8384, 0.7109], Current Cost = 5210.00, Rho = 0.645
(iter 10) [0.0, 1.2010, 0.5475] = 376.1852, sampling [1.0, 1.3096, 1.2713]. Recommendation = [0.0, 0.8384, 0.7109], Current Cost = 5211.00, Rho = 0.645
(iter 10) [0.0, 1.2010, 0.5475] = 376.1852, sampling [1.0, -0.8704, -0.0936]. Recommendation = [0.0, 0.8384, 0.7109], Current Cost = 5212.00, Rho = 0.645
(iter 10) [0.0, 1.2010, 0.5475] = 376.1852, sampling [1.0, -0.9732, 1.8162]. Recommendation = [0.0, 0.8384, 0.7109], Current Cost = 5213.00, Rho = 0.645
(iter 10) [0.0, 1.2010, 0.5475] = 376.1852, sampling [1.0, 1.4529, 1.2232]. Recommendation = [0.0, 0.8384, 0.7109], Current Cost = 5214.00, Rho = 0.645
(iter 10) [0.0, 1.2010, 0.5475] = 376.1852, sampling [1.0, -0.0511, 1.2375]. Recommendation = [0.0, 0.8384, 0.7109], Current Cost = 5215.00, Rho = 0.645
(iter 10) [0.0, 1.2010, 0.5475] = 376.1852, sampling [1.0, 1.7378, 0.6829]. Recommendation = [0.0, 0.8384, 0.7109], Current Cost = 5216.00, Rho = 0.645
(iter 10) [0.0, 1.2010, 0.5475] = 376.1852, sampling [1.0, -1.2635, -0.0353]. Recommendation = [0.0, 0.8384, 0.7109], Current Cost = 5217.00, Rho = 0.645
(iter 10) [0.0, 1.2010, 0.5475] = 376.1852, sampling [1.0, -1.2750, 0.4014]. Recommendation = [0.0, 0.8384, 0.7109], Current Cost = 5218.00, Rho = 0.645
(iter 10) [0.0, 1.2010, 0.5475] = 376.1852, sampling [1.0, -0.6862, 1.0738]. Recommendation = [0.0, 0.8384, 0.7109], Current Cost = 5219.00, Rho = 0.645
(iter 10) [0.0, 1.2010, 0.5475] = 376.1852, sampling [1.0, -0.0446, 0.9586]. Recommendation = [0.0, 0.8384, 0.7109], Current Cost = 5220.00, Rho = 0.645
(iter 10) [0.0, 1.2010, 0.5475] = 376.1852, sampling [1.0, 0.1050, 1.5286]. Recommendation = [0.0, 0.8384, 0.7109], Current Cost = 5221.00, Rho = 0.645
(iter 10) [0.0, 1.2010, 0.5475] = 376.1852, sampling [1.0, 1.6232, 1.4107]. Recommendation = [0.0, 0.8384, 0.7109], Current Cost = 5222.00, Rho = 0.645
(iter 10) [0.0, 1.2010, 0.5475] = 376.1852, sampling [1.0, -0.5636, 1.6218]. Recommendation = [0.0, 0.8384, 0.7109], Current Cost = 5223.00, Rho = 0.645
(iter 10) [0.0, 1.2010, 0.5475] = 376.1852, sampling [1.0, -0.4536, -0.7809]. Recommendation = [0.0, 0.8384, 0.7109], Current Cost = 5224.00, Rho = 0.645
(iter 10) [0.0, 1.2010, 0.5475] = 376.1852, sampling [1.0, 0.6485, -0.8282]. Recommendation = [0.0, 0.8384, 0.7109], Current Cost = 5225.00, Rho = 0.645
(iter 10) [0.0, 1.2010, 0.5475] = 376.1852, sampling [1.0, 0.2619, -1.0708]. Recommendation = [0.0, 0.8384, 0.7109], Current Cost = 5226.00, Rho = 0.645
(iter 10) [0.0, 1.2010, 0.5475] = 376.1852, sampling [1.0, -0.6704, -0.9098]. Recommendation = [0.0, 0.8384, 0.7109], Current Cost = 5227.00, Rho = 0.645
(iter 10) [0.0, 1.2010, 0.5475] = 376.1852, sampling [1.0, 0.4530, -0.7616]. Recommendation = [0.0, 0.8384, 0.7109], Current Cost = 5228.00, Rho = 0.645
(iter 10) [0.0, 1.2010, 0.5475] = 376.1852, sampling [1.0, -1.9985, -0.6468]. Recommendation = [0.0, 0.8384, 0.7109], Current Cost = 5229.00, Rho = 0.645
(iter 10) [0.0, 1.2010, 0.5475] = 376.1852, sampling [1.0, -0.3238, -1.4308]. Recommendation = [0.0, 0.8384, 0.7109], Current Cost = 5230.00, Rho = 0.645
(iter 10) [0.0, 1.2010, 0.5475] = 376.1852, sampling [1.0, 1.0913, -0.3784]. Recommendation = [0.0, 0.8384, 0.7109], Current Cost = 5231.00, Rho = 0.645
(iter 10) [0.0, 1.2010, 0.5475] = 376.1852, sampling [1.0, -0.2817, 1.3838]. Recommendation = [0.0, 0.8384, 0.7109], Current Cost = 5232.00, Rho = 0.645
(iter 10) [0.0, 1.2010, 0.5475] = 376.1852, sampling [1.0, 1.3469, 0.2849]. Recommendation = [0.0, 0.8384, 0.7109], Current Cost = 5233.00, Rho = 0.645
(iter 10) [0.0, 1.2010, 0.5475] = 376.1852, sampling [1.0, 1.1945, 0.0106]. Recommendation = [0.0, 0.8384, 0.7109], Current Cost = 5234.00, Rho = 0.645
(iter 10) [0.0, 1.2010, 0.5475] = 376.1852, sampling [1.0, -0.2104, 1.9348]. Recommendation = [0.0, 0.8384, 0.7109], Current Cost = 5235.00, Rho = 0.645
(iter 10) [0.0, 1.2010, 0.5475] = 376.1852, sampling [1.0, -0.5083, -1.2435]. Recommendation = [0.0, 0.8384, 0.7109], Current Cost = 5236.00, Rho = 0.645
(iter 10) [0.0, 1.2010, 0.5475] = 376.1852, sampling [1.0, -1.4870, 1.0806]. Recommendation = [0.0, 0.8384, 0.7109], Current Cost = 5237.00, Rho = 0.645
(iter 10) [0.0, 1.2010, 0.5475] = 376.1852, sampling [1.0, 0.9501, 0.0276]. Recommendation = [0.0, 0.8384, 0.7109], Current Cost = 5238.00, Rho = 0.645
(iter 10) [0.0, 1.2010, 0.5475] = 376.1852, sampling [1.0, -0.0619, -1.4723]. Recommendation = [0.0, 0.8384, 0.7109], Current Cost = 5239.00, Rho = 0.645
(iter 10) [0.0, 1.2010, 0.5475] = 376.1852, sampling [1.0, 0.7893, 1.6436]. Recommendation = [0.0, 0.8384, 0.7109], Current Cost = 5240.00, Rho = 0.645
(iter 10) [0.0, 1.2010, 0.5475] = 376.1852, sampling [1.0, 0.3085, 1.7203]. Recommendation = [0.0, 0.8384, 0.7109], Current Cost = 5241.00, Rho = 0.645
(iter 10) [0.0, 1.2010, 0.5475] = 376.1852, sampling [1.0, -0.9889, -0.6537]. Recommendation = [0.0, 0.8384, 0.7109], Current Cost = 5242.00, Rho = 0.645
(iter 10) [0.0, 1.2010, 0.5475] = 376.1852, sampling [1.0, 0.4674, -1.0226]. Recommendation = [0.0, 0.8384, 0.7109], Current Cost = 5243.00, Rho = 0.645
(iter 10) [0.0, 1.2010, 0.5475] = 376.1852, sampling [1.0, -0.9066, -0.0992]. Recommendation = [0.0, 0.8384, 0.7109], Current Cost = 5244.00, Rho = 0.645
(iter 10) [0.0, 1.2010, 0.5475] = 376.1852, sampling [1.0, -1.7205, 1.3340]. Recommendation = [0.0, 0.8384, 0.7109], Current Cost = 5245.00, Rho = 0.645
(iter 10) [0.0, 1.2010, 0.5475] = 376.1852, sampling [1.0, 0.3378, -1.3413]. Recommendation = [0.0, 0.8384, 0.7109], Current Cost = 5246.00, Rho = 0.645
(iter 10) [0.0, 1.2010, 0.5475] = 376.1852, sampling [1.0, 0.0468, -1.3138]. Recommendation = [0.0, 0.8384, 0.7109], Current Cost = 5247.00, Rho = 0.645
(iter 10) [0.0, 1.2010, 0.5475] = 376.1852, sampling [1.0, 0.4247, 1.9790]. Recommendation = [0.0, 0.8384, 0.7109], Current Cost = 5248.00, Rho = 0.645
(iter 10) [0.0, 1.2010, 0.5475] = 376.1852, sampling [1.0, 0.8818, -0.4031]. Recommendation = [0.0, 0.8384, 0.7109], Current Cost = 5249.00, Rho = 0.645
(iter 10) [0.0, 1.2010, 0.5475] = 376.1852, sampling [1.0, -1.2030, 0.0883]. Recommendation = [0.0, 0.8384, 0.7109], Current Cost = 5250.00, Rho = 0.645
(iter 10) [0.0, 1.2010, 0.5475] = 376.1852, sampling [1.0, -0.5271, 1.4368]. Recommendation = [0.0, 0.8384, 0.7109], Current Cost = 5251.00, Rho = 0.645
(iter 10) [0.0, 1.2010, 0.5475] = 376.1852, sampling [1.0, 1.8520, 1.7336]. Recommendation = [0.0, 0.8384, 0.7109], Current Cost = 5252.00, Rho = 0.645
(iter 10) [0.0, 1.2010, 0.5475] = 376.1852, sampling [1.0, -0.8771, 1.9123]. Recommendation = [0.0, 0.8384, 0.7109], Current Cost = 5253.00, Rho = 0.645
(iter 10) [0.0, 1.2010, 0.5475] = 376.1852, sampling [1.0, 1.6357, -0.0016]. Recommendation = [0.0, 0.8384, 0.7109], Current Cost = 5254.00, Rho = 0.645
(iter 10) [0.0, 1.2010, 0.5475] = 376.1852, sampling [1.0, -0.4722, 1.6160]. Recommendation = [0.0, 0.8384, 0.7109], Current Cost = 5255.00, Rho = 0.645
(iter 10) [0.0, 1.2010, 0.5475] = 376.1852, sampling [1.0, -1.5456, 0.7392]. Recommendation = [0.0, 0.8384, 0.7109], Current Cost = 5256.00, Rho = 0.645
(iter 10) [0.0, 1.2010, 0.5475] = 376.1852, sampling [1.0, -0.6123, -0.8490]. Recommendation = [0.0, 0.8384, 0.7109], Current Cost = 5257.00, Rho = 0.645
(iter 10) [0.0, 1.2010, 0.5475] = 376.1852, sampling [1.0, -0.1020, -1.9283]. Recommendation = [0.0, 0.8384, 0.7109], Current Cost = 5258.00, Rho = 0.645
(iter 10) [0.0, 1.2010, 0.5475] = 376.1852, sampling [1.0, -1.3785, 0.5353]. Recommendation = [0.0, 0.8384, 0.7109], Current Cost = 5259.00, Rho = 0.645
(iter 10) [0.0, 1.2010, 0.5475] = 376.1852, sampling [1.0, -1.6736, 1.6310]. Recommendation = [0.0, 0.8384, 0.7109], Current Cost = 5260.00, Rho = 0.645
(iter 10) [0.0, 1.2010, 0.5475] = 376.1852, sampling [1.0, -0.5022, -0.7912]. Recommendation = [0.0, 0.8384, 0.7109], Current Cost = 5261.00, Rho = 0.645
(iter 10) [0.0, 1.2010, 0.5475] = 376.1852, sampling [1.0, 1.7247, 1.8887]. Recommendation = [0.0, 0.8384, 0.7109], Current Cost = 5262.00, Rho = 0.645
(iter 10) [0.0, 1.2010, 0.5475] = 376.1852, sampling [1.0, 0.9981, -0.6273]. Recommendation = [0.0, 0.8384, 0.7109], Current Cost = 5263.00, Rho = 0.645
(iter 10) [0.0, 1.2010, 0.5475] = 376.1852, sampling [1.0, -0.4664, 1.7670]. Recommendation = [0.0, 0.8384, 0.7109], Current Cost = 5264.00, Rho = 0.645
(iter 10) [0.0, 1.2010, 0.5475] = 376.1852, sampling [1.0, 0.1284, -1.6026]. Recommendation = [0.0, 0.8384, 0.7109], Current Cost = 5265.00, Rho = 0.645
(iter 10) [0.0, 1.2010, 0.5475] = 376.1852, sampling [1.0, 1.6961, 0.9862]. Recommendation = [0.0, 0.8384, 0.7109], Current Cost = 5266.00, Rho = 0.645
(iter 10) [0.0, 1.2010, 0.5475] = 376.1852, sampling [1.0, 0.5513, -0.9297]. Recommendation = [0.0, 0.8384, 0.7109], Current Cost = 5267.00, Rho = 0.645
(iter 10) [0.0, 1.2010, 0.5475] = 376.1852, sampling [1.0, -1.9645, 1.4315]. Recommendation = [0.0, 0.8384, 0.7109], Current Cost = 5268.00, Rho = 0.645
(iter 10) [0.0, 1.2010, 0.5475] = 376.1852, sampling [1.0, -1.1687, -0.0216]. Recommendation = [0.0, 0.8384, 0.7109], Current Cost = 5269.00, Rho = 0.645
(iter 10) [0.0, 1.2010, 0.5475] = 376.1852, sampling [1.0, 0.3160, -1.1478]. Recommendation = [0.0, 0.8384, 0.7109], Current Cost = 5270.00, Rho = 0.645
(iter 10) [0.0, 1.2010, 0.5475] = 376.1852, sampling [1.0, -0.2521, -1.5860]. Recommendation = [0.0, 0.8384, 0.7109], Current Cost = 5271.00, Rho = 0.645
(iter 10) [0.0, 1.2010, 0.5475] = 376.1852, sampling [1.0, -0.7468, -1.1200]. Recommendation = [0.0, 0.8384, 0.7109], Current Cost = 5272.00, Rho = 0.645
(iter 10) [0.0, 1.2010, 0.5475] = 376.1852, sampling [1.0, -0.5845, -1.3780]. Recommendation = [0.0, 0.8384, 0.7109], Current Cost = 5273.00, Rho = 0.645
(iter 10) [0.0, 1.2010, 0.5475] = 376.1852, sampling [1.0, 0.0386, 1.7009]. Recommendation = [0.0, 0.8384, 0.7109], Current Cost = 5274.00, Rho = 0.645
(iter 10) [0.0, 1.2010, 0.5475] = 376.1852, sampling [1.0, -1.3909, 0.3209]. Recommendation = [0.0, 0.8384, 0.7109], Current Cost = 5275.00, Rho = 0.645
(iter 10) [0.0, 1.2010, 0.5475] = 376.1852, sampling [1.0, 1.1812, -0.1540]. Recommendation = [0.0, 0.8384, 0.7109], Current Cost = 5276.00, Rho = 0.645
(iter 10) [0.0, 1.2010, 0.5475] = 376.1852, sampling [1.0, 0.6305, -1.1903]. Recommendation = [0.0, 0.8384, 0.7109], Current Cost = 5277.00, Rho = 0.645
(iter 10) [0.0, 1.2010, 0.5475] = 376.1852, sampling [1.0, 0.9303, -0.9132]. Recommendation = [0.0, 0.8384, 0.7109], Current Cost = 5278.00, Rho = 0.645
(iter 10) [0.0, 1.2010, 0.5475] = 376.1852, sampling [1.0, -0.3444, 1.8003]. Recommendation = [0.0, 0.8384, 0.7109], Current Cost = 5279.00, Rho = 0.645
(iter 10) [0.0, 1.2010, 0.5475] = 376.1852, sampling [1.0, -1.2289, -0.1503]. Recommendation = [0.0, 0.8384, 0.7109], Current Cost = 5280.00, Rho = 0.645
(iter 10) [0.0, 1.2010, 0.5475] = 376.1852, sampling [1.0, -0.6187, -1.8843]. Recommendation = [0.0, 0.8384, 0.7109], Current Cost = 5281.00, Rho = 0.645
(iter 10) [0.0, 1.2010, 0.5475] = 376.1852, sampling [1.0, 0.4726, -1.2031]. Recommendation = [0.0, 0.8384, 0.7109], Current Cost = 5282.00, Rho = 0.645
(iter 10) [0.0, 1.2010, 0.5475] = 376.1852, sampling [1.0, -1.3482, 0.1010]. Recommendation = [0.0, 0.8384, 0.7109], Current Cost = 5283.00, Rho = 0.645
(iter 10) [0.0, 1.2010, 0.5475] = 376.1852, sampling [1.0, -0.1044, 1.7888]. Recommendation = [0.0, 0.8384, 0.7109], Current Cost = 5284.00, Rho = 0.645
(iter 10) [0.0, 1.2010, 0.5475] = 376.1852, sampling [1.0, 0.2422, -1.4691]. Recommendation = [0.0, 0.8384, 0.7109], Current Cost = 5285.00, Rho = 0.645
(iter 10) [0.0, 1.2010, 0.5475] = 376.1852, sampling [1.0, -0.7997, -1.2908]. Recommendation = [0.0, 0.8384, 0.7109], Current Cost = 5286.00, Rho = 0.645
(iter 10) [0.0, 1.2010, 0.5475] = 376.1852, sampling [1.0, 0.4182, -1.7165]. Recommendation = [0.0, 0.8384, 0.7109], Current Cost = 5287.00, Rho = 0.645
(iter 10) [0.0, 1.2010, 0.5475] = 376.1852, sampling [1.0, 0.2255, 1.9494]. Recommendation = [0.0, 0.8384, 0.7109], Current Cost = 5288.00, Rho = 0.645
(iter 10) [0.0, 1.2010, 0.5475] = 376.1852, sampling [1.0, 0.1932, 1.7134]. Recommendation = [0.0, 0.8384, 0.7109], Current Cost = 5289.00, Rho = 0.645
(iter 10) [0.0, 1.2010, 0.5475] = 376.1852, sampling [1.0, 0.3754, 1.7417]. Recommendation = [0.0, 0.8384, 0.7109], Current Cost = 5290.00, Rho = 0.645
(iter 10) [0.0, 1.2010, 0.5475] = 376.1852, sampling [1.0, -1.1011, -0.8389]. Recommendation = [0.0, 0.8384, 0.7109], Current Cost = 5291.00, Rho = 0.645
(iter 10) [0.0, 1.2010, 0.5475] = 376.1852, sampling [1.0, 1.2632, -0.3505]. Recommendation = [0.0, 0.8384, 0.7109], Current Cost = 5292.00, Rho = 0.645
(iter 10) [0.0, 1.2010, 0.5475] = 376.1852, sampling [1.0, -1.6529, 1.0002]. Recommendation = [0.0, 0.8384, 0.7109], Current Cost = 5293.00, Rho = 0.645
(iter 10) [0.0, 1.2010, 0.5475] = 376.1852, sampling [1.0, 0.7556, -1.0630]. Recommendation = [0.0, 0.8384, 0.7109], Current Cost = 5294.00, Rho = 0.645
(iter 10) [0.0, 1.2010, 0.5475] = 376.1852, sampling [1.0, -0.4904, -1.3727]. Recommendation = [0.0, 0.8384, 0.7109], Current Cost = 5295.00, Rho = 0.645
(iter 10) [0.0, 1.2010, 0.5475] = 376.1852, sampling [1.0, 1.6072, 0.4329]. Recommendation = [0.0, 0.8384, 0.7109], Current Cost = 5296.00, Rho = 0.645
(iter 10) [0.0, 1.2010, 0.5475] = 376.1852, sampling [1.0, -0.2056, -1.4887]. Recommendation = [0.0, 0.8384, 0.7109], Current Cost = 5297.00, Rho = 0.645
(iter 10) [0.0, 1.2010, 0.5475] = 376.1852, sampling [1.0, 0.0760, -1.8012]. Recommendation = [0.0, 0.8384, 0.7109], Current Cost = 5298.00, Rho = 0.645
(iter 10) [0.0, 1.2010, 0.5475] = 376.1852, sampling [1.0, -0.0712, -1.5764]. Recommendation = [0.0, 0.8384, 0.7109], Current Cost = 5299.00, Rho = 0.645
(iter 10) [0.0, 1.2010, 0.5475] = 376.1852, sampling [1.0, 0.5955, -1.3866]. Recommendation = [0.0, 0.8384, 0.7109], Current Cost = 5300.00, Rho = 0.645
(iter 10) [0.0, 1.2010, 0.5475] = 376.1852, sampling [1.0, -1.0499, -1.1373]. Recommendation = [0.0, 0.8384, 0.7109], Current Cost = 5301.00, Rho = 0.645
(iter 10) [0.0, 1.2010, 0.5475] = 376.1852, sampling [1.0, -0.2971, -1.8647]. Recommendation = [0.0, 0.8384, 0.7109], Current Cost = 5302.00, Rho = 0.645
(iter 10) [0.0, 1.2010, 0.5475] = 376.1852, sampling [1.0, 1.1490, -0.2481]. Recommendation = [0.0, 0.8384, 0.7109], Current Cost = 5303.00, Rho = 0.645
(iter 10) [0.0, 1.2010, 0.5475] = 376.1852, sampling [1.0, -0.3910, -1.4858]. Recommendation = [0.0, 0.8384, 0.7109], Current Cost = 5304.00, Rho = 0.645
(iter 10) [0.0, 1.2010, 0.5475] = 376.1852, sampling [1.0, -1.2530, -1.9935]. Recommendation = [0.0, 0.8384, 0.7109], Current Cost = 5305.00, Rho = 0.645
(iter 10) [0.0, 1.2010, 0.5475] = 376.1852, sampling [1.0, -0.6577, -1.5516]. Recommendation = [0.0, 0.8384, 0.7109], Current Cost = 5306.00, Rho = 0.645
(iter 10) [0.0, 1.2010, 0.5475] = 376.1852, sampling [1.0, -1.7057, 1.1466]. Recommendation = [0.0, 0.8384, 0.7109], Current Cost = 5307.00, Rho = 0.645
(iter 10) [0.0, 1.2010, 0.5475] = 376.1852, sampling [1.0, 1.8615, 1.6381]. Recommendation = [0.0, 0.8384, 0.7109], Current Cost = 5308.00, Rho = 0.645
(iter 10) [0.0, 1.2010, 0.5475] = 376.1852, sampling [1.0, 0.5082, -1.0724]. Recommendation = [0.0, 0.8384, 0.7109], Current Cost = 5309.00, Rho = 0.645
(iter 10) [0.0, 1.2010, 0.5475] = 376.1852, sampling [1.0, -1.0258, -0.6034]. Recommendation = [0.0, 0.8384, 0.7109], Current Cost = 5310.00, Rho = 0.645
(iter 10) [0.0, 1.2010, 0.5475] = 376.1852, sampling [1.0, 1.8314, 1.8125]. Recommendation = [0.0, 0.8384, 0.7109], Current Cost = 5311.00, Rho = 0.645
(iter 10) [0.0, 1.2010, 0.5475] = 376.1852, sampling [1.0, 0.4103, -1.4551]. Recommendation = [0.0, 0.8384, 0.7109], Current Cost = 5312.00, Rho = 0.645
(iter 10) [0.0, 1.2010, 0.5475] = 376.1852, sampling [1.0, -1.6234, 0.6300]. Recommendation = [0.0, 0.8384, 0.7109], Current Cost = 5313.00, Rho = 0.645
(iter 10) [0.0, 1.2010, 0.5475] = 376.1852, sampling [1.0, -0.0265, 1.8985]. Recommendation = [0.0, 0.8384, 0.7109], Current Cost = 5314.00, Rho = 0.645
(iter 10) [0.0, 1.2010, 0.5475] = 376.1852, sampling [1.0, -1.0054, -0.7484]. Recommendation = [0.0, 0.8384, 0.7109], Current Cost = 5315.00, Rho = 0.645
(iter 10) [0.0, 1.2010, 0.5475] = 376.1852, sampling [1.0, -1.4094, 1.1276]. Recommendation = [0.0, 0.8384, 0.7109], Current Cost = 5316.00, Rho = 0.645
(iter 10) [0.0, 1.2010, 0.5475] = 376.1852, sampling [1.0, 1.9135, 0.8506]. Recommendation = [0.0, 0.8384, 0.7109], Current Cost = 5317.00, Rho = 0.645
(iter 10) [0.0, 1.2010, 0.5475] = 376.1852, sampling [1.0, 0.9726, -0.7725]. Recommendation = [0.0, 0.8384, 0.7109], Current Cost = 5318.00, Rho = 0.645
(iter 10) [0.0, 1.2010, 0.5475] = 376.1852, sampling [1.0, 0.5323, -1.9871]. Recommendation = [0.0, 0.8384, 0.7109], Current Cost = 5319.00, Rho = 0.645
(iter 10) [0.0, 1.2010, 0.5475] = 376.1852, sampling [1.0, 1.2283, -0.5110]. Recommendation = [0.0, 0.8384, 0.7109], Current Cost = 5320.00, Rho = 0.645
(iter 10) [0.0, 1.2010, 0.5475] = 376.1852, sampling [1.0, -1.6021, 0.1517]. Recommendation = [0.0, 0.8384, 0.7109], Current Cost = 5321.00, Rho = 0.645
(iter 10) [0.0, 1.2010, 0.5475] = 376.1852, sampling [1.0, -1.8648, 1.5989]. Recommendation = [0.0, 0.8384, 0.7109], Current Cost = 5322.00, Rho = 0.645
(iter 10) [0.0, 1.2010, 0.5475] = 376.1852, sampling [1.0, 1.9861, -0.3734]. Recommendation = [0.0, 0.8384, 0.7109], Current Cost = 5323.00, Rho = 0.645
(iter 10) [0.0, 1.2010, 0.5475] = 376.1852, sampling [1.0, 1.5313, 0.2264]. Recommendation = [0.0, 0.8384, 0.7109], Current Cost = 5324.00, Rho = 0.645
(iter 10) [0.0, 1.2010, 0.5475] = 376.1852, sampling [1.0, 1.7050, 1.8802]. Recommendation = [0.0, 0.8384, 0.7109], Current Cost = 5325.00, Rho = 0.645
(iter 10) [0.0, 1.2010, 0.5475] = 376.1852, sampling [1.0, 0.0272, -1.6795]. Recommendation = [0.0, 0.8384, 0.7109], Current Cost = 5326.00, Rho = 0.645
(iter 10) [0.0, 1.2010, 0.5475] = 376.1852, sampling [0.0, 1.3003, 1.5879]. Recommendation = [0.0, 0.8384, 0.7109], Current Cost = 5327.00, Rho = 0.645
(iter 332) [0.0, 1.3003, 1.5879] = 455.1513, sampling [1.0, 1.8078, 1.2552]. Recommendation = [0.0, 1.3003, 1.5879], Current Cost = 6327.00, Rho = 0.645
(iter 332) [0.0, 1.3003, 1.5879] = 455.1513, sampling [1.0, 1.9634, 1.6579]. Recommendation = [0.0, 1.3003, 1.5879], Current Cost = 6328.00, Rho = 0.645
(iter 332) [0.0, 1.3003, 1.5879] = 455.1513, sampling [0.0, -0.1634, 0.1146]. Recommendation = [0.0, 1.3003, 1.5879], Current Cost = 6329.00, Rho = 0.645
(iter 332) [0.0, 1.3003, 1.5879] = 455.1513, sampling [0.0, -1.4448, 1.8283]. Recommendation = [0.0, 1.3003, 1.5879], Current Cost = 7329.00, Rho = 0.645
(iter 332) [0.0, 1.3003, 1.5879] = 455.1513, sampling [0.0, -0.9417, 0.9225]. Recommendation = [0.0, 1.3003, 1.5879], Current Cost = 8329.00, Rho = 0.645
(iter 332) [0.0, 1.3003, 1.5879] = 455.1513, sampling [0.0, 0.4933, 0.3376]. Recommendation = [0.0, 1.3003, 1.5879], Current Cost = 9329.00, Rho = 0.645
(iter 338) [0.0, 0.4933, 0.3376] = 455.1549, sampling [0.0, 0.9917, 1.0155]. Recommendation = [0.0, 0.4933, 0.3376], Current Cost = 10329.00, Rho = 0.645
(iter 339) [0.0, 0.9917, 1.0155] = 456.1982, sampling [0.0, -0.7179, 0.2599]. Recommendation = [0.0, 0.9917, 1.0155], Current Cost = 11329.00, Rho = 0.645
(iter 339) [0.0, 0.9917, 1.0155] = 456.1982, sampling [0.0, -1.1677, 1.4991]. Recommendation = [0.0, 0.9917, 1.0155], Current Cost = 12329.00, Rho = 0.645
(iter 339) [0.0, 0.9917, 1.0155] = 456.1982, sampling [0.0, 0.2113, -0.2182]. Recommendation = [0.0, 0.9917, 1.0155], Current Cost = 13329.00, Rho = 0.645
(iter 339) [0.0, 0.9917, 1.0155] = 456.1982, sampling [0.0, -0.4210, 0.5656]. Recommendation = [0.0, 0.9917, 1.0155], Current Cost = 14329.00, Rho = 0.645
(iter 339) [0.0, 0.9917, 1.0155] = 456.1982, sampling [0.0, -0.3709, -0.2309]. Recommendation = [0.0, 0.9917, 1.0155], Current Cost = 15329.00, Rho = 0.645
(iter 339) [0.0, 0.9917, 1.0155] = 456.1982, sampling [0.0, 0.7688, 0.6603]. Recommendation = [0.0, 0.0217, -0.0122], Current Cost = 16329.00, Rho = 0.645
(iter 339) [0.0, 0.9917, 1.0155] = 456.1982, sampling [1.0, 0.2222, 1.7704]. Recommendation = [0.0, 0.0217, -0.0122], Current Cost = 17329.00, Rho = 0.645
(iter 339) [0.0, 0.9917, 1.0155] = 456.1982, sampling [0.0, 1.1673, 1.9857]. Recommendation = [0.0, 0.0217, -0.0122], Current Cost = 17330.00, Rho = 0.645
(iter 339) [0.0, 0.9917, 1.0155] = 456.1982, sampling [0.0, 1.0187, 1.2815]. Recommendation = [0.0, 0.0217, -0.0122], Current Cost = 18330.00, Rho = 0.645
(iter 339) [0.0, 0.9917, 1.0155] = 456.1982, sampling [0.0, 0.2389, 0.3063]. Recommendation = [0.0, 0.0217, -0.0122], Current Cost = 19330.00, Rho = 0.645
(iter 339) [0.0, 0.9917, 1.0155] = 456.1982, sampling [0.0, 0.6355, -0.1061]. Recommendation = [0.0, 0.9917, 1.0155], Current Cost = 20330.00, Rho = 0.645
(iter 339) [0.0, 0.9917, 1.0155] = 456.1982, sampling [1.0, 0.8787, -1.2192]. Recommendation = [0.0, 0.4601, 0.1877], Current Cost = 21330.00, Rho = 0.645
(iter 339) [0.0, 0.9917, 1.0155] = 456.1982, sampling [0.0, 1.6727, 1.9988]. Recommendation = [0.0, 0.4601, 0.1877], Current Cost = 21331.00, Rho = 0.645
(iter 339) [0.0, 0.9917, 1.0155] = 456.1982, sampling [1.0, 0.1010, 1.9397]. Recommendation = [0.0, 0.4601, 0.1877], Current Cost = 22331.00, Rho = 0.645
(iter 339) [0.0, 0.9917, 1.0155] = 456.1982, sampling [1.0, 1.9806, 1.8423]. Recommendation = [0.0, 0.4601, 0.1877], Current Cost = 22332.00, Rho = 0.645
(iter 339) [0.0, 0.9917, 1.0155] = 456.1982, sampling [0.0, 0.0045, -0.5275]. Recommendation = [0.0, 0.4601, 0.1877], Current Cost = 22333.00, Rho = 0.645
(iter 339) [0.0, 0.9917, 1.0155] = 456.1982, sampling [1.0, -1.9413, 0.5703]. Recommendation = [0.0, 0.0217, -0.0122], Current Cost = 23333.00, Rho = 0.645
(iter 339) [0.0, 0.9917, 1.0155] = 456.1982, sampling [0.0, -0.8508, 1.2983]. Recommendation = [0.0, 0.0217, -0.0122], Current Cost = 23334.00, Rho = 0.645
(iter 339) [0.0, 0.9917, 1.0155] = 456.1982, sampling [0.0, 0.4990, 0.7136]. Recommendation = [0.0, 0.0217, -0.0122], Current Cost = 24334.00, Rho = 0.645
(iter 339) [0.0, 0.9917, 1.0155] = 456.1982, sampling [0.0, -0.8096, 0.4954]. Recommendation = [0.0, 0.0217, -0.0122], Current Cost = 25334.00, Rho = 0.645
(iter 339) [0.0, 0.9917, 1.0155] = 456.1982, sampling [0.0, 1.3096, 1.2713]. Recommendation = [0.0, 0.0217, -0.0122], Current Cost = 26334.00, Rho = 0.645
(iter 339) [0.0, 0.9917, 1.0155] = 456.1982, sampling [1.0, -1.4053, -0.1902]. Recommendation = [0.0, 0.0217, -0.0122], Current Cost = 27334.00, Rho = 0.645
(iter 339) [0.0, 0.9917, 1.0155] = 456.1982, sampling [0.0, -0.4322, 0.0371]. Recommendation = [0.0, 0.0217, -0.0122], Current Cost = 27335.00, Rho = 0.645
(iter 339) [0.0, 0.9917, 1.0155] = 456.1982, sampling [0.0, 0.0217, -0.0122]. Recommendation = [0.0, 0.0217, -0.0122], Current Cost = 28335.00, Rho = 0.645
(iter 339) [0.0, 0.9917, 1.0155] = 456.1982, sampling [0.0, 0.8571, 0.4272]. Recommendation = [0.0, 0.9917, 1.0155], Current Cost = 29335.00, Rho = 0.645
(iter 339) [0.0, 0.9917, 1.0155] = 456.1982, sampling [0.0, -1.0796, 1.8793]. Recommendation = [0.0, 0.4601, 0.1877], Current Cost = 30335.00, Rho = 0.645
(iter 339) [0.0, 0.9917, 1.0155] = 456.1982, sampling [0.0, 0.0881, 0.5882]. Recommendation = [0.0, 0.4601, 0.1877], Current Cost = 31335.00, Rho = 0.645
(iter 339) [0.0, 0.9917, 1.0155] = 456.1982, sampling [1.0, 1.7451, 1.0624]. Recommendation = [0.0, 0.4601, 0.1877], Current Cost = 32335.00, Rho = 0.645
(iter 339) [0.0, 0.9917, 1.0155] = 456.1982, sampling [0.0, -1.3615, 1.3096]. Recommendation = [0.0, 0.4601, 0.1877], Current Cost = 32336.00, Rho = 0.645
(iter 339) [0.0, 0.9917, 1.0155] = 456.1982, sampling [0.0, 0.2664, -0.0266]. Recommendation = [0.0, 0.4601, 0.1877], Current Cost = 33336.00, Rho = 0.645
(iter 339) [0.0, 0.9917, 1.0155] = 456.1982, sampling [0.0, 0.9166, 0.8574]. Recommendation = [0.0, 0.4601, 0.1877], Current Cost = 34336.00, Rho = 0.645
(iter 370) [0.0, 0.9166, 0.8574] = 456.2637, sampling [0.0, -0.7005, 0.9777]. Recommendation = [0.0, 0.9166, 0.8574], Current Cost = 35336.00, Rho = 0.645
(iter 370) [0.0, 0.9166, 0.8574] = 456.2637, sampling [0.0, -0.2218, 0.2970]. Recommendation = [0.0, 0.9166, 0.8574], Current Cost = 36336.00, Rho = 0.645
(iter 370) [0.0, 0.9166, 0.8574] = 456.2637, sampling [0.0, -0.6494, -0.0728]. Recommendation = [0.0, 0.9166, 0.8574], Current Cost = 37336.00, Rho = 0.645
(iter 370) [0.0, 0.9166, 0.8574] = 456.2637, sampling [0.0, 1.0563, 1.6786]. Recommendation = [0.0, 0.9166, 0.8574], Current Cost = 38336.00, Rho = 0.645
(iter 370) [0.0, 0.9166, 0.8574] = 456.2637, sampling [0.0, -0.1219, -0.3147]. Recommendation = [0.0, 0.9166, 0.8574], Current Cost = 39336.00, Rho = 0.645
(iter 370) [0.0, 0.9166, 0.8574] = 456.2637, sampling [0.0, 0.4601, 0.1877]. Recommendation = [0.0, 0.9166, 0.8574], Current Cost = 40336.00, Rho = 0.645
(iter 370) [0.0, 0.9166, 0.8574] = 456.2637, sampling [0.0, 0.6453, 0.3196]. Recommendation = [0.0, 0.9166, 0.8574], Current Cost = 41336.00, Rho = 0.645
(iter 370) [0.0, 0.9166, 0.8574] = 456.2637, sampling [0.0, 0.8286, 1.0448]. Recommendation = [0.0, 0.7315, 0.5193], Current Cost = 42336.00, Rho = 0.645
(iter 370) [0.0, 0.9166, 0.8574] = 456.2637, sampling [0.0, 0.4058, -0.4671]. Recommendation = [0.0, 0.7315, 0.5193], Current Cost = 43336.00, Rho = 0.645
(iter 370) [0.0, 0.9166, 0.8574] = 456.2637, sampling [0.0, -1.5535, 1.9684]. Recommendation = [0.0, 0.7315, 0.5193], Current Cost = 44336.00, Rho = 0.645
(iter 370) [0.0, 0.9166, 0.8574] = 456.2637, sampling [0.0, -1.0362, 1.0340]. Recommendation = [0.0, 0.7315, 0.5193], Current Cost = 45336.00, Rho = 0.645
(iter 370) [0.0, 0.9166, 0.8574] = 456.2637, sampling [0.0, -0.6753, 0.5810]. Recommendation = [0.0, 0.7315, 0.5193], Current Cost = 46336.00, Rho = 0.645
(iter 370) [0.0, 0.9166, 0.8574] = 456.2637, sampling [0.0, -1.0820, 0.6699]. Recommendation = [0.0, 0.7315, 0.5193], Current Cost = 47336.00, Rho = 0.645
(iter 370) [0.0, 0.9166, 0.8574] = 456.2637, sampling [0.0, 1.1587, 1.4044]. Recommendation = [0.0, 0.7315, 0.5193], Current Cost = 48336.00, Rho = 0.645
(iter 370) [0.0, 0.9166, 0.8574] = 456.2637, sampling [1.0, -1.1451, -0.6604]. Recommendation = [0.0, 0.7315, 0.5193], Current Cost = 49336.00, Rho = 0.645
(iter 370) [0.0, 0.9166, 0.8574] = 456.2637, sampling [0.0, -0.0236, 0.1795]. Recommendation = [0.0, 0.7315, 0.5193], Current Cost = 49337.00, Rho = 0.645
(iter 370) [0.0, 0.9166, 0.8574] = 456.2637, sampling [0.0, -0.3806, -0.5641]. Recommendation = [0.0, 0.7315, 0.5193], Current Cost = 50337.00, Rho = 0.645
(iter 370) [0.0, 0.9166, 0.8574] = 456.2637, sampling [0.0, 0.5534, 0.5525]. Recommendation = [0.0, 0.7315, 0.5193], Current Cost = 51337.00, Rho = 0.645
(iter 370) [0.0, 0.9166, 0.8574] = 456.2637, sampling [0.0, -1.4173, 1.5700]. Recommendation = [0.0, 0.9166, 0.8574], Current Cost = 52337.00, Rho = 0.645
(iter 370) [0.0, 0.9166, 0.8574] = 456.2637, sampling [0.0, 0.7016, 0.8729]. Recommendation = [0.0, 0.9166, 0.8574], Current Cost = 53337.00, Rho = 0.645
(iter 370) [0.0, 0.9166, 0.8574] = 456.2637, sampling [0.0, 1.0742, 1.1545]. Recommendation = [0.0, 0.9166, 0.8574], Current Cost = 54337.00, Rho = 0.645
(iter 391) [0.0, 1.0742, 1.1545] = 456.2945, sampling [0.0, -0.2628, 0.7672]. Recommendation = [0.0, 1.0742, 1.1545], Current Cost = 55337.00, Rho = 0.645
(iter 391) [0.0, 1.0742, 1.1545] = 456.2945, sampling [0.0, 0.3859, 0.4846]. Recommendation = [0.0, 1.0742, 1.1545], Current Cost = 56337.00, Rho = 0.645
(iter 391) [0.0, 1.0742, 1.1545] = 456.2945, sampling [0.0, 1.1729, 0.7896]. Recommendation = [0.0, 1.0742, 1.1545], Current Cost = 57337.00, Rho = 0.645
(iter 391) [0.0, 1.0742, 1.1545] = 456.2945, sampling [0.0, -0.2719, -0.1400]. Recommendation = [0.0, 1.0742, 1.1545], Current Cost = 58337.00, Rho = 0.645
(iter 391) [0.0, 1.0742, 1.1545] = 456.2945, sampling [0.0, 0.9045, 0.0218]. Recommendation = [0.0, 1.0742, 1.1545], Current Cost = 59337.00, Rho = 0.645
(iter 391) [0.0, 1.0742, 1.1545] = 456.2945, sampling [0.0, -0.0019, -0.2377]. Recommendation = [0.0, 1.0742, 1.1545], Current Cost = 60337.00, Rho = 0.645
(iter 391) [0.0, 1.0742, 1.1545] = 456.2945, sampling [0.0, 0.3614, -0.2017]. Recommendation = [0.0, 1.0742, 1.1545], Current Cost = 61337.00, Rho = 0.645
(iter 391) [0.0, 1.0742, 1.1545] = 456.2945, sampling [0.0, -0.6038, 0.1115]. Recommendation = [0.0, 1.0742, 1.1545], Current Cost = 62337.00, Rho = 0.645
(iter 391) [0.0, 1.0742, 1.1545] = 456.2945, sampling [0.0, 0.8073, 1.3169]. Recommendation = [0.0, 1.0742, 1.1545], Current Cost = 63337.00, Rho = 0.645
(iter 391) [0.0, 1.0742, 1.1545] = 456.2945, sampling [0.0, 0.6934, 0.4667]. Recommendation = [0.0, 1.0742, 1.1545], Current Cost = 64337.00, Rho = 0.645
(iter 391) [0.0, 1.0742, 1.1545] = 456.2945, sampling [0.0, -0.5714, 0.7287]. Recommendation = [0.0, 1.0742, 1.1545], Current Cost = 65337.00, Rho = 0.645
(iter 391) [0.0, 1.0742, 1.1545] = 456.2945, sampling [1.0, 1.1367, -0.8609]. Recommendation = [0.0, 1.0742, 1.1545], Current Cost = 66337.00, Rho = 0.645
(iter 391) [0.0, 1.0742, 1.1545] = 456.2945, sampling [0.0, -0.1845, 0.4504]. Recommendation = [0.0, 1.0742, 1.1545], Current Cost = 66338.00, Rho = 0.645
(iter 391) [0.0, 1.0742, 1.1545] = 456.2945, sampling [0.0, 1.4432, 1.4743]. Recommendation = [0.0, 1.0742, 1.1545], Current Cost = 67338.00, Rho = 0.645
(iter 391) [0.0, 1.0742, 1.1545] = 456.2945, sampling [0.0, 0.0688, -0.8063]. Recommendation = [0.0, 1.0742, 1.1545], Current Cost = 68338.00, Rho = 0.645
(iter 391) [0.0, 1.0742, 1.1545] = 456.2945, sampling [0.0, -0.3053, 0.0488]. Recommendation = [0.0, 1.0742, 1.1545], Current Cost = 69338.00, Rho = 0.645
(iter 391) [0.0, 1.0742, 1.1545] = 456.2945, sampling [0.0, -0.8850, 0.3512]. Recommendation = [0.0, 1.0742, 1.1545], Current Cost = 70338.00, Rho = 0.645
(iter 391) [0.0, 1.0742, 1.1545] = 456.2945, sampling [0.0, -1.0152, 1.5485]. Recommendation = [0.0, 1.0742, 1.1545], Current Cost = 71338.00, Rho = 0.645
(iter 391) [0.0, 1.0742, 1.1545] = 456.2945, sampling [0.0, 0.3554, 0.2340]. Recommendation = [0.0, 1.0742, 1.1545], Current Cost = 72338.00, Rho = 0.645
(iter 391) [0.0, 1.0742, 1.1545] = 456.2945, sampling [0.0, 0.8384, 0.7109]. Recommendation = [0.0, 1.0742, 1.1545], Current Cost = 73338.00, Rho = 0.645
(iter 391) [0.0, 1.0742, 1.1545] = 456.2945, sampling [0.0, -0.5803, -0.2618]. Recommendation = [0.0, 1.0742, 1.1545], Current Cost = 74338.00, Rho = 0.645
(iter 391) [0.0, 1.0742, 1.1545] = 456.2945, sampling [0.0, 1.0104, 0.9003]. Recommendation = [0.0, 1.0742, 1.1545], Current Cost = 75338.00, Rho = 0.645
(iter 391) [0.0, 1.0742, 1.1545] = 456.2945, sampling [0.0, 0.2519, 0.7503]. Recommendation = [0.0, 1.0742, 1.1545], Current Cost = 76338.00, Rho = 0.645
(iter 391) [0.0, 1.0742, 1.1545] = 456.2945, sampling [0.0, -1.0958, 0.8002]. Recommendation = [0.0, 1.0742, 1.1545], Current Cost = 77338.00, Rho = 0.645
(iter 391) [0.0, 1.0742, 1.1545] = 456.2945, sampling [0.0, 0.1861, -0.0556]. Recommendation = [0.0, 1.0742, 1.1545], Current Cost = 78338.00, Rho = 0.645
(iter 391) [0.0, 1.0742, 1.1545] = 456.2945, sampling [0.0, 0.6676, 0.7037]. Recommendation = [0.0, 1.0742, 1.1545], Current Cost = 79338.00, Rho = 0.645
(iter 391) [0.0, 1.0742, 1.1545] = 456.2945, sampling [0.0, -0.8279, 1.1420]. Recommendation = [0.0, 1.0742, 1.1545], Current Cost = 80338.00, Rho = 0.645
(iter 391) [0.0, 1.0742, 1.1545] = 456.2945, sampling [0.0, -0.4283, -0.0856]. Recommendation = [0.0, 1.0742, 1.1545], Current Cost = 81338.00, Rho = 0.645
(iter 391) [0.0, 1.0742, 1.1545] = 456.2945, sampling [0.0, 0.9530, 1.4427]. Recommendation = [0.0, 1.0742, 1.1545], Current Cost = 82338.00, Rho = 0.645
(iter 391) [0.0, 1.0742, 1.1545] = 456.2945, sampling [0.0, 1.2398, 1.5413]. Recommendation = [0.0, 1.0742, 1.1545], Current Cost = 83338.00, Rho = 0.645
(iter 391) [0.0, 1.0742, 1.1545] = 456.2945, sampling [0.0, 0.5850, 0.9998]. Recommendation = [0.0, 1.0742, 1.1545], Current Cost = 84338.00, Rho = 0.645
(iter 391) [0.0, 1.0742, 1.1545] = 456.2945, sampling [0.0, -0.8411, -0.0457]. Recommendation = [0.0, 1.0742, 1.1545], Current Cost = 85338.00, Rho = 0.645
(iter 391) [0.0, 1.0742, 1.1545] = 456.2945, sampling [0.0, 0.5749, -0.3271]. Recommendation = [0.0, 1.0742, 1.1545], Current Cost = 86338.00, Rho = 0.645
(iter 391) [0.0, 1.0742, 1.1545] = 456.2945, sampling [0.0, -0.2367, 0.1981]. Recommendation = [0.0, 1.0742, 1.1545], Current Cost = 87338.00, Rho = 0.645
(iter 391) [0.0, 1.0742, 1.1545] = 456.2945, sampling [0.0, -0.4467, 1.0526]. Recommendation = [0.0, 1.0742, 1.1545], Current Cost = 88338.00, Rho = 0.645
(iter 391) [0.0, 1.0742, 1.1545] = 456.2945, sampling [0.0, -0.2921, -0.4219]. Recommendation = [0.0, 1.0742, 1.1545], Current Cost = 89338.00, Rho = 0.645
(iter 391) [0.0, 1.0742, 1.1545] = 456.2945, sampling [0.0, -1.3362, 0.9663]. Recommendation = [0.0, 1.0742, 1.1545], Current Cost = 90338.00, Rho = 0.645
(iter 391) [0.0, 1.0742, 1.1545] = 456.2945, sampling [0.0, 0.7951, 0.8385]. Recommendation = [0.0, 1.0742, 1.1545], Current Cost = 91338.00, Rho = 0.645
(iter 391) [0.0, 1.0742, 1.1545] = 456.2945, sampling [0.0, 1.0827, 0.6733]. Recommendation = [0.0, 1.0742, 1.1545], Current Cost = 92338.00, Rho = 0.645
(iter 391) [0.0, 1.0742, 1.1545] = 456.2945, sampling [0.0, 0.7315, 0.5193]. Recommendation = [0.0, 1.0742, 1.1545], Current Cost = 93338.00, Rho = 0.645
(iter 391) [0.0, 1.0742, 1.1545] = 456.2945, sampling [1.0, 0.7239, -1.3315]. Recommendation = [0.0, 1.0742, 1.1545], Current Cost = 94338.00, Rho = 0.645
(iter 391) [0.0, 1.0742, 1.1545] = 456.2945, sampling [0.0, 0.1822, -0.6238]. Recommendation = [0.0, 1.0742, 1.1545], Current Cost = 94339.00, Rho = 0.645
(iter 391) [0.0, 1.0742, 1.1545] = 456.2945, sampling [0.0, -0.1457, -0.6839]. Recommendation = [0.0, 1.0742, 1.1545], Current Cost = 95339.00, Rho = 0.645
(iter 391) [0.0, 1.0742, 1.1545] = 456.2945, sampling [0.0, 1.0266, 0.2655]. Recommendation = [0.0, 1.0742, 1.1545], Current Cost = 96339.00, Rho = 0.645
(iter 391) [0.0, 1.0742, 1.1545] = 456.2945, sampling [1.0, 0.2001, -1.5045]. Recommendation = [0.0, 1.0742, 1.1545], Current Cost = 97339.00, Rho = 0.645
(iter 391) [0.0, 1.0742, 1.1545] = 456.2945, sampling [0.0, 0.5620, 0.3544]. Recommendation = [0.0, 1.0742, 1.1545], Current Cost = 97340.00, Rho = 0.645
(iter 391) [0.0, 1.0742, 1.1545] = 456.2945, sampling [0.0, -1.3086, 1.3707]. Recommendation = [0.0, 1.0742, 1.1545], Current Cost = 98340.00, Rho = 0.645
(iter 391) [0.0, 1.0742, 1.1545] = 456.2945, sampling [0.0, 0.6625, 0.3829]. Recommendation = [0.0, 1.0742, 1.1545], Current Cost = 99340.00, Rho = 0.645
