(iter 10) [0.0, -0.2796, 0.2450] = 451.8807, sampling [1.0, -0.1808, 0.6158]. Recommendation = [0.0, -0.2796, 0.2450], Current Cost = 5005.00, Rho = 1.000
(iter 10) [0.0, -0.2796, 0.2450] = 451.8807, sampling [1.0, -0.5714, 1.0183]. Recommendation = [0.0, -0.2796, 0.2450], Current Cost = 5006.00, Rho = 1.000
(iter 10) [0.0, -0.2796, 0.2450] = 451.8807, sampling [1.0, -0.4550, 0.6922]. Recommendation = [0.0, -0.2796, 0.2450], Current Cost = 5007.00, Rho = 1.000
(iter 10) [0.0, -0.2796, 0.2450] = 451.8807, sampling [1.0, -0.2170, 0.4119]. Recommendation = [0.0, -0.2796, 0.2450], Current Cost = 5008.00, Rho = 1.000
(iter 10) [0.0, -0.2796, 0.2450] = 451.8807, sampling [1.0, -0.9128, 1.0958]. Recommendation = [0.0, -0.2796, 0.2450], Current Cost = 5009.00, Rho = 1.000
(iter 10) [0.0, -0.2796, 0.2450] = 451.8807, sampling [1.0, -0.8967, 1.4049]. Recommendation = [0.0, -0.2796, 0.2450], Current Cost = 5010.00, Rho = 1.000
(iter 10) [0.0, -0.2796, 0.2450] = 451.8807, sampling [1.0, 0.0776, 0.3708]. Recommendation = [0.0, -0.2796, 0.2450], Current Cost = 5011.00, Rho = 1.000
(iter 10) [0.0, -0.2796, 0.2450] = 451.8807, sampling [1.0, -0.0915, 0.3781]. Recommendation = [0.0, -0.2796, 0.2450], Current Cost = 5012.00, Rho = 1.000
(iter 10) [0.0, -0.2796, 0.2450] = 451.8807, sampling [1.0, -0.0818, 0.9642]. Recommendation = [0.0, -0.2796, 0.2450], Current Cost = 5013.00, Rho = 1.000
(iter 10) [0.0, -0.2796, 0.2450] = 451.8807, sampling [1.0, 0.2586, 0.5429]. Recommendation = [0.0, -0.2796, 0.2450], Current Cost = 5014.00, Rho = 1.000
(iter 10) [0.0, -0.2796, 0.2450] = 451.8807, sampling [1.0, 0.0473, 0.5293]. Recommendation = [0.0, -0.2796, 0.2450], Current Cost = 5015.00, Rho = 1.000
(iter 10) [0.0, -0.2796, 0.2450] = 451.8807, sampling [1.0, -0.0446, 0.1388]. Recommendation = [0.0, -0.2796, 0.2450], Current Cost = 5016.00, Rho = 1.000
(iter 10) [0.0, -0.2796, 0.2450] = 451.8807, sampling [1.0, 0.2273, 0.1701]. Recommendation = [0.0, -0.0446, 0.1388], Current Cost = 5017.00, Rho = 1.000
(iter 10) [0.0, -0.2796, 0.2450] = 451.8807, sampling [1.0, 0.3337, 0.3257]. Recommendation = [0.0, 0.0828, 0.2574], Current Cost = 5018.00, Rho = 1.000
(iter 10) [0.0, -0.2796, 0.2450] = 451.8807, sampling [1.0, 0.6515, 0.3940]. Recommendation = [0.0, 0.1221, 0.2693], Current Cost = 5019.00, Rho = 1.000
(iter 10) [0.0, -0.2796, 0.2450] = 451.8807, sampling [1.0, 0.7141, 0.6349]. Recommendation = [0.0, 0.6515, 0.3940], Current Cost = 5020.00, Rho = 1.000
(iter 10) [0.0, -0.2796, 0.2450] = 451.8807, sampling [1.0, 0.5195, 0.8344]. Recommendation = [0.0, 0.6515, 0.3940], Current Cost = 5021.00, Rho = 1.000
(iter 10) [0.0, -0.2796, 0.2450] = 451.8807, sampling [1.0, 0.4116, 0.1587]. Recommendation = [0.0, 0.6667, 0.5708], Current Cost = 5022.00, Rho = 1.000
(iter 10) [0.0, -0.2796, 0.2450] = 451.8807, sampling [1.0, 0.8792, 0.4886]. Recommendation = [0.0, 0.6667, 0.5708], Current Cost = 5023.00, Rho = 1.000
(iter 10) [0.0, -0.2796, 0.2450] = 451.8807, sampling [1.0, 0.8492, 0.7756]. Recommendation = [0.0, 0.6667, 0.5708], Current Cost = 5024.00, Rho = 1.000
(iter 10) [0.0, -0.2796, 0.2450] = 451.8807, sampling [1.0, 1.0223, 0.6502]. Recommendation = [0.0, 0.6667, 0.5708], Current Cost = 5025.00, Rho = 1.000
(iter 10) [0.0, -0.2796, 0.2450] = 451.8807, sampling [1.0, 0.9014, 0.1994]. Recommendation = [0.0, 0.6667, 0.5708], Current Cost = 5026.00, Rho = 1.000
(iter 10) [0.0, -0.2796, 0.2450] = 451.8807, sampling [1.0, 0.5505, -0.0734]. Recommendation = [0.0, 0.6667, 0.5708], Current Cost = 5027.00, Rho = 1.000
(iter 10) [0.0, -0.2796, 0.2450] = 451.8807, sampling [1.0, 0.1627, -0.1165]. Recommendation = [0.0, 0.4116, 0.1587], Current Cost = 5028.00, Rho = 1.000
(iter 10) [0.0, -0.2796, 0.2450] = 451.8807, sampling [1.0, 0.3524, 0.0470]. Recommendation = [0.0, 0.3524, 0.0470], Current Cost = 5029.00, Rho = 1.000
(iter 10) [0.0, -0.2796, 0.2450] = 451.8807, sampling [1.0, 0.0912, 0.0707]. Recommendation = [0.0, 0.4116, 0.1587], Current Cost = 5030.00, Rho = 1.000
(iter 10) [0.0, -0.2796, 0.2450] = 451.8807, sampling [1.0, 0.6667, 0.5708]. Recommendation = [0.0, 0.4116, 0.1587], Current Cost = 5031.00, Rho = 1.000
(iter 10) [0.0, -0.2796, 0.2450] = 451.8807, sampling [1.0, 0.0828, 0.2574]. Recommendation = [0.0, 0.4116, 0.1587], Current Cost = 5032.00, Rho = 1.000
(iter 10) [0.0, -0.2796, 0.2450] = 451.8807, sampling [1.0, 0.3651, 0.4210]. Recommendation = [0.0, 0.4116, 0.1587], Current Cost = 5033.00, Rho = 1.000
(iter 10) [0.0, -0.2796, 0.2450] = 451.8807, sampling [1.0, 0.4268, -0.1083]. Recommendation = [0.0, 0.4116, 0.1587], Current Cost = 5034.00, Rho = 1.000
(iter 10) [0.0, -0.2796, 0.2450] = 451.8807, sampling [1.0, 0.4541, 0.0359]. Recommendation = [0.0, 0.4116, 0.1587], Current Cost = 5035.00, Rho = 1.000
(iter 10) [0.0, -0.2796, 0.2450] = 451.8807, sampling [1.0, -0.0696, -0.0094]. Recommendation = [0.0, 0.4116, 0.1587], Current Cost = 5036.00, Rho = 1.000
(iter 10) [0.0, -0.2796, 0.2450] = 451.8807, sampling [1.0, -0.6654, 0.8056]. Recommendation = [0.0, 0.4116, 0.1587], Current Cost = 5037.00, Rho = 1.000
(iter 10) [0.0, -0.2796, 0.2450] = 451.8807, sampling [1.0, -0.8012, 1.0745]. Recommendation = [0.0, 0.4116, 0.1587], Current Cost = 5038.00, Rho = 1.000
(iter 10) [0.0, -0.2796, 0.2450] = 451.8807, sampling [1.0, 0.0220, -0.0431]. Recommendation = [0.0, 0.4116, 0.1587], Current Cost = 5039.00, Rho = 1.000
(iter 10) [0.0, -0.2796, 0.2450] = 451.8807, sampling [1.0, 0.7681, 0.9353]. Recommendation = [0.0, 0.4116, 0.1587], Current Cost = 5040.00, Rho = 1.000
(iter 10) [0.0, -0.2796, 0.2450] = 451.8807, sampling [1.0, 0.9937, 0.9372]. Recommendation = [0.0, 0.8157, 0.7575], Current Cost = 5041.00, Rho = 1.000
(iter 10) [0.0, -0.2796, 0.2450] = 451.8807, sampling [1.0, -0.6039, 0.4382]. Recommendation = [0.0, 0.8803, 0.8231], Current Cost = 5042.00, Rho = 1.000
(iter 10) [0.0, -0.2796, 0.2450] = 451.8807, sampling [1.0, -0.5894, 0.6270]. Recommendation = [0.0, 0.8803, 0.8231], Current Cost = 5043.00, Rho = 1.000
(iter 10) [0.0, -0.2796, 0.2450] = 451.8807, sampling [1.0, -0.8914, 0.7605]. Recommendation = [0.0, 0.8803, 0.8231], Current Cost = 5044.00, Rho = 1.000
(iter 10) [0.0, -0.2796, 0.2450] = 451.8807, sampling [1.0, -0.6990, 0.5805]. Recommendation = [0.0, 0.8803, 0.8231], Current Cost = 5045.00, Rho = 1.000
(iter 10) [0.0, -0.2796, 0.2450] = 451.8807, sampling [1.0, -0.5467, 0.3121]. Recommendation = [0.0, 0.8803, 0.8231], Current Cost = 5046.00, Rho = 1.000
(iter 10) [0.0, -0.2796, 0.2450] = 451.8807, sampling [1.0, -0.3254, 0.0785]. Recommendation = [0.0, 0.8803, 0.8231], Current Cost = 5047.00, Rho = 1.000
(iter 10) [0.0, -0.2796, 0.2450] = 451.8807, sampling [1.0, 0.8720, 0.8488]. Recommendation = [0.0, 0.8803, 0.8231], Current Cost = 5048.00, Rho = 1.000
(iter 10) [0.0, -0.2796, 0.2450] = 451.8807, sampling [1.0, -0.2810, 0.1507]. Recommendation = [0.0, -0.2810, 0.1507], Current Cost = 5049.00, Rho = 1.000
(iter 10) [0.0, -0.2796, 0.2450] = 451.8807, sampling [1.0, -0.1969, -0.1240]. Recommendation = [0.0, 0.8803, 0.8231], Current Cost = 5050.00, Rho = 1.000
(iter 10) [0.0, -0.2796, 0.2450] = 451.8807, sampling [1.0, 0.1171, -0.4324]. Recommendation = [0.0, 0.8803, 0.8231], Current Cost = 5051.00, Rho = 1.000
(iter 10) [0.0, -0.2796, 0.2450] = 451.8807, sampling [1.0, 0.5902, -0.3075]. Recommendation = [0.0, 0.8803, 0.8231], Current Cost = 5052.00, Rho = 1.000
(iter 10) [0.0, -0.2796, 0.2450] = 451.8807, sampling [1.0, 0.3747, -0.5282]. Recommendation = [0.0, 0.8803, 0.8231], Current Cost = 5053.00, Rho = 1.000
(iter 10) [0.0, -0.2796, 0.2450] = 451.8807, sampling [1.0, 0.3405, 0.8625]. Recommendation = [0.0, 0.8803, 0.8231], Current Cost = 5054.00, Rho = 1.000
(iter 10) [0.0, -0.2796, 0.2450] = 451.8807, sampling [1.0, 1.0864, 0.7358]. Recommendation = [0.0, 0.8803, 0.8231], Current Cost = 5055.00, Rho = 1.000
(iter 10) [0.0, -0.2796, 0.2450] = 451.8807, sampling [1.0, -0.3078, -0.0256]. Recommendation = [0.0, 0.8803, 0.8231], Current Cost = 5056.00, Rho = 1.000
(iter 10) [0.0, -0.2796, 0.2450] = 451.8807, sampling [1.0, -0.8859, 0.6017]. Recommendation = [0.0, 0.8803, 0.8231], Current Cost = 5057.00, Rho = 1.000
(iter 10) [0.0, -0.2796, 0.2450] = 451.8807, sampling [1.0, -0.7419, 0.4475]. Recommendation = [0.0, 0.8803, 0.8231], Current Cost = 5058.00, Rho = 1.000
(iter 10) [0.0, -0.2796, 0.2450] = 451.8807, sampling [1.0, 0.7913, -0.1548]. Recommendation = [0.0, 0.8803, 0.8231], Current Cost = 5059.00, Rho = 1.000
(iter 10) [0.0, -0.2796, 0.2450] = 451.8807, sampling [1.0, -0.2031, -0.2921]. Recommendation = [0.0, 0.8803, 0.8231], Current Cost = 5060.00, Rho = 1.000
(iter 10) [0.0, -0.2796, 0.2450] = 451.8807, sampling [1.0, 0.0108, -0.4050]. Recommendation = [0.0, 0.8803, 0.8231], Current Cost = 5061.00, Rho = 1.000
(iter 10) [0.0, -0.2796, 0.2450] = 451.8807, sampling [1.0, 1.1378, 0.3520]. Recommendation = [0.0, 0.8803, 0.8231], Current Cost = 5062.00, Rho = 1.000
(iter 10) [0.0, -0.2796, 0.2450] = 451.8807, sampling [1.0, -0.5977, 1.3274]. Recommendation = [0.0, 0.8803, 0.8231], Current Cost = 5063.00, Rho = 1.000
(iter 10) [0.0, -0.2796, 0.2450] = 451.8807, sampling [1.0, 0.8404, 1.0401]. Recommendation = [0.0, 0.8803, 0.8231], Current Cost = 5064.00, Rho = 1.000
(iter 10) [0.0, -0.2796, 0.2450] = 451.8807, sampling [1.0, -0.4275, 0.8303]. Recommendation = [0.0, 0.8803, 0.8231], Current Cost = 5065.00, Rho = 1.000
(iter 10) [0.0, -0.2796, 0.2450] = 451.8807, sampling [1.0, 0.9344, 0.9881]. Recommendation = [0.0, 0.8803, 0.8231], Current Cost = 5066.00, Rho = 1.000
(iter 10) [0.0, -0.2796, 0.2450] = 451.8807, sampling [1.0, -1.0042, 0.7224]. Recommendation = [0.0, 0.8803, 0.8231], Current Cost = 5067.00, Rho = 1.000
(iter 10) [0.0, -0.2796, 0.2450] = 451.8807, sampling [1.0, -0.3684, 0.6458]. Recommendation = [0.0, 0.8803, 0.8231], Current Cost = 5068.00, Rho = 1.000
(iter 10) [0.0, -0.2796, 0.2450] = 451.8807, sampling [1.0, 1.1537, 0.8789]. Recommendation = [0.0, 0.8803, 0.8231], Current Cost = 5069.00, Rho = 1.000
(iter 10) [0.0, -0.2796, 0.2450] = 451.8807, sampling [1.0, -0.6471, 0.4798]. Recommendation = [0.0, 0.8803, 0.8231], Current Cost = 5070.00, Rho = 1.000
(iter 10) [0.0, -0.2796, 0.2450] = 451.8807, sampling [1.0, 1.0897, 1.0342]. Recommendation = [0.0, 0.8803, 0.8231], Current Cost = 5071.00, Rho = 1.000
(iter 10) [0.0, -0.2796, 0.2450] = 451.8807, sampling [1.0, 0.9626, 1.1780]. Recommendation = [0.0, 0.8803, 0.8231], Current Cost = 5072.00, Rho = 1.000
(iter 10) [0.0, -0.2796, 0.2450] = 451.8807, sampling [1.0, 0.7558, 1.1710]. Recommendation = [0.0, 0.8803, 0.8231], Current Cost = 5073.00, Rho = 1.000
(iter 10) [0.0, -0.2796, 0.2450] = 451.8807, sampling [1.0, 0.4362, 1.1852]. Recommendation = [0.0, 0.8803, 0.8231], Current Cost = 5074.00, Rho = 1.000
(iter 10) [0.0, -0.2796, 0.2450] = 451.8807, sampling [1.0, 1.0528, 0.9498]. Recommendation = [0.0, 0.8803, 0.8231], Current Cost = 5075.00, Rho = 1.000
(iter 10) [0.0, -0.2796, 0.2450] = 451.8807, sampling [1.0, -0.4070, -0.1803]. Recommendation = [0.0, 0.4116, 0.1587], Current Cost = 5076.00, Rho = 1.000
(iter 10) [0.0, -0.2796, 0.2450] = 451.8807, sampling [1.0, -0.2623, -0.2054]. Recommendation = [0.0, 0.4116, 0.1587], Current Cost = 5077.00, Rho = 1.000
(iter 10) [0.0, -0.2796, 0.2450] = 451.8807, sampling [1.0, -0.7046, 0.9979]. Recommendation = [0.0, 0.4116, 0.1587], Current Cost = 5078.00, Rho = 1.000
(iter 10) [0.0, -0.2796, 0.2450] = 451.8807, sampling [1.0, -0.6640, 0.4017]. Recommendation = [0.0, 0.4116, 0.1587], Current Cost = 5079.00, Rho = 1.000
(iter 10) [0.0, -0.2796, 0.2450] = 451.8807, sampling [1.0, 0.7384, 0.6668]. Recommendation = [0.0, 0.4116, 0.1587], Current Cost = 5080.00, Rho = 1.000
(iter 10) [0.0, -0.2796, 0.2450] = 451.8807, sampling [1.0, 0.5389, 0.9532]. Recommendation = [0.0, 0.4116, 0.1587], Current Cost = 5081.00, Rho = 1.000
(iter 10) [0.0, -0.2796, 0.2450] = 451.8807, sampling [1.0, -0.3516, 0.0282]. Recommendation = [0.0, 0.4116, 0.1587], Current Cost = 5082.00, Rho = 1.000
(iter 10) [0.0, -0.2796, 0.2450] = 451.8807, sampling [1.0, 0.8157, 0.7575]. Recommendation = [0.0, 0.4116, 0.1587], Current Cost = 5083.00, Rho = 1.000
(iter 10) [0.0, -0.2796, 0.2450] = 451.8807, sampling [1.0, -0.9747, 0.5660]. Recommendation = [0.0, 0.4116, 0.1587], Current Cost = 5084.00, Rho = 1.000
(iter 10) [0.0, -0.2796, 0.2450] = 451.8807, sampling [1.0, -0.8726, 0.2231]. Recommendation = [0.0, 0.4116, 0.1587], Current Cost = 5085.00, Rho = 1.000
(iter 10) [0.0, -0.2796, 0.2450] = 451.8807, sampling [1.0, -0.6926, -0.0372]. Recommendation = [0.0, 0.4116, 0.1587], Current Cost = 5086.00, Rho = 1.000
(iter 10) [0.0, -0.2796, 0.2450] = 451.8807, sampling [1.0, -0.5252, -0.1482]. Recommendation = [0.0, 0.4116, 0.1587], Current Cost = 5087.00, Rho = 1.000
(iter 10) [0.0, -0.2796, 0.2450] = 451.8807, sampling [1.0, -1.3384, 1.1246]. Recommendation = [0.0, 0.4116, 0.1587], Current Cost = 5088.00, Rho = 1.000
(iter 10) [0.0, -0.2796, 0.2450] = 451.8807, sampling [1.0, -1.2057, 0.7069]. Recommendation = [0.0, 0.4116, 0.1587], Current Cost = 5089.00, Rho = 1.000
(iter 10) [0.0, -0.2796, 0.2450] = 451.8807, sampling [1.0, -0.3642, -0.3411]. Recommendation = [0.0, 0.4116, 0.1587], Current Cost = 5090.00, Rho = 1.000
(iter 10) [0.0, -0.2796, 0.2450] = 451.8807, sampling [1.0, -0.1878, -0.5804]. Recommendation = [0.0, 0.4116, 0.1587], Current Cost = 5091.00, Rho = 1.000
(iter 10) [0.0, -0.2796, 0.2450] = 451.8807, sampling [1.0, 0.2165, -0.7680]. Recommendation = [0.0, 0.4116, 0.1587], Current Cost = 5092.00, Rho = 1.000
(iter 10) [0.0, -0.2796, 0.2450] = 451.8807, sampling [1.0, -0.0237, -0.4808]. Recommendation = [0.0, 0.4116, 0.1587], Current Cost = 5093.00, Rho = 1.000
(iter 10) [0.0, -0.2796, 0.2450] = 451.8807, sampling [1.0, 0.0242, 0.6194]. Recommendation = [0.0, 0.4116, 0.1587], Current Cost = 5094.00, Rho = 1.000
(iter 10) [0.0, -0.2796, 0.2450] = 451.8807, sampling [1.0, 0.6247, -0.5739]. Recommendation = [0.0, 0.4116, 0.1587], Current Cost = 5095.00, Rho = 1.000
(iter 10) [0.0, -0.2796, 0.2450] = 451.8807, sampling [1.0, 0.1016, 0.4571]. Recommendation = [0.0, 0.4116, 0.1587], Current Cost = 5096.00, Rho = 1.000
(iter 10) [0.0, -0.2796, 0.2450] = 451.8807, sampling [1.0, 0.1221, 0.2693]. Recommendation = [0.0, 0.4116, 0.1587], Current Cost = 5097.00, Rho = 1.000
(iter 10) [0.0, -0.2796, 0.2450] = 451.8807, sampling [1.0, -1.0684, 0.5182]. Recommendation = [0.0, 0.4116, 0.1587], Current Cost = 5098.00, Rho = 1.000
(iter 10) [0.0, -0.2796, 0.2450] = 451.8807, sampling [1.0, -1.3275, 0.8690]. Recommendation = [0.0, 0.4116, 0.1587], Current Cost = 5099.00, Rho = 1.000
(iter 10) [0.0, -0.2796, 0.2450] = 451.8807, sampling [1.0, -0.3933, 1.0632]. Recommendation = [0.0, 0.4116, 0.1587], Current Cost = 5100.00, Rho = 1.000
(iter 10) [0.0, -0.2796, 0.2450] = 451.8807, sampling [1.0, 0.9905, 0.3074]. Recommendation = [0.0, 0.4116, 0.1587], Current Cost = 5101.00, Rho = 1.000
(iter 10) [0.0, -0.2796, 0.2450] = 451.8807, sampling [1.0, 1.0245, 0.0113]. Recommendation = [0.0, 0.4116, 0.1587], Current Cost = 5102.00, Rho = 1.000
(iter 10) [0.0, -0.2796, 0.2450] = 451.8807, sampling [1.0, -1.1373, 1.4833]. Recommendation = [0.0, 0.4116, 0.1587], Current Cost = 5103.00, Rho = 1.000
(iter 10) [0.0, -0.2796, 0.2450] = 451.8807, sampling [1.0, -1.3565, 1.2922]. Recommendation = [0.0, 0.4116, 0.1587], Current Cost = 5104.00, Rho = 1.000
(iter 10) [0.0, -0.2796, 0.2450] = 451.8807, sampling [1.0, -1.0091, 1.6360]. Recommendation = [0.0, 0.4116, 0.1587], Current Cost = 5105.00, Rho = 1.000
(iter 10) [0.0, -0.2796, 0.2450] = 451.8807, sampling [1.0, -0.9415, 1.5348]. Recommendation = [0.0, 0.4116, 0.1587], Current Cost = 5106.00, Rho = 1.000
(iter 10) [0.0, -0.2796, 0.2450] = 451.8807, sampling [1.0, -0.3377, -0.4145]. Recommendation = [0.0, 0.4116, 0.1587], Current Cost = 5107.00, Rho = 1.000
(iter 10) [0.0, -0.2796, 0.2450] = 451.8807, sampling [1.0, -0.4228, -0.2848]. Recommendation = [0.0, 0.4116, 0.1587], Current Cost = 5108.00, Rho = 1.000
(iter 10) [0.0, -0.2796, 0.2450] = 451.8807, sampling [1.0, -0.0605, 1.3455]. Recommendation = [0.0, 0.4116, 0.1587], Current Cost = 5109.00, Rho = 1.000
(iter 10) [0.0, -0.2796, 0.2450] = 451.8807, sampling [1.0, -1.3165, 1.2164]. Recommendation = [0.0, 0.4116, 0.1587], Current Cost = 5110.00, Rho = 1.000
(iter 10) [0.0, -0.2796, 0.2450] = 451.8807, sampling [1.0, 1.2707, 0.5457]. Recommendation = [0.0, 0.4116, 0.1587], Current Cost = 5111.00, Rho = 1.000
(iter 10) [0.0, -0.2796, 0.2450] = 451.8807, sampling [1.0, 0.8803, 0.8231]. Recommendation = [0.0, 0.8803, 0.8231], Current Cost = 5112.00, Rho = 1.000
(iter 10) [0.0, -0.2796, 0.2450] = 451.8807, sampling [1.0, -0.9634, 1.4351]. Recommendation = [0.0, 0.8803, 0.8231], Current Cost = 5113.00, Rho = 1.000
(iter 10) [0.0, -0.2796, 0.2450] = 451.8807, sampling [1.0, -0.1332, -0.6903]. Recommendation = [0.0, 0.8803, 0.8231], Current Cost = 5114.00, Rho = 1.000
(iter 10) [0.0, -0.2796, 0.2450] = 451.8807, sampling [1.0, -0.2401, -0.2727]. Recommendation = [0.0, 0.8803, 0.8231], Current Cost = 5115.00, Rho = 1.000
(iter 10) [0.0, -0.2796, 0.2450] = 451.8807, sampling [1.0, -0.7235, 0.4679]. Recommendation = [0.0, 0.8803, 0.8231], Current Cost = 5116.00, Rho = 1.000
(iter 10) [0.0, -0.2796, 0.2450] = 451.8807, sampling [1.0, -0.1169, 0.6607]. Recommendation = [0.0, 0.8803, 0.8231], Current Cost = 5117.00, Rho = 1.000
(iter 10) [0.0, -0.2796, 0.2450] = 451.8807, sampling [1.0, 0.4673, -0.8204]. Recommendation = [0.0, 0.8803, 0.8231], Current Cost = 5118.00, Rho = 1.000
(iter 10) [0.0, -0.2796, 0.2450] = 451.8807, sampling [1.0, -1.4220, 1.6416]. Recommendation = [0.0, 0.8803, 0.8231], Current Cost = 5119.00, Rho = 1.000
(iter 10) [0.0, -0.2796, 0.2450] = 451.8807, sampling [1.0, -1.5043, 1.4919]. Recommendation = [0.0, 0.8803, 0.8231], Current Cost = 5120.00, Rho = 1.000
(iter 10) [0.0, -0.2796, 0.2450] = 451.8807, sampling [1.0, -1.1611, 1.7849]. Recommendation = [0.0, 0.8803, 0.8231], Current Cost = 5121.00, Rho = 1.000
(iter 10) [0.0, -0.2796, 0.2450] = 451.8807, sampling [1.0, -1.3843, 1.7209]. Recommendation = [0.0, 0.8803, 0.8231], Current Cost = 5122.00, Rho = 1.000
(iter 10) [0.0, -0.2796, 0.2450] = 451.8807, sampling [1.0, -1.4102, 1.8579]. Recommendation = [0.0, 0.8803, 0.8231], Current Cost = 5123.00, Rho = 1.000
(iter 10) [0.0, -0.2796, 0.2450] = 451.8807, sampling [1.0, -1.1293, 1.9919]. Recommendation = [0.0, 0.8803, 0.8231], Current Cost = 5124.00, Rho = 1.000
(iter 10) [0.0, -0.2796, 0.2450] = 451.8807, sampling [1.0, -0.8205, 1.8347]. Recommendation = [0.0, 0.8803, 0.8231], Current Cost = 5125.00, Rho = 1.000
(iter 10) [0.0, -0.2796, 0.2450] = 451.8807, sampling [1.0, -1.5601, 1.7782]. Recommendation = [0.0, 0.8803, 0.8231], Current Cost = 5126.00, Rho = 1.000
(iter 10) [0.0, -0.2796, 0.2450] = 451.8807, sampling [1.0, -1.4749, 1.7177]. Recommendation = [0.0, 0.8803, 0.8231], Current Cost = 5127.00, Rho = 1.000
(iter 10) [0.0, -0.2796, 0.2450] = 451.8807, sampling [1.0, 0.8048, 1.2292]. Recommendation = [0.0, 0.8803, 0.8231], Current Cost = 5128.00, Rho = 1.000
(iter 10) [0.0, -0.2796, 0.2450] = 451.8807, sampling [1.0, 1.3267, 1.1623]. Recommendation = [0.0, 0.8803, 0.8231], Current Cost = 5129.00, Rho = 1.000
(iter 10) [0.0, -0.2796, 0.2450] = 451.8807, sampling [1.0, 0.7675, 1.5378]. Recommendation = [0.0, 0.8803, 0.8231], Current Cost = 5130.00, Rho = 1.000
(iter 10) [0.0, -0.2796, 0.2450] = 451.8807, sampling [1.0, 1.3116, 1.3968]. Recommendation = [0.0, 0.8803, 0.8231], Current Cost = 5131.00, Rho = 1.000
(iter 10) [0.0, -0.2796, 0.2450] = 451.8807, sampling [1.0, 1.3564, 1.3047]. Recommendation = [0.0, 0.8803, 0.8231], Current Cost = 5132.00, Rho = 1.000
(iter 10) [0.0, -0.2796, 0.2450] = 451.8807, sampling [1.0, 1.3846, 1.5751]. Recommendation = [0.0, 0.8803, 0.8231], Current Cost = 5133.00, Rho = 1.000
(iter 10) [0.0, -0.2796, 0.2450] = 451.8807, sampling [1.0, 0.9407, 1.7007]. Recommendation = [0.0, 0.8803, 0.8231], Current Cost = 5134.00, Rho = 1.000
(iter 10) [0.0, -0.2796, 0.2450] = 451.8807, sampling [1.0, 1.3923, 1.6715]. Recommendation = [0.0, 0.8803, 0.8231], Current Cost = 5135.00, Rho = 1.000
(iter 10) [0.0, -0.2796, 0.2450] = 451.8807, sampling [1.0, 1.5788, 1.5793]. Recommendation = [0.0, 0.8803, 0.8231], Current Cost = 5136.00, Rho = 1.000
(iter 10) [0.0, -0.2796, 0.2450] = 451.8807, sampling [1.0, 1.3665, 1.8522]. Recommendation = [0.0, 0.8803, 0.8231], Current Cost = 5137.00, Rho = 1.000
(iter 10) [0.0, -0.2796, 0.2450] = 451.8807, sampling [1.0, 1.0452, 1.8222]. Recommendation = [0.0, 1.3665, 1.8522], Current Cost = 5138.00, Rho = 1.000
(iter 10) [0.0, -0.2796, 0.2450] = 451.8807, sampling [1.0, 1.2488, 1.9993]. Recommendation = [0.0, 1.3665, 1.8522], Current Cost = 5139.00, Rho = 1.000
(iter 10) [0.0, -0.2796, 0.2450] = 451.8807, sampling [1.0, 1.5061, 1.9272]. Recommendation = [0.0, 1.3665, 1.8522], Current Cost = 5140.00, Rho = 1.000
(iter 10) [0.0, -0.2796, 0.2450] = 451.8807, sampling [1.0, 1.4198, 1.8975]. Recommendation = [0.0, 1.3665, 1.8522], Current Cost = 5141.00, Rho = 1.000
(iter 10) [0.0, -0.2796, 0.2450] = 451.8807, sampling [1.0, 1.5877, 1.8124]. Recommendation = [0.0, 1.3665, 1.8522], Current Cost = 5142.00, Rho = 1.000
(iter 10) [0.0, -0.2796, 0.2450] = 451.8807, sampling [1.0, 1.0566, 1.9307]. Recommendation = [0.0, 1.3665, 1.8522], Current Cost = 5143.00, Rho = 1.000
(iter 10) [0.0, -0.2796, 0.2450] = 451.8807, sampling [1.0, 1.4886, 1.2077]. Recommendation = [0.0, 1.3665, 1.8522], Current Cost = 5144.00, Rho = 1.000
(iter 10) [0.0, -0.2796, 0.2450] = 451.8807, sampling [1.0, 0.4786, 1.7064]. Recommendation = [0.0, 1.3665, 1.8522], Current Cost = 5145.00, Rho = 1.000
(iter 10) [0.0, -0.2796, 0.2450] = 451.8807, sampling [1.0, -0.4616, -0.1938]. Recommendation = [0.0, 1.3665, 1.8522], Current Cost = 5146.00, Rho = 1.000
(iter 10) [0.0, -0.2796, 0.2450] = 451.8807, sampling [1.0, -1.1271, 0.6846]. Recommendation = [0.0, 1.3665, 1.8522], Current Cost = 5147.00, Rho = 1.000
(iter 10) [0.0, -0.2796, 0.2450] = 451.8807, sampling [1.0, 0.7763, -0.3943]. Recommendation = [0.0, 1.3665, 1.8522], Current Cost = 5148.00, Rho = 1.000
(iter 10) [0.0, -0.2796, 0.2450] = 451.8807, sampling [1.0, 1.1095, 1.0255]. Recommendation = [0.0, 1.3665, 1.8522], Current Cost = 5149.00, Rho = 1.000
(iter 10) [0.0, -0.2796, 0.2450] = 451.8807, sampling [1.0, -0.3764, -0.5417]. Recommendation = [0.0, 1.3665, 1.8522], Current Cost = 5150.00, Rho = 1.000
(iter 10) [0.0, -0.2796, 0.2450] = 451.8807, sampling [1.0, 0.2407, 1.0842]. Recommendation = [0.0, 1.3665, 1.8522], Current Cost = 5151.00, Rho = 1.000
(iter 10) [0.0, -0.2796, 0.2450] = 451.8807, sampling [1.0, -0.3290, 0.0199]. Recommendation = [0.0, 1.3665, 1.8522], Current Cost = 5152.00, Rho = 1.000
(iter 10) [0.0, -0.2796, 0.2450] = 451.8807, sampling [1.0, 0.2873, 0.5218]. Recommendation = [0.0, 1.3665, 1.8522], Current Cost = 5153.00, Rho = 1.000
(iter 10) [0.0, -0.2796, 0.2450] = 451.8807, sampling [1.0, -1.5982, 1.1390]. Recommendation = [0.0, 1.3665, 1.8522], Current Cost = 5154.00, Rho = 1.000
(iter 10) [0.0, -0.2796, 0.2450] = 451.8807, sampling [1.0, 1.3439, 1.0547]. Recommendation = [0.0, 1.3665, 1.8522], Current Cost = 5155.00, Rho = 1.000
(iter 10) [0.0, -0.2796, 0.2450] = 451.8807, sampling [1.0, -0.6292, -0.3830]. Recommendation = [0.0, 1.3665, 1.8522], Current Cost = 5156.00, Rho = 1.000
(iter 10) [0.0, -0.2796, 0.2450] = 451.8807, sampling [1.0, -0.7700, -0.0912]. Recommendation = [0.0, 1.3665, 1.8522], Current Cost = 5157.00, Rho = 1.000
(iter 10) [0.0, -0.2796, 0.2450] = 451.8807, sampling [1.0, -1.0362, 0.1907]. Recommendation = [0.0, 1.3665, 1.8522], Current Cost = 5158.00, Rho = 1.000
(iter 10) [0.0, -0.2796, 0.2450] = 451.8807, sampling [1.0, 0.5694, 1.2431]. Recommendation = [0.0, 1.3665, 1.8522], Current Cost = 5159.00, Rho = 1.000
(iter 10) [0.0, -0.2796, 0.2450] = 451.8807, sampling [1.0, -0.0116, -1.0029]. Recommendation = [0.0, 1.3665, 1.8522], Current Cost = 5160.00, Rho = 1.000
(iter 10) [0.0, -0.2796, 0.2450] = 451.8807, sampling [1.0, -0.2696, -0.8043]. Recommendation = [0.0, 1.3665, 1.8522], Current Cost = 5161.00, Rho = 1.000
(iter 10) [0.0, -0.2796, 0.2450] = 451.8807, sampling [1.0, 0.1394, -0.8339]. Recommendation = [0.0, 1.3665, 1.8522], Current Cost = 5162.00, Rho = 1.000
(iter 10) [0.0, -0.2796, 0.2450] = 451.8807, sampling [1.0, -0.8565, 1.5846]. Recommendation = [0.0, 1.3665, 1.8522], Current Cost = 5163.00, Rho = 1.000
(iter 10) [0.0, -0.2796, 0.2450] = 451.8807, sampling [1.0, 0.7448, 1.2631]. Recommendation = [0.0, 1.3665, 1.8522], Current Cost = 5164.00, Rho = 1.000
(iter 10) [0.0, -0.2796, 0.2450] = 451.8807, sampling [1.0, -0.4646, 0.7961]. Recommendation = [0.0, 1.3665, 1.8522], Current Cost = 5165.00, Rho = 1.000
(iter 10) [0.0, -0.2796, 0.2450] = 451.8807, sampling [1.0, 0.9047, -0.0600]. Recommendation = [0.0, 1.3665, 1.8522], Current Cost = 5166.00, Rho = 1.000
(iter 10) [0.0, -0.2796, 0.2450] = 451.8807, sampling [1.0, -1.2358, 0.3843]. Recommendation = [0.0, 1.3665, 1.8522], Current Cost = 5167.00, Rho = 1.000
(iter 10) [0.0, -0.2796, 0.2450] = 451.8807, sampling [1.0, -1.7023, 1.9418]. Recommendation = [0.0, 1.3665, 1.8522], Current Cost = 5168.00, Rho = 1.000
(iter 10) [0.0, -0.2796, 0.2450] = 451.8807, sampling [1.0, -1.6908, 1.6007]. Recommendation = [0.0, 1.3665, 1.8522], Current Cost = 5169.00, Rho = 1.000
(iter 10) [0.0, -0.2796, 0.2450] = 451.8807, sampling [1.0, -0.9863, 1.9482]. Recommendation = [0.0, 1.3665, 1.8522], Current Cost = 5170.00, Rho = 1.000
(iter 10) [0.0, -0.2796, 0.2450] = 451.8807, sampling [1.0, 0.2515, -1.0227]. Recommendation = [0.0, 1.3665, 1.8522], Current Cost = 5171.00, Rho = 1.000
(iter 10) [0.0, -0.2796, 0.2450] = 451.8807, sampling [1.0, -1.4377, 1.3183]. Recommendation = [0.0, 1.3665, 1.8522], Current Cost = 5172.00, Rho = 1.000
(iter 10) [0.0, -0.2796, 0.2450] = 451.8807, sampling [1.0, -0.3166, 1.6185]. Recommendation = [0.0, 1.3665, 1.8522], Current Cost = 5173.00, Rho = 1.000
(iter 10) [0.0, -0.2796, 0.2450] = 451.8807, sampling [1.0, 1.8218, 1.7659]. Recommendation = [0.0, 1.3665, 1.8522], Current Cost = 5174.00, Rho = 1.000
(iter 10) [0.0, -0.2796, 0.2450] = 451.8807, sampling [1.0, 1.3191, 0.9224]. Recommendation = [0.0, 1.3665, 1.8522], Current Cost = 5175.00, Rho = 1.000
(iter 10) [0.0, -0.2796, 0.2450] = 451.8807, sampling [1.0, -0.9465, 0.1817]. Recommendation = [0.0, 1.3665, 1.8522], Current Cost = 5176.00, Rho = 1.000
(iter 10) [0.0, -0.2796, 0.2450] = 451.8807, sampling [1.0, 1.1302, -0.2993]. Recommendation = [0.0, 1.3665, 1.8522], Current Cost = 5177.00, Rho = 1.000
(iter 10) [0.0, -0.2796, 0.2450] = 451.8807, sampling [1.0, -0.4090, -0.3179]. Recommendation = [0.0, 1.3665, 1.8522], Current Cost = 5178.00, Rho = 1.000
(iter 10) [0.0, -0.2796, 0.2450] = 451.8807, sampling [1.0, -0.5324, -0.6989]. Recommendation = [0.0, 1.3665, 1.8522], Current Cost = 5179.00, Rho = 1.000
(iter 10) [0.0, -0.2796, 0.2450] = 451.8807, sampling [1.0, -0.6103, -0.4681]. Recommendation = [0.0, 1.3665, 1.8522], Current Cost = 5180.00, Rho = 1.000
(iter 10) [0.0, -0.2796, 0.2450] = 451.8807, sampling [1.0, 1.1163, 0.1614]. Recommendation = [0.0, 1.3665, 1.8522], Current Cost = 5181.00, Rho = 1.000
(iter 10) [0.0, -0.2796, 0.2450] = 451.8807, sampling [1.0, -0.1679, -0.9913]. Recommendation = [0.0, 1.3665, 1.8522], Current Cost = 5182.00, Rho = 1.000
(iter 10) [0.0, -0.2796, 0.2450] = 451.8807, sampling [1.0, -0.3873, -0.3566]. Recommendation = [0.0, 1.3665, 1.8522], Current Cost = 5183.00, Rho = 1.000
(iter 10) [0.0, -0.2796, 0.2450] = 451.8807, sampling [1.0, -1.3088, 0.6758]. Recommendation = [0.0, 1.3665, 1.8522], Current Cost = 5184.00, Rho = 1.000
(iter 10) [0.0, -0.2796, 0.2450] = 451.8807, sampling [1.0, 0.5232, 0.9177]. Recommendation = [0.0, 1.3665, 1.8522], Current Cost = 5185.00, Rho = 1.000
(iter 10) [0.0, -0.2796, 0.2450] = 451.8807, sampling [1.0, 0.3443, 1.3369]. Recommendation = [0.0, 1.3665, 1.8522], Current Cost = 5186.00, Rho = 1.000
(iter 10) [0.0, -0.2796, 0.2450] = 451.8807, sampling [1.0, 0.6364, 1.9829]. Recommendation = [0.0, 1.3665, 1.8522], Current Cost = 5187.00, Rho = 1.000
(iter 10) [0.0, -0.2796, 0.2450] = 451.8807, sampling [1.0, -0.9552, -0.1716]. Recommendation = [0.0, 1.3665, 1.8522], Current Cost = 5188.00, Rho = 1.000
(iter 10) [0.0, -0.2796, 0.2450] = 451.8807, sampling [1.0, -0.7355, 1.6601]. Recommendation = [0.0, 1.3665, 1.8522], Current Cost = 5189.00, Rho = 1.000
(iter 10) [0.0, -0.2796, 0.2450] = 451.8807, sampling [1.0, 0.6993, -1.0324]. Recommendation = [0.0, 1.3665, 1.8522], Current Cost = 5190.00, Rho = 1.000
(iter 10) [0.0, -0.2796, 0.2450] = 451.8807, sampling [1.0, 1.7197, 1.2393]. Recommendation = [0.0, 1.3665, 1.8522], Current Cost = 5191.00, Rho = 1.000
(iter 10) [0.0, -0.2796, 0.2450] = 451.8807, sampling [1.0, 0.8188, -0.2204]. Recommendation = [0.0, 1.3665, 1.8522], Current Cost = 5192.00, Rho = 1.000
(iter 10) [0.0, -0.2796, 0.2450] = 451.8807, sampling [1.0, 0.5324, -0.7315]. Recommendation = [0.0, 1.3665, 1.8522], Current Cost = 5193.00, Rho = 1.000
(iter 10) [0.0, -0.2796, 0.2450] = 451.8807, sampling [1.0, -1.0554, 0.0945]. Recommendation = [0.0, 1.3665, 1.8522], Current Cost = 5194.00, Rho = 1.000
(iter 10) [0.0, -0.2796, 0.2450] = 451.8807, sampling [1.0, 1.4136, 0.2957]. Recommendation = [0.0, 1.3665, 1.8522], Current Cost = 5195.00, Rho = 1.000
(iter 10) [0.0, -0.2796, 0.2450] = 451.8807, sampling [1.0, 0.3862, -0.9098]. Recommendation = [0.0, 1.3665, 1.8522], Current Cost = 5196.00, Rho = 1.000
(iter 10) [0.0, -0.2796, 0.2450] = 451.8807, sampling [1.0, 0.7232, 1.6807]. Recommendation = [0.0, 1.3665, 1.8522], Current Cost = 5197.00, Rho = 1.000
(iter 10) [0.0, -0.2796, 0.2450] = 451.8807, sampling [1.0, -0.5004, 1.3632]. Recommendation = [0.0, 1.3665, 1.8522], Current Cost = 5198.00, Rho = 1.000
(iter 10) [0.0, -0.2796, 0.2450] = 451.8807, sampling [1.0, -0.0310, -1.1475]. Recommendation = [0.0, 1.3665, 1.8522], Current Cost = 5199.00, Rho = 1.000
(iter 10) [0.0, -0.2796, 0.2450] = 451.8807, sampling [1.0, -1.1129, 0.2336]. Recommendation = [0.0, 1.3665, 1.8522], Current Cost = 5200.00, Rho = 1.000
(iter 10) [0.0, -0.2796, 0.2450] = 451.8807, sampling [1.0, -1.5884, 1.4220]. Recommendation = [0.0, 1.3665, 1.8522], Current Cost = 5201.00, Rho = 1.000
(iter 10) [0.0, -0.2796, 0.2450] = 451.8807, sampling [1.0, -1.4996, 0.8441]. Recommendation = [0.0, 1.3665, 1.8522], Current Cost = 5202.00, Rho = 1.000
(iter 10) [0.0, -0.2796, 0.2450] = 451.8807, sampling [1.0, -0.6869, -0.5044]. Recommendation = [0.0, 1.3665, 1.8522], Current Cost = 5203.00, Rho = 1.000
(iter 10) [0.0, -0.2796, 0.2450] = 451.8807, sampling [1.0, 0.1446, -1.0757]. Recommendation = [0.0, 1.3665, 1.8522], Current Cost = 5204.00, Rho = 1.000
(iter 10) [0.0, -0.2796, 0.2450] = 451.8807, sampling [1.0, 0.9752, -0.6461]. Recommendation = [0.0, 1.3665, 1.8522], Current Cost = 5205.00, Rho = 1.000
(iter 10) [0.0, -0.2796, 0.2450] = 451.8807, sampling [1.0, -1.6875, 1.7289]. Recommendation = [0.0, 1.3665, 1.8522], Current Cost = 5206.00, Rho = 1.000
(iter 10) [0.0, -0.2796, 0.2450] = 451.8807, sampling [1.0, -0.4431, -1.1737]. Recommendation = [0.0, 1.3665, 1.8522], Current Cost = 5207.00, Rho = 1.000
(iter 10) [0.0, -0.2796, 0.2450] = 451.8807, sampling [1.0, 0.7083, 1.5145]. Recommendation = [0.0, 1.3665, 1.8522], Current Cost = 5208.00, Rho = 1.000
(iter 10) [0.0, -0.2796, 0.2450] = 451.8807, sampling [1.0, -0.0491, 1.8713]. Recommendation = [0.0, 1.3665, 1.8522], Current Cost = 5209.00, Rho = 1.000
(iter 10) [0.0, -0.2796, 0.2450] = 451.8807, sampling [1.0, -0.1684, -1.3831]. Recommendation = [0.0, 1.3665, 1.8522], Current Cost = 5210.00, Rho = 1.000
(iter 10) [0.0, -0.2796, 0.2450] = 451.8807, sampling [1.0, -1.4672, 1.1048]. Recommendation = [0.0, 1.3665, 1.8522], Current Cost = 5211.00, Rho = 1.000
(iter 10) [0.0, -0.2796, 0.2450] = 451.8807, sampling [1.0, -1.9444, 1.8037]. Recommendation = [0.0, 1.3665, 1.8522], Current Cost = 5212.00, Rho = 1.000
(iter 10) [0.0, -0.2796, 0.2450] = 451.8807, sampling [1.0, -0.1088, 1.0130]. Recommendation = [0.0, 1.3665, 1.8522], Current Cost = 5213.00, Rho = 1.000
(iter 10) [0.0, -0.2796, 0.2450] = 451.8807, sampling [1.0, 0.8395, -0.3234]. Recommendation = [0.0, 1.3665, 1.8522], Current Cost = 5214.00, Rho = 1.000
(iter 10) [0.0, -0.2796, 0.2450] = 451.8807, sampling [1.0, 0.2021, -1.2445]. Recommendation = [0.0, 1.3665, 1.8522], Current Cost = 5215.00, Rho = 1.000
(iter 10) [0.0, -0.2796, 0.2450] = 451.8807, sampling [1.0, -0.7128, -0.7067]. Recommendation = [0.0, 1.3665, 1.8522], Current Cost = 5216.00, Rho = 1.000
(iter 10) [0.0, -0.2796, 0.2450] = 451.8807, sampling [1.0, 0.2778, 1.1587]. Recommendation = [0.0, 1.3665, 1.8522], Current Cost = 5217.00, Rho = 1.000
(iter 10) [0.0, -0.2796, 0.2450] = 451.8807, sampling [1.0, -0.5796, 1.4139]. Recommendation = [0.0, 1.3665, 1.8522], Current Cost = 5218.00, Rho = 1.000
(iter 10) [0.0, -0.2796, 0.2450] = 451.8807, sampling [1.0, 0.6184, -0.7814]. Recommendation = [0.0, 1.3665, 1.8522], Current Cost = 5219.00, Rho = 1.000
(iter 10) [0.0, -0.2796, 0.2450] = 451.8807, sampling [1.0, 0.9543, -0.2434]. Recommendation = [0.0, 1.3665, 1.8522], Current Cost = 5220.00, Rho = 1.000
(iter 10) [0.0, -0.2796, 0.2450] = 451.8807, sampling [1.0, 0.1742, 1.4450]. Recommendation = [0.0, 1.3665, 1.8522], Current Cost = 5221.00, Rho = 1.000
(iter 10) [0.0, -0.2796, 0.2450] = 451.8807, sampling [1.0, 0.4957, 1.2496]. Recommendation = [0.0, 1.3665, 1.8522], Current Cost = 5222.00, Rho = 1.000
(iter 10) [0.0, -0.2796, 0.2450] = 451.8807, sampling [1.0, 1.4346, 0.9681]. Recommendation = [0.0, 1.3665, 1.8522], Current Cost = 5223.00, Rho = 1.000
(iter 10) [0.0, -0.2796, 0.2450] = 451.8807, sampling [1.0, -0.6501, -0.9965]. Recommendation = [0.0, 1.3665, 1.8522], Current Cost = 5224.00, Rho = 1.000
(iter 10) [0.0, -0.2796, 0.2450] = 451.8807, sampling [1.0, 0.1844, 1.1015]. Recommendation = [0.0, 1.3665, 1.8522], Current Cost = 5225.00, Rho = 1.000
(iter 10) [0.0, -0.2796, 0.2450] = 451.8807, sampling [1.0, 1.4069, 0.8159]. Recommendation = [0.0, 1.3665, 1.8522], Current Cost = 5226.00, Rho = 1.000
(iter 10) [0.0, -0.2796, 0.2450] = 451.8807, sampling [1.0, -1.0877, -0.1020]. Recommendation = [0.0, 1.3665, 1.8522], Current Cost = 5227.00, Rho = 1.000
(iter 10) [0.0, -0.2796, 0.2450] = 451.8807, sampling [1.0, -0.1448, 1.2859]. Recommendation = [0.0, 1.3665, 1.8522], Current Cost = 5228.00, Rho = 1.000
(iter 10) [0.0, -0.2796, 0.2450] = 451.8807, sampling [1.0, -1.4018, 0.2879]. Recommendation = [0.0, 1.3665, 1.8522], Current Cost = 5229.00, Rho = 1.000
(iter 10) [0.0, -0.2796, 0.2450] = 451.8807, sampling [1.0, 1.1901, -0.0234]. Recommendation = [0.0, 1.3665, 1.8522], Current Cost = 5230.00, Rho = 1.000
(iter 10) [0.0, -0.2796, 0.2450] = 451.8807, sampling [1.0, 0.3816, 1.4794]. Recommendation = [0.0, 1.3665, 1.8522], Current Cost = 5231.00, Rho = 1.000
(iter 10) [0.0, -0.2796, 0.2450] = 451.8807, sampling [1.0, -0.7632, -0.5493]. Recommendation = [0.0, 1.3665, 1.8522], Current Cost = 5232.00, Rho = 1.000
(iter 10) [0.0, -0.2796, 0.2450] = 451.8807, sampling [1.0, 1.7023, 0.7147]. Recommendation = [0.0, 1.3665, 1.8522], Current Cost = 5233.00, Rho = 1.000
(iter 10) [0.0, -0.2796, 0.2450] = 451.8807, sampling [1.0, -0.8556, 1.9182]. Recommendation = [0.0, 1.3665, 1.8522], Current Cost = 5234.00, Rho = 1.000
(iter 10) [0.0, -0.2796, 0.2450] = 451.8807, sampling [1.0, -1.3502, 0.7430]. Recommendation = [0.0, 1.3665, 1.8522], Current Cost = 5235.00, Rho = 1.000
(iter 10) [0.0, -0.2796, 0.2450] = 451.8807, sampling [1.0, 0.1087, -1.6367]. Recommendation = [0.0, 1.3665, 1.8522], Current Cost = 5236.00, Rho = 1.000
(iter 10) [0.0, -0.2796, 0.2450] = 451.8807, sampling [1.0, -0.9978, -0.3655]. Recommendation = [0.0, 1.3665, 1.8522], Current Cost = 5237.00, Rho = 1.000
(iter 10) [0.0, -0.2796, 0.2450] = 451.8807, sampling [1.0, -0.3014, 1.4528]. Recommendation = [0.0, 1.3665, 1.8522], Current Cost = 5238.00, Rho = 1.000
(iter 10) [0.0, -0.2796, 0.2450] = 451.8807, sampling [1.0, 1.0785, 0.0812]. Recommendation = [0.0, 1.3665, 1.8522], Current Cost = 5239.00, Rho = 1.000
(iter 10) [0.0, -0.2796, 0.2450] = 451.8807, sampling [1.0, 0.5559, -1.0513]. Recommendation = [0.0, 1.3665, 1.8522], Current Cost = 5240.00, Rho = 1.000
(iter 10) [0.0, -0.2796, 0.2450] = 451.8807, sampling [1.0, 0.6761, 1.5927]. Recommendation = [0.0, 1.3665, 1.8522], Current Cost = 5241.00, Rho = 1.000
(iter 10) [0.0, -0.2796, 0.2450] = 451.8807, sampling [1.0, -1.7177, 1.8735]. Recommendation = [0.0, 1.3665, 1.8522], Current Cost = 5242.00, Rho = 1.000
(iter 10) [0.0, -0.2796, 0.2450] = 451.8807, sampling [1.0, -0.4778, 1.4674]. Recommendation = [0.0, 1.3665, 1.8522], Current Cost = 5243.00, Rho = 1.000
(iter 10) [0.0, -0.2796, 0.2450] = 451.8807, sampling [1.0, 0.7941, -1.4465]. Recommendation = [0.0, 1.3665, 1.8522], Current Cost = 5244.00, Rho = 1.000
(iter 10) [0.0, -0.2796, 0.2450] = 451.8807, sampling [1.0, 0.6932, 1.8286]. Recommendation = [0.0, 1.3665, 1.8522], Current Cost = 5245.00, Rho = 1.000
(iter 10) [0.0, -0.2796, 0.2450] = 451.8807, sampling [1.0, -0.4892, -1.5516]. Recommendation = [0.0, 1.3665, 1.8522], Current Cost = 5246.00, Rho = 1.000
(iter 10) [0.0, -0.2796, 0.2450] = 451.8807, sampling [1.0, 1.1602, 0.2092]. Recommendation = [0.0, 1.3665, 1.8522], Current Cost = 5247.00, Rho = 1.000
(iter 10) [0.0, -0.2796, 0.2450] = 451.8807, sampling [1.0, -1.5423, 0.5968]. Recommendation = [0.0, 1.3665, 1.8522], Current Cost = 5248.00, Rho = 1.000
(iter 10) [0.0, -0.2796, 0.2450] = 451.8807, sampling [1.0, 0.4401, -0.9296]. Recommendation = [0.0, 1.3665, 1.8522], Current Cost = 5249.00, Rho = 1.000
(iter 10) [0.0, -0.2796, 0.2450] = 451.8807, sampling [1.0, -1.8468, 1.2994]. Recommendation = [0.0, 1.3665, 1.8522], Current Cost = 5250.00, Rho = 1.000
(iter 10) [0.0, -0.2796, 0.2450] = 451.8807, sampling [1.0, -1.1074, 0.1231]. Recommendation = [0.0, 1.3665, 1.8522], Current Cost = 5251.00, Rho = 1.000
(iter 10) [0.0, -0.2796, 0.2450] = 451.8807, sampling [1.0, -0.9290, 1.9606]. Recommendation = [0.0, 1.3665, 1.8522], Current Cost = 5252.00, Rho = 1.000
(iter 10) [0.0, -0.2796, 0.2450] = 451.8807, sampling [1.0, 1.5541, -0.5899]. Recommendation = [0.0, 1.3665, 1.8522], Current Cost = 5253.00, Rho = 1.000
(iter 10) [0.0, -0.2796, 0.2450] = 451.8807, sampling [1.0, -0.1035, 1.5097]. Recommendation = [0.0, 1.3665, 1.8522], Current Cost = 5254.00, Rho = 1.000
(iter 10) [0.0, -0.2796, 0.2450] = 451.8807, sampling [1.0, 1.7604, 1.6749]. Recommendation = [0.0, 1.3665, 1.8522], Current Cost = 5255.00, Rho = 1.000
(iter 10) [0.0, -0.2796, 0.2450] = 451.8807, sampling [1.0, -0.8282, -0.6202]. Recommendation = [0.0, 1.3665, 1.8522], Current Cost = 5256.00, Rho = 1.000
(iter 10) [0.0, -0.2796, 0.2450] = 451.8807, sampling [1.0, -0.1384, -1.8792]. Recommendation = [0.0, 1.3665, 1.8522], Current Cost = 5257.00, Rho = 1.000
(iter 10) [0.0, -0.2796, 0.2450] = 451.8807, sampling [1.0, 0.3251, 1.6294]. Recommendation = [0.0, 1.3665, 1.8522], Current Cost = 5258.00, Rho = 1.000
(iter 10) [0.0, -0.2796, 0.2450] = 451.8807, sampling [1.0, 0.1545, -1.4971]. Recommendation = [0.0, 1.3665, 1.8522], Current Cost = 5259.00, Rho = 1.000
(iter 10) [0.0, -0.2796, 0.2450] = 451.8807, sampling [1.0, 1.9837, 1.5458]. Recommendation = [0.0, 1.3665, 1.8522], Current Cost = 5260.00, Rho = 1.000
(iter 10) [0.0, -0.2796, 0.2450] = 451.8807, sampling [1.0, 0.4184, 1.8887]. Recommendation = [0.0, 1.3665, 1.8522], Current Cost = 5261.00, Rho = 1.000
(iter 10) [0.0, -0.2796, 0.2450] = 451.8807, sampling [1.0, -0.6785, -1.3072]. Recommendation = [0.0, 1.3665, 1.8522], Current Cost = 5262.00, Rho = 1.000
(iter 10) [0.0, -0.2796, 0.2450] = 451.8807, sampling [1.0, 0.4849, -1.9797]. Recommendation = [0.0, 1.3665, 1.8522], Current Cost = 5263.00, Rho = 1.000
(iter 10) [0.0, -0.2796, 0.2450] = 451.8807, sampling [1.0, -1.8165, 1.9593]. Recommendation = [0.0, 1.3665, 1.8522], Current Cost = 5264.00, Rho = 1.000
(iter 10) [0.0, -0.2796, 0.2450] = 451.8807, sampling [1.0, -0.2483, -1.5349]. Recommendation = [0.0, 1.3665, 1.8522], Current Cost = 5265.00, Rho = 1.000
(iter 10) [0.0, -0.2796, 0.2450] = 451.8807, sampling [1.0, -0.0736, 1.2709]. Recommendation = [0.0, 1.3665, 1.8522], Current Cost = 5266.00, Rho = 1.000
(iter 10) [0.0, -0.2796, 0.2450] = 451.8807, sampling [1.0, 0.9821, -0.5177]. Recommendation = [0.0, 1.3665, 1.8522], Current Cost = 5267.00, Rho = 1.000
(iter 10) [0.0, -0.2796, 0.2450] = 451.8807, sampling [1.0, 0.0717, 1.6113]. Recommendation = [0.0, 1.3665, 1.8522], Current Cost = 5268.00, Rho = 1.000
(iter 10) [0.0, -0.2796, 0.2450] = 451.8807, sampling [1.0, 0.5969, 1.7460]. Recommendation = [0.0, 1.3665, 1.8522], Current Cost = 5269.00, Rho = 1.000
(iter 10) [0.0, -0.2796, 0.2450] = 451.8807, sampling [1.0, -1.1984, -0.1415]. Recommendation = [0.0, 1.3665, 1.8522], Current Cost = 5270.00, Rho = 1.000
(iter 10) [0.0, -0.2796, 0.2450] = 451.8807, sampling [1.0, 1.2974, 0.2311]. Recommendation = [0.0, 1.3665, 1.8522], Current Cost = 5271.00, Rho = 1.000
(iter 10) [0.0, -0.2796, 0.2450] = 451.8807, sampling [1.0, 0.9122, -0.9702]. Recommendation = [0.0, 1.3665, 1.8522], Current Cost = 5272.00, Rho = 1.000
(iter 10) [0.0, -0.2796, 0.2450] = 451.8807, sampling [1.0, -0.0061, -1.5558]. Recommendation = [0.0, 1.3665, 1.8522], Current Cost = 5273.00, Rho = 1.000
(iter 10) [0.0, -0.2796, 0.2450] = 451.8807, sampling [1.0, 0.6100, -1.2824]. Recommendation = [0.0, 1.3665, 1.8522], Current Cost = 5274.00, Rho = 1.000
(iter 10) [0.0, -0.2796, 0.2450] = 451.8807, sampling [1.0, -0.7812, -1.9429]. Recommendation = [0.0, 1.3665, 1.8522], Current Cost = 5275.00, Rho = 1.000
(iter 10) [0.0, -0.2796, 0.2450] = 451.8807, sampling [1.0, 1.1204, 0.0999]. Recommendation = [0.0, 1.3665, 1.8522], Current Cost = 5276.00, Rho = 1.000
(iter 10) [0.0, -0.2796, 0.2450] = 451.8807, sampling [1.0, 1.5253, 0.8844]. Recommendation = [0.0, 1.3665, 1.8522], Current Cost = 5277.00, Rho = 1.000
(iter 10) [0.0, -0.2796, 0.2450] = 451.8807, sampling [1.0, -0.5401, 1.3689]. Recommendation = [0.0, 1.3665, 1.8522], Current Cost = 5278.00, Rho = 1.000
(iter 10) [0.0, -0.2796, 0.2450] = 451.8807, sampling [1.0, -0.2286, 1.7935]. Recommendation = [0.0, 1.3665, 1.8522], Current Cost = 5279.00, Rho = 1.000
(iter 10) [0.0, -0.2796, 0.2450] = 451.8807, sampling [1.0, 0.3000, 1.4572]. Recommendation = [0.0, 1.3665, 1.8522], Current Cost = 5280.00, Rho = 1.000
(iter 10) [0.0, -0.2796, 0.2450] = 451.8807, sampling [1.0, -1.8372, 0.7474]. Recommendation = [0.0, 1.3665, 1.8522], Current Cost = 5281.00, Rho = 1.000
(iter 10) [0.0, -0.2796, 0.2450] = 451.8807, sampling [1.0, 0.3107, -1.5166]. Recommendation = [0.0, 1.3665, 1.8522], Current Cost = 5282.00, Rho = 1.000
(iter 10) [0.0, -0.2796, 0.2450] = 451.8807, sampling [1.0, 1.6599, 1.1325]. Recommendation = [0.0, 1.3665, 1.8522], Current Cost = 5283.00, Rho = 1.000
(iter 10) [0.0, -0.2796, 0.2450] = 451.8807, sampling [1.0, 0.1985, 1.8474]. Recommendation = [0.0, 1.3665, 1.8522], Current Cost = 5284.00, Rho = 1.000
(iter 10) [0.0, -0.2796, 0.2450] = 451.8807, sampling [1.0, -1.0192, -0.4506]. Recommendation = [0.0, 1.3665, 1.8522], Current Cost = 5285.00, Rho = 1.000
(iter 10) [0.0, -0.2796, 0.2450] = 451.8807, sampling [1.0, -0.9248, -1.1075]. Recommendation = [0.0, 1.3665, 1.8522], Current Cost = 5286.00, Rho = 1.000
(iter 10) [0.0, -0.2796, 0.2450] = 451.8807, sampling [1.0, -0.5520, -1.2772]. Recommendation = [0.0, 1.3665, 1.8522], Current Cost = 5287.00, Rho = 1.000
(iter 10) [0.0, -0.2796, 0.2450] = 451.8807, sampling [1.0, -0.2338, -1.3905]. Recommendation = [0.0, 1.3665, 1.8522], Current Cost = 5288.00, Rho = 1.000
(iter 10) [0.0, -0.2796, 0.2450] = 451.8807, sampling [1.0, -1.4546, -0.0498]. Recommendation = [0.0, 1.3665, 1.8522], Current Cost = 5289.00, Rho = 1.000
(iter 10) [0.0, -0.2796, 0.2450] = 451.8807, sampling [1.0, -0.1242, 1.3542]. Recommendation = [0.0, 1.3665, 1.8522], Current Cost = 5290.00, Rho = 1.000
(iter 10) [0.0, -0.2796, 0.2450] = 451.8807, sampling [1.0, -1.7703, 1.5552]. Recommendation = [0.0, 1.3665, 1.8522], Current Cost = 5291.00, Rho = 1.000
(iter 10) [0.0, -0.2796, 0.2450] = 451.8807, sampling [1.0, 1.2217, -1.9726]. Recommendation = [0.0, 1.3665, 1.8522], Current Cost = 5292.00, Rho = 1.000
(iter 10) [0.0, -0.2796, 0.2450] = 451.8807, sampling [1.0, 1.3490, -0.0687]. Recommendation = [0.0, 1.3665, 1.8522], Current Cost = 5293.00, Rho = 1.000
(iter 10) [0.0, -0.2796, 0.2450] = 451.8807, sampling [1.0, 0.1360, -1.8227]. Recommendation = [0.0, 1.3665, 1.8522], Current Cost = 5294.00, Rho = 1.000
(iter 10) [0.0, -0.2796, 0.2450] = 451.8807, sampling [1.0, 1.5636, 0.5012]. Recommendation = [0.0, 1.3665, 1.8522], Current Cost = 5295.00, Rho = 1.000
(iter 10) [0.0, -0.2796, 0.2450] = 451.8807, sampling [1.0, -0.6345, -0.3870]. Recommendation = [0.0, 1.3665, 1.8522], Current Cost = 5296.00, Rho = 1.000
(iter 10) [0.0, -0.2796, 0.2450] = 451.8807, sampling [1.0, 0.4077, -0.9008]. Recommendation = [0.0, 1.3665, 1.8522], Current Cost = 5297.00, Rho = 1.000
(iter 10) [0.0, -0.2796, 0.2450] = 451.8807, sampling [1.0, 0.4963, -1.4809]. Recommendation = [0.0, 1.3665, 1.8522], Current Cost = 5298.00, Rho = 1.000
(iter 10) [0.0, -0.2796, 0.2450] = 451.8807, sampling [1.0, 0.2889, 1.5229]. Recommendation = [0.0, 1.3665, 1.8522], Current Cost = 5299.00, Rho = 1.000
(iter 10) [0.0, -0.2796, 0.2450] = 451.8807, sampling [1.0, 0.5629, 1.9077]. Recommendation = [0.0, 1.3665, 1.8522], Current Cost = 5300.00, Rho = 1.000
(iter 10) [0.0, -0.2796, 0.2450] = 451.8807, sampling [1.0, -0.7943, -0.6314]. Recommendation = [0.0, 1.3665, 1.8522], Current Cost = 5301.00, Rho = 1.000
(iter 10) [0.0, -0.2796, 0.2450] = 451.8807, sampling [1.0, 0.2678, -1.7364]. Recommendation = [0.0, 1.3665, 1.8522], Current Cost = 5302.00, Rho = 1.000
(iter 10) [0.0, -0.2796, 0.2450] = 451.8807, sampling [1.0, -0.5061, -1.2055]. Recommendation = [0.0, 1.3665, 1.8522], Current Cost = 5303.00, Rho = 1.000
(iter 10) [0.0, -0.2796, 0.2450] = 451.8807, sampling [1.0, -0.5190, 1.3853]. Recommendation = [0.0, 1.3665, 1.8522], Current Cost = 5304.00, Rho = 1.000
(iter 10) [0.0, -0.2796, 0.2450] = 451.8807, sampling [1.0, 0.0043, -1.6933]. Recommendation = [0.0, 1.3665, 1.8522], Current Cost = 5305.00, Rho = 1.000
(iter 10) [0.0, -0.2796, 0.2450] = 451.8807, sampling [1.0, -0.7590, -1.1785]. Recommendation = [0.0, 1.3665, 1.8522], Current Cost = 5306.00, Rho = 1.000
(iter 10) [0.0, -0.2796, 0.2450] = 451.8807, sampling [1.0, 1.9910, 1.0661]. Recommendation = [0.0, 1.3665, 1.8522], Current Cost = 5307.00, Rho = 1.000
(iter 10) [0.0, -0.2796, 0.2450] = 451.8807, sampling [1.0, 1.2431, -0.1862]. Recommendation = [0.0, 1.3665, 1.8522], Current Cost = 5308.00, Rho = 1.000
(iter 10) [0.0, -0.2796, 0.2450] = 451.8807, sampling [1.0, 0.2095, 1.4992]. Recommendation = [0.0, 1.3665, 1.8522], Current Cost = 5309.00, Rho = 1.000
(iter 10) [0.0, -0.2796, 0.2450] = 451.8807, sampling [1.0, -0.3541, -1.9865]. Recommendation = [0.0, 1.3665, 1.8522], Current Cost = 5310.00, Rho = 1.000
(iter 10) [0.0, -0.2796, 0.2450] = 451.8807, sampling [1.0, -1.6548, -1.8803]. Recommendation = [0.0, 1.3665, 1.8522], Current Cost = 5311.00, Rho = 1.000
(iter 10) [0.0, -0.2796, 0.2450] = 451.8807, sampling [1.0, 1.6499, 0.1341]. Recommendation = [0.0, 1.3665, 1.8522], Current Cost = 5312.00, Rho = 1.000
(iter 10) [0.0, -0.2796, 0.2450] = 451.8807, sampling [1.0, 0.8266, -1.2576]. Recommendation = [0.0, 1.3665, 1.8522], Current Cost = 5313.00, Rho = 1.000
(iter 10) [0.0, -0.2796, 0.2450] = 451.8807, sampling [1.0, 0.4607, 1.9749]. Recommendation = [0.0, 1.3665, 1.8522], Current Cost = 5314.00, Rho = 1.000
(iter 10) [0.0, -0.2796, 0.2450] = 451.8807, sampling [1.0, 0.0598, 1.7599]. Recommendation = [0.0, 1.3665, 1.8522], Current Cost = 5315.00, Rho = 1.000
(iter 10) [0.0, -0.2796, 0.2450] = 451.8807, sampling [1.0, -0.5671, -1.4395]. Recommendation = [0.0, 1.3665, 1.8522], Current Cost = 5316.00, Rho = 1.000
(iter 10) [0.0, -0.2796, 0.2450] = 451.8807, sampling [1.0, -1.5460, 0.3333]. Recommendation = [0.0, 1.3665, 1.8522], Current Cost = 5317.00, Rho = 1.000
(iter 10) [0.0, -0.2796, 0.2450] = 451.8807, sampling [1.0, 0.6581, -1.0681]. Recommendation = [0.0, 1.3665, 1.8522], Current Cost = 5318.00, Rho = 1.000
(iter 10) [0.0, -0.2796, 0.2450] = 451.8807, sampling [1.0, -1.1866, -0.5920]. Recommendation = [0.0, 1.3665, 1.8522], Current Cost = 5319.00, Rho = 1.000
(iter 10) [0.0, -0.2796, 0.2450] = 451.8807, sampling [1.0, 1.0967, -0.6612]. Recommendation = [0.0, 1.3665, 1.8522], Current Cost = 5320.00, Rho = 1.000
(iter 10) [0.0, -0.2796, 0.2450] = 451.8807, sampling [1.0, -0.4864, -1.6866]. Recommendation = [0.0, 1.3665, 1.8522], Current Cost = 5321.00, Rho = 1.000
(iter 10) [0.0, -0.2796, 0.2450] = 451.8807, sampling [1.0, -1.0941, -0.8462]. Recommendation = [0.0, 1.3665, 1.8522], Current Cost = 5322.00, Rho = 1.000
(iter 10) [0.0, -0.2796, 0.2450] = 451.8807, sampling [1.0, 0.6051, -1.5817]. Recommendation = [0.0, 1.3665, 1.8522], Current Cost = 5323.00, Rho = 1.000
(iter 10) [0.0, -0.2796, 0.2450] = 451.8807, sampling [1.0, 1.0657, -1.1397]. Recommendation = [0.0, 1.3665, 1.8522], Current Cost = 5324.00, Rho = 1.000
(iter 10) [0.0, -0.2796, 0.2450] = 451.8807, sampling [1.0, 0.5087, 1.6928]. Recommendation = [0.0, 1.3665, 1.8522], Current Cost = 5325.00, Rho = 1.000
(iter 10) [0.0, -0.2796, 0.2450] = 451.8807, sampling [1.0, 0.0548, 1.5676]. Recommendation = [0.0, 1.3665, 1.8522], Current Cost = 5326.00, Rho = 1.000
(iter 10) [0.0, -0.2796, 0.2450] = 451.8807, sampling [1.0, -0.1558, 1.8815]. Recommendation = [0.0, 1.3665, 1.8522], Current Cost = 5327.00, Rho = 1.000
(iter 10) [0.0, -0.2796, 0.2450] = 451.8807, sampling [1.0, -1.9060, -0.0034]. Recommendation = [0.0, 1.3665, 1.8522], Current Cost = 5328.00, Rho = 1.000
(iter 10) [0.0, -0.2796, 0.2450] = 451.8807, sampling [1.0, 0.1818, -1.6692]. Recommendation = [0.0, 1.3665, 1.8522], Current Cost = 5329.00, Rho = 1.000
(iter 10) [0.0, -0.2796, 0.2450] = 451.8807, sampling [1.0, 1.0135, -0.5596]. Recommendation = [0.0, 1.3665, 1.8522], Current Cost = 5330.00, Rho = 1.000
(iter 10) [0.0, -0.2796, 0.2450] = 451.8807, sampling [1.0, -0.0385, -1.8657]. Recommendation = [0.0, 1.3665, 1.8522], Current Cost = 5331.00, Rho = 1.000
(iter 10) [0.0, -0.2796, 0.2450] = 451.8807, sampling [1.0, -0.2926, 1.6488]. Recommendation = [0.0, 1.3665, 1.8522], Current Cost = 5332.00, Rho = 1.000
(iter 10) [0.0, -0.2796, 0.2450] = 451.8807, sampling [1.0, 0.3132, -1.8302]. Recommendation = [0.0, 1.3665, 1.8522], Current Cost = 5333.00, Rho = 1.000
(iter 10) [0.0, -0.2796, 0.2450] = 451.8807, sampling [1.0, 1.1734, -0.8886]. Recommendation = [0.0, 1.3665, 1.8522], Current Cost = 5334.00, Rho = 1.000
(iter 10) [0.0, -0.2796, 0.2450] = 451.8807, sampling [1.0, -0.8423, -1.3181]. Recommendation = [0.0, 1.3665, 1.8522], Current Cost = 5335.00, Rho = 1.000
(iter 10) [0.0, -0.2796, 0.2450] = 451.8807, sampling [1.0, 1.2380, -0.2612]. Recommendation = [0.0, 1.3665, 1.8522], Current Cost = 5336.00, Rho = 1.000
(iter 10) [0.0, -0.2796, 0.2450] = 451.8807, sampling [1.0, -1.4606, 0.1126]. Recommendation = [0.0, 1.3665, 1.8522], Current Cost = 5337.00, Rho = 1.000
(iter 10) [0.0, -0.2796, 0.2450] = 451.8807, sampling [1.0, -1.3737, -0.4164]. Recommendation = [0.0, 1.3665, 1.8522], Current Cost = 5338.00, Rho = 1.000
(iter 10) [0.0, -0.2796, 0.2450] = 451.8807, sampling [1.0, 0.0330, -1.6317]. Recommendation = [0.0, 1.3665, 1.8522], Current Cost = 5339.00, Rho = 1.000
(iter 10) [0.0, -0.2796, 0.2450] = 451.8807, sampling [1.0, 1.8971, -1.3410]. Recommendation = [0.0, 1.3665, 1.8522], Current Cost = 5340.00, Rho = 1.000
(iter 10) [0.0, -0.2796, 0.2450] = 451.8807, sampling [1.0, 1.2935, -0.4973]. Recommendation = [0.0, 1.3665, 1.8522], Current Cost = 5341.00, Rho = 1.000
(iter 10) [0.0, -0.2796, 0.2450] = 451.8807, sampling [1.0, -0.6234, -1.7529]. Recommendation = [0.0, 1.3665, 1.8522], Current Cost = 5342.00, Rho = 1.000
(iter 10) [0.0, -0.2796, 0.2450] = 451.8807, sampling [1.0, -1.9555, 1.0022]. Recommendation = [0.0, 1.3665, 1.8522], Current Cost = 5343.00, Rho = 1.000
(iter 10) [0.0, -0.2796, 0.2450] = 451.8807, sampling [1.0, 1.3817, -0.2132]. Recommendation = [0.0, 1.3665, 1.8522], Current Cost = 5344.00, Rho = 1.000
(iter 10) [0.0, -0.2796, 0.2450] = 451.8807, sampling [1.0, -1.3818, 0.2546]. Recommendation = [0.0, 1.3665, 1.8522], Current Cost = 5345.00, Rho = 1.000
(iter 10) [0.0, -0.2796, 0.2450] = 451.8807, sampling [1.0, 0.7281, -1.8919]. Recommendation = [0.0, 1.3665, 1.8522], Current Cost = 5346.00, Rho = 1.000
(iter 10) [0.0, -0.2796, 0.2450] = 451.8807, sampling [1.0, -0.8081, -0.6152]. Recommendation = [0.0, 1.3665, 1.8522], Current Cost = 5347.00, Rho = 1.000
(iter 10) [0.0, -0.2796, 0.2450] = 451.8807, sampling [1.0, 1.4817, 0.3028]. Recommendation = [0.0, 1.3665, 1.8522], Current Cost = 5348.00, Rho = 1.000
(iter 10) [0.0, -0.2796, 0.2450] = 451.8807, sampling [1.0, 1.6871, 1.2159]. Recommendation = [0.0, 1.3665, 1.8522], Current Cost = 5349.00, Rho = 1.000
(iter 10) [0.0, -0.2796, 0.2450] = 451.8807, sampling [1.0, 1.7542, 0.4496]. Recommendation = [0.0, 1.3665, 1.8522], Current Cost = 5350.00, Rho = 1.000
(iter 10) [0.0, -0.2796, 0.2450] = 451.8807, sampling [1.0, -0.8650, -1.6169]. Recommendation = [0.0, 1.3665, 1.8522], Current Cost = 5351.00, Rho = 1.000
(iter 10) [0.0, -0.2796, 0.2450] = 451.8807, sampling [1.0, 0.6859, -1.6618]. Recommendation = [0.0, 1.3665, 1.8522], Current Cost = 5352.00, Rho = 1.000
(iter 10) [0.0, -0.2796, 0.2450] = 451.8807, sampling [1.0, 1.7354, 1.1509]. Recommendation = [0.0, 1.3665, 1.8522], Current Cost = 5353.00, Rho = 1.000
(iter 10) [0.0, -0.2796, 0.2450] = 451.8807, sampling [1.0, 1.0352, -0.6329]. Recommendation = [0.0, 1.3665, 1.8522], Current Cost = 5354.00, Rho = 1.000
(iter 10) [0.0, -0.2796, 0.2450] = 451.8807, sampling [1.0, 0.6408, -1.3006]. Recommendation = [0.0, 1.3665, 1.8522], Current Cost = 5355.00, Rho = 1.000
(iter 10) [0.0, -0.2796, 0.2450] = 451.8807, sampling [1.0, -1.9401, 1.7405]. Recommendation = [0.0, 1.3665, 1.8522], Current Cost = 5356.00, Rho = 1.000
(iter 10) [0.0, -0.2796, 0.2450] = 451.8807, sampling [1.0, -1.1547, -1.0852]. Recommendation = [0.0, 1.3665, 1.8522], Current Cost = 5357.00, Rho = 1.000
(iter 10) [0.0, -0.2796, 0.2450] = 451.8807, sampling [1.0, 1.0011, -1.0410]. Recommendation = [0.0, 1.3665, 1.8522], Current Cost = 5358.00, Rho = 1.000
(iter 10) [0.0, -0.2796, 0.2450] = 451.8807, sampling [1.0, -1.6064, 0.5521]. Recommendation = [0.0, 1.3665, 1.8522], Current Cost = 5359.00, Rho = 1.000
(iter 10) [0.0, -0.2796, 0.2450] = 451.8807, sampling [1.0, -0.4400, -1.9500]. Recommendation = [0.0, 1.3665, 1.8522], Current Cost = 5360.00, Rho = 1.000
(iter 10) [0.0, -0.2796, 0.2450] = 451.8807, sampling [1.0, 0.9514, -1.2085]. Recommendation = [0.0, 1.3665, 1.8522], Current Cost = 5361.00, Rho = 1.000
(iter 10) [0.0, -0.2796, 0.2450] = 451.8807, sampling [1.0, 1.1475, -0.7676]. Recommendation = [0.0, 1.3665, 1.8522], Current Cost = 5362.00, Rho = 1.000
(iter 10) [0.0, -0.2796, 0.2450] = 451.8807, sampling [1.0, 1.9707, 1.3295]. Recommendation = [0.0, 1.3665, 1.8522], Current Cost = 5363.00, Rho = 1.000
(iter 10) [0.0, -0.2796, 0.2450] = 451.8807, sampling [1.0, 1.5193, 0.2016]. Recommendation = [0.0, 1.3665, 1.8522], Current Cost = 5364.00, Rho = 1.000
(iter 10) [0.0, -0.2796, 0.2450] = 451.8807, sampling [1.0, 1.8503, 0.8967]. Recommendation = [0.0, 1.3665, 1.8522], Current Cost = 5365.00, Rho = 1.000
(iter 10) [0.0, -0.2796, 0.2450] = 451.8807, sampling [1.0, -1.4888, 0.2730]. Recommendation = [0.0, 1.3665, 1.8522], Current Cost = 5366.00, Rho = 1.000
(iter 10) [0.0, -0.2796, 0.2450] = 451.8807, sampling [1.0, 0.5761, -1.5395]. Recommendation = [0.0, 1.3665, 1.8522], Current Cost = 5367.00, Rho = 1.000
(iter 10) [0.0, -0.2796, 0.2450] = 451.8807, sampling [1.0, 0.8596, -1.3662]. Recommendation = [0.0, 1.3665, 1.8522], Current Cost = 5368.00, Rho = 1.000
(iter 10) [0.0, -0.2796, 0.2450] = 451.8807, sampling [1.0, 1.9167, -0.1338]. Recommendation = [0.0, 1.3665, 1.8522], Current Cost = 5369.00, Rho = 1.000
(iter 10) [0.0, -0.2796, 0.2450] = 451.8807, sampling [1.0, -0.2102, 1.7711]. Recommendation = [0.0, 1.3665, 1.8522], Current Cost = 5370.00, Rho = 1.000
(iter 10) [0.0, -0.2796, 0.2450] = 451.8807, sampling [1.0, -1.2647, -0.6779]. Recommendation = [0.0, 1.3665, 1.8522], Current Cost = 5371.00, Rho = 1.000
(iter 10) [0.0, -0.2796, 0.2450] = 451.8807, sampling [1.0, -1.7510, 0.4849]. Recommendation = [0.0, 1.3665, 1.8522], Current Cost = 5372.00, Rho = 1.000
(iter 10) [0.0, -0.2796, 0.2450] = 451.8807, sampling [1.0, -0.9048, -1.3357]. Recommendation = [0.0, 1.3665, 1.8522], Current Cost = 5373.00, Rho = 1.000
(iter 10) [0.0, -0.2796, 0.2450] = 451.8807, sampling [1.0, 0.2399, -1.7178]. Recommendation = [0.0, 1.3665, 1.8522], Current Cost = 5374.00, Rho = 1.000
(iter 10) [0.0, -0.2796, 0.2450] = 451.8807, sampling [1.0, -1.9226, 1.2798]. Recommendation = [0.0, 1.3665, 1.8522], Current Cost = 5375.00, Rho = 1.000
(iter 10) [0.0, -0.2796, 0.2450] = 451.8807, sampling [1.0, -1.2552, -0.9153]. Recommendation = [0.0, 1.3665, 1.8522], Current Cost = 5376.00, Rho = 1.000
(iter 10) [0.0, -0.2796, 0.2450] = 451.8807, sampling [1.0, -0.7918, -1.7629]. Recommendation = [0.0, 1.3665, 1.8522], Current Cost = 5377.00, Rho = 1.000
(iter 10) [0.0, -0.2796, 0.2450] = 451.8807, sampling [1.0, -1.1815, -1.3553]. Recommendation = [0.0, 1.3665, 1.8522], Current Cost = 5378.00, Rho = 1.000
(iter 10) [0.0, -0.2796, 0.2450] = 451.8807, sampling [1.0, 1.3326, -0.2269]. Recommendation = [0.0, 1.3665, 1.8522], Current Cost = 5379.00, Rho = 1.000
(iter 10) [0.0, -0.2796, 0.2450] = 451.8807, sampling [1.0, 1.4471, -0.4295]. Recommendation = [0.0, 1.3665, 1.8522], Current Cost = 5380.00, Rho = 1.000
(iter 10) [0.0, -0.2796, 0.2450] = 451.8807, sampling [1.0, -1.9764, -0.7577]. Recommendation = [0.0, 1.3665, 1.8522], Current Cost = 5381.00, Rho = 1.000
(iter 10) [0.0, -0.2796, 0.2450] = 451.8807, sampling [1.0, -1.6386, 0.3425]. Recommendation = [0.0, 1.3665, 1.8522], Current Cost = 5382.00, Rho = 1.000
(iter 10) [0.0, -0.2796, 0.2450] = 451.8807, sampling [1.0, 0.8930, -1.2312]. Recommendation = [0.0, 1.3665, 1.8522], Current Cost = 5383.00, Rho = 1.000
(iter 10) [0.0, -0.2796, 0.2450] = 451.8807, sampling [1.0, 1.7749, 0.7896]. Recommendation = [0.0, 1.3665, 1.8522], Current Cost = 5384.00, Rho = 1.000
(iter 10) [0.0, -0.2796, 0.2450] = 451.8807, sampling [1.0, -1.0292, -1.5914]. Recommendation = [0.0, 1.3665, 1.8522], Current Cost = 5385.00, Rho = 1.000
(iter 10) [0.0, -0.2796, 0.2450] = 451.8807, sampling [1.0, -1.5744, 0.0073]. Recommendation = [0.0, 1.3665, 1.8522], Current Cost = 5386.00, Rho = 1.000
(iter 10) [0.0, -0.2796, 0.2450] = 451.8807, sampling [1.0, 1.2008, -1.2176]. Recommendation = [0.0, 1.3665, 1.8522], Current Cost = 5387.00, Rho = 1.000
(iter 10) [0.0, -0.2796, 0.2450] = 451.8807, sampling [1.0, 1.6711, 1.1194]. Recommendation = [0.0, 1.3665, 1.8522], Current Cost = 5388.00, Rho = 1.000
(iter 10) [0.0, -0.2796, 0.2450] = 451.8807, sampling [1.0, -0.9768, -1.9549]. Recommendation = [0.0, 1.3665, 1.8522], Current Cost = 5389.00, Rho = 1.000
(iter 10) [0.0, -0.2796, 0.2450] = 451.8807, sampling [1.0, -1.3666, -0.4913]. Recommendation = [0.0, 1.3665, 1.8522], Current Cost = 5390.00, Rho = 1.000
(iter 10) [0.0, -0.2796, 0.2450] = 451.8807, sampling [1.0, 1.9095, 0.7803]. Recommendation = [0.0, 1.3665, 1.8522], Current Cost = 5391.00, Rho = 1.000
(iter 10) [0.0, -0.2796, 0.2450] = 451.8807, sampling [1.0, -1.9872, 0.3648]. Recommendation = [0.0, 1.3665, 1.8522], Current Cost = 5392.00, Rho = 1.000
(iter 10) [0.0, -0.2796, 0.2450] = 451.8807, sampling [1.0, 1.9625, 1.4279]. Recommendation = [0.0, 1.3665, 1.8522], Current Cost = 5393.00, Rho = 1.000
(iter 10) [0.0, -0.2796, 0.2450] = 451.8807, sampling [1.0, -1.1460, -1.2321]. Recommendation = [0.0, 1.3665, 1.8522], Current Cost = 5394.00, Rho = 1.000
(iter 10) [0.0, -0.2796, 0.2450] = 451.8807, sampling [1.0, 1.4675, -0.7980]. Recommendation = [0.0, 1.3665, 1.8522], Current Cost = 5395.00, Rho = 1.000
(iter 10) [0.0, -0.2796, 0.2450] = 451.8807, sampling [1.0, 1.6249, -0.2497]. Recommendation = [0.0, 1.3665, 1.8522], Current Cost = 5396.00, Rho = 1.000
(iter 10) [0.0, -0.2796, 0.2450] = 451.8807, sampling [1.0, -0.8368, -1.2892]. Recommendation = [0.0, 1.3665, 1.8522], Current Cost = 5397.00, Rho = 1.000
(iter 10) [0.0, -0.2796, 0.2450] = 451.8807, sampling [1.0, 1.2730, -1.4742]. Recommendation = [0.0, 1.3665, 1.8522], Current Cost = 5398.00, Rho = 1.000
(iter 10) [0.0, -0.2796, 0.2450] = 451.8807, sampling [1.0, -1.2938, -0.7395]. Recommendation = [0.0, 1.3665, 1.8522], Current Cost = 5399.00, Rho = 1.000
(iter 10) [0.0, -0.2796, 0.2450] = 451.8807, sampling [1.0, 0.9272, -1.2544]. Recommendation = [0.0, 1.3665, 1.8522], Current Cost = 5400.00, Rho = 1.000
(iter 10) [0.0, -0.2796, 0.2450] = 451.8807, sampling [1.0, -0.7478, -1.8123]. Recommendation = [0.0, 1.3665, 1.8522], Current Cost = 5401.00, Rho = 1.000
(iter 10) [0.0, -0.2796, 0.2450] = 451.8807, sampling [1.0, -1.4470, -1.1253]. Recommendation = [0.0, 1.3665, 1.8522], Current Cost = 5402.00, Rho = 1.000
(iter 10) [0.0, -0.2796, 0.2450] = 451.8807, sampling [1.0, -1.6112, -0.0872]. Recommendation = [0.0, 1.3665, 1.8522], Current Cost = 5403.00, Rho = 1.000
(iter 10) [0.0, -0.2796, 0.2450] = 451.8807, sampling [1.0, -1.0477, -1.7842]. Recommendation = [0.0, 1.3665, 1.8522], Current Cost = 5404.00, Rho = 1.000
(iter 10) [0.0, -0.2796, 0.2450] = 451.8807, sampling [1.0, -1.5783, -0.5209]. Recommendation = [0.0, 1.3665, 1.8522], Current Cost = 5405.00, Rho = 1.000
(iter 10) [0.0, -0.2796, 0.2450] = 451.8807, sampling [1.0, 1.9992, 1.1927]. Recommendation = [0.0, 1.3665, 1.8522], Current Cost = 5406.00, Rho = 1.000
(iter 10) [0.0, -0.2796, 0.2450] = 451.8807, sampling [1.0, 1.2120, -1.6966]. Recommendation = [0.0, 1.3665, 1.8522], Current Cost = 5407.00, Rho = 1.000
(iter 10) [0.0, -0.2796, 0.2450] = 451.8807, sampling [1.0, 1.7922, -1.9615]. Recommendation = [0.0, 1.3665, 1.8522], Current Cost = 5408.00, Rho = 1.000
(iter 10) [0.0, -0.2796, 0.2450] = 451.8807, sampling [1.0, -1.8692, 0.5916]. Recommendation = [0.0, 1.3665, 1.8522], Current Cost = 5409.00, Rho = 1.000
(iter 10) [0.0, -0.2796, 0.2450] = 451.8807, sampling [1.0, -1.2454, -1.0881]. Recommendation = [0.0, 1.3665, 1.8522], Current Cost = 5410.00, Rho = 1.000
(iter 10) [0.0, -0.2796, 0.2450] = 451.8807, sampling [1.0, 1.5409, -0.3489]. Recommendation = [0.0, 1.3665, 1.8522], Current Cost = 5411.00, Rho = 1.000
(iter 10) [0.0, -0.2796, 0.2450] = 451.8807, sampling [1.0, -1.1750, -1.4924]. Recommendation = [0.0, 1.3665, 1.8522], Current Cost = 5412.00, Rho = 1.000
(iter 10) [0.0, -0.2796, 0.2450] = 451.8807, sampling [1.0, 1.4536, -0.6548]. Recommendation = [0.0, 1.3665, 1.8522], Current Cost = 5413.00, Rho = 1.000
(iter 10) [0.0, -0.2796, 0.2450] = 451.8807, sampling [1.0, 1.6795, 0.0514]. Recommendation = [0.0, 1.3665, 1.8522], Current Cost = 5414.00, Rho = 1.000
(iter 10) [0.0, -0.2796, 0.2450] = 451.8807, sampling [1.0, -1.9679, 0.9056]. Recommendation = [0.0, 1.3665, 1.8522], Current Cost = 5415.00, Rho = 1.000
(iter 10) [0.0, -0.2796, 0.2450] = 451.8807, sampling [1.0, -1.7542, 0.1063]. Recommendation = [0.0, 1.3665, 1.8522], Current Cost = 5416.00, Rho = 1.000
(iter 10) [0.0, -0.2796, 0.2450] = 451.8807, sampling [1.0, 1.9348, -0.6694]. Recommendation = [0.0, 1.3665, 1.8522], Current Cost = 5417.00, Rho = 1.000
(iter 10) [0.0, -0.2796, 0.2450] = 451.8807, sampling [1.0, -1.2293, -1.9178]. Recommendation = [0.0, 1.3665, 1.8522], Current Cost = 5418.00, Rho = 1.000
(iter 10) [0.0, -0.2796, 0.2450] = 451.8807, sampling [1.0, -1.4303, -1.4114]. Recommendation = [0.0, 1.3665, 1.8522], Current Cost = 5419.00, Rho = 1.000
(iter 10) [0.0, -0.2796, 0.2450] = 451.8807, sampling [1.0, -1.7913, -0.3329]. Recommendation = [0.0, 1.3665, 1.8522], Current Cost = 5420.00, Rho = 1.000
(iter 10) [0.0, -0.2796, 0.2450] = 451.8807, sampling [1.0, -1.2138, -1.1900]. Recommendation = [0.0, 1.3665, 1.8522], Current Cost = 5421.00, Rho = 1.000
(iter 10) [0.0, -0.2796, 0.2450] = 451.8807, sampling [1.0, 1.7268, 0.7011]. Recommendation = [0.0, 1.3665, 1.8522], Current Cost = 5422.00, Rho = 1.000
(iter 10) [0.0, -0.2796, 0.2450] = 451.8807, sampling [1.0, 1.9481, 0.0594]. Recommendation = [0.0, 1.3665, 1.8522], Current Cost = 5423.00, Rho = 1.000
(iter 10) [0.0, -0.2796, 0.2450] = 451.8807, sampling [0.0, 1.3665, 1.8522]. Recommendation = [0.0, 1.3665, 1.8522], Current Cost = 5424.00, Rho = 1.000
(iter 429) [0.0, 1.3665, 1.8522] = 456.1428, sampling [0.0, 0.4116, 0.1587]. Recommendation = [0.0, 1.3665, 1.8522], Current Cost = 6424.00, Rho = 1.000
(iter 429) [0.0, 1.3665, 1.8522] = 456.1428, sampling [0.0, 0.8803, 0.8231]. Recommendation = [0.0, 1.3665, 1.8522], Current Cost = 7424.00, Rho = 1.000
(iter 429) [0.0, 1.3665, 1.8522] = 456.1428, sampling [1.0, 1.5452, -0.9763]. Recommendation = [0.0, 1.3665, 1.8522], Current Cost = 8424.00, Rho = 1.000
(iter 429) [0.0, 1.3665, 1.8522] = 456.1428, sampling [1.0, -1.7962, 0.4305]. Recommendation = [0.0, 1.3665, 1.8522], Current Cost = 8425.00, Rho = 1.000
(iter 429) [0.0, 1.3665, 1.8522] = 456.1428, sampling [1.0, -1.2818, -1.5930]. Recommendation = [0.0, 1.3665, 1.8522], Current Cost = 8426.00, Rho = 1.000
(iter 429) [0.0, 1.3665, 1.8522] = 456.1428, sampling [1.0, -1.8133, -1.3731]. Recommendation = [0.0, 1.3665, 1.8522], Current Cost = 8427.00, Rho = 1.000
(iter 429) [0.0, 1.3665, 1.8522] = 456.1428, sampling [0.0, 0.6515, 0.3940]. Recommendation = [0.0, 1.3665, 1.8522], Current Cost = 8428.00, Rho = 1.000
(iter 429) [0.0, 1.3665, 1.8522] = 456.1428, sampling [1.0, -1.4840, -0.8700]. Recommendation = [0.0, 1.3665, 1.8522], Current Cost = 9428.00, Rho = 1.000
(iter 429) [0.0, 1.3665, 1.8522] = 456.1428, sampling [1.0, 1.4982, -1.3510]. Recommendation = [0.0, 1.3665, 1.8522], Current Cost = 9429.00, Rho = 1.000
(iter 429) [0.0, 1.3665, 1.8522] = 456.1428, sampling [1.0, -1.2762, -1.4191]. Recommendation = [0.0, 1.3665, 1.8522], Current Cost = 9430.00, Rho = 1.000
(iter 429) [0.0, 1.3665, 1.8522] = 456.1428, sampling [1.0, -1.1021, -1.9337]. Recommendation = [0.0, 1.3665, 1.8522], Current Cost = 9431.00, Rho = 1.000
(iter 429) [0.0, 1.3665, 1.8522] = 456.1428, sampling [1.0, -1.2172, -1.0616]. Recommendation = [0.0, 1.3665, 1.8522], Current Cost = 9432.00, Rho = 1.000
(iter 429) [0.0, 1.3665, 1.8522] = 456.1428, sampling [0.0, 0.8492, 0.7756]. Recommendation = [0.0, 1.3665, 1.8522], Current Cost = 9433.00, Rho = 1.000
(iter 429) [0.0, 1.3665, 1.8522] = 456.1428, sampling [0.0, 0.9937, 0.9372]. Recommendation = [0.0, 1.3665, 1.8522], Current Cost = 10433.00, Rho = 1.000
(iter 429) [0.0, 1.3665, 1.8522] = 456.1428, sampling [1.0, 1.8434, -0.3743]. Recommendation = [0.0, 1.3665, 1.8522], Current Cost = 11433.00, Rho = 1.000
(iter 429) [0.0, 1.3665, 1.8522] = 456.1428, sampling [1.0, -1.9145, 0.5112]. Recommendation = [0.0, 1.3665, 1.8522], Current Cost = 11434.00, Rho = 1.000
(iter 429) [0.0, 1.3665, 1.8522] = 456.1428, sampling [1.0, -1.9750, -0.2394]. Recommendation = [0.0, 1.3665, 1.8522], Current Cost = 11435.00, Rho = 1.000
(iter 429) [0.0, 1.3665, 1.8522] = 456.1428, sampling [1.0, -1.5312, -1.0143]. Recommendation = [0.0, 1.3665, 1.8522], Current Cost = 11436.00, Rho = 1.000
(iter 429) [0.0, 1.3665, 1.8522] = 456.1428, sampling [1.0, -1.3018, -1.7444]. Recommendation = [0.0, 1.3665, 1.8522], Current Cost = 11437.00, Rho = 1.000
(iter 429) [0.0, 1.3665, 1.8522] = 456.1428, sampling [1.0, 1.4618, -1.6408]. Recommendation = [0.0, 1.3665, 1.8522], Current Cost = 11438.00, Rho = 1.000
(iter 429) [0.0, 1.3665, 1.8522] = 456.1428, sampling [1.0, -1.8727, 0.3577]. Recommendation = [0.0, 1.3665, 1.8522], Current Cost = 11439.00, Rho = 1.000
(iter 429) [0.0, 1.3665, 1.8522] = 456.1428, sampling [1.0, -1.7334, -0.6038]. Recommendation = [0.0, 1.3665, 1.8522], Current Cost = 11440.00, Rho = 1.000
(iter 429) [0.0, 1.3665, 1.8522] = 456.1428, sampling [1.0, 1.6438, -0.8753]. Recommendation = [0.0, 1.3665, 1.8522], Current Cost = 11441.00, Rho = 1.000
(iter 429) [0.0, 1.3665, 1.8522] = 456.1428, sampling [1.0, 1.1991, -1.7697]. Recommendation = [0.0, 1.3665, 1.8522], Current Cost = 11442.00, Rho = 1.000
(iter 429) [0.0, 1.3665, 1.8522] = 456.1428, sampling [1.0, -1.6684, -0.8107]. Recommendation = [0.0, 1.3665, 1.8522], Current Cost = 11443.00, Rho = 1.000
(iter 429) [0.0, 1.3665, 1.8522] = 456.1428, sampling [1.0, -1.0585, -1.8490]. Recommendation = [0.0, 1.3665, 1.8522], Current Cost = 11444.00, Rho = 1.000
(iter 429) [0.0, 1.3665, 1.8522] = 456.1428, sampling [1.0, 1.3683, -1.8969]. Recommendation = [0.0, 1.3665, 1.8522], Current Cost = 11445.00, Rho = 1.000
(iter 429) [0.0, 1.3665, 1.8522] = 456.1428, sampling [1.0, 1.6377, -1.1538]. Recommendation = [0.0, 1.3665, 1.8522], Current Cost = 11446.00, Rho = 1.000
(iter 429) [0.0, 1.3665, 1.8522] = 456.1428, sampling [1.0, 1.2844, -1.4294]. Recommendation = [0.0, 1.3665, 1.8522], Current Cost = 11447.00, Rho = 1.000
(iter 429) [0.0, 1.3665, 1.8522] = 456.1428, sampling [1.0, -1.9314, 0.9827]. Recommendation = [0.0, 1.3665, 1.8522], Current Cost = 11448.00, Rho = 1.000
(iter 429) [0.0, 1.3665, 1.8522] = 456.1428, sampling [1.0, -1.5238, -1.3238]. Recommendation = [0.0, 1.3665, 1.8522], Current Cost = 11449.00, Rho = 1.000
(iter 429) [0.0, 1.3665, 1.8522] = 456.1428, sampling [1.0, -1.6200, -1.0976]. Recommendation = [0.0, 1.3665, 1.8522], Current Cost = 11450.00, Rho = 1.000
(iter 429) [0.0, 1.3665, 1.8522] = 456.1428, sampling [1.0, 1.7831, -0.4773]. Recommendation = [0.0, 1.3665, 1.8522], Current Cost = 11451.00, Rho = 1.000
(iter 429) [0.0, 1.3665, 1.8522] = 456.1428, sampling [1.0, 1.8884, -0.9526]. Recommendation = [0.0, 1.3665, 1.8522], Current Cost = 11452.00, Rho = 1.000
(iter 429) [0.0, 1.3665, 1.8522] = 456.1428, sampling [1.0, 1.2283, -1.6538]. Recommendation = [0.0, 1.3665, 1.8522], Current Cost = 11453.00, Rho = 1.000
(iter 429) [0.0, 1.3665, 1.8522] = 456.1428, sampling [1.0, -1.3957, -1.7053]. Recommendation = [0.0, 1.3665, 1.8522], Current Cost = 11454.00, Rho = 1.000
(iter 429) [0.0, 1.3665, 1.8522] = 456.1428, sampling [1.0, 1.8339, -0.2667]. Recommendation = [0.0, 1.3665, 1.8522], Current Cost = 11455.00, Rho = 1.000
(iter 429) [0.0, 1.3665, 1.8522] = 456.1428, sampling [1.0, -1.8801, -0.4472]. Recommendation = [0.0, 1.3665, 1.8522], Current Cost = 11456.00, Rho = 1.000
(iter 429) [0.0, 1.3665, 1.8522] = 456.1428, sampling [1.0, -1.7104, -0.9666]. Recommendation = [0.0, 1.3665, 1.8522], Current Cost = 11457.00, Rho = 1.000
(iter 429) [0.0, 1.3665, 1.8522] = 456.1428, sampling [1.0, 1.1797, -1.9980]. Recommendation = [0.0, 1.3665, 1.8522], Current Cost = 11458.00, Rho = 1.000
(iter 429) [0.0, 1.3665, 1.8522] = 456.1428, sampling [1.0, -1.3318, -1.8417]. Recommendation = [0.0, 1.3665, 1.8522], Current Cost = 11459.00, Rho = 1.000
(iter 429) [0.0, 1.3665, 1.8522] = 456.1428, sampling [1.0, -1.5546, -0.9377]. Recommendation = [0.0, 1.3665, 1.8522], Current Cost = 11460.00, Rho = 1.000
(iter 429) [0.0, 1.3665, 1.8522] = 456.1428, sampling [1.0, -1.6445, -1.6014]. Recommendation = [0.0, 1.3665, 1.8522], Current Cost = 11461.00, Rho = 1.000
(iter 429) [0.0, 1.3665, 1.8522] = 456.1428, sampling [1.0, 1.5923, -1.4486]. Recommendation = [0.0, 1.3665, 1.8522], Current Cost = 11462.00, Rho = 1.000
(iter 429) [0.0, 1.3665, 1.8522] = 456.1428, sampling [1.0, -1.8932, -1.1135]. Recommendation = [0.0, 1.3665, 1.8522], Current Cost = 11463.00, Rho = 1.000
(iter 429) [0.0, 1.3665, 1.8522] = 456.1428, sampling [1.0, 1.5734, -1.2645]. Recommendation = [0.0, 1.3665, 1.8522], Current Cost = 11464.00, Rho = 1.000
(iter 429) [0.0, 1.3665, 1.8522] = 456.1428, sampling [1.0, -1.2613, -1.7996]. Recommendation = [0.0, 1.3665, 1.8522], Current Cost = 11465.00, Rho = 1.000
(iter 429) [0.0, 1.3665, 1.8522] = 456.1428, sampling [1.0, 1.2581, -1.9079]. Recommendation = [0.0, 1.3665, 1.8522], Current Cost = 11466.00, Rho = 1.000
(iter 429) [0.0, 1.3665, 1.8522] = 456.1428, sampling [1.0, 1.5310, -1.9261]. Recommendation = [0.0, 1.3665, 1.8522], Current Cost = 11467.00, Rho = 1.000
(iter 429) [0.0, 1.3665, 1.8522] = 456.1428, sampling [1.0, 1.6015, -1.6735]. Recommendation = [0.0, 1.3665, 1.8522], Current Cost = 11468.00, Rho = 1.000
(iter 429) [0.0, 1.3665, 1.8522] = 456.1428, sampling [1.0, -1.7673, -0.6879]. Recommendation = [0.0, 1.3665, 1.8522], Current Cost = 11469.00, Rho = 1.000
(iter 429) [0.0, 1.3665, 1.8522] = 456.1428, sampling [1.0, 1.8274, -0.7447]. Recommendation = [0.0, 1.3665, 1.8522], Current Cost = 11470.00, Rho = 1.000
(iter 429) [0.0, 1.3665, 1.8522] = 456.1428, sampling [1.0, -1.6601, -1.1991]. Recommendation = [0.0, 1.3665, 1.8522], Current Cost = 11471.00, Rho = 1.000
(iter 429) [0.0, 1.3665, 1.8522] = 456.1428, sampling [1.0, 1.4745, -1.4002]. Recommendation = [0.0, 1.3665, 1.8522], Current Cost = 11472.00, Rho = 1.000
(iter 429) [0.0, 1.3665, 1.8522] = 456.1428, sampling [1.0, 1.6159, -0.9450]. Recommendation = [0.0, 1.3665, 1.8522], Current Cost = 11473.00, Rho = 1.000
(iter 429) [0.0, 1.3665, 1.8522] = 456.1428, sampling [1.0, 1.9256, -1.5663]. Recommendation = [0.0, 1.3665, 1.8522], Current Cost = 11474.00, Rho = 1.000
(iter 429) [0.0, 1.3665, 1.8522] = 456.1428, sampling [1.0, -1.8991, -0.5679]. Recommendation = [0.0, 1.3665, 1.8522], Current Cost = 11475.00, Rho = 1.000
(iter 429) [0.0, 1.3665, 1.8522] = 456.1428, sampling [1.0, -1.7800, -0.8561]. Recommendation = [0.0, 1.3665, 1.8522], Current Cost = 11476.00, Rho = 1.000
(iter 429) [0.0, 1.3665, 1.8522] = 456.1428, sampling [1.0, 1.7912, -1.1640]. Recommendation = [0.0, 1.3665, 1.8522], Current Cost = 11477.00, Rho = 1.000
(iter 429) [0.0, 1.3665, 1.8522] = 456.1428, sampling [1.0, -1.7424, -1.6158]. Recommendation = [0.0, 1.3665, 1.8522], Current Cost = 11478.00, Rho = 1.000
(iter 429) [0.0, 1.3665, 1.8522] = 456.1428, sampling [1.0, -1.9929, -0.8801]. Recommendation = [0.0, 1.3665, 1.8522], Current Cost = 11479.00, Rho = 1.000
(iter 429) [0.0, 1.3665, 1.8522] = 456.1428, sampling [1.0, 1.6916, -1.5689]. Recommendation = [0.0, 1.3665, 1.8522], Current Cost = 11480.00, Rho = 1.000
(iter 429) [0.0, 1.3665, 1.8522] = 456.1428, sampling [1.0, 1.9386, -0.1674]. Recommendation = [0.0, 1.3665, 1.8522], Current Cost = 11481.00, Rho = 1.000
(iter 429) [0.0, 1.3665, 1.8522] = 456.1428, sampling [1.0, 1.7082, -1.7766]. Recommendation = [0.0, 1.3665, 1.8522], Current Cost = 11482.00, Rho = 1.000
(iter 429) [0.0, 1.3665, 1.8522] = 456.1428, sampling [1.0, -1.8498, -1.4716]. Recommendation = [0.0, 1.3665, 1.8522], Current Cost = 11483.00, Rho = 1.000
(iter 429) [0.0, 1.3665, 1.8522] = 456.1428, sampling [1.0, -1.8619, -0.9230]. Recommendation = [0.0, 1.3665, 1.8522], Current Cost = 11484.00, Rho = 1.000
(iter 429) [0.0, 1.3665, 1.8522] = 456.1428, sampling [1.0, -1.8038, -1.1327]. Recommendation = [0.0, 1.3665, 1.8522], Current Cost = 11485.00, Rho = 1.000
(iter 429) [0.0, 1.3665, 1.8522] = 456.1428, sampling [1.0, -1.7274, -0.8555]. Recommendation = [0.0, 1.3665, 1.8522], Current Cost = 11486.00, Rho = 1.000
(iter 429) [0.0, 1.3665, 1.8522] = 456.1428, sampling [1.0, 1.8142, -0.4627]. Recommendation = [0.0, 1.3665, 1.8522], Current Cost = 11487.00, Rho = 1.000
(iter 429) [0.0, 1.3665, 1.8522] = 456.1428, sampling [1.0, 1.8669, -1.0253]. Recommendation = [0.0, 1.3665, 1.8522], Current Cost = 11488.00, Rho = 1.000
(iter 429) [0.0, 1.3665, 1.8522] = 456.1428, sampling [1.0, 1.8791, -1.8578]. Recommendation = [0.0, 1.3665, 1.8522], Current Cost = 11489.00, Rho = 1.000
(iter 429) [0.0, 1.3665, 1.8522] = 456.1428, sampling [1.0, -1.6737, -1.8045]. Recommendation = [0.0, 1.3665, 1.8522], Current Cost = 11490.00, Rho = 1.000
(iter 429) [0.0, 1.3665, 1.8522] = 456.1428, sampling [1.0, 1.9587, -0.7215]. Recommendation = [0.0, 1.3665, 1.8522], Current Cost = 11491.00, Rho = 1.000
(iter 429) [0.0, 1.3665, 1.8522] = 456.1428, sampling [1.0, -1.8250, -0.8304]. Recommendation = [0.0, 1.3665, 1.8522], Current Cost = 11492.00, Rho = 1.000
(iter 429) [0.0, 1.3665, 1.8522] = 456.1428, sampling [1.0, 1.8052, -1.5093]. Recommendation = [0.0, 1.3665, 1.8522], Current Cost = 11493.00, Rho = 1.000
(iter 429) [0.0, 1.3665, 1.8522] = 456.1428, sampling [1.0, 1.6214, -1.7201]. Recommendation = [0.0, 1.3665, 1.8522], Current Cost = 11494.00, Rho = 1.000
(iter 429) [0.0, 1.3665, 1.8522] = 456.1428, sampling [1.0, 1.8873, -0.7150]. Recommendation = [0.0, 1.3665, 1.8522], Current Cost = 11495.00, Rho = 1.000
(iter 429) [0.0, 1.3665, 1.8522] = 456.1428, sampling [1.0, -1.6279, -1.8330]. Recommendation = [0.0, 1.3665, 1.8522], Current Cost = 11496.00, Rho = 1.000
(iter 429) [0.0, 1.3665, 1.8522] = 456.1428, sampling [1.0, 1.7419, -1.7344]. Recommendation = [0.0, 1.3665, 1.8522], Current Cost = 11497.00, Rho = 1.000
(iter 429) [0.0, 1.3665, 1.8522] = 456.1428, sampling [1.0, 1.8564, -1.4569]. Recommendation = [0.0, 1.3665, 1.8522], Current Cost = 11498.00, Rho = 1.000
(iter 429) [0.0, 1.3665, 1.8522] = 456.1428, sampling [1.0, 1.7502, -1.5268]. Recommendation = [0.0, 1.3665, 1.8522], Current Cost = 11499.00, Rho = 1.000
(iter 429) [0.0, 1.3665, 1.8522] = 456.1428, sampling [0.0, -0.0696, -0.0094]. Recommendation = [0.0, 1.3665, 1.8522], Current Cost = 11500.00, Rho = 1.000
(iter 429) [0.0, 1.3665, 1.8522] = 456.1428, sampling [0.0, -1.6548, -1.8803]. Recommendation = [0.0, 1.3665, 1.8522], Current Cost = 12500.00, Rho = 1.000
(iter 429) [0.0, 1.3665, 1.8522] = 456.1428, sampling [0.0, 0.4849, -1.9797]. Recommendation = [0.0, 1.3665, 1.8522], Current Cost = 13500.00, Rho = 1.000
(iter 429) [0.0, 1.3665, 1.8522] = 456.1428, sampling [0.0, 0.2678, -1.7364]. Recommendation = [0.0, 1.3665, 1.8522], Current Cost = 14500.00, Rho = 1.000
(iter 429) [0.0, 1.3665, 1.8522] = 456.1428, sampling [0.0, 0.1818, -1.6692]. Recommendation = [0.0, 1.3665, 1.8522], Current Cost = 15500.00, Rho = 1.000
(iter 429) [0.0, 1.3665, 1.8522] = 456.1428, sampling [0.0, 1.2935, -0.4973]. Recommendation = [0.0, 1.3665, 1.8522], Current Cost = 16500.00, Rho = 1.000
(iter 429) [0.0, 1.3665, 1.8522] = 456.1428, sampling [0.0, 0.2778, 1.1587]. Recommendation = [0.0, 1.3665, 1.8522], Current Cost = 17500.00, Rho = 1.000
(iter 429) [0.0, 1.3665, 1.8522] = 456.1428, sampling [0.0, -0.5061, -1.2055]. Recommendation = [0.0, 1.3665, 1.8522], Current Cost = 18500.00, Rho = 1.000
(iter 429) [0.0, 1.3665, 1.8522] = 456.1428, sampling [0.0, -1.3165, 1.2164]. Recommendation = [0.0, 1.3665, 1.8522], Current Cost = 19500.00, Rho = 1.000
(iter 429) [0.0, 1.3665, 1.8522] = 456.1428, sampling [0.0, -0.4090, -0.3179]. Recommendation = [0.0, 1.3665, 1.8522], Current Cost = 20500.00, Rho = 1.000
(iter 429) [0.0, 1.3665, 1.8522] = 456.1428, sampling [0.0, 0.9626, 1.1780]. Recommendation = [0.0, 1.3665, 1.8522], Current Cost = 21500.00, Rho = 1.000
(iter 429) [0.0, 1.3665, 1.8522] = 456.1428, sampling [0.0, -1.3088, 0.6758]. Recommendation = [0.0, 1.3665, 1.8522], Current Cost = 22500.00, Rho = 1.000
(iter 429) [0.0, 1.3665, 1.8522] = 456.1428, sampling [0.0, 1.1163, 0.1614]. Recommendation = [0.0, 1.3665, 1.8522], Current Cost = 23500.00, Rho = 1.000
(iter 429) [0.0, 1.3665, 1.8522] = 456.1428, sampling [0.0, 0.6859, -1.6618]. Recommendation = [0.0, 1.3665, 1.8522], Current Cost = 24500.00, Rho = 1.000
(iter 429) [0.0, 1.3665, 1.8522] = 456.1428, sampling [0.0, -0.0116, -1.0029]. Recommendation = [0.0, 1.3665, 1.8522], Current Cost = 25500.00, Rho = 1.000
(iter 429) [0.0, 1.3665, 1.8522] = 456.1428, sampling [0.0, -1.5043, 1.4919]. Recommendation = [0.0, 1.3665, 1.8522], Current Cost = 26500.00, Rho = 1.000
(iter 429) [0.0, 1.3665, 1.8522] = 456.1428, sampling [0.0, 1.6159, -0.9450]. Recommendation = [0.0, 1.3665, 1.8522], Current Cost = 27500.00, Rho = 1.000
(iter 429) [0.0, 1.3665, 1.8522] = 456.1428, sampling [0.0, -1.0877, -0.1020]. Recommendation = [0.0, 1.3665, 1.8522], Current Cost = 28500.00, Rho = 1.000
(iter 429) [0.0, 1.3665, 1.8522] = 456.1428, sampling [0.0, -0.2401, -0.2727]. Recommendation = [0.0, 1.3665, 1.8522], Current Cost = 29500.00, Rho = 1.000
(iter 429) [0.0, 1.3665, 1.8522] = 456.1428, sampling [0.0, 0.1171, -0.4324]. Recommendation = [0.0, 1.3665, 1.8522], Current Cost = 30500.00, Rho = 1.000
(iter 429) [0.0, 1.3665, 1.8522] = 456.1428, sampling [0.0, -1.2293, -1.9178]. Recommendation = [0.0, 1.3665, 1.8522], Current Cost = 31500.00, Rho = 1.000
(iter 429) [0.0, 1.3665, 1.8522] = 456.1428, sampling [0.0, -0.9634, 1.4351]. Recommendation = [0.0, 1.3665, 1.8522], Current Cost = 32500.00, Rho = 1.000
(iter 429) [0.0, 1.3665, 1.8522] = 456.1428, sampling [0.0, 1.2488, 1.9993]. Recommendation = [0.0, 1.3665, 1.8522], Current Cost = 33500.00, Rho = 1.000
(iter 429) [0.0, 1.3665, 1.8522] = 456.1428, sampling [0.0, -1.5884, 1.4220]. Recommendation = [0.0, 1.3665, 1.8522], Current Cost = 34500.00, Rho = 1.000
(iter 429) [0.0, 1.3665, 1.8522] = 456.1428, sampling [0.0, -1.5238, -1.3238]. Recommendation = [0.0, 1.3665, 1.8522], Current Cost = 35500.00, Rho = 1.000
(iter 429) [0.0, 1.3665, 1.8522] = 456.1428, sampling [0.0, -0.2102, 1.7711]. Recommendation = [0.0, 1.3665, 1.8522], Current Cost = 36500.00, Rho = 1.000
(iter 429) [0.0, 1.3665, 1.8522] = 456.1428, sampling [0.0, 0.0828, 0.2574]. Recommendation = [0.0, 1.3665, 1.8522], Current Cost = 37500.00, Rho = 1.000
(iter 429) [0.0, 1.3665, 1.8522] = 456.1428, sampling [0.0, 1.9837, 1.5458]. Recommendation = [0.0, 1.3665, 1.8522], Current Cost = 38500.00, Rho = 1.000
(iter 429) [0.0, 1.3665, 1.8522] = 456.1428, sampling [0.0, 0.5902, -0.3075]. Recommendation = [0.0, 1.3665, 1.8522], Current Cost = 39500.00, Rho = 1.000
(iter 429) [0.0, 1.3665, 1.8522] = 456.1428, sampling [0.0, -1.9764, -0.7577]. Recommendation = [0.0, 1.3665, 1.8522], Current Cost = 40500.00, Rho = 1.000
(iter 429) [0.0, 1.3665, 1.8522] = 456.1428, sampling [0.0, 0.9014, 0.1994]. Recommendation = [0.0, 1.3665, 1.8522], Current Cost = 41500.00, Rho = 1.000
(iter 429) [0.0, 1.3665, 1.8522] = 456.1428, sampling [0.0, 0.9905, 0.3074]. Recommendation = [0.0, 1.3665, 1.8522], Current Cost = 42500.00, Rho = 1.000
(iter 429) [0.0, 1.3665, 1.8522] = 456.1428, sampling [0.0, 1.8873, -0.7150]. Recommendation = [0.0, 1.3665, 1.8522], Current Cost = 43500.00, Rho = 1.000
(iter 429) [0.0, 1.3665, 1.8522] = 456.1428, sampling [0.0, -1.5546, -0.9377]. Recommendation = [0.0, 1.3665, 1.8522], Current Cost = 44500.00, Rho = 1.000
(iter 429) [0.0, 1.3665, 1.8522] = 456.1428, sampling [0.0, -1.9679, 0.9056]. Recommendation = [0.0, 1.3665, 1.8522], Current Cost = 45500.00, Rho = 1.000
(iter 429) [0.0, 1.3665, 1.8522] = 456.1428, sampling [0.0, 1.4536, -0.6548]. Recommendation = [0.0, 1.3665, 1.8522], Current Cost = 46500.00, Rho = 1.000
(iter 429) [0.0, 1.3665, 1.8522] = 456.1428, sampling [0.0, -1.9145, 0.5112]. Recommendation = [0.0, 1.3665, 1.8522], Current Cost = 47500.00, Rho = 1.000
(iter 429) [0.0, 1.3665, 1.8522] = 456.1428, sampling [0.0, -0.9747, 0.5660]. Recommendation = [0.0, 1.3665, 1.8522], Current Cost = 48500.00, Rho = 1.000
(iter 429) [0.0, 1.3665, 1.8522] = 456.1428, sampling [0.0, 0.0598, 1.7599]. Recommendation = [0.0, 1.3665, 1.8522], Current Cost = 49500.00, Rho = 1.000
(iter 429) [0.0, 1.3665, 1.8522] = 456.1428, sampling [0.0, 0.5629, 1.9077]. Recommendation = [0.0, 1.3665, 1.8522], Current Cost = 50500.00, Rho = 1.000
(iter 429) [0.0, 1.3665, 1.8522] = 456.1428, sampling [0.0, -1.1547, -1.0852]. Recommendation = [0.0, 1.3665, 1.8522], Current Cost = 51500.00, Rho = 1.000
(iter 429) [0.0, 1.3665, 1.8522] = 456.1428, sampling [0.0, 0.1394, -0.8339]. Recommendation = [0.0, 1.3665, 1.8522], Current Cost = 52500.00, Rho = 1.000
(iter 429) [0.0, 1.3665, 1.8522] = 456.1428, sampling [0.0, 1.6438, -0.8753]. Recommendation = [0.0, 1.3665, 1.8522], Current Cost = 53500.00, Rho = 1.000
(iter 429) [0.0, 1.3665, 1.8522] = 456.1428, sampling [0.0, -1.1750, -1.4924]. Recommendation = [0.0, 1.3665, 1.8522], Current Cost = 54500.00, Rho = 1.000
(iter 429) [0.0, 1.3665, 1.8522] = 456.1428, sampling [0.0, -1.0941, -0.8462]. Recommendation = [0.0, 1.3665, 1.8522], Current Cost = 55500.00, Rho = 1.000
(iter 429) [0.0, 1.3665, 1.8522] = 456.1428, sampling [0.0, -1.8619, -0.9230]. Recommendation = [0.0, 1.3665, 1.8522], Current Cost = 56500.00, Rho = 1.000
(iter 429) [0.0, 1.3665, 1.8522] = 456.1428, sampling [0.0, 0.1985, 1.8474]. Recommendation = [0.0, 1.3665, 1.8522], Current Cost = 57500.00, Rho = 1.000
(iter 429) [0.0, 1.3665, 1.8522] = 456.1428, sampling [0.0, 1.2120, -1.6966]. Recommendation = [0.0, 1.3665, 1.8522], Current Cost = 58500.00, Rho = 1.000
(iter 429) [0.0, 1.3665, 1.8522] = 456.1428, sampling [0.0, 0.9122, -0.9702]. Recommendation = [0.0, 1.3665, 1.8522], Current Cost = 59500.00, Rho = 1.000
(iter 429) [0.0, 1.3665, 1.8522] = 456.1428, sampling [0.0, -0.4646, 0.7961]. Recommendation = [0.0, 1.3665, 1.8522], Current Cost = 60500.00, Rho = 1.000
(iter 429) [0.0, 1.3665, 1.8522] = 456.1428, sampling [0.0, -1.6737, -1.8045]. Recommendation = [0.0, 1.3665, 1.8522], Current Cost = 61500.00, Rho = 1.000
(iter 429) [0.0, 1.3665, 1.8522] = 456.1428, sampling [0.0, 1.4745, -1.4002]. Recommendation = [0.0, 1.3665, 1.8522], Current Cost = 62500.00, Rho = 1.000
(iter 429) [0.0, 1.3665, 1.8522] = 456.1428, sampling [0.0, -1.1129, 0.2336]. Recommendation = [0.0, 1.3665, 1.8522], Current Cost = 63500.00, Rho = 1.000
(iter 429) [0.0, 1.3665, 1.8522] = 456.1428, sampling [0.0, 0.6247, -0.5739]. Recommendation = [0.0, 1.3665, 1.8522], Current Cost = 64500.00, Rho = 1.000
(iter 429) [0.0, 1.3665, 1.8522] = 456.1428, sampling [0.0, 1.9992, 1.1927]. Recommendation = [0.0, 1.3665, 1.8522], Current Cost = 65500.00, Rho = 1.000
(iter 429) [0.0, 1.3665, 1.8522] = 456.1428, sampling [0.0, -1.9314, 0.9827]. Recommendation = [0.0, 1.3665, 1.8522], Current Cost = 66500.00, Rho = 1.000
(iter 429) [0.0, 1.3665, 1.8522] = 456.1428, sampling [0.0, 1.2283, -1.6538]. Recommendation = [0.0, 1.3665, 1.8522], Current Cost = 67500.00, Rho = 1.000
(iter 429) [0.0, 1.3665, 1.8522] = 456.1428, sampling [0.0, -0.1332, -0.6903]. Recommendation = [0.0, 1.3665, 1.8522], Current Cost = 68500.00, Rho = 1.000
(iter 429) [0.0, 1.3665, 1.8522] = 456.1428, sampling [0.0, 1.2844, -1.4294]. Recommendation = [0.0, 1.3665, 1.8522], Current Cost = 69500.00, Rho = 1.000
(iter 429) [0.0, 1.3665, 1.8522] = 456.1428, sampling [0.0, 1.7502, -1.5268]. Recommendation = [0.0, 1.3665, 1.8522], Current Cost = 70500.00, Rho = 1.000
(iter 429) [0.0, 1.3665, 1.8522] = 456.1428, sampling [0.0, -0.9768, -1.9549]. Recommendation = [0.0, 1.3665, 1.8522], Current Cost = 71500.00, Rho = 1.000
(iter 429) [0.0, 1.3665, 1.8522] = 456.1428, sampling [0.0, -0.0818, 0.9642]. Recommendation = [0.0, 1.3665, 1.8522], Current Cost = 72500.00, Rho = 1.000
(iter 429) [0.0, 1.3665, 1.8522] = 456.1428, sampling [0.0, -1.4840, -0.8700]. Recommendation = [0.0, 1.3665, 1.8522], Current Cost = 73500.00, Rho = 1.000
(iter 429) [0.0, 1.3665, 1.8522] = 456.1428, sampling [0.0, -0.4070, -0.1803]. Recommendation = [0.0, 1.3665, 1.8522], Current Cost = 74500.00, Rho = 1.000
(iter 429) [0.0, 1.3665, 1.8522] = 456.1428, sampling [0.0, 0.5389, 0.9532]. Recommendation = [0.0, 1.3665, 1.8522], Current Cost = 75500.00, Rho = 1.000
(iter 429) [0.0, 1.3665, 1.8522] = 456.1428, sampling [0.0, -1.3502, 0.7430]. Recommendation = [0.0, 1.3665, 1.8522], Current Cost = 76500.00, Rho = 1.000
(iter 429) [0.0, 1.3665, 1.8522] = 456.1428, sampling [0.0, 1.8052, -1.5093]. Recommendation = [0.0, 1.3665, 1.8522], Current Cost = 77500.00, Rho = 1.000
(iter 429) [0.0, 1.3665, 1.8522] = 456.1428, sampling [0.0, 0.2889, 1.5229]. Recommendation = [0.0, 1.3665, 1.8522], Current Cost = 78500.00, Rho = 1.000
(iter 429) [0.0, 1.3665, 1.8522] = 456.1428, sampling [0.0, 0.5195, 0.8344]. Recommendation = [0.0, 1.3665, 1.8522], Current Cost = 79500.00, Rho = 1.000
(iter 429) [0.0, 1.3665, 1.8522] = 456.1428, sampling [0.0, -1.2818, -1.5930]. Recommendation = [0.0, 1.3665, 1.8522], Current Cost = 80500.00, Rho = 1.000
(iter 429) [0.0, 1.3665, 1.8522] = 456.1428, sampling [0.0, -0.2338, -1.3905]. Recommendation = [0.0, 1.3665, 1.8522], Current Cost = 81500.00, Rho = 1.000
(iter 429) [0.0, 1.3665, 1.8522] = 456.1428, sampling [0.0, -0.1035, 1.5097]. Recommendation = [0.0, 1.3665, 1.8522], Current Cost = 82500.00, Rho = 1.000
(iter 429) [0.0, 1.3665, 1.8522] = 456.1428, sampling [0.0, 1.4982, -1.3510]. Recommendation = [0.0, 1.3665, 1.8522], Current Cost = 83500.00, Rho = 1.000
(iter 429) [0.0, 1.3665, 1.8522] = 456.1428, sampling [0.0, 0.2515, -1.0227]. Recommendation = [0.0, 1.3665, 1.8522], Current Cost = 84500.00, Rho = 1.000
(iter 429) [0.0, 1.3665, 1.8522] = 456.1428, sampling [0.0, -1.2647, -0.6779]. Recommendation = [0.0, 1.3665, 1.8522], Current Cost = 85500.00, Rho = 1.000
(iter 429) [0.0, 1.3665, 1.8522] = 456.1428, sampling [0.0, -0.5324, -0.6989]. Recommendation = [0.0, 1.3665, 1.8522], Current Cost = 86500.00, Rho = 1.000
(iter 429) [0.0, 1.3665, 1.8522] = 456.1428, sampling [0.0, -1.0554, 0.0945]. Recommendation = [0.0, 1.3665, 1.8522], Current Cost = 87500.00, Rho = 1.000
(iter 429) [0.0, 1.3665, 1.8522] = 456.1428, sampling [0.0, -1.6064, 0.5521]. Recommendation = [0.0, 1.3665, 1.8522], Current Cost = 88500.00, Rho = 1.000
(iter 429) [0.0, 1.3665, 1.8522] = 456.1428, sampling [0.0, 1.0135, -0.5596]. Recommendation = [0.0, 1.3665, 1.8522], Current Cost = 89500.00, Rho = 1.000
(iter 429) [0.0, 1.3665, 1.8522] = 456.1428, sampling [0.0, -1.1815, -1.3553]. Recommendation = [0.0, 1.3665, 1.8522], Current Cost = 90500.00, Rho = 1.000
(iter 429) [0.0, 1.3665, 1.8522] = 456.1428, sampling [0.0, -1.7703, 1.5552]. Recommendation = [0.0, 1.3665, 1.8522], Current Cost = 91500.00, Rho = 1.000
(iter 429) [0.0, 1.3665, 1.8522] = 456.1428, sampling [0.0, 1.0864, 0.7358]. Recommendation = [0.0, 1.3665, 1.8522], Current Cost = 92500.00, Rho = 1.000
(iter 429) [0.0, 1.3665, 1.8522] = 456.1428, sampling [0.0, 0.2407, 1.0842]. Recommendation = [0.0, 1.3665, 1.8522], Current Cost = 93500.00, Rho = 1.000
(iter 429) [0.0, 1.3665, 1.8522] = 456.1428, sampling [0.0, -1.0362, 0.1907]. Recommendation = [0.0, 1.3665, 1.8522], Current Cost = 94500.00, Rho = 1.000
(iter 429) [0.0, 1.3665, 1.8522] = 456.1428, sampling [0.0, 1.4886, 1.2077]. Recommendation = [0.0, 1.3665, 1.8522], Current Cost = 95500.00, Rho = 1.000
(iter 429) [0.0, 1.3665, 1.8522] = 456.1428, sampling [0.0, 1.6871, 1.2159]. Recommendation = [0.0, 1.3665, 1.8522], Current Cost = 96500.00, Rho = 1.000
(iter 429) [0.0, 1.3665, 1.8522] = 456.1428, sampling [0.0, -0.8726, 0.2231]. Recommendation = [0.0, 1.3665, 1.8522], Current Cost = 97500.00, Rho = 1.000
(iter 429) [0.0, 1.3665, 1.8522] = 456.1428, sampling [0.0, -1.1074, 0.1231]. Recommendation = [0.0, 1.3665, 1.8522], Current Cost = 98500.00, Rho = 1.000
(iter 429) [0.0, 1.3665, 1.8522] = 456.1428, sampling [0.0, -1.0585, -1.8490]. Recommendation = [0.0, 1.3665, 1.8522], Current Cost = 99500.00, Rho = 1.000
