(iter 10) [0.0, 1.2018, 1.0104] = 437.4203, sampling [1.0, 0.5444, 0.5122]. Recommendation = [0.0, 1.2018, 1.0104], Current Cost = 5005.00, Rho = 1.000
(iter 10) [0.0, 1.2018, 1.0104] = 437.4203, sampling [1.0, 1.0097, 0.3314]. Recommendation = [0.0, 1.2018, 1.0104], Current Cost = 5006.00, Rho = 1.000
(iter 10) [0.0, 1.2018, 1.0104] = 437.4203, sampling [1.0, 0.8914, 0.8718]. Recommendation = [0.0, 1.2018, 1.0104], Current Cost = 5007.00, Rho = 1.000
(iter 10) [0.0, 1.2018, 1.0104] = 437.4203, sampling [1.0, 0.1061, 0.1392]. Recommendation = [0.0, 1.2018, 1.0104], Current Cost = 5008.00, Rho = 1.000
(iter 10) [0.0, 1.2018, 1.0104] = 437.4203, sampling [1.0, 0.5525, 0.0629]. Recommendation = [0.0, 1.2018, 1.0104], Current Cost = 5009.00, Rho = 1.000
(iter 10) [0.0, 1.2018, 1.0104] = 437.4203, sampling [1.0, 0.4247, 1.1181]. Recommendation = [0.0, 1.2018, 1.0104], Current Cost = 5010.00, Rho = 1.000
(iter 10) [0.0, 1.2018, 1.0104] = 437.4203, sampling [1.0, 0.2500, -0.4466]. Recommendation = [0.0, 1.2018, 1.0104], Current Cost = 5011.00, Rho = 1.000
(iter 10) [0.0, 1.2018, 1.0104] = 437.4203, sampling [1.0, 1.2208, 0.7588]. Recommendation = [0.0, 1.2018, 1.0104], Current Cost = 5012.00, Rho = 1.000
(iter 10) [0.0, 1.2018, 1.0104] = 437.4203, sampling [1.0, 0.3426, -0.1458]. Recommendation = [0.0, 1.2018, 1.0104], Current Cost = 5013.00, Rho = 1.000
(iter 10) [0.0, 1.2018, 1.0104] = 437.4203, sampling [1.0, 0.1176, 0.5819]. Recommendation = [0.0, 1.2018, 1.0104], Current Cost = 5014.00, Rho = 1.000
(iter 10) [0.0, 1.2018, 1.0104] = 437.4203, sampling [1.0, -0.2169, -0.4173]. Recommendation = [0.0, 1.2018, 1.0104], Current Cost = 5015.00, Rho = 1.000
(iter 10) [0.0, 1.2018, 1.0104] = 437.4203, sampling [1.0, 1.0567, 1.3615]. Recommendation = [0.0, 1.2018, 1.0104], Current Cost = 5016.00, Rho = 1.000
(iter 10) [0.0, 1.2018, 1.0104] = 437.4203, sampling [1.0, 0.9546, -0.1851]. Recommendation = [0.0, 1.2018, 1.0104], Current Cost = 5017.00, Rho = 1.000
(iter 10) [0.0, 1.2018, 1.0104] = 437.4203, sampling [1.0, 0.9484, 1.0610]. Recommendation = [0.0, 1.2018, 1.0104], Current Cost = 5018.00, Rho = 1.000
(iter 10) [0.0, 1.2018, 1.0104] = 437.4203, sampling [1.0, 0.7836, 0.5722]. Recommendation = [0.0, 1.2018, 1.0104], Current Cost = 5019.00, Rho = 1.000
(iter 10) [0.0, 1.2018, 1.0104] = 437.4203, sampling [1.0, -0.0939, 1.0406]. Recommendation = [0.0, 1.2018, 1.0104], Current Cost = 5020.00, Rho = 1.000
(iter 10) [0.0, 1.2018, 1.0104] = 437.4203, sampling [1.0, 0.0757, -0.8705]. Recommendation = [0.0, 1.2018, 1.0104], Current Cost = 5021.00, Rho = 1.000
(iter 10) [0.0, 1.2018, 1.0104] = 437.4203, sampling [1.0, 0.6637, -0.5069]. Recommendation = [0.0, 1.2018, 1.0104], Current Cost = 5022.00, Rho = 1.000
(iter 10) [0.0, 1.2018, 1.0104] = 437.4203, sampling [1.0, 1.4372, 1.0849]. Recommendation = [0.0, 1.2018, 1.0104], Current Cost = 5023.00, Rho = 1.000
(iter 10) [0.0, 1.2018, 1.0104] = 437.4203, sampling [1.0, 0.6741, 0.9344]. Recommendation = [0.0, 1.2018, 1.0104], Current Cost = 5024.00, Rho = 1.000
(iter 10) [0.0, 1.2018, 1.0104] = 437.4203, sampling [1.0, 0.6027, 1.5401]. Recommendation = [0.0, 1.2018, 1.0104], Current Cost = 5025.00, Rho = 1.000
(iter 10) [0.0, 1.2018, 1.0104] = 437.4203, sampling [1.0, -0.3732, 0.1690]. Recommendation = [0.0, 1.2018, 1.0104], Current Cost = 5026.00, Rho = 1.000
(iter 10) [0.0, 1.2018, 1.0104] = 437.4203, sampling [1.0, 0.2950, 0.3670]. Recommendation = [0.0, 1.2018, 1.0104], Current Cost = 5027.00, Rho = 1.000
(iter 10) [0.0, 1.2018, 1.0104] = 437.4203, sampling [1.0, -0.1497, -0.0984]. Recommendation = [0.0, 1.2018, 1.0104], Current Cost = 5028.00, Rho = 1.000
(iter 10) [0.0, 1.2018, 1.0104] = 437.4203, sampling [1.0, 1.0496, 0.8216]. Recommendation = [0.0, 1.2018, 1.0104], Current Cost = 5029.00, Rho = 1.000
(iter 10) [0.0, 1.2018, 1.0104] = 437.4203, sampling [1.0, 1.4659, 0.3924]. Recommendation = [0.0, 1.2018, 1.0104], Current Cost = 5030.00, Rho = 1.000
(iter 10) [0.0, 1.2018, 1.0104] = 437.4203, sampling [1.0, 0.6975, -0.1111]. Recommendation = [0.0, 1.2018, 1.0104], Current Cost = 5031.00, Rho = 1.000
(iter 10) [0.0, 1.2018, 1.0104] = 437.4203, sampling [1.0, 0.3607, 0.7440]. Recommendation = [0.0, 1.2018, 1.0104], Current Cost = 5032.00, Rho = 1.000
(iter 10) [0.0, 1.2018, 1.0104] = 437.4203, sampling [1.0, 0.6950, 0.4168]. Recommendation = [0.0, 1.2018, 1.0104], Current Cost = 5033.00, Rho = 1.000
(iter 10) [0.0, 1.2018, 1.0104] = 437.4203, sampling [1.0, -0.1436, -0.7051]. Recommendation = [0.0, 1.2018, 1.0104], Current Cost = 5034.00, Rho = 1.000
(iter 10) [0.0, 1.2018, 1.0104] = 437.4203, sampling [1.0, -0.2702, 0.6060]. Recommendation = [0.0, 1.2018, 1.0104], Current Cost = 5035.00, Rho = 1.000
(iter 10) [0.0, 1.2018, 1.0104] = 437.4203, sampling [1.0, 0.7313, 1.1763]. Recommendation = [0.0, 1.2018, 1.0104], Current Cost = 5036.00, Rho = 1.000
(iter 10) [0.0, 1.2018, 1.0104] = 437.4203, sampling [1.0, 0.9035, 0.6586]. Recommendation = [0.0, 1.2018, 1.0104], Current Cost = 5037.00, Rho = 1.000
(iter 10) [0.0, 1.2018, 1.0104] = 437.4203, sampling [1.0, 0.1424, 1.5519]. Recommendation = [0.0, 1.2018, 1.0104], Current Cost = 5038.00, Rho = 1.000
(iter 10) [0.0, 1.2018, 1.0104] = 437.4203, sampling [1.0, 0.7240, 0.7687]. Recommendation = [0.0, 1.2018, 1.0104], Current Cost = 5039.00, Rho = 1.000
(iter 10) [0.0, 1.2018, 1.0104] = 437.4203, sampling [1.0, 0.3878, -0.6479]. Recommendation = [0.0, 1.2018, 1.0104], Current Cost = 5040.00, Rho = 1.000
(iter 10) [0.0, 1.2018, 1.0104] = 437.4203, sampling [1.0, -0.0602, -0.3357]. Recommendation = [0.0, 1.2018, 1.0104], Current Cost = 5041.00, Rho = 1.000
(iter 10) [0.0, 1.2018, 1.0104] = 437.4203, sampling [1.0, 1.3796, 1.6495]. Recommendation = [0.0, 1.2018, 1.0104], Current Cost = 5042.00, Rho = 1.000
(iter 10) [0.0, 1.2018, 1.0104] = 437.4203, sampling [1.0, -0.5079, -0.4799]. Recommendation = [0.0, 1.2018, 1.0104], Current Cost = 5043.00, Rho = 1.000
(iter 10) [0.0, 1.2018, 1.0104] = 437.4203, sampling [1.0, -0.6071, 0.9665]. Recommendation = [0.0, 1.2018, 1.0104], Current Cost = 5044.00, Rho = 1.000
(iter 10) [0.0, 1.2018, 1.0104] = 437.4203, sampling [1.0, 0.5665, -0.1921]. Recommendation = [0.0, 1.2018, 1.0104], Current Cost = 5045.00, Rho = 1.000
(iter 10) [0.0, 1.2018, 1.0104] = 437.4203, sampling [1.0, 1.1347, -0.7022]. Recommendation = [0.0, 1.2018, 1.0104], Current Cost = 5046.00, Rho = 1.000
(iter 10) [0.0, 1.2018, 1.0104] = 437.4203, sampling [1.0, -0.0726, 0.4315]. Recommendation = [0.0, 1.2018, 1.0104], Current Cost = 5047.00, Rho = 1.000
(iter 10) [0.0, 1.2018, 1.0104] = 437.4203, sampling [1.0, 0.9960, 1.7914]. Recommendation = [0.0, 1.2018, 1.0104], Current Cost = 5048.00, Rho = 1.000
(iter 10) [0.0, 1.2018, 1.0104] = 437.4203, sampling [1.0, 0.5382, 0.6941]. Recommendation = [0.0, 1.2018, 1.0104], Current Cost = 5049.00, Rho = 1.000
(iter 10) [0.0, 1.2018, 1.0104] = 437.4203, sampling [1.0, 1.9162, 1.2774]. Recommendation = [0.0, 1.2018, 1.0104], Current Cost = 5050.00, Rho = 1.000
(iter 10) [0.0, 1.2018, 1.0104] = 437.4203, sampling [1.0, 0.4183, -0.1187]. Recommendation = [0.0, 1.2018, 1.0104], Current Cost = 5051.00, Rho = 1.000
(iter 10) [0.0, 1.2018, 1.0104] = 437.4203, sampling [1.0, 0.2479, 1.0035]. Recommendation = [0.0, 1.2018, 1.0104], Current Cost = 5052.00, Rho = 1.000
(iter 10) [0.0, 1.2018, 1.0104] = 437.4203, sampling [1.0, -0.6669, 0.5103]. Recommendation = [0.0, 1.2018, 1.0104], Current Cost = 5053.00, Rho = 1.000
(iter 10) [0.0, 1.2018, 1.0104] = 437.4203, sampling [1.0, 1.1979, 0.1285]. Recommendation = [0.0, 1.2018, 1.0104], Current Cost = 5054.00, Rho = 1.000
(iter 10) [0.0, 1.2018, 1.0104] = 437.4203, sampling [1.0, -0.2529, -0.9072]. Recommendation = [0.0, 1.2018, 1.0104], Current Cost = 5055.00, Rho = 1.000
(iter 10) [0.0, 1.2018, 1.0104] = 437.4203, sampling [1.0, 1.1142, 0.4400]. Recommendation = [0.0, 1.2018, 1.0104], Current Cost = 5056.00, Rho = 1.000
(iter 10) [0.0, 1.2018, 1.0104] = 437.4203, sampling [1.0, -0.1040, 0.0664]. Recommendation = [0.0, 1.2018, 1.0104], Current Cost = 5057.00, Rho = 1.000
(iter 10) [0.0, 1.2018, 1.0104] = 437.4203, sampling [1.0, 0.8560, 1.0301]. Recommendation = [0.0, 1.2018, 1.0104], Current Cost = 5058.00, Rho = 1.000
(iter 10) [0.0, 1.2018, 1.0104] = 437.4203, sampling [1.0, 0.5317, 0.1264]. Recommendation = [0.0, 1.2018, 1.0104], Current Cost = 5059.00, Rho = 1.000
(iter 10) [0.0, 1.2018, 1.0104] = 437.4203, sampling [1.0, 0.7961, 0.4358]. Recommendation = [0.0, 1.2018, 1.0104], Current Cost = 5060.00, Rho = 1.000
(iter 10) [0.0, 1.2018, 1.0104] = 437.4203, sampling [1.0, -0.8735, 1.6620]. Recommendation = [0.0, 1.2018, 1.0104], Current Cost = 5061.00, Rho = 1.000
(iter 10) [0.0, 1.2018, 1.0104] = 437.4203, sampling [1.0, 0.0595, 1.9894]. Recommendation = [0.0, 1.2018, 1.0104], Current Cost = 5062.00, Rho = 1.000
(iter 10) [0.0, 1.2018, 1.0104] = 437.4203, sampling [1.0, -0.5328, 1.2432]. Recommendation = [0.0, 1.2018, 1.0104], Current Cost = 5063.00, Rho = 1.000
(iter 10) [0.0, 1.2018, 1.0104] = 437.4203, sampling [1.0, -0.4755, -0.0343]. Recommendation = [0.0, 1.2018, 1.0104], Current Cost = 5064.00, Rho = 1.000
(iter 10) [0.0, 1.2018, 1.0104] = 437.4203, sampling [1.0, 0.8791, 1.4968]. Recommendation = [0.0, 1.2018, 1.0104], Current Cost = 5065.00, Rho = 1.000
(iter 10) [0.0, 1.2018, 1.0104] = 437.4203, sampling [1.0, 0.5163, -1.0234]. Recommendation = [0.0, 1.2018, 1.0104], Current Cost = 5066.00, Rho = 1.000
(iter 10) [0.0, 1.2018, 1.0104] = 437.4203, sampling [1.0, 1.4464, 0.7345]. Recommendation = [0.0, 1.2018, 1.0104], Current Cost = 5067.00, Rho = 1.000
(iter 10) [0.0, 1.2018, 1.0104] = 437.4203, sampling [1.0, 0.8198, -0.4011]. Recommendation = [0.0, 1.2018, 1.0104], Current Cost = 5068.00, Rho = 1.000
(iter 10) [0.0, 1.2018, 1.0104] = 437.4203, sampling [1.0, 0.4445, 0.9086]. Recommendation = [0.0, 1.2018, 1.0104], Current Cost = 5069.00, Rho = 1.000
(iter 10) [0.0, 1.2018, 1.0104] = 437.4203, sampling [1.0, 0.2066, -0.5614]. Recommendation = [0.0, 1.2018, 1.0104], Current Cost = 5070.00, Rho = 1.000
(iter 10) [0.0, 1.2018, 1.0104] = 437.4203, sampling [1.0, -0.1906, 1.3419]. Recommendation = [0.0, 1.2018, 1.0104], Current Cost = 5071.00, Rho = 1.000
(iter 10) [0.0, 1.2018, 1.0104] = 437.4203, sampling [1.0, -0.5173, -0.7155]. Recommendation = [0.0, 1.2018, 1.0104], Current Cost = 5072.00, Rho = 1.000
(iter 10) [0.0, 1.2018, 1.0104] = 437.4203, sampling [1.0, -1.3225, 1.0744]. Recommendation = [0.0, 1.2018, 1.0104], Current Cost = 5073.00, Rho = 1.000
(iter 10) [0.0, 1.2018, 1.0104] = 437.4203, sampling [1.0, 0.8679, 0.5248]. Recommendation = [0.0, 1.2018, 1.0104], Current Cost = 5074.00, Rho = 1.000
(iter 10) [0.0, 1.2018, 1.0104] = 437.4203, sampling [1.0, 0.3753, 0.6257]. Recommendation = [0.0, 1.2018, 1.0104], Current Cost = 5075.00, Rho = 1.000
(iter 10) [0.0, 1.2018, 1.0104] = 437.4203, sampling [1.0, 1.0065, 0.2097]. Recommendation = [0.0, 1.2018, 1.0104], Current Cost = 5076.00, Rho = 1.000
(iter 10) [0.0, 1.2018, 1.0104] = 437.4203, sampling [1.0, 0.8251, 0.8344]. Recommendation = [0.0, 1.2018, 1.0104], Current Cost = 5077.00, Rho = 1.000
(iter 10) [0.0, 1.2018, 1.0104] = 437.4203, sampling [1.0, -0.8487, 0.0274]. Recommendation = [0.0, 1.2018, 1.0104], Current Cost = 5078.00, Rho = 1.000
(iter 10) [0.0, 1.2018, 1.0104] = 437.4203, sampling [1.0, -0.9356, 0.8594]. Recommendation = [0.0, 1.2018, 1.0104], Current Cost = 5079.00, Rho = 1.000
(iter 10) [0.0, 1.2018, 1.0104] = 437.4203, sampling [1.0, 0.1706, 1.2234]. Recommendation = [0.0, 1.2018, 1.0104], Current Cost = 5080.00, Rho = 1.000
(iter 10) [0.0, 1.2018, 1.0104] = 437.4203, sampling [1.0, -0.8460, 1.3021]. Recommendation = [0.0, 1.2018, 1.0104], Current Cost = 5081.00, Rho = 1.000
(iter 10) [0.0, 1.2018, 1.0104] = 437.4203, sampling [1.0, -0.2888, 0.3538]. Recommendation = [0.0, 1.2018, 1.0104], Current Cost = 5082.00, Rho = 1.000
(iter 10) [0.0, 1.2018, 1.0104] = 437.4203, sampling [1.0, 0.1276, 0.2291]. Recommendation = [0.0, 1.2018, 1.0104], Current Cost = 5083.00, Rho = 1.000
(iter 10) [0.0, 1.2018, 1.0104] = 437.4203, sampling [1.0, 1.6279, -0.1812]. Recommendation = [0.0, 1.2018, 1.0104], Current Cost = 5084.00, Rho = 1.000
(iter 10) [0.0, 1.2018, 1.0104] = 437.4203, sampling [1.0, -0.2412, 0.9688]. Recommendation = [0.0, 1.2018, 1.0104], Current Cost = 5085.00, Rho = 1.000
(iter 10) [0.0, 1.2018, 1.0104] = 437.4203, sampling [1.0, -1.4776, 1.9671]. Recommendation = [0.0, 1.2018, 1.0104], Current Cost = 5086.00, Rho = 1.000
(iter 10) [0.0, 1.2018, 1.0104] = 437.4203, sampling [1.0, -0.5785, 1.8610]. Recommendation = [0.0, 1.2018, 1.0104], Current Cost = 5087.00, Rho = 1.000
(iter 10) [0.0, 1.2018, 1.0104] = 437.4203, sampling [1.0, 0.0930, -1.3151]. Recommendation = [0.0, 1.2018, 1.0104], Current Cost = 5088.00, Rho = 1.000
(iter 10) [0.0, 1.2018, 1.0104] = 437.4203, sampling [1.0, 1.1689, 1.6405]. Recommendation = [0.0, 1.2018, 1.0104], Current Cost = 5089.00, Rho = 1.000
(iter 10) [0.0, 1.2018, 1.0104] = 437.4203, sampling [1.0, 0.2164, -0.7595]. Recommendation = [0.0, 1.2018, 1.0104], Current Cost = 5090.00, Rho = 1.000
(iter 10) [0.0, 1.2018, 1.0104] = 437.4203, sampling [1.0, 0.8039, 1.1206]. Recommendation = [0.0, 1.2018, 1.0104], Current Cost = 5091.00, Rho = 1.000
(iter 10) [0.0, 1.2018, 1.0104] = 437.4203, sampling [1.0, 0.4570, 1.2553]. Recommendation = [0.0, 1.2018, 1.0104], Current Cost = 5092.00, Rho = 1.000
(iter 10) [0.0, 1.2018, 1.0104] = 437.4203, sampling [1.0, 0.2282, 0.6460]. Recommendation = [0.0, 1.2018, 1.0104], Current Cost = 5093.00, Rho = 1.000
(iter 10) [0.0, 1.2018, 1.0104] = 437.4203, sampling [1.0, -0.3204, -0.0657]. Recommendation = [0.0, 1.2018, 1.0104], Current Cost = 5094.00, Rho = 1.000
(iter 10) [0.0, 1.2018, 1.0104] = 437.4203, sampling [1.0, 0.5086, 0.4672]. Recommendation = [0.0, 1.2018, 1.0104], Current Cost = 5095.00, Rho = 1.000
(iter 10) [0.0, 1.2018, 1.0104] = 437.4203, sampling [1.0, 0.6333, -0.2669]. Recommendation = [0.0, 1.2018, 1.0104], Current Cost = 5096.00, Rho = 1.000
(iter 10) [0.0, 1.2018, 1.0104] = 437.4203, sampling [1.0, -1.1395, 0.4482]. Recommendation = [0.0, 1.2018, 1.0104], Current Cost = 5097.00, Rho = 1.000
(iter 10) [0.0, 1.2018, 1.0104] = 437.4203, sampling [1.0, -0.1755, -0.3009]. Recommendation = [0.0, 1.2018, 1.0104], Current Cost = 5098.00, Rho = 1.000
(iter 10) [0.0, 1.2018, 1.0104] = 437.4203, sampling [1.0, -0.6165, 0.1950]. Recommendation = [0.0, 1.2018, 1.0104], Current Cost = 5099.00, Rho = 1.000
(iter 10) [0.0, 1.2018, 1.0104] = 437.4203, sampling [1.0, -1.9737, 1.3870]. Recommendation = [0.0, 1.2018, 1.0104], Current Cost = 5100.00, Rho = 1.000
(iter 10) [0.0, 1.2018, 1.0104] = 437.4203, sampling [1.0, 0.7747, -0.7789]. Recommendation = [0.0, 1.2018, 1.0104], Current Cost = 5101.00, Rho = 1.000
(iter 10) [0.0, 1.2018, 1.0104] = 437.4203, sampling [1.0, -0.0340, 0.5673]. Recommendation = [0.0, 1.2018, 1.0104], Current Cost = 5102.00, Rho = 1.000
(iter 10) [0.0, 1.2018, 1.0104] = 437.4203, sampling [1.0, -0.7476, -0.3425]. Recommendation = [0.0, 1.2018, 1.0104], Current Cost = 5103.00, Rho = 1.000
(iter 10) [0.0, 1.2018, 1.0104] = 437.4203, sampling [1.0, 0.6262, 1.7785]. Recommendation = [0.0, 1.2018, 1.0104], Current Cost = 5104.00, Rho = 1.000
(iter 10) [0.0, 1.2018, 1.0104] = 437.4203, sampling [1.0, 0.9725, -1.5495]. Recommendation = [0.0, 1.2018, 1.0104], Current Cost = 5105.00, Rho = 1.000
(iter 10) [0.0, 1.2018, 1.0104] = 437.4203, sampling [1.0, -0.5930, 0.6831]. Recommendation = [0.0, 1.2018, 1.0104], Current Cost = 5106.00, Rho = 1.000
(iter 10) [0.0, 1.2018, 1.0104] = 437.4203, sampling [1.0, 1.4908, 0.9547]. Recommendation = [0.0, 1.2018, 1.0104], Current Cost = 5107.00, Rho = 1.000
(iter 10) [0.0, 1.2018, 1.0104] = 437.4203, sampling [1.0, 0.9627, 0.3787]. Recommendation = [0.0, 1.2018, 1.0104], Current Cost = 5108.00, Rho = 1.000
(iter 10) [0.0, 1.2018, 1.0104] = 437.4203, sampling [1.0, 1.0919, 1.9992]. Recommendation = [0.0, 1.2018, 1.0104], Current Cost = 5109.00, Rho = 1.000
(iter 10) [0.0, 1.2018, 1.0104] = 437.4203, sampling [1.0, -0.4046, -0.9301]. Recommendation = [0.0, 1.2018, 1.0104], Current Cost = 5110.00, Rho = 1.000
(iter 10) [0.0, 1.2018, 1.0104] = 437.4203, sampling [1.0, 0.4964, -0.7512]. Recommendation = [0.0, 1.2018, 1.0104], Current Cost = 5111.00, Rho = 1.000
(iter 10) [0.0, 1.2018, 1.0104] = 437.4203, sampling [1.0, -1.1520, 1.5087]. Recommendation = [0.0, 1.2018, 1.0104], Current Cost = 5112.00, Rho = 1.000
(iter 10) [0.0, 1.2018, 1.0104] = 437.4203, sampling [1.0, -0.1006, -1.0654]. Recommendation = [0.0, 1.2018, 1.0104], Current Cost = 5113.00, Rho = 1.000
(iter 10) [0.0, 1.2018, 1.0104] = 437.4203, sampling [1.0, -1.0619, 1.9818]. Recommendation = [0.0, 1.2018, 1.0104], Current Cost = 5114.00, Rho = 1.000
(iter 10) [0.0, 1.2018, 1.0104] = 437.4203, sampling [1.0, 1.8710, 1.8280]. Recommendation = [0.0, 1.2018, 1.0104], Current Cost = 5115.00, Rho = 1.000
(iter 10) [0.0, 1.2018, 1.0104] = 437.4203, sampling [1.0, 0.0532, 1.0225]. Recommendation = [0.0, 1.2018, 1.0104], Current Cost = 5116.00, Rho = 1.000
(iter 10) [0.0, 1.2018, 1.0104] = 437.4203, sampling [1.0, -0.5442, 1.4519]. Recommendation = [0.0, 1.2018, 1.0104], Current Cost = 5117.00, Rho = 1.000
(iter 10) [0.0, 1.2018, 1.0104] = 437.4203, sampling [1.0, 0.9837, -0.0933]. Recommendation = [0.0, 1.2018, 1.0104], Current Cost = 5118.00, Rho = 1.000
(iter 10) [0.0, 1.2018, 1.0104] = 437.4203, sampling [1.0, -0.3957, 1.0370]. Recommendation = [0.0, 1.2018, 1.0104], Current Cost = 5119.00, Rho = 1.000
(iter 10) [0.0, 1.2018, 1.0104] = 437.4203, sampling [1.0, -0.4280, 0.5397]. Recommendation = [0.0, 1.2018, 1.0104], Current Cost = 5120.00, Rho = 1.000
(iter 10) [0.0, 1.2018, 1.0104] = 437.4203, sampling [1.0, -0.1216, 1.5316]. Recommendation = [0.0, 1.2018, 1.0104], Current Cost = 5121.00, Rho = 1.000
(iter 10) [0.0, 1.2018, 1.0104] = 437.4203, sampling [1.0, 0.3194, -0.9161]. Recommendation = [0.0, 1.2018, 1.0104], Current Cost = 5122.00, Rho = 1.000
(iter 10) [0.0, 1.2018, 1.0104] = 437.4203, sampling [1.0, -0.1309, -0.8448]. Recommendation = [0.0, 1.2018, 1.0104], Current Cost = 5123.00, Rho = 1.000
(iter 10) [0.0, 1.2018, 1.0104] = 437.4203, sampling [1.0, 1.1203, 0.3126]. Recommendation = [0.0, 1.2018, 1.0104], Current Cost = 5124.00, Rho = 1.000
(iter 10) [0.0, 1.2018, 1.0104] = 437.4203, sampling [1.0, -0.0214, 1.2607]. Recommendation = [0.0, 1.2018, 1.0104], Current Cost = 5125.00, Rho = 1.000
(iter 10) [0.0, 1.2018, 1.0104] = 437.4203, sampling [1.0, 1.0268, -0.3561]. Recommendation = [0.0, 1.2018, 1.0104], Current Cost = 5126.00, Rho = 1.000
(iter 10) [0.0, 1.2018, 1.0104] = 437.4203, sampling [1.0, 0.2852, 1.3704]. Recommendation = [0.0, 1.2018, 1.0104], Current Cost = 5127.00, Rho = 1.000
(iter 10) [0.0, 1.2018, 1.0104] = 437.4203, sampling [1.0, 1.9119, 0.6107]. Recommendation = [0.0, 1.2018, 1.0104], Current Cost = 5128.00, Rho = 1.000
(iter 10) [0.0, 1.2018, 1.0104] = 437.4203, sampling [1.0, 0.3551, 0.8975]. Recommendation = [0.0, 1.2018, 1.0104], Current Cost = 5129.00, Rho = 1.000
(iter 10) [0.0, 1.2018, 1.0104] = 437.4203, sampling [1.0, -0.3893, -1.1615]. Recommendation = [0.0, 1.2018, 1.0104], Current Cost = 5130.00, Rho = 1.000
(iter 10) [0.0, 1.2018, 1.0104] = 437.4203, sampling [1.0, -0.7606, -0.6851]. Recommendation = [0.0, 1.2018, 1.0104], Current Cost = 5131.00, Rho = 1.000
(iter 10) [0.0, 1.2018, 1.0104] = 437.4203, sampling [1.0, 1.3597, 0.7124]. Recommendation = [0.0, 1.2018, 1.0104], Current Cost = 5132.00, Rho = 1.000
(iter 10) [0.0, 1.2018, 1.0104] = 437.4203, sampling [1.0, 0.2590, 0.3423]. Recommendation = [0.0, 1.2018, 1.0104], Current Cost = 5133.00, Rho = 1.000
(iter 10) [0.0, 1.2018, 1.0104] = 437.4203, sampling [1.0, 1.2139, 1.8368]. Recommendation = [0.0, 1.2018, 1.0104], Current Cost = 5134.00, Rho = 1.000
(iter 10) [0.0, 1.2018, 1.0104] = 437.4203, sampling [1.0, -0.8978, 0.6489]. Recommendation = [0.0, 1.2018, 1.0104], Current Cost = 5135.00, Rho = 1.000
(iter 10) [0.0, 1.2018, 1.0104] = 437.4203, sampling [1.0, -0.1824, 1.7553]. Recommendation = [0.0, 1.2018, 1.0104], Current Cost = 5136.00, Rho = 1.000
(iter 10) [0.0, 1.2018, 1.0104] = 437.4203, sampling [1.0, 0.4387, 1.9686]. Recommendation = [0.0, 1.2018, 1.0104], Current Cost = 5137.00, Rho = 1.000
(iter 10) [0.0, 1.2018, 1.0104] = 437.4203, sampling [1.0, -0.5538, -0.3844]. Recommendation = [0.0, 1.2018, 1.0104], Current Cost = 5138.00, Rho = 1.000
(iter 10) [0.0, 1.2018, 1.0104] = 437.4203, sampling [1.0, 0.1631, -1.0138]. Recommendation = [0.0, 1.2018, 1.0104], Current Cost = 5139.00, Rho = 1.000
(iter 10) [0.0, 1.2018, 1.0104] = 437.4203, sampling [1.0, 0.4551, 1.4754]. Recommendation = [0.0, 1.2018, 1.0104], Current Cost = 5140.00, Rho = 1.000
(iter 10) [0.0, 1.2018, 1.0104] = 437.4203, sampling [1.0, -0.6930, 1.1921]. Recommendation = [0.0, 1.2018, 1.0104], Current Cost = 5141.00, Rho = 1.000
(iter 10) [0.0, 1.2018, 1.0104] = 437.4203, sampling [1.0, -0.4689, 0.2544]. Recommendation = [0.0, 1.2018, 1.0104], Current Cost = 5142.00, Rho = 1.000
(iter 10) [0.0, 1.2018, 1.0104] = 437.4203, sampling [1.0, -0.4601, 0.9209]. Recommendation = [0.0, 1.2018, 1.0104], Current Cost = 5143.00, Rho = 1.000
(iter 10) [0.0, 1.2018, 1.0104] = 437.4203, sampling [1.0, 1.9800, -1.2570]. Recommendation = [0.0, 1.2018, 1.0104], Current Cost = 5144.00, Rho = 1.000
(iter 10) [0.0, 1.2018, 1.0104] = 437.4203, sampling [1.0, -0.0030, 0.4765]. Recommendation = [0.0, 1.2018, 1.0104], Current Cost = 5145.00, Rho = 1.000
(iter 10) [0.0, 1.2018, 1.0104] = 437.4203, sampling [1.0, -0.5906, -0.6129]. Recommendation = [0.0, 1.2018, 1.0104], Current Cost = 5146.00, Rho = 1.000
(iter 10) [0.0, 1.2018, 1.0104] = 437.4203, sampling [1.0, 1.2356, -0.1318]. Recommendation = [0.0, 1.2018, 1.0104], Current Cost = 5147.00, Rho = 1.000
(iter 10) [0.0, 1.2018, 1.0104] = 437.4203, sampling [1.0, 0.8452, 1.7304]. Recommendation = [0.0, 1.2018, 1.0104], Current Cost = 5148.00, Rho = 1.000
(iter 10) [0.0, 1.2018, 1.0104] = 437.4203, sampling [1.0, 0.3310, 1.1880]. Recommendation = [0.0, 1.2018, 1.0104], Current Cost = 5149.00, Rho = 1.000
(iter 10) [0.0, 1.2018, 1.0104] = 437.4203, sampling [1.0, 0.3047, -0.6895]. Recommendation = [0.0, 1.2018, 1.0104], Current Cost = 5150.00, Rho = 1.000
(iter 10) [0.0, 1.2018, 1.0104] = 437.4203, sampling [1.0, 1.6454, 1.7010]. Recommendation = [0.0, 1.2018, 1.0104], Current Cost = 5151.00, Rho = 1.000
(iter 10) [0.0, 1.2018, 1.0104] = 437.4203, sampling [1.0, -1.6394, 0.5952]. Recommendation = [0.0, 1.2018, 1.0104], Current Cost = 5152.00, Rho = 1.000
(iter 10) [0.0, 1.2018, 1.0104] = 437.4203, sampling [1.0, 0.2397, -1.8153]. Recommendation = [0.0, 1.2018, 1.0104], Current Cost = 5153.00, Rho = 1.000
(iter 10) [0.0, 1.2018, 1.0104] = 437.4203, sampling [1.0, -0.7255, 0.8943]. Recommendation = [0.0, 1.2018, 1.0104], Current Cost = 5154.00, Rho = 1.000
(iter 10) [0.0, 1.2018, 1.0104] = 437.4203, sampling [1.0, -0.2316, -0.3460]. Recommendation = [0.0, 1.2018, 1.0104], Current Cost = 5155.00, Rho = 1.000
(iter 10) [0.0, 1.2018, 1.0104] = 437.4203, sampling [1.0, 0.4677, -1.2711]. Recommendation = [0.0, 1.2018, 1.0104], Current Cost = 5156.00, Rho = 1.000
(iter 10) [0.0, 1.2018, 1.0104] = 437.4203, sampling [1.0, -0.3084, 1.4123]. Recommendation = [0.0, 1.2018, 1.0104], Current Cost = 5157.00, Rho = 1.000
(iter 10) [0.0, 1.2018, 1.0104] = 437.4203, sampling [1.0, -1.4179, 1.5650]. Recommendation = [0.0, 1.2018, 1.0104], Current Cost = 5158.00, Rho = 1.000
(iter 10) [0.0, 1.2018, 1.0104] = 437.4203, sampling [1.0, 0.9059, -0.2115]. Recommendation = [0.0, 1.2018, 1.0104], Current Cost = 5159.00, Rho = 1.000
(iter 10) [0.0, 1.2018, 1.0104] = 437.4203, sampling [1.0, 0.9316, 1.4602]. Recommendation = [0.0, 1.2018, 1.0104], Current Cost = 5160.00, Rho = 1.000
(iter 10) [0.0, 1.2018, 1.0104] = 437.4203, sampling [1.0, 0.7071, -0.4709]. Recommendation = [0.0, 1.2018, 1.0104], Current Cost = 5161.00, Rho = 1.000
(iter 10) [0.0, 1.2018, 1.0104] = 437.4203, sampling [1.0, -0.4379, 1.7070]. Recommendation = [0.0, 1.2018, 1.0104], Current Cost = 5162.00, Rho = 1.000
(iter 10) [0.0, 1.2018, 1.0104] = 437.4203, sampling [1.0, -0.9073, 0.4638]. Recommendation = [0.0, 1.2018, 1.0104], Current Cost = 5163.00, Rho = 1.000
(iter 10) [0.0, 1.2018, 1.0104] = 437.4203, sampling [1.0, -1.1359, 1.7506]. Recommendation = [0.0, 1.2018, 1.0104], Current Cost = 5164.00, Rho = 1.000
(iter 10) [0.0, 1.2018, 1.0104] = 437.4203, sampling [1.0, -1.1987, 0.0416]. Recommendation = [0.0, 1.2018, 1.0104], Current Cost = 5165.00, Rho = 1.000
(iter 10) [0.0, 1.2018, 1.0104] = 437.4203, sampling [1.0, -0.2869, -1.0253]. Recommendation = [0.0, 1.2018, 1.0104], Current Cost = 5166.00, Rho = 1.000
(iter 10) [0.0, 1.2018, 1.0104] = 437.4203, sampling [1.0, -0.6136, -0.8271]. Recommendation = [0.0, 1.2018, 1.0104], Current Cost = 5167.00, Rho = 1.000
(iter 10) [0.0, 1.2018, 1.0104] = 437.4203, sampling [1.0, -1.1458, 0.7455]. Recommendation = [0.0, 1.2018, 1.0104], Current Cost = 5168.00, Rho = 1.000
(iter 10) [0.0, 1.2018, 1.0104] = 437.4203, sampling [1.0, -0.0151, 1.1350]. Recommendation = [0.0, 1.2018, 1.0104], Current Cost = 5169.00, Rho = 1.000
(iter 10) [0.0, 1.2018, 1.0104] = 437.4203, sampling [1.0, -0.3138, -0.0083]. Recommendation = [0.0, 1.2018, 1.0104], Current Cost = 5170.00, Rho = 1.000
(iter 10) [0.0, 1.2018, 1.0104] = 437.4203, sampling [1.0, -1.2614, 1.3215]. Recommendation = [0.0, 1.2018, 1.0104], Current Cost = 5171.00, Rho = 1.000
(iter 10) [0.0, 1.2018, 1.0104] = 437.4203, sampling [1.0, 0.9215, -0.3935]. Recommendation = [0.0, 1.2018, 1.0104], Current Cost = 5172.00, Rho = 1.000
(iter 10) [0.0, 1.2018, 1.0104] = 437.4203, sampling [1.0, 0.0429, 0.5511]. Recommendation = [0.0, 1.2018, 1.0104], Current Cost = 5173.00, Rho = 1.000
(iter 10) [0.0, 1.2018, 1.0104] = 437.4203, sampling [1.0, 0.4031, -0.7614]. Recommendation = [0.0, 1.2018, 1.0104], Current Cost = 5174.00, Rho = 1.000
(iter 10) [0.0, 1.2018, 1.0104] = 437.4203, sampling [1.0, 0.1295, 1.1417]. Recommendation = [0.0, 1.2018, 1.0104], Current Cost = 5175.00, Rho = 1.000
(iter 10) [0.0, 1.2018, 1.0104] = 437.4203, sampling [1.0, 0.0291, -0.9852]. Recommendation = [0.0, 1.2018, 1.0104], Current Cost = 5176.00, Rho = 1.000
(iter 10) [0.0, 1.2018, 1.0104] = 437.4203, sampling [1.0, 0.8152, -1.0001]. Recommendation = [0.0, 1.2018, 1.0104], Current Cost = 5177.00, Rho = 1.000
(iter 10) [0.0, 1.2018, 1.0104] = 437.4203, sampling [1.0, -0.8342, 1.8806]. Recommendation = [0.0, 1.2018, 1.0104], Current Cost = 5178.00, Rho = 1.000
(iter 10) [0.0, 1.2018, 1.0104] = 437.4203, sampling [1.0, -0.3438, 1.9218]. Recommendation = [0.0, 1.2018, 1.0104], Current Cost = 5179.00, Rho = 1.000
(iter 10) [0.0, 1.2018, 1.0104] = 437.4203, sampling [1.0, -0.7037, 1.0518]. Recommendation = [0.0, 1.2018, 1.0104], Current Cost = 5180.00, Rho = 1.000
(iter 10) [0.0, 1.2018, 1.0104] = 437.4203, sampling [1.0, -0.1137, -1.4059]. Recommendation = [0.0, 1.2018, 1.0104], Current Cost = 5181.00, Rho = 1.000
(iter 10) [0.0, 1.2018, 1.0104] = 437.4203, sampling [1.0, 1.0163, 0.2852]. Recommendation = [0.0, 1.2018, 1.0104], Current Cost = 5182.00, Rho = 1.000
(iter 10) [0.0, 1.2018, 1.0104] = 437.4203, sampling [1.0, -1.8213, 1.9046]. Recommendation = [0.0, 1.2018, 1.0104], Current Cost = 5183.00, Rho = 1.000
(iter 10) [0.0, 1.2018, 1.0104] = 437.4203, sampling [1.0, 1.3261, 1.6075]. Recommendation = [0.0, 1.2018, 1.0104], Current Cost = 5184.00, Rho = 1.000
(iter 10) [0.0, 1.2018, 1.0104] = 437.4203, sampling [1.0, 1.3491, 0.1100]. Recommendation = [0.0, 1.2018, 1.0104], Current Cost = 5185.00, Rho = 1.000
(iter 10) [0.0, 1.2018, 1.0104] = 437.4203, sampling [1.0, 0.8389, 1.8678]. Recommendation = [0.0, 1.2018, 1.0104], Current Cost = 5186.00, Rho = 1.000
(iter 10) [0.0, 1.2018, 1.0104] = 437.4203, sampling [1.0, -0.5416, 0.8557]. Recommendation = [0.0, 1.2018, 1.0104], Current Cost = 5187.00, Rho = 1.000
(iter 10) [0.0, 1.2018, 1.0104] = 437.4203, sampling [1.0, 0.2106, 1.8102]. Recommendation = [0.0, 1.2018, 1.0104], Current Cost = 5188.00, Rho = 1.000
(iter 10) [0.0, 1.2018, 1.0104] = 437.4203, sampling [1.0, 0.6879, 1.6124]. Recommendation = [0.0, 1.2018, 1.0104], Current Cost = 5189.00, Rho = 1.000
(iter 10) [0.0, 1.2018, 1.0104] = 437.4203, sampling [1.0, 0.1803, 1.3548]. Recommendation = [0.0, 1.2018, 1.0104], Current Cost = 5190.00, Rho = 1.000
(iter 10) [0.0, 1.2018, 1.0104] = 437.4203, sampling [1.0, 1.7165, 1.2689]. Recommendation = [0.0, 1.2018, 1.0104], Current Cost = 5191.00, Rho = 1.000
(iter 10) [0.0, 1.2018, 1.0104] = 437.4203, sampling [1.0, 1.0991, -0.2504]. Recommendation = [0.0, 1.2018, 1.0104], Current Cost = 5192.00, Rho = 1.000
(iter 10) [0.0, 1.2018, 1.0104] = 437.4203, sampling [1.0, -0.7312, -0.2389]. Recommendation = [0.0, 1.2018, 1.0104], Current Cost = 5193.00, Rho = 1.000
(iter 10) [0.0, 1.2018, 1.0104] = 437.4203, sampling [1.0, 1.6009, 0.7962]. Recommendation = [0.0, 1.2018, 1.0104], Current Cost = 5194.00, Rho = 1.000
(iter 10) [0.0, 1.2018, 1.0104] = 437.4203, sampling [1.0, 0.3243, -1.1562]. Recommendation = [0.0, 1.2018, 1.0104], Current Cost = 5195.00, Rho = 1.000
(iter 10) [0.0, 1.2018, 1.0104] = 437.4203, sampling [1.0, -0.9226, -0.4604]. Recommendation = [0.0, 1.2018, 1.0104], Current Cost = 5196.00, Rho = 1.000
(iter 10) [0.0, 1.2018, 1.0104] = 437.4203, sampling [1.0, -0.7538, -0.9516]. Recommendation = [0.0, 1.2018, 1.0104], Current Cost = 5197.00, Rho = 1.000
(iter 10) [0.0, 1.2018, 1.0104] = 437.4203, sampling [1.0, -0.4512, -0.9737]. Recommendation = [0.0, 1.2018, 1.0104], Current Cost = 5198.00, Rho = 1.000
(iter 10) [0.0, 1.2018, 1.0104] = 437.4203, sampling [1.0, 1.2839, 1.6802]. Recommendation = [0.0, 1.2018, 1.0104], Current Cost = 5199.00, Rho = 1.000
(iter 10) [0.0, 1.2018, 1.0104] = 437.4203, sampling [1.0, -0.4413, 1.5742]. Recommendation = [0.0, 1.2018, 1.0104], Current Cost = 5200.00, Rho = 1.000
(iter 10) [0.0, 1.2018, 1.0104] = 437.4203, sampling [1.0, -0.1617, -0.9960]. Recommendation = [0.0, 1.2018, 1.0104], Current Cost = 5201.00, Rho = 1.000
(iter 10) [0.0, 1.2018, 1.0104] = 437.4203, sampling [1.0, 0.1530, 0.5846]. Recommendation = [0.0, 1.2018, 1.0104], Current Cost = 5202.00, Rho = 1.000
(iter 10) [0.0, 1.2018, 1.0104] = 437.4203, sampling [1.0, 0.0836, 1.2838]. Recommendation = [0.0, 1.2018, 1.0104], Current Cost = 5203.00, Rho = 1.000
(iter 10) [0.0, 1.2018, 1.0104] = 437.4203, sampling [1.0, -0.8679, 0.9388]. Recommendation = [0.0, 1.2018, 1.0104], Current Cost = 5204.00, Rho = 1.000
(iter 10) [0.0, 1.2018, 1.0104] = 437.4203, sampling [1.0, -0.5243, 1.3769]. Recommendation = [0.0, 1.2018, 1.0104], Current Cost = 5205.00, Rho = 1.000
(iter 10) [0.0, 1.2018, 1.0104] = 437.4203, sampling [1.0, -0.1968, 1.4701]. Recommendation = [0.0, 1.2018, 1.0104], Current Cost = 5206.00, Rho = 1.000
(iter 10) [0.0, 1.2018, 1.0104] = 437.4203, sampling [1.0, 0.4790, 1.7744]. Recommendation = [0.0, 1.2018, 1.0104], Current Cost = 5207.00, Rho = 1.000
(iter 10) [0.0, 1.2018, 1.0104] = 437.4203, sampling [1.0, -0.2629, -1.8989]. Recommendation = [0.0, 1.2018, 1.0104], Current Cost = 5208.00, Rho = 1.000
(iter 10) [0.0, 1.2018, 1.0104] = 437.4203, sampling [1.0, 0.0361, 1.5593]. Recommendation = [0.0, 1.2018, 1.0104], Current Cost = 5209.00, Rho = 1.000
(iter 10) [0.0, 1.2018, 1.0104] = 437.4203, sampling [1.0, -1.3390, 1.8781]. Recommendation = [0.0, 1.2018, 1.0104], Current Cost = 5210.00, Rho = 1.000
(iter 10) [0.0, 1.2018, 1.0104] = 437.4203, sampling [1.0, -0.6765, 0.1555]. Recommendation = [0.0, 1.2018, 1.0104], Current Cost = 5211.00, Rho = 1.000
(iter 10) [0.0, 1.2018, 1.0104] = 437.4203, sampling [1.0, -0.4867, 0.5525]. Recommendation = [0.0, 1.2018, 1.0104], Current Cost = 5212.00, Rho = 1.000
(iter 10) [0.0, 1.2018, 1.0104] = 437.4203, sampling [1.0, -0.4090, -1.4143]. Recommendation = [0.0, 1.2018, 1.0104], Current Cost = 5213.00, Rho = 1.000
(iter 10) [0.0, 1.2018, 1.0104] = 437.4203, sampling [1.0, -1.5682, 1.1679]. Recommendation = [0.0, 1.2018, 1.0104], Current Cost = 5214.00, Rho = 1.000
(iter 10) [0.0, 1.2018, 1.0104] = 437.4203, sampling [1.0, 1.2722, -0.3621]. Recommendation = [0.0, 1.2018, 1.0104], Current Cost = 5215.00, Rho = 1.000
(iter 10) [0.0, 1.2018, 1.0104] = 437.4203, sampling [1.0, 1.5814, 0.6215]. Recommendation = [0.0, 1.2018, 1.0104], Current Cost = 5216.00, Rho = 1.000
(iter 10) [0.0, 1.2018, 1.0104] = 437.4203, sampling [1.0, -0.2046, -1.0975]. Recommendation = [0.0, 1.2018, 1.0104], Current Cost = 5217.00, Rho = 1.000
(iter 10) [0.0, 1.2018, 1.0104] = 437.4203, sampling [1.0, 0.0007, 1.3295]. Recommendation = [0.0, 1.2018, 1.0104], Current Cost = 5218.00, Rho = 1.000
(iter 10) [0.0, 1.2018, 1.0104] = 437.4203, sampling [1.0, 0.1914, -1.5123]. Recommendation = [0.0, 1.2018, 1.0104], Current Cost = 5219.00, Rho = 1.000
(iter 10) [0.0, 1.2018, 1.0104] = 437.4203, sampling [1.0, 1.7515, 1.4233]. Recommendation = [0.0, 1.2018, 1.0104], Current Cost = 5220.00, Rho = 1.000
(iter 10) [0.0, 1.2018, 1.0104] = 437.4203, sampling [1.0, 0.0127, -1.0752]. Recommendation = [0.0, 1.2018, 1.0104], Current Cost = 5221.00, Rho = 1.000
(iter 10) [0.0, 1.2018, 1.0104] = 437.4203, sampling [1.0, -0.0412, 0.5002]. Recommendation = [0.0, 1.2018, 1.0104], Current Cost = 5222.00, Rho = 1.000
(iter 10) [0.0, 1.2018, 1.0104] = 437.4203, sampling [1.0, 0.5986, -1.9278]. Recommendation = [0.0, 1.2018, 1.0104], Current Cost = 5223.00, Rho = 1.000
(iter 10) [0.0, 1.2018, 1.0104] = 437.4203, sampling [1.0, -0.7868, -0.5221]. Recommendation = [0.0, 1.2018, 1.0104], Current Cost = 5224.00, Rho = 1.000
(iter 10) [0.0, 1.2018, 1.0104] = 437.4203, sampling [1.0, 1.7320, 0.9160]. Recommendation = [0.0, 1.2018, 1.0104], Current Cost = 5225.00, Rho = 1.000
(iter 10) [0.0, 1.2018, 1.0104] = 437.4203, sampling [1.0, -1.1123, 0.2644]. Recommendation = [0.0, 1.2018, 1.0104], Current Cost = 5226.00, Rho = 1.000
(iter 10) [0.0, 1.2018, 1.0104] = 437.4203, sampling [1.0, 1.0475, -0.6160]. Recommendation = [0.0, 1.2018, 1.0104], Current Cost = 5227.00, Rho = 1.000
(iter 10) [0.0, 1.2018, 1.0104] = 437.4203, sampling [1.0, -0.0803, 1.6800]. Recommendation = [0.0, 1.2018, 1.0104], Current Cost = 5228.00, Rho = 1.000
(iter 10) [0.0, 1.2018, 1.0104] = 437.4203, sampling [1.0, 0.7524, -1.1910]. Recommendation = [0.0, 1.2018, 1.0104], Current Cost = 5229.00, Rho = 1.000
(iter 10) [0.0, 1.2018, 1.0104] = 437.4203, sampling [1.0, -0.5698, -0.6702]. Recommendation = [0.0, 1.2018, 1.0104], Current Cost = 5230.00, Rho = 1.000
(iter 10) [0.0, 1.2018, 1.0104] = 437.4203, sampling [1.0, 1.4497, 0.2378]. Recommendation = [0.0, 1.2018, 1.0104], Current Cost = 5231.00, Rho = 1.000
(iter 10) [0.0, 1.2018, 1.0104] = 437.4203, sampling [1.0, -1.0920, 1.4475]. Recommendation = [0.0, 1.2018, 1.0104], Current Cost = 5232.00, Rho = 1.000
(iter 10) [0.0, 1.2018, 1.0104] = 437.4203, sampling [1.0, -1.2313, -0.2620]. Recommendation = [0.0, 1.2018, 1.0104], Current Cost = 5233.00, Rho = 1.000
(iter 10) [0.0, 1.2018, 1.0104] = 437.4203, sampling [1.0, -0.6450, 0.8730]. Recommendation = [0.0, 1.2018, 1.0104], Current Cost = 5234.00, Rho = 1.000
(iter 10) [0.0, 1.2018, 1.0104] = 437.4203, sampling [1.0, 0.2670, -0.9010]. Recommendation = [0.0, 1.2018, 1.0104], Current Cost = 5235.00, Rho = 1.000
(iter 10) [0.0, 1.2018, 1.0104] = 437.4203, sampling [1.0, -0.6273, 1.2144]. Recommendation = [0.0, 1.2018, 1.0104], Current Cost = 5236.00, Rho = 1.000
(iter 10) [0.0, 1.2018, 1.0104] = 437.4203, sampling [1.0, 1.0700, 1.9123]. Recommendation = [0.0, 1.2018, 1.0104], Current Cost = 5237.00, Rho = 1.000
(iter 10) [0.0, 1.2018, 1.0104] = 437.4203, sampling [1.0, 1.2444, -0.0425]. Recommendation = [0.0, 1.2018, 1.0104], Current Cost = 5238.00, Rho = 1.000
(iter 10) [0.0, 1.2018, 1.0104] = 437.4203, sampling [1.0, -1.8832, 0.1451]. Recommendation = [0.0, 1.2018, 1.0104], Current Cost = 5239.00, Rho = 1.000
(iter 10) [0.0, 1.2018, 1.0104] = 437.4203, sampling [1.0, -1.4869, 0.8811]. Recommendation = [0.0, 1.2018, 1.0104], Current Cost = 5240.00, Rho = 1.000
(iter 10) [0.0, 1.2018, 1.0104] = 437.4203, sampling [1.0, 0.7410, 1.7262]. Recommendation = [0.0, 1.2018, 1.0104], Current Cost = 5241.00, Rho = 1.000
(iter 10) [0.0, 1.2018, 1.0104] = 437.4203, sampling [1.0, -0.2770, -1.2839]. Recommendation = [0.0, 1.2018, 1.0104], Current Cost = 5242.00, Rho = 1.000
(iter 10) [0.0, 1.2018, 1.0104] = 437.4203, sampling [1.0, 1.9009, 1.5971]. Recommendation = [0.0, 1.2018, 1.0104], Current Cost = 5243.00, Rho = 1.000
(iter 10) [0.0, 1.2018, 1.0104] = 437.4203, sampling [1.0, -0.8878, -0.0568]. Recommendation = [0.0, 1.2018, 1.0104], Current Cost = 5244.00, Rho = 1.000
(iter 10) [0.0, 1.2018, 1.0104] = 437.4203, sampling [1.0, -0.6321, -1.2914]. Recommendation = [0.0, 1.2018, 1.0104], Current Cost = 5245.00, Rho = 1.000
(iter 10) [0.0, 1.2018, 1.0104] = 437.4203, sampling [1.0, -0.9869, 0.6769]. Recommendation = [0.0, 1.2018, 1.0104], Current Cost = 5246.00, Rho = 1.000
(iter 10) [0.0, 1.2018, 1.0104] = 437.4203, sampling [1.0, 0.0213, 1.8180]. Recommendation = [0.0, 1.2018, 1.0104], Current Cost = 5247.00, Rho = 1.000
(iter 10) [0.0, 1.2018, 1.0104] = 437.4203, sampling [1.0, -1.2069, 1.9571]. Recommendation = [0.0, 1.2018, 1.0104], Current Cost = 5248.00, Rho = 1.000
(iter 10) [0.0, 1.2018, 1.0104] = 437.4203, sampling [1.0, 0.2766, 1.3189]. Recommendation = [0.0, 1.2018, 1.0104], Current Cost = 5249.00, Rho = 1.000
(iter 10) [0.0, 1.2018, 1.0104] = 437.4203, sampling [1.0, -1.5878, 1.3930]. Recommendation = [0.0, 1.2018, 1.0104], Current Cost = 5250.00, Rho = 1.000
(iter 10) [0.0, 1.2018, 1.0104] = 437.4203, sampling [1.0, 1.0399, -1.0462]. Recommendation = [0.0, 1.2018, 1.0104], Current Cost = 5251.00, Rho = 1.000
(iter 10) [0.0, 1.2018, 1.0104] = 437.4203, sampling [1.0, 0.1998, -0.7851]. Recommendation = [0.0, 1.2018, 1.0104], Current Cost = 5252.00, Rho = 1.000
(iter 10) [0.0, 1.2018, 1.0104] = 437.4203, sampling [1.0, 1.7362, 0.3076]. Recommendation = [0.0, 1.2018, 1.0104], Current Cost = 5253.00, Rho = 1.000
(iter 10) [0.0, 1.2018, 1.0104] = 437.4203, sampling [1.0, 0.6549, -1.5992]. Recommendation = [0.0, 1.2018, 1.0104], Current Cost = 5254.00, Rho = 1.000
(iter 10) [0.0, 1.2018, 1.0104] = 437.4203, sampling [1.0, -1.2383, 0.6680]. Recommendation = [0.0, 1.2018, 1.0104], Current Cost = 5255.00, Rho = 1.000
(iter 10) [0.0, 1.2018, 1.0104] = 437.4203, sampling [1.0, 0.7166, 1.1729]. Recommendation = [0.0, 1.2018, 1.0104], Current Cost = 5256.00, Rho = 1.000
(iter 10) [0.0, 1.2018, 1.0104] = 437.4203, sampling [1.0, -0.4930, 1.4363]. Recommendation = [0.0, 1.2018, 1.0104], Current Cost = 5257.00, Rho = 1.000
(iter 10) [0.0, 1.2018, 1.0104] = 437.4203, sampling [1.0, 0.8572, 1.5167]. Recommendation = [0.0, 1.2018, 1.0104], Current Cost = 5258.00, Rho = 1.000
(iter 10) [0.0, 1.2018, 1.0104] = 437.4203, sampling [1.0, -1.3892, 1.4251]. Recommendation = [0.0, 1.2018, 1.0104], Current Cost = 5259.00, Rho = 1.000
(iter 10) [0.0, 1.2018, 1.0104] = 437.4203, sampling [1.0, -0.9705, 1.8882]. Recommendation = [0.0, 1.2018, 1.0104], Current Cost = 5260.00, Rho = 1.000
(iter 10) [0.0, 1.2018, 1.0104] = 437.4203, sampling [1.0, -1.0107, 0.8026]. Recommendation = [0.0, 1.2018, 1.0104], Current Cost = 5261.00, Rho = 1.000
(iter 10) [0.0, 1.2018, 1.0104] = 437.4203, sampling [1.0, -0.0660, -1.6798]. Recommendation = [0.0, 1.2018, 1.0104], Current Cost = 5262.00, Rho = 1.000
(iter 10) [0.0, 1.2018, 1.0104] = 437.4203, sampling [1.0, -1.0413, -0.6765]. Recommendation = [0.0, 1.2018, 1.0104], Current Cost = 5263.00, Rho = 1.000
(iter 10) [0.0, 1.2018, 1.0104] = 437.4203, sampling [1.0, -0.7401, 1.2064]. Recommendation = [0.0, 1.2018, 1.0104], Current Cost = 5264.00, Rho = 1.000
(iter 10) [0.0, 1.2018, 1.0104] = 437.4203, sampling [1.0, 0.1024, 1.6302]. Recommendation = [0.0, 1.2018, 1.0104], Current Cost = 5265.00, Rho = 1.000
(iter 10) [0.0, 1.2018, 1.0104] = 437.4203, sampling [1.0, -0.8911, 0.8159]. Recommendation = [0.0, 1.2018, 1.0104], Current Cost = 5266.00, Rho = 1.000
(iter 10) [0.0, 1.2018, 1.0104] = 437.4203, sampling [1.0, -1.0535, 0.0337]. Recommendation = [0.0, 1.2018, 1.0104], Current Cost = 5267.00, Rho = 1.000
(iter 10) [0.0, 1.2018, 1.0104] = 437.4203, sampling [1.0, 0.4895, -1.1187]. Recommendation = [0.0, 1.2018, 1.0104], Current Cost = 5268.00, Rho = 1.000
(iter 10) [0.0, 1.2018, 1.0104] = 437.4203, sampling [1.0, -1.3461, 1.2287]. Recommendation = [0.0, 1.2018, 1.0104], Current Cost = 5269.00, Rho = 1.000
(iter 10) [0.0, 1.2018, 1.0104] = 437.4203, sampling [1.0, -1.3663, 0.4899]. Recommendation = [0.0, 1.2018, 1.0104], Current Cost = 5270.00, Rho = 1.000
(iter 10) [0.0, 1.2018, 1.0104] = 437.4203, sampling [1.0, -1.3328, 0.9498]. Recommendation = [0.0, 1.2018, 1.0104], Current Cost = 5271.00, Rho = 1.000
(iter 10) [0.0, 1.2018, 1.0104] = 437.4203, sampling [1.0, 0.6163, -1.3472]. Recommendation = [0.0, 1.2018, 1.0104], Current Cost = 5272.00, Rho = 1.000
(iter 10) [0.0, 1.2018, 1.0104] = 437.4203, sampling [1.0, -1.1882, 1.3514]. Recommendation = [0.0, 1.2018, 1.0104], Current Cost = 5273.00, Rho = 1.000
(iter 10) [0.0, 1.2018, 1.0104] = 437.4203, sampling [1.0, -0.1537, -0.8514]. Recommendation = [0.0, 1.2018, 1.0104], Current Cost = 5274.00, Rho = 1.000
(iter 10) [0.0, 1.2018, 1.0104] = 437.4203, sampling [1.0, 1.2554, 0.1022]. Recommendation = [0.0, 1.2018, 1.0104], Current Cost = 5275.00, Rho = 1.000
(iter 10) [0.0, 1.2018, 1.0104] = 437.4203, sampling [1.0, 1.9560, 0.9905]. Recommendation = [0.0, 1.2018, 1.0104], Current Cost = 5276.00, Rho = 1.000
(iter 10) [0.0, 1.2018, 1.0104] = 437.4203, sampling [1.0, 1.3040, -0.5513]. Recommendation = [0.0, 1.2018, 1.0104], Current Cost = 5277.00, Rho = 1.000
(iter 10) [0.0, 1.2018, 1.0104] = 437.4203, sampling [1.0, 1.4580, -0.0555]. Recommendation = [0.0, 1.2018, 1.0104], Current Cost = 5278.00, Rho = 1.000
(iter 10) [0.0, 1.2018, 1.0104] = 437.4203, sampling [1.0, 1.1805, -0.2837]. Recommendation = [0.0, 1.2018, 1.0104], Current Cost = 5279.00, Rho = 1.000
(iter 10) [0.0, 1.2018, 1.0104] = 437.4203, sampling [1.0, -1.9143, 0.8290]. Recommendation = [0.0, 1.2018, 1.0104], Current Cost = 5280.00, Rho = 1.000
(iter 10) [0.0, 1.2018, 1.0104] = 437.4203, sampling [1.0, -1.5162, 1.5870]. Recommendation = [0.0, 1.2018, 1.0104], Current Cost = 5281.00, Rho = 1.000
(iter 10) [0.0, 1.2018, 1.0104] = 437.4203, sampling [1.0, -0.8099, -0.3258]. Recommendation = [0.0, 1.2018, 1.0104], Current Cost = 5282.00, Rho = 1.000
(iter 10) [0.0, 1.2018, 1.0104] = 437.4203, sampling [1.0, 0.9854, -0.3760]. Recommendation = [0.0, 1.2018, 1.0104], Current Cost = 5283.00, Rho = 1.000
(iter 10) [0.0, 1.2018, 1.0104] = 437.4203, sampling [1.0, 0.9129, -1.9718]. Recommendation = [0.0, 1.2018, 1.0104], Current Cost = 5284.00, Rho = 1.000
(iter 10) [0.0, 1.2018, 1.0104] = 437.4203, sampling [1.0, 1.3417, -0.2221]. Recommendation = [0.0, 1.2018, 1.0104], Current Cost = 5285.00, Rho = 1.000
(iter 10) [0.0, 1.2018, 1.0104] = 437.4203, sampling [1.0, -0.8053, 1.3062]. Recommendation = [0.0, 1.2018, 1.0104], Current Cost = 5286.00, Rho = 1.000
(iter 10) [0.0, 1.2018, 1.0104] = 437.4203, sampling [1.0, -1.8774, 1.7127]. Recommendation = [0.0, 1.2018, 1.0104], Current Cost = 5287.00, Rho = 1.000
(iter 10) [0.0, 1.2018, 1.0104] = 437.4203, sampling [1.0, -1.3105, 0.3038]. Recommendation = [0.0, 1.2018, 1.0104], Current Cost = 5288.00, Rho = 1.000
(iter 10) [0.0, 1.2018, 1.0104] = 437.4203, sampling [1.0, 1.1629, 1.6653]. Recommendation = [0.0, 1.2018, 1.0104], Current Cost = 5289.00, Rho = 1.000
(iter 10) [0.0, 1.2018, 1.0104] = 437.4203, sampling [1.0, 0.6458, 1.6236]. Recommendation = [0.0, 1.2018, 1.0104], Current Cost = 5290.00, Rho = 1.000
(iter 10) [0.0, 1.2018, 1.0104] = 437.4203, sampling [1.0, 0.3490, -1.2362]. Recommendation = [0.0, 1.2018, 1.0104], Current Cost = 5291.00, Rho = 1.000
(iter 10) [0.0, 1.2018, 1.0104] = 437.4203, sampling [1.0, -0.8297, -0.7249]. Recommendation = [0.0, 1.2018, 1.0104], Current Cost = 5292.00, Rho = 1.000
(iter 10) [0.0, 1.2018, 1.0104] = 437.4203, sampling [1.0, -0.4971, -1.6530]. Recommendation = [0.0, 1.2018, 1.0104], Current Cost = 5293.00, Rho = 1.000
(iter 10) [0.0, 1.2018, 1.0104] = 437.4203, sampling [1.0, 0.4158, 1.8440]. Recommendation = [0.0, 1.2018, 1.0104], Current Cost = 5294.00, Rho = 1.000
(iter 10) [0.0, 1.2018, 1.0104] = 437.4203, sampling [1.0, -0.0313, 1.1566]. Recommendation = [0.0, 1.2018, 1.0104], Current Cost = 5295.00, Rho = 1.000
(iter 10) [0.0, 1.2018, 1.0104] = 437.4203, sampling [1.0, -0.3288, -0.0278]. Recommendation = [0.0, 1.2018, 1.0104], Current Cost = 5296.00, Rho = 1.000
(iter 10) [0.0, 1.2018, 1.0104] = 437.4203, sampling [1.0, 1.5423, 0.1148]. Recommendation = [0.0, 1.2018, 1.0104], Current Cost = 5297.00, Rho = 1.000
(iter 10) [0.0, 1.2018, 1.0104] = 437.4203, sampling [1.0, -0.8228, -1.1818]. Recommendation = [0.0, 1.2018, 1.0104], Current Cost = 5298.00, Rho = 1.000
(iter 10) [0.0, 1.2018, 1.0104] = 437.4203, sampling [1.0, 0.2988, -1.6294]. Recommendation = [0.0, 1.2018, 1.0104], Current Cost = 5299.00, Rho = 1.000
(iter 10) [0.0, 1.2018, 1.0104] = 437.4203, sampling [1.0, -0.2132, -1.0536]. Recommendation = [0.0, 1.2018, 1.0104], Current Cost = 5300.00, Rho = 1.000
(iter 10) [0.0, 1.2018, 1.0104] = 437.4203, sampling [1.0, 0.5841, 1.7364]. Recommendation = [0.0, 1.2018, 1.0104], Current Cost = 5301.00, Rho = 1.000
(iter 10) [0.0, 1.2018, 1.0104] = 437.4203, sampling [1.0, 0.9390, -1.2471]. Recommendation = [0.0, 1.2018, 1.0104], Current Cost = 5302.00, Rho = 1.000
(iter 10) [0.0, 1.2018, 1.0104] = 437.4203, sampling [1.0, -1.0755, 0.3491]. Recommendation = [0.0, 1.2018, 1.0104], Current Cost = 5303.00, Rho = 1.000
(iter 10) [0.0, 1.2018, 1.0104] = 437.4203, sampling [1.0, 1.1893, -0.8797]. Recommendation = [0.0, 1.2018, 1.0104], Current Cost = 5304.00, Rho = 1.000
(iter 10) [0.0, 1.2018, 1.0104] = 437.4203, sampling [1.0, 1.5716, 0.3864]. Recommendation = [0.0, 1.2018, 1.0104], Current Cost = 5305.00, Rho = 1.000
(iter 10) [0.0, 1.2018, 1.0104] = 437.4203, sampling [1.0, 0.5748, -1.2209]. Recommendation = [0.0, 1.2018, 1.0104], Current Cost = 5306.00, Rho = 1.000
(iter 10) [0.0, 1.2018, 1.0104] = 437.4203, sampling [1.0, 1.9432, -0.2278]. Recommendation = [0.0, 1.2018, 1.0104], Current Cost = 5307.00, Rho = 1.000
(iter 10) [0.0, 1.2018, 1.0104] = 437.4203, sampling [1.0, -0.9499, -0.9374]. Recommendation = [0.0, 1.2018, 1.0104], Current Cost = 5308.00, Rho = 1.000
(iter 10) [0.0, 1.2018, 1.0104] = 437.4203, sampling [1.0, -1.0825, 1.7676]. Recommendation = [0.0, 1.2018, 1.0104], Current Cost = 5309.00, Rho = 1.000
(iter 10) [0.0, 1.2018, 1.0104] = 437.4203, sampling [1.0, 1.9751, 1.8052]. Recommendation = [0.0, 1.2018, 1.0104], Current Cost = 5310.00, Rho = 1.000
(iter 10) [0.0, 1.2018, 1.0104] = 437.4203, sampling [1.0, -1.7061, 1.4951]. Recommendation = [0.0, 1.2018, 1.0104], Current Cost = 5311.00, Rho = 1.000
(iter 10) [0.0, 1.2018, 1.0104] = 437.4203, sampling [1.0, -1.4625, 1.2367]. Recommendation = [0.0, 1.2018, 1.0104], Current Cost = 5312.00, Rho = 1.000
(iter 10) [0.0, 1.2018, 1.0104] = 437.4203, sampling [1.0, -1.2437, 0.5327]. Recommendation = [0.0, 1.2018, 1.0104], Current Cost = 5313.00, Rho = 1.000
(iter 10) [0.0, 1.2018, 1.0104] = 437.4203, sampling [1.0, 1.7694, -1.9837]. Recommendation = [0.0, 1.2018, 1.0104], Current Cost = 5314.00, Rho = 1.000
(iter 10) [0.0, 1.2018, 1.0104] = 437.4203, sampling [1.0, -0.6591, -1.9354]. Recommendation = [0.0, 1.2018, 1.0104], Current Cost = 5315.00, Rho = 1.000
(iter 10) [0.0, 1.2018, 1.0104] = 437.4203, sampling [1.0, -1.0652, 0.7610]. Recommendation = [0.0, 1.2018, 1.0104], Current Cost = 5316.00, Rho = 1.000
(iter 10) [0.0, 1.2018, 1.0104] = 437.4203, sampling [1.0, -0.0513, -1.8687]. Recommendation = [0.0, 1.2018, 1.0104], Current Cost = 5317.00, Rho = 1.000
(iter 10) [0.0, 1.2018, 1.0104] = 437.4203, sampling [1.0, -1.2510, -0.5396]. Recommendation = [0.0, 1.2018, 1.0104], Current Cost = 5318.00, Rho = 1.000
(iter 10) [0.0, 1.2018, 1.0104] = 437.4203, sampling [1.0, -1.3823, -0.0780]. Recommendation = [0.0, 1.2018, 1.0104], Current Cost = 5319.00, Rho = 1.000
(iter 10) [0.0, 1.2018, 1.0104] = 437.4203, sampling [1.0, -1.7348, 1.1078]. Recommendation = [0.0, 1.2018, 1.0104], Current Cost = 5320.00, Rho = 1.000
(iter 10) [0.0, 1.2018, 1.0104] = 437.4203, sampling [1.0, 1.4792, -0.4300]. Recommendation = [0.0, 1.2018, 1.0104], Current Cost = 5321.00, Rho = 1.000
(iter 10) [0.0, 1.2018, 1.0104] = 437.4203, sampling [1.0, 0.7493, -1.4497]. Recommendation = [0.0, 1.2018, 1.0104], Current Cost = 5322.00, Rho = 1.000
(iter 10) [0.0, 1.2018, 1.0104] = 437.4203, sampling [1.0, 1.6919, 1.6937]. Recommendation = [0.0, 1.2018, 1.0104], Current Cost = 5323.00, Rho = 1.000
(iter 10) [0.0, 1.2018, 1.0104] = 437.4203, sampling [1.0, 1.8488, 1.1470]. Recommendation = [0.0, 1.2018, 1.0104], Current Cost = 5324.00, Rho = 1.000
(iter 10) [0.0, 1.2018, 1.0104] = 437.4203, sampling [1.0, 1.4301, 0.1648]. Recommendation = [0.0, 1.2018, 1.0104], Current Cost = 5325.00, Rho = 1.000
(iter 10) [0.0, 1.2018, 1.0104] = 437.4203, sampling [1.0, -1.2229, 0.1785]. Recommendation = [0.0, 1.2018, 1.0104], Current Cost = 5326.00, Rho = 1.000
(iter 10) [0.0, 1.2018, 1.0104] = 437.4203, sampling [1.0, -1.5339, 1.0662]. Recommendation = [0.0, 1.2018, 1.0104], Current Cost = 5327.00, Rho = 1.000
(iter 10) [0.0, 1.2018, 1.0104] = 437.4203, sampling [1.0, -0.7981, 1.8553]. Recommendation = [0.0, 1.2018, 1.0104], Current Cost = 5328.00, Rho = 1.000
(iter 10) [0.0, 1.2018, 1.0104] = 437.4203, sampling [1.0, -0.6503, -1.4950]. Recommendation = [0.0, 1.2018, 1.0104], Current Cost = 5329.00, Rho = 1.000
(iter 10) [0.0, 1.2018, 1.0104] = 437.4203, sampling [1.0, 1.4188, -0.8218]. Recommendation = [0.0, 1.2018, 1.0104], Current Cost = 5330.00, Rho = 1.000
(iter 10) [0.0, 1.2018, 1.0104] = 437.4203, sampling [1.0, -1.4442, 0.2223]. Recommendation = [0.0, 1.2018, 1.0104], Current Cost = 5331.00, Rho = 1.000
(iter 10) [0.0, 1.2018, 1.0104] = 437.4203, sampling [1.0, -0.3829, -1.5255]. Recommendation = [0.0, 1.2018, 1.0104], Current Cost = 5332.00, Rho = 1.000
(iter 10) [0.0, 1.2018, 1.0104] = 437.4203, sampling [1.0, 1.2282, -0.1708]. Recommendation = [0.0, 1.2018, 1.0104], Current Cost = 5333.00, Rho = 1.000
(iter 10) [0.0, 1.2018, 1.0104] = 437.4203, sampling [1.0, 1.1477, -1.1734]. Recommendation = [0.0, 1.2018, 1.0104], Current Cost = 5334.00, Rho = 1.000
(iter 10) [0.0, 1.2018, 1.0104] = 437.4203, sampling [1.0, 0.3833, 1.9420]. Recommendation = [0.0, 1.2018, 1.0104], Current Cost = 5335.00, Rho = 1.000
(iter 10) [0.0, 1.2018, 1.0104] = 437.4203, sampling [1.0, 1.7853, 0.8417]. Recommendation = [0.0, 1.2018, 1.0104], Current Cost = 5336.00, Rho = 1.000
(iter 10) [0.0, 1.2018, 1.0104] = 437.4203, sampling [1.0, 0.5776, -1.7520]. Recommendation = [0.0, 1.2018, 1.0104], Current Cost = 5337.00, Rho = 1.000
(iter 10) [0.0, 1.2018, 1.0104] = 437.4203, sampling [1.0, -0.2389, -1.7415]. Recommendation = [0.0, 1.2018, 1.0104], Current Cost = 5338.00, Rho = 1.000
(iter 10) [0.0, 1.2018, 1.0104] = 437.4203, sampling [1.0, -1.6970, -0.4117]. Recommendation = [0.0, 1.2018, 1.0104], Current Cost = 5339.00, Rho = 1.000
(iter 10) [0.0, 1.2018, 1.0104] = 437.4203, sampling [1.0, -0.3021, 1.9040]. Recommendation = [0.0, 1.2018, 1.0104], Current Cost = 5340.00, Rho = 1.000
(iter 10) [0.0, 1.2018, 1.0104] = 437.4203, sampling [1.0, -1.4107, 1.4852]. Recommendation = [0.0, 1.2018, 1.0104], Current Cost = 5341.00, Rho = 1.000
(iter 10) [0.0, 1.2018, 1.0104] = 437.4203, sampling [1.0, -1.5973, 1.2904]. Recommendation = [0.0, 1.2018, 1.0104], Current Cost = 5342.00, Rho = 1.000
(iter 10) [0.0, 1.2018, 1.0104] = 437.4203, sampling [1.0, 1.2720, -0.6599]. Recommendation = [0.0, 1.2018, 1.0104], Current Cost = 5343.00, Rho = 1.000
(iter 10) [0.0, 1.2018, 1.0104] = 437.4203, sampling [1.0, -1.1761, 0.4011]. Recommendation = [0.0, 1.2018, 1.0104], Current Cost = 5344.00, Rho = 1.000
(iter 10) [0.0, 1.2018, 1.0104] = 437.4203, sampling [1.0, 1.7216, 0.0492]. Recommendation = [0.0, 1.2018, 1.0104], Current Cost = 5345.00, Rho = 1.000
(iter 10) [0.0, 1.2018, 1.0104] = 437.4203, sampling [1.0, -1.1237, 0.2015]. Recommendation = [0.0, 1.2018, 1.0104], Current Cost = 5346.00, Rho = 1.000
(iter 10) [0.0, 1.2018, 1.0104] = 437.4203, sampling [1.0, 0.0709, 1.9335]. Recommendation = [0.0, 1.2018, 1.0104], Current Cost = 5347.00, Rho = 1.000
(iter 10) [0.0, 1.2018, 1.0104] = 437.4203, sampling [1.0, -1.5442, 0.4814]. Recommendation = [0.0, 1.2018, 1.0104], Current Cost = 5348.00, Rho = 1.000
(iter 10) [0.0, 1.2018, 1.0104] = 437.4203, sampling [1.0, -0.8617, -1.4188]. Recommendation = [0.0, 1.2018, 1.0104], Current Cost = 5349.00, Rho = 1.000
(iter 10) [0.0, 1.2018, 1.0104] = 437.4203, sampling [1.0, -1.6827, 0.9838]. Recommendation = [0.0, 1.2018, 1.0104], Current Cost = 5350.00, Rho = 1.000
(iter 10) [0.0, 1.2018, 1.0104] = 437.4203, sampling [1.0, -1.8342, 1.5780]. Recommendation = [0.0, 1.2018, 1.0104], Current Cost = 5351.00, Rho = 1.000
(iter 10) [0.0, 1.2018, 1.0104] = 437.4203, sampling [1.0, 1.0778, -1.3646]. Recommendation = [0.0, 1.2018, 1.0104], Current Cost = 5352.00, Rho = 1.000
(iter 10) [0.0, 1.2018, 1.0104] = 437.4203, sampling [1.0, -1.8038, 1.7964]. Recommendation = [0.0, 1.2018, 1.0104], Current Cost = 5353.00, Rho = 1.000
(iter 10) [0.0, 1.2018, 1.0104] = 437.4203, sampling [1.0, 1.7535, 0.4111]. Recommendation = [0.0, 1.2018, 1.0104], Current Cost = 5354.00, Rho = 1.000
(iter 10) [0.0, 1.2018, 1.0104] = 437.4203, sampling [1.0, 1.4840, -0.6325]. Recommendation = [0.0, 1.2018, 1.0104], Current Cost = 5355.00, Rho = 1.000
(iter 10) [0.0, 1.2018, 1.0104] = 437.4203, sampling [1.0, 1.3716, -1.0952]. Recommendation = [0.0, 1.2018, 1.0104], Current Cost = 5356.00, Rho = 1.000
(iter 10) [0.0, 1.2018, 1.0104] = 437.4203, sampling [1.0, 1.4013, -0.3768]. Recommendation = [0.0, 1.2018, 1.0104], Current Cost = 5357.00, Rho = 1.000
(iter 10) [0.0, 1.2018, 1.0104] = 437.4203, sampling [1.0, 0.4863, -1.8389]. Recommendation = [0.0, 1.2018, 1.0104], Current Cost = 5358.00, Rho = 1.000
(iter 10) [0.0, 1.2018, 1.0104] = 437.4203, sampling [1.0, 0.8853, -1.6573]. Recommendation = [0.0, 1.2018, 1.0104], Current Cost = 5359.00, Rho = 1.000
(iter 10) [0.0, 1.2018, 1.0104] = 437.4203, sampling [1.0, 1.5164, -0.1397]. Recommendation = [0.0, 1.2018, 1.0104], Current Cost = 5360.00, Rho = 1.000
(iter 10) [0.0, 1.2018, 1.0104] = 437.4203, sampling [1.0, 0.1458, -1.5084]. Recommendation = [0.0, 1.2018, 1.0104], Current Cost = 5361.00, Rho = 1.000
(iter 10) [0.0, 1.2018, 1.0104] = 437.4203, sampling [1.0, -1.3751, -0.8602]. Recommendation = [0.0, 1.2018, 1.0104], Current Cost = 5362.00, Rho = 1.000
(iter 10) [0.0, 1.2018, 1.0104] = 437.4203, sampling [1.0, -0.4187, -1.7801]. Recommendation = [0.0, 1.2018, 1.0104], Current Cost = 5363.00, Rho = 1.000
(iter 10) [0.0, 1.2018, 1.0104] = 437.4203, sampling [1.0, 1.8396, 0.7097]. Recommendation = [0.0, 1.2018, 1.0104], Current Cost = 5364.00, Rho = 1.000
(iter 10) [0.0, 1.2018, 1.0104] = 437.4203, sampling [1.0, 1.2587, -1.6055]. Recommendation = [0.0, 1.2018, 1.0104], Current Cost = 5365.00, Rho = 1.000
(iter 10) [0.0, 1.2018, 1.0104] = 437.4203, sampling [1.0, -1.3121, 0.0145]. Recommendation = [0.0, 1.2018, 1.0104], Current Cost = 5366.00, Rho = 1.000
(iter 10) [0.0, 1.2018, 1.0104] = 437.4203, sampling [1.0, -1.9610, 0.6320]. Recommendation = [0.0, 1.2018, 1.0104], Current Cost = 5367.00, Rho = 1.000
(iter 10) [0.0, 1.2018, 1.0104] = 437.4203, sampling [1.0, -0.7173, -1.2753]. Recommendation = [0.0, 1.2018, 1.0104], Current Cost = 5368.00, Rho = 1.000
(iter 10) [0.0, 1.2018, 1.0104] = 437.4203, sampling [1.0, -1.0314, -1.9056]. Recommendation = [0.0, 1.2018, 1.0104], Current Cost = 5369.00, Rho = 1.000
(iter 10) [0.0, 1.2018, 1.0104] = 437.4203, sampling [1.0, -0.9135, -1.1315]. Recommendation = [0.0, 1.2018, 1.0104], Current Cost = 5370.00, Rho = 1.000
(iter 10) [0.0, 1.2018, 1.0104] = 437.4203, sampling [1.0, 0.7850, -1.8460]. Recommendation = [0.0, 1.2018, 1.0104], Current Cost = 5371.00, Rho = 1.000
(iter 10) [0.0, 1.2018, 1.0104] = 437.4203, sampling [1.0, -1.9505, 1.6388]. Recommendation = [0.0, 1.2018, 1.0104], Current Cost = 5372.00, Rho = 1.000
(iter 10) [0.0, 1.2018, 1.0104] = 437.4203, sampling [1.0, -1.4045, 0.3279]. Recommendation = [0.0, 1.2018, 1.0104], Current Cost = 5373.00, Rho = 1.000
(iter 10) [0.0, 1.2018, 1.0104] = 437.4203, sampling [1.0, 0.5249, -1.9903]. Recommendation = [0.0, 1.2018, 1.0104], Current Cost = 5374.00, Rho = 1.000
(iter 10) [0.0, 1.2018, 1.0104] = 437.4203, sampling [1.0, 1.8423, -0.6029]. Recommendation = [0.0, 1.2018, 1.0104], Current Cost = 5375.00, Rho = 1.000
(iter 10) [0.0, 1.2018, 1.0104] = 437.4203, sampling [1.0, -1.0347, 0.7790]. Recommendation = [0.0, 1.2018, 1.0104], Current Cost = 5376.00, Rho = 1.000
(iter 10) [0.0, 1.2018, 1.0104] = 437.4203, sampling [1.0, -0.3620, -1.4292]. Recommendation = [0.0, 1.2018, 1.0104], Current Cost = 5377.00, Rho = 1.000
(iter 10) [0.0, 1.2018, 1.0104] = 437.4203, sampling [1.0, -1.5249, -0.1245]. Recommendation = [0.0, 1.2018, 1.0104], Current Cost = 5378.00, Rho = 1.000
(iter 10) [0.0, 1.2018, 1.0104] = 437.4203, sampling [1.0, 1.2930, -1.3433]. Recommendation = [0.0, 1.2018, 1.0104], Current Cost = 5379.00, Rho = 1.000
(iter 10) [0.0, 1.2018, 1.0104] = 437.4203, sampling [1.0, 1.7769, 1.4055]. Recommendation = [0.0, 1.2018, 1.0104], Current Cost = 5380.00, Rho = 1.000
(iter 10) [0.0, 1.2018, 1.0104] = 437.4203, sampling [1.0, -1.6083, 1.0917]. Recommendation = [0.0, 1.2018, 1.0104], Current Cost = 5381.00, Rho = 1.000
(iter 10) [0.0, 1.2018, 1.0104] = 437.4203, sampling [1.0, -1.7742, 0.3729]. Recommendation = [0.0, 1.2018, 1.0104], Current Cost = 5382.00, Rho = 1.000
(iter 10) [0.0, 1.2018, 1.0104] = 437.4203, sampling [1.0, -0.7741, -1.5683]. Recommendation = [0.0, 1.2018, 1.0104], Current Cost = 5383.00, Rho = 1.000
(iter 10) [0.0, 1.2018, 1.0104] = 437.4203, sampling [1.0, -1.1051, -1.3762]. Recommendation = [0.0, 1.2018, 1.0104], Current Cost = 5384.00, Rho = 1.000
(iter 10) [0.0, 1.2018, 1.0104] = 437.4203, sampling [1.0, -1.9891, -0.3142]. Recommendation = [0.0, 1.2018, 1.0104], Current Cost = 5385.00, Rho = 1.000
(iter 10) [0.0, 1.2018, 1.0104] = 437.4203, sampling [1.0, -1.4311, -0.4871]. Recommendation = [0.0, 1.2018, 1.0104], Current Cost = 5386.00, Rho = 1.000
(iter 10) [0.0, 1.2018, 1.0104] = 437.4203, sampling [1.0, -1.6624, 0.0892]. Recommendation = [0.0, 1.2018, 1.0104], Current Cost = 5387.00, Rho = 1.000
(iter 10) [0.0, 1.2018, 1.0104] = 437.4203, sampling [1.0, 1.6856, -0.4362]. Recommendation = [0.0, 1.2018, 1.0104], Current Cost = 5388.00, Rho = 1.000
(iter 10) [0.0, 1.2018, 1.0104] = 437.4203, sampling [1.0, -1.0981, 0.2919]. Recommendation = [0.0, 1.2018, 1.0104], Current Cost = 5389.00, Rho = 1.000
(iter 10) [0.0, 1.2018, 1.0104] = 437.4203, sampling [0.0, 0.5444, 0.5122]. Recommendation = [0.0, 1.2018, 1.0104], Current Cost = 5390.00, Rho = 1.000
(iter 395) [0.0, 0.5444, 0.5122] = 451.4325, sampling [0.0, -0.1040, 0.0664]. Recommendation = [0.0, 0.5444, 0.5122], Current Cost = 6390.00, Rho = 1.000
(iter 396) [0.0, -0.1040, 0.0664] = 454.7726, sampling [1.0, -1.1702, 0.1910]. Recommendation = [0.0, -0.1040, 0.0664], Current Cost = 7390.00, Rho = 1.000
(iter 396) [0.0, -0.1040, 0.0664] = 454.7726, sampling [0.0, -0.0340, 0.5673]. Recommendation = [0.0, -0.1040, 0.0664], Current Cost = 7391.00, Rho = 1.000
(iter 396) [0.0, -0.1040, 0.0664] = 454.7726, sampling [0.0, 0.6741, 0.9344]. Recommendation = [0.0, 0.1061, 0.1392], Current Cost = 8391.00, Rho = 1.000
(iter 396) [0.0, -0.1040, 0.0664] = 454.7726, sampling [0.0, 0.9627, 0.3787]. Recommendation = [0.0, 0.1061, 0.1392], Current Cost = 9391.00, Rho = 1.000
(iter 396) [0.0, -0.1040, 0.0664] = 454.7726, sampling [1.0, 1.6569, -0.0873]. Recommendation = [0.0, 0.1061, 0.1392], Current Cost = 10391.00, Rho = 1.000
(iter 396) [0.0, -0.1040, 0.0664] = 454.7726, sampling [0.0, -0.0602, -0.3357]. Recommendation = [0.0, 0.1061, 0.1392], Current Cost = 10392.00, Rho = 1.000
(iter 396) [0.0, -0.1040, 0.0664] = 454.7726, sampling [0.0, 0.5317, 0.1264]. Recommendation = [0.0, 0.1061, 0.1392], Current Cost = 11392.00, Rho = 1.000
(iter 396) [0.0, -0.1040, 0.0664] = 454.7726, sampling [0.0, -0.6669, 0.5103]. Recommendation = [0.0, 0.1061, 0.1392], Current Cost = 12392.00, Rho = 1.000
(iter 396) [0.0, -0.1040, 0.0664] = 454.7726, sampling [1.0, -1.5036, -0.2951]. Recommendation = [0.0, 0.1061, 0.1392], Current Cost = 13392.00, Rho = 1.000
(iter 396) [0.0, -0.1040, 0.0664] = 454.7726, sampling [1.0, -1.2973, -0.4553]. Recommendation = [0.0, 0.1061, 0.1392], Current Cost = 13393.00, Rho = 1.000
(iter 396) [0.0, -0.1040, 0.0664] = 454.7726, sampling [0.0, -0.4755, -0.0343]. Recommendation = [0.0, 0.1061, 0.1392], Current Cost = 13394.00, Rho = 1.000
(iter 396) [0.0, -0.1040, 0.0664] = 454.7726, sampling [0.0, 1.1689, 1.6405]. Recommendation = [0.0, -0.3138, -0.0083], Current Cost = 14394.00, Rho = 1.000
(iter 396) [0.0, -0.1040, 0.0664] = 454.7726, sampling [1.0, 1.8788, 1.1032]. Recommendation = [0.0, -0.3138, -0.0083], Current Cost = 15394.00, Rho = 1.000
(iter 396) [0.0, -0.1040, 0.0664] = 454.7726, sampling [1.0, 1.3974, -0.6244]. Recommendation = [0.0, -0.3138, -0.0083], Current Cost = 15395.00, Rho = 1.000
(iter 396) [0.0, -0.1040, 0.0664] = 454.7726, sampling [0.0, 1.0567, 1.3615]. Recommendation = [0.0, -0.3138, -0.0083], Current Cost = 15396.00, Rho = 1.000
(iter 396) [0.0, -0.1040, 0.0664] = 454.7726, sampling [0.0, 0.1276, 0.2291]. Recommendation = [0.0, -0.3138, -0.0083], Current Cost = 16396.00, Rho = 1.000
(iter 396) [0.0, -0.1040, 0.0664] = 454.7726, sampling [0.0, -0.2888, 0.3538]. Recommendation = [0.0, -0.3138, -0.0083], Current Cost = 17396.00, Rho = 1.000
(iter 396) [0.0, -0.1040, 0.0664] = 454.7726, sampling [0.0, -0.8679, 0.9388]. Recommendation = [0.0, -0.3138, -0.0083], Current Cost = 18396.00, Rho = 1.000
(iter 396) [0.0, -0.1040, 0.0664] = 454.7726, sampling [0.0, -0.4601, 0.9209]. Recommendation = [0.0, -0.3138, -0.0083], Current Cost = 19396.00, Rho = 1.000
(iter 396) [0.0, -0.1040, 0.0664] = 454.7726, sampling [1.0, 1.3333, -1.8610]. Recommendation = [0.0, -0.3138, -0.0083], Current Cost = 20396.00, Rho = 1.000
(iter 396) [0.0, -0.1040, 0.0664] = 454.7726, sampling [1.0, 1.6231, -0.9677]. Recommendation = [0.0, -0.3138, -0.0083], Current Cost = 20397.00, Rho = 1.000
(iter 396) [0.0, -0.1040, 0.0664] = 454.7726, sampling [0.0, 0.2479, 1.0035]. Recommendation = [0.0, -0.3138, -0.0083], Current Cost = 20398.00, Rho = 1.000
(iter 396) [0.0, -0.1040, 0.0664] = 454.7726, sampling [0.0, 0.2066, -0.5614]. Recommendation = [0.0, -0.3138, -0.0083], Current Cost = 21398.00, Rho = 1.000
(iter 396) [0.0, -0.1040, 0.0664] = 454.7726, sampling [0.0, 0.3426, -0.1458]. Recommendation = [0.0, -0.1040, 0.0664], Current Cost = 22398.00, Rho = 1.000
(iter 396) [0.0, -0.1040, 0.0664] = 454.7726, sampling [0.0, 0.9035, 0.6586]. Recommendation = [0.0, -0.1040, 0.0664], Current Cost = 23398.00, Rho = 1.000
(iter 396) [0.0, -0.1040, 0.0664] = 454.7726, sampling [0.0, -1.1520, 1.5087]. Recommendation = [0.0, -0.1040, 0.0664], Current Cost = 24398.00, Rho = 1.000
(iter 396) [0.0, -0.1040, 0.0664] = 454.7726, sampling [0.0, -1.4776, 1.9671]. Recommendation = [0.0, -0.1040, 0.0664], Current Cost = 25398.00, Rho = 1.000
(iter 396) [0.0, -0.1040, 0.0664] = 454.7726, sampling [0.0, -1.3225, 1.0744]. Recommendation = [0.0, -0.1040, 0.0664], Current Cost = 26398.00, Rho = 1.000
(iter 396) [0.0, -0.1040, 0.0664] = 454.7726, sampling [0.0, -0.8460, 1.3021]. Recommendation = [0.0, -0.1040, 0.0664], Current Cost = 27398.00, Rho = 1.000
(iter 396) [0.0, -0.1040, 0.0664] = 454.7726, sampling [0.0, -1.0619, 1.9818]. Recommendation = [0.0, -0.1040, 0.0664], Current Cost = 28398.00, Rho = 1.000
(iter 396) [0.0, -0.1040, 0.0664] = 454.7726, sampling [0.0, -0.9869, 0.6769]. Recommendation = [0.0, -0.1040, 0.0664], Current Cost = 29398.00, Rho = 1.000
(iter 396) [0.0, -0.1040, 0.0664] = 454.7726, sampling [1.0, -1.2924, -0.0035]. Recommendation = [0.0, -0.1040, 0.0664], Current Cost = 30398.00, Rho = 1.000
(iter 396) [0.0, -0.1040, 0.0664] = 454.7726, sampling [0.0, -1.4179, 1.5650]. Recommendation = [0.0, -0.1040, 0.0664], Current Cost = 30399.00, Rho = 1.000
(iter 396) [0.0, -0.1040, 0.0664] = 454.7726, sampling [0.0, 0.9484, 1.0610]. Recommendation = [0.0, -0.1040, 0.0664], Current Cost = 31399.00, Rho = 1.000
(iter 396) [0.0, -0.1040, 0.0664] = 454.7726, sampling [0.0, -0.6765, 0.1555]. Recommendation = [0.0, -0.1040, 0.0664], Current Cost = 32399.00, Rho = 1.000
(iter 396) [0.0, -0.1040, 0.0664] = 454.7726, sampling [0.0, -0.5538, -0.3844]. Recommendation = [0.0, -0.3732, 0.1690], Current Cost = 33399.00, Rho = 1.000
(iter 396) [0.0, -0.1040, 0.0664] = 454.7726, sampling [1.0, -1.0017, -0.9592]. Recommendation = [0.0, -0.3732, 0.1690], Current Cost = 34399.00, Rho = 1.000
(iter 396) [0.0, -0.1040, 0.0664] = 454.7726, sampling [0.0, 0.6879, 1.6124]. Recommendation = [0.0, -0.3732, 0.1690], Current Cost = 34400.00, Rho = 1.000
(iter 396) [0.0, -0.1040, 0.0664] = 454.7726, sampling [0.0, 1.6454, 1.7010]. Recommendation = [0.0, -0.3732, 0.1690], Current Cost = 35400.00, Rho = 1.000
(iter 396) [0.0, -0.1040, 0.0664] = 454.7726, sampling [1.0, -0.3466, -1.7331]. Recommendation = [0.0, -0.3732, 0.1690], Current Cost = 36400.00, Rho = 1.000
(iter 396) [0.0, -0.1040, 0.0664] = 454.7726, sampling [0.0, -0.1436, -0.7051]. Recommendation = [0.0, -0.3732, 0.1690], Current Cost = 36401.00, Rho = 1.000
(iter 396) [0.0, -0.1040, 0.0664] = 454.7726, sampling [0.0, 1.0919, 1.9992]. Recommendation = [0.0, -0.3732, 0.1690], Current Cost = 37401.00, Rho = 1.000
(iter 396) [0.0, -0.1040, 0.0664] = 454.7726, sampling [0.0, 0.2950, 0.3670]. Recommendation = [0.0, -0.3732, 0.1690], Current Cost = 38401.00, Rho = 1.000
(iter 396) [0.0, -0.1040, 0.0664] = 454.7726, sampling [0.0, 1.2208, 0.7588]. Recommendation = [0.0, -0.3732, 0.1690], Current Cost = 39401.00, Rho = 1.000
(iter 396) [0.0, -0.1040, 0.0664] = 454.7726, sampling [0.0, -1.0755, 0.3491]. Recommendation = [0.0, -0.3732, 0.1690], Current Cost = 40401.00, Rho = 1.000
(iter 396) [0.0, -0.1040, 0.0664] = 454.7726, sampling [0.0, -0.4280, 0.5397]. Recommendation = [0.0, -0.3732, 0.1690], Current Cost = 41401.00, Rho = 1.000
(iter 396) [0.0, -0.1040, 0.0664] = 454.7726, sampling [0.0, 0.9837, -0.0933]. Recommendation = [0.0, -0.3732, 0.1690], Current Cost = 42401.00, Rho = 1.000
(iter 396) [0.0, -0.1040, 0.0664] = 454.7726, sampling [1.0, 1.8153, -0.0203]. Recommendation = [0.0, -0.3732, 0.1690], Current Cost = 43401.00, Rho = 1.000
(iter 396) [0.0, -0.1040, 0.0664] = 454.7726, sampling [0.0, 0.3753, 0.6257]. Recommendation = [0.0, -0.3732, 0.1690], Current Cost = 43402.00, Rho = 1.000
(iter 396) [0.0, -0.1040, 0.0664] = 454.7726, sampling [1.0, -0.9635, -1.2507]. Recommendation = [0.0, -0.3732, 0.1690], Current Cost = 44402.00, Rho = 1.000
(iter 396) [0.0, -0.1040, 0.0664] = 454.7726, sampling [0.0, -0.3732, 0.1690]. Recommendation = [0.0, -0.3732, 0.1690], Current Cost = 44403.00, Rho = 1.000
(iter 396) [0.0, -0.1040, 0.0664] = 454.7726, sampling [0.0, -0.1497, -0.0984]. Recommendation = [0.0, -0.1040, 0.0664], Current Cost = 45403.00, Rho = 1.000
(iter 396) [0.0, -0.1040, 0.0664] = 454.7726, sampling [0.0, 0.6950, 0.4168]. Recommendation = [0.0, -0.1040, 0.0664], Current Cost = 46403.00, Rho = 1.000
(iter 449) [0.0, 0.6950, 0.4168] = 455.7680, sampling [0.0, 1.3796, 1.6495]. Recommendation = [0.0, 0.6950, 0.4168], Current Cost = 47403.00, Rho = 1.000
(iter 449) [0.0, 0.6950, 0.4168] = 455.7680, sampling [0.0, -1.1359, 1.7506]. Recommendation = [0.0, 0.6950, 0.4168], Current Cost = 48403.00, Rho = 1.000
(iter 449) [0.0, 0.6950, 0.4168] = 455.7680, sampling [0.0, 1.4372, 1.0849]. Recommendation = [0.0, 0.6950, 0.4168], Current Cost = 49403.00, Rho = 1.000
(iter 449) [0.0, 0.6950, 0.4168] = 455.7680, sampling [0.0, -1.2614, 1.3215]. Recommendation = [0.0, 0.6950, 0.4168], Current Cost = 50403.00, Rho = 1.000
(iter 449) [0.0, 0.6950, 0.4168] = 455.7680, sampling [0.0, 0.7313, 1.1763]. Recommendation = [0.0, 0.6950, 0.4168], Current Cost = 51403.00, Rho = 1.000
(iter 449) [0.0, 0.6950, 0.4168] = 455.7680, sampling [0.0, 0.4964, -0.7512]. Recommendation = [0.0, 0.6950, 0.4168], Current Cost = 52403.00, Rho = 1.000
(iter 449) [0.0, 0.6950, 0.4168] = 455.7680, sampling [1.0, 1.0819, -1.4647]. Recommendation = [0.0, 0.6950, 0.4168], Current Cost = 53403.00, Rho = 1.000
(iter 449) [0.0, 0.6950, 0.4168] = 455.7680, sampling [1.0, 0.6692, -1.8538]. Recommendation = [0.0, 0.6950, 0.4168], Current Cost = 53404.00, Rho = 1.000
(iter 449) [0.0, 0.6950, 0.4168] = 455.7680, sampling [0.0, -0.2316, -0.3460]. Recommendation = [0.0, 0.6950, 0.4168], Current Cost = 53405.00, Rho = 1.000
(iter 449) [0.0, 0.6950, 0.4168] = 455.7680, sampling [1.0, -1.6895, 0.9983]. Recommendation = [0.0, 0.6950, 0.4168], Current Cost = 54405.00, Rho = 1.000
(iter 449) [0.0, 0.6950, 0.4168] = 455.7680, sampling [0.0, 0.8914, 0.8718]. Recommendation = [0.0, 0.6950, 0.4168], Current Cost = 54406.00, Rho = 1.000
(iter 449) [0.0, 0.6950, 0.4168] = 455.7680, sampling [0.0, -0.5930, 0.6831]. Recommendation = [0.0, 0.6950, 0.4168], Current Cost = 55406.00, Rho = 1.000
(iter 449) [0.0, 0.6950, 0.4168] = 455.7680, sampling [1.0, 1.5587, 0.0862]. Recommendation = [0.0, 0.6950, 0.4168], Current Cost = 56406.00, Rho = 1.000
(iter 449) [0.0, 0.6950, 0.4168] = 455.7680, sampling [0.0, -0.8878, -0.0568]. Recommendation = [0.0, 0.6950, 0.4168], Current Cost = 56407.00, Rho = 1.000
(iter 449) [0.0, 0.6950, 0.4168] = 455.7680, sampling [0.0, -1.3390, 1.8781]. Recommendation = [0.0, 0.6950, 0.4168], Current Cost = 57407.00, Rho = 1.000
(iter 449) [0.0, 0.6950, 0.4168] = 455.7680, sampling [0.0, -1.1458, 0.7455]. Recommendation = [0.0, 0.6950, 0.4168], Current Cost = 58407.00, Rho = 1.000
(iter 449) [0.0, 0.6950, 0.4168] = 455.7680, sampling [1.0, -1.8995, 0.7240]. Recommendation = [0.0, 0.6950, 0.4168], Current Cost = 59407.00, Rho = 1.000
(iter 449) [0.0, 0.6950, 0.4168] = 455.7680, sampling [1.0, -1.7766, 0.2452]. Recommendation = [0.0, 0.6950, 0.4168], Current Cost = 59408.00, Rho = 1.000
(iter 449) [0.0, 0.6950, 0.4168] = 455.7680, sampling [1.0, 1.1427, -1.6678]. Recommendation = [0.0, 0.6950, 0.4168], Current Cost = 59409.00, Rho = 1.000
(iter 449) [0.0, 0.6950, 0.4168] = 455.7680, sampling [0.0, 0.7240, 0.7687]. Recommendation = [0.0, 0.6950, 0.4168], Current Cost = 59410.00, Rho = 1.000
(iter 449) [0.0, 0.6950, 0.4168] = 455.7680, sampling [0.0, -0.9073, 0.4638]. Recommendation = [0.0, 0.6950, 0.4168], Current Cost = 60410.00, Rho = 1.000
(iter 449) [0.0, 0.6950, 0.4168] = 455.7680, sampling [0.0, -0.7037, 1.0518]. Recommendation = [0.0, 0.6950, 0.4168], Current Cost = 61410.00, Rho = 1.000
(iter 449) [0.0, 0.6950, 0.4168] = 455.7680, sampling [0.0, -0.0939, 1.0406]. Recommendation = [0.0, 0.6950, 0.4168], Current Cost = 62410.00, Rho = 1.000
(iter 449) [0.0, 0.6950, 0.4168] = 455.7680, sampling [0.0, -0.8735, 1.6620]. Recommendation = [0.0, 0.6950, 0.4168], Current Cost = 63410.00, Rho = 1.000
(iter 449) [0.0, 0.6950, 0.4168] = 455.7680, sampling [0.0, 1.2139, 1.8368]. Recommendation = [0.0, 0.6950, 0.4168], Current Cost = 64410.00, Rho = 1.000
(iter 449) [0.0, 0.6950, 0.4168] = 455.7680, sampling [0.0, 0.1631, -1.0138]. Recommendation = [0.0, 0.6950, 0.4168], Current Cost = 65410.00, Rho = 1.000
(iter 449) [0.0, 0.6950, 0.4168] = 455.7680, sampling [1.0, 0.7659, -1.9489]. Recommendation = [0.0, 0.6950, 0.4168], Current Cost = 66410.00, Rho = 1.000
(iter 449) [0.0, 0.6950, 0.4168] = 455.7680, sampling [1.0, -0.7764, -1.3531]. Recommendation = [0.0, 0.6950, 0.4168], Current Cost = 66411.00, Rho = 1.000
(iter 449) [0.0, 0.6950, 0.4168] = 455.7680, sampling [0.0, -0.3204, -0.0657]. Recommendation = [0.0, 0.6950, 0.4168], Current Cost = 66412.00, Rho = 1.000
(iter 449) [0.0, 0.6950, 0.4168] = 455.7680, sampling [0.0, -0.4689, 0.2544]. Recommendation = [0.0, 0.6950, 0.4168], Current Cost = 67412.00, Rho = 1.000
(iter 449) [0.0, 0.6950, 0.4168] = 455.7680, sampling [0.0, 0.7836, 0.5722]. Recommendation = [0.0, 0.6950, 0.4168], Current Cost = 68412.00, Rho = 1.000
(iter 480) [0.0, 0.7836, 0.5722] = 456.0781, sampling [0.0, 0.1530, 0.5846]. Recommendation = [0.0, 0.7836, 0.5722], Current Cost = 69412.00, Rho = 1.000
(iter 480) [0.0, 0.7836, 0.5722] = 456.0781, sampling [0.0, -0.2702, 0.6060]. Recommendation = [0.0, 0.7836, 0.5722], Current Cost = 70412.00, Rho = 1.000
(iter 480) [0.0, 0.7836, 0.5722] = 456.0781, sampling [0.0, 0.5382, 0.6941]. Recommendation = [0.0, 0.7836, 0.5722], Current Cost = 71412.00, Rho = 1.000
(iter 480) [0.0, 0.7836, 0.5722] = 456.0781, sampling [0.0, 0.9316, 1.4602]. Recommendation = [0.0, 0.7836, 0.5722], Current Cost = 72412.00, Rho = 1.000
(iter 480) [0.0, 0.7836, 0.5722] = 456.0781, sampling [0.0, 1.0496, 0.8216]. Recommendation = [0.0, 0.7836, 0.5722], Current Cost = 73412.00, Rho = 1.000
(iter 480) [0.0, 0.7836, 0.5722] = 456.0781, sampling [0.0, -0.0726, 0.4315]. Recommendation = [0.0, 0.7836, 0.5722], Current Cost = 74412.00, Rho = 1.000
(iter 480) [0.0, 0.7836, 0.5722] = 456.0781, sampling [0.0, -0.8911, 0.8159]. Recommendation = [0.0, 0.7836, 0.5722], Current Cost = 75412.00, Rho = 1.000
(iter 480) [0.0, 0.7836, 0.5722] = 456.0781, sampling [0.0, -1.5878, 1.3930]. Recommendation = [0.0, 0.7836, 0.5722], Current Cost = 76412.00, Rho = 1.000
(iter 480) [0.0, 0.7836, 0.5722] = 456.0781, sampling [0.0, 0.7071, -0.4709]. Recommendation = [0.0, 0.7836, 0.5722], Current Cost = 77412.00, Rho = 1.000
(iter 480) [0.0, 0.7836, 0.5722] = 456.0781, sampling [0.0, 0.6975, -0.1111]. Recommendation = [0.0, 0.7836, 0.5722], Current Cost = 78412.00, Rho = 1.000
(iter 480) [0.0, 0.7836, 0.5722] = 456.0781, sampling [0.0, 0.9960, 1.7914]. Recommendation = [0.0, 0.7836, 0.5722], Current Cost = 79412.00, Rho = 1.000
(iter 480) [0.0, 0.7836, 0.5722] = 456.0781, sampling [0.0, 0.4570, 1.2553]. Recommendation = [0.0, 0.7836, 0.5722], Current Cost = 80412.00, Rho = 1.000
(iter 480) [0.0, 0.7836, 0.5722] = 456.0781, sampling [0.0, 0.2500, -0.4466]. Recommendation = [0.0, 0.7836, 0.5722], Current Cost = 81412.00, Rho = 1.000
(iter 480) [0.0, 0.7836, 0.5722] = 456.0781, sampling [0.0, -0.6450, 0.8730]. Recommendation = [0.0, 0.7836, 0.5722], Current Cost = 82412.00, Rho = 1.000
(iter 480) [0.0, 0.7836, 0.5722] = 456.0781, sampling [0.0, 0.1061, 0.1392]. Recommendation = [0.0, 0.7836, 0.5722], Current Cost = 83412.00, Rho = 1.000
(iter 480) [0.0, 0.7836, 0.5722] = 456.0781, sampling [0.0, 1.1142, 0.4400]. Recommendation = [0.0, 0.7836, 0.5722], Current Cost = 84412.00, Rho = 1.000
(iter 480) [0.0, 0.7836, 0.5722] = 456.0781, sampling [0.0, -1.8213, 1.9046]. Recommendation = [0.0, 0.7836, 0.5722], Current Cost = 85412.00, Rho = 1.000
(iter 480) [0.0, 0.7836, 0.5722] = 456.0781, sampling [0.0, 0.4445, 0.9086]. Recommendation = [0.0, 0.7836, 0.5722], Current Cost = 86412.00, Rho = 1.000
(iter 480) [0.0, 0.7836, 0.5722] = 456.0781, sampling [0.0, 1.0065, 0.2097]. Recommendation = [0.0, 0.7836, 0.5722], Current Cost = 87412.00, Rho = 1.000
(iter 480) [0.0, 0.7836, 0.5722] = 456.0781, sampling [0.0, -0.7312, -0.2389]. Recommendation = [0.0, 0.7836, 0.5722], Current Cost = 88412.00, Rho = 1.000
(iter 480) [0.0, 0.7836, 0.5722] = 456.0781, sampling [0.0, -0.5328, 1.2432]. Recommendation = [0.0, 0.7836, 0.5722], Current Cost = 89412.00, Rho = 1.000
(iter 480) [0.0, 0.7836, 0.5722] = 456.0781, sampling [0.0, 0.2164, -0.7595]. Recommendation = [0.0, 0.7836, 0.5722], Current Cost = 90412.00, Rho = 1.000
(iter 480) [0.0, 0.7836, 0.5722] = 456.0781, sampling [0.0, -0.8978, 0.6489]. Recommendation = [0.0, 0.7836, 0.5722], Current Cost = 91412.00, Rho = 1.000
(iter 480) [0.0, 0.7836, 0.5722] = 456.0781, sampling [0.0, -0.1617, -0.9960]. Recommendation = [0.0, 0.7836, 0.5722], Current Cost = 92412.00, Rho = 1.000
(iter 480) [0.0, 0.7836, 0.5722] = 456.0781, sampling [0.0, -1.0920, 1.4475]. Recommendation = [0.0, 0.7836, 0.5722], Current Cost = 93412.00, Rho = 1.000
(iter 480) [0.0, 0.7836, 0.5722] = 456.0781, sampling [0.0, 0.7961, 0.4358]. Recommendation = [0.0, 0.7836, 0.5722], Current Cost = 94412.00, Rho = 1.000
(iter 480) [0.0, 0.7836, 0.5722] = 456.0781, sampling [0.0, -1.0107, 0.8026]. Recommendation = [0.0, 0.7836, 0.5722], Current Cost = 95412.00, Rho = 1.000
(iter 480) [0.0, 0.7836, 0.5722] = 456.0781, sampling [0.0, 0.3990, 1.9459]. Recommendation = [0.0, 0.7836, 0.5722], Current Cost = 96412.00, Rho = 1.000
(iter 480) [0.0, 0.7836, 0.5722] = 456.0781, sampling [0.0, 0.4183, -0.1187]. Recommendation = [0.0, 0.7836, 0.5722], Current Cost = 97412.00, Rho = 1.000
(iter 480) [0.0, 0.7836, 0.5722] = 456.0781, sampling [0.0, -1.2437, 0.5327]. Recommendation = [0.0, 0.7836, 0.5722], Current Cost = 98412.00, Rho = 1.000
(iter 480) [0.0, 0.7836, 0.5722] = 456.0781, sampling [0.0, 0.8560, 1.0301]. Recommendation = [0.0, 0.7836, 0.5722], Current Cost = 99412.00, Rho = 1.000
