(iter 10) [0.0, 1.0514, 1.5963] = 432.2028, sampling [1.0, 0.6474, 1.4948]. Recommendation = [0.0, 1.0514, 1.5963], Current Cost = 5005.00, Rho = 1.000
(iter 10) [0.0, 1.0514, 1.5963] = 432.2028, sampling [1.0, -0.4947, 0.6137]. Recommendation = [0.0, 1.0514, 1.5963], Current Cost = 5006.00, Rho = 1.000
(iter 10) [0.0, 1.0514, 1.5963] = 432.2028, sampling [1.0, -0.4302, 1.0834]. Recommendation = [0.0, -0.4947, 0.6137], Current Cost = 5007.00, Rho = 1.000
(iter 10) [0.0, 1.0514, 1.5963] = 432.2028, sampling [1.0, -0.8723, 0.5414]. Recommendation = [0.0, -0.4947, 0.6137], Current Cost = 5008.00, Rho = 1.000
(iter 10) [0.0, 1.0514, 1.5963] = 432.2028, sampling [1.0, -0.6071, 0.3203]. Recommendation = [0.0, -0.8723, 0.5414], Current Cost = 5009.00, Rho = 1.000
(iter 10) [0.0, 1.0514, 1.5963] = 432.2028, sampling [1.0, -0.0485, 0.5516]. Recommendation = [0.0, -0.6648, 0.5722], Current Cost = 5010.00, Rho = 1.000
(iter 10) [0.0, 1.0514, 1.5963] = 432.2028, sampling [1.0, -0.1157, 0.8573]. Recommendation = [0.0, -0.6071, 0.3203], Current Cost = 5011.00, Rho = 1.000
(iter 10) [0.0, 1.0514, 1.5963] = 432.2028, sampling [1.0, -0.7428, 0.8189]. Recommendation = [0.0, -0.6071, 0.3203], Current Cost = 5012.00, Rho = 1.000
(iter 10) [0.0, 1.0514, 1.5963] = 432.2028, sampling [1.0, -0.0206, 1.8682]. Recommendation = [0.0, -0.6648, 0.5722], Current Cost = 5013.00, Rho = 1.000
(iter 10) [0.0, 1.0514, 1.5963] = 432.2028, sampling [1.0, -0.2278, 0.2977]. Recommendation = [0.0, -0.6648, 0.5722], Current Cost = 5014.00, Rho = 1.000
(iter 10) [0.0, 1.0514, 1.5963] = 432.2028, sampling [1.0, -1.1162, 1.0030]. Recommendation = [0.0, -0.6648, 0.5722], Current Cost = 5015.00, Rho = 1.000
(iter 10) [0.0, 1.0514, 1.5963] = 432.2028, sampling [1.0, -0.8144, 1.1191]. Recommendation = [0.0, -0.5159, 0.4548], Current Cost = 5016.00, Rho = 1.000
(iter 10) [0.0, 1.0514, 1.5963] = 432.2028, sampling [1.0, -1.0490, 0.3783]. Recommendation = [0.0, -0.5159, 0.4548], Current Cost = 5017.00, Rho = 1.000
(iter 10) [0.0, 1.0514, 1.5963] = 432.2028, sampling [1.0, -1.0832, 0.8290]. Recommendation = [0.0, -0.5159, 0.4548], Current Cost = 5018.00, Rho = 1.000
(iter 10) [0.0, 1.0514, 1.5963] = 432.2028, sampling [1.0, -0.7762, 0.3173]. Recommendation = [0.0, -0.5159, 0.4548], Current Cost = 5019.00, Rho = 1.000
(iter 10) [0.0, 1.0514, 1.5963] = 432.2028, sampling [1.0, -1.2935, 1.4424]. Recommendation = [0.0, -0.5159, 0.4548], Current Cost = 5020.00, Rho = 1.000
(iter 10) [0.0, 1.0514, 1.5963] = 432.2028, sampling [1.0, -1.0002, 1.6473]. Recommendation = [0.0, -0.5159, 0.4548], Current Cost = 5021.00, Rho = 1.000
(iter 10) [0.0, 1.0514, 1.5963] = 432.2028, sampling [1.0, -1.1283, 1.2738]. Recommendation = [0.0, -0.5159, 0.4548], Current Cost = 5022.00, Rho = 1.000
(iter 10) [0.0, 1.0514, 1.5963] = 432.2028, sampling [1.0, -1.4459, 0.8778]. Recommendation = [0.0, -0.5159, 0.4548], Current Cost = 5023.00, Rho = 1.000
(iter 10) [0.0, 1.0514, 1.5963] = 432.2028, sampling [1.0, -0.6121, 1.3607]. Recommendation = [0.0, -0.5159, 0.4548], Current Cost = 5024.00, Rho = 1.000
(iter 10) [0.0, 1.0514, 1.5963] = 432.2028, sampling [1.0, 0.7660, 1.0670]. Recommendation = [0.0, -0.5159, 0.4548], Current Cost = 5025.00, Rho = 1.000
(iter 10) [0.0, 1.0514, 1.5963] = 432.2028, sampling [1.0, 0.3024, 0.7033]. Recommendation = [0.0, -0.5159, 0.4548], Current Cost = 5026.00, Rho = 1.000
(iter 10) [0.0, 1.0514, 1.5963] = 432.2028, sampling [1.0, 0.8882, 1.3837]. Recommendation = [0.0, -0.5159, 0.4548], Current Cost = 5027.00, Rho = 1.000
(iter 10) [0.0, 1.0514, 1.5963] = 432.2028, sampling [1.0, -0.6648, 0.5722]. Recommendation = [0.0, -0.5159, 0.4548], Current Cost = 5028.00, Rho = 1.000
(iter 10) [0.0, 1.0514, 1.5963] = 432.2028, sampling [1.0, -1.4204, 1.9250]. Recommendation = [0.0, -0.5159, 0.4548], Current Cost = 5029.00, Rho = 1.000
(iter 10) [0.0, 1.0514, 1.5963] = 432.2028, sampling [1.0, -1.6842, 1.3883]. Recommendation = [0.0, -0.5159, 0.4548], Current Cost = 5030.00, Rho = 1.000
(iter 10) [0.0, 1.0514, 1.5963] = 432.2028, sampling [1.0, -1.1410, 1.8850]. Recommendation = [0.0, -0.5159, 0.4548], Current Cost = 5031.00, Rho = 1.000
(iter 10) [0.0, 1.0514, 1.5963] = 432.2028, sampling [1.0, -0.7460, 1.9299]. Recommendation = [0.0, -0.5159, 0.4548], Current Cost = 5032.00, Rho = 1.000
(iter 10) [0.0, 1.0514, 1.5963] = 432.2028, sampling [1.0, -1.2496, 1.5831]. Recommendation = [0.0, -0.5159, 0.4548], Current Cost = 5033.00, Rho = 1.000
(iter 10) [0.0, 1.0514, 1.5963] = 432.2028, sampling [1.0, 0.1756, 0.2868]. Recommendation = [0.0, -0.5159, 0.4548], Current Cost = 5034.00, Rho = 1.000
(iter 10) [0.0, 1.0514, 1.5963] = 432.2028, sampling [1.0, 0.6563, 0.6941]. Recommendation = [0.0, -0.6071, 0.3203], Current Cost = 5035.00, Rho = 1.000
(iter 10) [0.0, 1.0514, 1.5963] = 432.2028, sampling [1.0, 0.6213, 0.9506]. Recommendation = [0.0, -0.6071, 0.3203], Current Cost = 5036.00, Rho = 1.000
(iter 10) [0.0, 1.0514, 1.5963] = 432.2028, sampling [1.0, 0.3392, 0.4334]. Recommendation = [0.0, -0.6071, 0.3203], Current Cost = 5037.00, Rho = 1.000
(iter 10) [0.0, 1.0514, 1.5963] = 432.2028, sampling [1.0, -0.1848, -0.0346]. Recommendation = [0.0, -0.6071, 0.3203], Current Cost = 5038.00, Rho = 1.000
(iter 10) [0.0, 1.0514, 1.5963] = 432.2028, sampling [1.0, -0.0461, 0.1613]. Recommendation = [0.0, -0.1848, -0.0346], Current Cost = 5039.00, Rho = 1.000
(iter 10) [0.0, 1.0514, 1.5963] = 432.2028, sampling [1.0, -0.4818, -0.0807]. Recommendation = [0.0, -0.1848, -0.0346], Current Cost = 5040.00, Rho = 1.000
(iter 10) [0.0, 1.0514, 1.5963] = 432.2028, sampling [1.0, 1.1140, 1.1289]. Recommendation = [0.0, -0.1848, -0.0346], Current Cost = 5041.00, Rho = 1.000
(iter 10) [0.0, 1.0514, 1.5963] = 432.2028, sampling [1.0, 1.2336, 1.3362]. Recommendation = [0.0, 1.1140, 1.1289], Current Cost = 5042.00, Rho = 1.000
(iter 10) [0.0, 1.0514, 1.5963] = 432.2028, sampling [1.0, 0.9831, 0.7288]. Recommendation = [0.0, 1.1140, 1.1289], Current Cost = 5043.00, Rho = 1.000
(iter 10) [0.0, 1.0514, 1.5963] = 432.2028, sampling [1.0, 1.0681, 0.9032]. Recommendation = [0.0, 1.1140, 1.1289], Current Cost = 5044.00, Rho = 1.000
(iter 10) [0.0, 1.0514, 1.5963] = 432.2028, sampling [1.0, 0.5178, 0.2793]. Recommendation = [0.0, 1.1140, 1.1289], Current Cost = 5045.00, Rho = 1.000
(iter 10) [0.0, 1.0514, 1.5963] = 432.2028, sampling [1.0, 0.5284, 0.5320]. Recommendation = [0.0, 0.5178, 0.2793], Current Cost = 5046.00, Rho = 1.000
(iter 10) [0.0, 1.0514, 1.5963] = 432.2028, sampling [1.0, 0.8166, 0.4764]. Recommendation = [0.0, 0.5178, 0.2793], Current Cost = 5047.00, Rho = 1.000
(iter 10) [0.0, 1.0514, 1.5963] = 432.2028, sampling [1.0, 0.1824, 0.0967]. Recommendation = [0.0, 0.5028, 0.3725], Current Cost = 5048.00, Rho = 1.000
(iter 10) [0.0, 1.0514, 1.5963] = 432.2028, sampling [1.0, 1.3954, 1.7367]. Recommendation = [0.0, 0.5028, 0.3725], Current Cost = 5049.00, Rho = 1.000
(iter 10) [0.0, 1.0514, 1.5963] = 432.2028, sampling [1.0, 1.5597, 1.4308]. Recommendation = [0.0, 0.5028, 0.3725], Current Cost = 5050.00, Rho = 1.000
(iter 10) [0.0, 1.0514, 1.5963] = 432.2028, sampling [1.0, 1.0822, 1.9709]. Recommendation = [0.0, 0.5028, 0.3725], Current Cost = 5051.00, Rho = 1.000
(iter 10) [0.0, 1.0514, 1.5963] = 432.2028, sampling [1.0, 1.1967, 1.6161]. Recommendation = [0.0, 0.5028, 0.3725], Current Cost = 5052.00, Rho = 1.000
(iter 10) [0.0, 1.0514, 1.5963] = 432.2028, sampling [1.0, 1.3104, 0.9274]. Recommendation = [0.0, 0.5028, 0.3725], Current Cost = 5053.00, Rho = 1.000
(iter 10) [0.0, 1.0514, 1.5963] = 432.2028, sampling [1.0, -0.9457, 0.9881]. Recommendation = [0.0, 0.5028, 0.3725], Current Cost = 5054.00, Rho = 1.000
(iter 10) [0.0, 1.0514, 1.5963] = 432.2028, sampling [1.0, 0.8096, 1.8199]. Recommendation = [0.0, 0.5028, 0.3725], Current Cost = 5055.00, Rho = 1.000
(iter 10) [0.0, 1.0514, 1.5963] = 432.2028, sampling [1.0, 0.1493, 0.4609]. Recommendation = [0.0, 0.5028, 0.3725], Current Cost = 5056.00, Rho = 1.000
(iter 10) [0.0, 1.0514, 1.5963] = 432.2028, sampling [1.0, 0.9067, 1.1937]. Recommendation = [0.0, 0.5028, 0.3725], Current Cost = 5057.00, Rho = 1.000
(iter 10) [0.0, 1.0514, 1.5963] = 432.2028, sampling [1.0, -0.9755, 1.2051]. Recommendation = [0.0, 0.5028, 0.3725], Current Cost = 5058.00, Rho = 1.000
(iter 10) [0.0, 1.0514, 1.5963] = 432.2028, sampling [1.0, -0.5159, 0.4548]. Recommendation = [0.0, 0.5028, 0.3725], Current Cost = 5059.00, Rho = 1.000
(iter 10) [0.0, 1.0514, 1.5963] = 432.2028, sampling [1.0, 0.7429, 0.7859]. Recommendation = [0.0, 0.5028, 0.3725], Current Cost = 5060.00, Rho = 1.000
(iter 10) [0.0, 1.0514, 1.5963] = 432.2028, sampling [1.0, -0.5767, 0.9168]. Recommendation = [0.0, 0.5028, 0.3725], Current Cost = 5061.00, Rho = 1.000
(iter 10) [0.0, 1.0514, 1.5963] = 432.2028, sampling [1.0, 1.5925, 1.8632]. Recommendation = [0.0, 0.5028, 0.3725], Current Cost = 5062.00, Rho = 1.000
(iter 10) [0.0, 1.0514, 1.5963] = 432.2028, sampling [1.0, 0.0580, -0.2087]. Recommendation = [0.0, 0.5028, 0.3725], Current Cost = 5063.00, Rho = 1.000
(iter 10) [0.0, 1.0514, 1.5963] = 432.2028, sampling [1.0, 0.3821, 0.0014]. Recommendation = [0.0, -0.0268, 0.0852], Current Cost = 5064.00, Rho = 1.000
(iter 10) [0.0, 1.0514, 1.5963] = 432.2028, sampling [1.0, -0.2356, -0.3231]. Recommendation = [0.0, 0.3217, 0.1319], Current Cost = 5065.00, Rho = 1.000
(iter 10) [0.0, 1.0514, 1.5963] = 432.2028, sampling [1.0, 0.3217, 0.1319]. Recommendation = [0.0, 0.3217, 0.1319], Current Cost = 5066.00, Rho = 1.000
(iter 10) [0.0, 1.0514, 1.5963] = 432.2028, sampling [1.0, -0.2626, -0.1253]. Recommendation = [0.0, -0.0268, 0.0852], Current Cost = 5067.00, Rho = 1.000
(iter 10) [0.0, 1.0514, 1.5963] = 432.2028, sampling [1.0, 1.2983, 1.4739]. Recommendation = [0.0, -0.0268, 0.0852], Current Cost = 5068.00, Rho = 1.000
(iter 10) [0.0, 1.0514, 1.5963] = 432.2028, sampling [1.0, -1.9498, 1.9652]. Recommendation = [0.0, -0.0268, 0.0852], Current Cost = 5069.00, Rho = 1.000
(iter 10) [0.0, 1.0514, 1.5963] = 432.2028, sampling [1.0, 0.7915, 0.2416]. Recommendation = [0.0, -0.0268, 0.0852], Current Cost = 5070.00, Rho = 1.000
(iter 10) [0.0, 1.0514, 1.5963] = 432.2028, sampling [1.0, 0.5894, 0.1213]. Recommendation = [0.0, -0.0268, 0.0852], Current Cost = 5071.00, Rho = 1.000
(iter 10) [0.0, 1.0514, 1.5963] = 432.2028, sampling [1.0, -0.1235, 0.4005]. Recommendation = [0.0, -0.0268, 0.0852], Current Cost = 5072.00, Rho = 1.000
(iter 10) [0.0, 1.0514, 1.5963] = 432.2028, sampling [1.0, 1.0303, 0.4684]. Recommendation = [0.0, -0.0268, 0.0852], Current Cost = 5073.00, Rho = 1.000
(iter 10) [0.0, 1.0514, 1.5963] = 432.2028, sampling [1.0, -0.0753, 1.3469]. Recommendation = [0.0, -0.0268, 0.0852], Current Cost = 5074.00, Rho = 1.000
(iter 10) [0.0, 1.0514, 1.5963] = 432.2028, sampling [1.0, 0.4190, -0.2391]. Recommendation = [0.0, -0.0268, 0.0852], Current Cost = 5075.00, Rho = 1.000
(iter 10) [0.0, 1.0514, 1.5963] = 432.2028, sampling [1.0, 0.0117, -0.5195]. Recommendation = [0.0, -0.0268, 0.0852], Current Cost = 5076.00, Rho = 1.000
(iter 10) [0.0, 1.0514, 1.5963] = 432.2028, sampling [1.0, 0.2603, -0.4987]. Recommendation = [0.0, -0.0400, -0.1848], Current Cost = 5077.00, Rho = 1.000
(iter 10) [0.0, 1.0514, 1.5963] = 432.2028, sampling [1.0, -0.5419, -0.3363]. Recommendation = [0.0, -0.0400, -0.1848], Current Cost = 5078.00, Rho = 1.000
(iter 10) [0.0, 1.0514, 1.5963] = 432.2028, sampling [1.0, 1.3405, 1.8382]. Recommendation = [0.0, 0.3486, -0.0997], Current Cost = 5079.00, Rho = 1.000
(iter 10) [0.0, 1.0514, 1.5963] = 432.2028, sampling [1.0, -1.4067, 1.2144]. Recommendation = [0.0, 0.3486, -0.0997], Current Cost = 5080.00, Rho = 1.000
(iter 10) [0.0, 1.0514, 1.5963] = 432.2028, sampling [1.0, 1.9824, 1.6502]. Recommendation = [0.0, 0.3486, -0.0997], Current Cost = 5081.00, Rho = 1.000
(iter 10) [0.0, 1.0514, 1.5963] = 432.2028, sampling [1.0, 0.3486, -0.0997]. Recommendation = [0.0, 1.2911, 1.7801], Current Cost = 5082.00, Rho = 1.000
(iter 10) [0.0, 1.0514, 1.5963] = 432.2028, sampling [1.0, -0.0400, -0.1848]. Recommendation = [0.0, 1.2911, 1.7801], Current Cost = 5083.00, Rho = 1.000
(iter 10) [0.0, 1.0514, 1.5963] = 432.2028, sampling [1.0, 0.1379, 0.7212]. Recommendation = [0.0, 1.2911, 1.7801], Current Cost = 5084.00, Rho = 1.000
(iter 10) [0.0, 1.0514, 1.5963] = 432.2028, sampling [1.0, 0.6996, 1.2472]. Recommendation = [0.0, 1.2911, 1.7801], Current Cost = 5085.00, Rho = 1.000
(iter 10) [0.0, 1.0514, 1.5963] = 432.2028, sampling [1.0, 1.1536, 1.7196]. Recommendation = [0.0, 1.2911, 1.7801], Current Cost = 5086.00, Rho = 1.000
(iter 10) [0.0, 1.0514, 1.5963] = 432.2028, sampling [1.0, 1.3895, 1.3038]. Recommendation = [0.0, 1.2911, 1.7801], Current Cost = 5087.00, Rho = 1.000
(iter 10) [0.0, 1.0514, 1.5963] = 432.2028, sampling [1.0, -0.3981, -0.1800]. Recommendation = [0.0, 1.2911, 1.7801], Current Cost = 5088.00, Rho = 1.000
(iter 10) [0.0, 1.0514, 1.5963] = 432.2028, sampling [1.0, -1.3652, 0.5072]. Recommendation = [0.0, 1.2911, 1.7801], Current Cost = 5089.00, Rho = 1.000
(iter 10) [0.0, 1.0514, 1.5963] = 432.2028, sampling [1.0, -0.7627, 0.6341]. Recommendation = [0.0, 1.2911, 1.7801], Current Cost = 5090.00, Rho = 1.000
(iter 10) [0.0, 1.0514, 1.5963] = 432.2028, sampling [1.0, 1.1264, 0.7513]. Recommendation = [0.0, 1.2911, 1.7801], Current Cost = 5091.00, Rho = 1.000
(iter 10) [0.0, 1.0514, 1.5963] = 432.2028, sampling [1.0, 0.3052, 0.2535]. Recommendation = [0.0, 1.2911, 1.7801], Current Cost = 5092.00, Rho = 1.000
(iter 10) [0.0, 1.0514, 1.5963] = 432.2028, sampling [1.0, 0.3921, 1.1260]. Recommendation = [0.0, 1.2911, 1.7801], Current Cost = 5093.00, Rho = 1.000
(iter 10) [0.0, 1.0514, 1.5963] = 432.2028, sampling [1.0, -0.8345, 0.8381]. Recommendation = [0.0, 1.2911, 1.7801], Current Cost = 5094.00, Rho = 1.000
(iter 10) [0.0, 1.0514, 1.5963] = 432.2028, sampling [1.0, 1.3697, 1.6365]. Recommendation = [0.0, 1.2911, 1.7801], Current Cost = 5095.00, Rho = 1.000
(iter 10) [0.0, 1.0514, 1.5963] = 432.2028, sampling [1.0, 0.5656, 0.7144]. Recommendation = [0.0, 1.2911, 1.7801], Current Cost = 5096.00, Rho = 1.000
(iter 10) [0.0, 1.0514, 1.5963] = 432.2028, sampling [1.0, 0.5028, 0.3725]. Recommendation = [0.0, 1.2911, 1.7801], Current Cost = 5097.00, Rho = 1.000
(iter 10) [0.0, 1.0514, 1.5963] = 432.2028, sampling [1.0, -1.0403, 0.5189]. Recommendation = [0.0, 1.2911, 1.7801], Current Cost = 5098.00, Rho = 1.000
(iter 10) [0.0, 1.0514, 1.5963] = 432.2028, sampling [1.0, -0.3388, -0.6706]. Recommendation = [0.0, 1.2911, 1.7801], Current Cost = 5099.00, Rho = 1.000
(iter 10) [0.0, 1.0514, 1.5963] = 432.2028, sampling [1.0, -0.4014, -0.3668]. Recommendation = [0.0, 1.2911, 1.7801], Current Cost = 5100.00, Rho = 1.000
(iter 10) [0.0, 1.0514, 1.5963] = 432.2028, sampling [1.0, -0.0947, -0.7179]. Recommendation = [0.0, 1.2911, 1.7801], Current Cost = 5101.00, Rho = 1.000
(iter 10) [0.0, 1.0514, 1.5963] = 432.2028, sampling [1.0, 0.2793, 0.8817]. Recommendation = [0.0, 1.2911, 1.7801], Current Cost = 5102.00, Rho = 1.000
(iter 10) [0.0, 1.0514, 1.5963] = 432.2028, sampling [1.0, -0.0268, 0.0852]. Recommendation = [0.0, 1.2911, 1.7801], Current Cost = 5103.00, Rho = 1.000
(iter 10) [0.0, 1.0514, 1.5963] = 432.2028, sampling [1.0, 1.4837, 1.8982]. Recommendation = [0.0, 1.2911, 1.7801], Current Cost = 5104.00, Rho = 1.000
(iter 10) [0.0, 1.0514, 1.5963] = 432.2028, sampling [1.0, -1.5973, 1.8742]. Recommendation = [0.0, 0.5178, 0.2793], Current Cost = 5105.00, Rho = 1.000
(iter 10) [0.0, 1.0514, 1.5963] = 432.2028, sampling [1.0, 0.8685, 0.0367]. Recommendation = [0.0, 0.5178, 0.2793], Current Cost = 5106.00, Rho = 1.000
(iter 10) [0.0, 1.0514, 1.5963] = 432.2028, sampling [1.0, 0.4958, -0.1566]. Recommendation = [0.0, 0.5178, 0.2793], Current Cost = 5107.00, Rho = 1.000
(iter 10) [0.0, 1.0514, 1.5963] = 432.2028, sampling [1.0, -0.8050, 1.6835]. Recommendation = [0.0, 0.5178, 0.2793], Current Cost = 5108.00, Rho = 1.000
(iter 10) [0.0, 1.0514, 1.5963] = 432.2028, sampling [1.0, -1.1027, 1.7659]. Recommendation = [0.0, 0.5178, 0.2793], Current Cost = 5109.00, Rho = 1.000
(iter 10) [0.0, 1.0514, 1.5963] = 432.2028, sampling [1.0, 0.6338, -0.4254]. Recommendation = [0.0, 0.5178, 0.2793], Current Cost = 5110.00, Rho = 1.000
(iter 10) [0.0, 1.0514, 1.5963] = 432.2028, sampling [1.0, 0.2716, -0.8439]. Recommendation = [0.0, 0.5178, 0.2793], Current Cost = 5111.00, Rho = 1.000
(iter 10) [0.0, 1.0514, 1.5963] = 432.2028, sampling [1.0, 0.1093, -0.6328]. Recommendation = [0.0, 0.5178, 0.2793], Current Cost = 5112.00, Rho = 1.000
(iter 10) [0.0, 1.0514, 1.5963] = 432.2028, sampling [1.0, 0.4771, -0.5798]. Recommendation = [0.0, 0.5178, 0.2793], Current Cost = 5113.00, Rho = 1.000
(iter 10) [0.0, 1.0514, 1.5963] = 432.2028, sampling [1.0, 0.4408, 0.5803]. Recommendation = [0.0, 0.5178, 0.2793], Current Cost = 5114.00, Rho = 1.000
(iter 10) [0.0, 1.0514, 1.5963] = 432.2028, sampling [1.0, -0.6599, 1.1915]. Recommendation = [0.0, 0.5178, 0.2793], Current Cost = 5115.00, Rho = 1.000
(iter 10) [0.0, 1.0514, 1.5963] = 432.2028, sampling [1.0, 1.4657, 1.5619]. Recommendation = [0.0, 0.5178, 0.2793], Current Cost = 5116.00, Rho = 1.000
(iter 10) [0.0, 1.0514, 1.5963] = 432.2028, sampling [1.0, 0.3737, 1.5548]. Recommendation = [0.0, 0.5178, 0.2793], Current Cost = 5117.00, Rho = 1.000
(iter 10) [0.0, 1.0514, 1.5963] = 432.2028, sampling [1.0, 1.0060, 1.7709]. Recommendation = [0.0, 0.5178, 0.2793], Current Cost = 5118.00, Rho = 1.000
(iter 10) [0.0, 1.0514, 1.5963] = 432.2028, sampling [1.0, 1.3165, 0.7055]. Recommendation = [0.0, 0.5178, 0.2793], Current Cost = 5119.00, Rho = 1.000
(iter 10) [0.0, 1.0514, 1.5963] = 432.2028, sampling [1.0, 1.6017, 1.0407]. Recommendation = [0.0, 0.5178, 0.2793], Current Cost = 5120.00, Rho = 1.000
(iter 10) [0.0, 1.0514, 1.5963] = 432.2028, sampling [1.0, -1.4944, 1.4388]. Recommendation = [0.0, 0.5178, 0.2793], Current Cost = 5121.00, Rho = 1.000
(iter 10) [0.0, 1.0514, 1.5963] = 432.2028, sampling [1.0, 0.5957, 0.5877]. Recommendation = [0.0, 0.5178, 0.2793], Current Cost = 5122.00, Rho = 1.000
(iter 10) [0.0, 1.0514, 1.5963] = 432.2028, sampling [1.0, -1.1911, 0.1415]. Recommendation = [0.0, 0.5178, 0.2793], Current Cost = 5123.00, Rho = 1.000
(iter 10) [0.0, 1.0514, 1.5963] = 432.2028, sampling [1.0, 1.0729, 0.1696]. Recommendation = [0.0, 0.5178, 0.2793], Current Cost = 5124.00, Rho = 1.000
(iter 10) [0.0, 1.0514, 1.5963] = 432.2028, sampling [1.0, -0.0092, -0.8692]. Recommendation = [0.0, 0.5178, 0.2793], Current Cost = 5125.00, Rho = 1.000
(iter 10) [0.0, 1.0514, 1.5963] = 432.2028, sampling [1.0, 1.2911, 1.7801]. Recommendation = [0.0, 0.5178, 0.2793], Current Cost = 5126.00, Rho = 1.000
(iter 10) [0.0, 1.0514, 1.5963] = 432.2028, sampling [1.0, 0.8636, 0.4230]. Recommendation = [0.0, 0.5178, 0.2793], Current Cost = 5127.00, Rho = 1.000
(iter 10) [0.0, 1.0514, 1.5963] = 432.2028, sampling [1.0, -0.5538, -0.5249]. Recommendation = [0.0, 0.5178, 0.2793], Current Cost = 5128.00, Rho = 1.000
(iter 10) [0.0, 1.0514, 1.5963] = 432.2028, sampling [1.0, -0.3508, 1.5113]. Recommendation = [0.0, 0.5178, 0.2793], Current Cost = 5129.00, Rho = 1.000
(iter 10) [0.0, 1.0514, 1.5963] = 432.2028, sampling [1.0, 0.0816, 0.5997]. Recommendation = [0.0, 0.5178, 0.2793], Current Cost = 5130.00, Rho = 1.000
(iter 10) [0.0, 1.0514, 1.5963] = 432.2028, sampling [1.0, -1.0239, 0.9395]. Recommendation = [0.0, 0.5178, 0.2793], Current Cost = 5131.00, Rho = 1.000
(iter 10) [0.0, 1.0514, 1.5963] = 432.2028, sampling [1.0, 0.8800, -0.1671]. Recommendation = [0.0, 0.5178, 0.2793], Current Cost = 5132.00, Rho = 1.000
(iter 10) [0.0, 1.0514, 1.5963] = 432.2028, sampling [1.0, -0.4595, 0.4925]. Recommendation = [0.0, 0.5178, 0.2793], Current Cost = 5133.00, Rho = 1.000
(iter 10) [0.0, 1.0514, 1.5963] = 432.2028, sampling [1.0, -0.2446, -0.3915]. Recommendation = [0.0, 0.5178, 0.2793], Current Cost = 5134.00, Rho = 1.000
(iter 10) [0.0, 1.0514, 1.5963] = 432.2028, sampling [1.0, 0.4708, 1.9517]. Recommendation = [0.0, 0.5178, 0.2793], Current Cost = 5135.00, Rho = 1.000
(iter 10) [0.0, 1.0514, 1.5963] = 432.2028, sampling [1.0, -0.8682, 1.0347]. Recommendation = [0.0, 0.5178, 0.2793], Current Cost = 5136.00, Rho = 1.000
(iter 10) [0.0, 1.0514, 1.5963] = 432.2028, sampling [1.0, 0.4517, -0.0762]. Recommendation = [0.0, 0.5178, 0.2793], Current Cost = 5137.00, Rho = 1.000
(iter 10) [0.0, 1.0514, 1.5963] = 432.2028, sampling [1.0, 0.8060, 1.5186]. Recommendation = [0.0, 0.5178, 0.2793], Current Cost = 5138.00, Rho = 1.000
(iter 10) [0.0, 1.0514, 1.5963] = 432.2028, sampling [1.0, 0.2342, 0.3492]. Recommendation = [0.0, 0.5178, 0.2793], Current Cost = 5139.00, Rho = 1.000
(iter 10) [0.0, 1.0514, 1.5963] = 432.2028, sampling [1.0, -1.9550, 0.9959]. Recommendation = [0.0, 0.5178, 0.2793], Current Cost = 5140.00, Rho = 1.000
(iter 10) [0.0, 1.0514, 1.5963] = 432.2028, sampling [1.0, 0.0345, 1.0582]. Recommendation = [0.0, 0.5178, 0.2793], Current Cost = 5141.00, Rho = 1.000
(iter 10) [0.0, 1.0514, 1.5963] = 432.2028, sampling [1.0, 1.5795, 1.7485]. Recommendation = [0.0, 0.5178, 0.2793], Current Cost = 5142.00, Rho = 1.000
(iter 10) [0.0, 1.0514, 1.5963] = 432.2028, sampling [1.0, 0.0417, -1.1361]. Recommendation = [0.0, 0.5178, 0.2793], Current Cost = 5143.00, Rho = 1.000
(iter 10) [0.0, 1.0514, 1.5963] = 432.2028, sampling [1.0, -0.3134, -1.1320]. Recommendation = [0.0, 0.5178, 0.2793], Current Cost = 5144.00, Rho = 1.000
(iter 10) [0.0, 1.0514, 1.5963] = 432.2028, sampling [1.0, -0.4142, -0.8101]. Recommendation = [0.0, 0.5178, 0.2793], Current Cost = 5145.00, Rho = 1.000
(iter 10) [0.0, 1.0514, 1.5963] = 432.2028, sampling [1.0, -0.8858, -0.4450]. Recommendation = [0.0, 0.5178, 0.2793], Current Cost = 5146.00, Rho = 1.000
(iter 10) [0.0, 1.0514, 1.5963] = 432.2028, sampling [1.0, -0.5487, -0.2598]. Recommendation = [0.0, 0.5178, 0.2793], Current Cost = 5147.00, Rho = 1.000
(iter 10) [0.0, 1.0514, 1.5963] = 432.2028, sampling [1.0, 0.5443, 0.0942]. Recommendation = [0.0, 0.5178, 0.2793], Current Cost = 5148.00, Rho = 1.000
(iter 10) [0.0, 1.0514, 1.5963] = 432.2028, sampling [1.0, 0.5097, -0.8195]. Recommendation = [0.0, 0.5178, 0.2793], Current Cost = 5149.00, Rho = 1.000
(iter 10) [0.0, 1.0514, 1.5963] = 432.2028, sampling [1.0, 0.3916, -1.1059]. Recommendation = [0.0, 0.5178, 0.2793], Current Cost = 5150.00, Rho = 1.000
(iter 10) [0.0, 1.0514, 1.5963] = 432.2028, sampling [1.0, -0.9291, 1.1531]. Recommendation = [0.0, 0.5178, 0.2793], Current Cost = 5151.00, Rho = 1.000
(iter 10) [0.0, 1.0514, 1.5963] = 432.2028, sampling [1.0, 0.6851, 1.1080]. Recommendation = [0.0, 0.5178, 0.2793], Current Cost = 5152.00, Rho = 1.000
(iter 10) [0.0, 1.0514, 1.5963] = 432.2028, sampling [1.0, -0.6923, -0.4497]. Recommendation = [0.0, 0.5178, 0.2793], Current Cost = 5153.00, Rho = 1.000
(iter 10) [0.0, 1.0514, 1.5963] = 432.2028, sampling [1.0, -0.9988, 1.0232]. Recommendation = [0.0, 0.5178, 0.2793], Current Cost = 5154.00, Rho = 1.000
(iter 10) [0.0, 1.0514, 1.5963] = 432.2028, sampling [1.0, 0.9618, 1.6102]. Recommendation = [0.0, 0.5178, 0.2793], Current Cost = 5155.00, Rho = 1.000
(iter 10) [0.0, 1.0514, 1.5963] = 432.2028, sampling [1.0, -0.0642, 0.4456]. Recommendation = [0.0, 0.5178, 0.2793], Current Cost = 5156.00, Rho = 1.000
(iter 10) [0.0, 1.0514, 1.5963] = 432.2028, sampling [1.0, 0.0226, -1.5478]. Recommendation = [0.0, 0.5178, 0.2793], Current Cost = 5157.00, Rho = 1.000
(iter 10) [0.0, 1.0514, 1.5963] = 432.2028, sampling [1.0, -0.9157, 1.9801]. Recommendation = [0.0, 0.5178, 0.2793], Current Cost = 5158.00, Rho = 1.000
(iter 10) [0.0, 1.0514, 1.5963] = 432.2028, sampling [1.0, 0.8372, 1.2311]. Recommendation = [0.0, 0.5178, 0.2793], Current Cost = 5159.00, Rho = 1.000
(iter 10) [0.0, 1.0514, 1.5963] = 432.2028, sampling [1.0, -0.3579, 1.2858]. Recommendation = [0.0, 0.5178, 0.2793], Current Cost = 5160.00, Rho = 1.000
(iter 10) [0.0, 1.0514, 1.5963] = 432.2028, sampling [1.0, 1.2192, 0.8077]. Recommendation = [0.0, 0.5178, 0.2793], Current Cost = 5161.00, Rho = 1.000
(iter 10) [0.0, 1.0514, 1.5963] = 432.2028, sampling [1.0, 0.1305, -0.5509]. Recommendation = [0.0, 0.5178, 0.2793], Current Cost = 5162.00, Rho = 1.000
(iter 10) [0.0, 1.0514, 1.5963] = 432.2028, sampling [1.0, -1.6283, 1.9891]. Recommendation = [0.0, 0.5178, 0.2793], Current Cost = 5163.00, Rho = 1.000
(iter 10) [0.0, 1.0514, 1.5963] = 432.2028, sampling [1.0, 0.9683, 0.1544]. Recommendation = [0.0, 0.5178, 0.2793], Current Cost = 5164.00, Rho = 1.000
(iter 10) [0.0, 1.0514, 1.5963] = 432.2028, sampling [1.0, -1.0640, 0.2603]. Recommendation = [0.0, 0.5178, 0.2793], Current Cost = 5165.00, Rho = 1.000
(iter 10) [0.0, 1.0514, 1.5963] = 432.2028, sampling [1.0, -1.1614, 0.9764]. Recommendation = [0.0, 0.5178, 0.2793], Current Cost = 5166.00, Rho = 1.000
(iter 10) [0.0, 1.0514, 1.5963] = 432.2028, sampling [1.0, -1.3483, 1.4564]. Recommendation = [0.0, 0.5178, 0.2793], Current Cost = 5167.00, Rho = 1.000
(iter 10) [0.0, 1.0514, 1.5963] = 432.2028, sampling [1.0, -1.0101, 1.8144]. Recommendation = [0.0, 0.5178, 0.2793], Current Cost = 5168.00, Rho = 1.000
(iter 10) [0.0, 1.0514, 1.5963] = 432.2028, sampling [1.0, 1.2566, 1.4679]. Recommendation = [0.0, 0.5178, 0.2793], Current Cost = 5169.00, Rho = 1.000
(iter 10) [0.0, 1.0514, 1.5963] = 432.2028, sampling [1.0, 0.1911, -1.0667]. Recommendation = [0.0, 0.5178, 0.2793], Current Cost = 5170.00, Rho = 1.000
(iter 10) [0.0, 1.0514, 1.5963] = 432.2028, sampling [1.0, -0.5228, 1.7098]. Recommendation = [0.0, 0.5178, 0.2793], Current Cost = 5171.00, Rho = 1.000
(iter 10) [0.0, 1.0514, 1.5963] = 432.2028, sampling [1.0, 0.3667, -0.1508]. Recommendation = [0.0, 0.5178, 0.2793], Current Cost = 5172.00, Rho = 1.000
(iter 10) [0.0, 1.0514, 1.5963] = 432.2028, sampling [1.0, 0.1598, 0.8147]. Recommendation = [0.0, 0.5178, 0.2793], Current Cost = 5173.00, Rho = 1.000
(iter 10) [0.0, 1.0514, 1.5963] = 432.2028, sampling [1.0, 0.7252, -0.6104]. Recommendation = [0.0, 0.5178, 0.2793], Current Cost = 5174.00, Rho = 1.000
(iter 10) [0.0, 1.0514, 1.5963] = 432.2028, sampling [1.0, -0.7333, 1.2197]. Recommendation = [0.0, 0.5178, 0.2793], Current Cost = 5175.00, Rho = 1.000
(iter 10) [0.0, 1.0514, 1.5963] = 432.2028, sampling [1.0, 0.2092, 0.6734]. Recommendation = [0.0, 0.5178, 0.2793], Current Cost = 5176.00, Rho = 1.000
(iter 10) [0.0, 1.0514, 1.5963] = 432.2028, sampling [1.0, 0.6134, 1.3712]. Recommendation = [0.0, 0.5178, 0.2793], Current Cost = 5177.00, Rho = 1.000
(iter 10) [0.0, 1.0514, 1.5963] = 432.2028, sampling [1.0, -0.1371, -1.1490]. Recommendation = [0.0, 0.5178, 0.2793], Current Cost = 5178.00, Rho = 1.000
(iter 10) [0.0, 1.0514, 1.5963] = 432.2028, sampling [1.0, 0.2415, 0.2715]. Recommendation = [0.0, 0.5178, 0.2793], Current Cost = 5179.00, Rho = 1.000
(iter 10) [0.0, 1.0514, 1.5963] = 432.2028, sampling [1.0, -0.3319, -0.3701]. Recommendation = [0.0, 0.5178, 0.2793], Current Cost = 5180.00, Rho = 1.000
(iter 10) [0.0, 1.0514, 1.5963] = 432.2028, sampling [1.0, 0.3148, -1.3289]. Recommendation = [0.0, 0.5178, 0.2793], Current Cost = 5181.00, Rho = 1.000
(iter 10) [0.0, 1.0514, 1.5963] = 432.2028, sampling [1.0, 1.5062, 1.2648]. Recommendation = [0.0, 0.5178, 0.2793], Current Cost = 5182.00, Rho = 1.000
(iter 10) [0.0, 1.0514, 1.5963] = 432.2028, sampling [1.0, -0.1472, 0.9326]. Recommendation = [0.0, 0.5178, 0.2793], Current Cost = 5183.00, Rho = 1.000
(iter 10) [0.0, 1.0514, 1.5963] = 432.2028, sampling [1.0, 0.4836, -0.2183]. Recommendation = [0.0, 0.5178, 0.2793], Current Cost = 5184.00, Rho = 1.000
(iter 10) [0.0, 1.0514, 1.5963] = 432.2028, sampling [1.0, 0.8789, -0.4043]. Recommendation = [0.0, 0.5178, 0.2793], Current Cost = 5185.00, Rho = 1.000
(iter 10) [0.0, 1.0514, 1.5963] = 432.2028, sampling [1.0, 1.3597, 0.2332]. Recommendation = [0.0, 0.5178, 0.2793], Current Cost = 5186.00, Rho = 1.000
(iter 10) [0.0, 1.0514, 1.5963] = 432.2028, sampling [1.0, -0.7750, -0.7302]. Recommendation = [0.0, 0.5178, 0.2793], Current Cost = 5187.00, Rho = 1.000
(iter 10) [0.0, 1.0514, 1.5963] = 432.2028, sampling [1.0, 0.7454, 1.6646]. Recommendation = [0.0, 0.5178, 0.2793], Current Cost = 5188.00, Rho = 1.000
(iter 10) [0.0, 1.0514, 1.5963] = 432.2028, sampling [1.0, 1.2731, 1.3271]. Recommendation = [0.0, 0.5178, 0.2793], Current Cost = 5189.00, Rho = 1.000
(iter 10) [0.0, 1.0514, 1.5963] = 432.2028, sampling [1.0, 0.0253, -0.2293]. Recommendation = [0.0, 0.5178, 0.2793], Current Cost = 5190.00, Rho = 1.000
(iter 10) [0.0, 1.0514, 1.5963] = 432.2028, sampling [1.0, 0.5760, 0.6304]. Recommendation = [0.0, 0.5178, 0.2793], Current Cost = 5191.00, Rho = 1.000
(iter 10) [0.0, 1.0514, 1.5963] = 432.2028, sampling [1.0, -1.1072, -0.3182]. Recommendation = [0.0, 0.5178, 0.2793], Current Cost = 5192.00, Rho = 1.000
(iter 10) [0.0, 1.0514, 1.5963] = 432.2028, sampling [1.0, 0.1613, 0.9633]. Recommendation = [0.0, 0.5178, 0.2793], Current Cost = 5193.00, Rho = 1.000
(iter 10) [0.0, 1.0514, 1.5963] = 432.2028, sampling [1.0, 0.4605, -0.6554]. Recommendation = [0.0, 0.5178, 0.2793], Current Cost = 5194.00, Rho = 1.000
(iter 10) [0.0, 1.0514, 1.5963] = 432.2028, sampling [1.0, -0.6311, -0.9823]. Recommendation = [0.0, 0.5178, 0.2793], Current Cost = 5195.00, Rho = 1.000
(iter 10) [0.0, 1.0514, 1.5963] = 432.2028, sampling [1.0, -0.3792, -1.4326]. Recommendation = [0.0, 0.5178, 0.2793], Current Cost = 5196.00, Rho = 1.000
(iter 10) [0.0, 1.0514, 1.5963] = 432.2028, sampling [1.0, 1.4789, 0.7409]. Recommendation = [0.0, 0.5178, 0.2793], Current Cost = 5197.00, Rho = 1.000
(iter 10) [0.0, 1.0514, 1.5963] = 432.2028, sampling [1.0, -1.0398, 1.6252]. Recommendation = [0.0, 0.5178, 0.2793], Current Cost = 5198.00, Rho = 1.000
(iter 10) [0.0, 1.0514, 1.5963] = 432.2028, sampling [1.0, 0.1239, -1.9029]. Recommendation = [0.0, 0.5178, 0.2793], Current Cost = 5199.00, Rho = 1.000
(iter 10) [0.0, 1.0514, 1.5963] = 432.2028, sampling [1.0, 0.2801, 0.7953]. Recommendation = [0.0, 0.5178, 0.2793], Current Cost = 5200.00, Rho = 1.000
(iter 10) [0.0, 1.0514, 1.5963] = 432.2028, sampling [1.0, -0.2976, -0.7206]. Recommendation = [0.0, 0.5178, 0.2793], Current Cost = 5201.00, Rho = 1.000
(iter 10) [0.0, 1.0514, 1.5963] = 432.2028, sampling [1.0, 0.2050, 1.5007]. Recommendation = [0.0, 0.5178, 0.2793], Current Cost = 5202.00, Rho = 1.000
(iter 10) [0.0, 1.0514, 1.5963] = 432.2028, sampling [1.0, 0.4114, -0.0945]. Recommendation = [0.0, 0.5178, 0.2793], Current Cost = 5203.00, Rho = 1.000
(iter 10) [0.0, 1.0514, 1.5963] = 432.2028, sampling [1.0, 0.8541, 1.9191]. Recommendation = [0.0, 0.5178, 0.2793], Current Cost = 5204.00, Rho = 1.000
(iter 10) [0.0, 1.0514, 1.5963] = 432.2028, sampling [1.0, -0.4655, 1.0306]. Recommendation = [0.0, 0.5178, 0.2793], Current Cost = 5205.00, Rho = 1.000
(iter 10) [0.0, 1.0514, 1.5963] = 432.2028, sampling [1.0, 0.6661, -1.6235]. Recommendation = [0.0, 0.5178, 0.2793], Current Cost = 5206.00, Rho = 1.000
(iter 10) [0.0, 1.0514, 1.5963] = 432.2028, sampling [1.0, 0.4338, -0.9370]. Recommendation = [0.0, 0.5178, 0.2793], Current Cost = 5207.00, Rho = 1.000
(iter 10) [0.0, 1.0514, 1.5963] = 432.2028, sampling [1.0, 0.9327, 1.6751]. Recommendation = [0.0, 0.5178, 0.2793], Current Cost = 5208.00, Rho = 1.000
(iter 10) [0.0, 1.0514, 1.5963] = 432.2028, sampling [1.0, -0.4385, -0.3930]. Recommendation = [0.0, 0.5178, 0.2793], Current Cost = 5209.00, Rho = 1.000
(iter 10) [0.0, 1.0514, 1.5963] = 432.2028, sampling [1.0, -0.4497, -1.0471]. Recommendation = [0.0, 0.5178, 0.2793], Current Cost = 5210.00, Rho = 1.000
(iter 10) [0.0, 1.0514, 1.5963] = 432.2028, sampling [1.0, -0.9614, 1.7532]. Recommendation = [0.0, 0.5178, 0.2793], Current Cost = 5211.00, Rho = 1.000
(iter 10) [0.0, 1.0514, 1.5963] = 432.2028, sampling [1.0, 0.0717, -0.5384]. Recommendation = [0.0, 0.5178, 0.2793], Current Cost = 5212.00, Rho = 1.000
(iter 10) [0.0, 1.0514, 1.5963] = 432.2028, sampling [1.0, -1.8538, 1.6023]. Recommendation = [0.0, 0.5178, 0.2793], Current Cost = 5213.00, Rho = 1.000
(iter 10) [0.0, 1.0514, 1.5963] = 432.2028, sampling [1.0, 1.1388, 0.0430]. Recommendation = [0.0, 0.5178, 0.2793], Current Cost = 5214.00, Rho = 1.000
(iter 10) [0.0, 1.0514, 1.5963] = 432.2028, sampling [1.0, 1.5321, 1.5345]. Recommendation = [0.0, 0.5178, 0.2793], Current Cost = 5215.00, Rho = 1.000
(iter 10) [0.0, 1.0514, 1.5963] = 432.2028, sampling [1.0, 0.9253, 0.0780]. Recommendation = [0.0, 0.5178, 0.2793], Current Cost = 5216.00, Rho = 1.000
(iter 10) [0.0, 1.0514, 1.5963] = 432.2028, sampling [1.0, 0.7933, -1.0795]. Recommendation = [0.0, 0.5178, 0.2793], Current Cost = 5217.00, Rho = 1.000
(iter 10) [0.0, 1.0514, 1.5963] = 432.2028, sampling [1.0, 0.0786, 0.6455]. Recommendation = [0.0, 0.5178, 0.2793], Current Cost = 5218.00, Rho = 1.000
(iter 10) [0.0, 1.0514, 1.5963] = 432.2028, sampling [1.0, -0.6383, -0.4126]. Recommendation = [0.0, 0.5178, 0.2793], Current Cost = 5219.00, Rho = 1.000
(iter 10) [0.0, 1.0514, 1.5963] = 432.2028, sampling [1.0, 0.6029, -0.9204]. Recommendation = [0.0, 0.5178, 0.2793], Current Cost = 5220.00, Rho = 1.000
(iter 10) [0.0, 1.0514, 1.5963] = 432.2028, sampling [1.0, -1.2718, -0.0693]. Recommendation = [0.0, 0.5178, 0.2793], Current Cost = 5221.00, Rho = 1.000
(iter 10) [0.0, 1.0514, 1.5963] = 432.2028, sampling [1.0, -0.3670, -1.9616]. Recommendation = [0.0, 0.5178, 0.2793], Current Cost = 5222.00, Rho = 1.000
(iter 10) [0.0, 1.0514, 1.5963] = 432.2028, sampling [1.0, 1.6995, 1.6924]. Recommendation = [0.0, 0.5178, 0.2793], Current Cost = 5223.00, Rho = 1.000
(iter 10) [0.0, 1.0514, 1.5963] = 432.2028, sampling [1.0, 1.7163, 1.3193]. Recommendation = [0.0, 0.5178, 0.2793], Current Cost = 5224.00, Rho = 1.000
(iter 10) [0.0, 1.0514, 1.5963] = 432.2028, sampling [1.0, 1.3207, 0.8514]. Recommendation = [0.0, 0.5178, 0.2793], Current Cost = 5225.00, Rho = 1.000
(iter 10) [0.0, 1.0514, 1.5963] = 432.2028, sampling [1.0, -1.4289, 0.7563]. Recommendation = [0.0, 0.5178, 0.2793], Current Cost = 5226.00, Rho = 1.000
(iter 10) [0.0, 1.0514, 1.5963] = 432.2028, sampling [1.0, 0.7197, 1.2932]. Recommendation = [0.0, 0.5178, 0.2793], Current Cost = 5227.00, Rho = 1.000
(iter 10) [0.0, 1.0514, 1.5963] = 432.2028, sampling [1.0, 1.0115, -0.2848]. Recommendation = [0.0, 0.5178, 0.2793], Current Cost = 5228.00, Rho = 1.000
(iter 10) [0.0, 1.0514, 1.5963] = 432.2028, sampling [1.0, -0.0569, -1.4220]. Recommendation = [0.0, 0.5178, 0.2793], Current Cost = 5229.00, Rho = 1.000
(iter 10) [0.0, 1.0514, 1.5963] = 432.2028, sampling [1.0, -0.5324, 1.3579]. Recommendation = [0.0, 0.5178, 0.2793], Current Cost = 5230.00, Rho = 1.000
(iter 10) [0.0, 1.0514, 1.5963] = 432.2028, sampling [1.0, -1.5905, 0.2947]. Recommendation = [0.0, 0.5178, 0.2793], Current Cost = 5231.00, Rho = 1.000
(iter 10) [0.0, 1.0514, 1.5963] = 432.2028, sampling [1.0, -0.3865, 1.8279]. Recommendation = [0.0, 0.5178, 0.2793], Current Cost = 5232.00, Rho = 1.000
(iter 10) [0.0, 1.0514, 1.5963] = 432.2028, sampling [1.0, 1.9991, 0.8891]. Recommendation = [0.0, 0.5178, 0.2793], Current Cost = 5233.00, Rho = 1.000
(iter 10) [0.0, 1.0514, 1.5963] = 432.2028, sampling [1.0, 0.1018, 1.1393]. Recommendation = [0.0, 0.5178, 0.2793], Current Cost = 5234.00, Rho = 1.000
(iter 10) [0.0, 1.0514, 1.5963] = 432.2028, sampling [1.0, 0.3335, -0.8367]. Recommendation = [0.0, 0.5178, 0.2793], Current Cost = 5235.00, Rho = 1.000
(iter 10) [0.0, 1.0514, 1.5963] = 432.2028, sampling [1.0, 0.2941, -1.5646]. Recommendation = [0.0, 0.5178, 0.2793], Current Cost = 5236.00, Rho = 1.000
(iter 10) [0.0, 1.0514, 1.5963] = 432.2028, sampling [1.0, -0.7581, 0.3100]. Recommendation = [0.0, 0.5178, 0.2793], Current Cost = 5237.00, Rho = 1.000
(iter 10) [0.0, 1.0514, 1.5963] = 432.2028, sampling [1.0, -0.6479, 1.7027]. Recommendation = [0.0, 0.5178, 0.2793], Current Cost = 5238.00, Rho = 1.000
(iter 10) [0.0, 1.0514, 1.5963] = 432.2028, sampling [1.0, 0.6737, 1.9103]. Recommendation = [0.0, 0.5178, 0.2793], Current Cost = 5239.00, Rho = 1.000
(iter 10) [0.0, 1.0514, 1.5963] = 432.2028, sampling [1.0, 0.5563, -0.7627]. Recommendation = [0.0, 0.5178, 0.2793], Current Cost = 5240.00, Rho = 1.000
(iter 10) [0.0, 1.0514, 1.5963] = 432.2028, sampling [1.0, -1.6070, 1.9570]. Recommendation = [0.0, 0.5178, 0.2793], Current Cost = 5241.00, Rho = 1.000
(iter 10) [0.0, 1.0514, 1.5963] = 432.2028, sampling [1.0, -0.5887, -1.2205]. Recommendation = [0.0, 0.5178, 0.2793], Current Cost = 5242.00, Rho = 1.000
(iter 10) [0.0, 1.0514, 1.5963] = 432.2028, sampling [1.0, -0.9803, -0.3319]. Recommendation = [0.0, 0.5178, 0.2793], Current Cost = 5243.00, Rho = 1.000
(iter 10) [0.0, 1.0514, 1.5963] = 432.2028, sampling [1.0, -1.0625, 1.8061]. Recommendation = [0.0, 0.5178, 0.2793], Current Cost = 5244.00, Rho = 1.000
(iter 10) [0.0, 1.0514, 1.5963] = 432.2028, sampling [1.0, -0.5969, -0.4816]. Recommendation = [0.0, 0.5178, 0.2793], Current Cost = 5245.00, Rho = 1.000
(iter 10) [0.0, 1.0514, 1.5963] = 432.2028, sampling [1.0, 0.4055, 1.7357]. Recommendation = [0.0, 0.5178, 0.2793], Current Cost = 5246.00, Rho = 1.000
(iter 10) [0.0, 1.0514, 1.5963] = 432.2028, sampling [1.0, -0.4441, -0.7696]. Recommendation = [0.0, 0.5178, 0.2793], Current Cost = 5247.00, Rho = 1.000
(iter 10) [0.0, 1.0514, 1.5963] = 432.2028, sampling [1.0, 0.8994, 1.1771]. Recommendation = [0.0, 0.5178, 0.2793], Current Cost = 5248.00, Rho = 1.000
(iter 10) [0.0, 1.0514, 1.5963] = 432.2028, sampling [1.0, -0.1958, -0.0451]. Recommendation = [0.0, 0.5178, 0.2793], Current Cost = 5249.00, Rho = 1.000
(iter 10) [0.0, 1.0514, 1.5963] = 432.2028, sampling [1.0, -0.2544, -1.6542]. Recommendation = [0.0, 0.5178, 0.2793], Current Cost = 5250.00, Rho = 1.000
(iter 10) [0.0, 1.0514, 1.5963] = 432.2028, sampling [1.0, -0.9364, -0.6232]. Recommendation = [0.0, 0.5178, 0.2793], Current Cost = 5251.00, Rho = 1.000
(iter 10) [0.0, 1.0514, 1.5963] = 432.2028, sampling [1.0, 0.7071, 1.5446]. Recommendation = [0.0, 0.5178, 0.2793], Current Cost = 5252.00, Rho = 1.000
(iter 10) [0.0, 1.0514, 1.5963] = 432.2028, sampling [1.0, -1.6170, 1.0729]. Recommendation = [0.0, 0.5178, 0.2793], Current Cost = 5253.00, Rho = 1.000
(iter 10) [0.0, 1.0514, 1.5963] = 432.2028, sampling [1.0, -0.1624, 1.4143]. Recommendation = [0.0, 0.5178, 0.2793], Current Cost = 5254.00, Rho = 1.000
(iter 10) [0.0, 1.0514, 1.5963] = 432.2028, sampling [1.0, 0.4300, -1.2708]. Recommendation = [0.0, 0.5178, 0.2793], Current Cost = 5255.00, Rho = 1.000
(iter 10) [0.0, 1.0514, 1.5963] = 432.2028, sampling [1.0, 1.0400, -0.6050]. Recommendation = [0.0, 0.5178, 0.2793], Current Cost = 5256.00, Rho = 1.000
(iter 10) [0.0, 1.0514, 1.5963] = 432.2028, sampling [1.0, 0.6524, -1.9727]. Recommendation = [0.0, 0.5178, 0.2793], Current Cost = 5257.00, Rho = 1.000
(iter 10) [0.0, 1.0514, 1.5963] = 432.2028, sampling [1.0, 0.5431, -1.0013]. Recommendation = [0.0, 0.5178, 0.2793], Current Cost = 5258.00, Rho = 1.000
(iter 10) [0.0, 1.0514, 1.5963] = 432.2028, sampling [1.0, 0.2261, 0.3378]. Recommendation = [0.0, 0.5178, 0.2793], Current Cost = 5259.00, Rho = 1.000
(iter 10) [0.0, 1.0514, 1.5963] = 432.2028, sampling [1.0, -1.6396, 1.2631]. Recommendation = [0.0, 0.5178, 0.2793], Current Cost = 5260.00, Rho = 1.000
(iter 10) [0.0, 1.0514, 1.5963] = 432.2028, sampling [1.0, -0.3209, 1.3982]. Recommendation = [0.0, 0.5178, 0.2793], Current Cost = 5261.00, Rho = 1.000
(iter 10) [0.0, 1.0514, 1.5963] = 432.2028, sampling [1.0, -0.4162, -1.1593]. Recommendation = [0.0, 0.5178, 0.2793], Current Cost = 5262.00, Rho = 1.000
(iter 10) [0.0, 1.0514, 1.5963] = 432.2028, sampling [1.0, 1.7364, 1.4827]. Recommendation = [0.0, 0.5178, 0.2793], Current Cost = 5263.00, Rho = 1.000
(iter 10) [0.0, 1.0514, 1.5963] = 432.2028, sampling [1.0, -0.8405, -1.0212]. Recommendation = [0.0, 0.5178, 0.2793], Current Cost = 5264.00, Rho = 1.000
(iter 10) [0.0, 1.0514, 1.5963] = 432.2028, sampling [1.0, -0.7134, 1.8433]. Recommendation = [0.0, 0.5178, 0.2793], Current Cost = 5265.00, Rho = 1.000
(iter 10) [0.0, 1.0514, 1.5963] = 432.2028, sampling [1.0, -0.5619, -1.6628]. Recommendation = [0.0, 0.5178, 0.2793], Current Cost = 5266.00, Rho = 1.000
(iter 10) [0.0, 1.0514, 1.5963] = 432.2028, sampling [1.0, -0.0037, 1.3297]. Recommendation = [0.0, 0.5178, 0.2793], Current Cost = 5267.00, Rho = 1.000
(iter 10) [0.0, 1.0514, 1.5963] = 432.2028, sampling [1.0, 0.7330, 1.7902]. Recommendation = [0.0, 0.5178, 0.2793], Current Cost = 5268.00, Rho = 1.000
(iter 10) [0.0, 1.0514, 1.5963] = 432.2028, sampling [1.0, -0.1705, -1.4876]. Recommendation = [0.0, 0.5178, 0.2793], Current Cost = 5269.00, Rho = 1.000
(iter 10) [0.0, 1.0514, 1.5963] = 432.2028, sampling [1.0, 1.2258, -0.0138]. Recommendation = [0.0, 0.5178, 0.2793], Current Cost = 5270.00, Rho = 1.000
(iter 10) [0.0, 1.0514, 1.5963] = 432.2028, sampling [1.0, -0.2932, -1.1966]. Recommendation = [0.0, 0.5178, 0.2793], Current Cost = 5271.00, Rho = 1.000
(iter 10) [0.0, 1.0514, 1.5963] = 432.2028, sampling [1.0, 1.0561, 1.5849]. Recommendation = [0.0, 0.5178, 0.2793], Current Cost = 5272.00, Rho = 1.000
(iter 10) [0.0, 1.0514, 1.5963] = 432.2028, sampling [1.0, 1.1857, -0.3061]. Recommendation = [0.0, 0.5178, 0.2793], Current Cost = 5273.00, Rho = 1.000
(iter 10) [0.0, 1.0514, 1.5963] = 432.2028, sampling [1.0, 0.7781, -1.2639]. Recommendation = [0.0, 0.5178, 0.2793], Current Cost = 5274.00, Rho = 1.000
(iter 10) [0.0, 1.0514, 1.5963] = 432.2028, sampling [1.0, -0.1780, 1.9413]. Recommendation = [0.0, 0.5178, 0.2793], Current Cost = 5275.00, Rho = 1.000
(iter 10) [0.0, 1.0514, 1.5963] = 432.2028, sampling [1.0, 0.3599, -1.0612]. Recommendation = [0.0, 0.5178, 0.2793], Current Cost = 5276.00, Rho = 1.000
(iter 10) [0.0, 1.0514, 1.5963] = 432.2028, sampling [1.0, 0.7590, 1.5401]. Recommendation = [0.0, 0.5178, 0.2793], Current Cost = 5277.00, Rho = 1.000
(iter 10) [0.0, 1.0514, 1.5963] = 432.2028, sampling [1.0, 0.9562, -0.9619]. Recommendation = [0.0, 0.5178, 0.2793], Current Cost = 5278.00, Rho = 1.000
(iter 10) [0.0, 1.0514, 1.5963] = 432.2028, sampling [1.0, -1.4671, 0.6701]. Recommendation = [0.0, 0.5178, 0.2793], Current Cost = 5279.00, Rho = 1.000
(iter 10) [0.0, 1.0514, 1.5963] = 432.2028, sampling [1.0, -1.5384, 0.9066]. Recommendation = [0.0, 0.5178, 0.2793], Current Cost = 5280.00, Rho = 1.000
(iter 10) [0.0, 1.0514, 1.5963] = 432.2028, sampling [1.0, 0.0025, -1.6829]. Recommendation = [0.0, 0.5178, 0.2793], Current Cost = 5281.00, Rho = 1.000
(iter 10) [0.0, 1.0514, 1.5963] = 432.2028, sampling [1.0, -0.9080, -0.8252]. Recommendation = [0.0, 0.5178, 0.2793], Current Cost = 5282.00, Rho = 1.000
(iter 10) [0.0, 1.0514, 1.5963] = 432.2028, sampling [1.0, 1.1071, 0.1459]. Recommendation = [0.0, 0.5178, 0.2793], Current Cost = 5283.00, Rho = 1.000
(iter 10) [0.0, 1.0514, 1.5963] = 432.2028, sampling [1.0, 1.1658, -1.9876]. Recommendation = [0.0, 0.5178, 0.2793], Current Cost = 5284.00, Rho = 1.000
(iter 10) [0.0, 1.0514, 1.5963] = 432.2028, sampling [1.0, -0.5064, -1.3867]. Recommendation = [0.0, 0.5178, 0.2793], Current Cost = 5285.00, Rho = 1.000
(iter 10) [0.0, 1.0514, 1.5963] = 432.2028, sampling [1.0, -1.5583, -0.2909]. Recommendation = [0.0, 0.5178, 0.2793], Current Cost = 5286.00, Rho = 1.000
(iter 10) [0.0, 1.0514, 1.5963] = 432.2028, sampling [1.0, -0.6199, -1.0909]. Recommendation = [0.0, 0.5178, 0.2793], Current Cost = 5287.00, Rho = 1.000
(iter 10) [0.0, 1.0514, 1.5963] = 432.2028, sampling [1.0, 0.2481, -1.7313]. Recommendation = [0.0, 0.5178, 0.2793], Current Cost = 5288.00, Rho = 1.000
(iter 10) [0.0, 1.0514, 1.5963] = 432.2028, sampling [1.0, -0.7923, -1.9591]. Recommendation = [0.0, 0.5178, 0.2793], Current Cost = 5289.00, Rho = 1.000
(iter 10) [0.0, 1.0514, 1.5963] = 432.2028, sampling [1.0, 0.5782, -0.7998]. Recommendation = [0.0, 0.5178, 0.2793], Current Cost = 5290.00, Rho = 1.000
(iter 10) [0.0, 1.0514, 1.5963] = 432.2028, sampling [1.0, -0.7015, -0.4738]. Recommendation = [0.0, 0.5178, 0.2793], Current Cost = 5291.00, Rho = 1.000
(iter 10) [0.0, 1.0514, 1.5963] = 432.2028, sampling [1.0, -0.1579, -1.8757]. Recommendation = [0.0, 0.5178, 0.2793], Current Cost = 5292.00, Rho = 1.000
(iter 10) [0.0, 1.0514, 1.5963] = 432.2028, sampling [1.0, -0.7235, -1.2935]. Recommendation = [0.0, 0.5178, 0.2793], Current Cost = 5293.00, Rho = 1.000
(iter 10) [0.0, 1.0514, 1.5963] = 432.2028, sampling [1.0, -0.8267, -0.6844]. Recommendation = [0.0, 0.5178, 0.2793], Current Cost = 5294.00, Rho = 1.000
(iter 10) [0.0, 1.0514, 1.5963] = 432.2028, sampling [1.0, 1.5475, 0.2015]. Recommendation = [0.0, 0.5178, 0.2793], Current Cost = 5295.00, Rho = 1.000
(iter 10) [0.0, 1.0514, 1.5963] = 432.2028, sampling [1.0, -0.2075, 1.7993]. Recommendation = [0.0, 0.5178, 0.2793], Current Cost = 5296.00, Rho = 1.000
(iter 10) [0.0, 1.0514, 1.5963] = 432.2028, sampling [1.0, -0.4967, -1.1185]. Recommendation = [0.0, 0.5178, 0.2793], Current Cost = 5297.00, Rho = 1.000
(iter 10) [0.0, 1.0514, 1.5963] = 432.2028, sampling [1.0, -1.1725, -0.6598]. Recommendation = [0.0, 0.5178, 0.2793], Current Cost = 5298.00, Rho = 1.000
(iter 10) [0.0, 1.0514, 1.5963] = 432.2028, sampling [1.0, 1.6931, 1.1648]. Recommendation = [0.0, 0.5178, 0.2793], Current Cost = 5299.00, Rho = 1.000
(iter 10) [0.0, 1.0514, 1.5963] = 432.2028, sampling [1.0, 1.6398, 0.8661]. Recommendation = [0.0, 0.5178, 0.2793], Current Cost = 5300.00, Rho = 1.000
(iter 10) [0.0, 1.0514, 1.5963] = 432.2028, sampling [1.0, 1.0934, -0.3512]. Recommendation = [0.0, 0.5178, 0.2793], Current Cost = 5301.00, Rho = 1.000
(iter 10) [0.0, 1.0514, 1.5963] = 432.2028, sampling [1.0, -1.4587, 0.4867]. Recommendation = [0.0, 0.5178, 0.2793], Current Cost = 5302.00, Rho = 1.000
(iter 10) [0.0, 1.0514, 1.5963] = 432.2028, sampling [1.0, 1.3678, -0.0265]. Recommendation = [0.0, 0.5178, 0.2793], Current Cost = 5303.00, Rho = 1.000
(iter 10) [0.0, 1.0514, 1.5963] = 432.2028, sampling [1.0, -1.9994, 0.1808]. Recommendation = [0.0, 0.5178, 0.2793], Current Cost = 5304.00, Rho = 1.000
(iter 10) [0.0, 1.0514, 1.5963] = 432.2028, sampling [1.0, -1.8215, 1.4549]. Recommendation = [0.0, 0.5178, 0.2793], Current Cost = 5305.00, Rho = 1.000
(iter 10) [0.0, 1.0514, 1.5963] = 432.2028, sampling [1.0, 0.5227, -0.8486]. Recommendation = [0.0, 0.5178, 0.2793], Current Cost = 5306.00, Rho = 1.000
(iter 10) [0.0, 1.0514, 1.5963] = 432.2028, sampling [1.0, 0.1158, -1.6451]. Recommendation = [0.0, 0.5178, 0.2793], Current Cost = 5307.00, Rho = 1.000
(iter 10) [0.0, 1.0514, 1.5963] = 432.2028, sampling [1.0, -0.0880, -1.5568]. Recommendation = [0.0, 0.5178, 0.2793], Current Cost = 5308.00, Rho = 1.000
(iter 10) [0.0, 1.0514, 1.5963] = 432.2028, sampling [1.0, -1.2626, -0.2792]. Recommendation = [0.0, 0.5178, 0.2793], Current Cost = 5309.00, Rho = 1.000
(iter 10) [0.0, 1.0514, 1.5963] = 432.2028, sampling [1.0, -0.2750, 1.4230]. Recommendation = [0.0, 0.5178, 0.2793], Current Cost = 5310.00, Rho = 1.000
(iter 10) [0.0, 1.0514, 1.5963] = 432.2028, sampling [1.0, 0.0885, 0.6034]. Recommendation = [0.0, 0.5178, 0.2793], Current Cost = 5311.00, Rho = 1.000
(iter 10) [0.0, 1.0514, 1.5963] = 432.2028, sampling [1.0, 0.8252, 1.8483]. Recommendation = [0.0, 0.5178, 0.2793], Current Cost = 5312.00, Rho = 1.000
(iter 10) [0.0, 1.0514, 1.5963] = 432.2028, sampling [1.0, -0.3756, -1.6923]. Recommendation = [0.0, 0.5178, 0.2793], Current Cost = 5313.00, Rho = 1.000
(iter 10) [0.0, 1.0514, 1.5963] = 432.2028, sampling [1.0, -0.8941, 1.9965]. Recommendation = [0.0, 0.5178, 0.2793], Current Cost = 5314.00, Rho = 1.000
(iter 10) [0.0, 1.0514, 1.5963] = 432.2028, sampling [1.0, 1.4550, 0.7716]. Recommendation = [0.0, 0.5178, 0.2793], Current Cost = 5315.00, Rho = 1.000
(iter 10) [0.0, 1.0514, 1.5963] = 432.2028, sampling [1.0, 1.9099, 1.4017]. Recommendation = [0.0, 0.5178, 0.2793], Current Cost = 5316.00, Rho = 1.000
(iter 10) [0.0, 1.0514, 1.5963] = 432.2028, sampling [1.0, -1.7657, 1.2500]. Recommendation = [0.0, 0.5178, 0.2793], Current Cost = 5317.00, Rho = 1.000
(iter 10) [0.0, 1.0514, 1.5963] = 432.2028, sampling [1.0, -0.3059, 1.5228]. Recommendation = [0.0, 0.5178, 0.2793], Current Cost = 5318.00, Rho = 1.000
(iter 10) [0.0, 1.0514, 1.5963] = 432.2028, sampling [1.0, -1.5030, 0.8447]. Recommendation = [0.0, 0.5178, 0.2793], Current Cost = 5319.00, Rho = 1.000
(iter 10) [0.0, 1.0514, 1.5963] = 432.2028, sampling [1.0, -0.8511, -1.3962]. Recommendation = [0.0, 0.5178, 0.2793], Current Cost = 5320.00, Rho = 1.000
(iter 10) [0.0, 1.0514, 1.5963] = 432.2028, sampling [1.0, 1.2103, -0.4662]. Recommendation = [0.0, 0.5178, 0.2793], Current Cost = 5321.00, Rho = 1.000
(iter 10) [0.0, 1.0514, 1.5963] = 432.2028, sampling [1.0, 1.7838, 0.4102]. Recommendation = [0.0, 0.5178, 0.2793], Current Cost = 5322.00, Rho = 1.000
(iter 10) [0.0, 1.0514, 1.5963] = 432.2028, sampling [1.0, -1.0751, -0.9196]. Recommendation = [0.0, 0.5178, 0.2793], Current Cost = 5323.00, Rho = 1.000
(iter 10) [0.0, 1.0514, 1.5963] = 432.2028, sampling [1.0, 0.9449, -1.3801]. Recommendation = [0.0, 0.5178, 0.2793], Current Cost = 5324.00, Rho = 1.000
(iter 10) [0.0, 1.0514, 1.5963] = 432.2028, sampling [1.0, -0.6741, -1.0494]. Recommendation = [0.0, 0.5178, 0.2793], Current Cost = 5325.00, Rho = 1.000
(iter 10) [0.0, 1.0514, 1.5963] = 432.2028, sampling [1.0, -0.9018, -0.7374]. Recommendation = [0.0, 0.5178, 0.2793], Current Cost = 5326.00, Rho = 1.000
(iter 10) [0.0, 1.0514, 1.5963] = 432.2028, sampling [1.0, -1.6468, 0.9546]. Recommendation = [0.0, 0.5178, 0.2793], Current Cost = 5327.00, Rho = 1.000
(iter 10) [0.0, 1.0514, 1.5963] = 432.2028, sampling [1.0, 0.0510, -1.7998]. Recommendation = [0.0, 0.5178, 0.2793], Current Cost = 5328.00, Rho = 1.000
(iter 10) [0.0, 1.0514, 1.5963] = 432.2028, sampling [1.0, 1.6233, 1.1004]. Recommendation = [0.0, 0.5178, 0.2793], Current Cost = 5329.00, Rho = 1.000
(iter 10) [0.0, 1.0514, 1.5963] = 432.2028, sampling [1.0, -1.9166, 1.6626]. Recommendation = [0.0, 0.5178, 0.2793], Current Cost = 5330.00, Rho = 1.000
(iter 10) [0.0, 1.0514, 1.5963] = 432.2028, sampling [1.0, -1.4750, 0.7623]. Recommendation = [0.0, 0.5178, 0.2793], Current Cost = 5331.00, Rho = 1.000
(iter 10) [0.0, 1.0514, 1.5963] = 432.2028, sampling [1.0, -0.2161, -1.9983]. Recommendation = [0.0, 0.5178, 0.2793], Current Cost = 5332.00, Rho = 1.000
(iter 10) [0.0, 1.0514, 1.5963] = 432.2028, sampling [1.0, 0.9931, -1.1666]. Recommendation = [0.0, 0.5178, 0.2793], Current Cost = 5333.00, Rho = 1.000
(iter 10) [0.0, 1.0514, 1.5963] = 432.2028, sampling [1.0, -1.7271, 0.7838]. Recommendation = [0.0, 0.5178, 0.2793], Current Cost = 5334.00, Rho = 1.000
(iter 10) [0.0, 1.0514, 1.5963] = 432.2028, sampling [1.0, -1.3206, -0.0200]. Recommendation = [0.0, 0.5178, 0.2793], Current Cost = 5335.00, Rho = 1.000
(iter 10) [0.0, 1.0514, 1.5963] = 432.2028, sampling [1.0, 1.4389, -0.2547]. Recommendation = [0.0, 0.5178, 0.2793], Current Cost = 5336.00, Rho = 1.000
(iter 10) [0.0, 1.0514, 1.5963] = 432.2028, sampling [1.0, -0.8195, -0.7444]. Recommendation = [0.0, 0.5178, 0.2793], Current Cost = 5337.00, Rho = 1.000
(iter 10) [0.0, 1.0514, 1.5963] = 432.2028, sampling [1.0, -0.6546, 1.7277]. Recommendation = [0.0, 0.5178, 0.2793], Current Cost = 5338.00, Rho = 1.000
(iter 10) [0.0, 1.0514, 1.5963] = 432.2028, sampling [1.0, -0.9595, -1.0293]. Recommendation = [0.0, 0.5178, 0.2793], Current Cost = 5339.00, Rho = 1.000
(iter 10) [0.0, 1.0514, 1.5963] = 432.2028, sampling [1.0, -0.7912, -1.6992]. Recommendation = [0.0, 0.5178, 0.2793], Current Cost = 5340.00, Rho = 1.000
(iter 10) [0.0, 1.0514, 1.5963] = 432.2028, sampling [1.0, 0.2222, -1.8265]. Recommendation = [0.0, 0.5178, 0.2793], Current Cost = 5341.00, Rho = 1.000
(iter 10) [0.0, 1.0514, 1.5963] = 432.2028, sampling [1.0, -0.5748, -1.9134]. Recommendation = [0.0, 0.5178, 0.2793], Current Cost = 5342.00, Rho = 1.000
(iter 10) [0.0, 1.0514, 1.5963] = 432.2028, sampling [1.0, -1.2768, -0.5717]. Recommendation = [0.0, 0.5178, 0.2793], Current Cost = 5343.00, Rho = 1.000
(iter 10) [0.0, 1.0514, 1.5963] = 432.2028, sampling [1.0, -0.2138, -1.8174]. Recommendation = [0.0, 0.5178, 0.2793], Current Cost = 5344.00, Rho = 1.000
(iter 10) [0.0, 1.0514, 1.5963] = 432.2028, sampling [1.0, -1.5146, 0.3934]. Recommendation = [0.0, 0.5178, 0.2793], Current Cost = 5345.00, Rho = 1.000
(iter 10) [0.0, 1.0514, 1.5963] = 432.2028, sampling [1.0, -0.1096, -1.5060]. Recommendation = [0.0, 0.5178, 0.2793], Current Cost = 5346.00, Rho = 1.000
(iter 10) [0.0, 1.0514, 1.5963] = 432.2028, sampling [1.0, 1.2451, -1.0328]. Recommendation = [0.0, 0.5178, 0.2793], Current Cost = 5347.00, Rho = 1.000
(iter 10) [0.0, 1.0514, 1.5963] = 432.2028, sampling [1.0, 1.8461, 1.2392]. Recommendation = [0.0, 0.5178, 0.2793], Current Cost = 5348.00, Rho = 1.000
(iter 10) [0.0, 1.0514, 1.5963] = 432.2028, sampling [1.0, -1.0278, -1.3202]. Recommendation = [0.0, 0.5178, 0.2793], Current Cost = 5349.00, Rho = 1.000
(iter 10) [0.0, 1.0514, 1.5963] = 432.2028, sampling [1.0, 1.2658, -0.5875]. Recommendation = [0.0, 0.5178, 0.2793], Current Cost = 5350.00, Rho = 1.000
(iter 10) [0.0, 1.0514, 1.5963] = 432.2028, sampling [1.0, 1.3771, 0.1875]. Recommendation = [0.0, 0.5178, 0.2793], Current Cost = 5351.00, Rho = 1.000
(iter 10) [0.0, 1.0514, 1.5963] = 432.2028, sampling [1.0, 1.8906, 1.5736]. Recommendation = [0.0, 0.5178, 0.2793], Current Cost = 5352.00, Rho = 1.000
(iter 10) [0.0, 1.0514, 1.5963] = 432.2028, sampling [1.0, 0.6281, -1.7204]. Recommendation = [0.0, 0.5178, 0.2793], Current Cost = 5353.00, Rho = 1.000
(iter 10) [0.0, 1.0514, 1.5963] = 432.2028, sampling [1.0, -1.5334, -1.9420]. Recommendation = [0.0, 0.5178, 0.2793], Current Cost = 5354.00, Rho = 1.000
(iter 10) [0.0, 1.0514, 1.5963] = 432.2028, sampling [1.0, 1.2521, -0.2964]. Recommendation = [0.0, 0.5178, 0.2793], Current Cost = 5355.00, Rho = 1.000
(iter 10) [0.0, 1.0514, 1.5963] = 432.2028, sampling [1.0, 1.7581, 0.9693]. Recommendation = [0.0, 0.5178, 0.2793], Current Cost = 5356.00, Rho = 1.000
(iter 10) [0.0, 1.0514, 1.5963] = 432.2028, sampling [1.0, 1.4956, 0.0676]. Recommendation = [0.0, 0.5178, 0.2793], Current Cost = 5357.00, Rho = 1.000
(iter 10) [0.0, 1.0514, 1.5963] = 432.2028, sampling [1.0, -1.3977, -0.2053]. Recommendation = [0.0, 0.5178, 0.2793], Current Cost = 5358.00, Rho = 1.000
(iter 10) [0.0, 1.0514, 1.5963] = 432.2028, sampling [1.0, 1.6752, -1.9106]. Recommendation = [0.0, 0.5178, 0.2793], Current Cost = 5359.00, Rho = 1.000
(iter 10) [0.0, 1.0514, 1.5963] = 432.2028, sampling [1.0, -1.7483, 1.3081]. Recommendation = [0.0, 0.5178, 0.2793], Current Cost = 5360.00, Rho = 1.000
(iter 10) [0.0, 1.0514, 1.5963] = 432.2028, sampling [1.0, -1.7831, 1.0484]. Recommendation = [0.0, 0.5178, 0.2793], Current Cost = 5361.00, Rho = 1.000
(iter 10) [0.0, 1.0514, 1.5963] = 432.2028, sampling [1.0, -0.0986, 1.8941]. Recommendation = [0.0, 0.5178, 0.2793], Current Cost = 5362.00, Rho = 1.000
(iter 10) [0.0, 1.0514, 1.5963] = 432.2028, sampling [1.0, 0.9412, -1.7145]. Recommendation = [0.0, 0.5178, 0.2793], Current Cost = 5363.00, Rho = 1.000
(iter 10) [0.0, 1.0514, 1.5963] = 432.2028, sampling [1.0, -1.3528, -0.8040]. Recommendation = [0.0, 0.5178, 0.2793], Current Cost = 5364.00, Rho = 1.000
(iter 10) [0.0, 1.0514, 1.5963] = 432.2028, sampling [1.0, -0.2851, -1.8897]. Recommendation = [0.0, 0.5178, 0.2793], Current Cost = 5365.00, Rho = 1.000
(iter 10) [0.0, 1.0514, 1.5963] = 432.2028, sampling [1.0, 1.7743, 0.0221]. Recommendation = [0.0, 0.5178, 0.2793], Current Cost = 5366.00, Rho = 1.000
(iter 10) [0.0, 1.0514, 1.5963] = 432.2028, sampling [1.0, 0.8464, -1.3661]. Recommendation = [0.0, 0.5178, 0.2793], Current Cost = 5367.00, Rho = 1.000
(iter 10) [0.0, 1.0514, 1.5963] = 432.2028, sampling [1.0, -1.8293, 0.6163]. Recommendation = [0.0, 0.5178, 0.2793], Current Cost = 5368.00, Rho = 1.000
(iter 10) [0.0, 1.0514, 1.5963] = 432.2028, sampling [1.0, 1.7970, 1.1474]. Recommendation = [0.0, 0.5178, 0.2793], Current Cost = 5369.00, Rho = 1.000
(iter 10) [0.0, 1.0514, 1.5963] = 432.2028, sampling [1.0, -1.8138, 1.1742]. Recommendation = [0.0, 0.5178, 0.2793], Current Cost = 5370.00, Rho = 1.000
(iter 10) [0.0, 1.0514, 1.5963] = 432.2028, sampling [1.0, -0.9870, -1.5884]. Recommendation = [0.0, 0.5178, 0.2793], Current Cost = 5371.00, Rho = 1.000
(iter 10) [0.0, 1.0514, 1.5963] = 432.2028, sampling [1.0, -0.2686, -1.6269]. Recommendation = [0.0, 0.5178, 0.2793], Current Cost = 5372.00, Rho = 1.000
(iter 10) [0.0, 1.0514, 1.5963] = 432.2028, sampling [1.0, -1.4819, 0.6866]. Recommendation = [0.0, 0.5178, 0.2793], Current Cost = 5373.00, Rho = 1.000
(iter 10) [0.0, 1.0514, 1.5963] = 432.2028, sampling [1.0, -0.1325, -1.5198]. Recommendation = [0.0, 0.5178, 0.2793], Current Cost = 5374.00, Rho = 1.000
(iter 10) [0.0, 1.0514, 1.5963] = 432.2028, sampling [1.0, -1.2417, -1.1265]. Recommendation = [0.0, 0.5178, 0.2793], Current Cost = 5375.00, Rho = 1.000
(iter 10) [0.0, 1.0514, 1.5963] = 432.2028, sampling [1.0, -1.8740, -0.5596]. Recommendation = [0.0, 0.5178, 0.2793], Current Cost = 5376.00, Rho = 1.000
(iter 10) [0.0, 1.0514, 1.5963] = 432.2028, sampling [1.0, -0.4780, -1.9477]. Recommendation = [0.0, 0.5178, 0.2793], Current Cost = 5377.00, Rho = 1.000
(iter 10) [0.0, 1.0514, 1.5963] = 432.2028, sampling [1.0, -1.2025, -0.8964]. Recommendation = [0.0, 0.5178, 0.2793], Current Cost = 5378.00, Rho = 1.000
(iter 10) [0.0, 1.0514, 1.5963] = 432.2028, sampling [1.0, 1.1754, -1.2739]. Recommendation = [0.0, 0.5178, 0.2793], Current Cost = 5379.00, Rho = 1.000
(iter 10) [0.0, 1.0514, 1.5963] = 432.2028, sampling [1.0, 0.9852, -1.0990]. Recommendation = [0.0, 0.5178, 0.2793], Current Cost = 5380.00, Rho = 1.000
(iter 10) [0.0, 1.0514, 1.5963] = 432.2028, sampling [1.0, 1.4079, -0.5289]. Recommendation = [0.0, 0.5178, 0.2793], Current Cost = 5381.00, Rho = 1.000
(iter 10) [0.0, 1.0514, 1.5963] = 432.2028, sampling [1.0, -0.7067, -1.7566]. Recommendation = [0.0, 0.5178, 0.2793], Current Cost = 5382.00, Rho = 1.000
(iter 10) [0.0, 1.0514, 1.5963] = 432.2028, sampling [1.0, 1.5189, -0.1074]. Recommendation = [0.0, 0.5178, 0.2793], Current Cost = 5383.00, Rho = 1.000
(iter 10) [0.0, 1.0514, 1.5963] = 432.2028, sampling [1.0, 0.7723, -1.2286]. Recommendation = [0.0, 0.5178, 0.2793], Current Cost = 5384.00, Rho = 1.000
(iter 10) [0.0, 1.0514, 1.5963] = 432.2028, sampling [1.0, 1.3503, -0.8793]. Recommendation = [0.0, 0.5178, 0.2793], Current Cost = 5385.00, Rho = 1.000
(iter 10) [0.0, 1.0514, 1.5963] = 432.2028, sampling [1.0, 1.8820, 0.5677]. Recommendation = [0.0, 0.5178, 0.2793], Current Cost = 5386.00, Rho = 1.000
(iter 10) [0.0, 1.0514, 1.5963] = 432.2028, sampling [1.0, -1.1484, -0.7005]. Recommendation = [0.0, 0.5178, 0.2793], Current Cost = 5387.00, Rho = 1.000
(iter 10) [0.0, 1.0514, 1.5963] = 432.2028, sampling [1.0, -1.7032, 0.0562]. Recommendation = [0.0, 0.5178, 0.2793], Current Cost = 5388.00, Rho = 1.000
(iter 10) [0.0, 1.0514, 1.5963] = 432.2028, sampling [1.0, -0.9221, -1.8139]. Recommendation = [0.0, 0.5178, 0.2793], Current Cost = 5389.00, Rho = 1.000
(iter 10) [0.0, 1.0514, 1.5963] = 432.2028, sampling [1.0, -0.6825, -1.9818]. Recommendation = [0.0, 0.5178, 0.2793], Current Cost = 5390.00, Rho = 1.000
(iter 10) [0.0, 1.0514, 1.5963] = 432.2028, sampling [1.0, -1.4127, -0.6278]. Recommendation = [0.0, 0.5178, 0.2793], Current Cost = 5391.00, Rho = 1.000
(iter 10) [0.0, 1.0514, 1.5963] = 432.2028, sampling [1.0, 0.9199, -1.8522]. Recommendation = [0.0, 0.5178, 0.2793], Current Cost = 5392.00, Rho = 1.000
(iter 10) [0.0, 1.0514, 1.5963] = 432.2028, sampling [1.0, -1.0926, -1.2487]. Recommendation = [0.0, 0.5178, 0.2793], Current Cost = 5393.00, Rho = 1.000
(iter 10) [0.0, 1.0514, 1.5963] = 432.2028, sampling [1.0, 1.0197, -1.4258]. Recommendation = [0.0, 0.5178, 0.2793], Current Cost = 5394.00, Rho = 1.000
(iter 10) [0.0, 1.0514, 1.5963] = 432.2028, sampling [1.0, 1.8362, 1.0090]. Recommendation = [0.0, 0.5178, 0.2793], Current Cost = 5395.00, Rho = 1.000
(iter 10) [0.0, 1.0514, 1.5963] = 432.2028, sampling [1.0, 1.1329, -1.1705]. Recommendation = [0.0, 0.5178, 0.2793], Current Cost = 5396.00, Rho = 1.000
(iter 10) [0.0, 1.0514, 1.5963] = 432.2028, sampling [1.0, -1.7968, 0.3900]. Recommendation = [0.0, 0.5178, 0.2793], Current Cost = 5397.00, Rho = 1.000
(iter 10) [0.0, 1.0514, 1.5963] = 432.2028, sampling [1.0, 1.1802, -1.5822]. Recommendation = [0.0, 0.5178, 0.2793], Current Cost = 5398.00, Rho = 1.000
(iter 10) [0.0, 1.0514, 1.5963] = 432.2028, sampling [1.0, 1.4205, -0.6924]. Recommendation = [0.0, 0.5178, 0.2793], Current Cost = 5399.00, Rho = 1.000
(iter 10) [0.0, 1.0514, 1.5963] = 432.2028, sampling [1.0, -1.1217, -0.8843]. Recommendation = [0.0, 0.5178, 0.2793], Current Cost = 5400.00, Rho = 1.000
(iter 10) [0.0, 1.0514, 1.5963] = 432.2028, sampling [1.0, -1.2234, -1.4690]. Recommendation = [0.0, 0.5178, 0.2793], Current Cost = 5401.00, Rho = 1.000
(iter 10) [0.0, 1.0514, 1.5963] = 432.2028, sampling [1.0, 1.5736, 0.1070]. Recommendation = [0.0, 0.5178, 0.2793], Current Cost = 5402.00, Rho = 1.000
(iter 10) [0.0, 1.0514, 1.5963] = 432.2028, sampling [1.0, 1.6120, -0.4910]. Recommendation = [0.0, 0.5178, 0.2793], Current Cost = 5403.00, Rho = 1.000
(iter 10) [0.0, 1.0514, 1.5963] = 432.2028, sampling [1.0, 1.8298, 0.2206]. Recommendation = [0.0, 0.5178, 0.2793], Current Cost = 5404.00, Rho = 1.000
(iter 10) [0.0, 1.0514, 1.5963] = 432.2028, sampling [1.0, -1.6676, -0.1436]. Recommendation = [0.0, 0.5178, 0.2793], Current Cost = 5405.00, Rho = 1.000
(iter 10) [0.0, 1.0514, 1.5963] = 432.2028, sampling [1.0, -1.2837, -0.2654]. Recommendation = [0.0, 0.5178, 0.2793], Current Cost = 5406.00, Rho = 1.000
(iter 10) [0.0, 1.0514, 1.5963] = 432.2028, sampling [1.0, 1.4244, -1.3169]. Recommendation = [0.0, 0.5178, 0.2793], Current Cost = 5407.00, Rho = 1.000
(iter 10) [0.0, 1.0514, 1.5963] = 432.2028, sampling [1.0, -1.6894, 0.2147]. Recommendation = [0.0, 0.5178, 0.2793], Current Cost = 5408.00, Rho = 1.000
(iter 10) [0.0, 1.0514, 1.5963] = 432.2028, sampling [1.0, -1.3795, -0.9895]. Recommendation = [0.0, 0.5178, 0.2793], Current Cost = 5409.00, Rho = 1.000
(iter 10) [0.0, 1.0514, 1.5963] = 432.2028, sampling [1.0, 1.9143, -0.1755]. Recommendation = [0.0, 0.5178, 0.2793], Current Cost = 5410.00, Rho = 1.000
(iter 10) [0.0, 1.0514, 1.5963] = 432.2028, sampling [1.0, -1.5466, -0.4348]. Recommendation = [0.0, 0.5178, 0.2793], Current Cost = 5411.00, Rho = 1.000
(iter 10) [0.0, 1.0514, 1.5963] = 432.2028, sampling [1.0, -1.1805, -0.9440]. Recommendation = [0.0, 0.5178, 0.2793], Current Cost = 5412.00, Rho = 1.000
(iter 10) [0.0, 1.0514, 1.5963] = 432.2028, sampling [1.0, 0.6916, -1.6325]. Recommendation = [0.0, 0.5178, 0.2793], Current Cost = 5413.00, Rho = 1.000
(iter 10) [0.0, 1.0514, 1.5963] = 432.2028, sampling [1.0, -1.1521, -1.6064]. Recommendation = [0.0, 0.5178, 0.2793], Current Cost = 5414.00, Rho = 1.000
(iter 10) [0.0, 1.0514, 1.5963] = 432.2028, sampling [1.0, -1.9012, 0.6623]. Recommendation = [0.0, 0.5178, 0.2793], Current Cost = 5415.00, Rho = 1.000
(iter 10) [0.0, 1.0514, 1.5963] = 432.2028, sampling [1.0, 1.1007, -1.7497]. Recommendation = [0.0, 0.5178, 0.2793], Current Cost = 5416.00, Rho = 1.000
(iter 10) [0.0, 1.0514, 1.5963] = 432.2028, sampling [1.0, -1.9343, -1.8588]. Recommendation = [0.0, 0.5178, 0.2793], Current Cost = 5417.00, Rho = 1.000
(iter 10) [0.0, 1.0514, 1.5963] = 432.2028, sampling [1.0, -1.2967, -0.9064]. Recommendation = [0.0, 0.5178, 0.2793], Current Cost = 5418.00, Rho = 1.000
(iter 10) [0.0, 1.0514, 1.5963] = 432.2028, sampling [1.0, 1.2079, -1.3689]. Recommendation = [0.0, 0.5178, 0.2793], Current Cost = 5419.00, Rho = 1.000
(iter 10) [0.0, 1.0514, 1.5963] = 432.2028, sampling [1.0, 1.9605, 0.6536]. Recommendation = [0.0, 0.5178, 0.2793], Current Cost = 5420.00, Rho = 1.000
(iter 10) [0.0, 1.0514, 1.5963] = 432.2028, sampling [1.0, 1.6663, 0.0484]. Recommendation = [0.0, 0.5178, 0.2793], Current Cost = 5421.00, Rho = 1.000
(iter 10) [0.0, 1.0514, 1.5963] = 432.2028, sampling [1.0, -1.2292, -1.7723]. Recommendation = [0.0, 0.5178, 0.2793], Current Cost = 5422.00, Rho = 1.000
(iter 10) [0.0, 1.0514, 1.5963] = 432.2028, sampling [1.0, -1.3043, -0.5938]. Recommendation = [0.0, 0.5178, 0.2793], Current Cost = 5423.00, Rho = 1.000
(iter 10) [0.0, 1.0514, 1.5963] = 432.2028, sampling [1.0, 1.9516, -1.3493]. Recommendation = [0.0, 0.5178, 0.2793], Current Cost = 5424.00, Rho = 1.000
(iter 10) [0.0, 1.0514, 1.5963] = 432.2028, sampling [1.0, -1.6125, -0.9596]. Recommendation = [0.0, 0.5178, 0.2793], Current Cost = 5425.00, Rho = 1.000
(iter 10) [0.0, 1.0514, 1.5963] = 432.2028, sampling [1.0, -1.9252, 0.5247]. Recommendation = [0.0, 0.5178, 0.2793], Current Cost = 5426.00, Rho = 1.000
(iter 10) [0.0, 1.0514, 1.5963] = 432.2028, sampling [1.0, -1.9669, -0.1124]. Recommendation = [0.0, 0.5178, 0.2793], Current Cost = 5427.00, Rho = 1.000
(iter 10) [0.0, 1.0514, 1.5963] = 432.2028, sampling [1.0, -1.3423, -0.7526]. Recommendation = [0.0, 0.5178, 0.2793], Current Cost = 5428.00, Rho = 1.000
(iter 10) [0.0, 1.0514, 1.5963] = 432.2028, sampling [1.0, 1.5666, -0.7093]. Recommendation = [0.0, 0.5178, 0.2793], Current Cost = 5429.00, Rho = 1.000
(iter 10) [0.0, 1.0514, 1.5963] = 432.2028, sampling [1.0, -1.2110, -1.1771]. Recommendation = [0.0, 0.5178, 0.2793], Current Cost = 5430.00, Rho = 1.000
(iter 10) [0.0, 1.0514, 1.5963] = 432.2028, sampling [1.0, -1.4501, -1.2155]. Recommendation = [0.0, 0.5178, 0.2793], Current Cost = 5431.00, Rho = 1.000
(iter 10) [0.0, 1.0514, 1.5963] = 432.2028, sampling [1.0, 1.0388, -1.8868]. Recommendation = [0.0, 0.5178, 0.2793], Current Cost = 5432.00, Rho = 1.000
(iter 10) [0.0, 1.0514, 1.5963] = 432.2028, sampling [1.0, 1.9689, 0.4997]. Recommendation = [0.0, 0.5178, 0.2793], Current Cost = 5433.00, Rho = 1.000
(iter 10) [0.0, 1.0514, 1.5963] = 432.2028, sampling [1.0, -1.7728, 0.2283]. Recommendation = [0.0, 0.5178, 0.2793], Current Cost = 5434.00, Rho = 1.000
(iter 10) [0.0, 1.0514, 1.5963] = 432.2028, sampling [1.0, 1.2851, -1.4527]. Recommendation = [0.0, 0.5178, 0.2793], Current Cost = 5435.00, Rho = 1.000
(iter 10) [0.0, 1.0514, 1.5963] = 432.2028, sampling [1.0, 1.7311, 0.1136]. Recommendation = [0.0, 0.5178, 0.2793], Current Cost = 5436.00, Rho = 1.000
(iter 10) [0.0, 1.0514, 1.5963] = 432.2028, sampling [1.0, -1.3906, -1.5255]. Recommendation = [0.0, 0.5178, 0.2793], Current Cost = 5437.00, Rho = 1.000
(iter 10) [0.0, 1.0514, 1.5963] = 432.2028, sampling [1.0, -1.5809, -0.5040]. Recommendation = [0.0, 0.5178, 0.2793], Current Cost = 5438.00, Rho = 1.000
(iter 10) [0.0, 1.0514, 1.5963] = 432.2028, sampling [1.0, 1.4160, -0.6451]. Recommendation = [0.0, 0.5178, 0.2793], Current Cost = 5439.00, Rho = 1.000
(iter 10) [0.0, 1.0514, 1.5963] = 432.2028, sampling [1.0, -1.9701, -0.9964]. Recommendation = [0.0, 0.5178, 0.2793], Current Cost = 5440.00, Rho = 1.000
(iter 10) [0.0, 1.0514, 1.5963] = 432.2028, sampling [1.0, -1.6747, -0.2417]. Recommendation = [0.0, 0.5178, 0.2793], Current Cost = 5441.00, Rho = 1.000
(iter 10) [0.0, 1.0514, 1.5963] = 432.2028, sampling [1.0, 1.7470, -0.4631]. Recommendation = [0.0, 0.5178, 0.2793], Current Cost = 5442.00, Rho = 1.000
(iter 10) [0.0, 1.0514, 1.5963] = 432.2028, sampling [1.0, 1.4453, -1.6096]. Recommendation = [0.0, 0.5178, 0.2793], Current Cost = 5443.00, Rho = 1.000
(iter 10) [0.0, 1.0514, 1.5963] = 432.2028, sampling [1.0, -1.9119, 0.3618]. Recommendation = [0.0, 0.5178, 0.2793], Current Cost = 5444.00, Rho = 1.000
(iter 10) [0.0, 1.0514, 1.5963] = 432.2028, sampling [1.0, 1.6523, -1.0837]. Recommendation = [0.0, 0.5178, 0.2793], Current Cost = 5445.00, Rho = 1.000
(iter 10) [0.0, 1.0514, 1.5963] = 432.2028, sampling [1.0, 1.3340, -1.3055]. Recommendation = [0.0, 0.5178, 0.2793], Current Cost = 5446.00, Rho = 1.000
(iter 10) [0.0, 1.0514, 1.5963] = 432.2028, sampling [1.0, -1.5615, -0.3585]. Recommendation = [0.0, 0.5178, 0.2793], Current Cost = 5447.00, Rho = 1.000
(iter 10) [0.0, 1.0514, 1.5963] = 432.2028, sampling [1.0, 1.8776, 0.4300]. Recommendation = [0.0, 0.5178, 0.2793], Current Cost = 5448.00, Rho = 1.000
(iter 10) [0.0, 1.0514, 1.5963] = 432.2028, sampling [1.0, 1.1446, -1.8647]. Recommendation = [0.0, 0.5178, 0.2793], Current Cost = 5449.00, Rho = 1.000
(iter 10) [0.0, 1.0514, 1.5963] = 432.2028, sampling [1.0, -1.3337, -0.9344]. Recommendation = [0.0, 0.5178, 0.2793], Current Cost = 5450.00, Rho = 1.000
(iter 10) [0.0, 1.0514, 1.5963] = 432.2028, sampling [1.0, 1.9402, -0.4197]. Recommendation = [0.0, 0.5178, 0.2793], Current Cost = 5451.00, Rho = 1.000
(iter 10) [0.0, 1.0514, 1.5963] = 432.2028, sampling [1.0, 1.8618, 0.0115]. Recommendation = [0.0, 0.5178, 0.2793], Current Cost = 5452.00, Rho = 1.000
(iter 10) [0.0, 1.0514, 1.5963] = 432.2028, sampling [1.0, -1.3178, -1.6000]. Recommendation = [0.0, 0.5178, 0.2793], Current Cost = 5453.00, Rho = 1.000
(iter 10) [0.0, 1.0514, 1.5963] = 432.2028, sampling [1.0, 1.4564, -1.9243]. Recommendation = [0.0, 0.5178, 0.2793], Current Cost = 5454.00, Rho = 1.000
(iter 10) [0.0, 1.0514, 1.5963] = 432.2028, sampling [1.0, -1.3721, -1.8351]. Recommendation = [0.0, 0.5178, 0.2793], Current Cost = 5455.00, Rho = 1.000
(iter 10) [0.0, 1.0514, 1.5963] = 432.2028, sampling [1.0, 1.5208, -1.4449]. Recommendation = [0.0, 0.5178, 0.2793], Current Cost = 5456.00, Rho = 1.000
(iter 10) [0.0, 1.0514, 1.5963] = 432.2028, sampling [1.0, -1.1958, -1.5756]. Recommendation = [0.0, 0.5178, 0.2793], Current Cost = 5457.00, Rho = 1.000
(iter 10) [0.0, 1.0514, 1.5963] = 432.2028, sampling [1.0, 1.8495, 0.5525]. Recommendation = [0.0, 0.5178, 0.2793], Current Cost = 5458.00, Rho = 1.000
(iter 10) [0.0, 1.0514, 1.5963] = 432.2028, sampling [1.0, -1.8670, -0.1924]. Recommendation = [0.0, 0.5178, 0.2793], Current Cost = 5459.00, Rho = 1.000
(iter 10) [0.0, 1.0514, 1.5963] = 432.2028, sampling [1.0, -1.5250, -1.4795]. Recommendation = [0.0, 0.5178, 0.2793], Current Cost = 5460.00, Rho = 1.000
(iter 10) [0.0, 1.0514, 1.5963] = 432.2028, sampling [1.0, -1.8888, 0.1997]. Recommendation = [0.0, 0.5178, 0.2793], Current Cost = 5461.00, Rho = 1.000
(iter 10) [0.0, 1.0514, 1.5963] = 432.2028, sampling [1.0, 1.8079, -0.0589]. Recommendation = [0.0, 0.5178, 0.2793], Current Cost = 5462.00, Rho = 1.000
(iter 10) [0.0, 1.0514, 1.5963] = 432.2028, sampling [1.0, 1.7633, -0.5629]. Recommendation = [0.0, 0.5178, 0.2793], Current Cost = 5463.00, Rho = 1.000
(iter 10) [0.0, 1.0514, 1.5963] = 432.2028, sampling [1.0, 1.6298, -1.2376]. Recommendation = [0.0, 0.5178, 0.2793], Current Cost = 5464.00, Rho = 1.000
(iter 10) [0.0, 1.0514, 1.5963] = 432.2028, sampling [1.0, -1.8600, 0.3330]. Recommendation = [0.0, 0.5178, 0.2793], Current Cost = 5465.00, Rho = 1.000
(iter 10) [0.0, 1.0514, 1.5963] = 432.2028, sampling [1.0, -1.7136, 0.0290]. Recommendation = [0.0, 0.5178, 0.2793], Current Cost = 5466.00, Rho = 1.000
(iter 10) [0.0, 1.0514, 1.5963] = 432.2028, sampling [1.0, -1.5080, -1.1888]. Recommendation = [0.0, 0.5178, 0.2793], Current Cost = 5467.00, Rho = 1.000
(iter 10) [0.0, 1.0514, 1.5963] = 432.2028, sampling [1.0, -1.9794, -0.7762]. Recommendation = [0.0, 0.5178, 0.2793], Current Cost = 5468.00, Rho = 1.000
(iter 10) [0.0, 1.0514, 1.5963] = 432.2028, sampling [1.0, 1.7880, -1.6746]. Recommendation = [0.0, 0.5178, 0.2793], Current Cost = 5469.00, Rho = 1.000
(iter 10) [0.0, 1.0514, 1.5963] = 432.2028, sampling [1.0, -1.4325, -1.4592]. Recommendation = [0.0, 0.5178, 0.2793], Current Cost = 5470.00, Rho = 1.000
(iter 10) [0.0, 1.0514, 1.5963] = 432.2028, sampling [0.0, 0.5178, 0.2793]. Recommendation = [0.0, 0.5178, 0.2793], Current Cost = 5471.00, Rho = 1.000
(iter 476) [0.0, 0.5178, 0.2793] = 456.0550, sampling [1.0, -1.9379, -1.3553]. Recommendation = [0.0, 0.5178, 0.2793], Current Cost = 6471.00, Rho = 1.000
(iter 476) [0.0, 0.5178, 0.2793] = 456.0550, sampling [1.0, -1.7291, -0.9696]. Recommendation = [0.0, 0.5178, 0.2793], Current Cost = 6472.00, Rho = 1.000
(iter 476) [0.0, 0.5178, 0.2793] = 456.0550, sampling [0.0, 1.3405, 1.8382]. Recommendation = [0.0, 0.5178, 0.2793], Current Cost = 6473.00, Rho = 1.000
(iter 476) [0.0, 0.5178, 0.2793] = 456.0550, sampling [1.0, 1.7206, -1.0157]. Recommendation = [0.0, 0.5178, 0.2793], Current Cost = 7473.00, Rho = 1.000
(iter 476) [0.0, 0.5178, 0.2793] = 456.0550, sampling [1.0, -1.2356, -1.4979]. Recommendation = [0.0, 0.5178, 0.2793], Current Cost = 7474.00, Rho = 1.000
(iter 476) [0.0, 0.5178, 0.2793] = 456.0550, sampling [1.0, 1.9012, -0.0527]. Recommendation = [0.0, 0.5178, 0.2793], Current Cost = 7475.00, Rho = 1.000
(iter 476) [0.0, 0.5178, 0.2793] = 456.0550, sampling [1.0, -1.5716, -0.3796]. Recommendation = [0.0, 0.5178, 0.2793], Current Cost = 7476.00, Rho = 1.000
(iter 476) [0.0, 0.5178, 0.2793] = 456.0550, sampling [1.0, 1.5362, -1.6696]. Recommendation = [0.0, 0.5178, 0.2793], Current Cost = 7477.00, Rho = 1.000
(iter 476) [0.0, 0.5178, 0.2793] = 456.0550, sampling [1.0, -1.6614, -1.7437]. Recommendation = [0.0, 0.5178, 0.2793], Current Cost = 7478.00, Rho = 1.000
(iter 476) [0.0, 0.5178, 0.2793] = 456.0550, sampling [1.0, -1.8475, 0.3592]. Recommendation = [0.0, 0.5178, 0.2793], Current Cost = 7479.00, Rho = 1.000
(iter 476) [0.0, 0.5178, 0.2793] = 456.0550, sampling [1.0, 1.9304, -0.6796]. Recommendation = [0.0, 0.5178, 0.2793], Current Cost = 7480.00, Rho = 1.000
(iter 476) [0.0, 0.5178, 0.2793] = 456.0550, sampling [1.0, -1.8815, -0.1314]. Recommendation = [0.0, 0.5178, 0.2793], Current Cost = 7481.00, Rho = 1.000
(iter 476) [0.0, 0.5178, 0.2793] = 456.0550, sampling [1.0, -1.7918, -1.5350]. Recommendation = [0.0, 0.5178, 0.2793], Current Cost = 7482.00, Rho = 1.000
(iter 476) [0.0, 0.5178, 0.2793] = 456.0550, sampling [1.0, 1.9564, -0.8941]. Recommendation = [0.0, 0.5178, 0.2793], Current Cost = 7483.00, Rho = 1.000
(iter 476) [0.0, 0.5178, 0.2793] = 456.0550, sampling [1.0, 1.4961, -1.4912]. Recommendation = [0.0, 0.5178, 0.2793], Current Cost = 7484.00, Rho = 1.000
(iter 476) [0.0, 0.5178, 0.2793] = 456.0550, sampling [1.0, 1.7090, -1.2411]. Recommendation = [0.0, 0.5178, 0.2793], Current Cost = 7485.00, Rho = 1.000
(iter 476) [0.0, 0.5178, 0.2793] = 456.0550, sampling [1.0, 1.5846, -1.8030]. Recommendation = [0.0, 0.5178, 0.2793], Current Cost = 7486.00, Rho = 1.000
(iter 476) [0.0, 0.5178, 0.2793] = 456.0550, sampling [1.0, -1.6484, -1.2854]. Recommendation = [0.0, 0.5178, 0.2793], Current Cost = 7487.00, Rho = 1.000
(iter 476) [0.0, 0.5178, 0.2793] = 456.0550, sampling [1.0, 1.8116, -1.4059]. Recommendation = [0.0, 0.5178, 0.2793], Current Cost = 7488.00, Rho = 1.000
(iter 476) [0.0, 0.5178, 0.2793] = 456.0550, sampling [1.0, -1.7560, -1.9294]. Recommendation = [0.0, 0.5178, 0.2793], Current Cost = 7489.00, Rho = 1.000
(iter 476) [0.0, 0.5178, 0.2793] = 456.0550, sampling [1.0, -1.9880, -1.5370]. Recommendation = [0.0, 0.5178, 0.2793], Current Cost = 7490.00, Rho = 1.000
(iter 476) [0.0, 0.5178, 0.2793] = 456.0550, sampling [1.0, 1.6865, -1.7911]. Recommendation = [0.0, 0.5178, 0.2793], Current Cost = 7491.00, Rho = 1.000
(iter 476) [0.0, 0.5178, 0.2793] = 456.0550, sampling [1.0, 1.6437, -1.2031]. Recommendation = [0.0, 0.5178, 0.2793], Current Cost = 7492.00, Rho = 1.000
(iter 476) [0.0, 0.5178, 0.2793] = 456.0550, sampling [1.0, -1.8037, -1.7075]. Recommendation = [0.0, 0.5178, 0.2793], Current Cost = 7493.00, Rho = 1.000
(iter 476) [0.0, 0.5178, 0.2793] = 456.0550, sampling [0.0, 0.3217, 0.1319]. Recommendation = [0.0, 0.5178, 0.2793], Current Cost = 7494.00, Rho = 1.000
(iter 476) [0.0, 0.5178, 0.2793] = 456.0550, sampling [1.0, -1.7364, -1.8454]. Recommendation = [0.0, 0.5178, 0.2793], Current Cost = 8494.00, Rho = 1.000
(iter 476) [0.0, 0.5178, 0.2793] = 456.0550, sampling [1.0, 1.9902, -0.8579]. Recommendation = [0.0, 0.5178, 0.2793], Current Cost = 8495.00, Rho = 1.000
(iter 476) [0.0, 0.5178, 0.2793] = 456.0550, sampling [1.0, 1.8708, -1.3434]. Recommendation = [0.0, 0.5178, 0.2793], Current Cost = 8496.00, Rho = 1.000
(iter 476) [0.0, 0.5178, 0.2793] = 456.0550, sampling [1.0, -1.8354, -1.7612]. Recommendation = [0.0, 0.5178, 0.2793], Current Cost = 8497.00, Rho = 1.000
(iter 476) [0.0, 0.5178, 0.2793] = 456.0550, sampling [1.0, 1.6635, -1.7781]. Recommendation = [0.0, 0.5178, 0.2793], Current Cost = 8498.00, Rho = 1.000
(iter 476) [0.0, 0.5178, 0.2793] = 456.0550, sampling [1.0, 1.8218, -1.4104]. Recommendation = [0.0, 0.5178, 0.2793], Current Cost = 8499.00, Rho = 1.000
(iter 476) [0.0, 0.5178, 0.2793] = 456.0550, sampling [0.0, 1.1140, 1.1289]. Recommendation = [0.0, 0.5178, 0.2793], Current Cost = 8500.00, Rho = 1.000
(iter 476) [0.0, 0.5178, 0.2793] = 456.0550, sampling [0.0, 0.1824, 0.0967]. Recommendation = [0.0, 0.5178, 0.2793], Current Cost = 9500.00, Rho = 1.000
(iter 476) [0.0, 0.5178, 0.2793] = 456.0550, sampling [0.0, -1.6283, 1.9891]. Recommendation = [0.0, 0.5178, 0.2793], Current Cost = 10500.00, Rho = 1.000
(iter 476) [0.0, 0.5178, 0.2793] = 456.0550, sampling [0.0, 0.7590, 1.5401]. Recommendation = [0.0, 0.5178, 0.2793], Current Cost = 11500.00, Rho = 1.000
(iter 476) [0.0, 0.5178, 0.2793] = 456.0550, sampling [0.0, 1.3503, -0.8793]. Recommendation = [0.0, 0.5178, 0.2793], Current Cost = 12500.00, Rho = 1.000
(iter 476) [0.0, 0.5178, 0.2793] = 456.0550, sampling [0.0, -1.6070, 1.9570]. Recommendation = [0.0, 0.5178, 0.2793], Current Cost = 13500.00, Rho = 1.000
(iter 476) [0.0, 0.5178, 0.2793] = 456.0550, sampling [0.0, 1.4961, -1.4912]. Recommendation = [0.0, 0.5178, 0.2793], Current Cost = 14500.00, Rho = 1.000
(iter 476) [0.0, 0.5178, 0.2793] = 456.0550, sampling [0.0, -1.4819, 0.6866]. Recommendation = [0.0, 0.5178, 0.2793], Current Cost = 15500.00, Rho = 1.000
(iter 476) [0.0, 0.5178, 0.2793] = 456.0550, sampling [0.0, -1.7728, 0.2283]. Recommendation = [0.0, 0.5178, 0.2793], Current Cost = 16500.00, Rho = 1.000
(iter 476) [0.0, 0.5178, 0.2793] = 456.0550, sampling [0.0, 0.8882, 1.3837]. Recommendation = [0.0, 0.5178, 0.2793], Current Cost = 17500.00, Rho = 1.000
(iter 476) [0.0, 0.5178, 0.2793] = 456.0550, sampling [0.0, -0.8511, -1.3962]. Recommendation = [0.0, 0.5178, 0.2793], Current Cost = 18500.00, Rho = 1.000
(iter 476) [0.0, 0.5178, 0.2793] = 456.0550, sampling [0.0, 1.9689, 0.4997]. Recommendation = [0.0, 0.5178, 0.2793], Current Cost = 19500.00, Rho = 1.000
(iter 476) [0.0, 0.5178, 0.2793] = 456.0550, sampling [0.0, -1.2292, -1.7723]. Recommendation = [0.0, 0.5178, 0.2793], Current Cost = 20500.00, Rho = 1.000
(iter 476) [0.0, 0.5178, 0.2793] = 456.0550, sampling [0.0, 0.6737, 1.9103]. Recommendation = [0.0, 0.5178, 0.2793], Current Cost = 21500.00, Rho = 1.000
(iter 476) [0.0, 0.5178, 0.2793] = 456.0550, sampling [0.0, 0.6851, 1.1080]. Recommendation = [0.0, 0.5178, 0.2793], Current Cost = 22500.00, Rho = 1.000
(iter 476) [0.0, 0.5178, 0.2793] = 456.0550, sampling [0.0, -1.9252, 0.5247]. Recommendation = [0.0, 0.5178, 0.2793], Current Cost = 23500.00, Rho = 1.000
(iter 476) [0.0, 0.5178, 0.2793] = 456.0550, sampling [0.0, -0.9291, 1.1531]. Recommendation = [0.0, 0.5178, 0.2793], Current Cost = 24500.00, Rho = 1.000
(iter 476) [0.0, 0.5178, 0.2793] = 456.0550, sampling [0.0, -1.5250, -1.4795]. Recommendation = [0.0, 0.5178, 0.2793], Current Cost = 25500.00, Rho = 1.000
(iter 476) [0.0, 0.5178, 0.2793] = 456.0550, sampling [0.0, -0.3209, 1.3982]. Recommendation = [0.0, 0.5178, 0.2793], Current Cost = 26500.00, Rho = 1.000
(iter 476) [0.0, 0.5178, 0.2793] = 456.0550, sampling [0.0, 0.0816, 0.5997]. Recommendation = [0.0, 0.5178, 0.2793], Current Cost = 27500.00, Rho = 1.000
(iter 476) [0.0, 0.5178, 0.2793] = 456.0550, sampling [0.0, 1.2258, -0.0138]. Recommendation = [0.0, 0.5178, 0.2793], Current Cost = 28500.00, Rho = 1.000
(iter 476) [0.0, 0.5178, 0.2793] = 456.0550, sampling [0.0, -0.0400, -0.1848]. Recommendation = [0.0, 0.5178, 0.2793], Current Cost = 29500.00, Rho = 1.000
(iter 476) [0.0, 0.5178, 0.2793] = 456.0550, sampling [0.0, 0.4771, -0.5798]. Recommendation = [0.0, 0.5178, 0.2793], Current Cost = 30500.00, Rho = 1.000
(iter 476) [0.0, 0.5178, 0.2793] = 456.0550, sampling [0.0, 0.5957, 0.5877]. Recommendation = [0.0, 0.5178, 0.2793], Current Cost = 31500.00, Rho = 1.000
(iter 476) [0.0, 0.5178, 0.2793] = 456.0550, sampling [0.0, 0.6563, 0.6941]. Recommendation = [0.0, 0.5178, 0.2793], Current Cost = 32500.00, Rho = 1.000
(iter 476) [0.0, 0.5178, 0.2793] = 456.0550, sampling [0.0, 0.1756, 0.2868]. Recommendation = [0.0, 0.5178, 0.2793], Current Cost = 33500.00, Rho = 1.000
(iter 476) [0.0, 0.5178, 0.2793] = 456.0550, sampling [0.0, 0.8685, 0.0367]. Recommendation = [0.0, 0.5178, 0.2793], Current Cost = 34500.00, Rho = 1.000
(iter 476) [0.0, 0.5178, 0.2793] = 456.0550, sampling [0.0, 1.0303, 0.4684]. Recommendation = [0.0, 0.5178, 0.2793], Current Cost = 35500.00, Rho = 1.000
(iter 476) [0.0, 0.5178, 0.2793] = 456.0550, sampling [0.0, 1.4453, -1.6096]. Recommendation = [0.0, 0.5178, 0.2793], Current Cost = 36500.00, Rho = 1.000
(iter 476) [0.0, 0.5178, 0.2793] = 456.0550, sampling [0.0, -1.8815, -0.1314]. Recommendation = [0.0, 0.5178, 0.2793], Current Cost = 37500.00, Rho = 1.000
(iter 476) [0.0, 0.5178, 0.2793] = 456.0550, sampling [0.0, 1.5666, -0.7093]. Recommendation = [0.0, 0.5178, 0.2793], Current Cost = 38500.00, Rho = 1.000
(iter 476) [0.0, 0.5178, 0.2793] = 456.0550, sampling [0.0, 0.7781, -1.2639]. Recommendation = [0.0, 0.5178, 0.2793], Current Cost = 39500.00, Rho = 1.000
(iter 476) [0.0, 0.5178, 0.2793] = 456.0550, sampling [0.0, -0.4967, -1.1185]. Recommendation = [0.0, 0.5178, 0.2793], Current Cost = 40500.00, Rho = 1.000
(iter 476) [0.0, 0.5178, 0.2793] = 456.0550, sampling [0.0, 1.1658, -1.9876]. Recommendation = [0.0, 0.5178, 0.2793], Current Cost = 41500.00, Rho = 1.000
(iter 476) [0.0, 0.5178, 0.2793] = 456.0550, sampling [0.0, -1.6484, -1.2854]. Recommendation = [0.0, 0.5178, 0.2793], Current Cost = 42500.00, Rho = 1.000
(iter 476) [0.0, 0.5178, 0.2793] = 456.0550, sampling [0.0, 1.1802, -1.5822]. Recommendation = [0.0, 0.5178, 0.2793], Current Cost = 43500.00, Rho = 1.000
(iter 476) [0.0, 0.5178, 0.2793] = 456.0550, sampling [0.0, -0.4162, -1.1593]. Recommendation = [0.0, 0.5178, 0.2793], Current Cost = 44500.00, Rho = 1.000
(iter 476) [0.0, 0.5178, 0.2793] = 456.0550, sampling [0.0, -0.3865, 1.8279]. Recommendation = [0.0, 0.5178, 0.2793], Current Cost = 45500.00, Rho = 1.000
(iter 476) [0.0, 0.5178, 0.2793] = 456.0550, sampling [0.0, 0.1598, 0.8147]. Recommendation = [0.0, 0.5178, 0.2793], Current Cost = 46500.00, Rho = 1.000
(iter 476) [0.0, 0.5178, 0.2793] = 456.0550, sampling [0.0, 1.4789, 0.7409]. Recommendation = [0.0, 0.5178, 0.2793], Current Cost = 47500.00, Rho = 1.000
(iter 476) [0.0, 0.5178, 0.2793] = 456.0550, sampling [0.0, 0.8166, 0.4764]. Recommendation = [0.0, 0.5178, 0.2793], Current Cost = 48500.00, Rho = 1.000
(iter 476) [0.0, 0.5178, 0.2793] = 456.0550, sampling [0.0, -1.1725, -0.6598]. Recommendation = [0.0, 0.5178, 0.2793], Current Cost = 49500.00, Rho = 1.000
(iter 476) [0.0, 0.5178, 0.2793] = 456.0550, sampling [0.0, 1.0729, 0.1696]. Recommendation = [0.0, 0.5178, 0.2793], Current Cost = 50500.00, Rho = 1.000
(iter 476) [0.0, 0.5178, 0.2793] = 456.0550, sampling [0.0, -0.7750, -0.7302]. Recommendation = [0.0, 0.5178, 0.2793], Current Cost = 51500.00, Rho = 1.000
(iter 476) [0.0, 0.5178, 0.2793] = 456.0550, sampling [0.0, -1.2110, -1.1771]. Recommendation = [0.0, 0.5178, 0.2793], Current Cost = 52500.00, Rho = 1.000
(iter 476) [0.0, 0.5178, 0.2793] = 456.0550, sampling [0.0, 1.5736, 0.1070]. Recommendation = [0.0, 0.5178, 0.2793], Current Cost = 53500.00, Rho = 1.000
(iter 476) [0.0, 0.5178, 0.2793] = 456.0550, sampling [0.0, -1.1283, 1.2738]. Recommendation = [0.0, 0.5178, 0.2793], Current Cost = 54500.00, Rho = 1.000
(iter 476) [0.0, 0.5178, 0.2793] = 456.0550, sampling [0.0, -1.4459, 0.8778]. Recommendation = [0.0, 0.5178, 0.2793], Current Cost = 55500.00, Rho = 1.000
(iter 476) [0.0, 0.5178, 0.2793] = 456.0550, sampling [0.0, -0.4385, -0.3930]. Recommendation = [0.0, 0.5178, 0.2793], Current Cost = 56500.00, Rho = 1.000
(iter 476) [0.0, 0.5178, 0.2793] = 456.0550, sampling [0.0, 0.1018, 1.1393]. Recommendation = [0.0, 0.5178, 0.2793], Current Cost = 57500.00, Rho = 1.000
(iter 476) [0.0, 0.5178, 0.2793] = 456.0550, sampling [0.0, -0.1780, 1.9413]. Recommendation = [0.0, 0.5178, 0.2793], Current Cost = 58500.00, Rho = 1.000
(iter 476) [0.0, 0.5178, 0.2793] = 456.0550, sampling [0.0, 1.7970, 1.1474]. Recommendation = [0.0, 0.5178, 0.2793], Current Cost = 59500.00, Rho = 1.000
(iter 476) [0.0, 0.5178, 0.2793] = 456.0550, sampling [0.0, -0.5064, -1.3867]. Recommendation = [0.0, 0.5178, 0.2793], Current Cost = 60500.00, Rho = 1.000
(iter 476) [0.0, 0.5178, 0.2793] = 456.0550, sampling [0.0, -0.5887, -1.2205]. Recommendation = [0.0, 0.5178, 0.2793], Current Cost = 61500.00, Rho = 1.000
(iter 476) [0.0, 0.5178, 0.2793] = 456.0550, sampling [0.0, -0.2161, -1.9983]. Recommendation = [0.0, 0.5178, 0.2793], Current Cost = 62500.00, Rho = 1.000
(iter 476) [0.0, 0.5178, 0.2793] = 456.0550, sampling [0.0, 1.7470, -0.4631]. Recommendation = [0.0, 0.5178, 0.2793], Current Cost = 63500.00, Rho = 1.000
(iter 476) [0.0, 0.5178, 0.2793] = 456.0550, sampling [0.0, -1.2234, -1.4690]. Recommendation = [0.0, 0.5178, 0.2793], Current Cost = 64500.00, Rho = 1.000
(iter 476) [0.0, 0.5178, 0.2793] = 456.0550, sampling [0.0, -0.5159, 0.4548]. Recommendation = [0.0, 0.5178, 0.2793], Current Cost = 65500.00, Rho = 1.000
(iter 476) [0.0, 0.5178, 0.2793] = 456.0550, sampling [0.0, 1.4657, 1.5619]. Recommendation = [0.0, 0.5178, 0.2793], Current Cost = 66500.00, Rho = 1.000
(iter 476) [0.0, 0.5178, 0.2793] = 456.0550, sampling [0.0, 1.1329, -1.1705]. Recommendation = [0.0, 0.5178, 0.2793], Current Cost = 67500.00, Rho = 1.000
(iter 476) [0.0, 0.5178, 0.2793] = 456.0550, sampling [0.0, 1.5846, -1.8030]. Recommendation = [0.0, 0.5178, 0.2793], Current Cost = 68500.00, Rho = 1.000
(iter 476) [0.0, 0.5178, 0.2793] = 456.0550, sampling [0.0, 1.3697, 1.6365]. Recommendation = [0.0, 0.5178, 0.2793], Current Cost = 69500.00, Rho = 1.000
(iter 476) [0.0, 0.5178, 0.2793] = 456.0550, sampling [0.0, 1.8708, -1.3434]. Recommendation = [0.0, 0.5178, 0.2793], Current Cost = 70500.00, Rho = 1.000
(iter 476) [0.0, 0.5178, 0.2793] = 456.0550, sampling [0.0, 0.1158, -1.6451]. Recommendation = [0.0, 0.5178, 0.2793], Current Cost = 71500.00, Rho = 1.000
(iter 476) [0.0, 0.5178, 0.2793] = 456.0550, sampling [0.0, 0.6996, 1.2472]. Recommendation = [0.0, 0.5178, 0.2793], Current Cost = 72500.00, Rho = 1.000
(iter 476) [0.0, 0.5178, 0.2793] = 456.0550, sampling [0.0, -0.2138, -1.8174]. Recommendation = [0.0, 0.5178, 0.2793], Current Cost = 73500.00, Rho = 1.000
(iter 476) [0.0, 0.5178, 0.2793] = 456.0550, sampling [0.0, 1.7633, -0.5629]. Recommendation = [0.0, 0.5178, 0.2793], Current Cost = 74500.00, Rho = 1.000
(iter 476) [0.0, 0.5178, 0.2793] = 456.0550, sampling [0.0, -0.5487, -0.2598]. Recommendation = [0.0, 0.5178, 0.2793], Current Cost = 75500.00, Rho = 1.000
(iter 476) [0.0, 0.5178, 0.2793] = 456.0550, sampling [0.0, -0.4142, -0.8101]. Recommendation = [0.0, 0.5178, 0.2793], Current Cost = 76500.00, Rho = 1.000
(iter 476) [0.0, 0.5178, 0.2793] = 456.0550, sampling [0.0, 1.4837, 1.8982]. Recommendation = [0.0, 0.5178, 0.2793], Current Cost = 77500.00, Rho = 1.000
(iter 476) [0.0, 0.5178, 0.2793] = 456.0550, sampling [0.0, -1.4289, 0.7563]. Recommendation = [0.0, 0.5178, 0.2793], Current Cost = 78500.00, Rho = 1.000
(iter 476) [0.0, 0.5178, 0.2793] = 456.0550, sampling [0.0, 1.0400, -0.6050]. Recommendation = [0.0, 0.5178, 0.2793], Current Cost = 79500.00, Rho = 1.000
(iter 476) [0.0, 0.5178, 0.2793] = 456.0550, sampling [0.0, -0.3134, -1.1320]. Recommendation = [0.0, 0.5178, 0.2793], Current Cost = 80500.00, Rho = 1.000
(iter 476) [0.0, 0.5178, 0.2793] = 456.0550, sampling [0.0, -1.5080, -1.1888]. Recommendation = [0.0, 0.5178, 0.2793], Current Cost = 81500.00, Rho = 1.000
(iter 476) [0.0, 0.5178, 0.2793] = 456.0550, sampling [0.0, 1.5189, -0.1074]. Recommendation = [0.0, 0.5178, 0.2793], Current Cost = 82500.00, Rho = 1.000
(iter 476) [0.0, 0.5178, 0.2793] = 456.0550, sampling [0.0, -0.4595, 0.4925]. Recommendation = [0.0, 0.5178, 0.2793], Current Cost = 83500.00, Rho = 1.000
(iter 476) [0.0, 0.5178, 0.2793] = 456.0550, sampling [0.0, -0.5748, -1.9134]. Recommendation = [0.0, 0.5178, 0.2793], Current Cost = 84500.00, Rho = 1.000
(iter 476) [0.0, 0.5178, 0.2793] = 456.0550, sampling [0.0, -0.3792, -1.4326]. Recommendation = [0.0, 0.5178, 0.2793], Current Cost = 85500.00, Rho = 1.000
(iter 476) [0.0, 0.5178, 0.2793] = 456.0550, sampling [0.0, 0.0510, -1.7998]. Recommendation = [0.0, 0.5178, 0.2793], Current Cost = 86500.00, Rho = 1.000
(iter 476) [0.0, 0.5178, 0.2793] = 456.0550, sampling [0.0, -1.1027, 1.7659]. Recommendation = [0.0, 0.5178, 0.2793], Current Cost = 87500.00, Rho = 1.000
(iter 476) [0.0, 0.5178, 0.2793] = 456.0550, sampling [0.0, -0.1848, -0.0346]. Recommendation = [0.0, 0.5178, 0.2793], Current Cost = 88500.00, Rho = 1.000
(iter 476) [0.0, 0.5178, 0.2793] = 456.0550, sampling [0.0, 0.3148, -1.3289]. Recommendation = [0.0, 0.5178, 0.2793], Current Cost = 89500.00, Rho = 1.000
(iter 476) [0.0, 0.5178, 0.2793] = 456.0550, sampling [0.0, -0.0642, 0.4456]. Recommendation = [0.0, 0.5178, 0.2793], Current Cost = 90500.00, Rho = 1.000
(iter 476) [0.0, 0.5178, 0.2793] = 456.0550, sampling [0.0, -0.4780, -1.9477]. Recommendation = [0.0, 0.5178, 0.2793], Current Cost = 91500.00, Rho = 1.000
(iter 476) [0.0, 0.5178, 0.2793] = 456.0550, sampling [0.0, -1.5466, -0.4348]. Recommendation = [0.0, 0.5178, 0.2793], Current Cost = 92500.00, Rho = 1.000
(iter 476) [0.0, 0.5178, 0.2793] = 456.0550, sampling [0.0, -0.1371, -1.1490]. Recommendation = [0.0, 0.5178, 0.2793], Current Cost = 93500.00, Rho = 1.000
(iter 476) [0.0, 0.5178, 0.2793] = 456.0550, sampling [0.0, 1.0561, 1.5849]. Recommendation = [0.0, 0.5178, 0.2793], Current Cost = 94500.00, Rho = 1.000
(iter 476) [0.0, 0.5178, 0.2793] = 456.0550, sampling [0.0, -0.9595, -1.0293]. Recommendation = [0.0, 0.5178, 0.2793], Current Cost = 95500.00, Rho = 1.000
(iter 476) [0.0, 0.5178, 0.2793] = 456.0550, sampling [0.0, -0.1157, 0.8573]. Recommendation = [0.0, 0.5178, 0.2793], Current Cost = 96500.00, Rho = 1.000
(iter 476) [0.0, 0.5178, 0.2793] = 456.0550, sampling [0.0, 0.2716, -0.8439]. Recommendation = [0.0, 0.5178, 0.2793], Current Cost = 97500.00, Rho = 1.000
(iter 476) [0.0, 0.5178, 0.2793] = 456.0550, sampling [0.0, -0.9364, -0.6232]. Recommendation = [0.0, 0.5178, 0.2793], Current Cost = 98500.00, Rho = 1.000
(iter 476) [0.0, 0.5178, 0.2793] = 456.0550, sampling [0.0, 0.6134, 1.3712]. Recommendation = [0.0, 0.5178, 0.2793], Current Cost = 99500.00, Rho = 1.000
