(iter 10) [0.0, -1.2381, 1.6163] = 450.5969, sampling [1.0, -0.0384, 0.3613]. Recommendation = [0.0, -1.2381, 1.6163], Current Cost = 5005.00, Rho = 1.000
(iter 10) [0.0, -1.2381, 1.6163] = 450.5969, sampling [1.0, -0.6949, 0.5133]. Recommendation = [0.0, -1.2381, 1.6163], Current Cost = 5006.00, Rho = 1.000
(iter 10) [0.0, -1.2381, 1.6163] = 450.5969, sampling [1.0, -1.2123, 1.0761]. Recommendation = [0.0, -0.6949, 0.5133], Current Cost = 5007.00, Rho = 1.000
(iter 10) [0.0, -1.2381, 1.6163] = 450.5969, sampling [1.0, -0.2353, 0.0821]. Recommendation = [0.0, -0.6949, 0.5133], Current Cost = 5008.00, Rho = 1.000
(iter 10) [0.0, -1.2381, 1.6163] = 450.5969, sampling [1.0, -0.4078, 0.5986]. Recommendation = [0.0, -0.1694, 0.1654], Current Cost = 5009.00, Rho = 1.000
(iter 10) [0.0, -1.2381, 1.6163] = 450.5969, sampling [1.0, -1.0357, 0.6655]. Recommendation = [0.0, -0.1694, 0.1654], Current Cost = 5010.00, Rho = 1.000
(iter 10) [0.0, -1.2381, 1.6163] = 450.5969, sampling [1.0, -0.6325, 0.0743]. Recommendation = [0.0, -0.1694, 0.1654], Current Cost = 5011.00, Rho = 1.000
(iter 10) [0.0, -1.2381, 1.6163] = 450.5969, sampling [1.0, 0.0332, 0.1117]. Recommendation = [0.0, -0.2224, 0.1930], Current Cost = 5012.00, Rho = 1.000
(iter 10) [0.0, -1.2381, 1.6163] = 450.5969, sampling [1.0, 0.0506, 0.9144]. Recommendation = [0.0, -0.2224, 0.1930], Current Cost = 5013.00, Rho = 1.000
(iter 10) [0.0, -1.2381, 1.6163] = 450.5969, sampling [1.0, -0.4761, 0.2748]. Recommendation = [0.0, -0.2224, 0.1930], Current Cost = 5014.00, Rho = 1.000
(iter 10) [0.0, -1.2381, 1.6163] = 450.5969, sampling [1.0, -1.0517, 1.3390]. Recommendation = [0.0, -0.1694, 0.1654], Current Cost = 5015.00, Rho = 1.000
(iter 10) [0.0, -1.2381, 1.6163] = 450.5969, sampling [1.0, 0.4317, 0.2366]. Recommendation = [0.0, -0.1694, 0.1654], Current Cost = 5016.00, Rho = 1.000
(iter 10) [0.0, -1.2381, 1.6163] = 450.5969, sampling [1.0, 0.2938, 0.0295]. Recommendation = [0.0, 0.4317, 0.2366], Current Cost = 5017.00, Rho = 1.000
(iter 10) [0.0, -1.2381, 1.6163] = 450.5969, sampling [1.0, -0.7684, 0.7742]. Recommendation = [0.0, 0.4317, 0.2366], Current Cost = 5018.00, Rho = 1.000
(iter 10) [0.0, -1.2381, 1.6163] = 450.5969, sampling [1.0, 0.1998, 0.4382]. Recommendation = [0.0, 0.4317, 0.2366], Current Cost = 5019.00, Rho = 1.000
(iter 10) [0.0, -1.2381, 1.6163] = 450.5969, sampling [1.0, -1.0452, 0.2540]. Recommendation = [0.0, 0.4317, 0.2366], Current Cost = 5020.00, Rho = 1.000
(iter 10) [0.0, -1.2381, 1.6163] = 450.5969, sampling [1.0, -0.7835, 1.7855]. Recommendation = [0.0, 0.4317, 0.2366], Current Cost = 5021.00, Rho = 1.000
(iter 10) [0.0, -1.2381, 1.6163] = 450.5969, sampling [1.0, -0.0233, -0.0721]. Recommendation = [0.0, 0.4317, 0.2366], Current Cost = 5022.00, Rho = 1.000
(iter 10) [0.0, -1.2381, 1.6163] = 450.5969, sampling [1.0, -1.6466, 1.3833]. Recommendation = [0.0, 0.0613, -0.0372], Current Cost = 5023.00, Rho = 1.000
(iter 10) [0.0, -1.2381, 1.6163] = 450.5969, sampling [1.0, -0.2623, 0.3211]. Recommendation = [0.0, 0.0613, -0.0372], Current Cost = 5024.00, Rho = 1.000
(iter 10) [0.0, -1.2381, 1.6163] = 450.5969, sampling [1.0, -1.0304, 1.0469]. Recommendation = [0.0, 0.0613, -0.0372], Current Cost = 5025.00, Rho = 1.000
(iter 10) [0.0, -1.2381, 1.6163] = 450.5969, sampling [1.0, -0.3558, -0.1170]. Recommendation = [0.0, 0.0613, -0.0372], Current Cost = 5026.00, Rho = 1.000
(iter 10) [0.0, -1.2381, 1.6163] = 450.5969, sampling [1.0, -0.7363, 0.3087]. Recommendation = [0.0, 0.0613, -0.0372], Current Cost = 5027.00, Rho = 1.000
(iter 10) [0.0, -1.2381, 1.6163] = 450.5969, sampling [1.0, -0.8889, 0.8508]. Recommendation = [0.0, 0.0613, -0.0372], Current Cost = 5028.00, Rho = 1.000
(iter 10) [0.0, -1.2381, 1.6163] = 450.5969, sampling [1.0, -0.1134, 0.5266]. Recommendation = [0.0, 0.0613, -0.0372], Current Cost = 5029.00, Rho = 1.000
(iter 10) [0.0, -1.2381, 1.6163] = 450.5969, sampling [1.0, -0.6050, 0.6457]. Recommendation = [0.0, 0.0613, -0.0372], Current Cost = 5030.00, Rho = 1.000
(iter 10) [0.0, -1.2381, 1.6163] = 450.5969, sampling [1.0, 0.4370, 0.6743]. Recommendation = [0.0, 0.0613, -0.0372], Current Cost = 5031.00, Rho = 1.000
(iter 10) [0.0, -1.2381, 1.6163] = 450.5969, sampling [1.0, 0.4527, 0.4165]. Recommendation = [0.0, 0.0613, -0.0372], Current Cost = 5032.00, Rho = 1.000
(iter 10) [0.0, -1.2381, 1.6163] = 450.5969, sampling [1.0, 0.6834, 0.3468]. Recommendation = [0.0, 0.0613, -0.0372], Current Cost = 5033.00, Rho = 1.000
(iter 10) [0.0, -1.2381, 1.6163] = 450.5969, sampling [1.0, 0.6000, 0.2150]. Recommendation = [0.0, 0.0613, -0.0372], Current Cost = 5034.00, Rho = 1.000
(iter 10) [0.0, -1.2381, 1.6163] = 450.5969, sampling [1.0, 0.7865, 0.6395]. Recommendation = [0.0, 0.0613, -0.0372], Current Cost = 5035.00, Rho = 1.000
(iter 10) [0.0, -1.2381, 1.6163] = 450.5969, sampling [1.0, 0.6275, 1.1735]. Recommendation = [0.0, 0.0613, -0.0372], Current Cost = 5036.00, Rho = 1.000
(iter 10) [0.0, -1.2381, 1.6163] = 450.5969, sampling [1.0, 0.7685, 0.8033]. Recommendation = [0.0, 0.0613, -0.0372], Current Cost = 5037.00, Rho = 1.000
(iter 10) [0.0, -1.2381, 1.6163] = 450.5969, sampling [1.0, 0.5401, 0.8959]. Recommendation = [0.0, 0.0613, -0.0372], Current Cost = 5038.00, Rho = 1.000
(iter 10) [0.0, -1.2381, 1.6163] = 450.5969, sampling [1.0, 1.0178, 0.4783]. Recommendation = [0.0, 0.0613, -0.0372], Current Cost = 5039.00, Rho = 1.000
(iter 10) [0.0, -1.2381, 1.6163] = 450.5969, sampling [1.0, 0.7666, 0.4280]. Recommendation = [0.0, 0.0613, -0.0372], Current Cost = 5040.00, Rho = 1.000
(iter 10) [0.0, -1.2381, 1.6163] = 450.5969, sampling [1.0, -0.8639, 0.6121]. Recommendation = [0.0, 0.0613, -0.0372], Current Cost = 5041.00, Rho = 1.000
(iter 10) [0.0, -1.2381, 1.6163] = 450.5969, sampling [1.0, 1.0406, 0.9969]. Recommendation = [0.0, 0.0613, -0.0372], Current Cost = 5042.00, Rho = 1.000
(iter 10) [0.0, -1.2381, 1.6163] = 450.5969, sampling [1.0, 0.9321, 0.7489]. Recommendation = [0.0, 0.0613, -0.0372], Current Cost = 5043.00, Rho = 1.000
(iter 10) [0.0, -1.2381, 1.6163] = 450.5969, sampling [1.0, 0.8759, 1.0264]. Recommendation = [0.0, 0.0613, -0.0372], Current Cost = 5044.00, Rho = 1.000
(iter 10) [0.0, -1.2381, 1.6163] = 450.5969, sampling [1.0, 1.1913, 0.7941]. Recommendation = [0.0, 0.0613, -0.0372], Current Cost = 5045.00, Rho = 1.000
(iter 10) [0.0, -1.2381, 1.6163] = 450.5969, sampling [1.0, 0.0402, 1.4867]. Recommendation = [0.0, 0.0613, -0.0372], Current Cost = 5046.00, Rho = 1.000
(iter 10) [0.0, -1.2381, 1.6163] = 450.5969, sampling [1.0, -0.3885, -0.0109]. Recommendation = [0.0, 0.0613, -0.0372], Current Cost = 5047.00, Rho = 1.000
(iter 10) [0.0, -1.2381, 1.6163] = 450.5969, sampling [1.0, -1.1840, 0.8416]. Recommendation = [0.0, 0.0613, -0.0372], Current Cost = 5048.00, Rho = 1.000
(iter 10) [0.0, -1.2381, 1.6163] = 450.5969, sampling [1.0, -0.1441, -0.2712]. Recommendation = [0.0, 0.0613, -0.0372], Current Cost = 5049.00, Rho = 1.000
(iter 10) [0.0, -1.2381, 1.6163] = 450.5969, sampling [1.0, -0.4558, 0.4642]. Recommendation = [0.0, 0.0613, -0.0372], Current Cost = 5050.00, Rho = 1.000
(iter 10) [0.0, -1.2381, 1.6163] = 450.5969, sampling [1.0, -1.2465, 1.3072]. Recommendation = [0.0, 0.0613, -0.0372], Current Cost = 5051.00, Rho = 1.000
(iter 10) [0.0, -1.2381, 1.6163] = 450.5969, sampling [1.0, -1.1002, 1.4604]. Recommendation = [0.0, 0.0613, -0.0372], Current Cost = 5052.00, Rho = 1.000
(iter 10) [0.0, -1.2381, 1.6163] = 450.5969, sampling [1.0, -0.1666, 0.0173]. Recommendation = [0.0, 0.0613, -0.0372], Current Cost = 5053.00, Rho = 1.000
(iter 10) [0.0, -1.2381, 1.6163] = 450.5969, sampling [1.0, 0.0833, 0.3009]. Recommendation = [0.0, 0.0613, -0.0372], Current Cost = 5054.00, Rho = 1.000
(iter 10) [0.0, -1.2381, 1.6163] = 450.5969, sampling [1.0, 0.7537, 0.0592]. Recommendation = [0.0, 0.0613, -0.0372], Current Cost = 5055.00, Rho = 1.000
(iter 10) [0.0, -1.2381, 1.6163] = 450.5969, sampling [1.0, 0.3825, 0.0044]. Recommendation = [0.0, 0.0613, -0.0372], Current Cost = 5056.00, Rho = 1.000
(iter 10) [0.0, -1.2381, 1.6163] = 450.5969, sampling [1.0, -0.8865, 1.3028]. Recommendation = [0.0, 0.0613, -0.0372], Current Cost = 5057.00, Rho = 1.000
(iter 10) [0.0, -1.2381, 1.6163] = 450.5969, sampling [1.0, -0.1694, 0.1654]. Recommendation = [0.0, 0.0613, -0.0372], Current Cost = 5058.00, Rho = 1.000
(iter 10) [0.0, -1.2381, 1.6163] = 450.5969, sampling [1.0, -0.5299, 0.1492]. Recommendation = [0.0, 0.0613, -0.0372], Current Cost = 5059.00, Rho = 1.000
(iter 10) [0.0, -1.2381, 1.6163] = 450.5969, sampling [1.0, -0.6764, -0.1220]. Recommendation = [0.0, 0.0613, -0.0372], Current Cost = 5060.00, Rho = 1.000
(iter 10) [0.0, -1.2381, 1.6163] = 450.5969, sampling [1.0, 0.0613, -0.0372]. Recommendation = [0.0, 0.0613, -0.0372], Current Cost = 5061.00, Rho = 1.000
(iter 10) [0.0, -1.2381, 1.6163] = 450.5969, sampling [1.0, 1.1529, 1.2849]. Recommendation = [0.0, 0.7865, 0.6395], Current Cost = 5062.00, Rho = 1.000
(iter 10) [0.0, -1.2381, 1.6163] = 450.5969, sampling [1.0, 0.9140, 1.4114]. Recommendation = [0.0, 0.7865, 0.6395], Current Cost = 5063.00, Rho = 1.000
(iter 10) [0.0, -1.2381, 1.6163] = 450.5969, sampling [1.0, 1.3739, 1.1467]. Recommendation = [0.0, 0.7865, 0.6395], Current Cost = 5064.00, Rho = 1.000
(iter 10) [0.0, -1.2381, 1.6163] = 450.5969, sampling [1.0, 1.2861, 1.5464]. Recommendation = [0.0, 0.7865, 0.6395], Current Cost = 5065.00, Rho = 1.000
(iter 10) [0.0, -1.2381, 1.6163] = 450.5969, sampling [1.0, 1.1417, 1.7161]. Recommendation = [0.0, 0.7865, 0.6395], Current Cost = 5066.00, Rho = 1.000
(iter 10) [0.0, -1.2381, 1.6163] = 450.5969, sampling [1.0, 1.4969, 1.7494]. Recommendation = [0.0, 0.7865, 0.6395], Current Cost = 5067.00, Rho = 1.000
(iter 10) [0.0, -1.2381, 1.6163] = 450.5969, sampling [1.0, 1.4107, 1.4059]. Recommendation = [0.0, 0.7865, 0.6395], Current Cost = 5068.00, Rho = 1.000
(iter 10) [0.0, -1.2381, 1.6163] = 450.5969, sampling [1.0, 1.2226, 1.9694]. Recommendation = [0.0, 0.7865, 0.6395], Current Cost = 5069.00, Rho = 1.000
(iter 10) [0.0, -1.2381, 1.6163] = 450.5969, sampling [1.0, 0.9066, 1.9115]. Recommendation = [0.0, 0.7865, 0.6395], Current Cost = 5070.00, Rho = 1.000
(iter 10) [0.0, -1.2381, 1.6163] = 450.5969, sampling [1.0, -0.8052, 0.4594]. Recommendation = [0.0, 0.7865, 0.6395], Current Cost = 5071.00, Rho = 1.000
(iter 10) [0.0, -1.2381, 1.6163] = 450.5969, sampling [1.0, 1.1987, 1.0323]. Recommendation = [0.0, 0.7865, 0.6395], Current Cost = 5072.00, Rho = 1.000
(iter 10) [0.0, -1.2381, 1.6163] = 450.5969, sampling [1.0, 1.6793, 1.9668]. Recommendation = [0.0, 0.7865, 0.6395], Current Cost = 5073.00, Rho = 1.000
(iter 10) [0.0, -1.2381, 1.6163] = 450.5969, sampling [1.0, -0.6701, 0.8205]. Recommendation = [0.0, 0.7865, 0.6395], Current Cost = 5074.00, Rho = 1.000
(iter 10) [0.0, -1.2381, 1.6163] = 450.5969, sampling [1.0, 0.1570, 0.6531]. Recommendation = [0.0, 0.7865, 0.6395], Current Cost = 5075.00, Rho = 1.000
(iter 10) [0.0, -1.2381, 1.6163] = 450.5969, sampling [1.0, 0.9202, 0.2019]. Recommendation = [0.0, 0.7865, 0.6395], Current Cost = 5076.00, Rho = 1.000
(iter 10) [0.0, -1.2381, 1.6163] = 450.5969, sampling [1.0, 1.3091, 1.8918]. Recommendation = [0.0, 0.7865, 0.6395], Current Cost = 5077.00, Rho = 1.000
(iter 10) [0.0, -1.2381, 1.6163] = 450.5969, sampling [1.0, 1.8328, 1.5199]. Recommendation = [0.0, 0.7865, 0.6395], Current Cost = 5078.00, Rho = 1.000
(iter 10) [0.0, -1.2381, 1.6163] = 450.5969, sampling [1.0, -0.4675, -0.1957]. Recommendation = [0.0, 0.7865, 0.6395], Current Cost = 5079.00, Rho = 1.000
(iter 10) [0.0, -1.2381, 1.6163] = 450.5969, sampling [1.0, -0.0760, 0.0664]. Recommendation = [0.0, 0.7865, 0.6395], Current Cost = 5080.00, Rho = 1.000
(iter 10) [0.0, -1.2381, 1.6163] = 450.5969, sampling [1.0, -1.1738, 1.1963]. Recommendation = [0.0, 0.7865, 0.6395], Current Cost = 5081.00, Rho = 1.000
(iter 10) [0.0, -1.2381, 1.6163] = 450.5969, sampling [1.0, 1.4652, 1.9229]. Recommendation = [0.0, 0.7865, 0.6395], Current Cost = 5082.00, Rho = 1.000
(iter 10) [0.0, -1.2381, 1.6163] = 450.5969, sampling [1.0, -0.7555, 0.6604]. Recommendation = [0.0, 0.7865, 0.6395], Current Cost = 5083.00, Rho = 1.000
(iter 10) [0.0, -1.2381, 1.6163] = 450.5969, sampling [1.0, -0.2268, 0.8709]. Recommendation = [0.0, 0.7865, 0.6395], Current Cost = 5084.00, Rho = 1.000
(iter 10) [0.0, -1.2381, 1.6163] = 450.5969, sampling [1.0, 0.8289, 0.5853]. Recommendation = [0.0, 0.7865, 0.6395], Current Cost = 5085.00, Rho = 1.000
(iter 10) [0.0, -1.2381, 1.6163] = 450.5969, sampling [1.0, -1.4835, 0.5330]. Recommendation = [0.0, 0.7865, 0.6395], Current Cost = 5086.00, Rho = 1.000
(iter 10) [0.0, -1.2381, 1.6163] = 450.5969, sampling [1.0, 1.0317, 1.0563]. Recommendation = [0.0, 0.7865, 0.6395], Current Cost = 5087.00, Rho = 1.000
(iter 10) [0.0, -1.2381, 1.6163] = 450.5969, sampling [1.0, -0.1063, -0.2101]. Recommendation = [0.0, 0.7865, 0.6395], Current Cost = 5088.00, Rho = 1.000
(iter 10) [0.0, -1.2381, 1.6163] = 450.5969, sampling [1.0, 0.3120, 0.5793]. Recommendation = [0.0, 0.7865, 0.6395], Current Cost = 5089.00, Rho = 1.000
(iter 10) [0.0, -1.2381, 1.6163] = 450.5969, sampling [1.0, -0.3075, 0.5370]. Recommendation = [0.0, 0.7865, 0.6395], Current Cost = 5090.00, Rho = 1.000
(iter 10) [0.0, -1.2381, 1.6163] = 450.5969, sampling [1.0, -1.0755, 1.6692]. Recommendation = [0.0, 0.7865, 0.6395], Current Cost = 5091.00, Rho = 1.000
(iter 10) [0.0, -1.2381, 1.6163] = 450.5969, sampling [1.0, 0.1299, -0.3937]. Recommendation = [0.0, 0.7865, 0.6395], Current Cost = 5092.00, Rho = 1.000
(iter 10) [0.0, -1.2381, 1.6163] = 450.5969, sampling [1.0, 0.4895, -0.2915]. Recommendation = [0.0, 0.7865, 0.6395], Current Cost = 5093.00, Rho = 1.000
(iter 10) [0.0, -1.2381, 1.6163] = 450.5969, sampling [1.0, -0.2059, -0.4969]. Recommendation = [0.0, 0.7865, 0.6395], Current Cost = 5094.00, Rho = 1.000
(iter 10) [0.0, -1.2381, 1.6163] = 450.5969, sampling [1.0, -0.1287, -0.3732]. Recommendation = [0.0, 0.7865, 0.6395], Current Cost = 5095.00, Rho = 1.000
(iter 10) [0.0, -1.2381, 1.6163] = 450.5969, sampling [1.0, -0.5988, -0.5428]. Recommendation = [0.0, 0.7865, 0.6395], Current Cost = 5096.00, Rho = 1.000
(iter 10) [0.0, -1.2381, 1.6163] = 450.5969, sampling [1.0, 1.2019, 1.7531]. Recommendation = [0.0, 0.7865, 0.6395], Current Cost = 5097.00, Rho = 1.000
(iter 10) [0.0, -1.2381, 1.6163] = 450.5969, sampling [1.0, 1.1225, 0.8787]. Recommendation = [0.0, 0.7865, 0.6395], Current Cost = 5098.00, Rho = 1.000
(iter 10) [0.0, -1.2381, 1.6163] = 450.5969, sampling [1.0, -0.3208, -0.0278]. Recommendation = [0.0, 0.7865, 0.6395], Current Cost = 5099.00, Rho = 1.000
(iter 10) [0.0, -1.2381, 1.6163] = 450.5969, sampling [1.0, 0.9463, 0.6910]. Recommendation = [0.0, 0.7865, 0.6395], Current Cost = 5100.00, Rho = 1.000
(iter 10) [0.0, -1.2381, 1.6163] = 450.5969, sampling [1.0, -0.2224, 0.1930]. Recommendation = [0.0, 0.7865, 0.6395], Current Cost = 5101.00, Rho = 1.000
(iter 10) [0.0, -1.2381, 1.6163] = 450.5969, sampling [1.0, -0.9550, 0.5542]. Recommendation = [0.0, 0.7865, 0.6395], Current Cost = 5102.00, Rho = 1.000
(iter 10) [0.0, -1.2381, 1.6163] = 450.5969, sampling [1.0, -0.4390, 0.6971]. Recommendation = [0.0, 0.7865, 0.6395], Current Cost = 5103.00, Rho = 1.000
(iter 10) [0.0, -1.2381, 1.6163] = 450.5969, sampling [1.0, -1.2879, 1.8034]. Recommendation = [0.0, 0.7865, 0.6395], Current Cost = 5104.00, Rho = 1.000
(iter 10) [0.0, -1.2381, 1.6163] = 450.5969, sampling [1.0, -1.0069, 1.2788]. Recommendation = [0.0, 0.7865, 0.6395], Current Cost = 5105.00, Rho = 1.000
(iter 10) [0.0, -1.2381, 1.6163] = 450.5969, sampling [1.0, 0.8974, 1.6316]. Recommendation = [0.0, 0.7865, 0.6395], Current Cost = 5106.00, Rho = 1.000
(iter 10) [0.0, -1.2381, 1.6163] = 450.5969, sampling [1.0, -0.9621, -0.2333]. Recommendation = [0.0, 0.7865, 0.6395], Current Cost = 5107.00, Rho = 1.000
(iter 10) [0.0, -1.2381, 1.6163] = 450.5969, sampling [1.0, -1.1827, 1.2959]. Recommendation = [0.0, 0.7865, 0.6395], Current Cost = 5108.00, Rho = 1.000
(iter 10) [0.0, -1.2381, 1.6163] = 450.5969, sampling [1.0, -1.6789, 1.9895]. Recommendation = [0.0, 0.7865, 0.6395], Current Cost = 5109.00, Rho = 1.000
(iter 10) [0.0, -1.2381, 1.6163] = 450.5969, sampling [1.0, 0.3655, 0.8577]. Recommendation = [0.0, 0.7865, 0.6395], Current Cost = 5110.00, Rho = 1.000
(iter 10) [0.0, -1.2381, 1.6163] = 450.5969, sampling [1.0, -1.1404, 1.1413]. Recommendation = [0.0, 0.7865, 0.6395], Current Cost = 5111.00, Rho = 1.000
(iter 10) [0.0, -1.2381, 1.6163] = 450.5969, sampling [1.0, 0.7984, 1.3322]. Recommendation = [0.0, 0.7865, 0.6395], Current Cost = 5112.00, Rho = 1.000
(iter 10) [0.0, -1.2381, 1.6163] = 450.5969, sampling [1.0, -0.9390, 0.3727]. Recommendation = [0.0, 0.7865, 0.6395], Current Cost = 5113.00, Rho = 1.000
(iter 10) [0.0, -1.2381, 1.6163] = 450.5969, sampling [1.0, 0.7107, -0.2227]. Recommendation = [0.0, 0.7865, 0.6395], Current Cost = 5114.00, Rho = 1.000
(iter 10) [0.0, -1.2381, 1.6163] = 450.5969, sampling [1.0, 0.3980, -0.3632]. Recommendation = [0.0, 0.7865, 0.6395], Current Cost = 5115.00, Rho = 1.000
(iter 10) [0.0, -1.2381, 1.6163] = 450.5969, sampling [1.0, -0.5770, 1.3737]. Recommendation = [0.0, 0.7865, 0.6395], Current Cost = 5116.00, Rho = 1.000
(iter 10) [0.0, -1.2381, 1.6163] = 450.5969, sampling [1.0, -0.9453, 0.6259]. Recommendation = [0.0, 0.7865, 0.6395], Current Cost = 5117.00, Rho = 1.000
(iter 10) [0.0, -1.2381, 1.6163] = 450.5969, sampling [1.0, -0.5055, 0.2915]. Recommendation = [0.0, 0.7865, 0.6395], Current Cost = 5118.00, Rho = 1.000
(iter 10) [0.0, -1.2381, 1.6163] = 450.5969, sampling [1.0, -0.7948, 0.5026]. Recommendation = [0.0, 0.7865, 0.6395], Current Cost = 5119.00, Rho = 1.000
(iter 10) [0.0, -1.2381, 1.6163] = 450.5969, sampling [1.0, 0.1361, -0.5946]. Recommendation = [0.0, 0.7865, 0.6395], Current Cost = 5120.00, Rho = 1.000
(iter 10) [0.0, -1.2381, 1.6163] = 450.5969, sampling [1.0, 0.3309, -0.4801]. Recommendation = [0.0, 0.7865, 0.6395], Current Cost = 5121.00, Rho = 1.000
(iter 10) [0.0, -1.2381, 1.6163] = 450.5969, sampling [1.0, 1.0999, 0.2835]. Recommendation = [0.0, 0.7865, 0.6395], Current Cost = 5122.00, Rho = 1.000
(iter 10) [0.0, -1.2381, 1.6163] = 450.5969, sampling [1.0, 1.0720, 1.0205]. Recommendation = [0.0, 0.7865, 0.6395], Current Cost = 5123.00, Rho = 1.000
(iter 10) [0.0, -1.2381, 1.6163] = 450.5969, sampling [1.0, -0.9683, 1.6047]. Recommendation = [0.0, 0.7865, 0.6395], Current Cost = 5124.00, Rho = 1.000
(iter 10) [0.0, -1.2381, 1.6163] = 450.5969, sampling [1.0, 1.3137, 0.9016]. Recommendation = [0.0, 0.7865, 0.6395], Current Cost = 5125.00, Rho = 1.000
(iter 10) [0.0, -1.2381, 1.6163] = 450.5969, sampling [1.0, -0.3396, 1.0810]. Recommendation = [0.0, 0.7865, 0.6395], Current Cost = 5126.00, Rho = 1.000
(iter 10) [0.0, -1.2381, 1.6163] = 450.5969, sampling [1.0, 1.1776, 0.9578]. Recommendation = [0.0, 0.7865, 0.6395], Current Cost = 5127.00, Rho = 1.000
(iter 10) [0.0, -1.2381, 1.6163] = 450.5969, sampling [1.0, 0.3008, 0.7050]. Recommendation = [0.0, 0.7865, 0.6395], Current Cost = 5128.00, Rho = 1.000
(iter 10) [0.0, -1.2381, 1.6163] = 450.5969, sampling [1.0, 0.8418, -0.0499]. Recommendation = [0.0, 0.7865, 0.6395], Current Cost = 5129.00, Rho = 1.000
(iter 10) [0.0, -1.2381, 1.6163] = 450.5969, sampling [1.0, -0.2789, -0.7975]. Recommendation = [0.0, 0.7865, 0.6395], Current Cost = 5130.00, Rho = 1.000
(iter 10) [0.0, -1.2381, 1.6163] = 450.5969, sampling [1.0, -0.7498, 1.2272]. Recommendation = [0.0, 0.7865, 0.6395], Current Cost = 5131.00, Rho = 1.000
(iter 10) [0.0, -1.2381, 1.6163] = 450.5969, sampling [1.0, 1.1725, 1.7941]. Recommendation = [0.0, 0.7865, 0.6395], Current Cost = 5132.00, Rho = 1.000
(iter 10) [0.0, -1.2381, 1.6163] = 450.5969, sampling [1.0, 1.5510, 1.9366]. Recommendation = [0.0, 0.7865, 0.6395], Current Cost = 5133.00, Rho = 1.000
(iter 10) [0.0, -1.2381, 1.6163] = 450.5969, sampling [1.0, 0.5175, 1.9458]. Recommendation = [0.0, 0.7865, 0.6395], Current Cost = 5134.00, Rho = 1.000
(iter 10) [0.0, -1.2381, 1.6163] = 450.5969, sampling [1.0, -0.1769, -0.5607]. Recommendation = [0.0, 0.7865, 0.6395], Current Cost = 5135.00, Rho = 1.000
(iter 10) [0.0, -1.2381, 1.6163] = 450.5969, sampling [1.0, -1.4075, 1.0932]. Recommendation = [0.0, 0.7865, 0.6395], Current Cost = 5136.00, Rho = 1.000
(iter 10) [0.0, -1.2381, 1.6163] = 450.5969, sampling [1.0, 0.4619, 0.3936]. Recommendation = [0.0, 0.7865, 0.6395], Current Cost = 5137.00, Rho = 1.000
(iter 10) [0.0, -1.2381, 1.6163] = 450.5969, sampling [1.0, 1.3808, 1.4532]. Recommendation = [0.0, 0.7865, 0.6395], Current Cost = 5138.00, Rho = 1.000
(iter 10) [0.0, -1.2381, 1.6163] = 450.5969, sampling [1.0, 0.8184, 0.0979]. Recommendation = [0.0, 0.7865, 0.6395], Current Cost = 5139.00, Rho = 1.000
(iter 10) [0.0, -1.2381, 1.6163] = 450.5969, sampling [1.0, -1.9728, 1.9574]. Recommendation = [0.0, 0.7865, 0.6395], Current Cost = 5140.00, Rho = 1.000
(iter 10) [0.0, -1.2381, 1.6163] = 450.5969, sampling [1.0, -0.7668, 1.4791]. Recommendation = [0.0, 0.7865, 0.6395], Current Cost = 5141.00, Rho = 1.000
(iter 10) [0.0, -1.2381, 1.6163] = 450.5969, sampling [1.0, 1.5137, 0.5677]. Recommendation = [0.0, 0.7865, 0.6395], Current Cost = 5142.00, Rho = 1.000
(iter 10) [0.0, -1.2381, 1.6163] = 450.5969, sampling [1.0, 0.0749, -0.6685]. Recommendation = [0.0, 0.7865, 0.6395], Current Cost = 5143.00, Rho = 1.000
(iter 10) [0.0, -1.2381, 1.6163] = 450.5969, sampling [1.0, 0.5665, -0.4375]. Recommendation = [0.0, 0.7865, 0.6395], Current Cost = 5144.00, Rho = 1.000
(iter 10) [0.0, -1.2381, 1.6163] = 450.5969, sampling [1.0, 0.4658, 1.2339]. Recommendation = [0.0, 0.7865, 0.6395], Current Cost = 5145.00, Rho = 1.000
(iter 10) [0.0, -1.2381, 1.6163] = 450.5969, sampling [1.0, -0.1521, -0.3444]. Recommendation = [0.0, 0.7865, 0.6395], Current Cost = 5146.00, Rho = 1.000
(iter 10) [0.0, -1.2381, 1.6163] = 450.5969, sampling [1.0, 0.4110, -0.3164]. Recommendation = [0.0, 0.7865, 0.6395], Current Cost = 5147.00, Rho = 1.000
(iter 10) [0.0, -1.2381, 1.6163] = 450.5969, sampling [1.0, -0.4638, -0.7396]. Recommendation = [0.0, 0.7865, 0.6395], Current Cost = 5148.00, Rho = 1.000
(iter 10) [0.0, -1.2381, 1.6163] = 450.5969, sampling [1.0, -0.4893, -0.1703]. Recommendation = [0.0, 0.7865, 0.6395], Current Cost = 5149.00, Rho = 1.000
(iter 10) [0.0, -1.2381, 1.6163] = 450.5969, sampling [1.0, 0.3888, 0.7678]. Recommendation = [0.0, 0.7865, 0.6395], Current Cost = 5150.00, Rho = 1.000
(iter 10) [0.0, -1.2381, 1.6163] = 450.5969, sampling [1.0, -1.4968, 1.4710]. Recommendation = [0.0, 0.7865, 0.6395], Current Cost = 5151.00, Rho = 1.000
(iter 10) [0.0, -1.2381, 1.6163] = 450.5969, sampling [1.0, -1.0121, -0.8235]. Recommendation = [0.0, 0.7865, 0.6395], Current Cost = 5152.00, Rho = 1.000
(iter 10) [0.0, -1.2381, 1.6163] = 450.5969, sampling [1.0, 0.8938, 1.4915]. Recommendation = [0.0, 0.7865, 0.6395], Current Cost = 5153.00, Rho = 1.000
(iter 10) [0.0, -1.2381, 1.6163] = 450.5969, sampling [1.0, -0.5571, 1.1070]. Recommendation = [0.0, 0.7865, 0.6395], Current Cost = 5154.00, Rho = 1.000
(iter 10) [0.0, -1.2381, 1.6163] = 450.5969, sampling [1.0, -1.2043, 0.7325]. Recommendation = [0.0, 0.7865, 0.6395], Current Cost = 5155.00, Rho = 1.000
(iter 10) [0.0, -1.2381, 1.6163] = 450.5969, sampling [1.0, -1.0172, 0.6858]. Recommendation = [0.0, 0.7865, 0.6395], Current Cost = 5156.00, Rho = 1.000
(iter 10) [0.0, -1.2381, 1.6163] = 450.5969, sampling [1.0, 0.6414, 1.4363]. Recommendation = [0.0, 0.7865, 0.6395], Current Cost = 5157.00, Rho = 1.000
(iter 10) [0.0, -1.2381, 1.6163] = 450.5969, sampling [1.0, 0.2156, -0.6996]. Recommendation = [0.0, 0.7865, 0.6395], Current Cost = 5158.00, Rho = 1.000
(iter 10) [0.0, -1.2381, 1.6163] = 450.5969, sampling [1.0, -0.0719, -0.8722]. Recommendation = [0.0, 0.7865, 0.6395], Current Cost = 5159.00, Rho = 1.000
(iter 10) [0.0, -1.2381, 1.6163] = 450.5969, sampling [1.0, 0.4767, -0.5833]. Recommendation = [0.0, 0.7865, 0.6395], Current Cost = 5160.00, Rho = 1.000
(iter 10) [0.0, -1.2381, 1.6163] = 450.5969, sampling [1.0, -0.9828, -0.0466]. Recommendation = [0.0, 0.7865, 0.6395], Current Cost = 5161.00, Rho = 1.000
(iter 10) [0.0, -1.2381, 1.6163] = 450.5969, sampling [1.0, -0.9306, 0.6031]. Recommendation = [0.0, 0.7865, 0.6395], Current Cost = 5162.00, Rho = 1.000
(iter 10) [0.0, -1.2381, 1.6163] = 450.5969, sampling [1.0, 0.4168, -0.4077]. Recommendation = [0.0, 0.7865, 0.6395], Current Cost = 5163.00, Rho = 1.000
(iter 10) [0.0, -1.2381, 1.6163] = 450.5969, sampling [1.0, -1.0613, 1.7116]. Recommendation = [0.0, 0.7865, 0.6395], Current Cost = 5164.00, Rho = 1.000
(iter 10) [0.0, -1.2381, 1.6163] = 450.5969, sampling [1.0, 0.3756, -0.5219]. Recommendation = [0.0, 0.7865, 0.6395], Current Cost = 5165.00, Rho = 1.000
(iter 10) [0.0, -1.2381, 1.6163] = 450.5969, sampling [1.0, 1.1476, 1.6969]. Recommendation = [0.0, 0.7865, 0.6395], Current Cost = 5166.00, Rho = 1.000
(iter 10) [0.0, -1.2381, 1.6163] = 450.5969, sampling [1.0, -0.3633, 1.8499]. Recommendation = [0.0, 0.7865, 0.6395], Current Cost = 5167.00, Rho = 1.000
(iter 10) [0.0, -1.2381, 1.6163] = 450.5969, sampling [1.0, 1.6562, 1.8235]. Recommendation = [0.0, 0.7865, 0.6395], Current Cost = 5168.00, Rho = 1.000
(iter 10) [0.0, -1.2381, 1.6163] = 450.5969, sampling [1.0, 0.9796, 0.1580]. Recommendation = [0.0, 0.7865, 0.6395], Current Cost = 5169.00, Rho = 1.000
(iter 10) [0.0, -1.2381, 1.6163] = 450.5969, sampling [1.0, 0.6731, -0.4105]. Recommendation = [0.0, 0.7865, 0.6395], Current Cost = 5170.00, Rho = 1.000
(iter 10) [0.0, -1.2381, 1.6163] = 450.5969, sampling [1.0, -1.1239, 0.3434]. Recommendation = [0.0, 0.7865, 0.6395], Current Cost = 5171.00, Rho = 1.000
(iter 10) [0.0, -1.2381, 1.6163] = 450.5969, sampling [1.0, 0.1637, -0.7800]. Recommendation = [0.0, 0.7865, 0.6395], Current Cost = 5172.00, Rho = 1.000
(iter 10) [0.0, -1.2381, 1.6163] = 450.5969, sampling [1.0, -0.8243, -0.3242]. Recommendation = [0.0, 0.7865, 0.6395], Current Cost = 5173.00, Rho = 1.000
(iter 10) [0.0, -1.2381, 1.6163] = 450.5969, sampling [1.0, -1.3516, 0.8295]. Recommendation = [0.0, 0.7865, 0.6395], Current Cost = 5174.00, Rho = 1.000
(iter 10) [0.0, -1.2381, 1.6163] = 450.5969, sampling [1.0, -1.5750, 1.5584]. Recommendation = [0.0, 0.7865, 0.6395], Current Cost = 5175.00, Rho = 1.000
(iter 10) [0.0, -1.2381, 1.6163] = 450.5969, sampling [1.0, -0.1842, 0.9494]. Recommendation = [0.0, 0.7865, 0.6395], Current Cost = 5176.00, Rho = 1.000
(iter 10) [0.0, -1.2381, 1.6163] = 450.5969, sampling [1.0, 1.4536, 1.0111]. Recommendation = [0.0, 0.7865, 0.6395], Current Cost = 5177.00, Rho = 1.000
(iter 10) [0.0, -1.2381, 1.6163] = 450.5969, sampling [1.0, 0.7470, 1.3153]. Recommendation = [0.0, 0.7865, 0.6395], Current Cost = 5178.00, Rho = 1.000
(iter 10) [0.0, -1.2381, 1.6163] = 450.5969, sampling [1.0, 0.7266, -0.3071]. Recommendation = [0.0, 0.7865, 0.6395], Current Cost = 5179.00, Rho = 1.000
(iter 10) [0.0, -1.2381, 1.6163] = 450.5969, sampling [1.0, -0.5233, -0.6294]. Recommendation = [0.0, 0.7865, 0.6395], Current Cost = 5180.00, Rho = 1.000
(iter 10) [0.0, -1.2381, 1.6163] = 450.5969, sampling [1.0, -0.0592, 1.2535]. Recommendation = [0.0, 0.7865, 0.6395], Current Cost = 5181.00, Rho = 1.000
(iter 10) [0.0, -1.2381, 1.6163] = 450.5969, sampling [1.0, -1.1602, 0.1135]. Recommendation = [0.0, 0.7865, 0.6395], Current Cost = 5182.00, Rho = 1.000
(iter 10) [0.0, -1.2381, 1.6163] = 450.5969, sampling [1.0, -0.4088, -1.0539]. Recommendation = [0.0, 0.7865, 0.6395], Current Cost = 5183.00, Rho = 1.000
(iter 10) [0.0, -1.2381, 1.6163] = 450.5969, sampling [1.0, 0.1020, -1.0250]. Recommendation = [0.0, 0.7865, 0.6395], Current Cost = 5184.00, Rho = 1.000
(iter 10) [0.0, -1.2381, 1.6163] = 450.5969, sampling [1.0, 0.2693, -0.8682]. Recommendation = [0.0, 0.7865, 0.6395], Current Cost = 5185.00, Rho = 1.000
(iter 10) [0.0, -1.2381, 1.6163] = 450.5969, sampling [1.0, 1.5791, 1.4990]. Recommendation = [0.0, 0.7865, 0.6395], Current Cost = 5186.00, Rho = 1.000
(iter 10) [0.0, -1.2381, 1.6163] = 450.5969, sampling [1.0, -0.8198, 1.5415]. Recommendation = [0.0, 0.7865, 0.6395], Current Cost = 5187.00, Rho = 1.000
(iter 10) [0.0, -1.2381, 1.6163] = 450.5969, sampling [1.0, 1.9007, 1.9939]. Recommendation = [0.0, 0.7865, 0.6395], Current Cost = 5188.00, Rho = 1.000
(iter 10) [0.0, -1.2381, 1.6163] = 450.5969, sampling [1.0, 0.1246, -0.6739]. Recommendation = [0.0, 0.7865, 0.6395], Current Cost = 5189.00, Rho = 1.000
(iter 10) [0.0, -1.2381, 1.6163] = 450.5969, sampling [1.0, 0.5529, -0.6828]. Recommendation = [0.0, 0.7865, 0.6395], Current Cost = 5190.00, Rho = 1.000
(iter 10) [0.0, -1.2381, 1.6163] = 450.5969, sampling [1.0, 0.3267, 1.2649]. Recommendation = [0.0, 0.7865, 0.6395], Current Cost = 5191.00, Rho = 1.000
(iter 10) [0.0, -1.2381, 1.6163] = 450.5969, sampling [1.0, -0.1211, -0.8326]. Recommendation = [0.0, 0.7865, 0.6395], Current Cost = 5192.00, Rho = 1.000
(iter 10) [0.0, -1.2381, 1.6163] = 450.5969, sampling [1.0, -0.0850, -1.1453]. Recommendation = [0.0, 0.7865, 0.6395], Current Cost = 5193.00, Rho = 1.000
(iter 10) [0.0, -1.2381, 1.6163] = 450.5969, sampling [1.0, -0.7084, 1.2106]. Recommendation = [0.0, 0.7865, 0.6395], Current Cost = 5194.00, Rho = 1.000
(iter 10) [0.0, -1.2381, 1.6163] = 450.5969, sampling [1.0, 0.9528, 1.8432]. Recommendation = [0.0, 0.7865, 0.6395], Current Cost = 5195.00, Rho = 1.000
(iter 10) [0.0, -1.2381, 1.6163] = 450.5969, sampling [1.0, -0.3774, -0.7457]. Recommendation = [0.0, 0.7865, 0.6395], Current Cost = 5196.00, Rho = 1.000
(iter 10) [0.0, -1.2381, 1.6163] = 450.5969, sampling [1.0, -0.8792, 1.7294]. Recommendation = [0.0, 0.7865, 0.6395], Current Cost = 5197.00, Rho = 1.000
(iter 10) [0.0, -1.2381, 1.6163] = 450.5969, sampling [1.0, 1.2364, 0.0131]. Recommendation = [0.0, 0.7865, 0.6395], Current Cost = 5198.00, Rho = 1.000
(iter 10) [0.0, -1.2381, 1.6163] = 450.5969, sampling [1.0, -1.9255, -0.3339]. Recommendation = [0.0, 0.7865, 0.6395], Current Cost = 5199.00, Rho = 1.000
(iter 10) [0.0, -1.2381, 1.6163] = 450.5969, sampling [1.0, -0.6988, -0.5548]. Recommendation = [0.0, 0.7865, 0.6395], Current Cost = 5200.00, Rho = 1.000
(iter 10) [0.0, -1.2381, 1.6163] = 450.5969, sampling [1.0, 1.4306, 1.1559]. Recommendation = [0.0, 0.7865, 0.6395], Current Cost = 5201.00, Rho = 1.000
(iter 10) [0.0, -1.2381, 1.6163] = 450.5969, sampling [1.0, -1.6852, 1.6437]. Recommendation = [0.0, 0.7865, 0.6395], Current Cost = 5202.00, Rho = 1.000
(iter 10) [0.0, -1.2381, 1.6163] = 450.5969, sampling [1.0, 0.7296, 1.7610]. Recommendation = [0.0, 0.7865, 0.6395], Current Cost = 5203.00, Rho = 1.000
(iter 10) [0.0, -1.2381, 1.6163] = 450.5969, sampling [1.0, 1.3510, 0.7803]. Recommendation = [0.0, 0.7865, 0.6395], Current Cost = 5204.00, Rho = 1.000
(iter 10) [0.0, -1.2381, 1.6163] = 450.5969, sampling [1.0, -0.6515, 1.5657]. Recommendation = [0.0, 0.7865, 0.6395], Current Cost = 5205.00, Rho = 1.000
(iter 10) [0.0, -1.2381, 1.6163] = 450.5969, sampling [1.0, 0.6100, 1.3503]. Recommendation = [0.0, 0.7865, 0.6395], Current Cost = 5206.00, Rho = 1.000
(iter 10) [0.0, -1.2381, 1.6163] = 450.5969, sampling [1.0, 1.0549, 0.2178]. Recommendation = [0.0, 0.7865, 0.6395], Current Cost = 5207.00, Rho = 1.000
(iter 10) [0.0, -1.2381, 1.6163] = 450.5969, sampling [1.0, -0.6133, -0.7068]. Recommendation = [0.0, 0.7865, 0.6395], Current Cost = 5208.00, Rho = 1.000
(iter 10) [0.0, -1.2381, 1.6163] = 450.5969, sampling [1.0, 0.9993, -0.2563]. Recommendation = [0.0, 0.7865, 0.6395], Current Cost = 5209.00, Rho = 1.000
(iter 10) [0.0, -1.2381, 1.6163] = 450.5969, sampling [1.0, -1.4445, 0.9886]. Recommendation = [0.0, 0.7865, 0.6395], Current Cost = 5210.00, Rho = 1.000
(iter 10) [0.0, -1.2381, 1.6163] = 450.5969, sampling [1.0, 0.5217, 1.5336]. Recommendation = [0.0, 0.7865, 0.6395], Current Cost = 5211.00, Rho = 1.000
(iter 10) [0.0, -1.2381, 1.6163] = 450.5969, sampling [1.0, -0.0027, -1.0431]. Recommendation = [0.0, 0.7865, 0.6395], Current Cost = 5212.00, Rho = 1.000
(iter 10) [0.0, -1.2381, 1.6163] = 450.5969, sampling [1.0, 0.6934, 1.3669]. Recommendation = [0.0, 0.7865, 0.6395], Current Cost = 5213.00, Rho = 1.000
(iter 10) [0.0, -1.2381, 1.6163] = 450.5969, sampling [1.0, 0.1829, -0.6906]. Recommendation = [0.0, 0.7865, 0.6395], Current Cost = 5214.00, Rho = 1.000
(iter 10) [0.0, -1.2381, 1.6163] = 450.5969, sampling [1.0, 0.3391, -0.9006]. Recommendation = [0.0, 0.7865, 0.6395], Current Cost = 5215.00, Rho = 1.000
(iter 10) [0.0, -1.2381, 1.6163] = 450.5969, sampling [1.0, 0.2015, -0.9987]. Recommendation = [0.0, 0.7865, 0.6395], Current Cost = 5216.00, Rho = 1.000
(iter 10) [0.0, -1.2381, 1.6163] = 450.5969, sampling [1.0, -1.3196, 0.7525]. Recommendation = [0.0, 0.7865, 0.6395], Current Cost = 5217.00, Rho = 1.000
(iter 10) [0.0, -1.2381, 1.6163] = 450.5969, sampling [1.0, 0.5813, -0.8072]. Recommendation = [0.0, 0.7865, 0.6395], Current Cost = 5218.00, Rho = 1.000
(iter 10) [0.0, -1.2381, 1.6163] = 450.5969, sampling [1.0, 0.8810, -0.4908]. Recommendation = [0.0, 0.7865, 0.6395], Current Cost = 5219.00, Rho = 1.000
(iter 10) [0.0, -1.2381, 1.6163] = 450.5969, sampling [1.0, -0.2658, -1.3553]. Recommendation = [0.0, 0.7865, 0.6395], Current Cost = 5220.00, Rho = 1.000
(iter 10) [0.0, -1.2381, 1.6163] = 450.5969, sampling [1.0, 1.5578, 1.0996]. Recommendation = [0.0, 0.7865, 0.6395], Current Cost = 5221.00, Rho = 1.000
(iter 10) [0.0, -1.2381, 1.6163] = 450.5969, sampling [1.0, 0.2460, -1.2022]. Recommendation = [0.0, 0.7865, 0.6395], Current Cost = 5222.00, Rho = 1.000
(iter 10) [0.0, -1.2381, 1.6163] = 450.5969, sampling [1.0, 1.6369, 1.5941]. Recommendation = [0.0, 0.7865, 0.6395], Current Cost = 5223.00, Rho = 1.000
(iter 10) [0.0, -1.2381, 1.6163] = 450.5969, sampling [1.0, -0.4436, 1.5771]. Recommendation = [0.0, 0.7865, 0.6395], Current Cost = 5224.00, Rho = 1.000
(iter 10) [0.0, -1.2381, 1.6163] = 450.5969, sampling [1.0, 0.0927, -1.1699]. Recommendation = [0.0, 0.7865, 0.6395], Current Cost = 5225.00, Rho = 1.000
(iter 10) [0.0, -1.2381, 1.6163] = 450.5969, sampling [1.0, 0.5015, -1.0189]. Recommendation = [0.0, 0.7865, 0.6395], Current Cost = 5226.00, Rho = 1.000
(iter 10) [0.0, -1.2381, 1.6163] = 450.5969, sampling [1.0, 1.2725, 0.2319]. Recommendation = [0.0, 0.7865, 0.6395], Current Cost = 5227.00, Rho = 1.000
(iter 10) [0.0, -1.2381, 1.6163] = 450.5969, sampling [1.0, 1.2932, 0.8869]. Recommendation = [0.0, 0.7865, 0.6395], Current Cost = 5228.00, Rho = 1.000
(iter 10) [0.0, -1.2381, 1.6163] = 450.5969, sampling [1.0, -1.5629, 1.0652]. Recommendation = [0.0, 0.7865, 0.6395], Current Cost = 5229.00, Rho = 1.000
(iter 10) [0.0, -1.2381, 1.6163] = 450.5969, sampling [1.0, 0.2586, 1.3956]. Recommendation = [0.0, 0.7865, 0.6395], Current Cost = 5230.00, Rho = 1.000
(iter 10) [0.0, -1.2381, 1.6163] = 450.5969, sampling [1.0, -0.8678, -0.4265]. Recommendation = [0.0, 0.7865, 0.6395], Current Cost = 5231.00, Rho = 1.000
(iter 10) [0.0, -1.2381, 1.6163] = 450.5969, sampling [1.0, -0.6304, -1.3483]. Recommendation = [0.0, 0.7865, 0.6395], Current Cost = 5232.00, Rho = 1.000
(iter 10) [0.0, -1.2381, 1.6163] = 450.5969, sampling [1.0, 0.0221, -1.5199]. Recommendation = [0.0, 0.7865, 0.6395], Current Cost = 5233.00, Rho = 1.000
(iter 10) [0.0, -1.2381, 1.6163] = 450.5969, sampling [1.0, 0.1889, 1.8826]. Recommendation = [0.0, 0.7865, 0.6395], Current Cost = 5234.00, Rho = 1.000
(iter 10) [0.0, -1.2381, 1.6163] = 450.5969, sampling [1.0, 1.4882, 0.8400]. Recommendation = [0.0, 0.7865, 0.6395], Current Cost = 5235.00, Rho = 1.000
(iter 10) [0.0, -1.2381, 1.6163] = 450.5969, sampling [1.0, -0.2539, -1.2241]. Recommendation = [0.0, 0.7865, 0.6395], Current Cost = 5236.00, Rho = 1.000
(iter 10) [0.0, -1.2381, 1.6163] = 450.5969, sampling [1.0, -1.7741, 1.8986]. Recommendation = [0.0, 0.7865, 0.6395], Current Cost = 5237.00, Rho = 1.000
(iter 10) [0.0, -1.2381, 1.6163] = 450.5969, sampling [1.0, 0.1730, -1.1056]. Recommendation = [0.0, 0.7865, 0.6395], Current Cost = 5238.00, Rho = 1.000
(iter 10) [0.0, -1.2381, 1.6163] = 450.5969, sampling [1.0, -0.5040, -1.9330]. Recommendation = [0.0, 0.7865, 0.6395], Current Cost = 5239.00, Rho = 1.000
(iter 10) [0.0, -1.2381, 1.6163] = 450.5969, sampling [1.0, 1.9972, 1.1188]. Recommendation = [0.0, 0.7865, 0.6395], Current Cost = 5240.00, Rho = 1.000
(iter 10) [0.0, -1.2381, 1.6163] = 450.5969, sampling [1.0, 0.9380, -0.3775]. Recommendation = [0.0, 0.7865, 0.6395], Current Cost = 5241.00, Rho = 1.000
(iter 10) [0.0, -1.2381, 1.6163] = 450.5969, sampling [1.0, 0.7124, 1.9169]. Recommendation = [0.0, 0.7865, 0.6395], Current Cost = 5242.00, Rho = 1.000
(iter 10) [0.0, -1.2381, 1.6163] = 450.5969, sampling [1.0, -0.2113, 0.9403]. Recommendation = [0.0, 0.7865, 0.6395], Current Cost = 5243.00, Rho = 1.000
(iter 10) [0.0, -1.2381, 1.6163] = 450.5969, sampling [1.0, -0.5197, -1.1177]. Recommendation = [0.0, 0.7865, 0.6395], Current Cost = 5244.00, Rho = 1.000
(iter 10) [0.0, -1.2381, 1.6163] = 450.5969, sampling [1.0, -0.0924, 1.4193]. Recommendation = [0.0, 0.7865, 0.6395], Current Cost = 5245.00, Rho = 1.000
(iter 10) [0.0, -1.2381, 1.6163] = 450.5969, sampling [1.0, -0.6863, -0.6067]. Recommendation = [0.0, 0.7865, 0.6395], Current Cost = 5246.00, Rho = 1.000
(iter 10) [0.0, -1.2381, 1.6163] = 450.5969, sampling [1.0, 0.8365, -0.8615]. Recommendation = [0.0, 0.7865, 0.6395], Current Cost = 5247.00, Rho = 1.000
(iter 10) [0.0, -1.2381, 1.6163] = 450.5969, sampling [1.0, 0.2818, -1.4169]. Recommendation = [0.0, 0.7865, 0.6395], Current Cost = 5248.00, Rho = 1.000
(iter 10) [0.0, -1.2381, 1.6163] = 450.5969, sampling [1.0, 0.5288, 1.7214]. Recommendation = [0.0, 0.7865, 0.6395], Current Cost = 5249.00, Rho = 1.000
(iter 10) [0.0, -1.2381, 1.6163] = 450.5969, sampling [1.0, -1.8875, 1.4283]. Recommendation = [0.0, 0.7865, 0.6395], Current Cost = 5250.00, Rho = 1.000
(iter 10) [0.0, -1.2381, 1.6163] = 450.5969, sampling [1.0, -0.5426, 1.3586]. Recommendation = [0.0, 0.7865, 0.6395], Current Cost = 5251.00, Rho = 1.000
(iter 10) [0.0, -1.2381, 1.6163] = 450.5969, sampling [1.0, -0.5665, 1.6331]. Recommendation = [0.0, 0.7865, 0.6395], Current Cost = 5252.00, Rho = 1.000
(iter 10) [0.0, -1.2381, 1.6163] = 450.5969, sampling [1.0, -1.0934, -0.0916]. Recommendation = [0.0, 0.7865, 0.6395], Current Cost = 5253.00, Rho = 1.000
(iter 10) [0.0, -1.2381, 1.6163] = 450.5969, sampling [1.0, -0.9102, -0.6119]. Recommendation = [0.0, 0.7865, 0.6395], Current Cost = 5254.00, Rho = 1.000
(iter 10) [0.0, -1.2381, 1.6163] = 450.5969, sampling [1.0, 0.3156, -0.9279]. Recommendation = [0.0, 0.7865, 0.6395], Current Cost = 5255.00, Rho = 1.000
(iter 10) [0.0, -1.2381, 1.6163] = 450.5969, sampling [1.0, -1.5135, 0.9082]. Recommendation = [0.0, 0.7865, 0.6395], Current Cost = 5256.00, Rho = 1.000
(iter 10) [0.0, -1.2381, 1.6163] = 450.5969, sampling [1.0, 0.3499, 1.3267]. Recommendation = [0.0, 0.7865, 0.6395], Current Cost = 5257.00, Rho = 1.000
(iter 10) [0.0, -1.2381, 1.6163] = 450.5969, sampling [1.0, 0.0032, 1.2616]. Recommendation = [0.0, 0.7865, 0.6395], Current Cost = 5258.00, Rho = 1.000
(iter 10) [0.0, -1.2381, 1.6163] = 450.5969, sampling [1.0, 0.3528, -1.2690]. Recommendation = [0.0, 0.7865, 0.6395], Current Cost = 5259.00, Rho = 1.000
(iter 10) [0.0, -1.2381, 1.6163] = 450.5969, sampling [1.0, 1.6474, 1.4438]. Recommendation = [0.0, 0.7865, 0.6395], Current Cost = 5260.00, Rho = 1.000
(iter 10) [0.0, -1.2381, 1.6163] = 450.5969, sampling [1.0, 1.4169, 0.3786]. Recommendation = [0.0, 0.7865, 0.6395], Current Cost = 5261.00, Rho = 1.000
(iter 10) [0.0, -1.2381, 1.6163] = 450.5969, sampling [1.0, -0.4164, -1.2484]. Recommendation = [0.0, 0.7865, 0.6395], Current Cost = 5262.00, Rho = 1.000
(iter 10) [0.0, -1.2381, 1.6163] = 450.5969, sampling [1.0, 0.5846, -0.9851]. Recommendation = [0.0, 0.7865, 0.6395], Current Cost = 5263.00, Rho = 1.000
(iter 10) [0.0, -1.2381, 1.6163] = 450.5969, sampling [1.0, -0.1938, 1.6912]. Recommendation = [0.0, 0.7865, 0.6395], Current Cost = 5264.00, Rho = 1.000
(iter 10) [0.0, -1.2381, 1.6163] = 450.5969, sampling [1.0, -0.8451, -1.0114]. Recommendation = [0.0, 0.7865, 0.6395], Current Cost = 5265.00, Rho = 1.000
(iter 10) [0.0, -1.2381, 1.6163] = 450.5969, sampling [1.0, -0.0968, -1.1958]. Recommendation = [0.0, 0.7865, 0.6395], Current Cost = 5266.00, Rho = 1.000
(iter 10) [0.0, -1.2381, 1.6163] = 450.5969, sampling [1.0, -0.3325, -1.5451]. Recommendation = [0.0, 0.7865, 0.6395], Current Cost = 5267.00, Rho = 1.000
(iter 10) [0.0, -1.2381, 1.6163] = 450.5969, sampling [1.0, 0.1168, -1.7801]. Recommendation = [0.0, 0.7865, 0.6395], Current Cost = 5268.00, Rho = 1.000
(iter 10) [0.0, -1.2381, 1.6163] = 450.5969, sampling [1.0, 0.5495, -1.3065]. Recommendation = [0.0, 0.7865, 0.6395], Current Cost = 5269.00, Rho = 1.000
(iter 10) [0.0, -1.2381, 1.6163] = 450.5969, sampling [1.0, 1.5406, -0.0810]. Recommendation = [0.0, 0.7865, 0.6395], Current Cost = 5270.00, Rho = 1.000
(iter 10) [0.0, -1.2381, 1.6163] = 450.5969, sampling [1.0, -1.0663, -0.3030]. Recommendation = [0.0, 0.7865, 0.6395], Current Cost = 5271.00, Rho = 1.000
(iter 10) [0.0, -1.2381, 1.6163] = 450.5969, sampling [1.0, -0.4852, 1.8731]. Recommendation = [0.0, 0.7865, 0.6395], Current Cost = 5272.00, Rho = 1.000
(iter 10) [0.0, -1.2381, 1.6163] = 450.5969, sampling [1.0, -1.4278, 0.6161]. Recommendation = [0.0, 0.7865, 0.6395], Current Cost = 5273.00, Rho = 1.000
(iter 10) [0.0, -1.2381, 1.6163] = 450.5969, sampling [1.0, 1.0930, 0.2691]. Recommendation = [0.0, 0.7865, 0.6395], Current Cost = 5274.00, Rho = 1.000
(iter 10) [0.0, -1.2381, 1.6163] = 450.5969, sampling [1.0, 1.6917, 1.5747]. Recommendation = [0.0, 0.7865, 0.6395], Current Cost = 5275.00, Rho = 1.000
(iter 10) [0.0, -1.2381, 1.6163] = 450.5969, sampling [1.0, 0.6661, 1.7735]. Recommendation = [0.0, 0.7865, 0.6395], Current Cost = 5276.00, Rho = 1.000
(iter 10) [0.0, -1.2381, 1.6163] = 450.5969, sampling [1.0, -1.2668, 0.1295]. Recommendation = [0.0, 0.7865, 0.6395], Current Cost = 5277.00, Rho = 1.000
(iter 10) [0.0, -1.2381, 1.6163] = 450.5969, sampling [1.0, 1.0569, -0.3596]. Recommendation = [0.0, 0.7865, 0.6395], Current Cost = 5278.00, Rho = 1.000
(iter 10) [0.0, -1.2381, 1.6163] = 450.5969, sampling [1.0, -0.0126, 1.6106]. Recommendation = [0.0, 0.7865, 0.6395], Current Cost = 5279.00, Rho = 1.000
(iter 10) [0.0, -1.2381, 1.6163] = 450.5969, sampling [1.0, -1.3011, -1.9029]. Recommendation = [0.0, 0.7865, 0.6395], Current Cost = 5280.00, Rho = 1.000
(iter 10) [0.0, -1.2381, 1.6163] = 450.5969, sampling [1.0, -0.0436, -1.7024]. Recommendation = [0.0, 0.7865, 0.6395], Current Cost = 5281.00, Rho = 1.000
(iter 10) [0.0, -1.2381, 1.6163] = 450.5969, sampling [1.0, 0.9721, -0.7734]. Recommendation = [0.0, 0.7865, 0.6395], Current Cost = 5282.00, Rho = 1.000
(iter 10) [0.0, -1.2381, 1.6163] = 450.5969, sampling [1.0, -0.3692, 1.6536]. Recommendation = [0.0, 0.7865, 0.6395], Current Cost = 5283.00, Rho = 1.000
(iter 10) [0.0, -1.2381, 1.6163] = 450.5969, sampling [1.0, -1.7473, 1.2029]. Recommendation = [0.0, 0.7865, 0.6395], Current Cost = 5284.00, Rho = 1.000
(iter 10) [0.0, -1.2381, 1.6163] = 450.5969, sampling [1.0, 0.2386, -1.1620]. Recommendation = [0.0, 0.7865, 0.6395], Current Cost = 5285.00, Rho = 1.000
(iter 10) [0.0, -1.2381, 1.6163] = 450.5969, sampling [1.0, -1.6046, 0.7130]. Recommendation = [0.0, 0.7865, 0.6395], Current Cost = 5286.00, Rho = 1.000
(iter 10) [0.0, -1.2381, 1.6163] = 450.5969, sampling [1.0, 0.6614, -1.2169]. Recommendation = [0.0, 0.7865, 0.6395], Current Cost = 5287.00, Rho = 1.000
(iter 10) [0.0, -1.2381, 1.6163] = 450.5969, sampling [1.0, -0.8998, -0.4512]. Recommendation = [0.0, 0.7865, 0.6395], Current Cost = 5288.00, Rho = 1.000
(iter 10) [0.0, -1.2381, 1.6163] = 450.5969, sampling [1.0, 1.2668, 0.1406]. Recommendation = [0.0, 0.7865, 0.6395], Current Cost = 5289.00, Rho = 1.000
(iter 10) [0.0, -1.2381, 1.6163] = 450.5969, sampling [1.0, 0.4061, -1.8628]. Recommendation = [0.0, 0.7865, 0.6395], Current Cost = 5290.00, Rho = 1.000
(iter 10) [0.0, -1.2381, 1.6163] = 450.5969, sampling [1.0, -0.1425, -1.9766]. Recommendation = [0.0, 0.7865, 0.6395], Current Cost = 5291.00, Rho = 1.000
(iter 10) [0.0, -1.2381, 1.6163] = 450.5969, sampling [1.0, 0.6489, 1.9763]. Recommendation = [0.0, 0.7865, 0.6395], Current Cost = 5292.00, Rho = 1.000
(iter 10) [0.0, -1.2381, 1.6163] = 450.5969, sampling [1.0, 0.0147, 1.8610]. Recommendation = [0.0, 0.7865, 0.6395], Current Cost = 5293.00, Rho = 1.000
(iter 10) [0.0, -1.2381, 1.6163] = 450.5969, sampling [1.0, 0.1083, 1.5200]. Recommendation = [0.0, 0.7865, 0.6395], Current Cost = 5294.00, Rho = 1.000
(iter 10) [0.0, -1.2381, 1.6163] = 450.5969, sampling [1.0, 0.4807, 1.6819]. Recommendation = [0.0, 0.7865, 0.6395], Current Cost = 5295.00, Rho = 1.000
(iter 10) [0.0, -1.2381, 1.6163] = 450.5969, sampling [1.0, 0.6321, 1.1764]. Recommendation = [0.0, 0.7865, 0.6395], Current Cost = 5296.00, Rho = 1.000
(iter 10) [0.0, -1.2381, 1.6163] = 450.5969, sampling [1.0, -0.2452, -1.6519]. Recommendation = [0.0, 0.7865, 0.6395], Current Cost = 5297.00, Rho = 1.000
(iter 10) [0.0, -1.2381, 1.6163] = 450.5969, sampling [1.0, -1.8978, 1.6627]. Recommendation = [0.0, 0.7865, 0.6395], Current Cost = 5298.00, Rho = 1.000
(iter 10) [0.0, -1.2381, 1.6163] = 450.5969, sampling [1.0, -1.4743, 0.9611]. Recommendation = [0.0, 0.7865, 0.6395], Current Cost = 5299.00, Rho = 1.000
(iter 10) [0.0, -1.2381, 1.6163] = 450.5969, sampling [1.0, 1.6504, 0.9283]. Recommendation = [0.0, 0.7865, 0.6395], Current Cost = 5300.00, Rho = 1.000
(iter 10) [0.0, -1.2381, 1.6163] = 450.5969, sampling [1.0, 0.6189, -1.5613]. Recommendation = [0.0, 0.7865, 0.6395], Current Cost = 5301.00, Rho = 1.000
(iter 10) [0.0, -1.2381, 1.6163] = 450.5969, sampling [1.0, -1.7885, 1.9340]. Recommendation = [0.0, 0.7865, 0.6395], Current Cost = 5302.00, Rho = 1.000
(iter 10) [0.0, -1.2381, 1.6163] = 450.5969, sampling [1.0, 0.8131, -0.9381]. Recommendation = [0.0, 0.7865, 0.6395], Current Cost = 5303.00, Rho = 1.000
(iter 10) [0.0, -1.2381, 1.6163] = 450.5969, sampling [1.0, 0.6961, 1.8648]. Recommendation = [0.0, 0.7865, 0.6395], Current Cost = 5304.00, Rho = 1.000
(iter 10) [0.0, -1.2381, 1.6163] = 450.5969, sampling [1.0, -0.0502, -1.5872]. Recommendation = [0.0, 0.7865, 0.6395], Current Cost = 5305.00, Rho = 1.000
(iter 10) [0.0, -1.2381, 1.6163] = 450.5969, sampling [1.0, -1.2521, -0.1887]. Recommendation = [0.0, 0.7865, 0.6395], Current Cost = 5306.00, Rho = 1.000
(iter 10) [0.0, -1.2381, 1.6163] = 450.5969, sampling [1.0, -1.0813, -0.6403]. Recommendation = [0.0, 0.7865, 0.6395], Current Cost = 5307.00, Rho = 1.000
(iter 10) [0.0, -1.2381, 1.6163] = 450.5969, sampling [1.0, 1.7808, 0.4525]. Recommendation = [0.0, 0.7865, 0.6395], Current Cost = 5308.00, Rho = 1.000
(iter 10) [0.0, -1.2381, 1.6163] = 450.5969, sampling [1.0, 0.9637, -1.0699]. Recommendation = [0.0, 0.7865, 0.6395], Current Cost = 5309.00, Rho = 1.000
(iter 10) [0.0, -1.2381, 1.6163] = 450.5969, sampling [1.0, -1.4690, 0.4414]. Recommendation = [0.0, 0.7865, 0.6395], Current Cost = 5310.00, Rho = 1.000
(iter 10) [0.0, -1.2381, 1.6163] = 450.5969, sampling [1.0, -0.4262, -1.6561]. Recommendation = [0.0, 0.7865, 0.6395], Current Cost = 5311.00, Rho = 1.000
(iter 10) [0.0, -1.2381, 1.6163] = 450.5969, sampling [1.0, -0.3995, -1.2913]. Recommendation = [0.0, 0.7865, 0.6395], Current Cost = 5312.00, Rho = 1.000
(iter 10) [0.0, -1.2381, 1.6163] = 450.5969, sampling [1.0, 0.0669, 1.7369]. Recommendation = [0.0, 0.7865, 0.6395], Current Cost = 5313.00, Rho = 1.000
(iter 10) [0.0, -1.2381, 1.6163] = 450.5969, sampling [1.0, 1.0688, -0.4669]. Recommendation = [0.0, 0.7865, 0.6395], Current Cost = 5314.00, Rho = 1.000
(iter 10) [0.0, -1.2381, 1.6163] = 450.5969, sampling [1.0, 0.2172, -1.9708]. Recommendation = [0.0, 0.7865, 0.6395], Current Cost = 5315.00, Rho = 1.000
(iter 10) [0.0, -1.2381, 1.6163] = 450.5969, sampling [1.0, -1.9444, 1.0016]. Recommendation = [0.0, 0.7865, 0.6395], Current Cost = 5316.00, Rho = 1.000
(iter 10) [0.0, -1.2381, 1.6163] = 450.5969, sampling [1.0, -0.5485, -1.3309]. Recommendation = [0.0, 0.7865, 0.6395], Current Cost = 5317.00, Rho = 1.000
(iter 10) [0.0, -1.2381, 1.6163] = 450.5969, sampling [1.0, -1.4558, 0.1721]. Recommendation = [0.0, 0.7865, 0.6395], Current Cost = 5318.00, Rho = 1.000
(iter 10) [0.0, -1.2381, 1.6163] = 450.5969, sampling [1.0, 0.7813, -1.2112]. Recommendation = [0.0, 0.7865, 0.6395], Current Cost = 5319.00, Rho = 1.000
(iter 10) [0.0, -1.2381, 1.6163] = 450.5969, sampling [1.0, 1.3986, -0.4611]. Recommendation = [0.0, 0.7865, 0.6395], Current Cost = 5320.00, Rho = 1.000
(iter 10) [0.0, -1.2381, 1.6163] = 450.5969, sampling [1.0, -0.7358, -1.5267]. Recommendation = [0.0, 0.7865, 0.6395], Current Cost = 5321.00, Rho = 1.000
(iter 10) [0.0, -1.2381, 1.6163] = 450.5969, sampling [1.0, -0.2845, -1.7483]. Recommendation = [0.0, 0.7865, 0.6395], Current Cost = 5322.00, Rho = 1.000
(iter 10) [0.0, -1.2381, 1.6163] = 450.5969, sampling [1.0, -0.2915, 1.8154]. Recommendation = [0.0, 0.7865, 0.6395], Current Cost = 5323.00, Rho = 1.000
(iter 10) [0.0, -1.2381, 1.6163] = 450.5969, sampling [1.0, -1.2193, -0.5196]. Recommendation = [0.0, 0.7865, 0.6395], Current Cost = 5324.00, Rho = 1.000
(iter 10) [0.0, -1.2381, 1.6163] = 450.5969, sampling [1.0, 0.5752, -1.3706]. Recommendation = [0.0, 0.7865, 0.6395], Current Cost = 5325.00, Rho = 1.000
(iter 10) [0.0, -1.2381, 1.6163] = 450.5969, sampling [1.0, 1.1321, -0.9109]. Recommendation = [0.0, 0.7865, 0.6395], Current Cost = 5326.00, Rho = 1.000
(iter 10) [0.0, -1.2381, 1.6163] = 450.5969, sampling [1.0, 1.8839, 1.5878]. Recommendation = [0.0, 0.7865, 0.6395], Current Cost = 5327.00, Rho = 1.000
(iter 10) [0.0, -1.2381, 1.6163] = 450.5969, sampling [1.0, -0.0317, -1.8821]. Recommendation = [0.0, 0.7865, 0.6395], Current Cost = 5328.00, Rho = 1.000
(iter 10) [0.0, -1.2381, 1.6163] = 450.5969, sampling [1.0, -1.9325, 1.8328]. Recommendation = [0.0, 0.7865, 0.6395], Current Cost = 5329.00, Rho = 1.000
(iter 10) [0.0, -1.2381, 1.6163] = 450.5969, sampling [1.0, -1.3608, -0.0662]. Recommendation = [0.0, 0.7865, 0.6395], Current Cost = 5330.00, Rho = 1.000
(iter 10) [0.0, -1.2381, 1.6163] = 450.5969, sampling [1.0, -0.3175, -1.4961]. Recommendation = [0.0, 0.7865, 0.6395], Current Cost = 5331.00, Rho = 1.000
(iter 10) [0.0, -1.2381, 1.6163] = 450.5969, sampling [1.0, 1.9641, -0.6579]. Recommendation = [0.0, 0.7865, 0.6395], Current Cost = 5332.00, Rho = 1.000
(iter 10) [0.0, -1.2381, 1.6163] = 450.5969, sampling [1.0, 0.5996, -1.8760]. Recommendation = [0.0, 0.7865, 0.6395], Current Cost = 5333.00, Rho = 1.000
(iter 10) [0.0, -1.2381, 1.6163] = 450.5969, sampling [1.0, 1.4004, 0.3293]. Recommendation = [0.0, 0.7865, 0.6395], Current Cost = 5334.00, Rho = 1.000
(iter 10) [0.0, -1.2381, 1.6163] = 450.5969, sampling [1.0, -0.9913, -0.9505]. Recommendation = [0.0, 0.7865, 0.6395], Current Cost = 5335.00, Rho = 1.000
(iter 10) [0.0, -1.2381, 1.6163] = 450.5969, sampling [1.0, 0.1475, 1.7781]. Recommendation = [0.0, 0.7865, 0.6395], Current Cost = 5336.00, Rho = 1.000
(iter 10) [0.0, -1.2381, 1.6163] = 450.5969, sampling [1.0, 1.2243, -0.0167]. Recommendation = [0.0, 0.7865, 0.6395], Current Cost = 5337.00, Rho = 1.000
(iter 10) [0.0, -1.2381, 1.6163] = 450.5969, sampling [1.0, 0.2534, -1.8341]. Recommendation = [0.0, 0.7865, 0.6395], Current Cost = 5338.00, Rho = 1.000
(iter 10) [0.0, -1.2381, 1.6163] = 450.5969, sampling [1.0, -1.6333, 0.5049]. Recommendation = [0.0, 0.7865, 0.6395], Current Cost = 5339.00, Rho = 1.000
(iter 10) [0.0, -1.2381, 1.6163] = 450.5969, sampling [1.0, 1.5331, 0.1911]. Recommendation = [0.0, 0.7865, 0.6395], Current Cost = 5340.00, Rho = 1.000
(iter 10) [0.0, -1.2381, 1.6163] = 450.5969, sampling [1.0, 0.8703, -0.9310]. Recommendation = [0.0, 0.7865, 0.6395], Current Cost = 5341.00, Rho = 1.000
(iter 10) [0.0, -1.2381, 1.6163] = 450.5969, sampling [1.0, -1.1957, -1.0939]. Recommendation = [0.0, 0.7865, 0.6395], Current Cost = 5342.00, Rho = 1.000
(iter 10) [0.0, -1.2381, 1.6163] = 450.5969, sampling [1.0, -0.5854, -1.7752]. Recommendation = [0.0, 0.7865, 0.6395], Current Cost = 5343.00, Rho = 1.000
(iter 10) [0.0, -1.2381, 1.6163] = 450.5969, sampling [1.0, 1.7285, 0.7410]. Recommendation = [0.0, 0.7865, 0.6395], Current Cost = 5344.00, Rho = 1.000
(iter 10) [0.0, -1.2381, 1.6163] = 450.5969, sampling [1.0, 0.4463, -1.9987]. Recommendation = [0.0, 0.7865, 0.6395], Current Cost = 5345.00, Rho = 1.000
(iter 10) [0.0, -1.2381, 1.6163] = 450.5969, sampling [1.0, 0.0274, -1.7983]. Recommendation = [0.0, 0.7865, 0.6395], Current Cost = 5346.00, Rho = 1.000
(iter 10) [0.0, -1.2381, 1.6163] = 450.5969, sampling [1.0, 0.9860, -0.8411]. Recommendation = [0.0, 0.7865, 0.6395], Current Cost = 5347.00, Rho = 1.000
(iter 10) [0.0, -1.2381, 1.6163] = 450.5969, sampling [1.0, 0.8555, -1.2600]. Recommendation = [0.0, 0.7865, 0.6395], Current Cost = 5348.00, Rho = 1.000
(iter 10) [0.0, -1.2381, 1.6163] = 450.5969, sampling [1.0, -1.7070, 0.7858]. Recommendation = [0.0, 0.7865, 0.6395], Current Cost = 5349.00, Rho = 1.000
(iter 10) [0.0, -1.2381, 1.6163] = 450.5969, sampling [1.0, 1.5651, 0.4016]. Recommendation = [0.0, 0.7865, 0.6395], Current Cost = 5350.00, Rho = 1.000
(iter 10) [0.0, -1.2381, 1.6163] = 450.5969, sampling [1.0, 0.8616, -1.9499]. Recommendation = [0.0, 0.7865, 0.6395], Current Cost = 5351.00, Rho = 1.000
(iter 10) [0.0, -1.2381, 1.6163] = 450.5969, sampling [1.0, -1.3267, -0.3880]. Recommendation = [0.0, 0.7865, 0.6395], Current Cost = 5352.00, Rho = 1.000
(iter 10) [0.0, -1.2381, 1.6163] = 450.5969, sampling [1.0, 1.9764, 1.5060]. Recommendation = [0.0, 0.7865, 0.6395], Current Cost = 5353.00, Rho = 1.000
(iter 10) [0.0, -1.2381, 1.6163] = 450.5969, sampling [1.0, -1.5224, 0.2604]. Recommendation = [0.0, 0.7865, 0.6395], Current Cost = 5354.00, Rho = 1.000
(iter 10) [0.0, -1.2381, 1.6163] = 450.5969, sampling [1.0, 1.7204, 0.9758]. Recommendation = [0.0, 0.7865, 0.6395], Current Cost = 5355.00, Rho = 1.000
(iter 10) [0.0, -1.2381, 1.6163] = 450.5969, sampling [1.0, -1.2628, -0.8319]. Recommendation = [0.0, 0.7865, 0.6395], Current Cost = 5356.00, Rho = 1.000
(iter 10) [0.0, -1.2381, 1.6163] = 450.5969, sampling [1.0, -0.6206, -1.3966]. Recommendation = [0.0, 0.7865, 0.6395], Current Cost = 5357.00, Rho = 1.000
(iter 10) [0.0, -1.2381, 1.6163] = 450.5969, sampling [1.0, -0.3486, -1.7045]. Recommendation = [0.0, 0.7865, 0.6395], Current Cost = 5358.00, Rho = 1.000
(iter 10) [0.0, -1.2381, 1.6163] = 450.5969, sampling [1.0, -0.7138, -1.6814]. Recommendation = [0.0, 0.7865, 0.6395], Current Cost = 5359.00, Rho = 1.000
(iter 10) [0.0, -1.2381, 1.6163] = 450.5969, sampling [1.0, 1.4351, -0.2268]. Recommendation = [0.0, 0.7865, 0.6395], Current Cost = 5360.00, Rho = 1.000
(iter 10) [0.0, -1.2381, 1.6163] = 450.5969, sampling [1.0, 0.7429, -1.7528]. Recommendation = [0.0, 0.7865, 0.6395], Current Cost = 5361.00, Rho = 1.000
(iter 10) [0.0, -1.2381, 1.6163] = 450.5969, sampling [1.0, -0.8538, -0.9782]. Recommendation = [0.0, 0.7865, 0.6395], Current Cost = 5362.00, Rho = 1.000
(iter 10) [0.0, -1.2381, 1.6163] = 450.5969, sampling [1.0, -1.3373, -0.2517]. Recommendation = [0.0, 0.7865, 0.6395], Current Cost = 5363.00, Rho = 1.000
(iter 10) [0.0, -1.2381, 1.6163] = 450.5969, sampling [1.0, 1.0149, -1.4513]. Recommendation = [0.0, 0.7865, 0.6395], Current Cost = 5364.00, Rho = 1.000
(iter 10) [0.0, -1.2381, 1.6163] = 450.5969, sampling [1.0, -0.8371, -1.9671]. Recommendation = [0.0, 0.7865, 0.6395], Current Cost = 5365.00, Rho = 1.000
(iter 10) [0.0, -1.2381, 1.6163] = 450.5969, sampling [1.0, -1.9794, 0.4806]. Recommendation = [0.0, 0.7865, 0.6395], Current Cost = 5366.00, Rho = 1.000
(iter 10) [0.0, -1.2381, 1.6163] = 450.5969, sampling [1.0, -0.9970, -1.5711]. Recommendation = [0.0, 0.7865, 0.6395], Current Cost = 5367.00, Rho = 1.000
(iter 10) [0.0, -1.2381, 1.6163] = 450.5969, sampling [1.0, -1.8905, 1.2433]. Recommendation = [0.0, 0.7865, 0.6395], Current Cost = 5368.00, Rho = 1.000
(iter 10) [0.0, -1.2381, 1.6163] = 450.5969, sampling [1.0, 1.8672, 1.2162]. Recommendation = [0.0, 0.7865, 0.6395], Current Cost = 5369.00, Rho = 1.000
(iter 10) [0.0, -1.2381, 1.6163] = 450.5969, sampling [1.0, 1.0831, -0.4442]. Recommendation = [0.0, 0.7865, 0.6395], Current Cost = 5370.00, Rho = 1.000
(iter 10) [0.0, -1.2381, 1.6163] = 450.5969, sampling [1.0, -1.1102, -0.9198]. Recommendation = [0.0, 0.7865, 0.6395], Current Cost = 5371.00, Rho = 1.000
(iter 10) [0.0, -1.2381, 1.6163] = 450.5969, sampling [1.0, 1.1194, -1.2406]. Recommendation = [0.0, 0.7865, 0.6395], Current Cost = 5372.00, Rho = 1.000
(iter 10) [0.0, -1.2381, 1.6163] = 450.5969, sampling [1.0, -1.7795, 1.1335]. Recommendation = [0.0, 0.7865, 0.6395], Current Cost = 5373.00, Rho = 1.000
(iter 10) [0.0, -1.2381, 1.6163] = 450.5969, sampling [1.0, -1.9567, -1.4880]. Recommendation = [0.0, 0.7865, 0.6395], Current Cost = 5374.00, Rho = 1.000
(iter 10) [0.0, -1.2381, 1.6163] = 450.5969, sampling [1.0, -1.5109, 0.4895]. Recommendation = [0.0, 0.7865, 0.6395], Current Cost = 5375.00, Rho = 1.000
(iter 10) [0.0, -1.2381, 1.6163] = 450.5969, sampling [1.0, -1.5600, 1.0536]. Recommendation = [0.0, 0.7865, 0.6395], Current Cost = 5376.00, Rho = 1.000
(iter 10) [0.0, -1.2381, 1.6163] = 450.5969, sampling [1.0, 0.2770, -1.9041]. Recommendation = [0.0, 0.7865, 0.6395], Current Cost = 5377.00, Rho = 1.000
(iter 10) [0.0, -1.2381, 1.6163] = 450.5969, sampling [1.0, -1.3859, -0.1457]. Recommendation = [0.0, 0.7865, 0.6395], Current Cost = 5378.00, Rho = 1.000
(iter 10) [0.0, -1.2381, 1.6163] = 450.5969, sampling [1.0, 1.7994, -1.9554]. Recommendation = [0.0, 0.7865, 0.6395], Current Cost = 5379.00, Rho = 1.000
(iter 10) [0.0, -1.2381, 1.6163] = 450.5969, sampling [1.0, -1.6195, 0.1216]. Recommendation = [0.0, 0.7865, 0.6395], Current Cost = 5380.00, Rho = 1.000
(iter 10) [0.0, -1.2381, 1.6163] = 450.5969, sampling [1.0, 1.8108, 0.9837]. Recommendation = [0.0, 0.7865, 0.6395], Current Cost = 5381.00, Rho = 1.000
(iter 10) [0.0, -1.2381, 1.6163] = 450.5969, sampling [1.0, -1.1172, -0.6521]. Recommendation = [0.0, 0.7865, 0.6395], Current Cost = 5382.00, Rho = 1.000
(iter 10) [0.0, -1.2381, 1.6163] = 450.5969, sampling [1.0, -1.5910, 0.5457]. Recommendation = [0.0, 0.7865, 0.6395], Current Cost = 5383.00, Rho = 1.000
(iter 10) [0.0, -1.2381, 1.6163] = 450.5969, sampling [1.0, -1.9404, 1.6792]. Recommendation = [0.0, 0.7865, 0.6395], Current Cost = 5384.00, Rho = 1.000
(iter 10) [0.0, -1.2381, 1.6163] = 450.5969, sampling [1.0, -1.2908, -0.5490]. Recommendation = [0.0, 0.7865, 0.6395], Current Cost = 5385.00, Rho = 1.000
(iter 10) [0.0, -1.2381, 1.6163] = 450.5969, sampling [1.0, 1.5991, 0.0950]. Recommendation = [0.0, 0.7865, 0.6395], Current Cost = 5386.00, Rho = 1.000
(iter 10) [0.0, -1.2381, 1.6163] = 450.5969, sampling [1.0, -1.6541, 0.3153]. Recommendation = [0.0, 0.7865, 0.6395], Current Cost = 5387.00, Rho = 1.000
(iter 10) [0.0, -1.2381, 1.6163] = 450.5969, sampling [1.0, -0.7917, -1.8053]. Recommendation = [0.0, 0.7865, 0.6395], Current Cost = 5388.00, Rho = 1.000
(iter 10) [0.0, -1.2381, 1.6163] = 450.5969, sampling [1.0, 1.0042, -0.8135]. Recommendation = [0.0, 0.7865, 0.6395], Current Cost = 5389.00, Rho = 1.000
(iter 10) [0.0, -1.2381, 1.6163] = 450.5969, sampling [1.0, 1.9300, 0.2413]. Recommendation = [0.0, 0.7865, 0.6395], Current Cost = 5390.00, Rho = 1.000
(iter 10) [0.0, -1.2381, 1.6163] = 450.5969, sampling [1.0, 0.5082, -1.9409]. Recommendation = [0.0, 0.7865, 0.6395], Current Cost = 5391.00, Rho = 1.000
(iter 10) [0.0, -1.2381, 1.6163] = 450.5969, sampling [1.0, -0.6439, -1.8237]. Recommendation = [0.0, 0.7865, 0.6395], Current Cost = 5392.00, Rho = 1.000
(iter 10) [0.0, -1.2381, 1.6163] = 450.5969, sampling [1.0, 1.0329, -1.7132]. Recommendation = [0.0, 0.7865, 0.6395], Current Cost = 5393.00, Rho = 1.000
(iter 10) [0.0, -1.2381, 1.6163] = 450.5969, sampling [1.0, -1.1546, -1.4113]. Recommendation = [0.0, 0.7865, 0.6395], Current Cost = 5394.00, Rho = 1.000
(iter 10) [0.0, -1.2381, 1.6163] = 450.5969, sampling [1.0, 1.3247, -1.0962]. Recommendation = [0.0, 0.7865, 0.6395], Current Cost = 5395.00, Rho = 1.000
(iter 10) [0.0, -1.2381, 1.6163] = 450.5969, sampling [1.0, 1.7419, 0.9222]. Recommendation = [0.0, 0.7865, 0.6395], Current Cost = 5396.00, Rho = 1.000
(iter 10) [0.0, -1.2381, 1.6163] = 450.5969, sampling [1.0, -0.9189, -1.7220]. Recommendation = [0.0, 0.7865, 0.6395], Current Cost = 5397.00, Rho = 1.000
(iter 10) [0.0, -1.2381, 1.6163] = 450.5969, sampling [0.0, 1.0317, 1.0563]. Recommendation = [0.0, 0.7865, 0.6395], Current Cost = 5398.00, Rho = 1.000
(iter 403) [0.0, 1.0317, 1.0563] = 456.2923, sampling [0.0, 0.7865, 0.6395]. Recommendation = [0.0, 0.7865, 0.6395], Current Cost = 6398.00, Rho = 1.000
(iter 403) [0.0, 1.0317, 1.0563] = 456.2923, sampling [1.0, -1.3979, -0.7347]. Recommendation = [0.0, 1.0317, 1.0563], Current Cost = 7398.00, Rho = 1.000
(iter 403) [0.0, 1.0317, 1.0563] = 456.2923, sampling [1.0, 0.8012, -1.2360]. Recommendation = [0.0, 1.0317, 1.0563], Current Cost = 7399.00, Rho = 1.000
(iter 403) [0.0, 1.0317, 1.0563] = 456.2923, sampling [1.0, 1.6166, 0.4149]. Recommendation = [0.0, 1.0317, 1.0563], Current Cost = 7400.00, Rho = 1.000
(iter 403) [0.0, 1.0317, 1.0563] = 456.2923, sampling [1.0, -0.7206, -1.6287]. Recommendation = [0.0, 1.0317, 1.0563], Current Cost = 7401.00, Rho = 1.000
(iter 403) [0.0, 1.0317, 1.0563] = 456.2923, sampling [1.0, -1.5377, 0.1761]. Recommendation = [0.0, 1.0317, 1.0563], Current Cost = 7402.00, Rho = 1.000
(iter 403) [0.0, 1.0317, 1.0563] = 456.2923, sampling [1.0, -1.8116, 1.1867]. Recommendation = [0.0, 1.0317, 1.0563], Current Cost = 7403.00, Rho = 1.000
(iter 403) [0.0, 1.0317, 1.0563] = 456.2923, sampling [1.0, -1.1485, -0.9747]. Recommendation = [0.0, 1.0317, 1.0563], Current Cost = 7404.00, Rho = 1.000
(iter 403) [0.0, 1.0317, 1.0563] = 456.2923, sampling [1.0, -1.9107, 1.3862]. Recommendation = [0.0, 1.0317, 1.0563], Current Cost = 7405.00, Rho = 1.000
(iter 403) [0.0, 1.0317, 1.0563] = 456.2923, sampling [1.0, -1.7411, 0.8132]. Recommendation = [0.0, 1.0317, 1.0563], Current Cost = 7406.00, Rho = 1.000
(iter 403) [0.0, 1.0317, 1.0563] = 456.2923, sampling [1.0, -0.3001, 1.8285]. Recommendation = [0.0, 1.0317, 1.0563], Current Cost = 7407.00, Rho = 1.000
(iter 403) [0.0, 1.0317, 1.0563] = 456.2923, sampling [1.0, 1.2103, -1.3872]. Recommendation = [0.0, 1.0317, 1.0563], Current Cost = 7408.00, Rho = 1.000
(iter 403) [0.0, 1.0317, 1.0563] = 456.2923, sampling [1.0, 1.4818, -0.4193]. Recommendation = [0.0, 1.0317, 1.0563], Current Cost = 7409.00, Rho = 1.000
(iter 403) [0.0, 1.0317, 1.0563] = 456.2923, sampling [1.0, -1.8288, 0.5693]. Recommendation = [0.0, 1.0317, 1.0563], Current Cost = 7410.00, Rho = 1.000
(iter 403) [0.0, 1.0317, 1.0563] = 456.2923, sampling [1.0, -1.5290, -0.6340]. Recommendation = [0.0, 1.0317, 1.0563], Current Cost = 7411.00, Rho = 1.000
(iter 403) [0.0, 1.0317, 1.0563] = 456.2923, sampling [1.0, 1.5245, -0.1637]. Recommendation = [0.0, 1.0317, 1.0563], Current Cost = 7412.00, Rho = 1.000
(iter 403) [0.0, 1.0317, 1.0563] = 456.2923, sampling [1.0, -1.7558, 0.0385]. Recommendation = [0.0, 1.0317, 1.0563], Current Cost = 7413.00, Rho = 1.000
(iter 403) [0.0, 1.0317, 1.0563] = 456.2923, sampling [1.0, -1.3813, -0.1079]. Recommendation = [0.0, 1.0317, 1.0563], Current Cost = 7414.00, Rho = 1.000
(iter 403) [0.0, 1.0317, 1.0563] = 456.2923, sampling [1.0, -1.3741, -1.1268]. Recommendation = [0.0, 1.0317, 1.0563], Current Cost = 7415.00, Rho = 1.000
(iter 403) [0.0, 1.0317, 1.0563] = 456.2923, sampling [1.0, 1.7860, -0.0076]. Recommendation = [0.0, 1.0317, 1.0563], Current Cost = 7416.00, Rho = 1.000
(iter 403) [0.0, 1.0317, 1.0563] = 456.2923, sampling [1.0, 1.1112, -1.9151]. Recommendation = [0.0, 1.0317, 1.0563], Current Cost = 7417.00, Rho = 1.000
(iter 403) [0.0, 1.0317, 1.0563] = 456.2923, sampling [0.0, 1.1529, 1.2849]. Recommendation = [0.0, 1.0317, 1.0563], Current Cost = 7418.00, Rho = 1.000
(iter 403) [0.0, 1.0317, 1.0563] = 456.2923, sampling [1.0, -0.9209, -1.9261]. Recommendation = [0.0, 1.0317, 1.0563], Current Cost = 8418.00, Rho = 1.000
(iter 403) [0.0, 1.0317, 1.0563] = 456.2923, sampling [1.0, 1.7588, 0.7211]. Recommendation = [0.0, 1.0317, 1.0563], Current Cost = 8419.00, Rho = 1.000
(iter 403) [0.0, 1.0317, 1.0563] = 456.2923, sampling [1.0, -1.7025, -0.2436]. Recommendation = [0.0, 1.0317, 1.0563], Current Cost = 8420.00, Rho = 1.000
(iter 403) [0.0, 1.0317, 1.0563] = 456.2923, sampling [1.0, 1.6115, -1.0068]. Recommendation = [0.0, 1.0317, 1.0563], Current Cost = 8421.00, Rho = 1.000
(iter 403) [0.0, 1.0317, 1.0563] = 456.2923, sampling [1.0, -1.3044, -0.7915]. Recommendation = [0.0, 1.0317, 1.0563], Current Cost = 8422.00, Rho = 1.000
(iter 403) [0.0, 1.0317, 1.0563] = 456.2923, sampling [1.0, -1.3353, -1.2825]. Recommendation = [0.0, 1.0317, 1.0563], Current Cost = 8423.00, Rho = 1.000
(iter 403) [0.0, 1.0317, 1.0563] = 456.2923, sampling [1.0, -1.8754, 0.3547]. Recommendation = [0.0, 1.0317, 1.0563], Current Cost = 8424.00, Rho = 1.000
(iter 403) [0.0, 1.0317, 1.0563] = 456.2923, sampling [1.0, -1.6584, -0.8913]. Recommendation = [0.0, 1.0317, 1.0563], Current Cost = 8425.00, Rho = 1.000
(iter 403) [0.0, 1.0317, 1.0563] = 456.2923, sampling [1.0, -1.2753, -1.6893]. Recommendation = [0.0, 1.0317, 1.0563], Current Cost = 8426.00, Rho = 1.000
(iter 403) [0.0, 1.0317, 1.0563] = 456.2923, sampling [1.0, -1.2315, -1.1437]. Recommendation = [0.0, 1.0317, 1.0563], Current Cost = 8427.00, Rho = 1.000
(iter 403) [0.0, 1.0317, 1.0563] = 456.2923, sampling [1.0, 1.5858, -0.1378]. Recommendation = [0.0, 1.0317, 1.0563], Current Cost = 8428.00, Rho = 1.000
(iter 403) [0.0, 1.0317, 1.0563] = 456.2923, sampling [1.0, 1.3317, -1.1857]. Recommendation = [0.0, 1.0317, 1.0563], Current Cost = 8429.00, Rho = 1.000
(iter 403) [0.0, 1.0317, 1.0563] = 456.2923, sampling [1.0, -1.8204, 1.1640]. Recommendation = [0.0, 1.0317, 1.0563], Current Cost = 8430.00, Rho = 1.000
(iter 403) [0.0, 1.0317, 1.0563] = 456.2923, sampling [1.0, 1.9382, 0.3878]. Recommendation = [0.0, 1.0317, 1.0563], Current Cost = 8431.00, Rho = 1.000
(iter 403) [0.0, 1.0317, 1.0563] = 456.2923, sampling [1.0, 1.9137, -0.2729]. Recommendation = [0.0, 1.0317, 1.0563], Current Cost = 8432.00, Rho = 1.000
(iter 403) [0.0, 1.0317, 1.0563] = 456.2923, sampling [1.0, 1.2411, -1.4842]. Recommendation = [0.0, 1.0317, 1.0563], Current Cost = 8433.00, Rho = 1.000
(iter 403) [0.0, 1.0317, 1.0563] = 456.2923, sampling [1.0, -1.1353, -1.4692]. Recommendation = [0.0, 1.0317, 1.0563], Current Cost = 8434.00, Rho = 1.000
(iter 403) [0.0, 1.0317, 1.0563] = 456.2923, sampling [1.0, -1.9964, -0.0601]. Recommendation = [0.0, 1.0317, 1.0563], Current Cost = 8435.00, Rho = 1.000
(iter 403) [0.0, 1.0317, 1.0563] = 456.2923, sampling [1.0, -1.6116, -1.9886]. Recommendation = [0.0, 1.0317, 1.0563], Current Cost = 8436.00, Rho = 1.000
(iter 403) [0.0, 1.0317, 1.0563] = 456.2923, sampling [1.0, -0.5745, -1.7881]. Recommendation = [0.0, 1.0317, 1.0563], Current Cost = 8437.00, Rho = 1.000
(iter 403) [0.0, 1.0317, 1.0563] = 456.2923, sampling [1.0, 1.6078, -1.3187]. Recommendation = [0.0, 1.0317, 1.0563], Current Cost = 8438.00, Rho = 1.000
(iter 403) [0.0, 1.0317, 1.0563] = 456.2923, sampling [1.0, -1.7124, -0.6176]. Recommendation = [0.0, 1.0317, 1.0563], Current Cost = 8439.00, Rho = 1.000
(iter 403) [0.0, 1.0317, 1.0563] = 456.2923, sampling [1.0, 1.6831, -0.7603]. Recommendation = [0.0, 1.0317, 1.0563], Current Cost = 8440.00, Rho = 1.000
(iter 403) [0.0, 1.0317, 1.0563] = 456.2923, sampling [1.0, -0.8156, -1.8268]. Recommendation = [0.0, 1.0317, 1.0563], Current Cost = 8441.00, Rho = 1.000
(iter 403) [0.0, 1.0317, 1.0563] = 456.2923, sampling [1.0, 1.3657, -1.0573]. Recommendation = [0.0, 1.0317, 1.0563], Current Cost = 8442.00, Rho = 1.000
(iter 403) [0.0, 1.0317, 1.0563] = 456.2923, sampling [1.0, -1.4578, -1.3616]. Recommendation = [0.0, 1.0317, 1.0563], Current Cost = 8443.00, Rho = 1.000
(iter 403) [0.0, 1.0317, 1.0563] = 456.2923, sampling [1.0, 1.2510, -1.6721]. Recommendation = [0.0, 1.0317, 1.0563], Current Cost = 8444.00, Rho = 1.000
(iter 403) [0.0, 1.0317, 1.0563] = 456.2923, sampling [1.0, 1.9743, -1.3247]. Recommendation = [0.0, 1.0317, 1.0563], Current Cost = 8445.00, Rho = 1.000
(iter 403) [0.0, 1.0317, 1.0563] = 456.2923, sampling [1.0, -1.4357, -1.0867]. Recommendation = [0.0, 1.0317, 1.0563], Current Cost = 8446.00, Rho = 1.000
(iter 403) [0.0, 1.0317, 1.0563] = 456.2923, sampling [1.0, 1.7757, -0.4792]. Recommendation = [0.0, 1.0317, 1.0563], Current Cost = 8447.00, Rho = 1.000
(iter 403) [0.0, 1.0317, 1.0563] = 456.2923, sampling [1.0, 1.8897, 0.0487]. Recommendation = [0.0, 1.0317, 1.0563], Current Cost = 8448.00, Rho = 1.000
(iter 403) [0.0, 1.0317, 1.0563] = 456.2923, sampling [1.0, -1.4130, -1.6006]. Recommendation = [0.0, 1.0317, 1.0563], Current Cost = 8449.00, Rho = 1.000
(iter 403) [0.0, 1.0317, 1.0563] = 456.2923, sampling [1.0, 1.5108, -1.1521]. Recommendation = [0.0, 1.0317, 1.0563], Current Cost = 8450.00, Rho = 1.000
(iter 403) [0.0, 1.0317, 1.0563] = 456.2923, sampling [1.0, 1.2981, -1.4364]. Recommendation = [0.0, 1.0317, 1.0563], Current Cost = 8451.00, Rho = 1.000
(iter 403) [0.0, 1.0317, 1.0563] = 456.2923, sampling [1.0, -1.8706, -0.7219]. Recommendation = [0.0, 1.0317, 1.0563], Current Cost = 8452.00, Rho = 1.000
(iter 403) [0.0, 1.0317, 1.0563] = 456.2923, sampling [1.0, 1.4407, -1.8486]. Recommendation = [0.0, 1.0317, 1.0563], Current Cost = 8453.00, Rho = 1.000
(iter 403) [0.0, 1.0317, 1.0563] = 456.2923, sampling [1.0, -1.6252, -0.7134]. Recommendation = [0.0, 1.0317, 1.0563], Current Cost = 8454.00, Rho = 1.000
(iter 403) [0.0, 1.0317, 1.0563] = 456.2923, sampling [1.0, 1.3868, -1.5105]. Recommendation = [0.0, 1.0317, 1.0563], Current Cost = 8455.00, Rho = 1.000
(iter 403) [0.0, 1.0317, 1.0563] = 456.2923, sampling [1.0, -1.7620, -1.0732]. Recommendation = [0.0, 1.0317, 1.0563], Current Cost = 8456.00, Rho = 1.000
(iter 403) [0.0, 1.0317, 1.0563] = 456.2923, sampling [1.0, 1.5727, -0.1593]. Recommendation = [0.0, 1.0317, 1.0563], Current Cost = 8457.00, Rho = 1.000
(iter 403) [0.0, 1.0317, 1.0563] = 456.2923, sampling [1.0, -1.8058, 0.0426]. Recommendation = [0.0, 1.0317, 1.0563], Current Cost = 8458.00, Rho = 1.000
(iter 403) [0.0, 1.0317, 1.0563] = 456.2923, sampling [1.0, -1.7971, -0.2835]. Recommendation = [0.0, 1.0317, 1.0563], Current Cost = 8459.00, Rho = 1.000
(iter 403) [0.0, 1.0317, 1.0563] = 456.2923, sampling [1.0, -1.4227, -1.7407]. Recommendation = [0.0, 1.0317, 1.0563], Current Cost = 8460.00, Rho = 1.000
(iter 403) [0.0, 1.0317, 1.0563] = 456.2923, sampling [1.0, -1.8386, -0.5295]. Recommendation = [0.0, 1.0317, 1.0563], Current Cost = 8461.00, Rho = 1.000
(iter 403) [0.0, 1.0317, 1.0563] = 456.2923, sampling [1.0, 1.7679, -0.9634]. Recommendation = [0.0, 1.0317, 1.0563], Current Cost = 8462.00, Rho = 1.000
(iter 403) [0.0, 1.0317, 1.0563] = 456.2923, sampling [1.0, 1.4729, -1.6164]. Recommendation = [0.0, 1.0317, 1.0563], Current Cost = 8463.00, Rho = 1.000
(iter 403) [0.0, 1.0317, 1.0563] = 456.2923, sampling [1.0, -1.5970, -1.5949]. Recommendation = [0.0, 1.0317, 1.0563], Current Cost = 8464.00, Rho = 1.000
(iter 403) [0.0, 1.0317, 1.0563] = 456.2923, sampling [1.0, 1.2585, -1.4023]. Recommendation = [0.0, 1.0317, 1.0563], Current Cost = 8465.00, Rho = 1.000
(iter 403) [0.0, 1.0317, 1.0563] = 456.2923, sampling [1.0, -1.9200, -0.1767]. Recommendation = [0.0, 1.0317, 1.0563], Current Cost = 8466.00, Rho = 1.000
(iter 403) [0.0, 1.0317, 1.0563] = 456.2923, sampling [1.0, 1.3382, -1.5599]. Recommendation = [0.0, 1.0317, 1.0563], Current Cost = 8467.00, Rho = 1.000
(iter 403) [0.0, 1.0317, 1.0563] = 456.2923, sampling [1.0, -1.8459, -1.8708]. Recommendation = [0.0, 1.0317, 1.0563], Current Cost = 8468.00, Rho = 1.000
(iter 403) [0.0, 1.0317, 1.0563] = 456.2923, sampling [1.0, 1.6977, -1.5291]. Recommendation = [0.0, 1.0317, 1.0563], Current Cost = 8469.00, Rho = 1.000
(iter 403) [0.0, 1.0317, 1.0563] = 456.2923, sampling [1.0, 1.9885, -0.3435]. Recommendation = [0.0, 1.0317, 1.0563], Current Cost = 8470.00, Rho = 1.000
(iter 403) [0.0, 1.0317, 1.0563] = 456.2923, sampling [1.0, -1.6922, -0.7556]. Recommendation = [0.0, 1.0317, 1.0563], Current Cost = 8471.00, Rho = 1.000
(iter 403) [0.0, 1.0317, 1.0563] = 456.2923, sampling [1.0, 1.9577, -0.8534]. Recommendation = [0.0, 1.0317, 1.0563], Current Cost = 8472.00, Rho = 1.000
(iter 403) [0.0, 1.0317, 1.0563] = 456.2923, sampling [1.0, 1.8319, -0.5879]. Recommendation = [0.0, 1.0317, 1.0563], Current Cost = 8473.00, Rho = 1.000
(iter 403) [0.0, 1.0317, 1.0563] = 456.2923, sampling [1.0, -1.6719, -1.4581]. Recommendation = [0.0, 1.0317, 1.0563], Current Cost = 8474.00, Rho = 1.000
(iter 403) [0.0, 1.0317, 1.0563] = 456.2923, sampling [1.0, -1.3527, -1.7339]. Recommendation = [0.0, 1.0317, 1.0563], Current Cost = 8475.00, Rho = 1.000
(iter 403) [0.0, 1.0317, 1.0563] = 456.2923, sampling [1.0, -1.5488, -1.8116]. Recommendation = [0.0, 1.0317, 1.0563], Current Cost = 8476.00, Rho = 1.000
(iter 403) [0.0, 1.0317, 1.0563] = 456.2923, sampling [1.0, 1.7148, -1.2759]. Recommendation = [0.0, 1.0317, 1.0563], Current Cost = 8477.00, Rho = 1.000
(iter 403) [0.0, 1.0317, 1.0563] = 456.2923, sampling [1.0, -1.4945, -1.3390]. Recommendation = [0.0, 1.0317, 1.0563], Current Cost = 8478.00, Rho = 1.000
(iter 403) [0.0, 1.0317, 1.0563] = 456.2923, sampling [1.0, 1.8633, -1.1359]. Recommendation = [0.0, 1.0317, 1.0563], Current Cost = 8479.00, Rho = 1.000
(iter 403) [0.0, 1.0317, 1.0563] = 456.2923, sampling [1.0, 1.6711, -1.6328]. Recommendation = [0.0, 1.0317, 1.0563], Current Cost = 8480.00, Rho = 1.000
(iter 403) [0.0, 1.0317, 1.0563] = 456.2923, sampling [0.0, 0.4317, 0.2366]. Recommendation = [0.0, 1.0317, 1.0563], Current Cost = 8481.00, Rho = 1.000
(iter 403) [0.0, 1.0317, 1.0563] = 456.2923, sampling [1.0, 1.6301, -1.3810]. Recommendation = [0.0, 1.0317, 1.0563], Current Cost = 9481.00, Rho = 1.000
(iter 403) [0.0, 1.0317, 1.0563] = 456.2923, sampling [1.0, -1.7346, -1.6131]. Recommendation = [0.0, 1.0317, 1.0563], Current Cost = 9482.00, Rho = 1.000
(iter 403) [0.0, 1.0317, 1.0563] = 456.2923, sampling [1.0, 1.4600, -1.5778]. Recommendation = [0.0, 1.0317, 1.0563], Current Cost = 9483.00, Rho = 1.000
(iter 403) [0.0, 1.0317, 1.0563] = 456.2923, sampling [1.0, -1.5779, -1.6661]. Recommendation = [0.0, 1.0317, 1.0563], Current Cost = 9484.00, Rho = 1.000
(iter 403) [0.0, 1.0317, 1.0563] = 456.2923, sampling [1.0, -1.9611, -0.1344]. Recommendation = [0.0, 1.0317, 1.0563], Current Cost = 9485.00, Rho = 1.000
(iter 403) [0.0, 1.0317, 1.0563] = 456.2923, sampling [1.0, 1.8042, -1.0360]. Recommendation = [0.0, 1.0317, 1.0563], Current Cost = 9486.00, Rho = 1.000
(iter 403) [0.0, 1.0317, 1.0563] = 456.2923, sampling [1.0, 1.9053, -1.4428]. Recommendation = [0.0, 1.0317, 1.0563], Current Cost = 9487.00, Rho = 1.000
(iter 403) [0.0, 1.0317, 1.0563] = 456.2923, sampling [1.0, 1.8212, -1.8409]. Recommendation = [0.0, 1.0317, 1.0563], Current Cost = 9488.00, Rho = 1.000
(iter 403) [0.0, 1.0317, 1.0563] = 456.2923, sampling [1.0, -1.7260, -1.8911]. Recommendation = [0.0, 1.0317, 1.0563], Current Cost = 9489.00, Rho = 1.000
(iter 403) [0.0, 1.0317, 1.0563] = 456.2923, sampling [1.0, 1.8724, -1.2977]. Recommendation = [0.0, 1.0317, 1.0563], Current Cost = 9490.00, Rho = 1.000
(iter 403) [0.0, 1.0317, 1.0563] = 456.2923, sampling [1.0, 1.7106, -1.4787]. Recommendation = [0.0, 1.0317, 1.0563], Current Cost = 9491.00, Rho = 1.000
(iter 403) [0.0, 1.0317, 1.0563] = 456.2923, sampling [1.0, -1.8509, -1.7654]. Recommendation = [0.0, 1.0317, 1.0563], Current Cost = 9492.00, Rho = 1.000
(iter 403) [0.0, 1.0317, 1.0563] = 456.2923, sampling [1.0, -1.8610, -1.5377]. Recommendation = [0.0, 1.0317, 1.0563], Current Cost = 9493.00, Rho = 1.000
(iter 403) [0.0, 1.0317, 1.0563] = 456.2923, sampling [1.0, -1.9879, -0.1003]. Recommendation = [0.0, 1.0317, 1.0563], Current Cost = 9494.00, Rho = 1.000
(iter 403) [0.0, 1.0317, 1.0563] = 456.2923, sampling [1.0, 1.9258, -0.8874]. Recommendation = [0.0, 1.0317, 1.0563], Current Cost = 9495.00, Rho = 1.000
(iter 403) [0.0, 1.0317, 1.0563] = 456.2923, sampling [1.0, 1.8416, -0.5685]. Recommendation = [0.0, 1.0317, 1.0563], Current Cost = 9496.00, Rho = 1.000
(iter 403) [0.0, 1.0317, 1.0563] = 456.2923, sampling [1.0, 1.8526, -1.1821]. Recommendation = [0.0, 1.0317, 1.0563], Current Cost = 9497.00, Rho = 1.000
(iter 403) [0.0, 1.0317, 1.0563] = 456.2923, sampling [1.0, 1.7494, -0.9580]. Recommendation = [0.0, 1.0317, 1.0563], Current Cost = 9498.00, Rho = 1.000
(iter 403) [0.0, 1.0317, 1.0563] = 456.2923, sampling [1.0, 1.9447, -1.4243]. Recommendation = [0.0, 1.0317, 1.0563], Current Cost = 9499.00, Rho = 1.000
(iter 403) [0.0, 1.0317, 1.0563] = 456.2923, sampling [0.0, -0.1666, 0.0173]. Recommendation = [0.0, 1.0317, 1.0563], Current Cost = 9500.00, Rho = 1.000
(iter 403) [0.0, 1.0317, 1.0563] = 456.2923, sampling [0.0, -0.1134, 0.5266]. Recommendation = [0.0, 1.0317, 1.0563], Current Cost = 10500.00, Rho = 1.000
(iter 403) [0.0, 1.0317, 1.0563] = 456.2923, sampling [0.0, 0.5015, -1.0189]. Recommendation = [0.0, 1.0317, 1.0563], Current Cost = 11500.00, Rho = 1.000
(iter 403) [0.0, 1.0317, 1.0563] = 456.2923, sampling [0.0, 0.5752, -1.3706]. Recommendation = [0.0, 1.0317, 1.0563], Current Cost = 12500.00, Rho = 1.000
(iter 403) [0.0, 1.0317, 1.0563] = 456.2923, sampling [0.0, -0.3558, -0.1170]. Recommendation = [0.0, 1.0317, 1.0563], Current Cost = 13500.00, Rho = 1.000
(iter 403) [0.0, 1.0317, 1.0563] = 456.2923, sampling [0.0, -1.2465, 1.3072]. Recommendation = [0.0, 1.0317, 1.0563], Current Cost = 14500.00, Rho = 1.000
(iter 403) [0.0, 1.0317, 1.0563] = 456.2923, sampling [0.0, -1.9255, -0.3339]. Recommendation = [0.0, 1.0317, 1.0563], Current Cost = 15500.00, Rho = 1.000
(iter 403) [0.0, 1.0317, 1.0563] = 456.2923, sampling [0.0, -1.5970, -1.5949]. Recommendation = [0.0, 1.0317, 1.0563], Current Cost = 16500.00, Rho = 1.000
(iter 403) [0.0, 1.0317, 1.0563] = 456.2923, sampling [0.0, -1.6046, 0.7130]. Recommendation = [0.0, 1.0317, 1.0563], Current Cost = 17500.00, Rho = 1.000
(iter 403) [0.0, 1.0317, 1.0563] = 456.2923, sampling [0.0, -1.0517, 1.3390]. Recommendation = [0.0, 1.0317, 1.0563], Current Cost = 18500.00, Rho = 1.000
(iter 403) [0.0, 1.0317, 1.0563] = 456.2923, sampling [0.0, 1.3091, 1.8918]. Recommendation = [0.0, 1.0317, 1.0563], Current Cost = 19500.00, Rho = 1.000
(iter 403) [0.0, 1.0317, 1.0563] = 456.2923, sampling [0.0, 0.9993, -0.2563]. Recommendation = [0.0, 1.0317, 1.0563], Current Cost = 20500.00, Rho = 1.000
(iter 403) [0.0, 1.0317, 1.0563] = 456.2923, sampling [0.0, -1.2315, -1.1437]. Recommendation = [0.0, 1.0317, 1.0563], Current Cost = 21500.00, Rho = 1.000
(iter 403) [0.0, 1.0317, 1.0563] = 456.2923, sampling [0.0, -0.0502, -1.5872]. Recommendation = [0.0, 1.0317, 1.0563], Current Cost = 22500.00, Rho = 1.000
(iter 403) [0.0, 1.0317, 1.0563] = 456.2923, sampling [0.0, -0.8052, 0.4594]. Recommendation = [0.0, 1.0317, 1.0563], Current Cost = 23500.00, Rho = 1.000
(iter 403) [0.0, 1.0317, 1.0563] = 456.2923, sampling [0.0, -1.5290, -0.6340]. Recommendation = [0.0, 1.0317, 1.0563], Current Cost = 24500.00, Rho = 1.000
(iter 403) [0.0, 1.0317, 1.0563] = 456.2923, sampling [0.0, 0.7429, -1.7528]. Recommendation = [0.0, 1.0317, 1.0563], Current Cost = 25500.00, Rho = 1.000
(iter 403) [0.0, 1.0317, 1.0563] = 456.2923, sampling [0.0, -1.3353, -1.2825]. Recommendation = [0.0, 1.0317, 1.0563], Current Cost = 26500.00, Rho = 1.000
(iter 403) [0.0, 1.0317, 1.0563] = 456.2923, sampling [0.0, 1.3808, 1.4532]. Recommendation = [0.0, 1.0317, 1.0563], Current Cost = 27500.00, Rho = 1.000
(iter 403) [0.0, 1.0317, 1.0563] = 456.2923, sampling [0.0, -0.9621, -0.2333]. Recommendation = [0.0, 1.0317, 1.0563], Current Cost = 28500.00, Rho = 1.000
(iter 403) [0.0, 1.0317, 1.0563] = 456.2923, sampling [0.0, -1.2753, -1.6893]. Recommendation = [0.0, 1.0317, 1.0563], Current Cost = 29500.00, Rho = 1.000
(iter 403) [0.0, 1.0317, 1.0563] = 456.2923, sampling [0.0, -1.5629, 1.0652]. Recommendation = [0.0, 1.0317, 1.0563], Current Cost = 30500.00, Rho = 1.000
(iter 403) [0.0, 1.0317, 1.0563] = 456.2923, sampling [0.0, -1.4357, -1.0867]. Recommendation = [0.0, 1.0317, 1.0563], Current Cost = 31500.00, Rho = 1.000
(iter 403) [0.0, 1.0317, 1.0563] = 456.2923, sampling [0.0, -1.1102, -0.9198]. Recommendation = [0.0, 1.0317, 1.0563], Current Cost = 32500.00, Rho = 1.000
(iter 403) [0.0, 1.0317, 1.0563] = 456.2923, sampling [0.0, 1.2585, -1.4023]. Recommendation = [0.0, 1.0317, 1.0563], Current Cost = 33500.00, Rho = 1.000
(iter 403) [0.0, 1.0317, 1.0563] = 456.2923, sampling [0.0, 1.4818, -0.4193]. Recommendation = [0.0, 1.0317, 1.0563], Current Cost = 34500.00, Rho = 1.000
(iter 403) [0.0, 1.0317, 1.0563] = 456.2923, sampling [0.0, -1.4075, 1.0932]. Recommendation = [0.0, 1.0317, 1.0563], Current Cost = 35500.00, Rho = 1.000
(iter 403) [0.0, 1.0317, 1.0563] = 456.2923, sampling [0.0, -1.8058, 0.0426]. Recommendation = [0.0, 1.0317, 1.0563], Current Cost = 36500.00, Rho = 1.000
(iter 403) [0.0, 1.0317, 1.0563] = 456.2923, sampling [0.0, -0.0126, 1.6106]. Recommendation = [0.0, 1.0317, 1.0563], Current Cost = 37500.00, Rho = 1.000
(iter 403) [0.0, 1.0317, 1.0563] = 456.2923, sampling [0.0, -1.1546, -1.4113]. Recommendation = [0.0, 1.0317, 1.0563], Current Cost = 38500.00, Rho = 1.000
(iter 403) [0.0, 1.0317, 1.0563] = 456.2923, sampling [0.0, -0.7668, 1.4791]. Recommendation = [0.0, 1.0317, 1.0563], Current Cost = 39500.00, Rho = 1.000
(iter 403) [0.0, 1.0317, 1.0563] = 456.2923, sampling [0.0, 0.7296, 1.7610]. Recommendation = [0.0, 1.0317, 1.0563], Current Cost = 40500.00, Rho = 1.000
(iter 403) [0.0, 1.0317, 1.0563] = 456.2923, sampling [0.0, -0.2789, -0.7975]. Recommendation = [0.0, 1.0317, 1.0563], Current Cost = 41500.00, Rho = 1.000
(iter 403) [0.0, 1.0317, 1.0563] = 456.2923, sampling [0.0, 1.7419, 0.9222]. Recommendation = [0.0, 1.0317, 1.0563], Current Cost = 42500.00, Rho = 1.000
(iter 403) [0.0, 1.0317, 1.0563] = 456.2923, sampling [0.0, 1.8416, -0.5685]. Recommendation = [0.0, 1.0317, 1.0563], Current Cost = 43500.00, Rho = 1.000
(iter 403) [0.0, 1.0317, 1.0563] = 456.2923, sampling [0.0, -0.5988, -0.5428]. Recommendation = [0.0, 1.0317, 1.0563], Current Cost = 44500.00, Rho = 1.000
(iter 403) [0.0, 1.0317, 1.0563] = 456.2923, sampling [0.0, 1.3739, 1.1467]. Recommendation = [0.0, 1.0317, 1.0563], Current Cost = 45500.00, Rho = 1.000
(iter 403) [0.0, 1.0317, 1.0563] = 456.2923, sampling [0.0, 1.8672, 1.2162]. Recommendation = [0.0, 1.0317, 1.0563], Current Cost = 46500.00, Rho = 1.000
(iter 403) [0.0, 1.0317, 1.0563] = 456.2923, sampling [0.0, 0.3309, -0.4801]. Recommendation = [0.0, 1.0317, 1.0563], Current Cost = 47500.00, Rho = 1.000
(iter 403) [0.0, 1.0317, 1.0563] = 456.2923, sampling [0.0, -0.5485, -1.3309]. Recommendation = [0.0, 1.0317, 1.0563], Current Cost = 48500.00, Rho = 1.000
(iter 403) [0.0, 1.0317, 1.0563] = 456.2923, sampling [0.0, -0.1063, -0.2101]. Recommendation = [0.0, 1.0317, 1.0563], Current Cost = 49500.00, Rho = 1.000
(iter 403) [0.0, 1.0317, 1.0563] = 456.2923, sampling [0.0, 1.3868, -1.5105]. Recommendation = [0.0, 1.0317, 1.0563], Current Cost = 50500.00, Rho = 1.000
(iter 403) [0.0, 1.0317, 1.0563] = 456.2923, sampling [0.0, 1.1476, 1.6969]. Recommendation = [0.0, 1.0317, 1.0563], Current Cost = 51500.00, Rho = 1.000
(iter 403) [0.0, 1.0317, 1.0563] = 456.2923, sampling [0.0, -1.1602, 0.1135]. Recommendation = [0.0, 1.0317, 1.0563], Current Cost = 52500.00, Rho = 1.000
(iter 403) [0.0, 1.0317, 1.0563] = 456.2923, sampling [0.0, -0.7363, 0.3087]. Recommendation = [0.0, 1.0317, 1.0563], Current Cost = 53500.00, Rho = 1.000
(iter 403) [0.0, 1.0317, 1.0563] = 456.2923, sampling [0.0, 0.5082, -1.9409]. Recommendation = [0.0, 1.0317, 1.0563], Current Cost = 54500.00, Rho = 1.000
(iter 403) [0.0, 1.0317, 1.0563] = 456.2923, sampling [0.0, -0.9453, 0.6259]. Recommendation = [0.0, 1.0317, 1.0563], Current Cost = 55500.00, Rho = 1.000
(iter 403) [0.0, 1.0317, 1.0563] = 456.2923, sampling [0.0, -0.0592, 1.2535]. Recommendation = [0.0, 1.0317, 1.0563], Current Cost = 56500.00, Rho = 1.000
(iter 403) [0.0, 1.0317, 1.0563] = 456.2923, sampling [0.0, 0.4168, -0.4077]. Recommendation = [0.0, 1.0317, 1.0563], Current Cost = 57500.00, Rho = 1.000
(iter 403) [0.0, 1.0317, 1.0563] = 456.2923, sampling [0.0, -1.1404, 1.1413]. Recommendation = [0.0, 1.0317, 1.0563], Current Cost = 58500.00, Rho = 1.000
(iter 403) [0.0, 1.0317, 1.0563] = 456.2923, sampling [0.0, 0.9202, 0.2019]. Recommendation = [0.0, 1.0317, 1.0563], Current Cost = 59500.00, Rho = 1.000
(iter 403) [0.0, 1.0317, 1.0563] = 456.2923, sampling [0.0, 0.2586, 1.3956]. Recommendation = [0.0, 1.0317, 1.0563], Current Cost = 60500.00, Rho = 1.000
(iter 403) [0.0, 1.0317, 1.0563] = 456.2923, sampling [0.0, -1.2879, 1.8034]. Recommendation = [0.0, 1.0317, 1.0563], Current Cost = 61500.00, Rho = 1.000
(iter 403) [0.0, 1.0317, 1.0563] = 456.2923, sampling [0.0, 0.1730, -1.1056]. Recommendation = [0.0, 1.0317, 1.0563], Current Cost = 62500.00, Rho = 1.000
(iter 403) [0.0, 1.0317, 1.0563] = 456.2923, sampling [0.0, -1.8754, 0.3547]. Recommendation = [0.0, 1.0317, 1.0563], Current Cost = 63500.00, Rho = 1.000
(iter 403) [0.0, 1.0317, 1.0563] = 456.2923, sampling [0.0, 0.1361, -0.5946]. Recommendation = [0.0, 1.0317, 1.0563], Current Cost = 64500.00, Rho = 1.000
(iter 403) [0.0, 1.0317, 1.0563] = 456.2923, sampling [0.0, -0.8538, -0.9782]. Recommendation = [0.0, 1.0317, 1.0563], Current Cost = 65500.00, Rho = 1.000
(iter 403) [0.0, 1.0317, 1.0563] = 456.2923, sampling [0.0, -0.4436, 1.5771]. Recommendation = [0.0, 1.0317, 1.0563], Current Cost = 66500.00, Rho = 1.000
(iter 403) [0.0, 1.0317, 1.0563] = 456.2923, sampling [0.0, 1.2861, 1.5464]. Recommendation = [0.0, 1.0317, 1.0563], Current Cost = 67500.00, Rho = 1.000
(iter 403) [0.0, 1.0317, 1.0563] = 456.2923, sampling [0.0, -1.1239, 0.3434]. Recommendation = [0.0, 1.0317, 1.0563], Current Cost = 68500.00, Rho = 1.000
(iter 403) [0.0, 1.0317, 1.0563] = 456.2923, sampling [0.0, 0.4370, 0.6743]. Recommendation = [0.0, 1.0317, 1.0563], Current Cost = 69500.00, Rho = 1.000
(iter 403) [0.0, 1.0317, 1.0563] = 456.2923, sampling [0.0, 0.9637, -1.0699]. Recommendation = [0.0, 1.0317, 1.0563], Current Cost = 70500.00, Rho = 1.000
(iter 403) [0.0, 1.0317, 1.0563] = 456.2923, sampling [0.0, 1.2932, 0.8869]. Recommendation = [0.0, 1.0317, 1.0563], Current Cost = 71500.00, Rho = 1.000
(iter 403) [0.0, 1.0317, 1.0563] = 456.2923, sampling [0.0, -0.6764, -0.1220]. Recommendation = [0.0, 1.0317, 1.0563], Current Cost = 72500.00, Rho = 1.000
(iter 403) [0.0, 1.0317, 1.0563] = 456.2923, sampling [0.0, 0.5217, 1.5336]. Recommendation = [0.0, 1.0317, 1.0563], Current Cost = 73500.00, Rho = 1.000
(iter 403) [0.0, 1.0317, 1.0563] = 456.2923, sampling [0.0, -0.8243, -0.3242]. Recommendation = [0.0, 1.0317, 1.0563], Current Cost = 74500.00, Rho = 1.000
(iter 403) [0.0, 1.0317, 1.0563] = 456.2923, sampling [0.0, -1.7070, 0.7858]. Recommendation = [0.0, 1.0317, 1.0563], Current Cost = 75500.00, Rho = 1.000
(iter 403) [0.0, 1.0317, 1.0563] = 456.2923, sampling [0.0, 0.3528, -1.2690]. Recommendation = [0.0, 1.0317, 1.0563], Current Cost = 76500.00, Rho = 1.000
(iter 403) [0.0, 1.0317, 1.0563] = 456.2923, sampling [0.0, 0.2693, -0.8682]. Recommendation = [0.0, 1.0317, 1.0563], Current Cost = 77500.00, Rho = 1.000
(iter 403) [0.0, 1.0317, 1.0563] = 456.2923, sampling [0.0, 1.4729, -1.6164]. Recommendation = [0.0, 1.0317, 1.0563], Current Cost = 78500.00, Rho = 1.000
(iter 403) [0.0, 1.0317, 1.0563] = 456.2923, sampling [0.0, -0.6206, -1.3966]. Recommendation = [0.0, 1.0317, 1.0563], Current Cost = 79500.00, Rho = 1.000
(iter 403) [0.0, 1.0317, 1.0563] = 456.2923, sampling [0.0, 1.2510, -1.6721]. Recommendation = [0.0, 1.0317, 1.0563], Current Cost = 80500.00, Rho = 1.000
(iter 403) [0.0, 1.0317, 1.0563] = 456.2923, sampling [0.0, -0.5571, 1.1070]. Recommendation = [0.0, 1.0317, 1.0563], Current Cost = 81500.00, Rho = 1.000
(iter 403) [0.0, 1.0317, 1.0563] = 456.2923, sampling [0.0, -1.4445, 0.9886]. Recommendation = [0.0, 1.0317, 1.0563], Current Cost = 82500.00, Rho = 1.000
(iter 403) [0.0, 1.0317, 1.0563] = 456.2923, sampling [0.0, 1.2411, -1.4842]. Recommendation = [0.0, 1.0317, 1.0563], Current Cost = 83500.00, Rho = 1.000
(iter 403) [0.0, 1.0317, 1.0563] = 456.2923, sampling [0.0, -0.0850, -1.1453]. Recommendation = [0.0, 1.0317, 1.0563], Current Cost = 84500.00, Rho = 1.000
(iter 403) [0.0, 1.0317, 1.0563] = 456.2923, sampling [0.0, -1.7260, -1.8911]. Recommendation = [0.0, 1.0317, 1.0563], Current Cost = 85500.00, Rho = 1.000
(iter 403) [0.0, 1.0317, 1.0563] = 456.2923, sampling [0.0, 0.7124, 1.9169]. Recommendation = [0.0, 1.0317, 1.0563], Current Cost = 86500.00, Rho = 1.000
(iter 403) [0.0, 1.0317, 1.0563] = 456.2923, sampling [0.0, -1.0663, -0.3030]. Recommendation = [0.0, 1.0317, 1.0563], Current Cost = 87500.00, Rho = 1.000
(iter 403) [0.0, 1.0317, 1.0563] = 456.2923, sampling [0.0, 1.5406, -0.0810]. Recommendation = [0.0, 1.0317, 1.0563], Current Cost = 88500.00, Rho = 1.000
(iter 403) [0.0, 1.0317, 1.0563] = 456.2923, sampling [0.0, 1.7994, -1.9554]. Recommendation = [0.0, 1.0317, 1.0563], Current Cost = 89500.00, Rho = 1.000
(iter 403) [0.0, 1.0317, 1.0563] = 456.2923, sampling [0.0, 1.1913, 0.7941]. Recommendation = [0.0, 1.0317, 1.0563], Current Cost = 90500.00, Rho = 1.000
(iter 403) [0.0, 1.0317, 1.0563] = 456.2923, sampling [0.0, -1.4835, 0.5330]. Recommendation = [0.0, 1.0317, 1.0563], Current Cost = 91500.00, Rho = 1.000
(iter 403) [0.0, 1.0317, 1.0563] = 456.2923, sampling [0.0, -1.9794, 0.4806]. Recommendation = [0.0, 1.0317, 1.0563], Current Cost = 92500.00, Rho = 1.000
(iter 403) [0.0, 1.0317, 1.0563] = 456.2923, sampling [0.0, 0.9860, -0.8411]. Recommendation = [0.0, 1.0317, 1.0563], Current Cost = 93500.00, Rho = 1.000
(iter 403) [0.0, 1.0317, 1.0563] = 456.2923, sampling [0.0, -0.2539, -1.2241]. Recommendation = [0.0, 1.0317, 1.0563], Current Cost = 94500.00, Rho = 1.000
(iter 403) [0.0, 1.0317, 1.0563] = 456.2923, sampling [0.0, -0.1287, -0.3732]. Recommendation = [0.0, 1.0317, 1.0563], Current Cost = 95500.00, Rho = 1.000
(iter 403) [0.0, 1.0317, 1.0563] = 456.2923, sampling [0.0, -1.3044, -0.7915]. Recommendation = [0.0, 1.0317, 1.0563], Current Cost = 96500.00, Rho = 1.000
(iter 403) [0.0, 1.0317, 1.0563] = 456.2923, sampling [0.0, -0.5745, -1.7881]. Recommendation = [0.0, 1.0317, 1.0563], Current Cost = 97500.00, Rho = 1.000
(iter 403) [0.0, 1.0317, 1.0563] = 456.2923, sampling [0.0, -1.3608, -0.0662]. Recommendation = [0.0, 1.0317, 1.0563], Current Cost = 98500.00, Rho = 1.000
(iter 403) [0.0, 1.0317, 1.0563] = 456.2923, sampling [0.0, 0.5665, -0.4375]. Recommendation = [0.0, 1.0317, 1.0563], Current Cost = 99500.00, Rho = 1.000
