(iter 10) [0.0, -0.3517, 0.1066] = 454.4438, sampling [1.0, -0.3212, 0.6594]. Recommendation = [0.0, -0.3517, 0.1066], Current Cost = 5005.00, Rho = 1.000
(iter 10) [0.0, -0.3517, 0.1066] = 454.4438, sampling [1.0, -0.7309, 0.6331]. Recommendation = [0.0, -0.3517, 0.1066], Current Cost = 5006.00, Rho = 1.000
(iter 10) [0.0, -0.3517, 0.1066] = 454.4438, sampling [1.0, -0.5779, 1.0657]. Recommendation = [0.0, -0.3517, 0.1066], Current Cost = 5007.00, Rho = 1.000
(iter 10) [0.0, -0.3517, 0.1066] = 454.4438, sampling [1.0, 0.3117, 0.9180]. Recommendation = [0.0, -0.6784, 0.7136], Current Cost = 5008.00, Rho = 1.000
(iter 10) [0.0, -0.3517, 0.1066] = 454.4438, sampling [1.0, 0.0922, 0.3074]. Recommendation = [0.0, -0.3517, 0.1066], Current Cost = 5009.00, Rho = 1.000
(iter 10) [0.0, -0.3517, 0.1066] = 454.4438, sampling [1.0, -0.0053, 0.6255]. Recommendation = [0.0, -0.2237, 0.2383], Current Cost = 5010.00, Rho = 1.000
(iter 10) [0.0, -0.3517, 0.1066] = 454.4438, sampling [1.0, 0.9528, 0.7965]. Recommendation = [0.0, -0.3517, 0.1066], Current Cost = 5011.00, Rho = 1.000
(iter 10) [0.0, -0.3517, 0.1066] = 454.4438, sampling [1.0, 0.8475, 1.1455]. Recommendation = [0.0, 0.9528, 0.7965], Current Cost = 5012.00, Rho = 1.000
(iter 10) [0.0, -0.3517, 0.1066] = 454.4438, sampling [1.0, 0.6720, 0.4600]. Recommendation = [0.0, 0.9528, 0.7965], Current Cost = 5013.00, Rho = 1.000
(iter 10) [0.0, -0.3517, 0.1066] = 454.4438, sampling [1.0, 1.3617, 1.0076]. Recommendation = [0.0, 0.6720, 0.4600], Current Cost = 5014.00, Rho = 1.000
(iter 10) [0.0, -0.3517, 0.1066] = 454.4438, sampling [1.0, 0.6433, 0.7681]. Recommendation = [0.0, 0.6720, 0.4600], Current Cost = 5015.00, Rho = 1.000
(iter 10) [0.0, -0.3517, 0.1066] = 454.4438, sampling [1.0, 0.2804, 1.4454]. Recommendation = [0.0, 0.6720, 0.4600], Current Cost = 5016.00, Rho = 1.000
(iter 10) [0.0, -0.3517, 0.1066] = 454.4438, sampling [1.0, -0.1584, 0.2425]. Recommendation = [0.0, 0.6720, 0.4600], Current Cost = 5017.00, Rho = 1.000
(iter 10) [0.0, -0.3517, 0.1066] = 454.4438, sampling [1.0, 0.3991, 0.2083]. Recommendation = [0.0, 0.6720, 0.4600], Current Cost = 5018.00, Rho = 1.000
(iter 10) [0.0, -0.3517, 0.1066] = 454.4438, sampling [1.0, 1.0676, 0.3778]. Recommendation = [0.0, 0.3036, 0.3742], Current Cost = 5019.00, Rho = 1.000
(iter 10) [0.0, -0.3517, 0.1066] = 454.4438, sampling [1.0, -0.4653, 0.4963]. Recommendation = [0.0, 0.3036, 0.3742], Current Cost = 5020.00, Rho = 1.000
(iter 10) [0.0, -0.3517, 0.1066] = 454.4438, sampling [1.0, 0.9891, 1.4780]. Recommendation = [0.0, 0.3036, 0.3742], Current Cost = 5021.00, Rho = 1.000
(iter 10) [0.0, -0.3517, 0.1066] = 454.4438, sampling [1.0, 0.3036, 0.3742]. Recommendation = [0.0, 0.3036, 0.3742], Current Cost = 5022.00, Rho = 1.000
(iter 10) [0.0, -0.3517, 0.1066] = 454.4438, sampling [1.0, -0.7927, 0.9423]. Recommendation = [0.0, 0.6720, 0.4600], Current Cost = 5023.00, Rho = 1.000
(iter 10) [0.0, -0.3517, 0.1066] = 454.4438, sampling [1.0, 1.1660, 1.1239]. Recommendation = [0.0, 0.6720, 0.4600], Current Cost = 5024.00, Rho = 1.000
(iter 10) [0.0, -0.3517, 0.1066] = 454.4438, sampling [1.0, -0.2050, 1.0330]. Recommendation = [0.0, 0.6720, 0.4600], Current Cost = 5025.00, Rho = 1.000
(iter 10) [0.0, -0.3517, 0.1066] = 454.4438, sampling [1.0, 1.2285, 1.4226]. Recommendation = [0.0, 0.6720, 0.4600], Current Cost = 5026.00, Rho = 1.000
(iter 10) [0.0, -0.3517, 0.1066] = 454.4438, sampling [1.0, 0.2220, -0.0363]. Recommendation = [0.0, 0.6720, 0.4600], Current Cost = 5027.00, Rho = 1.000
(iter 10) [0.0, -0.3517, 0.1066] = 454.4438, sampling [1.0, 0.7425, -0.0225]. Recommendation = [0.0, 0.2480, 0.1125], Current Cost = 5028.00, Rho = 1.000
(iter 10) [0.0, -0.3517, 0.1066] = 454.4438, sampling [1.0, 0.8100, 0.2677]. Recommendation = [0.0, 0.2480, 0.1125], Current Cost = 5029.00, Rho = 1.000
(iter 10) [0.0, -0.3517, 0.1066] = 454.4438, sampling [1.0, -0.0698, 0.0227]. Recommendation = [0.0, 0.2480, 0.1125], Current Cost = 5030.00, Rho = 1.000
(iter 10) [0.0, -0.3517, 0.1066] = 454.4438, sampling [1.0, -0.7163, 0.2833]. Recommendation = [0.0, 0.2480, 0.1125], Current Cost = 5031.00, Rho = 1.000
(iter 10) [0.0, -0.3517, 0.1066] = 454.4438, sampling [1.0, -1.0309, 0.5864]. Recommendation = [0.0, 0.2480, 0.1125], Current Cost = 5032.00, Rho = 1.000
(iter 10) [0.0, -0.3517, 0.1066] = 454.4438, sampling [1.0, 0.5078, 0.3922]. Recommendation = [0.0, 0.2480, 0.1125], Current Cost = 5033.00, Rho = 1.000
(iter 10) [0.0, -0.3517, 0.1066] = 454.4438, sampling [1.0, -0.8833, 1.2458]. Recommendation = [0.0, 0.2480, 0.1125], Current Cost = 5034.00, Rho = 1.000
(iter 10) [0.0, -0.3517, 0.1066] = 454.4438, sampling [1.0, 1.2503, 0.6488]. Recommendation = [0.0, 0.2480, 0.1125], Current Cost = 5035.00, Rho = 1.000
(iter 10) [0.0, -0.3517, 0.1066] = 454.4438, sampling [1.0, 1.1088, 1.8853]. Recommendation = [0.0, 0.2480, 0.1125], Current Cost = 5036.00, Rho = 1.000
(iter 10) [0.0, -0.3517, 0.1066] = 454.4438, sampling [1.0, 0.7941, 1.6679]. Recommendation = [0.0, 0.2480, 0.1125], Current Cost = 5037.00, Rho = 1.000
(iter 10) [0.0, -0.3517, 0.1066] = 454.4438, sampling [1.0, -0.4631, 1.5032]. Recommendation = [0.0, 0.2480, 0.1125], Current Cost = 5038.00, Rho = 1.000
(iter 10) [0.0, -0.3517, 0.1066] = 454.4438, sampling [1.0, 0.5956, 0.0667]. Recommendation = [0.0, 0.2480, 0.1125], Current Cost = 5039.00, Rho = 1.000
(iter 10) [0.0, -0.3517, 0.1066] = 454.4438, sampling [1.0, -0.1812, 0.4894]. Recommendation = [0.0, 0.2480, 0.1125], Current Cost = 5040.00, Rho = 1.000
(iter 10) [0.0, -0.3517, 0.1066] = 454.4438, sampling [1.0, -0.6240, 0.7415]. Recommendation = [0.0, 0.2480, 0.1125], Current Cost = 5041.00, Rho = 1.000
(iter 10) [0.0, -0.3517, 0.1066] = 454.4438, sampling [1.0, 0.2480, 0.1125]. Recommendation = [0.0, 0.2480, 0.1125], Current Cost = 5042.00, Rho = 1.000
(iter 10) [0.0, -0.3517, 0.1066] = 454.4438, sampling [1.0, 0.7824, 0.8605]. Recommendation = [0.0, 0.0301, 0.1351], Current Cost = 5043.00, Rho = 1.000
(iter 10) [0.0, -0.3517, 0.1066] = 454.4438, sampling [1.0, -0.5662, 0.1947]. Recommendation = [0.0, 0.0301, 0.1351], Current Cost = 5044.00, Rho = 1.000
(iter 10) [0.0, -0.3517, 0.1066] = 454.4438, sampling [1.0, 0.3525, -0.1832]. Recommendation = [0.0, 0.0301, 0.1351], Current Cost = 5045.00, Rho = 1.000
(iter 10) [0.0, -0.3517, 0.1066] = 454.4438, sampling [1.0, 0.0301, 0.1351]. Recommendation = [0.0, 0.3292, 0.0993], Current Cost = 5046.00, Rho = 1.000
(iter 10) [0.0, -0.3517, 0.1066] = 454.4438, sampling [1.0, -0.0355, -0.2624]. Recommendation = [0.0, 0.3292, 0.0993], Current Cost = 5047.00, Rho = 1.000
(iter 10) [0.0, -0.3517, 0.1066] = 454.4438, sampling [1.0, 1.3331, 1.7977]. Recommendation = [0.0, -0.0202, -0.1223], Current Cost = 5048.00, Rho = 1.000
(iter 10) [0.0, -0.3517, 0.1066] = 454.4438, sampling [1.0, 1.3480, 1.5434]. Recommendation = [0.0, -0.0202, -0.1223], Current Cost = 5049.00, Rho = 1.000
(iter 10) [0.0, -0.3517, 0.1066] = 454.4438, sampling [1.0, -1.1793, 1.1369]. Recommendation = [0.0, -0.0202, -0.1223], Current Cost = 5050.00, Rho = 1.000
(iter 10) [0.0, -0.3517, 0.1066] = 454.4438, sampling [1.0, -0.3912, -0.1926]. Recommendation = [0.0, -0.0202, -0.1223], Current Cost = 5051.00, Rho = 1.000
(iter 10) [0.0, -0.3517, 0.1066] = 454.4438, sampling [1.0, -1.2392, 1.6102]. Recommendation = [0.0, -0.0202, -0.1223], Current Cost = 5052.00, Rho = 1.000
(iter 10) [0.0, -0.3517, 0.1066] = 454.4438, sampling [1.0, -1.1478, 1.4336]. Recommendation = [0.0, -0.0202, -0.1223], Current Cost = 5053.00, Rho = 1.000
(iter 10) [0.0, -0.3517, 0.1066] = 454.4438, sampling [1.0, -1.5148, 1.3888]. Recommendation = [0.0, -0.0202, -0.1223], Current Cost = 5054.00, Rho = 1.000
(iter 10) [0.0, -0.3517, 0.1066] = 454.4438, sampling [1.0, -0.9511, 1.7316]. Recommendation = [0.0, -0.0202, -0.1223], Current Cost = 5055.00, Rho = 1.000
(iter 10) [0.0, -0.3517, 0.1066] = 454.4438, sampling [1.0, -1.3122, 0.6696]. Recommendation = [0.0, -0.0202, -0.1223], Current Cost = 5056.00, Rho = 1.000
(iter 10) [0.0, -0.3517, 0.1066] = 454.4438, sampling [1.0, 0.8643, 0.4410]. Recommendation = [0.0, -0.0202, -0.1223], Current Cost = 5057.00, Rho = 1.000
(iter 10) [0.0, -0.3517, 0.1066] = 454.4438, sampling [1.0, 1.0838, 0.8827]. Recommendation = [0.0, -0.0202, -0.1223], Current Cost = 5058.00, Rho = 1.000
(iter 10) [0.0, -0.3517, 0.1066] = 454.4438, sampling [1.0, -0.6014, -0.0569]. Recommendation = [0.0, -0.0202, -0.1223], Current Cost = 5059.00, Rho = 1.000
(iter 10) [0.0, -0.3517, 0.1066] = 454.4438, sampling [1.0, -0.9206, 0.2934]. Recommendation = [0.0, -0.0202, -0.1223], Current Cost = 5060.00, Rho = 1.000
(iter 10) [0.0, -0.3517, 0.1066] = 454.4438, sampling [1.0, -0.0202, -0.1223]. Recommendation = [0.0, -0.0202, -0.1223], Current Cost = 5061.00, Rho = 1.000
(iter 10) [0.0, -0.3517, 0.1066] = 454.4438, sampling [1.0, 0.1719, -0.3341]. Recommendation = [0.0, -0.1361, -0.0118], Current Cost = 5062.00, Rho = 1.000
(iter 10) [0.0, -0.3517, 0.1066] = 454.4438, sampling [1.0, 0.5709, -0.2277]. Recommendation = [0.0, 0.2021, -0.1754], Current Cost = 5063.00, Rho = 1.000
(iter 10) [0.0, -0.3517, 0.1066] = 454.4438, sampling [1.0, -0.9933, 0.7465]. Recommendation = [0.0, -0.1361, -0.0118], Current Cost = 5064.00, Rho = 1.000
(iter 10) [0.0, -0.3517, 0.1066] = 454.4438, sampling [1.0, 1.0737, 1.7211]. Recommendation = [0.0, -0.1361, -0.0118], Current Cost = 5065.00, Rho = 1.000
(iter 10) [0.0, -0.3517, 0.1066] = 454.4438, sampling [1.0, -1.3349, 1.8724]. Recommendation = [0.0, -0.1361, -0.0118], Current Cost = 5066.00, Rho = 1.000
(iter 10) [0.0, -0.3517, 0.1066] = 454.4438, sampling [1.0, -1.7086, 1.7889]. Recommendation = [0.0, -0.1361, -0.0118], Current Cost = 5067.00, Rho = 1.000
(iter 10) [0.0, -0.3517, 0.1066] = 454.4438, sampling [1.0, 0.1566, 0.6826]. Recommendation = [0.0, -0.1361, -0.0118], Current Cost = 5068.00, Rho = 1.000
(iter 10) [0.0, -0.3517, 0.1066] = 454.4438, sampling [1.0, -0.2534, -0.2096]. Recommendation = [0.0, -0.1361, -0.0118], Current Cost = 5069.00, Rho = 1.000
(iter 10) [0.0, -0.3517, 0.1066] = 454.4438, sampling [1.0, -1.3811, 1.6340]. Recommendation = [0.0, -0.1361, -0.0118], Current Cost = 5070.00, Rho = 1.000
(iter 10) [0.0, -0.3517, 0.1066] = 454.4438, sampling [1.0, 0.7067, 1.1074]. Recommendation = [0.0, -0.1361, -0.0118], Current Cost = 5071.00, Rho = 1.000
(iter 10) [0.0, -0.3517, 0.1066] = 454.4438, sampling [1.0, 1.0135, -0.0320]. Recommendation = [0.0, -0.1361, -0.0118], Current Cost = 5072.00, Rho = 1.000
(iter 10) [0.0, -0.3517, 0.1066] = 454.4438, sampling [1.0, 1.5869, 1.9930]. Recommendation = [0.0, -0.1361, -0.0118], Current Cost = 5073.00, Rho = 1.000
(iter 10) [0.0, -0.3517, 0.1066] = 454.4438, sampling [1.0, 1.9517, 1.1194]. Recommendation = [0.0, -0.1361, -0.0118], Current Cost = 5074.00, Rho = 1.000
(iter 10) [0.0, -0.3517, 0.1066] = 454.4438, sampling [1.0, -0.3759, 1.9574]. Recommendation = [0.0, -0.1361, -0.0118], Current Cost = 5075.00, Rho = 1.000
(iter 10) [0.0, -0.3517, 0.1066] = 454.4438, sampling [1.0, 0.6268, 0.3127]. Recommendation = [0.0, -0.1361, -0.0118], Current Cost = 5076.00, Rho = 1.000
(iter 10) [0.0, -0.3517, 0.1066] = 454.4438, sampling [1.0, -1.0330, 1.3533]. Recommendation = [0.0, -0.1361, -0.0118], Current Cost = 5077.00, Rho = 1.000
(iter 10) [0.0, -0.3517, 0.1066] = 454.4438, sampling [1.0, -0.6399, 0.5603]. Recommendation = [0.0, -0.1361, -0.0118], Current Cost = 5078.00, Rho = 1.000
(iter 10) [0.0, -0.3517, 0.1066] = 454.4438, sampling [1.0, 0.2021, -0.1754]. Recommendation = [0.0, -0.1361, -0.0118], Current Cost = 5079.00, Rho = 1.000
(iter 10) [0.0, -0.3517, 0.1066] = 454.4438, sampling [1.0, -1.2310, 0.9573]. Recommendation = [0.0, -0.1361, -0.0118], Current Cost = 5080.00, Rho = 1.000
(iter 10) [0.0, -0.3517, 0.1066] = 454.4438, sampling [1.0, -1.1591, 1.9074]. Recommendation = [0.0, -0.1361, -0.0118], Current Cost = 5081.00, Rho = 1.000
(iter 10) [0.0, -0.3517, 0.1066] = 454.4438, sampling [1.0, 0.4599, 0.8114]. Recommendation = [0.0, -0.1361, -0.0118], Current Cost = 5082.00, Rho = 1.000
(iter 10) [0.0, -0.3517, 0.1066] = 454.4438, sampling [1.0, 1.4756, 1.7126]. Recommendation = [0.0, -0.1361, -0.0118], Current Cost = 5083.00, Rho = 1.000
(iter 10) [0.0, -0.3517, 0.1066] = 454.4438, sampling [1.0, -1.0417, 1.5207]. Recommendation = [0.0, -0.1361, -0.0118], Current Cost = 5084.00, Rho = 1.000
(iter 10) [0.0, -0.3517, 0.1066] = 454.4438, sampling [1.0, -0.4167, 0.8934]. Recommendation = [0.0, -0.1361, -0.0118], Current Cost = 5085.00, Rho = 1.000
(iter 10) [0.0, -0.3517, 0.1066] = 454.4438, sampling [1.0, 0.6386, 1.9835]. Recommendation = [0.0, -0.1361, -0.0118], Current Cost = 5086.00, Rho = 1.000
(iter 10) [0.0, -0.3517, 0.1066] = 454.4438, sampling [1.0, -1.2825, 1.4486]. Recommendation = [0.0, -0.1361, -0.0118], Current Cost = 5087.00, Rho = 1.000
(iter 10) [0.0, -0.3517, 0.1066] = 454.4438, sampling [1.0, -0.7601, 0.7846]. Recommendation = [0.0, -0.1361, -0.0118], Current Cost = 5088.00, Rho = 1.000
(iter 10) [0.0, -0.3517, 0.1066] = 454.4438, sampling [1.0, -0.8908, 0.9979]. Recommendation = [0.0, -0.1361, -0.0118], Current Cost = 5089.00, Rho = 1.000
(iter 10) [0.0, -0.3517, 0.1066] = 454.4438, sampling [1.0, -1.7596, 0.9869]. Recommendation = [0.0, -0.1361, -0.0118], Current Cost = 5090.00, Rho = 1.000
(iter 10) [0.0, -0.3517, 0.1066] = 454.4438, sampling [1.0, 0.3675, -0.3889]. Recommendation = [0.0, -0.1361, -0.0118], Current Cost = 5091.00, Rho = 1.000
(iter 10) [0.0, -0.3517, 0.1066] = 454.4438, sampling [1.0, -0.1904, -0.4437]. Recommendation = [0.0, -0.1361, -0.0118], Current Cost = 5092.00, Rho = 1.000
(iter 10) [0.0, -0.3517, 0.1066] = 454.4438, sampling [1.0, 0.1092, -0.6332]. Recommendation = [0.0, -0.1361, -0.0118], Current Cost = 5093.00, Rho = 1.000
(iter 10) [0.0, -0.3517, 0.1066] = 454.4438, sampling [1.0, 1.2238, 1.9626]. Recommendation = [0.0, -0.1361, -0.0118], Current Cost = 5094.00, Rho = 1.000
(iter 10) [0.0, -0.3517, 0.1066] = 454.4438, sampling [1.0, 1.0614, 0.7350]. Recommendation = [0.0, -0.1361, -0.0118], Current Cost = 5095.00, Rho = 1.000
(iter 10) [0.0, -0.3517, 0.1066] = 454.4438, sampling [1.0, -0.9083, 0.0944]. Recommendation = [0.0, -0.1361, -0.0118], Current Cost = 5096.00, Rho = 1.000
(iter 10) [0.0, -0.3517, 0.1066] = 454.4438, sampling [1.0, 0.5816, -0.4975]. Recommendation = [0.0, -0.1361, -0.0118], Current Cost = 5097.00, Rho = 1.000
(iter 10) [0.0, -0.3517, 0.1066] = 454.4438, sampling [1.0, -0.6579, 1.2920]. Recommendation = [0.0, -0.1361, -0.0118], Current Cost = 5098.00, Rho = 1.000
(iter 10) [0.0, -0.3517, 0.1066] = 454.4438, sampling [1.0, 0.0590, 1.0416]. Recommendation = [0.0, -0.1361, -0.0118], Current Cost = 5099.00, Rho = 1.000
(iter 10) [0.0, -0.3517, 0.1066] = 454.4438, sampling [1.0, -0.5461, -0.3729]. Recommendation = [0.0, -0.1361, -0.0118], Current Cost = 5100.00, Rho = 1.000
(iter 10) [0.0, -0.3517, 0.1066] = 454.4438, sampling [1.0, 0.3393, -0.6108]. Recommendation = [0.0, 0.6720, 0.4600], Current Cost = 5101.00, Rho = 1.000
(iter 10) [0.0, -0.3517, 0.1066] = 454.4438, sampling [1.0, -1.1610, 1.3279]. Recommendation = [0.0, 0.6720, 0.4600], Current Cost = 5102.00, Rho = 1.000
(iter 10) [0.0, -0.3517, 0.1066] = 454.4438, sampling [1.0, -0.1497, 0.1485]. Recommendation = [0.0, 0.6720, 0.4600], Current Cost = 5103.00, Rho = 1.000
(iter 10) [0.0, -0.3517, 0.1066] = 454.4438, sampling [1.0, -1.1013, 1.7571]. Recommendation = [0.0, 0.6720, 0.4600], Current Cost = 5104.00, Rho = 1.000
(iter 10) [0.0, -0.3517, 0.1066] = 454.4438, sampling [1.0, 0.4761, 1.2827]. Recommendation = [0.0, 0.6720, 0.4600], Current Cost = 5105.00, Rho = 1.000
(iter 10) [0.0, -0.3517, 0.1066] = 454.4438, sampling [1.0, -0.7726, -0.0433]. Recommendation = [0.0, 0.6720, 0.4600], Current Cost = 5106.00, Rho = 1.000
(iter 10) [0.0, -0.3517, 0.1066] = 454.4438, sampling [1.0, -1.1314, 0.4095]. Recommendation = [0.0, 0.6720, 0.4600], Current Cost = 5107.00, Rho = 1.000
(iter 10) [0.0, -0.3517, 0.1066] = 454.4438, sampling [1.0, 0.3292, 0.0993]. Recommendation = [0.0, 0.6720, 0.4600], Current Cost = 5108.00, Rho = 1.000
(iter 10) [0.0, -0.3517, 0.1066] = 454.4438, sampling [1.0, -0.1361, -0.0118]. Recommendation = [0.0, 0.6720, 0.4600], Current Cost = 5109.00, Rho = 1.000
(iter 10) [0.0, -0.3517, 0.1066] = 454.4438, sampling [1.0, -0.9350, 0.9001]. Recommendation = [0.0, 0.6720, 0.4600], Current Cost = 5110.00, Rho = 1.000
(iter 10) [0.0, -0.3517, 0.1066] = 454.4438, sampling [1.0, -0.5241, -0.2418]. Recommendation = [0.0, 0.6720, 0.4600], Current Cost = 5111.00, Rho = 1.000
(iter 10) [0.0, -0.3517, 0.1066] = 454.4438, sampling [1.0, -0.2243, -0.6820]. Recommendation = [0.0, 0.6720, 0.4600], Current Cost = 5112.00, Rho = 1.000
(iter 10) [0.0, -0.3517, 0.1066] = 454.4438, sampling [1.0, -0.3794, -0.5449]. Recommendation = [0.0, 0.6720, 0.4600], Current Cost = 5113.00, Rho = 1.000
(iter 10) [0.0, -0.3517, 0.1066] = 454.4438, sampling [1.0, -0.0152, -0.6254]. Recommendation = [0.0, 0.6720, 0.4600], Current Cost = 5114.00, Rho = 1.000
(iter 10) [0.0, -0.3517, 0.1066] = 454.4438, sampling [1.0, -0.1266, -0.2545]. Recommendation = [0.0, 0.6720, 0.4600], Current Cost = 5115.00, Rho = 1.000
(iter 10) [0.0, -0.3517, 0.1066] = 454.4438, sampling [1.0, 1.2334, 1.8468]. Recommendation = [0.0, 0.6720, 0.4600], Current Cost = 5116.00, Rho = 1.000
(iter 10) [0.0, -0.3517, 0.1066] = 454.4438, sampling [1.0, 1.3937, 1.6541]. Recommendation = [0.0, 0.6720, 0.4600], Current Cost = 5117.00, Rho = 1.000
(iter 10) [0.0, -0.3517, 0.1066] = 454.4438, sampling [1.0, 0.8592, -0.4079]. Recommendation = [0.0, 0.6720, 0.4600], Current Cost = 5118.00, Rho = 1.000
(iter 10) [0.0, -0.3517, 0.1066] = 454.4438, sampling [1.0, -1.5357, 1.6199]. Recommendation = [0.0, 0.6720, 0.4600], Current Cost = 5119.00, Rho = 1.000
(iter 10) [0.0, -0.3517, 0.1066] = 454.4438, sampling [1.0, -0.8002, 0.7078]. Recommendation = [0.0, 0.6720, 0.4600], Current Cost = 5120.00, Rho = 1.000
(iter 10) [0.0, -0.3517, 0.1066] = 454.4438, sampling [1.0, -0.7067, 1.0997]. Recommendation = [0.0, 0.6720, 0.4600], Current Cost = 5121.00, Rho = 1.000
(iter 10) [0.0, -0.3517, 0.1066] = 454.4438, sampling [1.0, 1.2968, 0.1591]. Recommendation = [0.0, 0.6720, 0.4600], Current Cost = 5122.00, Rho = 1.000
(iter 10) [0.0, -0.3517, 0.1066] = 454.4438, sampling [1.0, 0.9632, 0.7241]. Recommendation = [0.0, 0.6720, 0.4600], Current Cost = 5123.00, Rho = 1.000
(iter 10) [0.0, -0.3517, 0.1066] = 454.4438, sampling [1.0, -0.2237, 0.2383]. Recommendation = [0.0, 0.6720, 0.4600], Current Cost = 5124.00, Rho = 1.000
(iter 10) [0.0, -0.3517, 0.1066] = 454.4438, sampling [1.0, -0.2682, -0.4100]. Recommendation = [0.0, 0.6720, 0.4600], Current Cost = 5125.00, Rho = 1.000
(iter 10) [0.0, -0.3517, 0.1066] = 454.4438, sampling [1.0, 0.7722, -0.1504]. Recommendation = [0.0, 0.6720, 0.4600], Current Cost = 5126.00, Rho = 1.000
(iter 10) [0.0, -0.3517, 0.1066] = 454.4438, sampling [1.0, -1.3758, 1.5163]. Recommendation = [0.0, 0.6720, 0.4600], Current Cost = 5127.00, Rho = 1.000
(iter 10) [0.0, -0.3517, 0.1066] = 454.4438, sampling [1.0, 0.4991, -0.3096]. Recommendation = [0.0, 0.6720, 0.4600], Current Cost = 5128.00, Rho = 1.000
(iter 10) [0.0, -0.3517, 0.1066] = 454.4438, sampling [1.0, -0.5309, 0.5469]. Recommendation = [0.0, 0.6720, 0.4600], Current Cost = 5129.00, Rho = 1.000
(iter 10) [0.0, -0.3517, 0.1066] = 454.4438, sampling [1.0, -0.1994, 0.6053]. Recommendation = [0.0, 0.6720, 0.4600], Current Cost = 5130.00, Rho = 1.000
(iter 10) [0.0, -0.3517, 0.1066] = 454.4438, sampling [1.0, -0.3603, 1.2324]. Recommendation = [0.0, 0.6720, 0.4600], Current Cost = 5131.00, Rho = 1.000
(iter 10) [0.0, -0.3517, 0.1066] = 454.4438, sampling [1.0, 1.7999, 1.9457]. Recommendation = [0.0, 0.6720, 0.4600], Current Cost = 5132.00, Rho = 1.000
(iter 10) [0.0, -0.3517, 0.1066] = 454.4438, sampling [1.0, 0.0349, -0.9151]. Recommendation = [0.0, 0.6720, 0.4600], Current Cost = 5133.00, Rho = 1.000
(iter 10) [0.0, -0.3517, 0.1066] = 454.4438, sampling [1.0, 0.2159, -0.7921]. Recommendation = [0.0, 0.6720, 0.4600], Current Cost = 5134.00, Rho = 1.000
(iter 10) [0.0, -0.3517, 0.1066] = 454.4438, sampling [1.0, 0.9406, 1.4241]. Recommendation = [0.0, 0.6720, 0.4600], Current Cost = 5135.00, Rho = 1.000
(iter 10) [0.0, -0.3517, 0.1066] = 454.4438, sampling [1.0, 0.1387, 0.8325]. Recommendation = [0.0, 0.6720, 0.4600], Current Cost = 5136.00, Rho = 1.000
(iter 10) [0.0, -0.3517, 0.1066] = 454.4438, sampling [1.0, 0.7874, 1.0604]. Recommendation = [0.0, 0.6720, 0.4600], Current Cost = 5137.00, Rho = 1.000
(iter 10) [0.0, -0.3517, 0.1066] = 454.4438, sampling [1.0, 0.6567, -0.0642]. Recommendation = [0.0, 0.6720, 0.4600], Current Cost = 5138.00, Rho = 1.000
(iter 10) [0.0, -0.3517, 0.1066] = 454.4438, sampling [1.0, 0.9055, 0.3533]. Recommendation = [0.0, 0.6720, 0.4600], Current Cost = 5139.00, Rho = 1.000
(iter 10) [0.0, -0.3517, 0.1066] = 454.4438, sampling [1.0, -0.7363, 0.5714]. Recommendation = [0.0, 0.6720, 0.4600], Current Cost = 5140.00, Rho = 1.000
(iter 10) [0.0, -0.3517, 0.1066] = 454.4438, sampling [1.0, -0.8660, 1.9121]. Recommendation = [0.0, 0.6720, 0.4600], Current Cost = 5141.00, Rho = 1.000
(iter 10) [0.0, -0.3517, 0.1066] = 454.4438, sampling [1.0, 1.2648, 0.9776]. Recommendation = [0.0, 0.6720, 0.4600], Current Cost = 5142.00, Rho = 1.000
(iter 10) [0.0, -0.3517, 0.1066] = 454.4438, sampling [1.0, 0.8325, 0.0289]. Recommendation = [0.0, 0.6720, 0.4600], Current Cost = 5143.00, Rho = 1.000
(iter 10) [0.0, -0.3517, 0.1066] = 454.4438, sampling [1.0, 0.7124, 0.8646]. Recommendation = [0.0, 0.6720, 0.4600], Current Cost = 5144.00, Rho = 1.000
(iter 10) [0.0, -0.3517, 0.1066] = 454.4438, sampling [1.0, 0.2351, -0.2960]. Recommendation = [0.0, 0.6720, 0.4600], Current Cost = 5145.00, Rho = 1.000
(iter 10) [0.0, -0.3517, 0.1066] = 454.4438, sampling [1.0, -1.1700, 0.0153]. Recommendation = [0.0, 0.6720, 0.4600], Current Cost = 5146.00, Rho = 1.000
(iter 10) [0.0, -0.3517, 0.1066] = 454.4438, sampling [1.0, 1.1596, 0.5433]. Recommendation = [0.0, 0.6720, 0.4600], Current Cost = 5147.00, Rho = 1.000
(iter 10) [0.0, -0.3517, 0.1066] = 454.4438, sampling [1.0, 0.4128, -0.9360]. Recommendation = [0.0, 0.6720, 0.4600], Current Cost = 5148.00, Rho = 1.000
(iter 10) [0.0, -0.3517, 0.1066] = 454.4438, sampling [1.0, 1.1459, 0.8409]. Recommendation = [0.0, 0.6720, 0.4600], Current Cost = 5149.00, Rho = 1.000
(iter 10) [0.0, -0.3517, 0.1066] = 454.4438, sampling [1.0, -0.8487, -0.3929]. Recommendation = [0.0, 0.6720, 0.4600], Current Cost = 5150.00, Rho = 1.000
(iter 10) [0.0, -0.3517, 0.1066] = 454.4438, sampling [1.0, -1.5733, 1.8198]. Recommendation = [0.0, 0.6720, 0.4600], Current Cost = 5151.00, Rho = 1.000
(iter 10) [0.0, -0.3517, 0.1066] = 454.4438, sampling [1.0, -1.3488, 1.4110]. Recommendation = [0.0, 0.6720, 0.4600], Current Cost = 5152.00, Rho = 1.000
(iter 10) [0.0, -0.3517, 0.1066] = 454.4438, sampling [1.0, -0.1285, 1.5045]. Recommendation = [0.0, 0.6720, 0.4600], Current Cost = 5153.00, Rho = 1.000
(iter 10) [0.0, -0.3517, 0.1066] = 454.4438, sampling [1.0, -0.0866, -0.7019]. Recommendation = [0.0, 0.6720, 0.4600], Current Cost = 5154.00, Rho = 1.000
(iter 10) [0.0, -0.3517, 0.1066] = 454.4438, sampling [1.0, 0.4818, -0.5886]. Recommendation = [0.0, 0.6720, 0.4600], Current Cost = 5155.00, Rho = 1.000
(iter 10) [0.0, -0.3517, 0.1066] = 454.4438, sampling [1.0, -0.5011, -0.6476]. Recommendation = [0.0, 0.6720, 0.4600], Current Cost = 5156.00, Rho = 1.000
(iter 10) [0.0, -0.3517, 0.1066] = 454.4438, sampling [1.0, -0.3137, -0.8717]. Recommendation = [0.0, 0.6720, 0.4600], Current Cost = 5157.00, Rho = 1.000
(iter 10) [0.0, -0.3517, 0.1066] = 454.4438, sampling [1.0, 0.8868, 1.8341]. Recommendation = [0.0, 0.6720, 0.4600], Current Cost = 5158.00, Rho = 1.000
(iter 10) [0.0, -0.3517, 0.1066] = 454.4438, sampling [1.0, 1.4208, 1.5646]. Recommendation = [0.0, 0.6720, 0.4600], Current Cost = 5159.00, Rho = 1.000
(iter 10) [0.0, -0.3517, 0.1066] = 454.4438, sampling [1.0, -1.0617, 0.2602]. Recommendation = [0.0, 0.6720, 0.4600], Current Cost = 5160.00, Rho = 1.000
(iter 10) [0.0, -0.3517, 0.1066] = 454.4438, sampling [1.0, -0.4448, -0.4786]. Recommendation = [0.0, 0.6720, 0.4600], Current Cost = 5161.00, Rho = 1.000
(iter 10) [0.0, -0.3517, 0.1066] = 454.4438, sampling [1.0, 0.9444, 0.0858]. Recommendation = [0.0, 0.6720, 0.4600], Current Cost = 5162.00, Rho = 1.000
(iter 10) [0.0, -0.3517, 0.1066] = 454.4438, sampling [1.0, -0.0640, -0.2073]. Recommendation = [0.0, 0.6720, 0.4600], Current Cost = 5163.00, Rho = 1.000
(iter 10) [0.0, -0.3517, 0.1066] = 454.4438, sampling [1.0, -0.1020, 0.9476]. Recommendation = [0.0, 0.6720, 0.4600], Current Cost = 5164.00, Rho = 1.000
(iter 10) [0.0, -0.3517, 0.1066] = 454.4438, sampling [1.0, -0.6833, 1.4043]. Recommendation = [0.0, 0.6720, 0.4600], Current Cost = 5165.00, Rho = 1.000
(iter 10) [0.0, -0.3517, 0.1066] = 454.4438, sampling [1.0, -1.8988, 1.9384]. Recommendation = [0.0, 0.6720, 0.4600], Current Cost = 5166.00, Rho = 1.000
(iter 10) [0.0, -0.3517, 0.1066] = 454.4438, sampling [1.0, 0.3234, -0.4316]. Recommendation = [0.0, 0.6720, 0.4600], Current Cost = 5167.00, Rho = 1.000
(iter 10) [0.0, -0.3517, 0.1066] = 454.4438, sampling [1.0, 0.1637, -1.1193]. Recommendation = [0.0, 0.6720, 0.4600], Current Cost = 5168.00, Rho = 1.000
(iter 10) [0.0, -0.3517, 0.1066] = 454.4438, sampling [1.0, -0.6784, 0.7136]. Recommendation = [0.0, 0.6720, 0.4600], Current Cost = 5169.00, Rho = 1.000
(iter 10) [0.0, -0.3517, 0.1066] = 454.4438, sampling [1.0, -0.8188, -0.1140]. Recommendation = [0.0, 0.6720, 0.4600], Current Cost = 5170.00, Rho = 1.000
(iter 10) [0.0, -0.3517, 0.1066] = 454.4438, sampling [1.0, 0.0867, 0.6225]. Recommendation = [0.0, 0.6720, 0.4600], Current Cost = 5171.00, Rho = 1.000
(iter 10) [0.0, -0.3517, 0.1066] = 454.4438, sampling [1.0, -1.2771, 1.0201]. Recommendation = [0.0, 0.6720, 0.4600], Current Cost = 5172.00, Rho = 1.000
(iter 10) [0.0, -0.3517, 0.1066] = 454.4438, sampling [1.0, 0.4952, 1.4947]. Recommendation = [0.0, 0.6720, 0.4600], Current Cost = 5173.00, Rho = 1.000
(iter 10) [0.0, -0.3517, 0.1066] = 454.4438, sampling [1.0, 0.4023, -0.7172]. Recommendation = [0.0, 0.6720, 0.4600], Current Cost = 5174.00, Rho = 1.000
(iter 10) [0.0, -0.3517, 0.1066] = 454.4438, sampling [1.0, 0.9204, 1.6824]. Recommendation = [0.0, 0.6720, 0.4600], Current Cost = 5175.00, Rho = 1.000
(iter 10) [0.0, -0.3517, 0.1066] = 454.4438, sampling [1.0, -0.7033, 0.7839]. Recommendation = [0.0, 0.6720, 0.4600], Current Cost = 5176.00, Rho = 1.000
(iter 10) [0.0, -0.3517, 0.1066] = 454.4438, sampling [1.0, -0.0899, -1.0826]. Recommendation = [0.0, 0.6720, 0.4600], Current Cost = 5177.00, Rho = 1.000
(iter 10) [0.0, -0.3517, 0.1066] = 454.4438, sampling [1.0, 0.1979, 1.0529]. Recommendation = [0.0, 0.6720, 0.4600], Current Cost = 5178.00, Rho = 1.000
(iter 10) [0.0, -0.3517, 0.1066] = 454.4438, sampling [1.0, 1.7105, 1.8113]. Recommendation = [0.0, 0.6720, 0.4600], Current Cost = 5179.00, Rho = 1.000
(iter 10) [0.0, -0.3517, 0.1066] = 454.4438, sampling [1.0, -0.6945, -0.5722]. Recommendation = [0.0, 0.6720, 0.4600], Current Cost = 5180.00, Rho = 1.000
(iter 10) [0.0, -0.3517, 0.1066] = 454.4438, sampling [1.0, 0.1314, -0.3377]. Recommendation = [0.0, 0.6720, 0.4600], Current Cost = 5181.00, Rho = 1.000
(iter 10) [0.0, -0.3517, 0.1066] = 454.4438, sampling [1.0, 0.4657, 0.8736]. Recommendation = [0.0, 0.6720, 0.4600], Current Cost = 5182.00, Rho = 1.000
(iter 10) [0.0, -0.3517, 0.1066] = 454.4438, sampling [1.0, 0.8201, 0.2228]. Recommendation = [0.0, 0.6720, 0.4600], Current Cost = 5183.00, Rho = 1.000
(iter 10) [0.0, -0.3517, 0.1066] = 454.4438, sampling [1.0, 1.3868, 0.8539]. Recommendation = [0.0, 0.6720, 0.4600], Current Cost = 5184.00, Rho = 1.000
(iter 10) [0.0, -0.3517, 0.1066] = 454.4438, sampling [1.0, -1.2123, 0.5170]. Recommendation = [0.0, 0.6720, 0.4600], Current Cost = 5185.00, Rho = 1.000
(iter 10) [0.0, -0.3517, 0.1066] = 454.4438, sampling [1.0, -0.7277, 1.1684]. Recommendation = [0.0, 0.6720, 0.4600], Current Cost = 5186.00, Rho = 1.000
(iter 10) [0.0, -0.3517, 0.1066] = 454.4438, sampling [1.0, 0.2665, -0.6602]. Recommendation = [0.0, 0.6720, 0.4600], Current Cost = 5187.00, Rho = 1.000
(iter 10) [0.0, -0.3517, 0.1066] = 454.4438, sampling [1.0, 1.1687, 1.9889]. Recommendation = [0.0, 0.6720, 0.4600], Current Cost = 5188.00, Rho = 1.000
(iter 10) [0.0, -0.3517, 0.1066] = 454.4438, sampling [1.0, -0.5181, 1.2224]. Recommendation = [0.0, 0.6720, 0.4600], Current Cost = 5189.00, Rho = 1.000
(iter 10) [0.0, -0.3517, 0.1066] = 454.4438, sampling [1.0, 0.5363, -0.3599]. Recommendation = [0.0, 0.6720, 0.4600], Current Cost = 5190.00, Rho = 1.000
(iter 10) [0.0, -0.3517, 0.1066] = 454.4438, sampling [1.0, -1.7755, 1.5513]. Recommendation = [0.0, 0.6720, 0.4600], Current Cost = 5191.00, Rho = 1.000
(iter 10) [0.0, -0.3517, 0.1066] = 454.4438, sampling [1.0, 0.2611, 1.7481]. Recommendation = [0.0, 0.6720, 0.4600], Current Cost = 5192.00, Rho = 1.000
(iter 10) [0.0, -0.3517, 0.1066] = 454.4438, sampling [1.0, -1.4428, 0.4228]. Recommendation = [0.0, 0.6720, 0.4600], Current Cost = 5193.00, Rho = 1.000
(iter 10) [0.0, -0.3517, 0.1066] = 454.4438, sampling [1.0, 1.2948, -0.2716]. Recommendation = [0.0, 0.6720, 0.4600], Current Cost = 5194.00, Rho = 1.000
(iter 10) [0.0, -0.3517, 0.1066] = 454.4438, sampling [1.0, 0.3461, -1.4380]. Recommendation = [0.0, 0.6720, 0.4600], Current Cost = 5195.00, Rho = 1.000
(iter 10) [0.0, -0.3517, 0.1066] = 454.4438, sampling [1.0, 0.7270, 1.1575]. Recommendation = [0.0, 0.6720, 0.4600], Current Cost = 5196.00, Rho = 1.000
(iter 10) [0.0, -0.3517, 0.1066] = 454.4438, sampling [1.0, 1.4473, 0.5048]. Recommendation = [0.0, 0.6720, 0.4600], Current Cost = 5197.00, Rho = 1.000
(iter 10) [0.0, -0.3517, 0.1066] = 454.4438, sampling [1.0, -1.2071, 1.9217]. Recommendation = [0.0, 0.6720, 0.4600], Current Cost = 5198.00, Rho = 1.000
(iter 10) [0.0, -0.3517, 0.1066] = 454.4438, sampling [1.0, 0.6208, -0.5991]. Recommendation = [0.0, 0.6720, 0.4600], Current Cost = 5199.00, Rho = 1.000
(iter 10) [0.0, -0.3517, 0.1066] = 454.4438, sampling [1.0, -0.6501, 0.5928]. Recommendation = [0.0, 0.6720, 0.4600], Current Cost = 5200.00, Rho = 1.000
(iter 10) [0.0, -0.3517, 0.1066] = 454.4438, sampling [1.0, -1.4722, 1.6049]. Recommendation = [0.0, 0.6720, 0.4600], Current Cost = 5201.00, Rho = 1.000
(iter 10) [0.0, -0.3517, 0.1066] = 454.4438, sampling [1.0, 0.5147, -1.1003]. Recommendation = [0.0, 0.6720, 0.4600], Current Cost = 5202.00, Rho = 1.000
(iter 10) [0.0, -0.3517, 0.1066] = 454.4438, sampling [1.0, -0.3292, -0.5764]. Recommendation = [0.0, 0.6720, 0.4600], Current Cost = 5203.00, Rho = 1.000
(iter 10) [0.0, -0.3517, 0.1066] = 454.4438, sampling [1.0, -0.6125, 1.5566]. Recommendation = [0.0, 0.6720, 0.4600], Current Cost = 5204.00, Rho = 1.000
(iter 10) [0.0, -0.3517, 0.1066] = 454.4438, sampling [1.0, -0.3111, 1.0806]. Recommendation = [0.0, 0.6720, 0.4600], Current Cost = 5205.00, Rho = 1.000
(iter 10) [0.0, -0.3517, 0.1066] = 454.4438, sampling [1.0, -1.5823, 1.7002]. Recommendation = [0.0, 0.6720, 0.4600], Current Cost = 5206.00, Rho = 1.000
(iter 10) [0.0, -0.3517, 0.1066] = 454.4438, sampling [1.0, -0.8971, 0.3211]. Recommendation = [0.0, 0.6720, 0.4600], Current Cost = 5207.00, Rho = 1.000
(iter 10) [0.0, -0.3517, 0.1066] = 454.4438, sampling [1.0, -0.2760, -0.7919]. Recommendation = [0.0, 0.6720, 0.4600], Current Cost = 5208.00, Rho = 1.000
(iter 10) [0.0, -0.3517, 0.1066] = 454.4438, sampling [1.0, 0.8050, 0.2985]. Recommendation = [0.0, 0.6720, 0.4600], Current Cost = 5209.00, Rho = 1.000
(iter 10) [0.0, -0.3517, 0.1066] = 454.4438, sampling [1.0, -0.0306, -1.3061]. Recommendation = [0.0, 0.6720, 0.4600], Current Cost = 5210.00, Rho = 1.000
(iter 10) [0.0, -0.3517, 0.1066] = 454.4438, sampling [1.0, -0.3382, -1.1601]. Recommendation = [0.0, 0.6720, 0.4600], Current Cost = 5211.00, Rho = 1.000
(iter 10) [0.0, -0.3517, 0.1066] = 454.4438, sampling [1.0, -0.6228, -0.9496]. Recommendation = [0.0, 0.6720, 0.4600], Current Cost = 5212.00, Rho = 1.000
(iter 10) [0.0, -0.3517, 0.1066] = 454.4438, sampling [1.0, 0.3736, -0.5591]. Recommendation = [0.0, 0.6720, 0.4600], Current Cost = 5213.00, Rho = 1.000
(iter 10) [0.0, -0.3517, 0.1066] = 454.4438, sampling [1.0, 1.1814, 0.4547]. Recommendation = [0.0, 0.6720, 0.4600], Current Cost = 5214.00, Rho = 1.000
(iter 10) [0.0, -0.3517, 0.1066] = 454.4438, sampling [1.0, -0.1121, 1.0943]. Recommendation = [0.0, 0.6720, 0.4600], Current Cost = 5215.00, Rho = 1.000
(iter 10) [0.0, -0.3517, 0.1066] = 454.4438, sampling [1.0, -1.0102, 1.7716]. Recommendation = [0.0, 0.6720, 0.4600], Current Cost = 5216.00, Rho = 1.000
(iter 10) [0.0, -0.3517, 0.1066] = 454.4438, sampling [1.0, -0.3541, -0.9695]. Recommendation = [0.0, 0.6720, 0.4600], Current Cost = 5217.00, Rho = 1.000
(iter 10) [0.0, -0.3517, 0.1066] = 454.4438, sampling [1.0, -1.1902, -0.3453]. Recommendation = [0.0, 0.6720, 0.4600], Current Cost = 5218.00, Rho = 1.000
(iter 10) [0.0, -0.3517, 0.1066] = 454.4438, sampling [1.0, 0.6091, -1.9518]. Recommendation = [0.0, 0.6720, 0.4600], Current Cost = 5219.00, Rho = 1.000
(iter 10) [0.0, -0.3517, 0.1066] = 454.4438, sampling [1.0, -0.1611, 0.1704]. Recommendation = [0.0, 0.6720, 0.4600], Current Cost = 5220.00, Rho = 1.000
(iter 10) [0.0, -0.3517, 0.1066] = 454.4438, sampling [1.0, 1.4031, 1.5958]. Recommendation = [0.0, 0.6720, 0.4600], Current Cost = 5221.00, Rho = 1.000
(iter 10) [0.0, -0.3517, 0.1066] = 454.4438, sampling [1.0, 0.3190, -1.1269]. Recommendation = [0.0, 0.6720, 0.4600], Current Cost = 5222.00, Rho = 1.000
(iter 10) [0.0, -0.3517, 0.1066] = 454.4438, sampling [1.0, -0.6406, 1.0769]. Recommendation = [0.0, 0.6720, 0.4600], Current Cost = 5223.00, Rho = 1.000
(iter 10) [0.0, -0.3517, 0.1066] = 454.4438, sampling [1.0, -0.8355, 1.8045]. Recommendation = [0.0, 0.6720, 0.4600], Current Cost = 5224.00, Rho = 1.000
(iter 10) [0.0, -0.3517, 0.1066] = 454.4438, sampling [1.0, 0.0494, -1.0186]. Recommendation = [0.0, 0.6720, 0.4600], Current Cost = 5225.00, Rho = 1.000
(iter 10) [0.0, -0.3517, 0.1066] = 454.4438, sampling [1.0, -0.7517, -0.7535]. Recommendation = [0.0, 0.6720, 0.4600], Current Cost = 5226.00, Rho = 1.000
(iter 10) [0.0, -0.3517, 0.1066] = 454.4438, sampling [1.0, 0.6741, 1.7669]. Recommendation = [0.0, 0.6720, 0.4600], Current Cost = 5227.00, Rho = 1.000
(iter 10) [0.0, -0.3517, 0.1066] = 454.4438, sampling [1.0, 0.0080, 0.9651]. Recommendation = [0.0, 0.6720, 0.4600], Current Cost = 5228.00, Rho = 1.000
(iter 10) [0.0, -0.3517, 0.1066] = 454.4438, sampling [1.0, 0.2760, -0.7710]. Recommendation = [0.0, 0.6720, 0.4600], Current Cost = 5229.00, Rho = 1.000
(iter 10) [0.0, -0.3517, 0.1066] = 454.4438, sampling [1.0, -1.5971, 1.4810]. Recommendation = [0.0, 0.6720, 0.4600], Current Cost = 5230.00, Rho = 1.000
(iter 10) [0.0, -0.3517, 0.1066] = 454.4438, sampling [1.0, -0.2980, 1.3637]. Recommendation = [0.0, 0.6720, 0.4600], Current Cost = 5231.00, Rho = 1.000
(iter 10) [0.0, -0.3517, 0.1066] = 454.4438, sampling [1.0, -0.4338, 1.1618]. Recommendation = [0.0, 0.6720, 0.4600], Current Cost = 5232.00, Rho = 1.000
(iter 10) [0.0, -0.3517, 0.1066] = 454.4438, sampling [1.0, 1.1984, 0.2507]. Recommendation = [0.0, 0.6720, 0.4600], Current Cost = 5233.00, Rho = 1.000
(iter 10) [0.0, -0.3517, 0.1066] = 454.4438, sampling [1.0, -1.0906, 0.3409]. Recommendation = [0.0, 0.6720, 0.4600], Current Cost = 5234.00, Rho = 1.000
(iter 10) [0.0, -0.3517, 0.1066] = 454.4438, sampling [1.0, -0.0469, -1.6355]. Recommendation = [0.0, 0.6720, 0.4600], Current Cost = 5235.00, Rho = 1.000
(iter 10) [0.0, -0.3517, 0.1066] = 454.4438, sampling [1.0, 1.9880, -0.1878]. Recommendation = [0.0, 0.6720, 0.4600], Current Cost = 5236.00, Rho = 1.000
(iter 10) [0.0, -0.3517, 0.1066] = 454.4438, sampling [1.0, -1.0225, 0.2263]. Recommendation = [0.0, 0.6720, 0.4600], Current Cost = 5237.00, Rho = 1.000
(iter 10) [0.0, -0.3517, 0.1066] = 454.4438, sampling [1.0, -0.2457, 1.1883]. Recommendation = [0.0, 0.6720, 0.4600], Current Cost = 5238.00, Rho = 1.000
(iter 10) [0.0, -0.3517, 0.1066] = 454.4438, sampling [1.0, 0.0199, 1.8977]. Recommendation = [0.0, 0.6720, 0.4600], Current Cost = 5239.00, Rho = 1.000
(iter 10) [0.0, -0.3517, 0.1066] = 454.4438, sampling [1.0, 1.8136, 1.6422]. Recommendation = [0.0, 0.6720, 0.4600], Current Cost = 5240.00, Rho = 1.000
(iter 10) [0.0, -0.3517, 0.1066] = 454.4438, sampling [1.0, -1.3555, 0.1662]. Recommendation = [0.0, 0.6720, 0.4600], Current Cost = 5241.00, Rho = 1.000
(iter 10) [0.0, -0.3517, 0.1066] = 454.4438, sampling [1.0, -1.6288, 1.2271]. Recommendation = [0.0, 0.6720, 0.4600], Current Cost = 5242.00, Rho = 1.000
(iter 10) [0.0, -0.3517, 0.1066] = 454.4438, sampling [1.0, -0.4907, 1.6887]. Recommendation = [0.0, 0.6720, 0.4600], Current Cost = 5243.00, Rho = 1.000
(iter 10) [0.0, -0.3517, 0.1066] = 454.4438, sampling [1.0, -0.9142, -0.5642]. Recommendation = [0.0, 0.6720, 0.4600], Current Cost = 5244.00, Rho = 1.000
(iter 10) [0.0, -0.3517, 0.1066] = 454.4438, sampling [1.0, 1.3791, 0.6757]. Recommendation = [0.0, 0.6720, 0.4600], Current Cost = 5245.00, Rho = 1.000
(iter 10) [0.0, -0.3517, 0.1066] = 454.4438, sampling [1.0, -0.7771, 1.9718]. Recommendation = [0.0, 0.6720, 0.4600], Current Cost = 5246.00, Rho = 1.000
(iter 10) [0.0, -0.3517, 0.1066] = 454.4438, sampling [1.0, 1.5522, 1.0110]. Recommendation = [0.0, 0.6720, 0.4600], Current Cost = 5247.00, Rho = 1.000
(iter 10) [0.0, -0.3517, 0.1066] = 454.4438, sampling [1.0, -0.4307, 1.3336]. Recommendation = [0.0, 0.6720, 0.4600], Current Cost = 5248.00, Rho = 1.000
(iter 10) [0.0, -0.3517, 0.1066] = 454.4438, sampling [1.0, 0.6891, -1.2952]. Recommendation = [0.0, 0.6720, 0.4600], Current Cost = 5249.00, Rho = 1.000
(iter 10) [0.0, -0.3517, 0.1066] = 454.4438, sampling [1.0, -1.9976, 0.3288]. Recommendation = [0.0, 0.6720, 0.4600], Current Cost = 5250.00, Rho = 1.000
(iter 10) [0.0, -0.3517, 0.1066] = 454.4438, sampling [1.0, -1.2213, 0.4057]. Recommendation = [0.0, 0.6720, 0.4600], Current Cost = 5251.00, Rho = 1.000
(iter 10) [0.0, -0.3517, 0.1066] = 454.4438, sampling [1.0, 0.0994, -1.4989]. Recommendation = [0.0, 0.6720, 0.4600], Current Cost = 5252.00, Rho = 1.000
(iter 10) [0.0, -0.3517, 0.1066] = 454.4438, sampling [1.0, -0.1094, -1.2223]. Recommendation = [0.0, 0.6720, 0.4600], Current Cost = 5253.00, Rho = 1.000
(iter 10) [0.0, -0.3517, 0.1066] = 454.4438, sampling [1.0, 1.2870, 0.3671]. Recommendation = [0.0, 0.6720, 0.4600], Current Cost = 5254.00, Rho = 1.000
(iter 10) [0.0, -0.3517, 0.1066] = 454.4438, sampling [1.0, -0.2812, -1.5575]. Recommendation = [0.0, 0.6720, 0.4600], Current Cost = 5255.00, Rho = 1.000
(iter 10) [0.0, -0.3517, 0.1066] = 454.4438, sampling [1.0, -1.2957, 0.5524]. Recommendation = [0.0, 0.6720, 0.4600], Current Cost = 5256.00, Rho = 1.000
(iter 10) [0.0, -0.3517, 0.1066] = 454.4438, sampling [1.0, -0.9366, 0.9101]. Recommendation = [0.0, 0.6720, 0.4600], Current Cost = 5257.00, Rho = 1.000
(iter 10) [0.0, -0.3517, 0.1066] = 454.4438, sampling [1.0, -0.5560, -1.0599]. Recommendation = [0.0, 0.6720, 0.4600], Current Cost = 5258.00, Rho = 1.000
(iter 10) [0.0, -0.3517, 0.1066] = 454.4438, sampling [1.0, 0.4195, 1.3043]. Recommendation = [0.0, 0.6720, 0.4600], Current Cost = 5259.00, Rho = 1.000
(iter 10) [0.0, -0.3517, 0.1066] = 454.4438, sampling [1.0, 0.8890, 1.6598]. Recommendation = [0.0, 0.6720, 0.4600], Current Cost = 5260.00, Rho = 1.000
(iter 10) [0.0, -0.3517, 0.1066] = 454.4438, sampling [1.0, -0.0795, -1.9998]. Recommendation = [0.0, 0.6720, 0.4600], Current Cost = 5261.00, Rho = 1.000
(iter 10) [0.0, -0.3517, 0.1066] = 454.4438, sampling [1.0, 0.4447, 1.8243]. Recommendation = [0.0, 0.6720, 0.4600], Current Cost = 5262.00, Rho = 1.000
(iter 10) [0.0, -0.3517, 0.1066] = 454.4438, sampling [1.0, -0.2921, 1.6781]. Recommendation = [0.0, 0.6720, 0.4600], Current Cost = 5263.00, Rho = 1.000
(iter 10) [0.0, -0.3517, 0.1066] = 454.4438, sampling [1.0, 0.1458, 1.0268]. Recommendation = [0.0, 0.6720, 0.4600], Current Cost = 5264.00, Rho = 1.000
(iter 10) [0.0, -0.3517, 0.1066] = 454.4438, sampling [1.0, 1.6860, 1.2500]. Recommendation = [0.0, 0.6720, 0.4600], Current Cost = 5265.00, Rho = 1.000
(iter 10) [0.0, -0.3517, 0.1066] = 454.4438, sampling [1.0, -0.5842, -1.3530]. Recommendation = [0.0, 0.6720, 0.4600], Current Cost = 5266.00, Rho = 1.000
(iter 10) [0.0, -0.3517, 0.1066] = 454.4438, sampling [1.0, 1.0163, -0.7836]. Recommendation = [0.0, 0.6720, 0.4600], Current Cost = 5267.00, Rho = 1.000
(iter 10) [0.0, -0.3517, 0.1066] = 454.4438, sampling [1.0, 0.1861, 1.4667]. Recommendation = [0.0, 0.6720, 0.4600], Current Cost = 5268.00, Rho = 1.000
(iter 10) [0.0, -0.3517, 0.1066] = 454.4438, sampling [1.0, 1.2020, -0.0974]. Recommendation = [0.0, 0.6720, 0.4600], Current Cost = 5269.00, Rho = 1.000
(iter 10) [0.0, -0.3517, 0.1066] = 454.4438, sampling [1.0, 0.2528, -1.1811]. Recommendation = [0.0, 0.6720, 0.4600], Current Cost = 5270.00, Rho = 1.000
(iter 10) [0.0, -0.3517, 0.1066] = 454.4438, sampling [1.0, -0.1746, 1.3930]. Recommendation = [0.0, 0.6720, 0.4600], Current Cost = 5271.00, Rho = 1.000
(iter 10) [0.0, -0.3517, 0.1066] = 454.4438, sampling [1.0, 1.3115, -1.9884]. Recommendation = [0.0, 0.6720, 0.4600], Current Cost = 5272.00, Rho = 1.000
(iter 10) [0.0, -0.3517, 0.1066] = 454.4438, sampling [1.0, -0.5394, 1.2583]. Recommendation = [0.0, 0.6720, 0.4600], Current Cost = 5273.00, Rho = 1.000
(iter 10) [0.0, -0.3517, 0.1066] = 454.4438, sampling [1.0, 1.4688, 0.7631]. Recommendation = [0.0, 0.6720, 0.4600], Current Cost = 5274.00, Rho = 1.000
(iter 10) [0.0, -0.3517, 0.1066] = 454.4438, sampling [1.0, 0.5599, -0.4868]. Recommendation = [0.0, 0.6720, 0.4600], Current Cost = 5275.00, Rho = 1.000
(iter 10) [0.0, -0.3517, 0.1066] = 454.4438, sampling [1.0, -1.9379, 1.7404]. Recommendation = [0.0, 0.6720, 0.4600], Current Cost = 5276.00, Rho = 1.000
(iter 10) [0.0, -0.3517, 0.1066] = 454.4438, sampling [1.0, 0.5515, -1.0340]. Recommendation = [0.0, 0.6720, 0.4600], Current Cost = 5277.00, Rho = 1.000
(iter 10) [0.0, -0.3517, 0.1066] = 454.4438, sampling [1.0, -0.8297, -1.0316]. Recommendation = [0.0, 0.6720, 0.4600], Current Cost = 5278.00, Rho = 1.000
(iter 10) [0.0, -0.3517, 0.1066] = 454.4438, sampling [1.0, -1.7129, 1.3707]. Recommendation = [0.0, 0.6720, 0.4600], Current Cost = 5279.00, Rho = 1.000
(iter 10) [0.0, -0.3517, 0.1066] = 454.4438, sampling [1.0, -0.9597, -0.4674]. Recommendation = [0.0, 0.6720, 0.4600], Current Cost = 5280.00, Rho = 1.000
(iter 10) [0.0, -0.3517, 0.1066] = 454.4438, sampling [1.0, 1.8707, 1.8648]. Recommendation = [0.0, 0.6720, 0.4600], Current Cost = 5281.00, Rho = 1.000
(iter 10) [0.0, -0.3517, 0.1066] = 454.4438, sampling [1.0, -1.3958, 0.6110]. Recommendation = [0.0, 0.6720, 0.4600], Current Cost = 5282.00, Rho = 1.000
(iter 10) [0.0, -0.3517, 0.1066] = 454.4438, sampling [1.0, -0.5100, -0.6227]. Recommendation = [0.0, 0.6720, 0.4600], Current Cost = 5283.00, Rho = 1.000
(iter 10) [0.0, -0.3517, 0.1066] = 454.4438, sampling [1.0, -0.8632, -0.6754]. Recommendation = [0.0, 0.6720, 0.4600], Current Cost = 5284.00, Rho = 1.000
(iter 10) [0.0, -0.3517, 0.1066] = 454.4438, sampling [1.0, 0.0104, -1.2591]. Recommendation = [0.0, 0.6720, 0.4600], Current Cost = 5285.00, Rho = 1.000
(iter 10) [0.0, -0.3517, 0.1066] = 454.4438, sampling [1.0, 0.3770, -1.8050]. Recommendation = [0.0, 0.6720, 0.4600], Current Cost = 5286.00, Rho = 1.000
(iter 10) [0.0, -0.3517, 0.1066] = 454.4438, sampling [1.0, -0.2628, -0.8150]. Recommendation = [0.0, 0.6720, 0.4600], Current Cost = 5287.00, Rho = 1.000
(iter 10) [0.0, -0.3517, 0.1066] = 454.4438, sampling [1.0, -0.7920, 1.8492]. Recommendation = [0.0, 0.6720, 0.4600], Current Cost = 5288.00, Rho = 1.000
(iter 10) [0.0, -0.3517, 0.1066] = 454.4438, sampling [1.0, -0.4527, 1.1996]. Recommendation = [0.0, 0.6720, 0.4600], Current Cost = 5289.00, Rho = 1.000
(iter 10) [0.0, -0.3517, 0.1066] = 454.4438, sampling [1.0, 1.3697, 0.5353]. Recommendation = [0.0, 0.6720, 0.4600], Current Cost = 5290.00, Rho = 1.000
(iter 10) [0.0, -0.3517, 0.1066] = 454.4438, sampling [1.0, 0.5348, -1.1966]. Recommendation = [0.0, 0.6720, 0.4600], Current Cost = 5291.00, Rho = 1.000
(iter 10) [0.0, -0.3517, 0.1066] = 454.4438, sampling [1.0, -0.3958, -1.1911]. Recommendation = [0.0, 0.6720, 0.4600], Current Cost = 5292.00, Rho = 1.000
(iter 10) [0.0, -0.3517, 0.1066] = 454.4438, sampling [1.0, 0.2304, 1.5859]. Recommendation = [0.0, 0.6720, 0.4600], Current Cost = 5293.00, Rho = 1.000
(iter 10) [0.0, -0.3517, 0.1066] = 454.4438, sampling [1.0, -1.2511, 0.4860]. Recommendation = [0.0, 0.6720, 0.4600], Current Cost = 5294.00, Rho = 1.000
(iter 10) [0.0, -0.3517, 0.1066] = 454.4438, sampling [1.0, 0.0740, -1.8147]. Recommendation = [0.0, 0.6720, 0.4600], Current Cost = 5295.00, Rho = 1.000
(iter 10) [0.0, -0.3517, 0.1066] = 454.4438, sampling [1.0, -1.6018, 0.8071]. Recommendation = [0.0, 0.6720, 0.4600], Current Cost = 5296.00, Rho = 1.000
(iter 10) [0.0, -0.3517, 0.1066] = 454.4438, sampling [1.0, -1.0872, -0.6076]. Recommendation = [0.0, 0.6720, 0.4600], Current Cost = 5297.00, Rho = 1.000
(iter 10) [0.0, -0.3517, 0.1066] = 454.4438, sampling [1.0, -1.3011, -0.1043]. Recommendation = [0.0, 0.6720, 0.4600], Current Cost = 5298.00, Rho = 1.000
(iter 10) [0.0, -0.3517, 0.1066] = 454.4438, sampling [1.0, 0.0703, 1.7115]. Recommendation = [0.0, 0.6720, 0.4600], Current Cost = 5299.00, Rho = 1.000
(iter 10) [0.0, -0.3517, 0.1066] = 454.4438, sampling [1.0, 0.4530, -1.5280]. Recommendation = [0.0, 0.6720, 0.4600], Current Cost = 5300.00, Rho = 1.000
(iter 10) [0.0, -0.3517, 0.1066] = 454.4438, sampling [1.0, -1.2690, 0.3881]. Recommendation = [0.0, 0.6720, 0.4600], Current Cost = 5301.00, Rho = 1.000
(iter 10) [0.0, -0.3517, 0.1066] = 454.4438, sampling [1.0, 0.1250, -1.1303]. Recommendation = [0.0, 0.6720, 0.4600], Current Cost = 5302.00, Rho = 1.000
(iter 10) [0.0, -0.3517, 0.1066] = 454.4438, sampling [1.0, -0.4753, 1.8633]. Recommendation = [0.0, 0.6720, 0.4600], Current Cost = 5303.00, Rho = 1.000
(iter 10) [0.0, -0.3517, 0.1066] = 454.4438, sampling [1.0, -0.5744, -1.6636]. Recommendation = [0.0, 0.6720, 0.4600], Current Cost = 5304.00, Rho = 1.000
(iter 10) [0.0, -0.3517, 0.1066] = 454.4438, sampling [1.0, -1.9713, 1.3481]. Recommendation = [0.0, 0.6720, 0.4600], Current Cost = 5305.00, Rho = 1.000
(iter 10) [0.0, -0.3517, 0.1066] = 454.4438, sampling [1.0, -0.4077, 1.2149]. Recommendation = [0.0, 0.6720, 0.4600], Current Cost = 5306.00, Rho = 1.000
(iter 10) [0.0, -0.3517, 0.1066] = 454.4438, sampling [1.0, -0.2141, -1.8571]. Recommendation = [0.0, 0.6720, 0.4600], Current Cost = 5307.00, Rho = 1.000
(iter 10) [0.0, -0.3517, 0.1066] = 454.4438, sampling [1.0, 1.6590, 0.7545]. Recommendation = [0.0, 0.6720, 0.4600], Current Cost = 5308.00, Rho = 1.000
(iter 10) [0.0, -0.3517, 0.1066] = 454.4438, sampling [1.0, 1.2409, -0.4907]. Recommendation = [0.0, 0.6720, 0.4600], Current Cost = 5309.00, Rho = 1.000
(iter 10) [0.0, -0.3517, 0.1066] = 454.4438, sampling [1.0, -0.4104, 1.2978]. Recommendation = [0.0, 0.6720, 0.4600], Current Cost = 5310.00, Rho = 1.000
(iter 10) [0.0, -0.3517, 0.1066] = 454.4438, sampling [1.0, 0.1794, -1.5097]. Recommendation = [0.0, 0.6720, 0.4600], Current Cost = 5311.00, Rho = 1.000
(iter 10) [0.0, -0.3517, 0.1066] = 454.4438, sampling [1.0, -0.6711, -0.9224]. Recommendation = [0.0, 0.6720, 0.4600], Current Cost = 5312.00, Rho = 1.000
(iter 10) [0.0, -0.3517, 0.1066] = 454.4438, sampling [1.0, 1.9646, 1.5317]. Recommendation = [0.0, 0.6720, 0.4600], Current Cost = 5313.00, Rho = 1.000
(iter 10) [0.0, -0.3517, 0.1066] = 454.4438, sampling [1.0, -0.4834, 1.2038]. Recommendation = [0.0, 0.6720, 0.4600], Current Cost = 5314.00, Rho = 1.000
(iter 10) [0.0, -0.3517, 0.1066] = 454.4438, sampling [1.0, -1.8269, 1.8958]. Recommendation = [0.0, 0.6720, 0.4600], Current Cost = 5315.00, Rho = 1.000
(iter 10) [0.0, -0.3517, 0.1066] = 454.4438, sampling [1.0, -1.1115, -0.8298]. Recommendation = [0.0, 0.6720, 0.4600], Current Cost = 5316.00, Rho = 1.000
(iter 10) [0.0, -0.3517, 0.1066] = 454.4438, sampling [1.0, 1.6674, 1.1349]. Recommendation = [0.0, 0.6720, 0.4600], Current Cost = 5317.00, Rho = 1.000
(iter 10) [0.0, -0.3517, 0.1066] = 454.4438, sampling [1.0, 0.3906, -0.9421]. Recommendation = [0.0, 0.6720, 0.4600], Current Cost = 5318.00, Rho = 1.000
(iter 10) [0.0, -0.3517, 0.1066] = 454.4438, sampling [1.0, 0.1198, -1.5919]. Recommendation = [0.0, 0.6720, 0.4600], Current Cost = 5319.00, Rho = 1.000
(iter 10) [0.0, -0.3517, 0.1066] = 454.4438, sampling [1.0, 0.7337, -1.4884]. Recommendation = [0.0, 0.6720, 0.4600], Current Cost = 5320.00, Rho = 1.000
(iter 10) [0.0, -0.3517, 0.1066] = 454.4438, sampling [1.0, 1.5249, 0.6480]. Recommendation = [0.0, 0.6720, 0.4600], Current Cost = 5321.00, Rho = 1.000
(iter 10) [0.0, -0.3517, 0.1066] = 454.4438, sampling [1.0, 0.2934, 1.6314]. Recommendation = [0.0, 0.6720, 0.4600], Current Cost = 5322.00, Rho = 1.000
(iter 10) [0.0, -0.3517, 0.1066] = 454.4438, sampling [1.0, 0.8982, -1.2819]. Recommendation = [0.0, 0.6720, 0.4600], Current Cost = 5323.00, Rho = 1.000
(iter 10) [0.0, -0.3517, 0.1066] = 454.4438, sampling [1.0, -1.4564, -0.4605]. Recommendation = [0.0, 0.6720, 0.4600], Current Cost = 5324.00, Rho = 1.000
(iter 10) [0.0, -0.3517, 0.1066] = 454.4438, sampling [1.0, -0.7588, -1.0743]. Recommendation = [0.0, 0.6720, 0.4600], Current Cost = 5325.00, Rho = 1.000
(iter 10) [0.0, -0.3517, 0.1066] = 454.4438, sampling [1.0, 1.4391, 0.6965]. Recommendation = [0.0, 0.6720, 0.4600], Current Cost = 5326.00, Rho = 1.000
(iter 10) [0.0, -0.3517, 0.1066] = 454.4438, sampling [1.0, 1.2615, 0.2027]. Recommendation = [0.0, 0.6720, 0.4600], Current Cost = 5327.00, Rho = 1.000
(iter 10) [0.0, -0.3517, 0.1066] = 454.4438, sampling [1.0, 1.6248, 0.9739]. Recommendation = [0.0, 0.6720, 0.4600], Current Cost = 5328.00, Rho = 1.000
(iter 10) [0.0, -0.3517, 0.1066] = 454.4438, sampling [1.0, -0.5999, -0.9926]. Recommendation = [0.0, 0.6720, 0.4600], Current Cost = 5329.00, Rho = 1.000
(iter 10) [0.0, -0.3517, 0.1066] = 454.4438, sampling [1.0, 1.0052, -0.9850]. Recommendation = [0.0, 0.6720, 0.4600], Current Cost = 5330.00, Rho = 1.000
(iter 10) [0.0, -0.3517, 0.1066] = 454.4438, sampling [1.0, 0.6969, -1.2154]. Recommendation = [0.0, 0.6720, 0.4600], Current Cost = 5331.00, Rho = 1.000
(iter 10) [0.0, -0.3517, 0.1066] = 454.4438, sampling [1.0, 0.5669, -1.6105]. Recommendation = [0.0, 0.6720, 0.4600], Current Cost = 5332.00, Rho = 1.000
(iter 10) [0.0, -0.3517, 0.1066] = 454.4438, sampling [1.0, 1.5953, 0.3497]. Recommendation = [0.0, 0.6720, 0.4600], Current Cost = 5333.00, Rho = 1.000
(iter 10) [0.0, -0.3517, 0.1066] = 454.4438, sampling [1.0, -1.0030, -0.6535]. Recommendation = [0.0, 0.6720, 0.4600], Current Cost = 5334.00, Rho = 1.000
(iter 10) [0.0, -0.3517, 0.1066] = 454.4438, sampling [1.0, 0.0443, -1.7056]. Recommendation = [0.0, 0.6720, 0.4600], Current Cost = 5335.00, Rho = 1.000
(iter 10) [0.0, -0.3517, 0.1066] = 454.4438, sampling [1.0, -1.7364, 1.2686]. Recommendation = [0.0, 0.6720, 0.4600], Current Cost = 5336.00, Rho = 1.000
(iter 10) [0.0, -0.3517, 0.1066] = 454.4438, sampling [1.0, -0.8115, -1.6027]. Recommendation = [0.0, 0.6720, 0.4600], Current Cost = 5337.00, Rho = 1.000
(iter 10) [0.0, -0.3517, 0.1066] = 454.4438, sampling [1.0, -0.0505, -1.8460]. Recommendation = [0.0, 0.6720, 0.4600], Current Cost = 5338.00, Rho = 1.000
(iter 10) [0.0, -0.3517, 0.1066] = 454.4438, sampling [1.0, -1.4714, 0.0746]. Recommendation = [0.0, 0.6720, 0.4600], Current Cost = 5339.00, Rho = 1.000
(iter 10) [0.0, -0.3517, 0.1066] = 454.4438, sampling [1.0, 1.4548, 0.4344]. Recommendation = [0.0, 0.6720, 0.4600], Current Cost = 5340.00, Rho = 1.000
(iter 10) [0.0, -0.3517, 0.1066] = 454.4438, sampling [1.0, 0.6507, 1.7824]. Recommendation = [0.0, 0.6720, 0.4600], Current Cost = 5341.00, Rho = 1.000
(iter 10) [0.0, -0.3517, 0.1066] = 454.4438, sampling [1.0, -1.0768, -1.2267]. Recommendation = [0.0, 0.6720, 0.4600], Current Cost = 5342.00, Rho = 1.000
(iter 10) [0.0, -0.3517, 0.1066] = 454.4438, sampling [1.0, 0.4272, -1.4590]. Recommendation = [0.0, 0.6720, 0.4600], Current Cost = 5343.00, Rho = 1.000
(iter 10) [0.0, -0.3517, 0.1066] = 454.4438, sampling [1.0, -1.6340, 0.6902]. Recommendation = [0.0, 0.6720, 0.4600], Current Cost = 5344.00, Rho = 1.000
(iter 10) [0.0, -0.3517, 0.1066] = 454.4438, sampling [1.0, 0.4333, -1.9757]. Recommendation = [0.0, 0.6720, 0.4600], Current Cost = 5345.00, Rho = 1.000
(iter 10) [0.0, -0.3517, 0.1066] = 454.4438, sampling [1.0, -0.8415, -1.9303]. Recommendation = [0.0, 0.6720, 0.4600], Current Cost = 5346.00, Rho = 1.000
(iter 10) [0.0, -0.3517, 0.1066] = 454.4438, sampling [1.0, 1.3362, 0.1247]. Recommendation = [0.0, 0.6720, 0.4600], Current Cost = 5347.00, Rho = 1.000
(iter 10) [0.0, -0.3517, 0.1066] = 454.4438, sampling [1.0, -0.2388, -1.5464]. Recommendation = [0.0, 0.6720, 0.4600], Current Cost = 5348.00, Rho = 1.000
(iter 10) [0.0, -0.3517, 0.1066] = 454.4438, sampling [1.0, -1.9081, 1.5813]. Recommendation = [0.0, 0.6720, 0.4600], Current Cost = 5349.00, Rho = 1.000
(iter 10) [0.0, -0.3517, 0.1066] = 454.4438, sampling [1.0, 1.9944, -1.3031]. Recommendation = [0.0, 0.6720, 0.4600], Current Cost = 5350.00, Rho = 1.000
(iter 10) [0.0, -0.3517, 0.1066] = 454.4438, sampling [1.0, 0.5877, -1.7615]. Recommendation = [0.0, 0.6720, 0.4600], Current Cost = 5351.00, Rho = 1.000
(iter 10) [0.0, -0.3517, 0.1066] = 454.4438, sampling [1.0, -1.3095, -0.6643]. Recommendation = [0.0, 0.6720, 0.4600], Current Cost = 5352.00, Rho = 1.000
(iter 10) [0.0, -0.3517, 0.1066] = 454.4438, sampling [1.0, 1.8976, 1.3391]. Recommendation = [0.0, 0.6720, 0.4600], Current Cost = 5353.00, Rho = 1.000
(iter 10) [0.0, -0.3517, 0.1066] = 454.4438, sampling [1.0, 1.5437, 0.0534]. Recommendation = [0.0, 0.6720, 0.4600], Current Cost = 5354.00, Rho = 1.000
(iter 10) [0.0, -0.3517, 0.1066] = 454.4438, sampling [1.0, -1.5676, -0.1531]. Recommendation = [0.0, 0.6720, 0.4600], Current Cost = 5355.00, Rho = 1.000
(iter 10) [0.0, -0.3517, 0.1066] = 454.4438, sampling [1.0, 0.8313, -1.7172]. Recommendation = [0.0, 0.6720, 0.4600], Current Cost = 5356.00, Rho = 1.000
(iter 10) [0.0, -0.3517, 0.1066] = 454.4438, sampling [1.0, 1.7477, 0.8208]. Recommendation = [0.0, 0.6720, 0.4600], Current Cost = 5357.00, Rho = 1.000
(iter 10) [0.0, -0.3517, 0.1066] = 454.4438, sampling [1.0, -1.4539, 0.1799]. Recommendation = [0.0, 0.6720, 0.4600], Current Cost = 5358.00, Rho = 1.000
(iter 10) [0.0, -0.3517, 0.1066] = 454.4438, sampling [1.0, -1.8450, 1.9304]. Recommendation = [0.0, 0.6720, 0.4600], Current Cost = 5359.00, Rho = 1.000
(iter 10) [0.0, -0.3517, 0.1066] = 454.4438, sampling [1.0, -0.8769, -1.0522]. Recommendation = [0.0, 0.6720, 0.4600], Current Cost = 5360.00, Rho = 1.000
(iter 10) [0.0, -0.3517, 0.1066] = 454.4438, sampling [1.0, 1.0324, -0.8813]. Recommendation = [0.0, 0.6720, 0.4600], Current Cost = 5361.00, Rho = 1.000
(iter 10) [0.0, -0.3517, 0.1066] = 454.4438, sampling [1.0, -1.8668, 1.1820]. Recommendation = [0.0, 0.6720, 0.4600], Current Cost = 5362.00, Rho = 1.000
(iter 10) [0.0, -0.3517, 0.1066] = 454.4438, sampling [1.0, -1.6746, 0.5273]. Recommendation = [0.0, 0.6720, 0.4600], Current Cost = 5363.00, Rho = 1.000
(iter 10) [0.0, -0.3517, 0.1066] = 454.4438, sampling [1.0, 1.5080, 0.4701]. Recommendation = [0.0, 0.6720, 0.4600], Current Cost = 5364.00, Rho = 1.000
(iter 10) [0.0, -0.3517, 0.1066] = 454.4438, sampling [1.0, 0.7501, -1.2550]. Recommendation = [0.0, 0.6720, 0.4600], Current Cost = 5365.00, Rho = 1.000
(iter 10) [0.0, -0.3517, 0.1066] = 454.4438, sampling [1.0, 0.9153, -1.4699]. Recommendation = [0.0, 0.6720, 0.4600], Current Cost = 5366.00, Rho = 1.000
(iter 10) [0.0, -0.3517, 0.1066] = 454.4438, sampling [1.0, 1.0422, -0.7453]. Recommendation = [0.0, 0.6720, 0.4600], Current Cost = 5367.00, Rho = 1.000
(iter 10) [0.0, -0.3517, 0.1066] = 454.4438, sampling [1.0, -1.9459, -0.4387]. Recommendation = [0.0, 0.6720, 0.4600], Current Cost = 5368.00, Rho = 1.000
(iter 10) [0.0, -0.3517, 0.1066] = 454.4438, sampling [1.0, 1.4866, -0.1306]. Recommendation = [0.0, 0.6720, 0.4600], Current Cost = 5369.00, Rho = 1.000
(iter 10) [0.0, -0.3517, 0.1066] = 454.4438, sampling [1.0, 0.6842, -1.6479]. Recommendation = [0.0, 0.6720, 0.4600], Current Cost = 5370.00, Rho = 1.000
(iter 10) [0.0, -0.3517, 0.1066] = 454.4438, sampling [1.0, -0.9819, -1.5239]. Recommendation = [0.0, 0.6720, 0.4600], Current Cost = 5371.00, Rho = 1.000
(iter 10) [0.0, -0.3517, 0.1066] = 454.4438, sampling [1.0, 1.4276, -0.3792]. Recommendation = [0.0, 0.6720, 0.4600], Current Cost = 5372.00, Rho = 1.000
(iter 10) [0.0, -0.3517, 0.1066] = 454.4438, sampling [1.0, -1.2480, -0.8515]. Recommendation = [0.0, 0.6720, 0.4600], Current Cost = 5373.00, Rho = 1.000
(iter 10) [0.0, -0.3517, 0.1066] = 454.4438, sampling [1.0, 1.1208, -1.2392]. Recommendation = [0.0, 0.6720, 0.4600], Current Cost = 5374.00, Rho = 1.000
(iter 10) [0.0, -0.3517, 0.1066] = 454.4438, sampling [1.0, -1.8144, 1.2748]. Recommendation = [0.0, 0.6720, 0.4600], Current Cost = 5375.00, Rho = 1.000
(iter 10) [0.0, -0.3517, 0.1066] = 454.4438, sampling [1.0, 0.9974, -0.8180]. Recommendation = [0.0, 0.6720, 0.4600], Current Cost = 5376.00, Rho = 1.000
(iter 10) [0.0, -0.3517, 0.1066] = 454.4438, sampling [1.0, -1.8194, 0.9343]. Recommendation = [0.0, 0.6720, 0.4600], Current Cost = 5377.00, Rho = 1.000
(iter 10) [0.0, -0.3517, 0.1066] = 454.4438, sampling [1.0, -1.3234, -1.0906]. Recommendation = [0.0, 0.6720, 0.4600], Current Cost = 5378.00, Rho = 1.000
(iter 10) [0.0, -0.3517, 0.1066] = 454.4438, sampling [1.0, 1.7570, 0.1886]. Recommendation = [0.0, 0.6720, 0.4600], Current Cost = 5379.00, Rho = 1.000
(iter 10) [0.0, -0.3517, 0.1066] = 454.4438, sampling [1.0, 0.9827, -1.9659]. Recommendation = [0.0, 0.6720, 0.4600], Current Cost = 5380.00, Rho = 1.000
(iter 10) [0.0, -0.3517, 0.1066] = 454.4438, sampling [1.0, 0.8544, -1.3161]. Recommendation = [0.0, 0.6720, 0.4600], Current Cost = 5381.00, Rho = 1.000
(iter 10) [0.0, -0.3517, 0.1066] = 454.4438, sampling [1.0, -1.9562, 1.4573]. Recommendation = [0.0, 0.6720, 0.4600], Current Cost = 5382.00, Rho = 1.000
(iter 10) [0.0, -0.3517, 0.1066] = 454.4438, sampling [1.0, 1.0550, -1.4172]. Recommendation = [0.0, 0.6720, 0.4600], Current Cost = 5383.00, Rho = 1.000
(iter 10) [0.0, -0.3517, 0.1066] = 454.4438, sampling [1.0, -0.9881, -1.7297]. Recommendation = [0.0, 0.6720, 0.4600], Current Cost = 5384.00, Rho = 1.000
(iter 10) [0.0, -0.3517, 0.1066] = 454.4438, sampling [1.0, -1.6819, 0.4250]. Recommendation = [0.0, 0.6720, 0.4600], Current Cost = 5385.00, Rho = 1.000
(iter 10) [0.0, -0.3517, 0.1066] = 454.4438, sampling [1.0, 1.3158, -0.3174]. Recommendation = [0.0, 0.6720, 0.4600], Current Cost = 5386.00, Rho = 1.000
(iter 10) [0.0, -0.3517, 0.1066] = 454.4438, sampling [1.0, 0.7644, -1.5383]. Recommendation = [0.0, 0.6720, 0.4600], Current Cost = 5387.00, Rho = 1.000
(iter 10) [0.0, -0.3517, 0.1066] = 454.4438, sampling [1.0, 1.4889, -0.5381]. Recommendation = [0.0, 0.6720, 0.4600], Current Cost = 5388.00, Rho = 1.000
(iter 10) [0.0, -0.3517, 0.1066] = 454.4438, sampling [1.0, -1.5527, 0.0408]. Recommendation = [0.0, 0.6720, 0.4600], Current Cost = 5389.00, Rho = 1.000
(iter 10) [0.0, -0.3517, 0.1066] = 454.4438, sampling [1.0, 1.3267, -0.9534]. Recommendation = [0.0, 0.6720, 0.4600], Current Cost = 5390.00, Rho = 1.000
(iter 10) [0.0, -0.3517, 0.1066] = 454.4438, sampling [1.0, 0.5261, -1.9394]. Recommendation = [0.0, 0.6720, 0.4600], Current Cost = 5391.00, Rho = 1.000
(iter 10) [0.0, -0.3517, 0.1066] = 454.4438, sampling [1.0, -1.6176, 0.8262]. Recommendation = [0.0, 0.6720, 0.4600], Current Cost = 5392.00, Rho = 1.000
(iter 10) [0.0, -0.3517, 0.1066] = 454.4438, sampling [1.0, -1.4909, -0.3205]. Recommendation = [0.0, 0.6720, 0.4600], Current Cost = 5393.00, Rho = 1.000
(iter 10) [0.0, -0.3517, 0.1066] = 454.4438, sampling [1.0, -1.1996, -1.4312]. Recommendation = [0.0, 0.6720, 0.4600], Current Cost = 5394.00, Rho = 1.000
(iter 10) [0.0, -0.3517, 0.1066] = 454.4438, sampling [1.0, -1.9351, 0.5762]. Recommendation = [0.0, 0.6720, 0.4600], Current Cost = 5395.00, Rho = 1.000
(iter 10) [0.0, -0.3517, 0.1066] = 454.4438, sampling [1.0, -1.5272, -0.7302]. Recommendation = [0.0, 0.6720, 0.4600], Current Cost = 5396.00, Rho = 1.000
(iter 10) [0.0, -0.3517, 0.1066] = 454.4438, sampling [1.0, 0.9280, -1.6872]. Recommendation = [0.0, 0.6720, 0.4600], Current Cost = 5397.00, Rho = 1.000
(iter 10) [0.0, -0.3517, 0.1066] = 454.4438, sampling [1.0, 1.1364, -1.5795]. Recommendation = [0.0, 0.6720, 0.4600], Current Cost = 5398.00, Rho = 1.000
(iter 10) [0.0, -0.3517, 0.1066] = 454.4438, sampling [1.0, 1.5820, -0.2189]. Recommendation = [0.0, 0.6720, 0.4600], Current Cost = 5399.00, Rho = 1.000
(iter 10) [0.0, -0.3517, 0.1066] = 454.4438, sampling [1.0, -1.0650, -1.8784]. Recommendation = [0.0, 0.6720, 0.4600], Current Cost = 5400.00, Rho = 1.000
(iter 10) [0.0, -0.3517, 0.1066] = 454.4438, sampling [1.0, -1.1387, -0.8045]. Recommendation = [0.0, 0.6720, 0.4600], Current Cost = 5401.00, Rho = 1.000
(iter 10) [0.0, -0.3517, 0.1066] = 454.4438, sampling [1.0, 0.8781, -1.7998]. Recommendation = [0.0, 0.6720, 0.4600], Current Cost = 5402.00, Rho = 1.000
(iter 10) [0.0, -0.3517, 0.1066] = 454.4438, sampling [1.0, 1.6032, -0.0484]. Recommendation = [0.0, 0.6720, 0.4600], Current Cost = 5403.00, Rho = 1.000
(iter 10) [0.0, -0.3517, 0.1066] = 454.4438, sampling [1.0, -1.3860, -0.9014]. Recommendation = [0.0, 0.6720, 0.4600], Current Cost = 5404.00, Rho = 1.000
(iter 10) [0.0, -0.3517, 0.1066] = 454.4438, sampling [1.0, -1.9803, -1.2677]. Recommendation = [0.0, 0.6720, 0.4600], Current Cost = 5405.00, Rho = 1.000
(iter 10) [0.0, -0.3517, 0.1066] = 454.4438, sampling [1.0, 1.5736, -0.7434]. Recommendation = [0.0, 0.6720, 0.4600], Current Cost = 5406.00, Rho = 1.000
(iter 10) [0.0, -0.3517, 0.1066] = 454.4438, sampling [1.0, -1.7281, -0.0957]. Recommendation = [0.0, 0.6720, 0.4600], Current Cost = 5407.00, Rho = 1.000
(iter 10) [0.0, -0.3517, 0.1066] = 454.4438, sampling [1.0, -1.1189, -1.6307]. Recommendation = [0.0, 0.6720, 0.4600], Current Cost = 5408.00, Rho = 1.000
(iter 10) [0.0, -0.3517, 0.1066] = 454.4438, sampling [1.0, 1.3589, -1.4476]. Recommendation = [0.0, 0.6720, 0.4600], Current Cost = 5409.00, Rho = 1.000
(iter 10) [0.0, -0.3517, 0.1066] = 454.4438, sampling [1.0, 0.6039, -1.9082]. Recommendation = [0.0, 0.6720, 0.4600], Current Cost = 5410.00, Rho = 1.000
(iter 10) [0.0, -0.3517, 0.1066] = 454.4438, sampling [1.0, 1.9344, 1.3129]. Recommendation = [0.0, 0.6720, 0.4600], Current Cost = 5411.00, Rho = 1.000
(iter 10) [0.0, -0.3517, 0.1066] = 454.4438, sampling [1.0, 1.1153, -1.3304]. Recommendation = [0.0, 0.6720, 0.4600], Current Cost = 5412.00, Rho = 1.000
(iter 10) [0.0, -0.3517, 0.1066] = 454.4438, sampling [1.0, -1.1254, -1.2040]. Recommendation = [0.0, 0.6720, 0.4600], Current Cost = 5413.00, Rho = 1.000
(iter 10) [0.0, -0.3517, 0.1066] = 454.4438, sampling [1.0, 1.0265, -1.7531]. Recommendation = [0.0, 0.6720, 0.4600], Current Cost = 5414.00, Rho = 1.000
(iter 10) [0.0, -0.3517, 0.1066] = 454.4438, sampling [1.0, -1.9256, 1.3827]. Recommendation = [0.0, 0.6720, 0.4600], Current Cost = 5415.00, Rho = 1.000
(iter 10) [0.0, -0.3517, 0.1066] = 454.4438, sampling [1.0, 1.6345, -0.3669]. Recommendation = [0.0, 0.6720, 0.4600], Current Cost = 5416.00, Rho = 1.000
(iter 10) [0.0, -0.3517, 0.1066] = 454.4438, sampling [1.0, 1.5292, -0.0756]. Recommendation = [0.0, 0.6720, 0.4600], Current Cost = 5417.00, Rho = 1.000
(iter 10) [0.0, -0.3517, 0.1066] = 454.4438, sampling [1.0, -1.4272, -0.5155]. Recommendation = [0.0, 0.6720, 0.4600], Current Cost = 5418.00, Rho = 1.000
(iter 10) [0.0, -0.3517, 0.1066] = 454.4438, sampling [1.0, 1.6997, 0.0623]. Recommendation = [0.0, 0.6720, 0.4600], Current Cost = 5419.00, Rho = 1.000
(iter 10) [0.0, -0.3517, 0.1066] = 454.4438, sampling [1.0, -1.4087, -0.7217]. Recommendation = [0.0, 0.6720, 0.4600], Current Cost = 5420.00, Rho = 1.000
(iter 10) [0.0, -0.3517, 0.1066] = 454.4438, sampling [1.0, -1.6104, -0.0001]. Recommendation = [0.0, 0.6720, 0.4600], Current Cost = 5421.00, Rho = 1.000
(iter 10) [0.0, -0.3517, 0.1066] = 454.4438, sampling [1.0, 1.4611, -1.1493]. Recommendation = [0.0, 0.6720, 0.4600], Current Cost = 5422.00, Rho = 1.000
(iter 10) [0.0, -0.3517, 0.1066] = 454.4438, sampling [1.0, -1.5380, -0.2393]. Recommendation = [0.0, 0.6720, 0.4600], Current Cost = 5423.00, Rho = 1.000
(iter 10) [0.0, -0.3517, 0.1066] = 454.4438, sampling [1.0, -1.2635, -1.3274]. Recommendation = [0.0, 0.6720, 0.4600], Current Cost = 5424.00, Rho = 1.000
(iter 10) [0.0, -0.3517, 0.1066] = 454.4438, sampling [1.0, 1.8613, -1.8943]. Recommendation = [0.0, 0.6720, 0.4600], Current Cost = 5425.00, Rho = 1.000
(iter 10) [0.0, -0.3517, 0.1066] = 454.4438, sampling [1.0, -1.4811, -1.9821]. Recommendation = [0.0, 0.6720, 0.4600], Current Cost = 5426.00, Rho = 1.000
(iter 10) [0.0, -0.3517, 0.1066] = 454.4438, sampling [1.0, -0.9671, -1.8238]. Recommendation = [0.0, 0.6720, 0.4600], Current Cost = 5427.00, Rho = 1.000
(iter 10) [0.0, -0.3517, 0.1066] = 454.4438, sampling [1.0, 1.1292, -1.4807]. Recommendation = [0.0, 0.6720, 0.4600], Current Cost = 5428.00, Rho = 1.000
(iter 10) [0.0, -0.3517, 0.1066] = 454.4438, sampling [1.0, 1.2125, -1.6969]. Recommendation = [0.0, 0.6720, 0.4600], Current Cost = 5429.00, Rho = 1.000
(iter 10) [0.0, -0.3517, 0.1066] = 454.4438, sampling [1.0, 1.6903, -0.5347]. Recommendation = [0.0, 0.6720, 0.4600], Current Cost = 5430.00, Rho = 1.000
(iter 10) [0.0, -0.3517, 0.1066] = 454.4438, sampling [1.0, 1.5150, -0.9649]. Recommendation = [0.0, 0.6720, 0.4600], Current Cost = 5431.00, Rho = 1.000
(iter 10) [0.0, -0.3517, 0.1066] = 454.4438, sampling [1.0, -1.9652, 0.1411]. Recommendation = [0.0, 0.6720, 0.4600], Current Cost = 5432.00, Rho = 1.000
(iter 10) [0.0, -0.3517, 0.1066] = 454.4438, sampling [1.0, -1.5080, -0.5069]. Recommendation = [0.0, 0.6720, 0.4600], Current Cost = 5433.00, Rho = 1.000
(iter 10) [0.0, -0.3517, 0.1066] = 454.4438, sampling [1.0, -1.4366, -1.1440]. Recommendation = [0.0, 0.6720, 0.4600], Current Cost = 5434.00, Rho = 1.000
(iter 10) [0.0, -0.3517, 0.1066] = 454.4438, sampling [1.0, -1.3432, -1.5730]. Recommendation = [0.0, 0.6720, 0.4600], Current Cost = 5435.00, Rho = 1.000
(iter 10) [0.0, -0.3517, 0.1066] = 454.4438, sampling [1.0, -0.9702, -1.9123]. Recommendation = [0.0, 0.6720, 0.4600], Current Cost = 5436.00, Rho = 1.000
(iter 10) [0.0, -0.3517, 0.1066] = 454.4438, sampling [1.0, 0.9700, -1.8850]. Recommendation = [0.0, 0.6720, 0.4600], Current Cost = 5437.00, Rho = 1.000
(iter 10) [0.0, -0.3517, 0.1066] = 454.4438, sampling [1.0, 0.7597, -1.5164]. Recommendation = [0.0, 0.6720, 0.4600], Current Cost = 5438.00, Rho = 1.000
(iter 10) [0.0, -0.3517, 0.1066] = 454.4438, sampling [1.0, 1.8527, 0.0039]. Recommendation = [0.0, 0.6720, 0.4600], Current Cost = 5439.00, Rho = 1.000
(iter 10) [0.0, -0.3517, 0.1066] = 454.4438, sampling [1.0, -1.8867, 0.4747]. Recommendation = [0.0, 0.6720, 0.4600], Current Cost = 5440.00, Rho = 1.000
(iter 10) [0.0, -0.3517, 0.1066] = 454.4438, sampling [1.0, 1.6499, -0.0812]. Recommendation = [0.0, 0.6720, 0.4600], Current Cost = 5441.00, Rho = 1.000
(iter 10) [0.0, -0.3517, 0.1066] = 454.4438, sampling [1.0, -1.7265, -0.7613]. Recommendation = [0.0, 0.6720, 0.4600], Current Cost = 5442.00, Rho = 1.000
(iter 10) [0.0, -0.3517, 0.1066] = 454.4438, sampling [1.0, -1.9129, -1.9539]. Recommendation = [0.0, 0.6720, 0.4600], Current Cost = 5443.00, Rho = 1.000
(iter 10) [0.0, -0.3517, 0.1066] = 454.4438, sampling [1.0, 1.1031, -1.7251]. Recommendation = [0.0, 0.6720, 0.4600], Current Cost = 5444.00, Rho = 1.000
(iter 10) [0.0, -0.3517, 0.1066] = 454.4438, sampling [1.0, 1.7253, -0.2906]. Recommendation = [0.0, 0.6720, 0.4600], Current Cost = 5445.00, Rho = 1.000
(iter 10) [0.0, -0.3517, 0.1066] = 454.4438, sampling [1.0, 1.9109, -0.8476]. Recommendation = [0.0, 0.6720, 0.4600], Current Cost = 5446.00, Rho = 1.000
(iter 10) [0.0, -0.3517, 0.1066] = 454.4438, sampling [1.0, 1.0899, -1.3851]. Recommendation = [0.0, 0.6720, 0.4600], Current Cost = 5447.00, Rho = 1.000
(iter 10) [0.0, -0.3517, 0.1066] = 454.4438, sampling [1.0, 1.2731, -1.4758]. Recommendation = [0.0, 0.6720, 0.4600], Current Cost = 5448.00, Rho = 1.000
(iter 10) [0.0, -0.3517, 0.1066] = 454.4438, sampling [1.0, -1.5000, -1.4054]. Recommendation = [0.0, 0.6720, 0.4600], Current Cost = 5449.00, Rho = 1.000
(iter 10) [0.0, -0.3517, 0.1066] = 454.4438, sampling [1.0, -1.8484, -0.2748]. Recommendation = [0.0, 0.6720, 0.4600], Current Cost = 5450.00, Rho = 1.000
(iter 10) [0.0, -0.3517, 0.1066] = 454.4438, sampling [1.0, -1.6966, -0.9780]. Recommendation = [0.0, 0.6720, 0.4600], Current Cost = 5451.00, Rho = 1.000
(iter 10) [0.0, -0.3517, 0.1066] = 454.4438, sampling [1.0, 1.9775, -0.4511]. Recommendation = [0.0, 0.6720, 0.4600], Current Cost = 5452.00, Rho = 1.000
(iter 10) [0.0, -0.3517, 0.1066] = 454.4438, sampling [1.0, -1.4178, -1.0688]. Recommendation = [0.0, 0.6720, 0.4600], Current Cost = 5453.00, Rho = 1.000
(iter 10) [0.0, -0.3517, 0.1066] = 454.4438, sampling [1.0, 1.5475, -1.3615]. Recommendation = [0.0, 0.6720, 0.4600], Current Cost = 5454.00, Rho = 1.000
(iter 10) [0.0, -0.3517, 0.1066] = 454.4438, sampling [1.0, 1.5035, -1.6527]. Recommendation = [0.0, 0.6720, 0.4600], Current Cost = 5455.00, Rho = 1.000
(iter 10) [0.0, -0.3517, 0.1066] = 454.4438, sampling [1.0, 1.6410, -0.8367]. Recommendation = [0.0, 0.6720, 0.4600], Current Cost = 5456.00, Rho = 1.000
(iter 10) [0.0, -0.3517, 0.1066] = 454.4438, sampling [1.0, 1.7624, 0.0372]. Recommendation = [0.0, 0.6720, 0.4600], Current Cost = 5457.00, Rho = 1.000
(iter 10) [0.0, -0.3517, 0.1066] = 454.4438, sampling [1.0, -1.4060, -0.8738]. Recommendation = [0.0, 0.6720, 0.4600], Current Cost = 5458.00, Rho = 1.000
(iter 10) [0.0, -0.3517, 0.1066] = 454.4438, sampling [0.0, 0.6720, 0.4600]. Recommendation = [0.0, 0.6720, 0.4600], Current Cost = 5459.00, Rho = 1.000
(iter 464) [0.0, 0.6720, 0.4600] = 456.1852, sampling [1.0, -1.6458, -1.2423]. Recommendation = [0.0, 0.6720, 0.4600], Current Cost = 6459.00, Rho = 1.000
(iter 464) [0.0, 0.6720, 0.4600] = 456.1852, sampling [1.0, -1.8894, -0.8592]. Recommendation = [0.0, 0.6720, 0.4600], Current Cost = 6460.00, Rho = 1.000
(iter 464) [0.0, 0.6720, 0.4600] = 456.1852, sampling [1.0, 1.8037, -0.4188]. Recommendation = [0.0, 0.6720, 0.4600], Current Cost = 6461.00, Rho = 1.000
(iter 464) [0.0, 0.6720, 0.4600] = 456.1852, sampling [1.0, -1.6600, -0.7113]. Recommendation = [0.0, 0.6720, 0.4600], Current Cost = 6462.00, Rho = 1.000
(iter 464) [0.0, 0.6720, 0.4600] = 456.1852, sampling [1.0, 1.8772, -0.1366]. Recommendation = [0.0, 0.6720, 0.4600], Current Cost = 6463.00, Rho = 1.000
(iter 464) [0.0, 0.6720, 0.4600] = 456.1852, sampling [0.0, 1.3331, 1.7977]. Recommendation = [0.0, 0.6720, 0.4600], Current Cost = 6464.00, Rho = 1.000
(iter 464) [0.0, 0.6720, 0.4600] = 456.1852, sampling [1.0, 1.7828, -1.0013]. Recommendation = [0.0, 0.6720, 0.4600], Current Cost = 7464.00, Rho = 1.000
(iter 464) [0.0, 0.6720, 0.4600] = 456.1852, sampling [1.0, 1.4154, -1.4530]. Recommendation = [0.0, 0.6720, 0.4600], Current Cost = 7465.00, Rho = 1.000
(iter 464) [0.0, 0.6720, 0.4600] = 456.1852, sampling [1.0, -1.3664, -0.8955]. Recommendation = [0.0, 0.6720, 0.4600], Current Cost = 7466.00, Rho = 1.000
(iter 464) [0.0, 0.6720, 0.4600] = 456.1852, sampling [1.0, -1.5881, -1.5972]. Recommendation = [0.0, 0.6720, 0.4600], Current Cost = 7467.00, Rho = 1.000
(iter 464) [0.0, 0.6720, 0.4600] = 456.1852, sampling [1.0, 1.6767, -1.3699]. Recommendation = [0.0, 0.6720, 0.4600], Current Cost = 7468.00, Rho = 1.000
(iter 464) [0.0, 0.6720, 0.4600] = 456.1852, sampling [1.0, 1.6186, -1.7747]. Recommendation = [0.0, 0.6720, 0.4600], Current Cost = 7469.00, Rho = 1.000
(iter 464) [0.0, 0.6720, 0.4600] = 456.1852, sampling [1.0, -1.7484, -0.6940]. Recommendation = [0.0, 0.6720, 0.4600], Current Cost = 7470.00, Rho = 1.000
(iter 464) [0.0, 0.6720, 0.4600] = 456.1852, sampling [1.0, -1.7862, -1.3786]. Recommendation = [0.0, 0.6720, 0.4600], Current Cost = 7471.00, Rho = 1.000
(iter 464) [0.0, 0.6720, 0.4600] = 456.1852, sampling [1.0, 1.7353, -0.5275]. Recommendation = [0.0, 0.6720, 0.4600], Current Cost = 7472.00, Rho = 1.000
(iter 464) [0.0, 0.6720, 0.4600] = 456.1852, sampling [1.0, 1.9566, -0.2829]. Recommendation = [0.0, 0.6720, 0.4600], Current Cost = 7473.00, Rho = 1.000
(iter 464) [0.0, 0.6720, 0.4600] = 456.1852, sampling [1.0, -1.9906, 0.2788]. Recommendation = [0.0, 0.6720, 0.4600], Current Cost = 7474.00, Rho = 1.000
(iter 464) [0.0, 0.6720, 0.4600] = 456.1852, sampling [1.0, 1.8381, -1.1058]. Recommendation = [0.0, 0.6720, 0.4600], Current Cost = 7475.00, Rho = 1.000
(iter 464) [0.0, 0.6720, 0.4600] = 456.1852, sampling [1.0, 1.8182, -1.6800]. Recommendation = [0.0, 0.6720, 0.4600], Current Cost = 7476.00, Rho = 1.000
(iter 464) [0.0, 0.6720, 0.4600] = 456.1852, sampling [1.0, -1.7673, -1.6192]. Recommendation = [0.0, 0.6720, 0.4600], Current Cost = 7477.00, Rho = 1.000
(iter 464) [0.0, 0.6720, 0.4600] = 456.1852, sampling [1.0, -1.6675, -1.9279]. Recommendation = [0.0, 0.6720, 0.4600], Current Cost = 7478.00, Rho = 1.000
(iter 464) [0.0, 0.6720, 0.4600] = 456.1852, sampling [1.0, -1.5477, -1.3995]. Recommendation = [0.0, 0.6720, 0.4600], Current Cost = 7479.00, Rho = 1.000
(iter 464) [0.0, 0.6720, 0.4600] = 456.1852, sampling [1.0, 1.9366, -1.0157]. Recommendation = [0.0, 0.6720, 0.4600], Current Cost = 7480.00, Rho = 1.000
(iter 464) [0.0, 0.6720, 0.4600] = 456.1852, sampling [1.0, 1.7741, -1.4137]. Recommendation = [0.0, 0.6720, 0.4600], Current Cost = 7481.00, Rho = 1.000
(iter 464) [0.0, 0.6720, 0.4600] = 456.1852, sampling [1.0, -1.6939, -1.5606]. Recommendation = [0.0, 0.6720, 0.4600], Current Cost = 7482.00, Rho = 1.000
(iter 464) [0.0, 0.6720, 0.4600] = 456.1852, sampling [1.0, 1.7372, -1.3376]. Recommendation = [0.0, 0.6720, 0.4600], Current Cost = 7483.00, Rho = 1.000
(iter 464) [0.0, 0.6720, 0.4600] = 456.1852, sampling [1.0, -1.7924, -1.7909]. Recommendation = [0.0, 0.6720, 0.4600], Current Cost = 7484.00, Rho = 1.000
(iter 464) [0.0, 0.6720, 0.4600] = 456.1852, sampling [1.0, 1.7198, -1.6924]. Recommendation = [0.0, 0.6720, 0.4600], Current Cost = 7485.00, Rho = 1.000
(iter 464) [0.0, 0.6720, 0.4600] = 456.1852, sampling [1.0, 1.8893, -0.1628]. Recommendation = [0.0, 0.6720, 0.4600], Current Cost = 7486.00, Rho = 1.000
(iter 464) [0.0, 0.6720, 0.4600] = 456.1852, sampling [1.0, 1.9238, -1.7473]. Recommendation = [0.0, 0.6720, 0.4600], Current Cost = 7487.00, Rho = 1.000
(iter 464) [0.0, 0.6720, 0.4600] = 456.1852, sampling [1.0, -1.8747, -0.9080]. Recommendation = [0.0, 0.6720, 0.4600], Current Cost = 7488.00, Rho = 1.000
(iter 464) [0.0, 0.6720, 0.4600] = 456.1852, sampling [1.0, 1.9160, -1.1694]. Recommendation = [0.0, 0.6720, 0.4600], Current Cost = 7489.00, Rho = 1.000
(iter 464) [0.0, 0.6720, 0.4600] = 456.1852, sampling [0.0, 0.3292, 0.0993]. Recommendation = [0.0, 0.6720, 0.4600], Current Cost = 7490.00, Rho = 1.000
(iter 464) [0.0, 0.6720, 0.4600] = 456.1852, sampling [1.0, 1.7887, -1.8554]. Recommendation = [0.0, 0.6720, 0.4600], Current Cost = 8490.00, Rho = 1.000
(iter 464) [0.0, 0.6720, 0.4600] = 456.1852, sampling [1.0, 1.5607, -1.3506]. Recommendation = [0.0, 0.6720, 0.4600], Current Cost = 8491.00, Rho = 1.000
(iter 464) [0.0, 0.6720, 0.4600] = 456.1852, sampling [1.0, -1.8616, -1.8360]. Recommendation = [0.0, 0.6720, 0.4600], Current Cost = 8492.00, Rho = 1.000
(iter 464) [0.0, 0.6720, 0.4600] = 456.1852, sampling [1.0, -1.7815, -1.6653]. Recommendation = [0.0, 0.6720, 0.4600], Current Cost = 8493.00, Rho = 1.000
(iter 464) [0.0, 0.6720, 0.4600] = 456.1852, sampling [1.0, 1.8285, -1.7771]. Recommendation = [0.0, 0.6720, 0.4600], Current Cost = 8494.00, Rho = 1.000
(iter 464) [0.0, 0.6720, 0.4600] = 456.1852, sampling [1.0, -1.8065, -1.8652]. Recommendation = [0.0, 0.6720, 0.4600], Current Cost = 8495.00, Rho = 1.000
(iter 464) [0.0, 0.6720, 0.4600] = 456.1852, sampling [1.0, 1.8822, -1.1583]. Recommendation = [0.0, 0.6720, 0.4600], Current Cost = 8496.00, Rho = 1.000
(iter 464) [0.0, 0.6720, 0.4600] = 456.1852, sampling [1.0, 1.9719, -1.2748]. Recommendation = [0.0, 0.6720, 0.4600], Current Cost = 8497.00, Rho = 1.000
(iter 464) [0.0, 0.6720, 0.4600] = 456.1852, sampling [1.0, -1.8399, -1.8984]. Recommendation = [0.0, 0.6720, 0.4600], Current Cost = 8498.00, Rho = 1.000
(iter 464) [0.0, 0.6720, 0.4600] = 456.1852, sampling [1.0, 1.8468, -1.8278]. Recommendation = [0.0, 0.6720, 0.4600], Current Cost = 8499.00, Rho = 1.000
(iter 464) [0.0, 0.6720, 0.4600] = 456.1852, sampling [0.0, 0.3991, 0.2083]. Recommendation = [0.0, 0.6720, 0.4600], Current Cost = 8500.00, Rho = 1.000
(iter 464) [0.0, 0.6720, 0.4600] = 456.1852, sampling [0.0, 1.2285, 1.4226]. Recommendation = [0.0, 0.6720, 0.4600], Current Cost = 9500.00, Rho = 1.000
(iter 464) [0.0, 0.6720, 0.4600] = 456.1852, sampling [0.0, 0.0590, 1.0416]. Recommendation = [0.0, 0.6720, 0.4600], Current Cost = 10500.00, Rho = 1.000
(iter 464) [0.0, 0.6720, 0.4600] = 456.1852, sampling [0.0, -0.1746, 1.3930]. Recommendation = [0.0, 0.6720, 0.4600], Current Cost = 11500.00, Rho = 1.000
(iter 464) [0.0, 0.6720, 0.4600] = 456.1852, sampling [0.0, -0.9881, -1.7297]. Recommendation = [0.0, 0.6720, 0.4600], Current Cost = 12500.00, Rho = 1.000
(iter 464) [0.0, 0.6720, 0.4600] = 456.1852, sampling [0.0, 0.8982, -1.2819]. Recommendation = [0.0, 0.6720, 0.4600], Current Cost = 13500.00, Rho = 1.000
(iter 464) [0.0, 0.6720, 0.4600] = 456.1852, sampling [0.0, 1.8037, -0.4188]. Recommendation = [0.0, 0.6720, 0.4600], Current Cost = 14500.00, Rho = 1.000
(iter 464) [0.0, 0.6720, 0.4600] = 456.1852, sampling [0.0, -0.3111, 1.0806]. Recommendation = [0.0, 0.6720, 0.4600], Current Cost = 15500.00, Rho = 1.000
(iter 464) [0.0, 0.6720, 0.4600] = 456.1852, sampling [0.0, 0.9827, -1.9659]. Recommendation = [0.0, 0.6720, 0.4600], Current Cost = 16500.00, Rho = 1.000
(iter 464) [0.0, 0.6720, 0.4600] = 456.1852, sampling [0.0, 0.0994, -1.4989]. Recommendation = [0.0, 0.6720, 0.4600], Current Cost = 17500.00, Rho = 1.000
(iter 464) [0.0, 0.6720, 0.4600] = 456.1852, sampling [0.0, 1.5953, 0.3497]. Recommendation = [0.0, 0.6720, 0.4600], Current Cost = 18500.00, Rho = 1.000
(iter 464) [0.0, 0.6720, 0.4600] = 456.1852, sampling [0.0, 1.9366, -1.0157]. Recommendation = [0.0, 0.6720, 0.4600], Current Cost = 19500.00, Rho = 1.000
(iter 464) [0.0, 0.6720, 0.4600] = 456.1852, sampling [0.0, -1.2310, 0.9573]. Recommendation = [0.0, 0.6720, 0.4600], Current Cost = 20500.00, Rho = 1.000
(iter 464) [0.0, 0.6720, 0.4600] = 456.1852, sampling [0.0, -1.8668, 1.1820]. Recommendation = [0.0, 0.6720, 0.4600], Current Cost = 21500.00, Rho = 1.000
(iter 464) [0.0, 0.6720, 0.4600] = 456.1852, sampling [0.0, -0.0469, -1.6355]. Recommendation = [0.0, 0.6720, 0.4600], Current Cost = 22500.00, Rho = 1.000
(iter 464) [0.0, 0.6720, 0.4600] = 456.1852, sampling [0.0, -0.0899, -1.0826]. Recommendation = [0.0, 0.6720, 0.4600], Current Cost = 23500.00, Rho = 1.000
(iter 464) [0.0, 0.6720, 0.4600] = 456.1852, sampling [0.0, -0.6501, 0.5928]. Recommendation = [0.0, 0.6720, 0.4600], Current Cost = 24500.00, Rho = 1.000
(iter 464) [0.0, 0.6720, 0.4600] = 456.1852, sampling [0.0, 1.1292, -1.4807]. Recommendation = [0.0, 0.6720, 0.4600], Current Cost = 25500.00, Rho = 1.000
(iter 464) [0.0, 0.6720, 0.4600] = 456.1852, sampling [0.0, 0.4195, 1.3043]. Recommendation = [0.0, 0.6720, 0.4600], Current Cost = 26500.00, Rho = 1.000
(iter 464) [0.0, 0.6720, 0.4600] = 456.1852, sampling [0.0, -1.0768, -1.2267]. Recommendation = [0.0, 0.6720, 0.4600], Current Cost = 27500.00, Rho = 1.000
(iter 464) [0.0, 0.6720, 0.4600] = 456.1852, sampling [0.0, 0.3393, -0.6108]. Recommendation = [0.0, 0.6720, 0.4600], Current Cost = 28500.00, Rho = 1.000
(iter 464) [0.0, 0.6720, 0.4600] = 456.1852, sampling [0.0, -1.3811, 1.6340]. Recommendation = [0.0, 0.6720, 0.4600], Current Cost = 29500.00, Rho = 1.000
(iter 464) [0.0, 0.6720, 0.4600] = 456.1852, sampling [0.0, -1.2071, 1.9217]. Recommendation = [0.0, 0.6720, 0.4600], Current Cost = 30500.00, Rho = 1.000
(iter 464) [0.0, 0.6720, 0.4600] = 456.1852, sampling [0.0, -1.4722, 1.6049]. Recommendation = [0.0, 0.6720, 0.4600], Current Cost = 31500.00, Rho = 1.000
(iter 464) [0.0, 0.6720, 0.4600] = 456.1852, sampling [0.0, 1.3868, 0.8539]. Recommendation = [0.0, 0.6720, 0.4600], Current Cost = 32500.00, Rho = 1.000
(iter 464) [0.0, 0.6720, 0.4600] = 456.1852, sampling [0.0, -0.8908, 0.9979]. Recommendation = [0.0, 0.6720, 0.4600], Current Cost = 33500.00, Rho = 1.000
(iter 464) [0.0, 0.6720, 0.4600] = 456.1852, sampling [0.0, -1.4909, -0.3205]. Recommendation = [0.0, 0.6720, 0.4600], Current Cost = 34500.00, Rho = 1.000
(iter 464) [0.0, 0.6720, 0.4600] = 456.1852, sampling [0.0, -0.6711, -0.9224]. Recommendation = [0.0, 0.6720, 0.4600], Current Cost = 35500.00, Rho = 1.000
(iter 464) [0.0, 0.6720, 0.4600] = 456.1852, sampling [0.0, -0.0795, -1.9998]. Recommendation = [0.0, 0.6720, 0.4600], Current Cost = 36500.00, Rho = 1.000
(iter 464) [0.0, 0.6720, 0.4600] = 456.1852, sampling [0.0, 1.1814, 0.4547]. Recommendation = [0.0, 0.6720, 0.4600], Current Cost = 37500.00, Rho = 1.000
(iter 464) [0.0, 0.6720, 0.4600] = 456.1852, sampling [0.0, -0.2457, 1.1883]. Recommendation = [0.0, 0.6720, 0.4600], Current Cost = 38500.00, Rho = 1.000
(iter 464) [0.0, 0.6720, 0.4600] = 456.1852, sampling [0.0, 1.8613, -1.8943]. Recommendation = [0.0, 0.6720, 0.4600], Current Cost = 39500.00, Rho = 1.000
(iter 464) [0.0, 0.6720, 0.4600] = 456.1852, sampling [0.0, 0.3525, -0.1832]. Recommendation = [0.0, 0.6720, 0.4600], Current Cost = 40500.00, Rho = 1.000
(iter 464) [0.0, 0.6720, 0.4600] = 456.1852, sampling [0.0, -1.8194, 0.9343]. Recommendation = [0.0, 0.6720, 0.4600], Current Cost = 41500.00, Rho = 1.000
(iter 464) [0.0, 0.6720, 0.4600] = 456.1852, sampling [0.0, 1.8468, -1.8278]. Recommendation = [0.0, 0.6720, 0.4600], Current Cost = 42500.00, Rho = 1.000
(iter 464) [0.0, 0.6720, 0.4600] = 456.1852, sampling [0.0, 0.2665, -0.6602]. Recommendation = [0.0, 0.6720, 0.4600], Current Cost = 43500.00, Rho = 1.000
(iter 464) [0.0, 0.6720, 0.4600] = 456.1852, sampling [0.0, -0.6125, 1.5566]. Recommendation = [0.0, 0.6720, 0.4600], Current Cost = 44500.00, Rho = 1.000
(iter 464) [0.0, 0.6720, 0.4600] = 456.1852, sampling [0.0, -1.6104, -0.0001]. Recommendation = [0.0, 0.6720, 0.4600], Current Cost = 45500.00, Rho = 1.000
(iter 464) [0.0, 0.6720, 0.4600] = 456.1852, sampling [0.0, 1.8893, -0.1628]. Recommendation = [0.0, 0.6720, 0.4600], Current Cost = 46500.00, Rho = 1.000
(iter 464) [0.0, 0.6720, 0.4600] = 456.1852, sampling [0.0, -1.9906, 0.2788]. Recommendation = [0.0, 0.6720, 0.4600], Current Cost = 47500.00, Rho = 1.000
(iter 464) [0.0, 0.6720, 0.4600] = 456.1852, sampling [0.0, -0.2243, -0.6820]. Recommendation = [0.0, 0.6720, 0.4600], Current Cost = 48500.00, Rho = 1.000
(iter 464) [0.0, 0.6720, 0.4600] = 456.1852, sampling [0.0, -0.0202, -0.1223]. Recommendation = [0.0, 0.6720, 0.4600], Current Cost = 49500.00, Rho = 1.000
(iter 464) [0.0, 0.6720, 0.4600] = 456.1852, sampling [0.0, 0.6433, 0.7681]. Recommendation = [0.0, 0.6720, 0.4600], Current Cost = 50500.00, Rho = 1.000
(iter 464) [0.0, 0.6720, 0.4600] = 456.1852, sampling [0.0, 0.0443, -1.7056]. Recommendation = [0.0, 0.6720, 0.4600], Current Cost = 51500.00, Rho = 1.000
(iter 464) [0.0, 0.6720, 0.4600] = 456.1852, sampling [0.0, -0.2237, 0.2383]. Recommendation = [0.0, 0.6720, 0.4600], Current Cost = 52500.00, Rho = 1.000
(iter 464) [0.0, 0.6720, 0.4600] = 456.1852, sampling [0.0, -0.5779, 1.0657]. Recommendation = [0.0, 0.6720, 0.4600], Current Cost = 53500.00, Rho = 1.000
(iter 464) [0.0, 0.6720, 0.4600] = 456.1852, sampling [0.0, 0.6091, -1.9518]. Recommendation = [0.0, 0.6720, 0.4600], Current Cost = 54500.00, Rho = 1.000
(iter 464) [0.0, 0.6720, 0.4600] = 456.1852, sampling [0.0, 0.4447, 1.8243]. Recommendation = [0.0, 0.6720, 0.4600], Current Cost = 55500.00, Rho = 1.000
(iter 464) [0.0, 0.6720, 0.4600] = 456.1852, sampling [0.0, 0.6268, 0.3127]. Recommendation = [0.0, 0.6720, 0.4600], Current Cost = 56500.00, Rho = 1.000
(iter 464) [0.0, 0.6720, 0.4600] = 456.1852, sampling [0.0, -1.7086, 1.7889]. Recommendation = [0.0, 0.6720, 0.4600], Current Cost = 57500.00, Rho = 1.000
(iter 464) [0.0, 0.6720, 0.4600] = 456.1852, sampling [0.0, -0.8297, -1.0316]. Recommendation = [0.0, 0.6720, 0.4600], Current Cost = 58500.00, Rho = 1.000
(iter 464) [0.0, 0.6720, 0.4600] = 456.1852, sampling [0.0, 1.4611, -1.1493]. Recommendation = [0.0, 0.6720, 0.4600], Current Cost = 59500.00, Rho = 1.000
(iter 464) [0.0, 0.6720, 0.4600] = 456.1852, sampling [0.0, -1.4178, -1.0688]. Recommendation = [0.0, 0.6720, 0.4600], Current Cost = 60500.00, Rho = 1.000
(iter 464) [0.0, 0.6720, 0.4600] = 456.1852, sampling [0.0, 1.7477, 0.8208]. Recommendation = [0.0, 0.6720, 0.4600], Current Cost = 61500.00, Rho = 1.000
(iter 464) [0.0, 0.6720, 0.4600] = 456.1852, sampling [0.0, -0.6228, -0.9496]. Recommendation = [0.0, 0.6720, 0.4600], Current Cost = 62500.00, Rho = 1.000
(iter 464) [0.0, 0.6720, 0.4600] = 456.1852, sampling [0.0, -0.1285, 1.5045]. Recommendation = [0.0, 0.6720, 0.4600], Current Cost = 63500.00, Rho = 1.000
(iter 464) [0.0, 0.6720, 0.4600] = 456.1852, sampling [0.0, -1.1314, 0.4095]. Recommendation = [0.0, 0.6720, 0.4600], Current Cost = 64500.00, Rho = 1.000
(iter 464) [0.0, 0.6720, 0.4600] = 456.1852, sampling [0.0, -0.4167, 0.8934]. Recommendation = [0.0, 0.6720, 0.4600], Current Cost = 65500.00, Rho = 1.000
(iter 464) [0.0, 0.6720, 0.4600] = 456.1852, sampling [0.0, 0.4761, 1.2827]. Recommendation = [0.0, 0.6720, 0.4600], Current Cost = 66500.00, Rho = 1.000
(iter 464) [0.0, 0.6720, 0.4600] = 456.1852, sampling [0.0, 1.3267, -0.9534]. Recommendation = [0.0, 0.6720, 0.4600], Current Cost = 67500.00, Rho = 1.000
(iter 464) [0.0, 0.6720, 0.4600] = 456.1852, sampling [0.0, 1.1031, -1.7251]. Recommendation = [0.0, 0.6720, 0.4600], Current Cost = 68500.00, Rho = 1.000
(iter 464) [0.0, 0.6720, 0.4600] = 456.1852, sampling [0.0, -0.7363, 0.5714]. Recommendation = [0.0, 0.6720, 0.4600], Current Cost = 69500.00, Rho = 1.000
(iter 464) [0.0, 0.6720, 0.4600] = 456.1852, sampling [0.0, -0.1584, 0.2425]. Recommendation = [0.0, 0.6720, 0.4600], Current Cost = 70500.00, Rho = 1.000
(iter 464) [0.0, 0.6720, 0.4600] = 456.1852, sampling [0.0, -0.9083, 0.0944]. Recommendation = [0.0, 0.6720, 0.4600], Current Cost = 71500.00, Rho = 1.000
(iter 464) [0.0, 0.6720, 0.4600] = 456.1852, sampling [0.0, 1.6997, 0.0623]. Recommendation = [0.0, 0.6720, 0.4600], Current Cost = 72500.00, Rho = 1.000
(iter 464) [0.0, 0.6720, 0.4600] = 456.1852, sampling [0.0, -0.3212, 0.6594]. Recommendation = [0.0, 0.6720, 0.4600], Current Cost = 73500.00, Rho = 1.000
(iter 464) [0.0, 0.6720, 0.4600] = 456.1852, sampling [0.0, -0.9350, 0.9001]. Recommendation = [0.0, 0.6720, 0.4600], Current Cost = 74500.00, Rho = 1.000
(iter 464) [0.0, 0.6720, 0.4600] = 456.1852, sampling [0.0, -1.3758, 1.5163]. Recommendation = [0.0, 0.6720, 0.4600], Current Cost = 75500.00, Rho = 1.000
(iter 464) [0.0, 0.6720, 0.4600] = 456.1852, sampling [0.0, 0.3770, -1.8050]. Recommendation = [0.0, 0.6720, 0.4600], Current Cost = 76500.00, Rho = 1.000
(iter 464) [0.0, 0.6720, 0.4600] = 456.1852, sampling [0.0, -1.3860, -0.9014]. Recommendation = [0.0, 0.6720, 0.4600], Current Cost = 77500.00, Rho = 1.000
(iter 464) [0.0, 0.6720, 0.4600] = 456.1852, sampling [0.0, 0.1092, -0.6332]. Recommendation = [0.0, 0.6720, 0.4600], Current Cost = 78500.00, Rho = 1.000
(iter 464) [0.0, 0.6720, 0.4600] = 456.1852, sampling [0.0, 1.0737, 1.7211]. Recommendation = [0.0, 0.6720, 0.4600], Current Cost = 79500.00, Rho = 1.000
(iter 464) [0.0, 0.6720, 0.4600] = 456.1852, sampling [0.0, 1.1153, -1.3304]. Recommendation = [0.0, 0.6720, 0.4600], Current Cost = 80500.00, Rho = 1.000
(iter 464) [0.0, 0.6720, 0.4600] = 456.1852, sampling [0.0, -1.8616, -1.8360]. Recommendation = [0.0, 0.6720, 0.4600], Current Cost = 81500.00, Rho = 1.000
(iter 464) [0.0, 0.6720, 0.4600] = 456.1852, sampling [0.0, 0.3906, -0.9421]. Recommendation = [0.0, 0.6720, 0.4600], Current Cost = 82500.00, Rho = 1.000
(iter 464) [0.0, 0.6720, 0.4600] = 456.1852, sampling [0.0, 1.0838, 0.8827]. Recommendation = [0.0, 0.6720, 0.4600], Current Cost = 83500.00, Rho = 1.000
(iter 464) [0.0, 0.6720, 0.4600] = 456.1852, sampling [0.0, 0.3117, 0.9180]. Recommendation = [0.0, 0.6720, 0.4600], Current Cost = 84500.00, Rho = 1.000
(iter 464) [0.0, 0.6720, 0.4600] = 456.1852, sampling [0.0, 0.6208, -0.5991]. Recommendation = [0.0, 0.6720, 0.4600], Current Cost = 85500.00, Rho = 1.000
(iter 464) [0.0, 0.6720, 0.4600] = 456.1852, sampling [0.0, 1.3791, 0.6757]. Recommendation = [0.0, 0.6720, 0.4600], Current Cost = 86500.00, Rho = 1.000
(iter 464) [0.0, 0.6720, 0.4600] = 456.1852, sampling [0.0, 1.1687, 1.9889]. Recommendation = [0.0, 0.6720, 0.4600], Current Cost = 87500.00, Rho = 1.000
(iter 464) [0.0, 0.6720, 0.4600] = 456.1852, sampling [0.0, -1.5676, -0.1531]. Recommendation = [0.0, 0.6720, 0.4600], Current Cost = 88500.00, Rho = 1.000
(iter 464) [0.0, 0.6720, 0.4600] = 456.1852, sampling [0.0, -1.3095, -0.6643]. Recommendation = [0.0, 0.6720, 0.4600], Current Cost = 89500.00, Rho = 1.000
(iter 464) [0.0, 0.6720, 0.4600] = 456.1852, sampling [0.0, 1.2125, -1.6969]. Recommendation = [0.0, 0.6720, 0.4600], Current Cost = 90500.00, Rho = 1.000
(iter 464) [0.0, 0.6720, 0.4600] = 456.1852, sampling [0.0, 0.2804, 1.4454]. Recommendation = [0.0, 0.6720, 0.4600], Current Cost = 91500.00, Rho = 1.000
(iter 464) [0.0, 0.6720, 0.4600] = 456.1852, sampling [0.0, 1.7624, 0.0372]. Recommendation = [0.0, 0.6720, 0.4600], Current Cost = 92500.00, Rho = 1.000
(iter 464) [0.0, 0.6720, 0.4600] = 456.1852, sampling [0.0, 1.4866, -0.1306]. Recommendation = [0.0, 0.6720, 0.4600], Current Cost = 93500.00, Rho = 1.000
(iter 464) [0.0, 0.6720, 0.4600] = 456.1852, sampling [0.0, 0.7501, -1.2550]. Recommendation = [0.0, 0.6720, 0.4600], Current Cost = 94500.00, Rho = 1.000
(iter 464) [0.0, 0.6720, 0.4600] = 456.1852, sampling [0.0, -0.5394, 1.2583]. Recommendation = [0.0, 0.6720, 0.4600], Current Cost = 95500.00, Rho = 1.000
(iter 464) [0.0, 0.6720, 0.4600] = 456.1852, sampling [0.0, -0.0152, -0.6254]. Recommendation = [0.0, 0.6720, 0.4600], Current Cost = 96500.00, Rho = 1.000
(iter 464) [0.0, 0.6720, 0.4600] = 456.1852, sampling [0.0, 0.5363, -0.3599]. Recommendation = [0.0, 0.6720, 0.4600], Current Cost = 97500.00, Rho = 1.000
(iter 464) [0.0, 0.6720, 0.4600] = 456.1852, sampling [0.0, 0.2934, 1.6314]. Recommendation = [0.0, 0.6720, 0.4600], Current Cost = 98500.00, Rho = 1.000
(iter 464) [0.0, 0.6720, 0.4600] = 456.1852, sampling [0.0, -1.2825, 1.4486]. Recommendation = [0.0, 0.6720, 0.4600], Current Cost = 99500.00, Rho = 1.000
