(iter 10) [0.0, -1.1212, 0.6673] = 417.0260, sampling [1.0, -0.9167, 0.6532]. Recommendation = [0.0, -1.1212, 0.6673], Current Cost = 5005.00, Rho = 1.000
(iter 10) [0.0, -1.1212, 0.6673] = 417.0260, sampling [1.0, -0.7852, 0.8423]. Recommendation = [0.0, -0.9167, 0.6532], Current Cost = 5006.00, Rho = 1.000
(iter 10) [0.0, -1.1212, 0.6673] = 417.0260, sampling [1.0, -0.5763, 0.7263]. Recommendation = [0.0, -0.9167, 0.6532], Current Cost = 5007.00, Rho = 1.000
(iter 10) [0.0, -1.1212, 0.6673] = 417.0260, sampling [1.0, -0.6659, 0.4486]. Recommendation = [0.0, -0.9167, 0.6532], Current Cost = 5008.00, Rho = 1.000
(iter 10) [0.0, -1.1212, 0.6673] = 417.0260, sampling [1.0, -0.2446, 0.4878]. Recommendation = [0.0, -0.6659, 0.4486], Current Cost = 5009.00, Rho = 1.000
(iter 10) [0.0, -1.1212, 0.6673] = 417.0260, sampling [1.0, -0.3288, 0.1778]. Recommendation = [0.0, -0.6659, 0.4486], Current Cost = 5010.00, Rho = 1.000
(iter 10) [0.0, -1.1212, 0.6673] = 417.0260, sampling [1.0, 0.0330, 0.2100]. Recommendation = [0.0, -0.3288, 0.1778], Current Cost = 5011.00, Rho = 1.000
(iter 10) [0.0, -1.1212, 0.6673] = 417.0260, sampling [1.0, 0.0570, -0.1805]. Recommendation = [0.0, -0.3288, 0.1778], Current Cost = 5012.00, Rho = 1.000
(iter 10) [0.0, -1.1212, 0.6673] = 417.0260, sampling [1.0, -0.1802, -0.0011]. Recommendation = [0.0, -0.3288, 0.1778], Current Cost = 5013.00, Rho = 1.000
(iter 10) [0.0, -1.1212, 0.6673] = 417.0260, sampling [1.0, -0.1488, 0.2737]. Recommendation = [0.0, -0.1488, 0.2737], Current Cost = 5014.00, Rho = 1.000
(iter 10) [0.0, -1.1212, 0.6673] = 417.0260, sampling [1.0, 0.3254, -0.2376]. Recommendation = [0.0, -0.1802, -0.0011], Current Cost = 5015.00, Rho = 1.000
(iter 10) [0.0, -1.1212, 0.6673] = 417.0260, sampling [1.0, 0.1266, -0.4556]. Recommendation = [0.0, -0.1802, -0.0011], Current Cost = 5016.00, Rho = 1.000
(iter 10) [0.0, -1.1212, 0.6673] = 417.0260, sampling [1.0, -0.5415, 0.3631]. Recommendation = [0.0, -0.1802, -0.0011], Current Cost = 5017.00, Rho = 1.000
(iter 10) [0.0, -1.1212, 0.6673] = 417.0260, sampling [1.0, 0.5013, 0.0454]. Recommendation = [0.0, -0.1802, -0.0011], Current Cost = 5018.00, Rho = 1.000
(iter 10) [0.0, -1.1212, 0.6673] = 417.0260, sampling [1.0, 0.0905, 0.4300]. Recommendation = [0.0, -0.1802, -0.0011], Current Cost = 5019.00, Rho = 1.000
(iter 10) [0.0, -1.1212, 0.6673] = 417.0260, sampling [1.0, 0.4718, 0.3682]. Recommendation = [0.0, -0.1802, -0.0011], Current Cost = 5020.00, Rho = 1.000
(iter 10) [0.0, -1.1212, 0.6673] = 417.0260, sampling [1.0, 0.1510, 0.2630]. Recommendation = [0.0, 0.1510, 0.2630], Current Cost = 5021.00, Rho = 1.000
(iter 10) [0.0, -1.1212, 0.6673] = 417.0260, sampling [1.0, -0.3604, 0.6219]. Recommendation = [0.0, -0.1802, -0.0011], Current Cost = 5022.00, Rho = 1.000
(iter 10) [0.0, -1.1212, 0.6673] = 417.0260, sampling [1.0, 0.2662, 0.6052]. Recommendation = [0.0, -0.1802, -0.0011], Current Cost = 5023.00, Rho = 1.000
(iter 10) [0.0, -1.1212, 0.6673] = 417.0260, sampling [1.0, -0.0599, 0.7359]. Recommendation = [0.0, -0.1802, -0.0011], Current Cost = 5024.00, Rho = 1.000
(iter 10) [0.0, -1.1212, 0.6673] = 417.0260, sampling [1.0, -0.0917, -0.1085]. Recommendation = [0.0, -0.1802, -0.0011], Current Cost = 5025.00, Rho = 1.000
(iter 10) [0.0, -1.1212, 0.6673] = 417.0260, sampling [1.0, 0.5498, -0.1007]. Recommendation = [0.0, -0.1802, -0.0011], Current Cost = 5026.00, Rho = 1.000
(iter 10) [0.0, -1.1212, 0.6673] = 417.0260, sampling [1.0, 0.3889, -0.3878]. Recommendation = [0.0, -0.1802, -0.0011], Current Cost = 5027.00, Rho = 1.000
(iter 10) [0.0, -1.1212, 0.6673] = 417.0260, sampling [1.0, 0.7138, 0.3416]. Recommendation = [0.0, -0.1802, -0.0011], Current Cost = 5028.00, Rho = 1.000
(iter 10) [0.0, -1.1212, 0.6673] = 417.0260, sampling [1.0, 0.5836, 0.1202]. Recommendation = [0.0, -0.1802, -0.0011], Current Cost = 5029.00, Rho = 1.000
(iter 10) [0.0, -1.1212, 0.6673] = 417.0260, sampling [1.0, 0.4816, 0.5738]. Recommendation = [0.0, -0.1802, -0.0011], Current Cost = 5030.00, Rho = 1.000
(iter 10) [0.0, -1.1212, 0.6673] = 417.0260, sampling [1.0, 0.7937, -0.0135]. Recommendation = [0.0, -0.1802, -0.0011], Current Cost = 5031.00, Rho = 1.000
(iter 10) [0.0, -1.1212, 0.6673] = 417.0260, sampling [1.0, -0.4063, -0.0787]. Recommendation = [0.0, -0.1802, -0.0011], Current Cost = 5032.00, Rho = 1.000
(iter 10) [0.0, -1.1212, 0.6673] = 417.0260, sampling [1.0, -0.4960, 0.1042]. Recommendation = [0.0, -0.2668, 0.0865], Current Cost = 5033.00, Rho = 1.000
(iter 10) [0.0, -1.1212, 0.6673] = 417.0260, sampling [1.0, -0.3090, 0.0237]. Recommendation = [0.0, -0.3090, 0.0237], Current Cost = 5034.00, Rho = 1.000
(iter 10) [0.0, -1.1212, 0.6673] = 417.0260, sampling [1.0, -0.0666, -0.2150]. Recommendation = [0.0, -0.2668, 0.0865], Current Cost = 5035.00, Rho = 1.000
(iter 10) [0.0, -1.1212, 0.6673] = 417.0260, sampling [1.0, 0.3030, -0.6611]. Recommendation = [0.0, -0.2668, 0.0865], Current Cost = 5036.00, Rho = 1.000
(iter 10) [0.0, -1.1212, 0.6673] = 417.0260, sampling [1.0, 0.6670, 0.4417]. Recommendation = [0.0, -0.2668, 0.0865], Current Cost = 5037.00, Rho = 1.000
(iter 10) [0.0, -1.1212, 0.6673] = 417.0260, sampling [1.0, -0.4083, 0.9164]. Recommendation = [0.0, 0.6670, 0.4417], Current Cost = 5038.00, Rho = 1.000
(iter 10) [0.0, -1.1212, 0.6673] = 417.0260, sampling [1.0, -0.0972, 0.5446]. Recommendation = [0.0, 0.6670, 0.4417], Current Cost = 5039.00, Rho = 1.000
(iter 10) [0.0, -1.1212, 0.6673] = 417.0260, sampling [1.0, 0.0875, -0.3484]. Recommendation = [0.0, 0.6670, 0.4417], Current Cost = 5040.00, Rho = 1.000
(iter 10) [0.0, -1.1212, 0.6673] = 417.0260, sampling [1.0, 0.7644, 0.6965]. Recommendation = [0.0, 0.6670, 0.4417], Current Cost = 5041.00, Rho = 1.000
(iter 10) [0.0, -1.1212, 0.6673] = 417.0260, sampling [1.0, 0.5567, 0.8132]. Recommendation = [0.0, 0.6670, 0.4417], Current Cost = 5042.00, Rho = 1.000
(iter 10) [0.0, -1.1212, 0.6673] = 417.0260, sampling [1.0, 0.6458, 0.6450]. Recommendation = [0.0, 0.6670, 0.4417], Current Cost = 5043.00, Rho = 1.000
(iter 10) [0.0, -1.1212, 0.6673] = 417.0260, sampling [1.0, 0.8721, 0.4910]. Recommendation = [0.0, 0.6670, 0.4417], Current Cost = 5044.00, Rho = 1.000
(iter 10) [0.0, -1.1212, 0.6673] = 417.0260, sampling [1.0, 0.8665, 0.2559]. Recommendation = [0.0, 0.6670, 0.4417], Current Cost = 5045.00, Rho = 1.000
(iter 10) [0.0, -1.1212, 0.6673] = 417.0260, sampling [1.0, 0.2867, 0.9785]. Recommendation = [0.0, 0.6670, 0.4417], Current Cost = 5046.00, Rho = 1.000
(iter 10) [0.0, -1.1212, 0.6673] = 417.0260, sampling [1.0, 0.8965, 0.7816]. Recommendation = [0.0, 0.6670, 0.4417], Current Cost = 5047.00, Rho = 1.000
(iter 10) [0.0, -1.1212, 0.6673] = 417.0260, sampling [1.0, 1.1135, 0.5055]. Recommendation = [0.0, 0.8965, 0.7816], Current Cost = 5048.00, Rho = 1.000
(iter 10) [0.0, -1.1212, 0.6673] = 417.0260, sampling [1.0, 0.6987, 0.8799]. Recommendation = [0.0, 0.8965, 0.7816], Current Cost = 5049.00, Rho = 1.000
(iter 10) [0.0, -1.1212, 0.6673] = 417.0260, sampling [1.0, -0.4311, -0.2885]. Recommendation = [0.0, 0.8965, 0.7816], Current Cost = 5050.00, Rho = 1.000
(iter 10) [0.0, -1.1212, 0.6673] = 417.0260, sampling [1.0, 0.0076, -0.7857]. Recommendation = [0.0, 0.8965, 0.7816], Current Cost = 5051.00, Rho = 1.000
(iter 10) [0.0, -1.1212, 0.6673] = 417.0260, sampling [1.0, -0.2879, -0.6549]. Recommendation = [0.0, 0.8965, 0.7816], Current Cost = 5052.00, Rho = 1.000
(iter 10) [0.0, -1.1212, 0.6673] = 417.0260, sampling [1.0, 0.0261, -0.4915]. Recommendation = [0.0, 0.8965, 0.7816], Current Cost = 5053.00, Rho = 1.000
(iter 10) [0.0, -1.1212, 0.6673] = 417.0260, sampling [1.0, 0.4232, 0.7593]. Recommendation = [0.0, 0.8965, 0.7816], Current Cost = 5054.00, Rho = 1.000
(iter 10) [0.0, -1.1212, 0.6673] = 417.0260, sampling [1.0, -0.6225, 0.1034]. Recommendation = [0.0, 0.8965, 0.7816], Current Cost = 5055.00, Rho = 1.000
(iter 10) [0.0, -1.1212, 0.6673] = 417.0260, sampling [1.0, -0.5168, -0.0677]. Recommendation = [0.0, 0.8965, 0.7816], Current Cost = 5056.00, Rho = 1.000
(iter 10) [0.0, -1.1212, 0.6673] = 417.0260, sampling [1.0, 1.0855, 0.6902]. Recommendation = [0.0, 0.8965, 0.7816], Current Cost = 5057.00, Rho = 1.000
(iter 10) [0.0, -1.1212, 0.6673] = 417.0260, sampling [1.0, 1.0387, 1.0572]. Recommendation = [0.0, 0.8965, 0.7816], Current Cost = 5058.00, Rho = 1.000
(iter 10) [0.0, -1.1212, 0.6673] = 417.0260, sampling [1.0, 0.7082, 1.2631]. Recommendation = [0.0, 1.0387, 1.0572], Current Cost = 5059.00, Rho = 1.000
(iter 10) [0.0, -1.1212, 0.6673] = 417.0260, sampling [1.0, 1.1061, 0.9751]. Recommendation = [0.0, 1.0387, 1.0572], Current Cost = 5060.00, Rho = 1.000
(iter 10) [0.0, -1.1212, 0.6673] = 417.0260, sampling [1.0, 0.5606, 1.0520]. Recommendation = [0.0, 1.0387, 1.0572], Current Cost = 5061.00, Rho = 1.000
(iter 10) [0.0, -1.1212, 0.6673] = 417.0260, sampling [1.0, -0.2668, 0.0865]. Recommendation = [0.0, 1.0387, 1.0572], Current Cost = 5062.00, Rho = 1.000
(iter 10) [0.0, -1.1212, 0.6673] = 417.0260, sampling [1.0, -0.9524, 0.9273]. Recommendation = [0.0, 1.0387, 1.0572], Current Cost = 5063.00, Rho = 1.000
(iter 10) [0.0, -1.1212, 0.6673] = 417.0260, sampling [1.0, -0.6513, 1.0905]. Recommendation = [0.0, 1.0387, 1.0572], Current Cost = 5064.00, Rho = 1.000
(iter 10) [0.0, -1.1212, 0.6673] = 417.0260, sampling [1.0, -0.7315, 0.9366]. Recommendation = [0.0, 1.0387, 1.0572], Current Cost = 5065.00, Rho = 1.000
(iter 10) [0.0, -1.1212, 0.6673] = 417.0260, sampling [1.0, -0.1368, 1.1754]. Recommendation = [0.0, 1.0387, 1.0572], Current Cost = 5066.00, Rho = 1.000
(iter 10) [0.0, -1.1212, 0.6673] = 417.0260, sampling [1.0, 0.1292, 0.6258]. Recommendation = [0.0, 1.0387, 1.0572], Current Cost = 5067.00, Rho = 1.000
(iter 10) [0.0, -1.1212, 0.6673] = 417.0260, sampling [1.0, 0.4406, -0.2851]. Recommendation = [0.0, 1.0387, 1.0572], Current Cost = 5068.00, Rho = 1.000
(iter 10) [0.0, -1.1212, 0.6673] = 417.0260, sampling [1.0, 1.3590, 0.7742]. Recommendation = [0.0, 1.0387, 1.0572], Current Cost = 5069.00, Rho = 1.000
(iter 10) [0.0, -1.1212, 0.6673] = 417.0260, sampling [1.0, 0.9700, 0.1302]. Recommendation = [0.0, 1.0387, 1.0572], Current Cost = 5070.00, Rho = 1.000
(iter 10) [0.0, -1.1212, 0.6673] = 417.0260, sampling [1.0, -0.5569, 0.9331]. Recommendation = [0.0, 1.0387, 1.0572], Current Cost = 5071.00, Rho = 1.000
(iter 10) [0.0, -1.1212, 0.6673] = 417.0260, sampling [1.0, -0.8632, 1.0753]. Recommendation = [0.0, 1.0387, 1.0572], Current Cost = 5072.00, Rho = 1.000
(iter 10) [0.0, -1.1212, 0.6673] = 417.0260, sampling [1.0, 0.3084, -0.4963]. Recommendation = [0.0, 1.0387, 1.0572], Current Cost = 5073.00, Rho = 1.000
(iter 10) [0.0, -1.1212, 0.6673] = 417.0260, sampling [1.0, -0.0199, 0.2306]. Recommendation = [0.0, 1.0387, 1.0572], Current Cost = 5074.00, Rho = 1.000
(iter 10) [0.0, -1.1212, 0.6673] = 417.0260, sampling [1.0, 0.7919, -0.1973]. Recommendation = [0.0, 1.0387, 1.0572], Current Cost = 5075.00, Rho = 1.000
(iter 10) [0.0, -1.1212, 0.6673] = 417.0260, sampling [1.0, -0.8019, 1.0284]. Recommendation = [0.0, 1.0387, 1.0572], Current Cost = 5076.00, Rho = 1.000
(iter 10) [0.0, -1.1212, 0.6673] = 417.0260, sampling [1.0, 0.9340, 0.4609]. Recommendation = [0.0, 1.0387, 1.0572], Current Cost = 5077.00, Rho = 1.000
(iter 10) [0.0, -1.1212, 0.6673] = 417.0260, sampling [1.0, -0.2779, 0.8264]. Recommendation = [0.0, 1.0387, 1.0572], Current Cost = 5078.00, Rho = 1.000
(iter 10) [0.0, -1.1212, 0.6673] = 417.0260, sampling [1.0, -0.5311, 0.0485]. Recommendation = [0.0, 1.0387, 1.0572], Current Cost = 5079.00, Rho = 1.000
(iter 10) [0.0, -1.1212, 0.6673] = 417.0260, sampling [1.0, 0.4110, 0.5859]. Recommendation = [0.0, 1.0387, 1.0572], Current Cost = 5080.00, Rho = 1.000
(iter 10) [0.0, -1.1212, 0.6673] = 417.0260, sampling [1.0, 1.1714, 1.3763]. Recommendation = [0.0, 1.0387, 1.0572], Current Cost = 5081.00, Rho = 1.000
(iter 10) [0.0, -1.1212, 0.6673] = 417.0260, sampling [1.0, 0.8934, 1.4292]. Recommendation = [0.0, 1.1714, 1.3763], Current Cost = 5082.00, Rho = 1.000
(iter 10) [0.0, -1.1212, 0.6673] = 417.0260, sampling [1.0, 1.3176, 1.3036]. Recommendation = [0.0, 1.1714, 1.3763], Current Cost = 5083.00, Rho = 1.000
(iter 10) [0.0, -1.1212, 0.6673] = 417.0260, sampling [1.0, 1.1491, 1.4546]. Recommendation = [0.0, 1.1714, 1.3763], Current Cost = 5084.00, Rho = 1.000
(iter 10) [0.0, -1.1212, 0.6673] = 417.0260, sampling [1.0, 0.3542, 1.2840]. Recommendation = [0.0, 1.1714, 1.3763], Current Cost = 5085.00, Rho = 1.000
(iter 10) [0.0, -1.1212, 0.6673] = 417.0260, sampling [1.0, 0.9769, 1.6467]. Recommendation = [0.0, 1.1714, 1.3763], Current Cost = 5086.00, Rho = 1.000
(iter 10) [0.0, -1.1212, 0.6673] = 417.0260, sampling [1.0, 1.2498, 1.6158]. Recommendation = [0.0, 1.1714, 1.3763], Current Cost = 5087.00, Rho = 1.000
(iter 10) [0.0, -1.1212, 0.6673] = 417.0260, sampling [1.0, -0.5945, -0.1731]. Recommendation = [0.0, 1.1714, 1.3763], Current Cost = 5088.00, Rho = 1.000
(iter 10) [0.0, -1.1212, 0.6673] = 417.0260, sampling [1.0, 0.6190, 1.5891]. Recommendation = [0.0, 1.1714, 1.3763], Current Cost = 5089.00, Rho = 1.000
(iter 10) [0.0, -1.1212, 0.6673] = 417.0260, sampling [1.0, 0.0511, 0.8651]. Recommendation = [0.0, 1.1714, 1.3763], Current Cost = 5090.00, Rho = 1.000
(iter 10) [0.0, -1.1212, 0.6673] = 417.0260, sampling [1.0, 0.8384, 0.4651]. Recommendation = [0.0, 1.1714, 1.3763], Current Cost = 5091.00, Rho = 1.000
(iter 10) [0.0, -1.1212, 0.6673] = 417.0260, sampling [1.0, -0.7171, 0.0105]. Recommendation = [0.0, 1.1714, 1.3763], Current Cost = 5092.00, Rho = 1.000
(iter 10) [0.0, -1.1212, 0.6673] = 417.0260, sampling [1.0, -1.0289, 0.5383]. Recommendation = [0.0, 1.1714, 1.3763], Current Cost = 5093.00, Rho = 1.000
(iter 10) [0.0, -1.1212, 0.6673] = 417.0260, sampling [1.0, 0.8453, 0.1654]. Recommendation = [0.0, 1.1714, 1.3763], Current Cost = 5094.00, Rho = 1.000
(iter 10) [0.0, -1.1212, 0.6673] = 417.0260, sampling [1.0, 0.2057, -0.5460]. Recommendation = [0.0, 1.1714, 1.3763], Current Cost = 5095.00, Rho = 1.000
(iter 10) [0.0, -1.1212, 0.6673] = 417.0260, sampling [1.0, 0.2882, -0.8443]. Recommendation = [0.0, 1.1714, 1.3763], Current Cost = 5096.00, Rho = 1.000
(iter 10) [0.0, -1.1212, 0.6673] = 417.0260, sampling [1.0, 0.9484, 1.5002]. Recommendation = [0.0, 1.1714, 1.3763], Current Cost = 5097.00, Rho = 1.000
(iter 10) [0.0, -1.1212, 0.6673] = 417.0260, sampling [1.0, 1.0903, 0.3574]. Recommendation = [0.0, 1.1714, 1.3763], Current Cost = 5098.00, Rho = 1.000
(iter 10) [0.0, -1.1212, 0.6673] = 417.0260, sampling [1.0, 0.0191, 0.2654]. Recommendation = [0.0, 1.1714, 1.3763], Current Cost = 5099.00, Rho = 1.000
(iter 10) [0.0, -1.1212, 0.6673] = 417.0260, sampling [1.0, 0.5958, -0.5824]. Recommendation = [0.0, 1.1714, 1.3763], Current Cost = 5100.00, Rho = 1.000
(iter 10) [0.0, -1.1212, 0.6673] = 417.0260, sampling [1.0, -0.8473, 1.3145]. Recommendation = [0.0, 1.1714, 1.3763], Current Cost = 5101.00, Rho = 1.000
(iter 10) [0.0, -1.1212, 0.6673] = 417.0260, sampling [1.0, -1.0821, 1.1586]. Recommendation = [0.0, 1.1714, 1.3763], Current Cost = 5102.00, Rho = 1.000
(iter 10) [0.0, -1.1212, 0.6673] = 417.0260, sampling [1.0, -1.1625, 0.9471]. Recommendation = [0.0, 1.1714, 1.3763], Current Cost = 5103.00, Rho = 1.000
(iter 10) [0.0, -1.1212, 0.6673] = 417.0260, sampling [1.0, -0.4479, 1.2157]. Recommendation = [0.0, 1.1714, 1.3763], Current Cost = 5104.00, Rho = 1.000
(iter 10) [0.0, -1.1212, 0.6673] = 417.0260, sampling [1.0, -1.1058, 1.4699]. Recommendation = [0.0, 1.1714, 1.3763], Current Cost = 5105.00, Rho = 1.000
(iter 10) [0.0, -1.1212, 0.6673] = 417.0260, sampling [1.0, -0.9105, 1.5269]. Recommendation = [0.0, 1.1714, 1.3763], Current Cost = 5106.00, Rho = 1.000
(iter 10) [0.0, -1.1212, 0.6673] = 417.0260, sampling [1.0, -1.2386, 1.3440]. Recommendation = [0.0, 1.1714, 1.3763], Current Cost = 5107.00, Rho = 1.000
(iter 10) [0.0, -1.1212, 0.6673] = 417.0260, sampling [1.0, -0.9296, 1.3873]. Recommendation = [0.0, 1.1714, 1.3763], Current Cost = 5108.00, Rho = 1.000
(iter 10) [0.0, -1.1212, 0.6673] = 417.0260, sampling [1.0, -1.3187, 1.1674]. Recommendation = [0.0, 1.1714, 1.3763], Current Cost = 5109.00, Rho = 1.000
(iter 10) [0.0, -1.1212, 0.6673] = 417.0260, sampling [1.0, -0.5234, 1.6482]. Recommendation = [0.0, 1.1714, 1.3763], Current Cost = 5110.00, Rho = 1.000
(iter 10) [0.0, -1.1212, 0.6673] = 417.0260, sampling [1.0, -1.2792, 1.5686]. Recommendation = [0.0, 1.1714, 1.3763], Current Cost = 5111.00, Rho = 1.000
(iter 10) [0.0, -1.1212, 0.6673] = 417.0260, sampling [1.0, -1.3415, 1.4031]. Recommendation = [0.0, 1.1714, 1.3763], Current Cost = 5112.00, Rho = 1.000
(iter 10) [0.0, -1.1212, 0.6673] = 417.0260, sampling [1.0, -1.1746, 1.6832]. Recommendation = [0.0, 1.1714, 1.3763], Current Cost = 5113.00, Rho = 1.000
(iter 10) [0.0, -1.1212, 0.6673] = 417.0260, sampling [1.0, -0.9637, 1.7580]. Recommendation = [0.0, 1.1714, 1.3763], Current Cost = 5114.00, Rho = 1.000
(iter 10) [0.0, -1.1212, 0.6673] = 417.0260, sampling [1.0, 1.0553, 1.8281]. Recommendation = [0.0, 1.1714, 1.3763], Current Cost = 5115.00, Rho = 1.000
(iter 10) [0.0, -1.1212, 0.6673] = 417.0260, sampling [1.0, 1.3310, 1.7989]. Recommendation = [0.0, 1.1714, 1.3763], Current Cost = 5116.00, Rho = 1.000
(iter 10) [0.0, -1.1212, 0.6673] = 417.0260, sampling [1.0, 1.2419, 1.9584]. Recommendation = [0.0, 1.1714, 1.3763], Current Cost = 5117.00, Rho = 1.000
(iter 10) [0.0, -1.1212, 0.6673] = 417.0260, sampling [1.0, 1.1616, 1.9087]. Recommendation = [0.0, 1.1714, 1.3763], Current Cost = 5118.00, Rho = 1.000
(iter 10) [0.0, -1.1212, 0.6673] = 417.0260, sampling [1.0, 1.3702, 1.9196]. Recommendation = [0.0, 1.1714, 1.3763], Current Cost = 5119.00, Rho = 1.000
(iter 10) [0.0, -1.1212, 0.6673] = 417.0260, sampling [1.0, 1.2899, 1.9201]. Recommendation = [0.0, 1.1714, 1.3763], Current Cost = 5120.00, Rho = 1.000
(iter 10) [0.0, -1.1212, 0.6673] = 417.0260, sampling [1.0, 0.7521, 1.9824]. Recommendation = [0.0, 1.1714, 1.3763], Current Cost = 5121.00, Rho = 1.000
(iter 10) [0.0, -1.1212, 0.6673] = 417.0260, sampling [1.0, -1.5027, 1.5051]. Recommendation = [0.0, 1.1714, 1.3763], Current Cost = 5122.00, Rho = 1.000
(iter 10) [0.0, -1.1212, 0.6673] = 417.0260, sampling [1.0, -1.2978, 1.9466]. Recommendation = [0.0, 1.1714, 1.3763], Current Cost = 5123.00, Rho = 1.000
(iter 10) [0.0, -1.1212, 0.6673] = 417.0260, sampling [1.0, -1.5160, 1.8694]. Recommendation = [0.0, 1.1714, 1.3763], Current Cost = 5124.00, Rho = 1.000
(iter 10) [0.0, -1.1212, 0.6673] = 417.0260, sampling [1.0, -1.1524, 1.7424]. Recommendation = [0.0, 1.1714, 1.3763], Current Cost = 5125.00, Rho = 1.000
(iter 10) [0.0, -1.1212, 0.6673] = 417.0260, sampling [1.0, -1.2138, 1.7071]. Recommendation = [0.0, 1.1714, 1.3763], Current Cost = 5126.00, Rho = 1.000
(iter 10) [0.0, -1.1212, 0.6673] = 417.0260, sampling [1.0, 1.4864, 1.8745]. Recommendation = [0.0, 1.1714, 1.3763], Current Cost = 5127.00, Rho = 1.000
(iter 10) [0.0, -1.1212, 0.6673] = 417.0260, sampling [1.0, 1.5549, 1.1305]. Recommendation = [0.0, 1.3851, 1.8921], Current Cost = 5128.00, Rho = 1.000
(iter 10) [0.0, -1.1212, 0.6673] = 417.0260, sampling [1.0, 1.3851, 1.8921]. Recommendation = [0.0, 1.3851, 1.8921], Current Cost = 5129.00, Rho = 1.000
(iter 10) [0.0, -1.1212, 0.6673] = 417.0260, sampling [1.0, -0.8941, 1.9601]. Recommendation = [0.0, 1.1714, 1.3763], Current Cost = 5130.00, Rho = 1.000
(iter 10) [0.0, -1.1212, 0.6673] = 417.0260, sampling [1.0, 0.0146, 0.6356]. Recommendation = [0.0, 1.1714, 1.3763], Current Cost = 5131.00, Rho = 1.000
(iter 10) [0.0, -1.1212, 0.6673] = 417.0260, sampling [1.0, -0.5628, 0.0901]. Recommendation = [0.0, 1.1714, 1.3763], Current Cost = 5132.00, Rho = 1.000
(iter 10) [0.0, -1.1212, 0.6673] = 417.0260, sampling [1.0, 1.3012, 1.9928]. Recommendation = [0.0, 1.1714, 1.3763], Current Cost = 5133.00, Rho = 1.000
(iter 10) [0.0, -1.1212, 0.6673] = 417.0260, sampling [1.0, -0.4322, -0.0519]. Recommendation = [0.0, 1.1714, 1.3763], Current Cost = 5134.00, Rho = 1.000
(iter 10) [0.0, -1.1212, 0.6673] = 417.0260, sampling [1.0, -0.1701, -1.0288]. Recommendation = [0.0, 1.1714, 1.3763], Current Cost = 5135.00, Rho = 1.000
(iter 10) [0.0, -1.1212, 0.6673] = 417.0260, sampling [1.0, -0.9871, 0.2459]. Recommendation = [0.0, 1.1714, 1.3763], Current Cost = 5136.00, Rho = 1.000
(iter 10) [0.0, -1.1212, 0.6673] = 417.0260, sampling [1.0, -0.7012, -0.3168]. Recommendation = [0.0, 1.1714, 1.3763], Current Cost = 5137.00, Rho = 1.000
(iter 10) [0.0, -1.1212, 0.6673] = 417.0260, sampling [1.0, -0.5746, -0.7111]. Recommendation = [0.0, 1.1714, 1.3763], Current Cost = 5138.00, Rho = 1.000
(iter 10) [0.0, -1.1212, 0.6673] = 417.0260, sampling [1.0, -0.3802, -0.6195]. Recommendation = [0.0, 1.1714, 1.3763], Current Cost = 5139.00, Rho = 1.000
(iter 10) [0.0, -1.1212, 0.6673] = 417.0260, sampling [1.0, -1.2568, 0.9013]. Recommendation = [0.0, 1.1714, 1.3763], Current Cost = 5140.00, Rho = 1.000
(iter 10) [0.0, -1.1212, 0.6673] = 417.0260, sampling [1.0, -1.4405, 1.2178]. Recommendation = [0.0, 1.1714, 1.3763], Current Cost = 5141.00, Rho = 1.000
(iter 10) [0.0, -1.1212, 0.6673] = 417.0260, sampling [1.0, 1.2827, 0.1691]. Recommendation = [0.0, 1.1714, 1.3763], Current Cost = 5142.00, Rho = 1.000
(iter 10) [0.0, -1.1212, 0.6673] = 417.0260, sampling [1.0, -0.3485, -0.8308]. Recommendation = [0.0, 1.1714, 1.3763], Current Cost = 5143.00, Rho = 1.000
(iter 10) [0.0, -1.1212, 0.6673] = 417.0260, sampling [1.0, 0.0790, -0.9006]. Recommendation = [0.0, 1.1714, 1.3763], Current Cost = 5144.00, Rho = 1.000
(iter 10) [0.0, -1.1212, 0.6673] = 417.0260, sampling [1.0, -0.4775, -0.2965]. Recommendation = [0.0, 1.1714, 1.3763], Current Cost = 5145.00, Rho = 1.000
(iter 10) [0.0, -1.1212, 0.6673] = 417.0260, sampling [1.0, -1.0771, 1.7510]. Recommendation = [0.0, 1.1714, 1.3763], Current Cost = 5146.00, Rho = 1.000
(iter 10) [0.0, -1.1212, 0.6673] = 417.0260, sampling [1.0, 0.1162, 0.7067]. Recommendation = [0.0, 1.1714, 1.3763], Current Cost = 5147.00, Rho = 1.000
(iter 10) [0.0, -1.1212, 0.6673] = 417.0260, sampling [1.0, -0.1238, 0.9640]. Recommendation = [0.0, 1.1714, 1.3763], Current Cost = 5148.00, Rho = 1.000
(iter 10) [0.0, -1.1212, 0.6673] = 417.0260, sampling [1.0, -1.6317, 1.5760]. Recommendation = [0.0, 1.1714, 1.3763], Current Cost = 5149.00, Rho = 1.000
(iter 10) [0.0, -1.1212, 0.6673] = 417.0260, sampling [1.0, 0.7458, 1.4369]. Recommendation = [0.0, 1.1714, 1.3763], Current Cost = 5150.00, Rho = 1.000
(iter 10) [0.0, -1.1212, 0.6673] = 417.0260, sampling [1.0, -0.0329, 1.6392]. Recommendation = [0.0, 1.1714, 1.3763], Current Cost = 5151.00, Rho = 1.000
(iter 10) [0.0, -1.1212, 0.6673] = 417.0260, sampling [1.0, -0.1284, 0.7161]. Recommendation = [0.0, 1.1714, 1.3763], Current Cost = 5152.00, Rho = 1.000
(iter 10) [0.0, -1.1212, 0.6673] = 417.0260, sampling [1.0, 0.6792, -1.0376]. Recommendation = [0.0, 1.1714, 1.3763], Current Cost = 5153.00, Rho = 1.000
(iter 10) [0.0, -1.1212, 0.6673] = 417.0260, sampling [1.0, -1.5902, 1.8585]. Recommendation = [0.0, 1.1714, 1.3763], Current Cost = 5154.00, Rho = 1.000
(iter 10) [0.0, -1.1212, 0.6673] = 417.0260, sampling [1.0, -0.0767, -0.8874]. Recommendation = [0.0, 1.1714, 1.3763], Current Cost = 5155.00, Rho = 1.000
(iter 10) [0.0, -1.1212, 0.6673] = 417.0260, sampling [1.0, 1.1299, 0.6841]. Recommendation = [0.0, 1.1714, 1.3763], Current Cost = 5156.00, Rho = 1.000
(iter 10) [0.0, -1.1212, 0.6673] = 417.0260, sampling [1.0, 0.4766, 1.1204]. Recommendation = [0.0, 1.1714, 1.3763], Current Cost = 5157.00, Rho = 1.000
(iter 10) [0.0, -1.1212, 0.6673] = 417.0260, sampling [1.0, 0.8862, 1.6757]. Recommendation = [0.0, 1.1714, 1.3763], Current Cost = 5158.00, Rho = 1.000
(iter 10) [0.0, -1.1212, 0.6673] = 417.0260, sampling [1.0, 0.9990, 0.2193]. Recommendation = [0.0, 1.1714, 1.3763], Current Cost = 5159.00, Rho = 1.000
(iter 10) [0.0, -1.1212, 0.6673] = 417.0260, sampling [1.0, 0.1011, 0.4064]. Recommendation = [0.0, 1.1714, 1.3763], Current Cost = 5160.00, Rho = 1.000
(iter 10) [0.0, -1.1212, 0.6673] = 417.0260, sampling [1.0, -1.3666, 1.0979]. Recommendation = [0.0, 1.1714, 1.3763], Current Cost = 5161.00, Rho = 1.000
(iter 10) [0.0, -1.1212, 0.6673] = 417.0260, sampling [1.0, 0.0686, 1.0105]. Recommendation = [0.0, 1.1714, 1.3763], Current Cost = 5162.00, Rho = 1.000
(iter 10) [0.0, -1.1212, 0.6673] = 417.0260, sampling [1.0, 1.1244, -0.2773]. Recommendation = [0.0, 1.1714, 1.3763], Current Cost = 5163.00, Rho = 1.000
(iter 10) [0.0, -1.1212, 0.6673] = 417.0260, sampling [1.0, 0.1641, -0.8213]. Recommendation = [0.0, 1.1714, 1.3763], Current Cost = 5164.00, Rho = 1.000
(iter 10) [0.0, -1.1212, 0.6673] = 417.0260, sampling [1.0, -0.9726, -0.0347]. Recommendation = [0.0, 1.1714, 1.3763], Current Cost = 5165.00, Rho = 1.000
(iter 10) [0.0, -1.1212, 0.6673] = 417.0260, sampling [1.0, -0.2603, -0.7175]. Recommendation = [0.0, 1.1714, 1.3763], Current Cost = 5166.00, Rho = 1.000
(iter 10) [0.0, -1.1212, 0.6673] = 417.0260, sampling [1.0, -0.7429, 1.6970]. Recommendation = [0.0, 1.1714, 1.3763], Current Cost = 5167.00, Rho = 1.000
(iter 10) [0.0, -1.1212, 0.6673] = 417.0260, sampling [1.0, -1.2916, 0.7411]. Recommendation = [0.0, 1.1714, 1.3763], Current Cost = 5168.00, Rho = 1.000
(iter 10) [0.0, -1.1212, 0.6673] = 417.0260, sampling [1.0, 0.1395, 0.8827]. Recommendation = [0.0, 1.1714, 1.3763], Current Cost = 5169.00, Rho = 1.000
(iter 10) [0.0, -1.1212, 0.6673] = 417.0260, sampling [1.0, -0.7836, -0.4219]. Recommendation = [0.0, 1.1714, 1.3763], Current Cost = 5170.00, Rho = 1.000
(iter 10) [0.0, -1.1212, 0.6673] = 417.0260, sampling [1.0, 1.6024, 1.3692]. Recommendation = [0.0, 1.1714, 1.3763], Current Cost = 5171.00, Rho = 1.000
(iter 10) [0.0, -1.1212, 0.6673] = 417.0260, sampling [1.0, 0.3495, -0.7536]. Recommendation = [0.0, 1.1714, 1.3763], Current Cost = 5172.00, Rho = 1.000
(iter 10) [0.0, -1.1212, 0.6673] = 417.0260, sampling [1.0, 0.6529, 1.3544]. Recommendation = [0.0, 1.1714, 1.3763], Current Cost = 5173.00, Rho = 1.000
(iter 10) [0.0, -1.1212, 0.6673] = 417.0260, sampling [1.0, -0.4938, -1.0224]. Recommendation = [0.0, 1.1714, 1.3763], Current Cost = 5174.00, Rho = 1.000
(iter 10) [0.0, -1.1212, 0.6673] = 417.0260, sampling [1.0, -1.8417, 1.8185]. Recommendation = [0.0, 1.1714, 1.3763], Current Cost = 5175.00, Rho = 1.000
(iter 10) [0.0, -1.1212, 0.6673] = 417.0260, sampling [1.0, 0.4543, 0.7670]. Recommendation = [0.0, 1.1714, 1.3763], Current Cost = 5176.00, Rho = 1.000
(iter 10) [0.0, -1.1212, 0.6673] = 417.0260, sampling [1.0, 1.4578, 0.5244]. Recommendation = [0.0, 1.1714, 1.3763], Current Cost = 5177.00, Rho = 1.000
(iter 10) [0.0, -1.1212, 0.6673] = 417.0260, sampling [1.0, 0.1769, 1.2072]. Recommendation = [0.0, 1.1714, 1.3763], Current Cost = 5178.00, Rho = 1.000
(iter 10) [0.0, -1.1212, 0.6673] = 417.0260, sampling [1.0, -0.5445, 0.0586]. Recommendation = [0.0, 1.1714, 1.3763], Current Cost = 5179.00, Rho = 1.000
(iter 10) [0.0, -1.1212, 0.6673] = 417.0260, sampling [1.0, 0.3649, -1.1729]. Recommendation = [0.0, 1.1714, 1.3763], Current Cost = 5180.00, Rho = 1.000
(iter 10) [0.0, -1.1212, 0.6673] = 417.0260, sampling [1.0, -0.0482, 0.7992]. Recommendation = [0.0, 1.1714, 1.3763], Current Cost = 5181.00, Rho = 1.000
(iter 10) [0.0, -1.1212, 0.6673] = 417.0260, sampling [1.0, -1.1022, 0.2937]. Recommendation = [0.0, 1.1714, 1.3763], Current Cost = 5182.00, Rho = 1.000
(iter 10) [0.0, -1.1212, 0.6673] = 417.0260, sampling [1.0, -0.9776, 0.1978]. Recommendation = [0.0, 1.1714, 1.3763], Current Cost = 5183.00, Rho = 1.000
(iter 10) [0.0, -1.1212, 0.6673] = 417.0260, sampling [1.0, -0.3239, 0.8363]. Recommendation = [0.0, 1.1714, 1.3763], Current Cost = 5184.00, Rho = 1.000
(iter 10) [0.0, -1.1212, 0.6673] = 417.0260, sampling [1.0, -0.4847, 1.1482]. Recommendation = [0.0, 1.1714, 1.3763], Current Cost = 5185.00, Rho = 1.000
(iter 10) [0.0, -1.1212, 0.6673] = 417.0260, sampling [1.0, 0.3382, 0.9566]. Recommendation = [0.0, 1.1714, 1.3763], Current Cost = 5186.00, Rho = 1.000
(iter 10) [0.0, -1.1212, 0.6673] = 417.0260, sampling [1.0, -0.0411, -1.1197]. Recommendation = [0.0, 1.1714, 1.3763], Current Cost = 5187.00, Rho = 1.000
(iter 10) [0.0, -1.1212, 0.6673] = 417.0260, sampling [1.0, 0.4958, 1.3235]. Recommendation = [0.0, 1.1714, 1.3763], Current Cost = 5188.00, Rho = 1.000
(iter 10) [0.0, -1.1212, 0.6673] = 417.0260, sampling [1.0, 0.2523, -0.7700]. Recommendation = [0.0, 1.1714, 1.3763], Current Cost = 5189.00, Rho = 1.000
(iter 10) [0.0, -1.1212, 0.6673] = 417.0260, sampling [1.0, 0.5356, 1.0217]. Recommendation = [0.0, 1.1714, 1.3763], Current Cost = 5190.00, Rho = 1.000
(iter 10) [0.0, -1.1212, 0.6673] = 417.0260, sampling [1.0, 0.6849, -0.6698]. Recommendation = [0.0, 1.1714, 1.3763], Current Cost = 5191.00, Rho = 1.000
(iter 10) [0.0, -1.1212, 0.6673] = 417.0260, sampling [1.0, 0.9671, 1.6934]. Recommendation = [0.0, 1.1714, 1.3763], Current Cost = 5192.00, Rho = 1.000
(iter 10) [0.0, -1.1212, 0.6673] = 417.0260, sampling [1.0, -1.5228, 1.0385]. Recommendation = [0.0, 1.1714, 1.3763], Current Cost = 5193.00, Rho = 1.000
(iter 10) [0.0, -1.1212, 0.6673] = 417.0260, sampling [1.0, -0.2980, 1.2358]. Recommendation = [0.0, 1.1714, 1.3763], Current Cost = 5194.00, Rho = 1.000
(iter 10) [0.0, -1.1212, 0.6673] = 417.0260, sampling [1.0, -1.5312, 1.8526]. Recommendation = [0.0, 1.1714, 1.3763], Current Cost = 5195.00, Rho = 1.000
(iter 10) [0.0, -1.1212, 0.6673] = 417.0260, sampling [1.0, 1.7073, 1.9326]. Recommendation = [0.0, 1.1714, 1.3763], Current Cost = 5196.00, Rho = 1.000
(iter 10) [0.0, -1.1212, 0.6673] = 417.0260, sampling [1.0, -0.4624, 1.9438]. Recommendation = [0.0, 1.1714, 1.3763], Current Cost = 5197.00, Rho = 1.000
(iter 10) [0.0, -1.1212, 0.6673] = 417.0260, sampling [1.0, -0.4191, -1.3709]. Recommendation = [0.0, 1.1714, 1.3763], Current Cost = 5198.00, Rho = 1.000
(iter 10) [0.0, -1.1212, 0.6673] = 417.0260, sampling [1.0, -0.8105, -0.7780]. Recommendation = [0.0, 1.1714, 1.3763], Current Cost = 5199.00, Rho = 1.000
(iter 10) [0.0, -1.1212, 0.6673] = 417.0260, sampling [1.0, 0.3699, 1.6162]. Recommendation = [0.0, 1.1714, 1.3763], Current Cost = 5200.00, Rho = 1.000
(iter 10) [0.0, -1.1212, 0.6673] = 417.0260, sampling [1.0, 0.1924, 0.9950]. Recommendation = [0.0, 1.1714, 1.3763], Current Cost = 5201.00, Rho = 1.000
(iter 10) [0.0, -1.1212, 0.6673] = 417.0260, sampling [1.0, -1.7179, 1.3307]. Recommendation = [0.0, 1.1714, 1.3763], Current Cost = 5202.00, Rho = 1.000
(iter 10) [0.0, -1.1212, 0.6673] = 417.0260, sampling [1.0, 1.0722, 0.3908]. Recommendation = [0.0, 1.1714, 1.3763], Current Cost = 5203.00, Rho = 1.000
(iter 10) [0.0, -1.1212, 0.6673] = 417.0260, sampling [1.0, -0.3599, 1.4919]. Recommendation = [0.0, 1.1714, 1.3763], Current Cost = 5204.00, Rho = 1.000
(iter 10) [0.0, -1.1212, 0.6673] = 417.0260, sampling [1.0, 0.2341, -1.5862]. Recommendation = [0.0, 1.1714, 1.3763], Current Cost = 5205.00, Rho = 1.000
(iter 10) [0.0, -1.1212, 0.6673] = 417.0260, sampling [1.0, 1.1566, -0.9170]. Recommendation = [0.0, 1.1714, 1.3763], Current Cost = 5206.00, Rho = 1.000
(iter 10) [0.0, -1.1212, 0.6673] = 417.0260, sampling [1.0, -0.1166, -1.3264]. Recommendation = [0.0, 1.1714, 1.3763], Current Cost = 5207.00, Rho = 1.000
(iter 10) [0.0, -1.1212, 0.6673] = 417.0260, sampling [1.0, 0.8126, -0.0296]. Recommendation = [0.0, 1.1714, 1.3763], Current Cost = 5208.00, Rho = 1.000
(iter 10) [0.0, -1.1212, 0.6673] = 417.0260, sampling [1.0, 1.5754, 0.8638]. Recommendation = [0.0, 1.1714, 1.3763], Current Cost = 5209.00, Rho = 1.000
(iter 10) [0.0, -1.1212, 0.6673] = 417.0260, sampling [1.0, -0.0127, 1.2911]. Recommendation = [0.0, 1.1714, 1.3763], Current Cost = 5210.00, Rho = 1.000
(iter 10) [0.0, -1.1212, 0.6673] = 417.0260, sampling [1.0, -1.0218, -0.3306]. Recommendation = [0.0, 1.1714, 1.3763], Current Cost = 5211.00, Rho = 1.000
(iter 10) [0.0, -1.1212, 0.6673] = 417.0260, sampling [1.0, 0.4316, 1.9843]. Recommendation = [0.0, 1.1714, 1.3763], Current Cost = 5212.00, Rho = 1.000
(iter 10) [0.0, -1.1212, 0.6673] = 417.0260, sampling [1.0, -1.3332, 1.1430]. Recommendation = [0.0, 1.1714, 1.3763], Current Cost = 5213.00, Rho = 1.000
(iter 10) [0.0, -1.1212, 0.6673] = 417.0260, sampling [1.0, -1.5735, 1.8813]. Recommendation = [0.0, 1.1714, 1.3763], Current Cost = 5214.00, Rho = 1.000
(iter 10) [0.0, -1.1212, 0.6673] = 417.0260, sampling [1.0, -0.7562, -0.3408]. Recommendation = [0.0, 1.1714, 1.3763], Current Cost = 5215.00, Rho = 1.000
(iter 10) [0.0, -1.1212, 0.6673] = 417.0260, sampling [1.0, -0.6298, 1.0831]. Recommendation = [0.0, 1.1714, 1.3763], Current Cost = 5216.00, Rho = 1.000
(iter 10) [0.0, -1.1212, 0.6673] = 417.0260, sampling [1.0, -0.8369, -0.5149]. Recommendation = [0.0, 1.1714, 1.3763], Current Cost = 5217.00, Rho = 1.000
(iter 10) [0.0, -1.1212, 0.6673] = 417.0260, sampling [1.0, 0.5261, 1.4128]. Recommendation = [0.0, 1.1714, 1.3763], Current Cost = 5218.00, Rho = 1.000
(iter 10) [0.0, -1.1212, 0.6673] = 417.0260, sampling [1.0, 0.9418, -0.4142]. Recommendation = [0.0, 1.1714, 1.3763], Current Cost = 5219.00, Rho = 1.000
(iter 10) [0.0, -1.1212, 0.6673] = 417.0260, sampling [1.0, 0.7237, 1.4776]. Recommendation = [0.0, 1.1714, 1.3763], Current Cost = 5220.00, Rho = 1.000
(iter 10) [0.0, -1.1212, 0.6673] = 417.0260, sampling [1.0, -0.7091, 1.6288]. Recommendation = [0.0, 1.1714, 1.3763], Current Cost = 5221.00, Rho = 1.000
(iter 10) [0.0, -1.1212, 0.6673] = 417.0260, sampling [1.0, -0.7736, -1.0502]. Recommendation = [0.0, 1.1714, 1.3763], Current Cost = 5222.00, Rho = 1.000
(iter 10) [0.0, -1.1212, 0.6673] = 417.0260, sampling [1.0, -1.4847, 0.8509]. Recommendation = [0.0, 1.1714, 1.3763], Current Cost = 5223.00, Rho = 1.000
(iter 10) [0.0, -1.1212, 0.6673] = 417.0260, sampling [1.0, -0.2928, -0.7030]. Recommendation = [0.0, 1.1714, 1.3763], Current Cost = 5224.00, Rho = 1.000
(iter 10) [0.0, -1.1212, 0.6673] = 417.0260, sampling [1.0, -0.7443, 1.8080]. Recommendation = [0.0, 1.1714, 1.3763], Current Cost = 5225.00, Rho = 1.000
(iter 10) [0.0, -1.1212, 0.6673] = 417.0260, sampling [1.0, -0.2487, -1.7266]. Recommendation = [0.0, 1.1714, 1.3763], Current Cost = 5226.00, Rho = 1.000
(iter 10) [0.0, -1.1212, 0.6673] = 417.0260, sampling [1.0, 0.2116, -0.8084]. Recommendation = [0.0, 1.1714, 1.3763], Current Cost = 5227.00, Rho = 1.000
(iter 10) [0.0, -1.1212, 0.6673] = 417.0260, sampling [1.0, 0.6118, 1.7198]. Recommendation = [0.0, 1.1714, 1.3763], Current Cost = 5228.00, Rho = 1.000
(iter 10) [0.0, -1.1212, 0.6673] = 417.0260, sampling [1.0, 0.5191, -1.3892]. Recommendation = [0.0, 1.1714, 1.3763], Current Cost = 5229.00, Rho = 1.000
(iter 10) [0.0, -1.1212, 0.6673] = 417.0260, sampling [1.0, -1.2268, 0.3080]. Recommendation = [0.0, 1.1714, 1.3763], Current Cost = 5230.00, Rho = 1.000
(iter 10) [0.0, -1.1212, 0.6673] = 417.0260, sampling [1.0, -0.1931, 1.4193]. Recommendation = [0.0, 1.1714, 1.3763], Current Cost = 5231.00, Rho = 1.000
(iter 10) [0.0, -1.1212, 0.6673] = 417.0260, sampling [1.0, -0.1562, -1.1050]. Recommendation = [0.0, 1.1714, 1.3763], Current Cost = 5232.00, Rho = 1.000
(iter 10) [0.0, -1.1212, 0.6673] = 417.0260, sampling [1.0, 0.3301, -0.8004]. Recommendation = [0.0, 1.1714, 1.3763], Current Cost = 5233.00, Rho = 1.000
(iter 10) [0.0, -1.1212, 0.6673] = 417.0260, sampling [1.0, 0.2770, 1.3484]. Recommendation = [0.0, 1.1714, 1.3763], Current Cost = 5234.00, Rho = 1.000
(iter 10) [0.0, -1.1212, 0.6673] = 417.0260, sampling [1.0, -0.6456, -0.7226]. Recommendation = [0.0, 1.1714, 1.3763], Current Cost = 5235.00, Rho = 1.000
(iter 10) [0.0, -1.1212, 0.6673] = 417.0260, sampling [1.0, -1.5544, 1.1815]. Recommendation = [0.0, 1.1714, 1.3763], Current Cost = 5236.00, Rho = 1.000
(iter 10) [0.0, -1.1212, 0.6673] = 417.0260, sampling [1.0, 1.8226, 0.0722]. Recommendation = [0.0, 1.1714, 1.3763], Current Cost = 5237.00, Rho = 1.000
(iter 10) [0.0, -1.1212, 0.6673] = 417.0260, sampling [1.0, 0.8008, -0.2199]. Recommendation = [0.0, 1.1714, 1.3763], Current Cost = 5238.00, Rho = 1.000
(iter 10) [0.0, -1.1212, 0.6673] = 417.0260, sampling [1.0, -0.2348, 1.1847]. Recommendation = [0.0, 1.1714, 1.3763], Current Cost = 5239.00, Rho = 1.000
(iter 10) [0.0, -1.1212, 0.6673] = 417.0260, sampling [1.0, -1.4000, 0.5148]. Recommendation = [0.0, 1.1714, 1.3763], Current Cost = 5240.00, Rho = 1.000
(iter 10) [0.0, -1.1212, 0.6673] = 417.0260, sampling [1.0, -0.8276, -1.6731]. Recommendation = [0.0, 1.1714, 1.3763], Current Cost = 5241.00, Rho = 1.000
(iter 10) [0.0, -1.1212, 0.6673] = 417.0260, sampling [1.0, 0.4011, -1.9842]. Recommendation = [0.0, 1.1714, 1.3763], Current Cost = 5242.00, Rho = 1.000
(iter 10) [0.0, -1.1212, 0.6673] = 417.0260, sampling [1.0, -0.3726, 1.2312]. Recommendation = [0.0, 1.1714, 1.3763], Current Cost = 5243.00, Rho = 1.000
(iter 10) [0.0, -1.1212, 0.6673] = 417.0260, sampling [1.0, -1.2019, -0.0453]. Recommendation = [0.0, 1.1714, 1.3763], Current Cost = 5244.00, Rho = 1.000
(iter 10) [0.0, -1.1212, 0.6673] = 417.0260, sampling [1.0, 0.2270, -1.4121]. Recommendation = [0.0, 1.1714, 1.3763], Current Cost = 5245.00, Rho = 1.000
(iter 10) [0.0, -1.1212, 0.6673] = 417.0260, sampling [1.0, -1.0647, -0.5856]. Recommendation = [0.0, 1.1714, 1.3763], Current Cost = 5246.00, Rho = 1.000
(iter 10) [0.0, -1.1212, 0.6673] = 417.0260, sampling [1.0, 0.6071, -0.6156]. Recommendation = [0.0, 1.1714, 1.3763], Current Cost = 5247.00, Rho = 1.000
(iter 10) [0.0, -1.1212, 0.6673] = 417.0260, sampling [1.0, 0.1553, 1.5626]. Recommendation = [0.0, 1.1714, 1.3763], Current Cost = 5248.00, Rho = 1.000
(iter 10) [0.0, -1.1212, 0.6673] = 417.0260, sampling [1.0, 1.4439, 0.8213]. Recommendation = [0.0, 1.1714, 1.3763], Current Cost = 5249.00, Rho = 1.000
(iter 10) [0.0, -1.1212, 0.6673] = 417.0260, sampling [1.0, -1.8279, 1.5941]. Recommendation = [0.0, 1.1714, 1.3763], Current Cost = 5250.00, Rho = 1.000
(iter 10) [0.0, -1.1212, 0.6673] = 417.0260, sampling [1.0, 0.9117, -0.6028]. Recommendation = [0.0, 1.1714, 1.3763], Current Cost = 5251.00, Rho = 1.000
(iter 10) [0.0, -1.1212, 0.6673] = 417.0260, sampling [1.0, -0.2013, 1.9717]. Recommendation = [0.0, 1.1714, 1.3763], Current Cost = 5252.00, Rho = 1.000
(iter 10) [0.0, -1.1212, 0.6673] = 417.0260, sampling [1.0, 0.2475, 1.2535]. Recommendation = [0.0, 1.1714, 1.3763], Current Cost = 5253.00, Rho = 1.000
(iter 10) [0.0, -1.1212, 0.6673] = 417.0260, sampling [1.0, 1.8065, 1.1934]. Recommendation = [0.0, 1.1714, 1.3763], Current Cost = 5254.00, Rho = 1.000
(iter 10) [0.0, -1.1212, 0.6673] = 417.0260, sampling [1.0, 1.4293, 0.6640]. Recommendation = [0.0, 1.1714, 1.3763], Current Cost = 5255.00, Rho = 1.000
(iter 10) [0.0, -1.1212, 0.6673] = 417.0260, sampling [1.0, -1.1149, -0.2075]. Recommendation = [0.0, 1.1714, 1.3763], Current Cost = 5256.00, Rho = 1.000
(iter 10) [0.0, -1.1212, 0.6673] = 417.0260, sampling [1.0, -0.0287, -1.3067]. Recommendation = [0.0, 1.1714, 1.3763], Current Cost = 5257.00, Rho = 1.000
(iter 10) [0.0, -1.1212, 0.6673] = 417.0260, sampling [1.0, -0.6104, -1.1331]. Recommendation = [0.0, 1.1714, 1.3763], Current Cost = 5258.00, Rho = 1.000
(iter 10) [0.0, -1.1212, 0.6673] = 417.0260, sampling [1.0, 0.6566, 1.8961]. Recommendation = [0.0, 1.1714, 1.3763], Current Cost = 5259.00, Rho = 1.000
(iter 10) [0.0, -1.1212, 0.6673] = 417.0260, sampling [1.0, 0.8494, -1.4696]. Recommendation = [0.0, 1.1714, 1.3763], Current Cost = 5260.00, Rho = 1.000
(iter 10) [0.0, -1.1212, 0.6673] = 417.0260, sampling [1.0, 0.3800, -1.2879]. Recommendation = [0.0, 1.1714, 1.3763], Current Cost = 5261.00, Rho = 1.000
(iter 10) [0.0, -1.1212, 0.6673] = 417.0260, sampling [1.0, 0.7435, -0.9446]. Recommendation = [0.0, 1.1714, 1.3763], Current Cost = 5262.00, Rho = 1.000
(iter 10) [0.0, -1.1212, 0.6673] = 417.0260, sampling [1.0, 0.5047, 1.6612]. Recommendation = [0.0, 1.1714, 1.3763], Current Cost = 5263.00, Rho = 1.000
(iter 10) [0.0, -1.1212, 0.6673] = 417.0260, sampling [1.0, -0.2092, 1.6030]. Recommendation = [0.0, 1.1714, 1.3763], Current Cost = 5264.00, Rho = 1.000
(iter 10) [0.0, -1.1212, 0.6673] = 417.0260, sampling [1.0, -1.7443, 1.0403]. Recommendation = [0.0, 1.1714, 1.3763], Current Cost = 5265.00, Rho = 1.000
(iter 10) [0.0, -1.1212, 0.6673] = 417.0260, sampling [1.0, 0.1718, -1.2969]. Recommendation = [0.0, 1.1714, 1.3763], Current Cost = 5266.00, Rho = 1.000
(iter 10) [0.0, -1.1212, 0.6673] = 417.0260, sampling [1.0, -1.1476, -1.0688]. Recommendation = [0.0, 1.1714, 1.3763], Current Cost = 5267.00, Rho = 1.000
(iter 10) [0.0, -1.1212, 0.6673] = 417.0260, sampling [1.0, -0.0814, -1.3948]. Recommendation = [0.0, 1.1714, 1.3763], Current Cost = 5268.00, Rho = 1.000
(iter 10) [0.0, -1.1212, 0.6673] = 417.0260, sampling [1.0, -0.4648, 1.7642]. Recommendation = [0.0, 1.1714, 1.3763], Current Cost = 5269.00, Rho = 1.000
(iter 10) [0.0, -1.1212, 0.6673] = 417.0260, sampling [1.0, -0.2162, -1.9832]. Recommendation = [0.0, 1.1714, 1.3763], Current Cost = 5270.00, Rho = 1.000
(iter 10) [0.0, -1.1212, 0.6673] = 417.0260, sampling [1.0, -0.8739, -0.5595]. Recommendation = [0.0, 1.1714, 1.3763], Current Cost = 5271.00, Rho = 1.000
(iter 10) [0.0, -1.1212, 0.6673] = 417.0260, sampling [1.0, -0.5063, -1.2911]. Recommendation = [0.0, 1.1714, 1.3763], Current Cost = 5272.00, Rho = 1.000
(iter 10) [0.0, -1.1212, 0.6673] = 417.0260, sampling [1.0, 0.0474, 1.5185]. Recommendation = [0.0, 1.1714, 1.3763], Current Cost = 5273.00, Rho = 1.000
(iter 10) [0.0, -1.1212, 0.6673] = 417.0260, sampling [1.0, 1.8538, 1.8042]. Recommendation = [0.0, 1.1714, 1.3763], Current Cost = 5274.00, Rho = 1.000
(iter 10) [0.0, -1.1212, 0.6673] = 417.0260, sampling [1.0, -1.3201, 0.1376]. Recommendation = [0.0, 1.1714, 1.3763], Current Cost = 5275.00, Rho = 1.000
(iter 10) [0.0, -1.1212, 0.6673] = 417.0260, sampling [1.0, 1.3455, -1.9647]. Recommendation = [0.0, 1.1714, 1.3763], Current Cost = 5276.00, Rho = 1.000
(iter 10) [0.0, -1.1212, 0.6673] = 417.0260, sampling [1.0, 1.1791, -0.5224]. Recommendation = [0.0, 1.1714, 1.3763], Current Cost = 5277.00, Rho = 1.000
(iter 10) [0.0, -1.1212, 0.6673] = 417.0260, sampling [1.0, -0.3868, -1.5994]. Recommendation = [0.0, 1.1714, 1.3763], Current Cost = 5278.00, Rho = 1.000
(iter 10) [0.0, -1.1212, 0.6673] = 417.0260, sampling [1.0, -1.9995, 1.7684]. Recommendation = [0.0, 1.1714, 1.3763], Current Cost = 5279.00, Rho = 1.000
(iter 10) [0.0, -1.1212, 0.6673] = 417.0260, sampling [1.0, -0.0013, 1.7819]. Recommendation = [0.0, 1.1714, 1.3763], Current Cost = 5280.00, Rho = 1.000
(iter 10) [0.0, -1.1212, 0.6673] = 417.0260, sampling [1.0, 1.3991, 0.2868]. Recommendation = [0.0, 1.1714, 1.3763], Current Cost = 5281.00, Rho = 1.000
(iter 10) [0.0, -1.1212, 0.6673] = 417.0260, sampling [1.0, 0.5842, 1.8365]. Recommendation = [0.0, 1.1714, 1.3763], Current Cost = 5282.00, Rho = 1.000
(iter 10) [0.0, -1.1212, 0.6673] = 417.0260, sampling [1.0, 0.4629, -1.5336]. Recommendation = [0.0, 1.1714, 1.3763], Current Cost = 5283.00, Rho = 1.000
(iter 10) [0.0, -1.1212, 0.6673] = 417.0260, sampling [1.0, -1.8805, -1.9031]. Recommendation = [0.0, 1.1714, 1.3763], Current Cost = 5284.00, Rho = 1.000
(iter 10) [0.0, -1.1212, 0.6673] = 417.0260, sampling [1.0, -0.9030, -0.8556]. Recommendation = [0.0, 1.1714, 1.3763], Current Cost = 5285.00, Rho = 1.000
(iter 10) [0.0, -1.1212, 0.6673] = 417.0260, sampling [1.0, -0.3435, 1.5576]. Recommendation = [0.0, 1.1714, 1.3763], Current Cost = 5286.00, Rho = 1.000
(iter 10) [0.0, -1.1212, 0.6673] = 417.0260, sampling [1.0, 0.6934, -1.3152]. Recommendation = [0.0, 1.1714, 1.3763], Current Cost = 5287.00, Rho = 1.000
(iter 10) [0.0, -1.1212, 0.6673] = 417.0260, sampling [1.0, 1.3783, 0.7903]. Recommendation = [0.0, 1.1714, 1.3763], Current Cost = 5288.00, Rho = 1.000
(iter 10) [0.0, -1.1212, 0.6673] = 417.0260, sampling [1.0, 0.9868, -0.3973]. Recommendation = [0.0, 1.1714, 1.3763], Current Cost = 5289.00, Rho = 1.000
(iter 10) [0.0, -1.1212, 0.6673] = 417.0260, sampling [1.0, 1.7012, 1.3088]. Recommendation = [0.0, 1.1714, 1.3763], Current Cost = 5290.00, Rho = 1.000
(iter 10) [0.0, -1.1212, 0.6673] = 417.0260, sampling [1.0, -1.0030, -0.3774]. Recommendation = [0.0, 1.1714, 1.3763], Current Cost = 5291.00, Rho = 1.000
(iter 10) [0.0, -1.1212, 0.6673] = 417.0260, sampling [1.0, -0.2282, 1.7216]. Recommendation = [0.0, 1.1714, 1.3763], Current Cost = 5292.00, Rho = 1.000
(iter 10) [0.0, -1.1212, 0.6673] = 417.0260, sampling [1.0, -0.1073, 1.5485]. Recommendation = [0.0, 1.1714, 1.3763], Current Cost = 5293.00, Rho = 1.000
(iter 10) [0.0, -1.1212, 0.6673] = 417.0260, sampling [1.0, 1.0070, -0.5662]. Recommendation = [0.0, 1.1714, 1.3763], Current Cost = 5294.00, Rho = 1.000
(iter 10) [0.0, -1.1212, 0.6673] = 417.0260, sampling [1.0, -0.6582, -1.4562]. Recommendation = [0.0, 1.1714, 1.3763], Current Cost = 5295.00, Rho = 1.000
(iter 10) [0.0, -1.1212, 0.6673] = 417.0260, sampling [1.0, -1.6371, 0.6146]. Recommendation = [0.0, 1.1714, 1.3763], Current Cost = 5296.00, Rho = 1.000
(iter 10) [0.0, -1.1212, 0.6673] = 417.0260, sampling [1.0, 0.8240, -1.0046]. Recommendation = [0.0, 1.1714, 1.3763], Current Cost = 5297.00, Rho = 1.000
(iter 10) [0.0, -1.1212, 0.6673] = 417.0260, sampling [1.0, 0.1907, -1.4820]. Recommendation = [0.0, 1.1714, 1.3763], Current Cost = 5298.00, Rho = 1.000
(iter 10) [0.0, -1.1212, 0.6673] = 417.0260, sampling [1.0, -1.7681, 1.4414]. Recommendation = [0.0, 1.1714, 1.3763], Current Cost = 5299.00, Rho = 1.000
(iter 10) [0.0, -1.1212, 0.6673] = 417.0260, sampling [1.0, 1.3220, -0.2441]. Recommendation = [0.0, 1.1714, 1.3763], Current Cost = 5300.00, Rho = 1.000
(iter 10) [0.0, -1.1212, 0.6673] = 417.0260, sampling [1.0, -0.6925, -1.2221]. Recommendation = [0.0, 1.1714, 1.3763], Current Cost = 5301.00, Rho = 1.000
(iter 10) [0.0, -1.1212, 0.6673] = 417.0260, sampling [1.0, -1.2232, -0.4051]. Recommendation = [0.0, 1.1714, 1.3763], Current Cost = 5302.00, Rho = 1.000
(iter 10) [0.0, -1.1212, 0.6673] = 417.0260, sampling [1.0, -1.4589, 0.3464]. Recommendation = [0.0, 1.1714, 1.3763], Current Cost = 5303.00, Rho = 1.000
(iter 10) [0.0, -1.1212, 0.6673] = 417.0260, sampling [1.0, 1.7402, 0.6784]. Recommendation = [0.0, 1.1714, 1.3763], Current Cost = 5304.00, Rho = 1.000
(iter 10) [0.0, -1.1212, 0.6673] = 417.0260, sampling [1.0, -0.3190, 1.2470]. Recommendation = [0.0, 1.1714, 1.3763], Current Cost = 5305.00, Rho = 1.000
(iter 10) [0.0, -1.1212, 0.6673] = 417.0260, sampling [1.0, 0.4338, -1.7698]. Recommendation = [0.0, 1.1714, 1.3763], Current Cost = 5306.00, Rho = 1.000
(iter 10) [0.0, -1.1212, 0.6673] = 417.0260, sampling [1.0, 0.2234, -1.9934]. Recommendation = [0.0, 1.1714, 1.3763], Current Cost = 5307.00, Rho = 1.000
(iter 10) [0.0, -1.1212, 0.6673] = 417.0260, sampling [1.0, 1.8912, 1.3945]. Recommendation = [0.0, 1.1714, 1.3763], Current Cost = 5308.00, Rho = 1.000
(iter 10) [0.0, -1.1212, 0.6673] = 417.0260, sampling [1.0, -0.8161, -0.8391]. Recommendation = [0.0, 1.1714, 1.3763], Current Cost = 5309.00, Rho = 1.000
(iter 10) [0.0, -1.1212, 0.6673] = 417.0260, sampling [1.0, -1.3078, -0.1615]. Recommendation = [0.0, 1.1714, 1.3763], Current Cost = 5310.00, Rho = 1.000
(iter 10) [0.0, -1.1212, 0.6673] = 417.0260, sampling [1.0, 1.0707, -0.6763]. Recommendation = [0.0, 1.1714, 1.3763], Current Cost = 5311.00, Rho = 1.000
(iter 10) [0.0, -1.1212, 0.6673] = 417.0260, sampling [1.0, 0.9261, -1.1890]. Recommendation = [0.0, 1.1714, 1.3763], Current Cost = 5312.00, Rho = 1.000
(iter 10) [0.0, -1.1212, 0.6673] = 417.0260, sampling [1.0, 1.3362, 0.2332]. Recommendation = [0.0, 1.1714, 1.3763], Current Cost = 5313.00, Rho = 1.000
(iter 10) [0.0, -1.1212, 0.6673] = 417.0260, sampling [1.0, -0.5870, -1.7391]. Recommendation = [0.0, 1.1714, 1.3763], Current Cost = 5314.00, Rho = 1.000
(iter 10) [0.0, -1.1212, 0.6673] = 417.0260, sampling [1.0, 1.4354, 0.4737]. Recommendation = [0.0, 1.1714, 1.3763], Current Cost = 5315.00, Rho = 1.000
(iter 10) [0.0, -1.1212, 0.6673] = 417.0260, sampling [1.0, -1.9584, 1.4814]. Recommendation = [0.0, 1.1714, 1.3763], Current Cost = 5316.00, Rho = 1.000
(iter 10) [0.0, -1.1212, 0.6673] = 417.0260, sampling [1.0, 1.4233, 0.0045]. Recommendation = [0.0, 1.1714, 1.3763], Current Cost = 5317.00, Rho = 1.000
(iter 10) [0.0, -1.1212, 0.6673] = 417.0260, sampling [1.0, -0.1676, 1.8441]. Recommendation = [0.0, 1.1714, 1.3763], Current Cost = 5318.00, Rho = 1.000
(iter 10) [0.0, -1.1212, 0.6673] = 417.0260, sampling [1.0, 0.6375, -1.6594]. Recommendation = [0.0, 1.1714, 1.3763], Current Cost = 5319.00, Rho = 1.000
(iter 10) [0.0, -1.1212, 0.6673] = 417.0260, sampling [1.0, 1.6285, -0.6824]. Recommendation = [0.0, 1.1714, 1.3763], Current Cost = 5320.00, Rho = 1.000
(iter 10) [0.0, -1.1212, 0.6673] = 417.0260, sampling [1.0, 1.2174, -0.2489]. Recommendation = [0.0, 1.1714, 1.3763], Current Cost = 5321.00, Rho = 1.000
(iter 10) [0.0, -1.1212, 0.6673] = 417.0260, sampling [1.0, 1.9915, 0.8949]. Recommendation = [0.0, 1.1714, 1.3763], Current Cost = 5322.00, Rho = 1.000
(iter 10) [0.0, -1.1212, 0.6673] = 417.0260, sampling [1.0, -0.9927, -0.9600]. Recommendation = [0.0, 1.1714, 1.3763], Current Cost = 5323.00, Rho = 1.000
(iter 10) [0.0, -1.1212, 0.6673] = 417.0260, sampling [1.0, -1.9252, 0.9045]. Recommendation = [0.0, 1.1714, 1.3763], Current Cost = 5324.00, Rho = 1.000
(iter 10) [0.0, -1.1212, 0.6673] = 417.0260, sampling [1.0, -1.1957, -0.5968]. Recommendation = [0.0, 1.1714, 1.3763], Current Cost = 5325.00, Rho = 1.000
(iter 10) [0.0, -1.1212, 0.6673] = 417.0260, sampling [1.0, 1.4889, 0.3996]. Recommendation = [0.0, 1.1714, 1.3763], Current Cost = 5326.00, Rho = 1.000
(iter 10) [0.0, -1.1212, 0.6673] = 417.0260, sampling [1.0, -1.6699, 1.0660]. Recommendation = [0.0, 1.1714, 1.3763], Current Cost = 5327.00, Rho = 1.000
(iter 10) [0.0, -1.1212, 0.6673] = 417.0260, sampling [1.0, -0.7980, -1.4011]. Recommendation = [0.0, 1.1714, 1.3763], Current Cost = 5328.00, Rho = 1.000
(iter 10) [0.0, -1.1212, 0.6673] = 417.0260, sampling [1.0, -0.3958, -1.6863]. Recommendation = [0.0, 1.1714, 1.3763], Current Cost = 5329.00, Rho = 1.000
(iter 10) [0.0, -1.1212, 0.6673] = 417.0260, sampling [1.0, 0.5710, -1.5427]. Recommendation = [0.0, 1.1714, 1.3763], Current Cost = 5330.00, Rho = 1.000
(iter 10) [0.0, -1.1212, 0.6673] = 417.0260, sampling [1.0, 1.4553, 0.8080]. Recommendation = [0.0, 1.1714, 1.3763], Current Cost = 5331.00, Rho = 1.000
(iter 10) [0.0, -1.1212, 0.6673] = 417.0260, sampling [1.0, -1.7534, 1.2768]. Recommendation = [0.0, 1.1714, 1.3763], Current Cost = 5332.00, Rho = 1.000
(iter 10) [0.0, -1.1212, 0.6673] = 417.0260, sampling [1.0, 1.8785, 1.5434]. Recommendation = [0.0, 1.1714, 1.3763], Current Cost = 5333.00, Rho = 1.000
(iter 10) [0.0, -1.1212, 0.6673] = 417.0260, sampling [1.0, -0.6037, -1.9303]. Recommendation = [0.0, 1.1714, 1.3763], Current Cost = 5334.00, Rho = 1.000
(iter 10) [0.0, -1.1212, 0.6673] = 417.0260, sampling [1.0, -1.3552, -0.0805]. Recommendation = [0.0, 1.1714, 1.3763], Current Cost = 5335.00, Rho = 1.000
(iter 10) [0.0, -1.1212, 0.6673] = 417.0260, sampling [1.0, 0.6297, -1.9206]. Recommendation = [0.0, 1.1714, 1.3763], Current Cost = 5336.00, Rho = 1.000
(iter 10) [0.0, -1.1212, 0.6673] = 417.0260, sampling [1.0, -1.3870, -0.3267]. Recommendation = [0.0, 1.1714, 1.3763], Current Cost = 5337.00, Rho = 1.000
(iter 10) [0.0, -1.1212, 0.6673] = 417.0260, sampling [1.0, -1.1334, -0.2274]. Recommendation = [0.0, 1.1714, 1.3763], Current Cost = 5338.00, Rho = 1.000
(iter 10) [0.0, -1.1212, 0.6673] = 417.0260, sampling [1.0, 1.6388, 0.5935]. Recommendation = [0.0, 1.1714, 1.3763], Current Cost = 5339.00, Rho = 1.000
(iter 10) [0.0, -1.1212, 0.6673] = 417.0260, sampling [1.0, 1.5003, 0.1514]. Recommendation = [0.0, 1.1714, 1.3763], Current Cost = 5340.00, Rho = 1.000
(iter 10) [0.0, -1.1212, 0.6673] = 417.0260, sampling [1.0, -0.4485, 1.7909]. Recommendation = [0.0, 1.1714, 1.3763], Current Cost = 5341.00, Rho = 1.000
(iter 10) [0.0, -1.1212, 0.6673] = 417.0260, sampling [1.0, -1.6422, 0.4386]. Recommendation = [0.0, 1.1714, 1.3763], Current Cost = 5342.00, Rho = 1.000
(iter 10) [0.0, -1.1212, 0.6673] = 417.0260, sampling [1.0, 1.1404, -1.1583]. Recommendation = [0.0, 1.1714, 1.3763], Current Cost = 5343.00, Rho = 1.000
(iter 10) [0.0, -1.1212, 0.6673] = 417.0260, sampling [1.0, -0.1856, 1.7306]. Recommendation = [0.0, 1.1714, 1.3763], Current Cost = 5344.00, Rho = 1.000
(iter 10) [0.0, -1.1212, 0.6673] = 417.0260, sampling [1.0, -1.5515, 0.1885]. Recommendation = [0.0, 1.1714, 1.3763], Current Cost = 5345.00, Rho = 1.000
(iter 10) [0.0, -1.1212, 0.6673] = 417.0260, sampling [1.0, 1.1884, -0.6459]. Recommendation = [0.0, 1.1714, 1.3763], Current Cost = 5346.00, Rho = 1.000
(iter 10) [0.0, -1.1212, 0.6673] = 417.0260, sampling [1.0, 1.4070, -0.1510]. Recommendation = [0.0, 1.1714, 1.3763], Current Cost = 5347.00, Rho = 1.000
(iter 10) [0.0, -1.1212, 0.6673] = 417.0260, sampling [1.0, -1.4194, -0.7505]. Recommendation = [0.0, 1.1714, 1.3763], Current Cost = 5348.00, Rho = 1.000
(iter 10) [0.0, -1.1212, 0.6673] = 417.0260, sampling [1.0, -0.9465, -1.3815]. Recommendation = [0.0, 1.1714, 1.3763], Current Cost = 5349.00, Rho = 1.000
(iter 10) [0.0, -1.1212, 0.6673] = 417.0260, sampling [1.0, 0.3948, -1.8741]. Recommendation = [0.0, 1.1714, 1.3763], Current Cost = 5350.00, Rho = 1.000
(iter 10) [0.0, -1.1212, 0.6673] = 417.0260, sampling [1.0, -1.7438, 1.1099]. Recommendation = [0.0, 1.1714, 1.3763], Current Cost = 5351.00, Rho = 1.000
(iter 10) [0.0, -1.1212, 0.6673] = 417.0260, sampling [1.0, 0.9187, -1.3653]. Recommendation = [0.0, 1.1714, 1.3763], Current Cost = 5352.00, Rho = 1.000
(iter 10) [0.0, -1.1212, 0.6673] = 417.0260, sampling [1.0, 0.7744, -1.7535]. Recommendation = [0.0, 1.1714, 1.3763], Current Cost = 5353.00, Rho = 1.000
(iter 10) [0.0, -1.1212, 0.6673] = 417.0260, sampling [1.0, 1.6487, 0.3206]. Recommendation = [0.0, 1.1714, 1.3763], Current Cost = 5354.00, Rho = 1.000
(iter 10) [0.0, -1.1212, 0.6673] = 417.0260, sampling [1.0, -0.6751, -1.5114]. Recommendation = [0.0, 1.1714, 1.3763], Current Cost = 5355.00, Rho = 1.000
(iter 10) [0.0, -1.1212, 0.6673] = 417.0260, sampling [1.0, 1.9983, -1.7783]. Recommendation = [0.0, 1.1714, 1.3763], Current Cost = 5356.00, Rho = 1.000
(iter 10) [0.0, -1.1212, 0.6673] = 417.0260, sampling [1.0, -1.5091, -0.0883]. Recommendation = [0.0, 1.1714, 1.3763], Current Cost = 5357.00, Rho = 1.000
(iter 10) [0.0, -1.1212, 0.6673] = 417.0260, sampling [1.0, 1.9770, 1.5332]. Recommendation = [0.0, 1.1714, 1.3763], Current Cost = 5358.00, Rho = 1.000
(iter 10) [0.0, -1.1212, 0.6673] = 417.0260, sampling [1.0, -1.8501, 1.4611]. Recommendation = [0.0, 1.1714, 1.3763], Current Cost = 5359.00, Rho = 1.000
(iter 10) [0.0, -1.1212, 0.6673] = 417.0260, sampling [1.0, 0.2606, -1.9409]. Recommendation = [0.0, 1.1714, 1.3763], Current Cost = 5360.00, Rho = 1.000
(iter 10) [0.0, -1.1212, 0.6673] = 417.0260, sampling [1.0, 1.4676, -0.4423]. Recommendation = [0.0, 1.1714, 1.3763], Current Cost = 5361.00, Rho = 1.000
(iter 10) [0.0, -1.1212, 0.6673] = 417.0260, sampling [1.0, -1.0494, -1.0737]. Recommendation = [0.0, 1.1714, 1.3763], Current Cost = 5362.00, Rho = 1.000
(iter 10) [0.0, -1.1212, 0.6673] = 417.0260, sampling [1.0, -0.7264, -1.4220]. Recommendation = [0.0, 1.1714, 1.3763], Current Cost = 5363.00, Rho = 1.000
(iter 10) [0.0, -1.1212, 0.6673] = 417.0260, sampling [1.0, -0.7623, -1.9594]. Recommendation = [0.0, 1.1714, 1.3763], Current Cost = 5364.00, Rho = 1.000
(iter 10) [0.0, -1.1212, 0.6673] = 417.0260, sampling [1.0, 1.8862, 1.2675]. Recommendation = [0.0, 1.1714, 1.3763], Current Cost = 5365.00, Rho = 1.000
(iter 10) [0.0, -1.1212, 0.6673] = 417.0260, sampling [1.0, -1.5922, 0.3121]. Recommendation = [0.0, 1.1714, 1.3763], Current Cost = 5366.00, Rho = 1.000
(iter 10) [0.0, -1.1212, 0.6673] = 417.0260, sampling [1.0, 0.7772, -1.9488]. Recommendation = [0.0, 1.1714, 1.3763], Current Cost = 5367.00, Rho = 1.000
(iter 10) [0.0, -1.1212, 0.6673] = 417.0260, sampling [1.0, -1.6175, -0.4850]. Recommendation = [0.0, 1.1714, 1.3763], Current Cost = 5368.00, Rho = 1.000
(iter 10) [0.0, -1.1212, 0.6673] = 417.0260, sampling [1.0, -1.2821, -0.9273]. Recommendation = [0.0, 1.1714, 1.3763], Current Cost = 5369.00, Rho = 1.000
(iter 10) [0.0, -1.1212, 0.6673] = 417.0260, sampling [1.0, 1.7505, 0.4999]. Recommendation = [0.0, 1.1714, 1.3763], Current Cost = 5370.00, Rho = 1.000
(iter 10) [0.0, -1.1212, 0.6673] = 417.0260, sampling [1.0, -1.7306, 0.5653]. Recommendation = [0.0, 1.1714, 1.3763], Current Cost = 5371.00, Rho = 1.000
(iter 10) [0.0, -1.1212, 0.6673] = 417.0260, sampling [1.0, -0.9203, -1.5256]. Recommendation = [0.0, 1.1714, 1.3763], Current Cost = 5372.00, Rho = 1.000
(iter 10) [0.0, -1.1212, 0.6673] = 417.0260, sampling [1.0, 1.5308, -0.1556]. Recommendation = [0.0, 1.1714, 1.3763], Current Cost = 5373.00, Rho = 1.000
(iter 10) [0.0, -1.1212, 0.6673] = 417.0260, sampling [1.0, 0.5432, -1.9169]. Recommendation = [0.0, 1.1714, 1.3763], Current Cost = 5374.00, Rho = 1.000
(iter 10) [0.0, -1.1212, 0.6673] = 417.0260, sampling [1.0, 1.0159, -1.1996]. Recommendation = [0.0, 1.1714, 1.3763], Current Cost = 5375.00, Rho = 1.000
(iter 10) [0.0, -1.1212, 0.6673] = 417.0260, sampling [1.0, -1.4398, -0.1846]. Recommendation = [0.0, 1.1714, 1.3763], Current Cost = 5376.00, Rho = 1.000
(iter 10) [0.0, -1.1212, 0.6673] = 417.0260, sampling [1.0, 1.0228, -1.4403]. Recommendation = [0.0, 1.1714, 1.3763], Current Cost = 5377.00, Rho = 1.000
(iter 10) [0.0, -1.1212, 0.6673] = 417.0260, sampling [1.0, -1.1800, -1.2439]. Recommendation = [0.0, 1.1714, 1.3763], Current Cost = 5378.00, Rho = 1.000
(iter 10) [0.0, -1.1212, 0.6673] = 417.0260, sampling [1.0, 1.2738, -0.8780]. Recommendation = [0.0, 1.1714, 1.3763], Current Cost = 5379.00, Rho = 1.000
(iter 10) [0.0, -1.1212, 0.6673] = 417.0260, sampling [1.0, 1.8993, 1.1165]. Recommendation = [0.0, 1.1714, 1.3763], Current Cost = 5380.00, Rho = 1.000
(iter 10) [0.0, -1.1212, 0.6673] = 417.0260, sampling [1.0, 1.1008, -0.6897]. Recommendation = [0.0, 1.1714, 1.3763], Current Cost = 5381.00, Rho = 1.000
(iter 10) [0.0, -1.1212, 0.6673] = 417.0260, sampling [1.0, 0.3189, -1.9707]. Recommendation = [0.0, 1.1714, 1.3763], Current Cost = 5382.00, Rho = 1.000
(iter 10) [0.0, -1.1212, 0.6673] = 417.0260, sampling [1.0, -1.8670, 0.4238]. Recommendation = [0.0, 1.1714, 1.3763], Current Cost = 5383.00, Rho = 1.000
(iter 10) [0.0, -1.1212, 0.6673] = 417.0260, sampling [1.0, 0.9560, -1.2732]. Recommendation = [0.0, 1.1714, 1.3763], Current Cost = 5384.00, Rho = 1.000
(iter 10) [0.0, -1.1212, 0.6673] = 417.0260, sampling [1.0, -0.6397, -1.4999]. Recommendation = [0.0, 1.1714, 1.3763], Current Cost = 5385.00, Rho = 1.000
(iter 10) [0.0, -1.1212, 0.6673] = 417.0260, sampling [1.0, 1.9548, 0.5301]. Recommendation = [0.0, 1.1714, 1.3763], Current Cost = 5386.00, Rho = 1.000
(iter 10) [0.0, -1.1212, 0.6673] = 417.0260, sampling [1.0, -0.8871, -1.8378]. Recommendation = [0.0, 1.1714, 1.3763], Current Cost = 5387.00, Rho = 1.000
(iter 10) [0.0, -1.1212, 0.6673] = 417.0260, sampling [1.0, -1.8104, 0.9855]. Recommendation = [0.0, 1.1714, 1.3763], Current Cost = 5388.00, Rho = 1.000
(iter 10) [0.0, -1.1212, 0.6673] = 417.0260, sampling [1.0, -0.8653, -1.4374]. Recommendation = [0.0, 1.1714, 1.3763], Current Cost = 5389.00, Rho = 1.000
(iter 10) [0.0, -1.1212, 0.6673] = 417.0260, sampling [1.0, -1.0881, -1.5568]. Recommendation = [0.0, 1.1714, 1.3763], Current Cost = 5390.00, Rho = 1.000
(iter 10) [0.0, -1.1212, 0.6673] = 417.0260, sampling [1.0, 1.0424, -1.8279]. Recommendation = [0.0, 1.1714, 1.3763], Current Cost = 5391.00, Rho = 1.000
(iter 10) [0.0, -1.1212, 0.6673] = 417.0260, sampling [1.0, 1.2104, -0.5296]. Recommendation = [0.0, 1.1714, 1.3763], Current Cost = 5392.00, Rho = 1.000
(iter 10) [0.0, -1.1212, 0.6673] = 417.0260, sampling [1.0, 1.5133, -0.3043]. Recommendation = [0.0, 1.1714, 1.3763], Current Cost = 5393.00, Rho = 1.000
(iter 10) [0.0, -1.1212, 0.6673] = 417.0260, sampling [1.0, 1.2600, -1.0424]. Recommendation = [0.0, 1.1714, 1.3763], Current Cost = 5394.00, Rho = 1.000
(iter 10) [0.0, -1.1212, 0.6673] = 417.0260, sampling [1.0, 1.5456, 0.1173]. Recommendation = [0.0, 1.1714, 1.3763], Current Cost = 5395.00, Rho = 1.000
(iter 10) [0.0, -1.1212, 0.6673] = 417.0260, sampling [1.0, -1.9673, -0.5725]. Recommendation = [0.0, 1.1714, 1.3763], Current Cost = 5396.00, Rho = 1.000
(iter 10) [0.0, -1.1212, 0.6673] = 417.0260, sampling [1.0, 0.7302, -1.8407]. Recommendation = [0.0, 1.1714, 1.3763], Current Cost = 5397.00, Rho = 1.000
(iter 10) [0.0, -1.1212, 0.6673] = 417.0260, sampling [1.0, 1.9677, -0.4314]. Recommendation = [0.0, 1.1714, 1.3763], Current Cost = 5398.00, Rho = 1.000
(iter 10) [0.0, -1.1212, 0.6673] = 417.0260, sampling [1.0, -0.6802, -1.2157]. Recommendation = [0.0, 1.1714, 1.3763], Current Cost = 5399.00, Rho = 1.000
(iter 10) [0.0, -1.1212, 0.6673] = 417.0260, sampling [1.0, 1.8377, 0.7462]. Recommendation = [0.0, 1.1714, 1.3763], Current Cost = 5400.00, Rho = 1.000
(iter 10) [0.0, -1.1212, 0.6673] = 417.0260, sampling [1.0, -1.0565, -1.8606]. Recommendation = [0.0, 1.1714, 1.3763], Current Cost = 5401.00, Rho = 1.000
(iter 10) [0.0, -1.1212, 0.6673] = 417.0260, sampling [1.0, -1.4545, -0.2620]. Recommendation = [0.0, 1.1714, 1.3763], Current Cost = 5402.00, Rho = 1.000
(iter 10) [0.0, -1.1212, 0.6673] = 417.0260, sampling [1.0, 1.9361, 1.3660]. Recommendation = [0.0, 1.1714, 1.3763], Current Cost = 5403.00, Rho = 1.000
(iter 10) [0.0, -1.1212, 0.6673] = 417.0260, sampling [1.0, 0.8588, -1.8543]. Recommendation = [0.0, 1.1714, 1.3763], Current Cost = 5404.00, Rho = 1.000
(iter 10) [0.0, -1.1212, 0.6673] = 417.0260, sampling [1.0, 1.2323, -1.2354]. Recommendation = [0.0, 1.1714, 1.3763], Current Cost = 5405.00, Rho = 1.000
(iter 10) [0.0, -1.1212, 0.6673] = 417.0260, sampling [1.0, -0.9409, -1.6172]. Recommendation = [0.0, 1.1714, 1.3763], Current Cost = 5406.00, Rho = 1.000
(iter 10) [0.0, -1.1212, 0.6673] = 417.0260, sampling [1.0, -1.0142, -0.9779]. Recommendation = [0.0, 1.1714, 1.3763], Current Cost = 5407.00, Rho = 1.000
(iter 10) [0.0, -1.1212, 0.6673] = 417.0260, sampling [1.0, 1.6814, 0.5534]. Recommendation = [0.0, 1.1714, 1.3763], Current Cost = 5408.00, Rho = 1.000
(iter 10) [0.0, -1.1212, 0.6673] = 417.0260, sampling [1.0, -1.6885, 0.0678]. Recommendation = [0.0, 1.1714, 1.3763], Current Cost = 5409.00, Rho = 1.000
(iter 10) [0.0, -1.1212, 0.6673] = 417.0260, sampling [1.0, -1.4892, -1.1659]. Recommendation = [0.0, 1.1714, 1.3763], Current Cost = 5410.00, Rho = 1.000
(iter 10) [0.0, -1.1212, 0.6673] = 417.0260, sampling [1.0, -1.1394, -1.1472]. Recommendation = [0.0, 1.1714, 1.3763], Current Cost = 5411.00, Rho = 1.000
(iter 10) [0.0, -1.1212, 0.6673] = 417.0260, sampling [1.0, 1.1968, -1.6527]. Recommendation = [0.0, 1.1714, 1.3763], Current Cost = 5412.00, Rho = 1.000
(iter 10) [0.0, -1.1212, 0.6673] = 417.0260, sampling [1.0, -1.6760, 0.3834]. Recommendation = [0.0, 1.1714, 1.3763], Current Cost = 5413.00, Rho = 1.000
(iter 10) [0.0, -1.1212, 0.6673] = 417.0260, sampling [1.0, -1.6509, 0.5831]. Recommendation = [0.0, 1.1714, 1.3763], Current Cost = 5414.00, Rho = 1.000
(iter 10) [0.0, -1.1212, 0.6673] = 417.0260, sampling [1.0, -1.7667, 1.0015]. Recommendation = [0.0, 1.1714, 1.3763], Current Cost = 5415.00, Rho = 1.000
(iter 10) [0.0, -1.1212, 0.6673] = 417.0260, sampling [1.0, -1.0352, -1.7080]. Recommendation = [0.0, 1.1714, 1.3763], Current Cost = 5416.00, Rho = 1.000
(iter 10) [0.0, -1.1212, 0.6673] = 417.0260, sampling [1.0, -1.2513, -1.5510]. Recommendation = [0.0, 1.1714, 1.3763], Current Cost = 5417.00, Rho = 1.000
(iter 10) [0.0, -1.1212, 0.6673] = 417.0260, sampling [1.0, 1.5085, -0.5404]. Recommendation = [0.0, 1.1714, 1.3763], Current Cost = 5418.00, Rho = 1.000
(iter 10) [0.0, -1.1212, 0.6673] = 417.0260, sampling [1.0, -1.4013, -0.9320]. Recommendation = [0.0, 1.1714, 1.3763], Current Cost = 5419.00, Rho = 1.000
(iter 10) [0.0, -1.1212, 0.6673] = 417.0260, sampling [1.0, 1.3656, -1.1789]. Recommendation = [0.0, 1.1714, 1.3763], Current Cost = 5420.00, Rho = 1.000
(iter 10) [0.0, -1.1212, 0.6673] = 417.0260, sampling [1.0, 1.2014, -1.0808]. Recommendation = [0.0, 1.1714, 1.3763], Current Cost = 5421.00, Rho = 1.000
(iter 10) [0.0, -1.1212, 0.6673] = 417.0260, sampling [1.0, 1.9519, 0.2018]. Recommendation = [0.0, 1.1714, 1.3763], Current Cost = 5422.00, Rho = 1.000
(iter 10) [0.0, -1.1212, 0.6673] = 417.0260, sampling [1.0, 1.5940, -0.8923]. Recommendation = [0.0, 1.1714, 1.3763], Current Cost = 5423.00, Rho = 1.000
(iter 10) [0.0, -1.1212, 0.6673] = 417.0260, sampling [1.0, 1.0309, -1.2287]. Recommendation = [0.0, 1.1714, 1.3763], Current Cost = 5424.00, Rho = 1.000
(iter 10) [0.0, -1.1212, 0.6673] = 417.0260, sampling [1.0, -1.7853, 0.3355]. Recommendation = [0.0, 1.1714, 1.3763], Current Cost = 5425.00, Rho = 1.000
(iter 10) [0.0, -1.1212, 0.6673] = 417.0260, sampling [1.0, -0.8550, -1.7964]. Recommendation = [0.0, 1.1714, 1.3763], Current Cost = 5426.00, Rho = 1.000
(iter 10) [0.0, -1.1212, 0.6673] = 417.0260, sampling [0.0, 1.0387, 1.0572]. Recommendation = [0.0, 1.1714, 1.3763], Current Cost = 5427.00, Rho = 1.000
(iter 432) [0.0, 1.0387, 1.0572] = 456.2517, sampling [0.0, 1.1714, 1.3763]. Recommendation = [0.0, 1.1714, 1.3763], Current Cost = 6427.00, Rho = 1.000
(iter 433) [0.0, 1.1714, 1.3763] = 456.2690, sampling [0.0, 0.8965, 0.7816]. Recommendation = [0.0, 1.1714, 1.3763], Current Cost = 7427.00, Rho = 1.000
(iter 433) [0.0, 1.1714, 1.3763] = 456.2690, sampling [0.0, 1.3851, 1.8921]. Recommendation = [0.0, 1.1714, 1.3763], Current Cost = 8427.00, Rho = 1.000
(iter 433) [0.0, 1.1714, 1.3763] = 456.2690, sampling [0.0, 0.6670, 0.4417]. Recommendation = [0.0, 1.1714, 1.3763], Current Cost = 9427.00, Rho = 1.000
(iter 433) [0.0, 1.1714, 1.3763] = 456.2690, sampling [1.0, -1.5821, -0.7382]. Recommendation = [0.0, 1.1714, 1.3763], Current Cost = 10427.00, Rho = 1.000
(iter 433) [0.0, 1.1714, 1.3763] = 456.2690, sampling [1.0, 1.7814, -0.1217]. Recommendation = [0.0, 1.1714, 1.3763], Current Cost = 10428.00, Rho = 1.000
(iter 433) [0.0, 1.1714, 1.3763] = 456.2690, sampling [1.0, 1.2290, -0.9956]. Recommendation = [0.0, 1.1714, 1.3763], Current Cost = 10429.00, Rho = 1.000
(iter 433) [0.0, 1.1714, 1.3763] = 456.2690, sampling [1.0, 1.5635, -0.3705]. Recommendation = [0.0, 1.1714, 1.3763], Current Cost = 10430.00, Rho = 1.000
(iter 433) [0.0, 1.1714, 1.3763] = 456.2690, sampling [1.0, -1.1855, -1.8220]. Recommendation = [0.0, 1.1714, 1.3763], Current Cost = 10431.00, Rho = 1.000
(iter 433) [0.0, 1.1714, 1.3763] = 456.2690, sampling [1.0, 1.6747, 0.2965]. Recommendation = [0.0, 1.1714, 1.3763], Current Cost = 10432.00, Rho = 1.000
(iter 433) [0.0, 1.1714, 1.3763] = 456.2690, sampling [1.0, -1.2689, -0.9668]. Recommendation = [0.0, 1.1714, 1.3763], Current Cost = 10433.00, Rho = 1.000
(iter 433) [0.0, 1.1714, 1.3763] = 456.2690, sampling [1.0, -1.4640, -1.3594]. Recommendation = [0.0, 1.1714, 1.3763], Current Cost = 10434.00, Rho = 1.000
(iter 433) [0.0, 1.1714, 1.3763] = 456.2690, sampling [1.0, -1.8639, -1.1018]. Recommendation = [0.0, 1.1714, 1.3763], Current Cost = 10435.00, Rho = 1.000
(iter 433) [0.0, 1.1714, 1.3763] = 456.2690, sampling [1.0, -1.9825, -0.1187]. Recommendation = [0.0, 1.1714, 1.3763], Current Cost = 10436.00, Rho = 1.000
(iter 433) [0.0, 1.1714, 1.3763] = 456.2690, sampling [1.0, 1.5893, -1.3365]. Recommendation = [0.0, 1.1714, 1.3763], Current Cost = 10437.00, Rho = 1.000
(iter 433) [0.0, 1.1714, 1.3763] = 456.2690, sampling [1.0, 1.6595, -0.4332]. Recommendation = [0.0, 1.1714, 1.3763], Current Cost = 10438.00, Rho = 1.000
(iter 433) [0.0, 1.1714, 1.3763] = 456.2690, sampling [1.0, 1.9199, -0.8711]. Recommendation = [0.0, 1.1714, 1.3763], Current Cost = 10439.00, Rho = 1.000
(iter 433) [0.0, 1.1714, 1.3763] = 456.2690, sampling [1.0, -1.3759, -1.7026]. Recommendation = [0.0, 1.1714, 1.3763], Current Cost = 10440.00, Rho = 1.000
(iter 433) [0.0, 1.1714, 1.3763] = 456.2690, sampling [1.0, 1.9756, -0.0565]. Recommendation = [0.0, 1.1714, 1.3763], Current Cost = 10441.00, Rho = 1.000
(iter 433) [0.0, 1.1714, 1.3763] = 456.2690, sampling [1.0, -1.5625, -0.9893]. Recommendation = [0.0, 1.1714, 1.3763], Current Cost = 10442.00, Rho = 1.000
(iter 433) [0.0, 1.1714, 1.3763] = 456.2690, sampling [1.0, 1.3058, -1.7141]. Recommendation = [0.0, 1.1714, 1.3763], Current Cost = 10443.00, Rho = 1.000
(iter 433) [0.0, 1.1714, 1.3763] = 456.2690, sampling [1.0, 1.5814, -0.4579]. Recommendation = [0.0, 1.1714, 1.3763], Current Cost = 10444.00, Rho = 1.000
(iter 433) [0.0, 1.1714, 1.3763] = 456.2690, sampling [1.0, -1.8049, 0.4104]. Recommendation = [0.0, 1.1714, 1.3763], Current Cost = 10445.00, Rho = 1.000
(iter 433) [0.0, 1.1714, 1.3763] = 456.2690, sampling [1.0, 1.0606, -1.8707]. Recommendation = [0.0, 1.1714, 1.3763], Current Cost = 10446.00, Rho = 1.000
(iter 433) [0.0, 1.1714, 1.3763] = 456.2690, sampling [1.0, 1.5203, -0.3665]. Recommendation = [0.0, 1.1714, 1.3763], Current Cost = 10447.00, Rho = 1.000
(iter 433) [0.0, 1.1714, 1.3763] = 456.2690, sampling [1.0, 1.7589, -0.3575]. Recommendation = [0.0, 1.1714, 1.3763], Current Cost = 10448.00, Rho = 1.000
(iter 433) [0.0, 1.1714, 1.3763] = 456.2690, sampling [1.0, -1.3774, -1.5614]. Recommendation = [0.0, 1.1714, 1.3763], Current Cost = 10449.00, Rho = 1.000
(iter 433) [0.0, 1.1714, 1.3763] = 456.2690, sampling [1.0, 1.5417, -1.5831]. Recommendation = [0.0, 1.1714, 1.3763], Current Cost = 10450.00, Rho = 1.000
(iter 433) [0.0, 1.1714, 1.3763] = 456.2690, sampling [1.0, 1.6959, -1.1383]. Recommendation = [0.0, 1.1714, 1.3763], Current Cost = 10451.00, Rho = 1.000
(iter 433) [0.0, 1.1714, 1.3763] = 456.2690, sampling [1.0, 1.2687, -1.0149]. Recommendation = [0.0, 1.1714, 1.3763], Current Cost = 10452.00, Rho = 1.000
(iter 433) [0.0, 1.1714, 1.3763] = 456.2690, sampling [1.0, -1.7995, 0.0266]. Recommendation = [0.0, 1.1714, 1.3763], Current Cost = 10453.00, Rho = 1.000
(iter 433) [0.0, 1.1714, 1.3763] = 456.2690, sampling [1.0, -1.6830, -1.4528]. Recommendation = [0.0, 1.1714, 1.3763], Current Cost = 10454.00, Rho = 1.000
(iter 433) [0.0, 1.1714, 1.3763] = 456.2690, sampling [1.0, 1.7955, -0.6268]. Recommendation = [0.0, 1.1714, 1.3763], Current Cost = 10455.00, Rho = 1.000
(iter 433) [0.0, 1.1714, 1.3763] = 456.2690, sampling [1.0, 1.8620, 0.1574]. Recommendation = [0.0, 1.1714, 1.3763], Current Cost = 10456.00, Rho = 1.000
(iter 433) [0.0, 1.1714, 1.3763] = 456.2690, sampling [1.0, -1.9298, -0.2661]. Recommendation = [0.0, 1.1714, 1.3763], Current Cost = 10457.00, Rho = 1.000
(iter 433) [0.0, 1.1714, 1.3763] = 456.2690, sampling [1.0, 1.6193, -0.7947]. Recommendation = [0.0, 1.1714, 1.3763], Current Cost = 10458.00, Rho = 1.000
(iter 433) [0.0, 1.1714, 1.3763] = 456.2690, sampling [1.0, -1.7228, -0.9364]. Recommendation = [0.0, 1.1714, 1.3763], Current Cost = 10459.00, Rho = 1.000
(iter 433) [0.0, 1.1714, 1.3763] = 456.2690, sampling [1.0, 1.4794, -1.7888]. Recommendation = [0.0, 1.1714, 1.3763], Current Cost = 10460.00, Rho = 1.000
(iter 433) [0.0, 1.1714, 1.3763] = 456.2690, sampling [1.0, -1.6155, -1.2005]. Recommendation = [0.0, 1.1714, 1.3763], Current Cost = 10461.00, Rho = 1.000
(iter 433) [0.0, 1.1714, 1.3763] = 456.2690, sampling [0.0, 1.3310, 1.7989]. Recommendation = [0.0, 1.1714, 1.3763], Current Cost = 10462.00, Rho = 1.000
(iter 433) [0.0, 1.1714, 1.3763] = 456.2690, sampling [1.0, -1.4762, -1.7491]. Recommendation = [0.0, 1.1714, 1.3763], Current Cost = 11462.00, Rho = 1.000
(iter 433) [0.0, 1.1714, 1.3763] = 456.2690, sampling [1.0, 1.7918, -0.4721]. Recommendation = [0.0, 1.1714, 1.3763], Current Cost = 11463.00, Rho = 1.000
(iter 433) [0.0, 1.1714, 1.3763] = 456.2690, sampling [1.0, -1.9513, -1.3500]. Recommendation = [0.0, 1.1714, 1.3763], Current Cost = 11464.00, Rho = 1.000
(iter 433) [0.0, 1.1714, 1.3763] = 456.2690, sampling [1.0, -1.5369, -1.5126]. Recommendation = [0.0, 1.1714, 1.3763], Current Cost = 11465.00, Rho = 1.000
(iter 433) [0.0, 1.1714, 1.3763] = 456.2690, sampling [1.0, 1.7152, -0.9721]. Recommendation = [0.0, 1.1714, 1.3763], Current Cost = 11466.00, Rho = 1.000
(iter 433) [0.0, 1.1714, 1.3763] = 456.2690, sampling [1.0, 1.8691, -0.1293]. Recommendation = [0.0, 1.1714, 1.3763], Current Cost = 11467.00, Rho = 1.000
(iter 433) [0.0, 1.1714, 1.3763] = 456.2690, sampling [1.0, -1.4296, -0.7340]. Recommendation = [0.0, 1.1714, 1.3763], Current Cost = 11468.00, Rho = 1.000
(iter 433) [0.0, 1.1714, 1.3763] = 456.2690, sampling [1.0, -1.0477, -1.6923]. Recommendation = [0.0, 1.1714, 1.3763], Current Cost = 11469.00, Rho = 1.000
(iter 433) [0.0, 1.1714, 1.3763] = 456.2690, sampling [1.0, -1.9860, -0.0177]. Recommendation = [0.0, 1.1714, 1.3763], Current Cost = 11470.00, Rho = 1.000
(iter 433) [0.0, 1.1714, 1.3763] = 456.2690, sampling [1.0, -1.6619, -1.0635]. Recommendation = [0.0, 1.1714, 1.3763], Current Cost = 11471.00, Rho = 1.000
(iter 433) [0.0, 1.1714, 1.3763] = 456.2690, sampling [1.0, -1.3482, -1.6252]. Recommendation = [0.0, 1.1714, 1.3763], Current Cost = 11472.00, Rho = 1.000
(iter 433) [0.0, 1.1714, 1.3763] = 456.2690, sampling [1.0, 1.8417, -1.4884]. Recommendation = [0.0, 1.1714, 1.3763], Current Cost = 11473.00, Rho = 1.000
(iter 433) [0.0, 1.1714, 1.3763] = 456.2690, sampling [1.0, 1.6113, -0.4715]. Recommendation = [0.0, 1.1714, 1.3763], Current Cost = 11474.00, Rho = 1.000
(iter 433) [0.0, 1.1714, 1.3763] = 456.2690, sampling [1.0, 1.4114, -1.7306]. Recommendation = [0.0, 1.1714, 1.3763], Current Cost = 11475.00, Rho = 1.000
(iter 433) [0.0, 1.1714, 1.3763] = 456.2690, sampling [1.0, 1.8297, -0.7653]. Recommendation = [0.0, 1.1714, 1.3763], Current Cost = 11476.00, Rho = 1.000
(iter 433) [0.0, 1.1714, 1.3763] = 456.2690, sampling [1.0, 1.7262, -1.8114]. Recommendation = [0.0, 1.1714, 1.3763], Current Cost = 11477.00, Rho = 1.000
(iter 433) [0.0, 1.1714, 1.3763] = 456.2690, sampling [1.0, 1.6449, -0.8596]. Recommendation = [0.0, 1.1714, 1.3763], Current Cost = 11478.00, Rho = 1.000
(iter 433) [0.0, 1.1714, 1.3763] = 456.2690, sampling [1.0, -1.2447, -1.5729]. Recommendation = [0.0, 1.1714, 1.3763], Current Cost = 11479.00, Rho = 1.000
(iter 433) [0.0, 1.1714, 1.3763] = 456.2690, sampling [1.0, -1.7070, -1.9043]. Recommendation = [0.0, 1.1714, 1.3763], Current Cost = 11480.00, Rho = 1.000
(iter 433) [0.0, 1.1714, 1.3763] = 456.2690, sampling [1.0, -1.6027, -1.2569]. Recommendation = [0.0, 1.1714, 1.3763], Current Cost = 11481.00, Rho = 1.000
(iter 433) [0.0, 1.1714, 1.3763] = 456.2690, sampling [1.0, -1.8940, -1.6042]. Recommendation = [0.0, 1.1714, 1.3763], Current Cost = 11482.00, Rho = 1.000
(iter 433) [0.0, 1.1714, 1.3763] = 456.2690, sampling [1.0, 1.6671, -1.6146]. Recommendation = [0.0, 1.1714, 1.3763], Current Cost = 11483.00, Rho = 1.000
(iter 433) [0.0, 1.1714, 1.3763] = 456.2690, sampling [1.0, -1.4121, -1.6675]. Recommendation = [0.0, 1.1714, 1.3763], Current Cost = 11484.00, Rho = 1.000
(iter 433) [0.0, 1.1714, 1.3763] = 456.2690, sampling [1.0, 1.7346, -0.9095]. Recommendation = [0.0, 1.1714, 1.3763], Current Cost = 11485.00, Rho = 1.000
(iter 433) [0.0, 1.1714, 1.3763] = 456.2690, sampling [1.0, 1.9116, -0.1375]. Recommendation = [0.0, 1.1714, 1.3763], Current Cost = 11486.00, Rho = 1.000
(iter 433) [0.0, 1.1714, 1.3763] = 456.2690, sampling [1.0, -1.6975, -1.0887]. Recommendation = [0.0, 1.1714, 1.3763], Current Cost = 11487.00, Rho = 1.000
(iter 433) [0.0, 1.1714, 1.3763] = 456.2690, sampling [1.0, -1.7791, -1.4286]. Recommendation = [0.0, 1.1714, 1.3763], Current Cost = 11488.00, Rho = 1.000
(iter 433) [0.0, 1.1714, 1.3763] = 456.2690, sampling [0.0, 1.2498, 1.6158]. Recommendation = [0.0, 1.1714, 1.3763], Current Cost = 11489.00, Rho = 1.000
(iter 433) [0.0, 1.1714, 1.3763] = 456.2690, sampling [1.0, 1.9215, -1.8908]. Recommendation = [0.0, 1.1714, 1.3763], Current Cost = 12489.00, Rho = 1.000
(iter 433) [0.0, 1.1714, 1.3763] = 456.2690, sampling [1.0, -1.9008, -1.2498]. Recommendation = [0.0, 1.1714, 1.3763], Current Cost = 12490.00, Rho = 1.000
(iter 433) [0.0, 1.1714, 1.3763] = 456.2690, sampling [1.0, 1.7684, -1.6412]. Recommendation = [0.0, 1.1714, 1.3763], Current Cost = 12491.00, Rho = 1.000
(iter 433) [0.0, 1.1714, 1.3763] = 456.2690, sampling [1.0, -1.9712, -1.8063]. Recommendation = [0.0, 1.1714, 1.3763], Current Cost = 12492.00, Rho = 1.000
(iter 433) [0.0, 1.1714, 1.3763] = 456.2690, sampling [1.0, -1.8221, -1.1269]. Recommendation = [0.0, 1.1714, 1.3763], Current Cost = 12493.00, Rho = 1.000
(iter 433) [0.0, 1.1714, 1.3763] = 456.2690, sampling [1.0, -1.8334, -1.4783]. Recommendation = [0.0, 1.1714, 1.3763], Current Cost = 12494.00, Rho = 1.000
(iter 433) [0.0, 1.1714, 1.3763] = 456.2690, sampling [0.0, 1.3702, 1.9196]. Recommendation = [0.0, 1.1714, 1.3763], Current Cost = 12495.00, Rho = 1.000
(iter 433) [0.0, 1.1714, 1.3763] = 456.2690, sampling [1.0, 1.8129, -0.6369]. Recommendation = [0.0, 1.1714, 1.3763], Current Cost = 13495.00, Rho = 1.000
(iter 433) [0.0, 1.1714, 1.3763] = 456.2690, sampling [1.0, -1.9169, -1.7637]. Recommendation = [0.0, 1.1714, 1.3763], Current Cost = 13496.00, Rho = 1.000
(iter 433) [0.0, 1.1714, 1.3763] = 456.2690, sampling [1.0, -1.9113, -1.3328]. Recommendation = [0.0, 1.1714, 1.3763], Current Cost = 13497.00, Rho = 1.000
(iter 433) [0.0, 1.1714, 1.3763] = 456.2690, sampling [0.0, -0.1802, -0.0011]. Recommendation = [0.0, 1.1714, 1.3763], Current Cost = 13498.00, Rho = 1.000
(iter 433) [0.0, 1.1714, 1.3763] = 456.2690, sampling [1.0, -1.9436, -1.8821]. Recommendation = [0.0, 1.1714, 1.3763], Current Cost = 14498.00, Rho = 1.000
(iter 433) [0.0, 1.1714, 1.3763] = 456.2690, sampling [1.0, 1.7663, -1.6370]. Recommendation = [0.0, 1.1714, 1.3763], Current Cost = 14499.00, Rho = 1.000
(iter 433) [0.0, 1.1714, 1.3763] = 456.2690, sampling [0.0, -0.9465, -1.3815]. Recommendation = [0.0, 1.1714, 1.3763], Current Cost = 14500.00, Rho = 1.000
(iter 433) [0.0, 1.1714, 1.3763] = 456.2690, sampling [0.0, 1.1968, -1.6527]. Recommendation = [0.0, 1.1714, 1.3763], Current Cost = 15500.00, Rho = 1.000
(iter 433) [0.0, 1.1714, 1.3763] = 456.2690, sampling [0.0, -1.5027, 1.5051]. Recommendation = [0.0, 1.1714, 1.3763], Current Cost = 16500.00, Rho = 1.000
(iter 433) [0.0, 1.1714, 1.3763] = 456.2690, sampling [0.0, -0.4775, -0.2965]. Recommendation = [0.0, 1.1714, 1.3763], Current Cost = 17500.00, Rho = 1.000
(iter 433) [0.0, 1.1714, 1.3763] = 456.2690, sampling [0.0, -1.1394, -1.1472]. Recommendation = [0.0, 1.1714, 1.3763], Current Cost = 18500.00, Rho = 1.000
(iter 433) [0.0, 1.1714, 1.3763] = 456.2690, sampling [0.0, 0.5958, -0.5824]. Recommendation = [0.0, 1.1714, 1.3763], Current Cost = 19500.00, Rho = 1.000
(iter 433) [0.0, 1.1714, 1.3763] = 456.2690, sampling [0.0, 0.2270, -1.4121]. Recommendation = [0.0, 1.1714, 1.3763], Current Cost = 20500.00, Rho = 1.000
(iter 433) [0.0, 1.1714, 1.3763] = 456.2690, sampling [0.0, -1.5902, 1.8585]. Recommendation = [0.0, 1.1714, 1.3763], Current Cost = 21500.00, Rho = 1.000
(iter 433) [0.0, 1.1714, 1.3763] = 456.2690, sampling [0.0, -1.2386, 1.3440]. Recommendation = [0.0, 1.1714, 1.3763], Current Cost = 22500.00, Rho = 1.000
(iter 433) [0.0, 1.1714, 1.3763] = 456.2690, sampling [0.0, -0.2779, 0.8264]. Recommendation = [0.0, 1.1714, 1.3763], Current Cost = 23500.00, Rho = 1.000
(iter 433) [0.0, 1.1714, 1.3763] = 456.2690, sampling [0.0, -0.4648, 1.7642]. Recommendation = [0.0, 1.1714, 1.3763], Current Cost = 24500.00, Rho = 1.000
(iter 433) [0.0, 1.1714, 1.3763] = 456.2690, sampling [0.0, 1.4676, -0.4423]. Recommendation = [0.0, 1.1714, 1.3763], Current Cost = 25500.00, Rho = 1.000
(iter 433) [0.0, 1.1714, 1.3763] = 456.2690, sampling [0.0, 0.4543, 0.7670]. Recommendation = [0.0, 1.1714, 1.3763], Current Cost = 26500.00, Rho = 1.000
(iter 433) [0.0, 1.1714, 1.3763] = 456.2690, sampling [0.0, 0.0511, 0.8651]. Recommendation = [0.0, 1.1714, 1.3763], Current Cost = 27500.00, Rho = 1.000
(iter 433) [0.0, 1.1714, 1.3763] = 456.2690, sampling [0.0, -0.1238, 0.9640]. Recommendation = [0.0, 1.1714, 1.3763], Current Cost = 28500.00, Rho = 1.000
(iter 433) [0.0, 1.1714, 1.3763] = 456.2690, sampling [0.0, -1.2916, 0.7411]. Recommendation = [0.0, 1.1714, 1.3763], Current Cost = 29500.00, Rho = 1.000
(iter 433) [0.0, 1.1714, 1.3763] = 456.2690, sampling [0.0, 0.0875, -0.3484]. Recommendation = [0.0, 1.1714, 1.3763], Current Cost = 30500.00, Rho = 1.000
(iter 433) [0.0, 1.1714, 1.3763] = 456.2690, sampling [0.0, -0.4847, 1.1482]. Recommendation = [0.0, 1.1714, 1.3763], Current Cost = 31500.00, Rho = 1.000
(iter 433) [0.0, 1.1714, 1.3763] = 456.2690, sampling [0.0, -1.1625, 0.9471]. Recommendation = [0.0, 1.1714, 1.3763], Current Cost = 32500.00, Rho = 1.000
(iter 433) [0.0, 1.1714, 1.3763] = 456.2690, sampling [0.0, -1.1746, 1.6832]. Recommendation = [0.0, 1.1714, 1.3763], Current Cost = 33500.00, Rho = 1.000
(iter 433) [0.0, 1.1714, 1.3763] = 456.2690, sampling [0.0, -1.7853, 0.3355]. Recommendation = [0.0, 1.1714, 1.3763], Current Cost = 34500.00, Rho = 1.000
(iter 433) [0.0, 1.1714, 1.3763] = 456.2690, sampling [0.0, 0.9340, 0.4609]. Recommendation = [0.0, 1.1714, 1.3763], Current Cost = 35500.00, Rho = 1.000
(iter 433) [0.0, 1.1714, 1.3763] = 456.2690, sampling [0.0, -1.0821, 1.1586]. Recommendation = [0.0, 1.1714, 1.3763], Current Cost = 36500.00, Rho = 1.000
(iter 433) [0.0, 1.1714, 1.3763] = 456.2690, sampling [0.0, 0.0076, -0.7857]. Recommendation = [0.0, 1.1714, 1.3763], Current Cost = 37500.00, Rho = 1.000
(iter 433) [0.0, 1.1714, 1.3763] = 456.2690, sampling [0.0, 0.6987, 0.8799]. Recommendation = [0.0, 1.1714, 1.3763], Current Cost = 38500.00, Rho = 1.000
(iter 433) [0.0, 1.1714, 1.3763] = 456.2690, sampling [0.0, -1.6885, 0.0678]. Recommendation = [0.0, 1.1714, 1.3763], Current Cost = 39500.00, Rho = 1.000
(iter 433) [0.0, 1.1714, 1.3763] = 456.2690, sampling [0.0, -1.9712, -1.8063]. Recommendation = [0.0, 1.1714, 1.3763], Current Cost = 40500.00, Rho = 1.000
(iter 433) [0.0, 1.1714, 1.3763] = 456.2690, sampling [0.0, 0.4316, 1.9843]. Recommendation = [0.0, 1.1714, 1.3763], Current Cost = 41500.00, Rho = 1.000
(iter 433) [0.0, 1.1714, 1.3763] = 456.2690, sampling [0.0, 0.7521, 1.9824]. Recommendation = [0.0, 1.1714, 1.3763], Current Cost = 42500.00, Rho = 1.000
(iter 433) [0.0, 1.1714, 1.3763] = 456.2690, sampling [0.0, 1.2104, -0.5296]. Recommendation = [0.0, 1.1714, 1.3763], Current Cost = 43500.00, Rho = 1.000
(iter 433) [0.0, 1.1714, 1.3763] = 456.2690, sampling [0.0, 0.5842, 1.8365]. Recommendation = [0.0, 1.1714, 1.3763], Current Cost = 44500.00, Rho = 1.000
(iter 433) [0.0, 1.1714, 1.3763] = 456.2690, sampling [0.0, -0.4624, 1.9438]. Recommendation = [0.0, 1.1714, 1.3763], Current Cost = 45500.00, Rho = 1.000
(iter 433) [0.0, 1.1714, 1.3763] = 456.2690, sampling [0.0, 1.9215, -1.8908]. Recommendation = [0.0, 1.1714, 1.3763], Current Cost = 46500.00, Rho = 1.000
(iter 433) [0.0, 1.1714, 1.3763] = 456.2690, sampling [0.0, 0.8384, 0.4651]. Recommendation = [0.0, 1.1714, 1.3763], Current Cost = 47500.00, Rho = 1.000
(iter 433) [0.0, 1.1714, 1.3763] = 456.2690, sampling [0.0, 1.8129, -0.6369]. Recommendation = [0.0, 1.1714, 1.3763], Current Cost = 48500.00, Rho = 1.000
(iter 433) [0.0, 1.1714, 1.3763] = 456.2690, sampling [0.0, 0.5047, 1.6612]. Recommendation = [0.0, 1.1714, 1.3763], Current Cost = 49500.00, Rho = 1.000
(iter 433) [0.0, 1.1714, 1.3763] = 456.2690, sampling [0.0, -0.2092, 1.6030]. Recommendation = [0.0, 1.1714, 1.3763], Current Cost = 50500.00, Rho = 1.000
(iter 433) [0.0, 1.1714, 1.3763] = 456.2690, sampling [0.0, 1.1299, 0.6841]. Recommendation = [0.0, 1.1714, 1.3763], Current Cost = 51500.00, Rho = 1.000
(iter 433) [0.0, 1.1714, 1.3763] = 456.2690, sampling [0.0, 1.8993, 1.1165]. Recommendation = [0.0, 1.1714, 1.3763], Current Cost = 52500.00, Rho = 1.000
(iter 433) [0.0, 1.1714, 1.3763] = 456.2690, sampling [0.0, 0.6792, -1.0376]. Recommendation = [0.0, 1.1714, 1.3763], Current Cost = 53500.00, Rho = 1.000
(iter 433) [0.0, 1.1714, 1.3763] = 456.2690, sampling [0.0, -1.6175, -0.4850]. Recommendation = [0.0, 1.1714, 1.3763], Current Cost = 54500.00, Rho = 1.000
(iter 433) [0.0, 1.1714, 1.3763] = 456.2690, sampling [0.0, 0.3189, -1.9707]. Recommendation = [0.0, 1.1714, 1.3763], Current Cost = 55500.00, Rho = 1.000
(iter 433) [0.0, 1.1714, 1.3763] = 456.2690, sampling [0.0, 1.3012, 1.9928]. Recommendation = [0.0, 1.1714, 1.3763], Current Cost = 56500.00, Rho = 1.000
(iter 433) [0.0, 1.1714, 1.3763] = 456.2690, sampling [0.0, 0.9868, -0.3973]. Recommendation = [0.0, 1.1714, 1.3763], Current Cost = 57500.00, Rho = 1.000
(iter 433) [0.0, 1.1714, 1.3763] = 456.2690, sampling [0.0, -0.5063, -1.2911]. Recommendation = [0.0, 1.1714, 1.3763], Current Cost = 58500.00, Rho = 1.000
(iter 433) [0.0, 1.1714, 1.3763] = 456.2690, sampling [0.0, -0.3802, -0.6195]. Recommendation = [0.0, 1.1714, 1.3763], Current Cost = 59500.00, Rho = 1.000
(iter 433) [0.0, 1.1714, 1.3763] = 456.2690, sampling [0.0, -1.9860, -0.0177]. Recommendation = [0.0, 1.1714, 1.3763], Current Cost = 60500.00, Rho = 1.000
(iter 433) [0.0, 1.1714, 1.3763] = 456.2690, sampling [0.0, -0.9726, -0.0347]. Recommendation = [0.0, 1.1714, 1.3763], Current Cost = 61500.00, Rho = 1.000
(iter 433) [0.0, 1.1714, 1.3763] = 456.2690, sampling [0.0, 0.9117, -0.6028]. Recommendation = [0.0, 1.1714, 1.3763], Current Cost = 62500.00, Rho = 1.000
(iter 433) [0.0, 1.1714, 1.3763] = 456.2690, sampling [0.0, -1.4000, 0.5148]. Recommendation = [0.0, 1.1714, 1.3763], Current Cost = 63500.00, Rho = 1.000
(iter 433) [0.0, 1.1714, 1.3763] = 456.2690, sampling [0.0, -1.4847, 0.8509]. Recommendation = [0.0, 1.1714, 1.3763], Current Cost = 64500.00, Rho = 1.000
(iter 433) [0.0, 1.1714, 1.3763] = 456.2690, sampling [0.0, 0.7744, -1.7535]. Recommendation = [0.0, 1.1714, 1.3763], Current Cost = 65500.00, Rho = 1.000
(iter 433) [0.0, 1.1714, 1.3763] = 456.2690, sampling [0.0, -1.8940, -1.6042]. Recommendation = [0.0, 1.1714, 1.3763], Current Cost = 66500.00, Rho = 1.000
(iter 433) [0.0, 1.1714, 1.3763] = 456.2690, sampling [0.0, -0.5628, 0.0901]. Recommendation = [0.0, 1.1714, 1.3763], Current Cost = 67500.00, Rho = 1.000
(iter 433) [0.0, 1.1714, 1.3763] = 456.2690, sampling [0.0, 1.2419, 1.9584]. Recommendation = [0.0, 1.1714, 1.3763], Current Cost = 68500.00, Rho = 1.000
(iter 433) [0.0, 1.1714, 1.3763] = 456.2690, sampling [0.0, 0.0191, 0.2654]. Recommendation = [0.0, 1.1714, 1.3763], Current Cost = 69500.00, Rho = 1.000
(iter 433) [0.0, 1.1714, 1.3763] = 456.2690, sampling [0.0, 1.9548, 0.5301]. Recommendation = [0.0, 1.1714, 1.3763], Current Cost = 70500.00, Rho = 1.000
(iter 433) [0.0, 1.1714, 1.3763] = 456.2690, sampling [0.0, -1.8104, 0.9855]. Recommendation = [0.0, 1.1714, 1.3763], Current Cost = 71500.00, Rho = 1.000
(iter 433) [0.0, 1.1714, 1.3763] = 456.2690, sampling [0.0, -1.5312, 1.8526]. Recommendation = [0.0, 1.1714, 1.3763], Current Cost = 72500.00, Rho = 1.000
(iter 433) [0.0, 1.1714, 1.3763] = 456.2690, sampling [0.0, -1.9995, 1.7684]. Recommendation = [0.0, 1.1714, 1.3763], Current Cost = 73500.00, Rho = 1.000
(iter 433) [0.0, 1.1714, 1.3763] = 456.2690, sampling [0.0, 0.2057, -0.5460]. Recommendation = [0.0, 1.1714, 1.3763], Current Cost = 74500.00, Rho = 1.000
(iter 433) [0.0, 1.1714, 1.3763] = 456.2690, sampling [0.0, -0.8019, 1.0284]. Recommendation = [0.0, 1.1714, 1.3763], Current Cost = 75500.00, Rho = 1.000
(iter 433) [0.0, 1.1714, 1.3763] = 456.2690, sampling [0.0, -1.1149, -0.2075]. Recommendation = [0.0, 1.1714, 1.3763], Current Cost = 76500.00, Rho = 1.000
(iter 433) [0.0, 1.1714, 1.3763] = 456.2690, sampling [0.0, 0.2523, -0.7700]. Recommendation = [0.0, 1.1714, 1.3763], Current Cost = 77500.00, Rho = 1.000
(iter 433) [0.0, 1.1714, 1.3763] = 456.2690, sampling [0.0, -0.5569, 0.9331]. Recommendation = [0.0, 1.1714, 1.3763], Current Cost = 78500.00, Rho = 1.000
(iter 433) [0.0, 1.1714, 1.3763] = 456.2690, sampling [0.0, 1.2323, -1.2354]. Recommendation = [0.0, 1.1714, 1.3763], Current Cost = 79500.00, Rho = 1.000
(iter 433) [0.0, 1.1714, 1.3763] = 456.2690, sampling [0.0, -0.9296, 1.3873]. Recommendation = [0.0, 1.1714, 1.3763], Current Cost = 80500.00, Rho = 1.000
(iter 433) [0.0, 1.1714, 1.3763] = 456.2690, sampling [0.0, -1.6027, -1.2569]. Recommendation = [0.0, 1.1714, 1.3763], Current Cost = 81500.00, Rho = 1.000
(iter 433) [0.0, 1.1714, 1.3763] = 456.2690, sampling [0.0, -0.6104, -1.1331]. Recommendation = [0.0, 1.1714, 1.3763], Current Cost = 82500.00, Rho = 1.000
(iter 433) [0.0, 1.1714, 1.3763] = 456.2690, sampling [0.0, -1.2232, -0.4051]. Recommendation = [0.0, 1.1714, 1.3763], Current Cost = 83500.00, Rho = 1.000
(iter 433) [0.0, 1.1714, 1.3763] = 456.2690, sampling [0.0, -1.7228, -0.9364]. Recommendation = [0.0, 1.1714, 1.3763], Current Cost = 84500.00, Rho = 1.000
(iter 433) [0.0, 1.1714, 1.3763] = 456.2690, sampling [0.0, 0.8126, -0.0296]. Recommendation = [0.0, 1.1714, 1.3763], Current Cost = 85500.00, Rho = 1.000
(iter 433) [0.0, 1.1714, 1.3763] = 456.2690, sampling [0.0, 1.4293, 0.6640]. Recommendation = [0.0, 1.1714, 1.3763], Current Cost = 86500.00, Rho = 1.000
(iter 433) [0.0, 1.1714, 1.3763] = 456.2690, sampling [0.0, 1.7505, 0.4999]. Recommendation = [0.0, 1.1714, 1.3763], Current Cost = 87500.00, Rho = 1.000
(iter 433) [0.0, 1.1714, 1.3763] = 456.2690, sampling [0.0, -1.0352, -1.7080]. Recommendation = [0.0, 1.1714, 1.3763], Current Cost = 88500.00, Rho = 1.000
(iter 433) [0.0, 1.1714, 1.3763] = 456.2690, sampling [0.0, -0.2928, -0.7030]. Recommendation = [0.0, 1.1714, 1.3763], Current Cost = 89500.00, Rho = 1.000
(iter 433) [0.0, 1.1714, 1.3763] = 456.2690, sampling [0.0, -1.2447, -1.5729]. Recommendation = [0.0, 1.1714, 1.3763], Current Cost = 90500.00, Rho = 1.000
(iter 433) [0.0, 1.1714, 1.3763] = 456.2690, sampling [0.0, -0.8550, -1.7964]. Recommendation = [0.0, 1.1714, 1.3763], Current Cost = 91500.00, Rho = 1.000
(iter 433) [0.0, 1.1714, 1.3763] = 456.2690, sampling [0.0, 1.6388, 0.5935]. Recommendation = [0.0, 1.1714, 1.3763], Current Cost = 92500.00, Rho = 1.000
(iter 433) [0.0, 1.1714, 1.3763] = 456.2690, sampling [0.0, -1.3187, 1.1674]. Recommendation = [0.0, 1.1714, 1.3763], Current Cost = 93500.00, Rho = 1.000
(iter 433) [0.0, 1.1714, 1.3763] = 456.2690, sampling [0.0, 1.8226, 0.0722]. Recommendation = [0.0, 1.1714, 1.3763], Current Cost = 94500.00, Rho = 1.000
(iter 433) [0.0, 1.1714, 1.3763] = 456.2690, sampling [0.0, 0.1510, 0.2630]. Recommendation = [0.0, 1.1714, 1.3763], Current Cost = 95500.00, Rho = 1.000
(iter 433) [0.0, 1.1714, 1.3763] = 456.2690, sampling [0.0, 0.9261, -1.1890]. Recommendation = [0.0, 1.1714, 1.3763], Current Cost = 96500.00, Rho = 1.000
(iter 433) [0.0, 1.1714, 1.3763] = 456.2690, sampling [0.0, 0.4338, -1.7698]. Recommendation = [0.0, 1.1714, 1.3763], Current Cost = 97500.00, Rho = 1.000
(iter 433) [0.0, 1.1714, 1.3763] = 456.2690, sampling [0.0, 0.6375, -1.6594]. Recommendation = [0.0, 1.1714, 1.3763], Current Cost = 98500.00, Rho = 1.000
(iter 433) [0.0, 1.1714, 1.3763] = 456.2690, sampling [0.0, 0.8862, 1.6757]. Recommendation = [0.0, 1.1714, 1.3763], Current Cost = 99500.00, Rho = 1.000
