(iter 10) [0.0, -0.4182, 0.7698] = 418.9063, sampling [1.0, -0.8239, 0.9812]. Recommendation = [0.0, -0.4182, 0.7698], Current Cost = 5005.00, Rho = 1.000
(iter 10) [0.0, -0.4182, 0.7698] = 418.9063, sampling [1.0, -0.6106, 1.0366]. Recommendation = [0.0, -0.8239, 0.9812], Current Cost = 5006.00, Rho = 1.000
(iter 10) [0.0, -0.4182, 0.7698] = 418.9063, sampling [1.0, -0.8549, 0.7187]. Recommendation = [0.0, -0.8239, 0.9812], Current Cost = 5007.00, Rho = 1.000
(iter 10) [0.0, -0.4182, 0.7698] = 418.9063, sampling [1.0, -0.6450, 0.5277]. Recommendation = [0.0, -0.8549, 0.7187], Current Cost = 5008.00, Rho = 1.000
(iter 10) [0.0, -0.4182, 0.7698] = 418.9063, sampling [1.0, -1.0712, 0.9616]. Recommendation = [0.0, -0.8549, 0.7187], Current Cost = 5009.00, Rho = 1.000
(iter 10) [0.0, -0.4182, 0.7698] = 418.9063, sampling [1.0, -0.9951, 1.2820]. Recommendation = [0.0, -0.8592, 0.8433], Current Cost = 5010.00, Rho = 1.000
(iter 10) [0.0, -0.4182, 0.7698] = 418.9063, sampling [1.0, -0.9212, 1.1121]. Recommendation = [0.0, -0.8592, 0.8433], Current Cost = 5011.00, Rho = 1.000
(iter 10) [0.0, -0.4182, 0.7698] = 418.9063, sampling [1.0, -1.3297, 1.1810]. Recommendation = [0.0, -0.8592, 0.8433], Current Cost = 5012.00, Rho = 1.000
(iter 10) [0.0, -0.4182, 0.7698] = 418.9063, sampling [1.0, -1.0928, 0.7365]. Recommendation = [0.0, -0.8549, 0.7187], Current Cost = 5013.00, Rho = 1.000
(iter 10) [0.0, -0.4182, 0.7698] = 418.9063, sampling [1.0, -0.8752, 0.5173]. Recommendation = [0.0, -0.8592, 0.8433], Current Cost = 5014.00, Rho = 1.000
(iter 10) [0.0, -0.4182, 0.7698] = 418.9063, sampling [1.0, -0.8592, 0.8433]. Recommendation = [0.0, -0.8453, 0.5787], Current Cost = 5015.00, Rho = 1.000
(iter 10) [0.0, -0.4182, 0.7698] = 418.9063, sampling [1.0, -1.1741, 1.1225]. Recommendation = [0.0, -0.8453, 0.5787], Current Cost = 5016.00, Rho = 1.000
(iter 10) [0.0, -0.4182, 0.7698] = 418.9063, sampling [1.0, -1.0771, 1.5846]. Recommendation = [0.0, -0.8453, 0.5787], Current Cost = 5017.00, Rho = 1.000
(iter 10) [0.0, -0.4182, 0.7698] = 418.9063, sampling [1.0, -0.7508, 1.5970]. Recommendation = [0.0, -0.8453, 0.5787], Current Cost = 5018.00, Rho = 1.000
(iter 10) [0.0, -0.4182, 0.7698] = 418.9063, sampling [1.0, -1.1407, 1.3808]. Recommendation = [0.0, -0.8453, 0.5787], Current Cost = 5019.00, Rho = 1.000
(iter 10) [0.0, -0.4182, 0.7698] = 418.9063, sampling [1.0, -1.4031, 1.6380]. Recommendation = [0.0, -0.8453, 0.5787], Current Cost = 5020.00, Rho = 1.000
(iter 10) [0.0, -0.4182, 0.7698] = 418.9063, sampling [1.0, -1.6404, 1.4139]. Recommendation = [0.0, -0.8453, 0.5787], Current Cost = 5021.00, Rho = 1.000
(iter 10) [0.0, -0.4182, 0.7698] = 418.9063, sampling [1.0, -1.2237, 1.4565]. Recommendation = [0.0, -0.8453, 0.5787], Current Cost = 5022.00, Rho = 1.000
(iter 10) [0.0, -0.4182, 0.7698] = 418.9063, sampling [1.0, -1.0379, 1.0777]. Recommendation = [0.0, -0.8453, 0.5787], Current Cost = 5023.00, Rho = 1.000
(iter 10) [0.0, -0.4182, 0.7698] = 418.9063, sampling [1.0, -1.2419, 1.8330]. Recommendation = [0.0, -0.8453, 0.5787], Current Cost = 5024.00, Rho = 1.000
(iter 10) [0.0, -0.4182, 0.7698] = 418.9063, sampling [1.0, -0.6728, 0.3304]. Recommendation = [0.0, -0.8453, 0.5787], Current Cost = 5025.00, Rho = 1.000
(iter 10) [0.0, -0.4182, 0.7698] = 418.9063, sampling [1.0, -0.4875, 0.4461]. Recommendation = [0.0, -0.8549, 0.7187], Current Cost = 5026.00, Rho = 1.000
(iter 10) [0.0, -0.4182, 0.7698] = 418.9063, sampling [1.0, -0.7623, 0.4206]. Recommendation = [0.0, -0.6008, 0.5573], Current Cost = 5027.00, Rho = 1.000
(iter 10) [0.0, -0.4182, 0.7698] = 418.9063, sampling [1.0, -0.4603, 0.5899]. Recommendation = [0.0, -0.6008, 0.5573], Current Cost = 5028.00, Rho = 1.000
(iter 10) [0.0, -0.4182, 0.7698] = 418.9063, sampling [1.0, -0.5108, 0.2157]. Recommendation = [0.0, -0.6008, 0.5573], Current Cost = 5029.00, Rho = 1.000
(iter 10) [0.0, -0.4182, 0.7698] = 418.9063, sampling [1.0, -0.6306, 0.1007]. Recommendation = [0.0, -0.5108, 0.2157], Current Cost = 5030.00, Rho = 1.000
(iter 10) [0.0, -0.4182, 0.7698] = 418.9063, sampling [1.0, -0.2832, 0.4796]. Recommendation = [0.0, -0.5108, 0.2157], Current Cost = 5031.00, Rho = 1.000
(iter 10) [0.0, -0.4182, 0.7698] = 418.9063, sampling [1.0, -0.9743, 0.6742]. Recommendation = [0.0, -0.5108, 0.2157], Current Cost = 5032.00, Rho = 1.000
(iter 10) [0.0, -0.4182, 0.7698] = 418.9063, sampling [1.0, -0.3477, -0.1114]. Recommendation = [0.0, -0.5108, 0.2157], Current Cost = 5033.00, Rho = 1.000
(iter 10) [0.0, -0.4182, 0.7698] = 418.9063, sampling [1.0, -0.5680, -0.2288]. Recommendation = [0.0, -0.5108, 0.2157], Current Cost = 5034.00, Rho = 1.000
(iter 10) [0.0, -0.4182, 0.7698] = 418.9063, sampling [1.0, -0.5579, 0.0398]. Recommendation = [0.0, -0.5108, 0.2157], Current Cost = 5035.00, Rho = 1.000
(iter 10) [0.0, -0.4182, 0.7698] = 418.9063, sampling [1.0, -0.1649, 0.2792]. Recommendation = [0.0, -0.5108, 0.2157], Current Cost = 5036.00, Rho = 1.000
(iter 10) [0.0, -0.4182, 0.7698] = 418.9063, sampling [1.0, -1.2156, 0.8630]. Recommendation = [0.0, -0.5108, 0.2157], Current Cost = 5037.00, Rho = 1.000
(iter 10) [0.0, -0.4182, 0.7698] = 418.9063, sampling [1.0, -0.7364, 1.1748]. Recommendation = [0.0, -0.5108, 0.2157], Current Cost = 5038.00, Rho = 1.000
(iter 10) [0.0, -0.4182, 0.7698] = 418.9063, sampling [1.0, -1.0509, 1.7715]. Recommendation = [0.0, -0.5108, 0.2157], Current Cost = 5039.00, Rho = 1.000
(iter 10) [0.0, -0.4182, 0.7698] = 418.9063, sampling [1.0, -0.9175, 0.2673]. Recommendation = [0.0, -0.5108, 0.2157], Current Cost = 5040.00, Rho = 1.000
(iter 10) [0.0, -0.4182, 0.7698] = 418.9063, sampling [1.0, -0.7132, 0.0207]. Recommendation = [0.0, -0.5108, 0.2157], Current Cost = 5041.00, Rho = 1.000
(iter 10) [0.0, -0.4182, 0.7698] = 418.9063, sampling [1.0, -1.1564, 1.6095]. Recommendation = [0.0, -0.5108, 0.2157], Current Cost = 5042.00, Rho = 1.000
(iter 10) [0.0, -0.4182, 0.7698] = 418.9063, sampling [1.0, -0.3544, -0.5532]. Recommendation = [0.0, -0.5108, 0.2157], Current Cost = 5043.00, Rho = 1.000
(iter 10) [0.0, -0.4182, 0.7698] = 418.9063, sampling [1.0, -0.7278, -0.5510]. Recommendation = [0.0, -0.5108, 0.2157], Current Cost = 5044.00, Rho = 1.000
(iter 10) [0.0, -0.4182, 0.7698] = 418.9063, sampling [1.0, -0.0709, -0.1278]. Recommendation = [0.0, -0.5108, 0.2157], Current Cost = 5045.00, Rho = 1.000
(iter 10) [0.0, -0.4182, 0.7698] = 418.9063, sampling [1.0, -0.1273, 0.1859]. Recommendation = [0.0, -0.5108, 0.2157], Current Cost = 5046.00, Rho = 1.000
(iter 10) [0.0, -0.4182, 0.7698] = 418.9063, sampling [1.0, -0.3893, -0.2032]. Recommendation = [0.0, -0.5108, 0.2157], Current Cost = 5047.00, Rho = 1.000
(iter 10) [0.0, -0.4182, 0.7698] = 418.9063, sampling [1.0, -0.0761, 0.5086]. Recommendation = [0.0, -0.5108, 0.2157], Current Cost = 5048.00, Rho = 1.000
(iter 10) [0.0, -0.4182, 0.7698] = 418.9063, sampling [1.0, -0.1841, 0.7577]. Recommendation = [0.0, -0.5108, 0.2157], Current Cost = 5049.00, Rho = 1.000
(iter 10) [0.0, -0.4182, 0.7698] = 418.9063, sampling [1.0, 0.0361, 0.0088]. Recommendation = [0.0, -0.5108, 0.2157], Current Cost = 5050.00, Rho = 1.000
(iter 10) [0.0, -0.4182, 0.7698] = 418.9063, sampling [1.0, 0.0046, 0.2006]. Recommendation = [0.0, -0.5108, 0.2157], Current Cost = 5051.00, Rho = 1.000
(iter 10) [0.0, -0.4182, 0.7698] = 418.9063, sampling [1.0, -0.8453, 0.5787]. Recommendation = [0.0, -0.5108, 0.2157], Current Cost = 5052.00, Rho = 1.000
(iter 10) [0.0, -0.4182, 0.7698] = 418.9063, sampling [1.0, -1.1962, 1.2123]. Recommendation = [0.0, -0.5108, 0.2157], Current Cost = 5053.00, Rho = 1.000
(iter 10) [0.0, -0.4182, 0.7698] = 418.9063, sampling [1.0, -0.0142, -0.4825]. Recommendation = [0.0, -0.5108, 0.2157], Current Cost = 5054.00, Rho = 1.000
(iter 10) [0.0, -0.4182, 0.7698] = 418.9063, sampling [1.0, 0.0832, -0.1819]. Recommendation = [0.0, -0.5108, 0.2157], Current Cost = 5055.00, Rho = 1.000
(iter 10) [0.0, -0.4182, 0.7698] = 418.9063, sampling [1.0, 0.0626, 0.3954]. Recommendation = [0.0, -0.0518, -0.1608], Current Cost = 5056.00, Rho = 1.000
(iter 10) [0.0, -0.4182, 0.7698] = 418.9063, sampling [1.0, 0.1603, 0.0541]. Recommendation = [0.0, -0.0518, -0.1608], Current Cost = 5057.00, Rho = 1.000
(iter 10) [0.0, -0.4182, 0.7698] = 418.9063, sampling [1.0, 0.0715, 0.2334]. Recommendation = [0.0, -0.5108, 0.2157], Current Cost = 5058.00, Rho = 1.000
(iter 10) [0.0, -0.4182, 0.7698] = 418.9063, sampling [1.0, -1.3551, 1.9807]. Recommendation = [0.0, -0.5108, 0.2157], Current Cost = 5059.00, Rho = 1.000
(iter 10) [0.0, -0.4182, 0.7698] = 418.9063, sampling [1.0, -1.1226, 1.9756]. Recommendation = [0.0, -0.5108, 0.2157], Current Cost = 5060.00, Rho = 1.000
(iter 10) [0.0, -0.4182, 0.7698] = 418.9063, sampling [1.0, -0.1740, -0.8361]. Recommendation = [0.0, -0.5108, 0.2157], Current Cost = 5061.00, Rho = 1.000
(iter 10) [0.0, -0.4182, 0.7698] = 418.9063, sampling [1.0, -0.2764, -0.4887]. Recommendation = [0.0, -0.5108, 0.2157], Current Cost = 5062.00, Rho = 1.000
(iter 10) [0.0, -0.4182, 0.7698] = 418.9063, sampling [1.0, -0.5784, 0.1532]. Recommendation = [0.0, -0.5108, 0.2157], Current Cost = 5063.00, Rho = 1.000
(iter 10) [0.0, -0.4182, 0.7698] = 418.9063, sampling [1.0, -0.9673, 0.4965]. Recommendation = [0.0, -0.5108, 0.2157], Current Cost = 5064.00, Rho = 1.000
(iter 10) [0.0, -0.4182, 0.7698] = 418.9063, sampling [1.0, -0.3377, 0.5641]. Recommendation = [0.0, -0.5108, 0.2157], Current Cost = 5065.00, Rho = 1.000
(iter 10) [0.0, -0.4182, 0.7698] = 418.9063, sampling [1.0, -0.6008, 0.5573]. Recommendation = [0.0, -0.5108, 0.2157], Current Cost = 5066.00, Rho = 1.000
(iter 10) [0.0, -0.4182, 0.7698] = 418.9063, sampling [1.0, -0.5872, 0.9269]. Recommendation = [0.0, -0.5108, 0.2157], Current Cost = 5067.00, Rho = 1.000
(iter 10) [0.0, -0.4182, 0.7698] = 418.9063, sampling [1.0, -0.9412, 1.0552]. Recommendation = [0.0, -0.5108, 0.2157], Current Cost = 5068.00, Rho = 1.000
(iter 10) [0.0, -0.4182, 0.7698] = 418.9063, sampling [1.0, 0.2599, 0.1780]. Recommendation = [0.0, -0.5108, 0.2157], Current Cost = 5069.00, Rho = 1.000
(iter 10) [0.0, -0.4182, 0.7698] = 418.9063, sampling [1.0, 0.2435, 0.4890]. Recommendation = [0.0, -0.5108, 0.2157], Current Cost = 5070.00, Rho = 1.000
(iter 10) [0.0, -0.4182, 0.7698] = 418.9063, sampling [1.0, 0.1566, 0.6400]. Recommendation = [0.0, -0.5108, 0.2157], Current Cost = 5071.00, Rho = 1.000
(iter 10) [0.0, -0.4182, 0.7698] = 418.9063, sampling [1.0, 0.2945, -0.0860]. Recommendation = [0.0, -0.5108, 0.2157], Current Cost = 5072.00, Rho = 1.000
(iter 10) [0.0, -0.4182, 0.7698] = 418.9063, sampling [1.0, 0.1884, -0.3070]. Recommendation = [0.0, -0.5108, 0.2157], Current Cost = 5073.00, Rho = 1.000
(iter 10) [0.0, -0.4182, 0.7698] = 418.9063, sampling [1.0, -0.3760, 1.1568]. Recommendation = [0.0, -0.5108, 0.2157], Current Cost = 5074.00, Rho = 1.000
(iter 10) [0.0, -0.4182, 0.7698] = 418.9063, sampling [1.0, 0.2373, -0.2457]. Recommendation = [0.0, -0.5108, 0.2157], Current Cost = 5075.00, Rho = 1.000
(iter 10) [0.0, -0.4182, 0.7698] = 418.9063, sampling [1.0, -0.0289, 0.4339]. Recommendation = [0.0, -0.5108, 0.2157], Current Cost = 5076.00, Rho = 1.000
(iter 10) [0.0, -0.4182, 0.7698] = 418.9063, sampling [1.0, -1.5254, 1.7017]. Recommendation = [0.0, -0.5108, 0.2157], Current Cost = 5077.00, Rho = 1.000
(iter 10) [0.0, -0.4182, 0.7698] = 418.9063, sampling [1.0, -0.0518, -0.1608]. Recommendation = [0.0, -0.5108, 0.2157], Current Cost = 5078.00, Rho = 1.000
(iter 10) [0.0, -0.4182, 0.7698] = 418.9063, sampling [1.0, -1.0633, 0.5967]. Recommendation = [0.0, -0.5108, 0.2157], Current Cost = 5079.00, Rho = 1.000
(iter 10) [0.0, -0.4182, 0.7698] = 418.9063, sampling [1.0, -0.5248, -1.0180]. Recommendation = [0.0, -0.5108, 0.2157], Current Cost = 5080.00, Rho = 1.000
(iter 10) [0.0, -0.4182, 0.7698] = 418.9063, sampling [1.0, -0.9857, 1.3355]. Recommendation = [0.0, -0.5108, 0.2157], Current Cost = 5081.00, Rho = 1.000
(iter 10) [0.0, -0.4182, 0.7698] = 418.9063, sampling [1.0, 0.0945, 0.7897]. Recommendation = [0.0, -0.5108, 0.2157], Current Cost = 5082.00, Rho = 1.000
(iter 10) [0.0, -0.4182, 0.7698] = 418.9063, sampling [1.0, -0.6839, -0.1961]. Recommendation = [0.0, -0.5108, 0.2157], Current Cost = 5083.00, Rho = 1.000
(iter 10) [0.0, -0.4182, 0.7698] = 418.9063, sampling [1.0, -1.3734, 0.6658]. Recommendation = [0.0, -0.5108, 0.2157], Current Cost = 5084.00, Rho = 1.000
(iter 10) [0.0, -0.4182, 0.7698] = 418.9063, sampling [1.0, 0.0556, -0.5359]. Recommendation = [0.0, -0.5108, 0.2157], Current Cost = 5085.00, Rho = 1.000
(iter 10) [0.0, -0.4182, 0.7698] = 418.9063, sampling [1.0, 0.5163, 0.3072]. Recommendation = [0.0, -0.5108, 0.2157], Current Cost = 5086.00, Rho = 1.000
(iter 10) [0.0, -0.4182, 0.7698] = 418.9063, sampling [1.0, 0.5088, 0.7055]. Recommendation = [0.0, -0.5108, 0.2157], Current Cost = 5087.00, Rho = 1.000
(iter 10) [0.0, -0.4182, 0.7698] = 418.9063, sampling [1.0, 0.4586, 0.9140]. Recommendation = [0.0, -0.5108, 0.2157], Current Cost = 5088.00, Rho = 1.000
(iter 10) [0.0, -0.4182, 0.7698] = 418.9063, sampling [1.0, 0.5392, 0.2165]. Recommendation = [0.0, -0.5108, 0.2157], Current Cost = 5089.00, Rho = 1.000
(iter 10) [0.0, -0.4182, 0.7698] = 418.9063, sampling [1.0, 0.5229, 0.0013]. Recommendation = [0.0, -0.5108, 0.2157], Current Cost = 5090.00, Rho = 1.000
(iter 10) [0.0, -0.4182, 0.7698] = 418.9063, sampling [1.0, 0.3974, -0.1015]. Recommendation = [0.0, -0.5108, 0.2157], Current Cost = 5091.00, Rho = 1.000
(iter 10) [0.0, -0.4182, 0.7698] = 418.9063, sampling [1.0, 0.6779, 0.4618]. Recommendation = [0.0, -0.5108, 0.2157], Current Cost = 5092.00, Rho = 1.000
(iter 10) [0.0, -0.4182, 0.7698] = 418.9063, sampling [1.0, 0.5821, 0.0904]. Recommendation = [0.0, -0.5108, 0.2157], Current Cost = 5093.00, Rho = 1.000
(iter 10) [0.0, -0.4182, 0.7698] = 418.9063, sampling [1.0, 0.5489, 0.6595]. Recommendation = [0.0, -0.5108, 0.2157], Current Cost = 5094.00, Rho = 1.000
(iter 10) [0.0, -0.4182, 0.7698] = 418.9063, sampling [1.0, 0.3245, -0.2368]. Recommendation = [0.0, -0.5108, 0.2157], Current Cost = 5095.00, Rho = 1.000
(iter 10) [0.0, -0.4182, 0.7698] = 418.9063, sampling [1.0, 0.7966, 0.7991]. Recommendation = [0.0, -0.5108, 0.2157], Current Cost = 5096.00, Rho = 1.000
(iter 10) [0.0, -0.4182, 0.7698] = 418.9063, sampling [1.0, 0.7205, 0.8819]. Recommendation = [0.0, -0.5108, 0.2157], Current Cost = 5097.00, Rho = 1.000
(iter 10) [0.0, -0.4182, 0.7698] = 418.9063, sampling [1.0, 0.8847, 0.5686]. Recommendation = [0.0, -0.5108, 0.2157], Current Cost = 5098.00, Rho = 1.000
(iter 10) [0.0, -0.4182, 0.7698] = 418.9063, sampling [1.0, 0.7473, 0.2543]. Recommendation = [0.0, -0.5108, 0.2157], Current Cost = 5099.00, Rho = 1.000
(iter 10) [0.0, -0.4182, 0.7698] = 418.9063, sampling [1.0, 0.8554, 1.1074]. Recommendation = [0.0, -0.5108, 0.2157], Current Cost = 5100.00, Rho = 1.000
(iter 10) [0.0, -0.4182, 0.7698] = 418.9063, sampling [1.0, 0.6512, 1.1039]. Recommendation = [0.0, -0.5108, 0.2157], Current Cost = 5101.00, Rho = 1.000
(iter 10) [0.0, -0.4182, 0.7698] = 418.9063, sampling [1.0, 0.9083, 0.8071]. Recommendation = [0.0, -0.5108, 0.2157], Current Cost = 5102.00, Rho = 1.000
(iter 10) [0.0, -0.4182, 0.7698] = 418.9063, sampling [1.0, 0.9327, 0.6826]. Recommendation = [0.0, -0.5108, 0.2157], Current Cost = 5103.00, Rho = 1.000
(iter 10) [0.0, -0.4182, 0.7698] = 418.9063, sampling [1.0, 1.0800, 0.9545]. Recommendation = [0.0, -0.5108, 0.2157], Current Cost = 5104.00, Rho = 1.000
(iter 10) [0.0, -0.4182, 0.7698] = 418.9063, sampling [1.0, 0.9462, 1.0706]. Recommendation = [0.0, -0.5108, 0.2157], Current Cost = 5105.00, Rho = 1.000
(iter 10) [0.0, -0.4182, 0.7698] = 418.9063, sampling [1.0, 1.0771, 1.3565]. Recommendation = [0.0, -0.5108, 0.2157], Current Cost = 5106.00, Rho = 1.000
(iter 10) [0.0, -0.4182, 0.7698] = 418.9063, sampling [1.0, 0.7552, 1.5349]. Recommendation = [0.0, -0.5108, 0.2157], Current Cost = 5107.00, Rho = 1.000
(iter 10) [0.0, -0.4182, 0.7698] = 418.9063, sampling [1.0, 0.7871, 1.2728]. Recommendation = [0.0, -0.5108, 0.2157], Current Cost = 5108.00, Rho = 1.000
(iter 10) [0.0, -0.4182, 0.7698] = 418.9063, sampling [1.0, 1.2818, 1.3749]. Recommendation = [0.0, -0.5108, 0.2157], Current Cost = 5109.00, Rho = 1.000
(iter 10) [0.0, -0.4182, 0.7698] = 418.9063, sampling [1.0, 1.3343, 1.0221]. Recommendation = [0.0, -0.5108, 0.2157], Current Cost = 5110.00, Rho = 1.000
(iter 10) [0.0, -0.4182, 0.7698] = 418.9063, sampling [1.0, 1.1410, 1.4781]. Recommendation = [0.0, -0.5108, 0.2157], Current Cost = 5111.00, Rho = 1.000
(iter 10) [0.0, -0.4182, 0.7698] = 418.9063, sampling [1.0, 1.2776, 1.8414]. Recommendation = [0.0, -0.5108, 0.2157], Current Cost = 5112.00, Rho = 1.000
(iter 10) [0.0, -0.4182, 0.7698] = 418.9063, sampling [1.0, 1.2685, 1.5758]. Recommendation = [0.0, -0.5108, 0.2157], Current Cost = 5113.00, Rho = 1.000
(iter 10) [0.0, -0.4182, 0.7698] = 418.9063, sampling [1.0, 0.9759, 1.8795]. Recommendation = [0.0, -0.5108, 0.2157], Current Cost = 5114.00, Rho = 1.000
(iter 10) [0.0, -0.4182, 0.7698] = 418.9063, sampling [1.0, 1.3950, 1.6765]. Recommendation = [0.0, -0.5108, 0.2157], Current Cost = 5115.00, Rho = 1.000
(iter 10) [0.0, -0.4182, 0.7698] = 418.9063, sampling [1.0, 1.5492, 1.5103]. Recommendation = [0.0, -0.5108, 0.2157], Current Cost = 5116.00, Rho = 1.000
(iter 10) [0.0, -0.4182, 0.7698] = 418.9063, sampling [1.0, 1.0969, 0.8341]. Recommendation = [0.0, -0.5108, 0.2157], Current Cost = 5117.00, Rho = 1.000
(iter 10) [0.0, -0.4182, 0.7698] = 418.9063, sampling [1.0, 1.3379, 1.7608]. Recommendation = [0.0, -0.5108, 0.2157], Current Cost = 5118.00, Rho = 1.000
(iter 10) [0.0, -0.4182, 0.7698] = 418.9063, sampling [1.0, 1.5226, 1.8318]. Recommendation = [0.0, -0.5108, 0.2157], Current Cost = 5119.00, Rho = 1.000
(iter 10) [0.0, -0.4182, 0.7698] = 418.9063, sampling [1.0, 0.8218, 0.8676]. Recommendation = [0.0, -0.5108, 0.2157], Current Cost = 5120.00, Rho = 1.000
(iter 10) [0.0, -0.4182, 0.7698] = 418.9063, sampling [1.0, 1.3546, 1.4523]. Recommendation = [0.0, -0.5108, 0.2157], Current Cost = 5121.00, Rho = 1.000
(iter 10) [0.0, -0.4182, 0.7698] = 418.9063, sampling [1.0, 1.2409, 1.5377]. Recommendation = [0.0, -0.5108, 0.2157], Current Cost = 5122.00, Rho = 1.000
(iter 10) [0.0, -0.4182, 0.7698] = 418.9063, sampling [1.0, 0.2519, 1.9939]. Recommendation = [0.0, -0.5108, 0.2157], Current Cost = 5123.00, Rho = 1.000
(iter 10) [0.0, -0.4182, 0.7698] = 418.9063, sampling [1.0, 0.3141, -0.3950]. Recommendation = [0.0, -0.5108, 0.2157], Current Cost = 5124.00, Rho = 1.000
(iter 10) [0.0, -0.4182, 0.7698] = 418.9063, sampling [1.0, 0.4451, -0.2164]. Recommendation = [0.0, -0.5108, 0.2157], Current Cost = 5125.00, Rho = 1.000
(iter 10) [0.0, -0.4182, 0.7698] = 418.9063, sampling [1.0, 0.9538, 0.5440]. Recommendation = [0.0, -0.5108, 0.2157], Current Cost = 5126.00, Rho = 1.000
(iter 10) [0.0, -0.4182, 0.7698] = 418.9063, sampling [1.0, 1.1671, 0.8975]. Recommendation = [0.0, -0.5108, 0.2157], Current Cost = 5127.00, Rho = 1.000
(iter 10) [0.0, -0.4182, 0.7698] = 418.9063, sampling [1.0, 1.4893, 1.2882]. Recommendation = [0.0, -0.5108, 0.2157], Current Cost = 5128.00, Rho = 1.000
(iter 10) [0.0, -0.4182, 0.7698] = 418.9063, sampling [1.0, 0.4352, 1.1649]. Recommendation = [0.0, -0.5108, 0.2157], Current Cost = 5129.00, Rho = 1.000
(iter 10) [0.0, -0.4182, 0.7698] = 418.9063, sampling [1.0, 0.7328, 0.0663]. Recommendation = [0.0, -0.5108, 0.2157], Current Cost = 5130.00, Rho = 1.000
(iter 10) [0.0, -0.4182, 0.7698] = 418.9063, sampling [1.0, 0.9404, 0.3013]. Recommendation = [0.0, -0.5108, 0.2157], Current Cost = 5131.00, Rho = 1.000
(iter 10) [0.0, -0.4182, 0.7698] = 418.9063, sampling [1.0, 0.6000, -0.0327]. Recommendation = [0.0, -0.5108, 0.2157], Current Cost = 5132.00, Rho = 1.000
(iter 10) [0.0, -0.4182, 0.7698] = 418.9063, sampling [1.0, 1.8939, 1.9395]. Recommendation = [0.0, -0.5108, 0.2157], Current Cost = 5133.00, Rho = 1.000
(iter 10) [0.0, -0.4182, 0.7698] = 418.9063, sampling [1.0, 0.1461, -0.8581]. Recommendation = [0.0, -0.5108, 0.2157], Current Cost = 5134.00, Rho = 1.000
(iter 10) [0.0, -0.4182, 0.7698] = 418.9063, sampling [1.0, -0.0968, -0.7366]. Recommendation = [0.0, -0.5108, 0.2157], Current Cost = 5135.00, Rho = 1.000
(iter 10) [0.0, -0.4182, 0.7698] = 418.9063, sampling [1.0, 0.4896, 0.7839]. Recommendation = [0.0, -0.5108, 0.2157], Current Cost = 5136.00, Rho = 1.000
(iter 10) [0.0, -0.4182, 0.7698] = 418.9063, sampling [1.0, -0.3042, 0.8776]. Recommendation = [0.0, -0.5108, 0.2157], Current Cost = 5137.00, Rho = 1.000
(iter 10) [0.0, -0.4182, 0.7698] = 418.9063, sampling [1.0, -0.6931, 0.3537]. Recommendation = [0.0, -0.5108, 0.2157], Current Cost = 5138.00, Rho = 1.000
(iter 10) [0.0, -0.4182, 0.7698] = 418.9063, sampling [1.0, 0.3318, -0.6350]. Recommendation = [0.0, -0.5108, 0.2157], Current Cost = 5139.00, Rho = 1.000
(iter 10) [0.0, -0.4182, 0.7698] = 418.9063, sampling [1.0, -1.1307, 1.3516]. Recommendation = [0.0, -0.5108, 0.2157], Current Cost = 5140.00, Rho = 1.000
(iter 10) [0.0, -0.4182, 0.7698] = 418.9063, sampling [1.0, 0.7068, 1.0468]. Recommendation = [0.0, -0.5108, 0.2157], Current Cost = 5141.00, Rho = 1.000
(iter 10) [0.0, -0.4182, 0.7698] = 418.9063, sampling [1.0, 0.0727, 0.9970]. Recommendation = [0.0, -0.5108, 0.2157], Current Cost = 5142.00, Rho = 1.000
(iter 10) [0.0, -0.4182, 0.7698] = 418.9063, sampling [1.0, -1.7705, 1.7798]. Recommendation = [0.0, -0.5108, 0.2157], Current Cost = 5143.00, Rho = 1.000
(iter 10) [0.0, -0.4182, 0.7698] = 418.9063, sampling [1.0, -0.2566, -0.6824]. Recommendation = [0.0, -0.5108, 0.2157], Current Cost = 5144.00, Rho = 1.000
(iter 10) [0.0, -0.4182, 0.7698] = 418.9063, sampling [1.0, 0.2249, 0.6432]. Recommendation = [0.0, -0.5108, 0.2157], Current Cost = 5145.00, Rho = 1.000
(iter 10) [0.0, -0.4182, 0.7698] = 418.9063, sampling [1.0, 0.3397, -0.3321]. Recommendation = [0.0, -0.5108, 0.2157], Current Cost = 5146.00, Rho = 1.000
(iter 10) [0.0, -0.4182, 0.7698] = 418.9063, sampling [1.0, 1.2917, 0.6317]. Recommendation = [0.0, -0.5108, 0.2157], Current Cost = 5147.00, Rho = 1.000
(iter 10) [0.0, -0.4182, 0.7698] = 418.9063, sampling [1.0, -1.0808, 1.6956]. Recommendation = [0.0, -0.5108, 0.2157], Current Cost = 5148.00, Rho = 1.000
(iter 10) [0.0, -0.4182, 0.7698] = 418.9063, sampling [1.0, 0.9011, 1.7250]. Recommendation = [0.0, -0.5108, 0.2157], Current Cost = 5149.00, Rho = 1.000
(iter 10) [0.0, -0.4182, 0.7698] = 418.9063, sampling [1.0, 0.2696, -0.2729]. Recommendation = [0.0, -0.5108, 0.2157], Current Cost = 5150.00, Rho = 1.000
(iter 10) [0.0, -0.4182, 0.7698] = 418.9063, sampling [1.0, -0.5673, 1.2349]. Recommendation = [0.0, -0.5108, 0.2157], Current Cost = 5151.00, Rho = 1.000
(iter 10) [0.0, -0.4182, 0.7698] = 418.9063, sampling [1.0, -1.1104, 0.4072]. Recommendation = [0.0, -0.5108, 0.2157], Current Cost = 5152.00, Rho = 1.000
(iter 10) [0.0, -0.4182, 0.7698] = 418.9063, sampling [1.0, 0.5311, 1.0087]. Recommendation = [0.0, -0.5108, 0.2157], Current Cost = 5153.00, Rho = 1.000
(iter 10) [0.0, -0.4182, 0.7698] = 418.9063, sampling [1.0, -1.3446, 1.9598]. Recommendation = [0.0, -0.5108, 0.2157], Current Cost = 5154.00, Rho = 1.000
(iter 10) [0.0, -0.4182, 0.7698] = 418.9063, sampling [1.0, -1.5122, 1.0596]. Recommendation = [0.0, -0.5108, 0.2157], Current Cost = 5155.00, Rho = 1.000
(iter 10) [0.0, -0.4182, 0.7698] = 418.9063, sampling [1.0, -0.7967, -0.2904]. Recommendation = [0.0, -0.5108, 0.2157], Current Cost = 5156.00, Rho = 1.000
(iter 10) [0.0, -0.4182, 0.7698] = 418.9063, sampling [1.0, -0.1351, -1.0842]. Recommendation = [0.0, -0.5108, 0.2157], Current Cost = 5157.00, Rho = 1.000
(iter 10) [0.0, -0.4182, 0.7698] = 418.9063, sampling [1.0, 1.4081, 1.3898]. Recommendation = [0.0, -0.5108, 0.2157], Current Cost = 5158.00, Rho = 1.000
(iter 10) [0.0, -0.4182, 0.7698] = 418.9063, sampling [1.0, 0.6964, -0.2159]. Recommendation = [0.0, -0.5108, 0.2157], Current Cost = 5159.00, Rho = 1.000
(iter 10) [0.0, -0.4182, 0.7698] = 418.9063, sampling [1.0, 0.5954, -0.3909]. Recommendation = [0.0, -0.5108, 0.2157], Current Cost = 5160.00, Rho = 1.000
(iter 10) [0.0, -0.4182, 0.7698] = 418.9063, sampling [1.0, 0.5677, 0.0732]. Recommendation = [0.0, -0.5108, 0.2157], Current Cost = 5161.00, Rho = 1.000
(iter 10) [0.0, -0.4182, 0.7698] = 418.9063, sampling [1.0, -0.9826, 0.1740]. Recommendation = [0.0, -0.5108, 0.2157], Current Cost = 5162.00, Rho = 1.000
(iter 10) [0.0, -0.4182, 0.7698] = 418.9063, sampling [1.0, -1.0469, 1.8819]. Recommendation = [0.0, -0.5108, 0.2157], Current Cost = 5163.00, Rho = 1.000
(iter 10) [0.0, -0.4182, 0.7698] = 418.9063, sampling [1.0, 0.8419, -0.0451]. Recommendation = [0.0, -0.5108, 0.2157], Current Cost = 5164.00, Rho = 1.000
(iter 10) [0.0, -0.4182, 0.7698] = 418.9063, sampling [1.0, 1.1047, 0.3465]. Recommendation = [0.0, -0.5108, 0.2157], Current Cost = 5165.00, Rho = 1.000
(iter 10) [0.0, -0.4182, 0.7698] = 418.9063, sampling [1.0, -1.3250, -1.0655]. Recommendation = [0.0, -0.5108, 0.2157], Current Cost = 5166.00, Rho = 1.000
(iter 10) [0.0, -0.4182, 0.7698] = 418.9063, sampling [1.0, 1.4818, 1.5460]. Recommendation = [0.0, -0.5108, 0.2157], Current Cost = 5167.00, Rho = 1.000
(iter 10) [0.0, -0.4182, 0.7698] = 418.9063, sampling [1.0, 0.0094, -0.8781]. Recommendation = [0.0, -0.5108, 0.2157], Current Cost = 5168.00, Rho = 1.000
(iter 10) [0.0, -0.4182, 0.7698] = 418.9063, sampling [1.0, -0.5351, 1.8187]. Recommendation = [0.0, -0.5108, 0.2157], Current Cost = 5169.00, Rho = 1.000
(iter 10) [0.0, -0.4182, 0.7698] = 418.9063, sampling [1.0, -0.7699, 0.4091]. Recommendation = [0.0, -0.5108, 0.2157], Current Cost = 5170.00, Rho = 1.000
(iter 10) [0.0, -0.4182, 0.7698] = 418.9063, sampling [1.0, 1.0292, 1.9918]. Recommendation = [0.0, -0.5108, 0.2157], Current Cost = 5171.00, Rho = 1.000
(iter 10) [0.0, -0.4182, 0.7698] = 418.9063, sampling [1.0, -1.4942, 1.6506]. Recommendation = [0.0, -0.5108, 0.2157], Current Cost = 5172.00, Rho = 1.000
(iter 10) [0.0, -0.4182, 0.7698] = 418.9063, sampling [1.0, 1.4498, 1.0921]. Recommendation = [0.0, -0.5108, 0.2157], Current Cost = 5173.00, Rho = 1.000
(iter 10) [0.0, -0.4182, 0.7698] = 418.9063, sampling [1.0, 0.7391, 1.4222]. Recommendation = [0.0, -0.5108, 0.2157], Current Cost = 5174.00, Rho = 1.000
(iter 10) [0.0, -0.4182, 0.7698] = 418.9063, sampling [1.0, -0.5443, -0.7579]. Recommendation = [0.0, -0.5108, 0.2157], Current Cost = 5175.00, Rho = 1.000
(iter 10) [0.0, -0.4182, 0.7698] = 418.9063, sampling [1.0, -1.1790, 0.5295]. Recommendation = [0.0, -0.5108, 0.2157], Current Cost = 5176.00, Rho = 1.000
(iter 10) [0.0, -0.4182, 0.7698] = 418.9063, sampling [1.0, 0.3713, -0.7681]. Recommendation = [0.0, -0.5108, 0.2157], Current Cost = 5177.00, Rho = 1.000
(iter 10) [0.0, -0.4182, 0.7698] = 418.9063, sampling [1.0, 1.6857, 1.6705]. Recommendation = [0.0, -0.5108, 0.2157], Current Cost = 5178.00, Rho = 1.000
(iter 10) [0.0, -0.4182, 0.7698] = 418.9063, sampling [1.0, 1.0072, 0.2400]. Recommendation = [0.0, -0.5108, 0.2157], Current Cost = 5179.00, Rho = 1.000
(iter 10) [0.0, -0.4182, 0.7698] = 418.9063, sampling [1.0, 0.2111, -1.0289]. Recommendation = [0.0, -0.5108, 0.2157], Current Cost = 5180.00, Rho = 1.000
(iter 10) [0.0, -0.4182, 0.7698] = 418.9063, sampling [1.0, 0.4217, 1.3619]. Recommendation = [0.0, -0.5108, 0.2157], Current Cost = 5181.00, Rho = 1.000
(iter 10) [0.0, -0.4182, 0.7698] = 418.9063, sampling [1.0, -0.2302, 0.9050]. Recommendation = [0.0, -0.5108, 0.2157], Current Cost = 5182.00, Rho = 1.000
(iter 10) [0.0, -0.4182, 0.7698] = 418.9063, sampling [1.0, -0.0459, 0.4534]. Recommendation = [0.0, -0.5108, 0.2157], Current Cost = 5183.00, Rho = 1.000
(iter 10) [0.0, -0.4182, 0.7698] = 418.9063, sampling [1.0, -0.7015, 1.1450]. Recommendation = [0.0, -0.5108, 0.2157], Current Cost = 5184.00, Rho = 1.000
(iter 10) [0.0, -0.4182, 0.7698] = 418.9063, sampling [1.0, 1.4249, 0.8118]. Recommendation = [0.0, -0.5108, 0.2157], Current Cost = 5185.00, Rho = 1.000
(iter 10) [0.0, -0.4182, 0.7698] = 418.9063, sampling [1.0, -1.0062, -0.1142]. Recommendation = [0.0, -0.5108, 0.2157], Current Cost = 5186.00, Rho = 1.000
(iter 10) [0.0, -0.4182, 0.7698] = 418.9063, sampling [1.0, -0.3965, 0.7494]. Recommendation = [0.0, -0.5108, 0.2157], Current Cost = 5187.00, Rho = 1.000
(iter 10) [0.0, -0.4182, 0.7698] = 418.9063, sampling [1.0, -0.6349, 1.4910]. Recommendation = [0.0, -0.5108, 0.2157], Current Cost = 5188.00, Rho = 1.000
(iter 10) [0.0, -0.4182, 0.7698] = 418.9063, sampling [1.0, 1.6261, 1.9194]. Recommendation = [0.0, -0.5108, 0.2157], Current Cost = 5189.00, Rho = 1.000
(iter 10) [0.0, -0.4182, 0.7698] = 418.9063, sampling [1.0, -0.8322, 1.6843]. Recommendation = [0.0, -0.5108, 0.2157], Current Cost = 5190.00, Rho = 1.000
(iter 10) [0.0, -0.4182, 0.7698] = 418.9063, sampling [1.0, -0.8299, 0.9915]. Recommendation = [0.0, -0.5108, 0.2157], Current Cost = 5191.00, Rho = 1.000
(iter 10) [0.0, -0.4182, 0.7698] = 418.9063, sampling [1.0, -0.0020, 1.1853]. Recommendation = [0.0, -0.5108, 0.2157], Current Cost = 5192.00, Rho = 1.000
(iter 10) [0.0, -0.4182, 0.7698] = 418.9063, sampling [1.0, -1.3116, 0.8216]. Recommendation = [0.0, -0.5108, 0.2157], Current Cost = 5193.00, Rho = 1.000
(iter 10) [0.0, -0.4182, 0.7698] = 418.9063, sampling [1.0, 0.4996, -0.7180]. Recommendation = [0.0, -0.5108, 0.2157], Current Cost = 5194.00, Rho = 1.000
(iter 10) [0.0, -0.4182, 0.7698] = 418.9063, sampling [1.0, 0.8153, 1.6079]. Recommendation = [0.0, -0.5108, 0.2157], Current Cost = 5195.00, Rho = 1.000
(iter 10) [0.0, -0.4182, 0.7698] = 418.9063, sampling [1.0, -0.4008, 1.4051]. Recommendation = [0.0, -0.5108, 0.2157], Current Cost = 5196.00, Rho = 1.000
(iter 10) [0.0, -0.4182, 0.7698] = 418.9063, sampling [1.0, 0.8341, 1.9288]. Recommendation = [0.0, -0.5108, 0.2157], Current Cost = 5197.00, Rho = 1.000
(iter 10) [0.0, -0.4182, 0.7698] = 418.9063, sampling [1.0, 0.1167, -1.2672]. Recommendation = [0.0, -0.5108, 0.2157], Current Cost = 5198.00, Rho = 1.000
(iter 10) [0.0, -0.4182, 0.7698] = 418.9063, sampling [1.0, 1.7454, 1.2616]. Recommendation = [0.0, -0.5108, 0.2157], Current Cost = 5199.00, Rho = 1.000
(iter 10) [0.0, -0.4182, 0.7698] = 418.9063, sampling [1.0, 0.0403, -0.5213]. Recommendation = [0.0, -0.5108, 0.2157], Current Cost = 5200.00, Rho = 1.000
(iter 10) [0.0, -0.4182, 0.7698] = 418.9063, sampling [1.0, -1.9855, 0.6985]. Recommendation = [0.0, -0.5108, 0.2157], Current Cost = 5201.00, Rho = 1.000
(iter 10) [0.0, -0.4182, 0.7698] = 418.9063, sampling [1.0, 1.5044, 1.5762]. Recommendation = [0.0, -0.5108, 0.2157], Current Cost = 5202.00, Rho = 1.000
(iter 10) [0.0, -0.4182, 0.7698] = 418.9063, sampling [1.0, 0.1413, 1.0818]. Recommendation = [0.0, -0.5108, 0.2157], Current Cost = 5203.00, Rho = 1.000
(iter 10) [0.0, -0.4182, 0.7698] = 418.9063, sampling [1.0, -1.2678, 0.6509]. Recommendation = [0.0, -0.5108, 0.2157], Current Cost = 5204.00, Rho = 1.000
(iter 10) [0.0, -0.4182, 0.7698] = 418.9063, sampling [1.0, 0.4256, -0.9446]. Recommendation = [0.0, -0.5108, 0.2157], Current Cost = 5205.00, Rho = 1.000
(iter 10) [0.0, -0.4182, 0.7698] = 418.9063, sampling [1.0, -1.6174, 1.6615]. Recommendation = [0.0, -0.5108, 0.2157], Current Cost = 5206.00, Rho = 1.000
(iter 10) [0.0, -0.4182, 0.7698] = 418.9063, sampling [1.0, 1.6645, 1.7880]. Recommendation = [0.0, -0.5108, 0.2157], Current Cost = 5207.00, Rho = 1.000
(iter 10) [0.0, -0.4182, 0.7698] = 418.9063, sampling [1.0, -1.1176, 0.1951]. Recommendation = [0.0, -0.5108, 0.2157], Current Cost = 5208.00, Rho = 1.000
(iter 10) [0.0, -0.4182, 0.7698] = 418.9063, sampling [1.0, -0.2675, -1.3178]. Recommendation = [0.0, -0.5108, 0.2157], Current Cost = 5209.00, Rho = 1.000
(iter 10) [0.0, -0.4182, 0.7698] = 418.9063, sampling [1.0, 0.8588, -0.2997]. Recommendation = [0.0, -0.5108, 0.2157], Current Cost = 5210.00, Rho = 1.000
(iter 10) [0.0, -0.4182, 0.7698] = 418.9063, sampling [1.0, 0.9131, -0.0611]. Recommendation = [0.0, -0.5108, 0.2157], Current Cost = 5211.00, Rho = 1.000
(iter 10) [0.0, -0.4182, 0.7698] = 418.9063, sampling [1.0, 0.6313, -0.4271]. Recommendation = [0.0, -0.5108, 0.2157], Current Cost = 5212.00, Rho = 1.000
(iter 10) [0.0, -0.4182, 0.7698] = 418.9063, sampling [1.0, 0.0983, -1.1065]. Recommendation = [0.0, -0.5108, 0.2157], Current Cost = 5213.00, Rho = 1.000
(iter 10) [0.0, -0.4182, 0.7698] = 418.9063, sampling [1.0, 0.7793, 1.2962]. Recommendation = [0.0, -0.5108, 0.2157], Current Cost = 5214.00, Rho = 1.000
(iter 10) [0.0, -0.4182, 0.7698] = 418.9063, sampling [1.0, 1.1593, 0.1086]. Recommendation = [0.0, -0.5108, 0.2157], Current Cost = 5215.00, Rho = 1.000
(iter 10) [0.0, -0.4182, 0.7698] = 418.9063, sampling [1.0, 0.3525, 1.2001]. Recommendation = [0.0, -0.5108, 0.2157], Current Cost = 5216.00, Rho = 1.000
(iter 10) [0.0, -0.4182, 0.7698] = 418.9063, sampling [1.0, 0.6175, -0.7085]. Recommendation = [0.0, -0.5108, 0.2157], Current Cost = 5217.00, Rho = 1.000
(iter 10) [0.0, -0.4182, 0.7698] = 418.9063, sampling [1.0, -0.2027, 1.3100]. Recommendation = [0.0, -0.5108, 0.2157], Current Cost = 5218.00, Rho = 1.000
(iter 10) [0.0, -0.4182, 0.7698] = 418.9063, sampling [1.0, -0.6644, -0.6161]. Recommendation = [0.0, -0.5108, 0.2157], Current Cost = 5219.00, Rho = 1.000
(iter 10) [0.0, -0.4182, 0.7698] = 418.9063, sampling [1.0, 0.2749, -0.9651]. Recommendation = [0.0, -0.5108, 0.2157], Current Cost = 5220.00, Rho = 1.000
(iter 10) [0.0, -0.4182, 0.7698] = 418.9063, sampling [1.0, 1.3111, 0.3202]. Recommendation = [0.0, -0.5108, 0.2157], Current Cost = 5221.00, Rho = 1.000
(iter 10) [0.0, -0.4182, 0.7698] = 418.9063, sampling [1.0, -0.4149, 1.2487]. Recommendation = [0.0, -0.5108, 0.2157], Current Cost = 5222.00, Rho = 1.000
(iter 10) [0.0, -0.4182, 0.7698] = 418.9063, sampling [1.0, 0.3063, -1.2006]. Recommendation = [0.0, -0.5108, 0.2157], Current Cost = 5223.00, Rho = 1.000
(iter 10) [0.0, -0.4182, 0.7698] = 418.9063, sampling [1.0, 0.3676, 1.5003]. Recommendation = [0.0, -0.5108, 0.2157], Current Cost = 5224.00, Rho = 1.000
(iter 10) [0.0, -0.4182, 0.7698] = 418.9063, sampling [1.0, -0.3137, 0.8557]. Recommendation = [0.0, -0.5108, 0.2157], Current Cost = 5225.00, Rho = 1.000
(iter 10) [0.0, -0.4182, 0.7698] = 418.9063, sampling [1.0, -0.9344, -0.4472]. Recommendation = [0.0, -0.5108, 0.2157], Current Cost = 5226.00, Rho = 1.000
(iter 10) [0.0, -0.4182, 0.7698] = 418.9063, sampling [1.0, -1.0973, 1.9634]. Recommendation = [0.0, -0.5108, 0.2157], Current Cost = 5227.00, Rho = 1.000
(iter 10) [0.0, -0.4182, 0.7698] = 418.9063, sampling [1.0, 1.5586, 1.5669]. Recommendation = [0.0, -0.5108, 0.2157], Current Cost = 5228.00, Rho = 1.000
(iter 10) [0.0, -0.4182, 0.7698] = 418.9063, sampling [1.0, -0.1049, -1.6270]. Recommendation = [0.0, -0.5108, 0.2157], Current Cost = 5229.00, Rho = 1.000
(iter 10) [0.0, -0.4182, 0.7698] = 418.9063, sampling [1.0, -0.2506, 0.9327]. Recommendation = [0.0, -0.5108, 0.2157], Current Cost = 5230.00, Rho = 1.000
(iter 10) [0.0, -0.4182, 0.7698] = 418.9063, sampling [1.0, 1.4402, 1.0052]. Recommendation = [0.0, -0.5108, 0.2157], Current Cost = 5231.00, Rho = 1.000
(iter 10) [0.0, -0.4182, 0.7698] = 418.9063, sampling [1.0, 1.0388, -0.0891]. Recommendation = [0.0, -0.5108, 0.2157], Current Cost = 5232.00, Rho = 1.000
(iter 10) [0.0, -0.4182, 0.7698] = 418.9063, sampling [1.0, -0.7048, 1.7536]. Recommendation = [0.0, -0.5108, 0.2157], Current Cost = 5233.00, Rho = 1.000
(iter 10) [0.0, -0.4182, 0.7698] = 418.9063, sampling [1.0, -0.2406, -0.6954]. Recommendation = [0.0, -0.5108, 0.2157], Current Cost = 5234.00, Rho = 1.000
(iter 10) [0.0, -0.4182, 0.7698] = 418.9063, sampling [1.0, 0.6101, 1.9483]. Recommendation = [0.0, -0.5108, 0.2157], Current Cost = 5235.00, Rho = 1.000
(iter 10) [0.0, -0.4182, 0.7698] = 418.9063, sampling [1.0, 0.6325, -0.9202]. Recommendation = [0.0, -0.5108, 0.2157], Current Cost = 5236.00, Rho = 1.000
(iter 10) [0.0, -0.4182, 0.7698] = 418.9063, sampling [1.0, -0.2400, 1.6297]. Recommendation = [0.0, -0.5108, 0.2157], Current Cost = 5237.00, Rho = 1.000
(iter 10) [0.0, -0.4182, 0.7698] = 418.9063, sampling [1.0, -0.4423, -1.1231]. Recommendation = [0.0, -0.5108, 0.2157], Current Cost = 5238.00, Rho = 1.000
(iter 10) [0.0, -0.4182, 0.7698] = 418.9063, sampling [1.0, 1.3727, 0.7247]. Recommendation = [0.0, -0.5108, 0.2157], Current Cost = 5239.00, Rho = 1.000
(iter 10) [0.0, -0.4182, 0.7698] = 418.9063, sampling [1.0, 0.7169, -0.6792]. Recommendation = [0.0, -0.5108, 0.2157], Current Cost = 5240.00, Rho = 1.000
(iter 10) [0.0, -0.4182, 0.7698] = 418.9063, sampling [1.0, 0.4651, -1.1350]. Recommendation = [0.0, -0.5108, 0.2157], Current Cost = 5241.00, Rho = 1.000
(iter 10) [0.0, -0.4182, 0.7698] = 418.9063, sampling [1.0, -0.4752, -0.9568]. Recommendation = [0.0, -0.5108, 0.2157], Current Cost = 5242.00, Rho = 1.000
(iter 10) [0.0, -0.4182, 0.7698] = 418.9063, sampling [1.0, -0.7580, -0.8062]. Recommendation = [0.0, -0.5108, 0.2157], Current Cost = 5243.00, Rho = 1.000
(iter 10) [0.0, -0.4182, 0.7698] = 418.9063, sampling [1.0, -0.0636, -1.4066]. Recommendation = [0.0, -0.5108, 0.2157], Current Cost = 5244.00, Rho = 1.000
(iter 10) [0.0, -0.4182, 0.7698] = 418.9063, sampling [1.0, -0.4902, 1.4422]. Recommendation = [0.0, -0.5108, 0.2157], Current Cost = 5245.00, Rho = 1.000
(iter 10) [0.0, -0.4182, 0.7698] = 418.9063, sampling [1.0, 1.5931, 1.4807]. Recommendation = [0.0, -0.5108, 0.2157], Current Cost = 5246.00, Rho = 1.000
(iter 10) [0.0, -0.4182, 0.7698] = 418.9063, sampling [1.0, -0.1934, -1.1128]. Recommendation = [0.0, -0.5108, 0.2157], Current Cost = 5247.00, Rho = 1.000
(iter 10) [0.0, -0.4182, 0.7698] = 418.9063, sampling [1.0, -0.5005, -1.9247]. Recommendation = [0.0, -0.5108, 0.2157], Current Cost = 5248.00, Rho = 1.000
(iter 10) [0.0, -0.4182, 0.7698] = 418.9063, sampling [1.0, -0.6546, 1.6235]. Recommendation = [0.0, -0.5108, 0.2157], Current Cost = 5249.00, Rho = 1.000
(iter 10) [0.0, -0.4182, 0.7698] = 418.9063, sampling [1.0, 0.8740, -0.3698]. Recommendation = [0.0, -0.5108, 0.2157], Current Cost = 5250.00, Rho = 1.000
(iter 10) [0.0, -0.4182, 0.7698] = 418.9063, sampling [1.0, 0.3441, 1.3231]. Recommendation = [0.0, -0.5108, 0.2157], Current Cost = 5251.00, Rho = 1.000
(iter 10) [0.0, -0.4182, 0.7698] = 418.9063, sampling [1.0, 1.6395, 0.6175]. Recommendation = [0.0, -0.5108, 0.2157], Current Cost = 5252.00, Rho = 1.000
(iter 10) [0.0, -0.4182, 0.7698] = 418.9063, sampling [1.0, -1.6820, 1.7149]. Recommendation = [0.0, -0.5108, 0.2157], Current Cost = 5253.00, Rho = 1.000
(iter 10) [0.0, -0.4182, 0.7698] = 418.9063, sampling [1.0, 0.3912, -1.0328]. Recommendation = [0.0, -0.5108, 0.2157], Current Cost = 5254.00, Rho = 1.000
(iter 10) [0.0, -0.4182, 0.7698] = 418.9063, sampling [1.0, -1.3679, 0.4849]. Recommendation = [0.0, -0.5108, 0.2157], Current Cost = 5255.00, Rho = 1.000
(iter 10) [0.0, -0.4182, 0.7698] = 418.9063, sampling [1.0, 0.1715, -1.1492]. Recommendation = [0.0, -0.5108, 0.2157], Current Cost = 5256.00, Rho = 1.000
(iter 10) [0.0, -0.4182, 0.7698] = 418.9063, sampling [1.0, 0.1267, -0.8709]. Recommendation = [0.0, -0.5108, 0.2157], Current Cost = 5257.00, Rho = 1.000
(iter 10) [0.0, -0.4182, 0.7698] = 418.9063, sampling [1.0, -0.7323, -0.6695]. Recommendation = [0.0, -0.5108, 0.2157], Current Cost = 5258.00, Rho = 1.000
(iter 10) [0.0, -0.4182, 0.7698] = 418.9063, sampling [1.0, -0.6567, -0.8909]. Recommendation = [0.0, -0.5108, 0.2157], Current Cost = 5259.00, Rho = 1.000
(iter 10) [0.0, -0.4182, 0.7698] = 418.9063, sampling [1.0, -1.6394, 1.2401]. Recommendation = [0.0, -0.5108, 0.2157], Current Cost = 5260.00, Rho = 1.000
(iter 10) [0.0, -0.4182, 0.7698] = 418.9063, sampling [1.0, 1.8226, 1.5572]. Recommendation = [0.0, -0.5108, 0.2157], Current Cost = 5261.00, Rho = 1.000
(iter 10) [0.0, -0.4182, 0.7698] = 418.9063, sampling [1.0, 0.3763, 1.7378]. Recommendation = [0.0, -0.5108, 0.2157], Current Cost = 5262.00, Rho = 1.000
(iter 10) [0.0, -0.4182, 0.7698] = 418.9063, sampling [1.0, -1.2955, 0.6077]. Recommendation = [0.0, -0.5108, 0.2157], Current Cost = 5263.00, Rho = 1.000
(iter 10) [0.0, -0.4182, 0.7698] = 418.9063, sampling [1.0, 0.2804, -1.3217]. Recommendation = [0.0, -0.5108, 0.2157], Current Cost = 5264.00, Rho = 1.000
(iter 10) [0.0, -0.4182, 0.7698] = 418.9063, sampling [1.0, -1.1630, -0.3576]. Recommendation = [0.0, -0.5108, 0.2157], Current Cost = 5265.00, Rho = 1.000
(iter 10) [0.0, -0.4182, 0.7698] = 418.9063, sampling [1.0, -0.5950, -1.3466]. Recommendation = [0.0, -0.5108, 0.2157], Current Cost = 5266.00, Rho = 1.000
(iter 10) [0.0, -0.4182, 0.7698] = 418.9063, sampling [1.0, -1.8637, 1.6421]. Recommendation = [0.0, -0.5108, 0.2157], Current Cost = 5267.00, Rho = 1.000
(iter 10) [0.0, -0.4182, 0.7698] = 418.9063, sampling [1.0, -0.1461, -1.3103]. Recommendation = [0.0, -0.5108, 0.2157], Current Cost = 5268.00, Rho = 1.000
(iter 10) [0.0, -0.4182, 0.7698] = 418.9063, sampling [1.0, -0.9002, -0.6082]. Recommendation = [0.0, -0.5108, 0.2157], Current Cost = 5269.00, Rho = 1.000
(iter 10) [0.0, -0.4182, 0.7698] = 418.9063, sampling [1.0, -0.0814, 1.8109]. Recommendation = [0.0, -0.5108, 0.2157], Current Cost = 5270.00, Rho = 1.000
(iter 10) [0.0, -0.4182, 0.7698] = 418.9063, sampling [1.0, 0.1931, -1.8906]. Recommendation = [0.0, -0.5108, 0.2157], Current Cost = 5271.00, Rho = 1.000
(iter 10) [0.0, -0.4182, 0.7698] = 418.9063, sampling [1.0, 0.5741, -1.0441]. Recommendation = [0.0, -0.5108, 0.2157], Current Cost = 5272.00, Rho = 1.000
(iter 10) [0.0, -0.4182, 0.7698] = 418.9063, sampling [1.0, 1.6084, 1.1956]. Recommendation = [0.0, -0.5108, 0.2157], Current Cost = 5273.00, Rho = 1.000
(iter 10) [0.0, -0.4182, 0.7698] = 418.9063, sampling [1.0, 1.7926, 1.8571]. Recommendation = [0.0, -0.5108, 0.2157], Current Cost = 5274.00, Rho = 1.000
(iter 10) [0.0, -0.4182, 0.7698] = 418.9063, sampling [1.0, 1.1794, -0.0309]. Recommendation = [0.0, -0.5108, 0.2157], Current Cost = 5275.00, Rho = 1.000
(iter 10) [0.0, -0.4182, 0.7698] = 418.9063, sampling [1.0, -0.4485, 1.7044]. Recommendation = [0.0, -0.5108, 0.2157], Current Cost = 5276.00, Rho = 1.000
(iter 10) [0.0, -0.4182, 0.7698] = 418.9063, sampling [1.0, -0.1420, 1.3946]. Recommendation = [0.0, -0.5108, 0.2157], Current Cost = 5277.00, Rho = 1.000
(iter 10) [0.0, -0.4182, 0.7698] = 418.9063, sampling [1.0, -0.2881, -1.5296]. Recommendation = [0.0, -0.5108, 0.2157], Current Cost = 5278.00, Rho = 1.000
(iter 10) [0.0, -0.4182, 0.7698] = 418.9063, sampling [1.0, 1.6519, 0.9505]. Recommendation = [0.0, -0.5108, 0.2157], Current Cost = 5279.00, Rho = 1.000
(iter 10) [0.0, -0.4182, 0.7698] = 418.9063, sampling [1.0, 0.9884, -0.5849]. Recommendation = [0.0, -0.5108, 0.2157], Current Cost = 5280.00, Rho = 1.000
(iter 10) [0.0, -0.4182, 0.7698] = 418.9063, sampling [1.0, 0.8029, -1.0520]. Recommendation = [0.0, -0.5108, 0.2157], Current Cost = 5281.00, Rho = 1.000
(iter 10) [0.0, -0.4182, 0.7698] = 418.9063, sampling [1.0, -1.3943, 0.3124]. Recommendation = [0.0, -0.5108, 0.2157], Current Cost = 5282.00, Rho = 1.000
(iter 10) [0.0, -0.4182, 0.7698] = 418.9063, sampling [1.0, 0.6718, -1.9327]. Recommendation = [0.0, -0.5108, 0.2157], Current Cost = 5283.00, Rho = 1.000
(iter 10) [0.0, -0.4182, 0.7698] = 418.9063, sampling [1.0, 0.4547, -0.9957]. Recommendation = [0.0, -0.5108, 0.2157], Current Cost = 5284.00, Rho = 1.000
(iter 10) [0.0, -0.4182, 0.7698] = 418.9063, sampling [1.0, 1.3024, 0.1134]. Recommendation = [0.0, -0.5108, 0.2157], Current Cost = 5285.00, Rho = 1.000
(iter 10) [0.0, -0.4182, 0.7698] = 418.9063, sampling [1.0, 0.5527, -1.1836]. Recommendation = [0.0, -0.5108, 0.2157], Current Cost = 5286.00, Rho = 1.000
(iter 10) [0.0, -0.4182, 0.7698] = 418.9063, sampling [1.0, 1.1468, -0.1544]. Recommendation = [0.0, -0.5108, 0.2157], Current Cost = 5287.00, Rho = 1.000
(iter 10) [0.0, -0.4182, 0.7698] = 418.9063, sampling [1.0, -0.8087, -1.0723]. Recommendation = [0.0, -0.5108, 0.2157], Current Cost = 5288.00, Rho = 1.000
(iter 10) [0.0, -0.4182, 0.7698] = 418.9063, sampling [1.0, -0.4356, -1.3728]. Recommendation = [0.0, -0.5108, 0.2157], Current Cost = 5289.00, Rho = 1.000
(iter 10) [0.0, -0.4182, 0.7698] = 418.9063, sampling [1.0, -1.9728, -1.9534]. Recommendation = [0.0, -0.5108, 0.2157], Current Cost = 5290.00, Rho = 1.000
(iter 10) [0.0, -0.4182, 0.7698] = 418.9063, sampling [1.0, -0.6207, 1.7300]. Recommendation = [0.0, -0.5108, 0.2157], Current Cost = 5291.00, Rho = 1.000
(iter 10) [0.0, -0.4182, 0.7698] = 418.9063, sampling [1.0, 0.0260, 1.4365]. Recommendation = [0.0, -0.5108, 0.2157], Current Cost = 5292.00, Rho = 1.000
(iter 10) [0.0, -0.4182, 0.7698] = 418.9063, sampling [1.0, 0.8645, 1.9115]. Recommendation = [0.0, -0.5108, 0.2157], Current Cost = 5293.00, Rho = 1.000
(iter 10) [0.0, -0.4182, 0.7698] = 418.9063, sampling [1.0, -1.5607, 0.9741]. Recommendation = [0.0, -0.5108, 0.2157], Current Cost = 5294.00, Rho = 1.000
(iter 10) [0.0, -0.4182, 0.7698] = 418.9063, sampling [1.0, 0.6903, 1.9201]. Recommendation = [0.0, -0.5108, 0.2157], Current Cost = 5295.00, Rho = 1.000
(iter 10) [0.0, -0.4182, 0.7698] = 418.9063, sampling [1.0, -0.9090, -0.8310]. Recommendation = [0.0, -0.5108, 0.2157], Current Cost = 5296.00, Rho = 1.000
(iter 10) [0.0, -0.4182, 0.7698] = 418.9063, sampling [1.0, 1.1199, -0.4095]. Recommendation = [0.0, -0.5108, 0.2157], Current Cost = 5297.00, Rho = 1.000
(iter 10) [0.0, -0.4182, 0.7698] = 418.9063, sampling [1.0, -0.7833, -0.7022]. Recommendation = [0.0, -0.5108, 0.2157], Current Cost = 5298.00, Rho = 1.000
(iter 10) [0.0, -0.4182, 0.7698] = 418.9063, sampling [1.0, 0.2195, -1.2976]. Recommendation = [0.0, -0.5108, 0.2157], Current Cost = 5299.00, Rho = 1.000
(iter 10) [0.0, -0.4182, 0.7698] = 418.9063, sampling [1.0, -1.0136, -0.5711]. Recommendation = [0.0, -0.5108, 0.2157], Current Cost = 5300.00, Rho = 1.000
(iter 10) [0.0, -0.4182, 0.7698] = 418.9063, sampling [1.0, -0.0235, -1.7680]. Recommendation = [0.0, -0.5108, 0.2157], Current Cost = 5301.00, Rho = 1.000
(iter 10) [0.0, -0.4182, 0.7698] = 418.9063, sampling [1.0, -0.3330, 1.7518]. Recommendation = [0.0, -0.5108, 0.2157], Current Cost = 5302.00, Rho = 1.000
(iter 10) [0.0, -0.4182, 0.7698] = 418.9063, sampling [1.0, 0.8270, 1.8928]. Recommendation = [0.0, -0.5108, 0.2157], Current Cost = 5303.00, Rho = 1.000
(iter 10) [0.0, -0.4182, 0.7698] = 418.9063, sampling [1.0, 1.5291, 0.2831]. Recommendation = [0.0, -0.5108, 0.2157], Current Cost = 5304.00, Rho = 1.000
(iter 10) [0.0, -0.4182, 0.7698] = 418.9063, sampling [1.0, -0.1825, -1.3672]. Recommendation = [0.0, -0.5108, 0.2157], Current Cost = 5305.00, Rho = 1.000
(iter 10) [0.0, -0.4182, 0.7698] = 418.9063, sampling [1.0, 0.7649, -1.5414]. Recommendation = [0.0, -0.5108, 0.2157], Current Cost = 5306.00, Rho = 1.000
(iter 10) [0.0, -0.4182, 0.7698] = 418.9063, sampling [1.0, -0.0940, -1.5228]. Recommendation = [0.0, -0.5108, 0.2157], Current Cost = 5307.00, Rho = 1.000
(iter 10) [0.0, -0.4182, 0.7698] = 418.9063, sampling [1.0, 1.9841, 0.8933]. Recommendation = [0.0, -0.5108, 0.2157], Current Cost = 5308.00, Rho = 1.000
(iter 10) [0.0, -0.4182, 0.7698] = 418.9063, sampling [1.0, 0.6825, -0.9354]. Recommendation = [0.0, -0.5108, 0.2157], Current Cost = 5309.00, Rho = 1.000
(iter 10) [0.0, -0.4182, 0.7698] = 418.9063, sampling [1.0, -0.3832, -1.6781]. Recommendation = [0.0, -0.5108, 0.2157], Current Cost = 5310.00, Rho = 1.000
(iter 10) [0.0, -0.4182, 0.7698] = 418.9063, sampling [1.0, -1.3887, -0.0019]. Recommendation = [0.0, -0.5108, 0.2157], Current Cost = 5311.00, Rho = 1.000
(iter 10) [0.0, -0.4182, 0.7698] = 418.9063, sampling [1.0, 0.6440, -0.8864]. Recommendation = [0.0, -0.5108, 0.2157], Current Cost = 5312.00, Rho = 1.000
(iter 10) [0.0, -0.4182, 0.7698] = 418.9063, sampling [1.0, 0.1088, 1.9023]. Recommendation = [0.0, -0.5108, 0.2157], Current Cost = 5313.00, Rho = 1.000
(iter 10) [0.0, -0.4182, 0.7698] = 418.9063, sampling [1.0, 0.4870, -1.1958]. Recommendation = [0.0, -0.5108, 0.2157], Current Cost = 5314.00, Rho = 1.000
(iter 10) [0.0, -0.4182, 0.7698] = 418.9063, sampling [1.0, 0.4088, 1.3425]. Recommendation = [0.0, -0.5108, 0.2157], Current Cost = 5315.00, Rho = 1.000
(iter 10) [0.0, -0.4182, 0.7698] = 418.9063, sampling [1.0, -0.4320, -1.4762]. Recommendation = [0.0, -0.5108, 0.2157], Current Cost = 5316.00, Rho = 1.000
(iter 10) [0.0, -0.4182, 0.7698] = 418.9063, sampling [1.0, 1.3194, -0.1470]. Recommendation = [0.0, -0.5108, 0.2157], Current Cost = 5317.00, Rho = 1.000
(iter 10) [0.0, -0.4182, 0.7698] = 418.9063, sampling [1.0, -1.6568, 1.0281]. Recommendation = [0.0, -0.5108, 0.2157], Current Cost = 5318.00, Rho = 1.000
(iter 10) [0.0, -0.4182, 0.7698] = 418.9063, sampling [1.0, 0.9996, -1.0053]. Recommendation = [0.0, -0.5108, 0.2157], Current Cost = 5319.00, Rho = 1.000
(iter 10) [0.0, -0.4182, 0.7698] = 418.9063, sampling [1.0, -0.4686, 1.4316]. Recommendation = [0.0, -0.5108, 0.2157], Current Cost = 5320.00, Rho = 1.000
(iter 10) [0.0, -0.4182, 0.7698] = 418.9063, sampling [1.0, -1.3377, -0.2643]. Recommendation = [0.0, -0.5108, 0.2157], Current Cost = 5321.00, Rho = 1.000
(iter 10) [0.0, -0.4182, 0.7698] = 418.9063, sampling [1.0, -0.2126, 1.7947]. Recommendation = [0.0, -0.5108, 0.2157], Current Cost = 5322.00, Rho = 1.000
(iter 10) [0.0, -0.4182, 0.7698] = 418.9063, sampling [1.0, -1.1504, -0.6030]. Recommendation = [0.0, -0.5108, 0.2157], Current Cost = 5323.00, Rho = 1.000
(iter 10) [0.0, -0.4182, 0.7698] = 418.9063, sampling [1.0, -0.1139, -1.4298]. Recommendation = [0.0, -0.5108, 0.2157], Current Cost = 5324.00, Rho = 1.000
(iter 10) [0.0, -0.4182, 0.7698] = 418.9063, sampling [1.0, -1.9462, 1.2262]. Recommendation = [0.0, -0.5108, 0.2157], Current Cost = 5325.00, Rho = 1.000
(iter 10) [0.0, -0.4182, 0.7698] = 418.9063, sampling [1.0, 0.3030, -1.7901]. Recommendation = [0.0, -0.5108, 0.2157], Current Cost = 5326.00, Rho = 1.000
(iter 10) [0.0, -0.4182, 0.7698] = 418.9063, sampling [1.0, -0.2239, 1.3144]. Recommendation = [0.0, -0.5108, 0.2157], Current Cost = 5327.00, Rho = 1.000
(iter 10) [0.0, -0.4182, 0.7698] = 418.9063, sampling [1.0, 1.5886, -1.9407]. Recommendation = [0.0, -0.5108, 0.2157], Current Cost = 5328.00, Rho = 1.000
(iter 10) [0.0, -0.4182, 0.7698] = 418.9063, sampling [1.0, -0.3234, -1.8149]. Recommendation = [0.0, -0.5108, 0.2157], Current Cost = 5329.00, Rho = 1.000
(iter 10) [0.0, -0.4182, 0.7698] = 418.9063, sampling [1.0, -1.6305, 0.8308]. Recommendation = [0.0, -0.5108, 0.2157], Current Cost = 5330.00, Rho = 1.000
(iter 10) [0.0, -0.4182, 0.7698] = 418.9063, sampling [1.0, -1.4824, 0.3642]. Recommendation = [0.0, -0.5108, 0.2157], Current Cost = 5331.00, Rho = 1.000
(iter 10) [0.0, -0.4182, 0.7698] = 418.9063, sampling [1.0, 1.0085, -0.6481]. Recommendation = [0.0, -0.5108, 0.2157], Current Cost = 5332.00, Rho = 1.000
(iter 10) [0.0, -0.4182, 0.7698] = 418.9063, sampling [1.0, 0.1307, -1.2499]. Recommendation = [0.0, -0.5108, 0.2157], Current Cost = 5333.00, Rho = 1.000
(iter 10) [0.0, -0.4182, 0.7698] = 418.9063, sampling [1.0, -0.8060, -1.1855]. Recommendation = [0.0, -0.5108, 0.2157], Current Cost = 5334.00, Rho = 1.000
(iter 10) [0.0, -0.4182, 0.7698] = 418.9063, sampling [1.0, -0.5421, -1.6497]. Recommendation = [0.0, -0.5108, 0.2157], Current Cost = 5335.00, Rho = 1.000
(iter 10) [0.0, -0.4182, 0.7698] = 418.9063, sampling [1.0, 1.3764, 0.0304]. Recommendation = [0.0, -0.5108, 0.2157], Current Cost = 5336.00, Rho = 1.000
(iter 10) [0.0, -0.4182, 0.7698] = 418.9063, sampling [1.0, -0.5189, -1.4394]. Recommendation = [0.0, -0.5108, 0.2157], Current Cost = 5337.00, Rho = 1.000
(iter 10) [0.0, -0.4182, 0.7698] = 418.9063, sampling [1.0, 0.2052, 1.8643]. Recommendation = [0.0, -0.5108, 0.2157], Current Cost = 5338.00, Rho = 1.000
(iter 10) [0.0, -0.4182, 0.7698] = 418.9063, sampling [1.0, 1.2226, -0.1399]. Recommendation = [0.0, -0.5108, 0.2157], Current Cost = 5339.00, Rho = 1.000
(iter 10) [0.0, -0.4182, 0.7698] = 418.9063, sampling [1.0, -0.7892, -1.3799]. Recommendation = [0.0, -0.5108, 0.2157], Current Cost = 5340.00, Rho = 1.000
(iter 10) [0.0, -0.4182, 0.7698] = 418.9063, sampling [1.0, 0.4731, -1.8443]. Recommendation = [0.0, -0.5108, 0.2157], Current Cost = 5341.00, Rho = 1.000
(iter 10) [0.0, -0.4182, 0.7698] = 418.9063, sampling [1.0, -1.6664, 0.1476]. Recommendation = [0.0, -0.5108, 0.2157], Current Cost = 5342.00, Rho = 1.000
(iter 10) [0.0, -0.4182, 0.7698] = 418.9063, sampling [1.0, 1.2536, -0.5146]. Recommendation = [0.0, -0.5108, 0.2157], Current Cost = 5343.00, Rho = 1.000
(iter 10) [0.0, -0.4182, 0.7698] = 418.9063, sampling [1.0, 0.6573, -1.5787]. Recommendation = [0.0, -0.5108, 0.2157], Current Cost = 5344.00, Rho = 1.000
(iter 10) [0.0, -0.4182, 0.7698] = 418.9063, sampling [1.0, -1.4105, 0.3755]. Recommendation = [0.0, -0.5108, 0.2157], Current Cost = 5345.00, Rho = 1.000
(iter 10) [0.0, -0.4182, 0.7698] = 418.9063, sampling [0.0, 1.3379, 1.7608]. Recommendation = [0.0, -0.5108, 0.2157], Current Cost = 5346.00, Rho = 1.000
(iter 351) [0.0, 1.3379, 1.7608] = 456.1003, sampling [1.0, 1.9055, 1.2696]. Recommendation = [0.0, 1.3379, 1.7608], Current Cost = 6346.00, Rho = 1.000
(iter 351) [0.0, 1.3379, 1.7608] = 456.1003, sampling [0.0, 0.6779, 0.4618]. Recommendation = [0.0, 1.3379, 1.7608], Current Cost = 6347.00, Rho = 1.000
(iter 353) [0.0, 0.6779, 0.4618] = 456.1957, sampling [1.0, 1.1204, -0.8448]. Recommendation = [0.0, 0.6779, 0.4618], Current Cost = 7347.00, Rho = 1.000
(iter 353) [0.0, 0.6779, 0.4618] = 456.1957, sampling [1.0, 0.0223, 1.8483]. Recommendation = [0.0, 0.6779, 0.4618], Current Cost = 7348.00, Rho = 1.000
(iter 353) [0.0, 0.6779, 0.4618] = 456.1957, sampling [0.0, 0.0361, 0.0088]. Recommendation = [0.0, 0.6779, 0.4618], Current Cost = 7349.00, Rho = 1.000
(iter 353) [0.0, 0.6779, 0.4618] = 456.1957, sampling [0.0, -1.3551, 1.9807]. Recommendation = [0.0, 0.6779, 0.4618], Current Cost = 8349.00, Rho = 1.000
(iter 353) [0.0, 0.6779, 0.4618] = 456.1957, sampling [1.0, 1.4680, 0.1667]. Recommendation = [0.0, 0.6779, 0.4618], Current Cost = 9349.00, Rho = 1.000
(iter 353) [0.0, 0.6779, 0.4618] = 456.1957, sampling [0.0, 0.9083, 0.8071]. Recommendation = [0.0, 0.6779, 0.4618], Current Cost = 9350.00, Rho = 1.000
(iter 359) [0.0, 0.9083, 0.8071] = 456.2596, sampling [0.0, -1.0379, 1.0777]. Recommendation = [0.0, 0.9083, 0.8071], Current Cost = 10350.00, Rho = 1.000
(iter 359) [0.0, 0.9083, 0.8071] = 456.2596, sampling [1.0, 0.8946, -1.3979]. Recommendation = [0.0, 0.9083, 0.8071], Current Cost = 11350.00, Rho = 1.000
(iter 359) [0.0, 0.9083, 0.8071] = 456.2596, sampling [0.0, -0.5108, 0.2157]. Recommendation = [0.0, 0.9083, 0.8071], Current Cost = 11351.00, Rho = 1.000
(iter 359) [0.0, 0.9083, 0.8071] = 456.2596, sampling [0.0, 1.2409, 1.5377]. Recommendation = [0.0, 0.9083, 0.8071], Current Cost = 12351.00, Rho = 1.000
(iter 359) [0.0, 0.9083, 0.8071] = 456.2596, sampling [0.0, 0.5392, 0.2165]. Recommendation = [0.0, 0.9083, 0.8071], Current Cost = 13351.00, Rho = 1.000
(iter 359) [0.0, 0.9083, 0.8071] = 456.2596, sampling [0.0, -1.2237, 1.4565]. Recommendation = [0.0, 0.9083, 0.8071], Current Cost = 14351.00, Rho = 1.000
(iter 359) [0.0, 0.9083, 0.8071] = 456.2596, sampling [0.0, -0.8549, 0.7187]. Recommendation = [0.0, 0.9083, 0.8071], Current Cost = 15351.00, Rho = 1.000
(iter 359) [0.0, 0.9083, 0.8071] = 456.2596, sampling [0.0, 0.9462, 1.0706]. Recommendation = [0.0, 0.9083, 0.8071], Current Cost = 16351.00, Rho = 1.000
(iter 359) [0.0, 0.9083, 0.8071] = 456.2596, sampling [0.0, 0.2599, 0.1780]. Recommendation = [0.0, 0.9083, 0.8071], Current Cost = 17351.00, Rho = 1.000
(iter 359) [0.0, 0.9083, 0.8071] = 456.2596, sampling [1.0, -1.2026, -0.4190]. Recommendation = [0.0, 0.9083, 0.8071], Current Cost = 18351.00, Rho = 1.000
(iter 359) [0.0, 0.9083, 0.8071] = 456.2596, sampling [1.0, 1.7553, 0.0602]. Recommendation = [0.0, 0.9083, 0.8071], Current Cost = 18352.00, Rho = 1.000
(iter 359) [0.0, 0.9083, 0.8071] = 456.2596, sampling [0.0, 0.2945, -0.0860]. Recommendation = [0.0, 0.9083, 0.8071], Current Cost = 18353.00, Rho = 1.000
(iter 359) [0.0, 0.9083, 0.8071] = 456.2596, sampling [0.0, -0.0709, -0.1278]. Recommendation = [0.0, 0.9083, 0.8071], Current Cost = 19353.00, Rho = 1.000
(iter 359) [0.0, 0.9083, 0.8071] = 456.2596, sampling [1.0, -1.2299, -0.7466]. Recommendation = [0.0, 0.9083, 0.8071], Current Cost = 20353.00, Rho = 1.000
(iter 359) [0.0, 0.9083, 0.8071] = 456.2596, sampling [0.0, 1.0771, 1.3565]. Recommendation = [0.0, 0.9083, 0.8071], Current Cost = 20354.00, Rho = 1.000
(iter 359) [0.0, 0.9083, 0.8071] = 456.2596, sampling [0.0, -0.1273, 0.1859]. Recommendation = [0.0, 0.9083, 0.8071], Current Cost = 21354.00, Rho = 1.000
(iter 359) [0.0, 0.9083, 0.8071] = 456.2596, sampling [0.0, -0.6450, 0.5277]. Recommendation = [0.0, 0.9083, 0.8071], Current Cost = 22354.00, Rho = 1.000
(iter 359) [0.0, 0.9083, 0.8071] = 456.2596, sampling [0.0, 0.5163, 0.3072]. Recommendation = [0.0, 0.9083, 0.8071], Current Cost = 23354.00, Rho = 1.000
(iter 359) [0.0, 0.9083, 0.8071] = 456.2596, sampling [0.0, 0.1603, 0.0541]. Recommendation = [0.0, 0.9083, 0.8071], Current Cost = 24354.00, Rho = 1.000
(iter 359) [0.0, 0.9083, 0.8071] = 456.2596, sampling [0.0, 0.8847, 0.5686]. Recommendation = [0.0, 0.9083, 0.8071], Current Cost = 25354.00, Rho = 1.000
(iter 359) [0.0, 0.9083, 0.8071] = 456.2596, sampling [0.0, 0.7966, 0.7991]. Recommendation = [0.0, 0.9083, 0.8071], Current Cost = 26354.00, Rho = 1.000
(iter 359) [0.0, 0.9083, 0.8071] = 456.2596, sampling [0.0, 1.0800, 0.9545]. Recommendation = [0.0, 0.9083, 0.8071], Current Cost = 27354.00, Rho = 1.000
(iter 359) [0.0, 0.9083, 0.8071] = 456.2596, sampling [0.0, -0.3477, -0.1114]. Recommendation = [0.0, 0.9083, 0.8071], Current Cost = 28354.00, Rho = 1.000
(iter 359) [0.0, 0.9083, 0.8071] = 456.2596, sampling [0.0, -0.6728, 0.3304]. Recommendation = [0.0, 0.9083, 0.8071], Current Cost = 29354.00, Rho = 1.000
(iter 359) [0.0, 0.9083, 0.8071] = 456.2596, sampling [0.0, 0.0832, -0.1819]. Recommendation = [0.0, 0.9083, 0.8071], Current Cost = 30354.00, Rho = 1.000
(iter 359) [0.0, 0.9083, 0.8071] = 456.2596, sampling [1.0, -0.9552, -1.2384]. Recommendation = [0.0, 0.9083, 0.8071], Current Cost = 31354.00, Rho = 1.000
(iter 359) [0.0, 0.9083, 0.8071] = 456.2596, sampling [0.0, 1.2776, 1.8414]. Recommendation = [0.0, 0.9083, 0.8071], Current Cost = 31355.00, Rho = 1.000
(iter 359) [0.0, 0.9083, 0.8071] = 456.2596, sampling [0.0, 1.2685, 1.5758]. Recommendation = [0.0, 0.9083, 0.8071], Current Cost = 32355.00, Rho = 1.000
(iter 359) [0.0, 0.9083, 0.8071] = 456.2596, sampling [1.0, 1.2010, -0.0222]. Recommendation = [0.0, 0.9083, 0.8071], Current Cost = 33355.00, Rho = 1.000
(iter 359) [0.0, 0.9083, 0.8071] = 456.2596, sampling [0.0, -1.1307, 1.3516]. Recommendation = [0.0, 0.9083, 0.8071], Current Cost = 33356.00, Rho = 1.000
(iter 359) [0.0, 0.9083, 0.8071] = 456.2596, sampling [0.0, -0.8592, 0.8433]. Recommendation = [0.0, 0.9083, 0.8071], Current Cost = 34356.00, Rho = 1.000
(iter 359) [0.0, 0.9083, 0.8071] = 456.2596, sampling [1.0, 1.8052, 1.5138]. Recommendation = [0.0, 0.9083, 0.8071], Current Cost = 35356.00, Rho = 1.000
(iter 359) [0.0, 0.9083, 0.8071] = 456.2596, sampling [0.0, 1.1410, 1.4781]. Recommendation = [0.0, 0.9083, 0.8071], Current Cost = 35357.00, Rho = 1.000
(iter 359) [0.0, 0.9083, 0.8071] = 456.2596, sampling [0.0, 0.5677, 0.0732]. Recommendation = [0.0, 0.9083, 0.8071], Current Cost = 36357.00, Rho = 1.000
(iter 359) [0.0, 0.9083, 0.8071] = 456.2596, sampling [0.0, -0.8453, 0.5787]. Recommendation = [0.0, 0.9083, 0.8071], Current Cost = 37357.00, Rho = 1.000
(iter 359) [0.0, 0.9083, 0.8071] = 456.2596, sampling [0.0, 0.0715, 0.2334]. Recommendation = [0.0, 0.9083, 0.8071], Current Cost = 38357.00, Rho = 1.000
(iter 359) [0.0, 0.9083, 0.8071] = 456.2596, sampling [0.0, 0.9327, 0.6826]. Recommendation = [0.0, 0.9083, 0.8071], Current Cost = 39357.00, Rho = 1.000
(iter 359) [0.0, 0.9083, 0.8071] = 456.2596, sampling [0.0, -0.4875, 0.4461]. Recommendation = [0.0, 0.9083, 0.8071], Current Cost = 40357.00, Rho = 1.000
(iter 359) [0.0, 0.9083, 0.8071] = 456.2596, sampling [0.0, 1.2818, 1.3749]. Recommendation = [0.0, 0.9083, 0.8071], Current Cost = 41357.00, Rho = 1.000
(iter 359) [0.0, 0.9083, 0.8071] = 456.2596, sampling [1.0, -1.4763, 0.2595]. Recommendation = [0.0, 0.9083, 0.8071], Current Cost = 42357.00, Rho = 1.000
(iter 359) [0.0, 0.9083, 0.8071] = 456.2596, sampling [0.0, 0.8218, 0.8676]. Recommendation = [0.0, 0.9083, 0.8071], Current Cost = 42358.00, Rho = 1.000
(iter 359) [0.0, 0.9083, 0.8071] = 456.2596, sampling [0.0, -0.5784, 0.1532]. Recommendation = [0.0, 0.9083, 0.8071], Current Cost = 43358.00, Rho = 1.000
(iter 359) [0.0, 0.9083, 0.8071] = 456.2596, sampling [0.0, -0.7623, 0.4206]. Recommendation = [0.0, 0.9083, 0.8071], Current Cost = 44358.00, Rho = 1.000
(iter 359) [0.0, 0.9083, 0.8071] = 456.2596, sampling [0.0, 0.7473, 0.2543]. Recommendation = [0.0, 0.9083, 0.8071], Current Cost = 45358.00, Rho = 1.000
(iter 359) [0.0, 0.9083, 0.8071] = 456.2596, sampling [0.0, -1.0712, 0.9616]. Recommendation = [0.0, 0.9083, 0.8071], Current Cost = 46358.00, Rho = 1.000
(iter 359) [0.0, 0.9083, 0.8071] = 456.2596, sampling [0.0, -0.9412, 1.0552]. Recommendation = [0.0, 0.9083, 0.8071], Current Cost = 47358.00, Rho = 1.000
(iter 359) [0.0, 0.9083, 0.8071] = 456.2596, sampling [0.0, 0.3974, -0.1015]. Recommendation = [0.0, 0.9083, 0.8071], Current Cost = 48358.00, Rho = 1.000
(iter 359) [0.0, 0.9083, 0.8071] = 456.2596, sampling [0.0, 0.5489, 0.6595]. Recommendation = [0.0, 0.9083, 0.8071], Current Cost = 49358.00, Rho = 1.000
(iter 359) [0.0, 0.9083, 0.8071] = 456.2596, sampling [0.0, -1.1962, 1.2123]. Recommendation = [0.0, 0.9083, 0.8071], Current Cost = 50358.00, Rho = 1.000
(iter 359) [0.0, 0.9083, 0.8071] = 456.2596, sampling [0.0, -0.1649, 0.2792]. Recommendation = [0.0, 0.9083, 0.8071], Current Cost = 51358.00, Rho = 1.000
(iter 359) [0.0, 0.9083, 0.8071] = 456.2596, sampling [0.0, 1.3950, 1.6765]. Recommendation = [0.0, 0.9083, 0.8071], Current Cost = 52358.00, Rho = 1.000
(iter 359) [0.0, 0.9083, 0.8071] = 456.2596, sampling [0.0, -1.1564, 1.6095]. Recommendation = [0.0, 0.9083, 0.8071], Current Cost = 53358.00, Rho = 1.000
(iter 359) [0.0, 0.9083, 0.8071] = 456.2596, sampling [1.0, -1.5588, -0.4027]. Recommendation = [0.0, 0.9083, 0.8071], Current Cost = 54358.00, Rho = 1.000
(iter 359) [0.0, 0.9083, 0.8071] = 456.2596, sampling [0.0, 0.2373, -0.2457]. Recommendation = [0.0, 0.9083, 0.8071], Current Cost = 54359.00, Rho = 1.000
(iter 359) [0.0, 0.9083, 0.8071] = 456.2596, sampling [0.0, 0.0046, 0.2006]. Recommendation = [0.0, 0.9083, 0.8071], Current Cost = 55359.00, Rho = 1.000
(iter 359) [0.0, 0.9083, 0.8071] = 456.2596, sampling [0.0, -0.0518, -0.1608]. Recommendation = [0.0, 0.9083, 0.8071], Current Cost = 56359.00, Rho = 1.000
(iter 359) [0.0, 0.9083, 0.8071] = 456.2596, sampling [0.0, -0.5579, 0.0398]. Recommendation = [0.0, 0.9083, 0.8071], Current Cost = 57359.00, Rho = 1.000
(iter 359) [0.0, 0.9083, 0.8071] = 456.2596, sampling [1.0, -0.2977, -1.5628]. Recommendation = [0.0, 0.9083, 0.8071], Current Cost = 58359.00, Rho = 1.000
(iter 359) [0.0, 0.9083, 0.8071] = 456.2596, sampling [0.0, -1.4031, 1.6380]. Recommendation = [0.0, 0.9083, 0.8071], Current Cost = 58360.00, Rho = 1.000
(iter 359) [0.0, 0.9083, 0.8071] = 456.2596, sampling [0.0, 0.5229, 0.0013]. Recommendation = [0.0, 0.9083, 0.8071], Current Cost = 59360.00, Rho = 1.000
(iter 359) [0.0, 0.9083, 0.8071] = 456.2596, sampling [0.0, -0.9743, 0.6742]. Recommendation = [0.0, 0.9083, 0.8071], Current Cost = 60360.00, Rho = 1.000
(iter 359) [0.0, 0.9083, 0.8071] = 456.2596, sampling [0.0, -0.9951, 1.2820]. Recommendation = [0.0, 0.9083, 0.8071], Current Cost = 61360.00, Rho = 1.000
(iter 359) [0.0, 0.9083, 0.8071] = 456.2596, sampling [0.0, -0.6008, 0.5573]. Recommendation = [0.0, 0.9083, 0.8071], Current Cost = 62360.00, Rho = 1.000
(iter 359) [0.0, 0.9083, 0.8071] = 456.2596, sampling [0.0, -1.2419, 1.8330]. Recommendation = [0.0, 0.9083, 0.8071], Current Cost = 63360.00, Rho = 1.000
(iter 359) [0.0, 0.9083, 0.8071] = 456.2596, sampling [1.0, -1.6099, 0.3844]. Recommendation = [0.0, 0.9083, 0.8071], Current Cost = 64360.00, Rho = 1.000
(iter 359) [0.0, 0.9083, 0.8071] = 456.2596, sampling [0.0, 0.2435, 0.4890]. Recommendation = [0.0, 0.9083, 0.8071], Current Cost = 64361.00, Rho = 1.000
(iter 359) [0.0, 0.9083, 0.8071] = 456.2596, sampling [0.0, -0.6931, 0.3537]. Recommendation = [0.0, 0.9083, 0.8071], Current Cost = 65361.00, Rho = 1.000
(iter 359) [0.0, 0.9083, 0.8071] = 456.2596, sampling [0.0, -0.8239, 0.9812]. Recommendation = [0.0, 0.9083, 0.8071], Current Cost = 66361.00, Rho = 1.000
(iter 359) [0.0, 0.9083, 0.8071] = 456.2596, sampling [0.0, -0.0142, -0.4825]. Recommendation = [0.0, 0.9083, 0.8071], Current Cost = 67361.00, Rho = 1.000
(iter 359) [0.0, 0.9083, 0.8071] = 456.2596, sampling [1.0, 1.0407, -1.2586]. Recommendation = [0.0, 0.9083, 0.8071], Current Cost = 68361.00, Rho = 1.000
(iter 359) [0.0, 0.9083, 0.8071] = 456.2596, sampling [0.0, -1.1407, 1.3808]. Recommendation = [0.0, 0.9083, 0.8071], Current Cost = 68362.00, Rho = 1.000
(iter 359) [0.0, 0.9083, 0.8071] = 456.2596, sampling [0.0, 1.0969, 0.8341]. Recommendation = [0.0, 0.9083, 0.8071], Current Cost = 69362.00, Rho = 1.000
(iter 359) [0.0, 0.9083, 0.8071] = 456.2596, sampling [0.0, -0.8752, 0.5173]. Recommendation = [0.0, 0.9083, 0.8071], Current Cost = 70362.00, Rho = 1.000
(iter 359) [0.0, 0.9083, 0.8071] = 456.2596, sampling [0.0, -0.3893, -0.2032]. Recommendation = [0.0, 0.9083, 0.8071], Current Cost = 71362.00, Rho = 1.000
(iter 359) [0.0, 0.9083, 0.8071] = 456.2596, sampling [0.0, -1.1741, 1.1225]. Recommendation = [0.0, 0.9083, 0.8071], Current Cost = 72362.00, Rho = 1.000
(iter 359) [0.0, 0.9083, 0.8071] = 456.2596, sampling [0.0, 0.7205, 0.8819]. Recommendation = [0.0, 0.9083, 0.8071], Current Cost = 73362.00, Rho = 1.000
(iter 359) [0.0, 0.9083, 0.8071] = 456.2596, sampling [0.0, -0.2832, 0.4796]. Recommendation = [0.0, 0.9083, 0.8071], Current Cost = 74362.00, Rho = 1.000
(iter 359) [0.0, 0.9083, 0.8071] = 456.2596, sampling [0.0, 0.8554, 1.1074]. Recommendation = [0.0, 0.9083, 0.8071], Current Cost = 75362.00, Rho = 1.000
(iter 359) [0.0, 0.9083, 0.8071] = 456.2596, sampling [0.0, 0.3245, -0.2368]. Recommendation = [0.0, 0.9083, 0.8071], Current Cost = 76362.00, Rho = 1.000
(iter 359) [0.0, 0.9083, 0.8071] = 456.2596, sampling [0.0, 0.0626, 0.3954]. Recommendation = [0.0, 0.9083, 0.8071], Current Cost = 77362.00, Rho = 1.000
(iter 359) [0.0, 0.9083, 0.8071] = 456.2596, sampling [0.0, 0.1884, -0.3070]. Recommendation = [0.0, 0.9083, 0.8071], Current Cost = 78362.00, Rho = 1.000
(iter 359) [0.0, 0.9083, 0.8071] = 456.2596, sampling [0.0, 1.5226, 1.8318]. Recommendation = [0.0, 0.9083, 0.8071], Current Cost = 79362.00, Rho = 1.000
(iter 359) [0.0, 0.9083, 0.8071] = 456.2596, sampling [0.0, -0.9212, 1.1121]. Recommendation = [0.0, 0.9083, 0.8071], Current Cost = 80362.00, Rho = 1.000
(iter 359) [0.0, 0.9083, 0.8071] = 456.2596, sampling [0.0, -0.6306, 0.1007]. Recommendation = [0.0, 0.9083, 0.8071], Current Cost = 81362.00, Rho = 1.000
(iter 359) [0.0, 0.9083, 0.8071] = 456.2596, sampling [1.0, -0.1590, 1.8017]. Recommendation = [0.0, 0.9083, 0.8071], Current Cost = 82362.00, Rho = 1.000
(iter 359) [0.0, 0.9083, 0.8071] = 456.2596, sampling [0.0, 0.9538, 0.5440]. Recommendation = [0.0, 0.9083, 0.8071], Current Cost = 82363.00, Rho = 1.000
(iter 359) [0.0, 0.9083, 0.8071] = 456.2596, sampling [0.0, 1.3546, 1.4523]. Recommendation = [0.0, 0.9083, 0.8071], Current Cost = 83363.00, Rho = 1.000
(iter 359) [0.0, 0.9083, 0.8071] = 456.2596, sampling [1.0, -0.8816, -1.5031]. Recommendation = [0.0, 0.9083, 0.8071], Current Cost = 84363.00, Rho = 1.000
(iter 359) [0.0, 0.9083, 0.8071] = 456.2596, sampling [0.0, 0.5821, 0.0904]. Recommendation = [0.0, 0.9083, 0.8071], Current Cost = 84364.00, Rho = 1.000
(iter 359) [0.0, 0.9083, 0.8071] = 456.2596, sampling [0.0, 0.6000, -0.0327]. Recommendation = [0.0, 0.9083, 0.8071], Current Cost = 85364.00, Rho = 1.000
(iter 359) [0.0, 0.9083, 0.8071] = 456.2596, sampling [0.0, -0.4603, 0.5899]. Recommendation = [0.0, 0.9083, 0.8071], Current Cost = 86364.00, Rho = 1.000
(iter 359) [0.0, 0.9083, 0.8071] = 456.2596, sampling [1.0, 0.7729, -1.6992]. Recommendation = [0.0, 0.9083, 0.8071], Current Cost = 87364.00, Rho = 1.000
(iter 359) [0.0, 0.9083, 0.8071] = 456.2596, sampling [0.0, 0.4451, -0.2164]. Recommendation = [0.0, 0.9083, 0.8071], Current Cost = 87365.00, Rho = 1.000
(iter 359) [0.0, 0.9083, 0.8071] = 456.2596, sampling [0.0, -1.3446, 1.9598]. Recommendation = [0.0, 0.9083, 0.8071], Current Cost = 88365.00, Rho = 1.000
(iter 359) [0.0, 0.9083, 0.8071] = 456.2596, sampling [1.0, 1.3276, -0.4395]. Recommendation = [0.0, 0.9083, 0.8071], Current Cost = 89365.00, Rho = 1.000
(iter 359) [0.0, 0.9083, 0.8071] = 456.2596, sampling [1.0, 1.1989, -0.7642]. Recommendation = [0.0, 0.9083, 0.8071], Current Cost = 89366.00, Rho = 1.000
(iter 359) [0.0, 0.9083, 0.8071] = 456.2596, sampling [0.0, -0.7699, 0.4091]. Recommendation = [0.0, 0.9083, 0.8071], Current Cost = 89367.00, Rho = 1.000
(iter 359) [0.0, 0.9083, 0.8071] = 456.2596, sampling [1.0, -0.3621, -1.7617]. Recommendation = [0.0, 0.9083, 0.8071], Current Cost = 90367.00, Rho = 1.000
(iter 359) [0.0, 0.9083, 0.8071] = 456.2596, sampling [0.0, 0.7328, 0.0663]. Recommendation = [0.0, 0.9083, 0.8071], Current Cost = 90368.00, Rho = 1.000
(iter 359) [0.0, 0.9083, 0.8071] = 456.2596, sampling [1.0, -1.8393, 1.1323]. Recommendation = [0.0, 0.9083, 0.8071], Current Cost = 91368.00, Rho = 1.000
(iter 359) [0.0, 0.9083, 0.8071] = 456.2596, sampling [0.0, -0.0459, 0.4534]. Recommendation = [0.0, 0.9083, 0.8071], Current Cost = 91369.00, Rho = 1.000
(iter 359) [0.0, 0.9083, 0.8071] = 456.2596, sampling [0.0, 0.3141, -0.3950]. Recommendation = [0.0, 0.9083, 0.8071], Current Cost = 92369.00, Rho = 1.000
(iter 359) [0.0, 0.9083, 0.8071] = 456.2596, sampling [0.0, -0.2764, -0.4887]. Recommendation = [0.0, 0.9083, 0.8071], Current Cost = 93369.00, Rho = 1.000
(iter 359) [0.0, 0.9083, 0.8071] = 456.2596, sampling [1.0, 1.9162, 0.4695]. Recommendation = [0.0, 0.9083, 0.8071], Current Cost = 94369.00, Rho = 1.000
(iter 359) [0.0, 0.9083, 0.8071] = 456.2596, sampling [1.0, -1.5409, -0.1316]. Recommendation = [0.0, 0.9083, 0.8071], Current Cost = 94370.00, Rho = 1.000
(iter 359) [0.0, 0.9083, 0.8071] = 456.2596, sampling [0.0, -1.0928, 0.7365]. Recommendation = [0.0, 0.9083, 0.8071], Current Cost = 94371.00, Rho = 1.000
(iter 359) [0.0, 0.9083, 0.8071] = 456.2596, sampling [1.0, 1.5431, -0.2553]. Recommendation = [0.0, 0.9083, 0.8071], Current Cost = 95371.00, Rho = 1.000
(iter 359) [0.0, 0.9083, 0.8071] = 456.2596, sampling [1.0, 1.8563, 1.5257]. Recommendation = [0.0, 0.9083, 0.8071], Current Cost = 95372.00, Rho = 1.000
(iter 359) [0.0, 0.9083, 0.8071] = 456.2596, sampling [0.0, -0.9857, 1.3355]. Recommendation = [0.0, 0.9083, 0.8071], Current Cost = 95373.00, Rho = 1.000
(iter 359) [0.0, 0.9083, 0.8071] = 456.2596, sampling [0.0, 0.2696, -0.2729]. Recommendation = [0.0, 0.9083, 0.8071], Current Cost = 96373.00, Rho = 1.000
(iter 359) [0.0, 0.9083, 0.8071] = 456.2596, sampling [1.0, 1.7760, 1.2178]. Recommendation = [0.0, 0.9083, 0.8071], Current Cost = 97373.00, Rho = 1.000
(iter 359) [0.0, 0.9083, 0.8071] = 456.2596, sampling [0.0, 1.1671, 0.8975]. Recommendation = [0.0, 0.9083, 0.8071], Current Cost = 97374.00, Rho = 1.000
(iter 359) [0.0, 0.9083, 0.8071] = 456.2596, sampling [0.0, -1.0771, 1.5846]. Recommendation = [0.0, 0.9083, 0.8071], Current Cost = 98374.00, Rho = 1.000
(iter 359) [0.0, 0.9083, 0.8071] = 456.2596, sampling [0.0, -0.7132, 0.0207]. Recommendation = [0.0, 0.9083, 0.8071], Current Cost = 99374.00, Rho = 1.000
