(iter 10) [0.0, 0.9916, -0.4632] = 247.0815, sampling [1.0, 1.0157, 0.3476]. Recommendation = [0.0, 0.9916, -0.4632], Current Cost = 5005.00, Rho = 1.000
(iter 10) [0.0, 0.9916, -0.4632] = 247.0815, sampling [1.0, 0.7966, 0.5596]. Recommendation = [0.0, 1.0157, 0.3476], Current Cost = 5006.00, Rho = 1.000
(iter 10) [0.0, 0.9916, -0.4632] = 247.0815, sampling [1.0, 0.6798, 0.3082]. Recommendation = [0.0, 0.7966, 0.5596], Current Cost = 5007.00, Rho = 1.000
(iter 10) [0.0, 0.9916, -0.4632] = 247.0815, sampling [1.0, 0.7816, 0.4316]. Recommendation = [0.0, 0.7966, 0.5596], Current Cost = 5008.00, Rho = 1.000
(iter 10) [0.0, 0.9916, -0.4632] = 247.0815, sampling [1.0, 0.7307, 0.8373]. Recommendation = [0.0, 0.7966, 0.5596], Current Cost = 5009.00, Rho = 1.000
(iter 10) [0.0, 0.9916, -0.4632] = 247.0815, sampling [1.0, 0.4791, 0.7336]. Recommendation = [0.0, 0.7966, 0.5596], Current Cost = 5010.00, Rho = 1.000
(iter 10) [0.0, 0.9916, -0.4632] = 247.0815, sampling [1.0, 0.7099, 0.4896]. Recommendation = [0.0, 0.7099, 0.4896], Current Cost = 5011.00, Rho = 1.000
(iter 10) [0.0, 0.9916, -0.4632] = 247.0815, sampling [1.0, 0.7857, 0.1470]. Recommendation = [0.0, 0.7728, 0.5685], Current Cost = 5012.00, Rho = 1.000
(iter 10) [0.0, 0.9916, -0.4632] = 247.0815, sampling [1.0, 0.4956, 0.2853]. Recommendation = [0.0, 0.7728, 0.5685], Current Cost = 5013.00, Rho = 1.000
(iter 10) [0.0, 0.9916, -0.4632] = 247.0815, sampling [1.0, 0.8832, 0.5049]. Recommendation = [0.0, 0.7728, 0.5685], Current Cost = 5014.00, Rho = 1.000
(iter 10) [0.0, 0.9916, -0.4632] = 247.0815, sampling [1.0, 0.5051, 0.1158]. Recommendation = [0.0, 0.7728, 0.5685], Current Cost = 5015.00, Rho = 1.000
(iter 10) [0.0, 0.9916, -0.4632] = 247.0815, sampling [1.0, 0.6549, 0.2347]. Recommendation = [0.0, 0.7728, 0.5685], Current Cost = 5016.00, Rho = 1.000
(iter 10) [0.0, 0.9916, -0.4632] = 247.0815, sampling [1.0, 0.6459, 0.0176]. Recommendation = [0.0, 0.7728, 0.5685], Current Cost = 5017.00, Rho = 1.000
(iter 10) [0.0, 0.9916, -0.4632] = 247.0815, sampling [1.0, 0.5843, 0.9159]. Recommendation = [0.0, 0.7728, 0.5685], Current Cost = 5018.00, Rho = 1.000
(iter 10) [0.0, 0.9916, -0.4632] = 247.0815, sampling [1.0, 0.2725, 0.3547]. Recommendation = [0.0, 0.7728, 0.5685], Current Cost = 5019.00, Rho = 1.000
(iter 10) [0.0, 0.9916, -0.4632] = 247.0815, sampling [1.0, 0.1923, 0.5831]. Recommendation = [0.0, 0.7728, 0.5685], Current Cost = 5020.00, Rho = 1.000
(iter 10) [0.0, 0.9916, -0.4632] = 247.0815, sampling [1.0, 0.2660, 0.0908]. Recommendation = [0.0, 0.7728, 0.5685], Current Cost = 5021.00, Rho = 1.000
(iter 10) [0.0, 0.9916, -0.4632] = 247.0815, sampling [1.0, 0.2041, 0.2265]. Recommendation = [0.0, 0.7728, 0.5685], Current Cost = 5022.00, Rho = 1.000
(iter 10) [0.0, 0.9916, -0.4632] = 247.0815, sampling [1.0, 0.3262, -0.0873]. Recommendation = [0.0, 0.7728, 0.5685], Current Cost = 5023.00, Rho = 1.000
(iter 10) [0.0, 0.9916, -0.4632] = 247.0815, sampling [1.0, 0.8620, 1.0845]. Recommendation = [0.0, 0.7728, 0.5685], Current Cost = 5024.00, Rho = 1.000
(iter 10) [0.0, 0.9916, -0.4632] = 247.0815, sampling [1.0, 0.6225, 1.1396]. Recommendation = [0.0, 0.7728, 0.5685], Current Cost = 5025.00, Rho = 1.000
(iter 10) [0.0, 0.9916, -0.4632] = 247.0815, sampling [1.0, 1.0731, 1.0235]. Recommendation = [0.0, 0.7728, 0.5685], Current Cost = 5026.00, Rho = 1.000
(iter 10) [0.0, 0.9916, -0.4632] = 247.0815, sampling [1.0, 1.0188, 1.2601]. Recommendation = [0.0, 0.7728, 0.5685], Current Cost = 5027.00, Rho = 1.000
(iter 10) [0.0, 0.9916, -0.4632] = 247.0815, sampling [1.0, 0.5016, -0.2860]. Recommendation = [0.0, 0.7728, 0.5685], Current Cost = 5028.00, Rho = 1.000
(iter 10) [0.0, 0.9916, -0.4632] = 247.0815, sampling [1.0, 0.9313, 1.3209]. Recommendation = [0.0, 0.7728, 0.5685], Current Cost = 5029.00, Rho = 1.000
(iter 10) [0.0, 0.9916, -0.4632] = 247.0815, sampling [1.0, 0.2320, 0.0067]. Recommendation = [0.0, 0.7728, 0.5685], Current Cost = 5030.00, Rho = 1.000
(iter 10) [0.0, 0.9916, -0.4632] = 247.0815, sampling [1.0, 0.3356, -0.1700]. Recommendation = [0.0, 0.7728, 0.5685], Current Cost = 5031.00, Rho = 1.000
(iter 10) [0.0, 0.9916, -0.4632] = 247.0815, sampling [1.0, 0.0899, 0.3178]. Recommendation = [0.0, 0.7728, 0.5685], Current Cost = 5032.00, Rho = 1.000
(iter 10) [0.0, 0.9916, -0.4632] = 247.0815, sampling [1.0, 0.0746, 0.0577]. Recommendation = [0.0, 0.7728, 0.5685], Current Cost = 5033.00, Rho = 1.000
(iter 10) [0.0, 0.9916, -0.4632] = 247.0815, sampling [1.0, 0.2155, 0.1649]. Recommendation = [0.0, 0.2155, 0.1649], Current Cost = 5034.00, Rho = 1.000
(iter 10) [0.0, 0.9916, -0.4632] = 247.0815, sampling [1.0, 0.1741, -0.2991]. Recommendation = [0.0, 0.7728, 0.5685], Current Cost = 5035.00, Rho = 1.000
(iter 10) [0.0, 0.9916, -0.4632] = 247.0815, sampling [1.0, 0.3417, -0.3231]. Recommendation = [0.0, 0.7728, 0.5685], Current Cost = 5036.00, Rho = 1.000
(iter 10) [0.0, 0.9916, -0.4632] = 247.0815, sampling [1.0, 0.1839, 0.8026]. Recommendation = [0.0, 0.7728, 0.5685], Current Cost = 5037.00, Rho = 1.000
(iter 10) [0.0, 0.9916, -0.4632] = 247.0815, sampling [1.0, 0.9064, 0.3432]. Recommendation = [0.0, 0.7099, 0.4896], Current Cost = 5038.00, Rho = 1.000
(iter 10) [0.0, 0.9916, -0.4632] = 247.0815, sampling [1.0, 0.9137, -0.0105]. Recommendation = [0.0, 0.7099, 0.4896], Current Cost = 5039.00, Rho = 1.000
(iter 10) [0.0, 0.9916, -0.4632] = 247.0815, sampling [1.0, -0.0280, 0.2621]. Recommendation = [0.0, 0.7099, 0.4896], Current Cost = 5040.00, Rho = 1.000
(iter 10) [0.0, 0.9916, -0.4632] = 247.0815, sampling [1.0, 0.0153, 0.4568]. Recommendation = [0.0, 0.7099, 0.4896], Current Cost = 5041.00, Rho = 1.000
(iter 10) [0.0, 0.9916, -0.4632] = 247.0815, sampling [1.0, 1.2253, 1.0936]. Recommendation = [0.0, 0.7099, 0.4896], Current Cost = 5042.00, Rho = 1.000
(iter 10) [0.0, 0.9916, -0.4632] = 247.0815, sampling [1.0, -0.0762, -0.2491]. Recommendation = [0.0, 0.7099, 0.4896], Current Cost = 5043.00, Rho = 1.000
(iter 10) [0.0, 0.9916, -0.4632] = 247.0815, sampling [1.0, -0.0995, 0.1737]. Recommendation = [0.0, 0.7099, 0.4896], Current Cost = 5044.00, Rho = 1.000
(iter 10) [0.0, 0.9916, -0.4632] = 247.0815, sampling [1.0, -0.2045, 0.0542]. Recommendation = [0.0, 0.7099, 0.4896], Current Cost = 5045.00, Rho = 1.000
(iter 10) [0.0, 0.9916, -0.4632] = 247.0815, sampling [1.0, 0.1136, -0.4485]. Recommendation = [0.0, 0.7099, 0.4896], Current Cost = 5046.00, Rho = 1.000
(iter 10) [0.0, 0.9916, -0.4632] = 247.0815, sampling [1.0, -0.1682, 0.2886]. Recommendation = [0.0, 0.7099, 0.4896], Current Cost = 5047.00, Rho = 1.000
(iter 10) [0.0, 0.9916, -0.4632] = 247.0815, sampling [1.0, 0.3486, -0.4910]. Recommendation = [0.0, 0.7099, 0.4896], Current Cost = 5048.00, Rho = 1.000
(iter 10) [0.0, 0.9916, -0.4632] = 247.0815, sampling [1.0, -0.0937, 0.6283]. Recommendation = [0.0, 0.7099, 0.4896], Current Cost = 5049.00, Rho = 1.000
(iter 10) [0.0, 0.9916, -0.4632] = 247.0815, sampling [1.0, 0.3016, 1.0086]. Recommendation = [0.0, 0.7099, 0.4896], Current Cost = 5050.00, Rho = 1.000
(iter 10) [0.0, 0.9916, -0.4632] = 247.0815, sampling [1.0, 0.7370, 0.2078]. Recommendation = [0.0, 0.7099, 0.4896], Current Cost = 5051.00, Rho = 1.000
(iter 10) [0.0, 0.9916, -0.4632] = 247.0815, sampling [1.0, -0.2646, 0.1218]. Recommendation = [0.0, 0.7099, 0.4896], Current Cost = 5052.00, Rho = 1.000
(iter 10) [0.0, 0.9916, -0.4632] = 247.0815, sampling [1.0, -0.1218, -0.3408]. Recommendation = [0.0, 0.7099, 0.4896], Current Cost = 5053.00, Rho = 1.000
(iter 10) [0.0, 0.9916, -0.4632] = 247.0815, sampling [1.0, 0.7565, 1.4018]. Recommendation = [0.0, 0.7099, 0.4896], Current Cost = 5054.00, Rho = 1.000
(iter 10) [0.0, 0.9916, -0.4632] = 247.0815, sampling [1.0, 0.0288, -0.5533]. Recommendation = [0.0, 0.7099, 0.4896], Current Cost = 5055.00, Rho = 1.000
(iter 10) [0.0, 0.9916, -0.4632] = 247.0815, sampling [1.0, 0.2210, -0.5303]. Recommendation = [0.0, 0.7099, 0.4896], Current Cost = 5056.00, Rho = 1.000
(iter 10) [0.0, 0.9916, -0.4632] = 247.0815, sampling [1.0, -0.1339, 0.2548]. Recommendation = [0.0, 0.7099, 0.4896], Current Cost = 5057.00, Rho = 1.000
(iter 10) [0.0, 0.9916, -0.4632] = 247.0815, sampling [1.0, 1.2460, 0.7195]. Recommendation = [0.0, 0.7099, 0.4896], Current Cost = 5058.00, Rho = 1.000
(iter 10) [0.0, 0.9916, -0.4632] = 247.0815, sampling [1.0, -0.3611, 0.3022]. Recommendation = [0.0, 0.7099, 0.4896], Current Cost = 5059.00, Rho = 1.000
(iter 10) [0.0, 0.9916, -0.4632] = 247.0815, sampling [1.0, -0.1983, 0.3257]. Recommendation = [0.0, 0.7099, 0.4896], Current Cost = 5060.00, Rho = 1.000
(iter 10) [0.0, 0.9916, -0.4632] = 247.0815, sampling [1.0, -0.4096, -0.0535]. Recommendation = [0.0, 0.7099, 0.4896], Current Cost = 5061.00, Rho = 1.000
(iter 10) [0.0, 0.9916, -0.4632] = 247.0815, sampling [1.0, -0.3767, 0.5147]. Recommendation = [0.0, 0.7099, 0.4896], Current Cost = 5062.00, Rho = 1.000
(iter 10) [0.0, 0.9916, -0.4632] = 247.0815, sampling [1.0, -0.2241, 0.5848]. Recommendation = [0.0, 0.7099, 0.4896], Current Cost = 5063.00, Rho = 1.000
(iter 10) [0.0, 0.9916, -0.4632] = 247.0815, sampling [1.0, -0.4196, -0.1360]. Recommendation = [0.0, 0.7099, 0.4896], Current Cost = 5064.00, Rho = 1.000
(iter 10) [0.0, 0.9916, -0.4632] = 247.0815, sampling [1.0, 0.4237, -0.2630]. Recommendation = [0.0, 0.7099, 0.4896], Current Cost = 5065.00, Rho = 1.000
(iter 10) [0.0, 0.9916, -0.4632] = 247.0815, sampling [1.0, 1.3497, 1.4813]. Recommendation = [0.0, 0.7099, 0.4896], Current Cost = 5066.00, Rho = 1.000
(iter 10) [0.0, 0.9916, -0.4632] = 247.0815, sampling [1.0, 0.9735, 1.5567]. Recommendation = [0.0, 0.7099, 0.4896], Current Cost = 5067.00, Rho = 1.000
(iter 10) [0.0, 0.9916, -0.4632] = 247.0815, sampling [1.0, 1.4493, 1.2941]. Recommendation = [0.0, 0.7099, 0.4896], Current Cost = 5068.00, Rho = 1.000
(iter 10) [0.0, 0.9916, -0.4632] = 247.0815, sampling [1.0, 1.0611, 1.2685]. Recommendation = [0.0, 0.7099, 0.4896], Current Cost = 5069.00, Rho = 1.000
(iter 10) [0.0, 0.9916, -0.4632] = 247.0815, sampling [1.0, 1.1336, 1.7095]. Recommendation = [0.0, 0.7099, 0.4896], Current Cost = 5070.00, Rho = 1.000
(iter 10) [0.0, 0.9916, -0.4632] = 247.0815, sampling [1.0, 1.4939, 1.8190]. Recommendation = [0.0, 0.7099, 0.4896], Current Cost = 5071.00, Rho = 1.000
(iter 10) [0.0, 0.9916, -0.4632] = 247.0815, sampling [1.0, 1.2358, 1.9771]. Recommendation = [0.0, 0.7099, 0.4896], Current Cost = 5072.00, Rho = 1.000
(iter 10) [0.0, 0.9916, -0.4632] = 247.0815, sampling [1.0, 1.0010, 1.8834]. Recommendation = [0.0, 0.7099, 0.4896], Current Cost = 5073.00, Rho = 1.000
(iter 10) [0.0, 0.9916, -0.4632] = 247.0815, sampling [1.0, 1.7519, 1.8041]. Recommendation = [0.0, 0.7099, 0.4896], Current Cost = 5074.00, Rho = 1.000
(iter 10) [0.0, 0.9916, -0.4632] = 247.0815, sampling [1.0, 1.5269, 1.4565]. Recommendation = [0.0, 0.7099, 0.4896], Current Cost = 5075.00, Rho = 1.000
(iter 10) [0.0, 0.9916, -0.4632] = 247.0815, sampling [1.0, -0.5181, 0.3291]. Recommendation = [0.0, 0.7099, 0.4896], Current Cost = 5076.00, Rho = 1.000
(iter 10) [0.0, 0.9916, -0.4632] = 247.0815, sampling [1.0, -0.2926, 0.8171]. Recommendation = [0.0, 0.7099, 0.4896], Current Cost = 5077.00, Rho = 1.000
(iter 10) [0.0, 0.9916, -0.4632] = 247.0815, sampling [1.0, -0.3278, 0.6328]. Recommendation = [0.0, 0.7099, 0.4896], Current Cost = 5078.00, Rho = 1.000
(iter 10) [0.0, 0.9916, -0.4632] = 247.0815, sampling [1.0, -0.5459, 0.4128]. Recommendation = [0.0, 0.7099, 0.4896], Current Cost = 5079.00, Rho = 1.000
(iter 10) [0.0, 0.9916, -0.4632] = 247.0815, sampling [1.0, -0.5726, 0.5944]. Recommendation = [0.0, 0.7099, 0.4896], Current Cost = 5080.00, Rho = 1.000
(iter 10) [0.0, 0.9916, -0.4632] = 247.0815, sampling [1.0, -0.4355, 0.7550]. Recommendation = [0.0, 0.7099, 0.4896], Current Cost = 5081.00, Rho = 1.000
(iter 10) [0.0, 0.9916, -0.4632] = 247.0815, sampling [1.0, -0.5795, 0.5409]. Recommendation = [0.0, 0.7099, 0.4896], Current Cost = 5082.00, Rho = 1.000
(iter 10) [0.0, 0.9916, -0.4632] = 247.0815, sampling [1.0, 0.0073, 0.6618]. Recommendation = [0.0, 0.7099, 0.4896], Current Cost = 5083.00, Rho = 1.000
(iter 10) [0.0, 0.9916, -0.4632] = 247.0815, sampling [1.0, -0.3062, -0.5875]. Recommendation = [0.0, 0.7099, 0.4896], Current Cost = 5084.00, Rho = 1.000
(iter 10) [0.0, 0.9916, -0.4632] = 247.0815, sampling [1.0, 0.1043, -0.7403]. Recommendation = [0.0, 0.7099, 0.4896], Current Cost = 5085.00, Rho = 1.000
(iter 10) [0.0, 0.9916, -0.4632] = 247.0815, sampling [1.0, -0.1554, -0.3118]. Recommendation = [0.0, 0.7099, 0.4896], Current Cost = 5086.00, Rho = 1.000
(iter 10) [0.0, 0.9916, -0.4632] = 247.0815, sampling [1.0, -0.6485, 0.2452]. Recommendation = [0.0, 0.7099, 0.4896], Current Cost = 5087.00, Rho = 1.000
(iter 10) [0.0, 0.9916, -0.4632] = 247.0815, sampling [1.0, -0.5857, 0.3952]. Recommendation = [0.0, 0.7099, 0.4896], Current Cost = 5088.00, Rho = 1.000
(iter 10) [0.0, 0.9916, -0.4632] = 247.0815, sampling [1.0, 1.0346, 1.6962]. Recommendation = [0.0, 0.7099, 0.4896], Current Cost = 5089.00, Rho = 1.000
(iter 10) [0.0, 0.9916, -0.4632] = 247.0815, sampling [1.0, 0.5408, -0.6802]. Recommendation = [0.0, 0.7099, 0.4896], Current Cost = 5090.00, Rho = 1.000
(iter 10) [0.0, 0.9916, -0.4632] = 247.0815, sampling [1.0, 0.7728, 0.5685]. Recommendation = [0.0, 0.7099, 0.4896], Current Cost = 5091.00, Rho = 1.000
(iter 10) [0.0, 0.9916, -0.4632] = 247.0815, sampling [1.0, 1.2813, 0.9887]. Recommendation = [0.0, 0.7728, 0.5685], Current Cost = 5092.00, Rho = 1.000
(iter 10) [0.0, 0.9916, -0.4632] = 247.0815, sampling [1.0, -0.2177, 1.1911]. Recommendation = [0.0, 0.7728, 0.5685], Current Cost = 5093.00, Rho = 1.000
(iter 10) [0.0, 0.9916, -0.4632] = 247.0815, sampling [1.0, -0.5572, -0.3683]. Recommendation = [0.0, 0.7728, 0.5685], Current Cost = 5094.00, Rho = 1.000
(iter 10) [0.0, 0.9916, -0.4632] = 247.0815, sampling [1.0, 0.2572, -0.6990]. Recommendation = [0.0, 0.7728, 0.5685], Current Cost = 5095.00, Rho = 1.000
(iter 10) [0.0, 0.9916, -0.4632] = 247.0815, sampling [1.0, -0.1788, 0.7018]. Recommendation = [0.0, 0.7728, 0.5685], Current Cost = 5096.00, Rho = 1.000
(iter 10) [0.0, 0.9916, -0.4632] = 247.0815, sampling [1.0, -0.7185, 0.6004]. Recommendation = [0.0, 0.7728, 0.5685], Current Cost = 5097.00, Rho = 1.000
(iter 10) [0.0, 0.9916, -0.4632] = 247.0815, sampling [1.0, -0.7696, 0.4225]. Recommendation = [0.0, 0.7728, 0.5685], Current Cost = 5098.00, Rho = 1.000
(iter 10) [0.0, 0.9916, -0.4632] = 247.0815, sampling [1.0, -0.6460, 0.9580]. Recommendation = [0.0, 0.7728, 0.5685], Current Cost = 5099.00, Rho = 1.000
(iter 10) [0.0, 0.9916, -0.4632] = 247.0815, sampling [1.0, -0.4913, 0.8656]. Recommendation = [0.0, 0.7728, 0.5685], Current Cost = 5100.00, Rho = 1.000
(iter 10) [0.0, 0.9916, -0.4632] = 247.0815, sampling [1.0, -0.7997, 0.2708]. Recommendation = [0.0, 0.7728, 0.5685], Current Cost = 5101.00, Rho = 1.000
(iter 10) [0.0, 0.9916, -0.4632] = 247.0815, sampling [1.0, -0.7108, -0.1563]. Recommendation = [0.0, 0.7728, 0.5685], Current Cost = 5102.00, Rho = 1.000
(iter 10) [0.0, 0.9916, -0.4632] = 247.0815, sampling [1.0, -0.4498, 0.9754]. Recommendation = [0.0, 0.7728, 0.5685], Current Cost = 5103.00, Rho = 1.000
(iter 10) [0.0, 0.9916, -0.4632] = 247.0815, sampling [1.0, 0.6633, 0.2735]. Recommendation = [0.0, 0.7728, 0.5685], Current Cost = 5104.00, Rho = 1.000
(iter 10) [0.0, 0.9916, -0.4632] = 247.0815, sampling [1.0, -0.8687, 0.4714]. Recommendation = [0.0, 0.7728, 0.5685], Current Cost = 5105.00, Rho = 1.000
(iter 10) [0.0, 0.9916, -0.4632] = 247.0815, sampling [1.0, -0.9143, 0.6957]. Recommendation = [0.0, 0.7728, 0.5685], Current Cost = 5106.00, Rho = 1.000
(iter 10) [0.0, 0.9916, -0.4632] = 247.0815, sampling [1.0, -0.9028, 0.8583]. Recommendation = [0.0, 0.7728, 0.5685], Current Cost = 5107.00, Rho = 1.000
(iter 10) [0.0, 0.9916, -0.4632] = 247.0815, sampling [1.0, -0.7862, 1.0960]. Recommendation = [0.0, 0.7728, 0.5685], Current Cost = 5108.00, Rho = 1.000
(iter 10) [0.0, 0.9916, -0.4632] = 247.0815, sampling [1.0, -0.6335, 1.1931]. Recommendation = [0.0, 0.7728, 0.5685], Current Cost = 5109.00, Rho = 1.000
(iter 10) [0.0, 0.9916, -0.4632] = 247.0815, sampling [1.0, -0.6744, 1.0559]. Recommendation = [0.0, 0.7728, 0.5685], Current Cost = 5110.00, Rho = 1.000
(iter 10) [0.0, 0.9916, -0.4632] = 247.0815, sampling [1.0, -0.9768, 0.9047]. Recommendation = [0.0, 0.7728, 0.5685], Current Cost = 5111.00, Rho = 1.000
(iter 10) [0.0, 0.9916, -0.4632] = 247.0815, sampling [1.0, -0.9491, 0.7433]. Recommendation = [0.0, 0.7728, 0.5685], Current Cost = 5112.00, Rho = 1.000
(iter 10) [0.0, 0.9916, -0.4632] = 247.0815, sampling [1.0, -1.0158, 1.0272]. Recommendation = [0.0, 0.7728, 0.5685], Current Cost = 5113.00, Rho = 1.000
(iter 10) [0.0, 0.9916, -0.4632] = 247.0815, sampling [1.0, -0.9091, 1.2101]. Recommendation = [0.0, 0.7728, 0.5685], Current Cost = 5114.00, Rho = 1.000
(iter 10) [0.0, 0.9916, -0.4632] = 247.0815, sampling [1.0, -1.0548, 1.1758]. Recommendation = [0.0, 0.7728, 0.5685], Current Cost = 5115.00, Rho = 1.000
(iter 10) [0.0, 0.9916, -0.4632] = 247.0815, sampling [1.0, -0.7805, 1.3575]. Recommendation = [0.0, 0.7728, 0.5685], Current Cost = 5116.00, Rho = 1.000
(iter 10) [0.0, 0.9916, -0.4632] = 247.0815, sampling [1.0, -1.0435, 1.3520]. Recommendation = [0.0, 0.7728, 0.5685], Current Cost = 5117.00, Rho = 1.000
(iter 10) [0.0, 0.9916, -0.4632] = 247.0815, sampling [1.0, -0.9525, 1.6235]. Recommendation = [0.0, 0.7728, 0.5685], Current Cost = 5118.00, Rho = 1.000
(iter 10) [0.0, 0.9916, -0.4632] = 247.0815, sampling [1.0, -0.5645, 1.6085]. Recommendation = [0.0, 0.7728, 0.5685], Current Cost = 5119.00, Rho = 1.000
(iter 10) [0.0, 0.9916, -0.4632] = 247.0815, sampling [1.0, -1.1839, 0.9983]. Recommendation = [0.0, 0.7728, 0.5685], Current Cost = 5120.00, Rho = 1.000
(iter 10) [0.0, 0.9916, -0.4632] = 247.0815, sampling [1.0, -1.1070, 0.7919]. Recommendation = [0.0, 0.7728, 0.5685], Current Cost = 5121.00, Rho = 1.000
(iter 10) [0.0, 0.9916, -0.4632] = 247.0815, sampling [1.0, -1.3347, 1.4368]. Recommendation = [0.0, 0.7728, 0.5685], Current Cost = 5122.00, Rho = 1.000
(iter 10) [0.0, 0.9916, -0.4632] = 247.0815, sampling [1.0, -1.3457, 1.2002]. Recommendation = [0.0, 0.7728, 0.5685], Current Cost = 5123.00, Rho = 1.000
(iter 10) [0.0, 0.9916, -0.4632] = 247.0815, sampling [1.0, -1.2755, 1.7228]. Recommendation = [0.0, 0.7728, 0.5685], Current Cost = 5124.00, Rho = 1.000
(iter 10) [0.0, 0.9916, -0.4632] = 247.0815, sampling [1.0, -1.0753, 1.7336]. Recommendation = [0.0, 0.7728, 0.5685], Current Cost = 5125.00, Rho = 1.000
(iter 10) [0.0, 0.9916, -0.4632] = 247.0815, sampling [1.0, -1.4592, 1.6056]. Recommendation = [0.0, 0.7728, 0.5685], Current Cost = 5126.00, Rho = 1.000
(iter 10) [0.0, 0.9916, -0.4632] = 247.0815, sampling [1.0, -1.3727, 1.8625]. Recommendation = [0.0, 0.7728, 0.5685], Current Cost = 5127.00, Rho = 1.000
(iter 10) [0.0, 0.9916, -0.4632] = 247.0815, sampling [1.0, -1.1377, 1.9899]. Recommendation = [0.0, 0.7728, 0.5685], Current Cost = 5128.00, Rho = 1.000
(iter 10) [0.0, 0.9916, -0.4632] = 247.0815, sampling [1.0, -1.2075, 1.7808]. Recommendation = [0.0, 0.7728, 0.5685], Current Cost = 5129.00, Rho = 1.000
(iter 10) [0.0, 0.9916, -0.4632] = 247.0815, sampling [1.0, -1.5405, 1.9757]. Recommendation = [0.0, 0.7728, 0.5685], Current Cost = 5130.00, Rho = 1.000
(iter 10) [0.0, 0.9916, -0.4632] = 247.0815, sampling [1.0, -1.6222, 1.6565]. Recommendation = [0.0, 0.7728, 0.5685], Current Cost = 5131.00, Rho = 1.000
(iter 10) [0.0, 0.9916, -0.4632] = 247.0815, sampling [1.0, -1.3529, 1.3632]. Recommendation = [0.0, 0.7728, 0.5685], Current Cost = 5132.00, Rho = 1.000
(iter 10) [0.0, 0.9916, -0.4632] = 247.0815, sampling [1.0, -0.8580, 1.9927]. Recommendation = [0.0, 0.7728, 0.5685], Current Cost = 5133.00, Rho = 1.000
(iter 10) [0.0, 0.9916, -0.4632] = 247.0815, sampling [1.0, -1.2563, 1.7632]. Recommendation = [0.0, 0.7728, 0.5685], Current Cost = 5134.00, Rho = 1.000
(iter 10) [0.0, 0.9916, -0.4632] = 247.0815, sampling [1.0, -1.3775, 1.8899]. Recommendation = [0.0, 0.7728, 0.5685], Current Cost = 5135.00, Rho = 1.000
(iter 10) [0.0, 0.9916, -0.4632] = 247.0815, sampling [1.0, 0.3863, -0.3539]. Recommendation = [0.0, 0.7728, 0.5685], Current Cost = 5136.00, Rho = 1.000
(iter 10) [0.0, 0.9916, -0.4632] = 247.0815, sampling [1.0, 0.9650, 0.1017]. Recommendation = [0.0, 0.7728, 0.5685], Current Cost = 5137.00, Rho = 1.000
(iter 10) [0.0, 0.9916, -0.4632] = 247.0815, sampling [1.0, 0.4703, 1.3151]. Recommendation = [0.0, 0.7728, 0.5685], Current Cost = 5138.00, Rho = 1.000
(iter 10) [0.0, 0.9916, -0.4632] = 247.0815, sampling [1.0, 0.1352, -0.9845]. Recommendation = [0.0, 0.7728, 0.5685], Current Cost = 5139.00, Rho = 1.000
(iter 10) [0.0, 0.9916, -0.4632] = 247.0815, sampling [1.0, 1.1046, 1.7475]. Recommendation = [0.0, 0.7728, 0.5685], Current Cost = 5140.00, Rho = 1.000
(iter 10) [0.0, 0.9916, -0.4632] = 247.0815, sampling [1.0, 0.8163, 1.5126]. Recommendation = [0.0, 0.7728, 0.5685], Current Cost = 5141.00, Rho = 1.000
(iter 10) [0.0, 0.9916, -0.4632] = 247.0815, sampling [1.0, -0.4616, -0.6459]. Recommendation = [0.0, 0.7728, 0.5685], Current Cost = 5142.00, Rho = 1.000
(iter 10) [0.0, 0.9916, -0.4632] = 247.0815, sampling [1.0, -1.8088, 1.9202]. Recommendation = [0.0, 0.7728, 0.5685], Current Cost = 5143.00, Rho = 1.000
(iter 10) [0.0, 0.9916, -0.4632] = 247.0815, sampling [1.0, -0.3375, 0.7042]. Recommendation = [0.0, 0.7728, 0.5685], Current Cost = 5144.00, Rho = 1.000
(iter 10) [0.0, 0.9916, -0.4632] = 247.0815, sampling [1.0, 1.3248, 0.1298]. Recommendation = [0.0, 0.7728, 0.5685], Current Cost = 5145.00, Rho = 1.000
(iter 10) [0.0, 0.9916, -0.4632] = 247.0815, sampling [1.0, 0.4000, -0.8766]. Recommendation = [0.0, 0.7728, 0.5685], Current Cost = 5146.00, Rho = 1.000
(iter 10) [0.0, 0.9916, -0.4632] = 247.0815, sampling [1.0, 1.2686, 0.8497]. Recommendation = [0.0, 0.7728, 0.5685], Current Cost = 5147.00, Rho = 1.000
(iter 10) [0.0, 0.9916, -0.4632] = 247.0815, sampling [1.0, 0.4263, 1.0385]. Recommendation = [0.0, 0.7728, 0.5685], Current Cost = 5148.00, Rho = 1.000
(iter 10) [0.0, 0.9916, -0.4632] = 247.0815, sampling [1.0, 0.7163, -0.5037]. Recommendation = [0.0, 0.7728, 0.5685], Current Cost = 5149.00, Rho = 1.000
(iter 10) [0.0, 0.9916, -0.4632] = 247.0815, sampling [1.0, -0.4773, 1.1121]. Recommendation = [0.0, 0.7728, 0.5685], Current Cost = 5150.00, Rho = 1.000
(iter 10) [0.0, 0.9916, -0.4632] = 247.0815, sampling [1.0, -1.4796, 1.2222]. Recommendation = [0.0, 0.7728, 0.5685], Current Cost = 5151.00, Rho = 1.000
(iter 10) [0.0, 0.9916, -0.4632] = 247.0815, sampling [1.0, 0.3088, -0.4696]. Recommendation = [0.0, 0.7728, 0.5685], Current Cost = 5152.00, Rho = 1.000
(iter 10) [0.0, 0.9916, -0.4632] = 247.0815, sampling [1.0, -1.2471, 0.7925]. Recommendation = [0.0, 0.7728, 0.5685], Current Cost = 5153.00, Rho = 1.000
(iter 10) [0.0, 0.9916, -0.4632] = 247.0815, sampling [1.0, 0.7491, 1.9464]. Recommendation = [0.0, 0.7728, 0.5685], Current Cost = 5154.00, Rho = 1.000
(iter 10) [0.0, 0.9916, -0.4632] = 247.0815, sampling [1.0, 1.2582, 1.0414]. Recommendation = [0.0, 0.7728, 0.5685], Current Cost = 5155.00, Rho = 1.000
(iter 10) [0.0, 0.9916, -0.4632] = 247.0815, sampling [1.0, 0.0615, -0.8301]. Recommendation = [0.0, 0.7728, 0.5685], Current Cost = 5156.00, Rho = 1.000
(iter 10) [0.0, 0.9916, -0.4632] = 247.0815, sampling [1.0, 0.0711, 1.2976]. Recommendation = [0.0, 0.7728, 0.5685], Current Cost = 5157.00, Rho = 1.000
(iter 10) [0.0, 0.9916, -0.4632] = 247.0815, sampling [1.0, -0.7293, 1.0731]. Recommendation = [0.0, 0.7728, 0.5685], Current Cost = 5158.00, Rho = 1.000
(iter 10) [0.0, 0.9916, -0.4632] = 247.0815, sampling [1.0, -1.4057, 0.9654]. Recommendation = [0.0, 0.7728, 0.5685], Current Cost = 5159.00, Rho = 1.000
(iter 10) [0.0, 0.9916, -0.4632] = 247.0815, sampling [1.0, -0.8019, -0.1021]. Recommendation = [0.0, 0.7728, 0.5685], Current Cost = 5160.00, Rho = 1.000
(iter 10) [0.0, 0.9916, -0.4632] = 247.0815, sampling [1.0, -0.9966, 0.2201]. Recommendation = [0.0, 0.7728, 0.5685], Current Cost = 5161.00, Rho = 1.000
(iter 10) [0.0, 0.9916, -0.4632] = 247.0815, sampling [1.0, -0.3021, 0.8920]. Recommendation = [0.0, 0.7728, 0.5685], Current Cost = 5162.00, Rho = 1.000
(iter 10) [0.0, 0.9916, -0.4632] = 247.0815, sampling [1.0, 0.9474, 1.3358]. Recommendation = [0.0, 0.7728, 0.5685], Current Cost = 5163.00, Rho = 1.000
(iter 10) [0.0, 0.9916, -0.4632] = 247.0815, sampling [1.0, -1.1869, 0.5029]. Recommendation = [0.0, 0.7728, 0.5685], Current Cost = 5164.00, Rho = 1.000
(iter 10) [0.0, 0.9916, -0.4632] = 247.0815, sampling [1.0, -0.4287, -0.9687]. Recommendation = [0.0, 0.7728, 0.5685], Current Cost = 5165.00, Rho = 1.000
(iter 10) [0.0, 0.9916, -0.4632] = 247.0815, sampling [1.0, -0.7585, -0.3921]. Recommendation = [0.0, 0.7728, 0.5685], Current Cost = 5166.00, Rho = 1.000
(iter 10) [0.0, 0.9916, -0.4632] = 247.0815, sampling [1.0, 0.0510, -0.7185]. Recommendation = [0.0, 0.7728, 0.5685], Current Cost = 5167.00, Rho = 1.000
(iter 10) [0.0, 0.9916, -0.4632] = 247.0815, sampling [1.0, -0.3898, -0.6959]. Recommendation = [0.0, 0.7728, 0.5685], Current Cost = 5168.00, Rho = 1.000
(iter 10) [0.0, 0.9916, -0.4632] = 247.0815, sampling [1.0, 1.7530, 1.3425]. Recommendation = [0.0, 0.7728, 0.5685], Current Cost = 5169.00, Rho = 1.000
(iter 10) [0.0, 0.9916, -0.4632] = 247.0815, sampling [1.0, -0.6039, -0.4226]. Recommendation = [0.0, 0.7728, 0.5685], Current Cost = 5170.00, Rho = 1.000
(iter 10) [0.0, 0.9916, -0.4632] = 247.0815, sampling [1.0, 0.5639, -1.2865]. Recommendation = [0.0, 0.7728, 0.5685], Current Cost = 5171.00, Rho = 1.000
(iter 10) [0.0, 0.9916, -0.4632] = 247.0815, sampling [1.0, -0.2809, 1.9651]. Recommendation = [0.0, 0.7728, 0.5685], Current Cost = 5172.00, Rho = 1.000
(iter 10) [0.0, 0.9916, -0.4632] = 247.0815, sampling [1.0, -0.7464, -0.2182]. Recommendation = [0.0, 0.7728, 0.5685], Current Cost = 5173.00, Rho = 1.000
(iter 10) [0.0, 0.9916, -0.4632] = 247.0815, sampling [1.0, 0.5278, 1.1442]. Recommendation = [0.0, 0.7728, 0.5685], Current Cost = 5174.00, Rho = 1.000
(iter 10) [0.0, 0.9916, -0.4632] = 247.0815, sampling [1.0, 1.6905, 1.9574]. Recommendation = [0.0, 0.7728, 0.5685], Current Cost = 5175.00, Rho = 1.000
(iter 10) [0.0, 0.9916, -0.4632] = 247.0815, sampling [1.0, 0.1589, -0.8144]. Recommendation = [0.0, 0.7728, 0.5685], Current Cost = 5176.00, Rho = 1.000
(iter 10) [0.0, 0.9916, -0.4632] = 247.0815, sampling [1.0, -0.5001, 1.2357]. Recommendation = [0.0, 0.7728, 0.5685], Current Cost = 5177.00, Rho = 1.000
(iter 10) [0.0, 0.9916, -0.4632] = 247.0815, sampling [1.0, -0.3186, 1.0630]. Recommendation = [0.0, 0.7728, 0.5685], Current Cost = 5178.00, Rho = 1.000
(iter 10) [0.0, 0.9916, -0.4632] = 247.0815, sampling [1.0, 0.9406, -0.2453]. Recommendation = [0.0, 0.7728, 0.5685], Current Cost = 5179.00, Rho = 1.000
(iter 10) [0.0, 0.9916, -0.4632] = 247.0815, sampling [1.0, -0.6180, -0.7096]. Recommendation = [0.0, 0.7728, 0.5685], Current Cost = 5180.00, Rho = 1.000
(iter 10) [0.0, 0.9916, -0.4632] = 247.0815, sampling [1.0, 0.6046, -0.5750]. Recommendation = [0.0, 0.7728, 0.5685], Current Cost = 5181.00, Rho = 1.000
(iter 10) [0.0, 0.9916, -0.4632] = 247.0815, sampling [1.0, -0.0846, -1.2742]. Recommendation = [0.0, 0.7728, 0.5685], Current Cost = 5182.00, Rho = 1.000
(iter 10) [0.0, 0.9916, -0.4632] = 247.0815, sampling [1.0, -0.6277, 1.4432]. Recommendation = [0.0, 0.7728, 0.5685], Current Cost = 5183.00, Rho = 1.000
(iter 10) [0.0, 0.9916, -0.4632] = 247.0815, sampling [1.0, 0.1659, 0.7614]. Recommendation = [0.0, 0.7728, 0.5685], Current Cost = 5184.00, Rho = 1.000
(iter 10) [0.0, 0.9916, -0.4632] = 247.0815, sampling [1.0, 0.9832, 1.8118]. Recommendation = [0.0, 0.7728, 0.5685], Current Cost = 5185.00, Rho = 1.000
(iter 10) [0.0, 0.9916, -0.4632] = 247.0815, sampling [1.0, -1.2494, 0.6149]. Recommendation = [0.0, 0.7728, 0.5685], Current Cost = 5186.00, Rho = 1.000
(iter 10) [0.0, 0.9916, -0.4632] = 247.0815, sampling [1.0, 0.5752, 1.4650]. Recommendation = [0.0, 0.7728, 0.5685], Current Cost = 5187.00, Rho = 1.000
(iter 10) [0.0, 0.9916, -0.4632] = 247.0815, sampling [1.0, 0.3137, 1.1250]. Recommendation = [0.0, 0.7728, 0.5685], Current Cost = 5188.00, Rho = 1.000
(iter 10) [0.0, 0.9916, -0.4632] = 247.0815, sampling [1.0, 0.8326, -0.9093]. Recommendation = [0.0, 0.7728, 0.5685], Current Cost = 5189.00, Rho = 1.000
(iter 10) [0.0, 0.9916, -0.4632] = 247.0815, sampling [1.0, 0.2476, -1.1440]. Recommendation = [0.0, 0.7728, 0.5685], Current Cost = 5190.00, Rho = 1.000
(iter 10) [0.0, 0.9916, -0.4632] = 247.0815, sampling [1.0, -0.3929, 0.9482]. Recommendation = [0.0, 0.7728, 0.5685], Current Cost = 5191.00, Rho = 1.000
(iter 10) [0.0, 0.9916, -0.4632] = 247.0815, sampling [1.0, -1.5949, 1.2846]. Recommendation = [0.0, 0.7728, 0.5685], Current Cost = 5192.00, Rho = 1.000
(iter 10) [0.0, 0.9916, -0.4632] = 247.0815, sampling [1.0, 1.3668, 0.5345]. Recommendation = [0.0, 0.7728, 0.5685], Current Cost = 5193.00, Rho = 1.000
(iter 10) [0.0, 0.9916, -0.4632] = 247.0815, sampling [1.0, -0.4854, -0.7733]. Recommendation = [0.0, 0.7728, 0.5685], Current Cost = 5194.00, Rho = 1.000
(iter 10) [0.0, 0.9916, -0.4632] = 247.0815, sampling [1.0, 0.6659, 1.6932]. Recommendation = [0.0, 0.7728, 0.5685], Current Cost = 5195.00, Rho = 1.000
(iter 10) [0.0, 0.9916, -0.4632] = 247.0815, sampling [1.0, -1.0313, 0.0137]. Recommendation = [0.0, 0.7728, 0.5685], Current Cost = 5196.00, Rho = 1.000
(iter 10) [0.0, 0.9916, -0.4632] = 247.0815, sampling [1.0, 0.2303, -0.7360]. Recommendation = [0.0, 0.7728, 0.5685], Current Cost = 5197.00, Rho = 1.000
(iter 10) [0.0, 0.9916, -0.4632] = 247.0815, sampling [1.0, -0.2562, 1.3845]. Recommendation = [0.0, 0.7728, 0.5685], Current Cost = 5198.00, Rho = 1.000
(iter 10) [0.0, 0.9916, -0.4632] = 247.0815, sampling [1.0, 0.8058, -0.4246]. Recommendation = [0.0, 0.7728, 0.5685], Current Cost = 5199.00, Rho = 1.000
(iter 10) [0.0, 0.9916, -0.4632] = 247.0815, sampling [1.0, 1.0422, 0.0839]. Recommendation = [0.0, 0.7728, 0.5685], Current Cost = 5200.00, Rho = 1.000
(iter 10) [0.0, 0.9916, -0.4632] = 247.0815, sampling [1.0, -0.8487, 1.8744]. Recommendation = [0.0, 0.7728, 0.5685], Current Cost = 5201.00, Rho = 1.000
(iter 10) [0.0, 0.9916, -0.4632] = 247.0815, sampling [1.0, 0.1018, -1.0877]. Recommendation = [0.0, 0.7728, 0.5685], Current Cost = 5202.00, Rho = 1.000
(iter 10) [0.0, 0.9916, -0.4632] = 247.0815, sampling [1.0, 0.5443, -0.8644]. Recommendation = [0.0, 0.7728, 0.5685], Current Cost = 5203.00, Rho = 1.000
(iter 10) [0.0, 0.9916, -0.4632] = 247.0815, sampling [1.0, -0.7398, -0.4807]. Recommendation = [0.0, 0.7728, 0.5685], Current Cost = 5204.00, Rho = 1.000
(iter 10) [0.0, 0.9916, -0.4632] = 247.0815, sampling [1.0, -0.6814, 1.5297]. Recommendation = [0.0, 0.7728, 0.5685], Current Cost = 5205.00, Rho = 1.000
(iter 10) [0.0, 0.9916, -0.4632] = 247.0815, sampling [1.0, -0.3691, -1.1795]. Recommendation = [0.0, 0.7728, 0.5685], Current Cost = 5206.00, Rho = 1.000
(iter 10) [0.0, 0.9916, -0.4632] = 247.0815, sampling [1.0, -1.7796, 1.6385]. Recommendation = [0.0, 0.7728, 0.5685], Current Cost = 5207.00, Rho = 1.000
(iter 10) [0.0, 0.9916, -0.4632] = 247.0815, sampling [1.0, 1.7831, -0.6788]. Recommendation = [0.0, 0.7728, 0.5685], Current Cost = 5208.00, Rho = 1.000
(iter 10) [0.0, 0.9916, -0.4632] = 247.0815, sampling [1.0, -1.0080, -0.1617]. Recommendation = [0.0, 0.7728, 0.5685], Current Cost = 5209.00, Rho = 1.000
(iter 10) [0.0, 0.9916, -0.4632] = 247.0815, sampling [1.0, 1.3553, 0.7684]. Recommendation = [0.0, 0.7728, 0.5685], Current Cost = 5210.00, Rho = 1.000
(iter 10) [0.0, 0.9916, -0.4632] = 247.0815, sampling [1.0, 1.5026, 1.4275]. Recommendation = [0.0, 0.7728, 0.5685], Current Cost = 5211.00, Rho = 1.000
(iter 10) [0.0, 0.9916, -0.4632] = 247.0815, sampling [1.0, -1.1220, 0.1833]. Recommendation = [0.0, 0.7728, 0.5685], Current Cost = 5212.00, Rho = 1.000
(iter 10) [0.0, 0.9916, -0.4632] = 247.0815, sampling [1.0, 0.4519, -1.0719]. Recommendation = [0.0, 0.7728, 0.5685], Current Cost = 5213.00, Rho = 1.000
(iter 10) [0.0, 0.9916, -0.4632] = 247.0815, sampling [1.0, 1.5787, 1.1600]. Recommendation = [0.0, 0.7728, 0.5685], Current Cost = 5214.00, Rho = 1.000
(iter 10) [0.0, 0.9916, -0.4632] = 247.0815, sampling [1.0, -0.8118, -0.7585]. Recommendation = [0.0, 0.7728, 0.5685], Current Cost = 5215.00, Rho = 1.000
(iter 10) [0.0, 0.9916, -0.4632] = 247.0815, sampling [1.0, -0.8869, -0.4439]. Recommendation = [0.0, 0.7728, 0.5685], Current Cost = 5216.00, Rho = 1.000
(iter 10) [0.0, 0.9916, -0.4632] = 247.0815, sampling [1.0, 0.3805, 1.1295]. Recommendation = [0.0, 0.7728, 0.5685], Current Cost = 5217.00, Rho = 1.000
(iter 10) [0.0, 0.9916, -0.4632] = 247.0815, sampling [1.0, 0.1891, 1.4550]. Recommendation = [0.0, 0.7728, 0.5685], Current Cost = 5218.00, Rho = 1.000
(iter 10) [0.0, 0.9916, -0.4632] = 247.0815, sampling [1.0, -0.6117, -1.0090]. Recommendation = [0.0, 0.7728, 0.5685], Current Cost = 5219.00, Rho = 1.000
(iter 10) [0.0, 0.9916, -0.4632] = 247.0815, sampling [1.0, 0.0394, -1.5692]. Recommendation = [0.0, 0.7728, 0.5685], Current Cost = 5220.00, Rho = 1.000
(iter 10) [0.0, 0.9916, -0.4632] = 247.0815, sampling [1.0, 0.5314, 1.1809]. Recommendation = [0.0, 0.7728, 0.5685], Current Cost = 5221.00, Rho = 1.000
(iter 10) [0.0, 0.9916, -0.4632] = 247.0815, sampling [1.0, -1.4242, 0.6834]. Recommendation = [0.0, 0.7728, 0.5685], Current Cost = 5222.00, Rho = 1.000
(iter 10) [0.0, 0.9916, -0.4632] = 247.0815, sampling [1.0, 1.4333, 0.8759]. Recommendation = [0.0, 0.7728, 0.5685], Current Cost = 5223.00, Rho = 1.000
(iter 10) [0.0, 0.9916, -0.4632] = 247.0815, sampling [1.0, -1.7320, 1.8396]. Recommendation = [0.0, 0.7728, 0.5685], Current Cost = 5224.00, Rho = 1.000
(iter 10) [0.0, 0.9916, -0.4632] = 247.0815, sampling [1.0, -0.2342, -1.2088]. Recommendation = [0.0, 0.7728, 0.5685], Current Cost = 5225.00, Rho = 1.000
(iter 10) [0.0, 0.9916, -0.4632] = 247.0815, sampling [1.0, -1.5724, 0.9425]. Recommendation = [0.0, 0.7728, 0.5685], Current Cost = 5226.00, Rho = 1.000
(iter 10) [0.0, 0.9916, -0.4632] = 247.0815, sampling [1.0, -0.0626, 1.5892]. Recommendation = [0.0, 0.7728, 0.5685], Current Cost = 5227.00, Rho = 1.000
(iter 10) [0.0, 0.9916, -0.4632] = 247.0815, sampling [1.0, 0.2893, -1.4544]. Recommendation = [0.0, 0.7728, 0.5685], Current Cost = 5228.00, Rho = 1.000
(iter 10) [0.0, 0.9916, -0.4632] = 247.0815, sampling [1.0, -0.5219, -0.8348]. Recommendation = [0.0, 0.7728, 0.5685], Current Cost = 5229.00, Rho = 1.000
(iter 10) [0.0, 0.9916, -0.4632] = 247.0815, sampling [1.0, 0.4868, 1.5654]. Recommendation = [0.0, 0.7728, 0.5685], Current Cost = 5230.00, Rho = 1.000
(iter 10) [0.0, 0.9916, -0.4632] = 247.0815, sampling [1.0, 0.9992, 1.8474]. Recommendation = [0.0, 0.7728, 0.5685], Current Cost = 5231.00, Rho = 1.000
(iter 10) [0.0, 0.9916, -0.4632] = 247.0815, sampling [1.0, -1.3166, 0.5236]. Recommendation = [0.0, 0.7728, 0.5685], Current Cost = 5232.00, Rho = 1.000
(iter 10) [0.0, 0.9916, -0.4632] = 247.0815, sampling [1.0, 1.1476, 0.0255]. Recommendation = [0.0, 0.7728, 0.5685], Current Cost = 5233.00, Rho = 1.000
(iter 10) [0.0, 0.9916, -0.4632] = 247.0815, sampling [1.0, 0.2866, 1.9313]. Recommendation = [0.0, 0.7728, 0.5685], Current Cost = 5234.00, Rho = 1.000
(iter 10) [0.0, 0.9916, -0.4632] = 247.0815, sampling [1.0, -0.5347, 1.9167]. Recommendation = [0.0, 0.7728, 0.5685], Current Cost = 5235.00, Rho = 1.000
(iter 10) [0.0, 0.9916, -0.4632] = 247.0815, sampling [1.0, -0.8433, -0.5520]. Recommendation = [0.0, 0.7728, 0.5685], Current Cost = 5236.00, Rho = 1.000
(iter 10) [0.0, 0.9916, -0.4632] = 247.0815, sampling [1.0, -0.1150, 1.3767]. Recommendation = [0.0, 0.7728, 0.5685], Current Cost = 5237.00, Rho = 1.000
(iter 10) [0.0, 0.9916, -0.4632] = 247.0815, sampling [1.0, 1.8930, 1.5418]. Recommendation = [0.0, 0.7728, 0.5685], Current Cost = 5238.00, Rho = 1.000
(iter 10) [0.0, 0.9916, -0.4632] = 247.0815, sampling [1.0, -1.0328, -0.3291]. Recommendation = [0.0, 0.7728, 0.5685], Current Cost = 5239.00, Rho = 1.000
(iter 10) [0.0, 0.9916, -0.4632] = 247.0815, sampling [1.0, 0.8959, -0.6229]. Recommendation = [0.0, 0.7728, 0.5685], Current Cost = 5240.00, Rho = 1.000
(iter 10) [0.0, 0.9916, -0.4632] = 247.0815, sampling [1.0, 0.3634, -1.9130]. Recommendation = [0.0, 0.7728, 0.5685], Current Cost = 5241.00, Rho = 1.000
(iter 10) [0.0, 0.9916, -0.4632] = 247.0815, sampling [1.0, -0.5063, 1.5474]. Recommendation = [0.0, 0.7728, 0.5685], Current Cost = 5242.00, Rho = 1.000
(iter 10) [0.0, 0.9916, -0.4632] = 247.0815, sampling [1.0, -1.8621, 1.2270]. Recommendation = [0.0, 0.7728, 0.5685], Current Cost = 5243.00, Rho = 1.000
(iter 10) [0.0, 0.9916, -0.4632] = 247.0815, sampling [1.0, -1.1454, 0.0691]. Recommendation = [0.0, 0.7728, 0.5685], Current Cost = 5244.00, Rho = 1.000
(iter 10) [0.0, 0.9916, -0.4632] = 247.0815, sampling [1.0, -0.3491, -1.5831]. Recommendation = [0.0, 0.7728, 0.5685], Current Cost = 5245.00, Rho = 1.000
(iter 10) [0.0, 0.9916, -0.4632] = 247.0815, sampling [1.0, 1.5893, 1.0076]. Recommendation = [0.0, 0.7728, 0.5685], Current Cost = 5246.00, Rho = 1.000
(iter 10) [0.0, 0.9916, -0.4632] = 247.0815, sampling [1.0, -0.7230, -1.2977]. Recommendation = [0.0, 0.7728, 0.5685], Current Cost = 5247.00, Rho = 1.000
(iter 10) [0.0, 0.9916, -0.4632] = 247.0815, sampling [1.0, -0.4695, -1.0526]. Recommendation = [0.0, 0.7728, 0.5685], Current Cost = 5248.00, Rho = 1.000
(iter 10) [0.0, 0.9916, -0.4632] = 247.0815, sampling [1.0, 0.5807, -1.0942]. Recommendation = [0.0, 0.7728, 0.5685], Current Cost = 5249.00, Rho = 1.000
(iter 10) [0.0, 0.9916, -0.4632] = 247.0815, sampling [1.0, 0.5975, 1.7855]. Recommendation = [0.0, 0.7728, 0.5685], Current Cost = 5250.00, Rho = 1.000
(iter 10) [0.0, 0.9916, -0.4632] = 247.0815, sampling [1.0, -0.0515, -1.3492]. Recommendation = [0.0, 0.7728, 0.5685], Current Cost = 5251.00, Rho = 1.000
(iter 10) [0.0, 0.9916, -0.4632] = 247.0815, sampling [1.0, 1.0654, -0.2674]. Recommendation = [0.0, 0.7728, 0.5685], Current Cost = 5252.00, Rho = 1.000
(iter 10) [0.0, 0.9916, -0.4632] = 247.0815, sampling [1.0, -0.2496, 1.6422]. Recommendation = [0.0, 0.7728, 0.5685], Current Cost = 5253.00, Rho = 1.000
(iter 10) [0.0, 0.9916, -0.4632] = 247.0815, sampling [1.0, -0.9626, -0.9772]. Recommendation = [0.0, 0.7728, 0.5685], Current Cost = 5254.00, Rho = 1.000
(iter 10) [0.0, 0.9916, -0.4632] = 247.0815, sampling [1.0, -0.6588, 1.4734]. Recommendation = [0.0, 0.7728, 0.5685], Current Cost = 5255.00, Rho = 1.000
(iter 10) [0.0, 0.9916, -0.4632] = 247.0815, sampling [1.0, 1.4704, 0.3878]. Recommendation = [0.0, 0.7728, 0.5685], Current Cost = 5256.00, Rho = 1.000
(iter 10) [0.0, 0.9916, -0.4632] = 247.0815, sampling [1.0, 0.2502, 1.5690]. Recommendation = [0.0, 0.7728, 0.5685], Current Cost = 5257.00, Rho = 1.000
(iter 10) [0.0, 0.9916, -0.4632] = 247.0815, sampling [1.0, 0.6107, 1.9397]. Recommendation = [0.0, 0.7728, 0.5685], Current Cost = 5258.00, Rho = 1.000
(iter 10) [0.0, 0.9916, -0.4632] = 247.0815, sampling [1.0, 0.0411, 1.3983]. Recommendation = [0.0, 0.7728, 0.5685], Current Cost = 5259.00, Rho = 1.000
(iter 10) [0.0, 0.9916, -0.4632] = 247.0815, sampling [1.0, -0.1496, -1.9665]. Recommendation = [0.0, 0.7728, 0.5685], Current Cost = 5260.00, Rho = 1.000
(iter 10) [0.0, 0.9916, -0.4632] = 247.0815, sampling [1.0, -1.6659, 1.6519]. Recommendation = [0.0, 0.7728, 0.5685], Current Cost = 5261.00, Rho = 1.000
(iter 10) [0.0, 0.9916, -0.4632] = 247.0815, sampling [1.0, 0.4604, -1.1488]. Recommendation = [0.0, 0.7728, 0.5685], Current Cost = 5262.00, Rho = 1.000
(iter 10) [0.0, 0.9916, -0.4632] = 247.0815, sampling [1.0, -0.2463, 1.5019]. Recommendation = [0.0, 0.7728, 0.5685], Current Cost = 5263.00, Rho = 1.000
(iter 10) [0.0, 0.9916, -0.4632] = 247.0815, sampling [1.0, 0.6835, -1.5059]. Recommendation = [0.0, 0.7728, 0.5685], Current Cost = 5264.00, Rho = 1.000
(iter 10) [0.0, 0.9916, -0.4632] = 247.0815, sampling [1.0, -0.8743, -0.6317]. Recommendation = [0.0, 0.7728, 0.5685], Current Cost = 5265.00, Rho = 1.000
(iter 10) [0.0, 0.9916, -0.4632] = 247.0815, sampling [1.0, -1.8658, 1.7695]. Recommendation = [0.0, 0.7728, 0.5685], Current Cost = 5266.00, Rho = 1.000
(iter 10) [0.0, 0.9916, -0.4632] = 247.0815, sampling [1.0, -1.1926, -0.1782]. Recommendation = [0.0, 0.7728, 0.5685], Current Cost = 5267.00, Rho = 1.000
(iter 10) [0.0, 0.9916, -0.4632] = 247.0815, sampling [1.0, -1.3403, 0.2080]. Recommendation = [0.0, 0.7728, 0.5685], Current Cost = 5268.00, Rho = 1.000
(iter 10) [0.0, 0.9916, -0.4632] = 247.0815, sampling [1.0, -1.1298, -0.5063]. Recommendation = [0.0, 0.7728, 0.5685], Current Cost = 5269.00, Rho = 1.000
(iter 10) [0.0, 0.9916, -0.4632] = 247.0815, sampling [1.0, 1.9801, 0.8306]. Recommendation = [0.0, 0.7728, 0.5685], Current Cost = 5270.00, Rho = 1.000
(iter 10) [0.0, 0.9916, -0.4632] = 247.0815, sampling [1.0, 0.0236, 1.8285]. Recommendation = [0.0, 0.7728, 0.5685], Current Cost = 5271.00, Rho = 1.000
(iter 10) [0.0, 0.9916, -0.4632] = 247.0815, sampling [1.0, -0.1076, -1.6840]. Recommendation = [0.0, 0.7728, 0.5685], Current Cost = 5272.00, Rho = 1.000
(iter 10) [0.0, 0.9916, -0.4632] = 247.0815, sampling [1.0, 1.1566, -0.0367]. Recommendation = [0.0, 0.7728, 0.5685], Current Cost = 5273.00, Rho = 1.000
(iter 10) [0.0, 0.9916, -0.4632] = 247.0815, sampling [1.0, 0.5563, -0.8972]. Recommendation = [0.0, 0.7728, 0.5685], Current Cost = 5274.00, Rho = 1.000
(iter 10) [0.0, 0.9916, -0.4632] = 247.0815, sampling [1.0, -0.3358, -1.2304]. Recommendation = [0.0, 0.7728, 0.5685], Current Cost = 5275.00, Rho = 1.000
(iter 10) [0.0, 0.9916, -0.4632] = 247.0815, sampling [1.0, -1.7910, -1.9463]. Recommendation = [0.0, 0.7728, 0.5685], Current Cost = 5276.00, Rho = 1.000
(iter 10) [0.0, 0.9916, -0.4632] = 247.0815, sampling [1.0, -0.6937, -1.0078]. Recommendation = [0.0, 0.7728, 0.5685], Current Cost = 5277.00, Rho = 1.000
(iter 10) [0.0, 0.9916, -0.4632] = 247.0815, sampling [1.0, 1.8148, 1.7381]. Recommendation = [0.0, 0.7728, 0.5685], Current Cost = 5278.00, Rho = 1.000
(iter 10) [0.0, 0.9916, -0.4632] = 247.0815, sampling [1.0, 1.6521, 1.2449]. Recommendation = [0.0, 0.7728, 0.5685], Current Cost = 5279.00, Rho = 1.000
(iter 10) [0.0, 0.9916, -0.4632] = 247.0815, sampling [1.0, -1.5634, 0.7255]. Recommendation = [0.0, 0.7728, 0.5685], Current Cost = 5280.00, Rho = 1.000
(iter 10) [0.0, 0.9916, -0.4632] = 247.0815, sampling [1.0, 0.8488, -1.1617]. Recommendation = [0.0, 0.7728, 0.5685], Current Cost = 5281.00, Rho = 1.000
(iter 10) [0.0, 0.9916, -0.4632] = 247.0815, sampling [1.0, 0.3564, -1.3985]. Recommendation = [0.0, 0.7728, 0.5685], Current Cost = 5282.00, Rho = 1.000
(iter 10) [0.0, 0.9916, -0.4632] = 247.0815, sampling [1.0, 0.1447, -1.6382]. Recommendation = [0.0, 0.7728, 0.5685], Current Cost = 5283.00, Rho = 1.000
(iter 10) [0.0, 0.9916, -0.4632] = 247.0815, sampling [1.0, -0.8276, 1.9036]. Recommendation = [0.0, 0.7728, 0.5685], Current Cost = 5284.00, Rho = 1.000
(iter 10) [0.0, 0.9916, -0.4632] = 247.0815, sampling [1.0, -1.4547, 0.4024]. Recommendation = [0.0, 0.7728, 0.5685], Current Cost = 5285.00, Rho = 1.000
(iter 10) [0.0, 0.9916, -0.4632] = 247.0815, sampling [1.0, 0.4361, 1.6257]. Recommendation = [0.0, 0.7728, 0.5685], Current Cost = 5286.00, Rho = 1.000
(iter 10) [0.0, 0.9916, -0.4632] = 247.0815, sampling [1.0, 1.1663, -1.9576]. Recommendation = [0.0, 0.7728, 0.5685], Current Cost = 5287.00, Rho = 1.000
(iter 10) [0.0, 0.9916, -0.4632] = 247.0815, sampling [1.0, 0.6336, 1.6749]. Recommendation = [0.0, 0.7728, 0.5685], Current Cost = 5288.00, Rho = 1.000
(iter 10) [0.0, 0.9916, -0.4632] = 247.0815, sampling [1.0, 0.1271, 1.5078]. Recommendation = [0.0, 0.7728, 0.5685], Current Cost = 5289.00, Rho = 1.000
(iter 10) [0.0, 0.9916, -0.4632] = 247.0815, sampling [1.0, -0.0354, 1.4108]. Recommendation = [0.0, 0.7728, 0.5685], Current Cost = 5290.00, Rho = 1.000
(iter 10) [0.0, 0.9916, -0.4632] = 247.0815, sampling [1.0, 0.8774, -0.8203]. Recommendation = [0.0, 0.7728, 0.5685], Current Cost = 5291.00, Rho = 1.000
(iter 10) [0.0, 0.9916, -0.4632] = 247.0815, sampling [1.0, -0.5984, -1.5377]. Recommendation = [0.0, 0.7728, 0.5685], Current Cost = 5292.00, Rho = 1.000
(iter 10) [0.0, 0.9916, -0.4632] = 247.0815, sampling [1.0, -1.2182, -0.0772]. Recommendation = [0.0, 0.7728, 0.5685], Current Cost = 5293.00, Rho = 1.000
(iter 10) [0.0, 0.9916, -0.4632] = 247.0815, sampling [1.0, 0.5186, 1.8499]. Recommendation = [0.0, 0.7728, 0.5685], Current Cost = 5294.00, Rho = 1.000
(iter 10) [0.0, 0.9916, -0.4632] = 247.0815, sampling [1.0, -0.9415, -0.7811]. Recommendation = [0.0, 0.7728, 0.5685], Current Cost = 5295.00, Rho = 1.000
(iter 10) [0.0, 0.9916, -0.4632] = 247.0815, sampling [1.0, 1.2786, -0.0294]. Recommendation = [0.0, 0.7728, 0.5685], Current Cost = 5296.00, Rho = 1.000
(iter 10) [0.0, 0.9916, -0.4632] = 247.0815, sampling [1.0, 1.0934, -0.4129]. Recommendation = [0.0, 0.7728, 0.5685], Current Cost = 5297.00, Rho = 1.000
(iter 10) [0.0, 0.9916, -0.4632] = 247.0815, sampling [1.0, -0.2141, 1.7990]. Recommendation = [0.0, 0.7728, 0.5685], Current Cost = 5298.00, Rho = 1.000
(iter 10) [0.0, 0.9916, -0.4632] = 247.0815, sampling [1.0, -0.3587, -1.8112]. Recommendation = [0.0, 0.7728, 0.5685], Current Cost = 5299.00, Rho = 1.000
(iter 10) [0.0, 0.9916, -0.4632] = 247.0815, sampling [1.0, -1.9645, 1.5944]. Recommendation = [0.0, 0.7728, 0.5685], Current Cost = 5300.00, Rho = 1.000
(iter 10) [0.0, 0.9916, -0.4632] = 247.0815, sampling [1.0, -1.5498, 0.8411]. Recommendation = [0.0, 0.7728, 0.5685], Current Cost = 5301.00, Rho = 1.000
(iter 10) [0.0, 0.9916, -0.4632] = 247.0815, sampling [1.0, -0.4428, 1.8717]. Recommendation = [0.0, 0.7728, 0.5685], Current Cost = 5302.00, Rho = 1.000
(iter 10) [0.0, 0.9916, -0.4632] = 247.0815, sampling [1.0, -0.0403, -1.5861]. Recommendation = [0.0, 0.7728, 0.5685], Current Cost = 5303.00, Rho = 1.000
(iter 10) [0.0, 0.9916, -0.4632] = 247.0815, sampling [1.0, -0.0209, -1.7463]. Recommendation = [0.0, 0.7728, 0.5685], Current Cost = 5304.00, Rho = 1.000
(iter 10) [0.0, 0.9916, -0.4632] = 247.0815, sampling [1.0, 0.0842, 1.4205]. Recommendation = [0.0, 0.7728, 0.5685], Current Cost = 5305.00, Rho = 1.000
(iter 10) [0.0, 0.9916, -0.4632] = 247.0815, sampling [1.0, -0.1388, 1.5783]. Recommendation = [0.0, 0.7728, 0.5685], Current Cost = 5306.00, Rho = 1.000
(iter 10) [0.0, 0.9916, -0.4632] = 247.0815, sampling [1.0, 1.2899, -0.2106]. Recommendation = [0.0, 0.7728, 0.5685], Current Cost = 5307.00, Rho = 1.000
(iter 10) [0.0, 0.9916, -0.4632] = 247.0815, sampling [1.0, 1.4477, 0.4855]. Recommendation = [0.0, 0.7728, 0.5685], Current Cost = 5308.00, Rho = 1.000
(iter 10) [0.0, 0.9916, -0.4632] = 247.0815, sampling [1.0, 1.6580, 1.1089]. Recommendation = [0.0, 0.7728, 0.5685], Current Cost = 5309.00, Rho = 1.000
(iter 10) [0.0, 0.9916, -0.4632] = 247.0815, sampling [1.0, -1.7191, 0.9234]. Recommendation = [0.0, 0.7728, 0.5685], Current Cost = 5310.00, Rho = 1.000
(iter 10) [0.0, 0.9916, -0.4632] = 247.0815, sampling [1.0, 0.4447, -1.7693]. Recommendation = [0.0, 0.7728, 0.5685], Current Cost = 5311.00, Rho = 1.000
(iter 10) [0.0, 0.9916, -0.4632] = 247.0815, sampling [1.0, -1.4451, 0.6496]. Recommendation = [0.0, 0.7728, 0.5685], Current Cost = 5312.00, Rho = 1.000
(iter 10) [0.0, 0.9916, -0.4632] = 247.0815, sampling [1.0, -0.2722, -1.7066]. Recommendation = [0.0, 0.7728, 0.5685], Current Cost = 5313.00, Rho = 1.000
(iter 10) [0.0, 0.9916, -0.4632] = 247.0815, sampling [1.0, -0.0640, 1.9119]. Recommendation = [0.0, 0.7728, 0.5685], Current Cost = 5314.00, Rho = 1.000
(iter 10) [0.0, 0.9916, -0.4632] = 247.0815, sampling [1.0, 1.4764, 0.0733]. Recommendation = [0.0, 0.7728, 0.5685], Current Cost = 5315.00, Rho = 1.000
(iter 10) [0.0, 0.9916, -0.4632] = 247.0815, sampling [1.0, 0.9221, -0.9431]. Recommendation = [0.0, 0.7728, 0.5685], Current Cost = 5316.00, Rho = 1.000
(iter 10) [0.0, 0.9916, -0.4632] = 247.0815, sampling [1.0, 1.6243, 0.6730]. Recommendation = [0.0, 0.7728, 0.5685], Current Cost = 5317.00, Rho = 1.000
(iter 10) [0.0, 0.9916, -0.4632] = 247.0815, sampling [1.0, -1.0832, -0.7975]. Recommendation = [0.0, 0.7728, 0.5685], Current Cost = 5318.00, Rho = 1.000
(iter 10) [0.0, 0.9916, -0.4632] = 247.0815, sampling [1.0, -1.3257, -0.3614]. Recommendation = [0.0, 0.7728, 0.5685], Current Cost = 5319.00, Rho = 1.000
(iter 10) [0.0, 0.9916, -0.4632] = 247.0815, sampling [1.0, -1.6498, 0.6217]. Recommendation = [0.0, 0.7728, 0.5685], Current Cost = 5320.00, Rho = 1.000
(iter 10) [0.0, 0.9916, -0.4632] = 247.0815, sampling [1.0, -0.9207, -0.8893]. Recommendation = [0.0, 0.7728, 0.5685], Current Cost = 5321.00, Rho = 1.000
(iter 10) [0.0, 0.9916, -0.4632] = 247.0815, sampling [1.0, 0.8479, -1.3744]. Recommendation = [0.0, 0.7728, 0.5685], Current Cost = 5322.00, Rho = 1.000
(iter 10) [0.0, 0.9916, -0.4632] = 247.0815, sampling [1.0, -0.1904, 1.6669]. Recommendation = [0.0, 0.7728, 0.5685], Current Cost = 5323.00, Rho = 1.000
(iter 10) [0.0, 0.9916, -0.4632] = 247.0815, sampling [1.0, 0.4021, 1.7582]. Recommendation = [0.0, 0.7728, 0.5685], Current Cost = 5324.00, Rho = 1.000
(iter 10) [0.0, 0.9916, -0.4632] = 247.0815, sampling [1.0, -0.1641, -1.7794]. Recommendation = [0.0, 0.7728, 0.5685], Current Cost = 5325.00, Rho = 1.000
(iter 10) [0.0, 0.9916, -0.4632] = 247.0815, sampling [1.0, 0.4130, 1.6838]. Recommendation = [0.0, 0.7728, 0.5685], Current Cost = 5326.00, Rho = 1.000
(iter 10) [0.0, 0.9916, -0.4632] = 247.0815, sampling [1.0, 0.8135, -0.9482]. Recommendation = [0.0, 0.7728, 0.5685], Current Cost = 5327.00, Rho = 1.000
(iter 10) [0.0, 0.9916, -0.4632] = 247.0815, sampling [1.0, 1.8161, 1.5277]. Recommendation = [0.0, 0.7728, 0.5685], Current Cost = 5328.00, Rho = 1.000
(iter 10) [0.0, 0.9916, -0.4632] = 247.0815, sampling [1.0, 1.0844, -1.0592]. Recommendation = [0.0, 0.7728, 0.5685], Current Cost = 5329.00, Rho = 1.000
(iter 10) [0.0, 0.9916, -0.4632] = 247.0815, sampling [1.0, -0.0027, -1.6452]. Recommendation = [0.0, 0.7728, 0.5685], Current Cost = 5330.00, Rho = 1.000
(iter 10) [0.0, 0.9916, -0.4632] = 247.0815, sampling [1.0, 1.6795, 0.9790]. Recommendation = [0.0, 0.7728, 0.5685], Current Cost = 5331.00, Rho = 1.000
(iter 10) [0.0, 0.9916, -0.4632] = 247.0815, sampling [1.0, 0.6265, -1.9975]. Recommendation = [0.0, 0.7728, 0.5685], Current Cost = 5332.00, Rho = 1.000
(iter 10) [0.0, 0.9916, -0.4632] = 247.0815, sampling [1.0, 1.9879, 1.2535]. Recommendation = [0.0, 0.7728, 0.5685], Current Cost = 5333.00, Rho = 1.000
(iter 10) [0.0, 0.9916, -0.4632] = 247.0815, sampling [1.0, -0.5431, -1.8598]. Recommendation = [0.0, 0.7728, 0.5685], Current Cost = 5334.00, Rho = 1.000
(iter 10) [0.0, 0.9916, -0.4632] = 247.0815, sampling [1.0, -0.8927, -1.3789]. Recommendation = [0.0, 0.7728, 0.5685], Current Cost = 5335.00, Rho = 1.000
(iter 10) [0.0, 0.9916, -0.4632] = 247.0815, sampling [1.0, 1.2493, -0.7223]. Recommendation = [0.0, 0.7728, 0.5685], Current Cost = 5336.00, Rho = 1.000
(iter 10) [0.0, 0.9916, -0.4632] = 247.0815, sampling [1.0, 1.7700, 0.3663]. Recommendation = [0.0, 0.7728, 0.5685], Current Cost = 5337.00, Rho = 1.000
(iter 10) [0.0, 0.9916, -0.4632] = 247.0815, sampling [1.0, -1.9362, 0.9337]. Recommendation = [0.0, 0.7728, 0.5685], Current Cost = 5338.00, Rho = 1.000
(iter 10) [0.0, 0.9916, -0.4632] = 247.0815, sampling [1.0, -1.4864, 0.4523]. Recommendation = [0.0, 0.7728, 0.5685], Current Cost = 5339.00, Rho = 1.000
(iter 10) [0.0, 0.9916, -0.4632] = 247.0815, sampling [1.0, -1.0164, -1.1265]. Recommendation = [0.0, 0.7728, 0.5685], Current Cost = 5340.00, Rho = 1.000
(iter 10) [0.0, 0.9916, -0.4632] = 247.0815, sampling [1.0, 1.3087, -0.3122]. Recommendation = [0.0, 0.7728, 0.5685], Current Cost = 5341.00, Rho = 1.000
(iter 10) [0.0, 0.9916, -0.4632] = 247.0815, sampling [1.0, 1.3879, -0.1232]. Recommendation = [0.0, 0.7728, 0.5685], Current Cost = 5342.00, Rho = 1.000
(iter 10) [0.0, 0.9916, -0.4632] = 247.0815, sampling [1.0, -0.7038, -1.6782]. Recommendation = [0.0, 0.7728, 0.5685], Current Cost = 5343.00, Rho = 1.000
(iter 10) [0.0, 0.9916, -0.4632] = 247.0815, sampling [1.0, -1.2699, -0.7892]. Recommendation = [0.0, 0.7728, 0.5685], Current Cost = 5344.00, Rho = 1.000
(iter 10) [0.0, 0.9916, -0.4632] = 247.0815, sampling [1.0, -1.5142, 0.0419]. Recommendation = [0.0, 0.7728, 0.5685], Current Cost = 5345.00, Rho = 1.000
(iter 10) [0.0, 0.9916, -0.4632] = 247.0815, sampling [1.0, 1.9183, -1.9776]. Recommendation = [0.0, 0.7728, 0.5685], Current Cost = 5346.00, Rho = 1.000
(iter 10) [0.0, 0.9916, -0.4632] = 247.0815, sampling [1.0, -1.4168, -0.2059]. Recommendation = [0.0, 0.7728, 0.5685], Current Cost = 5347.00, Rho = 1.000
(iter 10) [0.0, 0.9916, -0.4632] = 247.0815, sampling [1.0, -0.0108, -1.5618]. Recommendation = [0.0, 0.7728, 0.5685], Current Cost = 5348.00, Rho = 1.000
(iter 10) [0.0, 0.9916, -0.4632] = 247.0815, sampling [1.0, -1.6094, 0.4423]. Recommendation = [0.0, 0.7728, 0.5685], Current Cost = 5349.00, Rho = 1.000
(iter 10) [0.0, 0.9916, -0.4632] = 247.0815, sampling [1.0, 0.7632, -1.8233]. Recommendation = [0.0, 0.7728, 0.5685], Current Cost = 5350.00, Rho = 1.000
(iter 10) [0.0, 0.9916, -0.4632] = 247.0815, sampling [1.0, 1.7294, 1.3047]. Recommendation = [0.0, 0.7728, 0.5685], Current Cost = 5351.00, Rho = 1.000
(iter 10) [0.0, 0.9916, -0.4632] = 247.0815, sampling [1.0, -0.6694, -1.5178]. Recommendation = [0.0, 0.7728, 0.5685], Current Cost = 5352.00, Rho = 1.000
(iter 10) [0.0, 0.9916, -0.4632] = 247.0815, sampling [1.0, 1.5551, 0.7476]. Recommendation = [0.0, 0.7728, 0.5685], Current Cost = 5353.00, Rho = 1.000
(iter 10) [0.0, 0.9916, -0.4632] = 247.0815, sampling [1.0, -0.4035, -1.8872]. Recommendation = [0.0, 0.7728, 0.5685], Current Cost = 5354.00, Rho = 1.000
(iter 10) [0.0, 0.9916, -0.4632] = 247.0815, sampling [1.0, -0.8226, -1.4815]. Recommendation = [0.0, 0.7728, 0.5685], Current Cost = 5355.00, Rho = 1.000
(iter 10) [0.0, 0.9916, -0.4632] = 247.0815, sampling [1.0, -1.1533, -1.0283]. Recommendation = [0.0, 0.7728, 0.5685], Current Cost = 5356.00, Rho = 1.000
(iter 10) [0.0, 0.9916, -0.4632] = 247.0815, sampling [1.0, 0.9600, -1.4894]. Recommendation = [0.0, 0.7728, 0.5685], Current Cost = 5357.00, Rho = 1.000
(iter 10) [0.0, 0.9916, -0.4632] = 247.0815, sampling [1.0, -1.9492, 1.4933]. Recommendation = [0.0, 0.7728, 0.5685], Current Cost = 5358.00, Rho = 1.000
(iter 10) [0.0, 0.9916, -0.4632] = 247.0815, sampling [1.0, -1.3956, -0.4758]. Recommendation = [0.0, 0.7728, 0.5685], Current Cost = 5359.00, Rho = 1.000
(iter 10) [0.0, 0.9916, -0.4632] = 247.0815, sampling [1.0, -0.9693, -0.8854]. Recommendation = [0.0, 0.7728, 0.5685], Current Cost = 5360.00, Rho = 1.000
(iter 10) [0.0, 0.9916, -0.4632] = 247.0815, sampling [1.0, 1.6109, -0.1133]. Recommendation = [0.0, 0.7728, 0.5685], Current Cost = 5361.00, Rho = 1.000
(iter 10) [0.0, 0.9916, -0.4632] = 247.0815, sampling [1.0, 1.2055, -0.9315]. Recommendation = [0.0, 0.7728, 0.5685], Current Cost = 5362.00, Rho = 1.000
(iter 10) [0.0, 0.9916, -0.4632] = 247.0815, sampling [1.0, -1.8194, 0.5618]. Recommendation = [0.0, 0.7728, 0.5685], Current Cost = 5363.00, Rho = 1.000
(iter 10) [0.0, 0.9916, -0.4632] = 247.0815, sampling [1.0, -1.6003, 1.2782]. Recommendation = [0.0, 0.7728, 0.5685], Current Cost = 5364.00, Rho = 1.000
(iter 10) [0.0, 0.9916, -0.4632] = 247.0815, sampling [1.0, -1.0707, -1.3172]. Recommendation = [0.0, 0.7728, 0.5685], Current Cost = 5365.00, Rho = 1.000
(iter 10) [0.0, 0.9916, -0.4632] = 247.0815, sampling [1.0, 1.7387, 0.6641]. Recommendation = [0.0, 0.7728, 0.5685], Current Cost = 5366.00, Rho = 1.000
(iter 10) [0.0, 0.9916, -0.4632] = 247.0815, sampling [1.0, -1.7618, 0.8109]. Recommendation = [0.0, 0.7728, 0.5685], Current Cost = 5367.00, Rho = 1.000
(iter 10) [0.0, 0.9916, -0.4632] = 247.0815, sampling [1.0, -0.8378, -1.6206]. Recommendation = [0.0, 0.7728, 0.5685], Current Cost = 5368.00, Rho = 1.000
(iter 10) [0.0, 0.9916, -0.4632] = 247.0815, sampling [1.0, -1.8414, 1.0688]. Recommendation = [0.0, 0.7728, 0.5685], Current Cost = 5369.00, Rho = 1.000
(iter 10) [0.0, 0.9916, -0.4632] = 247.0815, sampling [1.0, -1.6422, 0.1882]. Recommendation = [0.0, 0.7728, 0.5685], Current Cost = 5370.00, Rho = 1.000
(iter 10) [0.0, 0.9916, -0.4632] = 247.0815, sampling [1.0, 1.4315, -0.0591]. Recommendation = [0.0, 0.7728, 0.5685], Current Cost = 5371.00, Rho = 1.000
(iter 10) [0.0, 0.9916, -0.4632] = 247.0815, sampling [1.0, 1.3750, -0.2387]. Recommendation = [0.0, 0.7728, 0.5685], Current Cost = 5372.00, Rho = 1.000
(iter 10) [0.0, 0.9916, -0.4632] = 247.0815, sampling [1.0, 1.1736, -1.2185]. Recommendation = [0.0, 0.7728, 0.5685], Current Cost = 5373.00, Rho = 1.000
(iter 10) [0.0, 0.9916, -0.4632] = 247.0815, sampling [1.0, 1.3806, -0.6148]. Recommendation = [0.0, 0.7728, 0.5685], Current Cost = 5374.00, Rho = 1.000
(iter 10) [0.0, 0.9916, -0.4632] = 247.0815, sampling [1.0, 1.6863, 0.1421]. Recommendation = [0.0, 0.7728, 0.5685], Current Cost = 5375.00, Rho = 1.000
(iter 10) [0.0, 0.9916, -0.4632] = 247.0815, sampling [1.0, 1.9325, 1.3693]. Recommendation = [0.0, 0.7728, 0.5685], Current Cost = 5376.00, Rho = 1.000
(iter 10) [0.0, 0.9916, -0.4632] = 247.0815, sampling [1.0, 1.3366, -0.1459]. Recommendation = [0.0, 0.7728, 0.5685], Current Cost = 5377.00, Rho = 1.000
(iter 10) [0.0, 0.9916, -0.4632] = 247.0815, sampling [1.0, -1.5588, -0.6569]. Recommendation = [0.0, 0.7728, 0.5685], Current Cost = 5378.00, Rho = 1.000
(iter 10) [0.0, 0.9916, -0.4632] = 247.0815, sampling [1.0, 1.9012, 1.1628]. Recommendation = [0.0, 0.7728, 0.5685], Current Cost = 5379.00, Rho = 1.000
(iter 10) [0.0, 0.9916, -0.4632] = 247.0815, sampling [1.0, 1.0548, -1.3848]. Recommendation = [0.0, 0.7728, 0.5685], Current Cost = 5380.00, Rho = 1.000
(iter 10) [0.0, 0.9916, -0.4632] = 247.0815, sampling [1.0, -1.5080, -0.1391]. Recommendation = [0.0, 0.7728, 0.5685], Current Cost = 5381.00, Rho = 1.000
(iter 10) [0.0, 0.9916, -0.4632] = 247.0815, sampling [1.0, -0.9903, -1.6595]. Recommendation = [0.0, 0.7728, 0.5685], Current Cost = 5382.00, Rho = 1.000
(iter 10) [0.0, 0.9916, -0.4632] = 247.0815, sampling [1.0, -1.2939, -1.1682]. Recommendation = [0.0, 0.7728, 0.5685], Current Cost = 5383.00, Rho = 1.000
(iter 10) [0.0, 0.9916, -0.4632] = 247.0815, sampling [1.0, 1.9563, -0.1089]. Recommendation = [0.0, 0.7728, 0.5685], Current Cost = 5384.00, Rho = 1.000
(iter 10) [0.0, 0.9916, -0.4632] = 247.0815, sampling [1.0, 0.6937, -1.8704]. Recommendation = [0.0, 0.7728, 0.5685], Current Cost = 5385.00, Rho = 1.000
(iter 10) [0.0, 0.9916, -0.4632] = 247.0815, sampling [1.0, -1.9906, 0.3791]. Recommendation = [0.0, 0.7728, 0.5685], Current Cost = 5386.00, Rho = 1.000
(iter 10) [0.0, 0.9916, -0.4632] = 247.0815, sampling [1.0, -1.0615, -1.1906]. Recommendation = [0.0, 0.7728, 0.5685], Current Cost = 5387.00, Rho = 1.000
(iter 10) [0.0, 0.9916, -0.4632] = 247.0815, sampling [1.0, 0.8961, -1.4423]. Recommendation = [0.0, 0.7728, 0.5685], Current Cost = 5388.00, Rho = 1.000
(iter 10) [0.0, 0.9916, -0.4632] = 247.0815, sampling [1.0, -1.0896, -1.4680]. Recommendation = [0.0, 0.7728, 0.5685], Current Cost = 5389.00, Rho = 1.000
(iter 10) [0.0, 0.9916, -0.4632] = 247.0815, sampling [1.0, 1.5680, -0.3806]. Recommendation = [0.0, 0.7728, 0.5685], Current Cost = 5390.00, Rho = 1.000
(iter 10) [0.0, 0.9916, -0.4632] = 247.0815, sampling [1.0, 1.4152, -1.0365]. Recommendation = [0.0, 0.7728, 0.5685], Current Cost = 5391.00, Rho = 1.000
(iter 10) [0.0, 0.9916, -0.4632] = 247.0815, sampling [1.0, 1.9965, 0.5485]. Recommendation = [0.0, 0.7728, 0.5685], Current Cost = 5392.00, Rho = 1.000
(iter 10) [0.0, 0.9916, -0.4632] = 247.0815, sampling [1.0, 1.1154, -1.5505]. Recommendation = [0.0, 0.7728, 0.5685], Current Cost = 5393.00, Rho = 1.000
(iter 10) [0.0, 0.9916, -0.4632] = 247.0815, sampling [1.0, -0.9288, -1.4312]. Recommendation = [0.0, 0.7728, 0.5685], Current Cost = 5394.00, Rho = 1.000
(iter 10) [0.0, 0.9916, -0.4632] = 247.0815, sampling [1.0, -1.4946, -0.9279]. Recommendation = [0.0, 0.7728, 0.5685], Current Cost = 5395.00, Rho = 1.000
(iter 10) [0.0, 0.9916, -0.4632] = 247.0815, sampling [1.0, 0.8268, -1.7980]. Recommendation = [0.0, 0.7728, 0.5685], Current Cost = 5396.00, Rho = 1.000
(iter 10) [0.0, 0.9916, -0.4632] = 247.0815, sampling [1.0, -1.6767, -0.4372]. Recommendation = [0.0, 0.7728, 0.5685], Current Cost = 5397.00, Rho = 1.000
(iter 10) [0.0, 0.9916, -0.4632] = 247.0815, sampling [1.0, 1.1279, -1.0221]. Recommendation = [0.0, 0.7728, 0.5685], Current Cost = 5398.00, Rho = 1.000
(iter 10) [0.0, 0.9916, -0.4632] = 247.0815, sampling [1.0, -1.2366, -0.8410]. Recommendation = [0.0, 0.7728, 0.5685], Current Cost = 5399.00, Rho = 1.000
(iter 10) [0.0, 0.9916, -0.4632] = 247.0815, sampling [1.0, 1.5440, -0.2311]. Recommendation = [0.0, 0.7728, 0.5685], Current Cost = 5400.00, Rho = 1.000
(iter 10) [0.0, 0.9916, -0.4632] = 247.0815, sampling [1.0, -1.1701, -1.9711]. Recommendation = [0.0, 0.7728, 0.5685], Current Cost = 5401.00, Rho = 1.000
(iter 10) [0.0, 0.9916, -0.4632] = 247.0815, sampling [1.0, 0.1375, -1.6300]. Recommendation = [0.0, 0.7728, 0.5685], Current Cost = 5402.00, Rho = 1.000
(iter 10) [0.0, 0.9916, -0.4632] = 247.0815, sampling [1.0, -1.1023, -1.1309]. Recommendation = [0.0, 0.7728, 0.5685], Current Cost = 5403.00, Rho = 1.000
(iter 10) [0.0, 0.9916, -0.4632] = 247.0815, sampling [1.0, -1.7514, 0.4349]. Recommendation = [0.0, 0.7728, 0.5685], Current Cost = 5404.00, Rho = 1.000
(iter 10) [0.0, 0.9916, -0.4632] = 247.0815, sampling [1.0, 0.8645, -1.1526]. Recommendation = [0.0, 0.7728, 0.5685], Current Cost = 5405.00, Rho = 1.000
(iter 10) [0.0, 0.9916, -0.4632] = 247.0815, sampling [1.0, -1.9054, -0.9664]. Recommendation = [0.0, 0.7728, 0.5685], Current Cost = 5406.00, Rho = 1.000
(iter 10) [0.0, 0.9916, -0.4632] = 247.0815, sampling [1.0, 0.7207, -1.9280]. Recommendation = [0.0, 0.7728, 0.5685], Current Cost = 5407.00, Rho = 1.000
(iter 10) [0.0, 0.9916, -0.4632] = 247.0815, sampling [1.0, -1.6366, 0.6434]. Recommendation = [0.0, 0.7728, 0.5685], Current Cost = 5408.00, Rho = 1.000
(iter 10) [0.0, 0.9916, -0.4632] = 247.0815, sampling [1.0, -1.7104, 0.9000]. Recommendation = [0.0, 0.7728, 0.5685], Current Cost = 5409.00, Rho = 1.000
(iter 10) [0.0, 0.9916, -0.4632] = 247.0815, sampling [1.0, 1.1889, -1.3293]. Recommendation = [0.0, 0.7728, 0.5685], Current Cost = 5410.00, Rho = 1.000
(iter 10) [0.0, 0.9916, -0.4632] = 247.0815, sampling [1.0, 1.3310, -0.2958]. Recommendation = [0.0, 0.7728, 0.5685], Current Cost = 5411.00, Rho = 1.000
(iter 10) [0.0, 0.9916, -0.4632] = 247.0815, sampling [1.0, 1.1387, -1.7413]. Recommendation = [0.0, 0.7728, 0.5685], Current Cost = 5412.00, Rho = 1.000
(iter 10) [0.0, 0.9916, -0.4632] = 247.0815, sampling [1.0, -1.2142, -1.6526]. Recommendation = [0.0, 0.7728, 0.5685], Current Cost = 5413.00, Rho = 1.000
(iter 10) [0.0, 0.9916, -0.4632] = 247.0815, sampling [1.0, 1.3164, -1.2560]. Recommendation = [0.0, 0.7728, 0.5685], Current Cost = 5414.00, Rho = 1.000
(iter 10) [0.0, 0.9916, -0.4632] = 247.0815, sampling [1.0, 1.5325, -0.8551]. Recommendation = [0.0, 0.7728, 0.5685], Current Cost = 5415.00, Rho = 1.000
(iter 10) [0.0, 0.9916, -0.4632] = 247.0815, sampling [1.0, -1.3611, -1.4071]. Recommendation = [0.0, 0.7728, 0.5685], Current Cost = 5416.00, Rho = 1.000
(iter 10) [0.0, 0.9916, -0.4632] = 247.0815, sampling [1.0, -1.7038, -0.0897]. Recommendation = [0.0, 0.7728, 0.5685], Current Cost = 5417.00, Rho = 1.000
(iter 10) [0.0, 0.9916, -0.4632] = 247.0815, sampling [1.0, 1.0311, -1.5527]. Recommendation = [0.0, 0.7728, 0.5685], Current Cost = 5418.00, Rho = 1.000
(iter 10) [0.0, 0.9916, -0.4632] = 247.0815, sampling [1.0, 1.8692, 0.1977]. Recommendation = [0.0, 0.7728, 0.5685], Current Cost = 5419.00, Rho = 1.000
(iter 10) [0.0, 0.9916, -0.4632] = 247.0815, sampling [1.0, 1.7058, 0.0395]. Recommendation = [0.0, 0.7728, 0.5685], Current Cost = 5420.00, Rho = 1.000
(iter 10) [0.0, 0.9916, -0.4632] = 247.0815, sampling [1.0, 1.3950, -1.4595]. Recommendation = [0.0, 0.7728, 0.5685], Current Cost = 5421.00, Rho = 1.000
(iter 10) [0.0, 0.9916, -0.4632] = 247.0815, sampling [1.0, -1.4119, -1.0416]. Recommendation = [0.0, 0.7728, 0.5685], Current Cost = 5422.00, Rho = 1.000
(iter 10) [0.0, 0.9916, -0.4632] = 247.0815, sampling [1.0, -1.1178, -1.3375]. Recommendation = [0.0, 0.7728, 0.5685], Current Cost = 5423.00, Rho = 1.000
(iter 10) [0.0, 0.9916, -0.4632] = 247.0815, sampling [1.0, -1.9032, 0.8814]. Recommendation = [0.0, 0.7728, 0.5685], Current Cost = 5424.00, Rho = 1.000
(iter 10) [0.0, 0.9916, -0.4632] = 247.0815, sampling [1.0, 1.6219, -1.1079]. Recommendation = [0.0, 0.7728, 0.5685], Current Cost = 5425.00, Rho = 1.000
(iter 10) [0.0, 0.9916, -0.4632] = 247.0815, sampling [1.0, -1.7536, -0.2732]. Recommendation = [0.0, 0.7728, 0.5685], Current Cost = 5426.00, Rho = 1.000
(iter 10) [0.0, 0.9916, -0.4632] = 247.0815, sampling [1.0, 1.6442, -0.5228]. Recommendation = [0.0, 0.7728, 0.5685], Current Cost = 5427.00, Rho = 1.000
(iter 10) [0.0, 0.9916, -0.4632] = 247.0815, sampling [1.0, 1.2112, -1.6028]. Recommendation = [0.0, 0.7728, 0.5685], Current Cost = 5428.00, Rho = 1.000
(iter 10) [0.0, 0.9916, -0.4632] = 247.0815, sampling [1.0, 1.0970, -1.8472]. Recommendation = [0.0, 0.7728, 0.5685], Current Cost = 5429.00, Rho = 1.000
(iter 10) [0.0, 0.9916, -0.4632] = 247.0815, sampling [1.0, -1.1649, -1.8303]. Recommendation = [0.0, 0.7728, 0.5685], Current Cost = 5430.00, Rho = 1.000
(iter 10) [0.0, 0.9916, -0.4632] = 247.0815, sampling [1.0, 1.7913, -0.4035]. Recommendation = [0.0, 0.7728, 0.5685], Current Cost = 5431.00, Rho = 1.000
(iter 10) [0.0, 0.9916, -0.4632] = 247.0815, sampling [1.0, -1.5299, -1.2322]. Recommendation = [0.0, 0.7728, 0.5685], Current Cost = 5432.00, Rho = 1.000
(iter 10) [0.0, 0.9916, -0.4632] = 247.0815, sampling [1.0, -1.8523, 0.3723]. Recommendation = [0.0, 0.7728, 0.5685], Current Cost = 5433.00, Rho = 1.000
(iter 10) [0.0, 0.9916, -0.4632] = 247.0815, sampling [1.0, -1.8814, -0.5638]. Recommendation = [0.0, 0.7728, 0.5685], Current Cost = 5434.00, Rho = 1.000
(iter 10) [0.0, 0.9916, -0.4632] = 247.0815, sampling [1.0, 1.5926, -0.1948]. Recommendation = [0.0, 0.7728, 0.5685], Current Cost = 5435.00, Rho = 1.000
(iter 10) [0.0, 0.9916, -0.4632] = 247.0815, sampling [0.0, 0.7099, 0.4896]. Recommendation = [0.0, 0.7728, 0.5685], Current Cost = 5436.00, Rho = 1.000
(iter 441) [0.0, 0.7099, 0.4896] = 456.1950, sampling [0.0, 0.7728, 0.5685]. Recommendation = [0.0, 0.7728, 0.5685], Current Cost = 6436.00, Rho = 1.000
(iter 441) [0.0, 0.7099, 0.4896] = 456.1950, sampling [1.0, 1.2988, -1.7893]. Recommendation = [0.0, 0.7099, 0.4896], Current Cost = 7436.00, Rho = 1.000
(iter 441) [0.0, 0.7099, 0.4896] = 456.1950, sampling [1.0, 1.4583, -1.2579]. Recommendation = [0.0, 0.7099, 0.4896], Current Cost = 7437.00, Rho = 1.000
(iter 441) [0.0, 0.7099, 0.4896] = 456.1950, sampling [1.0, 1.6360, -0.3446]. Recommendation = [0.0, 0.7099, 0.4896], Current Cost = 7438.00, Rho = 1.000
(iter 441) [0.0, 0.7099, 0.4896] = 456.1950, sampling [1.0, -1.4685, -1.6683]. Recommendation = [0.0, 0.7099, 0.4896], Current Cost = 7439.00, Rho = 1.000
(iter 441) [0.0, 0.7099, 0.4896] = 456.1950, sampling [0.0, 0.4956, 0.2853]. Recommendation = [0.0, 0.7099, 0.4896], Current Cost = 7440.00, Rho = 1.000
(iter 441) [0.0, 0.7099, 0.4896] = 456.1950, sampling [1.0, -1.9323, 0.4725]. Recommendation = [0.0, 0.7099, 0.4896], Current Cost = 8440.00, Rho = 1.000
(iter 441) [0.0, 0.7099, 0.4896] = 456.1950, sampling [1.0, 1.9375, -1.4238]. Recommendation = [0.0, 0.7099, 0.4896], Current Cost = 8441.00, Rho = 1.000
(iter 441) [0.0, 0.7099, 0.4896] = 456.1950, sampling [1.0, 1.8241, 0.1059]. Recommendation = [0.0, 0.7099, 0.4896], Current Cost = 8442.00, Rho = 1.000
(iter 441) [0.0, 0.7099, 0.4896] = 456.1950, sampling [1.0, -1.9999, -1.4354]. Recommendation = [0.0, 0.7099, 0.4896], Current Cost = 8443.00, Rho = 1.000
(iter 441) [0.0, 0.7099, 0.4896] = 456.1950, sampling [1.0, -1.3883, -1.9074]. Recommendation = [0.0, 0.7099, 0.4896], Current Cost = 8444.00, Rho = 1.000
(iter 441) [0.0, 0.7099, 0.4896] = 456.1950, sampling [1.0, 1.5141, -0.9579]. Recommendation = [0.0, 0.7099, 0.4896], Current Cost = 8445.00, Rho = 1.000
(iter 441) [0.0, 0.7099, 0.4896] = 456.1950, sampling [1.0, 1.9657, -0.6487]. Recommendation = [0.0, 0.7099, 0.4896], Current Cost = 8446.00, Rho = 1.000
(iter 441) [0.0, 0.7099, 0.4896] = 456.1950, sampling [1.0, 0.7033, -1.9370]. Recommendation = [0.0, 0.7099, 0.4896], Current Cost = 8447.00, Rho = 1.000
(iter 441) [0.0, 0.7099, 0.4896] = 456.1950, sampling [1.0, -1.7256, -0.7634]. Recommendation = [0.0, 0.7099, 0.4896], Current Cost = 8448.00, Rho = 1.000
(iter 441) [0.0, 0.7099, 0.4896] = 456.1950, sampling [1.0, -1.3092, -1.7336]. Recommendation = [0.0, 0.7099, 0.4896], Current Cost = 8449.00, Rho = 1.000
(iter 441) [0.0, 0.7099, 0.4896] = 456.1950, sampling [1.0, 1.1955, -1.2951]. Recommendation = [0.0, 0.7099, 0.4896], Current Cost = 8450.00, Rho = 1.000
(iter 441) [0.0, 0.7099, 0.4896] = 456.1950, sampling [1.0, 1.4845, -1.6101]. Recommendation = [0.0, 0.7099, 0.4896], Current Cost = 8451.00, Rho = 1.000
(iter 441) [0.0, 0.7099, 0.4896] = 456.1950, sampling [1.0, -1.9565, -0.0054]. Recommendation = [0.0, 0.7099, 0.4896], Current Cost = 8452.00, Rho = 1.000
(iter 441) [0.0, 0.7099, 0.4896] = 456.1950, sampling [1.0, 1.4030, -1.8972]. Recommendation = [0.0, 0.7099, 0.4896], Current Cost = 8453.00, Rho = 1.000
(iter 441) [0.0, 0.7099, 0.4896] = 456.1950, sampling [1.0, -1.5215, -1.1196]. Recommendation = [0.0, 0.7099, 0.4896], Current Cost = 8454.00, Rho = 1.000
(iter 441) [0.0, 0.7099, 0.4896] = 456.1950, sampling [1.0, -1.4997, -1.3628]. Recommendation = [0.0, 0.7099, 0.4896], Current Cost = 8455.00, Rho = 1.000
(iter 441) [0.0, 0.7099, 0.4896] = 456.1950, sampling [1.0, 1.1776, -1.8037]. Recommendation = [0.0, 0.7099, 0.4896], Current Cost = 8456.00, Rho = 1.000
(iter 441) [0.0, 0.7099, 0.4896] = 456.1950, sampling [1.0, 1.8791, -0.0217]. Recommendation = [0.0, 0.7099, 0.4896], Current Cost = 8457.00, Rho = 1.000
(iter 441) [0.0, 0.7099, 0.4896] = 456.1950, sampling [1.0, -1.6821, -0.9172]. Recommendation = [0.0, 0.7099, 0.4896], Current Cost = 8458.00, Rho = 1.000
(iter 441) [0.0, 0.7099, 0.4896] = 456.1950, sampling [1.0, -1.3001, -1.1980]. Recommendation = [0.0, 0.7099, 0.4896], Current Cost = 8459.00, Rho = 1.000
(iter 441) [0.0, 0.7099, 0.4896] = 456.1950, sampling [1.0, 1.9239, 0.1596]. Recommendation = [0.0, 0.7099, 0.4896], Current Cost = 8460.00, Rho = 1.000
(iter 441) [0.0, 0.7099, 0.4896] = 456.1950, sampling [1.0, 1.2212, -1.3119]. Recommendation = [0.0, 0.7099, 0.4896], Current Cost = 8461.00, Rho = 1.000
(iter 441) [0.0, 0.7099, 0.4896] = 456.1950, sampling [1.0, -1.2804, -1.8530]. Recommendation = [0.0, 0.7099, 0.4896], Current Cost = 8462.00, Rho = 1.000
(iter 441) [0.0, 0.7099, 0.4896] = 456.1950, sampling [1.0, 1.8066, -0.8031]. Recommendation = [0.0, 0.7099, 0.4896], Current Cost = 8463.00, Rho = 1.000
(iter 441) [0.0, 0.7099, 0.4896] = 456.1950, sampling [1.0, 1.4175, -1.7262]. Recommendation = [0.0, 0.7099, 0.4896], Current Cost = 8464.00, Rho = 1.000
(iter 441) [0.0, 0.7099, 0.4896] = 456.1950, sampling [1.0, -1.5808, -1.4775]. Recommendation = [0.0, 0.7099, 0.4896], Current Cost = 8465.00, Rho = 1.000
(iter 441) [0.0, 0.7099, 0.4896] = 456.1950, sampling [0.0, 0.2660, 0.0908]. Recommendation = [0.0, 0.7099, 0.4896], Current Cost = 8466.00, Rho = 1.000
(iter 441) [0.0, 0.7099, 0.4896] = 456.1950, sampling [1.0, 1.7138, -0.5381]. Recommendation = [0.0, 0.7099, 0.4896], Current Cost = 9466.00, Rho = 1.000
(iter 441) [0.0, 0.7099, 0.4896] = 456.1950, sampling [1.0, 1.6056, -0.3887]. Recommendation = [0.0, 0.7099, 0.4896], Current Cost = 9467.00, Rho = 1.000
(iter 441) [0.0, 0.7099, 0.4896] = 456.1950, sampling [1.0, -1.7691, -0.6364]. Recommendation = [0.0, 0.7099, 0.4896], Current Cost = 9468.00, Rho = 1.000
(iter 441) [0.0, 0.7099, 0.4896] = 456.1950, sampling [1.0, -1.4378, -1.0750]. Recommendation = [0.0, 0.7099, 0.4896], Current Cost = 9469.00, Rho = 1.000
(iter 441) [0.0, 0.7099, 0.4896] = 456.1950, sampling [1.0, -1.2257, -1.9268]. Recommendation = [0.0, 0.7099, 0.4896], Current Cost = 9470.00, Rho = 1.000
(iter 441) [0.0, 0.7099, 0.4896] = 456.1950, sampling [1.0, 1.5723, -0.8570]. Recommendation = [0.0, 0.7099, 0.4896], Current Cost = 9471.00, Rho = 1.000
(iter 441) [0.0, 0.7099, 0.4896] = 456.1950, sampling [1.0, 1.8821, -0.5160]. Recommendation = [0.0, 0.7099, 0.4896], Current Cost = 9472.00, Rho = 1.000
(iter 441) [0.0, 0.7099, 0.4896] = 456.1950, sampling [1.0, -1.6632, -1.3594]. Recommendation = [0.0, 0.7099, 0.4896], Current Cost = 9473.00, Rho = 1.000
(iter 441) [0.0, 0.7099, 0.4896] = 456.1950, sampling [1.0, 1.9702, -0.1869]. Recommendation = [0.0, 0.7099, 0.4896], Current Cost = 9474.00, Rho = 1.000
(iter 441) [0.0, 0.7099, 0.4896] = 456.1950, sampling [1.0, 1.7213, -1.4991]. Recommendation = [0.0, 0.7099, 0.4896], Current Cost = 9475.00, Rho = 1.000
(iter 441) [0.0, 0.7099, 0.4896] = 456.1950, sampling [1.0, 1.6683, -1.7649]. Recommendation = [0.0, 0.7099, 0.4896], Current Cost = 9476.00, Rho = 1.000
(iter 441) [0.0, 0.7099, 0.4896] = 456.1950, sampling [1.0, -1.6906, -0.9927]. Recommendation = [0.0, 0.7099, 0.4896], Current Cost = 9477.00, Rho = 1.000
(iter 441) [0.0, 0.7099, 0.4896] = 456.1950, sampling [1.0, -1.5875, -1.6881]. Recommendation = [0.0, 0.7099, 0.4896], Current Cost = 9478.00, Rho = 1.000
(iter 441) [0.0, 0.7099, 0.4896] = 456.1950, sampling [1.0, 1.8613, -0.0708]. Recommendation = [0.0, 0.7099, 0.4896], Current Cost = 9479.00, Rho = 1.000
(iter 441) [0.0, 0.7099, 0.4896] = 456.1950, sampling [1.0, -1.6318, -1.9908]. Recommendation = [0.0, 0.7099, 0.4896], Current Cost = 9480.00, Rho = 1.000
(iter 441) [0.0, 0.7099, 0.4896] = 456.1950, sampling [1.0, -1.8319, -1.2448]. Recommendation = [0.0, 0.7099, 0.4896], Current Cost = 9481.00, Rho = 1.000
(iter 441) [0.0, 0.7099, 0.4896] = 456.1950, sampling [1.0, 1.7966, -0.5797]. Recommendation = [0.0, 0.7099, 0.4896], Current Cost = 9482.00, Rho = 1.000
(iter 441) [0.0, 0.7099, 0.4896] = 456.1950, sampling [1.0, -1.9834, -1.7131]. Recommendation = [0.0, 0.7099, 0.4896], Current Cost = 9483.00, Rho = 1.000
(iter 441) [0.0, 0.7099, 0.4896] = 456.1950, sampling [1.0, 1.5083, -1.7036]. Recommendation = [0.0, 0.7099, 0.4896], Current Cost = 9484.00, Rho = 1.000
(iter 441) [0.0, 0.7099, 0.4896] = 456.1950, sampling [1.0, -1.9742, -1.1010]. Recommendation = [0.0, 0.7099, 0.4896], Current Cost = 9485.00, Rho = 1.000
(iter 441) [0.0, 0.7099, 0.4896] = 456.1950, sampling [1.0, -1.8032, -0.5940]. Recommendation = [0.0, 0.7099, 0.4896], Current Cost = 9486.00, Rho = 1.000
(iter 441) [0.0, 0.7099, 0.4896] = 456.1950, sampling [1.0, 1.9443, -1.5943]. Recommendation = [0.0, 0.7099, 0.4896], Current Cost = 9487.00, Rho = 1.000
(iter 441) [0.0, 0.7099, 0.4896] = 456.1950, sampling [1.0, 1.7032, -1.8782]. Recommendation = [0.0, 0.7099, 0.4896], Current Cost = 9488.00, Rho = 1.000
(iter 441) [0.0, 0.7099, 0.4896] = 456.1950, sampling [1.0, 1.8526, -0.7516]. Recommendation = [0.0, 0.7099, 0.4896], Current Cost = 9489.00, Rho = 1.000
(iter 441) [0.0, 0.7099, 0.4896] = 456.1950, sampling [1.0, -1.7415, -1.8393]. Recommendation = [0.0, 0.7099, 0.4896], Current Cost = 9490.00, Rho = 1.000
(iter 441) [0.0, 0.7099, 0.4896] = 456.1950, sampling [1.0, 1.8416, -1.4148]. Recommendation = [0.0, 0.7099, 0.4896], Current Cost = 9491.00, Rho = 1.000
(iter 441) [0.0, 0.7099, 0.4896] = 456.1950, sampling [1.0, 1.9055, -0.6693]. Recommendation = [0.0, 0.7099, 0.4896], Current Cost = 9492.00, Rho = 1.000
(iter 441) [0.0, 0.7099, 0.4896] = 456.1950, sampling [1.0, -1.9122, -1.3235]. Recommendation = [0.0, 0.7099, 0.4896], Current Cost = 9493.00, Rho = 1.000
(iter 441) [0.0, 0.7099, 0.4896] = 456.1950, sampling [1.0, 1.8342, -1.5272]. Recommendation = [0.0, 0.7099, 0.4896], Current Cost = 9494.00, Rho = 1.000
(iter 441) [0.0, 0.7099, 0.4896] = 456.1950, sampling [1.0, -1.9215, -1.2046]. Recommendation = [0.0, 0.7099, 0.4896], Current Cost = 9495.00, Rho = 1.000
(iter 441) [0.0, 0.7099, 0.4896] = 456.1950, sampling [1.0, -1.8895, -1.7587]. Recommendation = [0.0, 0.7099, 0.4896], Current Cost = 9496.00, Rho = 1.000
(iter 441) [0.0, 0.7099, 0.4896] = 456.1950, sampling [1.0, 1.7644, -1.5331]. Recommendation = [0.0, 0.7099, 0.4896], Current Cost = 9497.00, Rho = 1.000
(iter 441) [0.0, 0.7099, 0.4896] = 456.1950, sampling [0.0, -0.2045, 0.0542]. Recommendation = [0.0, 0.7099, 0.4896], Current Cost = 9498.00, Rho = 1.000
(iter 441) [0.0, 0.7099, 0.4896] = 456.1950, sampling [1.0, -1.7974, -0.6059]. Recommendation = [0.0, 0.7099, 0.4896], Current Cost = 10498.00, Rho = 1.000
(iter 441) [0.0, 0.7099, 0.4896] = 456.1950, sampling [0.0, 0.2320, 0.0067]. Recommendation = [0.0, 0.7099, 0.4896], Current Cost = 10499.00, Rho = 1.000
(iter 441) [0.0, 0.7099, 0.4896] = 456.1950, sampling [1.0, -1.8348, -1.2645]. Recommendation = [0.0, 0.7099, 0.4896], Current Cost = 11499.00, Rho = 1.000
(iter 441) [0.0, 0.7099, 0.4896] = 456.1950, sampling [0.0, 1.0731, 1.0235]. Recommendation = [0.0, 0.7099, 0.4896], Current Cost = 11500.00, Rho = 1.000
(iter 441) [0.0, 0.7099, 0.4896] = 456.1950, sampling [0.0, -1.5299, -1.2322]. Recommendation = [0.0, 0.7099, 0.4896], Current Cost = 12500.00, Rho = 1.000
(iter 441) [0.0, 0.7099, 0.4896] = 456.1950, sampling [0.0, -0.4287, -0.9687]. Recommendation = [0.0, 0.7099, 0.4896], Current Cost = 13500.00, Rho = 1.000
(iter 441) [0.0, 0.7099, 0.4896] = 456.1950, sampling [0.0, -1.9032, 0.8814]. Recommendation = [0.0, 0.7099, 0.4896], Current Cost = 14500.00, Rho = 1.000
(iter 441) [0.0, 0.7099, 0.4896] = 456.1950, sampling [0.0, 1.0934, -0.4129]. Recommendation = [0.0, 0.7099, 0.4896], Current Cost = 15500.00, Rho = 1.000
(iter 441) [0.0, 0.7099, 0.4896] = 456.1950, sampling [0.0, -1.9565, -0.0054]. Recommendation = [0.0, 0.7099, 0.4896], Current Cost = 16500.00, Rho = 1.000
(iter 441) [0.0, 0.7099, 0.4896] = 456.1950, sampling [0.0, -1.4946, -0.9279]. Recommendation = [0.0, 0.7099, 0.4896], Current Cost = 17500.00, Rho = 1.000
(iter 441) [0.0, 0.7099, 0.4896] = 456.1950, sampling [0.0, -1.7415, -1.8393]. Recommendation = [0.0, 0.7099, 0.4896], Current Cost = 18500.00, Rho = 1.000
(iter 441) [0.0, 0.7099, 0.4896] = 456.1950, sampling [0.0, -0.2496, 1.6422]. Recommendation = [0.0, 0.7099, 0.4896], Current Cost = 19500.00, Rho = 1.000
(iter 441) [0.0, 0.7099, 0.4896] = 456.1950, sampling [0.0, 1.8791, -0.0217]. Recommendation = [0.0, 0.7099, 0.4896], Current Cost = 20500.00, Rho = 1.000
(iter 441) [0.0, 0.7099, 0.4896] = 456.1950, sampling [0.0, -1.5875, -1.6881]. Recommendation = [0.0, 0.7099, 0.4896], Current Cost = 21500.00, Rho = 1.000
(iter 441) [0.0, 0.7099, 0.4896] = 456.1950, sampling [0.0, 1.5440, -0.2311]. Recommendation = [0.0, 0.7099, 0.4896], Current Cost = 22500.00, Rho = 1.000
(iter 441) [0.0, 0.7099, 0.4896] = 456.1950, sampling [0.0, 0.5752, 1.4650]. Recommendation = [0.0, 0.7099, 0.4896], Current Cost = 23500.00, Rho = 1.000
(iter 441) [0.0, 0.7099, 0.4896] = 456.1950, sampling [0.0, 1.4030, -1.8972]. Recommendation = [0.0, 0.7099, 0.4896], Current Cost = 24500.00, Rho = 1.000
(iter 441) [0.0, 0.7099, 0.4896] = 456.1950, sampling [0.0, 1.5926, -0.1948]. Recommendation = [0.0, 0.7099, 0.4896], Current Cost = 25500.00, Rho = 1.000
(iter 441) [0.0, 0.7099, 0.4896] = 456.1950, sampling [0.0, 1.2212, -1.3119]. Recommendation = [0.0, 0.7099, 0.4896], Current Cost = 26500.00, Rho = 1.000
(iter 441) [0.0, 0.7099, 0.4896] = 456.1950, sampling [0.0, 1.8526, -0.7516]. Recommendation = [0.0, 0.7099, 0.4896], Current Cost = 27500.00, Rho = 1.000
(iter 441) [0.0, 0.7099, 0.4896] = 456.1950, sampling [0.0, -1.8814, -0.5638]. Recommendation = [0.0, 0.7099, 0.4896], Current Cost = 28500.00, Rho = 1.000
(iter 441) [0.0, 0.7099, 0.4896] = 456.1950, sampling [0.0, -1.8621, 1.2270]. Recommendation = [0.0, 0.7099, 0.4896], Current Cost = 29500.00, Rho = 1.000
(iter 441) [0.0, 0.7099, 0.4896] = 456.1950, sampling [0.0, 0.5843, 0.9159]. Recommendation = [0.0, 0.7099, 0.4896], Current Cost = 30500.00, Rho = 1.000
(iter 441) [0.0, 0.7099, 0.4896] = 456.1950, sampling [0.0, 1.9325, 1.3693]. Recommendation = [0.0, 0.7099, 0.4896], Current Cost = 31500.00, Rho = 1.000
(iter 441) [0.0, 0.7099, 0.4896] = 456.1950, sampling [0.0, 0.1352, -0.9845]. Recommendation = [0.0, 0.7099, 0.4896], Current Cost = 32500.00, Rho = 1.000
(iter 441) [0.0, 0.7099, 0.4896] = 456.1950, sampling [0.0, 1.1387, -1.7413]. Recommendation = [0.0, 0.7099, 0.4896], Current Cost = 33500.00, Rho = 1.000
(iter 441) [0.0, 0.7099, 0.4896] = 456.1950, sampling [0.0, 0.4868, 1.5654]. Recommendation = [0.0, 0.7099, 0.4896], Current Cost = 34500.00, Rho = 1.000
(iter 441) [0.0, 0.7099, 0.4896] = 456.1950, sampling [0.0, 1.9183, -1.9776]. Recommendation = [0.0, 0.7099, 0.4896], Current Cost = 35500.00, Rho = 1.000
(iter 441) [0.0, 0.7099, 0.4896] = 456.1950, sampling [0.0, -0.8433, -0.5520]. Recommendation = [0.0, 0.7099, 0.4896], Current Cost = 36500.00, Rho = 1.000
(iter 441) [0.0, 0.7099, 0.4896] = 456.1950, sampling [0.0, 0.2155, 0.1649]. Recommendation = [0.0, 0.7099, 0.4896], Current Cost = 37500.00, Rho = 1.000
(iter 441) [0.0, 0.7099, 0.4896] = 456.1950, sampling [0.0, 0.7857, 0.1470]. Recommendation = [0.0, 0.7099, 0.4896], Current Cost = 38500.00, Rho = 1.000
(iter 441) [0.0, 0.7099, 0.4896] = 456.1950, sampling [0.0, -0.5063, 1.5474]. Recommendation = [0.0, 0.7099, 0.4896], Current Cost = 39500.00, Rho = 1.000
(iter 441) [0.0, 0.7099, 0.4896] = 456.1950, sampling [0.0, 1.4315, -0.0591]. Recommendation = [0.0, 0.7099, 0.4896], Current Cost = 40500.00, Rho = 1.000
(iter 441) [0.0, 0.7099, 0.4896] = 456.1950, sampling [0.0, 0.1589, -0.8144]. Recommendation = [0.0, 0.7099, 0.4896], Current Cost = 41500.00, Rho = 1.000
(iter 441) [0.0, 0.7099, 0.4896] = 456.1950, sampling [0.0, -1.5634, 0.7255]. Recommendation = [0.0, 0.7099, 0.4896], Current Cost = 42500.00, Rho = 1.000
(iter 441) [0.0, 0.7099, 0.4896] = 456.1950, sampling [0.0, 1.1663, -1.9576]. Recommendation = [0.0, 0.7099, 0.4896], Current Cost = 43500.00, Rho = 1.000
(iter 441) [0.0, 0.7099, 0.4896] = 456.1950, sampling [0.0, -0.6937, -1.0078]. Recommendation = [0.0, 0.7099, 0.4896], Current Cost = 44500.00, Rho = 1.000
(iter 441) [0.0, 0.7099, 0.4896] = 456.1950, sampling [0.0, -1.9323, 0.4725]. Recommendation = [0.0, 0.7099, 0.4896], Current Cost = 45500.00, Rho = 1.000
(iter 441) [0.0, 0.7099, 0.4896] = 456.1950, sampling [0.0, -0.5431, -1.8598]. Recommendation = [0.0, 0.7099, 0.4896], Current Cost = 46500.00, Rho = 1.000
(iter 441) [0.0, 0.7099, 0.4896] = 456.1950, sampling [0.0, -1.0080, -0.1617]. Recommendation = [0.0, 0.7099, 0.4896], Current Cost = 47500.00, Rho = 1.000
(iter 441) [0.0, 0.7099, 0.4896] = 456.1950, sampling [0.0, -0.1218, -0.3408]. Recommendation = [0.0, 0.7099, 0.4896], Current Cost = 48500.00, Rho = 1.000
(iter 441) [0.0, 0.7099, 0.4896] = 456.1950, sampling [0.0, 0.7491, 1.9464]. Recommendation = [0.0, 0.7099, 0.4896], Current Cost = 49500.00, Rho = 1.000
(iter 441) [0.0, 0.7099, 0.4896] = 456.1950, sampling [0.0, -1.4547, 0.4024]. Recommendation = [0.0, 0.7099, 0.4896], Current Cost = 50500.00, Rho = 1.000
(iter 441) [0.0, 0.7099, 0.4896] = 456.1950, sampling [0.0, 0.8959, -0.6229]. Recommendation = [0.0, 0.7099, 0.4896], Current Cost = 51500.00, Rho = 1.000
(iter 441) [0.0, 0.7099, 0.4896] = 456.1950, sampling [0.0, 1.7530, 1.3425]. Recommendation = [0.0, 0.7099, 0.4896], Current Cost = 52500.00, Rho = 1.000
(iter 441) [0.0, 0.7099, 0.4896] = 456.1950, sampling [0.0, 0.6107, 1.9397]. Recommendation = [0.0, 0.7099, 0.4896], Current Cost = 53500.00, Rho = 1.000
(iter 441) [0.0, 0.7099, 0.4896] = 456.1950, sampling [0.0, -1.8523, 0.3723]. Recommendation = [0.0, 0.7099, 0.4896], Current Cost = 54500.00, Rho = 1.000
(iter 441) [0.0, 0.7099, 0.4896] = 456.1950, sampling [0.0, 1.3366, -0.1459]. Recommendation = [0.0, 0.7099, 0.4896], Current Cost = 55500.00, Rho = 1.000
(iter 441) [0.0, 0.7099, 0.4896] = 456.1950, sampling [0.0, -0.3375, 0.7042]. Recommendation = [0.0, 0.7099, 0.4896], Current Cost = 56500.00, Rho = 1.000
(iter 441) [0.0, 0.7099, 0.4896] = 456.1950, sampling [0.0, 1.3164, -1.2560]. Recommendation = [0.0, 0.7099, 0.4896], Current Cost = 57500.00, Rho = 1.000
(iter 441) [0.0, 0.7099, 0.4896] = 456.1950, sampling [0.0, -1.4685, -1.6683]. Recommendation = [0.0, 0.7099, 0.4896], Current Cost = 58500.00, Rho = 1.000
(iter 441) [0.0, 0.7099, 0.4896] = 456.1950, sampling [0.0, -1.9999, -1.4354]. Recommendation = [0.0, 0.7099, 0.4896], Current Cost = 59500.00, Rho = 1.000
(iter 441) [0.0, 0.7099, 0.4896] = 456.1950, sampling [0.0, 1.7213, -1.4991]. Recommendation = [0.0, 0.7099, 0.4896], Current Cost = 60500.00, Rho = 1.000
(iter 441) [0.0, 0.7099, 0.4896] = 456.1950, sampling [0.0, 1.4333, 0.8759]. Recommendation = [0.0, 0.7099, 0.4896], Current Cost = 61500.00, Rho = 1.000
(iter 441) [0.0, 0.7099, 0.4896] = 456.1950, sampling [0.0, -0.3358, -1.2304]. Recommendation = [0.0, 0.7099, 0.4896], Current Cost = 62500.00, Rho = 1.000
(iter 441) [0.0, 0.7099, 0.4896] = 456.1950, sampling [0.0, 0.3564, -1.3985]. Recommendation = [0.0, 0.7099, 0.4896], Current Cost = 63500.00, Rho = 1.000
(iter 441) [0.0, 0.7099, 0.4896] = 456.1950, sampling [0.0, -0.0027, -1.6452]. Recommendation = [0.0, 0.7099, 0.4896], Current Cost = 64500.00, Rho = 1.000
(iter 441) [0.0, 0.7099, 0.4896] = 456.1950, sampling [0.0, -1.7104, 0.9000]. Recommendation = [0.0, 0.7099, 0.4896], Current Cost = 65500.00, Rho = 1.000
(iter 441) [0.0, 0.7099, 0.4896] = 456.1950, sampling [0.0, 1.8342, -1.5272]. Recommendation = [0.0, 0.7099, 0.4896], Current Cost = 66500.00, Rho = 1.000
(iter 441) [0.0, 0.7099, 0.4896] = 456.1950, sampling [0.0, 0.4791, 0.7336]. Recommendation = [0.0, 0.7099, 0.4896], Current Cost = 67500.00, Rho = 1.000
(iter 441) [0.0, 0.7099, 0.4896] = 456.1950, sampling [0.0, -0.4428, 1.8717]. Recommendation = [0.0, 0.7099, 0.4896], Current Cost = 68500.00, Rho = 1.000
(iter 441) [0.0, 0.7099, 0.4896] = 456.1950, sampling [0.0, -1.2142, -1.6526]. Recommendation = [0.0, 0.7099, 0.4896], Current Cost = 69500.00, Rho = 1.000
(iter 441) [0.0, 0.7099, 0.4896] = 456.1950, sampling [0.0, 1.9563, -0.1089]. Recommendation = [0.0, 0.7099, 0.4896], Current Cost = 70500.00, Rho = 1.000
(iter 441) [0.0, 0.7099, 0.4896] = 456.1950, sampling [0.0, -1.1533, -1.0283]. Recommendation = [0.0, 0.7099, 0.4896], Current Cost = 71500.00, Rho = 1.000
(iter 441) [0.0, 0.7099, 0.4896] = 456.1950, sampling [0.0, 1.2112, -1.6028]. Recommendation = [0.0, 0.7099, 0.4896], Current Cost = 72500.00, Rho = 1.000
(iter 441) [0.0, 0.7099, 0.4896] = 456.1950, sampling [0.0, 1.8930, 1.5418]. Recommendation = [0.0, 0.7099, 0.4896], Current Cost = 73500.00, Rho = 1.000
(iter 441) [0.0, 0.7099, 0.4896] = 456.1950, sampling [0.0, -1.3883, -1.9074]. Recommendation = [0.0, 0.7099, 0.4896], Current Cost = 74500.00, Rho = 1.000
(iter 441) [0.0, 0.7099, 0.4896] = 456.1950, sampling [0.0, 0.2502, 1.5690]. Recommendation = [0.0, 0.7099, 0.4896], Current Cost = 75500.00, Rho = 1.000
(iter 441) [0.0, 0.7099, 0.4896] = 456.1950, sampling [0.0, 1.2686, 0.8497]. Recommendation = [0.0, 0.7099, 0.4896], Current Cost = 76500.00, Rho = 1.000
(iter 441) [0.0, 0.7099, 0.4896] = 456.1950, sampling [0.0, 1.9879, 1.2535]. Recommendation = [0.0, 0.7099, 0.4896], Current Cost = 77500.00, Rho = 1.000
(iter 441) [0.0, 0.7099, 0.4896] = 456.1950, sampling [0.0, -1.3166, 0.5236]. Recommendation = [0.0, 0.7099, 0.4896], Current Cost = 78500.00, Rho = 1.000
(iter 441) [0.0, 0.7099, 0.4896] = 456.1950, sampling [0.0, -0.1388, 1.5783]. Recommendation = [0.0, 0.7099, 0.4896], Current Cost = 79500.00, Rho = 1.000
(iter 441) [0.0, 0.7099, 0.4896] = 456.1950, sampling [0.0, -1.8194, 0.5618]. Recommendation = [0.0, 0.7099, 0.4896], Current Cost = 80500.00, Rho = 1.000
(iter 441) [0.0, 0.7099, 0.4896] = 456.1950, sampling [0.0, -1.5808, -1.4775]. Recommendation = [0.0, 0.7099, 0.4896], Current Cost = 81500.00, Rho = 1.000
(iter 441) [0.0, 0.7099, 0.4896] = 456.1950, sampling [0.0, -0.3611, 0.3022]. Recommendation = [0.0, 0.7099, 0.4896], Current Cost = 82500.00, Rho = 1.000
(iter 441) [0.0, 0.7099, 0.4896] = 456.1950, sampling [0.0, -0.7108, -0.1563]. Recommendation = [0.0, 0.7099, 0.4896], Current Cost = 83500.00, Rho = 1.000
(iter 441) [0.0, 0.7099, 0.4896] = 456.1950, sampling [0.0, 1.7966, -0.5797]. Recommendation = [0.0, 0.7099, 0.4896], Current Cost = 84500.00, Rho = 1.000
(iter 441) [0.0, 0.7099, 0.4896] = 456.1950, sampling [0.0, -1.5142, 0.0419]. Recommendation = [0.0, 0.7099, 0.4896], Current Cost = 85500.00, Rho = 1.000
(iter 441) [0.0, 0.7099, 0.4896] = 456.1950, sampling [0.0, 1.7387, 0.6641]. Recommendation = [0.0, 0.7099, 0.4896], Current Cost = 86500.00, Rho = 1.000
(iter 441) [0.0, 0.7099, 0.4896] = 456.1950, sampling [0.0, -1.4592, 1.6056]. Recommendation = [0.0, 0.7099, 0.4896], Current Cost = 87500.00, Rho = 1.000
(iter 441) [0.0, 0.7099, 0.4896] = 456.1950, sampling [0.0, -0.2562, 1.3845]. Recommendation = [0.0, 0.7099, 0.4896], Current Cost = 88500.00, Rho = 1.000
(iter 441) [0.0, 0.7099, 0.4896] = 456.1950, sampling [0.0, -1.6366, 0.6434]. Recommendation = [0.0, 0.7099, 0.4896], Current Cost = 89500.00, Rho = 1.000
(iter 441) [0.0, 0.7099, 0.4896] = 456.1950, sampling [0.0, -0.6180, -0.7096]. Recommendation = [0.0, 0.7099, 0.4896], Current Cost = 90500.00, Rho = 1.000
(iter 441) [0.0, 0.7099, 0.4896] = 456.1950, sampling [0.0, 0.8479, -1.3744]. Recommendation = [0.0, 0.7099, 0.4896], Current Cost = 91500.00, Rho = 1.000
(iter 441) [0.0, 0.7099, 0.4896] = 456.1950, sampling [0.0, 1.6905, 1.9574]. Recommendation = [0.0, 0.7099, 0.4896], Current Cost = 92500.00, Rho = 1.000
(iter 441) [0.0, 0.7099, 0.4896] = 456.1950, sampling [0.0, -0.2809, 1.9651]. Recommendation = [0.0, 0.7099, 0.4896], Current Cost = 93500.00, Rho = 1.000
(iter 441) [0.0, 0.7099, 0.4896] = 456.1950, sampling [0.0, 0.6549, 0.2347]. Recommendation = [0.0, 0.7099, 0.4896], Current Cost = 94500.00, Rho = 1.000
(iter 441) [0.0, 0.7099, 0.4896] = 456.1950, sampling [0.0, -1.1070, 0.7919]. Recommendation = [0.0, 0.7099, 0.4896], Current Cost = 95500.00, Rho = 1.000
(iter 441) [0.0, 0.7099, 0.4896] = 456.1950, sampling [0.0, -1.7256, -0.7634]. Recommendation = [0.0, 0.7099, 0.4896], Current Cost = 96500.00, Rho = 1.000
(iter 441) [0.0, 0.7099, 0.4896] = 456.1950, sampling [0.0, 0.5314, 1.1809]. Recommendation = [0.0, 0.7099, 0.4896], Current Cost = 97500.00, Rho = 1.000
(iter 441) [0.0, 0.7099, 0.4896] = 456.1950, sampling [0.0, 0.3262, -0.0873]. Recommendation = [0.0, 0.7099, 0.4896], Current Cost = 98500.00, Rho = 1.000
(iter 441) [0.0, 0.7099, 0.4896] = 456.1950, sampling [0.0, -0.0209, -1.7463]. Recommendation = [0.0, 0.7099, 0.4896], Current Cost = 99500.00, Rho = 1.000
