(iter 10) [0.0, 1.4639, 1.2510] = 376.5407, sampling [1.0, 0.1036, 0.2716]. Recommendation = [0.0, 1.4639, 1.2510], Current Cost = 5005.00, Rho = 1.000
(iter 10) [0.0, 1.4639, 1.2510] = 376.5407, sampling [1.0, 0.3591, 0.5903]. Recommendation = [0.0, 0.1036, 0.2716], Current Cost = 5006.00, Rho = 1.000
(iter 10) [0.0, 1.4639, 1.2510] = 376.5407, sampling [1.0, 0.1265, 0.4426]. Recommendation = [0.0, 0.1036, 0.2716], Current Cost = 5007.00, Rho = 1.000
(iter 10) [0.0, 1.4639, 1.2510] = 376.5407, sampling [1.0, 0.3298, 0.3245]. Recommendation = [0.0, 0.1036, 0.2716], Current Cost = 5008.00, Rho = 1.000
(iter 10) [0.0, 1.4639, 1.2510] = 376.5407, sampling [1.0, 0.2103, 0.2053]. Recommendation = [0.0, 0.3298, 0.3245], Current Cost = 5009.00, Rho = 1.000
(iter 10) [0.0, 1.4639, 1.2510] = 376.5407, sampling [1.0, 0.0103, 0.0364]. Recommendation = [0.0, 0.2103, 0.2053], Current Cost = 5010.00, Rho = 1.000
(iter 10) [0.0, 1.4639, 1.2510] = 376.5407, sampling [1.0, 0.1107, -0.0303]. Recommendation = [0.0, 0.0103, 0.0364], Current Cost = 5011.00, Rho = 1.000
(iter 10) [0.0, 1.4639, 1.2510] = 376.5407, sampling [1.0, 0.0577, 0.0916]. Recommendation = [0.0, 0.0577, 0.0916], Current Cost = 5012.00, Rho = 1.000
(iter 10) [0.0, 1.4639, 1.2510] = 376.5407, sampling [1.0, 0.3473, 0.0676]. Recommendation = [0.0, 0.1107, -0.0303], Current Cost = 5013.00, Rho = 1.000
(iter 10) [0.0, 1.4639, 1.2510] = 376.5407, sampling [1.0, 0.0014, -0.1537]. Recommendation = [0.0, 0.3473, 0.0676], Current Cost = 5014.00, Rho = 1.000
(iter 10) [0.0, 1.4639, 1.2510] = 376.5407, sampling [1.0, 0.1601, -0.1457]. Recommendation = [0.0, 0.3473, 0.0676], Current Cost = 5015.00, Rho = 1.000
(iter 10) [0.0, 1.4639, 1.2510] = 376.5407, sampling [1.0, -0.0196, 0.1629]. Recommendation = [0.0, 0.3473, 0.0676], Current Cost = 5016.00, Rho = 1.000
(iter 10) [0.0, 1.4639, 1.2510] = 376.5407, sampling [1.0, 0.5301, 0.3861]. Recommendation = [0.0, 0.3473, 0.0676], Current Cost = 5017.00, Rho = 1.000
(iter 10) [0.0, 1.4639, 1.2510] = 376.5407, sampling [1.0, 0.5375, 0.1572]. Recommendation = [0.0, 0.3473, 0.0676], Current Cost = 5018.00, Rho = 1.000
(iter 10) [0.0, 1.4639, 1.2510] = 376.5407, sampling [1.0, 0.6863, 0.6295]. Recommendation = [0.0, 0.3473, 0.0676], Current Cost = 5019.00, Rho = 1.000
(iter 10) [0.0, 1.4639, 1.2510] = 376.5407, sampling [1.0, 0.6179, 0.4931]. Recommendation = [0.0, 0.3473, 0.0676], Current Cost = 5020.00, Rho = 1.000
(iter 10) [0.0, 1.4639, 1.2510] = 376.5407, sampling [1.0, 0.5937, 0.9255]. Recommendation = [0.0, 0.3473, 0.0676], Current Cost = 5021.00, Rho = 1.000
(iter 10) [0.0, 1.4639, 1.2510] = 376.5407, sampling [1.0, 0.8666, 0.5935]. Recommendation = [0.0, 0.3473, 0.0676], Current Cost = 5022.00, Rho = 1.000
(iter 10) [0.0, 1.4639, 1.2510] = 376.5407, sampling [1.0, 0.8267, 0.7582]. Recommendation = [0.0, 0.3473, 0.0676], Current Cost = 5023.00, Rho = 1.000
(iter 10) [0.0, 1.4639, 1.2510] = 376.5407, sampling [1.0, 0.6273, 0.7127]. Recommendation = [0.0, 0.8267, 0.7582], Current Cost = 5024.00, Rho = 1.000
(iter 10) [0.0, 1.4639, 1.2510] = 376.5407, sampling [1.0, 0.9256, 0.6680]. Recommendation = [0.0, 0.8267, 0.7582], Current Cost = 5025.00, Rho = 1.000
(iter 10) [0.0, 1.4639, 1.2510] = 376.5407, sampling [1.0, 0.9636, 0.9623]. Recommendation = [0.0, 0.8267, 0.7582], Current Cost = 5026.00, Rho = 1.000
(iter 10) [0.0, 1.4639, 1.2510] = 376.5407, sampling [1.0, 1.0433, 0.9375]. Recommendation = [0.0, 0.9636, 0.9623], Current Cost = 5027.00, Rho = 1.000
(iter 10) [0.0, 1.4639, 1.2510] = 376.5407, sampling [1.0, 0.0650, -0.3001]. Recommendation = [0.0, 0.9636, 0.9623], Current Cost = 5028.00, Rho = 1.000
(iter 10) [0.0, 1.4639, 1.2510] = 376.5407, sampling [1.0, -0.2576, -0.0405]. Recommendation = [0.0, 0.9636, 0.9623], Current Cost = 5029.00, Rho = 1.000
(iter 10) [0.0, 1.4639, 1.2510] = 376.5407, sampling [1.0, -0.2501, 0.2616]. Recommendation = [0.0, 0.9636, 0.9623], Current Cost = 5030.00, Rho = 1.000
(iter 10) [0.0, 1.4639, 1.2510] = 376.5407, sampling [1.0, -0.2133, -0.2851]. Recommendation = [0.0, 0.9636, 0.9623], Current Cost = 5031.00, Rho = 1.000
(iter 10) [0.0, 1.4639, 1.2510] = 376.5407, sampling [1.0, -0.3299, 0.0479]. Recommendation = [0.0, 0.9636, 0.9623], Current Cost = 5032.00, Rho = 1.000
(iter 10) [0.0, 1.4639, 1.2510] = 376.5407, sampling [1.0, -0.1578, 0.4611]. Recommendation = [0.0, 0.9636, 0.9623], Current Cost = 5033.00, Rho = 1.000
(iter 10) [0.0, 1.4639, 1.2510] = 376.5407, sampling [1.0, 0.8547, 0.7816]. Recommendation = [0.0, 0.9636, 0.9623], Current Cost = 5034.00, Rho = 1.000
(iter 10) [0.0, 1.4639, 1.2510] = 376.5407, sampling [1.0, 0.8143, 1.0760]. Recommendation = [0.0, 0.9636, 0.9623], Current Cost = 5035.00, Rho = 1.000
(iter 10) [0.0, 1.4639, 1.2510] = 376.5407, sampling [1.0, 0.2617, 0.3611]. Recommendation = [0.0, 0.9636, 0.9623], Current Cost = 5036.00, Rho = 1.000
(iter 10) [0.0, 1.4639, 1.2510] = 376.5407, sampling [1.0, 0.5732, -0.0057]. Recommendation = [0.0, 0.9636, 0.9623], Current Cost = 5037.00, Rho = 1.000
(iter 10) [0.0, 1.4639, 1.2510] = 376.5407, sampling [1.0, 0.7741, 0.1494]. Recommendation = [0.0, 0.9636, 0.9623], Current Cost = 5038.00, Rho = 1.000
(iter 10) [0.0, 1.4639, 1.2510] = 376.5407, sampling [1.0, 0.8996, 0.5604]. Recommendation = [0.0, 0.9636, 0.9623], Current Cost = 5039.00, Rho = 1.000
(iter 10) [0.0, 1.4639, 1.2510] = 376.5407, sampling [1.0, 0.1330, -0.1918]. Recommendation = [0.0, 0.9636, 0.9623], Current Cost = 5040.00, Rho = 1.000
(iter 10) [0.0, 1.4639, 1.2510] = 376.5407, sampling [1.0, 1.1524, 0.9798]. Recommendation = [0.0, 0.9636, 0.9623], Current Cost = 5041.00, Rho = 1.000
(iter 10) [0.0, 1.4639, 1.2510] = 376.5407, sampling [1.0, 0.6339, 0.0850]. Recommendation = [0.0, 0.9636, 0.9623], Current Cost = 5042.00, Rho = 1.000
(iter 10) [0.0, 1.4639, 1.2510] = 376.5407, sampling [1.0, -0.1181, -0.4204]. Recommendation = [0.0, 0.9636, 0.9623], Current Cost = 5043.00, Rho = 1.000
(iter 10) [0.0, 1.4639, 1.2510] = 376.5407, sampling [1.0, -0.3470, 0.3391]. Recommendation = [0.0, 0.9636, 0.9623], Current Cost = 5044.00, Rho = 1.000
(iter 10) [0.0, 1.4639, 1.2510] = 376.5407, sampling [1.0, -0.0136, 0.8367]. Recommendation = [0.0, 0.9636, 0.9623], Current Cost = 5045.00, Rho = 1.000
(iter 10) [0.0, 1.4639, 1.2510] = 376.5407, sampling [1.0, 0.2059, -0.3891]. Recommendation = [0.0, 0.9636, 0.9623], Current Cost = 5046.00, Rho = 1.000
(iter 10) [0.0, 1.4639, 1.2510] = 376.5407, sampling [1.0, 0.4955, -0.1709]. Recommendation = [0.0, 0.9636, 0.9623], Current Cost = 5047.00, Rho = 1.000
(iter 10) [0.0, 1.4639, 1.2510] = 376.5407, sampling [1.0, -0.4687, 0.2968]. Recommendation = [0.0, 0.9636, 0.9623], Current Cost = 5048.00, Rho = 1.000
(iter 10) [0.0, 1.4639, 1.2510] = 376.5407, sampling [1.0, -0.4832, -0.0219]. Recommendation = [0.0, 0.9636, 0.9623], Current Cost = 5049.00, Rho = 1.000
(iter 10) [0.0, 1.4639, 1.2510] = 376.5407, sampling [1.0, -0.4231, -0.2502]. Recommendation = [0.0, 0.9636, 0.9623], Current Cost = 5050.00, Rho = 1.000
(iter 10) [0.0, 1.4639, 1.2510] = 376.5407, sampling [1.0, 1.2274, 0.8807]. Recommendation = [0.0, 0.9636, 0.9623], Current Cost = 5051.00, Rho = 1.000
(iter 10) [0.0, 1.4639, 1.2510] = 376.5407, sampling [1.0, 0.9480, 1.2055]. Recommendation = [0.0, 0.9636, 0.9623], Current Cost = 5052.00, Rho = 1.000
(iter 10) [0.0, 1.4639, 1.2510] = 376.5407, sampling [1.0, 0.0317, -0.3812]. Recommendation = [0.0, 0.9636, 0.9623], Current Cost = 5053.00, Rho = 1.000
(iter 10) [0.0, 1.4639, 1.2510] = 376.5407, sampling [1.0, -0.2811, 0.4503]. Recommendation = [0.0, 0.9636, 0.9623], Current Cost = 5054.00, Rho = 1.000
(iter 10) [0.0, 1.4639, 1.2510] = 376.5407, sampling [1.0, 0.1440, -0.3180]. Recommendation = [0.0, 0.9636, 0.9623], Current Cost = 5055.00, Rho = 1.000
(iter 10) [0.0, 1.4639, 1.2510] = 376.5407, sampling [1.0, -0.6289, 0.1711]. Recommendation = [0.0, 0.9636, 0.9623], Current Cost = 5056.00, Rho = 1.000
(iter 10) [0.0, 1.4639, 1.2510] = 376.5407, sampling [1.0, -0.5982, 0.0314]. Recommendation = [0.0, 0.9636, 0.9623], Current Cost = 5057.00, Rho = 1.000
(iter 10) [0.0, 1.4639, 1.2510] = 376.5407, sampling [1.0, -0.5092, 0.0138]. Recommendation = [0.0, 0.9636, 0.9623], Current Cost = 5058.00, Rho = 1.000
(iter 10) [0.0, 1.4639, 1.2510] = 376.5407, sampling [1.0, 1.0518, 0.3468]. Recommendation = [0.0, 0.9636, 0.9623], Current Cost = 5059.00, Rho = 1.000
(iter 10) [0.0, 1.4639, 1.2510] = 376.5407, sampling [1.0, 0.6897, 1.2186]. Recommendation = [0.0, 0.9636, 0.9623], Current Cost = 5060.00, Rho = 1.000
(iter 10) [0.0, 1.4639, 1.2510] = 376.5407, sampling [1.0, -0.5376, 0.5832]. Recommendation = [0.0, 0.9636, 0.9623], Current Cost = 5061.00, Rho = 1.000
(iter 10) [0.0, 1.4639, 1.2510] = 376.5407, sampling [1.0, -0.3683, 0.6433]. Recommendation = [0.0, 0.9636, 0.9623], Current Cost = 5062.00, Rho = 1.000
(iter 10) [0.0, 1.4639, 1.2510] = 376.5407, sampling [1.0, -0.6697, 0.2158]. Recommendation = [0.0, 0.9636, 0.9623], Current Cost = 5063.00, Rho = 1.000
(iter 10) [0.0, 1.4639, 1.2510] = 376.5407, sampling [1.0, -0.0070, -0.5494]. Recommendation = [0.0, 0.9636, 0.9623], Current Cost = 5064.00, Rho = 1.000
(iter 10) [0.0, 1.4639, 1.2510] = 376.5407, sampling [1.0, -0.3413, -0.3948]. Recommendation = [0.0, 0.9636, 0.9623], Current Cost = 5065.00, Rho = 1.000
(iter 10) [0.0, 1.4639, 1.2510] = 376.5407, sampling [1.0, 0.9875, 1.2933]. Recommendation = [0.0, 0.9636, 0.9623], Current Cost = 5066.00, Rho = 1.000
(iter 10) [0.0, 1.4639, 1.2510] = 376.5407, sampling [1.0, 0.5525, -0.1097]. Recommendation = [0.0, 0.9636, 0.9623], Current Cost = 5067.00, Rho = 1.000
(iter 10) [0.0, 1.4639, 1.2510] = 376.5407, sampling [1.0, 0.8863, 1.2597]. Recommendation = [0.0, 0.9636, 0.9623], Current Cost = 5068.00, Rho = 1.000
(iter 10) [0.0, 1.4639, 1.2510] = 376.5407, sampling [1.0, 0.0518, 0.6008]. Recommendation = [0.0, 0.9636, 0.9623], Current Cost = 5069.00, Rho = 1.000
(iter 10) [0.0, 1.4639, 1.2510] = 376.5407, sampling [1.0, 0.1191, -0.4739]. Recommendation = [0.0, 0.9636, 0.9623], Current Cost = 5070.00, Rho = 1.000
(iter 10) [0.0, 1.4639, 1.2510] = 376.5407, sampling [1.0, -0.8031, 0.4347]. Recommendation = [0.0, 0.9636, 0.9623], Current Cost = 5071.00, Rho = 1.000
(iter 10) [0.0, 1.4639, 1.2510] = 376.5407, sampling [1.0, -0.7329, 0.2179]. Recommendation = [0.0, 0.9636, 0.9623], Current Cost = 5072.00, Rho = 1.000
(iter 10) [0.0, 1.4639, 1.2510] = 376.5407, sampling [1.0, -0.6055, 0.8022]. Recommendation = [0.0, 0.9636, 0.9623], Current Cost = 5073.00, Rho = 1.000
(iter 10) [0.0, 1.4639, 1.2510] = 376.5407, sampling [1.0, -0.4551, 0.7965]. Recommendation = [0.0, 0.9636, 0.9623], Current Cost = 5074.00, Rho = 1.000
(iter 10) [0.0, 1.4639, 1.2510] = 376.5407, sampling [1.0, -0.8115, 0.4665]. Recommendation = [0.0, 0.9636, 0.9623], Current Cost = 5075.00, Rho = 1.000
(iter 10) [0.0, 1.4639, 1.2510] = 376.5407, sampling [1.0, -0.7868, 0.7739]. Recommendation = [0.0, 0.9636, 0.9623], Current Cost = 5076.00, Rho = 1.000
(iter 10) [0.0, 1.4639, 1.2510] = 376.5407, sampling [1.0, -0.9163, 0.6766]. Recommendation = [0.0, 0.9636, 0.9623], Current Cost = 5077.00, Rho = 1.000
(iter 10) [0.0, 1.4639, 1.2510] = 376.5407, sampling [1.0, -0.8748, 0.3819]. Recommendation = [0.0, 0.9636, 0.9623], Current Cost = 5078.00, Rho = 1.000
(iter 10) [0.0, 1.4639, 1.2510] = 376.5407, sampling [1.0, -0.7189, 0.1434]. Recommendation = [0.0, 0.9636, 0.9623], Current Cost = 5079.00, Rho = 1.000
(iter 10) [0.0, 1.4639, 1.2510] = 376.5407, sampling [1.0, 0.7192, 0.0007]. Recommendation = [0.0, 0.9636, 0.9623], Current Cost = 5080.00, Rho = 1.000
(iter 10) [0.0, 1.4639, 1.2510] = 376.5407, sampling [1.0, 0.4607, 0.8908]. Recommendation = [0.0, 0.9636, 0.9623], Current Cost = 5081.00, Rho = 1.000
(iter 10) [0.0, 1.4639, 1.2510] = 376.5407, sampling [1.0, 0.4777, -0.3062]. Recommendation = [0.0, 0.9636, 0.9623], Current Cost = 5082.00, Rho = 1.000
(iter 10) [0.0, 1.4639, 1.2510] = 376.5407, sampling [1.0, -0.5301, -0.0123]. Recommendation = [0.0, 0.9636, 0.9623], Current Cost = 5083.00, Rho = 1.000
(iter 10) [0.0, 1.4639, 1.2510] = 376.5407, sampling [1.0, -0.5828, -0.2102]. Recommendation = [0.0, 0.9636, 0.9623], Current Cost = 5084.00, Rho = 1.000
(iter 10) [0.0, 1.4639, 1.2510] = 376.5407, sampling [1.0, -0.0911, 0.5089]. Recommendation = [0.0, 0.9636, 0.9623], Current Cost = 5085.00, Rho = 1.000
(iter 10) [0.0, 1.4639, 1.2510] = 376.5407, sampling [1.0, -0.6393, 1.1045]. Recommendation = [0.0, 0.9636, 0.9623], Current Cost = 5086.00, Rho = 1.000
(iter 10) [0.0, 1.4639, 1.2510] = 376.5407, sampling [1.0, 1.1221, 1.5185]. Recommendation = [0.0, 0.9636, 0.9623], Current Cost = 5087.00, Rho = 1.000
(iter 10) [0.0, 1.4639, 1.2510] = 376.5407, sampling [1.0, 0.8326, 1.5376]. Recommendation = [0.0, 0.9636, 0.9623], Current Cost = 5088.00, Rho = 1.000
(iter 10) [0.0, 1.4639, 1.2510] = 376.5407, sampling [1.0, -0.6191, 0.0538]. Recommendation = [0.0, 0.9636, 0.9623], Current Cost = 5089.00, Rho = 1.000
(iter 10) [0.0, 1.4639, 1.2510] = 376.5407, sampling [1.0, -0.8661, 1.0114]. Recommendation = [0.0, 0.9636, 0.9623], Current Cost = 5090.00, Rho = 1.000
(iter 10) [0.0, 1.4639, 1.2510] = 376.5407, sampling [1.0, 0.6481, -0.0755]. Recommendation = [0.0, 0.9636, 0.9623], Current Cost = 5091.00, Rho = 1.000
(iter 10) [0.0, 1.4639, 1.2510] = 376.5407, sampling [1.0, -0.0519, 1.3051]. Recommendation = [0.0, 0.9636, 0.9623], Current Cost = 5092.00, Rho = 1.000
(iter 10) [0.0, 1.4639, 1.2510] = 376.5407, sampling [1.0, 0.9335, 1.2874]. Recommendation = [0.0, 0.9636, 0.9623], Current Cost = 5093.00, Rho = 1.000
(iter 10) [0.0, 1.4639, 1.2510] = 376.5407, sampling [1.0, 0.3032, -0.5117]. Recommendation = [0.0, 0.9636, 0.9623], Current Cost = 5094.00, Rho = 1.000
(iter 10) [0.0, 1.4639, 1.2510] = 376.5407, sampling [1.0, 1.2573, 0.6496]. Recommendation = [0.0, 0.9636, 0.9623], Current Cost = 5095.00, Rho = 1.000
(iter 10) [0.0, 1.4639, 1.2510] = 376.5407, sampling [1.0, -1.0291, 0.6963]. Recommendation = [0.0, 0.9636, 0.9623], Current Cost = 5096.00, Rho = 1.000
(iter 10) [0.0, 1.4639, 1.2510] = 376.5407, sampling [1.0, -0.9253, 1.1269]. Recommendation = [0.0, 0.9636, 0.9623], Current Cost = 5097.00, Rho = 1.000
(iter 10) [0.0, 1.4639, 1.2510] = 376.5407, sampling [1.0, -0.7840, 1.0995]. Recommendation = [0.0, 0.9636, 0.9623], Current Cost = 5098.00, Rho = 1.000
(iter 10) [0.0, 1.4639, 1.2510] = 376.5407, sampling [1.0, -1.1203, 0.8691]. Recommendation = [0.0, 0.9636, 0.9623], Current Cost = 5099.00, Rho = 1.000
(iter 10) [0.0, 1.4639, 1.2510] = 376.5407, sampling [1.0, -0.9526, 1.2699]. Recommendation = [0.0, 0.9636, 0.9623], Current Cost = 5100.00, Rho = 1.000
(iter 10) [0.0, 1.4639, 1.2510] = 376.5407, sampling [1.0, -1.1199, 1.2396]. Recommendation = [0.0, 0.9636, 0.9623], Current Cost = 5101.00, Rho = 1.000
(iter 10) [0.0, 1.4639, 1.2510] = 376.5407, sampling [1.0, -1.1747, 1.1658]. Recommendation = [0.0, 0.9636, 0.9623], Current Cost = 5102.00, Rho = 1.000
(iter 10) [0.0, 1.4639, 1.2510] = 376.5407, sampling [1.0, -1.0076, 1.3471]. Recommendation = [0.0, 0.9636, 0.9623], Current Cost = 5103.00, Rho = 1.000
(iter 10) [0.0, 1.4639, 1.2510] = 376.5407, sampling [1.0, -1.2320, 1.3941]. Recommendation = [0.0, 0.9636, 0.9623], Current Cost = 5104.00, Rho = 1.000
(iter 10) [0.0, 1.4639, 1.2510] = 376.5407, sampling [1.0, -1.0833, 1.4897]. Recommendation = [0.0, 0.9636, 0.9623], Current Cost = 5105.00, Rho = 1.000
(iter 10) [0.0, 1.4639, 1.2510] = 376.5407, sampling [1.0, -1.0215, 1.4394]. Recommendation = [0.0, 0.9636, 0.9623], Current Cost = 5106.00, Rho = 1.000
(iter 10) [0.0, 1.4639, 1.2510] = 376.5407, sampling [1.0, -1.2154, 1.6458]. Recommendation = [0.0, 0.9636, 0.9623], Current Cost = 5107.00, Rho = 1.000
(iter 10) [0.0, 1.4639, 1.2510] = 376.5407, sampling [1.0, -1.3989, 1.5571]. Recommendation = [0.0, 0.9636, 0.9623], Current Cost = 5108.00, Rho = 1.000
(iter 10) [0.0, 1.4639, 1.2510] = 376.5407, sampling [1.0, -0.9422, 1.6972]. Recommendation = [0.0, 0.9636, 0.9623], Current Cost = 5109.00, Rho = 1.000
(iter 10) [0.0, 1.4639, 1.2510] = 376.5407, sampling [1.0, -1.4438, 1.3857]. Recommendation = [0.0, 0.9636, 0.9623], Current Cost = 5110.00, Rho = 1.000
(iter 10) [0.0, 1.4639, 1.2510] = 376.5407, sampling [1.0, -1.3290, 1.7386]. Recommendation = [0.0, 0.9636, 0.9623], Current Cost = 5111.00, Rho = 1.000
(iter 10) [0.0, 1.4639, 1.2510] = 376.5407, sampling [1.0, -1.3426, 1.9070]. Recommendation = [0.0, 0.9636, 0.9623], Current Cost = 5112.00, Rho = 1.000
(iter 10) [0.0, 1.4639, 1.2510] = 376.5407, sampling [1.0, -1.4863, 1.8013]. Recommendation = [0.0, 0.9636, 0.9623], Current Cost = 5113.00, Rho = 1.000
(iter 10) [0.0, 1.4639, 1.2510] = 376.5407, sampling [1.0, -1.2598, 1.9637]. Recommendation = [0.0, 0.9636, 0.9623], Current Cost = 5114.00, Rho = 1.000
(iter 10) [0.0, 1.4639, 1.2510] = 376.5407, sampling [1.0, -1.4941, 1.9411]. Recommendation = [0.0, 0.9636, 0.9623], Current Cost = 5115.00, Rho = 1.000
(iter 10) [0.0, 1.4639, 1.2510] = 376.5407, sampling [1.0, -1.2977, 1.0803]. Recommendation = [0.0, 0.9636, 0.9623], Current Cost = 5116.00, Rho = 1.000
(iter 10) [0.0, 1.4639, 1.2510] = 376.5407, sampling [1.0, -1.0759, 1.8446]. Recommendation = [0.0, 0.9636, 0.9623], Current Cost = 5117.00, Rho = 1.000
(iter 10) [0.0, 1.4639, 1.2510] = 376.5407, sampling [1.0, -1.2408, 1.4055]. Recommendation = [0.0, 0.9636, 0.9623], Current Cost = 5118.00, Rho = 1.000
(iter 10) [0.0, 1.4639, 1.2510] = 376.5407, sampling [1.0, -1.5976, 1.6757]. Recommendation = [0.0, 0.9636, 0.9623], Current Cost = 5119.00, Rho = 1.000
(iter 10) [0.0, 1.4639, 1.2510] = 376.5407, sampling [1.0, 1.1791, 1.7516]. Recommendation = [0.0, 0.9636, 0.9623], Current Cost = 5120.00, Rho = 1.000
(iter 10) [0.0, 1.4639, 1.2510] = 376.5407, sampling [1.0, 1.3638, 1.6356]. Recommendation = [0.0, 0.9636, 0.9623], Current Cost = 5121.00, Rho = 1.000
(iter 10) [0.0, 1.4639, 1.2510] = 376.5407, sampling [1.0, 1.3141, 1.7664]. Recommendation = [0.0, 0.9636, 0.9623], Current Cost = 5122.00, Rho = 1.000
(iter 10) [0.0, 1.4639, 1.2510] = 376.5407, sampling [1.0, 1.2792, 1.8545]. Recommendation = [0.0, 0.9636, 0.9623], Current Cost = 5123.00, Rho = 1.000
(iter 10) [0.0, 1.4639, 1.2510] = 376.5407, sampling [1.0, 1.3309, 1.8100]. Recommendation = [0.0, 0.9636, 0.9623], Current Cost = 5124.00, Rho = 1.000
(iter 10) [0.0, 1.4639, 1.2510] = 376.5407, sampling [1.0, 1.3559, 1.8587]. Recommendation = [0.0, 0.9636, 0.9623], Current Cost = 5125.00, Rho = 1.000
(iter 10) [0.0, 1.4639, 1.2510] = 376.5407, sampling [1.0, 1.5085, 1.7319]. Recommendation = [0.0, 1.3559, 1.8587], Current Cost = 5126.00, Rho = 1.000
(iter 10) [0.0, 1.4639, 1.2510] = 376.5407, sampling [1.0, 1.4037, 1.6051]. Recommendation = [0.0, 1.3559, 1.8587], Current Cost = 5127.00, Rho = 1.000
(iter 10) [0.0, 1.4639, 1.2510] = 376.5407, sampling [1.0, 0.9197, 1.9138]. Recommendation = [0.0, 1.3559, 1.8587], Current Cost = 5128.00, Rho = 1.000
(iter 10) [0.0, 1.4639, 1.2510] = 376.5407, sampling [1.0, 1.4837, 1.5610]. Recommendation = [0.0, 1.3559, 1.8587], Current Cost = 5129.00, Rho = 1.000
(iter 10) [0.0, 1.4639, 1.2510] = 376.5407, sampling [1.0, 1.5971, 1.8935]. Recommendation = [0.0, 1.3559, 1.8587], Current Cost = 5130.00, Rho = 1.000
(iter 10) [0.0, 1.4639, 1.2510] = 376.5407, sampling [1.0, -0.0832, -0.6623]. Recommendation = [0.0, 1.3559, 1.8587], Current Cost = 5131.00, Rho = 1.000
(iter 10) [0.0, 1.4639, 1.2510] = 376.5407, sampling [1.0, -0.7016, 1.3353]. Recommendation = [0.0, 1.3559, 1.8587], Current Cost = 5132.00, Rho = 1.000
(iter 10) [0.0, 1.4639, 1.2510] = 376.5407, sampling [1.0, 1.2148, 0.9732]. Recommendation = [0.0, 1.3559, 1.8587], Current Cost = 5133.00, Rho = 1.000
(iter 10) [0.0, 1.4639, 1.2510] = 376.5407, sampling [1.0, 1.1386, 1.7745]. Recommendation = [0.0, 1.3559, 1.8587], Current Cost = 5134.00, Rho = 1.000
(iter 10) [0.0, 1.4639, 1.2510] = 376.5407, sampling [1.0, -1.5881, 1.9893]. Recommendation = [0.0, 1.3559, 1.8587], Current Cost = 5135.00, Rho = 1.000
(iter 10) [0.0, 1.4639, 1.2510] = 376.5407, sampling [1.0, -0.4108, -0.4871]. Recommendation = [0.0, 1.3559, 1.8587], Current Cost = 5136.00, Rho = 1.000
(iter 10) [0.0, 1.4639, 1.2510] = 376.5407, sampling [1.0, -0.9770, 1.5303]. Recommendation = [0.0, 1.3559, 1.8587], Current Cost = 5137.00, Rho = 1.000
(iter 10) [0.0, 1.4639, 1.2510] = 376.5407, sampling [1.0, -0.1711, 0.7419]. Recommendation = [0.0, 1.3559, 1.8587], Current Cost = 5138.00, Rho = 1.000
(iter 10) [0.0, 1.4639, 1.2510] = 376.5407, sampling [1.0, -0.9983, 1.4095]. Recommendation = [0.0, 1.3559, 1.8587], Current Cost = 5139.00, Rho = 1.000
(iter 10) [0.0, 1.4639, 1.2510] = 376.5407, sampling [1.0, -0.5176, 0.8627]. Recommendation = [0.0, 1.3559, 1.8587], Current Cost = 5140.00, Rho = 1.000
(iter 10) [0.0, 1.4639, 1.2510] = 376.5407, sampling [1.0, 0.6792, -0.1829]. Recommendation = [0.0, 1.3559, 1.8587], Current Cost = 5141.00, Rho = 1.000
(iter 10) [0.0, 1.4639, 1.2510] = 376.5407, sampling [1.0, 0.7118, 1.1173]. Recommendation = [0.0, 1.3559, 1.8587], Current Cost = 5142.00, Rho = 1.000
(iter 10) [0.0, 1.4639, 1.2510] = 376.5407, sampling [1.0, -0.3972, -0.3746]. Recommendation = [0.0, 1.3559, 1.8587], Current Cost = 5143.00, Rho = 1.000
(iter 10) [0.0, 1.4639, 1.2510] = 376.5407, sampling [1.0, -1.0434, 1.9808]. Recommendation = [0.0, 1.3559, 1.8587], Current Cost = 5144.00, Rho = 1.000
(iter 10) [0.0, 1.4639, 1.2510] = 376.5407, sampling [1.0, -0.8364, 0.0974]. Recommendation = [0.0, 1.3559, 1.8587], Current Cost = 5145.00, Rho = 1.000
(iter 10) [0.0, 1.4639, 1.2510] = 376.5407, sampling [1.0, 0.8200, -0.0382]. Recommendation = [0.0, 1.3559, 1.8587], Current Cost = 5146.00, Rho = 1.000
(iter 10) [0.0, 1.4639, 1.2510] = 376.5407, sampling [1.0, -1.5008, 1.8286]. Recommendation = [0.0, 1.3559, 1.8587], Current Cost = 5147.00, Rho = 1.000
(iter 10) [0.0, 1.4639, 1.2510] = 376.5407, sampling [1.0, -1.3790, 1.1694]. Recommendation = [0.0, 1.3559, 1.8587], Current Cost = 5148.00, Rho = 1.000
(iter 10) [0.0, 1.4639, 1.2510] = 376.5407, sampling [1.0, 0.5223, -0.2770]. Recommendation = [0.0, 1.3559, 1.8587], Current Cost = 5149.00, Rho = 1.000
(iter 10) [0.0, 1.4639, 1.2510] = 376.5407, sampling [1.0, -0.6726, -0.1939]. Recommendation = [0.0, 1.3559, 1.8587], Current Cost = 5150.00, Rho = 1.000
(iter 10) [0.0, 1.4639, 1.2510] = 376.5407, sampling [1.0, -1.1360, 0.7211]. Recommendation = [0.0, 1.3559, 1.8587], Current Cost = 5151.00, Rho = 1.000
(iter 10) [0.0, 1.4639, 1.2510] = 376.5407, sampling [1.0, -0.5865, -0.4397]. Recommendation = [0.0, 1.3559, 1.8587], Current Cost = 5152.00, Rho = 1.000
(iter 10) [0.0, 1.4639, 1.2510] = 376.5407, sampling [1.0, 1.3684, 0.9564]. Recommendation = [0.0, 1.3559, 1.8587], Current Cost = 5153.00, Rho = 1.000
(iter 10) [0.0, 1.4639, 1.2510] = 376.5407, sampling [1.0, -0.9756, 0.2807]. Recommendation = [0.0, 1.3559, 1.8587], Current Cost = 5154.00, Rho = 1.000
(iter 10) [0.0, 1.4639, 1.2510] = 376.5407, sampling [1.0, 1.0151, 0.1244]. Recommendation = [0.0, 1.3559, 1.8587], Current Cost = 5155.00, Rho = 1.000
(iter 10) [0.0, 1.4639, 1.2510] = 376.5407, sampling [1.0, 1.9024, 1.7227]. Recommendation = [0.0, 1.3559, 1.8587], Current Cost = 5156.00, Rho = 1.000
(iter 10) [0.0, 1.4639, 1.2510] = 376.5407, sampling [1.0, 0.4300, 1.0003]. Recommendation = [0.0, 1.3559, 1.8587], Current Cost = 5157.00, Rho = 1.000
(iter 10) [0.0, 1.4639, 1.2510] = 376.5407, sampling [1.0, -0.4589, -0.6676]. Recommendation = [0.0, 1.3559, 1.8587], Current Cost = 5158.00, Rho = 1.000
(iter 10) [0.0, 1.4639, 1.2510] = 376.5407, sampling [1.0, 0.6982, -0.1001]. Recommendation = [0.0, 1.3559, 1.8587], Current Cost = 5159.00, Rho = 1.000
(iter 10) [0.0, 1.4639, 1.2510] = 376.5407, sampling [1.0, -1.7907, 1.9749]. Recommendation = [0.0, 1.3559, 1.8587], Current Cost = 5160.00, Rho = 1.000
(iter 10) [0.0, 1.4639, 1.2510] = 376.5407, sampling [1.0, -1.4679, 1.4967]. Recommendation = [0.0, 1.3559, 1.8587], Current Cost = 5161.00, Rho = 1.000
(iter 10) [0.0, 1.4639, 1.2510] = 376.5407, sampling [1.0, 0.7292, 0.0239]. Recommendation = [0.0, 1.3559, 1.8587], Current Cost = 5162.00, Rho = 1.000
(iter 10) [0.0, 1.4639, 1.2510] = 376.5407, sampling [1.0, -0.3826, 1.0676]. Recommendation = [0.0, 1.3559, 1.8587], Current Cost = 5163.00, Rho = 1.000
(iter 10) [0.0, 1.4639, 1.2510] = 376.5407, sampling [1.0, -0.0455, -0.8447]. Recommendation = [0.0, 1.3559, 1.8587], Current Cost = 5164.00, Rho = 1.000
(iter 10) [0.0, 1.4639, 1.2510] = 376.5407, sampling [1.0, -0.0369, 1.9935]. Recommendation = [0.0, 1.3559, 1.8587], Current Cost = 5165.00, Rho = 1.000
(iter 10) [0.0, 1.4639, 1.2510] = 376.5407, sampling [1.0, -0.7064, 1.1338]. Recommendation = [0.0, 1.3559, 1.8587], Current Cost = 5166.00, Rho = 1.000
(iter 10) [0.0, 1.4639, 1.2510] = 376.5407, sampling [1.0, -0.2324, 0.8522]. Recommendation = [0.0, 1.3559, 1.8587], Current Cost = 5167.00, Rho = 1.000
(iter 10) [0.0, 1.4639, 1.2510] = 376.5407, sampling [1.0, -1.3075, 0.8464]. Recommendation = [0.0, 1.3559, 1.8587], Current Cost = 5168.00, Rho = 1.000
(iter 10) [0.0, 1.4639, 1.2510] = 376.5407, sampling [1.0, 0.1892, 1.0289]. Recommendation = [0.0, 1.3559, 1.8587], Current Cost = 5169.00, Rho = 1.000
(iter 10) [0.0, 1.4639, 1.2510] = 376.5407, sampling [1.0, 0.7632, -0.2306]. Recommendation = [0.0, 1.3559, 1.8587], Current Cost = 5170.00, Rho = 1.000
(iter 10) [0.0, 1.4639, 1.2510] = 376.5407, sampling [1.0, 0.6024, 1.1935]. Recommendation = [0.0, 1.3559, 1.8587], Current Cost = 5171.00, Rho = 1.000
(iter 10) [0.0, 1.4639, 1.2510] = 376.5407, sampling [1.0, 0.7798, -0.0922]. Recommendation = [0.0, 1.3559, 1.8587], Current Cost = 5172.00, Rho = 1.000
(iter 10) [0.0, 1.4639, 1.2510] = 376.5407, sampling [1.0, 0.6457, -0.5151]. Recommendation = [0.0, 1.3559, 1.8587], Current Cost = 5173.00, Rho = 1.000
(iter 10) [0.0, 1.4639, 1.2510] = 376.5407, sampling [1.0, -1.5633, 1.3035]. Recommendation = [0.0, 1.3559, 1.8587], Current Cost = 5174.00, Rho = 1.000
(iter 10) [0.0, 1.4639, 1.2510] = 376.5407, sampling [1.0, -0.7553, -0.4458]. Recommendation = [0.0, 1.3559, 1.8587], Current Cost = 5175.00, Rho = 1.000
(iter 10) [0.0, 1.4639, 1.2510] = 376.5407, sampling [1.0, 1.2217, 0.5152]. Recommendation = [0.0, 1.3559, 1.8587], Current Cost = 5176.00, Rho = 1.000
(iter 10) [0.0, 1.4639, 1.2510] = 376.5407, sampling [1.0, 0.4127, -0.7576]. Recommendation = [0.0, 1.3559, 1.8587], Current Cost = 5177.00, Rho = 1.000
(iter 10) [0.0, 1.4639, 1.2510] = 376.5407, sampling [1.0, -0.3141, -1.0290]. Recommendation = [0.0, 1.3559, 1.8587], Current Cost = 5178.00, Rho = 1.000
(iter 10) [0.0, 1.4639, 1.2510] = 376.5407, sampling [1.0, 1.2898, 0.7880]. Recommendation = [0.0, 1.3559, 1.8587], Current Cost = 5179.00, Rho = 1.000
(iter 10) [0.0, 1.4639, 1.2510] = 376.5407, sampling [1.0, 1.0227, -0.0536]. Recommendation = [0.0, 1.3559, 1.8587], Current Cost = 5180.00, Rho = 1.000
(iter 10) [0.0, 1.4639, 1.2510] = 376.5407, sampling [1.0, -0.1659, 0.9999]. Recommendation = [0.0, 1.3559, 1.8587], Current Cost = 5181.00, Rho = 1.000
(iter 10) [0.0, 1.4639, 1.2510] = 376.5407, sampling [1.0, 0.4482, 1.3573]. Recommendation = [0.0, 1.3559, 1.8587], Current Cost = 5182.00, Rho = 1.000
(iter 10) [0.0, 1.4639, 1.2510] = 376.5407, sampling [1.0, -1.2024, 0.6229]. Recommendation = [0.0, 1.3559, 1.8587], Current Cost = 5183.00, Rho = 1.000
(iter 10) [0.0, 1.4639, 1.2510] = 376.5407, sampling [1.0, -0.9088, -0.1382]. Recommendation = [0.0, 1.3559, 1.8587], Current Cost = 5184.00, Rho = 1.000
(iter 10) [0.0, 1.4639, 1.2510] = 376.5407, sampling [1.0, 1.1302, 0.2750]. Recommendation = [0.0, 1.3559, 1.8587], Current Cost = 5185.00, Rho = 1.000
(iter 10) [0.0, 1.4639, 1.2510] = 376.5407, sampling [1.0, -0.7662, 1.7584]. Recommendation = [0.0, 1.3559, 1.8587], Current Cost = 5186.00, Rho = 1.000
(iter 10) [0.0, 1.4639, 1.2510] = 376.5407, sampling [1.0, -0.6884, -0.9434]. Recommendation = [0.0, 1.3559, 1.8587], Current Cost = 5187.00, Rho = 1.000
(iter 10) [0.0, 1.4639, 1.2510] = 376.5407, sampling [1.0, -0.1317, 0.8757]. Recommendation = [0.0, 1.3559, 1.8587], Current Cost = 5188.00, Rho = 1.000
(iter 10) [0.0, 1.4639, 1.2510] = 376.5407, sampling [1.0, 0.7401, 1.6267]. Recommendation = [0.0, 1.3559, 1.8587], Current Cost = 5189.00, Rho = 1.000
(iter 10) [0.0, 1.4639, 1.2510] = 376.5407, sampling [1.0, -0.4463, 1.3614]. Recommendation = [0.0, 1.3559, 1.8587], Current Cost = 5190.00, Rho = 1.000
(iter 10) [0.0, 1.4639, 1.2510] = 376.5407, sampling [1.0, -0.4327, -0.6197]. Recommendation = [0.0, 1.3559, 1.8587], Current Cost = 5191.00, Rho = 1.000
(iter 10) [0.0, 1.4639, 1.2510] = 376.5407, sampling [1.0, 0.0177, 0.9197]. Recommendation = [0.0, 1.3559, 1.8587], Current Cost = 5192.00, Rho = 1.000
(iter 10) [0.0, 1.4639, 1.2510] = 376.5407, sampling [1.0, -1.6876, 1.8739]. Recommendation = [0.0, 1.3559, 1.8587], Current Cost = 5193.00, Rho = 1.000
(iter 10) [0.0, 1.4639, 1.2510] = 376.5407, sampling [1.0, 1.5349, 1.0230]. Recommendation = [0.0, 1.3559, 1.8587], Current Cost = 5194.00, Rho = 1.000
(iter 10) [0.0, 1.4639, 1.2510] = 376.5407, sampling [1.0, -1.6128, 1.5696]. Recommendation = [0.0, 1.3559, 1.8587], Current Cost = 5195.00, Rho = 1.000
(iter 10) [0.0, 1.4639, 1.2510] = 376.5407, sampling [1.0, -0.0703, -1.0701]. Recommendation = [0.0, 1.3559, 1.8587], Current Cost = 5196.00, Rho = 1.000
(iter 10) [0.0, 1.4639, 1.2510] = 376.5407, sampling [1.0, 0.3244, 1.1914]. Recommendation = [0.0, 1.3559, 1.8587], Current Cost = 5197.00, Rho = 1.000
(iter 10) [0.0, 1.4639, 1.2510] = 376.5407, sampling [1.0, 0.8025, -0.4651]. Recommendation = [0.0, 1.3559, 1.8587], Current Cost = 5198.00, Rho = 1.000
(iter 10) [0.0, 1.4639, 1.2510] = 376.5407, sampling [1.0, -0.6816, -0.6048]. Recommendation = [0.0, 1.3559, 1.8587], Current Cost = 5199.00, Rho = 1.000
(iter 10) [0.0, 1.4639, 1.2510] = 376.5407, sampling [1.0, -0.8533, -0.3404]. Recommendation = [0.0, 1.3559, 1.8587], Current Cost = 5200.00, Rho = 1.000
(iter 10) [0.0, 1.4639, 1.2510] = 376.5407, sampling [1.0, -1.2297, 0.3065]. Recommendation = [0.0, 1.3559, 1.8587], Current Cost = 5201.00, Rho = 1.000
(iter 10) [0.0, 1.4639, 1.2510] = 376.5407, sampling [1.0, 1.4749, 0.4804]. Recommendation = [0.0, 1.3559, 1.8587], Current Cost = 5202.00, Rho = 1.000
(iter 10) [0.0, 1.4639, 1.2510] = 376.5407, sampling [1.0, -1.4767, 1.2084]. Recommendation = [0.0, 1.3559, 1.8587], Current Cost = 5203.00, Rho = 1.000
(iter 10) [0.0, 1.4639, 1.2510] = 376.5407, sampling [1.0, 1.6438, 1.9221]. Recommendation = [0.0, 1.3559, 1.8587], Current Cost = 5204.00, Rho = 1.000
(iter 10) [0.0, 1.4639, 1.2510] = 376.5407, sampling [1.0, -1.9329, 1.1815]. Recommendation = [0.0, 1.3559, 1.8587], Current Cost = 5205.00, Rho = 1.000
(iter 10) [0.0, 1.4639, 1.2510] = 376.5407, sampling [1.0, -0.8953, 1.7836]. Recommendation = [0.0, 1.3559, 1.8587], Current Cost = 5206.00, Rho = 1.000
(iter 10) [0.0, 1.4639, 1.2510] = 376.5407, sampling [1.0, -0.3912, 1.1515]. Recommendation = [0.0, 1.3559, 1.8587], Current Cost = 5207.00, Rho = 1.000
(iter 10) [0.0, 1.4639, 1.2510] = 376.5407, sampling [1.0, 0.7858, 1.7975]. Recommendation = [0.0, 1.3559, 1.8587], Current Cost = 5208.00, Rho = 1.000
(iter 10) [0.0, 1.4639, 1.2510] = 376.5407, sampling [1.0, 1.0037, -0.2212]. Recommendation = [0.0, 1.3559, 1.8587], Current Cost = 5209.00, Rho = 1.000
(iter 10) [0.0, 1.4639, 1.2510] = 376.5407, sampling [1.0, 0.0953, 1.0940]. Recommendation = [0.0, 1.3559, 1.8587], Current Cost = 5210.00, Rho = 1.000
(iter 10) [0.0, 1.4639, 1.2510] = 376.5407, sampling [1.0, -0.7928, 1.9455]. Recommendation = [0.0, 1.3559, 1.8587], Current Cost = 5211.00, Rho = 1.000
(iter 10) [0.0, 1.4639, 1.2510] = 376.5407, sampling [1.0, -0.3254, -1.3584]. Recommendation = [0.0, 1.3559, 1.8587], Current Cost = 5212.00, Rho = 1.000
(iter 10) [0.0, 1.4639, 1.2510] = 376.5407, sampling [1.0, 0.5077, -0.8226]. Recommendation = [0.0, 1.3559, 1.8587], Current Cost = 5213.00, Rho = 1.000
(iter 10) [0.0, 1.4639, 1.2510] = 376.5407, sampling [1.0, 0.3090, -1.0049]. Recommendation = [0.0, 1.3559, 1.8587], Current Cost = 5214.00, Rho = 1.000
(iter 10) [0.0, 1.4639, 1.2510] = 376.5407, sampling [1.0, -0.5257, 1.5898]. Recommendation = [0.0, 1.3559, 1.8587], Current Cost = 5215.00, Rho = 1.000
(iter 10) [0.0, 1.4639, 1.2510] = 376.5407, sampling [1.0, -0.4775, -0.9336]. Recommendation = [0.0, 1.3559, 1.8587], Current Cost = 5216.00, Rho = 1.000
(iter 10) [0.0, 1.4639, 1.2510] = 376.5407, sampling [1.0, -0.1022, 1.0548]. Recommendation = [0.0, 1.3559, 1.8587], Current Cost = 5217.00, Rho = 1.000
(iter 10) [0.0, 1.4639, 1.2510] = 376.5407, sampling [1.0, 0.1410, -0.9833]. Recommendation = [0.0, 1.3559, 1.8587], Current Cost = 5218.00, Rho = 1.000
(iter 10) [0.0, 1.4639, 1.2510] = 376.5407, sampling [1.0, -1.2165, -0.5941]. Recommendation = [0.0, 1.3559, 1.8587], Current Cost = 5219.00, Rho = 1.000
(iter 10) [0.0, 1.4639, 1.2510] = 376.5407, sampling [1.0, 1.0856, 0.2928]. Recommendation = [0.0, 1.3559, 1.8587], Current Cost = 5220.00, Rho = 1.000
(iter 10) [0.0, 1.4639, 1.2510] = 376.5407, sampling [1.0, 0.1817, -1.3063]. Recommendation = [0.0, 1.3559, 1.8587], Current Cost = 5221.00, Rho = 1.000
(iter 10) [0.0, 1.4639, 1.2510] = 376.5407, sampling [1.0, -0.2696, 1.2780]. Recommendation = [0.0, 1.3559, 1.8587], Current Cost = 5222.00, Rho = 1.000
(iter 10) [0.0, 1.4639, 1.2510] = 376.5407, sampling [1.0, 0.3975, 1.5767]. Recommendation = [0.0, 1.3559, 1.8587], Current Cost = 5223.00, Rho = 1.000
(iter 10) [0.0, 1.4639, 1.2510] = 376.5407, sampling [1.0, 1.3398, 0.7485]. Recommendation = [0.0, 1.3559, 1.8587], Current Cost = 5224.00, Rho = 1.000
(iter 10) [0.0, 1.4639, 1.2510] = 376.5407, sampling [1.0, 0.2206, 1.3260]. Recommendation = [0.0, 1.3559, 1.8587], Current Cost = 5225.00, Rho = 1.000
(iter 10) [0.0, 1.4639, 1.2510] = 376.5407, sampling [1.0, 1.7526, 1.3142]. Recommendation = [0.0, 1.3559, 1.8587], Current Cost = 5226.00, Rho = 1.000
(iter 10) [0.0, 1.4639, 1.2510] = 376.5407, sampling [1.0, 1.1077, 0.2319]. Recommendation = [0.0, 1.3559, 1.8587], Current Cost = 5227.00, Rho = 1.000
(iter 10) [0.0, 1.4639, 1.2510] = 376.5407, sampling [1.0, 1.1516, -0.0560]. Recommendation = [0.0, 1.3559, 1.8587], Current Cost = 5228.00, Rho = 1.000
(iter 10) [0.0, 1.4639, 1.2510] = 376.5407, sampling [1.0, 0.4987, -0.9572]. Recommendation = [0.0, 1.3559, 1.8587], Current Cost = 5229.00, Rho = 1.000
(iter 10) [0.0, 1.4639, 1.2510] = 376.5407, sampling [1.0, 0.7506, -0.7912]. Recommendation = [0.0, 1.3559, 1.8587], Current Cost = 5230.00, Rho = 1.000
(iter 10) [0.0, 1.4639, 1.2510] = 376.5407, sampling [1.0, -0.4257, -1.9072]. Recommendation = [0.0, 1.3559, 1.8587], Current Cost = 5231.00, Rho = 1.000
(iter 10) [0.0, 1.4639, 1.2510] = 376.5407, sampling [1.0, -1.6981, 1.6922]. Recommendation = [0.0, 1.3559, 1.8587], Current Cost = 5232.00, Rho = 1.000
(iter 10) [0.0, 1.4639, 1.2510] = 376.5407, sampling [1.0, 0.5784, 1.8218]. Recommendation = [0.0, 1.3559, 1.8587], Current Cost = 5233.00, Rho = 1.000
(iter 10) [0.0, 1.4639, 1.2510] = 376.5407, sampling [1.0, -0.1409, -1.3004]. Recommendation = [0.0, 1.3559, 1.8587], Current Cost = 5234.00, Rho = 1.000
(iter 10) [0.0, 1.4639, 1.2510] = 376.5407, sampling [1.0, 1.0573, -0.4573]. Recommendation = [0.0, 1.3559, 1.8587], Current Cost = 5235.00, Rho = 1.000
(iter 10) [0.0, 1.4639, 1.2510] = 376.5407, sampling [1.0, -0.3058, -1.1655]. Recommendation = [0.0, 1.3559, 1.8587], Current Cost = 5236.00, Rho = 1.000
(iter 10) [0.0, 1.4639, 1.2510] = 376.5407, sampling [1.0, -0.7752, -0.5612]. Recommendation = [0.0, 1.3559, 1.8587], Current Cost = 5237.00, Rho = 1.000
(iter 10) [0.0, 1.4639, 1.2510] = 376.5407, sampling [1.0, 1.4921, 0.8082]. Recommendation = [0.0, 1.3559, 1.8587], Current Cost = 5238.00, Rho = 1.000
(iter 10) [0.0, 1.4639, 1.2510] = 376.5407, sampling [1.0, 0.4348, -1.1820]. Recommendation = [0.0, 1.3559, 1.8587], Current Cost = 5239.00, Rho = 1.000
(iter 10) [0.0, 1.4639, 1.2510] = 376.5407, sampling [1.0, -0.2260, 1.4525]. Recommendation = [0.0, 1.3559, 1.8587], Current Cost = 5240.00, Rho = 1.000
(iter 10) [0.0, 1.4639, 1.2510] = 376.5407, sampling [1.0, 1.1865, 0.2523]. Recommendation = [0.0, 1.3559, 1.8587], Current Cost = 5241.00, Rho = 1.000
(iter 10) [0.0, 1.4639, 1.2510] = 376.5407, sampling [1.0, -0.5032, -1.1142]. Recommendation = [0.0, 1.3559, 1.8587], Current Cost = 5242.00, Rho = 1.000
(iter 10) [0.0, 1.4639, 1.2510] = 376.5407, sampling [1.0, -1.2733, 0.1355]. Recommendation = [0.0, 1.3559, 1.8587], Current Cost = 5243.00, Rho = 1.000
(iter 10) [0.0, 1.4639, 1.2510] = 376.5407, sampling [1.0, -0.9508, -0.1267]. Recommendation = [0.0, 1.3559, 1.8587], Current Cost = 5244.00, Rho = 1.000
(iter 10) [0.0, 1.4639, 1.2510] = 376.5407, sampling [1.0, -1.5047, 0.8198]. Recommendation = [0.0, 1.3559, 1.8587], Current Cost = 5245.00, Rho = 1.000
(iter 10) [0.0, 1.4639, 1.2510] = 376.5407, sampling [1.0, 1.3235, 0.6134]. Recommendation = [0.0, 1.3559, 1.8587], Current Cost = 5246.00, Rho = 1.000
(iter 10) [0.0, 1.4639, 1.2510] = 376.5407, sampling [1.0, 0.5895, -0.8374]. Recommendation = [0.0, 1.3559, 1.8587], Current Cost = 5247.00, Rho = 1.000
(iter 10) [0.0, 1.4639, 1.2510] = 376.5407, sampling [1.0, 1.8551, -0.2389]. Recommendation = [0.0, 1.3559, 1.8587], Current Cost = 5248.00, Rho = 1.000
(iter 10) [0.0, 1.4639, 1.2510] = 376.5407, sampling [1.0, 1.2453, 0.5416]. Recommendation = [0.0, 1.3559, 1.8587], Current Cost = 5249.00, Rho = 1.000
(iter 10) [0.0, 1.4639, 1.2510] = 376.5407, sampling [1.0, 0.0431, -1.4628]. Recommendation = [0.0, 1.3559, 1.8587], Current Cost = 5250.00, Rho = 1.000
(iter 10) [0.0, 1.4639, 1.2510] = 376.5407, sampling [1.0, -1.9560, -1.9405]. Recommendation = [0.0, 1.3559, 1.8587], Current Cost = 5251.00, Rho = 1.000
(iter 10) [0.0, 1.4639, 1.2510] = 376.5407, sampling [1.0, -0.9016, -0.4510]. Recommendation = [0.0, 1.3559, 1.8587], Current Cost = 5252.00, Rho = 1.000
(iter 10) [0.0, 1.4639, 1.2510] = 376.5407, sampling [1.0, -0.5565, -0.9103]. Recommendation = [0.0, 1.3559, 1.8587], Current Cost = 5253.00, Rho = 1.000
(iter 10) [0.0, 1.4639, 1.2510] = 376.5407, sampling [1.0, 0.8788, -0.5600]. Recommendation = [0.0, 1.3559, 1.8587], Current Cost = 5254.00, Rho = 1.000
(iter 10) [0.0, 1.4639, 1.2510] = 376.5407, sampling [1.0, 0.0346, 1.5472]. Recommendation = [0.0, 1.3559, 1.8587], Current Cost = 5255.00, Rho = 1.000
(iter 10) [0.0, 1.4639, 1.2510] = 376.5407, sampling [1.0, 0.3381, -1.6208]. Recommendation = [0.0, 1.3559, 1.8587], Current Cost = 5256.00, Rho = 1.000
(iter 10) [0.0, 1.4639, 1.2510] = 376.5407, sampling [1.0, -0.3648, 1.6809]. Recommendation = [0.0, 1.3559, 1.8587], Current Cost = 5257.00, Rho = 1.000
(iter 10) [0.0, 1.4639, 1.2510] = 376.5407, sampling [1.0, -1.8300, 1.8364]. Recommendation = [0.0, 1.3559, 1.8587], Current Cost = 5258.00, Rho = 1.000
(iter 10) [0.0, 1.4639, 1.2510] = 376.5407, sampling [1.0, 0.6097, -1.0624]. Recommendation = [0.0, 1.3559, 1.8587], Current Cost = 5259.00, Rho = 1.000
(iter 10) [0.0, 1.4639, 1.2510] = 376.5407, sampling [1.0, -0.1454, -1.5598]. Recommendation = [0.0, 1.3559, 1.8587], Current Cost = 5260.00, Rho = 1.000
(iter 10) [0.0, 1.4639, 1.2510] = 376.5407, sampling [1.0, -1.4286, 0.6842]. Recommendation = [0.0, 1.3559, 1.8587], Current Cost = 5261.00, Rho = 1.000
(iter 10) [0.0, 1.4639, 1.2510] = 376.5407, sampling [1.0, 0.3822, 1.4732]. Recommendation = [0.0, 1.3559, 1.8587], Current Cost = 5262.00, Rho = 1.000
(iter 10) [0.0, 1.4639, 1.2510] = 376.5407, sampling [1.0, -1.6775, 1.5064]. Recommendation = [0.0, 1.3559, 1.8587], Current Cost = 5263.00, Rho = 1.000
(iter 10) [0.0, 1.4639, 1.2510] = 376.5407, sampling [0.0, 1.3559, 1.8587]. Recommendation = [0.0, 1.3559, 1.8587], Current Cost = 5264.00, Rho = 1.000
(iter 269) [0.0, 1.3559, 1.8587] = 456.1327, sampling [0.0, 0.9636, 0.9623]. Recommendation = [0.0, 0.9636, 0.9623], Current Cost = 6264.00, Rho = 1.000
(iter 270) [0.0, 0.9636, 0.9623] = 456.1845, sampling [0.0, 0.8547, 0.7816]. Recommendation = [0.0, 0.9636, 0.9623], Current Cost = 7264.00, Rho = 1.000
(iter 270) [0.0, 0.9636, 0.9623] = 456.1845, sampling [1.0, -0.3012, 1.3797]. Recommendation = [0.0, 0.9636, 0.9623], Current Cost = 8264.00, Rho = 1.000
(iter 270) [0.0, 0.9636, 0.9623] = 456.1845, sampling [1.0, 0.3919, -1.3878]. Recommendation = [0.0, 0.9636, 0.9623], Current Cost = 8265.00, Rho = 1.000
(iter 270) [0.0, 0.9636, 0.9623] = 456.1845, sampling [1.0, 0.2325, 1.4255]. Recommendation = [0.0, 0.9636, 0.9623], Current Cost = 8266.00, Rho = 1.000
(iter 270) [0.0, 0.9636, 0.9623] = 456.1845, sampling [1.0, 0.2943, 1.9334]. Recommendation = [0.0, 0.9636, 0.9623], Current Cost = 8267.00, Rho = 1.000
(iter 270) [0.0, 0.9636, 0.9623] = 456.1845, sampling [1.0, 0.6673, -0.9226]. Recommendation = [0.0, 0.9636, 0.9623], Current Cost = 8268.00, Rho = 1.000
(iter 270) [0.0, 0.9636, 0.9623] = 456.1845, sampling [1.0, -1.3699, 0.3158]. Recommendation = [0.0, 0.9636, 0.9623], Current Cost = 8269.00, Rho = 1.000
(iter 270) [0.0, 0.9636, 0.9623] = 456.1845, sampling [1.0, 0.5124, -1.0376]. Recommendation = [0.0, 0.9636, 0.9623], Current Cost = 8270.00, Rho = 1.000
(iter 270) [0.0, 0.9636, 0.9623] = 456.1845, sampling [1.0, 0.5662, -0.8950]. Recommendation = [0.0, 0.9636, 0.9623], Current Cost = 8271.00, Rho = 1.000
(iter 270) [0.0, 0.9636, 0.9623] = 456.1845, sampling [1.0, -0.8831, -0.7498]. Recommendation = [0.0, 0.9636, 0.9623], Current Cost = 8272.00, Rho = 1.000
(iter 270) [0.0, 0.9636, 0.9623] = 456.1845, sampling [1.0, 1.6522, 1.1400]. Recommendation = [0.0, 0.9636, 0.9623], Current Cost = 8273.00, Rho = 1.000
(iter 270) [0.0, 0.9636, 0.9623] = 456.1845, sampling [1.0, -0.1066, 1.3693]. Recommendation = [0.0, 0.9636, 0.9623], Current Cost = 8274.00, Rho = 1.000
(iter 270) [0.0, 0.9636, 0.9623] = 456.1845, sampling [1.0, -0.3553, -1.1351]. Recommendation = [0.0, 0.9636, 0.9623], Current Cost = 8275.00, Rho = 1.000
(iter 270) [0.0, 0.9636, 0.9623] = 456.1845, sampling [1.0, -1.1778, -0.2958]. Recommendation = [0.0, 0.9636, 0.9623], Current Cost = 8276.00, Rho = 1.000
(iter 270) [0.0, 0.9636, 0.9623] = 456.1845, sampling [1.0, 0.9077, -0.7645]. Recommendation = [0.0, 0.9636, 0.9623], Current Cost = 8277.00, Rho = 1.000
(iter 270) [0.0, 0.9636, 0.9623] = 456.1845, sampling [1.0, 0.2431, -1.4369]. Recommendation = [0.0, 0.9636, 0.9623], Current Cost = 8278.00, Rho = 1.000
(iter 270) [0.0, 0.9636, 0.9623] = 456.1845, sampling [1.0, 0.1681, -1.9786]. Recommendation = [0.0, 0.9636, 0.9623], Current Cost = 8279.00, Rho = 1.000
(iter 270) [0.0, 0.9636, 0.9623] = 456.1845, sampling [1.0, -1.7462, 1.6149]. Recommendation = [0.0, 0.9636, 0.9623], Current Cost = 8280.00, Rho = 1.000
(iter 270) [0.0, 0.9636, 0.9623] = 456.1845, sampling [1.0, -0.1217, 1.6655]. Recommendation = [0.0, 0.9636, 0.9623], Current Cost = 8281.00, Rho = 1.000
(iter 270) [0.0, 0.9636, 0.9623] = 456.1845, sampling [1.0, -0.4931, -1.2682]. Recommendation = [0.0, 0.9636, 0.9623], Current Cost = 8282.00, Rho = 1.000
(iter 270) [0.0, 0.9636, 0.9623] = 456.1845, sampling [1.0, -0.0630, -1.7133]. Recommendation = [0.0, 0.9636, 0.9623], Current Cost = 8283.00, Rho = 1.000
(iter 270) [0.0, 0.9636, 0.9623] = 456.1845, sampling [1.0, -1.6273, 1.2301]. Recommendation = [0.0, 0.9636, 0.9623], Current Cost = 8284.00, Rho = 1.000
(iter 270) [0.0, 0.9636, 0.9623] = 456.1845, sampling [1.0, 1.5479, 0.9493]. Recommendation = [0.0, 0.9636, 0.9623], Current Cost = 8285.00, Rho = 1.000
(iter 270) [0.0, 0.9636, 0.9623] = 456.1845, sampling [1.0, 1.7906, 1.4862]. Recommendation = [0.0, 0.9636, 0.9623], Current Cost = 8286.00, Rho = 1.000
(iter 270) [0.0, 0.9636, 0.9623] = 456.1845, sampling [1.0, 0.5515, -1.4472]. Recommendation = [0.0, 0.9636, 0.9623], Current Cost = 8287.00, Rho = 1.000
(iter 270) [0.0, 0.9636, 0.9623] = 456.1845, sampling [1.0, -0.6424, -1.0534]. Recommendation = [0.0, 0.9636, 0.9623], Current Cost = 8288.00, Rho = 1.000
(iter 270) [0.0, 0.9636, 0.9623] = 456.1845, sampling [1.0, -0.0765, 1.4582]. Recommendation = [0.0, 0.9636, 0.9623], Current Cost = 8289.00, Rho = 1.000
(iter 270) [0.0, 0.9636, 0.9623] = 456.1845, sampling [1.0, 0.8450, -1.9679]. Recommendation = [0.0, 0.9636, 0.9623], Current Cost = 8290.00, Rho = 1.000
(iter 270) [0.0, 0.9636, 0.9623] = 456.1845, sampling [1.0, 0.0819, 1.7048]. Recommendation = [0.0, 0.9636, 0.9623], Current Cost = 8291.00, Rho = 1.000
(iter 270) [0.0, 0.9636, 0.9623] = 456.1845, sampling [1.0, -1.5693, 0.5291]. Recommendation = [0.0, 0.9636, 0.9623], Current Cost = 8292.00, Rho = 1.000
(iter 270) [0.0, 0.9636, 0.9623] = 456.1845, sampling [1.0, 1.8131, 0.9028]. Recommendation = [0.0, 0.9636, 0.9623], Current Cost = 8293.00, Rho = 1.000
(iter 270) [0.0, 0.9636, 0.9623] = 456.1845, sampling [1.0, -1.2546, 0.1935]. Recommendation = [0.0, 0.9636, 0.9623], Current Cost = 8294.00, Rho = 1.000
(iter 270) [0.0, 0.9636, 0.9623] = 456.1845, sampling [1.0, -0.2451, 1.7842]. Recommendation = [0.0, 0.9636, 0.9623], Current Cost = 8295.00, Rho = 1.000
(iter 270) [0.0, 0.9636, 0.9623] = 456.1845, sampling [1.0, -0.1985, 1.5209]. Recommendation = [0.0, 0.9636, 0.9623], Current Cost = 8296.00, Rho = 1.000
(iter 270) [0.0, 0.9636, 0.9623] = 456.1845, sampling [1.0, 1.0246, -0.5811]. Recommendation = [0.0, 0.9636, 0.9623], Current Cost = 8297.00, Rho = 1.000
(iter 270) [0.0, 0.9636, 0.9623] = 456.1845, sampling [1.0, 0.6635, -1.1114]. Recommendation = [0.0, 0.9636, 0.9623], Current Cost = 8298.00, Rho = 1.000
(iter 270) [0.0, 0.9636, 0.9623] = 456.1845, sampling [1.0, 0.2769, -1.3760]. Recommendation = [0.0, 0.9636, 0.9623], Current Cost = 8299.00, Rho = 1.000
(iter 270) [0.0, 0.9636, 0.9623] = 456.1845, sampling [1.0, 0.3643, 1.6210]. Recommendation = [0.0, 0.9636, 0.9623], Current Cost = 8300.00, Rho = 1.000
(iter 270) [0.0, 0.9636, 0.9623] = 456.1845, sampling [1.0, -1.6077, 0.8311]. Recommendation = [0.0, 0.9636, 0.9623], Current Cost = 8301.00, Rho = 1.000
(iter 270) [0.0, 0.9636, 0.9623] = 456.1845, sampling [1.0, -1.7835, 1.4655]. Recommendation = [0.0, 0.9636, 0.9623], Current Cost = 8302.00, Rho = 1.000
(iter 270) [0.0, 0.9636, 0.9623] = 456.1845, sampling [1.0, -1.4568, 0.1819]. Recommendation = [0.0, 0.9636, 0.9623], Current Cost = 8303.00, Rho = 1.000
(iter 270) [0.0, 0.9636, 0.9623] = 456.1845, sampling [1.0, -0.5443, -1.5310]. Recommendation = [0.0, 0.9636, 0.9623], Current Cost = 8304.00, Rho = 1.000
(iter 270) [0.0, 0.9636, 0.9623] = 456.1845, sampling [1.0, -0.2790, 1.4171]. Recommendation = [0.0, 0.9636, 0.9623], Current Cost = 8305.00, Rho = 1.000
(iter 270) [0.0, 0.9636, 0.9623] = 456.1845, sampling [1.0, 0.2640, -1.7621]. Recommendation = [0.0, 0.9636, 0.9623], Current Cost = 8306.00, Rho = 1.000
(iter 270) [0.0, 0.9636, 0.9623] = 456.1845, sampling [1.0, 0.9686, -0.9847]. Recommendation = [0.0, 0.9636, 0.9623], Current Cost = 8307.00, Rho = 1.000
(iter 270) [0.0, 0.9636, 0.9623] = 456.1845, sampling [1.0, 0.7559, -0.8304]. Recommendation = [0.0, 0.9636, 0.9623], Current Cost = 8308.00, Rho = 1.000
(iter 270) [0.0, 0.9636, 0.9623] = 456.1845, sampling [1.0, 0.2547, -1.5086]. Recommendation = [0.0, 0.9636, 0.9623], Current Cost = 8309.00, Rho = 1.000
(iter 270) [0.0, 0.9636, 0.9623] = 456.1845, sampling [1.0, -0.5744, -1.3128]. Recommendation = [0.0, 0.9636, 0.9623], Current Cost = 8310.00, Rho = 1.000
(iter 270) [0.0, 0.9636, 0.9623] = 456.1845, sampling [1.0, -0.2177, 1.6543]. Recommendation = [0.0, 0.9636, 0.9623], Current Cost = 8311.00, Rho = 1.000
(iter 270) [0.0, 0.9636, 0.9623] = 456.1845, sampling [1.0, -0.1769, 1.4476]. Recommendation = [0.0, 0.9636, 0.9623], Current Cost = 8312.00, Rho = 1.000
(iter 270) [0.0, 0.9636, 0.9623] = 456.1845, sampling [1.0, -0.9630, -0.8872]. Recommendation = [0.0, 0.9636, 0.9623], Current Cost = 8313.00, Rho = 1.000
(iter 270) [0.0, 0.9636, 0.9623] = 456.1845, sampling [1.0, -1.3138, 0.0765]. Recommendation = [0.0, 0.9636, 0.9623], Current Cost = 8314.00, Rho = 1.000
(iter 270) [0.0, 0.9636, 0.9623] = 456.1845, sampling [1.0, -0.2064, 1.8985]. Recommendation = [0.0, 0.9636, 0.9623], Current Cost = 8315.00, Rho = 1.000
(iter 270) [0.0, 0.9636, 0.9623] = 456.1845, sampling [1.0, -0.2888, -1.8433]. Recommendation = [0.0, 0.9636, 0.9623], Current Cost = 8316.00, Rho = 1.000
(iter 270) [0.0, 0.9636, 0.9623] = 456.1845, sampling [1.0, 1.9907, -1.8083]. Recommendation = [0.0, 0.9636, 0.9623], Current Cost = 8317.00, Rho = 1.000
(iter 270) [0.0, 0.9636, 0.9623] = 456.1845, sampling [1.0, 0.4819, -1.7043]. Recommendation = [0.0, 0.9636, 0.9623], Current Cost = 8318.00, Rho = 1.000
(iter 270) [0.0, 0.9636, 0.9623] = 456.1845, sampling [1.0, 0.1598, 1.8651]. Recommendation = [0.0, 0.9636, 0.9623], Current Cost = 8319.00, Rho = 1.000
(iter 270) [0.0, 0.9636, 0.9623] = 456.1845, sampling [1.0, 1.5221, 0.2452]. Recommendation = [0.0, 0.9636, 0.9623], Current Cost = 8320.00, Rho = 1.000
(iter 270) [0.0, 0.9636, 0.9623] = 456.1845, sampling [1.0, 1.9338, 1.3377]. Recommendation = [0.0, 0.9636, 0.9623], Current Cost = 8321.00, Rho = 1.000
(iter 270) [0.0, 0.9636, 0.9623] = 456.1845, sampling [1.0, -0.4018, 1.6624]. Recommendation = [0.0, 0.9636, 0.9623], Current Cost = 8322.00, Rho = 1.000
(iter 270) [0.0, 0.9636, 0.9623] = 456.1845, sampling [1.0, 1.2811, -0.3222]. Recommendation = [0.0, 0.9636, 0.9623], Current Cost = 8323.00, Rho = 1.000
(iter 270) [0.0, 0.9636, 0.9623] = 456.1845, sampling [0.0, 1.3141, 1.7664]. Recommendation = [0.0, 0.9636, 0.9623], Current Cost = 8324.00, Rho = 1.000
(iter 270) [0.0, 0.9636, 0.9623] = 456.1845, sampling [1.0, -0.6517, -1.0133]. Recommendation = [0.0, 0.9636, 0.9623], Current Cost = 9324.00, Rho = 1.000
(iter 270) [0.0, 0.9636, 0.9623] = 456.1845, sampling [1.0, 0.4455, -1.4250]. Recommendation = [0.0, 0.9636, 0.9623], Current Cost = 9325.00, Rho = 1.000
(iter 270) [0.0, 0.9636, 0.9623] = 456.1845, sampling [1.0, 1.6897, 0.6400]. Recommendation = [0.0, 0.9636, 0.9623], Current Cost = 9326.00, Rho = 1.000
(iter 270) [0.0, 0.9636, 0.9623] = 456.1845, sampling [1.0, 0.7966, -1.4860]. Recommendation = [0.0, 0.9636, 0.9623], Current Cost = 9327.00, Rho = 1.000
(iter 270) [0.0, 0.9636, 0.9623] = 456.1845, sampling [1.0, -1.9726, 0.4119]. Recommendation = [0.0, 0.9636, 0.9623], Current Cost = 9328.00, Rho = 1.000
(iter 270) [0.0, 0.9636, 0.9623] = 456.1845, sampling [1.0, -0.8585, -1.2615]. Recommendation = [0.0, 0.9636, 0.9623], Current Cost = 9329.00, Rho = 1.000
(iter 270) [0.0, 0.9636, 0.9623] = 456.1845, sampling [1.0, -1.0684, -0.7689]. Recommendation = [0.0, 0.9636, 0.9623], Current Cost = 9330.00, Rho = 1.000
(iter 270) [0.0, 0.9636, 0.9623] = 456.1845, sampling [1.0, -0.6146, -1.4032]. Recommendation = [0.0, 0.9636, 0.9623], Current Cost = 9331.00, Rho = 1.000
(iter 270) [0.0, 0.9636, 0.9623] = 456.1845, sampling [1.0, 1.6373, 0.9085]. Recommendation = [0.0, 0.9636, 0.9623], Current Cost = 9332.00, Rho = 1.000
(iter 270) [0.0, 0.9636, 0.9623] = 456.1845, sampling [1.0, 0.4187, -1.5929]. Recommendation = [0.0, 0.9636, 0.9623], Current Cost = 9333.00, Rho = 1.000
(iter 270) [0.0, 0.9636, 0.9623] = 456.1845, sampling [1.0, 1.2343, -0.5312]. Recommendation = [0.0, 0.9636, 0.9623], Current Cost = 9334.00, Rho = 1.000
(iter 270) [0.0, 0.9636, 0.9623] = 456.1845, sampling [1.0, 1.7517, 1.1556]. Recommendation = [0.0, 0.9636, 0.9623], Current Cost = 9335.00, Rho = 1.000
(iter 270) [0.0, 0.9636, 0.9623] = 456.1845, sampling [1.0, 1.9810, 1.5944]. Recommendation = [0.0, 0.9636, 0.9623], Current Cost = 9336.00, Rho = 1.000
(iter 270) [0.0, 0.9636, 0.9623] = 456.1845, sampling [1.0, 0.2816, -1.9467]. Recommendation = [0.0, 0.9636, 0.9623], Current Cost = 9337.00, Rho = 1.000
(iter 270) [0.0, 0.9636, 0.9623] = 456.1845, sampling [1.0, -0.1882, 1.7183]. Recommendation = [0.0, 0.9636, 0.9623], Current Cost = 9338.00, Rho = 1.000
(iter 270) [0.0, 0.9636, 0.9623] = 456.1845, sampling [0.0, 0.3473, 0.0676]. Recommendation = [0.0, 0.9636, 0.9623], Current Cost = 9339.00, Rho = 1.000
(iter 270) [0.0, 0.9636, 0.9623] = 456.1845, sampling [1.0, 0.0743, 1.8872]. Recommendation = [0.0, 0.9636, 0.9623], Current Cost = 10339.00, Rho = 1.000
(iter 270) [0.0, 0.9636, 0.9623] = 456.1845, sampling [1.0, 1.1971, -0.7137]. Recommendation = [0.0, 0.9636, 0.9623], Current Cost = 10340.00, Rho = 1.000
(iter 270) [0.0, 0.9636, 0.9623] = 456.1845, sampling [1.0, 1.5857, 0.5207]. Recommendation = [0.0, 0.9636, 0.9623], Current Cost = 10341.00, Rho = 1.000
(iter 270) [0.0, 0.9636, 0.9623] = 456.1845, sampling [1.0, 0.3697, -1.7495]. Recommendation = [0.0, 0.9636, 0.9623], Current Cost = 10342.00, Rho = 1.000
(iter 270) [0.0, 0.9636, 0.9623] = 456.1845, sampling [1.0, -1.5771, -0.2447]. Recommendation = [0.0, 0.9636, 0.9623], Current Cost = 10343.00, Rho = 1.000
(iter 270) [0.0, 0.9636, 0.9623] = 456.1845, sampling [1.0, 0.9404, -0.7826]. Recommendation = [0.0, 0.9636, 0.9623], Current Cost = 10344.00, Rho = 1.000
(iter 270) [0.0, 0.9636, 0.9623] = 456.1845, sampling [1.0, 1.3951, -0.2050]. Recommendation = [0.0, 0.9636, 0.9623], Current Cost = 10345.00, Rho = 1.000
(iter 270) [0.0, 0.9636, 0.9623] = 456.1845, sampling [1.0, 0.2282, -1.8395]. Recommendation = [0.0, 0.9636, 0.9623], Current Cost = 10346.00, Rho = 1.000
(iter 270) [0.0, 0.9636, 0.9623] = 456.1845, sampling [1.0, -0.6600, -1.7826]. Recommendation = [0.0, 0.9636, 0.9623], Current Cost = 10347.00, Rho = 1.000
(iter 270) [0.0, 0.9636, 0.9623] = 456.1845, sampling [1.0, -0.8190, -1.4764]. Recommendation = [0.0, 0.9636, 0.9623], Current Cost = 10348.00, Rho = 1.000
(iter 270) [0.0, 0.9636, 0.9623] = 456.1845, sampling [0.0, 1.3309, 1.8100]. Recommendation = [0.0, 0.9636, 0.9623], Current Cost = 10349.00, Rho = 1.000
(iter 270) [0.0, 0.9636, 0.9623] = 456.1845, sampling [1.0, -1.6895, 0.6925]. Recommendation = [0.0, 0.9636, 0.9623], Current Cost = 11349.00, Rho = 1.000
(iter 270) [0.0, 0.9636, 0.9623] = 456.1845, sampling [1.0, 0.4686, -1.7986]. Recommendation = [0.0, 0.9636, 0.9623], Current Cost = 11350.00, Rho = 1.000
(iter 270) [0.0, 0.9636, 0.9623] = 456.1845, sampling [1.0, -1.5255, 0.5574]. Recommendation = [0.0, 0.9636, 0.9623], Current Cost = 11351.00, Rho = 1.000
(iter 270) [0.0, 0.9636, 0.9623] = 456.1845, sampling [1.0, -1.1519, -1.1215]. Recommendation = [0.0, 0.9636, 0.9623], Current Cost = 11352.00, Rho = 1.000
(iter 270) [0.0, 0.9636, 0.9623] = 456.1845, sampling [1.0, -1.0496, -0.8735]. Recommendation = [0.0, 0.9636, 0.9623], Current Cost = 11353.00, Rho = 1.000
(iter 270) [0.0, 0.9636, 0.9623] = 456.1845, sampling [1.0, 0.7217, -1.8298]. Recommendation = [0.0, 0.9636, 0.9623], Current Cost = 11354.00, Rho = 1.000
(iter 270) [0.0, 0.9636, 0.9623] = 456.1845, sampling [1.0, 1.6744, 0.3544]. Recommendation = [0.0, 0.9636, 0.9623], Current Cost = 11355.00, Rho = 1.000
(iter 270) [0.0, 0.9636, 0.9623] = 456.1845, sampling [1.0, 1.7671, 1.0357]. Recommendation = [0.0, 0.9636, 0.9623], Current Cost = 11356.00, Rho = 1.000
(iter 270) [0.0, 0.9636, 0.9623] = 456.1845, sampling [1.0, 0.9943, -1.1458]. Recommendation = [0.0, 0.9636, 0.9623], Current Cost = 11357.00, Rho = 1.000
(iter 270) [0.0, 0.9636, 0.9623] = 456.1845, sampling [1.0, -1.1854, -0.7946]. Recommendation = [0.0, 0.9636, 0.9623], Current Cost = 11358.00, Rho = 1.000
(iter 270) [0.0, 0.9636, 0.9623] = 456.1845, sampling [1.0, -0.7420, -1.6623]. Recommendation = [0.0, 0.9636, 0.9623], Current Cost = 11359.00, Rho = 1.000
(iter 270) [0.0, 0.9636, 0.9623] = 456.1845, sampling [1.0, -1.4141, -0.5437]. Recommendation = [0.0, 0.9636, 0.9623], Current Cost = 11360.00, Rho = 1.000
(iter 270) [0.0, 0.9636, 0.9623] = 456.1845, sampling [1.0, 1.5815, 0.0609]. Recommendation = [0.0, 0.9636, 0.9623], Current Cost = 11361.00, Rho = 1.000
(iter 270) [0.0, 0.9636, 0.9623] = 456.1845, sampling [1.0, 1.9529, 1.0622]. Recommendation = [0.0, 0.9636, 0.9623], Current Cost = 11362.00, Rho = 1.000
(iter 270) [0.0, 0.9636, 0.9623] = 456.1845, sampling [1.0, 1.7172, 0.7647]. Recommendation = [0.0, 0.9636, 0.9623], Current Cost = 11363.00, Rho = 1.000
(iter 270) [0.0, 0.9636, 0.9623] = 456.1845, sampling [1.0, 0.4040, -1.6508]. Recommendation = [0.0, 0.9636, 0.9623], Current Cost = 11364.00, Rho = 1.000
(iter 270) [0.0, 0.9636, 0.9623] = 456.1845, sampling [1.0, 1.2490, -0.9163]. Recommendation = [0.0, 0.9636, 0.9623], Current Cost = 11365.00, Rho = 1.000
(iter 270) [0.0, 0.9636, 0.9623] = 456.1845, sampling [1.0, -0.5665, -1.3367]. Recommendation = [0.0, 0.9636, 0.9623], Current Cost = 11366.00, Rho = 1.000
(iter 270) [0.0, 0.9636, 0.9623] = 456.1845, sampling [1.0, -1.6597, 0.4218]. Recommendation = [0.0, 0.9636, 0.9623], Current Cost = 11367.00, Rho = 1.000
(iter 270) [0.0, 0.9636, 0.9623] = 456.1845, sampling [1.0, 0.3195, -1.6445]. Recommendation = [0.0, 0.9636, 0.9623], Current Cost = 11368.00, Rho = 1.000
(iter 270) [0.0, 0.9636, 0.9623] = 456.1845, sampling [1.0, -0.7221, -1.9303]. Recommendation = [0.0, 0.9636, 0.9623], Current Cost = 11369.00, Rho = 1.000
(iter 270) [0.0, 0.9636, 0.9623] = 456.1845, sampling [1.0, -1.0629, -1.2868]. Recommendation = [0.0, 0.9636, 0.9623], Current Cost = 11370.00, Rho = 1.000
(iter 270) [0.0, 0.9636, 0.9623] = 456.1845, sampling [1.0, 1.9439, 0.4320]. Recommendation = [0.0, 0.9636, 0.9623], Current Cost = 11371.00, Rho = 1.000
(iter 270) [0.0, 0.9636, 0.9623] = 456.1845, sampling [1.0, 0.8902, -1.5157]. Recommendation = [0.0, 0.9636, 0.9623], Current Cost = 11372.00, Rho = 1.000
(iter 270) [0.0, 0.9636, 0.9623] = 456.1845, sampling [1.0, 1.4705, -0.4979]. Recommendation = [0.0, 0.9636, 0.9623], Current Cost = 11373.00, Rho = 1.000
(iter 270) [0.0, 0.9636, 0.9623] = 456.1845, sampling [1.0, -1.7265, 0.1196]. Recommendation = [0.0, 0.9636, 0.9623], Current Cost = 11374.00, Rho = 1.000
(iter 270) [0.0, 0.9636, 0.9623] = 456.1845, sampling [1.0, 1.8621, 1.2429]. Recommendation = [0.0, 0.9636, 0.9623], Current Cost = 11375.00, Rho = 1.000
(iter 270) [0.0, 0.9636, 0.9623] = 456.1845, sampling [1.0, -1.6659, 0.5744]. Recommendation = [0.0, 0.9636, 0.9623], Current Cost = 11376.00, Rho = 1.000
(iter 270) [0.0, 0.9636, 0.9623] = 456.1845, sampling [1.0, -1.3517, -0.7300]. Recommendation = [0.0, 0.9636, 0.9623], Current Cost = 11377.00, Rho = 1.000
(iter 270) [0.0, 0.9636, 0.9623] = 456.1845, sampling [1.0, -1.0103, -1.5849]. Recommendation = [0.0, 0.9636, 0.9623], Current Cost = 11378.00, Rho = 1.000
(iter 270) [0.0, 0.9636, 0.9623] = 456.1845, sampling [1.0, -1.7753, 0.7306]. Recommendation = [0.0, 0.9636, 0.9623], Current Cost = 11379.00, Rho = 1.000
(iter 270) [0.0, 0.9636, 0.9623] = 456.1845, sampling [1.0, -0.0259, 1.9541]. Recommendation = [0.0, 0.9636, 0.9623], Current Cost = 11380.00, Rho = 1.000
(iter 270) [0.0, 0.9636, 0.9623] = 456.1845, sampling [1.0, -0.8459, -1.4233]. Recommendation = [0.0, 0.9636, 0.9623], Current Cost = 11381.00, Rho = 1.000
(iter 270) [0.0, 0.9636, 0.9623] = 456.1845, sampling [1.0, 1.1754, -1.1550]. Recommendation = [0.0, 0.9636, 0.9623], Current Cost = 11382.00, Rho = 1.000
(iter 270) [0.0, 0.9636, 0.9623] = 456.1845, sampling [1.0, -0.8291, -1.8192]. Recommendation = [0.0, 0.9636, 0.9623], Current Cost = 11383.00, Rho = 1.000
(iter 270) [0.0, 0.9636, 0.9623] = 456.1845, sampling [1.0, -1.2898, -1.0207]. Recommendation = [0.0, 0.9636, 0.9623], Current Cost = 11384.00, Rho = 1.000
(iter 270) [0.0, 0.9636, 0.9623] = 456.1845, sampling [1.0, 1.4438, -0.1655]. Recommendation = [0.0, 0.9636, 0.9623], Current Cost = 11385.00, Rho = 1.000
(iter 270) [0.0, 0.9636, 0.9623] = 456.1845, sampling [1.0, 0.9816, -1.7858]. Recommendation = [0.0, 0.9636, 0.9623], Current Cost = 11386.00, Rho = 1.000
(iter 270) [0.0, 0.9636, 0.9623] = 456.1845, sampling [1.0, 1.6715, 0.5000]. Recommendation = [0.0, 0.9636, 0.9623], Current Cost = 11387.00, Rho = 1.000
(iter 270) [0.0, 0.9636, 0.9623] = 456.1845, sampling [1.0, -1.9062, -0.4093]. Recommendation = [0.0, 0.9636, 0.9623], Current Cost = 11388.00, Rho = 1.000
(iter 270) [0.0, 0.9636, 0.9623] = 456.1845, sampling [1.0, 1.0988, -1.5376]. Recommendation = [0.0, 0.9636, 0.9623], Current Cost = 11389.00, Rho = 1.000
(iter 270) [0.0, 0.9636, 0.9623] = 456.1845, sampling [1.0, 1.4232, -0.8674]. Recommendation = [0.0, 0.9636, 0.9623], Current Cost = 11390.00, Rho = 1.000
(iter 270) [0.0, 0.9636, 0.9623] = 456.1845, sampling [1.0, -1.9798, 0.7095]. Recommendation = [0.0, 0.9636, 0.9623], Current Cost = 11391.00, Rho = 1.000
(iter 270) [0.0, 0.9636, 0.9623] = 456.1845, sampling [1.0, -0.9894, -1.9745]. Recommendation = [0.0, 0.9636, 0.9623], Current Cost = 11392.00, Rho = 1.000
(iter 270) [0.0, 0.9636, 0.9623] = 456.1845, sampling [1.0, -1.6392, -0.0715]. Recommendation = [0.0, 0.9636, 0.9623], Current Cost = 11393.00, Rho = 1.000
(iter 270) [0.0, 0.9636, 0.9623] = 456.1845, sampling [1.0, -1.1036, -1.3994]. Recommendation = [0.0, 0.9636, 0.9623], Current Cost = 11394.00, Rho = 1.000
(iter 270) [0.0, 0.9636, 0.9623] = 456.1845, sampling [1.0, -0.9353, -1.7358]. Recommendation = [0.0, 0.9636, 0.9623], Current Cost = 11395.00, Rho = 1.000
(iter 270) [0.0, 0.9636, 0.9623] = 456.1845, sampling [1.0, 1.6092, -0.1310]. Recommendation = [0.0, 0.9636, 0.9623], Current Cost = 11396.00, Rho = 1.000
(iter 270) [0.0, 0.9636, 0.9623] = 456.1845, sampling [1.0, -1.2867, -1.2475]. Recommendation = [0.0, 0.9636, 0.9623], Current Cost = 11397.00, Rho = 1.000
(iter 270) [0.0, 0.9636, 0.9623] = 456.1845, sampling [1.0, 1.3011, -1.3274]. Recommendation = [0.0, 0.9636, 0.9623], Current Cost = 11398.00, Rho = 1.000
(iter 270) [0.0, 0.9636, 0.9623] = 456.1845, sampling [1.0, -1.5466, -0.9006]. Recommendation = [0.0, 0.9636, 0.9623], Current Cost = 11399.00, Rho = 1.000
(iter 270) [0.0, 0.9636, 0.9623] = 456.1845, sampling [1.0, 1.5747, -0.6411]. Recommendation = [0.0, 0.9636, 0.9623], Current Cost = 11400.00, Rho = 1.000
(iter 270) [0.0, 0.9636, 0.9623] = 456.1845, sampling [1.0, 1.0774, -1.1949]. Recommendation = [0.0, 0.9636, 0.9623], Current Cost = 11401.00, Rho = 1.000
(iter 270) [0.0, 0.9636, 0.9623] = 456.1845, sampling [1.0, 1.1140, -1.9579]. Recommendation = [0.0, 0.9636, 0.9623], Current Cost = 11402.00, Rho = 1.000
(iter 270) [0.0, 0.9636, 0.9623] = 456.1845, sampling [1.0, 0.8606, -1.8701]. Recommendation = [0.0, 0.9636, 0.9623], Current Cost = 11403.00, Rho = 1.000
(iter 270) [0.0, 0.9636, 0.9623] = 456.1845, sampling [1.0, 1.4261, -1.0750]. Recommendation = [0.0, 0.9636, 0.9623], Current Cost = 11404.00, Rho = 1.000
(iter 270) [0.0, 0.9636, 0.9623] = 456.1845, sampling [1.0, 1.7281, 0.6604]. Recommendation = [0.0, 0.9636, 0.9623], Current Cost = 11405.00, Rho = 1.000
(iter 270) [0.0, 0.9636, 0.9623] = 456.1845, sampling [1.0, -1.1563, -1.7203]. Recommendation = [0.0, 0.9636, 0.9623], Current Cost = 11406.00, Rho = 1.000
(iter 270) [0.0, 0.9636, 0.9623] = 456.1845, sampling [1.0, -1.7367, 0.2322]. Recommendation = [0.0, 0.9636, 0.9623], Current Cost = 11407.00, Rho = 1.000
(iter 270) [0.0, 0.9636, 0.9623] = 456.1845, sampling [1.0, 1.5138, -0.4269]. Recommendation = [0.0, 0.9636, 0.9623], Current Cost = 11408.00, Rho = 1.000
(iter 270) [0.0, 0.9636, 0.9623] = 456.1845, sampling [1.0, 1.9076, 0.9898]. Recommendation = [0.0, 0.9636, 0.9623], Current Cost = 11409.00, Rho = 1.000
(iter 270) [0.0, 0.9636, 0.9623] = 456.1845, sampling [1.0, -1.5124, -0.6821]. Recommendation = [0.0, 0.9636, 0.9623], Current Cost = 11410.00, Rho = 1.000
(iter 270) [0.0, 0.9636, 0.9623] = 456.1845, sampling [1.0, 1.6265, -0.2567]. Recommendation = [0.0, 0.9636, 0.9623], Current Cost = 11411.00, Rho = 1.000
(iter 270) [0.0, 0.9636, 0.9623] = 456.1845, sampling [1.0, 1.7374, 0.3711]. Recommendation = [0.0, 0.9636, 0.9623], Current Cost = 11412.00, Rho = 1.000
(iter 270) [0.0, 0.9636, 0.9623] = 456.1845, sampling [1.0, -1.8382, 0.4736]. Recommendation = [0.0, 0.9636, 0.9623], Current Cost = 11413.00, Rho = 1.000
(iter 270) [0.0, 0.9636, 0.9623] = 456.1845, sampling [1.0, 1.8786, -0.8057]. Recommendation = [0.0, 0.9636, 0.9623], Current Cost = 11414.00, Rho = 1.000
(iter 270) [0.0, 0.9636, 0.9623] = 456.1845, sampling [1.0, -1.3898, -1.4954]. Recommendation = [0.0, 0.9636, 0.9623], Current Cost = 11415.00, Rho = 1.000
(iter 270) [0.0, 0.9636, 0.9623] = 456.1845, sampling [1.0, -1.8836, 0.1101]. Recommendation = [0.0, 0.9636, 0.9623], Current Cost = 11416.00, Rho = 1.000
(iter 270) [0.0, 0.9636, 0.9623] = 456.1845, sampling [1.0, -1.1643, -1.1681]. Recommendation = [0.0, 0.9636, 0.9623], Current Cost = 11417.00, Rho = 1.000
(iter 270) [0.0, 0.9636, 0.9623] = 456.1845, sampling [1.0, -1.1931, -1.9901]. Recommendation = [0.0, 0.9636, 0.9623], Current Cost = 11418.00, Rho = 1.000
(iter 270) [0.0, 0.9636, 0.9623] = 456.1845, sampling [1.0, -1.5347, -1.2063]. Recommendation = [0.0, 0.9636, 0.9623], Current Cost = 11419.00, Rho = 1.000
(iter 270) [0.0, 0.9636, 0.9623] = 456.1845, sampling [1.0, 1.0694, -1.7739]. Recommendation = [0.0, 0.9636, 0.9623], Current Cost = 11420.00, Rho = 1.000
(iter 270) [0.0, 0.9636, 0.9623] = 456.1845, sampling [1.0, 0.9565, -1.8928]. Recommendation = [0.0, 0.9636, 0.9623], Current Cost = 11421.00, Rho = 1.000
(iter 270) [0.0, 0.9636, 0.9623] = 456.1845, sampling [1.0, -1.6481, -0.3320]. Recommendation = [0.0, 0.9636, 0.9623], Current Cost = 11422.00, Rho = 1.000
(iter 270) [0.0, 0.9636, 0.9623] = 456.1845, sampling [1.0, -1.4327, -0.6513]. Recommendation = [0.0, 0.9636, 0.9623], Current Cost = 11423.00, Rho = 1.000
(iter 270) [0.0, 0.9636, 0.9623] = 456.1845, sampling [0.0, 0.0103, 0.0364]. Recommendation = [0.0, 0.9636, 0.9623], Current Cost = 11424.00, Rho = 1.000
(iter 270) [0.0, 0.9636, 0.9623] = 456.1845, sampling [1.0, -1.1057, -1.6303]. Recommendation = [0.0, 0.9636, 0.9623], Current Cost = 12424.00, Rho = 1.000
(iter 270) [0.0, 0.9636, 0.9623] = 456.1845, sampling [1.0, 1.8321, 0.9358]. Recommendation = [0.0, 0.9636, 0.9623], Current Cost = 12425.00, Rho = 1.000
(iter 270) [0.0, 0.9636, 0.9623] = 456.1845, sampling [1.0, 1.3775, -1.6877]. Recommendation = [0.0, 0.9636, 0.9623], Current Cost = 12426.00, Rho = 1.000
(iter 270) [0.0, 0.9636, 0.9623] = 456.1845, sampling [1.0, -1.7675, -0.1146]. Recommendation = [0.0, 0.9636, 0.9623], Current Cost = 12427.00, Rho = 1.000
(iter 270) [0.0, 0.9636, 0.9623] = 456.1845, sampling [1.0, -1.9892, -0.9615]. Recommendation = [0.0, 0.9636, 0.9623], Current Cost = 12428.00, Rho = 1.000
(iter 270) [0.0, 0.9636, 0.9623] = 456.1845, sampling [1.0, 1.1629, -1.5771]. Recommendation = [0.0, 0.9636, 0.9623], Current Cost = 12429.00, Rho = 1.000
(iter 270) [0.0, 0.9636, 0.9623] = 456.1845, sampling [1.0, -1.0325, -1.8964]. Recommendation = [0.0, 0.9636, 0.9623], Current Cost = 12430.00, Rho = 1.000
(iter 270) [0.0, 0.9636, 0.9623] = 456.1845, sampling [1.0, 1.5440, -0.8137]. Recommendation = [0.0, 0.9636, 0.9623], Current Cost = 12431.00, Rho = 1.000
(iter 270) [0.0, 0.9636, 0.9623] = 456.1845, sampling [1.0, -1.3534, -1.1892]. Recommendation = [0.0, 0.9636, 0.9623], Current Cost = 12432.00, Rho = 1.000
(iter 270) [0.0, 0.9636, 0.9623] = 456.1845, sampling [1.0, 1.5532, -1.2884]. Recommendation = [0.0, 0.9636, 0.9623], Current Cost = 12433.00, Rho = 1.000
(iter 270) [0.0, 0.9636, 0.9623] = 456.1845, sampling [1.0, 1.9714, 0.3303]. Recommendation = [0.0, 0.9636, 0.9623], Current Cost = 12434.00, Rho = 1.000
(iter 270) [0.0, 0.9636, 0.9623] = 456.1845, sampling [0.0, 0.8267, 0.7582]. Recommendation = [0.0, 0.9636, 0.9623], Current Cost = 12435.00, Rho = 1.000
(iter 270) [0.0, 0.9636, 0.9623] = 456.1845, sampling [1.0, 1.3043, -1.4153]. Recommendation = [0.0, 0.9636, 0.9623], Current Cost = 13435.00, Rho = 1.000
(iter 270) [0.0, 0.9636, 0.9623] = 456.1845, sampling [1.0, 1.0899, -1.2203]. Recommendation = [0.0, 0.9636, 0.9623], Current Cost = 13436.00, Rho = 1.000
(iter 270) [0.0, 0.9636, 0.9623] = 456.1845, sampling [1.0, 1.2024, -1.1379]. Recommendation = [0.0, 0.9636, 0.9623], Current Cost = 13437.00, Rho = 1.000
(iter 270) [0.0, 0.9636, 0.9623] = 456.1845, sampling [1.0, 1.2672, -1.8531]. Recommendation = [0.0, 0.9636, 0.9623], Current Cost = 13438.00, Rho = 1.000
(iter 270) [0.0, 0.9636, 0.9623] = 456.1845, sampling [1.0, 1.6979, -0.5705]. Recommendation = [0.0, 0.9636, 0.9623], Current Cost = 13439.00, Rho = 1.000
(iter 270) [0.0, 0.9636, 0.9623] = 456.1845, sampling [1.0, -1.3278, -1.8002]. Recommendation = [0.0, 0.9636, 0.9623], Current Cost = 13440.00, Rho = 1.000
(iter 270) [0.0, 0.9636, 0.9623] = 456.1845, sampling [1.0, -1.7575, -0.5876]. Recommendation = [0.0, 0.9636, 0.9623], Current Cost = 13441.00, Rho = 1.000
(iter 270) [0.0, 0.9636, 0.9623] = 456.1845, sampling [1.0, -0.7509, -1.6729]. Recommendation = [0.0, 0.9636, 0.9623], Current Cost = 13442.00, Rho = 1.000
(iter 270) [0.0, 0.9636, 0.9623] = 456.1845, sampling [1.0, 1.7777, -0.3548]. Recommendation = [0.0, 0.9636, 0.9623], Current Cost = 13443.00, Rho = 1.000
(iter 270) [0.0, 0.9636, 0.9623] = 456.1845, sampling [1.0, -1.7162, 0.1841]. Recommendation = [0.0, 0.9636, 0.9623], Current Cost = 13444.00, Rho = 1.000
(iter 270) [0.0, 0.9636, 0.9623] = 456.1845, sampling [1.0, -1.0926, -1.8765]. Recommendation = [0.0, 0.9636, 0.9623], Current Cost = 13445.00, Rho = 1.000
(iter 270) [0.0, 0.9636, 0.9623] = 456.1845, sampling [1.0, -1.4486, -0.6960]. Recommendation = [0.0, 0.9636, 0.9623], Current Cost = 13446.00, Rho = 1.000
(iter 270) [0.0, 0.9636, 0.9623] = 456.1845, sampling [1.0, 1.9207, 1.0465]. Recommendation = [0.0, 0.9636, 0.9623], Current Cost = 13447.00, Rho = 1.000
(iter 270) [0.0, 0.9636, 0.9623] = 456.1845, sampling [1.0, 1.4379, -1.5477]. Recommendation = [0.0, 0.9636, 0.9623], Current Cost = 13448.00, Rho = 1.000
(iter 270) [0.0, 0.9636, 0.9623] = 456.1845, sampling [1.0, -1.3616, -1.9969]. Recommendation = [0.0, 0.9636, 0.9623], Current Cost = 13449.00, Rho = 1.000
(iter 270) [0.0, 0.9636, 0.9623] = 456.1845, sampling [1.0, 1.3876, -1.9131]. Recommendation = [0.0, 0.9636, 0.9623], Current Cost = 13450.00, Rho = 1.000
(iter 270) [0.0, 0.9636, 0.9623] = 456.1845, sampling [1.0, -1.7349, -0.3483]. Recommendation = [0.0, 0.9636, 0.9623], Current Cost = 13451.00, Rho = 1.000
(iter 270) [0.0, 0.9636, 0.9623] = 456.1845, sampling [1.0, -1.5583, -1.5604]. Recommendation = [0.0, 0.9636, 0.9623], Current Cost = 13452.00, Rho = 1.000
(iter 270) [0.0, 0.9636, 0.9623] = 456.1845, sampling [1.0, 1.9602, -1.0980]. Recommendation = [0.0, 0.9636, 0.9623], Current Cost = 13453.00, Rho = 1.000
(iter 270) [0.0, 0.9636, 0.9623] = 456.1845, sampling [0.0, 0.5301, 0.3861]. Recommendation = [0.0, 0.9636, 0.9623], Current Cost = 13454.00, Rho = 1.000
(iter 270) [0.0, 0.9636, 0.9623] = 456.1845, sampling [1.0, -1.6197, -0.9719]. Recommendation = [0.0, 0.9636, 0.9623], Current Cost = 14454.00, Rho = 1.000
(iter 270) [0.0, 0.9636, 0.9623] = 456.1845, sampling [1.0, -1.8120, -0.7378]. Recommendation = [0.0, 0.9636, 0.9623], Current Cost = 14455.00, Rho = 1.000
(iter 270) [0.0, 0.9636, 0.9623] = 456.1845, sampling [1.0, 1.8467, -1.0421]. Recommendation = [0.0, 0.9636, 0.9623], Current Cost = 14456.00, Rho = 1.000
(iter 270) [0.0, 0.9636, 0.9623] = 456.1845, sampling [1.0, 1.6829, -1.4968]. Recommendation = [0.0, 0.9636, 0.9623], Current Cost = 14457.00, Rho = 1.000
(iter 270) [0.0, 0.9636, 0.9623] = 456.1845, sampling [1.0, -1.6426, -1.6670]. Recommendation = [0.0, 0.9636, 0.9623], Current Cost = 14458.00, Rho = 1.000
(iter 270) [0.0, 0.9636, 0.9623] = 456.1845, sampling [1.0, 1.7082, -1.4554]. Recommendation = [0.0, 0.9636, 0.9623], Current Cost = 14459.00, Rho = 1.000
(iter 270) [0.0, 0.9636, 0.9623] = 456.1845, sampling [1.0, 1.5669, -0.8593]. Recommendation = [0.0, 0.9636, 0.9623], Current Cost = 14460.00, Rho = 1.000
(iter 270) [0.0, 0.9636, 0.9623] = 456.1845, sampling [1.0, -1.9435, -1.6032]. Recommendation = [0.0, 0.9636, 0.9623], Current Cost = 14461.00, Rho = 1.000
(iter 270) [0.0, 0.9636, 0.9623] = 456.1845, sampling [1.0, 1.4093, -1.5759]. Recommendation = [0.0, 0.9636, 0.9623], Current Cost = 14462.00, Rho = 1.000
(iter 270) [0.0, 0.9636, 0.9623] = 456.1845, sampling [1.0, -1.7970, -1.3697]. Recommendation = [0.0, 0.9636, 0.9623], Current Cost = 14463.00, Rho = 1.000
(iter 270) [0.0, 0.9636, 0.9623] = 456.1845, sampling [1.0, -1.9032, -0.7084]. Recommendation = [0.0, 0.9636, 0.9623], Current Cost = 14464.00, Rho = 1.000
(iter 270) [0.0, 0.9636, 0.9623] = 456.1845, sampling [1.0, -1.9925, 0.3997]. Recommendation = [0.0, 0.9636, 0.9623], Current Cost = 14465.00, Rho = 1.000
(iter 270) [0.0, 0.9636, 0.9623] = 456.1845, sampling [1.0, 1.7207, -1.7368]. Recommendation = [0.0, 0.9636, 0.9623], Current Cost = 14466.00, Rho = 1.000
(iter 270) [0.0, 0.9636, 0.9623] = 456.1845, sampling [1.0, 1.7712, -1.8631]. Recommendation = [0.0, 0.9636, 0.9623], Current Cost = 14467.00, Rho = 1.000
(iter 270) [0.0, 0.9636, 0.9623] = 456.1845, sampling [1.0, 1.7979, -0.7253]. Recommendation = [0.0, 0.9636, 0.9623], Current Cost = 14468.00, Rho = 1.000
(iter 270) [0.0, 0.9636, 0.9623] = 456.1845, sampling [1.0, -1.9644, -0.6303]. Recommendation = [0.0, 0.9636, 0.9623], Current Cost = 14469.00, Rho = 1.000
(iter 270) [0.0, 0.9636, 0.9623] = 456.1845, sampling [1.0, 1.6016, -0.6141]. Recommendation = [0.0, 0.9636, 0.9623], Current Cost = 14470.00, Rho = 1.000
(iter 270) [0.0, 0.9636, 0.9623] = 456.1845, sampling [1.0, 1.8802, -1.5242]. Recommendation = [0.0, 0.9636, 0.9623], Current Cost = 14471.00, Rho = 1.000
(iter 270) [0.0, 0.9636, 0.9623] = 456.1845, sampling [1.0, 1.9143, -0.8531]. Recommendation = [0.0, 0.9636, 0.9623], Current Cost = 14472.00, Rho = 1.000
(iter 270) [0.0, 0.9636, 0.9623] = 456.1845, sampling [1.0, 1.8191, -0.6733]. Recommendation = [0.0, 0.9636, 0.9623], Current Cost = 14473.00, Rho = 1.000
(iter 270) [0.0, 0.9636, 0.9623] = 456.1845, sampling [1.0, 1.8266, -0.3652]. Recommendation = [0.0, 0.9636, 0.9623], Current Cost = 14474.00, Rho = 1.000
(iter 270) [0.0, 0.9636, 0.9623] = 456.1845, sampling [1.0, -1.9162, -0.6396]. Recommendation = [0.0, 0.9636, 0.9623], Current Cost = 14475.00, Rho = 1.000
(iter 270) [0.0, 0.9636, 0.9623] = 456.1845, sampling [1.0, 1.9966, 0.4018]. Recommendation = [0.0, 0.9636, 0.9623], Current Cost = 14476.00, Rho = 1.000
(iter 270) [0.0, 0.9636, 0.9623] = 456.1845, sampling [1.0, -1.8928, -0.2717]. Recommendation = [0.0, 0.9636, 0.9623], Current Cost = 14477.00, Rho = 1.000
(iter 270) [0.0, 0.9636, 0.9623] = 456.1845, sampling [1.0, -1.8078, -1.9259]. Recommendation = [0.0, 0.9636, 0.9623], Current Cost = 14478.00, Rho = 1.000
(iter 270) [0.0, 0.9636, 0.9623] = 456.1845, sampling [1.0, -1.8424, -0.5211]. Recommendation = [0.0, 0.9636, 0.9623], Current Cost = 14479.00, Rho = 1.000
(iter 270) [0.0, 0.9636, 0.9623] = 456.1845, sampling [1.0, -1.5371, -1.6923]. Recommendation = [0.0, 0.9636, 0.9623], Current Cost = 14480.00, Rho = 1.000
(iter 270) [0.0, 0.9636, 0.9623] = 456.1845, sampling [1.0, -1.4227, -1.7586]. Recommendation = [0.0, 0.9636, 0.9623], Current Cost = 14481.00, Rho = 1.000
(iter 270) [0.0, 0.9636, 0.9623] = 456.1845, sampling [1.0, -1.9503, -1.3641]. Recommendation = [0.0, 0.9636, 0.9623], Current Cost = 14482.00, Rho = 1.000
(iter 270) [0.0, 0.9636, 0.9623] = 456.1845, sampling [1.0, -1.8671, -1.7036]. Recommendation = [0.0, 0.9636, 0.9623], Current Cost = 14483.00, Rho = 1.000
(iter 270) [0.0, 0.9636, 0.9623] = 456.1845, sampling [1.0, 1.4487, -1.0933]. Recommendation = [0.0, 0.9636, 0.9623], Current Cost = 14484.00, Rho = 1.000
(iter 270) [0.0, 0.9636, 0.9623] = 456.1845, sampling [1.0, 1.9517, -1.2381]. Recommendation = [0.0, 0.9636, 0.9623], Current Cost = 14485.00, Rho = 1.000
(iter 270) [0.0, 0.9636, 0.9623] = 456.1845, sampling [1.0, -1.8773, -0.4940]. Recommendation = [0.0, 0.9636, 0.9623], Current Cost = 14486.00, Rho = 1.000
(iter 270) [0.0, 0.9636, 0.9623] = 456.1845, sampling [1.0, 1.6598, -1.6098]. Recommendation = [0.0, 0.9636, 0.9623], Current Cost = 14487.00, Rho = 1.000
(iter 270) [0.0, 0.9636, 0.9623] = 456.1845, sampling [1.0, -1.9231, -1.2777]. Recommendation = [0.0, 0.9636, 0.9623], Current Cost = 14488.00, Rho = 1.000
(iter 270) [0.0, 0.9636, 0.9623] = 456.1845, sampling [1.0, 1.8011, -0.9964]. Recommendation = [0.0, 0.9636, 0.9623], Current Cost = 14489.00, Rho = 1.000
(iter 270) [0.0, 0.9636, 0.9623] = 456.1845, sampling [1.0, -1.8162, -0.7024]. Recommendation = [0.0, 0.9636, 0.9623], Current Cost = 14490.00, Rho = 1.000
(iter 270) [0.0, 0.9636, 0.9623] = 456.1845, sampling [1.0, -1.2702, -1.2261]. Recommendation = [0.0, 0.9636, 0.9623], Current Cost = 14491.00, Rho = 1.000
(iter 270) [0.0, 0.9636, 0.9623] = 456.1845, sampling [1.0, -1.8562, -1.3471]. Recommendation = [0.0, 0.9636, 0.9623], Current Cost = 14492.00, Rho = 1.000
(iter 270) [0.0, 0.9636, 0.9623] = 456.1845, sampling [1.0, -1.7065, -1.0862]. Recommendation = [0.0, 0.9636, 0.9623], Current Cost = 14493.00, Rho = 1.000
(iter 270) [0.0, 0.9636, 0.9623] = 456.1845, sampling [1.0, 1.3448, -1.8838]. Recommendation = [0.0, 0.9636, 0.9623], Current Cost = 14494.00, Rho = 1.000
(iter 270) [0.0, 0.9636, 0.9623] = 456.1845, sampling [1.0, 1.8953, -1.4677]. Recommendation = [0.0, 0.9636, 0.9623], Current Cost = 14495.00, Rho = 1.000
(iter 270) [0.0, 0.9636, 0.9623] = 456.1845, sampling [1.0, -1.8535, -0.4080]. Recommendation = [0.0, 0.9636, 0.9623], Current Cost = 14496.00, Rho = 1.000
(iter 270) [0.0, 0.9636, 0.9623] = 456.1845, sampling [1.0, 1.5034, -1.6363]. Recommendation = [0.0, 0.9636, 0.9623], Current Cost = 14497.00, Rho = 1.000
(iter 270) [0.0, 0.9636, 0.9623] = 456.1845, sampling [1.0, 1.6168, -1.2117]. Recommendation = [0.0, 0.9636, 0.9623], Current Cost = 14498.00, Rho = 1.000
(iter 270) [0.0, 0.9636, 0.9623] = 456.1845, sampling [1.0, 1.8688, -1.3285]. Recommendation = [0.0, 0.9636, 0.9623], Current Cost = 14499.00, Rho = 1.000
(iter 270) [0.0, 0.9636, 0.9623] = 456.1845, sampling [0.0, 0.0014, -0.1537]. Recommendation = [0.0, 0.9636, 0.9623], Current Cost = 14500.00, Rho = 1.000
(iter 270) [0.0, 0.9636, 0.9623] = 456.1845, sampling [0.0, -0.6424, -1.0534]. Recommendation = [0.0, 0.9636, 0.9623], Current Cost = 15500.00, Rho = 1.000
(iter 270) [0.0, 0.9636, 0.9623] = 456.1845, sampling [0.0, -0.4463, 1.3614]. Recommendation = [0.0, 0.9636, 0.9623], Current Cost = 16500.00, Rho = 1.000
(iter 270) [0.0, 0.9636, 0.9623] = 456.1845, sampling [0.0, -0.2451, 1.7842]. Recommendation = [0.0, 0.9636, 0.9623], Current Cost = 17500.00, Rho = 1.000
(iter 270) [0.0, 0.9636, 0.9623] = 456.1845, sampling [0.0, -0.4687, 0.2968]. Recommendation = [0.0, 0.9636, 0.9623], Current Cost = 18500.00, Rho = 1.000
(iter 270) [0.0, 0.9636, 0.9623] = 456.1845, sampling [0.0, 1.6092, -0.1310]. Recommendation = [0.0, 0.9636, 0.9623], Current Cost = 19500.00, Rho = 1.000
(iter 270) [0.0, 0.9636, 0.9623] = 456.1845, sampling [0.0, -1.0215, 1.4394]. Recommendation = [0.0, 0.9636, 0.9623], Current Cost = 20500.00, Rho = 1.000
(iter 270) [0.0, 0.9636, 0.9623] = 456.1845, sampling [0.0, -1.8120, -0.7378]. Recommendation = [0.0, 0.9636, 0.9623], Current Cost = 21500.00, Rho = 1.000
(iter 270) [0.0, 0.9636, 0.9623] = 456.1845, sampling [0.0, 0.6179, 0.4931]. Recommendation = [0.0, 0.9636, 0.9623], Current Cost = 22500.00, Rho = 1.000
(iter 270) [0.0, 0.9636, 0.9623] = 456.1845, sampling [0.0, -1.9798, 0.7095]. Recommendation = [0.0, 0.9636, 0.9623], Current Cost = 23500.00, Rho = 1.000
(iter 270) [0.0, 0.9636, 0.9623] = 456.1845, sampling [0.0, 1.1077, 0.2319]. Recommendation = [0.0, 0.9636, 0.9623], Current Cost = 24500.00, Rho = 1.000
(iter 270) [0.0, 0.9636, 0.9623] = 456.1845, sampling [0.0, 0.9686, -0.9847]. Recommendation = [0.0, 0.9636, 0.9623], Current Cost = 25500.00, Rho = 1.000
(iter 270) [0.0, 0.9636, 0.9623] = 456.1845, sampling [0.0, 1.8467, -1.0421]. Recommendation = [0.0, 0.9636, 0.9623], Current Cost = 26500.00, Rho = 1.000
(iter 270) [0.0, 0.9636, 0.9623] = 456.1845, sampling [0.0, -1.3426, 1.9070]. Recommendation = [0.0, 0.9636, 0.9623], Current Cost = 27500.00, Rho = 1.000
(iter 270) [0.0, 0.9636, 0.9623] = 456.1845, sampling [0.0, 1.7906, 1.4862]. Recommendation = [0.0, 0.9636, 0.9623], Current Cost = 28500.00, Rho = 1.000
(iter 270) [0.0, 0.9636, 0.9623] = 456.1845, sampling [0.0, -1.0103, -1.5849]. Recommendation = [0.0, 0.9636, 0.9623], Current Cost = 29500.00, Rho = 1.000
(iter 270) [0.0, 0.9636, 0.9623] = 456.1845, sampling [0.0, 0.4987, -0.9572]. Recommendation = [0.0, 0.9636, 0.9623], Current Cost = 30500.00, Rho = 1.000
(iter 270) [0.0, 0.9636, 0.9623] = 456.1845, sampling [0.0, -0.0703, -1.0701]. Recommendation = [0.0, 0.9636, 0.9623], Current Cost = 31500.00, Rho = 1.000
(iter 270) [0.0, 0.9636, 0.9623] = 456.1845, sampling [0.0, 0.4955, -0.1709]. Recommendation = [0.0, 0.9636, 0.9623], Current Cost = 32500.00, Rho = 1.000
(iter 270) [0.0, 0.9636, 0.9623] = 456.1845, sampling [0.0, 1.6829, -1.4968]. Recommendation = [0.0, 0.9636, 0.9623], Current Cost = 33500.00, Rho = 1.000
(iter 270) [0.0, 0.9636, 0.9623] = 456.1845, sampling [0.0, -1.6426, -1.6670]. Recommendation = [0.0, 0.9636, 0.9623], Current Cost = 34500.00, Rho = 1.000
(iter 270) [0.0, 0.9636, 0.9623] = 456.1845, sampling [0.0, -0.7868, 0.7739]. Recommendation = [0.0, 0.9636, 0.9623], Current Cost = 35500.00, Rho = 1.000
(iter 270) [0.0, 0.9636, 0.9623] = 456.1845, sampling [0.0, 1.7082, -1.4554]. Recommendation = [0.0, 0.9636, 0.9623], Current Cost = 36500.00, Rho = 1.000
(iter 270) [0.0, 0.9636, 0.9623] = 456.1845, sampling [0.0, 1.1524, 0.9798]. Recommendation = [0.0, 0.9636, 0.9623], Current Cost = 37500.00, Rho = 1.000
(iter 270) [0.0, 0.9636, 0.9623] = 456.1845, sampling [0.0, 1.7517, 1.1556]. Recommendation = [0.0, 0.9636, 0.9623], Current Cost = 38500.00, Rho = 1.000
(iter 270) [0.0, 0.9636, 0.9623] = 456.1845, sampling [0.0, 1.5532, -1.2884]. Recommendation = [0.0, 0.9636, 0.9623], Current Cost = 39500.00, Rho = 1.000
(iter 270) [0.0, 0.9636, 0.9623] = 456.1845, sampling [0.0, 1.0433, 0.9375]. Recommendation = [0.0, 0.9636, 0.9623], Current Cost = 40500.00, Rho = 1.000
(iter 270) [0.0, 0.9636, 0.9623] = 456.1845, sampling [0.0, 0.5515, -1.4472]. Recommendation = [0.0, 0.9636, 0.9623], Current Cost = 41500.00, Rho = 1.000
(iter 270) [0.0, 0.9636, 0.9623] = 456.1845, sampling [0.0, -1.4486, -0.6960]. Recommendation = [0.0, 0.9636, 0.9623], Current Cost = 42500.00, Rho = 1.000
(iter 270) [0.0, 0.9636, 0.9623] = 456.1845, sampling [0.0, -0.1985, 1.5209]. Recommendation = [0.0, 0.9636, 0.9623], Current Cost = 43500.00, Rho = 1.000
(iter 270) [0.0, 0.9636, 0.9623] = 456.1845, sampling [0.0, 1.1302, 0.2750]. Recommendation = [0.0, 0.9636, 0.9623], Current Cost = 44500.00, Rho = 1.000
(iter 270) [0.0, 0.9636, 0.9623] = 456.1845, sampling [0.0, 1.9076, 0.9898]. Recommendation = [0.0, 0.9636, 0.9623], Current Cost = 45500.00, Rho = 1.000
(iter 270) [0.0, 0.9636, 0.9623] = 456.1845, sampling [0.0, -1.3138, 0.0765]. Recommendation = [0.0, 0.9636, 0.9623], Current Cost = 46500.00, Rho = 1.000
(iter 270) [0.0, 0.9636, 0.9623] = 456.1845, sampling [0.0, -0.7016, 1.3353]. Recommendation = [0.0, 0.9636, 0.9623], Current Cost = 47500.00, Rho = 1.000
(iter 270) [0.0, 0.9636, 0.9623] = 456.1845, sampling [0.0, -0.6816, -0.6048]. Recommendation = [0.0, 0.9636, 0.9623], Current Cost = 48500.00, Rho = 1.000
(iter 270) [0.0, 0.9636, 0.9623] = 456.1845, sampling [0.0, 0.6339, 0.0850]. Recommendation = [0.0, 0.9636, 0.9623], Current Cost = 49500.00, Rho = 1.000
(iter 270) [0.0, 0.9636, 0.9623] = 456.1845, sampling [0.0, 1.5669, -0.8593]. Recommendation = [0.0, 0.9636, 0.9623], Current Cost = 50500.00, Rho = 1.000
(iter 270) [0.0, 0.9636, 0.9623] = 456.1845, sampling [0.0, -1.8382, 0.4736]. Recommendation = [0.0, 0.9636, 0.9623], Current Cost = 51500.00, Rho = 1.000
(iter 270) [0.0, 0.9636, 0.9623] = 456.1845, sampling [0.0, 1.9439, 0.4320]. Recommendation = [0.0, 0.9636, 0.9623], Current Cost = 52500.00, Rho = 1.000
(iter 270) [0.0, 0.9636, 0.9623] = 456.1845, sampling [0.0, 1.4749, 0.4804]. Recommendation = [0.0, 0.9636, 0.9623], Current Cost = 53500.00, Rho = 1.000
(iter 270) [0.0, 0.9636, 0.9623] = 456.1845, sampling [0.0, 1.9024, 1.7227]. Recommendation = [0.0, 0.9636, 0.9623], Current Cost = 54500.00, Rho = 1.000
(iter 270) [0.0, 0.9636, 0.9623] = 456.1845, sampling [0.0, 0.7118, 1.1173]. Recommendation = [0.0, 0.9636, 0.9623], Current Cost = 55500.00, Rho = 1.000
(iter 270) [0.0, 0.9636, 0.9623] = 456.1845, sampling [0.0, 0.8025, -0.4651]. Recommendation = [0.0, 0.9636, 0.9623], Current Cost = 56500.00, Rho = 1.000
(iter 270) [0.0, 0.9636, 0.9623] = 456.1845, sampling [0.0, -1.8300, 1.8364]. Recommendation = [0.0, 0.9636, 0.9623], Current Cost = 57500.00, Rho = 1.000
(iter 270) [0.0, 0.9636, 0.9623] = 456.1845, sampling [0.0, -1.3790, 1.1694]. Recommendation = [0.0, 0.9636, 0.9623], Current Cost = 58500.00, Rho = 1.000
(iter 270) [0.0, 0.9636, 0.9623] = 456.1845, sampling [0.0, -1.9435, -1.6032]. Recommendation = [0.0, 0.9636, 0.9623], Current Cost = 59500.00, Rho = 1.000
(iter 270) [0.0, 0.9636, 0.9623] = 456.1845, sampling [0.0, 0.1265, 0.4426]. Recommendation = [0.0, 0.9636, 0.9623], Current Cost = 60500.00, Rho = 1.000
(iter 270) [0.0, 0.9636, 0.9623] = 456.1845, sampling [0.0, -1.2977, 1.0803]. Recommendation = [0.0, 0.9636, 0.9623], Current Cost = 61500.00, Rho = 1.000
(iter 270) [0.0, 0.9636, 0.9623] = 456.1845, sampling [0.0, -0.7840, 1.0995]. Recommendation = [0.0, 0.9636, 0.9623], Current Cost = 62500.00, Rho = 1.000
(iter 270) [0.0, 0.9636, 0.9623] = 456.1845, sampling [0.0, 1.5747, -0.6411]. Recommendation = [0.0, 0.9636, 0.9623], Current Cost = 63500.00, Rho = 1.000
(iter 270) [0.0, 0.9636, 0.9623] = 456.1845, sampling [0.0, -0.7189, 0.1434]. Recommendation = [0.0, 0.9636, 0.9623], Current Cost = 64500.00, Rho = 1.000
(iter 270) [0.0, 0.9636, 0.9623] = 456.1845, sampling [0.0, -1.4941, 1.9411]. Recommendation = [0.0, 0.9636, 0.9623], Current Cost = 65500.00, Rho = 1.000
(iter 270) [0.0, 0.9636, 0.9623] = 456.1845, sampling [0.0, 0.8863, 1.2597]. Recommendation = [0.0, 0.9636, 0.9623], Current Cost = 66500.00, Rho = 1.000
(iter 270) [0.0, 0.9636, 0.9623] = 456.1845, sampling [0.0, -0.0519, 1.3051]. Recommendation = [0.0, 0.9636, 0.9623], Current Cost = 67500.00, Rho = 1.000
(iter 270) [0.0, 0.9636, 0.9623] = 456.1845, sampling [0.0, 1.3951, -0.2050]. Recommendation = [0.0, 0.9636, 0.9623], Current Cost = 68500.00, Rho = 1.000
(iter 270) [0.0, 0.9636, 0.9623] = 456.1845, sampling [0.0, 0.3643, 1.6210]. Recommendation = [0.0, 0.9636, 0.9623], Current Cost = 69500.00, Rho = 1.000
(iter 270) [0.0, 0.9636, 0.9623] = 456.1845, sampling [0.0, -0.1711, 0.7419]. Recommendation = [0.0, 0.9636, 0.9623], Current Cost = 70500.00, Rho = 1.000
(iter 270) [0.0, 0.9636, 0.9623] = 456.1845, sampling [0.0, 0.7966, -1.4860]. Recommendation = [0.0, 0.9636, 0.9623], Current Cost = 71500.00, Rho = 1.000
(iter 270) [0.0, 0.9636, 0.9623] = 456.1845, sampling [0.0, 1.4093, -1.5759]. Recommendation = [0.0, 0.9636, 0.9623], Current Cost = 72500.00, Rho = 1.000
(iter 270) [0.0, 0.9636, 0.9623] = 456.1845, sampling [0.0, -0.9508, -0.1267]. Recommendation = [0.0, 0.9636, 0.9623], Current Cost = 73500.00, Rho = 1.000
(iter 270) [0.0, 0.9636, 0.9623] = 456.1845, sampling [0.0, -1.5693, 0.5291]. Recommendation = [0.0, 0.9636, 0.9623], Current Cost = 74500.00, Rho = 1.000
(iter 270) [0.0, 0.9636, 0.9623] = 456.1845, sampling [0.0, -0.6393, 1.1045]. Recommendation = [0.0, 0.9636, 0.9623], Current Cost = 75500.00, Rho = 1.000
(iter 270) [0.0, 0.9636, 0.9623] = 456.1845, sampling [0.0, -1.1747, 1.1658]. Recommendation = [0.0, 0.9636, 0.9623], Current Cost = 76500.00, Rho = 1.000
(iter 270) [0.0, 0.9636, 0.9623] = 456.1845, sampling [0.0, -1.1778, -0.2958]. Recommendation = [0.0, 0.9636, 0.9623], Current Cost = 77500.00, Rho = 1.000
(iter 270) [0.0, 0.9636, 0.9623] = 456.1845, sampling [0.0, 1.2672, -1.8531]. Recommendation = [0.0, 0.9636, 0.9623], Current Cost = 78500.00, Rho = 1.000
(iter 270) [0.0, 0.9636, 0.9623] = 456.1845, sampling [0.0, -1.7970, -1.3697]. Recommendation = [0.0, 0.9636, 0.9623], Current Cost = 79500.00, Rho = 1.000
(iter 270) [0.0, 0.9636, 0.9623] = 456.1845, sampling [0.0, -1.5583, -1.5604]. Recommendation = [0.0, 0.9636, 0.9623], Current Cost = 80500.00, Rho = 1.000
(iter 270) [0.0, 0.9636, 0.9623] = 456.1845, sampling [0.0, -1.6128, 1.5696]. Recommendation = [0.0, 0.9636, 0.9623], Current Cost = 81500.00, Rho = 1.000
(iter 270) [0.0, 0.9636, 0.9623] = 456.1845, sampling [0.0, -1.4438, 1.3857]. Recommendation = [0.0, 0.9636, 0.9623], Current Cost = 82500.00, Rho = 1.000
(iter 270) [0.0, 0.9636, 0.9623] = 456.1845, sampling [0.0, -0.6191, 0.0538]. Recommendation = [0.0, 0.9636, 0.9623], Current Cost = 83500.00, Rho = 1.000
(iter 270) [0.0, 0.9636, 0.9623] = 456.1845, sampling [0.0, 1.5440, -0.8137]. Recommendation = [0.0, 0.9636, 0.9623], Current Cost = 84500.00, Rho = 1.000
(iter 270) [0.0, 0.9636, 0.9623] = 456.1845, sampling [0.0, -0.2576, -0.0405]. Recommendation = [0.0, 0.9636, 0.9623], Current Cost = 85500.00, Rho = 1.000
(iter 270) [0.0, 0.9636, 0.9623] = 456.1845, sampling [0.0, -1.2598, 1.9637]. Recommendation = [0.0, 0.9636, 0.9623], Current Cost = 86500.00, Rho = 1.000
(iter 270) [0.0, 0.9636, 0.9623] = 456.1845, sampling [0.0, -1.9032, -0.7084]. Recommendation = [0.0, 0.9636, 0.9623], Current Cost = 87500.00, Rho = 1.000
(iter 270) [0.0, 0.9636, 0.9623] = 456.1845, sampling [0.0, -0.0136, 0.8367]. Recommendation = [0.0, 0.9636, 0.9623], Current Cost = 88500.00, Rho = 1.000
(iter 270) [0.0, 0.9636, 0.9623] = 456.1845, sampling [0.0, 0.0577, 0.0916]. Recommendation = [0.0, 0.9636, 0.9623], Current Cost = 89500.00, Rho = 1.000
(iter 270) [0.0, 0.9636, 0.9623] = 456.1845, sampling [0.0, -0.2888, -1.8433]. Recommendation = [0.0, 0.9636, 0.9623], Current Cost = 90500.00, Rho = 1.000
(iter 270) [0.0, 0.9636, 0.9623] = 456.1845, sampling [0.0, -1.6981, 1.6922]. Recommendation = [0.0, 0.9636, 0.9623], Current Cost = 91500.00, Rho = 1.000
(iter 270) [0.0, 0.9636, 0.9623] = 456.1845, sampling [0.0, -0.9756, 0.2807]. Recommendation = [0.0, 0.9636, 0.9623], Current Cost = 92500.00, Rho = 1.000
(iter 270) [0.0, 0.9636, 0.9623] = 456.1845, sampling [0.0, 1.7374, 0.3711]. Recommendation = [0.0, 0.9636, 0.9623], Current Cost = 93500.00, Rho = 1.000
(iter 270) [0.0, 0.9636, 0.9623] = 456.1845, sampling [0.0, -1.7462, 1.6149]. Recommendation = [0.0, 0.9636, 0.9623], Current Cost = 94500.00, Rho = 1.000
(iter 270) [0.0, 0.9636, 0.9623] = 456.1845, sampling [0.0, -0.5376, 0.5832]. Recommendation = [0.0, 0.9636, 0.9623], Current Cost = 95500.00, Rho = 1.000
(iter 270) [0.0, 0.9636, 0.9623] = 456.1845, sampling [0.0, -1.0291, 0.6963]. Recommendation = [0.0, 0.9636, 0.9623], Current Cost = 96500.00, Rho = 1.000
(iter 270) [0.0, 0.9636, 0.9623] = 456.1845, sampling [0.0, -0.3826, 1.0676]. Recommendation = [0.0, 0.9636, 0.9623], Current Cost = 97500.00, Rho = 1.000
(iter 270) [0.0, 0.9636, 0.9623] = 456.1845, sampling [0.0, 1.0694, -1.7739]. Recommendation = [0.0, 0.9636, 0.9623], Current Cost = 98500.00, Rho = 1.000
(iter 270) [0.0, 0.9636, 0.9623] = 456.1845, sampling [0.0, -0.7509, -1.6729]. Recommendation = [0.0, 0.9636, 0.9623], Current Cost = 99500.00, Rho = 1.000
