(iter 10) [0.0, 0.2106, -0.4944] = 426.6547, sampling [1.0, 0.0851, -0.0342]. Recommendation = [0.0, 0.2106, -0.4944], Current Cost = 5005.00, Rho = 1.000
(iter 10) [0.0, 0.2106, -0.4944] = 426.6547, sampling [1.0, 0.0101, 0.3458]. Recommendation = [0.0, 0.0851, -0.0342], Current Cost = 5006.00, Rho = 1.000
(iter 10) [0.0, 0.2106, -0.4944] = 426.6547, sampling [1.0, 0.1932, 0.9247]. Recommendation = [0.0, 0.0851, -0.0342], Current Cost = 5007.00, Rho = 1.000
(iter 10) [0.0, 0.2106, -0.4944] = 426.6547, sampling [1.0, -0.0829, 0.0844]. Recommendation = [0.0, 0.0851, -0.0342], Current Cost = 5008.00, Rho = 1.000
(iter 10) [0.0, 0.2106, -0.4944] = 426.6547, sampling [1.0, 0.1891, 0.2189]. Recommendation = [0.0, 0.0851, -0.0342], Current Cost = 5009.00, Rho = 1.000
(iter 10) [0.0, 0.2106, -0.4944] = 426.6547, sampling [1.0, 0.0762, -0.2449]. Recommendation = [0.0, 0.1246, 0.1928], Current Cost = 5010.00, Rho = 1.000
(iter 10) [0.0, 0.2106, -0.4944] = 426.6547, sampling [1.0, 0.2848, -0.0814]. Recommendation = [0.0, 0.1246, 0.1928], Current Cost = 5011.00, Rho = 1.000
(iter 10) [0.0, 0.2106, -0.4944] = 426.6547, sampling [1.0, -0.2238, 0.4680]. Recommendation = [0.0, 0.2170, -0.1108], Current Cost = 5012.00, Rho = 1.000
(iter 10) [0.0, 0.2106, -0.4944] = 426.6547, sampling [1.0, -0.1250, -0.1238]. Recommendation = [0.0, 0.2170, -0.1108], Current Cost = 5013.00, Rho = 1.000
(iter 10) [0.0, 0.2106, -0.4944] = 426.6547, sampling [1.0, -0.2156, 0.2104]. Recommendation = [0.0, -0.0049, -0.0985], Current Cost = 5014.00, Rho = 1.000
(iter 10) [0.0, 0.2106, -0.4944] = 426.6547, sampling [1.0, 0.1452, 0.5103]. Recommendation = [0.0, -0.0049, -0.0985], Current Cost = 5015.00, Rho = 1.000
(iter 10) [0.0, 0.2106, -0.4944] = 426.6547, sampling [1.0, -0.2613, 0.0206]. Recommendation = [0.0, -0.0049, -0.0985], Current Cost = 5016.00, Rho = 1.000
(iter 10) [0.0, 0.2106, -0.4944] = 426.6547, sampling [1.0, 0.0718, 0.2252]. Recommendation = [0.0, -0.0049, -0.0985], Current Cost = 5017.00, Rho = 1.000
(iter 10) [0.0, 0.2106, -0.4944] = 426.6547, sampling [1.0, 0.5064, 1.4709]. Recommendation = [0.0, -0.0049, -0.0985], Current Cost = 5018.00, Rho = 1.000
(iter 10) [0.0, 0.2106, -0.4944] = 426.6547, sampling [1.0, -0.0049, -0.0985]. Recommendation = [0.0, -0.0049, -0.0985], Current Cost = 5019.00, Rho = 1.000
(iter 10) [0.0, 0.2106, -0.4944] = 426.6547, sampling [1.0, 0.3898, 0.2796]. Recommendation = [0.0, 0.2170, -0.1108], Current Cost = 5020.00, Rho = 1.000
(iter 10) [0.0, 0.2106, -0.4944] = 426.6547, sampling [1.0, 0.4058, 0.0454]. Recommendation = [0.0, 0.2170, -0.1108], Current Cost = 5021.00, Rho = 1.000
(iter 10) [0.0, 0.2106, -0.4944] = 426.6547, sampling [1.0, -0.0984, -0.2928]. Recommendation = [0.0, -0.1316, 0.1513], Current Cost = 5022.00, Rho = 1.000
(iter 10) [0.0, 0.2106, -0.4944] = 426.6547, sampling [1.0, -0.1187, 0.2057]. Recommendation = [0.0, -0.1316, 0.1513], Current Cost = 5023.00, Rho = 1.000
(iter 10) [0.0, 0.2106, -0.4944] = 426.6547, sampling [1.0, 0.4400, 0.4859]. Recommendation = [0.0, 0.0851, -0.0342], Current Cost = 5024.00, Rho = 1.000
(iter 10) [0.0, 0.2106, -0.4944] = 426.6547, sampling [1.0, 0.3482, 0.3841]. Recommendation = [0.0, 0.0851, -0.0342], Current Cost = 5025.00, Rho = 1.000
(iter 10) [0.0, 0.2106, -0.4944] = 426.6547, sampling [1.0, 0.3524, -0.1713]. Recommendation = [0.0, 0.0851, -0.0342], Current Cost = 5026.00, Rho = 1.000
(iter 10) [0.0, 0.2106, -0.4944] = 426.6547, sampling [1.0, 0.2170, -0.1108]. Recommendation = [0.0, 0.2170, -0.1108], Current Cost = 5027.00, Rho = 1.000
(iter 10) [0.0, 0.2106, -0.4944] = 426.6547, sampling [1.0, -0.3242, -0.1791]. Recommendation = [0.0, 0.0851, -0.0342], Current Cost = 5028.00, Rho = 1.000
(iter 10) [0.0, 0.2106, -0.4944] = 426.6547, sampling [1.0, -0.5296, 0.0340]. Recommendation = [0.0, 0.0851, -0.0342], Current Cost = 5029.00, Rho = 1.000
(iter 10) [0.0, 0.2106, -0.4944] = 426.6547, sampling [1.0, -0.3565, 0.3835]. Recommendation = [0.0, 0.0851, -0.0342], Current Cost = 5030.00, Rho = 1.000
(iter 10) [0.0, 0.2106, -0.4944] = 426.6547, sampling [1.0, -0.3164, 0.8372]. Recommendation = [0.0, 0.0851, -0.0342], Current Cost = 5031.00, Rho = 1.000
(iter 10) [0.0, 0.2106, -0.4944] = 426.6547, sampling [1.0, -0.5984, 0.3744]. Recommendation = [0.0, 0.0851, -0.0342], Current Cost = 5032.00, Rho = 1.000
(iter 10) [0.0, 0.2106, -0.4944] = 426.6547, sampling [1.0, -0.6078, 0.5121]. Recommendation = [0.0, 0.0851, -0.0342], Current Cost = 5033.00, Rho = 1.000
(iter 10) [0.0, 0.2106, -0.4944] = 426.6547, sampling [1.0, -0.6822, 0.1651]. Recommendation = [0.0, 0.0851, -0.0342], Current Cost = 5034.00, Rho = 1.000
(iter 10) [0.0, 0.2106, -0.4944] = 426.6547, sampling [1.0, 0.1036, -0.3865]. Recommendation = [0.0, 0.0851, -0.0342], Current Cost = 5035.00, Rho = 1.000
(iter 10) [0.0, 0.2106, -0.4944] = 426.6547, sampling [1.0, 0.0605, 0.6350]. Recommendation = [0.0, 0.0851, -0.0342], Current Cost = 5036.00, Rho = 1.000
(iter 10) [0.0, 0.2106, -0.4944] = 426.6547, sampling [1.0, -0.2641, 0.2506]. Recommendation = [0.0, 0.0851, -0.0342], Current Cost = 5037.00, Rho = 1.000
(iter 10) [0.0, 0.2106, -0.4944] = 426.6547, sampling [1.0, 0.4654, 0.1123]. Recommendation = [0.0, 0.0851, -0.0342], Current Cost = 5038.00, Rho = 1.000
(iter 10) [0.0, 0.2106, -0.4944] = 426.6547, sampling [1.0, -0.6317, 0.7182]. Recommendation = [0.0, 0.0851, -0.0342], Current Cost = 5039.00, Rho = 1.000
(iter 10) [0.0, 0.2106, -0.4944] = 426.6547, sampling [1.0, -0.7180, 0.4408]. Recommendation = [0.0, 0.0851, -0.0342], Current Cost = 5040.00, Rho = 1.000
(iter 10) [0.0, 0.2106, -0.4944] = 426.6547, sampling [1.0, -0.6445, 0.3224]. Recommendation = [0.0, 0.0851, -0.0342], Current Cost = 5041.00, Rho = 1.000
(iter 10) [0.0, 0.2106, -0.4944] = 426.6547, sampling [1.0, 0.4766, 0.7716]. Recommendation = [0.0, 0.0851, -0.0342], Current Cost = 5042.00, Rho = 1.000
(iter 10) [0.0, 0.2106, -0.4944] = 426.6547, sampling [1.0, 0.4500, -0.0229]. Recommendation = [0.0, 0.0851, -0.0342], Current Cost = 5043.00, Rho = 1.000
(iter 10) [0.0, 0.2106, -0.4944] = 426.6547, sampling [1.0, 0.6253, 0.1810]. Recommendation = [0.0, 0.0851, -0.0342], Current Cost = 5044.00, Rho = 1.000
(iter 10) [0.0, 0.2106, -0.4944] = 426.6547, sampling [1.0, 0.5473, 0.6114]. Recommendation = [0.0, 0.0851, -0.0342], Current Cost = 5045.00, Rho = 1.000
(iter 10) [0.0, 0.2106, -0.4944] = 426.6547, sampling [1.0, 0.6328, -0.0907]. Recommendation = [0.0, 0.0851, -0.0342], Current Cost = 5046.00, Rho = 1.000
(iter 10) [0.0, 0.2106, -0.4944] = 426.6547, sampling [1.0, 0.5022, 0.0304]. Recommendation = [0.0, 0.0851, -0.0342], Current Cost = 5047.00, Rho = 1.000
(iter 10) [0.0, 0.2106, -0.4944] = 426.6547, sampling [1.0, 0.7549, 0.4051]. Recommendation = [0.0, 0.0851, -0.0342], Current Cost = 5048.00, Rho = 1.000
(iter 10) [0.0, 0.2106, -0.4944] = 426.6547, sampling [1.0, 0.7270, 0.7763]. Recommendation = [0.0, 0.0851, -0.0342], Current Cost = 5049.00, Rho = 1.000
(iter 10) [0.0, 0.2106, -0.4944] = 426.6547, sampling [1.0, 0.8209, 0.5639]. Recommendation = [0.0, 0.0851, -0.0342], Current Cost = 5050.00, Rho = 1.000
(iter 10) [0.0, 0.2106, -0.4944] = 426.6547, sampling [1.0, 0.7922, 0.3023]. Recommendation = [0.0, 0.0851, -0.0342], Current Cost = 5051.00, Rho = 1.000
(iter 10) [0.0, 0.2106, -0.4944] = 426.6547, sampling [1.0, 0.8343, 0.9898]. Recommendation = [0.0, 0.0851, -0.0342], Current Cost = 5052.00, Rho = 1.000
(iter 10) [0.0, 0.2106, -0.4944] = 426.6547, sampling [1.0, 0.5811, 1.2004]. Recommendation = [0.0, 0.0851, -0.0342], Current Cost = 5053.00, Rho = 1.000
(iter 10) [0.0, 0.2106, -0.4944] = 426.6547, sampling [1.0, -0.1735, 0.3981]. Recommendation = [0.0, 0.0851, -0.0342], Current Cost = 5054.00, Rho = 1.000
(iter 10) [0.0, 0.2106, -0.4944] = 426.6547, sampling [1.0, 0.8999, 0.7408]. Recommendation = [0.0, 0.0851, -0.0342], Current Cost = 5055.00, Rho = 1.000
(iter 10) [0.0, 0.2106, -0.4944] = 426.6547, sampling [1.0, 0.5169, -0.4382]. Recommendation = [0.0, 0.0851, -0.0342], Current Cost = 5056.00, Rho = 1.000
(iter 10) [0.0, 0.2106, -0.4944] = 426.6547, sampling [1.0, 0.2721, -0.4219]. Recommendation = [0.0, 0.0851, -0.0342], Current Cost = 5057.00, Rho = 1.000
(iter 10) [0.0, 0.2106, -0.4944] = 426.6547, sampling [1.0, -0.5134, -0.2687]. Recommendation = [0.0, 0.0851, -0.0342], Current Cost = 5058.00, Rho = 1.000
(iter 10) [0.0, 0.2106, -0.4944] = 426.6547, sampling [1.0, -0.8487, 0.6260]. Recommendation = [0.0, 0.0851, -0.0342], Current Cost = 5059.00, Rho = 1.000
(iter 10) [0.0, 0.2106, -0.4944] = 426.6547, sampling [1.0, -0.7716, 0.7110]. Recommendation = [0.0, 0.0851, -0.0342], Current Cost = 5060.00, Rho = 1.000
(iter 10) [0.0, 0.2106, -0.4944] = 426.6547, sampling [1.0, -0.8796, 0.4177]. Recommendation = [0.0, 0.0851, -0.0342], Current Cost = 5061.00, Rho = 1.000
(iter 10) [0.0, 0.2106, -0.4944] = 426.6547, sampling [1.0, -0.5663, 1.1723]. Recommendation = [0.0, 0.0851, -0.0342], Current Cost = 5062.00, Rho = 1.000
(iter 10) [0.0, 0.2106, -0.4944] = 426.6547, sampling [1.0, -0.8361, 0.2447]. Recommendation = [0.0, 0.0851, -0.0342], Current Cost = 5063.00, Rho = 1.000
(iter 10) [0.0, 0.2106, -0.4944] = 426.6547, sampling [1.0, -0.5088, 0.9145]. Recommendation = [0.0, 0.0851, -0.0342], Current Cost = 5064.00, Rho = 1.000
(iter 10) [0.0, 0.2106, -0.4944] = 426.6547, sampling [1.0, 0.0954, -0.1996]. Recommendation = [0.0, 0.0851, -0.0342], Current Cost = 5065.00, Rho = 1.000
(iter 10) [0.0, 0.2106, -0.4944] = 426.6547, sampling [1.0, 0.1246, 0.1928]. Recommendation = [0.0, 0.0851, -0.0342], Current Cost = 5066.00, Rho = 1.000
(iter 10) [0.0, 0.2106, -0.4944] = 426.6547, sampling [1.0, 0.1196, -0.3051]. Recommendation = [0.0, 0.0851, -0.0342], Current Cost = 5067.00, Rho = 1.000
(iter 10) [0.0, 0.2106, -0.4944] = 426.6547, sampling [1.0, 0.9093, 1.3173]. Recommendation = [0.0, 0.0851, -0.0342], Current Cost = 5068.00, Rho = 1.000
(iter 10) [0.0, 0.2106, -0.4944] = 426.6547, sampling [1.0, -0.1316, 0.1513]. Recommendation = [0.0, 0.0851, -0.0342], Current Cost = 5069.00, Rho = 1.000
(iter 10) [0.0, 0.2106, -0.4944] = 426.6547, sampling [1.0, 0.8304, 0.0488]. Recommendation = [0.0, 0.0851, -0.0342], Current Cost = 5070.00, Rho = 1.000
(iter 10) [0.0, 0.2106, -0.4944] = 426.6547, sampling [1.0, -0.1814, -0.5551]. Recommendation = [0.0, 0.0851, -0.0342], Current Cost = 5071.00, Rho = 1.000
(iter 10) [0.0, 0.2106, -0.4944] = 426.6547, sampling [1.0, -0.4012, -0.3963]. Recommendation = [0.0, 0.0851, -0.0342], Current Cost = 5072.00, Rho = 1.000
(iter 10) [0.0, 0.2106, -0.4944] = 426.6547, sampling [1.0, -0.8955, 0.7334]. Recommendation = [0.0, 0.0851, -0.0342], Current Cost = 5073.00, Rho = 1.000
(iter 10) [0.0, 0.2106, -0.4944] = 426.6547, sampling [1.0, -0.6483, 0.8036]. Recommendation = [0.0, 0.0851, -0.0342], Current Cost = 5074.00, Rho = 1.000
(iter 10) [0.0, 0.2106, -0.4944] = 426.6547, sampling [1.0, 0.8646, 1.0549]. Recommendation = [0.0, 0.0851, -0.0342], Current Cost = 5075.00, Rho = 1.000
(iter 10) [0.0, 0.2106, -0.4944] = 426.6547, sampling [1.0, -0.3651, 0.4331]. Recommendation = [0.0, 0.0851, -0.0342], Current Cost = 5076.00, Rho = 1.000
(iter 10) [0.0, 0.2106, -0.4944] = 426.6547, sampling [1.0, -0.1419, 1.0673]. Recommendation = [0.0, 0.0851, -0.0342], Current Cost = 5077.00, Rho = 1.000
(iter 10) [0.0, 0.2106, -0.4944] = 426.6547, sampling [1.0, 0.7348, 0.8169]. Recommendation = [0.0, 0.0851, -0.0342], Current Cost = 5078.00, Rho = 1.000
(iter 10) [0.0, 0.2106, -0.4944] = 426.6547, sampling [1.0, 0.2555, 0.7455]. Recommendation = [0.0, 0.0851, -0.0342], Current Cost = 5079.00, Rho = 1.000
(iter 10) [0.0, 0.2106, -0.4944] = 426.6547, sampling [1.0, 0.8142, 0.4102]. Recommendation = [0.0, 0.0851, -0.0342], Current Cost = 5080.00, Rho = 1.000
(iter 10) [0.0, 0.2106, -0.4944] = 426.6547, sampling [1.0, -0.7909, 0.1015]. Recommendation = [0.0, 0.0851, -0.0342], Current Cost = 5081.00, Rho = 1.000
(iter 10) [0.0, 0.2106, -0.4944] = 426.6547, sampling [1.0, -0.0542, -0.2773]. Recommendation = [0.0, 0.0851, -0.0342], Current Cost = 5082.00, Rho = 1.000
(iter 10) [0.0, 0.2106, -0.4944] = 426.6547, sampling [1.0, 0.8738, 1.4295]. Recommendation = [0.0, 0.0851, -0.0342], Current Cost = 5083.00, Rho = 1.000
(iter 10) [0.0, 0.2106, -0.4944] = 426.6547, sampling [1.0, 1.0032, 0.8842]. Recommendation = [0.0, 0.0851, -0.0342], Current Cost = 5084.00, Rho = 1.000
(iter 10) [0.0, 0.2106, -0.4944] = 426.6547, sampling [1.0, 0.9780, 0.7876]. Recommendation = [0.0, 0.0851, -0.0342], Current Cost = 5085.00, Rho = 1.000
(iter 10) [0.0, 0.2106, -0.4944] = 426.6547, sampling [1.0, 0.9609, 0.4908]. Recommendation = [0.0, 0.0851, -0.0342], Current Cost = 5086.00, Rho = 1.000
(iter 10) [0.0, 0.2106, -0.4944] = 426.6547, sampling [1.0, 1.0229, 0.9605]. Recommendation = [0.0, 0.0851, -0.0342], Current Cost = 5087.00, Rho = 1.000
(iter 10) [0.0, 0.2106, -0.4944] = 426.6547, sampling [1.0, 1.0157, 0.6830]. Recommendation = [0.0, 0.0851, -0.0342], Current Cost = 5088.00, Rho = 1.000
(iter 10) [0.0, 0.2106, -0.4944] = 426.6547, sampling [1.0, 0.8922, 0.2388]. Recommendation = [0.0, 0.0851, -0.0342], Current Cost = 5089.00, Rho = 1.000
(iter 10) [0.0, 0.2106, -0.4944] = 426.6547, sampling [1.0, 0.7445, -0.2374]. Recommendation = [0.0, 0.0851, -0.0342], Current Cost = 5090.00, Rho = 1.000
(iter 10) [0.0, 0.2106, -0.4944] = 426.6547, sampling [1.0, -1.0824, 0.8621]. Recommendation = [0.0, 0.0851, -0.0342], Current Cost = 5091.00, Rho = 1.000
(iter 10) [0.0, 0.2106, -0.4944] = 426.6547, sampling [1.0, -0.9998, 1.2476]. Recommendation = [0.0, 0.0851, -0.0342], Current Cost = 5092.00, Rho = 1.000
(iter 10) [0.0, 0.2106, -0.4944] = 426.6547, sampling [1.0, -1.1413, 1.0397]. Recommendation = [0.0, 0.0851, -0.0342], Current Cost = 5093.00, Rho = 1.000
(iter 10) [0.0, 0.2106, -0.4944] = 426.6547, sampling [1.0, -0.7798, 1.2374]. Recommendation = [0.0, 0.0851, -0.0342], Current Cost = 5094.00, Rho = 1.000
(iter 10) [0.0, 0.2106, -0.4944] = 426.6547, sampling [1.0, -1.0271, 1.4950]. Recommendation = [0.0, 0.0851, -0.0342], Current Cost = 5095.00, Rho = 1.000
(iter 10) [0.0, 0.2106, -0.4944] = 426.6547, sampling [1.0, -0.7009, 1.6139]. Recommendation = [0.0, 0.0851, -0.0342], Current Cost = 5096.00, Rho = 1.000
(iter 10) [0.0, 0.2106, -0.4944] = 426.6547, sampling [1.0, -1.2544, 1.3994]. Recommendation = [0.0, 0.0851, -0.0342], Current Cost = 5097.00, Rho = 1.000
(iter 10) [0.0, 0.2106, -0.4944] = 426.6547, sampling [1.0, -1.3131, 1.1152]. Recommendation = [0.0, 0.0851, -0.0342], Current Cost = 5098.00, Rho = 1.000
(iter 10) [0.0, 0.2106, -0.4944] = 426.6547, sampling [1.0, -0.9495, 1.3868]. Recommendation = [0.0, 0.0851, -0.0342], Current Cost = 5099.00, Rho = 1.000
(iter 10) [0.0, 0.2106, -0.4944] = 426.6547, sampling [1.0, -1.0612, 0.5812]. Recommendation = [0.0, 0.0851, -0.0342], Current Cost = 5100.00, Rho = 1.000
(iter 10) [0.0, 0.2106, -0.4944] = 426.6547, sampling [1.0, -1.4248, 1.5726]. Recommendation = [0.0, 0.0851, -0.0342], Current Cost = 5101.00, Rho = 1.000
(iter 10) [0.0, 0.2106, -0.4944] = 426.6547, sampling [1.0, -1.1692, 1.7650]. Recommendation = [0.0, 0.0851, -0.0342], Current Cost = 5102.00, Rho = 1.000
(iter 10) [0.0, 0.2106, -0.4944] = 426.6547, sampling [1.0, -1.3474, 1.8572]. Recommendation = [0.0, 0.0851, -0.0342], Current Cost = 5103.00, Rho = 1.000
(iter 10) [0.0, 0.2106, -0.4944] = 426.6547, sampling [1.0, -1.3019, 1.7921]. Recommendation = [0.0, 0.0851, -0.0342], Current Cost = 5104.00, Rho = 1.000
(iter 10) [0.0, 0.2106, -0.4944] = 426.6547, sampling [1.0, -1.0965, 1.9200]. Recommendation = [0.0, 0.0851, -0.0342], Current Cost = 5105.00, Rho = 1.000
(iter 10) [0.0, 0.2106, -0.4944] = 426.6547, sampling [1.0, -1.5688, 1.6793]. Recommendation = [0.0, 0.0851, -0.0342], Current Cost = 5106.00, Rho = 1.000
(iter 10) [0.0, 0.2106, -0.4944] = 426.6547, sampling [1.0, 0.4232, 0.8901]. Recommendation = [0.0, 0.0851, -0.0342], Current Cost = 5107.00, Rho = 1.000
(iter 10) [0.0, 0.2106, -0.4944] = 426.6547, sampling [1.0, -1.2121, 1.0874]. Recommendation = [0.0, 0.0851, -0.0342], Current Cost = 5108.00, Rho = 1.000
(iter 10) [0.0, 0.2106, -0.4944] = 426.6547, sampling [1.0, -0.0202, -0.6576]. Recommendation = [0.0, 0.0851, -0.0342], Current Cost = 5109.00, Rho = 1.000
(iter 10) [0.0, 0.2106, -0.4944] = 426.6547, sampling [1.0, -0.9655, 0.4550]. Recommendation = [0.0, 0.0851, -0.0342], Current Cost = 5110.00, Rho = 1.000
(iter 10) [0.0, 0.2106, -0.4944] = 426.6547, sampling [1.0, 0.3192, -0.6248]. Recommendation = [0.0, 0.0851, -0.0342], Current Cost = 5111.00, Rho = 1.000
(iter 10) [0.0, 0.2106, -0.4944] = 426.6547, sampling [1.0, -1.6192, 1.9828]. Recommendation = [0.0, 0.0851, -0.0342], Current Cost = 5112.00, Rho = 1.000
(iter 10) [0.0, 0.2106, -0.4944] = 426.6547, sampling [1.0, -1.6671, 1.4458]. Recommendation = [0.0, 0.0851, -0.0342], Current Cost = 5113.00, Rho = 1.000
(iter 10) [0.0, 0.2106, -0.4944] = 426.6547, sampling [1.0, -0.0909, 1.8868]. Recommendation = [0.0, 0.0851, -0.0342], Current Cost = 5114.00, Rho = 1.000
(iter 10) [0.0, 0.2106, -0.4944] = 426.6547, sampling [1.0, -1.2284, 1.4185]. Recommendation = [0.0, 0.0851, -0.0342], Current Cost = 5115.00, Rho = 1.000
(iter 10) [0.0, 0.2106, -0.4944] = 426.6547, sampling [1.0, 0.8449, 0.3387]. Recommendation = [0.0, 0.0851, -0.0342], Current Cost = 5116.00, Rho = 1.000
(iter 10) [0.0, 0.2106, -0.4944] = 426.6547, sampling [1.0, -0.0271, 0.8121]. Recommendation = [0.0, 0.0851, -0.0342], Current Cost = 5117.00, Rho = 1.000
(iter 10) [0.0, 0.2106, -0.4944] = 426.6547, sampling [1.0, -1.1645, 0.6998]. Recommendation = [0.0, 0.0851, -0.0342], Current Cost = 5118.00, Rho = 1.000
(iter 10) [0.0, 0.2106, -0.4944] = 426.6547, sampling [1.0, -0.9320, 1.6698]. Recommendation = [0.0, 0.0851, -0.0342], Current Cost = 5119.00, Rho = 1.000
(iter 10) [0.0, 0.2106, -0.4944] = 426.6547, sampling [1.0, 1.0345, 0.7637]. Recommendation = [0.0, 0.0851, -0.0342], Current Cost = 5120.00, Rho = 1.000
(iter 10) [0.0, 0.2106, -0.4944] = 426.6547, sampling [1.0, -0.9140, 0.3300]. Recommendation = [0.0, 0.0851, -0.0342], Current Cost = 5121.00, Rho = 1.000
(iter 10) [0.0, 0.2106, -0.4944] = 426.6547, sampling [1.0, 1.0919, 1.4071]. Recommendation = [0.0, 0.0851, -0.0342], Current Cost = 5122.00, Rho = 1.000
(iter 10) [0.0, 0.2106, -0.4944] = 426.6547, sampling [1.0, 1.1934, 1.2115]. Recommendation = [0.0, 0.0851, -0.0342], Current Cost = 5123.00, Rho = 1.000
(iter 10) [0.0, 0.2106, -0.4944] = 426.6547, sampling [1.0, 1.1113, 1.4820]. Recommendation = [0.0, 0.0851, -0.0342], Current Cost = 5124.00, Rho = 1.000
(iter 10) [0.0, 0.2106, -0.4944] = 426.6547, sampling [1.0, 1.2505, 1.4721]. Recommendation = [0.0, 0.0851, -0.0342], Current Cost = 5125.00, Rho = 1.000
(iter 10) [0.0, 0.2106, -0.4944] = 426.6547, sampling [1.0, 1.1733, 1.7530]. Recommendation = [0.0, 0.0851, -0.0342], Current Cost = 5126.00, Rho = 1.000
(iter 10) [0.0, 0.2106, -0.4944] = 426.6547, sampling [1.0, 1.3422, 1.5973]. Recommendation = [0.0, 0.0851, -0.0342], Current Cost = 5127.00, Rho = 1.000
(iter 10) [0.0, 0.2106, -0.4944] = 426.6547, sampling [1.0, 1.1314, 1.5004]. Recommendation = [0.0, 0.0851, -0.0342], Current Cost = 5128.00, Rho = 1.000
(iter 10) [0.0, 0.2106, -0.4944] = 426.6547, sampling [1.0, 1.2049, 1.8514]. Recommendation = [0.0, 0.0851, -0.0342], Current Cost = 5129.00, Rho = 1.000
(iter 10) [0.0, 0.2106, -0.4944] = 426.6547, sampling [1.0, 1.3213, 1.2965]. Recommendation = [0.0, 0.0851, -0.0342], Current Cost = 5130.00, Rho = 1.000
(iter 10) [0.0, 0.2106, -0.4944] = 426.6547, sampling [1.0, 0.7854, 1.9720]. Recommendation = [0.0, 0.0851, -0.0342], Current Cost = 5131.00, Rho = 1.000
(iter 10) [0.0, 0.2106, -0.4944] = 426.6547, sampling [1.0, -0.3292, -0.5665]. Recommendation = [0.0, 0.0851, -0.0342], Current Cost = 5132.00, Rho = 1.000
(iter 10) [0.0, 0.2106, -0.4944] = 426.6547, sampling [1.0, -0.6110, -0.3171]. Recommendation = [0.0, 0.0851, -0.0342], Current Cost = 5133.00, Rho = 1.000
(iter 10) [0.0, 0.2106, -0.4944] = 426.6547, sampling [1.0, 1.2269, 1.1962]. Recommendation = [0.0, 0.0851, -0.0342], Current Cost = 5134.00, Rho = 1.000
(iter 10) [0.0, 0.2106, -0.4944] = 426.6547, sampling [1.0, -1.2858, 1.0181]. Recommendation = [0.0, 0.0851, -0.0342], Current Cost = 5135.00, Rho = 1.000
(iter 10) [0.0, 0.2106, -0.4944] = 426.6547, sampling [1.0, 0.4397, -0.4634]. Recommendation = [0.0, 0.0851, -0.0342], Current Cost = 5136.00, Rho = 1.000
(iter 10) [0.0, 0.2106, -0.4944] = 426.6547, sampling [1.0, 1.2923, 1.2594]. Recommendation = [0.0, 0.0851, -0.0342], Current Cost = 5137.00, Rho = 1.000
(iter 10) [0.0, 0.2106, -0.4944] = 426.6547, sampling [1.0, 0.2049, -0.7828]. Recommendation = [0.0, 0.0851, -0.0342], Current Cost = 5138.00, Rho = 1.000
(iter 10) [0.0, 0.2106, -0.4944] = 426.6547, sampling [1.0, 0.7069, -0.6107]. Recommendation = [0.0, 0.0851, -0.0342], Current Cost = 5139.00, Rho = 1.000
(iter 10) [0.0, 0.2106, -0.4944] = 426.6547, sampling [1.0, 0.4090, 1.0909]. Recommendation = [0.0, 0.0851, -0.0342], Current Cost = 5140.00, Rho = 1.000
(iter 10) [0.0, 0.2106, -0.4944] = 426.6547, sampling [1.0, -0.2477, 0.2588]. Recommendation = [0.0, 0.0851, -0.0342], Current Cost = 5141.00, Rho = 1.000
(iter 10) [0.0, 0.2106, -0.4944] = 426.6547, sampling [1.0, 0.1336, 0.6928]. Recommendation = [0.0, 0.0851, -0.0342], Current Cost = 5142.00, Rho = 1.000
(iter 10) [0.0, 0.2106, -0.4944] = 426.6547, sampling [1.0, -0.8591, 0.1586]. Recommendation = [0.0, 0.0851, -0.0342], Current Cost = 5143.00, Rho = 1.000
(iter 10) [0.0, 0.2106, -0.4944] = 426.6547, sampling [1.0, -0.4541, -0.4709]. Recommendation = [0.0, 0.0851, -0.0342], Current Cost = 5144.00, Rho = 1.000
(iter 10) [0.0, 0.2106, -0.4944] = 426.6547, sampling [1.0, -0.7252, 1.3673]. Recommendation = [0.0, 0.0851, -0.0342], Current Cost = 5145.00, Rho = 1.000
(iter 10) [0.0, 0.2106, -0.4944] = 426.6547, sampling [1.0, 1.1388, 0.6589]. Recommendation = [0.0, 0.0851, -0.0342], Current Cost = 5146.00, Rho = 1.000
(iter 10) [0.0, 0.2106, -0.4944] = 426.6547, sampling [1.0, 1.0518, 0.1071]. Recommendation = [0.0, 0.0851, -0.0342], Current Cost = 5147.00, Rho = 1.000
(iter 10) [0.0, 0.2106, -0.4944] = 426.6547, sampling [1.0, 0.0533, -0.6999]. Recommendation = [0.0, 0.0851, -0.0342], Current Cost = 5148.00, Rho = 1.000
(iter 10) [0.0, 0.2106, -0.4944] = 426.6547, sampling [1.0, -0.9884, 1.8063]. Recommendation = [0.0, 0.0851, -0.0342], Current Cost = 5149.00, Rho = 1.000
(iter 10) [0.0, 0.2106, -0.4944] = 426.6547, sampling [1.0, -0.2062, -0.6366]. Recommendation = [0.0, 0.0851, -0.0342], Current Cost = 5150.00, Rho = 1.000
(iter 10) [0.0, 0.2106, -0.4944] = 426.6547, sampling [1.0, -0.3953, 0.8434]. Recommendation = [0.0, 0.0851, -0.0342], Current Cost = 5151.00, Rho = 1.000
(iter 10) [0.0, 0.2106, -0.4944] = 426.6547, sampling [1.0, -1.8762, 1.9990]. Recommendation = [0.0, 0.0851, -0.0342], Current Cost = 5152.00, Rho = 1.000
(iter 10) [0.0, 0.2106, -0.4944] = 426.6547, sampling [1.0, 1.3175, 1.1245]. Recommendation = [0.0, 0.0851, -0.0342], Current Cost = 5153.00, Rho = 1.000
(iter 10) [0.0, 0.2106, -0.4944] = 426.6547, sampling [1.0, 1.2461, 0.8248]. Recommendation = [0.0, 0.0851, -0.0342], Current Cost = 5154.00, Rho = 1.000
(iter 10) [0.0, 0.2106, -0.4944] = 426.6547, sampling [1.0, -0.8988, 1.5547]. Recommendation = [0.0, 0.0851, -0.0342], Current Cost = 5155.00, Rho = 1.000
(iter 10) [0.0, 0.2106, -0.4944] = 426.6547, sampling [1.0, 1.4868, 1.4334]. Recommendation = [0.0, 0.0851, -0.0342], Current Cost = 5156.00, Rho = 1.000
(iter 10) [0.0, 0.2106, -0.4944] = 426.6547, sampling [1.0, -1.0341, 0.2875]. Recommendation = [0.0, 0.0851, -0.0342], Current Cost = 5157.00, Rho = 1.000
(iter 10) [0.0, 0.2106, -0.4944] = 426.6547, sampling [1.0, -0.7328, -0.5052]. Recommendation = [0.0, 0.0851, -0.0342], Current Cost = 5158.00, Rho = 1.000
(iter 10) [0.0, 0.2106, -0.4944] = 426.6547, sampling [1.0, 0.9361, -0.2279]. Recommendation = [0.0, 0.0851, -0.0342], Current Cost = 5159.00, Rho = 1.000
(iter 10) [0.0, 0.2106, -0.4944] = 426.6547, sampling [1.0, 1.6157, 1.6849]. Recommendation = [0.0, 0.0851, -0.0342], Current Cost = 5160.00, Rho = 1.000
(iter 10) [0.0, 0.2106, -0.4944] = 426.6547, sampling [1.0, -0.9271, 0.2718]. Recommendation = [0.0, 0.0851, -0.0342], Current Cost = 5161.00, Rho = 1.000
(iter 10) [0.0, 0.2106, -0.4944] = 426.6547, sampling [1.0, -1.4680, 1.0573]. Recommendation = [0.0, 0.0851, -0.0342], Current Cost = 5162.00, Rho = 1.000
(iter 10) [0.0, 0.2106, -0.4944] = 426.6547, sampling [1.0, -0.5420, -0.3363]. Recommendation = [0.0, 0.0851, -0.0342], Current Cost = 5163.00, Rho = 1.000
(iter 10) [0.0, 0.2106, -0.4944] = 426.6547, sampling [1.0, 0.9148, 0.1893]. Recommendation = [0.0, 0.0851, -0.0342], Current Cost = 5164.00, Rho = 1.000
(iter 10) [0.0, 0.2106, -0.4944] = 426.6547, sampling [1.0, 0.5352, -0.7048]. Recommendation = [0.0, 0.0851, -0.0342], Current Cost = 5165.00, Rho = 1.000
(iter 10) [0.0, 0.2106, -0.4944] = 426.6547, sampling [1.0, 1.6966, 1.9413]. Recommendation = [0.0, 0.0851, -0.0342], Current Cost = 5166.00, Rho = 1.000
(iter 10) [0.0, 0.2106, -0.4944] = 426.6547, sampling [1.0, -1.1250, 0.4621]. Recommendation = [0.0, 0.0851, -0.0342], Current Cost = 5167.00, Rho = 1.000
(iter 10) [0.0, 0.2106, -0.4944] = 426.6547, sampling [1.0, -0.4179, 1.2856]. Recommendation = [0.0, 0.0851, -0.0342], Current Cost = 5168.00, Rho = 1.000
(iter 10) [0.0, 0.2106, -0.4944] = 426.6547, sampling [1.0, 0.7396, -0.4144]. Recommendation = [0.0, 0.0851, -0.0342], Current Cost = 5169.00, Rho = 1.000
(iter 10) [0.0, 0.2106, -0.4944] = 426.6547, sampling [1.0, -1.0729, 0.0703]. Recommendation = [0.0, 0.0851, -0.0342], Current Cost = 5170.00, Rho = 1.000
(iter 10) [0.0, 0.2106, -0.4944] = 426.6547, sampling [1.0, -0.4885, -0.7914]. Recommendation = [0.0, 0.0851, -0.0342], Current Cost = 5171.00, Rho = 1.000
(iter 10) [0.0, 0.2106, -0.4944] = 426.6547, sampling [1.0, 0.3001, -0.9372]. Recommendation = [0.0, 0.0851, -0.0342], Current Cost = 5172.00, Rho = 1.000
(iter 10) [0.0, 0.2106, -0.4944] = 426.6547, sampling [1.0, -0.0141, -0.7340]. Recommendation = [0.0, 0.0851, -0.0342], Current Cost = 5173.00, Rho = 1.000
(iter 10) [0.0, 0.2106, -0.4944] = 426.6547, sampling [1.0, -1.2462, 0.7206]. Recommendation = [0.0, 0.0851, -0.0342], Current Cost = 5174.00, Rho = 1.000
(iter 10) [0.0, 0.2106, -0.4944] = 426.6547, sampling [1.0, 0.6819, 1.5109]. Recommendation = [0.0, 0.0851, -0.0342], Current Cost = 5175.00, Rho = 1.000
(iter 10) [0.0, 0.2106, -0.4944] = 426.6547, sampling [1.0, -0.8183, 0.1382]. Recommendation = [0.0, 0.0851, -0.0342], Current Cost = 5176.00, Rho = 1.000
(iter 10) [0.0, 0.2106, -0.4944] = 426.6547, sampling [1.0, -1.5060, 1.5166]. Recommendation = [0.0, 0.0851, -0.0342], Current Cost = 5177.00, Rho = 1.000
(iter 10) [0.0, 0.2106, -0.4944] = 426.6547, sampling [1.0, -0.3074, 0.9039]. Recommendation = [0.0, 0.0851, -0.0342], Current Cost = 5178.00, Rho = 1.000
(iter 10) [0.0, 0.2106, -0.4944] = 426.6547, sampling [1.0, 0.6161, -0.4746]. Recommendation = [0.0, 0.0851, -0.0342], Current Cost = 5179.00, Rho = 1.000
(iter 10) [0.0, 0.2106, -0.4944] = 426.6547, sampling [1.0, -1.5191, 1.6229]. Recommendation = [0.0, 0.0851, -0.0342], Current Cost = 5180.00, Rho = 1.000
(iter 10) [0.0, 0.2106, -0.4944] = 426.6547, sampling [1.0, 0.3281, 1.2749]. Recommendation = [0.0, 0.0851, -0.0342], Current Cost = 5181.00, Rho = 1.000
(iter 10) [0.0, 0.2106, -0.4944] = 426.6547, sampling [1.0, 1.2370, 0.3656]. Recommendation = [0.0, 0.0851, -0.0342], Current Cost = 5182.00, Rho = 1.000
(iter 10) [0.0, 0.2106, -0.4944] = 426.6547, sampling [1.0, 1.2781, 0.8794]. Recommendation = [0.0, 0.0851, -0.0342], Current Cost = 5183.00, Rho = 1.000
(iter 10) [0.0, 0.2106, -0.4944] = 426.6547, sampling [1.0, 1.5858, 1.5340]. Recommendation = [0.0, 0.0851, -0.0342], Current Cost = 5184.00, Rho = 1.000
(iter 10) [0.0, 0.2106, -0.4944] = 426.6547, sampling [1.0, -0.6217, 1.2182]. Recommendation = [0.0, 0.0851, -0.0342], Current Cost = 5185.00, Rho = 1.000
(iter 10) [0.0, 0.2106, -0.4944] = 426.6547, sampling [1.0, -0.6570, -0.4446]. Recommendation = [0.0, 0.0851, -0.0342], Current Cost = 5186.00, Rho = 1.000
(iter 10) [0.0, 0.2106, -0.4944] = 426.6547, sampling [1.0, 0.1413, -1.1464]. Recommendation = [0.0, 0.0851, -0.0342], Current Cost = 5187.00, Rho = 1.000
(iter 10) [0.0, 0.2106, -0.4944] = 426.6547, sampling [1.0, 0.6584, -1.1622]. Recommendation = [0.0, 0.0851, -0.0342], Current Cost = 5188.00, Rho = 1.000
(iter 10) [0.0, 0.2106, -0.4944] = 426.6547, sampling [1.0, -0.3483, -1.0143]. Recommendation = [0.0, 0.0851, -0.0342], Current Cost = 5189.00, Rho = 1.000
(iter 10) [0.0, 0.2106, -0.4944] = 426.6547, sampling [1.0, -0.2970, 1.1523]. Recommendation = [0.0, 0.0851, -0.0342], Current Cost = 5190.00, Rho = 1.000
(iter 10) [0.0, 0.2106, -0.4944] = 426.6547, sampling [1.0, 0.5874, 1.3381]. Recommendation = [0.0, 0.0851, -0.0342], Current Cost = 5191.00, Rho = 1.000
(iter 10) [0.0, 0.2106, -0.4944] = 426.6547, sampling [1.0, -0.8280, 1.7743]. Recommendation = [0.0, 0.0851, -0.0342], Current Cost = 5192.00, Rho = 1.000
(iter 10) [0.0, 0.2106, -0.4944] = 426.6547, sampling [1.0, -0.7465, 1.4636]. Recommendation = [0.0, 0.0851, -0.0342], Current Cost = 5193.00, Rho = 1.000
(iter 10) [0.0, 0.2106, -0.4944] = 426.6547, sampling [1.0, -0.0562, 1.2290]. Recommendation = [0.0, 0.0851, -0.0342], Current Cost = 5194.00, Rho = 1.000
(iter 10) [0.0, 0.2106, -0.4944] = 426.6547, sampling [1.0, -1.4081, 0.7550]. Recommendation = [0.0, 0.0851, -0.0342], Current Cost = 5195.00, Rho = 1.000
(iter 10) [0.0, 0.2106, -0.4944] = 426.6547, sampling [1.0, -1.2055, -0.3659]. Recommendation = [0.0, 0.0851, -0.0342], Current Cost = 5196.00, Rho = 1.000
(iter 10) [0.0, 0.2106, -0.4944] = 426.6547, sampling [1.0, -0.0381, 0.8655]. Recommendation = [0.0, 0.0851, -0.0342], Current Cost = 5197.00, Rho = 1.000
(iter 10) [0.0, 0.2106, -0.4944] = 426.6547, sampling [1.0, 0.9916, -0.5739]. Recommendation = [0.0, 0.0851, -0.0342], Current Cost = 5198.00, Rho = 1.000
(iter 10) [0.0, 0.2106, -0.4944] = 426.6547, sampling [1.0, 1.4584, 1.1477]. Recommendation = [0.0, 0.0851, -0.0342], Current Cost = 5199.00, Rho = 1.000
(iter 10) [0.0, 0.2106, -0.4944] = 426.6547, sampling [1.0, 0.6461, 1.7314]. Recommendation = [0.0, 0.0851, -0.0342], Current Cost = 5200.00, Rho = 1.000
(iter 10) [0.0, 0.2106, -0.4944] = 426.6547, sampling [1.0, 0.4820, -0.9230]. Recommendation = [0.0, 0.0851, -0.0342], Current Cost = 5201.00, Rho = 1.000
(iter 10) [0.0, 0.2106, -0.4944] = 426.6547, sampling [1.0, 1.8424, 1.9575]. Recommendation = [0.0, 0.0851, -0.0342], Current Cost = 5202.00, Rho = 1.000
(iter 10) [0.0, 0.2106, -0.4944] = 426.6547, sampling [1.0, 0.9587, 1.6564]. Recommendation = [0.0, 0.0851, -0.0342], Current Cost = 5203.00, Rho = 1.000
(iter 10) [0.0, 0.2106, -0.4944] = 426.6547, sampling [1.0, 0.2408, -0.8263]. Recommendation = [0.0, 0.0851, -0.0342], Current Cost = 5204.00, Rho = 1.000
(iter 10) [0.0, 0.2106, -0.4944] = 426.6547, sampling [1.0, -0.5218, 1.5467]. Recommendation = [0.0, 0.0851, -0.0342], Current Cost = 5205.00, Rho = 1.000
(iter 10) [0.0, 0.2106, -0.4944] = 426.6547, sampling [1.0, -0.4687, 1.1889]. Recommendation = [0.0, 0.0851, -0.0342], Current Cost = 5206.00, Rho = 1.000
(iter 10) [0.0, 0.2106, -0.4944] = 426.6547, sampling [1.0, 1.1487, -0.0479]. Recommendation = [0.0, 0.0851, -0.0342], Current Cost = 5207.00, Rho = 1.000
(iter 10) [0.0, 0.2106, -0.4944] = 426.6547, sampling [1.0, -0.5815, 1.9300]. Recommendation = [0.0, 0.0851, -0.0342], Current Cost = 5208.00, Rho = 1.000
(iter 10) [0.0, 0.2106, -0.4944] = 426.6547, sampling [1.0, -1.2901, 0.5883]. Recommendation = [0.0, 0.0851, -0.0342], Current Cost = 5209.00, Rho = 1.000
(iter 10) [0.0, 0.2106, -0.4944] = 426.6547, sampling [1.0, -0.6957, -0.8093]. Recommendation = [0.0, 0.0851, -0.0342], Current Cost = 5210.00, Rho = 1.000
(iter 10) [0.0, 0.2106, -0.4944] = 426.6547, sampling [1.0, -0.7400, 1.3303]. Recommendation = [0.0, 0.0851, -0.0342], Current Cost = 5211.00, Rho = 1.000
(iter 10) [0.0, 0.2106, -0.4944] = 426.6547, sampling [1.0, -0.0409, 1.0766]. Recommendation = [0.0, 0.0851, -0.0342], Current Cost = 5212.00, Rho = 1.000
(iter 10) [0.0, 0.2106, -0.4944] = 426.6547, sampling [1.0, 0.3394, 1.1412]. Recommendation = [0.0, 0.0851, -0.0342], Current Cost = 5213.00, Rho = 1.000
(iter 10) [0.0, 0.2106, -0.4944] = 426.6547, sampling [1.0, -1.8952, 1.0467]. Recommendation = [0.0, 0.0851, -0.0342], Current Cost = 5214.00, Rho = 1.000
(iter 10) [0.0, 0.2106, -0.4944] = 426.6547, sampling [1.0, 0.8558, -0.3530]. Recommendation = [0.0, 0.0851, -0.0342], Current Cost = 5215.00, Rho = 1.000
(iter 10) [0.0, 0.2106, -0.4944] = 426.6547, sampling [1.0, -0.5581, 1.2521]. Recommendation = [0.0, 0.0851, -0.0342], Current Cost = 5216.00, Rho = 1.000
(iter 10) [0.0, 0.2106, -0.4944] = 426.6547, sampling [1.0, 0.0291, -0.7161]. Recommendation = [0.0, 0.0851, -0.0342], Current Cost = 5217.00, Rho = 1.000
(iter 10) [0.0, 0.2106, -0.4944] = 426.6547, sampling [1.0, -0.0767, -1.3500]. Recommendation = [0.0, 0.0851, -0.0342], Current Cost = 5218.00, Rho = 1.000
(iter 10) [0.0, 0.2106, -0.4944] = 426.6547, sampling [1.0, -1.5936, 1.5661]. Recommendation = [0.0, 0.0851, -0.0342], Current Cost = 5219.00, Rho = 1.000
(iter 10) [0.0, 0.2106, -0.4944] = 426.6547, sampling [1.0, 1.6800, 1.8986]. Recommendation = [0.0, 0.0851, -0.0342], Current Cost = 5220.00, Rho = 1.000
(iter 10) [0.0, 0.2106, -0.4944] = 426.6547, sampling [1.0, 1.6192, 1.3754]. Recommendation = [0.0, 0.0851, -0.0342], Current Cost = 5221.00, Rho = 1.000
(iter 10) [0.0, 0.2106, -0.4944] = 426.6547, sampling [1.0, -0.4570, -0.8754]. Recommendation = [0.0, 0.0851, -0.0342], Current Cost = 5222.00, Rho = 1.000
(iter 10) [0.0, 0.2106, -0.4944] = 426.6547, sampling [1.0, 0.6916, -0.7452]. Recommendation = [0.0, 0.0851, -0.0342], Current Cost = 5223.00, Rho = 1.000
(iter 10) [0.0, 0.2106, -0.4944] = 426.6547, sampling [1.0, 0.2911, -1.5193]. Recommendation = [0.0, 0.0851, -0.0342], Current Cost = 5224.00, Rho = 1.000
(iter 10) [0.0, 0.2106, -0.4944] = 426.6547, sampling [1.0, 1.4484, 1.0048]. Recommendation = [0.0, 0.0851, -0.0342], Current Cost = 5225.00, Rho = 1.000
(iter 10) [0.0, 0.2106, -0.4944] = 426.6547, sampling [1.0, 0.9314, 1.6527]. Recommendation = [0.0, 0.0851, -0.0342], Current Cost = 5226.00, Rho = 1.000
(iter 10) [0.0, 0.2106, -0.4944] = 426.6547, sampling [1.0, 0.2633, -1.1867]. Recommendation = [0.0, 0.0851, -0.0342], Current Cost = 5227.00, Rho = 1.000
(iter 10) [0.0, 0.2106, -0.4944] = 426.6547, sampling [1.0, 0.3811, 1.7027]. Recommendation = [0.0, 0.0851, -0.0342], Current Cost = 5228.00, Rho = 1.000
(iter 10) [0.0, 0.2106, -0.4944] = 426.6547, sampling [1.0, 1.3666, -1.5716]. Recommendation = [0.0, 0.0851, -0.0342], Current Cost = 5229.00, Rho = 1.000
(iter 10) [0.0, 0.2106, -0.4944] = 426.6547, sampling [1.0, 0.7800, -0.5187]. Recommendation = [0.0, 0.0851, -0.0342], Current Cost = 5230.00, Rho = 1.000
(iter 10) [0.0, 0.2106, -0.4944] = 426.6547, sampling [1.0, -1.8274, 1.7908]. Recommendation = [0.0, 0.0851, -0.0342], Current Cost = 5231.00, Rho = 1.000
(iter 10) [0.0, 0.2106, -0.4944] = 426.6547, sampling [1.0, 1.3706, 0.5490]. Recommendation = [0.0, 0.0851, -0.0342], Current Cost = 5232.00, Rho = 1.000
(iter 10) [0.0, 0.2106, -0.4944] = 426.6547, sampling [1.0, 0.1793, -1.0813]. Recommendation = [0.0, 0.0851, -0.0342], Current Cost = 5233.00, Rho = 1.000
(iter 10) [0.0, 0.2106, -0.4944] = 426.6547, sampling [1.0, -0.5738, -1.1562]. Recommendation = [0.0, 0.0851, -0.0342], Current Cost = 5234.00, Rho = 1.000
(iter 10) [0.0, 0.2106, -0.4944] = 426.6547, sampling [1.0, -0.2363, 1.5903]. Recommendation = [0.0, 0.0851, -0.0342], Current Cost = 5235.00, Rho = 1.000
(iter 10) [0.0, 0.2106, -0.4944] = 426.6547, sampling [1.0, -0.4967, 1.3083]. Recommendation = [0.0, 0.0851, -0.0342], Current Cost = 5236.00, Rho = 1.000
(iter 10) [0.0, 0.2106, -0.4944] = 426.6547, sampling [1.0, -1.2177, 0.1245]. Recommendation = [0.0, 0.0851, -0.0342], Current Cost = 5237.00, Rho = 1.000
(iter 10) [0.0, 0.2106, -0.4944] = 426.6547, sampling [1.0, 1.2851, 0.1706]. Recommendation = [0.0, 0.0851, -0.0342], Current Cost = 5238.00, Rho = 1.000
(iter 10) [0.0, 0.2106, -0.4944] = 426.6547, sampling [1.0, -0.3387, -1.3240]. Recommendation = [0.0, 0.0851, -0.0342], Current Cost = 5239.00, Rho = 1.000
(iter 10) [0.0, 0.2106, -0.4944] = 426.6547, sampling [1.0, -0.9760, -0.7600]. Recommendation = [0.0, 0.0851, -0.0342], Current Cost = 5240.00, Rho = 1.000
(iter 10) [0.0, 0.2106, -0.4944] = 426.6547, sampling [1.0, 0.6038, 1.9848]. Recommendation = [0.0, 0.0851, -0.0342], Current Cost = 5241.00, Rho = 1.000
(iter 10) [0.0, 0.2106, -0.4944] = 426.6547, sampling [1.0, 0.5948, 1.3820]. Recommendation = [0.0, 0.0851, -0.0342], Current Cost = 5242.00, Rho = 1.000
(iter 10) [0.0, 0.2106, -0.4944] = 426.6547, sampling [1.0, -0.5442, -0.8607]. Recommendation = [0.0, 0.0851, -0.0342], Current Cost = 5243.00, Rho = 1.000
(iter 10) [0.0, 0.2106, -0.4944] = 426.6547, sampling [1.0, 0.0226, 1.5797]. Recommendation = [0.0, 0.0851, -0.0342], Current Cost = 5244.00, Rho = 1.000
(iter 10) [0.0, 0.2106, -0.4944] = 426.6547, sampling [1.0, -1.1158, -0.0078]. Recommendation = [0.0, 0.0851, -0.0342], Current Cost = 5245.00, Rho = 1.000
(iter 10) [0.0, 0.2106, -0.4944] = 426.6547, sampling [1.0, 0.6999, -0.8925]. Recommendation = [0.0, 0.0851, -0.0342], Current Cost = 5246.00, Rho = 1.000
(iter 10) [0.0, 0.2106, -0.4944] = 426.6547, sampling [1.0, 0.3758, 1.5363]. Recommendation = [0.0, 0.0851, -0.0342], Current Cost = 5247.00, Rho = 1.000
(iter 10) [0.0, 0.2106, -0.4944] = 426.6547, sampling [1.0, 0.5625, 1.5224]. Recommendation = [0.0, 0.0851, -0.0342], Current Cost = 5248.00, Rho = 1.000
(iter 10) [0.0, 0.2106, -0.4944] = 426.6547, sampling [1.0, -1.3547, 0.6417]. Recommendation = [0.0, 0.0851, -0.0342], Current Cost = 5249.00, Rho = 1.000
(iter 10) [0.0, 0.2106, -0.4944] = 426.6547, sampling [1.0, 1.8672, 1.4542]. Recommendation = [0.0, 0.0851, -0.0342], Current Cost = 5250.00, Rho = 1.000
(iter 10) [0.0, 0.2106, -0.4944] = 426.6547, sampling [1.0, 0.1557, -1.4239]. Recommendation = [0.0, 0.0851, -0.0342], Current Cost = 5251.00, Rho = 1.000
(iter 10) [0.0, 0.2106, -0.4944] = 426.6547, sampling [1.0, 1.2119, -0.3216]. Recommendation = [0.0, 0.0851, -0.0342], Current Cost = 5252.00, Rho = 1.000
(iter 10) [0.0, 0.2106, -0.4944] = 426.6547, sampling [1.0, -0.6701, -0.9729]. Recommendation = [0.0, 0.0851, -0.0342], Current Cost = 5253.00, Rho = 1.000
(iter 10) [0.0, 0.2106, -0.4944] = 426.6547, sampling [1.0, -0.4738, 1.7162]. Recommendation = [0.0, 0.0851, -0.0342], Current Cost = 5254.00, Rho = 1.000
(iter 10) [0.0, 0.2106, -0.4944] = 426.6547, sampling [1.0, 1.6058, 1.1819]. Recommendation = [0.0, 0.0851, -0.0342], Current Cost = 5255.00, Rho = 1.000
(iter 10) [0.0, 0.2106, -0.4944] = 426.6547, sampling [1.0, 0.7636, -0.6892]. Recommendation = [0.0, 0.0851, -0.0342], Current Cost = 5256.00, Rho = 1.000
(iter 10) [0.0, 0.2106, -0.4944] = 426.6547, sampling [1.0, -1.9883, -0.4045]. Recommendation = [0.0, 0.0851, -0.0342], Current Cost = 5257.00, Rho = 1.000
(iter 10) [0.0, 0.2106, -0.4944] = 426.6547, sampling [1.0, 0.0036, -1.6152]. Recommendation = [0.0, 0.0851, -0.0342], Current Cost = 5258.00, Rho = 1.000
(iter 10) [0.0, 0.2106, -0.4944] = 426.6547, sampling [1.0, -1.5824, 1.1340]. Recommendation = [0.0, 0.0851, -0.0342], Current Cost = 5259.00, Rho = 1.000
(iter 10) [0.0, 0.2106, -0.4944] = 426.6547, sampling [1.0, 0.4888, -1.3287]. Recommendation = [0.0, 0.0851, -0.0342], Current Cost = 5260.00, Rho = 1.000
(iter 10) [0.0, 0.2106, -0.4944] = 426.6547, sampling [1.0, 0.6720, 1.8379]. Recommendation = [0.0, 0.0851, -0.0342], Current Cost = 5261.00, Rho = 1.000
(iter 10) [0.0, 0.2106, -0.4944] = 426.6547, sampling [1.0, 1.1206, -0.1521]. Recommendation = [0.0, 0.0851, -0.0342], Current Cost = 5262.00, Rho = 1.000
(iter 10) [0.0, 0.2106, -0.4944] = 426.6547, sampling [1.0, 0.3209, 1.8715]. Recommendation = [0.0, 0.0851, -0.0342], Current Cost = 5263.00, Rho = 1.000
(iter 10) [0.0, 0.2106, -0.4944] = 426.6547, sampling [1.0, -0.2763, -1.4274]. Recommendation = [0.0, 0.0851, -0.0342], Current Cost = 5264.00, Rho = 1.000
(iter 10) [0.0, 0.2106, -0.4944] = 426.6547, sampling [1.0, 0.8607, -0.8466]. Recommendation = [0.0, 0.0851, -0.0342], Current Cost = 5265.00, Rho = 1.000
(iter 10) [0.0, 0.2106, -0.4944] = 426.6547, sampling [1.0, 1.8529, 1.8756]. Recommendation = [0.0, 0.0851, -0.0342], Current Cost = 5266.00, Rho = 1.000
(iter 10) [0.0, 0.2106, -0.4944] = 426.6547, sampling [1.0, 0.0328, -1.9128]. Recommendation = [0.0, 0.0851, -0.0342], Current Cost = 5267.00, Rho = 1.000
(iter 10) [0.0, 0.2106, -0.4944] = 426.6547, sampling [1.0, 1.0712, 0.0959]. Recommendation = [0.0, 0.0851, -0.0342], Current Cost = 5268.00, Rho = 1.000
(iter 10) [0.0, 0.2106, -0.4944] = 426.6547, sampling [1.0, 0.2325, -1.2272]. Recommendation = [0.0, 0.0851, -0.0342], Current Cost = 5269.00, Rho = 1.000
(iter 10) [0.0, 0.2106, -0.4944] = 426.6547, sampling [1.0, 1.4797, 0.6236]. Recommendation = [0.0, 0.0851, -0.0342], Current Cost = 5270.00, Rho = 1.000
(iter 10) [0.0, 0.2106, -0.4944] = 426.6547, sampling [1.0, -0.3915, 1.9195]. Recommendation = [0.0, 0.0851, -0.0342], Current Cost = 5271.00, Rho = 1.000
(iter 10) [0.0, 0.2106, -0.4944] = 426.6547, sampling [1.0, -0.3708, -1.6322]. Recommendation = [0.0, 0.0851, -0.0342], Current Cost = 5272.00, Rho = 1.000
(iter 10) [0.0, 0.2106, -0.4944] = 426.6547, sampling [1.0, -1.5259, 1.0299]. Recommendation = [0.0, 0.0851, -0.0342], Current Cost = 5273.00, Rho = 1.000
(iter 10) [0.0, 0.2106, -0.4944] = 426.6547, sampling [1.0, 1.5659, 0.9751]. Recommendation = [0.0, 0.0851, -0.0342], Current Cost = 5274.00, Rho = 1.000
(iter 10) [0.0, 0.2106, -0.4944] = 426.6547, sampling [1.0, 1.5025, 0.1295]. Recommendation = [0.0, 0.0851, -0.0342], Current Cost = 5275.00, Rho = 1.000
(iter 10) [0.0, 0.2106, -0.4944] = 426.6547, sampling [1.0, 0.8056, -0.5021]. Recommendation = [0.0, 0.0851, -0.0342], Current Cost = 5276.00, Rho = 1.000
(iter 10) [0.0, 0.2106, -0.4944] = 426.6547, sampling [1.0, -0.8472, -0.8041]. Recommendation = [0.0, 0.0851, -0.0342], Current Cost = 5277.00, Rho = 1.000
(iter 10) [0.0, 0.2106, -0.4944] = 426.6547, sampling [1.0, -1.8138, 1.9518]. Recommendation = [0.0, 0.0851, -0.0342], Current Cost = 5278.00, Rho = 1.000
(iter 10) [0.0, 0.2106, -0.4944] = 426.6547, sampling [1.0, -0.4800, -0.8161]. Recommendation = [0.0, 0.0851, -0.0342], Current Cost = 5279.00, Rho = 1.000
(iter 10) [0.0, 0.2106, -0.4944] = 426.6547, sampling [1.0, -1.4631, 0.6720]. Recommendation = [0.0, 0.0851, -0.0342], Current Cost = 5280.00, Rho = 1.000
(iter 10) [0.0, 0.2106, -0.4944] = 426.6547, sampling [1.0, 0.2306, 1.6939]. Recommendation = [0.0, 0.0851, -0.0342], Current Cost = 5281.00, Rho = 1.000
(iter 10) [0.0, 0.2106, -0.4944] = 426.6547, sampling [1.0, -0.7601, -1.1086]. Recommendation = [0.0, 0.0851, -0.0342], Current Cost = 5282.00, Rho = 1.000
(iter 10) [0.0, 0.2106, -0.4944] = 426.6547, sampling [1.0, 0.5555, 1.8414]. Recommendation = [0.0, 0.0851, -0.0342], Current Cost = 5283.00, Rho = 1.000
(iter 10) [0.0, 0.2106, -0.4944] = 426.6547, sampling [1.0, 0.3041, -1.7633]. Recommendation = [0.0, 0.0851, -0.0342], Current Cost = 5284.00, Rho = 1.000
(iter 10) [0.0, 0.2106, -0.4944] = 426.6547, sampling [1.0, -0.6727, -0.8987]. Recommendation = [0.0, 0.0851, -0.0342], Current Cost = 5285.00, Rho = 1.000
(iter 10) [0.0, 0.2106, -0.4944] = 426.6547, sampling [1.0, 1.4196, 0.4766]. Recommendation = [0.0, 0.0851, -0.0342], Current Cost = 5286.00, Rho = 1.000
(iter 10) [0.0, 0.2106, -0.4944] = 426.6547, sampling [1.0, -0.7117, -1.4060]. Recommendation = [0.0, 0.0851, -0.0342], Current Cost = 5287.00, Rho = 1.000
(iter 10) [0.0, 0.2106, -0.4944] = 426.6547, sampling [1.0, -0.1515, -1.7953]. Recommendation = [0.0, 0.0851, -0.0342], Current Cost = 5288.00, Rho = 1.000
(iter 10) [0.0, 0.2106, -0.4944] = 426.6547, sampling [1.0, 0.5242, -1.5053]. Recommendation = [0.0, 0.0851, -0.0342], Current Cost = 5289.00, Rho = 1.000
(iter 10) [0.0, 0.2106, -0.4944] = 426.6547, sampling [1.0, 1.3974, 0.5977]. Recommendation = [0.0, 0.0851, -0.0342], Current Cost = 5290.00, Rho = 1.000
(iter 10) [0.0, 0.2106, -0.4944] = 426.6547, sampling [1.0, -0.3810, 1.7243]. Recommendation = [0.0, 0.0851, -0.0342], Current Cost = 5291.00, Rho = 1.000
(iter 10) [0.0, 0.2106, -0.4944] = 426.6547, sampling [1.0, 1.2609, -0.6505]. Recommendation = [0.0, 0.0851, -0.0342], Current Cost = 5292.00, Rho = 1.000
(iter 10) [0.0, 0.2106, -0.4944] = 426.6547, sampling [1.0, -0.0665, 1.6421]. Recommendation = [0.0, 0.0851, -0.0342], Current Cost = 5293.00, Rho = 1.000
(iter 10) [0.0, 0.2106, -0.4944] = 426.6547, sampling [1.0, -1.1546, 0.0107]. Recommendation = [0.0, 0.0851, -0.0342], Current Cost = 5294.00, Rho = 1.000
(iter 10) [0.0, 0.2106, -0.4944] = 426.6547, sampling [1.0, 0.1088, -1.6887]. Recommendation = [0.0, 0.0851, -0.0342], Current Cost = 5295.00, Rho = 1.000
(iter 10) [0.0, 0.2106, -0.4944] = 426.6547, sampling [1.0, -1.8668, 1.3528]. Recommendation = [0.0, 0.0851, -0.0342], Current Cost = 5296.00, Rho = 1.000
(iter 10) [0.0, 0.2106, -0.4944] = 426.6547, sampling [1.0, -1.0054, -0.6670]. Recommendation = [0.0, 0.0851, -0.0342], Current Cost = 5297.00, Rho = 1.000
(iter 10) [0.0, 0.2106, -0.4944] = 426.6547, sampling [1.0, -0.6337, -1.1019]. Recommendation = [0.0, 0.0851, -0.0342], Current Cost = 5298.00, Rho = 1.000
(iter 10) [0.0, 0.2106, -0.4944] = 426.6547, sampling [1.0, -1.5413, 0.5574]. Recommendation = [0.0, 0.0851, -0.0342], Current Cost = 5299.00, Rho = 1.000
(iter 10) [0.0, 0.2106, -0.4944] = 426.6547, sampling [1.0, -1.6288, 0.9761]. Recommendation = [0.0, 0.0851, -0.0342], Current Cost = 5300.00, Rho = 1.000
(iter 10) [0.0, 0.2106, -0.4944] = 426.6547, sampling [1.0, 0.9231, -0.9941]. Recommendation = [0.0, 0.0851, -0.0342], Current Cost = 5301.00, Rho = 1.000
(iter 10) [0.0, 0.2106, -0.4944] = 426.6547, sampling [1.0, 0.6106, -1.3051]. Recommendation = [0.0, 0.0851, -0.0342], Current Cost = 5302.00, Rho = 1.000
(iter 10) [0.0, 0.2106, -0.4944] = 426.6547, sampling [1.0, 1.3913, -0.2025]. Recommendation = [0.0, 0.0851, -0.0342], Current Cost = 5303.00, Rho = 1.000
(iter 10) [0.0, 0.2106, -0.4944] = 426.6547, sampling [1.0, -0.2863, -1.9483]. Recommendation = [0.0, 0.0851, -0.0342], Current Cost = 5304.00, Rho = 1.000
(iter 10) [0.0, 0.2106, -0.4944] = 426.6547, sampling [1.0, -1.3891, 0.6519]. Recommendation = [0.0, 0.0851, -0.0342], Current Cost = 5305.00, Rho = 1.000
(iter 10) [0.0, 0.2106, -0.4944] = 426.6547, sampling [1.0, 0.4619, 1.8311]. Recommendation = [0.0, 0.0851, -0.0342], Current Cost = 5306.00, Rho = 1.000
(iter 10) [0.0, 0.2106, -0.4944] = 426.6547, sampling [1.0, 0.0406, 1.9078]. Recommendation = [0.0, 0.0851, -0.0342], Current Cost = 5307.00, Rho = 1.000
(iter 10) [0.0, 0.2106, -0.4944] = 426.6547, sampling [1.0, -0.1602, 1.7403]. Recommendation = [0.0, 0.0851, -0.0342], Current Cost = 5308.00, Rho = 1.000
(iter 10) [0.0, 0.2106, -0.4944] = 426.6547, sampling [1.0, -0.7521, -1.0066]. Recommendation = [0.0, 0.0851, -0.0342], Current Cost = 5309.00, Rho = 1.000
(iter 10) [0.0, 0.2106, -0.4944] = 426.6547, sampling [1.0, 0.2662, -1.9620]. Recommendation = [0.0, 0.0851, -0.0342], Current Cost = 5310.00, Rho = 1.000
(iter 10) [0.0, 0.2106, -0.4944] = 426.6547, sampling [1.0, -0.5876, -1.5351]. Recommendation = [0.0, 0.0851, -0.0342], Current Cost = 5311.00, Rho = 1.000
(iter 10) [0.0, 0.2106, -0.4944] = 426.6547, sampling [1.0, 1.7835, 1.2669]. Recommendation = [0.0, 0.0851, -0.0342], Current Cost = 5312.00, Rho = 1.000
(iter 10) [0.0, 0.2106, -0.4944] = 426.6547, sampling [1.0, -0.1093, -1.3535]. Recommendation = [0.0, 0.0851, -0.0342], Current Cost = 5313.00, Rho = 1.000
(iter 10) [0.0, 0.2106, -0.4944] = 426.6547, sampling [1.0, -1.0507, -0.9858]. Recommendation = [0.0, 0.0851, -0.0342], Current Cost = 5314.00, Rho = 1.000
(iter 10) [0.0, 0.2106, -0.4944] = 426.6547, sampling [1.0, 0.7699, -1.1698]. Recommendation = [0.0, 0.0851, -0.0342], Current Cost = 5315.00, Rho = 1.000
(iter 10) [0.0, 0.2106, -0.4944] = 426.6547, sampling [1.0, 0.6667, -1.8401]. Recommendation = [0.0, 0.0851, -0.0342], Current Cost = 5316.00, Rho = 1.000
(iter 10) [0.0, 0.2106, -0.4944] = 426.6547, sampling [1.0, -1.3435, -0.0641]. Recommendation = [0.0, 0.0851, -0.0342], Current Cost = 5317.00, Rho = 1.000
(iter 10) [0.0, 0.2106, -0.4944] = 426.6547, sampling [0.0, -1.3474, 1.8572]. Recommendation = [0.0, 0.0851, -0.0342], Current Cost = 5318.00, Rho = 1.000
(iter 323) [0.0, -1.3474, 1.8572] = 450.6159, sampling [1.0, 1.9589, -0.4319]. Recommendation = [0.0, 0.0851, -0.0342], Current Cost = 6318.00, Rho = 1.000
(iter 323) [0.0, -1.3474, 1.8572] = 450.6159, sampling [1.0, 1.1875, -0.0501]. Recommendation = [0.0, 0.0851, -0.0342], Current Cost = 6319.00, Rho = 1.000
(iter 323) [0.0, -1.3474, 1.8572] = 450.6159, sampling [0.0, -0.2613, 0.0206]. Recommendation = [0.0, 0.0851, -0.0342], Current Cost = 6320.00, Rho = 1.000
(iter 326) [0.0, -0.2613, 0.0206] = 454.4820, sampling [0.0, 0.8209, 0.5639]. Recommendation = [0.0, 0.0851, -0.0342], Current Cost = 7320.00, Rho = 1.000
(iter 327) [0.0, 0.8209, 0.5639] = 455.0580, sampling [1.0, -0.2544, 1.8230]. Recommendation = [0.0, 0.0851, -0.0342], Current Cost = 8320.00, Rho = 1.000
(iter 327) [0.0, 0.8209, 0.5639] = 455.0580, sampling [0.0, 0.4654, 0.1123]. Recommendation = [0.0, 0.0851, -0.0342], Current Cost = 8321.00, Rho = 1.000
(iter 327) [0.0, 0.8209, 0.5639] = 455.0580, sampling [0.0, -0.7716, 0.7110]. Recommendation = [0.0, 0.0851, -0.0342], Current Cost = 9321.00, Rho = 1.000
(iter 327) [0.0, 0.8209, 0.5639] = 455.0580, sampling [1.0, 0.1755, 1.7815]. Recommendation = [0.0, 0.0851, -0.0342], Current Cost = 10321.00, Rho = 1.000
(iter 327) [0.0, 0.8209, 0.5639] = 455.0580, sampling [0.0, 1.0229, 0.9605]. Recommendation = [0.0, 0.0851, -0.0342], Current Cost = 10322.00, Rho = 1.000
(iter 332) [0.0, 1.0229, 0.9605] = 455.5617, sampling [1.0, 0.3657, -1.5422]. Recommendation = [0.0, 0.8999, 0.7408], Current Cost = 11322.00, Rho = 1.000
(iter 332) [0.0, 1.0229, 0.9605] = 455.5617, sampling [0.0, 1.2505, 1.4721]. Recommendation = [0.0, 0.8999, 0.7408], Current Cost = 11323.00, Rho = 1.000
(iter 332) [0.0, 1.0229, 0.9605] = 455.5617, sampling [0.0, 0.0851, -0.0342]. Recommendation = [0.0, 0.8999, 0.7408], Current Cost = 12323.00, Rho = 1.000
(iter 332) [0.0, 1.0229, 0.9605] = 455.5617, sampling [0.0, -0.5984, 0.3744]. Recommendation = [0.0, 0.8999, 0.7408], Current Cost = 13323.00, Rho = 1.000
(iter 332) [0.0, 1.0229, 0.9605] = 455.5617, sampling [0.0, -1.2284, 1.4185]. Recommendation = [0.0, 0.8999, 0.7408], Current Cost = 14323.00, Rho = 1.000
(iter 332) [0.0, 1.0229, 0.9605] = 455.5617, sampling [0.0, 0.3898, 0.2796]. Recommendation = [0.0, 0.8999, 0.7408], Current Cost = 15323.00, Rho = 1.000
(iter 332) [0.0, 1.0229, 0.9605] = 455.5617, sampling [0.0, 0.8999, 0.7408]. Recommendation = [0.0, 0.8999, 0.7408], Current Cost = 16323.00, Rho = 1.000
(iter 339) [0.0, 0.8999, 0.7408] = 455.8142, sampling [1.0, -0.9072, -1.2093]. Recommendation = [0.0, 0.8999, 0.7408], Current Cost = 17323.00, Rho = 1.000
(iter 339) [0.0, 0.8999, 0.7408] = 455.8142, sampling [1.0, 1.0835, -0.5896]. Recommendation = [0.0, 0.8999, 0.7408], Current Cost = 17324.00, Rho = 1.000
(iter 339) [0.0, 0.8999, 0.7408] = 455.8142, sampling [1.0, -0.4113, 1.8095]. Recommendation = [0.0, 0.8999, 0.7408], Current Cost = 17325.00, Rho = 1.000
(iter 339) [0.0, 0.8999, 0.7408] = 455.8142, sampling [0.0, -0.0829, 0.0844]. Recommendation = [0.0, 0.8999, 0.7408], Current Cost = 17326.00, Rho = 1.000
(iter 339) [0.0, 0.8999, 0.7408] = 455.8142, sampling [1.0, 1.5041, 0.4261]. Recommendation = [0.0, 0.8999, 0.7408], Current Cost = 18326.00, Rho = 1.000
(iter 339) [0.0, 0.8999, 0.7408] = 455.8142, sampling [0.0, 0.7549, 0.4051]. Recommendation = [0.0, 0.8999, 0.7408], Current Cost = 18327.00, Rho = 1.000
(iter 339) [0.0, 0.8999, 0.7408] = 455.8142, sampling [0.0, 0.2848, -0.0814]. Recommendation = [0.0, 0.8999, 0.7408], Current Cost = 19327.00, Rho = 1.000
(iter 339) [0.0, 0.8999, 0.7408] = 455.8142, sampling [0.0, -0.1250, -0.1238]. Recommendation = [0.0, 0.8999, 0.7408], Current Cost = 20327.00, Rho = 1.000
(iter 339) [0.0, 0.8999, 0.7408] = 455.8142, sampling [0.0, 1.1934, 1.2115]. Recommendation = [0.0, 0.8999, 0.7408], Current Cost = 21327.00, Rho = 1.000
(iter 339) [0.0, 0.8999, 0.7408] = 455.8142, sampling [0.0, -0.2641, 0.2506]. Recommendation = [0.0, 0.8999, 0.7408], Current Cost = 22327.00, Rho = 1.000
(iter 339) [0.0, 0.8999, 0.7408] = 455.8142, sampling [1.0, 1.0735, -0.8548]. Recommendation = [0.0, 0.8999, 0.7408], Current Cost = 23327.00, Rho = 1.000
(iter 339) [0.0, 0.8999, 0.7408] = 455.8142, sampling [0.0, 0.1246, 0.1928]. Recommendation = [0.0, 0.8999, 0.7408], Current Cost = 23328.00, Rho = 1.000
(iter 339) [0.0, 0.8999, 0.7408] = 455.8142, sampling [0.0, 1.3422, 1.5973]. Recommendation = [0.0, 0.8999, 0.7408], Current Cost = 24328.00, Rho = 1.000
(iter 339) [0.0, 0.8999, 0.7408] = 455.8142, sampling [0.0, -0.7180, 0.4408]. Recommendation = [0.0, 0.8999, 0.7408], Current Cost = 25328.00, Rho = 1.000
(iter 339) [0.0, 0.8999, 0.7408] = 455.8142, sampling [0.0, -0.8955, 0.7334]. Recommendation = [0.0, 0.8999, 0.7408], Current Cost = 26328.00, Rho = 1.000
(iter 339) [0.0, 0.8999, 0.7408] = 455.8142, sampling [0.0, 0.7270, 0.7763]. Recommendation = [0.0, 0.8999, 0.7408], Current Cost = 27328.00, Rho = 1.000
(iter 339) [0.0, 0.8999, 0.7408] = 455.8142, sampling [0.0, 0.4058, 0.0454]. Recommendation = [0.0, 0.8999, 0.7408], Current Cost = 28328.00, Rho = 1.000
(iter 339) [0.0, 0.8999, 0.7408] = 455.8142, sampling [0.0, 1.0032, 0.8842]. Recommendation = [0.0, 0.8999, 0.7408], Current Cost = 29328.00, Rho = 1.000
(iter 339) [0.0, 0.8999, 0.7408] = 455.8142, sampling [0.0, 0.6253, 0.1810]. Recommendation = [0.0, 0.8999, 0.7408], Current Cost = 30328.00, Rho = 1.000
(iter 339) [0.0, 0.8999, 0.7408] = 455.8142, sampling [0.0, -0.0049, -0.0985]. Recommendation = [0.0, 0.8999, 0.7408], Current Cost = 31328.00, Rho = 1.000
(iter 339) [0.0, 0.8999, 0.7408] = 455.8142, sampling [0.0, 1.0919, 1.4071]. Recommendation = [0.0, 0.8999, 0.7408], Current Cost = 32328.00, Rho = 1.000
(iter 339) [0.0, 0.8999, 0.7408] = 455.8142, sampling [1.0, -0.1904, 1.6368]. Recommendation = [0.0, 0.8999, 0.7408], Current Cost = 33328.00, Rho = 1.000
(iter 339) [0.0, 0.8999, 0.7408] = 455.8142, sampling [0.0, -0.9998, 1.2476]. Recommendation = [0.0, 0.8999, 0.7408], Current Cost = 33329.00, Rho = 1.000
(iter 339) [0.0, 0.8999, 0.7408] = 455.8142, sampling [1.0, -0.4450, 1.9678]. Recommendation = [0.0, 0.8999, 0.7408], Current Cost = 34329.00, Rho = 1.000
(iter 339) [0.0, 0.8999, 0.7408] = 455.8142, sampling [0.0, -0.5296, 0.0340]. Recommendation = [0.0, 0.8999, 0.7408], Current Cost = 34330.00, Rho = 1.000
(iter 339) [0.0, 0.8999, 0.7408] = 455.8142, sampling [0.0, -0.6078, 0.5121]. Recommendation = [0.0, 0.8999, 0.7408], Current Cost = 35330.00, Rho = 1.000
(iter 339) [0.0, 0.8999, 0.7408] = 455.8142, sampling [1.0, 1.6604, 0.9055]. Recommendation = [0.0, 0.8999, 0.7408], Current Cost = 36330.00, Rho = 1.000
(iter 339) [0.0, 0.8999, 0.7408] = 455.8142, sampling [0.0, 0.0954, -0.1996]. Recommendation = [0.0, 0.8999, 0.7408], Current Cost = 36331.00, Rho = 1.000
(iter 339) [0.0, 0.8999, 0.7408] = 455.8142, sampling [0.0, -0.1316, 0.1513]. Recommendation = [0.0, 0.8999, 0.7408], Current Cost = 37331.00, Rho = 1.000
(iter 339) [0.0, 0.8999, 0.7408] = 455.8142, sampling [0.0, 0.9780, 0.7876]. Recommendation = [0.0, 0.8999, 0.7408], Current Cost = 38331.00, Rho = 1.000
(iter 339) [0.0, 0.8999, 0.7408] = 455.8142, sampling [0.0, 0.4400, 0.4859]. Recommendation = [0.0, 0.8999, 0.7408], Current Cost = 39331.00, Rho = 1.000
(iter 339) [0.0, 0.8999, 0.7408] = 455.8142, sampling [0.0, -0.8487, 0.6260]. Recommendation = [0.0, 0.8999, 0.7408], Current Cost = 40331.00, Rho = 1.000
(iter 339) [0.0, 0.8999, 0.7408] = 455.8142, sampling [0.0, -0.6445, 0.3224]. Recommendation = [0.0, 0.8999, 0.7408], Current Cost = 41331.00, Rho = 1.000
(iter 339) [0.0, 0.8999, 0.7408] = 455.8142, sampling [0.0, 0.2170, -0.1108]. Recommendation = [0.0, 0.8999, 0.7408], Current Cost = 42331.00, Rho = 1.000
(iter 339) [0.0, 0.8999, 0.7408] = 455.8142, sampling [1.0, -0.4358, -1.8605]. Recommendation = [0.0, 0.8999, 0.7408], Current Cost = 43331.00, Rho = 1.000
(iter 339) [0.0, 0.8999, 0.7408] = 455.8142, sampling [0.0, 0.8343, 0.9898]. Recommendation = [0.0, 0.8999, 0.7408], Current Cost = 43332.00, Rho = 1.000
(iter 339) [0.0, 0.8999, 0.7408] = 455.8142, sampling [0.0, 0.1891, 0.2189]. Recommendation = [0.0, 0.8999, 0.7408], Current Cost = 44332.00, Rho = 1.000
(iter 339) [0.0, 0.8999, 0.7408] = 455.8142, sampling [0.0, -1.1413, 1.0397]. Recommendation = [0.0, 0.8999, 0.7408], Current Cost = 45332.00, Rho = 1.000
(iter 339) [0.0, 0.8999, 0.7408] = 455.8142, sampling [0.0, 1.1314, 1.5004]. Recommendation = [0.0, 0.8999, 0.7408], Current Cost = 46332.00, Rho = 1.000
(iter 339) [0.0, 0.8999, 0.7408] = 455.8142, sampling [0.0, -0.3565, 0.3835]. Recommendation = [0.0, 0.8999, 0.7408], Current Cost = 47332.00, Rho = 1.000
(iter 339) [0.0, 0.8999, 0.7408] = 455.8142, sampling [0.0, 0.4500, -0.0229]. Recommendation = [0.0, 0.8999, 0.7408], Current Cost = 48332.00, Rho = 1.000
(iter 339) [0.0, 0.8999, 0.7408] = 455.8142, sampling [0.0, -0.3242, -0.1791]. Recommendation = [0.0, 0.8999, 0.7408], Current Cost = 49332.00, Rho = 1.000
(iter 339) [0.0, 0.8999, 0.7408] = 455.8142, sampling [0.0, -1.3019, 1.7921]. Recommendation = [0.0, 0.8999, 0.7408], Current Cost = 50332.00, Rho = 1.000
(iter 339) [0.0, 0.8999, 0.7408] = 455.8142, sampling [0.0, -0.2156, 0.2104]. Recommendation = [0.0, 0.8999, 0.7408], Current Cost = 51332.00, Rho = 1.000
(iter 339) [0.0, 0.8999, 0.7408] = 455.8142, sampling [1.0, 0.5693, -1.6607]. Recommendation = [0.0, 0.8999, 0.7408], Current Cost = 52332.00, Rho = 1.000
(iter 339) [0.0, 0.8999, 0.7408] = 455.8142, sampling [1.0, 0.1637, -1.7825]. Recommendation = [0.0, 0.8999, 0.7408], Current Cost = 52333.00, Rho = 1.000
(iter 339) [0.0, 0.8999, 0.7408] = 455.8142, sampling [0.0, -0.0542, -0.2773]. Recommendation = [0.0, 0.8999, 0.7408], Current Cost = 52334.00, Rho = 1.000
(iter 339) [0.0, 0.8999, 0.7408] = 455.8142, sampling [0.0, 1.2049, 1.8514]. Recommendation = [0.0, 0.8999, 0.7408], Current Cost = 53334.00, Rho = 1.000
(iter 339) [0.0, 0.8999, 0.7408] = 455.8142, sampling [0.0, 0.0718, 0.2252]. Recommendation = [0.0, 0.8999, 0.7408], Current Cost = 54334.00, Rho = 1.000
(iter 339) [0.0, 0.8999, 0.7408] = 455.8142, sampling [0.0, 0.5022, 0.0304]. Recommendation = [0.0, 0.8999, 0.7408], Current Cost = 55334.00, Rho = 1.000
(iter 339) [0.0, 0.8999, 0.7408] = 455.8142, sampling [0.0, 0.3482, 0.3841]. Recommendation = [0.0, 0.8999, 0.7408], Current Cost = 56334.00, Rho = 1.000
(iter 339) [0.0, 0.8999, 0.7408] = 455.8142, sampling [0.0, 0.5473, 0.6114]. Recommendation = [0.0, 0.8999, 0.7408], Current Cost = 57334.00, Rho = 1.000
(iter 339) [0.0, 0.8999, 0.7408] = 455.8142, sampling [0.0, -0.1187, 0.2057]. Recommendation = [0.0, 0.8999, 0.7408], Current Cost = 58334.00, Rho = 1.000
(iter 339) [0.0, 0.8999, 0.7408] = 455.8142, sampling [1.0, 0.5439, -1.3801]. Recommendation = [0.0, 0.8999, 0.7408], Current Cost = 59334.00, Rho = 1.000
(iter 339) [0.0, 0.8999, 0.7408] = 455.8142, sampling [0.0, 0.3524, -0.1713]. Recommendation = [0.0, 0.8999, 0.7408], Current Cost = 59335.00, Rho = 1.000
(iter 339) [0.0, 0.8999, 0.7408] = 455.8142, sampling [0.0, 0.8142, 0.4102]. Recommendation = [0.0, 0.8999, 0.7408], Current Cost = 60335.00, Rho = 1.000
(iter 339) [0.0, 0.8999, 0.7408] = 455.8142, sampling [1.0, -1.1817, -0.7369]. Recommendation = [0.0, 0.8999, 0.7408], Current Cost = 61335.00, Rho = 1.000
(iter 339) [0.0, 0.8999, 0.7408] = 455.8142, sampling [0.0, -0.6822, 0.1651]. Recommendation = [0.0, 0.8999, 0.7408], Current Cost = 61336.00, Rho = 1.000
(iter 339) [0.0, 0.8999, 0.7408] = 455.8142, sampling [0.0, -0.6317, 0.7182]. Recommendation = [0.0, 0.8999, 0.7408], Current Cost = 62336.00, Rho = 1.000
(iter 339) [0.0, 0.8999, 0.7408] = 455.8142, sampling [0.0, -1.0824, 0.8621]. Recommendation = [0.0, 0.8999, 0.7408], Current Cost = 63336.00, Rho = 1.000
(iter 339) [0.0, 0.8999, 0.7408] = 455.8142, sampling [0.0, 0.7922, 0.3023]. Recommendation = [0.0, 0.8999, 0.7408], Current Cost = 64336.00, Rho = 1.000
(iter 339) [0.0, 0.8999, 0.7408] = 455.8142, sampling [1.0, -1.8196, -1.9263]. Recommendation = [0.0, 0.8999, 0.7408], Current Cost = 65336.00, Rho = 1.000
(iter 339) [0.0, 0.8999, 0.7408] = 455.8142, sampling [0.0, 0.8646, 1.0549]. Recommendation = [0.0, 0.8999, 0.7408], Current Cost = 65337.00, Rho = 1.000
(iter 339) [0.0, 0.8999, 0.7408] = 455.8142, sampling [0.0, 0.0101, 0.3458]. Recommendation = [0.0, 0.8999, 0.7408], Current Cost = 66337.00, Rho = 1.000
(iter 339) [0.0, 0.8999, 0.7408] = 455.8142, sampling [0.0, 0.0762, -0.2449]. Recommendation = [0.0, 0.8999, 0.7408], Current Cost = 67337.00, Rho = 1.000
(iter 339) [0.0, 0.8999, 0.7408] = 455.8142, sampling [1.0, 0.8874, -1.1826]. Recommendation = [0.0, 0.8999, 0.7408], Current Cost = 68337.00, Rho = 1.000
(iter 339) [0.0, 0.8999, 0.7408] = 455.8142, sampling [0.0, 1.0157, 0.6830]. Recommendation = [0.0, 0.8999, 0.7408], Current Cost = 68338.00, Rho = 1.000
(iter 339) [0.0, 0.8999, 0.7408] = 455.8142, sampling [1.0, -1.7841, 0.5693]. Recommendation = [0.0, 0.8999, 0.7408], Current Cost = 69338.00, Rho = 1.000
(iter 339) [0.0, 0.8999, 0.7408] = 455.8142, sampling [1.0, -1.7301, 1.1074]. Recommendation = [0.0, 0.8999, 0.7408], Current Cost = 69339.00, Rho = 1.000
(iter 339) [0.0, 0.8999, 0.7408] = 455.8142, sampling [1.0, 0.4267, -1.8148]. Recommendation = [0.0, 0.8999, 0.7408], Current Cost = 69340.00, Rho = 1.000
(iter 339) [0.0, 0.8999, 0.7408] = 455.8142, sampling [0.0, 0.7348, 0.8169]. Recommendation = [0.0, 0.8999, 0.7408], Current Cost = 69341.00, Rho = 1.000
(iter 339) [0.0, 0.8999, 0.7408] = 455.8142, sampling [1.0, -0.7978, -1.2745]. Recommendation = [0.0, 0.8999, 0.7408], Current Cost = 70341.00, Rho = 1.000
(iter 339) [0.0, 0.8999, 0.7408] = 455.8142, sampling [0.0, -0.8796, 0.4177]. Recommendation = [0.0, 0.8999, 0.7408], Current Cost = 70342.00, Rho = 1.000
(iter 339) [0.0, 0.8999, 0.7408] = 455.8142, sampling [0.0, 0.1196, -0.3051]. Recommendation = [0.0, 0.8999, 0.7408], Current Cost = 71342.00, Rho = 1.000
(iter 339) [0.0, 0.8999, 0.7408] = 455.8142, sampling [0.0, -0.1735, 0.3981]. Recommendation = [0.0, 0.8999, 0.7408], Current Cost = 72342.00, Rho = 1.000
(iter 339) [0.0, 0.8999, 0.7408] = 455.8142, sampling [0.0, 1.1113, 1.4820]. Recommendation = [0.0, 0.8999, 0.7408], Current Cost = 73342.00, Rho = 1.000
(iter 339) [0.0, 0.8999, 0.7408] = 455.8142, sampling [0.0, 1.0345, 0.7637]. Recommendation = [0.0, 0.8999, 0.7408], Current Cost = 74342.00, Rho = 1.000
(iter 339) [0.0, 0.8999, 0.7408] = 455.8142, sampling [0.0, -1.2544, 1.3994]. Recommendation = [0.0, 0.8999, 0.7408], Current Cost = 75342.00, Rho = 1.000
(iter 339) [0.0, 0.8999, 0.7408] = 455.8142, sampling [0.0, -0.2477, 0.2588]. Recommendation = [0.0, 0.8999, 0.7408], Current Cost = 76342.00, Rho = 1.000
(iter 339) [0.0, 0.8999, 0.7408] = 455.8142, sampling [0.0, 1.1733, 1.7530]. Recommendation = [0.0, 0.8999, 0.7408], Current Cost = 77342.00, Rho = 1.000
(iter 339) [0.0, 0.8999, 0.7408] = 455.8142, sampling [0.0, -0.0984, -0.2928]. Recommendation = [0.0, 0.8999, 0.7408], Current Cost = 78342.00, Rho = 1.000
(iter 339) [0.0, 0.8999, 0.7408] = 455.8142, sampling [1.0, -1.3259, -0.1639]. Recommendation = [0.0, 0.8999, 0.7408], Current Cost = 79342.00, Rho = 1.000
(iter 339) [0.0, 0.8999, 0.7408] = 455.8142, sampling [0.0, -0.3651, 0.4331]. Recommendation = [0.0, 0.8999, 0.7408], Current Cost = 79343.00, Rho = 1.000
(iter 339) [0.0, 0.8999, 0.7408] = 455.8142, sampling [1.0, -0.4310, 1.7073]. Recommendation = [0.0, 0.8999, 0.7408], Current Cost = 80343.00, Rho = 1.000
(iter 339) [0.0, 0.8999, 0.7408] = 455.8142, sampling [1.0, -0.2903, 1.8897]. Recommendation = [0.0, 0.8999, 0.7408], Current Cost = 80344.00, Rho = 1.000
(iter 339) [0.0, 0.8999, 0.7408] = 455.8142, sampling [0.0, 1.2269, 1.1962]. Recommendation = [0.0, 0.8999, 0.7408], Current Cost = 80345.00, Rho = 1.000
(iter 339) [0.0, 0.8999, 0.7408] = 455.8142, sampling [0.0, -1.1692, 1.7650]. Recommendation = [0.0, 0.8999, 0.7408], Current Cost = 81345.00, Rho = 1.000
(iter 339) [0.0, 0.8999, 0.7408] = 455.8142, sampling [1.0, 0.6539, -1.2708]. Recommendation = [0.0, 0.8999, 0.7408], Current Cost = 82345.00, Rho = 1.000
(iter 339) [0.0, 0.8999, 0.7408] = 455.8142, sampling [0.0, 0.9609, 0.4908]. Recommendation = [0.0, 0.8999, 0.7408], Current Cost = 82346.00, Rho = 1.000
(iter 339) [0.0, 0.8999, 0.7408] = 455.8142, sampling [0.0, -1.0271, 1.4950]. Recommendation = [0.0, 0.8999, 0.7408], Current Cost = 83346.00, Rho = 1.000
(iter 339) [0.0, 0.8999, 0.7408] = 455.8142, sampling [1.0, 1.9803, 1.4125]. Recommendation = [0.0, 0.8999, 0.7408], Current Cost = 84346.00, Rho = 1.000
(iter 339) [0.0, 0.8999, 0.7408] = 455.8142, sampling [0.0, -0.6483, 0.8036]. Recommendation = [0.0, 0.8999, 0.7408], Current Cost = 84347.00, Rho = 1.000
(iter 339) [0.0, 0.8999, 0.7408] = 455.8142, sampling [0.0, 0.6328, -0.0907]. Recommendation = [0.0, 0.8999, 0.7408], Current Cost = 85347.00, Rho = 1.000
(iter 339) [0.0, 0.8999, 0.7408] = 455.8142, sampling [0.0, 1.2923, 1.2594]. Recommendation = [0.0, 0.8999, 0.7408], Current Cost = 86347.00, Rho = 1.000
(iter 339) [0.0, 0.8999, 0.7408] = 455.8142, sampling [1.0, -0.8068, -1.5787]. Recommendation = [0.0, 0.8999, 0.7408], Current Cost = 87347.00, Rho = 1.000
(iter 339) [0.0, 0.8999, 0.7408] = 455.8142, sampling [0.0, -1.4248, 1.5726]. Recommendation = [0.0, 0.8999, 0.7408], Current Cost = 87348.00, Rho = 1.000
(iter 339) [0.0, 0.8999, 0.7408] = 455.8142, sampling [0.0, 0.1452, 0.5103]. Recommendation = [0.0, 0.8999, 0.7408], Current Cost = 88348.00, Rho = 1.000
(iter 339) [0.0, 0.8999, 0.7408] = 455.8142, sampling [0.0, 0.9093, 1.3173]. Recommendation = [0.0, 0.8999, 0.7408], Current Cost = 89348.00, Rho = 1.000
(iter 339) [0.0, 0.8999, 0.7408] = 455.8142, sampling [1.0, 1.7865, 1.3497]. Recommendation = [0.0, 0.8999, 0.7408], Current Cost = 90348.00, Rho = 1.000
(iter 339) [0.0, 0.8999, 0.7408] = 455.8142, sampling [0.0, 0.1036, -0.3865]. Recommendation = [0.0, 0.8999, 0.7408], Current Cost = 90349.00, Rho = 1.000
(iter 339) [0.0, 0.8999, 0.7408] = 455.8142, sampling [0.0, 0.8449, 0.3387]. Recommendation = [0.0, 0.8999, 0.7408], Current Cost = 91349.00, Rho = 1.000
(iter 339) [0.0, 0.8999, 0.7408] = 455.8142, sampling [0.0, -1.2121, 1.0874]. Recommendation = [0.0, 0.8999, 0.7408], Current Cost = 92349.00, Rho = 1.000
(iter 339) [0.0, 0.8999, 0.7408] = 455.8142, sampling [0.0, -0.5134, -0.2687]. Recommendation = [0.0, 0.8999, 0.7408], Current Cost = 93349.00, Rho = 1.000
(iter 339) [0.0, 0.8999, 0.7408] = 455.8142, sampling [0.0, -0.2238, 0.4680]. Recommendation = [0.0, 0.8999, 0.7408], Current Cost = 94349.00, Rho = 1.000
(iter 339) [0.0, 0.8999, 0.7408] = 455.8142, sampling [0.0, -0.8361, 0.2447]. Recommendation = [0.0, 0.8999, 0.7408], Current Cost = 95349.00, Rho = 1.000
(iter 339) [0.0, 0.8999, 0.7408] = 455.8142, sampling [1.0, 1.0452, -1.0889]. Recommendation = [0.0, 0.8999, 0.7408], Current Cost = 96349.00, Rho = 1.000
(iter 339) [0.0, 0.8999, 0.7408] = 455.8142, sampling [1.0, -1.4352, 0.3527]. Recommendation = [0.0, 0.8999, 0.7408], Current Cost = 96350.00, Rho = 1.000
(iter 339) [0.0, 0.8999, 0.7408] = 455.8142, sampling [1.0, 1.8598, 1.1023]. Recommendation = [0.0, 0.8999, 0.7408], Current Cost = 96351.00, Rho = 1.000
(iter 339) [0.0, 0.8999, 0.7408] = 455.8142, sampling [1.0, 0.9717, -0.9292]. Recommendation = [0.0, 0.8999, 0.7408], Current Cost = 96352.00, Rho = 1.000
(iter 339) [0.0, 0.8999, 0.7408] = 455.8142, sampling [0.0, -0.1814, -0.5551]. Recommendation = [0.0, 0.8999, 0.7408], Current Cost = 96353.00, Rho = 1.000
(iter 339) [0.0, 0.8999, 0.7408] = 455.8142, sampling [1.0, -1.0919, -0.6874]. Recommendation = [0.0, 0.8999, 0.7408], Current Cost = 97353.00, Rho = 1.000
(iter 339) [0.0, 0.8999, 0.7408] = 455.8142, sampling [1.0, 1.7210, 0.6678]. Recommendation = [0.0, 0.8999, 0.7408], Current Cost = 97354.00, Rho = 1.000
(iter 339) [0.0, 0.8999, 0.7408] = 455.8142, sampling [0.0, 0.4766, 0.7716]. Recommendation = [0.0, 0.8999, 0.7408], Current Cost = 97355.00, Rho = 1.000
(iter 339) [0.0, 0.8999, 0.7408] = 455.8142, sampling [1.0, -0.2264, -1.8764]. Recommendation = [0.0, 0.8999, 0.7408], Current Cost = 98355.00, Rho = 1.000
(iter 339) [0.0, 0.8999, 0.7408] = 455.8142, sampling [0.0, -1.6192, 1.9828]. Recommendation = [0.0, 0.8999, 0.7408], Current Cost = 98356.00, Rho = 1.000
(iter 339) [0.0, 0.8999, 0.7408] = 455.8142, sampling [1.0, 1.1161, -1.9795]. Recommendation = [0.0, 0.8999, 0.7408], Current Cost = 99356.00, Rho = 1.000
(iter 339) [0.0, 0.8999, 0.7408] = 455.8142, sampling [1.0, -1.7443, 0.9504]. Recommendation = [0.0, 0.8999, 0.7408], Current Cost = 99357.00, Rho = 1.000
(iter 339) [0.0, 0.8999, 0.7408] = 455.8142, sampling [1.0, -0.1947, 1.6039]. Recommendation = [0.0, 0.8999, 0.7408], Current Cost = 99358.00, Rho = 1.000
(iter 339) [0.0, 0.8999, 0.7408] = 455.8142, sampling [0.0, 0.2721, -0.4219]. Recommendation = [0.0, 0.8999, 0.7408], Current Cost = 99359.00, Rho = 1.000
