(iter 10) [0.0, -0.7786, -0.2337] = 382.5973, sampling [1.0, -0.4622, 0.1038]. Recommendation = [0.0, -0.7786, -0.2337], Current Cost = 5005.00, Rho = 0.849
(iter 10) [0.0, -0.7786, -0.2337] = 382.5973, sampling [1.0, -0.3908, 0.4162]. Recommendation = [0.0, -0.4622, 0.1038], Current Cost = 5006.00, Rho = 0.849
(iter 10) [0.0, -0.7786, -0.2337] = 382.5973, sampling [1.0, -0.1145, 0.3411]. Recommendation = [0.0, -0.4622, 0.1038], Current Cost = 5007.00, Rho = 0.849
(iter 10) [0.0, -0.7786, -0.2337] = 382.5973, sampling [1.0, -0.6266, 0.0207]. Recommendation = [0.0, -0.4622, 0.1038], Current Cost = 5008.00, Rho = 0.849
(iter 10) [0.0, -0.7786, -0.2337] = 382.5973, sampling [1.0, -0.4189, 0.2944]. Recommendation = [0.0, -0.4622, 0.1038], Current Cost = 5009.00, Rho = 0.849
(iter 10) [0.0, -0.7786, -0.2337] = 382.5973, sampling [1.0, -0.4280, -0.0091]. Recommendation = [0.0, -0.4622, 0.1038], Current Cost = 5010.00, Rho = 0.849
(iter 10) [0.0, -0.7786, -0.2337] = 382.5973, sampling [1.0, -0.1460, 0.0792]. Recommendation = [0.0, -0.4446, 0.0840], Current Cost = 5011.00, Rho = 0.849
(iter 10) [0.0, -0.7786, -0.2337] = 382.5973, sampling [1.0, -0.2355, 0.5875]. Recommendation = [0.0, -0.4446, 0.0840], Current Cost = 5012.00, Rho = 0.849
(iter 10) [0.0, -0.7786, -0.2337] = 382.5973, sampling [1.0, -0.2803, -0.0803]. Recommendation = [0.0, -0.4446, 0.0840], Current Cost = 5013.00, Rho = 0.849
(iter 10) [0.0, -0.7786, -0.2337] = 382.5973, sampling [1.0, 0.0887, 0.7305]. Recommendation = [0.0, -0.4446, 0.0840], Current Cost = 5014.00, Rho = 0.849
(iter 10) [0.0, -0.7786, -0.2337] = 382.5973, sampling [1.0, 0.1047, 0.2699]. Recommendation = [0.0, -0.4446, 0.0840], Current Cost = 5015.00, Rho = 0.849
(iter 10) [0.0, -0.7786, -0.2337] = 382.5973, sampling [1.0, -0.5070, 0.3170]. Recommendation = [0.0, -0.4446, 0.0840], Current Cost = 5016.00, Rho = 0.849
(iter 10) [0.0, -0.7786, -0.2337] = 382.5973, sampling [1.0, 0.0173, 0.1822]. Recommendation = [0.0, -0.4446, 0.0840], Current Cost = 5017.00, Rho = 0.849
(iter 10) [0.0, -0.7786, -0.2337] = 382.5973, sampling [1.0, -0.6854, 0.3067]. Recommendation = [0.0, -0.4446, 0.0840], Current Cost = 5018.00, Rho = 0.849
(iter 10) [0.0, -0.7786, -0.2337] = 382.5973, sampling [1.0, -0.5445, 0.4368]. Recommendation = [0.0, -0.4446, 0.0840], Current Cost = 5019.00, Rho = 0.849
(iter 10) [0.0, -0.7786, -0.2337] = 382.5973, sampling [1.0, -0.7385, 0.1637]. Recommendation = [0.0, -0.4446, 0.0840], Current Cost = 5020.00, Rho = 0.849
(iter 10) [0.0, -0.7786, -0.2337] = 382.5973, sampling [1.0, -0.3298, 0.7976]. Recommendation = [0.0, -0.4446, 0.0840], Current Cost = 5021.00, Rho = 0.849
(iter 10) [0.0, -0.7786, -0.2337] = 382.5973, sampling [1.0, -0.0479, 0.6236]. Recommendation = [0.0, -0.4446, 0.0840], Current Cost = 5022.00, Rho = 0.849
(iter 10) [0.0, -0.7786, -0.2337] = 382.5973, sampling [1.0, -0.3383, -0.1416]. Recommendation = [0.0, -0.4446, 0.0840], Current Cost = 5023.00, Rho = 0.849
(iter 10) [0.0, -0.7786, -0.2337] = 382.5973, sampling [1.0, -0.6764, -0.2060]. Recommendation = [0.0, -0.4446, 0.0840], Current Cost = 5024.00, Rho = 0.849
(iter 10) [0.0, -0.7786, -0.2337] = 382.5973, sampling [1.0, -0.0767, 0.0124]. Recommendation = [0.0, -0.4446, 0.0840], Current Cost = 5025.00, Rho = 0.849
(iter 10) [0.0, -0.7786, -0.2337] = 382.5973, sampling [1.0, 0.4703, 0.4475]. Recommendation = [0.0, -0.4446, 0.0840], Current Cost = 5026.00, Rho = 0.849
(iter 10) [0.0, -0.7786, -0.2337] = 382.5973, sampling [1.0, 0.2779, 0.0337]. Recommendation = [0.0, -0.4446, 0.0840], Current Cost = 5027.00, Rho = 0.849
(iter 10) [0.0, -0.7786, -0.2337] = 382.5973, sampling [1.0, 0.2297, 0.2560]. Recommendation = [0.0, -0.4446, 0.0840], Current Cost = 5028.00, Rho = 0.849
(iter 10) [0.0, -0.7786, -0.2337] = 382.5973, sampling [1.0, 0.2806, 0.6649]. Recommendation = [0.0, -0.4446, 0.0840], Current Cost = 5029.00, Rho = 0.849
(iter 10) [0.0, -0.7786, -0.2337] = 382.5973, sampling [1.0, -0.6606, 0.3904]. Recommendation = [0.0, -0.4446, 0.0840], Current Cost = 5030.00, Rho = 0.849
(iter 10) [0.0, -0.7786, -0.2337] = 382.5973, sampling [1.0, -0.4446, 0.0840]. Recommendation = [0.0, -0.4446, 0.0840], Current Cost = 5031.00, Rho = 0.849
(iter 10) [0.0, -0.7786, -0.2337] = 382.5973, sampling [1.0, 0.5409, 0.8778]. Recommendation = [0.0, -0.4622, 0.1038], Current Cost = 5032.00, Rho = 0.849
(iter 10) [0.0, -0.7786, -0.2337] = 382.5973, sampling [1.0, 0.5501, 0.2594]. Recommendation = [0.0, -0.4622, 0.1038], Current Cost = 5033.00, Rho = 0.849
(iter 10) [0.0, -0.7786, -0.2337] = 382.5973, sampling [1.0, 0.6691, 0.5777]. Recommendation = [0.0, -0.4622, 0.1038], Current Cost = 5034.00, Rho = 0.849
(iter 10) [0.0, -0.7786, -0.2337] = 382.5973, sampling [1.0, 0.5228, 0.6558]. Recommendation = [0.0, -0.4622, 0.1038], Current Cost = 5035.00, Rho = 0.849
(iter 10) [0.0, -0.7786, -0.2337] = 382.5973, sampling [1.0, -0.2526, -0.1760]. Recommendation = [0.0, -0.4622, 0.1038], Current Cost = 5036.00, Rho = 0.849
(iter 10) [0.0, -0.7786, -0.2337] = 382.5973, sampling [1.0, 0.2061, 0.9789]. Recommendation = [0.0, -0.4622, 0.1038], Current Cost = 5037.00, Rho = 0.849
(iter 10) [0.0, -0.7786, -0.2337] = 382.5973, sampling [1.0, 0.3881, 0.1269]. Recommendation = [0.0, -0.4622, 0.1038], Current Cost = 5038.00, Rho = 0.849
(iter 10) [0.0, -0.7786, -0.2337] = 382.5973, sampling [1.0, 0.2230, -0.1765]. Recommendation = [0.0, -0.4622, 0.1038], Current Cost = 5039.00, Rho = 0.849
(iter 10) [0.0, -0.7786, -0.2337] = 382.5973, sampling [1.0, -0.8053, -0.0760]. Recommendation = [0.0, -0.4622, 0.1038], Current Cost = 5040.00, Rho = 0.849
(iter 10) [0.0, -0.7786, -0.2337] = 382.5973, sampling [1.0, -0.5709, 0.8036]. Recommendation = [0.0, -0.4622, 0.1038], Current Cost = 5041.00, Rho = 0.849
(iter 10) [0.0, -0.7786, -0.2337] = 382.5973, sampling [1.0, -0.7670, 0.6350]. Recommendation = [0.0, -0.4622, 0.1038], Current Cost = 5042.00, Rho = 0.849
(iter 10) [0.0, -0.7786, -0.2337] = 382.5973, sampling [1.0, 0.0858, 0.1757]. Recommendation = [0.0, -0.4622, 0.1038], Current Cost = 5043.00, Rho = 0.849
(iter 10) [0.0, -0.7786, -0.2337] = 382.5973, sampling [1.0, -0.7248, 0.3716]. Recommendation = [0.0, -0.4622, 0.1038], Current Cost = 5044.00, Rho = 0.849
(iter 10) [0.0, -0.7786, -0.2337] = 382.5973, sampling [1.0, -0.1084, 0.8612]. Recommendation = [0.0, -0.4622, 0.1038], Current Cost = 5045.00, Rho = 0.849
(iter 10) [0.0, -0.7786, -0.2337] = 382.5973, sampling [1.0, 0.9046, 0.7794]. Recommendation = [0.0, -0.4622, 0.1038], Current Cost = 5046.00, Rho = 0.849
(iter 10) [0.0, -0.7786, -0.2337] = 382.5973, sampling [1.0, 0.9329, 0.4042]. Recommendation = [0.0, -0.4622, 0.1038], Current Cost = 5047.00, Rho = 0.849
(iter 10) [0.0, -0.7786, -0.2337] = 382.5973, sampling [1.0, 0.7405, 1.1084]. Recommendation = [0.0, -0.4622, 0.1038], Current Cost = 5048.00, Rho = 0.849
(iter 10) [0.0, -0.7786, -0.2337] = 382.5973, sampling [1.0, 0.6287, -0.0503]. Recommendation = [0.0, -0.4622, 0.1038], Current Cost = 5049.00, Rho = 0.849
(iter 10) [0.0, -0.7786, -0.2337] = 382.5973, sampling [1.0, 0.6768, 0.3244]. Recommendation = [0.0, -0.4622, 0.1038], Current Cost = 5050.00, Rho = 0.849
(iter 10) [0.0, -0.7786, -0.2337] = 382.5973, sampling [1.0, -0.3817, 0.4485]. Recommendation = [0.0, -0.4622, 0.1038], Current Cost = 5051.00, Rho = 0.849
(iter 10) [0.0, -0.7786, -0.2337] = 382.5973, sampling [1.0, -0.8156, 0.2454]. Recommendation = [0.0, -0.4622, 0.1038], Current Cost = 5052.00, Rho = 0.849
(iter 10) [0.0, -0.7786, -0.2337] = 382.5973, sampling [1.0, 0.8090, 0.6975]. Recommendation = [0.0, -0.4622, 0.1038], Current Cost = 5053.00, Rho = 0.849
(iter 10) [0.0, -0.7786, -0.2337] = 382.5973, sampling [1.0, -0.2417, 0.5311]. Recommendation = [0.0, -0.4622, 0.1038], Current Cost = 5054.00, Rho = 0.849
(iter 10) [0.0, -0.7786, -0.2337] = 382.5973, sampling [1.0, 0.9786, 1.0065]. Recommendation = [0.0, -0.4622, 0.1038], Current Cost = 5055.00, Rho = 0.849
(iter 10) [0.0, -0.7786, -0.2337] = 382.5973, sampling [1.0, 1.1282, 0.7361]. Recommendation = [0.0, -0.4622, 0.1038], Current Cost = 5056.00, Rho = 0.849
(iter 10) [0.0, -0.7786, -0.2337] = 382.5973, sampling [1.0, -0.3448, -0.3628]. Recommendation = [0.0, -0.4622, 0.1038], Current Cost = 5057.00, Rho = 0.849
(iter 10) [0.0, -0.7786, -0.2337] = 382.5973, sampling [1.0, -0.7080, 0.7710]. Recommendation = [0.0, -0.4622, 0.1038], Current Cost = 5058.00, Rho = 0.849
(iter 10) [0.0, -0.7786, -0.2337] = 382.5973, sampling [1.0, -0.0136, -0.4389]. Recommendation = [0.0, -0.4622, 0.1038], Current Cost = 5059.00, Rho = 0.849
(iter 10) [0.0, -0.7786, -0.2337] = 382.5973, sampling [1.0, 0.1530, -0.2986]. Recommendation = [0.0, -0.4622, 0.1038], Current Cost = 5060.00, Rho = 0.849
(iter 10) [0.0, -0.7786, -0.2337] = 382.5973, sampling [1.0, -0.4889, -0.3552]. Recommendation = [0.0, -0.4622, 0.1038], Current Cost = 5061.00, Rho = 0.849
(iter 10) [0.0, -0.7786, -0.2337] = 382.5973, sampling [1.0, -0.3077, 0.7217]. Recommendation = [0.0, -0.4622, 0.1038], Current Cost = 5062.00, Rho = 0.849
(iter 10) [0.0, -0.7786, -0.2337] = 382.5973, sampling [1.0, 0.4790, 1.2735]. Recommendation = [0.0, -0.4622, 0.1038], Current Cost = 5063.00, Rho = 0.849
(iter 10) [0.0, -0.7786, -0.2337] = 382.5973, sampling [1.0, 0.4588, 0.0663]. Recommendation = [0.0, -0.4622, 0.1038], Current Cost = 5064.00, Rho = 0.849
(iter 10) [0.0, -0.7786, -0.2337] = 382.5973, sampling [1.0, 0.3519, -0.1936]. Recommendation = [0.0, -0.4622, 0.1038], Current Cost = 5065.00, Rho = 0.849
(iter 10) [0.0, -0.7786, -0.2337] = 382.5973, sampling [1.0, 1.2799, 1.1206]. Recommendation = [0.0, -0.4622, 0.1038], Current Cost = 5066.00, Rho = 0.849
(iter 10) [0.0, -0.7786, -0.2337] = 382.5973, sampling [1.0, -0.7458, 0.9701]. Recommendation = [0.0, -0.4622, 0.1038], Current Cost = 5067.00, Rho = 0.849
(iter 10) [0.0, -0.7786, -0.2337] = 382.5973, sampling [1.0, -0.8617, 0.6843]. Recommendation = [0.0, -0.4622, 0.1038], Current Cost = 5068.00, Rho = 0.849
(iter 10) [0.0, -0.7786, -0.2337] = 382.5973, sampling [1.0, -1.0115, 0.5246]. Recommendation = [0.0, -0.4622, 0.1038], Current Cost = 5069.00, Rho = 0.849
(iter 10) [0.0, -0.7786, -0.2337] = 382.5973, sampling [1.0, -0.4379, 1.1950]. Recommendation = [0.0, -0.4622, 0.1038], Current Cost = 5070.00, Rho = 0.849
(iter 10) [0.0, -0.7786, -0.2337] = 382.5973, sampling [1.0, 1.1484, 1.4532]. Recommendation = [0.0, -0.4622, 0.1038], Current Cost = 5071.00, Rho = 0.849
(iter 10) [0.0, -0.7786, -0.2337] = 382.5973, sampling [1.0, 0.8576, 1.6107]. Recommendation = [0.0, -0.4622, 0.1038], Current Cost = 5072.00, Rho = 0.849
(iter 10) [0.0, -0.7786, -0.2337] = 382.5973, sampling [1.0, 0.0405, 0.1524]. Recommendation = [0.0, -0.4622, 0.1038], Current Cost = 5073.00, Rho = 0.849
(iter 10) [0.0, -0.7786, -0.2337] = 382.5973, sampling [1.0, -0.0894, 0.7494]. Recommendation = [0.0, -0.4622, 0.1038], Current Cost = 5074.00, Rho = 0.849
(iter 10) [0.0, -0.7786, -0.2337] = 382.5973, sampling [1.0, 0.8062, 0.0281]. Recommendation = [0.0, -0.4622, 0.1038], Current Cost = 5075.00, Rho = 0.849
(iter 10) [0.0, -0.7786, -0.2337] = 382.5973, sampling [1.0, 1.0399, 0.8531]. Recommendation = [0.0, -0.4622, 0.1038], Current Cost = 5076.00, Rho = 0.849
(iter 10) [0.0, -0.7786, -0.2337] = 382.5973, sampling [1.0, -0.8646, 0.1998]. Recommendation = [0.0, -0.4622, 0.1038], Current Cost = 5077.00, Rho = 0.849
(iter 10) [0.0, -0.7786, -0.2337] = 382.5973, sampling [1.0, 0.7481, 0.6440]. Recommendation = [0.0, -0.4622, 0.1038], Current Cost = 5078.00, Rho = 0.849
(iter 10) [0.0, -0.7786, -0.2337] = 382.5973, sampling [1.0, 1.3778, 1.4381]. Recommendation = [0.0, -0.4622, 0.1038], Current Cost = 5079.00, Rho = 0.849
(iter 10) [0.0, -0.7786, -0.2337] = 382.5973, sampling [1.0, 1.4065, 0.8231]. Recommendation = [0.0, -0.4622, 0.1038], Current Cost = 5080.00, Rho = 0.849
(iter 10) [0.0, -0.7786, -0.2337] = 382.5973, sampling [1.0, -0.8809, 0.9859]. Recommendation = [0.0, -0.4622, 0.1038], Current Cost = 5081.00, Rho = 0.849
(iter 10) [0.0, -0.7786, -0.2337] = 382.5973, sampling [1.0, 0.4237, 0.9970]. Recommendation = [0.0, -0.4622, 0.1038], Current Cost = 5082.00, Rho = 0.849
(iter 10) [0.0, -0.7786, -0.2337] = 382.5973, sampling [1.0, 0.3747, -0.3975]. Recommendation = [0.0, -0.4622, 0.1038], Current Cost = 5083.00, Rho = 0.849
(iter 10) [0.0, -0.7786, -0.2337] = 382.5973, sampling [1.0, -0.8500, 1.1474]. Recommendation = [0.0, -0.4622, 0.1038], Current Cost = 5084.00, Rho = 0.849
(iter 10) [0.0, -0.7786, -0.2337] = 382.5973, sampling [1.0, 0.0132, 0.9585]. Recommendation = [0.0, -0.4622, 0.1038], Current Cost = 5085.00, Rho = 0.849
(iter 10) [0.0, -0.7786, -0.2337] = 382.5973, sampling [1.0, 1.3198, 1.2464]. Recommendation = [0.0, -0.4622, 0.1038], Current Cost = 5086.00, Rho = 0.849
(iter 10) [0.0, -0.7786, -0.2337] = 382.5973, sampling [1.0, 0.1346, 1.3524]. Recommendation = [0.0, -0.4622, 0.1038], Current Cost = 5087.00, Rho = 0.849
(iter 10) [0.0, -0.7786, -0.2337] = 382.5973, sampling [1.0, 1.2212, 1.7216]. Recommendation = [0.0, -0.4622, 0.1038], Current Cost = 5088.00, Rho = 0.849
(iter 10) [0.0, -0.7786, -0.2337] = 382.5973, sampling [1.0, 0.6883, -0.2849]. Recommendation = [0.0, -0.4622, 0.1038], Current Cost = 5089.00, Rho = 0.849
(iter 10) [0.0, -0.7786, -0.2337] = 382.5973, sampling [1.0, 1.0104, 0.2156]. Recommendation = [0.0, -0.4622, 0.1038], Current Cost = 5090.00, Rho = 0.849
(iter 10) [0.0, -0.7786, -0.2337] = 382.5973, sampling [1.0, -0.6324, -0.3724]. Recommendation = [0.0, -0.4622, 0.1038], Current Cost = 5091.00, Rho = 0.849
(iter 10) [0.0, -0.7786, -0.2337] = 382.5973, sampling [1.0, 0.5693, 1.0741]. Recommendation = [0.0, -0.4622, 0.1038], Current Cost = 5092.00, Rho = 0.849
(iter 10) [0.0, -0.7786, -0.2337] = 382.5973, sampling [1.0, -0.6694, 1.4582]. Recommendation = [0.0, -0.4622, 0.1038], Current Cost = 5093.00, Rho = 0.849
(iter 10) [0.0, -0.7786, -0.2337] = 382.5973, sampling [1.0, -0.1969, 1.0370]. Recommendation = [0.0, -0.4622, 0.1038], Current Cost = 5094.00, Rho = 0.849
(iter 10) [0.0, -0.7786, -0.2337] = 382.5973, sampling [1.0, 1.1166, 1.5097]. Recommendation = [0.0, -0.4622, 0.1038], Current Cost = 5095.00, Rho = 0.849
(iter 10) [0.0, -0.7786, -0.2337] = 382.5973, sampling [1.0, 0.9843, 1.9256]. Recommendation = [0.0, -0.4622, 0.1038], Current Cost = 5096.00, Rho = 0.849
(iter 10) [0.0, -0.7786, -0.2337] = 382.5973, sampling [1.0, 0.3184, -0.1448]. Recommendation = [0.0, -0.4622, 0.1038], Current Cost = 5097.00, Rho = 0.849
(iter 10) [0.0, -0.7786, -0.2337] = 382.5973, sampling [1.0, -1.2510, 1.1006]. Recommendation = [0.0, -0.4622, 0.1038], Current Cost = 5098.00, Rho = 0.849
(iter 10) [0.0, -0.7786, -0.2337] = 382.5973, sampling [1.0, -0.9838, 1.2339]. Recommendation = [0.0, -0.4622, 0.1038], Current Cost = 5099.00, Rho = 0.849
(iter 10) [0.0, -0.7786, -0.2337] = 382.5973, sampling [1.0, -1.1024, 0.6086]. Recommendation = [0.0, -0.4622, 0.1038], Current Cost = 5100.00, Rho = 0.849
(iter 10) [0.0, -0.7786, -0.2337] = 382.5973, sampling [1.0, 0.6393, 1.4162]. Recommendation = [0.0, -0.4622, 0.1038], Current Cost = 5101.00, Rho = 0.849
(iter 10) [0.0, -0.7786, -0.2337] = 382.5973, sampling [1.0, -0.9993, 0.0572]. Recommendation = [0.0, -0.4622, 0.1038], Current Cost = 5102.00, Rho = 0.849
(iter 10) [0.0, -0.7786, -0.2337] = 382.5973, sampling [1.0, 1.1828, 0.5064]. Recommendation = [0.0, -0.4622, 0.1038], Current Cost = 5103.00, Rho = 0.849
(iter 10) [0.0, -0.7786, -0.2337] = 382.5973, sampling [1.0, 1.4405, 1.5518]. Recommendation = [0.0, -0.4622, 0.1038], Current Cost = 5104.00, Rho = 0.849
(iter 10) [0.0, -0.7786, -0.2337] = 382.5973, sampling [1.0, 0.0556, -0.5819]. Recommendation = [0.0, -0.4622, 0.1038], Current Cost = 5105.00, Rho = 0.849
(iter 10) [0.0, -0.7786, -0.2337] = 382.5973, sampling [1.0, -0.3991, -0.5355]. Recommendation = [0.0, -0.4622, 0.1038], Current Cost = 5106.00, Rho = 0.849
(iter 10) [0.0, -0.7786, -0.2337] = 382.5973, sampling [1.0, 0.9941, 1.5935]. Recommendation = [0.0, -0.4622, 0.1038], Current Cost = 5107.00, Rho = 0.849
(iter 10) [0.0, -0.7786, -0.2337] = 382.5973, sampling [1.0, 0.6870, 0.2805]. Recommendation = [0.0, -0.4622, 0.1038], Current Cost = 5108.00, Rho = 0.849
(iter 10) [0.0, -0.7786, -0.2337] = 382.5973, sampling [1.0, 1.3066, 1.8374]. Recommendation = [0.0, -0.4622, 0.1038], Current Cost = 5109.00, Rho = 0.849
(iter 10) [0.0, -0.7786, -0.2337] = 382.5973, sampling [1.0, 1.2332, 1.0283]. Recommendation = [0.0, -0.4622, 0.1038], Current Cost = 5110.00, Rho = 0.849
(iter 10) [0.0, -0.7786, -0.2337] = 382.5973, sampling [1.0, -1.0170, 1.4147]. Recommendation = [0.0, -0.4622, 0.1038], Current Cost = 5111.00, Rho = 0.849
(iter 10) [0.0, -0.7786, -0.2337] = 382.5973, sampling [1.0, -0.8377, 1.3375]. Recommendation = [0.0, -0.4622, 0.1038], Current Cost = 5112.00, Rho = 0.849
(iter 10) [0.0, -0.7786, -0.2337] = 382.5973, sampling [1.0, -0.1398, 1.8065]. Recommendation = [0.0, -0.4622, 0.1038], Current Cost = 5113.00, Rho = 0.849
(iter 10) [0.0, -0.7786, -0.2337] = 382.5973, sampling [1.0, 1.5122, 1.3067]. Recommendation = [0.0, -0.4622, 0.1038], Current Cost = 5114.00, Rho = 0.849
(iter 10) [0.0, -0.7786, -0.2337] = 382.5973, sampling [1.0, -0.8211, 1.0124]. Recommendation = [0.0, -0.4622, 0.1038], Current Cost = 5115.00, Rho = 0.849
(iter 10) [0.0, -0.7786, -0.2337] = 382.5973, sampling [1.0, 0.5605, 0.9644]. Recommendation = [0.0, -0.4622, 0.1038], Current Cost = 5116.00, Rho = 0.849
(iter 10) [0.0, -0.7786, -0.2337] = 382.5973, sampling [1.0, -0.1558, 0.9108]. Recommendation = [0.0, -0.4622, 0.1038], Current Cost = 5117.00, Rho = 0.849
(iter 10) [0.0, -0.7786, -0.2337] = 382.5973, sampling [1.0, -1.2947, 1.3645]. Recommendation = [0.0, -0.4622, 0.1038], Current Cost = 5118.00, Rho = 0.849
(iter 10) [0.0, -0.7786, -0.2337] = 382.5973, sampling [1.0, -1.4103, 0.8842]. Recommendation = [0.0, -0.4622, 0.1038], Current Cost = 5119.00, Rho = 0.849
(iter 10) [0.0, -0.7786, -0.2337] = 382.5973, sampling [1.0, 1.2812, 1.9574]. Recommendation = [0.0, -0.4622, 0.1038], Current Cost = 5120.00, Rho = 0.849
(iter 10) [0.0, -0.7786, -0.2337] = 382.5973, sampling [1.0, 1.4113, 1.8902]. Recommendation = [0.0, -0.4622, 0.1038], Current Cost = 5121.00, Rho = 0.849
(iter 10) [0.0, -0.7786, -0.2337] = 382.5973, sampling [1.0, 1.0206, -0.1333]. Recommendation = [0.0, -0.4622, 0.1038], Current Cost = 5122.00, Rho = 0.849
(iter 10) [0.0, -0.7786, -0.2337] = 382.5973, sampling [1.0, -1.0668, 1.3299]. Recommendation = [0.0, -0.4622, 0.1038], Current Cost = 5123.00, Rho = 0.849
(iter 10) [0.0, -0.7786, -0.2337] = 382.5973, sampling [1.0, -1.1084, 1.6222]. Recommendation = [0.0, -0.4622, 0.1038], Current Cost = 5124.00, Rho = 0.849
(iter 10) [0.0, -0.7786, -0.2337] = 382.5973, sampling [1.0, 0.2135, -0.6855]. Recommendation = [0.0, -0.4622, 0.1038], Current Cost = 5125.00, Rho = 0.849
(iter 10) [0.0, -0.7786, -0.2337] = 382.5973, sampling [1.0, -0.0393, -0.5950]. Recommendation = [0.0, -0.4622, 0.1038], Current Cost = 5126.00, Rho = 0.849
(iter 10) [0.0, -0.7786, -0.2337] = 382.5973, sampling [1.0, 1.0050, 1.7029]. Recommendation = [0.0, -0.4622, 0.1038], Current Cost = 5127.00, Rho = 0.849
(iter 10) [0.0, -0.7786, -0.2337] = 382.5973, sampling [1.0, -1.1998, 0.3788]. Recommendation = [0.0, -0.4622, 0.1038], Current Cost = 5128.00, Rho = 0.849
(iter 10) [0.0, -0.7786, -0.2337] = 382.5973, sampling [1.0, 0.2674, 1.0827]. Recommendation = [0.0, -0.4622, 0.1038], Current Cost = 5129.00, Rho = 0.849
(iter 10) [0.0, -0.7786, -0.2337] = 382.5973, sampling [1.0, -0.4736, -0.4908]. Recommendation = [0.0, -0.4622, 0.1038], Current Cost = 5130.00, Rho = 0.849
(iter 10) [0.0, -0.7786, -0.2337] = 382.5973, sampling [1.0, 0.6613, -0.5417]. Recommendation = [0.0, -0.4622, 0.1038], Current Cost = 5131.00, Rho = 0.849
(iter 10) [0.0, -0.7786, -0.2337] = 382.5973, sampling [1.0, 1.5223, 1.9776]. Recommendation = [0.0, -0.4622, 0.1038], Current Cost = 5132.00, Rho = 0.849
(iter 10) [0.0, -0.7786, -0.2337] = 382.5973, sampling [1.0, 1.5614, 1.8587]. Recommendation = [0.0, -0.4622, 0.1038], Current Cost = 5133.00, Rho = 0.849
(iter 10) [0.0, -0.7786, -0.2337] = 382.5973, sampling [1.0, 0.0281, 1.1669]. Recommendation = [0.0, -0.4622, 0.1038], Current Cost = 5134.00, Rho = 0.849
(iter 10) [0.0, -0.7786, -0.2337] = 382.5973, sampling [1.0, -0.8723, 1.7889]. Recommendation = [0.0, -0.4622, 0.1038], Current Cost = 5135.00, Rho = 0.849
(iter 10) [0.0, -0.7786, -0.2337] = 382.5973, sampling [1.0, -1.3704, 1.6925]. Recommendation = [0.0, -0.4622, 0.1038], Current Cost = 5136.00, Rho = 0.849
(iter 10) [0.0, -0.7786, -0.2337] = 382.5973, sampling [1.0, -1.5864, 1.4005]. Recommendation = [0.0, -0.4622, 0.1038], Current Cost = 5137.00, Rho = 0.849
(iter 10) [0.0, -0.7786, -0.2337] = 382.5973, sampling [1.0, -1.2760, 1.4823]. Recommendation = [0.0, -0.4622, 0.1038], Current Cost = 5138.00, Rho = 0.849
(iter 10) [0.0, -0.7786, -0.2337] = 382.5973, sampling [1.0, 0.6052, 1.1411]. Recommendation = [0.0, -0.4622, 0.1038], Current Cost = 5139.00, Rho = 0.849
(iter 10) [0.0, -0.7786, -0.2337] = 382.5973, sampling [1.0, 0.4876, 1.7803]. Recommendation = [0.0, -0.4622, 0.1038], Current Cost = 5140.00, Rho = 0.849
(iter 10) [0.0, -0.7786, -0.2337] = 382.5973, sampling [1.0, -0.0015, -0.5132]. Recommendation = [0.0, -0.4622, 0.1038], Current Cost = 5141.00, Rho = 0.849
(iter 10) [0.0, -0.7786, -0.2337] = 382.5973, sampling [1.0, 1.6004, 1.5185]. Recommendation = [0.0, -0.4622, 0.1038], Current Cost = 5142.00, Rho = 0.849
(iter 10) [0.0, -0.7786, -0.2337] = 382.5973, sampling [1.0, -0.4137, 1.3837]. Recommendation = [0.0, -0.4622, 0.1038], Current Cost = 5143.00, Rho = 0.849
(iter 10) [0.0, -0.7786, -0.2337] = 382.5973, sampling [1.0, 0.4483, 1.1310]. Recommendation = [0.0, -0.4622, 0.1038], Current Cost = 5144.00, Rho = 0.849
(iter 10) [0.0, -0.7786, -0.2337] = 382.5973, sampling [1.0, 0.7251, -0.1646]. Recommendation = [0.0, -0.4622, 0.1038], Current Cost = 5145.00, Rho = 0.849
(iter 10) [0.0, -0.7786, -0.2337] = 382.5973, sampling [1.0, -1.3076, 1.9887]. Recommendation = [0.0, -0.4622, 0.1038], Current Cost = 5146.00, Rho = 0.849
(iter 10) [0.0, -0.7786, -0.2337] = 382.5973, sampling [1.0, -1.0867, 1.7970]. Recommendation = [0.0, -0.4622, 0.1038], Current Cost = 5147.00, Rho = 0.849
(iter 10) [0.0, -0.7786, -0.2337] = 382.5973, sampling [1.0, 1.3955, 0.2050]. Recommendation = [0.0, -0.4622, 0.1038], Current Cost = 5148.00, Rho = 0.849
(iter 10) [0.0, -0.7786, -0.2337] = 382.5973, sampling [1.0, 1.1079, 0.7888]. Recommendation = [0.0, -0.4622, 0.1038], Current Cost = 5149.00, Rho = 0.849
(iter 10) [0.0, -0.7786, -0.2337] = 382.5973, sampling [1.0, -0.8998, -0.2671]. Recommendation = [0.0, -0.4622, 0.1038], Current Cost = 5150.00, Rho = 0.849
(iter 10) [0.0, -0.7786, -0.2337] = 382.5973, sampling [1.0, -0.3670, -0.7504]. Recommendation = [0.0, -0.4622, 0.1038], Current Cost = 5151.00, Rho = 0.849
(iter 10) [0.0, -0.7786, -0.2337] = 382.5973, sampling [1.0, -0.6178, -0.4166]. Recommendation = [0.0, -0.4622, 0.1038], Current Cost = 5152.00, Rho = 0.849
(iter 10) [0.0, -0.7786, -0.2337] = 382.5973, sampling [1.0, 0.0975, -0.7784]. Recommendation = [0.0, -0.4622, 0.1038], Current Cost = 5153.00, Rho = 0.849
(iter 10) [0.0, -0.7786, -0.2337] = 382.5973, sampling [1.0, -1.6620, 1.8195]. Recommendation = [0.0, -0.4622, 0.1038], Current Cost = 5154.00, Rho = 0.849
(iter 10) [0.0, -0.7786, -0.2337] = 382.5973, sampling [1.0, 1.5085, 1.0409]. Recommendation = [0.0, -0.4622, 0.1038], Current Cost = 5155.00, Rho = 0.849
(iter 10) [0.0, -0.7786, -0.2337] = 382.5973, sampling [1.0, 0.4025, -0.8608]. Recommendation = [0.0, -0.4622, 0.1038], Current Cost = 5156.00, Rho = 0.849
(iter 10) [0.0, -0.7786, -0.2337] = 382.5973, sampling [1.0, 1.0934, 0.3675]. Recommendation = [0.0, -0.4622, 0.1038], Current Cost = 5157.00, Rho = 0.849
(iter 10) [0.0, -0.7786, -0.2337] = 382.5973, sampling [1.0, -0.5430, -0.6295]. Recommendation = [0.0, -0.4622, 0.1038], Current Cost = 5158.00, Rho = 0.849
(iter 10) [0.0, -0.7786, -0.2337] = 382.5973, sampling [1.0, -1.1363, 1.9924]. Recommendation = [0.0, -0.4622, 0.1038], Current Cost = 5159.00, Rho = 0.849
(iter 10) [0.0, -0.7786, -0.2337] = 382.5973, sampling [1.0, 1.1900, 0.6254]. Recommendation = [0.0, -0.4622, 0.1038], Current Cost = 5160.00, Rho = 0.849
(iter 10) [0.0, -0.7786, -0.2337] = 382.5973, sampling [1.0, 0.3407, 1.0576]. Recommendation = [0.0, -0.4622, 0.1038], Current Cost = 5161.00, Rho = 0.849
(iter 10) [0.0, -0.7786, -0.2337] = 382.5973, sampling [1.0, -0.4067, -0.6073]. Recommendation = [0.0, -0.4622, 0.1038], Current Cost = 5162.00, Rho = 0.849
(iter 10) [0.0, -0.7786, -0.2337] = 382.5973, sampling [1.0, -0.0974, 1.2930]. Recommendation = [0.0, -0.4622, 0.1038], Current Cost = 5163.00, Rho = 0.849
(iter 10) [0.0, -0.7786, -0.2337] = 382.5973, sampling [1.0, 0.8805, 1.7594]. Recommendation = [0.0, -0.4622, 0.1038], Current Cost = 5164.00, Rho = 0.849
(iter 10) [0.0, -0.7786, -0.2337] = 382.5973, sampling [1.0, 0.1978, 1.2160]. Recommendation = [0.0, -0.4622, 0.1038], Current Cost = 5165.00, Rho = 0.849
(iter 10) [0.0, -0.7786, -0.2337] = 382.5973, sampling [1.0, -0.7853, 1.6369]. Recommendation = [0.0, -0.4622, 0.1038], Current Cost = 5166.00, Rho = 0.849
(iter 10) [0.0, -0.7786, -0.2337] = 382.5973, sampling [1.0, -0.0520, -1.0474]. Recommendation = [0.0, -0.4622, 0.1038], Current Cost = 5167.00, Rho = 0.849
(iter 10) [0.0, -0.7786, -0.2337] = 382.5973, sampling [1.0, 0.7044, 1.5837]. Recommendation = [0.0, -0.4622, 0.1038], Current Cost = 5168.00, Rho = 0.849
(iter 10) [0.0, -0.7786, -0.2337] = 382.5973, sampling [1.0, 0.8532, -0.0591]. Recommendation = [0.0, -0.4622, 0.1038], Current Cost = 5169.00, Rho = 0.849
(iter 10) [0.0, -0.7786, -0.2337] = 382.5973, sampling [1.0, 0.8309, -0.3413]. Recommendation = [0.0, -0.4622, 0.1038], Current Cost = 5170.00, Rho = 0.849
(iter 10) [0.0, -0.7786, -0.2337] = 382.5973, sampling [1.0, -1.1586, 0.2380]. Recommendation = [0.0, -0.4622, 0.1038], Current Cost = 5171.00, Rho = 0.849
(iter 10) [0.0, -0.7786, -0.2337] = 382.5973, sampling [1.0, 0.3611, 1.2667]. Recommendation = [0.0, -0.4622, 0.1038], Current Cost = 5172.00, Rho = 0.849
(iter 10) [0.0, -0.7786, -0.2337] = 382.5973, sampling [1.0, -0.6100, 1.9650]. Recommendation = [0.0, -0.4622, 0.1038], Current Cost = 5173.00, Rho = 0.849
(iter 10) [0.0, -0.7786, -0.2337] = 382.5973, sampling [1.0, -1.3898, 1.3133]. Recommendation = [0.0, -0.4622, 0.1038], Current Cost = 5174.00, Rho = 0.849
(iter 10) [0.0, -0.7786, -0.2337] = 382.5973, sampling [1.0, 1.3506, 0.9326]. Recommendation = [0.0, -0.4622, 0.1038], Current Cost = 5175.00, Rho = 0.849
(iter 10) [0.0, -0.7786, -0.2337] = 382.5973, sampling [1.0, 0.1428, -0.9417]. Recommendation = [0.0, -0.4622, 0.1038], Current Cost = 5176.00, Rho = 0.849
(iter 10) [0.0, -0.7786, -0.2337] = 382.5973, sampling [1.0, 1.8200, 1.1806]. Recommendation = [0.0, -0.4622, 0.1038], Current Cost = 5177.00, Rho = 0.849
(iter 10) [0.0, -0.7786, -0.2337] = 382.5973, sampling [1.0, 0.4918, 1.3879]. Recommendation = [0.0, -0.4622, 0.1038], Current Cost = 5178.00, Rho = 0.849
(iter 10) [0.0, -0.7786, -0.2337] = 382.5973, sampling [1.0, -1.4274, 0.5187]. Recommendation = [0.0, -0.4622, 0.1038], Current Cost = 5179.00, Rho = 0.849
(iter 10) [0.0, -0.7786, -0.2337] = 382.5973, sampling [1.0, 0.4128, 1.0690]. Recommendation = [0.0, -0.4622, 0.1038], Current Cost = 5180.00, Rho = 0.849
(iter 10) [0.0, -0.7786, -0.2337] = 382.5973, sampling [1.0, 0.6533, -0.7267]. Recommendation = [0.0, -0.4622, 0.1038], Current Cost = 5181.00, Rho = 0.849
(iter 10) [0.0, -0.7786, -0.2337] = 382.5973, sampling [1.0, -1.0539, 0.1118]. Recommendation = [0.0, -0.4622, 0.1038], Current Cost = 5182.00, Rho = 0.849
(iter 10) [0.0, -0.7786, -0.2337] = 382.5973, sampling [1.0, -1.1125, 0.5631]. Recommendation = [0.0, -0.4622, 0.1038], Current Cost = 5183.00, Rho = 0.849
(iter 10) [0.0, -0.7786, -0.2337] = 382.5973, sampling [1.0, -1.4579, 1.6578]. Recommendation = [0.0, -0.4622, 0.1038], Current Cost = 5184.00, Rho = 0.849
(iter 10) [0.0, -0.7786, -0.2337] = 382.5973, sampling [1.0, -1.0324, 0.5400]. Recommendation = [0.0, -0.4622, 0.1038], Current Cost = 5185.00, Rho = 0.849
(iter 10) [0.0, -0.7786, -0.2337] = 382.5973, sampling [1.0, 0.7154, 1.8771]. Recommendation = [0.0, -0.4622, 0.1038], Current Cost = 5186.00, Rho = 0.849
(iter 10) [0.0, -0.7786, -0.2337] = 382.5973, sampling [1.0, -0.2014, 1.4910]. Recommendation = [0.0, -0.4622, 0.1038], Current Cost = 5187.00, Rho = 0.849
(iter 10) [0.0, -0.7786, -0.2337] = 382.5973, sampling [1.0, 0.9616, -0.6218]. Recommendation = [0.0, -0.4622, 0.1038], Current Cost = 5188.00, Rho = 0.849
(iter 10) [0.0, -0.7786, -0.2337] = 382.5973, sampling [1.0, -0.5220, 1.4650]. Recommendation = [0.0, -0.4622, 0.1038], Current Cost = 5189.00, Rho = 0.849
(iter 10) [0.0, -0.7786, -0.2337] = 382.5973, sampling [1.0, 1.6861, 1.6453]. Recommendation = [0.0, -0.4622, 0.1038], Current Cost = 5190.00, Rho = 0.849
(iter 10) [0.0, -0.7786, -0.2337] = 382.5973, sampling [1.0, -1.9973, 1.5861]. Recommendation = [0.0, -0.4622, 0.1038], Current Cost = 5191.00, Rho = 0.849
(iter 10) [0.0, -0.7786, -0.2337] = 382.5973, sampling [1.0, 0.7934, -0.2160]. Recommendation = [0.0, -0.4622, 0.1038], Current Cost = 5192.00, Rho = 0.849
(iter 10) [0.0, -0.7786, -0.2337] = 382.5973, sampling [1.0, 0.9547, 1.6866]. Recommendation = [0.0, -0.4622, 0.1038], Current Cost = 5193.00, Rho = 0.849
(iter 10) [0.0, -0.7786, -0.2337] = 382.5973, sampling [1.0, -0.3698, -0.8497]. Recommendation = [0.0, -0.4622, 0.1038], Current Cost = 5194.00, Rho = 0.849
(iter 10) [0.0, -0.7786, -0.2337] = 382.5973, sampling [1.0, -1.4510, 1.4251]. Recommendation = [0.0, -0.4622, 0.1038], Current Cost = 5195.00, Rho = 0.849
(iter 10) [0.0, -0.7786, -0.2337] = 382.5973, sampling [1.0, -0.6523, -0.6708]. Recommendation = [0.0, -0.4622, 0.1038], Current Cost = 5196.00, Rho = 0.849
(iter 10) [0.0, -0.7786, -0.2337] = 382.5973, sampling [1.0, -0.9629, 1.8961]. Recommendation = [0.0, -0.4622, 0.1038], Current Cost = 5197.00, Rho = 0.849
(iter 10) [0.0, -0.7786, -0.2337] = 382.5973, sampling [1.0, 1.3674, 0.7156]. Recommendation = [0.0, -0.4622, 0.1038], Current Cost = 5198.00, Rho = 0.849
(iter 10) [0.0, -0.7786, -0.2337] = 382.5973, sampling [1.0, -0.1226, 1.1864]. Recommendation = [0.0, -0.4622, 0.1038], Current Cost = 5199.00, Rho = 0.849
(iter 10) [0.0, -0.7786, -0.2337] = 382.5973, sampling [1.0, 0.1635, -1.1643]. Recommendation = [0.0, -0.4622, 0.1038], Current Cost = 5200.00, Rho = 0.849
(iter 10) [0.0, -0.7786, -0.2337] = 382.5973, sampling [1.0, 0.5110, 1.6003]. Recommendation = [0.0, -0.4622, 0.1038], Current Cost = 5201.00, Rho = 0.849
(iter 10) [0.0, -0.7786, -0.2337] = 382.5973, sampling [1.0, -1.1893, 0.0050]. Recommendation = [0.0, -0.4622, 0.1038], Current Cost = 5202.00, Rho = 0.849
(iter 10) [0.0, -0.7786, -0.2337] = 382.5973, sampling [1.0, -0.3155, -1.2527]. Recommendation = [0.0, -0.4622, 0.1038], Current Cost = 5203.00, Rho = 0.849
(iter 10) [0.0, -0.7786, -0.2337] = 382.5973, sampling [1.0, 1.1654, 0.0410]. Recommendation = [0.0, -0.4622, 0.1038], Current Cost = 5204.00, Rho = 0.849
(iter 10) [0.0, -0.7786, -0.2337] = 382.5973, sampling [1.0, 0.7650, -0.4553]. Recommendation = [0.0, -0.4622, 0.1038], Current Cost = 5205.00, Rho = 0.849
(iter 10) [0.0, -0.7786, -0.2337] = 382.5973, sampling [1.0, 0.2402, 1.9452]. Recommendation = [0.0, -0.4622, 0.1038], Current Cost = 5206.00, Rho = 0.849
(iter 10) [0.0, -0.7786, -0.2337] = 382.5973, sampling [1.0, 1.2618, 0.5956]. Recommendation = [0.0, -0.4622, 0.1038], Current Cost = 5207.00, Rho = 0.849
(iter 10) [0.0, -0.7786, -0.2337] = 382.5973, sampling [1.0, 1.1757, 0.2994]. Recommendation = [0.0, -0.4622, 0.1038], Current Cost = 5208.00, Rho = 0.849
(iter 10) [0.0, -0.7786, -0.2337] = 382.5973, sampling [1.0, 0.5998, -1.0146]. Recommendation = [0.0, -0.4622, 0.1038], Current Cost = 5209.00, Rho = 0.849
(iter 10) [0.0, -0.7786, -0.2337] = 382.5973, sampling [1.0, -0.7198, 1.4732]. Recommendation = [0.0, -0.4622, 0.1038], Current Cost = 5210.00, Rho = 0.849
(iter 10) [0.0, -0.7786, -0.2337] = 382.5973, sampling [1.0, -1.5554, 1.2145]. Recommendation = [0.0, -0.4622, 0.1038], Current Cost = 5211.00, Rho = 0.849
(iter 10) [0.0, -0.7786, -0.2337] = 382.5973, sampling [1.0, 1.6999, -0.4095]. Recommendation = [0.0, -0.4622, 0.1038], Current Cost = 5212.00, Rho = 0.849
(iter 10) [0.0, -0.7786, -0.2337] = 382.5973, sampling [1.0, 0.7033, -0.3321]. Recommendation = [0.0, -0.4622, 0.1038], Current Cost = 5213.00, Rho = 0.849
(iter 10) [0.0, -0.7786, -0.2337] = 382.5973, sampling [1.0, 0.9217, -0.0913]. Recommendation = [0.0, -0.4622, 0.1038], Current Cost = 5214.00, Rho = 0.849
(iter 10) [0.0, -0.7786, -0.2337] = 382.5973, sampling [1.0, 0.8977, 1.6717]. Recommendation = [0.0, -0.4622, 0.1038], Current Cost = 5215.00, Rho = 0.849
(iter 10) [0.0, -0.7786, -0.2337] = 382.5973, sampling [1.0, -0.9530, -0.4751]. Recommendation = [0.0, -0.4622, 0.1038], Current Cost = 5216.00, Rho = 0.849
(iter 10) [0.0, -0.7786, -0.2337] = 382.5973, sampling [1.0, -0.5580, -1.0065]. Recommendation = [0.0, -0.4622, 0.1038], Current Cost = 5217.00, Rho = 0.849
(iter 10) [0.0, -0.7786, -0.2337] = 382.5973, sampling [1.0, -0.4544, -0.8089]. Recommendation = [0.0, -0.4622, 0.1038], Current Cost = 5218.00, Rho = 0.849
(iter 10) [0.0, -0.7786, -0.2337] = 382.5973, sampling [1.0, 0.6180, 1.5409]. Recommendation = [0.0, -0.4622, 0.1038], Current Cost = 5219.00, Rho = 0.849
(iter 10) [0.0, -0.7786, -0.2337] = 382.5973, sampling [1.0, 0.0379, -1.6399]. Recommendation = [0.0, -0.4622, 0.1038], Current Cost = 5220.00, Rho = 0.849
(iter 10) [0.0, -0.7786, -0.2337] = 382.5973, sampling [1.0, 1.7071, 1.7311]. Recommendation = [0.0, -0.4622, 0.1038], Current Cost = 5221.00, Rho = 0.849
(iter 10) [0.0, -0.7786, -0.2337] = 382.5973, sampling [1.0, 0.3280, -1.2789]. Recommendation = [0.0, -0.4622, 0.1038], Current Cost = 5222.00, Rho = 0.849
(iter 10) [0.0, -0.7786, -0.2337] = 382.5973, sampling [1.0, 1.0492, -0.0299]. Recommendation = [0.0, -0.4622, 0.1038], Current Cost = 5223.00, Rho = 0.849
(iter 10) [0.0, -0.7786, -0.2337] = 382.5973, sampling [1.0, 0.5196, -0.8649]. Recommendation = [0.0, -0.4622, 0.1038], Current Cost = 5224.00, Rho = 0.849
(iter 10) [0.0, -0.7786, -0.2337] = 382.5973, sampling [1.0, -0.2939, 1.5747]. Recommendation = [0.0, -0.4622, 0.1038], Current Cost = 5225.00, Rho = 0.849
(iter 10) [0.0, -0.7786, -0.2337] = 382.5973, sampling [1.0, 1.5466, 1.1525]. Recommendation = [0.0, -0.4622, 0.1038], Current Cost = 5226.00, Rho = 0.849
(iter 10) [0.0, -0.7786, -0.2337] = 382.5973, sampling [1.0, 1.2460, 0.4972]. Recommendation = [0.0, -0.4622, 0.1038], Current Cost = 5227.00, Rho = 0.849
(iter 10) [0.0, -0.7786, -0.2337] = 382.5973, sampling [1.0, -1.6694, 0.8679]. Recommendation = [0.0, -0.4622, 0.1038], Current Cost = 5228.00, Rho = 0.849
(iter 10) [0.0, -0.7786, -0.2337] = 382.5973, sampling [1.0, -1.3126, 0.2730]. Recommendation = [0.0, -0.4622, 0.1038], Current Cost = 5229.00, Rho = 0.849
(iter 10) [0.0, -0.7786, -0.2337] = 382.5973, sampling [1.0, 1.5957, 0.7107]. Recommendation = [0.0, -0.4622, 0.1038], Current Cost = 5230.00, Rho = 0.849
(iter 10) [0.0, -0.7786, -0.2337] = 382.5973, sampling [1.0, 0.7741, -0.6595]. Recommendation = [0.0, -0.4622, 0.1038], Current Cost = 5231.00, Rho = 0.849
(iter 10) [0.0, -0.7786, -0.2337] = 382.5973, sampling [1.0, -1.1693, -0.2317]. Recommendation = [0.0, -0.4622, 0.1038], Current Cost = 5232.00, Rho = 0.849
(iter 10) [0.0, -0.7786, -0.2337] = 382.5973, sampling [1.0, -0.7015, -0.8373]. Recommendation = [0.0, -0.4622, 0.1038], Current Cost = 5233.00, Rho = 0.849
(iter 10) [0.0, -0.7786, -0.2337] = 382.5973, sampling [0.0, 0.8090, 0.6975]. Recommendation = [0.0, -0.4622, 0.1038], Current Cost = 5234.00, Rho = 0.849
(iter 239) [0.0, 0.8090, 0.6975] = 456.0784, sampling [0.0, 0.0858, 0.1757]. Recommendation = [0.0, 0.8090, 0.6975], Current Cost = 6234.00, Rho = 0.849
(iter 239) [0.0, 0.8090, 0.6975] = 456.0784, sampling [0.0, 0.5501, 0.2594]. Recommendation = [0.0, 0.8090, 0.6975], Current Cost = 7234.00, Rho = 0.849
(iter 239) [0.0, 0.8090, 0.6975] = 456.0784, sampling [1.0, 1.2073, 0.1513]. Recommendation = [0.0, 0.8090, 0.6975], Current Cost = 8234.00, Rho = 0.849
(iter 239) [0.0, 0.8090, 0.6975] = 456.0784, sampling [0.0, -0.4189, 0.2944]. Recommendation = [0.0, 0.8090, 0.6975], Current Cost = 8235.00, Rho = 0.849
(iter 239) [0.0, 0.8090, 0.6975] = 456.0784, sampling [0.0, -0.2803, -0.0803]. Recommendation = [0.0, 0.8090, 0.6975], Current Cost = 9235.00, Rho = 0.849
(iter 239) [0.0, 0.8090, 0.6975] = 456.0784, sampling [0.0, 0.4703, 0.4475]. Recommendation = [0.0, 0.8090, 0.6975], Current Cost = 10235.00, Rho = 0.849
(iter 239) [0.0, 0.8090, 0.6975] = 456.0784, sampling [1.0, 0.9696, -0.4284]. Recommendation = [0.0, 0.8090, 0.6975], Current Cost = 11235.00, Rho = 0.849
(iter 239) [0.0, 0.8090, 0.6975] = 456.0784, sampling [0.0, 0.9786, 1.0065]. Recommendation = [0.0, 0.8090, 0.6975], Current Cost = 11236.00, Rho = 0.849
(iter 239) [0.0, 0.8090, 0.6975] = 456.0784, sampling [0.0, 0.2230, -0.1765]. Recommendation = [0.0, 0.8090, 0.6975], Current Cost = 12236.00, Rho = 0.849
(iter 239) [0.0, 0.8090, 0.6975] = 456.0784, sampling [0.0, 0.3881, 0.1269]. Recommendation = [0.0, -0.1460, 0.0792], Current Cost = 13236.00, Rho = 0.849
(iter 239) [0.0, 0.8090, 0.6975] = 456.0784, sampling [0.0, -0.1460, 0.0792]. Recommendation = [0.0, -0.1460, 0.0792], Current Cost = 14236.00, Rho = 0.849
(iter 239) [0.0, 0.8090, 0.6975] = 456.0784, sampling [0.0, -0.1145, 0.3411]. Recommendation = [0.0, 0.8090, 0.6975], Current Cost = 15236.00, Rho = 0.849
(iter 239) [0.0, 0.8090, 0.6975] = 456.0784, sampling [0.0, 1.1484, 1.4532]. Recommendation = [0.0, 0.8090, 0.6975], Current Cost = 16236.00, Rho = 0.849
(iter 239) [0.0, 0.8090, 0.6975] = 456.0784, sampling [1.0, 0.8677, 1.6781]. Recommendation = [0.0, 0.8090, 0.6975], Current Cost = 17236.00, Rho = 0.849
(iter 239) [0.0, 0.8090, 0.6975] = 456.0784, sampling [0.0, -0.4446, 0.0840]. Recommendation = [0.0, 0.8090, 0.6975], Current Cost = 17237.00, Rho = 0.849
(iter 239) [0.0, 0.8090, 0.6975] = 456.0784, sampling [0.0, 0.6691, 0.5777]. Recommendation = [0.0, 0.8090, 0.6975], Current Cost = 18237.00, Rho = 0.849
(iter 239) [0.0, 0.8090, 0.6975] = 456.0784, sampling [0.0, -0.7670, 0.6350]. Recommendation = [0.0, 0.8090, 0.6975], Current Cost = 19237.00, Rho = 0.849
(iter 239) [0.0, 0.8090, 0.6975] = 456.0784, sampling [0.0, -0.6606, 0.3904]. Recommendation = [0.0, 0.8090, 0.6975], Current Cost = 20237.00, Rho = 0.849
(iter 239) [0.0, 0.8090, 0.6975] = 456.0784, sampling [0.0, 1.0399, 0.8531]. Recommendation = [0.0, 0.8090, 0.6975], Current Cost = 21237.00, Rho = 0.849
(iter 239) [0.0, 0.8090, 0.6975] = 456.0784, sampling [1.0, 0.8351, -0.5248]. Recommendation = [0.0, 0.8090, 0.6975], Current Cost = 22237.00, Rho = 0.849
(iter 239) [0.0, 0.8090, 0.6975] = 456.0784, sampling [0.0, 0.9329, 0.4042]. Recommendation = [0.0, 0.8090, 0.6975], Current Cost = 22238.00, Rho = 0.849
(iter 239) [0.0, 0.8090, 0.6975] = 456.0784, sampling [0.0, 0.2297, 0.2560]. Recommendation = [0.0, 0.8090, 0.6975], Current Cost = 23238.00, Rho = 0.849
(iter 239) [0.0, 0.8090, 0.6975] = 456.0784, sampling [0.0, 0.2779, 0.0337]. Recommendation = [0.0, 0.8090, 0.6975], Current Cost = 24238.00, Rho = 0.849
(iter 239) [0.0, 0.8090, 0.6975] = 456.0784, sampling [0.0, 0.7405, 1.1084]. Recommendation = [0.0, 0.8090, 0.6975], Current Cost = 25238.00, Rho = 0.849
(iter 239) [0.0, 0.8090, 0.6975] = 456.0784, sampling [0.0, -0.3817, 0.4485]. Recommendation = [0.0, 0.8090, 0.6975], Current Cost = 26238.00, Rho = 0.849
(iter 239) [0.0, 0.8090, 0.6975] = 456.0784, sampling [0.0, -0.8809, 0.9859]. Recommendation = [0.0, 0.8090, 0.6975], Current Cost = 27238.00, Rho = 0.849
(iter 239) [0.0, 0.8090, 0.6975] = 456.0784, sampling [1.0, -1.4349, 0.7645]. Recommendation = [0.0, 0.8090, 0.6975], Current Cost = 28238.00, Rho = 0.849
(iter 239) [0.0, 0.8090, 0.6975] = 456.0784, sampling [1.0, -1.6058, 1.5238]. Recommendation = [0.0, 0.8090, 0.6975], Current Cost = 28239.00, Rho = 0.849
(iter 239) [0.0, 0.8090, 0.6975] = 456.0784, sampling [0.0, 0.6768, 0.3244]. Recommendation = [0.0, 0.8090, 0.6975], Current Cost = 28240.00, Rho = 0.849
(iter 239) [0.0, 0.8090, 0.6975] = 456.0784, sampling [0.0, -1.0668, 1.3299]. Recommendation = [0.0, 0.8090, 0.6975], Current Cost = 29240.00, Rho = 0.849
(iter 239) [0.0, 0.8090, 0.6975] = 456.0784, sampling [1.0, -0.6423, 1.4401]. Recommendation = [0.0, 0.8090, 0.6975], Current Cost = 30240.00, Rho = 0.849
(iter 239) [0.0, 0.8090, 0.6975] = 456.0784, sampling [1.0, -1.5433, 1.3038]. Recommendation = [0.0, 0.8090, 0.6975], Current Cost = 30241.00, Rho = 0.849
(iter 239) [0.0, 0.8090, 0.6975] = 456.0784, sampling [1.0, -0.9483, 1.8513]. Recommendation = [0.0, 0.8090, 0.6975], Current Cost = 30242.00, Rho = 0.849
(iter 239) [0.0, 0.8090, 0.6975] = 456.0784, sampling [1.0, -0.3540, 1.8422]. Recommendation = [0.0, 0.8090, 0.6975], Current Cost = 30243.00, Rho = 0.849
(iter 239) [0.0, 0.8090, 0.6975] = 456.0784, sampling [0.0, -1.3704, 1.6925]. Recommendation = [0.0, 0.8090, 0.6975], Current Cost = 30244.00, Rho = 0.849
(iter 239) [0.0, 0.8090, 0.6975] = 456.0784, sampling [1.0, -1.7799, 1.8662]. Recommendation = [0.0, 0.8090, 0.6975], Current Cost = 31244.00, Rho = 0.849
(iter 239) [0.0, 0.8090, 0.6975] = 456.0784, sampling [1.0, -1.4776, 0.9161]. Recommendation = [0.0, 0.8090, 0.6975], Current Cost = 31245.00, Rho = 0.849
(iter 239) [0.0, 0.8090, 0.6975] = 456.0784, sampling [0.0, -1.2760, 1.4823]. Recommendation = [0.0, 0.8090, 0.6975], Current Cost = 31246.00, Rho = 0.849
(iter 239) [0.0, 0.8090, 0.6975] = 456.0784, sampling [0.0, -1.3076, 1.9887]. Recommendation = [0.0, 0.8090, 0.6975], Current Cost = 32246.00, Rho = 0.849
(iter 239) [0.0, 0.8090, 0.6975] = 456.0784, sampling [1.0, 0.3839, 1.7073]. Recommendation = [0.0, 0.8090, 0.6975], Current Cost = 33246.00, Rho = 0.849
(iter 239) [0.0, 0.8090, 0.6975] = 456.0784, sampling [0.0, -1.1084, 1.6222]. Recommendation = [0.0, 0.8090, 0.6975], Current Cost = 33247.00, Rho = 0.849
(iter 239) [0.0, 0.8090, 0.6975] = 456.0784, sampling [1.0, -1.6998, 1.2251]. Recommendation = [0.0, 0.8090, 0.6975], Current Cost = 34247.00, Rho = 0.849
(iter 239) [0.0, 0.8090, 0.6975] = 456.0784, sampling [0.0, 1.2212, 1.7216]. Recommendation = [0.0, 0.8090, 0.6975], Current Cost = 34248.00, Rho = 0.849
(iter 239) [0.0, 0.8090, 0.6975] = 456.0784, sampling [0.0, 0.6287, -0.0503]. Recommendation = [0.0, 0.8090, 0.6975], Current Cost = 35248.00, Rho = 0.849
(iter 239) [0.0, 0.8090, 0.6975] = 456.0784, sampling [0.0, 1.2799, 1.1206]. Recommendation = [0.0, 0.8090, 0.6975], Current Cost = 36248.00, Rho = 0.849
(iter 239) [0.0, 0.8090, 0.6975] = 456.0784, sampling [0.0, -0.7080, 0.7710]. Recommendation = [0.0, 0.8090, 0.6975], Current Cost = 37248.00, Rho = 0.849
(iter 239) [0.0, 0.8090, 0.6975] = 456.0784, sampling [0.0, 0.9046, 0.7794]. Recommendation = [0.0, 0.8090, 0.6975], Current Cost = 38248.00, Rho = 0.849
(iter 286) [0.0, 0.9046, 0.7794] = 456.1386, sampling [0.0, -0.0767, 0.0124]. Recommendation = [0.0, 0.9046, 0.7794], Current Cost = 39248.00, Rho = 0.849
(iter 286) [0.0, 0.9046, 0.7794] = 456.1386, sampling [0.0, -1.2510, 1.1006]. Recommendation = [0.0, 0.9046, 0.7794], Current Cost = 40248.00, Rho = 0.849
(iter 286) [0.0, 0.9046, 0.7794] = 456.1386, sampling [0.0, 0.5228, 0.6558]. Recommendation = [0.0, 0.9046, 0.7794], Current Cost = 41248.00, Rho = 0.849
(iter 286) [0.0, 0.9046, 0.7794] = 456.1386, sampling [0.0, -0.7385, 0.1637]. Recommendation = [0.0, 0.9046, 0.7794], Current Cost = 42248.00, Rho = 0.849
(iter 286) [0.0, 0.9046, 0.7794] = 456.1386, sampling [0.0, -0.8617, 0.6843]. Recommendation = [0.0, 0.9046, 0.7794], Current Cost = 43248.00, Rho = 0.849
(iter 286) [0.0, 0.9046, 0.7794] = 456.1386, sampling [0.0, -0.5445, 0.4368]. Recommendation = [0.0, 0.9046, 0.7794], Current Cost = 44248.00, Rho = 0.849
(iter 286) [0.0, 0.9046, 0.7794] = 456.1386, sampling [0.0, -0.0136, -0.4389]. Recommendation = [0.0, 0.9046, 0.7794], Current Cost = 45248.00, Rho = 0.849
(iter 286) [0.0, 0.9046, 0.7794] = 456.1386, sampling [1.0, 0.4461, -0.9534]. Recommendation = [0.0, 0.9046, 0.7794], Current Cost = 46248.00, Rho = 0.849
(iter 286) [0.0, 0.9046, 0.7794] = 456.1386, sampling [1.0, 0.1799, -0.9979]. Recommendation = [0.0, 0.9046, 0.7794], Current Cost = 46249.00, Rho = 0.849
(iter 286) [0.0, 0.9046, 0.7794] = 456.1386, sampling [1.0, 0.7536, -0.5615]. Recommendation = [0.0, 0.9046, 0.7794], Current Cost = 46250.00, Rho = 0.849
(iter 286) [0.0, 0.9046, 0.7794] = 456.1386, sampling [1.0, 1.1394, -0.1177]. Recommendation = [0.0, 0.9046, 0.7794], Current Cost = 46251.00, Rho = 0.849
(iter 286) [0.0, 0.9046, 0.7794] = 456.1386, sampling [0.0, 1.2812, 1.9574]. Recommendation = [0.0, 0.9046, 0.7794], Current Cost = 46252.00, Rho = 0.849
(iter 286) [0.0, 0.9046, 0.7794] = 456.1386, sampling [0.0, 0.4588, 0.0663]. Recommendation = [0.0, 0.9046, 0.7794], Current Cost = 47252.00, Rho = 0.849
(iter 286) [0.0, 0.9046, 0.7794] = 456.1386, sampling [0.0, -0.9838, 1.2339]. Recommendation = [0.0, 0.9046, 0.7794], Current Cost = 48252.00, Rho = 0.849
(iter 286) [0.0, 0.9046, 0.7794] = 456.1386, sampling [0.0, -0.2526, -0.1760]. Recommendation = [0.0, 0.9046, 0.7794], Current Cost = 49252.00, Rho = 0.849
(iter 286) [0.0, 0.9046, 0.7794] = 456.1386, sampling [0.0, 0.3519, -0.1936]. Recommendation = [0.0, 0.9046, 0.7794], Current Cost = 50252.00, Rho = 0.849
(iter 286) [0.0, 0.9046, 0.7794] = 456.1386, sampling [0.0, 0.9941, 1.5935]. Recommendation = [0.0, 0.9046, 0.7794], Current Cost = 51252.00, Rho = 0.849
(iter 286) [0.0, 0.9046, 0.7794] = 456.1386, sampling [0.0, 0.1530, -0.2986]. Recommendation = [0.0, 0.9046, 0.7794], Current Cost = 52252.00, Rho = 0.849
(iter 286) [0.0, 0.9046, 0.7794] = 456.1386, sampling [0.0, 1.3066, 1.8374]. Recommendation = [0.0, 0.9046, 0.7794], Current Cost = 53252.00, Rho = 0.849
(iter 286) [0.0, 0.9046, 0.7794] = 456.1386, sampling [0.0, 1.3778, 1.4381]. Recommendation = [0.0, 0.9046, 0.7794], Current Cost = 54252.00, Rho = 0.849
(iter 286) [0.0, 0.9046, 0.7794] = 456.1386, sampling [1.0, 1.6423, 1.5314]. Recommendation = [0.0, 0.9046, 0.7794], Current Cost = 55252.00, Rho = 0.849
(iter 286) [0.0, 0.9046, 0.7794] = 456.1386, sampling [0.0, -0.4280, -0.0091]. Recommendation = [0.0, 0.9046, 0.7794], Current Cost = 55253.00, Rho = 0.849
(iter 286) [0.0, 0.9046, 0.7794] = 456.1386, sampling [0.0, -0.5070, 0.3170]. Recommendation = [0.0, 0.9046, 0.7794], Current Cost = 56253.00, Rho = 0.849
(iter 286) [0.0, 0.9046, 0.7794] = 456.1386, sampling [0.0, 0.2806, 0.6649]. Recommendation = [0.0, 0.9046, 0.7794], Current Cost = 57253.00, Rho = 0.849
(iter 286) [0.0, 0.9046, 0.7794] = 456.1386, sampling [0.0, 0.7481, 0.6440]. Recommendation = [0.0, 0.9046, 0.7794], Current Cost = 58253.00, Rho = 0.849
(iter 286) [0.0, 0.9046, 0.7794] = 456.1386, sampling [0.0, -1.0115, 0.5246]. Recommendation = [0.0, 0.9046, 0.7794], Current Cost = 59253.00, Rho = 0.849
(iter 286) [0.0, 0.9046, 0.7794] = 456.1386, sampling [0.0, 1.4113, 1.8902]. Recommendation = [0.0, 0.9046, 0.7794], Current Cost = 60253.00, Rho = 0.849
(iter 286) [0.0, 0.9046, 0.7794] = 456.1386, sampling [0.0, -0.6266, 0.0207]. Recommendation = [0.0, 0.9046, 0.7794], Current Cost = 61253.00, Rho = 0.849
(iter 286) [0.0, 0.9046, 0.7794] = 456.1386, sampling [0.0, -0.2355, 0.5875]. Recommendation = [0.0, 0.9046, 0.7794], Current Cost = 62253.00, Rho = 0.849
(iter 286) [0.0, 0.9046, 0.7794] = 456.1386, sampling [0.0, -0.6854, 0.3067]. Recommendation = [0.0, 0.9046, 0.7794], Current Cost = 63253.00, Rho = 0.849
(iter 286) [0.0, 0.9046, 0.7794] = 456.1386, sampling [1.0, -1.7584, 1.5650]. Recommendation = [0.0, 0.9046, 0.7794], Current Cost = 64253.00, Rho = 0.849
(iter 286) [0.0, 0.9046, 0.7794] = 456.1386, sampling [0.0, 0.1047, 0.2699]. Recommendation = [0.0, 0.9046, 0.7794], Current Cost = 64254.00, Rho = 0.849
(iter 286) [0.0, 0.9046, 0.7794] = 456.1386, sampling [0.0, -1.2947, 1.3645]. Recommendation = [0.0, 0.9046, 0.7794], Current Cost = 65254.00, Rho = 0.849
(iter 286) [0.0, 0.9046, 0.7794] = 456.1386, sampling [0.0, -0.7458, 0.9701]. Recommendation = [0.0, 0.9046, 0.7794], Current Cost = 66254.00, Rho = 0.849
(iter 286) [0.0, 0.9046, 0.7794] = 456.1386, sampling [0.0, 0.0173, 0.1822]. Recommendation = [0.0, 0.9046, 0.7794], Current Cost = 67254.00, Rho = 0.849
(iter 286) [0.0, 0.9046, 0.7794] = 456.1386, sampling [0.0, -0.3448, -0.3628]. Recommendation = [0.0, 0.9046, 0.7794], Current Cost = 68254.00, Rho = 0.849
(iter 286) [0.0, 0.9046, 0.7794] = 456.1386, sampling [0.0, 0.5409, 0.8778]. Recommendation = [0.0, 0.9046, 0.7794], Current Cost = 69254.00, Rho = 0.849
(iter 286) [0.0, 0.9046, 0.7794] = 456.1386, sampling [0.0, 1.1282, 0.7361]. Recommendation = [0.0, 0.9046, 0.7794], Current Cost = 70254.00, Rho = 0.849
(iter 286) [0.0, 0.9046, 0.7794] = 456.1386, sampling [0.0, -0.8500, 1.1474]. Recommendation = [0.0, 0.9046, 0.7794], Current Cost = 71254.00, Rho = 0.849
(iter 286) [0.0, 0.9046, 0.7794] = 456.1386, sampling [0.0, -0.5709, 0.8036]. Recommendation = [0.0, 0.9046, 0.7794], Current Cost = 72254.00, Rho = 0.849
(iter 286) [0.0, 0.9046, 0.7794] = 456.1386, sampling [0.0, 0.3747, -0.3975]. Recommendation = [0.0, 0.9046, 0.7794], Current Cost = 73254.00, Rho = 0.849
(iter 286) [0.0, 0.9046, 0.7794] = 456.1386, sampling [0.0, -0.3383, -0.1416]. Recommendation = [0.0, 0.9046, 0.7794], Current Cost = 74254.00, Rho = 0.849
(iter 286) [0.0, 0.9046, 0.7794] = 456.1386, sampling [1.0, -0.5894, -1.9691]. Recommendation = [0.0, 0.9046, 0.7794], Current Cost = 75254.00, Rho = 0.849
(iter 286) [0.0, 0.9046, 0.7794] = 456.1386, sampling [0.0, -0.7248, 0.3716]. Recommendation = [0.0, 0.9046, 0.7794], Current Cost = 75255.00, Rho = 0.849
(iter 286) [0.0, 0.9046, 0.7794] = 456.1386, sampling [0.0, -1.0170, 1.4147]. Recommendation = [0.0, 0.9046, 0.7794], Current Cost = 76255.00, Rho = 0.849
(iter 286) [0.0, 0.9046, 0.7794] = 456.1386, sampling [0.0, 0.6870, 0.2805]. Recommendation = [0.0, 0.9046, 0.7794], Current Cost = 77255.00, Rho = 0.849
(iter 286) [0.0, 0.9046, 0.7794] = 456.1386, sampling [0.0, 1.1166, 1.5097]. Recommendation = [0.0, 0.9046, 0.7794], Current Cost = 78255.00, Rho = 0.849
(iter 286) [0.0, 0.9046, 0.7794] = 456.1386, sampling [1.0, 0.0618, -1.3981]. Recommendation = [0.0, 0.9046, 0.7794], Current Cost = 79255.00, Rho = 0.849
(iter 286) [0.0, 0.9046, 0.7794] = 456.1386, sampling [1.0, 1.4542, 0.7550]. Recommendation = [0.0, 0.9046, 0.7794], Current Cost = 79256.00, Rho = 0.849
(iter 286) [0.0, 0.9046, 0.7794] = 456.1386, sampling [0.0, -1.0867, 1.7970]. Recommendation = [0.0, 0.9046, 0.7794], Current Cost = 79257.00, Rho = 0.849
(iter 286) [0.0, 0.9046, 0.7794] = 456.1386, sampling [0.0, 1.5223, 1.9776]. Recommendation = [0.0, 0.9046, 0.7794], Current Cost = 80257.00, Rho = 0.849
(iter 286) [0.0, 0.9046, 0.7794] = 456.1386, sampling [0.0, 0.8062, 0.0281]. Recommendation = [0.0, 0.9046, 0.7794], Current Cost = 81257.00, Rho = 0.849
(iter 286) [0.0, 0.9046, 0.7794] = 456.1386, sampling [0.0, 0.3184, -0.1448]. Recommendation = [0.0, 0.9046, 0.7794], Current Cost = 82257.00, Rho = 0.849
(iter 286) [0.0, 0.9046, 0.7794] = 456.1386, sampling [1.0, -1.6299, 1.3471]. Recommendation = [0.0, 0.9046, 0.7794], Current Cost = 83257.00, Rho = 0.849
(iter 286) [0.0, 0.9046, 0.7794] = 456.1386, sampling [1.0, 1.7483, 1.3757]. Recommendation = [0.0, 0.9046, 0.7794], Current Cost = 83258.00, Rho = 0.849
(iter 286) [0.0, 0.9046, 0.7794] = 456.1386, sampling [1.0, 0.7308, -0.7689]. Recommendation = [0.0, 0.9046, 0.7794], Current Cost = 83259.00, Rho = 0.849
(iter 286) [0.0, 0.9046, 0.7794] = 456.1386, sampling [0.0, 1.3198, 1.2464]. Recommendation = [0.0, 0.9046, 0.7794], Current Cost = 83260.00, Rho = 0.849
(iter 286) [0.0, 0.9046, 0.7794] = 456.1386, sampling [0.0, 1.4405, 1.5518]. Recommendation = [0.0, 0.9046, 0.7794], Current Cost = 84260.00, Rho = 0.849
(iter 286) [0.0, 0.9046, 0.7794] = 456.1386, sampling [0.0, -0.8156, 0.2454]. Recommendation = [0.0, 0.9046, 0.7794], Current Cost = 85260.00, Rho = 0.849
(iter 286) [0.0, 0.9046, 0.7794] = 456.1386, sampling [0.0, -0.0479, 0.6236]. Recommendation = [0.0, 0.9046, 0.7794], Current Cost = 86260.00, Rho = 0.849
(iter 286) [0.0, 0.9046, 0.7794] = 456.1386, sampling [0.0, 1.2332, 1.0283]. Recommendation = [0.0, 0.9046, 0.7794], Current Cost = 87260.00, Rho = 0.849
(iter 286) [0.0, 0.9046, 0.7794] = 456.1386, sampling [0.0, -1.4579, 1.6578]. Recommendation = [0.0, 0.9046, 0.7794], Current Cost = 88260.00, Rho = 0.849
(iter 286) [0.0, 0.9046, 0.7794] = 456.1386, sampling [0.0, 0.0405, 0.1524]. Recommendation = [0.0, 0.9046, 0.7794], Current Cost = 89260.00, Rho = 0.849
(iter 286) [0.0, 0.9046, 0.7794] = 456.1386, sampling [0.0, -0.4622, 0.1038]. Recommendation = [0.0, 0.9046, 0.7794], Current Cost = 90260.00, Rho = 0.849
(iter 286) [0.0, 0.9046, 0.7794] = 456.1386, sampling [0.0, 0.0556, -0.5819]. Recommendation = [0.0, 0.9046, 0.7794], Current Cost = 91260.00, Rho = 0.849
(iter 286) [0.0, 0.9046, 0.7794] = 456.1386, sampling [1.0, 1.1267, -0.2572]. Recommendation = [0.0, 0.9046, 0.7794], Current Cost = 92260.00, Rho = 0.849
(iter 286) [0.0, 0.9046, 0.7794] = 456.1386, sampling [0.0, -0.8377, 1.3375]. Recommendation = [0.0, 0.9046, 0.7794], Current Cost = 92261.00, Rho = 0.849
(iter 286) [0.0, 0.9046, 0.7794] = 456.1386, sampling [0.0, -0.3077, 0.7217]. Recommendation = [0.0, 0.9046, 0.7794], Current Cost = 93261.00, Rho = 0.849
(iter 286) [0.0, 0.9046, 0.7794] = 456.1386, sampling [0.0, 0.6883, -0.2849]. Recommendation = [0.0, 0.9046, 0.7794], Current Cost = 94261.00, Rho = 0.849
(iter 286) [0.0, 0.9046, 0.7794] = 456.1386, sampling [0.0, -0.8211, 1.0124]. Recommendation = [0.0, 0.9046, 0.7794], Current Cost = 95261.00, Rho = 0.849
(iter 286) [0.0, 0.9046, 0.7794] = 456.1386, sampling [0.0, -1.1024, 0.6086]. Recommendation = [0.0, 0.9046, 0.7794], Current Cost = 96261.00, Rho = 0.849
(iter 286) [0.0, 0.9046, 0.7794] = 456.1386, sampling [0.0, -0.3908, 0.4162]. Recommendation = [0.0, 0.9046, 0.7794], Current Cost = 97261.00, Rho = 0.849
(iter 286) [0.0, 0.9046, 0.7794] = 456.1386, sampling [0.0, -0.4889, -0.3552]. Recommendation = [0.0, 0.9046, 0.7794], Current Cost = 98261.00, Rho = 0.849
(iter 286) [0.0, 0.9046, 0.7794] = 456.1386, sampling [1.0, -0.5341, 1.8848]. Recommendation = [0.0, 0.9046, 0.7794], Current Cost = 99261.00, Rho = 0.849
(iter 286) [0.0, 0.9046, 0.7794] = 456.1386, sampling [1.0, -0.0202, -1.0996]. Recommendation = [0.0, 0.9046, 0.7794], Current Cost = 99262.00, Rho = 0.849
(iter 286) [0.0, 0.9046, 0.7794] = 456.1386, sampling [1.0, -1.7043, 0.4143]. Recommendation = [0.0, 0.9046, 0.7794], Current Cost = 99263.00, Rho = 0.849
(iter 286) [0.0, 0.9046, 0.7794] = 456.1386, sampling [0.0, -1.4510, 1.4251]. Recommendation = [0.0, 0.9046, 0.7794], Current Cost = 99264.00, Rho = 0.849
