(iter 10) [0.0, -1.2721, 1.7490] = 449.4285, sampling [0.0, -0.9354, 1.1483]. Recommendation = [0.0, -1.2721, 1.7490], Current Cost = 5005.00, Rho = 0.015
(iter 10) [0.0, -1.2721, 1.7490] = 449.4285, sampling [0.0, -0.7926, 0.5923]. Recommendation = [0.0, -1.2721, 1.7490], Current Cost = 6005.00, Rho = 0.015
(iter 11) [0.0, -0.7926, 0.5923] = 452.9577, sampling [0.0, -1.2986, 0.8373]. Recommendation = [0.0, -0.7926, 0.5923], Current Cost = 7005.00, Rho = 0.015
(iter 11) [0.0, -0.7926, 0.5923] = 452.9577, sampling [0.0, -0.7844, 1.5513]. Recommendation = [0.0, -0.7926, 0.5923], Current Cost = 8005.00, Rho = 0.015
(iter 11) [0.0, -0.7926, 0.5923] = 452.9577, sampling [0.0, -1.2140, 1.3039]. Recommendation = [0.0, -0.7926, 0.5923], Current Cost = 9005.00, Rho = 0.015
(iter 11) [0.0, -0.7926, 0.5923] = 452.9577, sampling [0.0, -0.2556, 0.2757]. Recommendation = [0.0, -0.7926, 0.5923], Current Cost = 10005.00, Rho = 0.015
(iter 11) [0.0, -0.7926, 0.5923] = 452.9577, sampling [0.0, -0.4908, 0.6250]. Recommendation = [0.0, -0.7926, 0.5923], Current Cost = 11005.00, Rho = 0.015
(iter 11) [0.0, -0.7926, 0.5923] = 452.9577, sampling [0.0, -0.7394, 0.2588]. Recommendation = [0.0, -0.7926, 0.5923], Current Cost = 12005.00, Rho = 0.015
(iter 11) [0.0, -0.7926, 0.5923] = 452.9577, sampling [1.0, -0.6587, 0.4927]. Recommendation = [0.0, -0.6587, 0.4927], Current Cost = 13005.00, Rho = 0.015
(iter 11) [0.0, -0.7926, 0.5923] = 452.9577, sampling [1.0, -0.7926, 0.5923]. Recommendation = [0.0, -0.6587, 0.4927], Current Cost = 13006.00, Rho = 0.015
(iter 11) [0.0, -0.7926, 0.5923] = 452.9577, sampling [1.0, -0.4908, 0.6250]. Recommendation = [0.0, -0.6587, 0.4927], Current Cost = 13007.00, Rho = 0.015
(iter 11) [0.0, -0.7926, 0.5923] = 452.9577, sampling [0.0, -0.6044, 0.9915]. Recommendation = [0.0, -0.6587, 0.4927], Current Cost = 13008.00, Rho = 0.015
(iter 11) [0.0, -0.7926, 0.5923] = 452.9577, sampling [0.0, -0.3346, -0.1687]. Recommendation = [0.0, -0.6587, 0.4927], Current Cost = 14008.00, Rho = 0.015
(iter 11) [0.0, -0.7926, 0.5923] = 452.9577, sampling [1.0, -0.4860, 0.2501]. Recommendation = [0.0, -0.4860, 0.2501], Current Cost = 15008.00, Rho = 0.015
(iter 11) [0.0, -0.7926, 0.5923] = 452.9577, sampling [0.0, 0.1089, 0.0036]. Recommendation = [0.0, -0.4860, 0.2501], Current Cost = 15009.00, Rho = 0.015
(iter 24) [0.0, 0.1089, 0.0036] = 455.4991, sampling [1.0, -0.3095, 0.0369]. Recommendation = [0.0, -0.3095, 0.0369], Current Cost = 16009.00, Rho = 0.015
(iter 24) [0.0, 0.1089, 0.0036] = 455.4991, sampling [1.0, -0.3346, -0.1687]. Recommendation = [0.0, -0.3095, 0.0369], Current Cost = 16010.00, Rho = 0.015
(iter 24) [0.0, 0.1089, 0.0036] = 455.4991, sampling [0.0, 0.1821, 0.5502]. Recommendation = [0.0, -0.3095, 0.0369], Current Cost = 16011.00, Rho = 0.015
(iter 24) [0.0, 0.1089, 0.0036] = 455.4991, sampling [1.0, -0.0172, 0.0906]. Recommendation = [0.0, -0.0172, 0.0906], Current Cost = 17011.00, Rho = 0.015
(iter 24) [0.0, 0.1089, 0.0036] = 455.4991, sampling [1.0, -0.0427, 0.2169]. Recommendation = [0.0, -0.0172, 0.0906], Current Cost = 17012.00, Rho = 0.015
(iter 24) [0.0, 0.1089, 0.0036] = 455.4991, sampling [1.0, 0.1089, 0.0036]. Recommendation = [0.0, -0.0172, 0.0906], Current Cost = 17013.00, Rho = 0.015
(iter 24) [0.0, 0.1089, 0.0036] = 455.4991, sampling [1.0, -0.0398, 0.2936]. Recommendation = [0.0, -0.0172, 0.0906], Current Cost = 17014.00, Rho = 0.015
(iter 24) [0.0, 0.1089, 0.0036] = 455.4991, sampling [0.0, 0.1523, -0.3926]. Recommendation = [0.0, -0.0172, 0.0906], Current Cost = 17015.00, Rho = 0.015
(iter 24) [0.0, 0.1089, 0.0036] = 455.4991, sampling [1.0, -0.0614, -0.0710]. Recommendation = [0.0, -0.0614, -0.0710], Current Cost = 18015.00, Rho = 0.015
(iter 24) [0.0, 0.1089, 0.0036] = 455.4991, sampling [1.0, 0.0836, -0.0148]. Recommendation = [0.0, -0.0614, -0.0710], Current Cost = 18016.00, Rho = 0.015
(iter 24) [0.0, 0.1089, 0.0036] = 455.4991, sampling [0.0, 0.5907, 0.0224]. Recommendation = [0.0, -0.0614, -0.0710], Current Cost = 18017.00, Rho = 0.015
(iter 24) [0.0, 0.1089, 0.0036] = 455.4991, sampling [1.0, 0.0672, 0.1672]. Recommendation = [0.0, -0.0172, 0.0906], Current Cost = 19017.00, Rho = 0.015
(iter 24) [0.0, 0.1089, 0.0036] = 455.4991, sampling [1.0, 0.1326, -0.1083]. Recommendation = [0.0, -0.0172, 0.0906], Current Cost = 19018.00, Rho = 0.015
(iter 24) [0.0, 0.1089, 0.0036] = 455.4991, sampling [1.0, 0.1523, -0.3926]. Recommendation = [0.0, -0.0172, 0.0906], Current Cost = 19019.00, Rho = 0.015
(iter 24) [0.0, 0.1089, 0.0036] = 455.4991, sampling [1.0, 0.0308, -0.1839]. Recommendation = [0.0, -0.0172, 0.0906], Current Cost = 19020.00, Rho = 0.015
(iter 24) [0.0, 0.1089, 0.0036] = 455.4991, sampling [1.0, 0.2087, 0.1862]. Recommendation = [0.0, -0.0172, 0.0906], Current Cost = 19021.00, Rho = 0.015
(iter 24) [0.0, 0.1089, 0.0036] = 455.4991, sampling [0.0, 0.2644, 0.2371]. Recommendation = [0.0, -0.0172, 0.0906], Current Cost = 19022.00, Rho = 0.015
(iter 24) [0.0, 0.1089, 0.0036] = 455.4991, sampling [1.0, 0.2644, 0.2371]. Recommendation = [0.0, 0.0672, 0.1672], Current Cost = 20022.00, Rho = 0.015
(iter 24) [0.0, 0.1089, 0.0036] = 455.4991, sampling [1.0, -0.2556, 0.2757]. Recommendation = [0.0, 0.0672, 0.1672], Current Cost = 20023.00, Rho = 0.015
(iter 24) [0.0, 0.1089, 0.0036] = 455.4991, sampling [0.0, 0.4567, -0.2969]. Recommendation = [0.0, 0.0672, 0.1672], Current Cost = 20024.00, Rho = 0.015
(iter 24) [0.0, 0.1089, 0.0036] = 455.4991, sampling [1.0, 0.4567, -0.2969]. Recommendation = [0.0, 0.1326, -0.1083], Current Cost = 21024.00, Rho = 0.015
(iter 24) [0.0, 0.1089, 0.0036] = 455.4991, sampling [1.0, 0.1821, 0.5502]. Recommendation = [0.0, 0.1326, -0.1083], Current Cost = 21025.00, Rho = 0.015
(iter 24) [0.0, 0.1089, 0.0036] = 455.4991, sampling [0.0, -0.1489, 0.5723]. Recommendation = [0.0, 0.1326, -0.1083], Current Cost = 21026.00, Rho = 0.015
(iter 24) [0.0, 0.1089, 0.0036] = 455.4991, sampling [0.0, -0.2994, -0.6217]. Recommendation = [0.0, 0.1326, -0.1083], Current Cost = 22026.00, Rho = 0.015
(iter 24) [0.0, 0.1089, 0.0036] = 455.4991, sampling [1.0, -0.0133, -0.2208]. Recommendation = [0.0, 0.1326, -0.1083], Current Cost = 23026.00, Rho = 0.015
(iter 24) [0.0, 0.1089, 0.0036] = 455.4991, sampling [0.0, -0.6306, -0.0260]. Recommendation = [0.0, 0.1326, -0.1083], Current Cost = 23027.00, Rho = 0.015
(iter 24) [0.0, 0.1089, 0.0036] = 455.4991, sampling [1.0, -0.4170, 0.0153]. Recommendation = [0.0, 0.1326, -0.1083], Current Cost = 24027.00, Rho = 0.015
(iter 24) [0.0, 0.1089, 0.0036] = 455.4991, sampling [0.0, 0.6531, 0.4812]. Recommendation = [0.0, 0.1326, -0.1083], Current Cost = 24028.00, Rho = 0.015
(iter 52) [0.0, 0.6531, 0.4812] = 455.8804, sampling [1.0, 0.1886, 0.3063]. Recommendation = [0.0, 0.1326, -0.1083], Current Cost = 25028.00, Rho = 0.015
(iter 52) [0.0, 0.6531, 0.4812] = 455.8804, sampling [0.0, 0.4178, 1.0257]. Recommendation = [0.0, 0.1326, -0.1083], Current Cost = 25029.00, Rho = 0.015
(iter 52) [0.0, 0.6531, 0.4812] = 455.8804, sampling [0.0, -1.5925, 1.2584]. Recommendation = [0.0, 0.1326, -0.1083], Current Cost = 26029.00, Rho = 0.015
(iter 52) [0.0, 0.6531, 0.4812] = 455.8804, sampling [0.0, -1.1662, 0.4961]. Recommendation = [0.0, 0.1326, -0.1083], Current Cost = 27029.00, Rho = 0.015
(iter 52) [0.0, 0.6531, 0.4812] = 455.8804, sampling [0.0, -0.9941, 0.8214]. Recommendation = [0.0, 0.1326, -0.1083], Current Cost = 28029.00, Rho = 0.015
(iter 52) [0.0, 0.6531, 0.4812] = 455.8804, sampling [0.0, -0.0133, -0.2208]. Recommendation = [0.0, 0.1326, -0.1083], Current Cost = 29029.00, Rho = 0.015
(iter 52) [0.0, 0.6531, 0.4812] = 455.8804, sampling [1.0, 0.4428, 0.5137]. Recommendation = [0.0, 0.1326, -0.1083], Current Cost = 30029.00, Rho = 0.015
(iter 52) [0.0, 0.6531, 0.4812] = 455.8804, sampling [0.0, 0.1716, -0.8250]. Recommendation = [0.0, 0.1326, -0.1083], Current Cost = 30030.00, Rho = 0.015
(iter 52) [0.0, 0.6531, 0.4812] = 455.8804, sampling [1.0, -0.7394, 0.2588]. Recommendation = [0.0, 0.6531, 0.4812], Current Cost = 31030.00, Rho = 0.015
(iter 52) [0.0, 0.6531, 0.4812] = 455.8804, sampling [1.0, 0.6531, 0.4812]. Recommendation = [0.0, 0.6531, 0.4812], Current Cost = 31031.00, Rho = 0.015
(iter 52) [0.0, 0.6531, 0.4812] = 455.8804, sampling [0.0, -0.0427, 0.2169]. Recommendation = [0.0, 0.6531, 0.4812], Current Cost = 31032.00, Rho = 0.015
(iter 52) [0.0, 0.6531, 0.4812] = 455.8804, sampling [0.0, 0.0914, 1.5411]. Recommendation = [0.0, 0.6531, 0.4812], Current Cost = 32032.00, Rho = 0.015
(iter 52) [0.0, 0.6531, 0.4812] = 455.8804, sampling [0.0, 0.4428, 0.5137]. Recommendation = [0.0, 0.6531, 0.4812], Current Cost = 33032.00, Rho = 0.015
(iter 52) [0.0, 0.6531, 0.4812] = 455.8804, sampling [0.0, -0.4860, 0.2501]. Recommendation = [0.0, 0.6531, 0.4812], Current Cost = 34032.00, Rho = 0.015
(iter 52) [0.0, 0.6531, 0.4812] = 455.8804, sampling [0.0, -0.6466, -0.3451]. Recommendation = [0.0, 0.6531, 0.4812], Current Cost = 35032.00, Rho = 0.015
(iter 52) [0.0, 0.6531, 0.4812] = 455.8804, sampling [0.0, -0.1543, -0.4533]. Recommendation = [0.0, 0.6531, 0.4812], Current Cost = 36032.00, Rho = 0.015
(iter 52) [0.0, 0.6531, 0.4812] = 455.8804, sampling [0.0, 0.9250, 0.8829]. Recommendation = [0.0, 0.6531, 0.4812], Current Cost = 37032.00, Rho = 0.015
(iter 69) [0.0, 0.9250, 0.8829] = 456.2206, sampling [1.0, 0.5275, 0.5361]. Recommendation = [0.0, 0.9250, 0.8829], Current Cost = 38032.00, Rho = 0.015
(iter 69) [0.0, 0.9250, 0.8829] = 456.2206, sampling [1.0, 0.6769, 0.6613]. Recommendation = [0.0, 0.9250, 0.8829], Current Cost = 38033.00, Rho = 0.015
(iter 69) [0.0, 0.9250, 0.8829] = 456.2206, sampling [0.0, 0.5952, 0.7578]. Recommendation = [0.0, 0.9250, 0.8829], Current Cost = 38034.00, Rho = 0.015
(iter 69) [0.0, 0.9250, 0.8829] = 456.2206, sampling [0.0, 0.9015, 0.2451]. Recommendation = [0.0, 0.9250, 0.8829], Current Cost = 39034.00, Rho = 0.015
(iter 69) [0.0, 0.9250, 0.8829] = 456.2206, sampling [1.0, 0.6871, 0.3519]. Recommendation = [0.0, 0.9250, 0.8829], Current Cost = 40034.00, Rho = 0.015
(iter 69) [0.0, 0.9250, 0.8829] = 456.2206, sampling [1.0, 0.9015, 0.2451]. Recommendation = [0.0, 0.9250, 0.8829], Current Cost = 40035.00, Rho = 0.015
(iter 69) [0.0, 0.9250, 0.8829] = 456.2206, sampling [1.0, 0.7230, 0.3241]. Recommendation = [0.0, 0.9250, 0.8829], Current Cost = 40036.00, Rho = 0.015
(iter 69) [0.0, 0.9250, 0.8829] = 456.2206, sampling [1.0, 0.5952, 0.7578]. Recommendation = [0.0, 0.9250, 0.8829], Current Cost = 40037.00, Rho = 0.015
(iter 69) [0.0, 0.9250, 0.8829] = 456.2206, sampling [0.0, 1.1313, 0.4612]. Recommendation = [0.0, 0.9250, 0.8829], Current Cost = 40038.00, Rho = 0.015
(iter 69) [0.0, 0.9250, 0.8829] = 456.2206, sampling [1.0, 0.7984, 0.4649]. Recommendation = [0.0, 0.9250, 0.8829], Current Cost = 41038.00, Rho = 0.015
(iter 69) [0.0, 0.9250, 0.8829] = 456.2206, sampling [0.0, 0.8960, 1.3905]. Recommendation = [0.0, 0.9250, 0.8829], Current Cost = 41039.00, Rho = 0.015
(iter 69) [0.0, 0.9250, 0.8829] = 456.2206, sampling [0.0, 1.2085, 1.1174]. Recommendation = [0.0, 0.9250, 0.8829], Current Cost = 42039.00, Rho = 0.015
(iter 69) [0.0, 0.9250, 0.8829] = 456.2206, sampling [0.0, -0.9197, 1.9956]. Recommendation = [0.0, 0.9250, 0.8829], Current Cost = 43039.00, Rho = 0.015
(iter 69) [0.0, 0.9250, 0.8829] = 456.2206, sampling [0.0, 0.8496, -0.1381]. Recommendation = [0.0, 0.9250, 0.8829], Current Cost = 44039.00, Rho = 0.015
(iter 69) [0.0, 0.9250, 0.8829] = 456.2206, sampling [0.0, 0.5603, -0.6345]. Recommendation = [0.0, 0.9250, 0.8829], Current Cost = 45039.00, Rho = 0.015
(iter 69) [0.0, 0.9250, 0.8829] = 456.2206, sampling [0.0, 1.3140, 0.8660]. Recommendation = [0.0, 0.9250, 0.8829], Current Cost = 46039.00, Rho = 0.015
(iter 69) [0.0, 0.9250, 0.8829] = 456.2206, sampling [1.0, 1.0793, 1.1054]. Recommendation = [0.0, 0.9250, 0.8829], Current Cost = 47039.00, Rho = 0.015
(iter 69) [0.0, 0.9250, 0.8829] = 456.2206, sampling [1.0, 1.2085, 1.1174]. Recommendation = [0.0, 0.9250, 0.8829], Current Cost = 47040.00, Rho = 0.015
(iter 69) [0.0, 0.9250, 0.8829] = 456.2206, sampling [1.0, 1.0329, 0.9055]. Recommendation = [0.0, 0.9250, 0.8829], Current Cost = 47041.00, Rho = 0.015
(iter 69) [0.0, 0.9250, 0.8829] = 456.2206, sampling [1.0, 0.9250, 0.8829]. Recommendation = [0.0, 0.9250, 0.8829], Current Cost = 47042.00, Rho = 0.015
(iter 69) [0.0, 0.9250, 0.8829] = 456.2206, sampling [1.0, 0.9735, 0.8779]. Recommendation = [0.0, 0.9250, 0.8829], Current Cost = 47043.00, Rho = 0.015
(iter 69) [0.0, 0.9250, 0.8829] = 456.2206, sampling [0.0, 1.3965, 1.6562]. Recommendation = [0.0, 0.9250, 0.8829], Current Cost = 47044.00, Rho = 0.015
(iter 69) [0.0, 0.9250, 0.8829] = 456.2206, sampling [0.0, 0.8783, 1.8865]. Recommendation = [0.0, 0.9250, 0.8829], Current Cost = 48044.00, Rho = 0.015
(iter 69) [0.0, 0.9250, 0.8829] = 456.2206, sampling [0.0, 1.2584, 1.3740]. Recommendation = [0.0, 0.9250, 0.8829], Current Cost = 49044.00, Rho = 0.015
(iter 69) [0.0, 0.9250, 0.8829] = 456.2206, sampling [0.0, 1.7186, 1.2364]. Recommendation = [0.0, 0.9250, 0.8829], Current Cost = 50044.00, Rho = 0.015
(iter 69) [0.0, 0.9250, 0.8829] = 456.2206, sampling [1.0, 1.0678, 1.2896]. Recommendation = [0.0, 0.9250, 0.8829], Current Cost = 51044.00, Rho = 0.015
(iter 69) [0.0, 0.9250, 0.8829] = 456.2206, sampling [1.0, 0.8960, 1.3905]. Recommendation = [0.0, 0.9250, 0.8829], Current Cost = 51045.00, Rho = 0.015
(iter 69) [0.0, 0.9250, 0.8829] = 456.2206, sampling [1.0, 0.9958, 1.1874]. Recommendation = [0.0, 0.9250, 0.8829], Current Cost = 51046.00, Rho = 0.015
(iter 69) [0.0, 0.9250, 0.8829] = 456.2206, sampling [0.0, 1.1038, 1.6848]. Recommendation = [0.0, 0.9250, 0.8829], Current Cost = 51047.00, Rho = 0.015
(iter 69) [0.0, 0.9250, 0.8829] = 456.2206, sampling [1.0, 1.2388, 1.5534]. Recommendation = [0.0, 0.9250, 0.8829], Current Cost = 52047.00, Rho = 0.015
(iter 69) [0.0, 0.9250, 0.8829] = 456.2206, sampling [1.0, 1.2489, 1.4934]. Recommendation = [0.0, 1.2388, 1.5534], Current Cost = 52048.00, Rho = 0.015
(iter 69) [0.0, 0.9250, 0.8829] = 456.2206, sampling [1.0, 1.3965, 1.6562]. Recommendation = [0.0, 1.2388, 1.5534], Current Cost = 52049.00, Rho = 0.015
(iter 69) [0.0, 0.9250, 0.8829] = 456.2206, sampling [1.0, 1.2584, 1.3740]. Recommendation = [0.0, 0.9250, 0.8829], Current Cost = 52050.00, Rho = 0.015
(iter 69) [0.0, 0.9250, 0.8829] = 456.2206, sampling [1.0, 1.1038, 1.6848]. Recommendation = [0.0, 0.9250, 0.8829], Current Cost = 52051.00, Rho = 0.015
(iter 69) [0.0, 0.9250, 0.8829] = 456.2206, sampling [0.0, 0.9958, 1.1874]. Recommendation = [0.0, 0.9250, 0.8829], Current Cost = 52052.00, Rho = 0.015
(iter 69) [0.0, 0.9250, 0.8829] = 456.2206, sampling [0.0, 0.6395, 1.3566]. Recommendation = [0.0, 0.9250, 0.8829], Current Cost = 53052.00, Rho = 0.015
(iter 69) [0.0, 0.9250, 0.8829] = 456.2206, sampling [0.0, -0.3095, 0.0369]. Recommendation = [0.0, 0.9250, 0.8829], Current Cost = 54052.00, Rho = 0.015
(iter 69) [0.0, 0.9250, 0.8829] = 456.2206, sampling [0.0, -1.1718, 1.4826]. Recommendation = [0.0, 0.9250, 0.8829], Current Cost = 55052.00, Rho = 0.015
(iter 69) [0.0, 0.9250, 0.8829] = 456.2206, sampling [0.0, -1.6873, 1.8786]. Recommendation = [0.0, 0.9250, 0.8829], Current Cost = 56052.00, Rho = 0.015
(iter 69) [0.0, 0.9250, 0.8829] = 456.2206, sampling [0.0, 0.6960, 0.2059]. Recommendation = [0.0, 0.9250, 0.8829], Current Cost = 57052.00, Rho = 0.015
(iter 69) [0.0, 0.9250, 0.8829] = 456.2206, sampling [1.0, 0.6960, 0.2059]. Recommendation = [0.0, 0.9250, 0.8829], Current Cost = 58052.00, Rho = 0.015
(iter 69) [0.0, 0.9250, 0.8829] = 456.2206, sampling [0.0, -1.7232, 0.4034]. Recommendation = [0.0, 0.9250, 0.8829], Current Cost = 58053.00, Rho = 0.015
(iter 69) [0.0, 0.9250, 0.8829] = 456.2206, sampling [0.0, -0.3606, 1.9190]. Recommendation = [0.0, 0.9250, 0.8829], Current Cost = 59053.00, Rho = 0.015
(iter 69) [0.0, 0.9250, 0.8829] = 456.2206, sampling [0.0, -1.5191, 1.5682]. Recommendation = [0.0, 0.9250, 0.8829], Current Cost = 60053.00, Rho = 0.015
(iter 69) [0.0, 0.9250, 0.8829] = 456.2206, sampling [0.0, 0.2925, 0.8253]. Recommendation = [0.0, 0.9250, 0.8829], Current Cost = 61053.00, Rho = 0.015
(iter 69) [0.0, 0.9250, 0.8829] = 456.2206, sampling [0.0, -0.6816, -0.8154]. Recommendation = [0.0, 0.9250, 0.8829], Current Cost = 62053.00, Rho = 0.015
(iter 69) [0.0, 0.9250, 0.8829] = 456.2206, sampling [0.0, 0.8371, 0.4254]. Recommendation = [0.0, 0.9250, 0.8829], Current Cost = 63053.00, Rho = 0.015
(iter 69) [0.0, 0.9250, 0.8829] = 456.2206, sampling [1.0, 0.8371, 0.4254]. Recommendation = [0.0, 0.9250, 0.8829], Current Cost = 64053.00, Rho = 0.015
(iter 69) [0.0, 0.9250, 0.8829] = 456.2206, sampling [0.0, 1.0416, 0.7825]. Recommendation = [0.0, 0.9250, 0.8829], Current Cost = 64054.00, Rho = 0.015
(iter 69) [0.0, 0.9250, 0.8829] = 456.2206, sampling [1.0, 1.0416, 0.7825]. Recommendation = [0.0, 0.9250, 0.8829], Current Cost = 65054.00, Rho = 0.015
(iter 69) [0.0, 0.9250, 0.8829] = 456.2206, sampling [0.0, -0.6587, 0.4927]. Recommendation = [0.0, 0.9250, 0.8829], Current Cost = 65055.00, Rho = 0.015
(iter 69) [0.0, 0.9250, 0.8829] = 456.2206, sampling [0.0, -0.4085, -0.3823]. Recommendation = [0.0, 0.9250, 0.8829], Current Cost = 66055.00, Rho = 0.015
(iter 69) [0.0, 0.9250, 0.8829] = 456.2206, sampling [0.0, -0.9497, 0.4488]. Recommendation = [0.0, 0.9250, 0.8829], Current Cost = 67055.00, Rho = 0.015
(iter 69) [0.0, 0.9250, 0.8829] = 456.2206, sampling [1.0, -0.9116, 0.6986]. Recommendation = [0.0, 0.9250, 0.8829], Current Cost = 68055.00, Rho = 0.015
(iter 69) [0.0, 0.9250, 0.8829] = 456.2206, sampling [0.0, 0.3453, -0.5252]. Recommendation = [0.0, 0.9250, 0.8829], Current Cost = 68056.00, Rho = 0.015
(iter 69) [0.0, 0.9250, 0.8829] = 456.2206, sampling [0.0, -0.0614, -0.0710]. Recommendation = [0.0, 0.9250, 0.8829], Current Cost = 69056.00, Rho = 0.015
(iter 69) [0.0, 0.9250, 0.8829] = 456.2206, sampling [0.0, -0.2101, -0.9377]. Recommendation = [0.0, 0.9250, 0.8829], Current Cost = 70056.00, Rho = 0.015
(iter 69) [0.0, 0.9250, 0.8829] = 456.2206, sampling [0.0, -0.0042, -0.7039]. Recommendation = [0.0, 0.9250, 0.8829], Current Cost = 71056.00, Rho = 0.015
(iter 69) [0.0, 0.9250, 0.8829] = 456.2206, sampling [0.0, 0.0021, 0.7267]. Recommendation = [0.0, 0.9250, 0.8829], Current Cost = 72056.00, Rho = 0.015
(iter 69) [0.0, 0.9250, 0.8829] = 456.2206, sampling [0.0, -0.8832, 0.9989]. Recommendation = [0.0, 0.9250, 0.8829], Current Cost = 73056.00, Rho = 0.015
(iter 69) [0.0, 0.9250, 0.8829] = 456.2206, sampling [0.0, 1.2388, 1.5534]. Recommendation = [0.0, 0.9250, 0.8829], Current Cost = 74056.00, Rho = 0.015
(iter 69) [0.0, 0.9250, 0.8829] = 456.2206, sampling [0.0, -1.1370, 0.9363]. Recommendation = [0.0, 0.9250, 0.8829], Current Cost = 75056.00, Rho = 0.015
(iter 69) [0.0, 0.9250, 0.8829] = 456.2206, sampling [0.0, 0.5098, -0.1011]. Recommendation = [0.0, 0.9250, 0.8829], Current Cost = 76056.00, Rho = 0.015
(iter 69) [0.0, 0.9250, 0.8829] = 456.2206, sampling [0.0, 1.2305, 0.0604]. Recommendation = [0.0, 0.9250, 0.8829], Current Cost = 77056.00, Rho = 0.015
(iter 69) [0.0, 0.9250, 0.8829] = 456.2206, sampling [0.0, -1.3312, 1.9015]. Recommendation = [0.0, 0.9250, 0.8829], Current Cost = 78056.00, Rho = 0.015
(iter 69) [0.0, 0.9250, 0.8829] = 456.2206, sampling [0.0, -1.0299, 1.7932]. Recommendation = [0.0, 0.9250, 0.8829], Current Cost = 79056.00, Rho = 0.015
(iter 69) [0.0, 0.9250, 0.8829] = 456.2206, sampling [0.0, -1.0626, 1.2747]. Recommendation = [0.0, 0.9250, 0.8829], Current Cost = 80056.00, Rho = 0.015
(iter 69) [0.0, 0.9250, 0.8829] = 456.2206, sampling [0.0, 0.6769, 0.6613]. Recommendation = [0.0, 0.9250, 0.8829], Current Cost = 81056.00, Rho = 0.015
(iter 69) [0.0, 0.9250, 0.8829] = 456.2206, sampling [0.0, 1.7373, 1.7727]. Recommendation = [0.0, 0.9250, 0.8829], Current Cost = 82056.00, Rho = 0.015
(iter 69) [0.0, 0.9250, 0.8829] = 456.2206, sampling [0.0, 1.1082, 1.9879]. Recommendation = [0.0, 0.9250, 0.8829], Current Cost = 83056.00, Rho = 0.015
(iter 69) [0.0, 0.9250, 0.8829] = 456.2206, sampling [0.0, 0.4763, 1.9790]. Recommendation = [0.0, 0.9250, 0.8829], Current Cost = 84056.00, Rho = 0.015
(iter 69) [0.0, 0.9250, 0.8829] = 456.2206, sampling [0.0, -0.9018, 0.1948]. Recommendation = [0.0, 0.9250, 0.8829], Current Cost = 85056.00, Rho = 0.015
(iter 69) [0.0, 0.9250, 0.8829] = 456.2206, sampling [0.0, 0.1326, -0.1083]. Recommendation = [0.0, 0.9250, 0.8829], Current Cost = 86056.00, Rho = 0.015
(iter 69) [0.0, 0.9250, 0.8829] = 456.2206, sampling [0.0, -0.9671, 0.6323]. Recommendation = [0.0, 0.9250, 0.8829], Current Cost = 87056.00, Rho = 0.015
(iter 69) [0.0, 0.9250, 0.8829] = 456.2206, sampling [0.0, -0.5654, 0.8510]. Recommendation = [0.0, 0.9250, 0.8829], Current Cost = 88056.00, Rho = 0.015
(iter 69) [0.0, 0.9250, 0.8829] = 456.2206, sampling [0.0, 0.5728, 0.9474]. Recommendation = [0.0, 0.9250, 0.8829], Current Cost = 89056.00, Rho = 0.015
(iter 69) [0.0, 0.9250, 0.8829] = 456.2206, sampling [0.0, -0.1907, 0.4236]. Recommendation = [0.0, 0.9250, 0.8829], Current Cost = 90056.00, Rho = 0.015
(iter 69) [0.0, 0.9250, 0.8829] = 456.2206, sampling [0.0, -1.2636, 1.1729]. Recommendation = [0.0, 0.9250, 0.8829], Current Cost = 91056.00, Rho = 0.015
(iter 69) [0.0, 0.9250, 0.8829] = 456.2206, sampling [0.0, -1.3706, 1.4481]. Recommendation = [0.0, 0.9250, 0.8829], Current Cost = 92056.00, Rho = 0.015
(iter 69) [0.0, 0.9250, 0.8829] = 456.2206, sampling [0.0, 1.0678, 1.2896]. Recommendation = [0.0, 0.9250, 0.8829], Current Cost = 93056.00, Rho = 0.015
(iter 69) [0.0, 0.9250, 0.8829] = 456.2206, sampling [0.0, 0.7704, -0.3436]. Recommendation = [0.0, 0.9250, 0.8829], Current Cost = 94056.00, Rho = 0.015
(iter 69) [0.0, 0.9250, 0.8829] = 456.2206, sampling [0.0, -0.4493, -0.0930]. Recommendation = [0.0, 0.9250, 0.8829], Current Cost = 95056.00, Rho = 0.015
(iter 69) [0.0, 0.9250, 0.8829] = 456.2206, sampling [0.0, 0.8297, 1.6531]. Recommendation = [0.0, 0.9250, 0.8829], Current Cost = 96056.00, Rho = 0.015
(iter 69) [0.0, 0.9250, 0.8829] = 456.2206, sampling [0.0, 1.6200, 0.4787]. Recommendation = [0.0, 0.9250, 0.8829], Current Cost = 97056.00, Rho = 0.015
(iter 69) [0.0, 0.9250, 0.8829] = 456.2206, sampling [0.0, 0.1515, 1.2490]. Recommendation = [0.0, 0.9250, 0.8829], Current Cost = 98056.00, Rho = 0.015
(iter 69) [0.0, 0.9250, 0.8829] = 456.2206, sampling [0.0, 1.4088, 1.3078]. Recommendation = [0.0, 0.9250, 0.8829], Current Cost = 99056.00, Rho = 0.015
