(iter 10) [0.0, 0.0099, -0.0188] = 455.2840, sampling [1.0, -0.1861, 0.6862]. Recommendation = [0.0, 0.0099, -0.0188], Current Cost = 5005.00, Rho = 1.000
(iter 10) [0.0, 0.0099, -0.0188] = 455.2840, sampling [1.0, 0.0396, 0.1839]. Recommendation = [0.0, 0.0099, -0.0188], Current Cost = 5006.00, Rho = 1.000
(iter 10) [0.0, 0.0099, -0.0188] = 455.2840, sampling [1.0, -0.9542, 1.4622]. Recommendation = [0.0, 0.0099, -0.0188], Current Cost = 5007.00, Rho = 1.000
(iter 10) [0.0, 0.0099, -0.0188] = 455.2840, sampling [1.0, 0.3747, 0.6237]. Recommendation = [0.0, 0.0099, -0.0188], Current Cost = 5008.00, Rho = 1.000
(iter 10) [0.0, 0.0099, -0.0188] = 455.2840, sampling [1.0, -0.1475, 0.2825]. Recommendation = [0.0, 0.0099, -0.0188], Current Cost = 5009.00, Rho = 1.000
(iter 10) [0.0, 0.0099, -0.0188] = 455.2840, sampling [1.0, -0.7874, 0.7348]. Recommendation = [0.0, 0.0099, -0.0188], Current Cost = 5010.00, Rho = 1.000
(iter 10) [0.0, 0.0099, -0.0188] = 455.2840, sampling [1.0, -0.5028, 0.3135]. Recommendation = [0.0, 0.0099, -0.0188], Current Cost = 5011.00, Rho = 1.000
(iter 10) [0.0, 0.0099, -0.0188] = 455.2840, sampling [1.0, -0.6741, 0.9385]. Recommendation = [0.0, 0.0099, -0.0188], Current Cost = 5012.00, Rho = 1.000
(iter 10) [0.0, 0.0099, -0.0188] = 455.2840, sampling [1.0, -0.6295, 0.5853]. Recommendation = [0.0, 0.0099, -0.0188], Current Cost = 5013.00, Rho = 1.000
(iter 10) [0.0, 0.0099, -0.0188] = 455.2840, sampling [1.0, -1.1115, 0.9282]. Recommendation = [0.0, 0.0099, -0.0188], Current Cost = 5014.00, Rho = 1.000
(iter 10) [0.0, 0.0099, -0.0188] = 455.2840, sampling [1.0, -0.8317, 0.4055]. Recommendation = [0.0, 0.0099, -0.0188], Current Cost = 5015.00, Rho = 1.000
(iter 10) [0.0, 0.0099, -0.0188] = 455.2840, sampling [1.0, -0.2935, 0.0161]. Recommendation = [0.0, 0.0099, -0.0188], Current Cost = 5016.00, Rho = 1.000
(iter 10) [0.0, 0.0099, -0.0188] = 455.2840, sampling [1.0, -1.3109, 1.3416]. Recommendation = [0.0, -0.1117, 0.0419], Current Cost = 5017.00, Rho = 1.000
(iter 10) [0.0, 0.0099, -0.0188] = 455.2840, sampling [1.0, -0.1117, 0.0419]. Recommendation = [0.0, -0.1117, 0.0419], Current Cost = 5018.00, Rho = 1.000
(iter 10) [0.0, 0.0099, -0.0188] = 455.2840, sampling [1.0, -0.4326, 0.2041]. Recommendation = [0.0, -0.0906, 0.0350], Current Cost = 5019.00, Rho = 1.000
(iter 10) [0.0, 0.0099, -0.0188] = 455.2840, sampling [1.0, -0.9973, 0.6587]. Recommendation = [0.0, -0.0906, 0.0350], Current Cost = 5020.00, Rho = 1.000
(iter 10) [0.0, 0.0099, -0.0188] = 455.2840, sampling [1.0, -0.4059, 0.3662]. Recommendation = [0.0, -0.0906, 0.0350], Current Cost = 5021.00, Rho = 1.000
(iter 10) [0.0, 0.0099, -0.0188] = 455.2840, sampling [1.0, 0.0314, 0.4313]. Recommendation = [0.0, -0.0906, 0.0350], Current Cost = 5022.00, Rho = 1.000
(iter 10) [0.0, 0.0099, -0.0188] = 455.2840, sampling [1.0, -0.8882, 1.1201]. Recommendation = [0.0, -0.0906, 0.0350], Current Cost = 5023.00, Rho = 1.000
(iter 10) [0.0, 0.0099, -0.0188] = 455.2840, sampling [1.0, -0.8137, 0.1920]. Recommendation = [0.0, -0.0906, 0.0350], Current Cost = 5024.00, Rho = 1.000
(iter 10) [0.0, 0.0099, -0.0188] = 455.2840, sampling [1.0, -0.1816, 1.2841]. Recommendation = [0.0, -0.0906, 0.0350], Current Cost = 5025.00, Rho = 1.000
(iter 10) [0.0, 0.0099, -0.0188] = 455.2840, sampling [1.0, -1.0400, 1.2054]. Recommendation = [0.0, -0.0906, 0.0350], Current Cost = 5026.00, Rho = 1.000
(iter 10) [0.0, 0.0099, -0.0188] = 455.2840, sampling [1.0, -0.9862, 0.9956]. Recommendation = [0.0, -0.0906, 0.0350], Current Cost = 5027.00, Rho = 1.000
(iter 10) [0.0, 0.0099, -0.0188] = 455.2840, sampling [1.0, -1.3535, 1.1293]. Recommendation = [0.0, -0.0906, 0.0350], Current Cost = 5028.00, Rho = 1.000
(iter 10) [0.0, 0.0099, -0.0188] = 455.2840, sampling [1.0, -0.4082, 0.5484]. Recommendation = [0.0, -0.0906, 0.0350], Current Cost = 5029.00, Rho = 1.000
(iter 10) [0.0, 0.0099, -0.0188] = 455.2840, sampling [1.0, -1.4379, 1.7109]. Recommendation = [0.0, -0.0906, 0.0350], Current Cost = 5030.00, Rho = 1.000
(iter 10) [0.0, 0.0099, -0.0188] = 455.2840, sampling [1.0, 0.0652, 0.0782]. Recommendation = [0.0, -0.0906, 0.0350], Current Cost = 5031.00, Rho = 1.000
(iter 10) [0.0, 0.0099, -0.0188] = 455.2840, sampling [1.0, -1.1676, 1.4660]. Recommendation = [0.0, -0.0906, 0.0350], Current Cost = 5032.00, Rho = 1.000
(iter 10) [0.0, 0.0099, -0.0188] = 455.2840, sampling [1.0, 0.3254, 0.1624]. Recommendation = [0.0, -0.0906, 0.0350], Current Cost = 5033.00, Rho = 1.000
(iter 10) [0.0, 0.0099, -0.0188] = 455.2840, sampling [1.0, -0.5365, -0.1318]. Recommendation = [0.0, 0.3254, 0.1624], Current Cost = 5034.00, Rho = 1.000
(iter 10) [0.0, 0.0099, -0.0188] = 455.2840, sampling [1.0, -1.4145, 1.4930]. Recommendation = [0.0, 0.3254, 0.1624], Current Cost = 5035.00, Rho = 1.000
(iter 10) [0.0, 0.0099, -0.0188] = 455.2840, sampling [1.0, -0.4253, 0.2540]. Recommendation = [0.0, 0.3254, 0.1624], Current Cost = 5036.00, Rho = 1.000
(iter 10) [0.0, 0.0099, -0.0188] = 455.2840, sampling [1.0, 0.7774, 0.5973]. Recommendation = [0.0, 0.3254, 0.1624], Current Cost = 5037.00, Rho = 1.000
(iter 10) [0.0, 0.0099, -0.0188] = 455.2840, sampling [1.0, 0.5180, 0.1724]. Recommendation = [0.0, 0.7774, 0.5973], Current Cost = 5038.00, Rho = 1.000
(iter 10) [0.0, 0.0099, -0.0188] = 455.2840, sampling [1.0, 0.8278, 0.4166]. Recommendation = [0.0, 0.7774, 0.5973], Current Cost = 5039.00, Rho = 1.000
(iter 10) [0.0, 0.0099, -0.0188] = 455.2840, sampling [1.0, 0.4814, 0.6144]. Recommendation = [0.0, 0.7774, 0.5973], Current Cost = 5040.00, Rho = 1.000
(iter 10) [0.0, 0.0099, -0.0188] = 455.2840, sampling [1.0, 0.1290, -0.0613]. Recommendation = [0.0, 0.7774, 0.5973], Current Cost = 5041.00, Rho = 1.000
(iter 10) [0.0, 0.0099, -0.0188] = 455.2840, sampling [1.0, -0.9393, 0.5742]. Recommendation = [0.0, 0.7774, 0.5973], Current Cost = 5042.00, Rho = 1.000
(iter 10) [0.0, 0.0099, -0.0188] = 455.2840, sampling [1.0, -1.0785, 1.6190]. Recommendation = [0.0, 0.7774, 0.5973], Current Cost = 5043.00, Rho = 1.000
(iter 10) [0.0, 0.0099, -0.0188] = 455.2840, sampling [1.0, -0.6931, 0.8060]. Recommendation = [0.0, 0.7774, 0.5973], Current Cost = 5044.00, Rho = 1.000
(iter 10) [0.0, 0.0099, -0.0188] = 455.2840, sampling [1.0, 0.0629, 0.1338]. Recommendation = [0.0, 0.7774, 0.5973], Current Cost = 5045.00, Rho = 1.000
(iter 10) [0.0, 0.0099, -0.0188] = 455.2840, sampling [1.0, -1.2086, 0.4971]. Recommendation = [0.0, 0.7774, 0.5973], Current Cost = 5046.00, Rho = 1.000
(iter 10) [0.0, 0.0099, -0.0188] = 455.2840, sampling [1.0, 0.6848, 0.8556]. Recommendation = [0.0, 0.7774, 0.5973], Current Cost = 5047.00, Rho = 1.000
(iter 10) [0.0, 0.0099, -0.0188] = 455.2840, sampling [1.0, 0.9159, 0.7601]. Recommendation = [0.0, 0.7774, 0.5973], Current Cost = 5048.00, Rho = 1.000
(iter 10) [0.0, 0.0099, -0.0188] = 455.2840, sampling [1.0, 0.9393, 0.6308]. Recommendation = [0.0, 0.7774, 0.5973], Current Cost = 5049.00, Rho = 1.000
(iter 10) [0.0, 0.0099, -0.0188] = 455.2840, sampling [1.0, 0.8698, 0.8208]. Recommendation = [0.0, 0.7774, 0.5973], Current Cost = 5050.00, Rho = 1.000
(iter 10) [0.0, 0.0099, -0.0188] = 455.2840, sampling [1.0, -0.4490, 0.3969]. Recommendation = [0.0, 0.7774, 0.5973], Current Cost = 5051.00, Rho = 1.000
(iter 10) [0.0, 0.0099, -0.0188] = 455.2840, sampling [1.0, -1.2299, 1.4429]. Recommendation = [0.0, 0.7774, 0.5973], Current Cost = 5052.00, Rho = 1.000
(iter 10) [0.0, 0.0099, -0.0188] = 455.2840, sampling [1.0, -0.1553, -0.2870]. Recommendation = [0.0, 0.7774, 0.5973], Current Cost = 5053.00, Rho = 1.000
(iter 10) [0.0, 0.0099, -0.0188] = 455.2840, sampling [1.0, 0.1194, -0.1193]. Recommendation = [0.0, 0.7774, 0.5973], Current Cost = 5054.00, Rho = 1.000
(iter 10) [0.0, 0.0099, -0.0188] = 455.2840, sampling [1.0, 0.1068, 0.5190]. Recommendation = [0.0, 0.7774, 0.5973], Current Cost = 5055.00, Rho = 1.000
(iter 10) [0.0, 0.0099, -0.0188] = 455.2840, sampling [1.0, -0.0906, 0.0350]. Recommendation = [0.0, 0.7774, 0.5973], Current Cost = 5056.00, Rho = 1.000
(iter 10) [0.0, 0.0099, -0.0188] = 455.2840, sampling [1.0, 0.2015, -0.1640]. Recommendation = [0.0, 0.7774, 0.5973], Current Cost = 5057.00, Rho = 1.000
(iter 10) [0.0, 0.0099, -0.0188] = 455.2840, sampling [1.0, 0.5333, 0.0655]. Recommendation = [0.0, 0.7774, 0.5973], Current Cost = 5058.00, Rho = 1.000
(iter 10) [0.0, 0.0099, -0.0188] = 455.2840, sampling [1.0, -0.7544, 0.7220]. Recommendation = [0.0, 0.7774, 0.5973], Current Cost = 5059.00, Rho = 1.000
(iter 10) [0.0, 0.0099, -0.0188] = 455.2840, sampling [1.0, 0.9101, 0.9790]. Recommendation = [0.0, 0.7774, 0.5973], Current Cost = 5060.00, Rho = 1.000
(iter 10) [0.0, 0.0099, -0.0188] = 455.2840, sampling [1.0, 0.7657, 0.9703]. Recommendation = [0.0, 0.7774, 0.5973], Current Cost = 5061.00, Rho = 1.000
(iter 10) [0.0, 0.0099, -0.0188] = 455.2840, sampling [1.0, -0.7470, 0.8965]. Recommendation = [0.0, 0.7774, 0.5973], Current Cost = 5062.00, Rho = 1.000
(iter 10) [0.0, 0.0099, -0.0188] = 455.2840, sampling [1.0, 0.6999, 0.1254]. Recommendation = [0.0, 0.7774, 0.5973], Current Cost = 5063.00, Rho = 1.000
(iter 10) [0.0, 0.0099, -0.0188] = 455.2840, sampling [1.0, 0.9862, 1.0215]. Recommendation = [0.0, 0.7774, 0.5973], Current Cost = 5064.00, Rho = 1.000
(iter 10) [0.0, 0.0099, -0.0188] = 455.2840, sampling [1.0, 1.0407, 0.6881]. Recommendation = [0.0, 0.7774, 0.5973], Current Cost = 5065.00, Rho = 1.000
(iter 10) [0.0, 0.0099, -0.0188] = 455.2840, sampling [1.0, -0.0640, 0.4607]. Recommendation = [0.0, 0.7774, 0.5973], Current Cost = 5066.00, Rho = 1.000
(iter 10) [0.0, 0.0099, -0.0188] = 455.2840, sampling [1.0, -0.7267, -0.0909]. Recommendation = [0.0, 0.7774, 0.5973], Current Cost = 5067.00, Rho = 1.000
(iter 10) [0.0, 0.0099, -0.0188] = 455.2840, sampling [1.0, 1.1760, 0.8708]. Recommendation = [0.0, 0.7774, 0.5973], Current Cost = 5068.00, Rho = 1.000
(iter 10) [0.0, 0.0099, -0.0188] = 455.2840, sampling [1.0, 0.3482, 0.7760]. Recommendation = [0.0, 0.7774, 0.5973], Current Cost = 5069.00, Rho = 1.000
(iter 10) [0.0, 0.0099, -0.0188] = 455.2840, sampling [1.0, 0.8134, 1.0077]. Recommendation = [0.0, 0.7774, 0.5973], Current Cost = 5070.00, Rho = 1.000
(iter 10) [0.0, 0.0099, -0.0188] = 455.2840, sampling [1.0, -0.4903, -0.2327]. Recommendation = [0.0, 0.7774, 0.5973], Current Cost = 5071.00, Rho = 1.000
(iter 10) [0.0, 0.0099, -0.0188] = 455.2840, sampling [1.0, -0.8043, 1.1561]. Recommendation = [0.0, 0.7774, 0.5973], Current Cost = 5072.00, Rho = 1.000
(iter 10) [0.0, 0.0099, -0.0188] = 455.2840, sampling [1.0, 0.6060, 0.8776]. Recommendation = [0.0, 0.7774, 0.5973], Current Cost = 5073.00, Rho = 1.000
(iter 10) [0.0, 0.0099, -0.0188] = 455.2840, sampling [1.0, -1.2575, 1.3440]. Recommendation = [0.0, 0.7774, 0.5973], Current Cost = 5074.00, Rho = 1.000
(iter 10) [0.0, 0.0099, -0.0188] = 455.2840, sampling [1.0, 0.5982, 0.0269]. Recommendation = [0.0, 0.7774, 0.5973], Current Cost = 5075.00, Rho = 1.000
(iter 10) [0.0, 0.0099, -0.0188] = 455.2840, sampling [1.0, -1.6916, 1.7413]. Recommendation = [0.0, 0.7774, 0.5973], Current Cost = 5076.00, Rho = 1.000
(iter 10) [0.0, 0.0099, -0.0188] = 455.2840, sampling [1.0, -1.0059, 0.7032]. Recommendation = [0.0, 0.7774, 0.5973], Current Cost = 5077.00, Rho = 1.000
(iter 10) [0.0, 0.0099, -0.0188] = 455.2840, sampling [1.0, -0.3323, 0.5806]. Recommendation = [0.0, 0.7774, 0.5973], Current Cost = 5078.00, Rho = 1.000
(iter 10) [0.0, 0.0099, -0.0188] = 455.2840, sampling [1.0, -0.3747, -0.4146]. Recommendation = [0.0, 0.7774, 0.5973], Current Cost = 5079.00, Rho = 1.000
(iter 10) [0.0, 0.0099, -0.0188] = 455.2840, sampling [1.0, -0.1202, -0.3442]. Recommendation = [0.0, 0.7774, 0.5973], Current Cost = 5080.00, Rho = 1.000
(iter 10) [0.0, 0.0099, -0.0188] = 455.2840, sampling [1.0, -0.9780, 1.6726]. Recommendation = [0.0, 0.7774, 0.5973], Current Cost = 5081.00, Rho = 1.000
(iter 10) [0.0, 0.0099, -0.0188] = 455.2840, sampling [1.0, -0.0407, -0.4512]. Recommendation = [0.0, 0.7774, 0.5973], Current Cost = 5082.00, Rho = 1.000
(iter 10) [0.0, 0.0099, -0.0188] = 455.2840, sampling [1.0, 0.4328, 1.1059]. Recommendation = [0.0, 0.7774, 0.5973], Current Cost = 5083.00, Rho = 1.000
(iter 10) [0.0, 0.0099, -0.0188] = 455.2840, sampling [1.0, 1.2568, 1.2464]. Recommendation = [0.0, 0.7774, 0.5973], Current Cost = 5084.00, Rho = 1.000
(iter 10) [0.0, 0.0099, -0.0188] = 455.2840, sampling [1.0, 1.2735, 1.0111]. Recommendation = [0.0, 0.7774, 0.5973], Current Cost = 5085.00, Rho = 1.000
(iter 10) [0.0, 0.0099, -0.0188] = 455.2840, sampling [1.0, 1.0579, 1.5678]. Recommendation = [0.0, 0.7774, 0.5973], Current Cost = 5086.00, Rho = 1.000
(iter 10) [0.0, 0.0099, -0.0188] = 455.2840, sampling [1.0, 1.3106, 1.3851]. Recommendation = [0.0, 0.7774, 0.5973], Current Cost = 5087.00, Rho = 1.000
(iter 10) [0.0, 0.0099, -0.0188] = 455.2840, sampling [1.0, 0.7112, 1.5750]. Recommendation = [0.0, 0.7774, 0.5973], Current Cost = 5088.00, Rho = 1.000
(iter 10) [0.0, 0.0099, -0.0188] = 455.2840, sampling [1.0, 1.3003, 1.5424]. Recommendation = [0.0, 0.7774, 0.5973], Current Cost = 5089.00, Rho = 1.000
(iter 10) [0.0, 0.0099, -0.0188] = 455.2840, sampling [1.0, 1.1642, 1.5843]. Recommendation = [0.0, 0.7774, 0.5973], Current Cost = 5090.00, Rho = 1.000
(iter 10) [0.0, 0.0099, -0.0188] = 455.2840, sampling [1.0, 1.3814, 1.5238]. Recommendation = [0.0, 0.7774, 0.5973], Current Cost = 5091.00, Rho = 1.000
(iter 10) [0.0, 0.0099, -0.0188] = 455.2840, sampling [1.0, 1.3308, 1.4391]. Recommendation = [0.0, 0.7774, 0.5973], Current Cost = 5092.00, Rho = 1.000
(iter 10) [0.0, 0.0099, -0.0188] = 455.2840, sampling [1.0, 1.1892, 1.6432]. Recommendation = [0.0, 0.7774, 0.5973], Current Cost = 5093.00, Rho = 1.000
(iter 10) [0.0, 0.0099, -0.0188] = 455.2840, sampling [1.0, 1.4614, 1.3564]. Recommendation = [0.0, 0.7774, 0.5973], Current Cost = 5094.00, Rho = 1.000
(iter 10) [0.0, 0.0099, -0.0188] = 455.2840, sampling [1.0, 1.1938, 1.7166]. Recommendation = [0.0, 0.7774, 0.5973], Current Cost = 5095.00, Rho = 1.000
(iter 10) [0.0, 0.0099, -0.0188] = 455.2840, sampling [1.0, 1.5031, 1.8590]. Recommendation = [0.0, 0.7774, 0.5973], Current Cost = 5096.00, Rho = 1.000
(iter 10) [0.0, 0.0099, -0.0188] = 455.2840, sampling [1.0, 1.5431, 1.7507]. Recommendation = [0.0, 0.7774, 0.5973], Current Cost = 5097.00, Rho = 1.000
(iter 10) [0.0, 0.0099, -0.0188] = 455.2840, sampling [1.0, 1.0490, 1.9805]. Recommendation = [0.0, 0.7774, 0.5973], Current Cost = 5098.00, Rho = 1.000
(iter 10) [0.0, 0.0099, -0.0188] = 455.2840, sampling [1.0, 0.9921, 0.3860]. Recommendation = [0.0, 0.7774, 0.5973], Current Cost = 5099.00, Rho = 1.000
(iter 10) [0.0, 0.0099, -0.0188] = 455.2840, sampling [1.0, 1.3540, 1.1866]. Recommendation = [0.0, 0.7774, 0.5973], Current Cost = 5100.00, Rho = 1.000
(iter 10) [0.0, 0.0099, -0.0188] = 455.2840, sampling [1.0, -0.3499, 0.8807]. Recommendation = [0.0, 0.7774, 0.5973], Current Cost = 5101.00, Rho = 1.000
(iter 10) [0.0, 0.0099, -0.0188] = 455.2840, sampling [1.0, -1.2743, 1.1752]. Recommendation = [0.0, 0.7774, 0.5973], Current Cost = 5102.00, Rho = 1.000
(iter 10) [0.0, 0.0099, -0.0188] = 455.2840, sampling [1.0, 0.2648, -0.4211]. Recommendation = [0.0, 0.7774, 0.5973], Current Cost = 5103.00, Rho = 1.000
(iter 10) [0.0, 0.0099, -0.0188] = 455.2840, sampling [1.0, 0.6217, -0.0282]. Recommendation = [0.0, 0.7774, 0.5973], Current Cost = 5104.00, Rho = 1.000
(iter 10) [0.0, 0.0099, -0.0188] = 455.2840, sampling [1.0, 0.8720, 0.1559]. Recommendation = [0.0, 0.7774, 0.5973], Current Cost = 5105.00, Rho = 1.000
(iter 10) [0.0, 0.0099, -0.0188] = 455.2840, sampling [1.0, 1.5464, 1.9469]. Recommendation = [0.0, 0.7774, 0.5973], Current Cost = 5106.00, Rho = 1.000
(iter 10) [0.0, 0.0099, -0.0188] = 455.2840, sampling [1.0, -0.9441, 0.0817]. Recommendation = [0.0, 0.7774, 0.5973], Current Cost = 5107.00, Rho = 1.000
(iter 10) [0.0, 0.0099, -0.0188] = 455.2840, sampling [1.0, -0.6638, 1.9936]. Recommendation = [0.0, 0.7774, 0.5973], Current Cost = 5108.00, Rho = 1.000
(iter 10) [0.0, 0.0099, -0.0188] = 455.2840, sampling [1.0, -0.5254, -0.3613]. Recommendation = [0.0, 0.7774, 0.5973], Current Cost = 5109.00, Rho = 1.000
(iter 10) [0.0, 0.0099, -0.0188] = 455.2840, sampling [1.0, -0.6333, -0.1046]. Recommendation = [0.0, 0.7774, 0.5973], Current Cost = 5110.00, Rho = 1.000
(iter 10) [0.0, 0.0099, -0.0188] = 455.2840, sampling [1.0, 0.1438, 0.7920]. Recommendation = [0.0, 0.7774, 0.5973], Current Cost = 5111.00, Rho = 1.000
(iter 10) [0.0, 0.0099, -0.0188] = 455.2840, sampling [1.0, 0.5915, -0.1972]. Recommendation = [0.0, 0.7774, 0.5973], Current Cost = 5112.00, Rho = 1.000
(iter 10) [0.0, 0.0099, -0.0188] = 455.2840, sampling [1.0, 0.3390, -0.3886]. Recommendation = [0.0, 0.7774, 0.5973], Current Cost = 5113.00, Rho = 1.000
(iter 10) [0.0, 0.0099, -0.0188] = 455.2840, sampling [1.0, 1.6786, 1.8762]. Recommendation = [0.0, 0.7774, 0.5973], Current Cost = 5114.00, Rho = 1.000
(iter 10) [0.0, 0.0099, -0.0188] = 455.2840, sampling [1.0, -1.2708, 0.7776]. Recommendation = [0.0, 0.7774, 0.5973], Current Cost = 5115.00, Rho = 1.000
(iter 10) [0.0, 0.0099, -0.0188] = 455.2840, sampling [1.0, -0.0837, -0.4354]. Recommendation = [0.0, 0.7774, 0.5973], Current Cost = 5116.00, Rho = 1.000
(iter 10) [0.0, 0.0099, -0.0188] = 455.2840, sampling [1.0, -1.0220, 0.3782]. Recommendation = [0.0, 0.7774, 0.5973], Current Cost = 5117.00, Rho = 1.000
(iter 10) [0.0, 0.0099, -0.0188] = 455.2840, sampling [1.0, -0.8397, 1.1181]. Recommendation = [0.0, 0.7774, 0.5973], Current Cost = 5118.00, Rho = 1.000
(iter 10) [0.0, 0.0099, -0.0188] = 455.2840, sampling [1.0, -1.0610, 1.5795]. Recommendation = [0.0, 0.7774, 0.5973], Current Cost = 5119.00, Rho = 1.000
(iter 10) [0.0, 0.0099, -0.0188] = 455.2840, sampling [1.0, -0.0281, 0.4371]. Recommendation = [0.0, 0.7774, 0.5973], Current Cost = 5120.00, Rho = 1.000
(iter 10) [0.0, 0.0099, -0.0188] = 455.2840, sampling [1.0, 0.1591, -0.5968]. Recommendation = [0.0, 0.7774, 0.5973], Current Cost = 5121.00, Rho = 1.000
(iter 10) [0.0, 0.0099, -0.0188] = 455.2840, sampling [1.0, -0.2389, -0.6610]. Recommendation = [0.0, 0.7774, 0.5973], Current Cost = 5122.00, Rho = 1.000
(iter 10) [0.0, 0.0099, -0.0188] = 455.2840, sampling [1.0, -0.6081, 1.1934]. Recommendation = [0.0, 0.7774, 0.5973], Current Cost = 5123.00, Rho = 1.000
(iter 10) [0.0, 0.0099, -0.0188] = 455.2840, sampling [1.0, 0.6566, -0.1273]. Recommendation = [0.0, 0.7774, 0.5973], Current Cost = 5124.00, Rho = 1.000
(iter 10) [0.0, 0.0099, -0.0188] = 455.2840, sampling [1.0, -0.7701, -0.3933]. Recommendation = [0.0, 0.7774, 0.5973], Current Cost = 5125.00, Rho = 1.000
(iter 10) [0.0, 0.0099, -0.0188] = 455.2840, sampling [1.0, 0.2540, -0.5298]. Recommendation = [0.0, 0.7774, 0.5973], Current Cost = 5126.00, Rho = 1.000
(iter 10) [0.0, 0.0099, -0.0188] = 455.2840, sampling [1.0, 1.4407, 0.9502]. Recommendation = [0.0, 0.7774, 0.5973], Current Cost = 5127.00, Rho = 1.000
(iter 10) [0.0, 0.0099, -0.0188] = 455.2840, sampling [1.0, -0.0706, 0.7843]. Recommendation = [0.0, 0.7774, 0.5973], Current Cost = 5128.00, Rho = 1.000
(iter 10) [0.0, 0.0099, -0.0188] = 455.2840, sampling [1.0, -0.0014, -0.7280]. Recommendation = [0.0, 0.7774, 0.5973], Current Cost = 5129.00, Rho = 1.000
(iter 10) [0.0, 0.0099, -0.0188] = 455.2840, sampling [1.0, -1.5311, 1.8287]. Recommendation = [0.0, 0.7774, 0.5973], Current Cost = 5130.00, Rho = 1.000
(iter 10) [0.0, 0.0099, -0.0188] = 455.2840, sampling [1.0, -0.3999, -0.6117]. Recommendation = [0.0, 0.7774, 0.5973], Current Cost = 5131.00, Rho = 1.000
(iter 10) [0.0, 0.0099, -0.0188] = 455.2840, sampling [1.0, -1.5901, 1.4311]. Recommendation = [0.0, 0.7774, 0.5973], Current Cost = 5132.00, Rho = 1.000
(iter 10) [0.0, 0.0099, -0.0188] = 455.2840, sampling [1.0, -1.1186, 0.6080]. Recommendation = [0.0, 0.7774, 0.5973], Current Cost = 5133.00, Rho = 1.000
(iter 10) [0.0, 0.0099, -0.0188] = 455.2840, sampling [1.0, 0.8486, 0.1048]. Recommendation = [0.0, 0.7774, 0.5973], Current Cost = 5134.00, Rho = 1.000
(iter 10) [0.0, 0.0099, -0.0188] = 455.2840, sampling [1.0, -0.7397, 1.4785]. Recommendation = [0.0, 0.7774, 0.5973], Current Cost = 5135.00, Rho = 1.000
(iter 10) [0.0, 0.0099, -0.0188] = 455.2840, sampling [1.0, -0.8420, -0.0389]. Recommendation = [0.0, 0.7774, 0.5973], Current Cost = 5136.00, Rho = 1.000
(iter 10) [0.0, 0.0099, -0.0188] = 455.2840, sampling [1.0, 0.4169, -0.5237]. Recommendation = [0.0, 0.7774, 0.5973], Current Cost = 5137.00, Rho = 1.000
(iter 10) [0.0, 0.0099, -0.0188] = 455.2840, sampling [1.0, 1.6574, 1.4546]. Recommendation = [0.0, 0.7774, 0.5973], Current Cost = 5138.00, Rho = 1.000
(iter 10) [0.0, 0.0099, -0.0188] = 455.2840, sampling [1.0, 0.2911, 0.9266]. Recommendation = [0.0, 0.7774, 0.5973], Current Cost = 5139.00, Rho = 1.000
(iter 10) [0.0, 0.0099, -0.0188] = 455.2840, sampling [1.0, 0.0849, -0.6747]. Recommendation = [0.0, 0.7774, 0.5973], Current Cost = 5140.00, Rho = 1.000
(iter 10) [0.0, 0.0099, -0.0188] = 455.2840, sampling [1.0, -0.7107, -0.1542]. Recommendation = [0.0, 0.7774, 0.5973], Current Cost = 5141.00, Rho = 1.000
(iter 10) [0.0, 0.0099, -0.0188] = 455.2840, sampling [1.0, -0.2268, 0.6727]. Recommendation = [0.0, 0.7774, 0.5973], Current Cost = 5142.00, Rho = 1.000
(iter 10) [0.0, 0.0099, -0.0188] = 455.2840, sampling [1.0, 0.8437, 1.9038]. Recommendation = [0.0, 0.7774, 0.5973], Current Cost = 5143.00, Rho = 1.000
(iter 10) [0.0, 0.0099, -0.0188] = 455.2840, sampling [1.0, 1.0741, 0.1840]. Recommendation = [0.0, 0.7774, 0.5973], Current Cost = 5144.00, Rho = 1.000
(iter 10) [0.0, 0.0099, -0.0188] = 455.2840, sampling [1.0, -1.4765, 0.9183]. Recommendation = [0.0, 0.7774, 0.5973], Current Cost = 5145.00, Rho = 1.000
(iter 10) [0.0, 0.0099, -0.0188] = 455.2840, sampling [1.0, -0.9333, 1.5956]. Recommendation = [0.0, 0.7774, 0.5973], Current Cost = 5146.00, Rho = 1.000
(iter 10) [0.0, 0.0099, -0.0188] = 455.2840, sampling [1.0, -0.5062, -0.5631]. Recommendation = [0.0, 0.7774, 0.5973], Current Cost = 5147.00, Rho = 1.000
(iter 10) [0.0, 0.0099, -0.0188] = 455.2840, sampling [1.0, -0.1655, 0.8413]. Recommendation = [0.0, 0.7774, 0.5973], Current Cost = 5148.00, Rho = 1.000
(iter 10) [0.0, 0.0099, -0.0188] = 455.2840, sampling [1.0, -1.2048, 0.0986]. Recommendation = [0.0, 0.7774, 0.5973], Current Cost = 5149.00, Rho = 1.000
(iter 10) [0.0, 0.0099, -0.0188] = 455.2840, sampling [1.0, 1.5914, 1.8211]. Recommendation = [0.0, 0.7774, 0.5973], Current Cost = 5150.00, Rho = 1.000
(iter 10) [0.0, 0.0099, -0.0188] = 455.2840, sampling [1.0, -0.3533, 1.0376]. Recommendation = [0.0, 0.7774, 0.5973], Current Cost = 5151.00, Rho = 1.000
(iter 10) [0.0, 0.0099, -0.0188] = 455.2840, sampling [1.0, 0.4563, 1.3302]. Recommendation = [0.0, 0.7774, 0.5973], Current Cost = 5152.00, Rho = 1.000
(iter 10) [0.0, 0.0099, -0.0188] = 455.2840, sampling [1.0, 0.3185, -0.7792]. Recommendation = [0.0, 0.7774, 0.5973], Current Cost = 5153.00, Rho = 1.000
(iter 10) [0.0, 0.0099, -0.0188] = 455.2840, sampling [1.0, 0.1234, -0.7596]. Recommendation = [0.0, 0.7774, 0.5973], Current Cost = 5154.00, Rho = 1.000
(iter 10) [0.0, 0.0099, -0.0188] = 455.2840, sampling [1.0, 0.7748, -0.2227]. Recommendation = [0.0, 0.7774, 0.5973], Current Cost = 5155.00, Rho = 1.000
(iter 10) [0.0, 0.0099, -0.0188] = 455.2840, sampling [1.0, 1.3198, 0.5555]. Recommendation = [0.0, 0.7774, 0.5973], Current Cost = 5156.00, Rho = 1.000
(iter 10) [0.0, 0.0099, -0.0188] = 455.2840, sampling [1.0, -0.3184, -0.6244]. Recommendation = [0.0, 0.7774, 0.5973], Current Cost = 5157.00, Rho = 1.000
(iter 10) [0.0, 0.0099, -0.0188] = 455.2840, sampling [1.0, 0.9237, 0.0936]. Recommendation = [0.0, 0.7774, 0.5973], Current Cost = 5158.00, Rho = 1.000
(iter 10) [0.0, 0.0099, -0.0188] = 455.2840, sampling [1.0, -0.2025, -0.9471]. Recommendation = [0.0, 0.7774, 0.5973], Current Cost = 5159.00, Rho = 1.000
(iter 10) [0.0, 0.0099, -0.0188] = 455.2840, sampling [1.0, -1.6546, 1.9100]. Recommendation = [0.0, 0.7774, 0.5973], Current Cost = 5160.00, Rho = 1.000
(iter 10) [0.0, 0.0099, -0.0188] = 455.2840, sampling [1.0, -0.8648, -0.2318]. Recommendation = [0.0, 0.7774, 0.5973], Current Cost = 5161.00, Rho = 1.000
(iter 10) [0.0, 0.0099, -0.0188] = 455.2840, sampling [1.0, 0.4982, -0.6528]. Recommendation = [0.0, 0.7774, 0.5973], Current Cost = 5162.00, Rho = 1.000
(iter 10) [0.0, 0.0099, -0.0188] = 455.2840, sampling [1.0, -0.6866, -0.7476]. Recommendation = [0.0, 0.7774, 0.5973], Current Cost = 5163.00, Rho = 1.000
(iter 10) [0.0, 0.0099, -0.0188] = 455.2840, sampling [1.0, 1.3978, 1.0907]. Recommendation = [0.0, 0.7774, 0.5973], Current Cost = 5164.00, Rho = 1.000
(iter 10) [0.0, 0.0099, -0.0188] = 455.2840, sampling [1.0, 0.7338, -0.3051]. Recommendation = [0.0, 0.7774, 0.5973], Current Cost = 5165.00, Rho = 1.000
(iter 10) [0.0, 0.0099, -0.0188] = 455.2840, sampling [1.0, -0.8835, 1.5541]. Recommendation = [0.0, 0.7774, 0.5973], Current Cost = 5166.00, Rho = 1.000
(iter 10) [0.0, 0.0099, -0.0188] = 455.2840, sampling [1.0, -0.2604, 0.8914]. Recommendation = [0.0, 0.7774, 0.5973], Current Cost = 5167.00, Rho = 1.000
(iter 10) [0.0, 0.0099, -0.0188] = 455.2840, sampling [1.0, 0.1869, -1.0286]. Recommendation = [0.0, 0.7774, 0.5973], Current Cost = 5168.00, Rho = 1.000
(iter 10) [0.0, 0.0099, -0.0188] = 455.2840, sampling [1.0, 1.4737, 1.2619]. Recommendation = [0.0, 0.7774, 0.5973], Current Cost = 5169.00, Rho = 1.000
(iter 10) [0.0, 0.0099, -0.0188] = 455.2840, sampling [1.0, 1.9268, 1.9280]. Recommendation = [0.0, 0.7774, 0.5973], Current Cost = 5170.00, Rho = 1.000
(iter 10) [0.0, 0.0099, -0.0188] = 455.2840, sampling [1.0, -0.4610, 1.2106]. Recommendation = [0.0, 0.7774, 0.5973], Current Cost = 5171.00, Rho = 1.000
(iter 10) [0.0, 0.0099, -0.0188] = 455.2840, sampling [1.0, -0.1306, 1.0580]. Recommendation = [0.0, 0.7774, 0.5973], Current Cost = 5172.00, Rho = 1.000
(iter 10) [0.0, 0.0099, -0.0188] = 455.2840, sampling [1.0, -0.1950, 0.7146]. Recommendation = [0.0, 0.7774, 0.5973], Current Cost = 5173.00, Rho = 1.000
(iter 10) [0.0, 0.0099, -0.0188] = 455.2840, sampling [1.0, 0.4472, 1.9541]. Recommendation = [0.0, 0.7774, 0.5973], Current Cost = 5174.00, Rho = 1.000
(iter 10) [0.0, 0.0099, -0.0188] = 455.2840, sampling [1.0, -0.0799, 0.8613]. Recommendation = [0.0, 0.7774, 0.5973], Current Cost = 5175.00, Rho = 1.000
(iter 10) [0.0, 0.0099, -0.0188] = 455.2840, sampling [1.0, 0.0059, -1.0525]. Recommendation = [0.0, 0.7774, 0.5973], Current Cost = 5176.00, Rho = 1.000
(iter 10) [0.0, 0.0099, -0.0188] = 455.2840, sampling [1.0, -0.3637, -0.9184]. Recommendation = [0.0, 0.7774, 0.5973], Current Cost = 5177.00, Rho = 1.000
(iter 10) [0.0, 0.0099, -0.0188] = 455.2840, sampling [1.0, 0.3299, 0.9633]. Recommendation = [0.0, 0.7774, 0.5973], Current Cost = 5178.00, Rho = 1.000
(iter 10) [0.0, 0.0099, -0.0188] = 455.2840, sampling [1.0, 0.5793, -0.6033]. Recommendation = [0.0, 0.7774, 0.5973], Current Cost = 5179.00, Rho = 1.000
(iter 10) [0.0, 0.0099, -0.0188] = 455.2840, sampling [1.0, -0.9087, -0.0426]. Recommendation = [0.0, 0.7774, 0.5973], Current Cost = 5180.00, Rho = 1.000
(iter 10) [0.0, 0.0099, -0.0188] = 455.2840, sampling [1.0, -1.9247, 1.8420]. Recommendation = [0.0, 0.7774, 0.5973], Current Cost = 5181.00, Rho = 1.000
(iter 10) [0.0, 0.0099, -0.0188] = 455.2840, sampling [1.0, 0.9588, 0.0544]. Recommendation = [0.0, 0.7774, 0.5973], Current Cost = 5182.00, Rho = 1.000
(iter 10) [0.0, 0.0099, -0.0188] = 455.2840, sampling [1.0, 0.1652, 1.2920]. Recommendation = [0.0, 0.7774, 0.5973], Current Cost = 5183.00, Rho = 1.000
(iter 10) [0.0, 0.0099, -0.0188] = 455.2840, sampling [1.0, 0.9664, 1.9120]. Recommendation = [0.0, 0.7774, 0.5973], Current Cost = 5184.00, Rho = 1.000
(iter 10) [0.0, 0.0099, -0.0188] = 455.2840, sampling [1.0, 0.9731, -0.1693]. Recommendation = [0.0, 0.7774, 0.5973], Current Cost = 5185.00, Rho = 1.000
(iter 10) [0.0, 0.0099, -0.0188] = 455.2840, sampling [1.0, -1.2924, -0.4568]. Recommendation = [0.0, 0.7774, 0.5973], Current Cost = 5186.00, Rho = 1.000
(iter 10) [0.0, 0.0099, -0.0188] = 455.2840, sampling [1.0, -0.8516, 1.6019]. Recommendation = [0.0, 0.7774, 0.5973], Current Cost = 5187.00, Rho = 1.000
(iter 10) [0.0, 0.0099, -0.0188] = 455.2840, sampling [1.0, -0.5694, 1.2516]. Recommendation = [0.0, 0.7774, 0.5973], Current Cost = 5188.00, Rho = 1.000
(iter 10) [0.0, 0.0099, -0.0188] = 455.2840, sampling [1.0, -1.1894, 0.3232]. Recommendation = [0.0, 0.7774, 0.5973], Current Cost = 5189.00, Rho = 1.000
(iter 10) [0.0, 0.0099, -0.0188] = 455.2840, sampling [1.0, 0.5583, -0.8122]. Recommendation = [0.0, 0.7774, 0.5973], Current Cost = 5190.00, Rho = 1.000
(iter 10) [0.0, 0.0099, -0.0188] = 455.2840, sampling [1.0, -0.6696, 1.6629]. Recommendation = [0.0, 0.7774, 0.5973], Current Cost = 5191.00, Rho = 1.000
(iter 10) [0.0, 0.0099, -0.0188] = 455.2840, sampling [1.0, 1.1471, 0.2251]. Recommendation = [0.0, 0.7774, 0.5973], Current Cost = 5192.00, Rho = 1.000
(iter 10) [0.0, 0.0099, -0.0188] = 455.2840, sampling [1.0, 0.1492, -1.4347]. Recommendation = [0.0, 0.7774, 0.5973], Current Cost = 5193.00, Rho = 1.000
(iter 10) [0.0, 0.0099, -0.0188] = 455.2840, sampling [1.0, 0.3595, -0.7608]. Recommendation = [0.0, 0.7774, 0.5973], Current Cost = 5194.00, Rho = 1.000
(iter 10) [0.0, 0.0099, -0.0188] = 455.2840, sampling [1.0, -1.3984, 0.7051]. Recommendation = [0.0, 0.7774, 0.5973], Current Cost = 5195.00, Rho = 1.000
(iter 10) [0.0, 0.0099, -0.0188] = 455.2840, sampling [1.0, -0.2654, 1.0552]. Recommendation = [0.0, 0.7774, 0.5973], Current Cost = 5196.00, Rho = 1.000
(iter 10) [0.0, 0.0099, -0.0188] = 455.2840, sampling [1.0, 0.3066, -0.8269]. Recommendation = [0.0, 0.7774, 0.5973], Current Cost = 5197.00, Rho = 1.000
(iter 10) [0.0, 0.0099, -0.0188] = 455.2840, sampling [1.0, 1.5808, 1.0869]. Recommendation = [0.0, 0.7774, 0.5973], Current Cost = 5198.00, Rho = 1.000
(iter 10) [0.0, 0.0099, -0.0188] = 455.2840, sampling [1.0, 1.5214, 1.3707]. Recommendation = [0.0, 0.7774, 0.5973], Current Cost = 5199.00, Rho = 1.000
(iter 10) [0.0, 0.0099, -0.0188] = 455.2840, sampling [1.0, -0.9014, -0.1423]. Recommendation = [0.0, 0.7774, 0.5973], Current Cost = 5200.00, Rho = 1.000
(iter 10) [0.0, 0.0099, -0.0188] = 455.2840, sampling [1.0, 0.3937, 1.1673]. Recommendation = [0.0, 0.7774, 0.5973], Current Cost = 5201.00, Rho = 1.000
(iter 10) [0.0, 0.0099, -0.0188] = 455.2840, sampling [1.0, -0.3259, 1.4139]. Recommendation = [0.0, 0.7774, 0.5973], Current Cost = 5202.00, Rho = 1.000
(iter 10) [0.0, 0.0099, -0.0188] = 455.2840, sampling [1.0, 0.8076, 1.7880]. Recommendation = [0.0, 0.7774, 0.5973], Current Cost = 5203.00, Rho = 1.000
(iter 10) [0.0, 0.0099, -0.0188] = 455.2840, sampling [1.0, -0.7775, 1.5470]. Recommendation = [0.0, 0.7774, 0.5973], Current Cost = 5204.00, Rho = 1.000
(iter 10) [0.0, 0.0099, -0.0188] = 455.2840, sampling [1.0, 0.5447, -1.1457]. Recommendation = [0.0, 0.7774, 0.5973], Current Cost = 5205.00, Rho = 1.000
(iter 10) [0.0, 0.0099, -0.0188] = 455.2840, sampling [1.0, 0.7930, -0.2732]. Recommendation = [0.0, 0.7774, 0.5973], Current Cost = 5206.00, Rho = 1.000
(iter 10) [0.0, 0.0099, -0.0188] = 455.2840, sampling [1.0, -1.7675, 1.1377]. Recommendation = [0.0, 0.7774, 0.5973], Current Cost = 5207.00, Rho = 1.000
(iter 10) [0.0, 0.0099, -0.0188] = 455.2840, sampling [1.0, 0.2748, 0.9577]. Recommendation = [0.0, 0.7774, 0.5973], Current Cost = 5208.00, Rho = 1.000
(iter 10) [0.0, 0.0099, -0.0188] = 455.2840, sampling [1.0, 1.7189, 1.7598]. Recommendation = [0.0, 0.7774, 0.5973], Current Cost = 5209.00, Rho = 1.000
(iter 10) [0.0, 0.0099, -0.0188] = 455.2840, sampling [1.0, 1.3733, 0.2225]. Recommendation = [0.0, 0.7774, 0.5973], Current Cost = 5210.00, Rho = 1.000
(iter 10) [0.0, 0.0099, -0.0188] = 455.2840, sampling [1.0, -0.2787, -1.2233]. Recommendation = [0.0, 0.7774, 0.5973], Current Cost = 5211.00, Rho = 1.000
(iter 10) [0.0, 0.0099, -0.0188] = 455.2840, sampling [1.0, 0.3765, 1.5094]. Recommendation = [0.0, 0.7774, 0.5973], Current Cost = 5212.00, Rho = 1.000
(iter 10) [0.0, 0.0099, -0.0188] = 455.2840, sampling [1.0, 0.0923, -1.2298]. Recommendation = [0.0, 0.7774, 0.5973], Current Cost = 5213.00, Rho = 1.000
(iter 10) [0.0, 0.0099, -0.0188] = 455.2840, sampling [1.0, 0.8977, -0.3560]. Recommendation = [0.0, 0.7774, 0.5973], Current Cost = 5214.00, Rho = 1.000
(iter 10) [0.0, 0.0099, -0.0188] = 455.2840, sampling [1.0, -0.6181, -0.8899]. Recommendation = [0.0, 0.7774, 0.5973], Current Cost = 5215.00, Rho = 1.000
(iter 10) [0.0, 0.0099, -0.0188] = 455.2840, sampling [1.0, -0.2095, 1.0248]. Recommendation = [0.0, 0.7774, 0.5973], Current Cost = 5216.00, Rho = 1.000
(iter 10) [0.0, 0.0099, -0.0188] = 455.2840, sampling [1.0, 0.0747, -1.9925]. Recommendation = [0.0, 0.7774, 0.5973], Current Cost = 5217.00, Rho = 1.000
(iter 10) [0.0, 0.0099, -0.0188] = 455.2840, sampling [1.0, -0.2196, 1.8956]. Recommendation = [0.0, 0.7774, 0.5973], Current Cost = 5218.00, Rho = 1.000
(iter 10) [0.0, 0.0099, -0.0188] = 455.2840, sampling [1.0, 0.7480, -0.7192]. Recommendation = [0.0, 0.7774, 0.5973], Current Cost = 5219.00, Rho = 1.000
(iter 10) [0.0, 0.0099, -0.0188] = 455.2840, sampling [1.0, 1.5048, 0.6466]. Recommendation = [0.0, 0.7774, 0.5973], Current Cost = 5220.00, Rho = 1.000
(iter 10) [0.0, 0.0099, -0.0188] = 455.2840, sampling [1.0, 0.5052, 1.3991]. Recommendation = [0.0, 0.7774, 0.5973], Current Cost = 5221.00, Rho = 1.000
(iter 10) [0.0, 0.0099, -0.0188] = 455.2840, sampling [1.0, -0.8208, -0.4688]. Recommendation = [0.0, 0.7774, 0.5973], Current Cost = 5222.00, Rho = 1.000
(iter 10) [0.0, 0.0099, -0.0188] = 455.2840, sampling [1.0, 0.2358, -1.1005]. Recommendation = [0.0, 0.7774, 0.5973], Current Cost = 5223.00, Rho = 1.000
(iter 10) [0.0, 0.0099, -0.0188] = 455.2840, sampling [1.0, -0.4704, 1.2743]. Recommendation = [0.0, 0.7774, 0.5973], Current Cost = 5224.00, Rho = 1.000
(iter 10) [0.0, 0.0099, -0.0188] = 455.2840, sampling [1.0, -0.3909, -1.1064]. Recommendation = [0.0, 0.7774, 0.5973], Current Cost = 5225.00, Rho = 1.000
(iter 10) [0.0, 0.0099, -0.0188] = 455.2840, sampling [1.0, 0.2820, 1.2664]. Recommendation = [0.0, 0.7774, 0.5973], Current Cost = 5226.00, Rho = 1.000
(iter 10) [0.0, 0.0099, -0.0188] = 455.2840, sampling [1.0, -1.4064, 0.3569]. Recommendation = [0.0, 0.7774, 0.5973], Current Cost = 5227.00, Rho = 1.000
(iter 10) [0.0, 0.0099, -0.0188] = 455.2840, sampling [1.0, 0.9294, 1.9670]. Recommendation = [0.0, 0.7774, 0.5973], Current Cost = 5228.00, Rho = 1.000
(iter 10) [0.0, 0.0099, -0.0188] = 455.2840, sampling [1.0, -0.0398, 1.3608]. Recommendation = [0.0, 0.7774, 0.5973], Current Cost = 5229.00, Rho = 1.000
(iter 10) [0.0, 0.0099, -0.0188] = 455.2840, sampling [1.0, 0.6539, 1.6277]. Recommendation = [0.0, 0.7774, 0.5973], Current Cost = 5230.00, Rho = 1.000
(iter 10) [0.0, 0.0099, -0.0188] = 455.2840, sampling [1.0, -0.5947, 1.2253]. Recommendation = [0.0, 0.7774, 0.5973], Current Cost = 5231.00, Rho = 1.000
(iter 10) [0.0, 0.0099, -0.0188] = 455.2840, sampling [1.0, 0.8870, -0.4934]. Recommendation = [0.0, 0.7774, 0.5973], Current Cost = 5232.00, Rho = 1.000
(iter 10) [0.0, 0.0099, -0.0188] = 455.2840, sampling [1.0, -1.5965, -1.8584]. Recommendation = [0.0, 0.7774, 0.5973], Current Cost = 5233.00, Rho = 1.000
(iter 10) [0.0, 0.0099, -0.0188] = 455.2840, sampling [1.0, -1.1201, -0.0027]. Recommendation = [0.0, 0.7774, 0.5973], Current Cost = 5234.00, Rho = 1.000
(iter 10) [0.0, 0.0099, -0.0188] = 455.2840, sampling [1.0, 0.6127, -1.5853]. Recommendation = [0.0, 0.7774, 0.5973], Current Cost = 5235.00, Rho = 1.000
(iter 10) [0.0, 0.0099, -0.0188] = 455.2840, sampling [1.0, 1.6000, 1.2378]. Recommendation = [0.0, 0.7774, 0.5973], Current Cost = 5236.00, Rho = 1.000
(iter 10) [0.0, 0.0099, -0.0188] = 455.2840, sampling [1.0, 1.2255, 0.0018]. Recommendation = [0.0, 0.7774, 0.5973], Current Cost = 5237.00, Rho = 1.000
(iter 10) [0.0, 0.0099, -0.0188] = 455.2840, sampling [1.0, 0.6756, -0.9758]. Recommendation = [0.0, 0.7774, 0.5973], Current Cost = 5238.00, Rho = 1.000
(iter 10) [0.0, 0.0099, -0.0188] = 455.2840, sampling [1.0, -0.1387, 1.0991]. Recommendation = [0.0, 0.7774, 0.5973], Current Cost = 5239.00, Rho = 1.000
(iter 10) [0.0, 0.0099, -0.0188] = 455.2840, sampling [1.0, 0.1692, 1.5182]. Recommendation = [0.0, 0.7774, 0.5973], Current Cost = 5240.00, Rho = 1.000
(iter 10) [0.0, 0.0099, -0.0188] = 455.2840, sampling [1.0, 1.9428, 0.5400]. Recommendation = [0.0, 0.7774, 0.5973], Current Cost = 5241.00, Rho = 1.000
(iter 10) [0.0, 0.0099, -0.0188] = 455.2840, sampling [1.0, -1.7320, 1.5003]. Recommendation = [0.0, 0.7774, 0.5973], Current Cost = 5242.00, Rho = 1.000
(iter 10) [0.0, 0.0099, -0.0188] = 455.2840, sampling [1.0, 0.6655, 1.9878]. Recommendation = [0.0, 0.7774, 0.5973], Current Cost = 5243.00, Rho = 1.000
(iter 10) [0.0, 0.0099, -0.0188] = 455.2840, sampling [1.0, -0.5317, -1.0926]. Recommendation = [0.0, 0.7774, 0.5973], Current Cost = 5244.00, Rho = 1.000
(iter 10) [0.0, 0.0099, -0.0188] = 455.2840, sampling [1.0, -0.5821, 1.7709]. Recommendation = [0.0, 0.7774, 0.5973], Current Cost = 5245.00, Rho = 1.000
(iter 10) [0.0, 0.0099, -0.0188] = 455.2840, sampling [1.0, 0.6906, -0.7886]. Recommendation = [0.0, 0.7774, 0.5973], Current Cost = 5246.00, Rho = 1.000
(iter 10) [0.0, 0.0099, -0.0188] = 455.2840, sampling [1.0, -0.1686, -1.5943]. Recommendation = [0.0, 0.7774, 0.5973], Current Cost = 5247.00, Rho = 1.000
(iter 10) [0.0, 0.0099, -0.0188] = 455.2840, sampling [1.0, 0.0497, -1.2888]. Recommendation = [0.0, 0.7774, 0.5973], Current Cost = 5248.00, Rho = 1.000
(iter 10) [0.0, 0.0099, -0.0188] = 455.2840, sampling [1.0, -1.5580, 1.0424]. Recommendation = [0.0, 0.7774, 0.5973], Current Cost = 5249.00, Rho = 1.000
(iter 10) [0.0, 0.0099, -0.0188] = 455.2840, sampling [1.0, 1.8219, 1.6654]. Recommendation = [0.0, 0.7774, 0.5973], Current Cost = 5250.00, Rho = 1.000
(iter 10) [0.0, 0.0099, -0.0188] = 455.2840, sampling [1.0, 0.4242, 1.3798]. Recommendation = [0.0, 0.7774, 0.5973], Current Cost = 5251.00, Rho = 1.000
(iter 10) [0.0, 0.0099, -0.0188] = 455.2840, sampling [1.0, -1.4560, 0.5638]. Recommendation = [0.0, 0.7774, 0.5973], Current Cost = 5252.00, Rho = 1.000
(iter 10) [0.0, 0.0099, -0.0188] = 455.2840, sampling [1.0, 0.3618, 1.6480]. Recommendation = [0.0, 0.7774, 0.5973], Current Cost = 5253.00, Rho = 1.000
(iter 10) [0.0, 0.0099, -0.0188] = 455.2840, sampling [1.0, 1.1186, -0.3245]. Recommendation = [0.0, 0.7774, 0.5973], Current Cost = 5254.00, Rho = 1.000
(iter 10) [0.0, 0.0099, -0.0188] = 455.2840, sampling [1.0, 1.3444, 0.4774]. Recommendation = [0.0, 0.7774, 0.5973], Current Cost = 5255.00, Rho = 1.000
(iter 10) [0.0, 0.0099, -0.0188] = 455.2840, sampling [1.0, 0.4136, -1.4224]. Recommendation = [0.0, 0.7774, 0.5973], Current Cost = 5256.00, Rho = 1.000
(iter 10) [0.0, 0.0099, -0.0188] = 455.2840, sampling [1.0, 1.9968, -1.9841]. Recommendation = [0.0, 0.7774, 0.5973], Current Cost = 5257.00, Rho = 1.000
(iter 10) [0.0, 0.0099, -0.0188] = 455.2840, sampling [1.0, -0.7629, 1.5341]. Recommendation = [0.0, 0.7774, 0.5973], Current Cost = 5258.00, Rho = 1.000
(iter 10) [0.0, 0.0099, -0.0188] = 455.2840, sampling [1.0, -1.2499, 0.3044]. Recommendation = [0.0, 0.7774, 0.5973], Current Cost = 5259.00, Rho = 1.000
(iter 10) [0.0, 0.0099, -0.0188] = 455.2840, sampling [1.0, 0.2267, 1.4199]. Recommendation = [0.0, 0.7774, 0.5973], Current Cost = 5260.00, Rho = 1.000
(iter 10) [0.0, 0.0099, -0.0188] = 455.2840, sampling [1.0, -1.1009, -0.3302]. Recommendation = [0.0, 0.7774, 0.5973], Current Cost = 5261.00, Rho = 1.000
(iter 10) [0.0, 0.0099, -0.0188] = 455.2840, sampling [1.0, -0.4238, -1.3039]. Recommendation = [0.0, 0.7774, 0.5973], Current Cost = 5262.00, Rho = 1.000
(iter 10) [0.0, 0.0099, -0.0188] = 455.2840, sampling [1.0, -1.7577, 1.8000]. Recommendation = [0.0, 0.7774, 0.5973], Current Cost = 5263.00, Rho = 1.000
(iter 10) [0.0, 0.0099, -0.0188] = 455.2840, sampling [1.0, 0.5610, -0.8453]. Recommendation = [0.0, 0.7774, 0.5973], Current Cost = 5264.00, Rho = 1.000
(iter 10) [0.0, 0.0099, -0.0188] = 455.2840, sampling [1.0, -1.1284, -0.0704]. Recommendation = [0.0, 0.7774, 0.5973], Current Cost = 5265.00, Rho = 1.000
(iter 10) [0.0, 0.0099, -0.0188] = 455.2840, sampling [1.0, -1.4701, 0.7559]. Recommendation = [0.0, 0.7774, 0.5973], Current Cost = 5266.00, Rho = 1.000
(iter 10) [0.0, 0.0099, -0.0188] = 455.2840, sampling [1.0, 0.0402, 1.7655]. Recommendation = [0.0, 0.7774, 0.5973], Current Cost = 5267.00, Rho = 1.000
(iter 10) [0.0, 0.0099, -0.0188] = 455.2840, sampling [1.0, 0.9446, -0.6182]. Recommendation = [0.0, 0.7774, 0.5973], Current Cost = 5268.00, Rho = 1.000
(iter 10) [0.0, 0.0099, -0.0188] = 455.2840, sampling [1.0, 0.2166, -1.6924]. Recommendation = [0.0, 0.7774, 0.5973], Current Cost = 5269.00, Rho = 1.000
(iter 10) [0.0, 0.0099, -0.0188] = 455.2840, sampling [1.0, 0.2120, -1.1247]. Recommendation = [0.0, 0.7774, 0.5973], Current Cost = 5270.00, Rho = 1.000
(iter 10) [0.0, 0.0099, -0.0188] = 455.2840, sampling [1.0, 0.5754, -1.0604]. Recommendation = [0.0, 0.7774, 0.5973], Current Cost = 5271.00, Rho = 1.000
(iter 10) [0.0, 0.0099, -0.0188] = 455.2840, sampling [1.0, 1.6509, 1.3013]. Recommendation = [0.0, 0.7774, 0.5973], Current Cost = 5272.00, Rho = 1.000
(iter 10) [0.0, 0.0099, -0.0188] = 455.2840, sampling [1.0, -0.7959, -1.0003]. Recommendation = [0.0, 0.7774, 0.5973], Current Cost = 5273.00, Rho = 1.000
(iter 10) [0.0, 0.0099, -0.0188] = 455.2840, sampling [1.0, -1.0087, -0.7084]. Recommendation = [0.0, 0.7774, 0.5973], Current Cost = 5274.00, Rho = 1.000
(iter 10) [0.0, 0.0099, -0.0188] = 455.2840, sampling [1.0, -0.3388, -1.1958]. Recommendation = [0.0, 0.7774, 0.5973], Current Cost = 5275.00, Rho = 1.000
(iter 10) [0.0, 0.0099, -0.0188] = 455.2840, sampling [1.0, 1.7798, 1.8040]. Recommendation = [0.0, 0.7774, 0.5973], Current Cost = 5276.00, Rho = 1.000
(iter 10) [0.0, 0.0099, -0.0188] = 455.2840, sampling [1.0, -1.9076, 0.4541]. Recommendation = [0.0, 0.7774, 0.5973], Current Cost = 5277.00, Rho = 1.000
(iter 10) [0.0, 0.0099, -0.0188] = 455.2840, sampling [1.0, -1.2165, 0.5090]. Recommendation = [0.0, 0.7774, 0.5973], Current Cost = 5278.00, Rho = 1.000
(iter 10) [0.0, 0.0099, -0.0188] = 455.2840, sampling [1.0, 0.4889, 1.8130]. Recommendation = [0.0, 0.7774, 0.5973], Current Cost = 5279.00, Rho = 1.000
(iter 10) [0.0, 0.0099, -0.0188] = 455.2840, sampling [1.0, -1.8161, 1.6808]. Recommendation = [0.0, 0.7774, 0.5973], Current Cost = 5280.00, Rho = 1.000
(iter 10) [0.0, 0.0099, -0.0188] = 455.2840, sampling [1.0, -0.6028, -1.1806]. Recommendation = [0.0, 0.7774, 0.5973], Current Cost = 5281.00, Rho = 1.000
(iter 10) [0.0, 0.0099, -0.0188] = 455.2840, sampling [1.0, -1.2978, 0.2401]. Recommendation = [0.0, 0.7774, 0.5973], Current Cost = 5282.00, Rho = 1.000
(iter 10) [0.0, 0.0099, -0.0188] = 455.2840, sampling [1.0, -0.5671, 1.9421]. Recommendation = [0.0, 0.7774, 0.5973], Current Cost = 5283.00, Rho = 1.000
(iter 10) [0.0, 0.0099, -0.0188] = 455.2840, sampling [1.0, -1.2447, -0.0127]. Recommendation = [0.0, 0.7774, 0.5973], Current Cost = 5284.00, Rho = 1.000
(iter 10) [0.0, 0.0099, -0.0188] = 455.2840, sampling [1.0, 0.0233, -1.7722]. Recommendation = [0.0, 0.7774, 0.5973], Current Cost = 5285.00, Rho = 1.000
(iter 10) [0.0, 0.0099, -0.0188] = 455.2840, sampling [1.0, -0.3786, -1.6009]. Recommendation = [0.0, 0.7774, 0.5973], Current Cost = 5286.00, Rho = 1.000
(iter 10) [0.0, 0.0099, -0.0188] = 455.2840, sampling [1.0, 0.4749, 1.4002]. Recommendation = [0.0, 0.7774, 0.5973], Current Cost = 5287.00, Rho = 1.000
(iter 10) [0.0, 0.0099, -0.0188] = 455.2840, sampling [1.0, -1.1930, -0.2067]. Recommendation = [0.0, 0.7774, 0.5973], Current Cost = 5288.00, Rho = 1.000
(iter 10) [0.0, 0.0099, -0.0188] = 455.2840, sampling [1.0, 0.1989, 1.6114]. Recommendation = [0.0, 0.7774, 0.5973], Current Cost = 5289.00, Rho = 1.000
(iter 10) [0.0, 0.0099, -0.0188] = 455.2840, sampling [1.0, -0.1197, 1.0701]. Recommendation = [0.0, 0.7774, 0.5973], Current Cost = 5290.00, Rho = 1.000
(iter 10) [0.0, 0.0099, -0.0188] = 455.2840, sampling [1.0, 0.6328, -1.3165]. Recommendation = [0.0, 0.7774, 0.5973], Current Cost = 5291.00, Rho = 1.000
(iter 10) [0.0, 0.0099, -0.0188] = 455.2840, sampling [1.0, 1.8062, 1.2222]. Recommendation = [0.0, 0.7774, 0.5973], Current Cost = 5292.00, Rho = 1.000
(iter 10) [0.0, 0.0099, -0.0188] = 455.2840, sampling [1.0, 1.2369, -0.0854]. Recommendation = [0.0, 0.7774, 0.5973], Current Cost = 5293.00, Rho = 1.000
(iter 10) [0.0, 0.0099, -0.0188] = 455.2840, sampling [1.0, 0.7209, -1.0801]. Recommendation = [0.0, 0.7774, 0.5973], Current Cost = 5294.00, Rho = 1.000
(iter 10) [0.0, 0.0099, -0.0188] = 455.2840, sampling [1.0, -0.0489, 1.3267]. Recommendation = [0.0, 0.7774, 0.5973], Current Cost = 5295.00, Rho = 1.000
(iter 10) [0.0, 0.0099, -0.0188] = 455.2840, sampling [1.0, 1.4499, 0.5347]. Recommendation = [0.0, 0.7774, 0.5973], Current Cost = 5296.00, Rho = 1.000
(iter 10) [0.0, 0.0099, -0.0188] = 455.2840, sampling [1.0, -0.0184, 1.9220]. Recommendation = [0.0, 0.7774, 0.5973], Current Cost = 5297.00, Rho = 1.000
(iter 10) [0.0, 0.0099, -0.0188] = 455.2840, sampling [1.0, 0.2449, 1.4848]. Recommendation = [0.0, 0.7774, 0.5973], Current Cost = 5298.00, Rho = 1.000
(iter 10) [0.0, 0.0099, -0.0188] = 455.2840, sampling [1.0, 0.4079, -1.5344]. Recommendation = [0.0, 0.7774, 0.5973], Current Cost = 5299.00, Rho = 1.000
(iter 10) [0.0, 0.0099, -0.0188] = 455.2840, sampling [1.0, -0.5129, -1.1365]. Recommendation = [0.0, 0.7774, 0.5973], Current Cost = 5300.00, Rho = 1.000
(iter 10) [0.0, 0.0099, -0.0188] = 455.2840, sampling [1.0, 1.0970, -0.5574]. Recommendation = [0.0, 0.7774, 0.5973], Current Cost = 5301.00, Rho = 1.000
(iter 10) [0.0, 0.0099, -0.0188] = 455.2840, sampling [1.0, 1.9875, 1.7289]. Recommendation = [0.0, 0.7774, 0.5973], Current Cost = 5302.00, Rho = 1.000
(iter 10) [0.0, 0.0099, -0.0188] = 455.2840, sampling [1.0, -0.2443, -1.7235]. Recommendation = [0.0, 0.7774, 0.5973], Current Cost = 5303.00, Rho = 1.000
(iter 10) [0.0, 0.0099, -0.0188] = 455.2840, sampling [1.0, -1.8442, 1.3199]. Recommendation = [0.0, 0.7774, 0.5973], Current Cost = 5304.00, Rho = 1.000
(iter 10) [0.0, 0.0099, -0.0188] = 455.2840, sampling [1.0, -1.6154, 0.8154]. Recommendation = [0.0, 0.7774, 0.5973], Current Cost = 5305.00, Rho = 1.000
(iter 10) [0.0, 0.0099, -0.0188] = 455.2840, sampling [1.0, 0.9836, -0.9291]. Recommendation = [0.0, 0.7774, 0.5973], Current Cost = 5306.00, Rho = 1.000
(iter 10) [0.0, 0.0099, -0.0188] = 455.2840, sampling [1.0, -0.4820, -1.2852]. Recommendation = [0.0, 0.7774, 0.5973], Current Cost = 5307.00, Rho = 1.000
(iter 10) [0.0, 0.0099, -0.0188] = 455.2840, sampling [1.0, 1.4197, 0.0586]. Recommendation = [0.0, 0.7774, 0.5973], Current Cost = 5308.00, Rho = 1.000
(iter 10) [0.0, 0.0099, -0.0188] = 455.2840, sampling [1.0, 1.4808, 0.4136]. Recommendation = [0.0, 0.7774, 0.5973], Current Cost = 5309.00, Rho = 1.000
(iter 10) [0.0, 0.0099, -0.0188] = 455.2840, sampling [1.0, -0.3086, -1.1917]. Recommendation = [0.0, 0.7774, 0.5973], Current Cost = 5310.00, Rho = 1.000
(iter 10) [0.0, 0.0099, -0.0188] = 455.2840, sampling [1.0, -1.9687, 1.6340]. Recommendation = [0.0, 0.7774, 0.5973], Current Cost = 5311.00, Rho = 1.000
(iter 10) [0.0, 0.0099, -0.0188] = 455.2840, sampling [1.0, 1.3888, 0.4933]. Recommendation = [0.0, 0.7774, 0.5973], Current Cost = 5312.00, Rho = 1.000
(iter 10) [0.0, 0.0099, -0.0188] = 455.2840, sampling [1.0, 0.3863, -1.7666]. Recommendation = [0.0, 0.7774, 0.5973], Current Cost = 5313.00, Rho = 1.000
(iter 10) [0.0, 0.0099, -0.0188] = 455.2840, sampling [1.0, 1.6913, 1.1506]. Recommendation = [0.0, 0.7774, 0.5973], Current Cost = 5314.00, Rho = 1.000
(iter 10) [0.0, 0.0099, -0.0188] = 455.2840, sampling [1.0, -0.2995, -1.9057]. Recommendation = [0.0, 0.7774, 0.5973], Current Cost = 5315.00, Rho = 1.000
(iter 10) [0.0, 0.0099, -0.0188] = 455.2840, sampling [1.0, -0.9127, -1.0640]. Recommendation = [0.0, 0.7774, 0.5973], Current Cost = 5316.00, Rho = 1.000
(iter 10) [0.0, 0.0099, -0.0188] = 455.2840, sampling [1.0, 1.2187, -0.4316]. Recommendation = [0.0, 0.7774, 0.5973], Current Cost = 5317.00, Rho = 1.000
(iter 10) [0.0, 0.0099, -0.0188] = 455.2840, sampling [1.0, -0.6432, -1.5411]. Recommendation = [0.0, 0.7774, 0.5973], Current Cost = 5318.00, Rho = 1.000
(iter 10) [0.0, 0.0099, -0.0188] = 455.2840, sampling [1.0, 1.0665, -0.6993]. Recommendation = [0.0, 0.7774, 0.5973], Current Cost = 5319.00, Rho = 1.000
(iter 10) [0.0, 0.0099, -0.0188] = 455.2840, sampling [1.0, 0.7140, -0.9856]. Recommendation = [0.0, 0.7774, 0.5973], Current Cost = 5320.00, Rho = 1.000
(iter 10) [0.0, 0.0099, -0.0188] = 455.2840, sampling [1.0, 1.7005, 0.8370]. Recommendation = [0.0, 0.7774, 0.5973], Current Cost = 5321.00, Rho = 1.000
(iter 10) [0.0, 0.0099, -0.0188] = 455.2840, sampling [1.0, -1.0719, -0.8387]. Recommendation = [0.0, 0.7774, 0.5973], Current Cost = 5322.00, Rho = 1.000
(iter 10) [0.0, 0.0099, -0.0188] = 455.2840, sampling [1.0, -1.3472, 0.2383]. Recommendation = [0.0, 0.7774, 0.5973], Current Cost = 5323.00, Rho = 1.000
(iter 10) [0.0, 0.0099, -0.0188] = 455.2840, sampling [1.0, 1.7116, 1.3078]. Recommendation = [0.0, 0.7774, 0.5973], Current Cost = 5324.00, Rho = 1.000
(iter 10) [0.0, 0.0099, -0.0188] = 455.2840, sampling [1.0, -1.5513, -0.1474]. Recommendation = [0.0, 0.7774, 0.5973], Current Cost = 5325.00, Rho = 1.000
(iter 10) [0.0, 0.0099, -0.0188] = 455.2840, sampling [1.0, -1.7915, 1.7259]. Recommendation = [0.0, 0.7774, 0.5973], Current Cost = 5326.00, Rho = 1.000
(iter 10) [0.0, 0.0099, -0.0188] = 455.2840, sampling [1.0, 0.8194, -1.2613]. Recommendation = [0.0, 0.7774, 0.5973], Current Cost = 5327.00, Rho = 1.000
(iter 10) [0.0, 0.0099, -0.0188] = 455.2840, sampling [1.0, 1.2875, 0.0091]. Recommendation = [0.0, 0.7774, 0.5973], Current Cost = 5328.00, Rho = 1.000
(iter 10) [0.0, 0.0099, -0.0188] = 455.2840, sampling [1.0, -1.5668, 0.6366]. Recommendation = [0.0, 0.7774, 0.5973], Current Cost = 5329.00, Rho = 1.000
(iter 10) [0.0, 0.0099, -0.0188] = 455.2840, sampling [1.0, 1.8121, 1.7830]. Recommendation = [0.0, 0.7774, 0.5973], Current Cost = 5330.00, Rho = 1.000
(iter 10) [0.0, 0.0099, -0.0188] = 455.2840, sampling [1.0, 1.4034, -0.2913]. Recommendation = [0.0, 0.7774, 0.5973], Current Cost = 5331.00, Rho = 1.000
(iter 10) [0.0, 0.0099, -0.0188] = 455.2840, sampling [1.0, -0.5857, -1.6986]. Recommendation = [0.0, 0.7774, 0.5973], Current Cost = 5332.00, Rho = 1.000
(iter 10) [0.0, 0.0099, -0.0188] = 455.2840, sampling [1.0, 0.4487, 1.8485]. Recommendation = [0.0, 0.7774, 0.5973], Current Cost = 5333.00, Rho = 1.000
(iter 10) [0.0, 0.0099, -0.0188] = 455.2840, sampling [1.0, 0.6479, -1.4645]. Recommendation = [0.0, 0.7774, 0.5973], Current Cost = 5334.00, Rho = 1.000
(iter 10) [0.0, 0.0099, -0.0188] = 455.2840, sampling [1.0, -0.8593, -1.4127]. Recommendation = [0.0, 0.7774, 0.5973], Current Cost = 5335.00, Rho = 1.000
(iter 10) [0.0, 0.0099, -0.0188] = 455.2840, sampling [1.0, 0.5209, -1.5509]. Recommendation = [0.0, 0.7774, 0.5973], Current Cost = 5336.00, Rho = 1.000
(iter 10) [0.0, 0.0099, -0.0188] = 455.2840, sampling [1.0, -1.4426, 0.2713]. Recommendation = [0.0, 0.7774, 0.5973], Current Cost = 5337.00, Rho = 1.000
(iter 10) [0.0, 0.0099, -0.0188] = 455.2840, sampling [1.0, -0.1016, 1.9688]. Recommendation = [0.0, 0.7774, 0.5973], Current Cost = 5338.00, Rho = 1.000
(iter 10) [0.0, 0.0099, -0.0188] = 455.2840, sampling [1.0, 1.7393, 0.9849]. Recommendation = [0.0, 0.7774, 0.5973], Current Cost = 5339.00, Rho = 1.000
(iter 10) [0.0, 0.0099, -0.0188] = 455.2840, sampling [1.0, -1.1698, -0.2503]. Recommendation = [0.0, 0.7774, 0.5973], Current Cost = 5340.00, Rho = 1.000
(iter 10) [0.0, 0.0099, -0.0188] = 455.2840, sampling [1.0, -0.5450, -1.1312]. Recommendation = [0.0, 0.7774, 0.5973], Current Cost = 5341.00, Rho = 1.000
(iter 10) [0.0, 0.0099, -0.0188] = 455.2840, sampling [1.0, 0.1797, -1.9430]. Recommendation = [0.0, 0.7774, 0.5973], Current Cost = 5342.00, Rho = 1.000
(iter 10) [0.0, 0.0099, -0.0188] = 455.2840, sampling [1.0, -0.4800, -1.9688]. Recommendation = [0.0, 0.7774, 0.5973], Current Cost = 5343.00, Rho = 1.000
(iter 10) [0.0, 0.0099, -0.0188] = 455.2840, sampling [1.0, -1.7980, 0.9075]. Recommendation = [0.0, 0.7774, 0.5973], Current Cost = 5344.00, Rho = 1.000
(iter 10) [0.0, 0.0099, -0.0188] = 455.2840, sampling [1.0, -0.9238, -1.2149]. Recommendation = [0.0, 0.7774, 0.5973], Current Cost = 5345.00, Rho = 1.000
(iter 10) [0.0, 0.0099, -0.0188] = 455.2840, sampling [1.0, 0.2986, -1.7843]. Recommendation = [0.0, 0.7774, 0.5973], Current Cost = 5346.00, Rho = 1.000
(iter 10) [0.0, 0.0099, -0.0188] = 455.2840, sampling [1.0, -1.3830, -0.6930]. Recommendation = [0.0, 0.7774, 0.5973], Current Cost = 5347.00, Rho = 1.000
(iter 10) [0.0, 0.0099, -0.0188] = 455.2840, sampling [1.0, 0.7406, -1.3305]. Recommendation = [0.0, 0.7774, 0.5973], Current Cost = 5348.00, Rho = 1.000
(iter 10) [0.0, 0.0099, -0.0188] = 455.2840, sampling [1.0, 0.4645, -1.8899]. Recommendation = [0.0, 0.7774, 0.5973], Current Cost = 5349.00, Rho = 1.000
(iter 10) [0.0, 0.0099, -0.0188] = 455.2840, sampling [1.0, 1.5522, 0.3391]. Recommendation = [0.0, 0.7774, 0.5973], Current Cost = 5350.00, Rho = 1.000
(iter 10) [0.0, 0.0099, -0.0188] = 455.2840, sampling [1.0, -0.0082, -1.8081]. Recommendation = [0.0, 0.7774, 0.5973], Current Cost = 5351.00, Rho = 1.000
(iter 10) [0.0, 0.0099, -0.0188] = 455.2840, sampling [1.0, 1.1529, -0.5166]. Recommendation = [0.0, 0.7774, 0.5973], Current Cost = 5352.00, Rho = 1.000
(iter 10) [0.0, 0.0099, -0.0188] = 455.2840, sampling [1.0, 1.5690, -0.0489]. Recommendation = [0.0, 0.7774, 0.5973], Current Cost = 5353.00, Rho = 1.000
(iter 10) [0.0, 0.0099, -0.0188] = 455.2840, sampling [1.0, 1.6073, 0.4843]. Recommendation = [0.0, 0.7774, 0.5973], Current Cost = 5354.00, Rho = 1.000
(iter 10) [0.0, 0.0099, -0.0188] = 455.2840, sampling [1.0, 1.9290, 1.8679]. Recommendation = [0.0, 0.7774, 0.5973], Current Cost = 5355.00, Rho = 1.000
(iter 10) [0.0, 0.0099, -0.0188] = 455.2840, sampling [1.0, 0.7874, -1.4625]. Recommendation = [0.0, 0.7774, 0.5973], Current Cost = 5356.00, Rho = 1.000
(iter 10) [0.0, 0.0099, -0.0188] = 455.2840, sampling [1.0, -0.7345, -1.8447]. Recommendation = [0.0, 0.7774, 0.5973], Current Cost = 5357.00, Rho = 1.000
(iter 10) [0.0, 0.0099, -0.0188] = 455.2840, sampling [1.0, -0.4455, -1.8762]. Recommendation = [0.0, 0.7774, 0.5973], Current Cost = 5358.00, Rho = 1.000
(iter 10) [0.0, 0.0099, -0.0188] = 455.2840, sampling [1.0, -1.5093, 0.2924]. Recommendation = [0.0, 0.7774, 0.5973], Current Cost = 5359.00, Rho = 1.000
(iter 10) [0.0, 0.0099, -0.0188] = 455.2840, sampling [1.0, 1.0916, -1.2025]. Recommendation = [0.0, 0.7774, 0.5973], Current Cost = 5360.00, Rho = 1.000
(iter 10) [0.0, 0.0099, -0.0188] = 455.2840, sampling [1.0, 1.2097, -0.8529]. Recommendation = [0.0, 0.7774, 0.5973], Current Cost = 5361.00, Rho = 1.000
(iter 10) [0.0, 0.0099, -0.0188] = 455.2840, sampling [1.0, -1.8741, 1.6983]. Recommendation = [0.0, 0.7774, 0.5973], Current Cost = 5362.00, Rho = 1.000
(iter 10) [0.0, 0.0099, -0.0188] = 455.2840, sampling [1.0, 0.1010, -1.9160]. Recommendation = [0.0, 0.7774, 0.5973], Current Cost = 5363.00, Rho = 1.000
(iter 10) [0.0, 0.0099, -0.0188] = 455.2840, sampling [1.0, -0.2860, -1.7184]. Recommendation = [0.0, 0.7774, 0.5973], Current Cost = 5364.00, Rho = 1.000
(iter 10) [0.0, 0.0099, -0.0188] = 455.2840, sampling [1.0, 0.6303, -1.9315]. Recommendation = [0.0, 0.7774, 0.5973], Current Cost = 5365.00, Rho = 1.000
(iter 10) [0.0, 0.0099, -0.0188] = 455.2840, sampling [1.0, -1.2864, -1.0384]. Recommendation = [0.0, 0.7774, 0.5973], Current Cost = 5366.00, Rho = 1.000
(iter 10) [0.0, 0.0099, -0.0188] = 455.2840, sampling [1.0, 0.8367, -1.6512]. Recommendation = [0.0, 0.7774, 0.5973], Current Cost = 5367.00, Rho = 1.000
(iter 10) [0.0, 0.0099, -0.0188] = 455.2840, sampling [1.0, -1.9614, -0.2158]. Recommendation = [0.0, 0.7774, 0.5973], Current Cost = 5368.00, Rho = 1.000
(iter 10) [0.0, 0.0099, -0.0188] = 455.2840, sampling [1.0, 0.2620, -1.7384]. Recommendation = [0.0, 0.7774, 0.5973], Current Cost = 5369.00, Rho = 1.000
(iter 10) [0.0, 0.0099, -0.0188] = 455.2840, sampling [1.0, 1.4952, -0.5109]. Recommendation = [0.0, 0.7774, 0.5973], Current Cost = 5370.00, Rho = 1.000
(iter 10) [0.0, 0.0099, -0.0188] = 455.2840, sampling [1.0, -1.3149, -0.3803]. Recommendation = [0.0, 0.7774, 0.5973], Current Cost = 5371.00, Rho = 1.000
(iter 10) [0.0, 0.0099, -0.0188] = 455.2840, sampling [1.0, -0.2521, -1.8864]. Recommendation = [0.0, 0.7774, 0.5973], Current Cost = 5372.00, Rho = 1.000
(iter 10) [0.0, 0.0099, -0.0188] = 455.2840, sampling [1.0, 1.0318, -0.9060]. Recommendation = [0.0, 0.7774, 0.5973], Current Cost = 5373.00, Rho = 1.000
(iter 10) [0.0, 0.0099, -0.0188] = 455.2840, sampling [1.0, -0.7145, -1.7080]. Recommendation = [0.0, 0.7774, 0.5973], Current Cost = 5374.00, Rho = 1.000
(iter 10) [0.0, 0.0099, -0.0188] = 455.2840, sampling [1.0, 1.1797, -0.5761]. Recommendation = [0.0, 0.7774, 0.5973], Current Cost = 5375.00, Rho = 1.000
(iter 10) [0.0, 0.0099, -0.0188] = 455.2840, sampling [1.0, 1.0017, -1.3411]. Recommendation = [0.0, 0.7774, 0.5973], Current Cost = 5376.00, Rho = 1.000
(iter 10) [0.0, 0.0099, -0.0188] = 455.2840, sampling [1.0, -1.7084, 0.8260]. Recommendation = [0.0, 0.7774, 0.5973], Current Cost = 5377.00, Rho = 1.000
(iter 10) [0.0, 0.0099, -0.0188] = 455.2840, sampling [1.0, 1.6656, 0.1468]. Recommendation = [0.0, 0.7774, 0.5973], Current Cost = 5378.00, Rho = 1.000
(iter 10) [0.0, 0.0099, -0.0188] = 455.2840, sampling [1.0, -1.0251, -1.3565]. Recommendation = [0.0, 0.7774, 0.5973], Current Cost = 5379.00, Rho = 1.000
(iter 10) [0.0, 0.0099, -0.0188] = 455.2840, sampling [1.0, -1.1414, -0.8808]. Recommendation = [0.0, 0.7774, 0.5973], Current Cost = 5380.00, Rho = 1.000
(iter 10) [0.0, 0.0099, -0.0188] = 455.2840, sampling [1.0, -1.0423, -0.8051]. Recommendation = [0.0, 0.7774, 0.5973], Current Cost = 5381.00, Rho = 1.000
(iter 10) [0.0, 0.0099, -0.0188] = 455.2840, sampling [1.0, -1.8041, 1.0778]. Recommendation = [0.0, 0.7774, 0.5973], Current Cost = 5382.00, Rho = 1.000
(iter 10) [0.0, 0.0099, -0.0188] = 455.2840, sampling [1.0, 1.9717, 1.8329]. Recommendation = [0.0, 0.7774, 0.5973], Current Cost = 5383.00, Rho = 1.000
(iter 10) [0.0, 0.0099, -0.0188] = 455.2840, sampling [1.0, 0.7568, -1.3879]. Recommendation = [0.0, 0.7774, 0.5973], Current Cost = 5384.00, Rho = 1.000
(iter 10) [0.0, 0.0099, -0.0188] = 455.2840, sampling [1.0, -0.7002, -1.9598]. Recommendation = [0.0, 0.7774, 0.5973], Current Cost = 5385.00, Rho = 1.000
(iter 10) [0.0, 0.0099, -0.0188] = 455.2840, sampling [1.0, -0.8780, -1.7770]. Recommendation = [0.0, 0.7774, 0.5973], Current Cost = 5386.00, Rho = 1.000
(iter 10) [0.0, 0.0099, -0.0188] = 455.2840, sampling [1.0, 1.9598, -0.1827]. Recommendation = [0.0, 0.7774, 0.5973], Current Cost = 5387.00, Rho = 1.000
(iter 10) [0.0, 0.0099, -0.0188] = 455.2840, sampling [1.0, -1.8959, 0.7446]. Recommendation = [0.0, 0.7774, 0.5973], Current Cost = 5388.00, Rho = 1.000
(iter 10) [0.0, 0.0099, -0.0188] = 455.2840, sampling [1.0, 1.8408, 0.7364]. Recommendation = [0.0, 0.7774, 0.5973], Current Cost = 5389.00, Rho = 1.000
(iter 10) [0.0, 0.0099, -0.0188] = 455.2840, sampling [1.0, 0.8613, -1.8020]. Recommendation = [0.0, 0.7774, 0.5973], Current Cost = 5390.00, Rho = 1.000
(iter 10) [0.0, 0.0099, -0.0188] = 455.2840, sampling [1.0, 1.7881, 1.1825]. Recommendation = [0.0, 0.7774, 0.5973], Current Cost = 5391.00, Rho = 1.000
(iter 10) [0.0, 0.0099, -0.0188] = 455.2840, sampling [1.0, 1.3236, -1.0116]. Recommendation = [0.0, 0.7774, 0.5973], Current Cost = 5392.00, Rho = 1.000
(iter 10) [0.0, 0.0099, -0.0188] = 455.2840, sampling [1.0, -1.4886, -0.4965]. Recommendation = [0.0, 0.7774, 0.5973], Current Cost = 5393.00, Rho = 1.000
(iter 10) [0.0, 0.0099, -0.0188] = 455.2840, sampling [1.0, -1.0539, -1.5119]. Recommendation = [0.0, 0.7774, 0.5973], Current Cost = 5394.00, Rho = 1.000
(iter 10) [0.0, 0.0099, -0.0188] = 455.2840, sampling [1.0, 0.5378, -1.9004]. Recommendation = [0.0, 0.7774, 0.5973], Current Cost = 5395.00, Rho = 1.000
(iter 10) [0.0, 0.0099, -0.0188] = 455.2840, sampling [1.0, 0.8887, -1.5719]. Recommendation = [0.0, 0.7774, 0.5973], Current Cost = 5396.00, Rho = 1.000
(iter 10) [0.0, 0.0099, -0.0188] = 455.2840, sampling [1.0, -0.6551, -1.8357]. Recommendation = [0.0, 0.7774, 0.5973], Current Cost = 5397.00, Rho = 1.000
(iter 10) [0.0, 0.0099, -0.0188] = 455.2840, sampling [1.0, 1.6164, 0.3755]. Recommendation = [0.0, 0.7774, 0.5973], Current Cost = 5398.00, Rho = 1.000
(iter 10) [0.0, 0.0099, -0.0188] = 455.2840, sampling [1.0, -1.4188, 0.3457]. Recommendation = [0.0, 0.7774, 0.5973], Current Cost = 5399.00, Rho = 1.000
(iter 10) [0.0, 0.0099, -0.0188] = 455.2840, sampling [1.0, -1.7386, 0.1391]. Recommendation = [0.0, 0.7774, 0.5973], Current Cost = 5400.00, Rho = 1.000
(iter 10) [0.0, 0.0099, -0.0188] = 455.2840, sampling [1.0, -0.9695, -1.2460]. Recommendation = [0.0, 0.7774, 0.5973], Current Cost = 5401.00, Rho = 1.000
(iter 10) [0.0, 0.0099, -0.0188] = 455.2840, sampling [1.0, 1.4096, -0.3717]. Recommendation = [0.0, 0.7774, 0.5973], Current Cost = 5402.00, Rho = 1.000
(iter 10) [0.0, 0.0099, -0.0188] = 455.2840, sampling [1.0, 1.0169, -1.4405]. Recommendation = [0.0, 0.7774, 0.5973], Current Cost = 5403.00, Rho = 1.000
(iter 10) [0.0, 0.0099, -0.0188] = 455.2840, sampling [1.0, -0.9668, -1.9239]. Recommendation = [0.0, 0.7774, 0.5973], Current Cost = 5404.00, Rho = 1.000
(iter 10) [0.0, 0.0099, -0.0188] = 455.2840, sampling [1.0, -1.5717, -0.9360]. Recommendation = [0.0, 0.7774, 0.5973], Current Cost = 5405.00, Rho = 1.000
(iter 10) [0.0, 0.0099, -0.0188] = 455.2840, sampling [1.0, 1.7487, 0.4453]. Recommendation = [0.0, 0.7774, 0.5973], Current Cost = 5406.00, Rho = 1.000
(iter 10) [0.0, 0.0099, -0.0188] = 455.2840, sampling [1.0, -1.5365, -0.3410]. Recommendation = [0.0, 0.7774, 0.5973], Current Cost = 5407.00, Rho = 1.000
(iter 10) [0.0, 0.0099, -0.0188] = 455.2840, sampling [1.0, 1.0819, -1.6128]. Recommendation = [0.0, 0.7774, 0.5973], Current Cost = 5408.00, Rho = 1.000
(iter 10) [0.0, 0.0099, -0.0188] = 455.2840, sampling [1.0, -1.8272, 1.6908]. Recommendation = [0.0, 0.7774, 0.5973], Current Cost = 5409.00, Rho = 1.000
(iter 10) [0.0, 0.0099, -0.0188] = 455.2840, sampling [1.0, -1.3344, -1.3615]. Recommendation = [0.0, 0.7774, 0.5973], Current Cost = 5410.00, Rho = 1.000
(iter 10) [0.0, 0.0099, -0.0188] = 455.2840, sampling [1.0, 1.5191, -0.8773]. Recommendation = [0.0, 0.7774, 0.5973], Current Cost = 5411.00, Rho = 1.000
(iter 10) [0.0, 0.0099, -0.0188] = 455.2840, sampling [1.0, 1.4284, -0.5879]. Recommendation = [0.0, 0.7774, 0.5973], Current Cost = 5412.00, Rho = 1.000
(iter 10) [0.0, 0.0099, -0.0188] = 455.2840, sampling [1.0, 1.2443, -0.6374]. Recommendation = [0.0, 0.7774, 0.5973], Current Cost = 5413.00, Rho = 1.000
(iter 10) [0.0, 0.0099, -0.0188] = 455.2840, sampling [1.0, 1.2917, -1.1553]. Recommendation = [0.0, 0.7774, 0.5973], Current Cost = 5414.00, Rho = 1.000
(iter 10) [0.0, 0.0099, -0.0188] = 455.2840, sampling [1.0, 1.6345, -0.2638]. Recommendation = [0.0, 0.7774, 0.5973], Current Cost = 5415.00, Rho = 1.000
(iter 10) [0.0, 0.0099, -0.0188] = 455.2840, sampling [1.0, 1.1391, -1.9618]. Recommendation = [0.0, 0.7774, 0.5973], Current Cost = 5416.00, Rho = 1.000
(iter 10) [0.0, 0.0099, -0.0188] = 455.2840, sampling [1.0, -1.1541, -1.6805]. Recommendation = [0.0, 0.7774, 0.5973], Current Cost = 5417.00, Rho = 1.000
(iter 10) [0.0, 0.0099, -0.0188] = 455.2840, sampling [1.0, 1.7984, 0.6666]. Recommendation = [0.0, 0.7774, 0.5973], Current Cost = 5418.00, Rho = 1.000
(iter 10) [0.0, 0.0099, -0.0188] = 455.2840, sampling [1.0, -1.9826, -1.2399]. Recommendation = [0.0, 0.7774, 0.5973], Current Cost = 5419.00, Rho = 1.000
(iter 10) [0.0, 0.0099, -0.0188] = 455.2840, sampling [1.0, 1.4664, -0.3016]. Recommendation = [0.0, 0.7774, 0.5973], Current Cost = 5420.00, Rho = 1.000
(iter 10) [0.0, 0.0099, -0.0188] = 455.2840, sampling [1.0, 1.7535, 0.2136]. Recommendation = [0.0, 0.7774, 0.5973], Current Cost = 5421.00, Rho = 1.000
(iter 10) [0.0, 0.0099, -0.0188] = 455.2840, sampling [1.0, -1.7684, 0.2577]. Recommendation = [0.0, 0.7774, 0.5973], Current Cost = 5422.00, Rho = 1.000
(iter 10) [0.0, 0.0099, -0.0188] = 455.2840, sampling [1.0, -1.1797, -1.9783]. Recommendation = [0.0, 0.7774, 0.5973], Current Cost = 5423.00, Rho = 1.000
(iter 10) [0.0, 0.0099, -0.0188] = 455.2840, sampling [1.0, -1.0837, -1.4289]. Recommendation = [0.0, 0.7774, 0.5973], Current Cost = 5424.00, Rho = 1.000
(iter 10) [0.0, 0.0099, -0.0188] = 455.2840, sampling [1.0, 1.0323, -1.3100]. Recommendation = [0.0, 0.7774, 0.5973], Current Cost = 5425.00, Rho = 1.000
(iter 10) [0.0, 0.0099, -0.0188] = 455.2840, sampling [1.0, 1.2691, -1.6262]. Recommendation = [0.0, 0.7774, 0.5973], Current Cost = 5426.00, Rho = 1.000
(iter 10) [0.0, 0.0099, -0.0188] = 455.2840, sampling [1.0, 1.8957, -0.6655]. Recommendation = [0.0, 0.7774, 0.5973], Current Cost = 5427.00, Rho = 1.000
(iter 10) [0.0, 0.0099, -0.0188] = 455.2840, sampling [1.0, 1.9604, 0.3353]. Recommendation = [0.0, 0.7774, 0.5973], Current Cost = 5428.00, Rho = 1.000
(iter 10) [0.0, 0.0099, -0.0188] = 455.2840, sampling [1.0, -1.4860, -0.7421]. Recommendation = [0.0, 0.7774, 0.5973], Current Cost = 5429.00, Rho = 1.000
(iter 10) [0.0, 0.0099, -0.0188] = 455.2840, sampling [1.0, -1.3863, -0.9932]. Recommendation = [0.0, 0.7774, 0.5973], Current Cost = 5430.00, Rho = 1.000
(iter 10) [0.0, 0.0099, -0.0188] = 455.2840, sampling [1.0, -1.6739, -0.5440]. Recommendation = [0.0, 0.7774, 0.5973], Current Cost = 5431.00, Rho = 1.000
(iter 10) [0.0, 0.0099, -0.0188] = 455.2840, sampling [1.0, -1.8968, 0.6485]. Recommendation = [0.0, 0.7774, 0.5973], Current Cost = 5432.00, Rho = 1.000
(iter 10) [0.0, 0.0099, -0.0188] = 455.2840, sampling [1.0, 1.5612, -0.4421]. Recommendation = [0.0, 0.7774, 0.5973], Current Cost = 5433.00, Rho = 1.000
(iter 10) [0.0, 0.0099, -0.0188] = 455.2840, sampling [1.0, -1.1469, -1.5121]. Recommendation = [0.0, 0.7774, 0.5973], Current Cost = 5434.00, Rho = 1.000
(iter 10) [0.0, 0.0099, -0.0188] = 455.2840, sampling [1.0, 1.1250, -1.8284]. Recommendation = [0.0, 0.7774, 0.5973], Current Cost = 5435.00, Rho = 1.000
(iter 10) [0.0, 0.0099, -0.0188] = 455.2840, sampling [1.0, -1.9148, 0.2758]. Recommendation = [0.0, 0.7774, 0.5973], Current Cost = 5436.00, Rho = 1.000
(iter 10) [0.0, 0.0099, -0.0188] = 455.2840, sampling [1.0, 1.5353, -1.4504]. Recommendation = [0.0, 0.7774, 0.5973], Current Cost = 5437.00, Rho = 1.000
(iter 10) [0.0, 0.0099, -0.0188] = 455.2840, sampling [1.0, -1.4270, -1.1144]. Recommendation = [0.0, 0.7774, 0.5973], Current Cost = 5438.00, Rho = 1.000
(iter 10) [0.0, 0.0099, -0.0188] = 455.2840, sampling [1.0, -1.0939, -1.8704]. Recommendation = [0.0, 0.7774, 0.5973], Current Cost = 5439.00, Rho = 1.000
(iter 10) [0.0, 0.0099, -0.0188] = 455.2840, sampling [1.0, -1.3209, -1.6324]. Recommendation = [0.0, 0.7774, 0.5973], Current Cost = 5440.00, Rho = 1.000
(iter 10) [0.0, 0.0099, -0.0188] = 455.2840, sampling [1.0, 1.7254, -1.0462]. Recommendation = [0.0, 0.7774, 0.5973], Current Cost = 5441.00, Rho = 1.000
(iter 10) [0.0, 0.0099, -0.0188] = 455.2840, sampling [1.0, 1.1110, -1.6799]. Recommendation = [0.0, 0.7774, 0.5973], Current Cost = 5442.00, Rho = 1.000
(iter 10) [0.0, 0.0099, -0.0188] = 455.2840, sampling [1.0, 1.8570, 0.4644]. Recommendation = [0.0, 0.7774, 0.5973], Current Cost = 5443.00, Rho = 1.000
(iter 10) [0.0, 0.0099, -0.0188] = 455.2840, sampling [1.0, -1.7029, -0.7691]. Recommendation = [0.0, 0.7774, 0.5973], Current Cost = 5444.00, Rho = 1.000
(iter 10) [0.0, 0.0099, -0.0188] = 455.2840, sampling [1.0, 1.7675, -0.2661]. Recommendation = [0.0, 0.7774, 0.5973], Current Cost = 5445.00, Rho = 1.000
(iter 10) [0.0, 0.0099, -0.0188] = 455.2840, sampling [1.0, -1.8095, -0.3163]. Recommendation = [0.0, 0.7774, 0.5973], Current Cost = 5446.00, Rho = 1.000
(iter 10) [0.0, 0.0099, -0.0188] = 455.2840, sampling [1.0, -1.8848, -0.0766]. Recommendation = [0.0, 0.7774, 0.5973], Current Cost = 5447.00, Rho = 1.000
(iter 10) [0.0, 0.0099, -0.0188] = 455.2840, sampling [1.0, 1.4391, -1.7500]. Recommendation = [0.0, 0.7774, 0.5973], Current Cost = 5448.00, Rho = 1.000
(iter 10) [0.0, 0.0099, -0.0188] = 455.2840, sampling [0.0, 0.9862, 1.0215]. Recommendation = [0.0, 0.7774, 0.5973], Current Cost = 5449.00, Rho = 1.000
(iter 454) [0.0, 0.9862, 1.0215] = 456.0608, sampling [0.0, 0.7774, 0.5973]. Recommendation = [0.0, 0.7774, 0.5973], Current Cost = 6449.00, Rho = 1.000
(iter 455) [0.0, 0.7774, 0.5973] = 456.2455, sampling [1.0, -1.4601, -1.5249]. Recommendation = [0.0, 0.7774, 0.5973], Current Cost = 7449.00, Rho = 1.000
(iter 455) [0.0, 0.7774, 0.5973] = 456.2455, sampling [1.0, 1.3666, -1.5598]. Recommendation = [0.0, 0.7774, 0.5973], Current Cost = 7450.00, Rho = 1.000
(iter 455) [0.0, 0.7774, 0.5973] = 456.2455, sampling [1.0, 1.3375, -0.9797]. Recommendation = [0.0, 0.7774, 0.5973], Current Cost = 7451.00, Rho = 1.000
(iter 455) [0.0, 0.7774, 0.5973] = 456.2455, sampling [1.0, -1.2342, -1.7306]. Recommendation = [0.0, 0.7774, 0.5973], Current Cost = 7452.00, Rho = 1.000
(iter 455) [0.0, 0.7774, 0.5973] = 456.2455, sampling [1.0, -1.9332, -0.7250]. Recommendation = [0.0, 0.7774, 0.5973], Current Cost = 7453.00, Rho = 1.000
(iter 455) [0.0, 0.7774, 0.5973] = 456.2455, sampling [1.0, -1.6025, -1.2544]. Recommendation = [0.0, 0.7774, 0.5973], Current Cost = 7454.00, Rho = 1.000
(iter 455) [0.0, 0.7774, 0.5973] = 456.2455, sampling [1.0, -1.6376, -0.4762]. Recommendation = [0.0, 0.7774, 0.5973], Current Cost = 7455.00, Rho = 1.000
(iter 455) [0.0, 0.7774, 0.5973] = 456.2455, sampling [1.0, 1.2007, -1.8212]. Recommendation = [0.0, 0.7774, 0.5973], Current Cost = 7456.00, Rho = 1.000
(iter 455) [0.0, 0.7774, 0.5973] = 456.2455, sampling [1.0, -1.5205, -0.7940]. Recommendation = [0.0, 0.7774, 0.5973], Current Cost = 7457.00, Rho = 1.000
(iter 455) [0.0, 0.7774, 0.5973] = 456.2455, sampling [1.0, -1.3682, -1.7980]. Recommendation = [0.0, 0.7774, 0.5973], Current Cost = 7458.00, Rho = 1.000
(iter 455) [0.0, 0.7774, 0.5973] = 456.2455, sampling [1.0, -1.3440, -1.0166]. Recommendation = [0.0, 0.7774, 0.5973], Current Cost = 7459.00, Rho = 1.000
(iter 455) [0.0, 0.7774, 0.5973] = 456.2455, sampling [1.0, 1.9806, -0.4079]. Recommendation = [0.0, 0.7774, 0.5973], Current Cost = 7460.00, Rho = 1.000
(iter 455) [0.0, 0.7774, 0.5973] = 456.2455, sampling [1.0, 1.8317, -1.3212]. Recommendation = [0.0, 0.7774, 0.5973], Current Cost = 7461.00, Rho = 1.000
(iter 455) [0.0, 0.7774, 0.5973] = 456.2455, sampling [1.0, -1.9395, -1.6571]. Recommendation = [0.0, 0.7774, 0.5973], Current Cost = 7462.00, Rho = 1.000
(iter 455) [0.0, 0.7774, 0.5973] = 456.2455, sampling [1.0, -1.5182, -1.1602]. Recommendation = [0.0, 0.7774, 0.5973], Current Cost = 7463.00, Rho = 1.000
(iter 455) [0.0, 0.7774, 0.5973] = 456.2455, sampling [1.0, -1.6856, -0.6451]. Recommendation = [0.0, 0.7774, 0.5973], Current Cost = 7464.00, Rho = 1.000
(iter 455) [0.0, 0.7774, 0.5973] = 456.2455, sampling [1.0, -1.8628, 0.3026]. Recommendation = [0.0, 0.7774, 0.5973], Current Cost = 7465.00, Rho = 1.000
(iter 455) [0.0, 0.7774, 0.5973] = 456.2455, sampling [1.0, 1.0129, -1.3483]. Recommendation = [0.0, 0.7774, 0.5973], Current Cost = 7466.00, Rho = 1.000
(iter 455) [0.0, 0.7774, 0.5973] = 456.2455, sampling [1.0, 1.8396, -0.8667]. Recommendation = [0.0, 0.7774, 0.5973], Current Cost = 7467.00, Rho = 1.000
(iter 455) [0.0, 0.7774, 0.5973] = 456.2455, sampling [1.0, -1.6676, -0.9555]. Recommendation = [0.0, 0.7774, 0.5973], Current Cost = 7468.00, Rho = 1.000
(iter 455) [0.0, 0.7774, 0.5973] = 456.2455, sampling [1.0, -1.7155, -0.4872]. Recommendation = [0.0, 0.7774, 0.5973], Current Cost = 7469.00, Rho = 1.000
(iter 455) [0.0, 0.7774, 0.5973] = 456.2455, sampling [1.0, 1.8556, -0.1852]. Recommendation = [0.0, 0.7774, 0.5973], Current Cost = 7470.00, Rho = 1.000
(iter 455) [0.0, 0.7774, 0.5973] = 456.2455, sampling [1.0, 1.6249, -1.6453]. Recommendation = [0.0, 0.7774, 0.5973], Current Cost = 7471.00, Rho = 1.000
(iter 455) [0.0, 0.7774, 0.5973] = 456.2455, sampling [1.0, -1.9957, -0.1033]. Recommendation = [0.0, 0.7774, 0.5973], Current Cost = 7472.00, Rho = 1.000
(iter 455) [0.0, 0.7774, 0.5973] = 456.2455, sampling [1.0, -1.6408, -1.4916]. Recommendation = [0.0, 0.7774, 0.5973], Current Cost = 7473.00, Rho = 1.000
(iter 455) [0.0, 0.7774, 0.5973] = 456.2455, sampling [1.0, -1.7519, 0.1196]. Recommendation = [0.0, 0.7774, 0.5973], Current Cost = 7474.00, Rho = 1.000
(iter 455) [0.0, 0.7774, 0.5973] = 456.2455, sampling [1.0, 1.9088, -0.2468]. Recommendation = [0.0, 0.7774, 0.5973], Current Cost = 7475.00, Rho = 1.000
(iter 455) [0.0, 0.7774, 0.5973] = 456.2455, sampling [1.0, -1.5810, -1.8537]. Recommendation = [0.0, 0.7774, 0.5973], Current Cost = 7476.00, Rho = 1.000
(iter 455) [0.0, 0.7774, 0.5973] = 456.2455, sampling [1.0, 1.6876, -1.5803]. Recommendation = [0.0, 0.7774, 0.5973], Current Cost = 7477.00, Rho = 1.000
(iter 455) [0.0, 0.7774, 0.5973] = 456.2455, sampling [1.0, 1.7296, -1.9460]. Recommendation = [0.0, 0.7774, 0.5973], Current Cost = 7478.00, Rho = 1.000
(iter 455) [0.0, 0.7774, 0.5973] = 456.2455, sampling [1.0, 1.9516, -0.5732]. Recommendation = [0.0, 0.7774, 0.5973], Current Cost = 7479.00, Rho = 1.000
(iter 455) [0.0, 0.7774, 0.5973] = 456.2455, sampling [1.0, -1.7279, -1.2703]. Recommendation = [0.0, 0.7774, 0.5973], Current Cost = 7480.00, Rho = 1.000
(iter 455) [0.0, 0.7774, 0.5973] = 456.2455, sampling [1.0, -1.6583, -1.6676]. Recommendation = [0.0, 0.7774, 0.5973], Current Cost = 7481.00, Rho = 1.000
(iter 455) [0.0, 0.7774, 0.5973] = 456.2455, sampling [1.0, 1.7696, -1.0777]. Recommendation = [0.0, 0.7774, 0.5973], Current Cost = 7482.00, Rho = 1.000
(iter 455) [0.0, 0.7774, 0.5973] = 456.2455, sampling [1.0, -1.9518, -1.5644]. Recommendation = [0.0, 0.7774, 0.5973], Current Cost = 7483.00, Rho = 1.000
(iter 455) [0.0, 0.7774, 0.5973] = 456.2455, sampling [1.0, 1.8793, -0.9027]. Recommendation = [0.0, 0.7774, 0.5973], Current Cost = 7484.00, Rho = 1.000
(iter 455) [0.0, 0.7774, 0.5973] = 456.2455, sampling [1.0, -1.3619, -1.3742]. Recommendation = [0.0, 0.7774, 0.5973], Current Cost = 7485.00, Rho = 1.000
(iter 455) [0.0, 0.7774, 0.5973] = 456.2455, sampling [1.0, -1.8549, -0.8217]. Recommendation = [0.0, 0.7774, 0.5973], Current Cost = 7486.00, Rho = 1.000
(iter 455) [0.0, 0.7774, 0.5973] = 456.2455, sampling [1.0, 1.8653, -1.7569]. Recommendation = [0.0, 0.7774, 0.5973], Current Cost = 7487.00, Rho = 1.000
(iter 455) [0.0, 0.7774, 0.5973] = 456.2455, sampling [1.0, -1.8363, -1.2783]. Recommendation = [0.0, 0.7774, 0.5973], Current Cost = 7488.00, Rho = 1.000
(iter 455) [0.0, 0.7774, 0.5973] = 456.2455, sampling [1.0, 1.6144, -1.4015]. Recommendation = [0.0, 0.7774, 0.5973], Current Cost = 7489.00, Rho = 1.000
(iter 455) [0.0, 0.7774, 0.5973] = 456.2455, sampling [1.0, -1.9847, -1.4874]. Recommendation = [0.0, 0.7774, 0.5973], Current Cost = 7490.00, Rho = 1.000
(iter 455) [0.0, 0.7774, 0.5973] = 456.2455, sampling [1.0, -1.8665, -0.9633]. Recommendation = [0.0, 0.7774, 0.5973], Current Cost = 7491.00, Rho = 1.000
(iter 455) [0.0, 0.7774, 0.5973] = 456.2455, sampling [1.0, 1.8970, -0.8631]. Recommendation = [0.0, 0.7774, 0.5973], Current Cost = 7492.00, Rho = 1.000
(iter 455) [0.0, 0.7774, 0.5973] = 456.2455, sampling [1.0, 1.9166, -1.5038]. Recommendation = [0.0, 0.7774, 0.5973], Current Cost = 7493.00, Rho = 1.000
(iter 455) [0.0, 0.7774, 0.5973] = 456.2455, sampling [1.0, -1.7797, -1.4780]. Recommendation = [0.0, 0.7774, 0.5973], Current Cost = 7494.00, Rho = 1.000
(iter 455) [0.0, 0.7774, 0.5973] = 456.2455, sampling [1.0, -1.6296, -1.6197]. Recommendation = [0.0, 0.7774, 0.5973], Current Cost = 7495.00, Rho = 1.000
(iter 455) [0.0, 0.7774, 0.5973] = 456.2455, sampling [1.0, 1.8829, -0.5398]. Recommendation = [0.0, 0.7774, 0.5973], Current Cost = 7496.00, Rho = 1.000
(iter 455) [0.0, 0.7774, 0.5973] = 456.2455, sampling [1.0, -1.9585, -0.9201]. Recommendation = [0.0, 0.7774, 0.5973], Current Cost = 7497.00, Rho = 1.000
(iter 455) [0.0, 0.7774, 0.5973] = 456.2455, sampling [1.0, -1.6208, -1.1721]. Recommendation = [0.0, 0.7774, 0.5973], Current Cost = 7498.00, Rho = 1.000
(iter 455) [0.0, 0.7774, 0.5973] = 456.2455, sampling [1.0, 1.6422, -1.3988]. Recommendation = [0.0, 0.7774, 0.5973], Current Cost = 7499.00, Rho = 1.000
(iter 455) [0.0, 0.7774, 0.5973] = 456.2455, sampling [0.0, 1.0318, -0.9060]. Recommendation = [0.0, 0.7774, 0.5973], Current Cost = 7500.00, Rho = 1.000
(iter 455) [0.0, 0.7774, 0.5973] = 456.2455, sampling [0.0, -0.4455, -1.8762]. Recommendation = [0.0, 0.7774, 0.5973], Current Cost = 8500.00, Rho = 1.000
(iter 455) [0.0, 0.7774, 0.5973] = 456.2455, sampling [0.0, 0.7209, -1.0801]. Recommendation = [0.0, 0.7774, 0.5973], Current Cost = 9500.00, Rho = 1.000
(iter 455) [0.0, 0.7774, 0.5973] = 456.2455, sampling [0.0, -1.4426, 0.2713]. Recommendation = [0.0, 0.7774, 0.5973], Current Cost = 10500.00, Rho = 1.000
(iter 455) [0.0, 0.7774, 0.5973] = 456.2455, sampling [0.0, -1.2086, 0.4971]. Recommendation = [0.0, 0.7774, 0.5973], Current Cost = 11500.00, Rho = 1.000
(iter 455) [0.0, 0.7774, 0.5973] = 456.2455, sampling [0.0, 1.0490, 1.9805]. Recommendation = [0.0, 0.7774, 0.5973], Current Cost = 12500.00, Rho = 1.000
(iter 455) [0.0, 0.7774, 0.5973] = 456.2455, sampling [0.0, -0.3323, 0.5806]. Recommendation = [0.0, 0.7774, 0.5973], Current Cost = 13500.00, Rho = 1.000
(iter 455) [0.0, 0.7774, 0.5973] = 456.2455, sampling [0.0, 0.9446, -0.6182]. Recommendation = [0.0, 0.7774, 0.5973], Current Cost = 14500.00, Rho = 1.000
(iter 455) [0.0, 0.7774, 0.5973] = 456.2455, sampling [0.0, -0.0640, 0.4607]. Recommendation = [0.0, 0.7774, 0.5973], Current Cost = 15500.00, Rho = 1.000
(iter 455) [0.0, 0.7774, 0.5973] = 456.2455, sampling [0.0, 0.8076, 1.7880]. Recommendation = [0.0, 0.7774, 0.5973], Current Cost = 16500.00, Rho = 1.000
(iter 455) [0.0, 0.7774, 0.5973] = 456.2455, sampling [0.0, 0.6479, -1.4645]. Recommendation = [0.0, 0.7774, 0.5973], Current Cost = 17500.00, Rho = 1.000
(iter 455) [0.0, 0.7774, 0.5973] = 456.2455, sampling [0.0, 1.4737, 1.2619]. Recommendation = [0.0, 0.7774, 0.5973], Current Cost = 18500.00, Rho = 1.000
(iter 455) [0.0, 0.7774, 0.5973] = 456.2455, sampling [0.0, -0.6696, 1.6629]. Recommendation = [0.0, 0.7774, 0.5973], Current Cost = 19500.00, Rho = 1.000
(iter 455) [0.0, 0.7774, 0.5973] = 456.2455, sampling [0.0, -0.8317, 0.4055]. Recommendation = [0.0, 0.7774, 0.5973], Current Cost = 20500.00, Rho = 1.000
(iter 455) [0.0, 0.7774, 0.5973] = 456.2455, sampling [0.0, -0.7701, -0.3933]. Recommendation = [0.0, 0.7774, 0.5973], Current Cost = 21500.00, Rho = 1.000
(iter 455) [0.0, 0.7774, 0.5973] = 456.2455, sampling [0.0, 1.6249, -1.6453]. Recommendation = [0.0, 0.7774, 0.5973], Current Cost = 22500.00, Rho = 1.000
(iter 455) [0.0, 0.7774, 0.5973] = 456.2455, sampling [0.0, 1.4614, 1.3564]. Recommendation = [0.0, 0.7774, 0.5973], Current Cost = 23500.00, Rho = 1.000
(iter 455) [0.0, 0.7774, 0.5973] = 456.2455, sampling [0.0, 0.6217, -0.0282]. Recommendation = [0.0, 0.7774, 0.5973], Current Cost = 24500.00, Rho = 1.000
(iter 455) [0.0, 0.7774, 0.5973] = 456.2455, sampling [0.0, -0.4238, -1.3039]. Recommendation = [0.0, 0.7774, 0.5973], Current Cost = 25500.00, Rho = 1.000
(iter 455) [0.0, 0.7774, 0.5973] = 456.2455, sampling [0.0, 1.1938, 1.7166]. Recommendation = [0.0, 0.7774, 0.5973], Current Cost = 26500.00, Rho = 1.000
(iter 455) [0.0, 0.7774, 0.5973] = 456.2455, sampling [0.0, -1.2575, 1.3440]. Recommendation = [0.0, 0.7774, 0.5973], Current Cost = 27500.00, Rho = 1.000
(iter 455) [0.0, 0.7774, 0.5973] = 456.2455, sampling [0.0, -0.0407, -0.4512]. Recommendation = [0.0, 0.7774, 0.5973], Current Cost = 28500.00, Rho = 1.000
(iter 455) [0.0, 0.7774, 0.5973] = 456.2455, sampling [0.0, 1.9088, -0.2468]. Recommendation = [0.0, 0.7774, 0.5973], Current Cost = 29500.00, Rho = 1.000
(iter 455) [0.0, 0.7774, 0.5973] = 456.2455, sampling [0.0, 0.0059, -1.0525]. Recommendation = [0.0, 0.7774, 0.5973], Current Cost = 30500.00, Rho = 1.000
(iter 455) [0.0, 0.7774, 0.5973] = 456.2455, sampling [0.0, -1.5205, -0.7940]. Recommendation = [0.0, 0.7774, 0.5973], Current Cost = 31500.00, Rho = 1.000
(iter 455) [0.0, 0.7774, 0.5973] = 456.2455, sampling [0.0, 0.1797, -1.9430]. Recommendation = [0.0, 0.7774, 0.5973], Current Cost = 32500.00, Rho = 1.000
(iter 455) [0.0, 0.7774, 0.5973] = 456.2455, sampling [0.0, -1.5810, -1.8537]. Recommendation = [0.0, 0.7774, 0.5973], Current Cost = 33500.00, Rho = 1.000
(iter 455) [0.0, 0.7774, 0.5973] = 456.2455, sampling [0.0, -1.7675, 1.1377]. Recommendation = [0.0, 0.7774, 0.5973], Current Cost = 34500.00, Rho = 1.000
(iter 455) [0.0, 0.7774, 0.5973] = 456.2455, sampling [0.0, -1.1009, -0.3302]. Recommendation = [0.0, 0.7774, 0.5973], Current Cost = 35500.00, Rho = 1.000
(iter 455) [0.0, 0.7774, 0.5973] = 456.2455, sampling [0.0, 1.6786, 1.8762]. Recommendation = [0.0, 0.7774, 0.5973], Current Cost = 36500.00, Rho = 1.000
(iter 455) [0.0, 0.7774, 0.5973] = 456.2455, sampling [0.0, 0.5583, -0.8122]. Recommendation = [0.0, 0.7774, 0.5973], Current Cost = 37500.00, Rho = 1.000
(iter 455) [0.0, 0.7774, 0.5973] = 456.2455, sampling [0.0, 0.6756, -0.9758]. Recommendation = [0.0, 0.7774, 0.5973], Current Cost = 38500.00, Rho = 1.000
(iter 455) [0.0, 0.7774, 0.5973] = 456.2455, sampling [0.0, -0.1306, 1.0580]. Recommendation = [0.0, 0.7774, 0.5973], Current Cost = 39500.00, Rho = 1.000
(iter 455) [0.0, 0.7774, 0.5973] = 456.2455, sampling [0.0, -0.6028, -1.1806]. Recommendation = [0.0, 0.7774, 0.5973], Current Cost = 40500.00, Rho = 1.000
(iter 455) [0.0, 0.7774, 0.5973] = 456.2455, sampling [0.0, -1.2499, 0.3044]. Recommendation = [0.0, 0.7774, 0.5973], Current Cost = 41500.00, Rho = 1.000
(iter 455) [0.0, 0.7774, 0.5973] = 456.2455, sampling [0.0, 1.6876, -1.5803]. Recommendation = [0.0, 0.7774, 0.5973], Current Cost = 42500.00, Rho = 1.000
(iter 455) [0.0, 0.7774, 0.5973] = 456.2455, sampling [0.0, 1.4391, -1.7500]. Recommendation = [0.0, 0.7774, 0.5973], Current Cost = 43500.00, Rho = 1.000
(iter 455) [0.0, 0.7774, 0.5973] = 456.2455, sampling [0.0, -1.9687, 1.6340]. Recommendation = [0.0, 0.7774, 0.5973], Current Cost = 44500.00, Rho = 1.000
(iter 455) [0.0, 0.7774, 0.5973] = 456.2455, sampling [0.0, 1.3888, 0.4933]. Recommendation = [0.0, 0.7774, 0.5973], Current Cost = 45500.00, Rho = 1.000
(iter 455) [0.0, 0.7774, 0.5973] = 456.2455, sampling [0.0, 1.9428, 0.5400]. Recommendation = [0.0, 0.7774, 0.5973], Current Cost = 46500.00, Rho = 1.000
(iter 455) [0.0, 0.7774, 0.5973] = 456.2455, sampling [0.0, 0.4136, -1.4224]. Recommendation = [0.0, 0.7774, 0.5973], Current Cost = 47500.00, Rho = 1.000
(iter 455) [0.0, 0.7774, 0.5973] = 456.2455, sampling [0.0, 0.0497, -1.2888]. Recommendation = [0.0, 0.7774, 0.5973], Current Cost = 48500.00, Rho = 1.000
(iter 455) [0.0, 0.7774, 0.5973] = 456.2455, sampling [0.0, 1.9968, -1.9841]. Recommendation = [0.0, 0.7774, 0.5973], Current Cost = 49500.00, Rho = 1.000
(iter 455) [0.0, 0.7774, 0.5973] = 456.2455, sampling [0.0, -1.1930, -0.2067]. Recommendation = [0.0, 0.7774, 0.5973], Current Cost = 50500.00, Rho = 1.000
(iter 455) [0.0, 0.7774, 0.5973] = 456.2455, sampling [0.0, 0.2911, 0.9266]. Recommendation = [0.0, 0.7774, 0.5973], Current Cost = 51500.00, Rho = 1.000
(iter 455) [0.0, 0.7774, 0.5973] = 456.2455, sampling [0.0, -1.7519, 0.1196]. Recommendation = [0.0, 0.7774, 0.5973], Current Cost = 52500.00, Rho = 1.000
(iter 455) [0.0, 0.7774, 0.5973] = 456.2455, sampling [0.0, -0.2935, 0.0161]. Recommendation = [0.0, 0.7774, 0.5973], Current Cost = 53500.00, Rho = 1.000
(iter 455) [0.0, 0.7774, 0.5973] = 456.2455, sampling [0.0, 1.7798, 1.8040]. Recommendation = [0.0, 0.7774, 0.5973], Current Cost = 54500.00, Rho = 1.000
(iter 455) [0.0, 0.7774, 0.5973] = 456.2455, sampling [0.0, 1.1110, -1.6799]. Recommendation = [0.0, 0.7774, 0.5973], Current Cost = 55500.00, Rho = 1.000
(iter 455) [0.0, 0.7774, 0.5973] = 456.2455, sampling [0.0, 1.3106, 1.3851]. Recommendation = [0.0, 0.7774, 0.5973], Current Cost = 56500.00, Rho = 1.000
(iter 455) [0.0, 0.7774, 0.5973] = 456.2455, sampling [0.0, -1.4188, 0.3457]. Recommendation = [0.0, 0.7774, 0.5973], Current Cost = 57500.00, Rho = 1.000
(iter 455) [0.0, 0.7774, 0.5973] = 456.2455, sampling [0.0, -1.7980, 0.9075]. Recommendation = [0.0, 0.7774, 0.5973], Current Cost = 58500.00, Rho = 1.000
(iter 455) [0.0, 0.7774, 0.5973] = 456.2455, sampling [0.0, 1.2691, -1.6262]. Recommendation = [0.0, 0.7774, 0.5973], Current Cost = 59500.00, Rho = 1.000
(iter 455) [0.0, 0.7774, 0.5973] = 456.2455, sampling [0.0, -1.9076, 0.4541]. Recommendation = [0.0, 0.7774, 0.5973], Current Cost = 60500.00, Rho = 1.000
(iter 455) [0.0, 0.7774, 0.5973] = 456.2455, sampling [0.0, -0.7874, 0.7348]. Recommendation = [0.0, 0.7774, 0.5973], Current Cost = 61500.00, Rho = 1.000
(iter 455) [0.0, 0.7774, 0.5973] = 456.2455, sampling [0.0, 0.2820, 1.2664]. Recommendation = [0.0, 0.7774, 0.5973], Current Cost = 62500.00, Rho = 1.000
(iter 455) [0.0, 0.7774, 0.5973] = 456.2455, sampling [0.0, -1.6376, -0.4762]. Recommendation = [0.0, 0.7774, 0.5973], Current Cost = 63500.00, Rho = 1.000
(iter 455) [0.0, 0.7774, 0.5973] = 456.2455, sampling [0.0, -1.2978, 0.2401]. Recommendation = [0.0, 0.7774, 0.5973], Current Cost = 64500.00, Rho = 1.000
(iter 455) [0.0, 0.7774, 0.5973] = 456.2455, sampling [0.0, 0.3185, -0.7792]. Recommendation = [0.0, 0.7774, 0.5973], Current Cost = 65500.00, Rho = 1.000
(iter 455) [0.0, 0.7774, 0.5973] = 456.2455, sampling [0.0, 0.2748, 0.9577]. Recommendation = [0.0, 0.7774, 0.5973], Current Cost = 66500.00, Rho = 1.000
(iter 455) [0.0, 0.7774, 0.5973] = 456.2455, sampling [0.0, 1.7881, 1.1825]. Recommendation = [0.0, 0.7774, 0.5973], Current Cost = 67500.00, Rho = 1.000
(iter 455) [0.0, 0.7774, 0.5973] = 456.2455, sampling [0.0, 0.4472, 1.9541]. Recommendation = [0.0, 0.7774, 0.5973], Current Cost = 68500.00, Rho = 1.000
(iter 455) [0.0, 0.7774, 0.5973] = 456.2455, sampling [0.0, 1.0741, 0.1840]. Recommendation = [0.0, 0.7774, 0.5973], Current Cost = 69500.00, Rho = 1.000
(iter 455) [0.0, 0.7774, 0.5973] = 456.2455, sampling [0.0, 0.4328, 1.1059]. Recommendation = [0.0, 0.7774, 0.5973], Current Cost = 70500.00, Rho = 1.000
(iter 455) [0.0, 0.7774, 0.5973] = 456.2455, sampling [0.0, 0.3066, -0.8269]. Recommendation = [0.0, 0.7774, 0.5973], Current Cost = 71500.00, Rho = 1.000
(iter 455) [0.0, 0.7774, 0.5973] = 456.2455, sampling [0.0, -1.0059, 0.7032]. Recommendation = [0.0, 0.7774, 0.5973], Current Cost = 72500.00, Rho = 1.000
(iter 455) [0.0, 0.7774, 0.5973] = 456.2455, sampling [0.0, -1.4145, 1.4930]. Recommendation = [0.0, 0.7774, 0.5973], Current Cost = 73500.00, Rho = 1.000
(iter 455) [0.0, 0.7774, 0.5973] = 456.2455, sampling [0.0, -0.0398, 1.3608]. Recommendation = [0.0, 0.7774, 0.5973], Current Cost = 74500.00, Rho = 1.000
(iter 455) [0.0, 0.7774, 0.5973] = 456.2455, sampling [0.0, -0.1950, 0.7146]. Recommendation = [0.0, 0.7774, 0.5973], Current Cost = 75500.00, Rho = 1.000
(iter 455) [0.0, 0.7774, 0.5973] = 456.2455, sampling [0.0, -0.0906, 0.0350]. Recommendation = [0.0, 0.7774, 0.5973], Current Cost = 76500.00, Rho = 1.000
(iter 455) [0.0, 0.7774, 0.5973] = 456.2455, sampling [0.0, 1.3666, -1.5598]. Recommendation = [0.0, 0.7774, 0.5973], Current Cost = 77500.00, Rho = 1.000
(iter 455) [0.0, 0.7774, 0.5973] = 456.2455, sampling [0.0, -0.6741, 0.9385]. Recommendation = [0.0, 0.7774, 0.5973], Current Cost = 78500.00, Rho = 1.000
(iter 455) [0.0, 0.7774, 0.5973] = 456.2455, sampling [0.0, 1.2735, 1.0111]. Recommendation = [0.0, 0.7774, 0.5973], Current Cost = 79500.00, Rho = 1.000
(iter 455) [0.0, 0.7774, 0.5973] = 456.2455, sampling [0.0, -0.1016, 1.9688]. Recommendation = [0.0, 0.7774, 0.5973], Current Cost = 80500.00, Rho = 1.000
(iter 455) [0.0, 0.7774, 0.5973] = 456.2455, sampling [0.0, 1.2097, -0.8529]. Recommendation = [0.0, 0.7774, 0.5973], Current Cost = 81500.00, Rho = 1.000
(iter 455) [0.0, 0.7774, 0.5973] = 456.2455, sampling [0.0, -1.5717, -0.9360]. Recommendation = [0.0, 0.7774, 0.5973], Current Cost = 82500.00, Rho = 1.000
(iter 455) [0.0, 0.7774, 0.5973] = 456.2455, sampling [0.0, 1.0407, 0.6881]. Recommendation = [0.0, 0.7774, 0.5973], Current Cost = 83500.00, Rho = 1.000
(iter 455) [0.0, 0.7774, 0.5973] = 456.2455, sampling [0.0, -1.8959, 0.7446]. Recommendation = [0.0, 0.7774, 0.5973], Current Cost = 84500.00, Rho = 1.000
(iter 455) [0.0, 0.7774, 0.5973] = 456.2455, sampling [0.0, -1.2924, -0.4568]. Recommendation = [0.0, 0.7774, 0.5973], Current Cost = 85500.00, Rho = 1.000
(iter 455) [0.0, 0.7774, 0.5973] = 456.2455, sampling [0.0, 0.7930, -0.2732]. Recommendation = [0.0, 0.7774, 0.5973], Current Cost = 86500.00, Rho = 1.000
(iter 455) [0.0, 0.7774, 0.5973] = 456.2455, sampling [0.0, 0.5052, 1.3991]. Recommendation = [0.0, 0.7774, 0.5973], Current Cost = 87500.00, Rho = 1.000
(iter 455) [0.0, 0.7774, 0.5973] = 456.2455, sampling [0.0, 0.2166, -1.6924]. Recommendation = [0.0, 0.7774, 0.5973], Current Cost = 88500.00, Rho = 1.000
(iter 455) [0.0, 0.7774, 0.5973] = 456.2455, sampling [0.0, 0.6303, -1.9315]. Recommendation = [0.0, 0.7774, 0.5973], Current Cost = 89500.00, Rho = 1.000
(iter 455) [0.0, 0.7774, 0.5973] = 456.2455, sampling [0.0, 0.9921, 0.3860]. Recommendation = [0.0, 0.7774, 0.5973], Current Cost = 90500.00, Rho = 1.000
(iter 455) [0.0, 0.7774, 0.5973] = 456.2455, sampling [0.0, -0.1686, -1.5943]. Recommendation = [0.0, 0.7774, 0.5973], Current Cost = 91500.00, Rho = 1.000
(iter 455) [0.0, 0.7774, 0.5973] = 456.2455, sampling [0.0, 1.0916, -1.2025]. Recommendation = [0.0, 0.7774, 0.5973], Current Cost = 92500.00, Rho = 1.000
(iter 455) [0.0, 0.7774, 0.5973] = 456.2455, sampling [0.0, 1.2187, -0.4316]. Recommendation = [0.0, 0.7774, 0.5973], Current Cost = 93500.00, Rho = 1.000
(iter 455) [0.0, 0.7774, 0.5973] = 456.2455, sampling [0.0, -1.5965, -1.8584]. Recommendation = [0.0, 0.7774, 0.5973], Current Cost = 94500.00, Rho = 1.000
(iter 455) [0.0, 0.7774, 0.5973] = 456.2455, sampling [0.0, -0.4253, 0.2540]. Recommendation = [0.0, 0.7774, 0.5973], Current Cost = 95500.00, Rho = 1.000
(iter 455) [0.0, 0.7774, 0.5973] = 456.2455, sampling [0.0, 0.6999, 0.1254]. Recommendation = [0.0, 0.7774, 0.5973], Current Cost = 96500.00, Rho = 1.000
(iter 455) [0.0, 0.7774, 0.5973] = 456.2455, sampling [0.0, 0.4169, -0.5237]. Recommendation = [0.0, 0.7774, 0.5973], Current Cost = 97500.00, Rho = 1.000
(iter 455) [0.0, 0.7774, 0.5973] = 456.2455, sampling [0.0, -0.2604, 0.8914]. Recommendation = [0.0, 0.7774, 0.5973], Current Cost = 98500.00, Rho = 1.000
(iter 455) [0.0, 0.7774, 0.5973] = 456.2455, sampling [0.0, 1.2369, -0.0854]. Recommendation = [0.0, 0.7774, 0.5973], Current Cost = 99500.00, Rho = 1.000
