(iter 10) [0.0, -0.5027, 1.0688] = 387.4495, sampling [1.0, -0.3652, 1.0415]. Recommendation = [0.0, -0.5027, 1.0688], Current Cost = 5005.00, Rho = 0.387
(iter 10) [0.0, -0.5027, 1.0688] = 387.4495, sampling [1.0, -0.4905, 1.1581]. Recommendation = [0.0, -0.5027, 1.0688], Current Cost = 5006.00, Rho = 0.387
(iter 10) [0.0, -0.5027, 1.0688] = 387.4495, sampling [1.0, -0.3131, 1.2651]. Recommendation = [0.0, -0.5027, 1.0688], Current Cost = 5007.00, Rho = 0.387
(iter 10) [0.0, -0.5027, 1.0688] = 387.4495, sampling [1.0, -0.3266, 0.9345]. Recommendation = [0.0, -0.5027, 1.0688], Current Cost = 5008.00, Rho = 0.387
(iter 10) [0.0, -0.5027, 1.0688] = 387.4495, sampling [1.0, -0.2069, 0.9653]. Recommendation = [0.0, -0.5027, 1.0688], Current Cost = 5009.00, Rho = 0.387
(iter 10) [0.0, -0.5027, 1.0688] = 387.4495, sampling [1.0, -0.4313, 0.8402]. Recommendation = [0.0, -0.5027, 1.0688], Current Cost = 5010.00, Rho = 0.387
(iter 10) [0.0, -0.5027, 1.0688] = 387.4495, sampling [1.0, -0.6404, 0.9986]. Recommendation = [0.0, -0.5027, 1.0688], Current Cost = 5011.00, Rho = 0.387
(iter 10) [0.0, -0.5027, 1.0688] = 387.4495, sampling [1.0, -0.6551, 0.9260]. Recommendation = [0.0, -0.5027, 1.0688], Current Cost = 5012.00, Rho = 0.387
(iter 10) [0.0, -0.5027, 1.0688] = 387.4495, sampling [1.0, -0.5998, 0.8085]. Recommendation = [0.0, -0.5027, 1.0688], Current Cost = 5013.00, Rho = 0.387
(iter 10) [0.0, -0.5027, 1.0688] = 387.4495, sampling [1.0, -0.3723, 0.8289]. Recommendation = [0.0, -0.5027, 1.0688], Current Cost = 5014.00, Rho = 0.387
(iter 10) [0.0, -0.5027, 1.0688] = 387.4495, sampling [1.0, -0.4860, 0.7047]. Recommendation = [0.0, -0.5027, 1.0688], Current Cost = 5015.00, Rho = 0.387
(iter 10) [0.0, -0.5027, 1.0688] = 387.4495, sampling [1.0, -0.4541, 0.7935]. Recommendation = [0.0, -0.5027, 1.0688], Current Cost = 5016.00, Rho = 0.387
(iter 10) [0.0, -0.5027, 1.0688] = 387.4495, sampling [1.0, 0.0070, 0.8571]. Recommendation = [0.0, -0.5027, 1.0688], Current Cost = 5017.00, Rho = 0.387
(iter 10) [0.0, -0.5027, 1.0688] = 387.4495, sampling [1.0, -0.1151, 1.1119]. Recommendation = [0.0, -0.5027, 1.0688], Current Cost = 5018.00, Rho = 0.387
(iter 10) [0.0, -0.5027, 1.0688] = 387.4495, sampling [1.0, -0.0706, 0.5324]. Recommendation = [0.0, -0.5027, 1.0688], Current Cost = 5019.00, Rho = 0.387
(iter 10) [0.0, -0.5027, 1.0688] = 387.4495, sampling [1.0, -0.4199, 0.5680]. Recommendation = [0.0, -0.5027, 1.0688], Current Cost = 5020.00, Rho = 0.387
(iter 10) [0.0, -0.5027, 1.0688] = 387.4495, sampling [1.0, -0.6736, 0.9582]. Recommendation = [0.0, -0.5027, 1.0688], Current Cost = 5021.00, Rho = 0.387
(iter 10) [0.0, -0.5027, 1.0688] = 387.4495, sampling [1.0, -0.4565, 1.3794]. Recommendation = [0.0, -0.5027, 1.0688], Current Cost = 5022.00, Rho = 0.387
(iter 10) [0.0, -0.5027, 1.0688] = 387.4495, sampling [1.0, -0.5906, 0.7161]. Recommendation = [0.0, -0.5027, 1.0688], Current Cost = 5023.00, Rho = 0.387
(iter 10) [0.0, -0.5027, 1.0688] = 387.4495, sampling [1.0, -0.2821, 0.4010]. Recommendation = [0.0, -0.5027, 1.0688], Current Cost = 5024.00, Rho = 0.387
(iter 10) [0.0, -0.5027, 1.0688] = 387.4495, sampling [1.0, 0.1635, 0.6393]. Recommendation = [0.0, -0.5027, 1.0688], Current Cost = 5025.00, Rho = 0.387
(iter 10) [0.0, -0.5027, 1.0688] = 387.4495, sampling [1.0, -0.7336, 0.7899]. Recommendation = [0.0, -0.5027, 1.0688], Current Cost = 5026.00, Rho = 0.387
(iter 10) [0.0, -0.5027, 1.0688] = 387.4495, sampling [1.0, -0.0376, 0.2610]. Recommendation = [0.0, -0.5027, 1.0688], Current Cost = 5027.00, Rho = 0.387
(iter 10) [0.0, -0.5027, 1.0688] = 387.4495, sampling [1.0, 0.2447, 0.3908]. Recommendation = [0.0, -0.5027, 1.0688], Current Cost = 5028.00, Rho = 0.387
(iter 10) [0.0, -0.5027, 1.0688] = 387.4495, sampling [1.0, 0.2259, 1.0560]. Recommendation = [0.0, -0.5027, 1.0688], Current Cost = 5029.00, Rho = 0.387
(iter 10) [0.0, -0.5027, 1.0688] = 387.4495, sampling [1.0, -0.8839, 1.2047]. Recommendation = [0.0, -0.5027, 1.0688], Current Cost = 5030.00, Rho = 0.387
(iter 10) [0.0, -0.5027, 1.0688] = 387.4495, sampling [1.0, 0.4375, 0.6695]. Recommendation = [0.0, -0.5027, 1.0688], Current Cost = 5031.00, Rho = 0.387
(iter 10) [0.0, -0.5027, 1.0688] = 387.4495, sampling [1.0, 0.1233, 0.4482]. Recommendation = [0.0, -0.5027, 1.0688], Current Cost = 5032.00, Rho = 0.387
(iter 10) [0.0, -0.5027, 1.0688] = 387.4495, sampling [1.0, -0.6699, 0.5367]. Recommendation = [0.0, -0.5027, 1.0688], Current Cost = 5033.00, Rho = 0.387
(iter 10) [0.0, -0.5027, 1.0688] = 387.4495, sampling [1.0, 0.0571, -0.1102]. Recommendation = [0.0, -0.5027, 1.0688], Current Cost = 5034.00, Rho = 0.387
(iter 10) [0.0, -0.5027, 1.0688] = 387.4495, sampling [1.0, 0.3970, 0.1235]. Recommendation = [0.0, -0.5027, 1.0688], Current Cost = 5035.00, Rho = 0.387
(iter 10) [0.0, -0.5027, 1.0688] = 387.4495, sampling [1.0, -0.1481, 0.1168]. Recommendation = [0.0, -0.5027, 1.0688], Current Cost = 5036.00, Rho = 0.387
(iter 10) [0.0, -0.5027, 1.0688] = 387.4495, sampling [1.0, 0.2882, 0.7635]. Recommendation = [0.0, -0.5027, 1.0688], Current Cost = 5037.00, Rho = 0.387
(iter 10) [0.0, -0.5027, 1.0688] = 387.4495, sampling [1.0, -0.8613, 1.2790]. Recommendation = [0.0, -0.5027, 1.0688], Current Cost = 5038.00, Rho = 0.387
(iter 10) [0.0, -0.5027, 1.0688] = 387.4495, sampling [1.0, 0.5891, 0.4565]. Recommendation = [0.0, -0.5027, 1.0688], Current Cost = 5039.00, Rho = 0.387
(iter 10) [0.0, -0.5027, 1.0688] = 387.4495, sampling [1.0, -0.3493, 0.2874]. Recommendation = [0.0, -0.5027, 1.0688], Current Cost = 5040.00, Rho = 0.387
(iter 10) [0.0, -0.5027, 1.0688] = 387.4495, sampling [1.0, -0.0231, 1.4446]. Recommendation = [0.0, -0.5027, 1.0688], Current Cost = 5041.00, Rho = 0.387
(iter 10) [0.0, -0.5027, 1.0688] = 387.4495, sampling [1.0, 0.3442, -0.2615]. Recommendation = [0.0, -0.5027, 1.0688], Current Cost = 5042.00, Rho = 0.387
(iter 10) [0.0, -0.5027, 1.0688] = 387.4495, sampling [1.0, 0.6477, 0.8659]. Recommendation = [0.0, -0.5027, 1.0688], Current Cost = 5043.00, Rho = 0.387
(iter 10) [0.0, -0.5027, 1.0688] = 387.4495, sampling [1.0, 0.0720, -0.4626]. Recommendation = [0.0, -0.5027, 1.0688], Current Cost = 5044.00, Rho = 0.387
(iter 10) [0.0, -0.5027, 1.0688] = 387.4495, sampling [1.0, -0.6004, 0.2884]. Recommendation = [0.0, -0.5027, 1.0688], Current Cost = 5045.00, Rho = 0.387
(iter 10) [0.0, -0.5027, 1.0688] = 387.4495, sampling [1.0, -0.7789, 1.6383]. Recommendation = [0.0, -0.5027, 1.0688], Current Cost = 5046.00, Rho = 0.387
(iter 10) [0.0, -0.5027, 1.0688] = 387.4495, sampling [0.0, -0.0134, 0.4766]. Recommendation = [0.0, -0.5027, 1.0688], Current Cost = 5047.00, Rho = 0.387
(iter 52) [0.0, -0.0134, 0.4766] = 432.5765, sampling [1.0, -0.0134, 0.4766]. Recommendation = [0.0, -0.0134, 0.4766], Current Cost = 6047.00, Rho = 0.387
(iter 52) [0.0, -0.0134, 0.4766] = 432.5765, sampling [1.0, 0.0872, 0.5489]. Recommendation = [0.0, -0.0134, 0.4766], Current Cost = 6048.00, Rho = 0.387
(iter 52) [0.0, -0.0134, 0.4766] = 432.5765, sampling [1.0, -0.2455, 0.3204]. Recommendation = [0.0, -0.0134, 0.4766], Current Cost = 6049.00, Rho = 0.387
(iter 52) [0.0, -0.0134, 0.4766] = 432.5765, sampling [1.0, 0.3550, 0.5828]. Recommendation = [0.0, -0.0134, 0.4766], Current Cost = 6050.00, Rho = 0.387
(iter 52) [0.0, -0.0134, 0.4766] = 432.5765, sampling [1.0, -0.0470, 0.2168]. Recommendation = [0.0, -0.0134, 0.4766], Current Cost = 6051.00, Rho = 0.387
(iter 52) [0.0, -0.0134, 0.4766] = 432.5765, sampling [1.0, -0.2586, 0.2447]. Recommendation = [0.0, -0.0134, 0.4766], Current Cost = 6052.00, Rho = 0.387
(iter 52) [0.0, -0.0134, 0.4766] = 432.5765, sampling [1.0, -0.0796, 0.0142]. Recommendation = [0.0, -0.0134, 0.4766], Current Cost = 6053.00, Rho = 0.387
(iter 52) [0.0, -0.0134, 0.4766] = 432.5765, sampling [1.0, -0.3292, 0.3560]. Recommendation = [0.0, -0.0134, 0.4766], Current Cost = 6054.00, Rho = 0.387
(iter 52) [0.0, -0.0134, 0.4766] = 432.5765, sampling [1.0, 0.6242, 0.6596]. Recommendation = [0.0, -0.0134, 0.4766], Current Cost = 6055.00, Rho = 0.387
(iter 52) [0.0, -0.0134, 0.4766] = 432.5765, sampling [1.0, 0.6337, 0.3137]. Recommendation = [0.0, -0.0134, 0.4766], Current Cost = 6056.00, Rho = 0.387
(iter 52) [0.0, -0.0134, 0.4766] = 432.5765, sampling [1.0, -0.1727, -0.0377]. Recommendation = [0.0, -0.0134, 0.4766], Current Cost = 6057.00, Rho = 0.387
(iter 52) [0.0, -0.0134, 0.4766] = 432.5765, sampling [1.0, 0.4725, 0.6006]. Recommendation = [0.0, -0.0134, 0.4766], Current Cost = 6058.00, Rho = 0.387
(iter 52) [0.0, -0.0134, 0.4766] = 432.5765, sampling [1.0, 0.5015, 0.7401]. Recommendation = [0.0, -0.0134, 0.4766], Current Cost = 6059.00, Rho = 0.387
(iter 52) [0.0, -0.0134, 0.4766] = 432.5765, sampling [1.0, 0.5495, -0.0755]. Recommendation = [0.0, -0.0134, 0.4766], Current Cost = 6060.00, Rho = 0.387
(iter 52) [0.0, -0.0134, 0.4766] = 432.5765, sampling [1.0, 0.3209, -0.1383]. Recommendation = [0.0, -0.0134, 0.4766], Current Cost = 6061.00, Rho = 0.387
(iter 52) [0.0, -0.0134, 0.4766] = 432.5765, sampling [1.0, -0.0807, -0.2850]. Recommendation = [0.0, -0.0134, 0.4766], Current Cost = 6062.00, Rho = 0.387
(iter 52) [0.0, -0.0134, 0.4766] = 432.5765, sampling [1.0, 0.8000, 0.4915]. Recommendation = [0.0, -0.0134, 0.4766], Current Cost = 6063.00, Rho = 0.387
(iter 52) [0.0, -0.0134, 0.4766] = 432.5765, sampling [1.0, -0.5055, -0.0235]. Recommendation = [0.0, -0.0134, 0.4766], Current Cost = 6064.00, Rho = 0.387
(iter 52) [0.0, -0.0134, 0.4766] = 432.5765, sampling [1.0, 0.6695, 1.0813]. Recommendation = [0.0, -0.0134, 0.4766], Current Cost = 6065.00, Rho = 0.387
(iter 52) [0.0, -0.0134, 0.4766] = 432.5765, sampling [0.0, 0.4216, 0.6450]. Recommendation = [0.0, -0.0134, 0.4766], Current Cost = 6066.00, Rho = 0.387
(iter 72) [0.0, 0.4216, 0.6450] = 434.1357, sampling [1.0, 0.4216, 0.6450]. Recommendation = [0.0, 0.4216, 0.6450], Current Cost = 7066.00, Rho = 0.387
(iter 72) [0.0, 0.4216, 0.6450] = 434.1357, sampling [1.0, 0.5420, 0.8346]. Recommendation = [0.0, 0.4216, 0.6450], Current Cost = 7067.00, Rho = 0.387
(iter 72) [0.0, 0.4216, 0.6450] = 434.1357, sampling [1.0, 0.6750, 0.4837]. Recommendation = [0.0, 0.4216, 0.6450], Current Cost = 7068.00, Rho = 0.387
(iter 72) [0.0, 0.4216, 0.6450] = 434.1357, sampling [1.0, 0.7313, 0.5903]. Recommendation = [0.0, 0.4216, 0.6450], Current Cost = 7069.00, Rho = 0.387
(iter 72) [0.0, 0.4216, 0.6450] = 434.1357, sampling [1.0, 0.7495, 0.3774]. Recommendation = [0.0, 0.4216, 0.6450], Current Cost = 7070.00, Rho = 0.387
(iter 72) [0.0, 0.4216, 0.6450] = 434.1357, sampling [1.0, 0.9754, 0.7341]. Recommendation = [0.0, 0.4216, 0.6450], Current Cost = 7071.00, Rho = 0.387
(iter 72) [0.0, 0.4216, 0.6450] = 434.1357, sampling [1.0, 0.7152, 0.9435]. Recommendation = [0.0, 0.4216, 0.6450], Current Cost = 7072.00, Rho = 0.387
(iter 72) [0.0, 0.4216, 0.6450] = 434.1357, sampling [1.0, 0.9272, 0.5261]. Recommendation = [0.0, 0.4216, 0.6450], Current Cost = 7073.00, Rho = 0.387
(iter 72) [0.0, 0.4216, 0.6450] = 434.1357, sampling [1.0, 0.4074, 0.0840]. Recommendation = [0.0, 0.4216, 0.6450], Current Cost = 7074.00, Rho = 0.387
(iter 72) [0.0, 0.4216, 0.6450] = 434.1357, sampling [1.0, 0.2226, 1.2193]. Recommendation = [0.0, 0.4216, 0.6450], Current Cost = 7075.00, Rho = 0.387
(iter 72) [0.0, 0.4216, 0.6450] = 434.1357, sampling [1.0, 0.9446, 0.9860]. Recommendation = [0.0, 0.4216, 0.6450], Current Cost = 7076.00, Rho = 0.387
(iter 72) [0.0, 0.4216, 0.6450] = 434.1357, sampling [1.0, -0.1267, 1.0535]. Recommendation = [0.0, 0.4216, 0.6450], Current Cost = 7077.00, Rho = 0.387
(iter 72) [0.0, 0.4216, 0.6450] = 434.1357, sampling [1.0, 0.5241, 1.3353]. Recommendation = [0.0, 0.4216, 0.6450], Current Cost = 7078.00, Rho = 0.387
(iter 72) [0.0, 0.4216, 0.6450] = 434.1357, sampling [1.0, 0.9027, 0.1062]. Recommendation = [0.0, 0.4216, 0.6450], Current Cost = 7079.00, Rho = 0.387
(iter 72) [0.0, 0.4216, 0.6450] = 434.1357, sampling [1.0, -0.0254, -0.1351]. Recommendation = [0.0, 0.4216, 0.6450], Current Cost = 7080.00, Rho = 0.387
(iter 72) [0.0, 0.4216, 0.6450] = 434.1357, sampling [1.0, 0.8438, 1.3136]. Recommendation = [0.0, 0.4216, 0.6450], Current Cost = 7081.00, Rho = 0.387
(iter 72) [0.0, 0.4216, 0.6450] = 434.1357, sampling [0.0, 0.2447, 0.3908]. Recommendation = [0.0, 0.4216, 0.6450], Current Cost = 7082.00, Rho = 0.387
(iter 89) [0.0, 0.2447, 0.3908] = 444.7801, sampling [0.0, 0.3970, 0.1235]. Recommendation = [0.0, 0.2447, 0.3908], Current Cost = 8082.00, Rho = 0.387
(iter 90) [0.0, 0.3970, 0.1235] = 455.8199, sampling [1.0, 0.4929, -0.2201]. Recommendation = [0.0, 0.3970, 0.1235], Current Cost = 9082.00, Rho = 0.387
(iter 90) [0.0, 0.3970, 0.1235] = 455.8199, sampling [1.0, 0.6969, -0.0717]. Recommendation = [0.0, 0.3970, 0.1235], Current Cost = 9083.00, Rho = 0.387
(iter 90) [0.0, 0.3970, 0.1235] = 455.8199, sampling [1.0, 0.1542, -0.3495]. Recommendation = [0.0, 0.3970, 0.1235], Current Cost = 9084.00, Rho = 0.387
(iter 90) [0.0, 0.3970, 0.1235] = 455.8199, sampling [1.0, 0.3882, -0.4808]. Recommendation = [0.0, 0.3970, 0.1235], Current Cost = 9085.00, Rho = 0.387
(iter 90) [0.0, 0.3970, 0.1235] = 455.8199, sampling [1.0, 0.0349, -0.2908]. Recommendation = [0.0, 0.3970, 0.1235], Current Cost = 9086.00, Rho = 0.387
(iter 90) [0.0, 0.3970, 0.1235] = 455.8199, sampling [1.0, 1.0666, 0.3966]. Recommendation = [0.0, 0.3970, 0.1235], Current Cost = 9087.00, Rho = 0.387
(iter 90) [0.0, 0.3970, 0.1235] = 455.8199, sampling [0.0, -0.0796, 0.0142]. Recommendation = [0.0, 0.3970, 0.1235], Current Cost = 9088.00, Rho = 0.387
(iter 90) [0.0, 0.3970, 0.1235] = 455.8199, sampling [1.0, -0.1307, -0.0420]. Recommendation = [0.0, 0.3970, 0.1235], Current Cost = 10088.00, Rho = 0.387
(iter 90) [0.0, 0.3970, 0.1235] = 455.8199, sampling [1.0, -0.0051, -0.1865]. Recommendation = [0.0, 0.3970, 0.1235], Current Cost = 10089.00, Rho = 0.387
(iter 90) [0.0, 0.3970, 0.1235] = 455.8199, sampling [1.0, -0.1913, -0.4141]. Recommendation = [0.0, 0.3970, 0.1235], Current Cost = 10090.00, Rho = 0.387
(iter 90) [0.0, 0.3970, 0.1235] = 455.8199, sampling [1.0, 0.2531, -0.3893]. Recommendation = [0.0, 0.3970, 0.1235], Current Cost = 10091.00, Rho = 0.387
(iter 90) [0.0, 0.3970, 0.1235] = 455.8199, sampling [1.0, -0.3894, -0.3742]. Recommendation = [0.0, 0.3970, 0.1235], Current Cost = 10092.00, Rho = 0.387
(iter 90) [0.0, 0.3970, 0.1235] = 455.8199, sampling [1.0, 0.0762, -0.3799]. Recommendation = [0.0, 0.3970, 0.1235], Current Cost = 10093.00, Rho = 0.387
(iter 90) [0.0, 0.3970, 0.1235] = 455.8199, sampling [1.0, 0.1870, -0.7645]. Recommendation = [0.0, 0.3970, 0.1235], Current Cost = 10094.00, Rho = 0.387
(iter 90) [0.0, 0.3970, 0.1235] = 455.8199, sampling [0.0, -0.0470, 0.2168]. Recommendation = [0.0, 0.3970, 0.1235], Current Cost = 10095.00, Rho = 0.387
(iter 90) [0.0, 0.3970, 0.1235] = 455.8199, sampling [0.0, 0.0571, -0.1102]. Recommendation = [0.0, 0.3970, 0.1235], Current Cost = 11095.00, Rho = 0.387
(iter 90) [0.0, 0.3970, 0.1235] = 455.8199, sampling [1.0, 0.0545, -0.3020]. Recommendation = [0.0, 0.3970, 0.1235], Current Cost = 12095.00, Rho = 0.387
(iter 90) [0.0, 0.3970, 0.1235] = 455.8199, sampling [1.0, -0.1987, -0.5562]. Recommendation = [0.0, 0.3970, 0.1235], Current Cost = 12096.00, Rho = 0.387
(iter 90) [0.0, 0.3970, 0.1235] = 455.8199, sampling [1.0, -0.4675, -0.0902]. Recommendation = [0.0, 0.3970, 0.1235], Current Cost = 12097.00, Rho = 0.387
(iter 90) [0.0, 0.3970, 0.1235] = 455.8199, sampling [1.0, 0.2656, -0.4440]. Recommendation = [0.0, 0.3970, 0.1235], Current Cost = 12098.00, Rho = 0.387
(iter 90) [0.0, 0.3970, 0.1235] = 455.8199, sampling [1.0, 0.4689, -0.2489]. Recommendation = [0.0, 0.3970, 0.1235], Current Cost = 12099.00, Rho = 0.387
(iter 90) [0.0, 0.3970, 0.1235] = 455.8199, sampling [0.0, 0.3209, -0.1383]. Recommendation = [0.0, 0.3970, 0.1235], Current Cost = 12100.00, Rho = 0.387
(iter 90) [0.0, 0.3970, 0.1235] = 455.8199, sampling [1.0, 0.3634, -0.6340]. Recommendation = [0.0, 0.3970, 0.1235], Current Cost = 13100.00, Rho = 0.387
(iter 90) [0.0, 0.3970, 0.1235] = 455.8199, sampling [0.0, 0.6337, 0.3137]. Recommendation = [0.0, 0.3970, 0.1235], Current Cost = 13101.00, Rho = 0.387
(iter 90) [0.0, 0.3970, 0.1235] = 455.8199, sampling [1.0, 0.8118, -0.0141]. Recommendation = [0.0, 0.3970, 0.1235], Current Cost = 14101.00, Rho = 0.387
(iter 90) [0.0, 0.3970, 0.1235] = 455.8199, sampling [1.0, 1.0302, 0.5752]. Recommendation = [0.0, 0.3970, 0.1235], Current Cost = 14102.00, Rho = 0.387
(iter 90) [0.0, 0.3970, 0.1235] = 455.8199, sampling [0.0, 0.7313, 0.5903]. Recommendation = [0.0, 0.3970, 0.1235], Current Cost = 14103.00, Rho = 0.387
(iter 117) [0.0, 0.7313, 0.5903] = 455.9209, sampling [1.0, 1.1720, 0.9699]. Recommendation = [0.0, 0.5891, 0.4565], Current Cost = 15103.00, Rho = 0.387
(iter 117) [0.0, 0.7313, 0.5903] = 455.9209, sampling [1.0, 1.2170, 0.6999]. Recommendation = [0.0, 0.5891, 0.4565], Current Cost = 15104.00, Rho = 0.387
(iter 117) [0.0, 0.7313, 0.5903] = 455.9209, sampling [0.0, 0.9175, 1.0380]. Recommendation = [0.0, 0.5891, 0.4565], Current Cost = 15105.00, Rho = 0.387
(iter 117) [0.0, 0.7313, 0.5903] = 455.9209, sampling [1.0, 0.9175, 1.0380]. Recommendation = [0.0, 0.5891, 0.4565], Current Cost = 16105.00, Rho = 0.387
(iter 117) [0.0, 0.7313, 0.5903] = 455.9209, sampling [1.0, 0.9354, 1.0263]. Recommendation = [0.0, 0.5891, 0.4565], Current Cost = 16106.00, Rho = 0.387
(iter 117) [0.0, 0.7313, 0.5903] = 455.9209, sampling [1.0, 0.6946, 1.0149]. Recommendation = [0.0, 0.5891, 0.4565], Current Cost = 16107.00, Rho = 0.387
(iter 117) [0.0, 0.7313, 0.5903] = 455.9209, sampling [1.0, 1.0135, 0.7550]. Recommendation = [0.0, 0.5891, 0.4565], Current Cost = 16108.00, Rho = 0.387
(iter 117) [0.0, 0.7313, 0.5903] = 455.9209, sampling [1.0, 1.0577, 1.1884]. Recommendation = [0.0, 0.5891, 0.4565], Current Cost = 16109.00, Rho = 0.387
(iter 117) [0.0, 0.7313, 0.5903] = 455.9209, sampling [1.0, 1.2351, 1.2824]. Recommendation = [0.0, 0.5891, 0.4565], Current Cost = 16110.00, Rho = 0.387
(iter 117) [0.0, 0.7313, 0.5903] = 455.9209, sampling [1.0, 0.9944, 1.4798]. Recommendation = [0.0, 0.5891, 0.4565], Current Cost = 16111.00, Rho = 0.387
(iter 117) [0.0, 0.7313, 0.5903] = 455.9209, sampling [1.0, 0.9110, 1.3469]. Recommendation = [0.0, 0.5891, 0.4565], Current Cost = 16112.00, Rho = 0.387
(iter 117) [0.0, 0.7313, 0.5903] = 455.9209, sampling [1.0, 1.3353, 1.1293]. Recommendation = [0.0, 0.5891, 0.4565], Current Cost = 16113.00, Rho = 0.387
(iter 117) [0.0, 0.7313, 0.5903] = 455.9209, sampling [1.0, 0.7696, 1.3640]. Recommendation = [0.0, 0.5891, 0.4565], Current Cost = 16114.00, Rho = 0.387
(iter 117) [0.0, 0.7313, 0.5903] = 455.9209, sampling [1.0, 1.1448, 1.4087]. Recommendation = [0.0, 0.5891, 0.4565], Current Cost = 16115.00, Rho = 0.387
(iter 117) [0.0, 0.7313, 0.5903] = 455.9209, sampling [1.0, 0.7892, 1.5881]. Recommendation = [0.0, 0.5891, 0.4565], Current Cost = 16116.00, Rho = 0.387
(iter 117) [0.0, 0.7313, 0.5903] = 455.9209, sampling [1.0, 1.2646, 0.5575]. Recommendation = [0.0, 0.5891, 0.4565], Current Cost = 16117.00, Rho = 0.387
(iter 117) [0.0, 0.7313, 0.5903] = 455.9209, sampling [0.0, 0.6477, 0.8659]. Recommendation = [0.0, 0.5891, 0.4565], Current Cost = 16118.00, Rho = 0.387
(iter 117) [0.0, 0.7313, 0.5903] = 455.9209, sampling [0.0, 0.9754, 0.7341]. Recommendation = [0.0, 0.5891, 0.4565], Current Cost = 17118.00, Rho = 0.387
(iter 117) [0.0, 0.7313, 0.5903] = 455.9209, sampling [1.0, 1.0968, 0.1525]. Recommendation = [0.0, 0.7313, 0.5903], Current Cost = 18118.00, Rho = 0.387
(iter 117) [0.0, 0.7313, 0.5903] = 455.9209, sampling [1.0, 1.4327, 1.0068]. Recommendation = [0.0, 0.7313, 0.5903], Current Cost = 18119.00, Rho = 0.387
(iter 117) [0.0, 0.7313, 0.5903] = 455.9209, sampling [0.0, 0.5891, 0.4565]. Recommendation = [0.0, 0.7313, 0.5903], Current Cost = 18120.00, Rho = 0.387
(iter 117) [0.0, 0.7313, 0.5903] = 455.9209, sampling [0.0, 1.1448, 1.4087]. Recommendation = [0.0, 0.7313, 0.5903], Current Cost = 19120.00, Rho = 0.387
(iter 117) [0.0, 0.7313, 0.5903] = 455.9209, sampling [1.0, 1.1404, 1.5095]. Recommendation = [0.0, 0.7313, 0.5903], Current Cost = 20120.00, Rho = 0.387
(iter 117) [0.0, 0.7313, 0.5903] = 455.9209, sampling [1.0, 1.3186, 1.4161]. Recommendation = [0.0, 0.7313, 0.5903], Current Cost = 20121.00, Rho = 0.387
(iter 117) [0.0, 0.7313, 0.5903] = 455.9209, sampling [1.0, 1.2409, 1.6079]. Recommendation = [0.0, 0.7313, 0.5903], Current Cost = 20122.00, Rho = 0.387
(iter 117) [0.0, 0.7313, 0.5903] = 455.9209, sampling [1.0, 1.4860, 1.3225]. Recommendation = [0.0, 0.7313, 0.5903], Current Cost = 20123.00, Rho = 0.387
(iter 117) [0.0, 0.7313, 0.5903] = 455.9209, sampling [1.0, 1.0513, 1.8237]. Recommendation = [0.0, 0.7313, 0.5903], Current Cost = 20124.00, Rho = 0.387
(iter 117) [0.0, 0.7313, 0.5903] = 455.9209, sampling [1.0, 1.2805, 1.5932]. Recommendation = [0.0, 0.7313, 0.5903], Current Cost = 20125.00, Rho = 0.387
(iter 117) [0.0, 0.7313, 0.5903] = 455.9209, sampling [1.0, 1.3747, 1.7378]. Recommendation = [0.0, 0.7313, 0.5903], Current Cost = 20126.00, Rho = 0.387
(iter 117) [0.0, 0.7313, 0.5903] = 455.9209, sampling [1.0, 0.6008, 1.3937]. Recommendation = [0.0, 0.7313, 0.5903], Current Cost = 20127.00, Rho = 0.387
(iter 117) [0.0, 0.7313, 0.5903] = 455.9209, sampling [1.0, 0.8572, 1.7292]. Recommendation = [0.0, 0.7313, 0.5903], Current Cost = 20128.00, Rho = 0.387
(iter 117) [0.0, 0.7313, 0.5903] = 455.9209, sampling [1.0, 1.2786, 1.8848]. Recommendation = [0.0, 0.7313, 0.5903], Current Cost = 20129.00, Rho = 0.387
(iter 117) [0.0, 0.7313, 0.5903] = 455.9209, sampling [1.0, 1.7011, 1.5548]. Recommendation = [0.0, 0.7313, 0.5903], Current Cost = 20130.00, Rho = 0.387
(iter 117) [0.0, 0.7313, 0.5903] = 455.9209, sampling [1.0, 0.6093, 1.5778]. Recommendation = [0.0, 0.7313, 0.5903], Current Cost = 20131.00, Rho = 0.387
(iter 117) [0.0, 0.7313, 0.5903] = 455.9209, sampling [1.0, 1.4690, 0.7469]. Recommendation = [0.0, 0.7313, 0.5903], Current Cost = 20132.00, Rho = 0.387
(iter 117) [0.0, 0.7313, 0.5903] = 455.9209, sampling [0.0, 1.0577, 1.1884]. Recommendation = [0.0, 0.7313, 0.5903], Current Cost = 20133.00, Rho = 0.387
(iter 117) [0.0, 0.7313, 0.5903] = 455.9209, sampling [0.0, 0.9110, 1.3469]. Recommendation = [0.0, 0.7313, 0.5903], Current Cost = 21133.00, Rho = 0.387
(iter 117) [0.0, 0.7313, 0.5903] = 455.9209, sampling [0.0, 1.1720, 0.9699]. Recommendation = [0.0, 0.7313, 0.5903], Current Cost = 22133.00, Rho = 0.387
(iter 117) [0.0, 0.7313, 0.5903] = 455.9209, sampling [0.0, 0.9272, 0.5261]. Recommendation = [0.0, 0.7313, 0.5903], Current Cost = 23133.00, Rho = 0.387
(iter 117) [0.0, 0.7313, 0.5903] = 455.9209, sampling [0.0, 1.3631, 1.7624]. Recommendation = [0.0, 0.7313, 0.5903], Current Cost = 24133.00, Rho = 0.387
(iter 117) [0.0, 0.7313, 0.5903] = 455.9209, sampling [1.0, 1.3631, 1.7624]. Recommendation = [0.0, 0.7313, 0.5903], Current Cost = 25133.00, Rho = 0.387
(iter 117) [0.0, 0.7313, 0.5903] = 455.9209, sampling [1.0, 1.5116, 1.8426]. Recommendation = [0.0, 0.7313, 0.5903], Current Cost = 25134.00, Rho = 0.387
(iter 117) [0.0, 0.7313, 0.5903] = 455.9209, sampling [1.0, 1.1314, 1.8751]. Recommendation = [0.0, 0.7313, 0.5903], Current Cost = 25135.00, Rho = 0.387
(iter 117) [0.0, 0.7313, 0.5903] = 455.9209, sampling [1.0, 0.8810, 1.9060]. Recommendation = [0.0, 0.7313, 0.5903], Current Cost = 25136.00, Rho = 0.387
(iter 117) [0.0, 0.7313, 0.5903] = 455.9209, sampling [1.0, 1.5356, 1.2363]. Recommendation = [0.0, 0.7313, 0.5903], Current Cost = 25137.00, Rho = 0.387
(iter 117) [0.0, 0.7313, 0.5903] = 455.9209, sampling [1.0, 1.8059, 1.9321]. Recommendation = [0.0, 0.7313, 0.5903], Current Cost = 25138.00, Rho = 0.387
(iter 117) [0.0, 0.7313, 0.5903] = 455.9209, sampling [0.0, 1.2409, 1.6079]. Recommendation = [0.0, 0.7313, 0.5903], Current Cost = 25139.00, Rho = 0.387
(iter 117) [0.0, 0.7313, 0.5903] = 455.9209, sampling [0.0, 1.3186, 1.4161]. Recommendation = [0.0, 0.7313, 0.5903], Current Cost = 26139.00, Rho = 0.387
(iter 117) [0.0, 0.7313, 0.5903] = 455.9209, sampling [0.0, -0.3292, 0.3560]. Recommendation = [0.0, 0.7313, 0.5903], Current Cost = 27139.00, Rho = 0.387
(iter 117) [0.0, 0.7313, 0.5903] = 455.9209, sampling [1.0, -0.5269, 0.0319]. Recommendation = [0.0, 0.7313, 0.5903], Current Cost = 28139.00, Rho = 0.387
(iter 117) [0.0, 0.7313, 0.5903] = 455.9209, sampling [1.0, -0.5803, 0.2531]. Recommendation = [0.0, 0.7313, 0.5903], Current Cost = 28140.00, Rho = 0.387
(iter 117) [0.0, 0.7313, 0.5903] = 455.9209, sampling [1.0, -0.1428, -0.4058]. Recommendation = [0.0, 0.7313, 0.5903], Current Cost = 28141.00, Rho = 0.387
(iter 117) [0.0, 0.7313, 0.5903] = 455.9209, sampling [0.0, 1.2351, 1.2824]. Recommendation = [0.0, 0.7313, 0.5903], Current Cost = 28142.00, Rho = 0.387
(iter 117) [0.0, 0.7313, 0.5903] = 455.9209, sampling [0.0, 1.2786, 1.8848]. Recommendation = [0.0, 0.7313, 0.5903], Current Cost = 29142.00, Rho = 0.387
(iter 117) [0.0, 0.7313, 0.5903] = 455.9209, sampling [0.0, -0.4199, 0.5680]. Recommendation = [0.0, 0.7313, 0.5903], Current Cost = 30142.00, Rho = 0.387
(iter 117) [0.0, 0.7313, 0.5903] = 455.9209, sampling [0.0, 0.7495, 0.3774]. Recommendation = [0.0, 0.7313, 0.5903], Current Cost = 31142.00, Rho = 0.387
(iter 117) [0.0, 0.7313, 0.5903] = 455.9209, sampling [0.0, 0.5495, -0.0755]. Recommendation = [0.0, 0.6750, 0.4837], Current Cost = 32142.00, Rho = 0.387
(iter 117) [0.0, 0.7313, 0.5903] = 455.9209, sampling [0.0, 0.0762, -0.3799]. Recommendation = [0.0, 0.6750, 0.4837], Current Cost = 33142.00, Rho = 0.387
(iter 117) [0.0, 0.7313, 0.5903] = 455.9209, sampling [1.0, 0.3088, -0.4778]. Recommendation = [0.0, 0.6750, 0.4837], Current Cost = 34142.00, Rho = 0.387
(iter 117) [0.0, 0.7313, 0.5903] = 455.9209, sampling [1.0, -0.2962, -0.7941]. Recommendation = [0.0, 0.6750, 0.4837], Current Cost = 34143.00, Rho = 0.387
(iter 117) [0.0, 0.7313, 0.5903] = 455.9209, sampling [1.0, -0.7695, 0.3510]. Recommendation = [0.0, 0.6750, 0.4837], Current Cost = 34144.00, Rho = 0.387
(iter 117) [0.0, 0.7313, 0.5903] = 455.9209, sampling [1.0, -0.7221, 0.1038]. Recommendation = [0.0, 0.6750, 0.4837], Current Cost = 34145.00, Rho = 0.387
(iter 117) [0.0, 0.7313, 0.5903] = 455.9209, sampling [1.0, -0.2920, -0.5302]. Recommendation = [0.0, 0.6750, 0.4837], Current Cost = 34146.00, Rho = 0.387
(iter 117) [0.0, 0.7313, 0.5903] = 455.9209, sampling [0.0, 0.0070, 0.8571]. Recommendation = [0.0, 0.6750, 0.4837], Current Cost = 34147.00, Rho = 0.387
(iter 117) [0.0, 0.7313, 0.5903] = 455.9209, sampling [0.0, -0.2586, 0.2447]. Recommendation = [0.0, 0.6750, 0.4837], Current Cost = 35147.00, Rho = 0.387
(iter 117) [0.0, 0.7313, 0.5903] = 455.9209, sampling [0.0, -0.0807, -0.2850]. Recommendation = [0.0, 0.6750, 0.4837], Current Cost = 36147.00, Rho = 0.387
(iter 117) [0.0, 0.7313, 0.5903] = 455.9209, sampling [0.0, -0.1727, -0.0377]. Recommendation = [0.0, 0.6750, 0.4837], Current Cost = 37147.00, Rho = 0.387
(iter 117) [0.0, 0.7313, 0.5903] = 455.9209, sampling [0.0, -0.1481, 0.1168]. Recommendation = [0.0, 0.6750, 0.4837], Current Cost = 38147.00, Rho = 0.387
(iter 117) [0.0, 0.7313, 0.5903] = 455.9209, sampling [0.0, 0.6242, 0.6596]. Recommendation = [0.0, 0.6750, 0.4837], Current Cost = 39147.00, Rho = 0.387
(iter 117) [0.0, 0.7313, 0.5903] = 455.9209, sampling [0.0, 1.1404, 1.5095]. Recommendation = [0.0, 0.6750, 0.4837], Current Cost = 40147.00, Rho = 0.387
(iter 117) [0.0, 0.7313, 0.5903] = 455.9209, sampling [0.0, -0.4675, -0.0902]. Recommendation = [0.0, 0.6750, 0.4837], Current Cost = 41147.00, Rho = 0.387
(iter 117) [0.0, 0.7313, 0.5903] = 455.9209, sampling [1.0, -0.7098, -0.1652]. Recommendation = [0.0, 0.6750, 0.4837], Current Cost = 42147.00, Rho = 0.387
(iter 117) [0.0, 0.7313, 0.5903] = 455.9209, sampling [1.0, -0.3987, -0.5466]. Recommendation = [0.0, 0.6750, 0.4837], Current Cost = 42148.00, Rho = 0.387
(iter 117) [0.0, 0.7313, 0.5903] = 455.9209, sampling [1.0, -0.7026, 0.0230]. Recommendation = [0.0, 0.6750, 0.4837], Current Cost = 42149.00, Rho = 0.387
(iter 117) [0.0, 0.7313, 0.5903] = 455.9209, sampling [1.0, -0.7602, 0.1982]. Recommendation = [0.0, 0.6750, 0.4837], Current Cost = 42150.00, Rho = 0.387
(iter 117) [0.0, 0.7313, 0.5903] = 455.9209, sampling [1.0, -0.2550, -0.5078]. Recommendation = [0.0, 0.6750, 0.4837], Current Cost = 42151.00, Rho = 0.387
(iter 117) [0.0, 0.7313, 0.5903] = 455.9209, sampling [0.0, -0.5803, 0.2531]. Recommendation = [0.0, 0.6750, 0.4837], Current Cost = 42152.00, Rho = 0.387
(iter 117) [0.0, 0.7313, 0.5903] = 455.9209, sampling [1.0, -0.8315, 0.4673]. Recommendation = [0.0, 0.6750, 0.4837], Current Cost = 43152.00, Rho = 0.387
(iter 117) [0.0, 0.7313, 0.5903] = 455.9209, sampling [0.0, -0.5269, 0.0319]. Recommendation = [0.0, 0.6750, 0.4837], Current Cost = 43153.00, Rho = 0.387
(iter 117) [0.0, 0.7313, 0.5903] = 455.9209, sampling [0.0, -0.6699, 0.5367]. Recommendation = [0.0, 0.6750, 0.4837], Current Cost = 44153.00, Rho = 0.387
(iter 117) [0.0, 0.7313, 0.5903] = 455.9209, sampling [0.0, -0.5906, 0.7161]. Recommendation = [0.0, 0.6750, 0.4837], Current Cost = 45153.00, Rho = 0.387
(iter 117) [0.0, 0.7313, 0.5903] = 455.9209, sampling [0.0, 1.5116, 1.8426]. Recommendation = [0.0, 0.6750, 0.4837], Current Cost = 46153.00, Rho = 0.387
(iter 117) [0.0, 0.7313, 0.5903] = 455.9209, sampling [0.0, -0.3894, -0.3742]. Recommendation = [0.0, 0.6750, 0.4837], Current Cost = 47153.00, Rho = 0.387
(iter 117) [0.0, 0.7313, 0.5903] = 455.9209, sampling [1.0, 0.0932, -1.0447]. Recommendation = [0.0, 0.6750, 0.4837], Current Cost = 48153.00, Rho = 0.387
(iter 117) [0.0, 0.7313, 0.5903] = 455.9209, sampling [1.0, 0.2578, -0.7003]. Recommendation = [0.0, 0.6750, 0.4837], Current Cost = 48154.00, Rho = 0.387
(iter 117) [0.0, 0.7313, 0.5903] = 455.9209, sampling [0.0, 0.8000, 0.4915]. Recommendation = [0.0, 0.6750, 0.4837], Current Cost = 48155.00, Rho = 0.387
(iter 117) [0.0, 0.7313, 0.5903] = 455.9209, sampling [0.0, 0.2531, -0.3893]. Recommendation = [0.0, 0.6750, 0.4837], Current Cost = 49155.00, Rho = 0.387
(iter 117) [0.0, 0.7313, 0.5903] = 455.9209, sampling [1.0, 0.5714, -0.6878]. Recommendation = [0.0, 0.6750, 0.4837], Current Cost = 50155.00, Rho = 0.387
(iter 117) [0.0, 0.7313, 0.5903] = 455.9209, sampling [0.0, 0.6695, 1.0813]. Recommendation = [0.0, 0.6750, 0.4837], Current Cost = 50156.00, Rho = 0.387
(iter 117) [0.0, 0.7313, 0.5903] = 455.9209, sampling [0.0, -0.0254, -0.1351]. Recommendation = [0.0, 0.6750, 0.4837], Current Cost = 51156.00, Rho = 0.387
(iter 117) [0.0, 0.7313, 0.5903] = 455.9209, sampling [1.0, 0.7834, -0.4169]. Recommendation = [0.0, 0.6750, 0.4837], Current Cost = 52156.00, Rho = 0.387
(iter 117) [0.0, 0.7313, 0.5903] = 455.9209, sampling [0.0, 1.0513, 1.8237]. Recommendation = [0.0, 0.6750, 0.4837], Current Cost = 52157.00, Rho = 0.387
(iter 117) [0.0, 0.7313, 0.5903] = 455.9209, sampling [0.0, 0.6750, 0.4837]. Recommendation = [0.0, 0.6750, 0.4837], Current Cost = 53157.00, Rho = 0.387
(iter 210) [0.0, 0.6750, 0.4837] = 456.1151, sampling [0.0, -0.1913, -0.4141]. Recommendation = [0.0, 0.6750, 0.4837], Current Cost = 54157.00, Rho = 0.387
(iter 210) [0.0, 0.6750, 0.4837] = 456.1151, sampling [0.0, 0.9446, 0.9860]. Recommendation = [0.0, 0.6750, 0.4837], Current Cost = 55157.00, Rho = 0.387
(iter 210) [0.0, 0.6750, 0.4837] = 456.1151, sampling [0.0, -0.3493, 0.2874]. Recommendation = [0.0, 0.6750, 0.4837], Current Cost = 56157.00, Rho = 0.387
(iter 210) [0.0, 0.6750, 0.4837] = 456.1151, sampling [0.0, 0.3442, -0.2615]. Recommendation = [0.0, 0.6750, 0.4837], Current Cost = 57157.00, Rho = 0.387
(iter 210) [0.0, 0.6750, 0.4837] = 456.1151, sampling [0.0, -0.7695, 0.3510]. Recommendation = [0.0, 0.6750, 0.4837], Current Cost = 58157.00, Rho = 0.387
(iter 210) [0.0, 0.6750, 0.4837] = 456.1151, sampling [1.0, -0.7863, 0.1796]. Recommendation = [0.0, 0.6750, 0.4837], Current Cost = 59157.00, Rho = 0.387
(iter 210) [0.0, 0.6750, 0.4837] = 456.1151, sampling [1.0, -0.9034, 0.1744]. Recommendation = [0.0, 0.6750, 0.4837], Current Cost = 59158.00, Rho = 0.387
(iter 210) [0.0, 0.6750, 0.4837] = 456.1151, sampling [1.0, -0.8086, -0.0965]. Recommendation = [0.0, 0.6750, 0.4837], Current Cost = 59159.00, Rho = 0.387
(iter 210) [0.0, 0.6750, 0.4837] = 456.1151, sampling [0.0, 0.0349, -0.2908]. Recommendation = [0.0, 0.6750, 0.4837], Current Cost = 59160.00, Rho = 0.387
(iter 210) [0.0, 0.6750, 0.4837] = 456.1151, sampling [0.0, 0.9944, 1.4798]. Recommendation = [0.0, 0.6750, 0.4837], Current Cost = 60160.00, Rho = 0.387
(iter 210) [0.0, 0.6750, 0.4837] = 456.1151, sampling [0.0, 1.3353, 1.1293]. Recommendation = [0.0, 0.6750, 0.4837], Current Cost = 61160.00, Rho = 0.387
(iter 210) [0.0, 0.6750, 0.4837] = 456.1151, sampling [0.0, -0.7221, 0.1038]. Recommendation = [0.0, 0.6750, 0.4837], Current Cost = 62160.00, Rho = 0.387
(iter 210) [0.0, 0.6750, 0.4837] = 456.1151, sampling [0.0, -0.7336, 0.7899]. Recommendation = [0.0, 0.6750, 0.4837], Current Cost = 63160.00, Rho = 0.387
(iter 210) [0.0, 0.6750, 0.4837] = 456.1151, sampling [1.0, -1.0692, 0.9491]. Recommendation = [0.0, 0.6750, 0.4837], Current Cost = 64160.00, Rho = 0.387
(iter 210) [0.0, 0.6750, 0.4837] = 456.1151, sampling [0.0, -0.4541, 0.7935]. Recommendation = [0.0, 0.6750, 0.4837], Current Cost = 64161.00, Rho = 0.387
(iter 210) [0.0, 0.6750, 0.4837] = 456.1151, sampling [0.0, 0.1233, 0.4482]. Recommendation = [0.0, 0.6750, 0.4837], Current Cost = 65161.00, Rho = 0.387
(iter 210) [0.0, 0.6750, 0.4837] = 456.1151, sampling [0.0, -0.8315, 0.4673]. Recommendation = [0.0, 0.6750, 0.4837], Current Cost = 66161.00, Rho = 0.387
(iter 210) [0.0, 0.6750, 0.4837] = 456.1151, sampling [0.0, 1.2805, 1.5932]. Recommendation = [0.0, 0.6750, 0.4837], Current Cost = 67161.00, Rho = 0.387
(iter 210) [0.0, 0.6750, 0.4837] = 456.1151, sampling [0.0, 0.9027, 0.1062]. Recommendation = [0.0, 0.6750, 0.4837], Current Cost = 68161.00, Rho = 0.387
(iter 210) [0.0, 0.6750, 0.4837] = 456.1151, sampling [1.0, 1.3074, 0.3661]. Recommendation = [0.0, 0.6750, 0.4837], Current Cost = 69161.00, Rho = 0.387
(iter 210) [0.0, 0.6750, 0.4837] = 456.1151, sampling [0.0, 1.0302, 0.5752]. Recommendation = [0.0, 0.6750, 0.4837], Current Cost = 69162.00, Rho = 0.387
(iter 210) [0.0, 0.6750, 0.4837] = 456.1151, sampling [1.0, 1.2587, 0.6506]. Recommendation = [0.0, 0.6750, 0.4837], Current Cost = 70162.00, Rho = 0.387
(iter 210) [0.0, 0.6750, 0.4837] = 456.1151, sampling [0.0, 0.4074, 0.0840]. Recommendation = [0.0, 0.6750, 0.4837], Current Cost = 70163.00, Rho = 0.387
(iter 210) [0.0, 0.6750, 0.4837] = 456.1151, sampling [0.0, -0.2455, 0.3204]. Recommendation = [0.0, 0.6750, 0.4837], Current Cost = 71163.00, Rho = 0.387
(iter 210) [0.0, 0.6750, 0.4837] = 456.1151, sampling [0.0, 0.4929, -0.2201]. Recommendation = [0.0, 0.6750, 0.4837], Current Cost = 72163.00, Rho = 0.387
(iter 210) [0.0, 0.6750, 0.4837] = 456.1151, sampling [0.0, 0.1635, 0.6393]. Recommendation = [0.0, 0.6750, 0.4837], Current Cost = 73163.00, Rho = 0.387
(iter 210) [0.0, 0.6750, 0.4837] = 456.1151, sampling [0.0, -0.6004, 0.2884]. Recommendation = [0.0, 0.6750, 0.4837], Current Cost = 74163.00, Rho = 0.387
(iter 210) [0.0, 0.6750, 0.4837] = 456.1151, sampling [0.0, -0.9145, 1.1507]. Recommendation = [0.0, 0.6750, 0.4837], Current Cost = 75163.00, Rho = 0.387
(iter 210) [0.0, 0.6750, 0.4837] = 456.1151, sampling [1.0, -0.9145, 1.1507]. Recommendation = [0.0, 0.6750, 0.4837], Current Cost = 76163.00, Rho = 0.387
(iter 210) [0.0, 0.6750, 0.4837] = 456.1151, sampling [1.0, -0.9797, 1.1763]. Recommendation = [0.0, 0.6750, 0.4837], Current Cost = 76164.00, Rho = 0.387
(iter 210) [0.0, 0.6750, 0.4837] = 456.1151, sampling [1.0, -0.9666, 1.2456]. Recommendation = [0.0, 0.6750, 0.4837], Current Cost = 76165.00, Rho = 0.387
(iter 210) [0.0, 0.6750, 0.4837] = 456.1151, sampling [1.0, -1.0773, 1.2494]. Recommendation = [0.0, 0.6750, 0.4837], Current Cost = 76166.00, Rho = 0.387
(iter 210) [0.0, 0.6750, 0.4837] = 456.1151, sampling [1.0, -0.9989, 1.2105]. Recommendation = [0.0, 0.6750, 0.4837], Current Cost = 76167.00, Rho = 0.387
(iter 210) [0.0, 0.6750, 0.4837] = 456.1151, sampling [1.0, -1.0583, 1.4536]. Recommendation = [0.0, 0.6750, 0.4837], Current Cost = 76168.00, Rho = 0.387
(iter 210) [0.0, 0.6750, 0.4837] = 456.1151, sampling [1.0, -1.2099, 1.0964]. Recommendation = [0.0, 0.6750, 0.4837], Current Cost = 76169.00, Rho = 0.387
(iter 210) [0.0, 0.6750, 0.4837] = 456.1151, sampling [1.0, -1.1038, 1.3022]. Recommendation = [0.0, 0.6750, 0.4837], Current Cost = 76170.00, Rho = 0.387
(iter 210) [0.0, 0.6750, 0.4837] = 456.1151, sampling [0.0, -1.0692, 0.9491]. Recommendation = [0.0, 0.6750, 0.4837], Current Cost = 76171.00, Rho = 0.387
(iter 210) [0.0, 0.6750, 0.4837] = 456.1151, sampling [1.0, -1.2351, 1.2605]. Recommendation = [0.0, 0.6750, 0.4837], Current Cost = 77171.00, Rho = 0.387
(iter 210) [0.0, 0.6750, 0.4837] = 456.1151, sampling [1.0, -1.2692, 0.8735]. Recommendation = [0.0, 0.6750, 0.4837], Current Cost = 77172.00, Rho = 0.387
(iter 210) [0.0, 0.6750, 0.4837] = 456.1151, sampling [0.0, -0.6736, 0.9582]. Recommendation = [0.0, 0.6750, 0.4837], Current Cost = 77173.00, Rho = 0.387
(iter 210) [0.0, 0.6750, 0.4837] = 456.1151, sampling [0.0, -1.1038, 1.3022]. Recommendation = [0.0, 0.6750, 0.4837], Current Cost = 78173.00, Rho = 0.387
(iter 210) [0.0, 0.6750, 0.4837] = 456.1151, sampling [1.0, -1.2286, 1.3539]. Recommendation = [0.0, 0.6750, 0.4837], Current Cost = 79173.00, Rho = 0.387
(iter 210) [0.0, 0.6750, 0.4837] = 456.1151, sampling [1.0, -1.2909, 1.1939]. Recommendation = [0.0, 0.6750, 0.4837], Current Cost = 79174.00, Rho = 0.387
(iter 210) [0.0, 0.6750, 0.4837] = 456.1151, sampling [1.0, -1.2038, 1.5515]. Recommendation = [0.0, 0.6750, 0.4837], Current Cost = 79175.00, Rho = 0.387
(iter 210) [0.0, 0.6750, 0.4837] = 456.1151, sampling [1.0, -1.0802, 1.4962]. Recommendation = [0.0, 0.6750, 0.4837], Current Cost = 79176.00, Rho = 0.387
(iter 210) [0.0, 0.6750, 0.4837] = 456.1151, sampling [1.0, -1.2528, 1.1226]. Recommendation = [0.0, 0.6750, 0.4837], Current Cost = 79177.00, Rho = 0.387
(iter 210) [0.0, 0.6750, 0.4837] = 456.1151, sampling [1.0, -1.3569, 1.5147]. Recommendation = [0.0, 0.6750, 0.4837], Current Cost = 79178.00, Rho = 0.387
(iter 210) [0.0, 0.6750, 0.4837] = 456.1151, sampling [1.0, -1.1439, 1.6575]. Recommendation = [0.0, 0.6750, 0.4837], Current Cost = 79179.00, Rho = 0.387
(iter 210) [0.0, 0.6750, 0.4837] = 456.1151, sampling [1.0, -0.9292, 1.6652]. Recommendation = [0.0, 0.6750, 0.4837], Current Cost = 79180.00, Rho = 0.387
(iter 210) [0.0, 0.6750, 0.4837] = 456.1151, sampling [0.0, -0.9989, 1.2105]. Recommendation = [0.0, 0.6750, 0.4837], Current Cost = 79181.00, Rho = 0.387
(iter 210) [0.0, 0.6750, 0.4837] = 456.1151, sampling [0.0, -1.2038, 1.5515]. Recommendation = [0.0, 0.6750, 0.4837], Current Cost = 80181.00, Rho = 0.387
(iter 210) [0.0, 0.6750, 0.4837] = 456.1151, sampling [1.0, -1.3169, 1.6203]. Recommendation = [0.0, 0.6750, 0.4837], Current Cost = 81181.00, Rho = 0.387
(iter 210) [0.0, 0.6750, 0.4837] = 456.1151, sampling [1.0, -1.1993, 1.7815]. Recommendation = [0.0, 0.6750, 0.4837], Current Cost = 81182.00, Rho = 0.387
(iter 210) [0.0, 0.6750, 0.4837] = 456.1151, sampling [1.0, -1.4416, 1.7151]. Recommendation = [0.0, 0.6750, 0.4837], Current Cost = 81183.00, Rho = 0.387
(iter 210) [0.0, 0.6750, 0.4837] = 456.1151, sampling [1.0, -1.2753, 1.8367]. Recommendation = [0.0, 0.6750, 0.4837], Current Cost = 81184.00, Rho = 0.387
(iter 210) [0.0, 0.6750, 0.4837] = 456.1151, sampling [1.0, -1.5461, 1.3396]. Recommendation = [0.0, 0.6750, 0.4837], Current Cost = 81185.00, Rho = 0.387
(iter 210) [0.0, 0.6750, 0.4837] = 456.1151, sampling [0.0, -1.0583, 1.4536]. Recommendation = [0.0, 0.6750, 0.4837], Current Cost = 81186.00, Rho = 0.387
(iter 210) [0.0, 0.6750, 0.4837] = 456.1151, sampling [1.0, -1.3358, 1.9807]. Recommendation = [0.0, 0.6750, 0.4837], Current Cost = 82186.00, Rho = 0.387
(iter 210) [0.0, 0.6750, 0.4837] = 456.1151, sampling [1.0, -0.9041, 1.7524]. Recommendation = [0.0, 0.6750, 0.4837], Current Cost = 82187.00, Rho = 0.387
(iter 210) [0.0, 0.6750, 0.4837] = 456.1151, sampling [1.0, -1.4187, 1.8111]. Recommendation = [0.0, 0.6750, 0.4837], Current Cost = 82188.00, Rho = 0.387
(iter 210) [0.0, 0.6750, 0.4837] = 456.1151, sampling [0.0, -1.2286, 1.3539]. Recommendation = [0.0, 0.6750, 0.4837], Current Cost = 82189.00, Rho = 0.387
(iter 210) [0.0, 0.6750, 0.4837] = 456.1151, sampling [0.0, -1.2753, 1.8367]. Recommendation = [0.0, 0.6750, 0.4837], Current Cost = 83189.00, Rho = 0.387
(iter 210) [0.0, 0.6750, 0.4837] = 456.1151, sampling [1.0, -1.5329, 1.8948]. Recommendation = [0.0, 0.6750, 0.4837], Current Cost = 84189.00, Rho = 0.387
(iter 210) [0.0, 0.6750, 0.4837] = 456.1151, sampling [1.0, -1.6641, 1.8042]. Recommendation = [0.0, 0.6750, 0.4837], Current Cost = 84190.00, Rho = 0.387
(iter 210) [0.0, 0.6750, 0.4837] = 456.1151, sampling [0.0, -1.3169, 1.6203]. Recommendation = [0.0, 0.6750, 0.4837], Current Cost = 84191.00, Rho = 0.387
(iter 210) [0.0, 0.6750, 0.4837] = 456.1151, sampling [0.0, -1.1439, 1.6575]. Recommendation = [0.0, 0.6750, 0.4837], Current Cost = 85191.00, Rho = 0.387
(iter 210) [0.0, 0.6750, 0.4837] = 456.1151, sampling [0.0, -1.2099, 1.0964]. Recommendation = [0.0, 0.6750, 0.4837], Current Cost = 86191.00, Rho = 0.387
(iter 210) [0.0, 0.6750, 0.4837] = 456.1151, sampling [0.0, -1.4187, 1.8111]. Recommendation = [0.0, 0.6750, 0.4837], Current Cost = 87191.00, Rho = 0.387
(iter 210) [0.0, 0.6750, 0.4837] = 456.1151, sampling [1.0, -1.5970, 1.4641]. Recommendation = [0.0, 0.6750, 0.4837], Current Cost = 88191.00, Rho = 0.387
(iter 210) [0.0, 0.6750, 0.4837] = 456.1151, sampling [0.0, -1.3358, 1.9807]. Recommendation = [0.0, 0.6750, 0.4837], Current Cost = 88192.00, Rho = 0.387
(iter 210) [0.0, 0.6750, 0.4837] = 456.1151, sampling [0.0, -1.3569, 1.5147]. Recommendation = [0.0, 0.6750, 0.4837], Current Cost = 89192.00, Rho = 0.387
(iter 210) [0.0, 0.6750, 0.4837] = 456.1151, sampling [0.0, -0.8613, 1.2790]. Recommendation = [0.0, 0.6750, 0.4837], Current Cost = 90192.00, Rho = 0.387
(iter 210) [0.0, 0.6750, 0.4837] = 456.1151, sampling [0.0, -1.2351, 1.2605]. Recommendation = [0.0, 0.6750, 0.4837], Current Cost = 91192.00, Rho = 0.387
(iter 210) [0.0, 0.6750, 0.4837] = 456.1151, sampling [0.0, -1.5329, 1.8948]. Recommendation = [0.0, 0.6750, 0.4837], Current Cost = 92192.00, Rho = 0.387
(iter 210) [0.0, 0.6750, 0.4837] = 456.1151, sampling [1.0, -1.8282, 1.9753]. Recommendation = [0.0, 0.6750, 0.4837], Current Cost = 93192.00, Rho = 0.387
(iter 210) [0.0, 0.6750, 0.4837] = 456.1151, sampling [0.0, -1.4416, 1.7151]. Recommendation = [0.0, 0.6750, 0.4837], Current Cost = 93193.00, Rho = 0.387
(iter 210) [0.0, 0.6750, 0.4837] = 456.1151, sampling [0.0, -1.1993, 1.7815]. Recommendation = [0.0, 0.6750, 0.4837], Current Cost = 94193.00, Rho = 0.387
(iter 210) [0.0, 0.6750, 0.4837] = 456.1151, sampling [0.0, 0.5015, 0.7401]. Recommendation = [0.0, 0.6750, 0.4837], Current Cost = 95193.00, Rho = 0.387
(iter 210) [0.0, 0.6750, 0.4837] = 456.1151, sampling [0.0, 0.7152, 0.9435]. Recommendation = [0.0, 0.6750, 0.4837], Current Cost = 96193.00, Rho = 0.387
(iter 210) [0.0, 0.6750, 0.4837] = 456.1151, sampling [0.0, -1.0773, 1.2494]. Recommendation = [0.0, 0.6750, 0.4837], Current Cost = 97193.00, Rho = 0.387
(iter 210) [0.0, 0.6750, 0.4837] = 456.1151, sampling [0.0, -0.0051, -0.1865]. Recommendation = [0.0, 0.6750, 0.4837], Current Cost = 98193.00, Rho = 0.387
(iter 210) [0.0, 0.6750, 0.4837] = 456.1151, sampling [0.0, 0.3028, -0.6738]. Recommendation = [0.0, 0.6750, 0.4837], Current Cost = 99193.00, Rho = 0.387
