(iter 10) [0.0, -0.1463, 0.3174] = 446.2244, sampling [1.0, -0.2169, 0.3854]. Recommendation = [0.0, -0.1463, 0.3174], Current Cost = 5005.00, Rho = 1.000
(iter 10) [0.0, -0.1463, 0.3174] = 446.2244, sampling [1.0, -0.0535, 0.3564]. Recommendation = [0.0, -0.1463, 0.3174], Current Cost = 5006.00, Rho = 1.000
(iter 10) [0.0, -0.1463, 0.3174] = 446.2244, sampling [1.0, -0.1586, 0.7159]. Recommendation = [0.0, -0.1463, 0.3174], Current Cost = 5007.00, Rho = 1.000
(iter 10) [0.0, -0.1463, 0.3174] = 446.2244, sampling [1.0, 0.0698, 0.5204]. Recommendation = [0.0, -0.1463, 0.3174], Current Cost = 5008.00, Rho = 1.000
(iter 10) [0.0, -0.1463, 0.3174] = 446.2244, sampling [1.0, -0.0256, 0.2542]. Recommendation = [0.0, -0.1463, 0.3174], Current Cost = 5009.00, Rho = 1.000
(iter 10) [0.0, -0.1463, 0.3174] = 446.2244, sampling [1.0, 0.0634, 0.3437]. Recommendation = [0.0, -0.0256, 0.2542], Current Cost = 5010.00, Rho = 1.000
(iter 10) [0.0, -0.1463, 0.3174] = 446.2244, sampling [1.0, 0.0559, 0.2404]. Recommendation = [0.0, -0.0256, 0.2542], Current Cost = 5011.00, Rho = 1.000
(iter 10) [0.0, -0.1463, 0.3174] = 446.2244, sampling [1.0, 0.1359, 0.1706]. Recommendation = [0.0, 0.0559, 0.2404], Current Cost = 5012.00, Rho = 1.000
(iter 10) [0.0, -0.1463, 0.3174] = 446.2244, sampling [1.0, 0.2062, 0.4040]. Recommendation = [0.0, 0.1359, 0.1706], Current Cost = 5013.00, Rho = 1.000
(iter 10) [0.0, -0.1463, 0.3174] = 446.2244, sampling [1.0, -0.1298, 0.0550]. Recommendation = [0.0, 0.1359, 0.1706], Current Cost = 5014.00, Rho = 1.000
(iter 10) [0.0, -0.1463, 0.3174] = 446.2244, sampling [1.0, -0.3620, 0.1655]. Recommendation = [0.0, -0.1298, 0.0550], Current Cost = 5015.00, Rho = 1.000
(iter 10) [0.0, -0.1463, 0.3174] = 446.2244, sampling [1.0, -0.2618, -0.0516]. Recommendation = [0.0, -0.1298, 0.0550], Current Cost = 5016.00, Rho = 1.000
(iter 10) [0.0, -0.1463, 0.3174] = 446.2244, sampling [1.0, -0.1708, -0.0884]. Recommendation = [0.0, -0.1298, 0.0550], Current Cost = 5017.00, Rho = 1.000
(iter 10) [0.0, -0.1463, 0.3174] = 446.2244, sampling [1.0, -0.4803, 0.1311]. Recommendation = [0.0, -0.1298, 0.0550], Current Cost = 5018.00, Rho = 1.000
(iter 10) [0.0, -0.1463, 0.3174] = 446.2244, sampling [1.0, -0.5729, 0.3717]. Recommendation = [0.0, -0.1298, 0.0550], Current Cost = 5019.00, Rho = 1.000
(iter 10) [0.0, -0.1463, 0.3174] = 446.2244, sampling [1.0, -0.6073, 0.1879]. Recommendation = [0.0, -0.1298, 0.0550], Current Cost = 5020.00, Rho = 1.000
(iter 10) [0.0, -0.1463, 0.3174] = 446.2244, sampling [1.0, -0.4206, -0.0754]. Recommendation = [0.0, -0.1298, 0.0550], Current Cost = 5021.00, Rho = 1.000
(iter 10) [0.0, -0.1463, 0.3174] = 446.2244, sampling [1.0, -0.5377, -0.0318]. Recommendation = [0.0, -0.1298, 0.0550], Current Cost = 5022.00, Rho = 1.000
(iter 10) [0.0, -0.1463, 0.3174] = 446.2244, sampling [1.0, -0.6875, 0.3985]. Recommendation = [0.0, -0.1298, 0.0550], Current Cost = 5023.00, Rho = 1.000
(iter 10) [0.0, -0.1463, 0.3174] = 446.2244, sampling [1.0, -0.6251, 0.0793]. Recommendation = [0.0, -0.1298, 0.0550], Current Cost = 5024.00, Rho = 1.000
(iter 10) [0.0, -0.1463, 0.3174] = 446.2244, sampling [1.0, 0.3264, 0.0605]. Recommendation = [0.0, -0.1298, 0.0550], Current Cost = 5025.00, Rho = 1.000
(iter 10) [0.0, -0.1463, 0.3174] = 446.2244, sampling [1.0, 0.3082, -0.0658]. Recommendation = [0.0, 0.3264, 0.0605], Current Cost = 5026.00, Rho = 1.000
(iter 10) [0.0, -0.1463, 0.3174] = 446.2244, sampling [1.0, -0.0117, -0.2194]. Recommendation = [0.0, 0.3264, 0.0605], Current Cost = 5027.00, Rho = 1.000
(iter 10) [0.0, -0.1463, 0.3174] = 446.2244, sampling [1.0, -0.1389, -0.1412]. Recommendation = [0.0, 0.3264, 0.0605], Current Cost = 5028.00, Rho = 1.000
(iter 10) [0.0, -0.1463, 0.3174] = 446.2244, sampling [1.0, 0.5226, 0.2995]. Recommendation = [0.0, 0.3264, 0.0605], Current Cost = 5029.00, Rho = 1.000
(iter 10) [0.0, -0.1463, 0.3174] = 446.2244, sampling [1.0, 0.4774, 0.4190]. Recommendation = [0.0, 0.5226, 0.2995], Current Cost = 5030.00, Rho = 1.000
(iter 10) [0.0, -0.1463, 0.3174] = 446.2244, sampling [1.0, 0.6759, 0.2306]. Recommendation = [0.0, 0.5226, 0.2995], Current Cost = 5031.00, Rho = 1.000
(iter 10) [0.0, -0.1463, 0.3174] = 446.2244, sampling [1.0, 0.6091, 0.5904]. Recommendation = [0.0, 0.5226, 0.2995], Current Cost = 5032.00, Rho = 1.000
(iter 10) [0.0, -0.1463, 0.3174] = 446.2244, sampling [1.0, 0.4215, 0.7000]. Recommendation = [0.0, 0.5226, 0.2995], Current Cost = 5033.00, Rho = 1.000
(iter 10) [0.0, -0.1463, 0.3174] = 446.2244, sampling [1.0, 0.7600, 0.4147]. Recommendation = [0.0, 0.5226, 0.2995], Current Cost = 5034.00, Rho = 1.000
(iter 10) [0.0, -0.1463, 0.3174] = 446.2244, sampling [1.0, 0.7421, 0.3292]. Recommendation = [0.0, 0.5226, 0.2995], Current Cost = 5035.00, Rho = 1.000
(iter 10) [0.0, -0.1463, 0.3174] = 446.2244, sampling [1.0, 0.7833, 0.5990]. Recommendation = [0.0, 0.5226, 0.2995], Current Cost = 5036.00, Rho = 1.000
(iter 10) [0.0, -0.1463, 0.3174] = 446.2244, sampling [1.0, 0.8627, 0.5150]. Recommendation = [0.0, 0.5226, 0.2995], Current Cost = 5037.00, Rho = 1.000
(iter 10) [0.0, -0.1463, 0.3174] = 446.2244, sampling [1.0, 0.8276, 0.5831]. Recommendation = [0.0, 0.5226, 0.2995], Current Cost = 5038.00, Rho = 1.000
(iter 10) [0.0, -0.1463, 0.3174] = 446.2244, sampling [1.0, 0.8689, 0.2134]. Recommendation = [0.0, 0.5226, 0.2995], Current Cost = 5039.00, Rho = 1.000
(iter 10) [0.0, -0.1463, 0.3174] = 446.2244, sampling [1.0, 0.2142, -0.2889]. Recommendation = [0.0, 0.5226, 0.2995], Current Cost = 5040.00, Rho = 1.000
(iter 10) [0.0, -0.1463, 0.3174] = 446.2244, sampling [1.0, 0.4899, -0.2368]. Recommendation = [0.0, 0.5226, 0.2995], Current Cost = 5041.00, Rho = 1.000
(iter 10) [0.0, -0.1463, 0.3174] = 446.2244, sampling [1.0, -0.7497, 0.4787]. Recommendation = [0.0, 0.5226, 0.2995], Current Cost = 5042.00, Rho = 1.000
(iter 10) [0.0, -0.1463, 0.3174] = 446.2244, sampling [1.0, -0.6387, 0.7494]. Recommendation = [0.0, 0.5226, 0.2995], Current Cost = 5043.00, Rho = 1.000
(iter 10) [0.0, -0.1463, 0.3174] = 446.2244, sampling [1.0, -0.4691, 0.7648]. Recommendation = [0.0, 0.5226, 0.2995], Current Cost = 5044.00, Rho = 1.000
(iter 10) [0.0, -0.1463, 0.3174] = 446.2244, sampling [1.0, 0.9141, 0.6197]. Recommendation = [0.0, 0.5226, 0.2995], Current Cost = 5045.00, Rho = 1.000
(iter 10) [0.0, -0.1463, 0.3174] = 446.2244, sampling [1.0, 1.0034, 0.5104]. Recommendation = [0.0, 0.5226, 0.2995], Current Cost = 5046.00, Rho = 1.000
(iter 10) [0.0, -0.1463, 0.3174] = 446.2244, sampling [1.0, 0.7956, 0.0157]. Recommendation = [0.0, 0.5226, 0.2995], Current Cost = 5047.00, Rho = 1.000
(iter 10) [0.0, -0.1463, 0.3174] = 446.2244, sampling [1.0, 0.1793, 0.6374]. Recommendation = [0.0, 0.5226, 0.2995], Current Cost = 5048.00, Rho = 1.000
(iter 10) [0.0, -0.1463, 0.3174] = 446.2244, sampling [1.0, -0.6720, 0.1231]. Recommendation = [0.0, 0.5226, 0.2995], Current Cost = 5049.00, Rho = 1.000
(iter 10) [0.0, -0.1463, 0.3174] = 446.2244, sampling [1.0, 0.9090, 0.8489]. Recommendation = [0.0, 0.5226, 0.2995], Current Cost = 5050.00, Rho = 1.000
(iter 10) [0.0, -0.1463, 0.3174] = 446.2244, sampling [1.0, 0.7199, 0.9661]. Recommendation = [0.0, 0.5226, 0.2995], Current Cost = 5051.00, Rho = 1.000
(iter 10) [0.0, -0.1463, 0.3174] = 446.2244, sampling [1.0, 0.9640, 0.6840]. Recommendation = [0.0, 0.5226, 0.2995], Current Cost = 5052.00, Rho = 1.000
(iter 10) [0.0, -0.1463, 0.3174] = 446.2244, sampling [1.0, 0.9567, 0.8432]. Recommendation = [0.0, 0.5226, 0.2995], Current Cost = 5053.00, Rho = 1.000
(iter 10) [0.0, -0.1463, 0.3174] = 446.2244, sampling [1.0, 0.2766, 0.9285]. Recommendation = [0.0, 0.5226, 0.2995], Current Cost = 5054.00, Rho = 1.000
(iter 10) [0.0, -0.1463, 0.3174] = 446.2244, sampling [1.0, 1.0084, 0.9087]. Recommendation = [0.0, 0.5226, 0.2995], Current Cost = 5055.00, Rho = 1.000
(iter 10) [0.0, -0.1463, 0.3174] = 446.2244, sampling [1.0, 1.1403, 0.8571]. Recommendation = [0.0, 0.5226, 0.2995], Current Cost = 5056.00, Rho = 1.000
(iter 10) [0.0, -0.1463, 0.3174] = 446.2244, sampling [1.0, -0.0404, -0.3495]. Recommendation = [0.0, 0.5226, 0.2995], Current Cost = 5057.00, Rho = 1.000
(iter 10) [0.0, -0.1463, 0.3174] = 446.2244, sampling [1.0, -0.3134, -0.3266]. Recommendation = [0.0, 0.5226, 0.2995], Current Cost = 5058.00, Rho = 1.000
(iter 10) [0.0, -0.1463, 0.3174] = 446.2244, sampling [1.0, -0.9160, 0.6078]. Recommendation = [0.0, 0.5226, 0.2995], Current Cost = 5059.00, Rho = 1.000
(iter 10) [0.0, -0.1463, 0.3174] = 446.2244, sampling [1.0, -0.8990, 0.6720]. Recommendation = [0.0, 0.5226, 0.2995], Current Cost = 5060.00, Rho = 1.000
(iter 10) [0.0, -0.1463, 0.3174] = 446.2244, sampling [1.0, -0.7627, 0.0242]. Recommendation = [0.0, 0.5226, 0.2995], Current Cost = 5061.00, Rho = 1.000
(iter 10) [0.0, -0.1463, 0.3174] = 446.2244, sampling [1.0, 0.4714, 0.7807]. Recommendation = [0.0, 0.5226, 0.2995], Current Cost = 5062.00, Rho = 1.000
(iter 10) [0.0, -0.1463, 0.3174] = 446.2244, sampling [1.0, 1.0961, 0.5395]. Recommendation = [0.0, 0.5226, 0.2995], Current Cost = 5063.00, Rho = 1.000
(iter 10) [0.0, -0.1463, 0.3174] = 446.2244, sampling [1.0, -0.9296, 0.8719]. Recommendation = [0.0, 0.5226, 0.2995], Current Cost = 5064.00, Rho = 1.000
(iter 10) [0.0, -0.1463, 0.3174] = 446.2244, sampling [1.0, -0.8361, 1.0818]. Recommendation = [0.0, 0.5226, 0.2995], Current Cost = 5065.00, Rho = 1.000
(iter 10) [0.0, -0.1463, 0.3174] = 446.2244, sampling [1.0, -0.6139, 1.2024]. Recommendation = [0.0, 0.5226, 0.2995], Current Cost = 5066.00, Rho = 1.000
(iter 10) [0.0, -0.1463, 0.3174] = 446.2244, sampling [1.0, -0.4607, 0.9279]. Recommendation = [0.0, 0.5226, 0.2995], Current Cost = 5067.00, Rho = 1.000
(iter 10) [0.0, -0.1463, 0.3174] = 446.2244, sampling [1.0, 0.6801, 1.1156]. Recommendation = [0.0, 0.5226, 0.2995], Current Cost = 5068.00, Rho = 1.000
(iter 10) [0.0, -0.1463, 0.3174] = 446.2244, sampling [1.0, 0.6930, -0.1888]. Recommendation = [0.0, 0.5226, 0.2995], Current Cost = 5069.00, Rho = 1.000
(iter 10) [0.0, -0.1463, 0.3174] = 446.2244, sampling [1.0, 0.4388, -0.2996]. Recommendation = [0.0, 0.5226, 0.2995], Current Cost = 5070.00, Rho = 1.000
(iter 10) [0.0, -0.1463, 0.3174] = 446.2244, sampling [1.0, -0.9869, 0.1937]. Recommendation = [0.0, 0.5226, 0.2995], Current Cost = 5071.00, Rho = 1.000
(iter 10) [0.0, -0.1463, 0.3174] = 446.2244, sampling [1.0, 0.1204, -0.5004]. Recommendation = [0.0, 0.5226, 0.2995], Current Cost = 5072.00, Rho = 1.000
(iter 10) [0.0, -0.1463, 0.3174] = 446.2244, sampling [1.0, 0.3512, -0.4651]. Recommendation = [0.0, 0.5226, 0.2995], Current Cost = 5073.00, Rho = 1.000
(iter 10) [0.0, -0.1463, 0.3174] = 446.2244, sampling [1.0, -1.0208, 1.0704]. Recommendation = [0.0, 0.5226, 0.2995], Current Cost = 5074.00, Rho = 1.000
(iter 10) [0.0, -0.1463, 0.3174] = 446.2244, sampling [1.0, -1.1095, 0.8802]. Recommendation = [0.0, 0.5226, 0.2995], Current Cost = 5075.00, Rho = 1.000
(iter 10) [0.0, -0.1463, 0.3174] = 446.2244, sampling [1.0, -1.1192, 1.0229]. Recommendation = [0.0, 0.5226, 0.2995], Current Cost = 5076.00, Rho = 1.000
(iter 10) [0.0, -0.1463, 0.3174] = 446.2244, sampling [1.0, -1.1488, 1.1044]. Recommendation = [0.0, 0.5226, 0.2995], Current Cost = 5077.00, Rho = 1.000
(iter 10) [0.0, -0.1463, 0.3174] = 446.2244, sampling [1.0, -0.8265, 1.2559]. Recommendation = [0.0, 0.5226, 0.2995], Current Cost = 5078.00, Rho = 1.000
(iter 10) [0.0, -0.1463, 0.3174] = 446.2244, sampling [1.0, -1.1234, 1.3879]. Recommendation = [0.0, 0.5226, 0.2995], Current Cost = 5079.00, Rho = 1.000
(iter 10) [0.0, -0.1463, 0.3174] = 446.2244, sampling [1.0, -1.2559, 1.2998]. Recommendation = [0.0, 0.5226, 0.2995], Current Cost = 5080.00, Rho = 1.000
(iter 10) [0.0, -0.1463, 0.3174] = 446.2244, sampling [1.0, -1.1604, 1.3751]. Recommendation = [0.0, 0.5226, 0.2995], Current Cost = 5081.00, Rho = 1.000
(iter 10) [0.0, -0.1463, 0.3174] = 446.2244, sampling [1.0, -0.8781, 1.4971]. Recommendation = [0.0, 0.5226, 0.2995], Current Cost = 5082.00, Rho = 1.000
(iter 10) [0.0, -0.1463, 0.3174] = 446.2244, sampling [1.0, -1.2347, 1.5599]. Recommendation = [0.0, 0.5226, 0.2995], Current Cost = 5083.00, Rho = 1.000
(iter 10) [0.0, -0.1463, 0.3174] = 446.2244, sampling [1.0, -1.1285, 1.6402]. Recommendation = [0.0, 0.5226, 0.2995], Current Cost = 5084.00, Rho = 1.000
(iter 10) [0.0, -0.1463, 0.3174] = 446.2244, sampling [1.0, -1.3544, 1.5696]. Recommendation = [0.0, 0.5226, 0.2995], Current Cost = 5085.00, Rho = 1.000
(iter 10) [0.0, -0.1463, 0.3174] = 446.2244, sampling [1.0, -1.2451, 1.6187]. Recommendation = [0.0, 0.5226, 0.2995], Current Cost = 5086.00, Rho = 1.000
(iter 10) [0.0, -0.1463, 0.3174] = 446.2244, sampling [1.0, -1.2749, 1.6992]. Recommendation = [0.0, 0.5226, 0.2995], Current Cost = 5087.00, Rho = 1.000
(iter 10) [0.0, -0.1463, 0.3174] = 446.2244, sampling [1.0, -1.0548, 1.7235]. Recommendation = [0.0, 0.5226, 0.2995], Current Cost = 5088.00, Rho = 1.000
(iter 10) [0.0, -0.1463, 0.3174] = 446.2244, sampling [1.0, -1.5198, 1.7377]. Recommendation = [0.0, 0.5226, 0.2995], Current Cost = 5089.00, Rho = 1.000
(iter 10) [0.0, -0.1463, 0.3174] = 446.2244, sampling [1.0, -1.3665, 1.2149]. Recommendation = [0.0, 0.5226, 0.2995], Current Cost = 5090.00, Rho = 1.000
(iter 10) [0.0, -0.1463, 0.3174] = 446.2244, sampling [1.0, -1.3734, 1.9317]. Recommendation = [0.0, 0.5226, 0.2995], Current Cost = 5091.00, Rho = 1.000
(iter 10) [0.0, -0.1463, 0.3174] = 446.2244, sampling [1.0, -0.7758, 1.9473]. Recommendation = [0.0, 0.5226, 0.2995], Current Cost = 5092.00, Rho = 1.000
(iter 10) [0.0, -0.1463, 0.3174] = 446.2244, sampling [1.0, -0.7293, 0.0883]. Recommendation = [0.0, 0.5226, 0.2995], Current Cost = 5093.00, Rho = 1.000
(iter 10) [0.0, -0.1463, 0.3174] = 446.2244, sampling [1.0, 0.6529, 1.0028]. Recommendation = [0.0, 0.5226, 0.2995], Current Cost = 5094.00, Rho = 1.000
(iter 10) [0.0, -0.1463, 0.3174] = 446.2244, sampling [1.0, 0.9227, 1.2307]. Recommendation = [0.0, 0.5226, 0.2995], Current Cost = 5095.00, Rho = 1.000
(iter 10) [0.0, -0.1463, 0.3174] = 446.2244, sampling [1.0, 0.8478, 1.3300]. Recommendation = [0.0, 0.5226, 0.2995], Current Cost = 5096.00, Rho = 1.000
(iter 10) [0.0, -0.1463, 0.3174] = 446.2244, sampling [1.0, 1.2174, 0.9493]. Recommendation = [0.0, 0.5226, 0.2995], Current Cost = 5097.00, Rho = 1.000
(iter 10) [0.0, -0.1463, 0.3174] = 446.2244, sampling [1.0, 1.0425, 0.2046]. Recommendation = [0.0, 0.5226, 0.2995], Current Cost = 5098.00, Rho = 1.000
(iter 10) [0.0, -0.1463, 0.3174] = 446.2244, sampling [1.0, 0.5464, 1.3572]. Recommendation = [0.0, 0.5226, 0.2995], Current Cost = 5099.00, Rho = 1.000
(iter 10) [0.0, -0.1463, 0.3174] = 446.2244, sampling [1.0, -1.6165, 1.9259]. Recommendation = [0.0, 0.5226, 0.2995], Current Cost = 5100.00, Rho = 1.000
(iter 10) [0.0, -0.1463, 0.3174] = 446.2244, sampling [1.0, 1.2251, 1.1862]. Recommendation = [0.0, 0.5226, 0.2995], Current Cost = 5101.00, Rho = 1.000
(iter 10) [0.0, -0.1463, 0.3174] = 446.2244, sampling [1.0, 1.1532, 1.3468]. Recommendation = [0.0, 0.5226, 0.2995], Current Cost = 5102.00, Rho = 1.000
(iter 10) [0.0, -0.1463, 0.3174] = 446.2244, sampling [1.0, 1.2378, 1.2938]. Recommendation = [0.0, 0.5226, 0.2995], Current Cost = 5103.00, Rho = 1.000
(iter 10) [0.0, -0.1463, 0.3174] = 446.2244, sampling [1.0, 0.9414, 1.3225]. Recommendation = [0.0, 0.5226, 0.2995], Current Cost = 5104.00, Rho = 1.000
(iter 10) [0.0, -0.1463, 0.3174] = 446.2244, sampling [1.0, 0.9714, 1.4679]. Recommendation = [0.0, 0.5226, 0.2995], Current Cost = 5105.00, Rho = 1.000
(iter 10) [0.0, -0.1463, 0.3174] = 446.2244, sampling [1.0, 1.3149, 1.2690]. Recommendation = [0.0, 0.5226, 0.2995], Current Cost = 5106.00, Rho = 1.000
(iter 10) [0.0, -0.1463, 0.3174] = 446.2244, sampling [1.0, 1.2721, 0.6663]. Recommendation = [0.0, 0.5226, 0.2995], Current Cost = 5107.00, Rho = 1.000
(iter 10) [0.0, -0.1463, 0.3174] = 446.2244, sampling [1.0, -0.0033, -0.5644]. Recommendation = [0.0, 0.5226, 0.2995], Current Cost = 5108.00, Rho = 1.000
(iter 10) [0.0, -0.1463, 0.3174] = 446.2244, sampling [1.0, -0.1675, 0.9389]. Recommendation = [0.0, 0.5226, 0.2995], Current Cost = 5109.00, Rho = 1.000
(iter 10) [0.0, -0.1463, 0.3174] = 446.2244, sampling [1.0, -1.1019, 0.4984]. Recommendation = [0.0, 0.5226, 0.2995], Current Cost = 5110.00, Rho = 1.000
(iter 10) [0.0, -0.1463, 0.3174] = 446.2244, sampling [1.0, -1.1527, 0.8029]. Recommendation = [0.0, 0.5226, 0.2995], Current Cost = 5111.00, Rho = 1.000
(iter 10) [0.0, -0.1463, 0.3174] = 446.2244, sampling [1.0, -0.7890, -0.1148]. Recommendation = [0.0, 0.5226, 0.2995], Current Cost = 5112.00, Rho = 1.000
(iter 10) [0.0, -0.1463, 0.3174] = 446.2244, sampling [1.0, 0.3290, 0.7722]. Recommendation = [0.0, 0.5226, 0.2995], Current Cost = 5113.00, Rho = 1.000
(iter 10) [0.0, -0.1463, 0.3174] = 446.2244, sampling [1.0, 0.1933, -0.5584]. Recommendation = [0.0, 0.5226, 0.2995], Current Cost = 5114.00, Rho = 1.000
(iter 10) [0.0, -0.1463, 0.3174] = 446.2244, sampling [1.0, 0.1082, 0.6941]. Recommendation = [0.0, 0.5226, 0.2995], Current Cost = 5115.00, Rho = 1.000
(iter 10) [0.0, -0.1463, 0.3174] = 446.2244, sampling [1.0, -1.6932, 1.4293]. Recommendation = [0.0, 0.5226, 0.2995], Current Cost = 5116.00, Rho = 1.000
(iter 10) [0.0, -0.1463, 0.3174] = 446.2244, sampling [1.0, 0.1024, 0.5340]. Recommendation = [0.0, 0.5226, 0.2995], Current Cost = 5117.00, Rho = 1.000
(iter 10) [0.0, -0.1463, 0.3174] = 446.2244, sampling [1.0, 0.6399, -0.2853]. Recommendation = [0.0, 0.5226, 0.2995], Current Cost = 5118.00, Rho = 1.000
(iter 10) [0.0, -0.1463, 0.3174] = 446.2244, sampling [1.0, -0.3949, 0.8083]. Recommendation = [0.0, 0.5226, 0.2995], Current Cost = 5119.00, Rho = 1.000
(iter 10) [0.0, -0.1463, 0.3174] = 446.2244, sampling [1.0, 0.7735, -0.0830]. Recommendation = [0.0, 0.5226, 0.2995], Current Cost = 5120.00, Rho = 1.000
(iter 10) [0.0, -0.1463, 0.3174] = 446.2244, sampling [1.0, 1.3287, 1.4554]. Recommendation = [0.0, 0.5226, 0.2995], Current Cost = 5121.00, Rho = 1.000
(iter 10) [0.0, -0.1463, 0.3174] = 446.2244, sampling [1.0, 1.1284, 1.6839]. Recommendation = [0.0, 0.5226, 0.2995], Current Cost = 5122.00, Rho = 1.000
(iter 10) [0.0, -0.1463, 0.3174] = 446.2244, sampling [1.0, 1.3043, 1.6353]. Recommendation = [0.0, 0.5226, 0.2995], Current Cost = 5123.00, Rho = 1.000
(iter 10) [0.0, -0.1463, 0.3174] = 446.2244, sampling [1.0, 1.2715, 1.6799]. Recommendation = [0.0, 0.5226, 0.2995], Current Cost = 5124.00, Rho = 1.000
(iter 10) [0.0, -0.1463, 0.3174] = 446.2244, sampling [1.0, 1.2138, 1.7663]. Recommendation = [0.0, 0.5226, 0.2995], Current Cost = 5125.00, Rho = 1.000
(iter 10) [0.0, -0.1463, 0.3174] = 446.2244, sampling [1.0, 1.0485, 1.7947]. Recommendation = [0.0, 0.5226, 0.2995], Current Cost = 5126.00, Rho = 1.000
(iter 10) [0.0, -0.1463, 0.3174] = 446.2244, sampling [1.0, 1.3755, 1.5601]. Recommendation = [0.0, 0.5226, 0.2995], Current Cost = 5127.00, Rho = 1.000
(iter 10) [0.0, -0.1463, 0.3174] = 446.2244, sampling [1.0, 1.2594, 1.8130]. Recommendation = [0.0, 0.5226, 0.2995], Current Cost = 5128.00, Rho = 1.000
(iter 10) [0.0, -0.1463, 0.3174] = 446.2244, sampling [1.0, 1.1763, 1.8729]. Recommendation = [0.0, 0.5226, 0.2995], Current Cost = 5129.00, Rho = 1.000
(iter 10) [0.0, -0.1463, 0.3174] = 446.2244, sampling [1.0, 0.7626, 1.6019]. Recommendation = [0.0, 0.5226, 0.2995], Current Cost = 5130.00, Rho = 1.000
(iter 10) [0.0, -0.1463, 0.3174] = 446.2244, sampling [1.0, 1.4190, 1.7531]. Recommendation = [0.0, 0.5226, 0.2995], Current Cost = 5131.00, Rho = 1.000
(iter 10) [0.0, -0.1463, 0.3174] = 446.2244, sampling [1.0, 1.4014, 1.8632]. Recommendation = [0.0, 0.5226, 0.2995], Current Cost = 5132.00, Rho = 1.000
(iter 10) [0.0, -0.1463, 0.3174] = 446.2244, sampling [1.0, 1.4100, 1.9118]. Recommendation = [0.0, 0.5226, 0.2995], Current Cost = 5133.00, Rho = 1.000
(iter 10) [0.0, -0.1463, 0.3174] = 446.2244, sampling [1.0, 1.3912, 1.9726]. Recommendation = [0.0, 0.5226, 0.2995], Current Cost = 5134.00, Rho = 1.000
(iter 10) [0.0, -0.1463, 0.3174] = 446.2244, sampling [1.0, 1.4414, 1.8892]. Recommendation = [0.0, 0.5226, 0.2995], Current Cost = 5135.00, Rho = 1.000
(iter 10) [0.0, -0.1463, 0.3174] = 446.2244, sampling [1.0, 1.4278, 1.9826]. Recommendation = [0.0, 0.5226, 0.2995], Current Cost = 5136.00, Rho = 1.000
(iter 10) [0.0, -0.1463, 0.3174] = 446.2244, sampling [1.0, 1.1066, 1.6931]. Recommendation = [0.0, 0.5226, 0.2995], Current Cost = 5137.00, Rho = 1.000
(iter 10) [0.0, -0.1463, 0.3174] = 446.2244, sampling [1.0, 0.6293, 1.9911]. Recommendation = [0.0, 0.5226, 0.2995], Current Cost = 5138.00, Rho = 1.000
(iter 10) [0.0, -0.1463, 0.3174] = 446.2244, sampling [1.0, 1.5252, 1.8237]. Recommendation = [0.0, 0.5226, 0.2995], Current Cost = 5139.00, Rho = 1.000
(iter 10) [0.0, -0.1463, 0.3174] = 446.2244, sampling [1.0, 1.5142, 1.7083]. Recommendation = [0.0, 0.5226, 0.2995], Current Cost = 5140.00, Rho = 1.000
(iter 10) [0.0, -0.1463, 0.3174] = 446.2244, sampling [1.0, -1.3305, 1.0618]. Recommendation = [0.0, 0.5226, 0.2995], Current Cost = 5141.00, Rho = 1.000
(iter 10) [0.0, -0.1463, 0.3174] = 446.2244, sampling [1.0, -0.3879, -0.6212]. Recommendation = [0.0, 0.5226, 0.2995], Current Cost = 5142.00, Rho = 1.000
(iter 10) [0.0, -0.1463, 0.3174] = 446.2244, sampling [1.0, -0.6919, -0.4460]. Recommendation = [0.0, 0.5226, 0.2995], Current Cost = 5143.00, Rho = 1.000
(iter 10) [0.0, -0.1463, 0.3174] = 446.2244, sampling [1.0, 0.9031, 0.0193]. Recommendation = [0.0, 0.5226, 0.2995], Current Cost = 5144.00, Rho = 1.000
(iter 10) [0.0, -0.1463, 0.3174] = 446.2244, sampling [1.0, 1.4763, 1.0285]. Recommendation = [0.0, 0.5226, 0.2995], Current Cost = 5145.00, Rho = 1.000
(iter 10) [0.0, -0.1463, 0.3174] = 446.2244, sampling [1.0, 0.7051, 0.9829]. Recommendation = [0.0, 0.5226, 0.2995], Current Cost = 5146.00, Rho = 1.000
(iter 10) [0.0, -0.1463, 0.3174] = 446.2244, sampling [1.0, 0.9483, 0.2362]. Recommendation = [0.0, 0.5226, 0.2995], Current Cost = 5147.00, Rho = 1.000
(iter 10) [0.0, -0.1463, 0.3174] = 446.2244, sampling [1.0, 0.4092, 1.1034]. Recommendation = [0.0, 0.5226, 0.2995], Current Cost = 5148.00, Rho = 1.000
(iter 10) [0.0, -0.1463, 0.3174] = 446.2244, sampling [1.0, -1.1811, 0.8363]. Recommendation = [0.0, 0.5226, 0.2995], Current Cost = 5149.00, Rho = 1.000
(iter 10) [0.0, -0.1463, 0.3174] = 446.2244, sampling [1.0, 0.4477, -0.6264]. Recommendation = [0.0, 0.5226, 0.2995], Current Cost = 5150.00, Rho = 1.000
(iter 10) [0.0, -0.1463, 0.3174] = 446.2244, sampling [1.0, 0.7010, -0.3951]. Recommendation = [0.0, 0.5226, 0.2995], Current Cost = 5151.00, Rho = 1.000
(iter 10) [0.0, -0.1463, 0.3174] = 446.2244, sampling [1.0, -0.1244, -0.7826]. Recommendation = [0.0, 0.5226, 0.2995], Current Cost = 5152.00, Rho = 1.000
(iter 10) [0.0, -0.1463, 0.3174] = 446.2244, sampling [1.0, 0.1491, -0.7869]. Recommendation = [0.0, 0.5226, 0.2995], Current Cost = 5153.00, Rho = 1.000
(iter 10) [0.0, -0.1463, 0.3174] = 446.2244, sampling [1.0, 0.0228, -0.5871]. Recommendation = [0.0, 0.5226, 0.2995], Current Cost = 5154.00, Rho = 1.000
(iter 10) [0.0, -0.1463, 0.3174] = 446.2244, sampling [1.0, -0.2919, -0.6920]. Recommendation = [0.0, 0.5226, 0.2995], Current Cost = 5155.00, Rho = 1.000
(iter 10) [0.0, -0.1463, 0.3174] = 446.2244, sampling [1.0, -0.1127, 1.1963]. Recommendation = [0.0, 0.5226, 0.2995], Current Cost = 5156.00, Rho = 1.000
(iter 10) [0.0, -0.1463, 0.3174] = 446.2244, sampling [1.0, 1.0761, 1.8670]. Recommendation = [0.0, 0.5226, 0.2995], Current Cost = 5157.00, Rho = 1.000
(iter 10) [0.0, -0.1463, 0.3174] = 446.2244, sampling [1.0, 0.1661, 0.7072]. Recommendation = [0.0, 0.5226, 0.2995], Current Cost = 5158.00, Rho = 1.000
(iter 10) [0.0, -0.1463, 0.3174] = 446.2244, sampling [1.0, -0.1108, 0.7867]. Recommendation = [0.0, 0.5226, 0.2995], Current Cost = 5159.00, Rho = 1.000
(iter 10) [0.0, -0.1463, 0.3174] = 446.2244, sampling [1.0, 1.1969, 0.4249]. Recommendation = [0.0, 0.5226, 0.2995], Current Cost = 5160.00, Rho = 1.000
(iter 10) [0.0, -0.1463, 0.3174] = 446.2244, sampling [1.0, -0.9687, 0.0961]. Recommendation = [0.0, 0.5226, 0.2995], Current Cost = 5161.00, Rho = 1.000
(iter 10) [0.0, -0.1463, 0.3174] = 446.2244, sampling [1.0, 0.8538, -0.1582]. Recommendation = [0.0, 0.5226, 0.2995], Current Cost = 5162.00, Rho = 1.000
(iter 10) [0.0, -0.1463, 0.3174] = 446.2244, sampling [1.0, 1.5022, 1.3651]. Recommendation = [0.0, 0.5226, 0.2995], Current Cost = 5163.00, Rho = 1.000
(iter 10) [0.0, -0.1463, 0.3174] = 446.2244, sampling [1.0, -1.0382, 0.2660]. Recommendation = [0.0, 0.5226, 0.2995], Current Cost = 5164.00, Rho = 1.000
(iter 10) [0.0, -0.1463, 0.3174] = 446.2244, sampling [1.0, -0.5872, 1.4869]. Recommendation = [0.0, 0.5226, 0.2995], Current Cost = 5165.00, Rho = 1.000
(iter 10) [0.0, -0.1463, 0.3174] = 446.2244, sampling [1.0, 0.1125, -0.5149]. Recommendation = [0.0, 0.5226, 0.2995], Current Cost = 5166.00, Rho = 1.000
(iter 10) [0.0, -0.1463, 0.3174] = 446.2244, sampling [1.0, -1.2121, 0.7586]. Recommendation = [0.0, 0.5226, 0.2995], Current Cost = 5167.00, Rho = 1.000
(iter 10) [0.0, -0.1463, 0.3174] = 446.2244, sampling [1.0, -0.8444, -0.2156]. Recommendation = [0.0, 0.5226, 0.2995], Current Cost = 5168.00, Rho = 1.000
(iter 10) [0.0, -0.1463, 0.3174] = 446.2244, sampling [1.0, -0.8720, 1.6596]. Recommendation = [0.0, 0.5226, 0.2995], Current Cost = 5169.00, Rho = 1.000
(iter 10) [0.0, -0.1463, 0.3174] = 446.2244, sampling [1.0, -0.0235, 0.8991]. Recommendation = [0.0, 0.5226, 0.2995], Current Cost = 5170.00, Rho = 1.000
(iter 10) [0.0, -0.1463, 0.3174] = 446.2244, sampling [1.0, -1.8737, 1.9540]. Recommendation = [0.0, 0.5226, 0.2995], Current Cost = 5171.00, Rho = 1.000
(iter 10) [0.0, -0.1463, 0.3174] = 446.2244, sampling [1.0, 0.7327, -0.2430]. Recommendation = [0.0, 0.5226, 0.2995], Current Cost = 5172.00, Rho = 1.000
(iter 10) [0.0, -0.1463, 0.3174] = 446.2244, sampling [1.0, 1.2073, -0.1709]. Recommendation = [0.0, 0.5226, 0.2995], Current Cost = 5173.00, Rho = 1.000
(iter 10) [0.0, -0.1463, 0.3174] = 446.2244, sampling [1.0, 0.4037, -0.7702]. Recommendation = [0.0, 0.5226, 0.2995], Current Cost = 5174.00, Rho = 1.000
(iter 10) [0.0, -0.1463, 0.3174] = 446.2244, sampling [1.0, 0.1688, 1.0513]. Recommendation = [0.0, 0.5226, 0.2995], Current Cost = 5175.00, Rho = 1.000
(iter 10) [0.0, -0.1463, 0.3174] = 446.2244, sampling [1.0, 0.5143, 1.1833]. Recommendation = [0.0, 0.5226, 0.2995], Current Cost = 5176.00, Rho = 1.000
(iter 10) [0.0, -0.1463, 0.3174] = 446.2244, sampling [1.0, 0.8101, -0.0127]. Recommendation = [0.0, 0.5226, 0.2995], Current Cost = 5177.00, Rho = 1.000
(iter 10) [0.0, -0.1463, 0.3174] = 446.2244, sampling [1.0, -1.2007, 0.1467]. Recommendation = [0.0, 0.5226, 0.2995], Current Cost = 5178.00, Rho = 1.000
(iter 10) [0.0, -0.1463, 0.3174] = 446.2244, sampling [1.0, 0.1583, 0.6441]. Recommendation = [0.0, 0.5226, 0.2995], Current Cost = 5179.00, Rho = 1.000
(iter 10) [0.0, -0.1463, 0.3174] = 446.2244, sampling [1.0, -0.5780, -0.6723]. Recommendation = [0.0, 0.5226, 0.2995], Current Cost = 5180.00, Rho = 1.000
(iter 10) [0.0, -0.1463, 0.3174] = 446.2244, sampling [1.0, -1.3252, 1.0128]. Recommendation = [0.0, 0.5226, 0.2995], Current Cost = 5181.00, Rho = 1.000
(iter 10) [0.0, -0.1463, 0.3174] = 446.2244, sampling [1.0, -0.4082, 0.8311]. Recommendation = [0.0, 0.5226, 0.2995], Current Cost = 5182.00, Rho = 1.000
(iter 10) [0.0, -0.1463, 0.3174] = 446.2244, sampling [1.0, -0.2731, -0.8081]. Recommendation = [0.0, 0.5226, 0.2995], Current Cost = 5183.00, Rho = 1.000
(iter 10) [0.0, -0.1463, 0.3174] = 446.2244, sampling [1.0, 0.6627, -0.6058]. Recommendation = [0.0, 0.5226, 0.2995], Current Cost = 5184.00, Rho = 1.000
(iter 10) [0.0, -0.1463, 0.3174] = 446.2244, sampling [1.0, 0.2651, 0.8778]. Recommendation = [0.0, 0.5226, 0.2995], Current Cost = 5185.00, Rho = 1.000
(iter 10) [0.0, -0.1463, 0.3174] = 446.2244, sampling [1.0, 0.1404, -0.9947]. Recommendation = [0.0, 0.5226, 0.2995], Current Cost = 5186.00, Rho = 1.000
(iter 10) [0.0, -0.1463, 0.3174] = 446.2244, sampling [1.0, -0.1027, -0.9858]. Recommendation = [0.0, 0.5226, 0.2995], Current Cost = 5187.00, Rho = 1.000
(iter 10) [0.0, -0.1463, 0.3174] = 446.2244, sampling [1.0, -0.5338, 1.3116]. Recommendation = [0.0, 0.5226, 0.2995], Current Cost = 5188.00, Rho = 1.000
(iter 10) [0.0, -0.1463, 0.3174] = 446.2244, sampling [1.0, -0.8080, -0.3562]. Recommendation = [0.0, 0.5226, 0.2995], Current Cost = 5189.00, Rho = 1.000
(iter 10) [0.0, -0.1463, 0.3174] = 446.2244, sampling [1.0, 0.1845, 1.5144]. Recommendation = [0.0, 0.5226, 0.2995], Current Cost = 5190.00, Rho = 1.000
(iter 10) [0.0, -0.1463, 0.3174] = 446.2244, sampling [1.0, 0.5852, 1.2580]. Recommendation = [0.0, 0.5226, 0.2995], Current Cost = 5191.00, Rho = 1.000
(iter 10) [0.0, -0.1463, 0.3174] = 446.2244, sampling [1.0, 0.8729, 1.8387]. Recommendation = [0.0, 0.5226, 0.2995], Current Cost = 5192.00, Rho = 1.000
(iter 10) [0.0, -0.1463, 0.3174] = 446.2244, sampling [1.0, -0.7414, 1.5512]. Recommendation = [0.0, 0.5226, 0.2995], Current Cost = 5193.00, Rho = 1.000
(iter 10) [0.0, -0.1463, 0.3174] = 446.2244, sampling [1.0, -0.0892, -0.8007]. Recommendation = [0.0, 0.5226, 0.2995], Current Cost = 5194.00, Rho = 1.000
(iter 10) [0.0, -0.1463, 0.3174] = 446.2244, sampling [1.0, -0.2255, 1.0922]. Recommendation = [0.0, 0.5226, 0.2995], Current Cost = 5195.00, Rho = 1.000
(iter 10) [0.0, -0.1463, 0.3174] = 446.2244, sampling [1.0, -1.5225, 1.2227]. Recommendation = [0.0, 0.5226, 0.2995], Current Cost = 5196.00, Rho = 1.000
(iter 10) [0.0, -0.1463, 0.3174] = 446.2244, sampling [1.0, -1.2822, 0.6250]. Recommendation = [0.0, 0.5226, 0.2995], Current Cost = 5197.00, Rho = 1.000
(iter 10) [0.0, -0.1463, 0.3174] = 446.2244, sampling [1.0, -0.3724, -0.8176]. Recommendation = [0.0, 0.5226, 0.2995], Current Cost = 5198.00, Rho = 1.000
(iter 10) [0.0, -0.1463, 0.3174] = 446.2244, sampling [1.0, -0.8584, -0.1346]. Recommendation = [0.0, 0.5226, 0.2995], Current Cost = 5199.00, Rho = 1.000
(iter 10) [0.0, -0.1463, 0.3174] = 446.2244, sampling [1.0, 0.6430, 1.4605]. Recommendation = [0.0, 0.5226, 0.2995], Current Cost = 5200.00, Rho = 1.000
(iter 10) [0.0, -0.1463, 0.3174] = 446.2244, sampling [1.0, 1.6249, 1.7708]. Recommendation = [0.0, 0.5226, 0.2995], Current Cost = 5201.00, Rho = 1.000
(iter 10) [0.0, -0.1463, 0.3174] = 446.2244, sampling [1.0, 1.1644, 0.4884]. Recommendation = [0.0, 0.5226, 0.2995], Current Cost = 5202.00, Rho = 1.000
(iter 10) [0.0, -0.1463, 0.3174] = 446.2244, sampling [1.0, 0.8848, -0.0968]. Recommendation = [0.0, 0.5226, 0.2995], Current Cost = 5203.00, Rho = 1.000
(iter 10) [0.0, -0.1463, 0.3174] = 446.2244, sampling [1.0, -1.3885, 0.9699]. Recommendation = [0.0, 0.5226, 0.2995], Current Cost = 5204.00, Rho = 1.000
(iter 10) [0.0, -0.1463, 0.3174] = 446.2244, sampling [1.0, 0.5318, -0.7383]. Recommendation = [0.0, 0.5226, 0.2995], Current Cost = 5205.00, Rho = 1.000
(iter 10) [0.0, -0.1463, 0.3174] = 446.2244, sampling [1.0, 1.3814, 0.4804]. Recommendation = [0.0, 0.5226, 0.2995], Current Cost = 5206.00, Rho = 1.000
(iter 10) [0.0, -0.1463, 0.3174] = 446.2244, sampling [1.0, 0.3907, -0.9703]. Recommendation = [0.0, 0.5226, 0.2995], Current Cost = 5207.00, Rho = 1.000
(iter 10) [0.0, -0.1463, 0.3174] = 446.2244, sampling [1.0, -0.1980, -0.9464]. Recommendation = [0.0, 0.5226, 0.2995], Current Cost = 5208.00, Rho = 1.000
(iter 10) [0.0, -0.1463, 0.3174] = 446.2244, sampling [1.0, -1.2275, -0.2746]. Recommendation = [0.0, 0.5226, 0.2995], Current Cost = 5209.00, Rho = 1.000
(iter 10) [0.0, -0.1463, 0.3174] = 446.2244, sampling [1.0, 0.0316, 1.0755]. Recommendation = [0.0, 0.5226, 0.2995], Current Cost = 5210.00, Rho = 1.000
(iter 10) [0.0, -0.1463, 0.3174] = 446.2244, sampling [1.0, -1.1372, 0.2855]. Recommendation = [0.0, 0.5226, 0.2995], Current Cost = 5211.00, Rho = 1.000
(iter 10) [0.0, -0.1463, 0.3174] = 446.2244, sampling [1.0, -0.2804, 1.8824]. Recommendation = [0.0, 0.5226, 0.2995], Current Cost = 5212.00, Rho = 1.000
(iter 10) [0.0, -0.1463, 0.3174] = 446.2244, sampling [1.0, 0.2563, 1.2338]. Recommendation = [0.0, 0.5226, 0.2995], Current Cost = 5213.00, Rho = 1.000
(iter 10) [0.0, -0.1463, 0.3174] = 446.2244, sampling [0.0, 0.7833, 0.5990]. Recommendation = [0.0, 0.5226, 0.2995], Current Cost = 5214.00, Rho = 1.000
(iter 219) [0.0, 0.7833, 0.5990] = 456.2318, sampling [1.0, 1.5406, 1.1532]. Recommendation = [0.0, 0.7833, 0.5990], Current Cost = 6214.00, Rho = 1.000
(iter 219) [0.0, 0.7833, 0.5990] = 456.2318, sampling [0.0, 1.1532, 1.3468]. Recommendation = [0.0, 0.7833, 0.5990], Current Cost = 6215.00, Rho = 1.000
(iter 221) [0.0, 1.1532, 1.3468] = 456.2479, sampling [0.0, 0.3264, 0.0605]. Recommendation = [0.0, 1.1532, 1.3468], Current Cost = 7215.00, Rho = 1.000
(iter 221) [0.0, 1.1532, 1.3468] = 456.2479, sampling [0.0, 0.9090, 0.8489]. Recommendation = [0.0, 1.1532, 1.3468], Current Cost = 8215.00, Rho = 1.000
(iter 221) [0.0, 1.1532, 1.3468] = 456.2479, sampling [0.0, 1.3912, 1.9726]. Recommendation = [0.0, 1.1532, 1.3468], Current Cost = 9215.00, Rho = 1.000
(iter 221) [0.0, 1.1532, 1.3468] = 456.2479, sampling [0.0, 0.5226, 0.2995]. Recommendation = [0.0, 1.1532, 1.3468], Current Cost = 10215.00, Rho = 1.000
(iter 221) [0.0, 1.1532, 1.3468] = 456.2479, sampling [1.0, -0.3833, -0.9534]. Recommendation = [0.0, 1.1532, 1.3468], Current Cost = 11215.00, Rho = 1.000
(iter 221) [0.0, 1.1532, 1.3468] = 456.2479, sampling [0.0, 1.2715, 1.6799]. Recommendation = [0.0, 1.1532, 1.3468], Current Cost = 11216.00, Rho = 1.000
(iter 221) [0.0, 1.1532, 1.3468] = 456.2479, sampling [0.0, -1.3734, 1.9317]. Recommendation = [0.0, 1.1532, 1.3468], Current Cost = 12216.00, Rho = 1.000
(iter 221) [0.0, 1.1532, 1.3468] = 456.2479, sampling [0.0, -0.1298, 0.0550]. Recommendation = [0.0, 1.1532, 1.3468], Current Cost = 13216.00, Rho = 1.000
(iter 221) [0.0, 1.1532, 1.3468] = 456.2479, sampling [0.0, -0.5729, 0.3717]. Recommendation = [0.0, 1.1532, 1.3468], Current Cost = 14216.00, Rho = 1.000
(iter 221) [0.0, 1.1532, 1.3468] = 456.2479, sampling [1.0, 0.9764, -0.3323]. Recommendation = [0.0, 1.1532, 1.3468], Current Cost = 15216.00, Rho = 1.000
(iter 221) [0.0, 1.1532, 1.3468] = 456.2479, sampling [0.0, -0.9296, 0.8719]. Recommendation = [0.0, 1.1532, 1.3468], Current Cost = 15217.00, Rho = 1.000
(iter 221) [0.0, 1.1532, 1.3468] = 456.2479, sampling [1.0, -0.7063, -0.5089]. Recommendation = [0.0, 1.1532, 1.3468], Current Cost = 16217.00, Rho = 1.000
(iter 221) [0.0, 1.1532, 1.3468] = 456.2479, sampling [1.0, 0.2336, -1.2660]. Recommendation = [0.0, 1.1532, 1.3468], Current Cost = 16218.00, Rho = 1.000
(iter 221) [0.0, 1.1532, 1.3468] = 456.2479, sampling [0.0, 1.0084, 0.9087]. Recommendation = [0.0, 1.1532, 1.3468], Current Cost = 16219.00, Rho = 1.000
(iter 221) [0.0, 1.1532, 1.3468] = 456.2479, sampling [1.0, 1.8491, 1.9993]. Recommendation = [0.0, 1.1532, 1.3468], Current Cost = 17219.00, Rho = 1.000
(iter 221) [0.0, 1.1532, 1.3468] = 456.2479, sampling [0.0, -0.3620, 0.1655]. Recommendation = [0.0, 1.1532, 1.3468], Current Cost = 17220.00, Rho = 1.000
(iter 221) [0.0, 1.1532, 1.3468] = 456.2479, sampling [1.0, -0.3545, 1.4383]. Recommendation = [0.0, 1.1532, 1.3468], Current Cost = 18220.00, Rho = 1.000
(iter 221) [0.0, 1.1532, 1.3468] = 456.2479, sampling [0.0, -1.1604, 1.3751]. Recommendation = [0.0, 1.1532, 1.3468], Current Cost = 18221.00, Rho = 1.000
(iter 221) [0.0, 1.1532, 1.3468] = 456.2479, sampling [1.0, -0.5992, -0.8789]. Recommendation = [0.0, 1.1532, 1.3468], Current Cost = 19221.00, Rho = 1.000
(iter 221) [0.0, 1.1532, 1.3468] = 456.2479, sampling [0.0, 1.4014, 1.8632]. Recommendation = [0.0, 1.1532, 1.3468], Current Cost = 19222.00, Rho = 1.000
(iter 221) [0.0, 1.1532, 1.3468] = 456.2479, sampling [0.0, 1.3043, 1.6353]. Recommendation = [0.0, 1.1532, 1.3468], Current Cost = 20222.00, Rho = 1.000
(iter 221) [0.0, 1.1532, 1.3468] = 456.2479, sampling [1.0, -1.3000, 0.3476]. Recommendation = [0.0, 1.1532, 1.3468], Current Cost = 21222.00, Rho = 1.000
(iter 221) [0.0, 1.1532, 1.3468] = 456.2479, sampling [0.0, 0.7600, 0.4147]. Recommendation = [0.0, 1.1532, 1.3468], Current Cost = 21223.00, Rho = 1.000
(iter 221) [0.0, 1.1532, 1.3468] = 456.2479, sampling [0.0, -0.1708, -0.0884]. Recommendation = [0.0, 1.1532, 1.3468], Current Cost = 22223.00, Rho = 1.000
(iter 221) [0.0, 1.1532, 1.3468] = 456.2479, sampling [0.0, 0.9567, 0.8432]. Recommendation = [0.0, 1.1532, 1.3468], Current Cost = 23223.00, Rho = 1.000
(iter 221) [0.0, 1.1532, 1.3468] = 456.2479, sampling [0.0, 1.4278, 1.9826]. Recommendation = [0.0, 1.1532, 1.3468], Current Cost = 24223.00, Rho = 1.000
(iter 221) [0.0, 1.1532, 1.3468] = 456.2479, sampling [0.0, 0.1359, 0.1706]. Recommendation = [0.0, 1.1532, 1.3468], Current Cost = 25223.00, Rho = 1.000
(iter 221) [0.0, 1.1532, 1.3468] = 456.2479, sampling [0.0, 0.8276, 0.5831]. Recommendation = [0.0, 1.1532, 1.3468], Current Cost = 26223.00, Rho = 1.000
(iter 221) [0.0, 1.1532, 1.3468] = 456.2479, sampling [0.0, -0.7497, 0.4787]. Recommendation = [0.0, 1.1532, 1.3468], Current Cost = 27223.00, Rho = 1.000
(iter 221) [0.0, 1.1532, 1.3468] = 456.2479, sampling [0.0, 1.4100, 1.9118]. Recommendation = [0.0, 1.1532, 1.3468], Current Cost = 28223.00, Rho = 1.000
(iter 221) [0.0, 1.1532, 1.3468] = 456.2479, sampling [0.0, 0.3082, -0.0658]. Recommendation = [0.0, 1.1532, 1.3468], Current Cost = 29223.00, Rho = 1.000
(iter 221) [0.0, 1.1532, 1.3468] = 456.2479, sampling [1.0, -1.0841, 0.1829]. Recommendation = [0.0, 1.1532, 1.3468], Current Cost = 30223.00, Rho = 1.000
(iter 221) [0.0, 1.1532, 1.3468] = 456.2479, sampling [0.0, -1.0208, 1.0704]. Recommendation = [0.0, 1.1532, 1.3468], Current Cost = 30224.00, Rho = 1.000
(iter 221) [0.0, 1.1532, 1.3468] = 456.2479, sampling [1.0, -0.2085, -1.0384]. Recommendation = [0.0, 1.1532, 1.3468], Current Cost = 31224.00, Rho = 1.000
(iter 221) [0.0, 1.1532, 1.3468] = 456.2479, sampling [1.0, 1.2477, 0.3087]. Recommendation = [0.0, 1.1532, 1.3468], Current Cost = 31225.00, Rho = 1.000
(iter 221) [0.0, 1.1532, 1.3468] = 456.2479, sampling [0.0, -0.4803, 0.1311]. Recommendation = [0.0, 1.1532, 1.3468], Current Cost = 31226.00, Rho = 1.000
(iter 221) [0.0, 1.1532, 1.3468] = 456.2479, sampling [1.0, -0.8201, -0.1206]. Recommendation = [0.0, 1.1532, 1.3468], Current Cost = 32226.00, Rho = 1.000
(iter 221) [0.0, 1.1532, 1.3468] = 456.2479, sampling [0.0, 0.4774, 0.4190]. Recommendation = [0.0, 1.1532, 1.3468], Current Cost = 32227.00, Rho = 1.000
(iter 221) [0.0, 1.1532, 1.3468] = 456.2479, sampling [1.0, 1.6930, 0.7243]. Recommendation = [0.0, 1.1532, 1.3468], Current Cost = 33227.00, Rho = 1.000
(iter 221) [0.0, 1.1532, 1.3468] = 456.2479, sampling [0.0, -1.2451, 1.6187]. Recommendation = [0.0, 1.1532, 1.3468], Current Cost = 33228.00, Rho = 1.000
(iter 221) [0.0, 1.1532, 1.3468] = 456.2479, sampling [0.0, -0.2618, -0.0516]. Recommendation = [0.0, 1.1532, 1.3468], Current Cost = 34228.00, Rho = 1.000
(iter 221) [0.0, 1.1532, 1.3468] = 456.2479, sampling [1.0, 0.4879, -0.9023]. Recommendation = [0.0, 1.1532, 1.3468], Current Cost = 35228.00, Rho = 1.000
(iter 221) [0.0, 1.1532, 1.3468] = 456.2479, sampling [1.0, -0.7782, -0.7347]. Recommendation = [0.0, 1.1532, 1.3468], Current Cost = 35229.00, Rho = 1.000
(iter 221) [0.0, 1.1532, 1.3468] = 456.2479, sampling [1.0, -1.3792, 0.8201]. Recommendation = [0.0, 1.1532, 1.3468], Current Cost = 35230.00, Rho = 1.000
(iter 221) [0.0, 1.1532, 1.3468] = 456.2479, sampling [0.0, -0.0117, -0.2194]. Recommendation = [0.0, 1.1532, 1.3468], Current Cost = 35231.00, Rho = 1.000
(iter 221) [0.0, 1.1532, 1.3468] = 456.2479, sampling [0.0, 0.6091, 0.5904]. Recommendation = [0.0, 1.1532, 1.3468], Current Cost = 36231.00, Rho = 1.000
(iter 221) [0.0, 1.1532, 1.3468] = 456.2479, sampling [1.0, 0.0133, -1.3478]. Recommendation = [0.0, 1.1532, 1.3468], Current Cost = 37231.00, Rho = 1.000
(iter 221) [0.0, 1.1532, 1.3468] = 456.2479, sampling [0.0, -0.6875, 0.3985]. Recommendation = [0.0, 1.1532, 1.3468], Current Cost = 37232.00, Rho = 1.000
(iter 221) [0.0, 1.1532, 1.3468] = 456.2479, sampling [0.0, -0.8990, 0.6720]. Recommendation = [0.0, 1.1532, 1.3468], Current Cost = 38232.00, Rho = 1.000
(iter 221) [0.0, 1.1532, 1.3468] = 456.2479, sampling [0.0, 0.6759, 0.2306]. Recommendation = [0.0, 1.1532, 1.3468], Current Cost = 39232.00, Rho = 1.000
(iter 221) [0.0, 1.1532, 1.3468] = 456.2479, sampling [1.0, -1.9361, 0.9186]. Recommendation = [0.0, 1.1532, 1.3468], Current Cost = 40232.00, Rho = 1.000
(iter 221) [0.0, 1.1532, 1.3468] = 456.2479, sampling [1.0, -1.0794, 0.0810]. Recommendation = [0.0, 1.1532, 1.3468], Current Cost = 40233.00, Rho = 1.000
(iter 221) [0.0, 1.1532, 1.3468] = 456.2479, sampling [1.0, 0.6665, 1.5246]. Recommendation = [0.0, 1.1532, 1.3468], Current Cost = 40234.00, Rho = 1.000
(iter 221) [0.0, 1.1532, 1.3468] = 456.2479, sampling [0.0, 1.2594, 1.8130]. Recommendation = [0.0, 1.1532, 1.3468], Current Cost = 40235.00, Rho = 1.000
(iter 221) [0.0, 1.1532, 1.3468] = 456.2479, sampling [0.0, 0.9141, 0.6197]. Recommendation = [0.0, 1.1532, 1.3468], Current Cost = 41235.00, Rho = 1.000
(iter 221) [0.0, 1.1532, 1.3468] = 456.2479, sampling [1.0, -0.8113, -0.4565]. Recommendation = [0.0, 1.1532, 1.3468], Current Cost = 42235.00, Rho = 1.000
(iter 221) [0.0, 1.1532, 1.3468] = 456.2479, sampling [0.0, -0.6073, 0.1879]. Recommendation = [0.0, 1.1532, 1.3468], Current Cost = 42236.00, Rho = 1.000
(iter 221) [0.0, 1.1532, 1.3468] = 456.2479, sampling [0.0, -0.1389, -0.1412]. Recommendation = [0.0, 1.1532, 1.3468], Current Cost = 43236.00, Rho = 1.000
(iter 221) [0.0, 1.1532, 1.3468] = 456.2479, sampling [0.0, 1.2378, 1.2938]. Recommendation = [0.0, 1.1532, 1.3468], Current Cost = 44236.00, Rho = 1.000
(iter 221) [0.0, 1.1532, 1.3468] = 456.2479, sampling [1.0, 1.0168, -0.7233]. Recommendation = [0.0, 1.1532, 1.3468], Current Cost = 45236.00, Rho = 1.000
(iter 221) [0.0, 1.1532, 1.3468] = 456.2479, sampling [1.0, 0.3405, 1.4115]. Recommendation = [0.0, 1.1532, 1.3468], Current Cost = 45237.00, Rho = 1.000
(iter 221) [0.0, 1.1532, 1.3468] = 456.2479, sampling [0.0, -1.2749, 1.6992]. Recommendation = [0.0, 1.1532, 1.3468], Current Cost = 45238.00, Rho = 1.000
(iter 221) [0.0, 1.1532, 1.3468] = 456.2479, sampling [0.0, 0.7421, 0.3292]. Recommendation = [0.0, 1.1532, 1.3468], Current Cost = 46238.00, Rho = 1.000
(iter 221) [0.0, 1.1532, 1.3468] = 456.2479, sampling [1.0, -0.3081, -1.0669]. Recommendation = [0.0, 1.1532, 1.3468], Current Cost = 47238.00, Rho = 1.000
(iter 221) [0.0, 1.1532, 1.3468] = 456.2479, sampling [1.0, 1.6231, 1.3144]. Recommendation = [0.0, 1.1532, 1.3468], Current Cost = 47239.00, Rho = 1.000
(iter 221) [0.0, 1.1532, 1.3468] = 456.2479, sampling [1.0, -0.5654, 1.6251]. Recommendation = [0.0, 1.1532, 1.3468], Current Cost = 47240.00, Rho = 1.000
(iter 221) [0.0, 1.1532, 1.3468] = 456.2479, sampling [0.0, 0.8627, 0.5150]. Recommendation = [0.0, 1.1532, 1.3468], Current Cost = 47241.00, Rho = 1.000
(iter 221) [0.0, 1.1532, 1.3468] = 456.2479, sampling [1.0, -0.8857, -0.1656]. Recommendation = [0.0, 1.1532, 1.3468], Current Cost = 48241.00, Rho = 1.000
(iter 221) [0.0, 1.1532, 1.3468] = 456.2479, sampling [0.0, 0.0559, 0.2404]. Recommendation = [0.0, 1.1532, 1.3468], Current Cost = 48242.00, Rho = 1.000
(iter 221) [0.0, 1.1532, 1.3468] = 456.2479, sampling [1.0, 0.2175, -1.9921]. Recommendation = [0.0, 1.1532, 1.3468], Current Cost = 49242.00, Rho = 1.000
(iter 221) [0.0, 1.1532, 1.3468] = 456.2479, sampling [0.0, -1.2347, 1.5599]. Recommendation = [0.0, 1.1532, 1.3468], Current Cost = 49243.00, Rho = 1.000
(iter 221) [0.0, 1.1532, 1.3468] = 456.2479, sampling [0.0, 1.4414, 1.8892]. Recommendation = [0.0, 1.1532, 1.3468], Current Cost = 50243.00, Rho = 1.000
(iter 221) [0.0, 1.1532, 1.3468] = 456.2479, sampling [1.0, -0.6616, -0.6714]. Recommendation = [0.0, 1.1532, 1.3468], Current Cost = 51243.00, Rho = 1.000
(iter 221) [0.0, 1.1532, 1.3468] = 456.2479, sampling [0.0, -0.4206, -0.0754]. Recommendation = [0.0, 1.1532, 1.3468], Current Cost = 51244.00, Rho = 1.000
(iter 221) [0.0, 1.1532, 1.3468] = 456.2479, sampling [0.0, 0.9640, 0.6840]. Recommendation = [0.0, 1.1532, 1.3468], Current Cost = 52244.00, Rho = 1.000
(iter 221) [0.0, 1.1532, 1.3468] = 456.2479, sampling [1.0, -0.9103, -0.3711]. Recommendation = [0.0, 1.1532, 1.3468], Current Cost = 53244.00, Rho = 1.000
(iter 221) [0.0, 1.1532, 1.3468] = 456.2479, sampling [0.0, 1.4190, 1.7531]. Recommendation = [0.0, 1.1532, 1.3468], Current Cost = 53245.00, Rho = 1.000
(iter 221) [0.0, 1.1532, 1.3468] = 456.2479, sampling [1.0, 0.2298, 1.1759]. Recommendation = [0.0, 1.1532, 1.3468], Current Cost = 54245.00, Rho = 1.000
(iter 221) [0.0, 1.1532, 1.3468] = 456.2479, sampling [1.0, 1.9565, -1.7917]. Recommendation = [0.0, 1.1532, 1.3468], Current Cost = 54246.00, Rho = 1.000
(iter 221) [0.0, 1.1532, 1.3468] = 456.2479, sampling [1.0, -0.2663, -1.3810]. Recommendation = [0.0, 1.1532, 1.3468], Current Cost = 54247.00, Rho = 1.000
(iter 221) [0.0, 1.1532, 1.3468] = 456.2479, sampling [1.0, -0.5025, -1.0753]. Recommendation = [0.0, 1.1532, 1.3468], Current Cost = 54248.00, Rho = 1.000
(iter 221) [0.0, 1.1532, 1.3468] = 456.2479, sampling [0.0, -1.1488, 1.1044]. Recommendation = [0.0, 1.1532, 1.3468], Current Cost = 54249.00, Rho = 1.000
(iter 221) [0.0, 1.1532, 1.3468] = 456.2479, sampling [1.0, -0.1762, 1.4724]. Recommendation = [0.0, 1.1532, 1.3468], Current Cost = 55249.00, Rho = 1.000
(iter 221) [0.0, 1.1532, 1.3468] = 456.2479, sampling [1.0, 0.5764, 1.4043]. Recommendation = [0.0, 1.1532, 1.3468], Current Cost = 55250.00, Rho = 1.000
(iter 221) [0.0, 1.1532, 1.3468] = 456.2479, sampling [0.0, 0.2142, -0.2889]. Recommendation = [0.0, 1.1532, 1.3468], Current Cost = 55251.00, Rho = 1.000
(iter 221) [0.0, 1.1532, 1.3468] = 456.2479, sampling [0.0, 1.3287, 1.4554]. Recommendation = [0.0, 1.1532, 1.3468], Current Cost = 56251.00, Rho = 1.000
(iter 221) [0.0, 1.1532, 1.3468] = 456.2479, sampling [0.0, -1.1234, 1.3879]. Recommendation = [0.0, 1.1532, 1.3468], Current Cost = 57251.00, Rho = 1.000
(iter 221) [0.0, 1.1532, 1.3468] = 456.2479, sampling [1.0, 0.3946, 1.8494]. Recommendation = [0.0, 1.1532, 1.3468], Current Cost = 58251.00, Rho = 1.000
(iter 221) [0.0, 1.1532, 1.3468] = 456.2479, sampling [0.0, -0.6387, 0.7494]. Recommendation = [0.0, 1.1532, 1.3468], Current Cost = 58252.00, Rho = 1.000
(iter 221) [0.0, 1.1532, 1.3468] = 456.2479, sampling [0.0, 0.9227, 1.2307]. Recommendation = [0.0, 1.1532, 1.3468], Current Cost = 59252.00, Rho = 1.000
(iter 221) [0.0, 1.1532, 1.3468] = 456.2479, sampling [1.0, -0.4505, -0.9325]. Recommendation = [0.0, 1.1532, 1.3468], Current Cost = 60252.00, Rho = 1.000
(iter 221) [0.0, 1.1532, 1.3468] = 456.2479, sampling [0.0, -0.0256, 0.2542]. Recommendation = [0.0, 1.1532, 1.3468], Current Cost = 60253.00, Rho = 1.000
(iter 221) [0.0, 1.1532, 1.3468] = 456.2479, sampling [0.0, 1.2251, 1.1862]. Recommendation = [0.0, 1.1532, 1.3468], Current Cost = 61253.00, Rho = 1.000
(iter 221) [0.0, 1.1532, 1.3468] = 456.2479, sampling [1.0, 1.3214, 0.5648]. Recommendation = [0.0, 1.1532, 1.3468], Current Cost = 62253.00, Rho = 1.000
(iter 221) [0.0, 1.1532, 1.3468] = 456.2479, sampling [1.0, 0.5938, -1.0861]. Recommendation = [0.0, 1.1532, 1.3468], Current Cost = 62254.00, Rho = 1.000
(iter 221) [0.0, 1.1532, 1.3468] = 456.2479, sampling [0.0, 0.2062, 0.4040]. Recommendation = [0.0, 1.1532, 1.3468], Current Cost = 62255.00, Rho = 1.000
(iter 221) [0.0, 1.1532, 1.3468] = 456.2479, sampling [0.0, -0.9160, 0.6078]. Recommendation = [0.0, 1.1532, 1.3468], Current Cost = 63255.00, Rho = 1.000
(iter 221) [0.0, 1.1532, 1.3468] = 456.2479, sampling [0.0, 1.2138, 1.7663]. Recommendation = [0.0, 1.1532, 1.3468], Current Cost = 64255.00, Rho = 1.000
(iter 221) [0.0, 1.1532, 1.3468] = 456.2479, sampling [1.0, 0.7220, -0.9430]. Recommendation = [0.0, 1.1532, 1.3468], Current Cost = 65255.00, Rho = 1.000
(iter 221) [0.0, 1.1532, 1.3468] = 456.2479, sampling [0.0, -0.0404, -0.3495]. Recommendation = [0.0, 1.1532, 1.3468], Current Cost = 65256.00, Rho = 1.000
(iter 221) [0.0, 1.1532, 1.3468] = 456.2479, sampling [0.0, -1.1192, 1.0229]. Recommendation = [0.0, 1.1532, 1.3468], Current Cost = 66256.00, Rho = 1.000
(iter 221) [0.0, 1.1532, 1.3468] = 456.2479, sampling [0.0, -1.3544, 1.5696]. Recommendation = [0.0, 1.1532, 1.3468], Current Cost = 67256.00, Rho = 1.000
(iter 221) [0.0, 1.1532, 1.3468] = 456.2479, sampling [1.0, -0.0644, -1.5969]. Recommendation = [0.0, 1.1532, 1.3468], Current Cost = 68256.00, Rho = 1.000
(iter 221) [0.0, 1.1532, 1.3468] = 456.2479, sampling [1.0, -0.9455, -0.7096]. Recommendation = [0.0, 1.1532, 1.3468], Current Cost = 68257.00, Rho = 1.000
(iter 221) [0.0, 1.1532, 1.3468] = 456.2479, sampling [1.0, -0.3001, -0.6870]. Recommendation = [0.0, 1.1532, 1.3468], Current Cost = 68258.00, Rho = 1.000
(iter 221) [0.0, 1.1532, 1.3468] = 456.2479, sampling [0.0, -0.6251, 0.0793]. Recommendation = [0.0, 1.1532, 1.3468], Current Cost = 68259.00, Rho = 1.000
(iter 221) [0.0, 1.1532, 1.3468] = 456.2479, sampling [0.0, -1.2559, 1.2998]. Recommendation = [0.0, 1.1532, 1.3468], Current Cost = 69259.00, Rho = 1.000
(iter 221) [0.0, 1.1532, 1.3468] = 456.2479, sampling [1.0, -0.6223, 1.5372]. Recommendation = [0.0, 1.1532, 1.3468], Current Cost = 70259.00, Rho = 1.000
(iter 221) [0.0, 1.1532, 1.3468] = 456.2479, sampling [1.0, 1.2930, 0.4544]. Recommendation = [0.0, 1.1532, 1.3468], Current Cost = 70260.00, Rho = 1.000
(iter 221) [0.0, 1.1532, 1.3468] = 456.2479, sampling [1.0, 0.3820, -1.2908]. Recommendation = [0.0, 1.1532, 1.3468], Current Cost = 70261.00, Rho = 1.000
(iter 221) [0.0, 1.1532, 1.3468] = 456.2479, sampling [0.0, -0.2169, 0.3854]. Recommendation = [0.0, 1.1532, 1.3468], Current Cost = 70262.00, Rho = 1.000
(iter 221) [0.0, 1.1532, 1.3468] = 456.2479, sampling [1.0, -1.5928, 1.2851]. Recommendation = [0.0, 1.1532, 1.3468], Current Cost = 71262.00, Rho = 1.000
(iter 221) [0.0, 1.1532, 1.3468] = 456.2479, sampling [1.0, 1.4896, 0.9579]. Recommendation = [0.0, 1.1532, 1.3468], Current Cost = 71263.00, Rho = 1.000
(iter 221) [0.0, 1.1532, 1.3468] = 456.2479, sampling [0.0, 1.3755, 1.5601]. Recommendation = [0.0, 1.1532, 1.3468], Current Cost = 71264.00, Rho = 1.000
(iter 221) [0.0, 1.1532, 1.3468] = 456.2479, sampling [1.0, -0.5136, 1.7893]. Recommendation = [0.0, 1.1532, 1.3468], Current Cost = 72264.00, Rho = 1.000
(iter 221) [0.0, 1.1532, 1.3468] = 456.2479, sampling [1.0, -0.7187, -0.9258]. Recommendation = [0.0, 1.1532, 1.3468], Current Cost = 72265.00, Rho = 1.000
(iter 221) [0.0, 1.1532, 1.3468] = 456.2479, sampling [0.0, -0.5377, -0.0318]. Recommendation = [0.0, 1.1532, 1.3468], Current Cost = 72266.00, Rho = 1.000
(iter 221) [0.0, 1.1532, 1.3468] = 456.2479, sampling [0.0, -0.8361, 1.0818]. Recommendation = [0.0, 1.1532, 1.3468], Current Cost = 73266.00, Rho = 1.000
(iter 221) [0.0, 1.1532, 1.3468] = 456.2479, sampling [0.0, 0.0634, 0.3437]. Recommendation = [0.0, 1.1532, 1.3468], Current Cost = 74266.00, Rho = 1.000
(iter 221) [0.0, 1.1532, 1.3468] = 456.2479, sampling [1.0, 0.2421, -1.4587]. Recommendation = [0.0, 1.1532, 1.3468], Current Cost = 75266.00, Rho = 1.000
(iter 221) [0.0, 1.1532, 1.3468] = 456.2479, sampling [1.0, -1.9806, -1.4176]. Recommendation = [0.0, 1.1532, 1.3468], Current Cost = 75267.00, Rho = 1.000
(iter 221) [0.0, 1.1532, 1.3468] = 456.2479, sampling [0.0, 0.7199, 0.9661]. Recommendation = [0.0, 1.1532, 1.3468], Current Cost = 75268.00, Rho = 1.000
(iter 221) [0.0, 1.1532, 1.3468] = 456.2479, sampling [1.0, 0.3154, 1.5976]. Recommendation = [0.0, 1.1532, 1.3468], Current Cost = 76268.00, Rho = 1.000
(iter 221) [0.0, 1.1532, 1.3468] = 456.2479, sampling [0.0, -0.3134, -0.3266]. Recommendation = [0.0, 1.1532, 1.3468], Current Cost = 76269.00, Rho = 1.000
(iter 221) [0.0, 1.1532, 1.3468] = 456.2479, sampling [1.0, 1.8129, 1.8428]. Recommendation = [0.0, 1.1532, 1.3468], Current Cost = 77269.00, Rho = 1.000
(iter 221) [0.0, 1.1532, 1.3468] = 456.2479, sampling [1.0, -0.5582, -1.2023]. Recommendation = [0.0, 1.1532, 1.3468], Current Cost = 77270.00, Rho = 1.000
(iter 221) [0.0, 1.1532, 1.3468] = 456.2479, sampling [1.0, 0.0452, 1.8286]. Recommendation = [0.0, 1.1532, 1.3468], Current Cost = 77271.00, Rho = 1.000
(iter 221) [0.0, 1.1532, 1.3468] = 456.2479, sampling [0.0, 0.4899, -0.2368]. Recommendation = [0.0, 1.1532, 1.3468], Current Cost = 77272.00, Rho = 1.000
(iter 221) [0.0, 1.1532, 1.3468] = 456.2479, sampling [0.0, 1.1284, 1.6839]. Recommendation = [0.0, 1.1532, 1.3468], Current Cost = 78272.00, Rho = 1.000
(iter 221) [0.0, 1.1532, 1.3468] = 456.2479, sampling [1.0, -0.4021, 1.4887]. Recommendation = [0.0, 1.1532, 1.3468], Current Cost = 79272.00, Rho = 1.000
(iter 221) [0.0, 1.1532, 1.3468] = 456.2479, sampling [0.0, -1.1095, 0.8802]. Recommendation = [0.0, 1.1532, 1.3468], Current Cost = 79273.00, Rho = 1.000
(iter 221) [0.0, 1.1532, 1.3468] = 456.2479, sampling [1.0, -1.9004, 1.5846]. Recommendation = [0.0, 1.1532, 1.3468], Current Cost = 80273.00, Rho = 1.000
(iter 221) [0.0, 1.1532, 1.3468] = 456.2479, sampling [0.0, -1.1285, 1.6402]. Recommendation = [0.0, 1.1532, 1.3468], Current Cost = 80274.00, Rho = 1.000
(iter 221) [0.0, 1.1532, 1.3468] = 456.2479, sampling [1.0, 0.4271, -0.9777]. Recommendation = [0.0, 1.1532, 1.3468], Current Cost = 81274.00, Rho = 1.000
(iter 221) [0.0, 1.1532, 1.3468] = 456.2479, sampling [0.0, 1.1403, 0.8571]. Recommendation = [0.0, 1.1532, 1.3468], Current Cost = 81275.00, Rho = 1.000
(iter 221) [0.0, 1.1532, 1.3468] = 456.2479, sampling [0.0, -0.0535, 0.3564]. Recommendation = [0.0, 1.1532, 1.3468], Current Cost = 82275.00, Rho = 1.000
(iter 221) [0.0, 1.1532, 1.3468] = 456.2479, sampling [1.0, 1.3413, 0.2755]. Recommendation = [0.0, 1.1532, 1.3468], Current Cost = 83275.00, Rho = 1.000
(iter 221) [0.0, 1.1532, 1.3468] = 456.2479, sampling [1.0, 1.7829, 1.4183]. Recommendation = [0.0, 1.1532, 1.3468], Current Cost = 83276.00, Rho = 1.000
(iter 221) [0.0, 1.1532, 1.3468] = 456.2479, sampling [1.0, -0.3275, 1.6649]. Recommendation = [0.0, 1.1532, 1.3468], Current Cost = 83277.00, Rho = 1.000
(iter 221) [0.0, 1.1532, 1.3468] = 456.2479, sampling [1.0, -1.4563, 0.5554]. Recommendation = [0.0, 1.1532, 1.3468], Current Cost = 83278.00, Rho = 1.000
(iter 221) [0.0, 1.1532, 1.3468] = 456.2479, sampling [1.0, -0.3327, -1.0402]. Recommendation = [0.0, 1.1532, 1.3468], Current Cost = 83279.00, Rho = 1.000
(iter 221) [0.0, 1.1532, 1.3468] = 456.2479, sampling [1.0, -0.0780, 1.5302]. Recommendation = [0.0, 1.1532, 1.3468], Current Cost = 83280.00, Rho = 1.000
(iter 221) [0.0, 1.1532, 1.3468] = 456.2479, sampling [0.0, -0.6720, 0.1231]. Recommendation = [0.0, 1.1532, 1.3468], Current Cost = 83281.00, Rho = 1.000
(iter 221) [0.0, 1.1532, 1.3468] = 456.2479, sampling [1.0, -0.3366, -1.6606]. Recommendation = [0.0, 1.1532, 1.3468], Current Cost = 84281.00, Rho = 1.000
(iter 221) [0.0, 1.1532, 1.3468] = 456.2479, sampling [1.0, -1.2585, 0.0479]. Recommendation = [0.0, 1.1532, 1.3468], Current Cost = 84282.00, Rho = 1.000
(iter 221) [0.0, 1.1532, 1.3468] = 456.2479, sampling [1.0, 1.7353, 1.1228]. Recommendation = [0.0, 1.1532, 1.3468], Current Cost = 84283.00, Rho = 1.000
(iter 221) [0.0, 1.1532, 1.3468] = 456.2479, sampling [1.0, -0.4264, 1.9636]. Recommendation = [0.0, 1.1532, 1.3468], Current Cost = 84284.00, Rho = 1.000
(iter 221) [0.0, 1.1532, 1.3468] = 456.2479, sampling [1.0, -0.6726, -1.0535]. Recommendation = [0.0, 1.1532, 1.3468], Current Cost = 84285.00, Rho = 1.000
(iter 221) [0.0, 1.1532, 1.3468] = 456.2479, sampling [0.0, 0.9414, 1.3225]. Recommendation = [0.0, 1.1532, 1.3468], Current Cost = 84286.00, Rho = 1.000
(iter 221) [0.0, 1.1532, 1.3468] = 456.2479, sampling [0.0, 0.1204, -0.5004]. Recommendation = [0.0, 1.1532, 1.3468], Current Cost = 85286.00, Rho = 1.000
(iter 221) [0.0, 1.1532, 1.3468] = 456.2479, sampling [0.0, 0.4215, 0.7000]. Recommendation = [0.0, 1.1532, 1.3468], Current Cost = 86286.00, Rho = 1.000
(iter 221) [0.0, 1.1532, 1.3468] = 456.2479, sampling [1.0, 0.2530, -1.6214]. Recommendation = [0.0, 1.1532, 1.3468], Current Cost = 87286.00, Rho = 1.000
(iter 221) [0.0, 1.1532, 1.3468] = 456.2479, sampling [1.0, 1.1475, -0.3796]. Recommendation = [0.0, 1.1532, 1.3468], Current Cost = 87287.00, Rho = 1.000
(iter 221) [0.0, 1.1532, 1.3468] = 456.2479, sampling [1.0, 0.5670, -1.1571]. Recommendation = [0.0, 1.1532, 1.3468], Current Cost = 87288.00, Rho = 1.000
(iter 221) [0.0, 1.1532, 1.3468] = 456.2479, sampling [1.0, -0.5489, 1.5823]. Recommendation = [0.0, 1.1532, 1.3468], Current Cost = 87289.00, Rho = 1.000
(iter 221) [0.0, 1.1532, 1.3468] = 456.2479, sampling [1.0, 1.5520, 0.9994]. Recommendation = [0.0, 1.1532, 1.3468], Current Cost = 87290.00, Rho = 1.000
(iter 221) [0.0, 1.1532, 1.3468] = 456.2479, sampling [1.0, -1.6514, 1.1492]. Recommendation = [0.0, 1.1532, 1.3468], Current Cost = 87291.00, Rho = 1.000
(iter 221) [0.0, 1.1532, 1.3468] = 456.2479, sampling [1.0, -0.4761, -1.1176]. Recommendation = [0.0, 1.1532, 1.3468], Current Cost = 87292.00, Rho = 1.000
(iter 221) [0.0, 1.1532, 1.3468] = 456.2479, sampling [1.0, 0.2830, -1.3140]. Recommendation = [0.0, 1.1532, 1.3468], Current Cost = 87293.00, Rho = 1.000
(iter 221) [0.0, 1.1532, 1.3468] = 456.2479, sampling [1.0, 0.0399, -1.6537]. Recommendation = [0.0, 1.1532, 1.3468], Current Cost = 87294.00, Rho = 1.000
(iter 221) [0.0, 1.1532, 1.3468] = 456.2479, sampling [0.0, 1.0034, 0.5104]. Recommendation = [0.0, 1.1532, 1.3468], Current Cost = 87295.00, Rho = 1.000
(iter 221) [0.0, 1.1532, 1.3468] = 456.2479, sampling [1.0, 0.4595, -1.3415]. Recommendation = [0.0, 1.1532, 1.3468], Current Cost = 88295.00, Rho = 1.000
(iter 221) [0.0, 1.1532, 1.3468] = 456.2479, sampling [1.0, 0.2924, 1.7162]. Recommendation = [0.0, 1.1532, 1.3468], Current Cost = 88296.00, Rho = 1.000
(iter 221) [0.0, 1.1532, 1.3468] = 456.2479, sampling [0.0, 0.8689, 0.2134]. Recommendation = [0.0, 1.1532, 1.3468], Current Cost = 88297.00, Rho = 1.000
(iter 221) [0.0, 1.1532, 1.3468] = 456.2479, sampling [1.0, -1.1688, 0.1405]. Recommendation = [0.0, 1.1532, 1.3468], Current Cost = 89297.00, Rho = 1.000
(iter 221) [0.0, 1.1532, 1.3468] = 456.2479, sampling [1.0, -1.4724, 0.2902]. Recommendation = [0.0, 1.1532, 1.3468], Current Cost = 89298.00, Rho = 1.000
(iter 221) [0.0, 1.1532, 1.3468] = 456.2479, sampling [0.0, 0.0698, 0.5204]. Recommendation = [0.0, 1.1532, 1.3468], Current Cost = 89299.00, Rho = 1.000
(iter 221) [0.0, 1.1532, 1.3468] = 456.2479, sampling [1.0, -1.5789, 1.2438]. Recommendation = [0.0, 1.1532, 1.3468], Current Cost = 90299.00, Rho = 1.000
(iter 221) [0.0, 1.1532, 1.3468] = 456.2479, sampling [0.0, 1.1763, 1.8729]. Recommendation = [0.0, 1.1532, 1.3468], Current Cost = 90300.00, Rho = 1.000
(iter 221) [0.0, 1.1532, 1.3468] = 456.2479, sampling [1.0, 1.3466, 0.5753]. Recommendation = [0.0, 1.1532, 1.3468], Current Cost = 91300.00, Rho = 1.000
(iter 221) [0.0, 1.1532, 1.3468] = 456.2479, sampling [1.0, -1.9926, 1.9405]. Recommendation = [0.0, 1.1532, 1.3468], Current Cost = 91301.00, Rho = 1.000
(iter 221) [0.0, 1.1532, 1.3468] = 456.2479, sampling [1.0, -0.2446, -1.4409]. Recommendation = [0.0, 1.1532, 1.3468], Current Cost = 91302.00, Rho = 1.000
(iter 221) [0.0, 1.1532, 1.3468] = 456.2479, sampling [1.0, -0.0398, -1.9035]. Recommendation = [0.0, 1.1532, 1.3468], Current Cost = 91303.00, Rho = 1.000
(iter 221) [0.0, 1.1532, 1.3468] = 456.2479, sampling [1.0, 1.5293, 0.0716]. Recommendation = [0.0, 1.1532, 1.3468], Current Cost = 91304.00, Rho = 1.000
(iter 221) [0.0, 1.1532, 1.3468] = 456.2479, sampling [0.0, 1.3149, 1.2690]. Recommendation = [0.0, 1.1532, 1.3468], Current Cost = 91305.00, Rho = 1.000
(iter 221) [0.0, 1.1532, 1.3468] = 456.2479, sampling [0.0, -0.4691, 0.7648]. Recommendation = [0.0, 1.1532, 1.3468], Current Cost = 92305.00, Rho = 1.000
(iter 221) [0.0, 1.1532, 1.3468] = 456.2479, sampling [0.0, 0.9714, 1.4679]. Recommendation = [0.0, 1.1532, 1.3468], Current Cost = 93305.00, Rho = 1.000
(iter 221) [0.0, 1.1532, 1.3468] = 456.2479, sampling [1.0, 1.7856, 1.6105]. Recommendation = [0.0, 1.1532, 1.3468], Current Cost = 94305.00, Rho = 1.000
(iter 221) [0.0, 1.1532, 1.3468] = 456.2479, sampling [1.0, 1.5762, 1.1311]. Recommendation = [0.0, 1.1532, 1.3468], Current Cost = 94306.00, Rho = 1.000
(iter 221) [0.0, 1.1532, 1.3468] = 456.2479, sampling [1.0, -0.2069, 1.4439]. Recommendation = [0.0, 1.1532, 1.3468], Current Cost = 94307.00, Rho = 1.000
(iter 221) [0.0, 1.1532, 1.3468] = 456.2479, sampling [1.0, -0.6461, -1.4755]. Recommendation = [0.0, 1.1532, 1.3468], Current Cost = 94308.00, Rho = 1.000
(iter 221) [0.0, 1.1532, 1.3468] = 456.2479, sampling [0.0, -0.7293, 0.0883]. Recommendation = [0.0, 1.1532, 1.3468], Current Cost = 94309.00, Rho = 1.000
(iter 221) [0.0, 1.1532, 1.3468] = 456.2479, sampling [1.0, -0.6482, -1.1677]. Recommendation = [0.0, 1.1532, 1.3468], Current Cost = 95309.00, Rho = 1.000
(iter 221) [0.0, 1.1532, 1.3468] = 456.2479, sampling [1.0, 0.5110, -1.5570]. Recommendation = [0.0, 1.1532, 1.3468], Current Cost = 95310.00, Rho = 1.000
(iter 221) [0.0, 1.1532, 1.3468] = 456.2479, sampling [0.0, 1.5252, 1.8237]. Recommendation = [0.0, 1.1532, 1.3468], Current Cost = 95311.00, Rho = 1.000
(iter 221) [0.0, 1.1532, 1.3468] = 456.2479, sampling [0.0, 1.2174, 0.9493]. Recommendation = [0.0, 1.1532, 1.3468], Current Cost = 96311.00, Rho = 1.000
(iter 221) [0.0, 1.1532, 1.3468] = 456.2479, sampling [0.0, 0.4388, -0.2996]. Recommendation = [0.0, 1.1532, 1.3468], Current Cost = 97311.00, Rho = 1.000
(iter 221) [0.0, 1.1532, 1.3468] = 456.2479, sampling [1.0, -0.8960, -1.0005]. Recommendation = [0.0, 1.1532, 1.3468], Current Cost = 98311.00, Rho = 1.000
(iter 221) [0.0, 1.1532, 1.3468] = 456.2479, sampling [1.0, 1.7172, 1.2783]. Recommendation = [0.0, 1.1532, 1.3468], Current Cost = 98312.00, Rho = 1.000
(iter 221) [0.0, 1.1532, 1.3468] = 456.2479, sampling [1.0, 1.5922, 0.4389]. Recommendation = [0.0, 1.1532, 1.3468], Current Cost = 98313.00, Rho = 1.000
(iter 221) [0.0, 1.1532, 1.3468] = 456.2479, sampling [1.0, -0.2509, -1.6118]. Recommendation = [0.0, 1.1532, 1.3468], Current Cost = 98314.00, Rho = 1.000
(iter 221) [0.0, 1.1532, 1.3468] = 456.2479, sampling [0.0, -0.8265, 1.2559]. Recommendation = [0.0, 1.1532, 1.3468], Current Cost = 98315.00, Rho = 1.000
(iter 221) [0.0, 1.1532, 1.3468] = 456.2479, sampling [1.0, -0.2348, -1.8184]. Recommendation = [0.0, 1.1532, 1.3468], Current Cost = 99315.00, Rho = 1.000
(iter 221) [0.0, 1.1532, 1.3468] = 456.2479, sampling [0.0, -0.0033, -0.5644]. Recommendation = [0.0, 1.1532, 1.3468], Current Cost = 99316.00, Rho = 1.000
