(iter 10) [0.0, 0.9832, 0.8982] = 455.8305, sampling [1.0, 1.1476, 1.2001]. Recommendation = [0.0, 0.9832, 0.8982], Current Cost = 5005.00, Rho = 1.000
(iter 10) [0.0, 0.9832, 0.8982] = 455.8305, sampling [1.0, 0.8563, 1.1947]. Recommendation = [0.0, 0.9832, 0.8982], Current Cost = 5006.00, Rho = 1.000
(iter 10) [0.0, 0.9832, 0.8982] = 455.8305, sampling [1.0, 0.9485, 1.0577]. Recommendation = [0.0, 0.9832, 0.8982], Current Cost = 5007.00, Rho = 1.000
(iter 10) [0.0, 0.9832, 0.8982] = 455.8305, sampling [1.0, 1.1585, 0.9162]. Recommendation = [0.0, 0.9832, 0.8982], Current Cost = 5008.00, Rho = 1.000
(iter 10) [0.0, 0.9832, 0.8982] = 455.8305, sampling [1.0, 1.1289, 1.4319]. Recommendation = [0.0, 1.0705, 0.9472], Current Cost = 5009.00, Rho = 1.000
(iter 10) [0.0, 0.9832, 0.8982] = 455.8305, sampling [1.0, 1.3492, 1.2958]. Recommendation = [0.0, 1.0705, 0.9472], Current Cost = 5010.00, Rho = 1.000
(iter 10) [0.0, 0.9832, 0.8982] = 455.8305, sampling [1.0, 0.6324, 0.7684]. Recommendation = [0.0, 1.0705, 0.9472], Current Cost = 5011.00, Rho = 1.000
(iter 10) [0.0, 0.9832, 0.8982] = 455.8305, sampling [1.0, 0.6822, 1.0266]. Recommendation = [0.0, 0.9702, 0.9440], Current Cost = 5012.00, Rho = 1.000
(iter 10) [0.0, 0.9832, 0.8982] = 455.8305, sampling [1.0, 0.8225, 0.8630]. Recommendation = [0.0, 0.9702, 0.9440], Current Cost = 5013.00, Rho = 1.000
(iter 10) [0.0, 0.9832, 0.8982] = 455.8305, sampling [1.0, 0.9204, 1.4390]. Recommendation = [0.0, 0.9702, 0.9440], Current Cost = 5014.00, Rho = 1.000
(iter 10) [0.0, 0.9832, 0.8982] = 455.8305, sampling [1.0, 0.7395, 0.5735]. Recommendation = [0.0, 0.9702, 0.9440], Current Cost = 5015.00, Rho = 1.000
(iter 10) [0.0, 0.9832, 0.8982] = 455.8305, sampling [1.0, 0.3164, 0.6888]. Recommendation = [0.0, 0.9702, 0.9440], Current Cost = 5016.00, Rho = 1.000
(iter 10) [0.0, 0.9832, 0.8982] = 455.8305, sampling [1.0, 0.3785, 1.0059]. Recommendation = [0.0, 0.9702, 0.9440], Current Cost = 5017.00, Rho = 1.000
(iter 10) [0.0, 0.9832, 0.8982] = 455.8305, sampling [1.0, 0.5292, 0.3853]. Recommendation = [0.0, 0.9702, 0.9440], Current Cost = 5018.00, Rho = 1.000
(iter 10) [0.0, 0.9832, 0.8982] = 455.8305, sampling [1.0, 0.9662, 0.4257]. Recommendation = [0.0, 0.9702, 0.9440], Current Cost = 5019.00, Rho = 1.000
(iter 10) [0.0, 0.9832, 0.8982] = 455.8305, sampling [1.0, 1.1926, 0.6751]. Recommendation = [0.0, 0.6483, 0.5418], Current Cost = 5020.00, Rho = 1.000
(iter 10) [0.0, 0.9832, 0.8982] = 455.8305, sampling [1.0, 0.1863, 0.3678]. Recommendation = [0.0, 0.6483, 0.5418], Current Cost = 5021.00, Rho = 1.000
(iter 10) [0.0, 0.9832, 0.8982] = 455.8305, sampling [1.0, -0.1661, 0.5061]. Recommendation = [0.0, 0.7395, 0.5735], Current Cost = 5022.00, Rho = 1.000
(iter 10) [0.0, 0.9832, 0.8982] = 455.8305, sampling [1.0, 0.0443, 0.6212]. Recommendation = [0.0, 0.7395, 0.5735], Current Cost = 5023.00, Rho = 1.000
(iter 10) [0.0, 0.9832, 0.8982] = 455.8305, sampling [1.0, -0.5939, 0.5020]. Recommendation = [0.0, 0.7395, 0.5735], Current Cost = 5024.00, Rho = 1.000
(iter 10) [0.0, 0.9832, 0.8982] = 455.8305, sampling [1.0, -0.3055, 0.8077]. Recommendation = [0.0, 0.7395, 0.5735], Current Cost = 5025.00, Rho = 1.000
(iter 10) [0.0, 0.9832, 0.8982] = 455.8305, sampling [1.0, -0.1564, 0.2466]. Recommendation = [0.0, 0.7395, 0.5735], Current Cost = 5026.00, Rho = 1.000
(iter 10) [0.0, 0.9832, 0.8982] = 455.8305, sampling [1.0, -0.3867, 0.4597]. Recommendation = [0.0, 0.7395, 0.5735], Current Cost = 5027.00, Rho = 1.000
(iter 10) [0.0, 0.9832, 0.8982] = 455.8305, sampling [1.0, 0.3538, 0.0456]. Recommendation = [0.0, 0.7395, 0.5735], Current Cost = 5028.00, Rho = 1.000
(iter 10) [0.0, 0.9832, 0.8982] = 455.8305, sampling [1.0, 0.7048, 0.1759]. Recommendation = [0.0, 0.7395, 0.5735], Current Cost = 5029.00, Rho = 1.000
(iter 10) [0.0, 0.9832, 0.8982] = 455.8305, sampling [1.0, 0.0586, 0.0571]. Recommendation = [0.0, 0.4274, 0.3160], Current Cost = 5030.00, Rho = 1.000
(iter 10) [0.0, 0.9832, 0.8982] = 455.8305, sampling [1.0, 0.2697, 0.1938]. Recommendation = [0.0, 0.2697, 0.1938], Current Cost = 5031.00, Rho = 1.000
(iter 10) [0.0, 0.9832, 0.8982] = 455.8305, sampling [1.0, -0.6163, 0.2684]. Recommendation = [0.0, 0.7395, 0.5735], Current Cost = 5032.00, Rho = 1.000
(iter 10) [0.0, 0.9832, 0.8982] = 455.8305, sampling [1.0, 0.5396, 0.2316]. Recommendation = [0.0, 0.7395, 0.5735], Current Cost = 5033.00, Rho = 1.000
(iter 10) [0.0, 0.9832, 0.8982] = 455.8305, sampling [1.0, -0.3504, 0.0533]. Recommendation = [0.0, 0.7395, 0.5735], Current Cost = 5034.00, Rho = 1.000
(iter 10) [0.0, 0.9832, 0.8982] = 455.8305, sampling [1.0, -0.8016, 0.5283]. Recommendation = [0.0, -0.5004, 0.3957], Current Cost = 5035.00, Rho = 1.000
(iter 10) [0.0, 0.9832, 0.8982] = 455.8305, sampling [1.0, 0.3202, -0.2135]. Recommendation = [0.0, -0.5004, 0.3957], Current Cost = 5036.00, Rho = 1.000
(iter 10) [0.0, 0.9832, 0.8982] = 455.8305, sampling [1.0, 0.5615, -0.1056]. Recommendation = [0.0, -0.5614, 0.4327], Current Cost = 5037.00, Rho = 1.000
(iter 10) [0.0, 0.9832, 0.8982] = 455.8305, sampling [1.0, -0.0479, -0.1930]. Recommendation = [0.0, -0.5614, 0.4327], Current Cost = 5038.00, Rho = 1.000
(iter 10) [0.0, 0.9832, 0.8982] = 455.8305, sampling [1.0, 0.0922, -0.1196]. Recommendation = [0.0, 0.1651, -0.0057], Current Cost = 5039.00, Rho = 1.000
(iter 10) [0.0, 0.9832, 0.8982] = 455.8305, sampling [1.0, -0.7255, 0.7506]. Recommendation = [0.0, 0.1651, -0.0057], Current Cost = 5040.00, Rho = 1.000
(iter 10) [0.0, 0.9832, 0.8982] = 455.8305, sampling [1.0, -0.5097, 0.7542]. Recommendation = [0.0, 0.1651, -0.0057], Current Cost = 5041.00, Rho = 1.000
(iter 10) [0.0, 0.9832, 0.8982] = 455.8305, sampling [1.0, -0.2491, -0.1355]. Recommendation = [0.0, 0.1651, -0.0057], Current Cost = 5042.00, Rho = 1.000
(iter 10) [0.0, 0.9832, 0.8982] = 455.8305, sampling [1.0, -0.4860, 0.1271]. Recommendation = [0.0, 0.0069, 0.0240], Current Cost = 5043.00, Rho = 1.000
(iter 10) [0.0, 0.9832, 0.8982] = 455.8305, sampling [1.0, 0.2106, 0.0751]. Recommendation = [0.0, 0.0069, 0.0240], Current Cost = 5044.00, Rho = 1.000
(iter 10) [0.0, 0.9832, 0.8982] = 455.8305, sampling [1.0, -0.7168, 0.4161]. Recommendation = [0.0, 0.0069, 0.0240], Current Cost = 5045.00, Rho = 1.000
(iter 10) [0.0, 0.9832, 0.8982] = 455.8305, sampling [1.0, 0.8911, 0.0824]. Recommendation = [0.0, 0.0069, 0.0240], Current Cost = 5046.00, Rho = 1.000
(iter 10) [0.0, 0.9832, 0.8982] = 455.8305, sampling [1.0, 1.3853, 0.9763]. Recommendation = [0.0, 0.0069, 0.0240], Current Cost = 5047.00, Rho = 1.000
(iter 10) [0.0, 0.9832, 0.8982] = 455.8305, sampling [1.0, -0.5004, 0.3957]. Recommendation = [0.0, 0.0069, 0.0240], Current Cost = 5048.00, Rho = 1.000
(iter 10) [0.0, 0.9832, 0.8982] = 455.8305, sampling [1.0, 0.4274, 0.3160]. Recommendation = [0.0, 0.0069, 0.0240], Current Cost = 5049.00, Rho = 1.000
(iter 10) [0.0, 0.9832, 0.8982] = 455.8305, sampling [1.0, 0.7749, 0.7280]. Recommendation = [0.0, 0.0069, 0.0240], Current Cost = 5050.00, Rho = 1.000
(iter 10) [0.0, 0.9832, 0.8982] = 455.8305, sampling [1.0, 0.3716, -0.5055]. Recommendation = [0.0, 0.0069, 0.0240], Current Cost = 5051.00, Rho = 1.000
(iter 10) [0.0, 0.9832, 0.8982] = 455.8305, sampling [1.0, 0.0702, -0.2757]. Recommendation = [0.0, 0.0069, 0.0240], Current Cost = 5052.00, Rho = 1.000
(iter 10) [0.0, 0.9832, 0.8982] = 455.8305, sampling [1.0, 0.7926, -0.3375]. Recommendation = [0.0, 0.0069, 0.0240], Current Cost = 5053.00, Rho = 1.000
(iter 10) [0.0, 0.9832, 0.8982] = 455.8305, sampling [1.0, -0.6637, 0.6324]. Recommendation = [0.0, 0.0069, 0.0240], Current Cost = 5054.00, Rho = 1.000
(iter 10) [0.0, 0.9832, 0.8982] = 455.8305, sampling [1.0, 0.4884, -0.3351]. Recommendation = [0.0, 0.0069, 0.0240], Current Cost = 5055.00, Rho = 1.000
(iter 10) [0.0, 0.9832, 0.8982] = 455.8305, sampling [1.0, 0.6483, 0.5418]. Recommendation = [0.0, 0.0069, 0.0240], Current Cost = 5056.00, Rho = 1.000
(iter 10) [0.0, 0.9832, 0.8982] = 455.8305, sampling [1.0, 0.5554, 1.3778]. Recommendation = [0.0, 0.0069, 0.0240], Current Cost = 5057.00, Rho = 1.000
(iter 10) [0.0, 0.9832, 0.8982] = 455.8305, sampling [1.0, -0.0847, 1.1552]. Recommendation = [0.0, 0.0069, 0.0240], Current Cost = 5058.00, Rho = 1.000
(iter 10) [0.0, 0.9832, 0.8982] = 455.8305, sampling [1.0, -0.8465, 0.2073]. Recommendation = [0.0, 0.0069, 0.0240], Current Cost = 5059.00, Rho = 1.000
(iter 10) [0.0, 0.9832, 0.8982] = 455.8305, sampling [1.0, -0.1778, -0.4427]. Recommendation = [0.0, 0.0069, 0.0240], Current Cost = 5060.00, Rho = 1.000
(iter 10) [0.0, 0.9832, 0.8982] = 455.8305, sampling [1.0, 0.1392, -0.6287]. Recommendation = [0.0, 0.0069, 0.0240], Current Cost = 5061.00, Rho = 1.000
(iter 10) [0.0, 0.9832, 0.8982] = 455.8305, sampling [1.0, -0.3323, 0.6427]. Recommendation = [0.0, 0.0069, 0.0240], Current Cost = 5062.00, Rho = 1.000
(iter 10) [0.0, 0.9832, 0.8982] = 455.8305, sampling [1.0, -0.9556, 0.4648]. Recommendation = [0.0, 0.0069, 0.0240], Current Cost = 5063.00, Rho = 1.000
(iter 10) [0.0, 0.9832, 0.8982] = 455.8305, sampling [1.0, -0.6788, 0.1304]. Recommendation = [0.0, 0.0069, 0.0240], Current Cost = 5064.00, Rho = 1.000
(iter 10) [0.0, 0.9832, 0.8982] = 455.8305, sampling [1.0, -0.4958, -0.2600]. Recommendation = [0.0, 0.7395, 0.5735], Current Cost = 5065.00, Rho = 1.000
(iter 10) [0.0, 0.9832, 0.8982] = 455.8305, sampling [1.0, -0.3793, -0.0507]. Recommendation = [0.0, 0.7395, 0.5735], Current Cost = 5066.00, Rho = 1.000
(iter 10) [0.0, 0.9832, 0.8982] = 455.8305, sampling [1.0, 1.0853, 1.7061]. Recommendation = [0.0, 0.7395, 0.5735], Current Cost = 5067.00, Rho = 1.000
(iter 10) [0.0, 0.9832, 0.8982] = 455.8305, sampling [1.0, -0.9111, 0.6550]. Recommendation = [0.0, 0.7395, 0.5735], Current Cost = 5068.00, Rho = 1.000
(iter 10) [0.0, 0.9832, 0.8982] = 455.8305, sampling [1.0, 0.5923, 0.1488]. Recommendation = [0.0, 0.7395, 0.5735], Current Cost = 5069.00, Rho = 1.000
(iter 10) [0.0, 0.9832, 0.8982] = 455.8305, sampling [1.0, 1.0314, 1.5750]. Recommendation = [0.0, 0.7395, 0.5735], Current Cost = 5070.00, Rho = 1.000
(iter 10) [0.0, 0.9832, 0.8982] = 455.8305, sampling [1.0, 0.1651, -0.0057]. Recommendation = [0.0, 0.7395, 0.5735], Current Cost = 5071.00, Rho = 1.000
(iter 10) [0.0, 0.9832, 0.8982] = 455.8305, sampling [1.0, 0.4701, -0.0938]. Recommendation = [0.0, 0.7395, 0.5735], Current Cost = 5072.00, Rho = 1.000
(iter 10) [0.0, 0.9832, 0.8982] = 455.8305, sampling [1.0, 1.2719, 0.4004]. Recommendation = [0.0, 0.7395, 0.5735], Current Cost = 5073.00, Rho = 1.000
(iter 10) [0.0, 0.9832, 0.8982] = 455.8305, sampling [1.0, 1.1072, 0.7819]. Recommendation = [0.0, 0.7395, 0.5735], Current Cost = 5074.00, Rho = 1.000
(iter 10) [0.0, 0.9832, 0.8982] = 455.8305, sampling [1.0, -0.8216, 1.0545]. Recommendation = [0.0, 0.7395, 0.5735], Current Cost = 5075.00, Rho = 1.000
(iter 10) [0.0, 0.9832, 0.8982] = 455.8305, sampling [1.0, -0.5780, 0.9051]. Recommendation = [0.0, 0.7395, 0.5735], Current Cost = 5076.00, Rho = 1.000
(iter 10) [0.0, 0.9832, 0.8982] = 455.8305, sampling [1.0, -0.6300, 1.1722]. Recommendation = [0.0, 0.7395, 0.5735], Current Cost = 5077.00, Rho = 1.000
(iter 10) [0.0, 0.9832, 0.8982] = 455.8305, sampling [1.0, -0.0668, -0.5911]. Recommendation = [0.0, 0.7395, 0.5735], Current Cost = 5078.00, Rho = 1.000
(iter 10) [0.0, 0.9832, 0.8982] = 455.8305, sampling [1.0, 0.8043, 0.9635]. Recommendation = [0.0, 0.7395, 0.5735], Current Cost = 5079.00, Rho = 1.000
(iter 10) [0.0, 0.9832, 0.8982] = 455.8305, sampling [1.0, 1.5526, 1.4773]. Recommendation = [0.0, 0.7395, 0.5735], Current Cost = 5080.00, Rho = 1.000
(iter 10) [0.0, 0.9832, 0.8982] = 455.8305, sampling [1.0, -0.3921, -0.3586]. Recommendation = [0.0, 0.7395, 0.5735], Current Cost = 5081.00, Rho = 1.000
(iter 10) [0.0, 0.9832, 0.8982] = 455.8305, sampling [1.0, 0.5261, -0.6958]. Recommendation = [0.0, 0.7395, 0.5735], Current Cost = 5082.00, Rho = 1.000
(iter 10) [0.0, 0.9832, 0.8982] = 455.8305, sampling [1.0, -1.0007, 1.0365]. Recommendation = [0.0, 0.7395, 0.5735], Current Cost = 5083.00, Rho = 1.000
(iter 10) [0.0, 0.9832, 0.8982] = 455.8305, sampling [1.0, -0.9932, 0.7211]. Recommendation = [0.0, 0.7395, 0.5735], Current Cost = 5084.00, Rho = 1.000
(iter 10) [0.0, 0.9832, 0.8982] = 455.8305, sampling [1.0, 0.0069, 0.0240]. Recommendation = [0.0, 0.7395, 0.5735], Current Cost = 5085.00, Rho = 1.000
(iter 10) [0.0, 0.9832, 0.8982] = 455.8305, sampling [1.0, 0.7655, 1.8088]. Recommendation = [0.0, 0.7395, 0.5735], Current Cost = 5086.00, Rho = 1.000
(iter 10) [0.0, 0.9832, 0.8982] = 455.8305, sampling [1.0, -1.2416, 0.8177]. Recommendation = [0.0, 0.7395, 0.5735], Current Cost = 5087.00, Rho = 1.000
(iter 10) [0.0, 0.9832, 0.8982] = 455.8305, sampling [1.0, -1.0893, 0.6037]. Recommendation = [0.0, 0.7395, 0.5735], Current Cost = 5088.00, Rho = 1.000
(iter 10) [0.0, 0.9832, 0.8982] = 455.8305, sampling [1.0, 1.0705, 0.9472]. Recommendation = [0.0, 0.7395, 0.5735], Current Cost = 5089.00, Rho = 1.000
(iter 10) [0.0, 0.9832, 0.8982] = 455.8305, sampling [1.0, 0.3290, -0.1400]. Recommendation = [0.0, 0.7395, 0.5735], Current Cost = 5090.00, Rho = 1.000
(iter 10) [0.0, 0.9832, 0.8982] = 455.8305, sampling [1.0, 0.1284, 0.7174]. Recommendation = [0.0, 0.7395, 0.5735], Current Cost = 5091.00, Rho = 1.000
(iter 10) [0.0, 0.9832, 0.8982] = 455.8305, sampling [1.0, -0.4186, 0.5566]. Recommendation = [0.0, 0.7395, 0.5735], Current Cost = 5092.00, Rho = 1.000
(iter 10) [0.0, 0.9832, 0.8982] = 455.8305, sampling [1.0, 1.2012, 1.7907]. Recommendation = [0.0, 0.7395, 0.5735], Current Cost = 5093.00, Rho = 1.000
(iter 10) [0.0, 0.9832, 0.8982] = 455.8305, sampling [1.0, 0.4040, 0.6989]. Recommendation = [0.0, 0.7395, 0.5735], Current Cost = 5094.00, Rho = 1.000
(iter 10) [0.0, 0.9832, 0.8982] = 455.8305, sampling [1.0, -0.7475, 0.0076]. Recommendation = [0.0, 0.7395, 0.5735], Current Cost = 5095.00, Rho = 1.000
(iter 10) [0.0, 0.9832, 0.8982] = 455.8305, sampling [1.0, 1.3583, 1.9436]. Recommendation = [0.0, 0.7395, 0.5735], Current Cost = 5096.00, Rho = 1.000
(iter 10) [0.0, 0.9832, 0.8982] = 455.8305, sampling [1.0, 1.1249, 1.9617]. Recommendation = [0.0, 0.7395, 0.5735], Current Cost = 5097.00, Rho = 1.000
(iter 10) [0.0, 0.9832, 0.8982] = 455.8305, sampling [1.0, 1.5337, 1.8074]. Recommendation = [0.0, 0.7395, 0.5735], Current Cost = 5098.00, Rho = 1.000
(iter 10) [0.0, 0.9832, 0.8982] = 455.8305, sampling [1.0, 0.1090, -0.9171]. Recommendation = [0.0, 0.7395, 0.5735], Current Cost = 5099.00, Rho = 1.000
(iter 10) [0.0, 0.9832, 0.8982] = 455.8305, sampling [1.0, -0.7769, 1.3534]. Recommendation = [0.0, 0.7395, 0.5735], Current Cost = 5100.00, Rho = 1.000
(iter 10) [0.0, 0.9832, 0.8982] = 455.8305, sampling [1.0, -0.4562, 1.4070]. Recommendation = [0.0, 0.7395, 0.5735], Current Cost = 5101.00, Rho = 1.000
(iter 10) [0.0, 0.9832, 0.8982] = 455.8305, sampling [1.0, -1.2544, 1.3295]. Recommendation = [0.0, 0.7395, 0.5735], Current Cost = 5102.00, Rho = 1.000
(iter 10) [0.0, 0.9832, 0.8982] = 455.8305, sampling [1.0, -1.0963, 1.5955]. Recommendation = [0.0, 0.7395, 0.5735], Current Cost = 5103.00, Rho = 1.000
(iter 10) [0.0, 0.9832, 0.8982] = 455.8305, sampling [1.0, -0.8864, 1.6653]. Recommendation = [0.0, 0.7395, 0.5735], Current Cost = 5104.00, Rho = 1.000
(iter 10) [0.0, 0.9832, 0.8982] = 455.8305, sampling [1.0, -0.9618, 1.0900]. Recommendation = [0.0, 0.7395, 0.5735], Current Cost = 5105.00, Rho = 1.000
(iter 10) [0.0, 0.9832, 0.8982] = 455.8305, sampling [1.0, -1.3593, 1.4486]. Recommendation = [0.0, 0.7395, 0.5735], Current Cost = 5106.00, Rho = 1.000
(iter 10) [0.0, 0.9832, 0.8982] = 455.8305, sampling [1.0, -1.4983, 1.1122]. Recommendation = [0.0, 0.7395, 0.5735], Current Cost = 5107.00, Rho = 1.000
(iter 10) [0.0, 0.9832, 0.8982] = 455.8305, sampling [1.0, -1.2105, 1.6818]. Recommendation = [0.0, 0.7395, 0.5735], Current Cost = 5108.00, Rho = 1.000
(iter 10) [0.0, 0.9832, 0.8982] = 455.8305, sampling [1.0, -1.4405, 1.6597]. Recommendation = [0.0, 0.7395, 0.5735], Current Cost = 5109.00, Rho = 1.000
(iter 10) [0.0, 0.9832, 0.8982] = 455.8305, sampling [1.0, 0.1466, 1.6052]. Recommendation = [0.0, 0.7395, 0.5735], Current Cost = 5110.00, Rho = 1.000
(iter 10) [0.0, 0.9832, 0.8982] = 455.8305, sampling [1.0, 0.7255, 0.1004]. Recommendation = [0.0, 0.7395, 0.5735], Current Cost = 5111.00, Rho = 1.000
(iter 10) [0.0, 0.9832, 0.8982] = 455.8305, sampling [1.0, 0.7455, 1.1616]. Recommendation = [0.0, 0.7395, 0.5735], Current Cost = 5112.00, Rho = 1.000
(iter 10) [0.0, 0.9832, 0.8982] = 455.8305, sampling [1.0, 1.2809, 1.3095]. Recommendation = [0.0, 0.7395, 0.5735], Current Cost = 5113.00, Rho = 1.000
(iter 10) [0.0, 0.9832, 0.8982] = 455.8305, sampling [1.0, -0.2908, 0.5132]. Recommendation = [0.0, 0.7395, 0.5735], Current Cost = 5114.00, Rho = 1.000
(iter 10) [0.0, 0.9832, 0.8982] = 455.8305, sampling [1.0, -0.2997, 0.9695]. Recommendation = [0.0, 0.7395, 0.5735], Current Cost = 5115.00, Rho = 1.000
(iter 10) [0.0, 0.9832, 0.8982] = 455.8305, sampling [1.0, -0.1518, -0.7548]. Recommendation = [0.0, 0.7395, 0.5735], Current Cost = 5116.00, Rho = 1.000
(iter 10) [0.0, 0.9832, 0.8982] = 455.8305, sampling [1.0, 0.6590, -0.2810]. Recommendation = [0.0, 0.7395, 0.5735], Current Cost = 5117.00, Rho = 1.000
(iter 10) [0.0, 0.9832, 0.8982] = 455.8305, sampling [1.0, -1.6511, 1.5382]. Recommendation = [0.0, 0.7395, 0.5735], Current Cost = 5118.00, Rho = 1.000
(iter 10) [0.0, 0.9832, 0.8982] = 455.8305, sampling [1.0, 0.2510, -0.6465]. Recommendation = [0.0, 0.7395, 0.5735], Current Cost = 5119.00, Rho = 1.000
(iter 10) [0.0, 0.9832, 0.8982] = 455.8305, sampling [1.0, -0.5614, 0.4327]. Recommendation = [0.0, 0.7395, 0.5735], Current Cost = 5120.00, Rho = 1.000
(iter 10) [0.0, 0.9832, 0.8982] = 455.8305, sampling [1.0, 1.0783, 1.5165]. Recommendation = [0.0, 0.7395, 0.5735], Current Cost = 5121.00, Rho = 1.000
(iter 10) [0.0, 0.9832, 0.8982] = 455.8305, sampling [1.0, 0.6110, -0.4745]. Recommendation = [0.0, 0.7395, 0.5735], Current Cost = 5122.00, Rho = 1.000
(iter 10) [0.0, 0.9832, 0.8982] = 455.8305, sampling [1.0, -1.3990, 1.7461]. Recommendation = [0.0, 0.7395, 0.5735], Current Cost = 5123.00, Rho = 1.000
(iter 10) [0.0, 0.9832, 0.8982] = 455.8305, sampling [1.0, -0.9176, 1.8606]. Recommendation = [0.0, 0.7395, 0.5735], Current Cost = 5124.00, Rho = 1.000
(iter 10) [0.0, 0.9832, 0.8982] = 455.8305, sampling [1.0, 0.1216, -0.0590]. Recommendation = [0.0, 0.7395, 0.5735], Current Cost = 5125.00, Rho = 1.000
(iter 10) [0.0, 0.9832, 0.8982] = 455.8305, sampling [1.0, 1.0430, 1.8411]. Recommendation = [0.0, 0.7395, 0.5735], Current Cost = 5126.00, Rho = 1.000
(iter 10) [0.0, 0.9832, 0.8982] = 455.8305, sampling [1.0, -0.6927, 0.5901]. Recommendation = [0.0, 0.7395, 0.5735], Current Cost = 5127.00, Rho = 1.000
(iter 10) [0.0, 0.9832, 0.8982] = 455.8305, sampling [1.0, 1.1878, 1.2271]. Recommendation = [0.0, 0.7395, 0.5735], Current Cost = 5128.00, Rho = 1.000
(iter 10) [0.0, 0.9832, 0.8982] = 455.8305, sampling [1.0, -0.9874, 0.3403]. Recommendation = [0.0, 0.7395, 0.5735], Current Cost = 5129.00, Rho = 1.000
(iter 10) [0.0, 0.9832, 0.8982] = 455.8305, sampling [1.0, 1.3207, -0.1629]. Recommendation = [0.0, 0.7395, 0.5735], Current Cost = 5130.00, Rho = 1.000
(iter 10) [0.0, 0.9832, 0.8982] = 455.8305, sampling [1.0, 0.2235, 1.0205]. Recommendation = [0.0, 0.7395, 0.5735], Current Cost = 5131.00, Rho = 1.000
(iter 10) [0.0, 0.9832, 0.8982] = 455.8305, sampling [1.0, 0.9702, 0.9440]. Recommendation = [0.0, 0.7395, 0.5735], Current Cost = 5132.00, Rho = 1.000
(iter 10) [0.0, 0.9832, 0.8982] = 455.8305, sampling [1.0, 0.0105, -0.2292]. Recommendation = [0.0, 0.7395, 0.5735], Current Cost = 5133.00, Rho = 1.000
(iter 10) [0.0, 0.9832, 0.8982] = 455.8305, sampling [1.0, 1.4678, 1.2469]. Recommendation = [0.0, 0.7395, 0.5735], Current Cost = 5134.00, Rho = 1.000
(iter 10) [0.0, 0.9832, 0.8982] = 455.8305, sampling [1.0, 0.9029, 1.6427]. Recommendation = [0.0, 0.7395, 0.5735], Current Cost = 5135.00, Rho = 1.000
(iter 10) [0.0, 0.9832, 0.8982] = 455.8305, sampling [1.0, 0.5078, -0.9336]. Recommendation = [0.0, 0.7395, 0.5735], Current Cost = 5136.00, Rho = 1.000
(iter 10) [0.0, 0.9832, 0.8982] = 455.8305, sampling [1.0, 0.7872, 0.8333]. Recommendation = [0.0, 0.7395, 0.5735], Current Cost = 5137.00, Rho = 1.000
(iter 10) [0.0, 0.9832, 0.8982] = 455.8305, sampling [1.0, -0.1199, 0.2368]. Recommendation = [0.0, 0.7395, 0.5735], Current Cost = 5138.00, Rho = 1.000
(iter 10) [0.0, 0.9832, 0.8982] = 455.8305, sampling [1.0, -0.2307, -0.4902]. Recommendation = [0.0, 0.7395, 0.5735], Current Cost = 5139.00, Rho = 1.000
(iter 10) [0.0, 0.9832, 0.8982] = 455.8305, sampling [1.0, -0.7536, 0.4444]. Recommendation = [0.0, 0.7395, 0.5735], Current Cost = 5140.00, Rho = 1.000
(iter 10) [0.0, 0.9832, 0.8982] = 455.8305, sampling [1.0, -0.4240, 1.9253]. Recommendation = [0.0, 0.7395, 0.5735], Current Cost = 5141.00, Rho = 1.000
(iter 10) [0.0, 0.9832, 0.8982] = 455.8305, sampling [1.0, 1.5967, 1.9316]. Recommendation = [0.0, 0.7395, 0.5735], Current Cost = 5142.00, Rho = 1.000
(iter 10) [0.0, 0.9832, 0.8982] = 455.8305, sampling [1.0, -0.6539, 0.2764]. Recommendation = [0.0, 0.7395, 0.5735], Current Cost = 5143.00, Rho = 1.000
(iter 10) [0.0, 0.9832, 0.8982] = 455.8305, sampling [1.0, 0.4452, 1.1278]. Recommendation = [0.0, 0.7395, 0.5735], Current Cost = 5144.00, Rho = 1.000
(iter 10) [0.0, 0.9832, 0.8982] = 455.8305, sampling [1.0, -0.0390, -0.6782]. Recommendation = [0.0, 0.7395, 0.5735], Current Cost = 5145.00, Rho = 1.000
(iter 10) [0.0, 0.9832, 0.8982] = 455.8305, sampling [1.0, 1.2211, 0.7897]. Recommendation = [0.0, 0.7395, 0.5735], Current Cost = 5146.00, Rho = 1.000
(iter 10) [0.0, 0.9832, 0.8982] = 455.8305, sampling [1.0, -1.2337, 0.5506]. Recommendation = [0.0, 0.7395, 0.5735], Current Cost = 5147.00, Rho = 1.000
(iter 10) [0.0, 0.9832, 0.8982] = 455.8305, sampling [1.0, -0.0540, -0.2341]. Recommendation = [0.0, 0.7395, 0.5735], Current Cost = 5148.00, Rho = 1.000
(iter 10) [0.0, 0.9832, 0.8982] = 455.8305, sampling [1.0, -0.7355, -0.2494]. Recommendation = [0.0, 0.7395, 0.5735], Current Cost = 5149.00, Rho = 1.000
(iter 10) [0.0, 0.9832, 0.8982] = 455.8305, sampling [1.0, -1.1548, 1.6791]. Recommendation = [0.0, 0.7395, 0.5735], Current Cost = 5150.00, Rho = 1.000
(iter 10) [0.0, 0.9832, 0.8982] = 455.8305, sampling [1.0, -1.2886, 1.2968]. Recommendation = [0.0, 0.7395, 0.5735], Current Cost = 5151.00, Rho = 1.000
(iter 10) [0.0, 0.9832, 0.8982] = 455.8305, sampling [1.0, -1.3793, 0.9219]. Recommendation = [0.0, 0.7395, 0.5735], Current Cost = 5152.00, Rho = 1.000
(iter 10) [0.0, 0.9832, 0.8982] = 455.8305, sampling [1.0, -1.0746, 0.4958]. Recommendation = [0.0, 0.7395, 0.5735], Current Cost = 5153.00, Rho = 1.000
(iter 10) [0.0, 0.9832, 0.8982] = 455.8305, sampling [1.0, 0.9987, 1.4998]. Recommendation = [0.0, 0.7395, 0.5735], Current Cost = 5154.00, Rho = 1.000
(iter 10) [0.0, 0.9832, 0.8982] = 455.8305, sampling [1.0, 1.7776, 1.0123]. Recommendation = [0.0, 0.7395, 0.5735], Current Cost = 5155.00, Rho = 1.000
(iter 10) [0.0, 0.9832, 0.8982] = 455.8305, sampling [1.0, 1.1423, 1.8327]. Recommendation = [0.0, 0.7395, 0.5735], Current Cost = 5156.00, Rho = 1.000
(iter 10) [0.0, 0.9832, 0.8982] = 455.8305, sampling [1.0, -0.4112, -0.4275]. Recommendation = [0.0, 0.7395, 0.5735], Current Cost = 5157.00, Rho = 1.000
(iter 10) [0.0, 0.9832, 0.8982] = 455.8305, sampling [1.0, -0.3258, 1.1818]. Recommendation = [0.0, 0.7395, 0.5735], Current Cost = 5158.00, Rho = 1.000
(iter 10) [0.0, 0.9832, 0.8982] = 455.8305, sampling [1.0, -0.2398, -0.9668]. Recommendation = [0.0, 0.7395, 0.5735], Current Cost = 5159.00, Rho = 1.000
(iter 10) [0.0, 0.9832, 0.8982] = 455.8305, sampling [1.0, 0.0550, -1.1948]. Recommendation = [0.0, 0.7395, 0.5735], Current Cost = 5160.00, Rho = 1.000
(iter 10) [0.0, 0.9832, 0.8982] = 455.8305, sampling [1.0, -0.2665, 0.5661]. Recommendation = [0.0, 0.7395, 0.5735], Current Cost = 5161.00, Rho = 1.000
(iter 10) [0.0, 0.9832, 0.8982] = 455.8305, sampling [1.0, 1.4254, 1.3428]. Recommendation = [0.0, 0.7395, 0.5735], Current Cost = 5162.00, Rho = 1.000
(iter 10) [0.0, 0.9832, 0.8982] = 455.8305, sampling [1.0, -1.7637, 1.8959]. Recommendation = [0.0, 0.7395, 0.5735], Current Cost = 5163.00, Rho = 1.000
(iter 10) [0.0, 0.9832, 0.8982] = 455.8305, sampling [1.0, 1.5713, 1.7349]. Recommendation = [0.0, 0.7395, 0.5735], Current Cost = 5164.00, Rho = 1.000
(iter 10) [0.0, 0.9832, 0.8982] = 455.8305, sampling [1.0, 0.3088, -1.1404]. Recommendation = [0.0, 0.7395, 0.5735], Current Cost = 5165.00, Rho = 1.000
(iter 10) [0.0, 0.9832, 0.8982] = 455.8305, sampling [1.0, 0.7585, 1.2232]. Recommendation = [0.0, 0.7395, 0.5735], Current Cost = 5166.00, Rho = 1.000
(iter 10) [0.0, 0.9832, 0.8982] = 455.8305, sampling [1.0, 0.1524, 0.6597]. Recommendation = [0.0, 0.7395, 0.5735], Current Cost = 5167.00, Rho = 1.000
(iter 10) [0.0, 0.9832, 0.8982] = 455.8305, sampling [1.0, 0.3951, -0.4549]. Recommendation = [0.0, 0.7395, 0.5735], Current Cost = 5168.00, Rho = 1.000
(iter 10) [0.0, 0.9832, 0.8982] = 455.8305, sampling [1.0, 1.3124, 1.2602]. Recommendation = [0.0, 0.7395, 0.5735], Current Cost = 5169.00, Rho = 1.000
(iter 10) [0.0, 0.9832, 0.8982] = 455.8305, sampling [1.0, -0.1213, -0.8466]. Recommendation = [0.0, 0.7395, 0.5735], Current Cost = 5170.00, Rho = 1.000
(iter 10) [0.0, 0.9832, 0.8982] = 455.8305, sampling [1.0, 0.9356, -0.9579]. Recommendation = [0.0, 0.7395, 0.5735], Current Cost = 5171.00, Rho = 1.000
(iter 10) [0.0, 0.9832, 0.8982] = 455.8305, sampling [1.0, 0.8393, 1.9991]. Recommendation = [0.0, 0.7395, 0.5735], Current Cost = 5172.00, Rho = 1.000
(iter 10) [0.0, 0.9832, 0.8982] = 455.8305, sampling [1.0, -0.1438, -0.6698]. Recommendation = [0.0, 0.7395, 0.5735], Current Cost = 5173.00, Rho = 1.000
(iter 10) [0.0, 0.9832, 0.8982] = 455.8305, sampling [1.0, -0.6716, -0.3102]. Recommendation = [0.0, 0.7395, 0.5735], Current Cost = 5174.00, Rho = 1.000
(iter 10) [0.0, 0.9832, 0.8982] = 455.8305, sampling [1.0, -1.5899, 1.3647]. Recommendation = [0.0, 0.7395, 0.5735], Current Cost = 5175.00, Rho = 1.000
(iter 10) [0.0, 0.9832, 0.8982] = 455.8305, sampling [1.0, -0.6851, 1.3943]. Recommendation = [0.0, 0.7395, 0.5735], Current Cost = 5176.00, Rho = 1.000
(iter 10) [0.0, 0.9832, 0.8982] = 455.8305, sampling [1.0, -1.2286, 0.7400]. Recommendation = [0.0, 0.7395, 0.5735], Current Cost = 5177.00, Rho = 1.000
(iter 10) [0.0, 0.9832, 0.8982] = 455.8305, sampling [1.0, 0.5171, 1.6208]. Recommendation = [0.0, 0.7395, 0.5735], Current Cost = 5178.00, Rho = 1.000
(iter 10) [0.0, 0.9832, 0.8982] = 455.8305, sampling [1.0, -0.4674, -0.2977]. Recommendation = [0.0, 0.7395, 0.5735], Current Cost = 5179.00, Rho = 1.000
(iter 10) [0.0, 0.9832, 0.8982] = 455.8305, sampling [1.0, 0.9384, 1.5482]. Recommendation = [0.0, 0.7395, 0.5735], Current Cost = 5180.00, Rho = 1.000
(iter 10) [0.0, 0.9832, 0.8982] = 455.8305, sampling [1.0, 1.7435, 1.9774]. Recommendation = [0.0, 0.7395, 0.5735], Current Cost = 5181.00, Rho = 1.000
(iter 10) [0.0, 0.9832, 0.8982] = 455.8305, sampling [1.0, 0.0232, 0.6676]. Recommendation = [0.0, 0.7395, 0.5735], Current Cost = 5182.00, Rho = 1.000
(iter 10) [0.0, 0.9832, 0.8982] = 455.8305, sampling [1.0, -0.2232, 0.9358]. Recommendation = [0.0, 0.7395, 0.5735], Current Cost = 5183.00, Rho = 1.000
(iter 10) [0.0, 0.9832, 0.8982] = 455.8305, sampling [1.0, -0.7039, -0.5195]. Recommendation = [0.0, 0.7395, 0.5735], Current Cost = 5184.00, Rho = 1.000
(iter 10) [0.0, 0.9832, 0.8982] = 455.8305, sampling [1.0, 0.8480, 0.1048]. Recommendation = [0.0, 0.7395, 0.5735], Current Cost = 5185.00, Rho = 1.000
(iter 10) [0.0, 0.9832, 0.8982] = 455.8305, sampling [1.0, -0.5363, 1.2696]. Recommendation = [0.0, 0.7395, 0.5735], Current Cost = 5186.00, Rho = 1.000
(iter 10) [0.0, 0.9832, 0.8982] = 455.8305, sampling [1.0, -0.5247, -0.2907]. Recommendation = [0.0, 0.7395, 0.5735], Current Cost = 5187.00, Rho = 1.000
(iter 10) [0.0, 0.9832, 0.8982] = 455.8305, sampling [1.0, 0.6790, -0.6577]. Recommendation = [0.0, 0.7395, 0.5735], Current Cost = 5188.00, Rho = 1.000
(iter 10) [0.0, 0.9832, 0.8982] = 455.8305, sampling [1.0, 0.3662, 1.3866]. Recommendation = [0.0, 0.7395, 0.5735], Current Cost = 5189.00, Rho = 1.000
(iter 10) [0.0, 0.9832, 0.8982] = 455.8305, sampling [1.0, -0.5920, 1.5281]. Recommendation = [0.0, 0.7395, 0.5735], Current Cost = 5190.00, Rho = 1.000
(iter 10) [0.0, 0.9832, 0.8982] = 455.8305, sampling [1.0, 0.5721, -0.5663]. Recommendation = [0.0, 0.7395, 0.5735], Current Cost = 5191.00, Rho = 1.000
(iter 10) [0.0, 0.9832, 0.8982] = 455.8305, sampling [1.0, -1.4919, 0.7967]. Recommendation = [0.0, 0.7395, 0.5735], Current Cost = 5192.00, Rho = 1.000
(iter 10) [0.0, 0.9832, 0.8982] = 455.8305, sampling [1.0, 0.1999, -1.0365]. Recommendation = [0.0, 0.7395, 0.5735], Current Cost = 5193.00, Rho = 1.000
(iter 10) [0.0, 0.9832, 0.8982] = 455.8305, sampling [1.0, -0.3562, -1.1621]. Recommendation = [0.0, 0.7395, 0.5735], Current Cost = 5194.00, Rho = 1.000
(iter 10) [0.0, 0.9832, 0.8982] = 455.8305, sampling [1.0, -0.6156, -0.9432]. Recommendation = [0.0, 0.7395, 0.5735], Current Cost = 5195.00, Rho = 1.000
(iter 10) [0.0, 0.9832, 0.8982] = 455.8305, sampling [1.0, -0.3186, -0.9249]. Recommendation = [0.0, 0.7395, 0.5735], Current Cost = 5196.00, Rho = 1.000
(iter 10) [0.0, 0.9832, 0.8982] = 455.8305, sampling [1.0, -0.3364, 0.8536]. Recommendation = [0.0, 0.7395, 0.5735], Current Cost = 5197.00, Rho = 1.000
(iter 10) [0.0, 0.9832, 0.8982] = 455.8305, sampling [1.0, -1.1873, 1.7000]. Recommendation = [0.0, 0.7395, 0.5735], Current Cost = 5198.00, Rho = 1.000
(iter 10) [0.0, 0.9832, 0.8982] = 455.8305, sampling [1.0, 0.7125, -0.4839]. Recommendation = [0.0, 0.7395, 0.5735], Current Cost = 5199.00, Rho = 1.000
(iter 10) [0.0, 0.9832, 0.8982] = 455.8305, sampling [1.0, 1.0606, 1.9597]. Recommendation = [0.0, 0.7395, 0.5735], Current Cost = 5200.00, Rho = 1.000
(iter 10) [0.0, 0.9832, 0.8982] = 455.8305, sampling [1.0, 0.5036, 1.2773]. Recommendation = [0.0, 0.7395, 0.5735], Current Cost = 5201.00, Rho = 1.000
(iter 10) [0.0, 0.9832, 0.8982] = 455.8305, sampling [1.0, -0.2570, 0.8246]. Recommendation = [0.0, 0.7395, 0.5735], Current Cost = 5202.00, Rho = 1.000
(iter 10) [0.0, 0.9832, 0.8982] = 455.8305, sampling [1.0, -1.7488, 1.7247]. Recommendation = [0.0, 0.7395, 0.5735], Current Cost = 5203.00, Rho = 1.000
(iter 10) [0.0, 0.9832, 0.8982] = 455.8305, sampling [1.0, 1.6719, 1.8186]. Recommendation = [0.0, 0.7395, 0.5735], Current Cost = 5204.00, Rho = 1.000
(iter 10) [0.0, 0.9832, 0.8982] = 455.8305, sampling [1.0, -0.2135, -1.3806]. Recommendation = [0.0, 0.7395, 0.5735], Current Cost = 5205.00, Rho = 1.000
(iter 10) [0.0, 0.9832, 0.8982] = 455.8305, sampling [1.0, 0.6207, 1.4454]. Recommendation = [0.0, 0.7395, 0.5735], Current Cost = 5206.00, Rho = 1.000
(iter 10) [0.0, 0.9832, 0.8982] = 455.8305, sampling [1.0, 0.4854, 1.9019]. Recommendation = [0.0, 0.7395, 0.5735], Current Cost = 5207.00, Rho = 1.000
(iter 10) [0.0, 0.9832, 0.8982] = 455.8305, sampling [1.0, -1.3021, 0.8745]. Recommendation = [0.0, 0.7395, 0.5735], Current Cost = 5208.00, Rho = 1.000
(iter 10) [0.0, 0.9832, 0.8982] = 455.8305, sampling [1.0, 1.5151, 0.5839]. Recommendation = [0.0, 0.7395, 0.5735], Current Cost = 5209.00, Rho = 1.000
(iter 10) [0.0, 0.9832, 0.8982] = 455.8305, sampling [1.0, -0.7623, 1.8827]. Recommendation = [0.0, 0.7395, 0.5735], Current Cost = 5210.00, Rho = 1.000
(iter 10) [0.0, 0.9832, 0.8982] = 455.8305, sampling [1.0, -0.8108, -0.3831]. Recommendation = [0.0, 0.7395, 0.5735], Current Cost = 5211.00, Rho = 1.000
(iter 10) [0.0, 0.9832, 0.8982] = 455.8305, sampling [1.0, -1.9264, 1.1870]. Recommendation = [0.0, 0.7395, 0.5735], Current Cost = 5212.00, Rho = 1.000
(iter 10) [0.0, 0.9832, 0.8982] = 455.8305, sampling [1.0, -0.1878, 1.0860]. Recommendation = [0.0, 0.7395, 0.5735], Current Cost = 5213.00, Rho = 1.000
(iter 10) [0.0, 0.9832, 0.8982] = 455.8305, sampling [1.0, -0.2815, 1.6264]. Recommendation = [0.0, 0.7395, 0.5735], Current Cost = 5214.00, Rho = 1.000
(iter 10) [0.0, 0.9832, 0.8982] = 455.8305, sampling [1.0, -0.0607, -0.2020]. Recommendation = [0.0, 0.7395, 0.5735], Current Cost = 5215.00, Rho = 1.000
(iter 10) [0.0, 0.9832, 0.8982] = 455.8305, sampling [1.0, 1.1182, 1.8553]. Recommendation = [0.0, 0.7395, 0.5735], Current Cost = 5216.00, Rho = 1.000
(iter 10) [0.0, 0.9832, 0.8982] = 455.8305, sampling [1.0, -1.1778, -0.0119]. Recommendation = [0.0, 0.7395, 0.5735], Current Cost = 5217.00, Rho = 1.000
(iter 10) [0.0, 0.9832, 0.8982] = 455.8305, sampling [1.0, 0.2255, -1.4350]. Recommendation = [0.0, 0.7395, 0.5735], Current Cost = 5218.00, Rho = 1.000
(iter 10) [0.0, 0.9832, 0.8982] = 455.8305, sampling [1.0, -0.7738, 0.0080]. Recommendation = [0.0, 0.7395, 0.5735], Current Cost = 5219.00, Rho = 1.000
(iter 10) [0.0, 0.9832, 0.8982] = 455.8305, sampling [1.0, -1.4222, 0.4761]. Recommendation = [0.0, 0.7395, 0.5735], Current Cost = 5220.00, Rho = 1.000
(iter 10) [0.0, 0.9832, 0.8982] = 455.8305, sampling [1.0, 0.5463, -1.4433]. Recommendation = [0.0, 0.7395, 0.5735], Current Cost = 5221.00, Rho = 1.000
(iter 10) [0.0, 0.9832, 0.8982] = 455.8305, sampling [1.0, -0.9746, -0.3159]. Recommendation = [0.0, 0.7395, 0.5735], Current Cost = 5222.00, Rho = 1.000
(iter 10) [0.0, 0.9832, 0.8982] = 455.8305, sampling [1.0, -1.0681, 0.2556]. Recommendation = [0.0, 0.7395, 0.5735], Current Cost = 5223.00, Rho = 1.000
(iter 10) [0.0, 0.9832, 0.8982] = 455.8305, sampling [1.0, -0.1952, -0.9106]. Recommendation = [0.0, 0.7395, 0.5735], Current Cost = 5224.00, Rho = 1.000
(iter 10) [0.0, 0.9832, 0.8982] = 455.8305, sampling [1.0, -0.1047, 1.2493]. Recommendation = [0.0, 0.7395, 0.5735], Current Cost = 5225.00, Rho = 1.000
(iter 10) [0.0, 0.9832, 0.8982] = 455.8305, sampling [1.0, -0.7881, -0.6171]. Recommendation = [0.0, 0.7395, 0.5735], Current Cost = 5226.00, Rho = 1.000
(iter 10) [0.0, 0.9832, 0.8982] = 455.8305, sampling [1.0, 1.9924, 1.5613]. Recommendation = [0.0, 0.7395, 0.5735], Current Cost = 5227.00, Rho = 1.000
(iter 10) [0.0, 0.9832, 0.8982] = 455.8305, sampling [1.0, 0.0275, 1.9892]. Recommendation = [0.0, 0.7395, 0.5735], Current Cost = 5228.00, Rho = 1.000
(iter 10) [0.0, 0.9832, 0.8982] = 455.8305, sampling [1.0, -0.2735, -1.7673]. Recommendation = [0.0, 0.7395, 0.5735], Current Cost = 5229.00, Rho = 1.000
(iter 10) [0.0, 0.9832, 0.8982] = 455.8305, sampling [1.0, -0.0004, -1.3025]. Recommendation = [0.0, 0.7395, 0.5735], Current Cost = 5230.00, Rho = 1.000
(iter 10) [0.0, 0.9832, 0.8982] = 455.8305, sampling [1.0, 0.6967, -0.9036]. Recommendation = [0.0, 0.7395, 0.5735], Current Cost = 5231.00, Rho = 1.000
(iter 10) [0.0, 0.9832, 0.8982] = 455.8305, sampling [1.0, -0.5497, -1.1907]. Recommendation = [0.0, 0.7395, 0.5735], Current Cost = 5232.00, Rho = 1.000
(iter 10) [0.0, 0.9832, 0.8982] = 455.8305, sampling [1.0, -1.3125, 0.5975]. Recommendation = [0.0, 0.7395, 0.5735], Current Cost = 5233.00, Rho = 1.000
(iter 10) [0.0, 0.9832, 0.8982] = 455.8305, sampling [1.0, -0.1698, -0.8384]. Recommendation = [0.0, 0.7395, 0.5735], Current Cost = 5234.00, Rho = 1.000
(iter 10) [0.0, 0.9832, 0.8982] = 455.8305, sampling [1.0, -1.2841, 0.1787]. Recommendation = [0.0, 0.7395, 0.5735], Current Cost = 5235.00, Rho = 1.000
(iter 10) [0.0, 0.9832, 0.8982] = 455.8305, sampling [1.0, 0.6651, -0.5514]. Recommendation = [0.0, 0.7395, 0.5735], Current Cost = 5236.00, Rho = 1.000
(iter 10) [0.0, 0.9832, 0.8982] = 455.8305, sampling [1.0, 1.1636, -0.7137]. Recommendation = [0.0, 0.7395, 0.5735], Current Cost = 5237.00, Rho = 1.000
(iter 10) [0.0, 0.9832, 0.8982] = 455.8305, sampling [1.0, -0.5282, 1.6135]. Recommendation = [0.0, 0.7395, 0.5735], Current Cost = 5238.00, Rho = 1.000
(iter 10) [0.0, 0.9832, 0.8982] = 455.8305, sampling [1.0, 1.0214, -1.8497]. Recommendation = [0.0, 0.7395, 0.5735], Current Cost = 5239.00, Rho = 1.000
(iter 10) [0.0, 0.9832, 0.8982] = 455.8305, sampling [1.0, 1.3957, 0.3055]. Recommendation = [0.0, 0.7395, 0.5735], Current Cost = 5240.00, Rho = 1.000
(iter 10) [0.0, 0.9832, 0.8982] = 455.8305, sampling [1.0, -0.5532, -1.5373]. Recommendation = [0.0, 0.7395, 0.5735], Current Cost = 5241.00, Rho = 1.000
(iter 10) [0.0, 0.9832, 0.8982] = 455.8305, sampling [1.0, -0.8324, -0.8255]. Recommendation = [0.0, 0.7395, 0.5735], Current Cost = 5242.00, Rho = 1.000
(iter 10) [0.0, 0.9832, 0.8982] = 455.8305, sampling [1.0, 0.2877, 1.4878]. Recommendation = [0.0, 0.7395, 0.5735], Current Cost = 5243.00, Rho = 1.000
(iter 10) [0.0, 0.9832, 0.8982] = 455.8305, sampling [1.0, -1.9421, 1.7938]. Recommendation = [0.0, 0.7395, 0.5735], Current Cost = 5244.00, Rho = 1.000
(iter 10) [0.0, 0.9832, 0.8982] = 455.8305, sampling [1.0, -0.8689, -0.5409]. Recommendation = [0.0, 0.7395, 0.5735], Current Cost = 5245.00, Rho = 1.000
(iter 10) [0.0, 0.9832, 0.8982] = 455.8305, sampling [1.0, 0.4509, 1.3183]. Recommendation = [0.0, 0.7395, 0.5735], Current Cost = 5246.00, Rho = 1.000
(iter 10) [0.0, 0.9832, 0.8982] = 455.8305, sampling [1.0, 0.2051, -1.1041]. Recommendation = [0.0, 0.7395, 0.5735], Current Cost = 5247.00, Rho = 1.000
(iter 10) [0.0, 0.9832, 0.8982] = 455.8305, sampling [1.0, -1.6314, 1.5852]. Recommendation = [0.0, 0.7395, 0.5735], Current Cost = 5248.00, Rho = 1.000
(iter 10) [0.0, 0.9832, 0.8982] = 455.8305, sampling [1.0, 0.0814, -1.4102]. Recommendation = [0.0, 0.7395, 0.5735], Current Cost = 5249.00, Rho = 1.000
(iter 10) [0.0, 0.9832, 0.8982] = 455.8305, sampling [1.0, 1.9694, 0.0657]. Recommendation = [0.0, 0.7395, 0.5735], Current Cost = 5250.00, Rho = 1.000
(iter 10) [0.0, 0.9832, 0.8982] = 455.8305, sampling [1.0, 0.6939, -1.0455]. Recommendation = [0.0, 0.7395, 0.5735], Current Cost = 5251.00, Rho = 1.000
(iter 10) [0.0, 0.9832, 0.8982] = 455.8305, sampling [1.0, 0.8126, 1.9185]. Recommendation = [0.0, 0.7395, 0.5735], Current Cost = 5252.00, Rho = 1.000
(iter 10) [0.0, 0.9832, 0.8982] = 455.8305, sampling [1.0, -0.0956, 1.6535]. Recommendation = [0.0, 0.7395, 0.5735], Current Cost = 5253.00, Rho = 1.000
(iter 10) [0.0, 0.9832, 0.8982] = 455.8305, sampling [1.0, -0.4401, 1.5271]. Recommendation = [0.0, 0.7395, 0.5735], Current Cost = 5254.00, Rho = 1.000
(iter 10) [0.0, 0.9832, 0.8982] = 455.8305, sampling [1.0, 0.6016, -0.8936]. Recommendation = [0.0, 0.7395, 0.5735], Current Cost = 5255.00, Rho = 1.000
(iter 10) [0.0, 0.9832, 0.8982] = 455.8305, sampling [1.0, 0.3849, 1.6358]. Recommendation = [0.0, 0.7395, 0.5735], Current Cost = 5256.00, Rho = 1.000
(iter 10) [0.0, 0.9832, 0.8982] = 455.8305, sampling [1.0, 1.5897, 1.4680]. Recommendation = [0.0, 0.7395, 0.5735], Current Cost = 5257.00, Rho = 1.000
(iter 10) [0.0, 0.9832, 0.8982] = 455.8305, sampling [1.0, 0.0387, -1.7567]. Recommendation = [0.0, 0.7395, 0.5735], Current Cost = 5258.00, Rho = 1.000
(iter 10) [0.0, 0.9832, 0.8982] = 455.8305, sampling [1.0, 1.6869, 1.7581]. Recommendation = [0.0, 0.7395, 0.5735], Current Cost = 5259.00, Rho = 1.000
(iter 10) [0.0, 0.9832, 0.8982] = 455.8305, sampling [1.0, -0.8491, 1.8738]. Recommendation = [0.0, 0.7395, 0.5735], Current Cost = 5260.00, Rho = 1.000
(iter 10) [0.0, 0.9832, 0.8982] = 455.8305, sampling [1.0, -0.7954, -1.0999]. Recommendation = [0.0, 0.7395, 0.5735], Current Cost = 5261.00, Rho = 1.000
(iter 10) [0.0, 0.9832, 0.8982] = 455.8305, sampling [1.0, 0.0963, -1.2833]. Recommendation = [0.0, 0.7395, 0.5735], Current Cost = 5262.00, Rho = 1.000
(iter 10) [0.0, 0.9832, 0.8982] = 455.8305, sampling [1.0, -0.5731, 1.9745]. Recommendation = [0.0, 0.7395, 0.5735], Current Cost = 5263.00, Rho = 1.000
(iter 10) [0.0, 0.9832, 0.8982] = 455.8305, sampling [1.0, -0.2469, -1.5646]. Recommendation = [0.0, 0.7395, 0.5735], Current Cost = 5264.00, Rho = 1.000
(iter 10) [0.0, 0.9832, 0.8982] = 455.8305, sampling [1.0, -0.8987, -1.9597]. Recommendation = [0.0, 0.7395, 0.5735], Current Cost = 5265.00, Rho = 1.000
(iter 10) [0.0, 0.9832, 0.8982] = 455.8305, sampling [1.0, 0.4601, 1.5530]. Recommendation = [0.0, 0.7395, 0.5735], Current Cost = 5266.00, Rho = 1.000
(iter 10) [0.0, 0.9832, 0.8982] = 455.8305, sampling [1.0, -0.4554, -1.2521]. Recommendation = [0.0, 0.7395, 0.5735], Current Cost = 5267.00, Rho = 1.000
(iter 10) [0.0, 0.9832, 0.8982] = 455.8305, sampling [1.0, -1.7109, 0.6241]. Recommendation = [0.0, 0.7395, 0.5735], Current Cost = 5268.00, Rho = 1.000
(iter 10) [0.0, 0.9832, 0.8982] = 455.8305, sampling [1.0, -1.2564, 0.5260]. Recommendation = [0.0, 0.7395, 0.5735], Current Cost = 5269.00, Rho = 1.000
(iter 10) [0.0, 0.9832, 0.8982] = 455.8305, sampling [1.0, 1.6035, 0.9538]. Recommendation = [0.0, 0.7395, 0.5735], Current Cost = 5270.00, Rho = 1.000
(iter 10) [0.0, 0.9832, 0.8982] = 455.8305, sampling [1.0, -1.0216, -0.5286]. Recommendation = [0.0, 0.7395, 0.5735], Current Cost = 5271.00, Rho = 1.000
(iter 10) [0.0, 0.9832, 0.8982] = 455.8305, sampling [1.0, 0.7330, -1.2129]. Recommendation = [0.0, 0.7395, 0.5735], Current Cost = 5272.00, Rho = 1.000
(iter 10) [0.0, 0.9832, 0.8982] = 455.8305, sampling [1.0, 0.2382, 1.8254]. Recommendation = [0.0, 0.7395, 0.5735], Current Cost = 5273.00, Rho = 1.000
(iter 10) [0.0, 0.9832, 0.8982] = 455.8305, sampling [1.0, -1.3904, 0.2890]. Recommendation = [0.0, 0.7395, 0.5735], Current Cost = 5274.00, Rho = 1.000
(iter 10) [0.0, 0.9832, 0.8982] = 455.8305, sampling [1.0, -0.6456, -1.0557]. Recommendation = [0.0, 0.7395, 0.5735], Current Cost = 5275.00, Rho = 1.000
(iter 10) [0.0, 0.9832, 0.8982] = 455.8305, sampling [1.0, -0.3690, 1.7423]. Recommendation = [0.0, 0.7395, 0.5735], Current Cost = 5276.00, Rho = 1.000
(iter 10) [0.0, 0.9832, 0.8982] = 455.8305, sampling [1.0, -0.8785, -0.6827]. Recommendation = [0.0, 0.7395, 0.5735], Current Cost = 5277.00, Rho = 1.000
(iter 10) [0.0, 0.9832, 0.8982] = 455.8305, sampling [1.0, -0.0261, -1.2584]. Recommendation = [0.0, 0.7395, 0.5735], Current Cost = 5278.00, Rho = 1.000
(iter 10) [0.0, 0.9832, 0.8982] = 455.8305, sampling [1.0, -0.1355, 1.2100]. Recommendation = [0.0, 0.7395, 0.5735], Current Cost = 5279.00, Rho = 1.000
(iter 10) [0.0, 0.9832, 0.8982] = 455.8305, sampling [1.0, -1.8359, 1.9479]. Recommendation = [0.0, 0.7395, 0.5735], Current Cost = 5280.00, Rho = 1.000
(iter 10) [0.0, 0.9832, 0.8982] = 455.8305, sampling [1.0, -1.5198, 1.1451]. Recommendation = [0.0, 0.7395, 0.5735], Current Cost = 5281.00, Rho = 1.000
(iter 10) [0.0, 0.9832, 0.8982] = 455.8305, sampling [1.0, 0.3503, -1.1531]. Recommendation = [0.0, 0.7395, 0.5735], Current Cost = 5282.00, Rho = 1.000
(iter 10) [0.0, 0.9832, 0.8982] = 455.8305, sampling [1.0, -1.7877, 1.5054]. Recommendation = [0.0, 0.7395, 0.5735], Current Cost = 5283.00, Rho = 1.000
(iter 10) [0.0, 0.9832, 0.8982] = 455.8305, sampling [1.0, -0.4799, 1.4622]. Recommendation = [0.0, 0.7395, 0.5735], Current Cost = 5284.00, Rho = 1.000
(iter 10) [0.0, 0.9832, 0.8982] = 455.8305, sampling [1.0, -1.1386, -0.3847]. Recommendation = [0.0, 0.7395, 0.5735], Current Cost = 5285.00, Rho = 1.000
(iter 10) [0.0, 0.9832, 0.8982] = 455.8305, sampling [1.0, -1.6756, 1.2818]. Recommendation = [0.0, 0.7395, 0.5735], Current Cost = 5286.00, Rho = 1.000
(iter 10) [0.0, 0.9832, 0.8982] = 455.8305, sampling [1.0, 0.2571, -1.6216]. Recommendation = [0.0, 0.7395, 0.5735], Current Cost = 5287.00, Rho = 1.000
(iter 10) [0.0, 0.9832, 0.8982] = 455.8305, sampling [1.0, -1.3046, -0.0767]. Recommendation = [0.0, 0.7395, 0.5735], Current Cost = 5288.00, Rho = 1.000
(iter 10) [0.0, 0.9832, 0.8982] = 455.8305, sampling [1.0, 1.5515, 1.4922]. Recommendation = [0.0, 0.7395, 0.5735], Current Cost = 5289.00, Rho = 1.000
(iter 10) [0.0, 0.9832, 0.8982] = 455.8305, sampling [1.0, -1.5278, 0.8660]. Recommendation = [0.0, 0.7395, 0.5735], Current Cost = 5290.00, Rho = 1.000
(iter 10) [0.0, 0.9832, 0.8982] = 455.8305, sampling [1.0, 0.2480, -1.9879]. Recommendation = [0.0, 0.7395, 0.5735], Current Cost = 5291.00, Rho = 1.000
(iter 10) [0.0, 0.9832, 0.8982] = 455.8305, sampling [1.0, -0.5198, -1.3947]. Recommendation = [0.0, 0.7395, 0.5735], Current Cost = 5292.00, Rho = 1.000
(iter 10) [0.0, 0.9832, 0.8982] = 455.8305, sampling [1.0, 1.7265, 1.7753]. Recommendation = [0.0, 0.7395, 0.5735], Current Cost = 5293.00, Rho = 1.000
(iter 10) [0.0, 0.9832, 0.8982] = 455.8305, sampling [1.0, -1.0086, -0.3695]. Recommendation = [0.0, 0.7395, 0.5735], Current Cost = 5294.00, Rho = 1.000
(iter 10) [0.0, 0.9832, 0.8982] = 455.8305, sampling [1.0, -0.0754, -1.9170]. Recommendation = [0.0, 0.7395, 0.5735], Current Cost = 5295.00, Rho = 1.000
(iter 10) [0.0, 0.9832, 0.8982] = 455.8305, sampling [1.0, 0.4186, -1.5857]. Recommendation = [0.0, 0.7395, 0.5735], Current Cost = 5296.00, Rho = 1.000
(iter 10) [0.0, 0.9832, 0.8982] = 455.8305, sampling [1.0, -1.6689, 1.1413]. Recommendation = [0.0, 0.7395, 0.5735], Current Cost = 5297.00, Rho = 1.000
(iter 10) [0.0, 0.9832, 0.8982] = 455.8305, sampling [1.0, -0.7388, -0.9965]. Recommendation = [0.0, 0.7395, 0.5735], Current Cost = 5298.00, Rho = 1.000
(iter 10) [0.0, 0.9832, 0.8982] = 455.8305, sampling [1.0, -0.4023, 1.5766]. Recommendation = [0.0, 0.7395, 0.5735], Current Cost = 5299.00, Rho = 1.000
(iter 10) [0.0, 0.9832, 0.8982] = 455.8305, sampling [1.0, 1.0329, -1.2349]. Recommendation = [0.0, 0.7395, 0.5735], Current Cost = 5300.00, Rho = 1.000
(iter 10) [0.0, 0.9832, 0.8982] = 455.8305, sampling [1.0, 0.4752, 1.3263]. Recommendation = [0.0, 0.7395, 0.5735], Current Cost = 5301.00, Rho = 1.000
(iter 10) [0.0, 0.9832, 0.8982] = 455.8305, sampling [1.0, -1.0269, -0.6986]. Recommendation = [0.0, 0.7395, 0.5735], Current Cost = 5302.00, Rho = 1.000
(iter 10) [0.0, 0.9832, 0.8982] = 455.8305, sampling [1.0, 1.9613, -1.6114]. Recommendation = [0.0, 0.7395, 0.5735], Current Cost = 5303.00, Rho = 1.000
(iter 10) [0.0, 0.9832, 0.8982] = 455.8305, sampling [1.0, 0.5834, -0.5683]. Recommendation = [0.0, 0.7395, 0.5735], Current Cost = 5304.00, Rho = 1.000
(iter 10) [0.0, 0.9832, 0.8982] = 455.8305, sampling [1.0, -0.9505, -1.0044]. Recommendation = [0.0, 0.7395, 0.5735], Current Cost = 5305.00, Rho = 1.000
(iter 10) [0.0, 0.9832, 0.8982] = 455.8305, sampling [1.0, 1.6411, 0.7053]. Recommendation = [0.0, 0.7395, 0.5735], Current Cost = 5306.00, Rho = 1.000
(iter 10) [0.0, 0.9832, 0.8982] = 455.8305, sampling [1.0, 0.3367, 1.4083]. Recommendation = [0.0, 0.7395, 0.5735], Current Cost = 5307.00, Rho = 1.000
(iter 10) [0.0, 0.9832, 0.8982] = 455.8305, sampling [1.0, 0.6459, -1.6374]. Recommendation = [0.0, 0.7395, 0.5735], Current Cost = 5308.00, Rho = 1.000
(iter 10) [0.0, 0.9832, 0.8982] = 455.8305, sampling [1.0, -0.4387, -1.8731]. Recommendation = [0.0, 0.7395, 0.5735], Current Cost = 5309.00, Rho = 1.000
(iter 10) [0.0, 0.9832, 0.8982] = 455.8305, sampling [1.0, -0.8307, -0.6055]. Recommendation = [0.0, 0.7395, 0.5735], Current Cost = 5310.00, Rho = 1.000
(iter 10) [0.0, 0.9832, 0.8982] = 455.8305, sampling [1.0, -1.7218, 0.1146]. Recommendation = [0.0, 0.7395, 0.5735], Current Cost = 5311.00, Rho = 1.000
(iter 10) [0.0, 0.9832, 0.8982] = 455.8305, sampling [1.0, -1.0340, -1.3751]. Recommendation = [0.0, 0.7395, 0.5735], Current Cost = 5312.00, Rho = 1.000
(iter 10) [0.0, 0.9832, 0.8982] = 455.8305, sampling [1.0, 0.7794, -1.0650]. Recommendation = [0.0, 0.7395, 0.5735], Current Cost = 5313.00, Rho = 1.000
(iter 10) [0.0, 0.9832, 0.8982] = 455.8305, sampling [1.0, 1.3375, -0.0472]. Recommendation = [0.0, 0.7395, 0.5735], Current Cost = 5314.00, Rho = 1.000
(iter 10) [0.0, 0.9832, 0.8982] = 455.8305, sampling [1.0, 0.1725, 1.7608]. Recommendation = [0.0, 0.7395, 0.5735], Current Cost = 5315.00, Rho = 1.000
(iter 10) [0.0, 0.9832, 0.8982] = 455.8305, sampling [1.0, -1.9872, -1.9660]. Recommendation = [0.0, 0.7395, 0.5735], Current Cost = 5316.00, Rho = 1.000
(iter 10) [0.0, 0.9832, 0.8982] = 455.8305, sampling [1.0, 0.4393, -1.9444]. Recommendation = [0.0, 0.7395, 0.5735], Current Cost = 5317.00, Rho = 1.000
(iter 10) [0.0, 0.9832, 0.8982] = 455.8305, sampling [1.0, 1.8858, 1.4173]. Recommendation = [0.0, 0.7395, 0.5735], Current Cost = 5318.00, Rho = 1.000
(iter 10) [0.0, 0.9832, 0.8982] = 455.8305, sampling [1.0, -1.7558, 1.3444]. Recommendation = [0.0, 0.7395, 0.5735], Current Cost = 5319.00, Rho = 1.000
(iter 10) [0.0, 0.9832, 0.8982] = 455.8305, sampling [1.0, 0.0744, -1.3060]. Recommendation = [0.0, 0.7395, 0.5735], Current Cost = 5320.00, Rho = 1.000
(iter 10) [0.0, 0.9832, 0.8982] = 455.8305, sampling [1.0, -0.6007, -1.4066]. Recommendation = [0.0, 0.7395, 0.5735], Current Cost = 5321.00, Rho = 1.000
(iter 10) [0.0, 0.9832, 0.8982] = 455.8305, sampling [1.0, 0.1806, -1.7823]. Recommendation = [0.0, 0.7395, 0.5735], Current Cost = 5322.00, Rho = 1.000
(iter 10) [0.0, 0.9832, 0.8982] = 455.8305, sampling [1.0, 1.3637, -0.4098]. Recommendation = [0.0, 0.7395, 0.5735], Current Cost = 5323.00, Rho = 1.000
(iter 10) [0.0, 0.9832, 0.8982] = 455.8305, sampling [1.0, -1.4095, 0.1675]. Recommendation = [0.0, 0.7395, 0.5735], Current Cost = 5324.00, Rho = 1.000
(iter 10) [0.0, 0.9832, 0.8982] = 455.8305, sampling [1.0, 1.9318, 1.6947]. Recommendation = [0.0, 0.7395, 0.5735], Current Cost = 5325.00, Rho = 1.000
(iter 10) [0.0, 0.9832, 0.8982] = 455.8305, sampling [1.0, -1.0820, -0.4664]. Recommendation = [0.0, 0.7395, 0.5735], Current Cost = 5326.00, Rho = 1.000
(iter 10) [0.0, 0.9832, 0.8982] = 455.8305, sampling [1.0, 0.8263, -1.4681]. Recommendation = [0.0, 0.7395, 0.5735], Current Cost = 5327.00, Rho = 1.000
(iter 10) [0.0, 0.9832, 0.8982] = 455.8305, sampling [1.0, -0.3625, -1.7183]. Recommendation = [0.0, 0.7395, 0.5735], Current Cost = 5328.00, Rho = 1.000
(iter 10) [0.0, 0.9832, 0.8982] = 455.8305, sampling [1.0, -1.8414, 0.8948]. Recommendation = [0.0, 0.7395, 0.5735], Current Cost = 5329.00, Rho = 1.000
(iter 10) [0.0, 0.9832, 0.8982] = 455.8305, sampling [1.0, 0.1160, 1.9089]. Recommendation = [0.0, 0.7395, 0.5735], Current Cost = 5330.00, Rho = 1.000
(iter 10) [0.0, 0.9832, 0.8982] = 455.8305, sampling [1.0, -1.5768, 0.4124]. Recommendation = [0.0, 0.7395, 0.5735], Current Cost = 5331.00, Rho = 1.000
(iter 10) [0.0, 0.9832, 0.8982] = 455.8305, sampling [1.0, 0.8835, -1.0939]. Recommendation = [0.0, 0.7395, 0.5735], Current Cost = 5332.00, Rho = 1.000
(iter 10) [0.0, 0.9832, 0.8982] = 455.8305, sampling [1.0, -0.2066, -1.8569]. Recommendation = [0.0, 0.7395, 0.5735], Current Cost = 5333.00, Rho = 1.000
(iter 10) [0.0, 0.9832, 0.8982] = 455.8305, sampling [1.0, -1.3635, -0.3937]. Recommendation = [0.0, 0.7395, 0.5735], Current Cost = 5334.00, Rho = 1.000
(iter 10) [0.0, 0.9832, 0.8982] = 455.8305, sampling [1.0, 0.4115, -1.6756]. Recommendation = [0.0, 0.7395, 0.5735], Current Cost = 5335.00, Rho = 1.000
(iter 10) [0.0, 0.9832, 0.8982] = 455.8305, sampling [1.0, 1.9785, 0.9872]. Recommendation = [0.0, 0.7395, 0.5735], Current Cost = 5336.00, Rho = 1.000
(iter 10) [0.0, 0.9832, 0.8982] = 455.8305, sampling [1.0, -1.4319, 0.0223]. Recommendation = [0.0, 0.7395, 0.5735], Current Cost = 5337.00, Rho = 1.000
(iter 10) [0.0, 0.9832, 0.8982] = 455.8305, sampling [1.0, -1.1234, -0.7468]. Recommendation = [0.0, 0.7395, 0.5735], Current Cost = 5338.00, Rho = 1.000
(iter 10) [0.0, 0.9832, 0.8982] = 455.8305, sampling [1.0, -0.9334, -1.1341]. Recommendation = [0.0, 0.7395, 0.5735], Current Cost = 5339.00, Rho = 1.000
(iter 10) [0.0, 0.9832, 0.8982] = 455.8305, sampling [1.0, 0.6282, -1.9284]. Recommendation = [0.0, 0.7395, 0.5735], Current Cost = 5340.00, Rho = 1.000
(iter 10) [0.0, 0.9832, 0.8982] = 455.8305, sampling [1.0, -0.6399, -1.5290]. Recommendation = [0.0, 0.7395, 0.5735], Current Cost = 5341.00, Rho = 1.000
(iter 10) [0.0, 0.9832, 0.8982] = 455.8305, sampling [1.0, -1.3485, -0.1582]. Recommendation = [0.0, 0.7395, 0.5735], Current Cost = 5342.00, Rho = 1.000
(iter 10) [0.0, 0.9832, 0.8982] = 455.8305, sampling [1.0, -0.0144, -1.8475]. Recommendation = [0.0, 0.7395, 0.5735], Current Cost = 5343.00, Rho = 1.000
(iter 10) [0.0, 0.9832, 0.8982] = 455.8305, sampling [1.0, 0.2749, 1.8641]. Recommendation = [0.0, 0.7395, 0.5735], Current Cost = 5344.00, Rho = 1.000
(iter 10) [0.0, 0.9832, 0.8982] = 455.8305, sampling [1.0, -0.1001, 1.2358]. Recommendation = [0.0, 0.7395, 0.5735], Current Cost = 5345.00, Rho = 1.000
(iter 10) [0.0, 0.9832, 0.8982] = 455.8305, sampling [1.0, 1.0978, -0.7385]. Recommendation = [0.0, 0.7395, 0.5735], Current Cost = 5346.00, Rho = 1.000
(iter 10) [0.0, 0.9832, 0.8982] = 455.8305, sampling [1.0, 0.8743, -1.3304]. Recommendation = [0.0, 0.7395, 0.5735], Current Cost = 5347.00, Rho = 1.000
(iter 10) [0.0, 0.9832, 0.8982] = 455.8305, sampling [1.0, -1.8639, 1.3682]. Recommendation = [0.0, 0.7395, 0.5735], Current Cost = 5348.00, Rho = 1.000
(iter 10) [0.0, 0.9832, 0.8982] = 455.8305, sampling [1.0, 1.5629, 0.1378]. Recommendation = [0.0, 0.7395, 0.5735], Current Cost = 5349.00, Rho = 1.000
(iter 10) [0.0, 0.9832, 0.8982] = 455.8305, sampling [1.0, 1.3105, -0.2438]. Recommendation = [0.0, 0.7395, 0.5735], Current Cost = 5350.00, Rho = 1.000
(iter 10) [0.0, 0.9832, 0.8982] = 455.8305, sampling [1.0, -1.1169, -0.9842]. Recommendation = [0.0, 0.7395, 0.5735], Current Cost = 5351.00, Rho = 1.000
(iter 10) [0.0, 0.9832, 0.8982] = 455.8305, sampling [1.0, -1.2725, -0.6141]. Recommendation = [0.0, 0.7395, 0.5735], Current Cost = 5352.00, Rho = 1.000
(iter 10) [0.0, 0.9832, 0.8982] = 455.8305, sampling [1.0, -0.8895, -1.6025]. Recommendation = [0.0, 0.7395, 0.5735], Current Cost = 5353.00, Rho = 1.000
(iter 10) [0.0, 0.9832, 0.8982] = 455.8305, sampling [1.0, -1.4627, 0.4537]. Recommendation = [0.0, 0.7395, 0.5735], Current Cost = 5354.00, Rho = 1.000
(iter 10) [0.0, 0.9832, 0.8982] = 455.8305, sampling [1.0, 1.4367, -0.0238]. Recommendation = [0.0, 0.7395, 0.5735], Current Cost = 5355.00, Rho = 1.000
(iter 10) [0.0, 0.9832, 0.8982] = 455.8305, sampling [1.0, -0.7041, -1.9224]. Recommendation = [0.0, 0.7395, 0.5735], Current Cost = 5356.00, Rho = 1.000
(iter 10) [0.0, 0.9832, 0.8982] = 455.8305, sampling [1.0, 0.2997, -1.9055]. Recommendation = [0.0, 0.7395, 0.5735], Current Cost = 5357.00, Rho = 1.000
(iter 10) [0.0, 0.9832, 0.8982] = 455.8305, sampling [1.0, 1.6326, 0.6146]. Recommendation = [0.0, 0.7395, 0.5735], Current Cost = 5358.00, Rho = 1.000
(iter 10) [0.0, 0.9832, 0.8982] = 455.8305, sampling [1.0, -1.8993, 0.3839]. Recommendation = [0.0, 0.7395, 0.5735], Current Cost = 5359.00, Rho = 1.000
(iter 10) [0.0, 0.9832, 0.8982] = 455.8305, sampling [1.0, 1.2485, -0.8197]. Recommendation = [0.0, 0.7395, 0.5735], Current Cost = 5360.00, Rho = 1.000
(iter 10) [0.0, 0.9832, 0.8982] = 455.8305, sampling [1.0, 1.7965, 0.8086]. Recommendation = [0.0, 0.7395, 0.5735], Current Cost = 5361.00, Rho = 1.000
(iter 10) [0.0, 0.9832, 0.8982] = 455.8305, sampling [1.0, 0.9593, -1.0208]. Recommendation = [0.0, 0.7395, 0.5735], Current Cost = 5362.00, Rho = 1.000
(iter 10) [0.0, 0.9832, 0.8982] = 455.8305, sampling [1.0, 0.8484, -1.6887]. Recommendation = [0.0, 0.7395, 0.5735], Current Cost = 5363.00, Rho = 1.000
(iter 10) [0.0, 0.9832, 0.8982] = 455.8305, sampling [1.0, -1.5351, 0.3452]. Recommendation = [0.0, 0.7395, 0.5735], Current Cost = 5364.00, Rho = 1.000
(iter 10) [0.0, 0.9832, 0.8982] = 455.8305, sampling [1.0, -1.5964, -0.1875]. Recommendation = [0.0, 0.7395, 0.5735], Current Cost = 5365.00, Rho = 1.000
(iter 10) [0.0, 0.9832, 0.8982] = 455.8305, sampling [1.0, 1.7718, 1.0747]. Recommendation = [0.0, 0.7395, 0.5735], Current Cost = 5366.00, Rho = 1.000
(iter 10) [0.0, 0.9832, 0.8982] = 455.8305, sampling [1.0, 0.5910, -1.6421]. Recommendation = [0.0, 0.7395, 0.5735], Current Cost = 5367.00, Rho = 1.000
(iter 10) [0.0, 0.9832, 0.8982] = 455.8305, sampling [1.0, -1.1600, -0.8658]. Recommendation = [0.0, 0.7395, 0.5735], Current Cost = 5368.00, Rho = 1.000
(iter 10) [0.0, 0.9832, 0.8982] = 455.8305, sampling [1.0, 1.8224, 0.4820]. Recommendation = [0.0, 0.7395, 0.5735], Current Cost = 5369.00, Rho = 1.000
(iter 10) [0.0, 0.9832, 0.8982] = 455.8305, sampling [1.0, 1.4971, -0.5552]. Recommendation = [0.0, 0.7395, 0.5735], Current Cost = 5370.00, Rho = 1.000
(iter 10) [0.0, 0.9832, 0.8982] = 455.8305, sampling [1.0, -1.8312, 1.1100]. Recommendation = [0.0, 0.7395, 0.5735], Current Cost = 5371.00, Rho = 1.000
(iter 10) [0.0, 0.9832, 0.8982] = 455.8305, sampling [1.0, -1.1740, -1.2017]. Recommendation = [0.0, 0.7395, 0.5735], Current Cost = 5372.00, Rho = 1.000
(iter 10) [0.0, 0.9832, 0.8982] = 455.8305, sampling [1.0, 1.6243, -0.1829]. Recommendation = [0.0, 0.7395, 0.5735], Current Cost = 5373.00, Rho = 1.000
(iter 10) [0.0, 0.9832, 0.8982] = 455.8305, sampling [1.0, -0.9778, -1.0786]. Recommendation = [0.0, 0.7395, 0.5735], Current Cost = 5374.00, Rho = 1.000
(iter 10) [0.0, 0.9832, 0.8982] = 455.8305, sampling [1.0, 1.0003, -1.3638]. Recommendation = [0.0, 0.7395, 0.5735], Current Cost = 5375.00, Rho = 1.000
(iter 10) [0.0, 0.9832, 0.8982] = 455.8305, sampling [1.0, -1.2211, -0.7119]. Recommendation = [0.0, 0.7395, 0.5735], Current Cost = 5376.00, Rho = 1.000
(iter 10) [0.0, 0.9832, 0.8982] = 455.8305, sampling [1.0, 1.2973, -1.1128]. Recommendation = [0.0, 0.7395, 0.5735], Current Cost = 5377.00, Rho = 1.000
(iter 10) [0.0, 0.9832, 0.8982] = 455.8305, sampling [1.0, -0.0201, -1.8903]. Recommendation = [0.0, 0.7395, 0.5735], Current Cost = 5378.00, Rho = 1.000
(iter 10) [0.0, 0.9832, 0.8982] = 455.8305, sampling [1.0, -1.9318, 0.6824]. Recommendation = [0.0, 0.7395, 0.5735], Current Cost = 5379.00, Rho = 1.000
(iter 10) [0.0, 0.9832, 0.8982] = 455.8305, sampling [1.0, 1.2921, -0.7205]. Recommendation = [0.0, 0.7395, 0.5735], Current Cost = 5380.00, Rho = 1.000
(iter 10) [0.0, 0.9832, 0.8982] = 455.8305, sampling [1.0, 0.9068, -1.9683]. Recommendation = [0.0, 0.7395, 0.5735], Current Cost = 5381.00, Rho = 1.000
(iter 10) [0.0, 0.9832, 0.8982] = 455.8305, sampling [1.0, -0.8574, -1.8109]. Recommendation = [0.0, 0.7395, 0.5735], Current Cost = 5382.00, Rho = 1.000
(iter 10) [0.0, 0.9832, 0.8982] = 455.8305, sampling [1.0, -1.5492, -0.0286]. Recommendation = [0.0, 0.7395, 0.5735], Current Cost = 5383.00, Rho = 1.000
(iter 10) [0.0, 0.9832, 0.8982] = 455.8305, sampling [1.0, 1.0091, -1.6272]. Recommendation = [0.0, 0.7395, 0.5735], Current Cost = 5384.00, Rho = 1.000
(iter 10) [0.0, 0.9832, 0.8982] = 455.8305, sampling [1.0, -0.9428, -1.5166]. Recommendation = [0.0, 0.7395, 0.5735], Current Cost = 5385.00, Rho = 1.000
(iter 10) [0.0, 0.9832, 0.8982] = 455.8305, sampling [1.0, -1.2699, -0.8730]. Recommendation = [0.0, 0.7395, 0.5735], Current Cost = 5386.00, Rho = 1.000
(iter 10) [0.0, 0.9832, 0.8982] = 455.8305, sampling [1.0, -1.9186, 1.7786]. Recommendation = [0.0, 0.7395, 0.5735], Current Cost = 5387.00, Rho = 1.000
(iter 10) [0.0, 0.9832, 0.8982] = 455.8305, sampling [1.0, 1.4061, -0.8481]. Recommendation = [0.0, 0.7395, 0.5735], Current Cost = 5388.00, Rho = 1.000
(iter 10) [0.0, 0.9832, 0.8982] = 455.8305, sampling [1.0, -1.8877, 0.9973]. Recommendation = [0.0, 0.7395, 0.5735], Current Cost = 5389.00, Rho = 1.000
(iter 10) [0.0, 0.9832, 0.8982] = 455.8305, sampling [1.0, 1.7297, 0.2226]. Recommendation = [0.0, 0.7395, 0.5735], Current Cost = 5390.00, Rho = 1.000
(iter 10) [0.0, 0.9832, 0.8982] = 455.8305, sampling [1.0, -1.3436, -0.7647]. Recommendation = [0.0, 0.7395, 0.5735], Current Cost = 5391.00, Rho = 1.000
(iter 10) [0.0, 0.9832, 0.8982] = 455.8305, sampling [1.0, 1.2450, -1.3505]. Recommendation = [0.0, 0.7395, 0.5735], Current Cost = 5392.00, Rho = 1.000
(iter 10) [0.0, 0.9832, 0.8982] = 455.8305, sampling [1.0, 1.9088, 0.7628]. Recommendation = [0.0, 0.7395, 0.5735], Current Cost = 5393.00, Rho = 1.000
(iter 10) [0.0, 0.9832, 0.8982] = 455.8305, sampling [1.0, 1.4496, -0.4011]. Recommendation = [0.0, 0.7395, 0.5735], Current Cost = 5394.00, Rho = 1.000
(iter 10) [0.0, 0.9832, 0.8982] = 455.8305, sampling [1.0, 1.9263, -0.5833]. Recommendation = [0.0, 0.7395, 0.5735], Current Cost = 5395.00, Rho = 1.000
(iter 10) [0.0, 0.9832, 0.8982] = 455.8305, sampling [1.0, 0.8706, -1.8034]. Recommendation = [0.0, 0.7395, 0.5735], Current Cost = 5396.00, Rho = 1.000
(iter 10) [0.0, 0.9832, 0.8982] = 455.8305, sampling [1.0, -1.1313, -1.7443]. Recommendation = [0.0, 0.7395, 0.5735], Current Cost = 5397.00, Rho = 1.000
(iter 10) [0.0, 0.9832, 0.8982] = 455.8305, sampling [1.0, -1.7825, -0.1251]. Recommendation = [0.0, 0.7395, 0.5735], Current Cost = 5398.00, Rho = 1.000
(iter 10) [0.0, 0.9832, 0.8982] = 455.8305, sampling [1.0, 1.9023, 1.0676]. Recommendation = [0.0, 0.7395, 0.5735], Current Cost = 5399.00, Rho = 1.000
(iter 10) [0.0, 0.9832, 0.8982] = 455.8305, sampling [1.0, -1.3319, -0.5986]. Recommendation = [0.0, 0.7395, 0.5735], Current Cost = 5400.00, Rho = 1.000
(iter 10) [0.0, 0.9832, 0.8982] = 455.8305, sampling [1.0, -0.9209, -1.7058]. Recommendation = [0.0, 0.7395, 0.5735], Current Cost = 5401.00, Rho = 1.000
(iter 10) [0.0, 0.9832, 0.8982] = 455.8305, sampling [1.0, 0.9904, -1.2723]. Recommendation = [0.0, 0.7395, 0.5735], Current Cost = 5402.00, Rho = 1.000
(iter 10) [0.0, 0.9832, 0.8982] = 455.8305, sampling [1.0, -1.0553, -1.4868]. Recommendation = [0.0, 0.7395, 0.5735], Current Cost = 5403.00, Rho = 1.000
(iter 10) [0.0, 0.9832, 0.8982] = 455.8305, sampling [1.0, -1.1961, -0.9492]. Recommendation = [0.0, 0.7395, 0.5735], Current Cost = 5404.00, Rho = 1.000
(iter 10) [0.0, 0.9832, 0.8982] = 455.8305, sampling [1.0, 1.0944, -1.2959]. Recommendation = [0.0, 0.7395, 0.5735], Current Cost = 5405.00, Rho = 1.000
(iter 10) [0.0, 0.9832, 0.8982] = 455.8305, sampling [1.0, -1.6056, -0.3227]. Recommendation = [0.0, 0.7395, 0.5735], Current Cost = 5406.00, Rho = 1.000
(iter 10) [0.0, 0.9832, 0.8982] = 455.8305, sampling [1.0, -1.4559, -1.0302]. Recommendation = [0.0, 0.7395, 0.5735], Current Cost = 5407.00, Rho = 1.000
(iter 10) [0.0, 0.9832, 0.8982] = 455.8305, sampling [1.0, 1.6579, -0.0327]. Recommendation = [0.0, 0.7395, 0.5735], Current Cost = 5408.00, Rho = 1.000
(iter 10) [0.0, 0.9832, 0.8982] = 455.8305, sampling [1.0, -1.1452, -1.3396]. Recommendation = [0.0, 0.7395, 0.5735], Current Cost = 5409.00, Rho = 1.000
(iter 10) [0.0, 0.9832, 0.8982] = 455.8305, sampling [1.0, 1.4121, -0.4987]. Recommendation = [0.0, 0.7395, 0.5735], Current Cost = 5410.00, Rho = 1.000
(iter 10) [0.0, 0.9832, 0.8982] = 455.8305, sampling [1.0, 1.2131, -1.5492]. Recommendation = [0.0, 0.7395, 0.5735], Current Cost = 5411.00, Rho = 1.000
(iter 10) [0.0, 0.9832, 0.8982] = 455.8305, sampling [1.0, -1.9523, 1.1007]. Recommendation = [0.0, 0.7395, 0.5735], Current Cost = 5412.00, Rho = 1.000
(iter 10) [0.0, 0.9832, 0.8982] = 455.8305, sampling [1.0, -1.9721, -0.5208]. Recommendation = [0.0, 0.7395, 0.5735], Current Cost = 5413.00, Rho = 1.000
(iter 10) [0.0, 0.9832, 0.8982] = 455.8305, sampling [1.0, 1.1812, -1.8368]. Recommendation = [0.0, 0.7395, 0.5735], Current Cost = 5414.00, Rho = 1.000
(iter 10) [0.0, 0.9832, 0.8982] = 455.8305, sampling [1.0, 1.5812, 0.0922]. Recommendation = [0.0, 0.7395, 0.5735], Current Cost = 5415.00, Rho = 1.000
(iter 10) [0.0, 0.9832, 0.8982] = 455.8305, sampling [1.0, -1.3736, -1.4929]. Recommendation = [0.0, 0.7395, 0.5735], Current Cost = 5416.00, Rho = 1.000
(iter 10) [0.0, 0.9832, 0.8982] = 455.8305, sampling [1.0, 1.3772, -0.9755]. Recommendation = [0.0, 0.7395, 0.5735], Current Cost = 5417.00, Rho = 1.000
(iter 10) [0.0, 0.9832, 0.8982] = 455.8305, sampling [1.0, -1.5588, -0.6380]. Recommendation = [0.0, 0.7395, 0.5735], Current Cost = 5418.00, Rho = 1.000
(iter 10) [0.0, 0.9832, 0.8982] = 455.8305, sampling [1.0, -1.0564, -1.8869]. Recommendation = [0.0, 0.7395, 0.5735], Current Cost = 5419.00, Rho = 1.000
(iter 10) [0.0, 0.9832, 0.8982] = 455.8305, sampling [1.0, 1.8036, 0.3730]. Recommendation = [0.0, 0.7395, 0.5735], Current Cost = 5420.00, Rho = 1.000
(iter 10) [0.0, 0.9832, 0.8982] = 455.8305, sampling [1.0, -1.9623, 0.2095]. Recommendation = [0.0, 0.7395, 0.5735], Current Cost = 5421.00, Rho = 1.000
(iter 10) [0.0, 0.9832, 0.8982] = 455.8305, sampling [1.0, -1.8938, 0.8405]. Recommendation = [0.0, 0.7395, 0.5735], Current Cost = 5422.00, Rho = 1.000
(iter 10) [0.0, 0.9832, 0.8982] = 455.8305, sampling [1.0, 1.6212, -0.4360]. Recommendation = [0.0, 0.7395, 0.5735], Current Cost = 5423.00, Rho = 1.000
(iter 10) [0.0, 0.9832, 0.8982] = 455.8305, sampling [1.0, -1.4723, -0.8082]. Recommendation = [0.0, 0.7395, 0.5735], Current Cost = 5424.00, Rho = 1.000
(iter 10) [0.0, 0.9832, 0.8982] = 455.8305, sampling [1.0, 1.2354, -0.7846]. Recommendation = [0.0, 0.7395, 0.5735], Current Cost = 5425.00, Rho = 1.000
(iter 10) [0.0, 0.9832, 0.8982] = 455.8305, sampling [1.0, 1.9537, 0.3239]. Recommendation = [0.0, 0.7395, 0.5735], Current Cost = 5426.00, Rho = 1.000
(iter 10) [0.0, 0.9832, 0.8982] = 455.8305, sampling [1.0, 1.4232, -0.7684]. Recommendation = [0.0, 0.7395, 0.5735], Current Cost = 5427.00, Rho = 1.000
(iter 10) [0.0, 0.9832, 0.8982] = 455.8305, sampling [1.0, 1.9399, 0.8807]. Recommendation = [0.0, 0.7395, 0.5735], Current Cost = 5428.00, Rho = 1.000
(iter 10) [0.0, 0.9832, 0.8982] = 455.8305, sampling [1.0, 1.4579, -1.1206]. Recommendation = [0.0, 0.7395, 0.5735], Current Cost = 5429.00, Rho = 1.000
(iter 10) [0.0, 0.9832, 0.8982] = 455.8305, sampling [1.0, 1.6954, 0.1552]. Recommendation = [0.0, 0.7395, 0.5735], Current Cost = 5430.00, Rho = 1.000
(iter 10) [0.0, 0.9832, 0.8982] = 455.8305, sampling [1.0, -1.5068, -1.2191]. Recommendation = [0.0, 0.7395, 0.5735], Current Cost = 5431.00, Rho = 1.000
(iter 10) [0.0, 0.9832, 0.8982] = 455.8305, sampling [1.0, 1.4792, -1.8962]. Recommendation = [0.0, 0.7395, 0.5735], Current Cost = 5432.00, Rho = 1.000
(iter 10) [0.0, 0.9832, 0.8982] = 455.8305, sampling [1.0, 1.5267, -0.8839]. Recommendation = [0.0, 0.7395, 0.5735], Current Cost = 5433.00, Rho = 1.000
(iter 10) [0.0, 0.9832, 0.8982] = 455.8305, sampling [1.0, 1.1700, -1.6671]. Recommendation = [0.0, 0.7395, 0.5735], Current Cost = 5434.00, Rho = 1.000
(iter 10) [0.0, 0.9832, 0.8982] = 455.8305, sampling [1.0, -1.3213, -1.8706]. Recommendation = [0.0, 0.7395, 0.5735], Current Cost = 5435.00, Rho = 1.000
(iter 10) [0.0, 0.9832, 0.8982] = 455.8305, sampling [0.0, 0.7395, 0.5735]. Recommendation = [0.0, 0.7395, 0.5735], Current Cost = 5436.00, Rho = 1.000
(iter 441) [0.0, 0.7395, 0.5735] = 456.1613, sampling [1.0, 1.7632, -0.1000]. Recommendation = [0.0, 0.9702, 0.9440], Current Cost = 6436.00, Rho = 1.000
(iter 441) [0.0, 0.7395, 0.5735] = 456.1613, sampling [1.0, 1.2790, -0.7976]. Recommendation = [0.0, 0.9702, 0.9440], Current Cost = 6437.00, Rho = 1.000
(iter 441) [0.0, 0.7395, 0.5735] = 456.1613, sampling [1.0, 1.0541, -1.2682]. Recommendation = [0.0, 0.9702, 0.9440], Current Cost = 6438.00, Rho = 1.000
(iter 441) [0.0, 0.7395, 0.5735] = 456.1613, sampling [1.0, -1.7335, 0.0391]. Recommendation = [0.0, 0.9702, 0.9440], Current Cost = 6439.00, Rho = 1.000
(iter 441) [0.0, 0.7395, 0.5735] = 456.1613, sampling [1.0, 1.5389, -0.4606]. Recommendation = [0.0, 0.9702, 0.9440], Current Cost = 6440.00, Rho = 1.000
(iter 441) [0.0, 0.7395, 0.5735] = 456.1613, sampling [1.0, -1.9069, 1.1300]. Recommendation = [0.0, 0.9702, 0.9440], Current Cost = 6441.00, Rho = 1.000
(iter 441) [0.0, 0.7395, 0.5735] = 456.1613, sampling [1.0, -1.8033, -1.0856]. Recommendation = [0.0, 0.9702, 0.9440], Current Cost = 6442.00, Rho = 1.000
(iter 441) [0.0, 0.7395, 0.5735] = 456.1613, sampling [1.0, -1.2015, -1.2313]. Recommendation = [0.0, 0.9702, 0.9440], Current Cost = 6443.00, Rho = 1.000
(iter 441) [0.0, 0.7395, 0.5735] = 456.1613, sampling [1.0, 1.6982, -0.8035]. Recommendation = [0.0, 0.9702, 0.9440], Current Cost = 6444.00, Rho = 1.000
(iter 441) [0.0, 0.7395, 0.5735] = 456.1613, sampling [1.0, 1.9844, -0.1686]. Recommendation = [0.0, 0.9702, 0.9440], Current Cost = 6445.00, Rho = 1.000
(iter 441) [0.0, 0.7395, 0.5735] = 456.1613, sampling [1.0, 1.2611, -1.4622]. Recommendation = [0.0, 0.9702, 0.9440], Current Cost = 6446.00, Rho = 1.000
(iter 441) [0.0, 0.7395, 0.5735] = 456.1613, sampling [1.0, 1.3683, -1.1784]. Recommendation = [0.0, 0.9702, 0.9440], Current Cost = 6447.00, Rho = 1.000
(iter 441) [0.0, 0.7395, 0.5735] = 456.1613, sampling [1.0, 1.4960, -1.5015]. Recommendation = [0.0, 0.9702, 0.9440], Current Cost = 6448.00, Rho = 1.000
(iter 441) [0.0, 0.7395, 0.5735] = 456.1613, sampling [1.0, 1.8447, 0.1846]. Recommendation = [0.0, 0.9702, 0.9440], Current Cost = 6449.00, Rho = 1.000
(iter 441) [0.0, 0.7395, 0.5735] = 456.1613, sampling [1.0, -1.6632, -0.2686]. Recommendation = [0.0, 0.9702, 0.9440], Current Cost = 6450.00, Rho = 1.000
(iter 441) [0.0, 0.7395, 0.5735] = 456.1613, sampling [1.0, 1.7901, -0.3636]. Recommendation = [0.0, 0.9702, 0.9440], Current Cost = 6451.00, Rho = 1.000
(iter 441) [0.0, 0.7395, 0.5735] = 456.1613, sampling [1.0, 1.9502, 1.0421]. Recommendation = [0.0, 0.9702, 0.9440], Current Cost = 6452.00, Rho = 1.000
(iter 441) [0.0, 0.7395, 0.5735] = 456.1613, sampling [1.0, 1.8283, -1.0159]. Recommendation = [0.0, 0.9702, 0.9440], Current Cost = 6453.00, Rho = 1.000
(iter 441) [0.0, 0.7395, 0.5735] = 456.1613, sampling [1.0, -1.4020, -1.7232]. Recommendation = [0.0, 0.9702, 0.9440], Current Cost = 6454.00, Rho = 1.000
(iter 441) [0.0, 0.7395, 0.5735] = 456.1613, sampling [1.0, -1.5634, -1.4737]. Recommendation = [0.0, 0.9702, 0.9440], Current Cost = 6455.00, Rho = 1.000
(iter 441) [0.0, 0.7395, 0.5735] = 456.1613, sampling [1.0, -1.8779, 0.3011]. Recommendation = [0.0, 0.9702, 0.9440], Current Cost = 6456.00, Rho = 1.000
(iter 441) [0.0, 0.7395, 0.5735] = 456.1613, sampling [1.0, 1.6534, -0.1516]. Recommendation = [0.0, 0.9702, 0.9440], Current Cost = 6457.00, Rho = 1.000
(iter 441) [0.0, 0.7395, 0.5735] = 456.1613, sampling [1.0, 1.4413, -1.6555]. Recommendation = [0.0, 0.9702, 0.9440], Current Cost = 6458.00, Rho = 1.000
(iter 441) [0.0, 0.7395, 0.5735] = 456.1613, sampling [1.0, -1.4668, -1.3130]. Recommendation = [0.0, 0.9702, 0.9440], Current Cost = 6459.00, Rho = 1.000
(iter 441) [0.0, 0.7395, 0.5735] = 456.1613, sampling [1.0, -1.0469, -1.3906]. Recommendation = [0.0, 0.9702, 0.9440], Current Cost = 6460.00, Rho = 1.000
(iter 441) [0.0, 0.7395, 0.5735] = 456.1613, sampling [1.0, 1.8506, 0.2617]. Recommendation = [0.0, 0.9702, 0.9440], Current Cost = 6461.00, Rho = 1.000
(iter 441) [0.0, 0.7395, 0.5735] = 456.1613, sampling [1.0, -1.5373, -1.9961]. Recommendation = [0.0, 0.9702, 0.9440], Current Cost = 6462.00, Rho = 1.000
(iter 441) [0.0, 0.7395, 0.5735] = 456.1613, sampling [1.0, 0.9190, -1.9424]. Recommendation = [0.0, 0.9702, 0.9440], Current Cost = 6463.00, Rho = 1.000
(iter 441) [0.0, 0.7395, 0.5735] = 456.1613, sampling [1.0, 1.7099, -0.0682]. Recommendation = [0.0, 0.9702, 0.9440], Current Cost = 6464.00, Rho = 1.000
(iter 441) [0.0, 0.7395, 0.5735] = 456.1613, sampling [1.0, -1.6221, -0.2219]. Recommendation = [0.0, 0.9702, 0.9440], Current Cost = 6465.00, Rho = 1.000
(iter 441) [0.0, 0.7395, 0.5735] = 456.1613, sampling [1.0, -1.7734, -0.6502]. Recommendation = [0.0, 0.9702, 0.9440], Current Cost = 6466.00, Rho = 1.000
(iter 441) [0.0, 0.7395, 0.5735] = 456.1613, sampling [1.0, 1.7591, -1.2444]. Recommendation = [0.0, 0.9702, 0.9440], Current Cost = 6467.00, Rho = 1.000
(iter 441) [0.0, 0.7395, 0.5735] = 456.1613, sampling [1.0, 1.8324, 0.3305]. Recommendation = [0.0, 0.9702, 0.9440], Current Cost = 6468.00, Rho = 1.000
(iter 441) [0.0, 0.7395, 0.5735] = 456.1613, sampling [1.0, -1.9798, -1.5240]. Recommendation = [0.0, 0.9702, 0.9440], Current Cost = 6469.00, Rho = 1.000
(iter 441) [0.0, 0.7395, 0.5735] = 456.1613, sampling [1.0, 1.3287, -1.1471]. Recommendation = [0.0, 0.9702, 0.9440], Current Cost = 6470.00, Rho = 1.000
(iter 441) [0.0, 0.7395, 0.5735] = 456.1613, sampling [1.0, 1.8650, -0.0810]. Recommendation = [0.0, 0.9702, 0.9440], Current Cost = 6471.00, Rho = 1.000
(iter 441) [0.0, 0.7395, 0.5735] = 456.1613, sampling [1.0, -1.4355, -1.5707]. Recommendation = [0.0, 0.9702, 0.9440], Current Cost = 6472.00, Rho = 1.000
(iter 441) [0.0, 0.7395, 0.5735] = 456.1613, sampling [1.0, 1.6087, -1.4173]. Recommendation = [0.0, 0.9702, 0.9440], Current Cost = 6473.00, Rho = 1.000
(iter 441) [0.0, 0.7395, 0.5735] = 456.1613, sampling [1.0, -1.5681, -1.1736]. Recommendation = [0.0, 0.9702, 0.9440], Current Cost = 6474.00, Rho = 1.000
(iter 441) [0.0, 0.7395, 0.5735] = 456.1613, sampling [1.0, 1.7137, -0.7321]. Recommendation = [0.0, 0.9702, 0.9440], Current Cost = 6475.00, Rho = 1.000
(iter 441) [0.0, 0.7395, 0.5735] = 456.1613, sampling [1.0, 1.2319, -1.5094]. Recommendation = [0.0, 0.9702, 0.9440], Current Cost = 6476.00, Rho = 1.000
(iter 441) [0.0, 0.7395, 0.5735] = 456.1613, sampling [1.0, 1.8891, -0.8609]. Recommendation = [0.0, 0.9702, 0.9440], Current Cost = 6477.00, Rho = 1.000
(iter 441) [0.0, 0.7395, 0.5735] = 456.1613, sampling [1.0, -1.6907, -1.3540]. Recommendation = [0.0, 0.9702, 0.9440], Current Cost = 6478.00, Rho = 1.000
(iter 441) [0.0, 0.7395, 0.5735] = 456.1613, sampling [1.0, 1.8606, -0.4197]. Recommendation = [0.0, 0.9702, 0.9440], Current Cost = 6479.00, Rho = 1.000
(iter 441) [0.0, 0.7395, 0.5735] = 456.1613, sampling [1.0, -1.8670, 0.3533]. Recommendation = [0.0, 0.9702, 0.9440], Current Cost = 6480.00, Rho = 1.000
(iter 441) [0.0, 0.7395, 0.5735] = 456.1613, sampling [1.0, -1.6322, -1.7902]. Recommendation = [0.0, 0.9702, 0.9440], Current Cost = 6481.00, Rho = 1.000
(iter 441) [0.0, 0.7395, 0.5735] = 456.1613, sampling [1.0, -1.8523, -0.9791]. Recommendation = [0.0, 0.9702, 0.9440], Current Cost = 6482.00, Rho = 1.000
(iter 441) [0.0, 0.7395, 0.5735] = 456.1613, sampling [1.0, -1.4843, -1.7018]. Recommendation = [0.0, 0.9702, 0.9440], Current Cost = 6483.00, Rho = 1.000
(iter 441) [0.0, 0.7395, 0.5735] = 456.1613, sampling [1.0, 1.9171, -1.3211]. Recommendation = [0.0, 0.9702, 0.9440], Current Cost = 6484.00, Rho = 1.000
(iter 441) [0.0, 0.7395, 0.5735] = 456.1613, sampling [1.0, 1.5104, -1.5760]. Recommendation = [0.0, 0.9702, 0.9440], Current Cost = 6485.00, Rho = 1.000
(iter 441) [0.0, 0.7395, 0.5735] = 456.1613, sampling [1.0, 1.4812, -1.8203]. Recommendation = [0.0, 0.9702, 0.9440], Current Cost = 6486.00, Rho = 1.000
(iter 441) [0.0, 0.7395, 0.5735] = 456.1613, sampling [1.0, -1.6124, -1.5554]. Recommendation = [0.0, 0.9702, 0.9440], Current Cost = 6487.00, Rho = 1.000
(iter 441) [0.0, 0.7395, 0.5735] = 456.1613, sampling [0.0, 0.9702, 0.9440]. Recommendation = [0.0, 0.9702, 0.9440], Current Cost = 6488.00, Rho = 1.000
(iter 494) [0.0, 0.9702, 0.9440] = 456.2984, sampling [1.0, -1.7149, -1.6589]. Recommendation = [0.0, 0.9702, 0.9440], Current Cost = 7488.00, Rho = 1.000
(iter 494) [0.0, 0.9702, 0.9440] = 456.2984, sampling [1.0, 1.6737, -1.4268]. Recommendation = [0.0, 0.9702, 0.9440], Current Cost = 7489.00, Rho = 1.000
(iter 494) [0.0, 0.9702, 0.9440] = 456.2984, sampling [1.0, 1.8125, -0.3516]. Recommendation = [0.0, 0.9702, 0.9440], Current Cost = 7490.00, Rho = 1.000
(iter 494) [0.0, 0.9702, 0.9440] = 456.2984, sampling [1.0, -1.8155, -1.8261]. Recommendation = [0.0, 0.9702, 0.9440], Current Cost = 7491.00, Rho = 1.000
(iter 494) [0.0, 0.9702, 0.9440] = 456.2984, sampling [1.0, 1.8779, -1.4555]. Recommendation = [0.0, 0.9702, 0.9440], Current Cost = 7492.00, Rho = 1.000
(iter 494) [0.0, 0.9702, 0.9440] = 456.2984, sampling [1.0, -1.7937, -1.5964]. Recommendation = [0.0, 0.9702, 0.9440], Current Cost = 7493.00, Rho = 1.000
(iter 494) [0.0, 0.9702, 0.9440] = 456.2984, sampling [1.0, -1.9979, -1.7280]. Recommendation = [0.0, 0.9702, 0.9440], Current Cost = 7494.00, Rho = 1.000
(iter 494) [0.0, 0.9702, 0.9440] = 456.2984, sampling [1.0, -1.6987, -1.7369]. Recommendation = [0.0, 0.9702, 0.9440], Current Cost = 7495.00, Rho = 1.000
(iter 494) [0.0, 0.9702, 0.9440] = 456.2984, sampling [0.0, 0.5396, 0.2316]. Recommendation = [0.0, 0.9702, 0.9440], Current Cost = 7496.00, Rho = 1.000
(iter 494) [0.0, 0.9702, 0.9440] = 456.2984, sampling [1.0, -1.8184, -1.0636]. Recommendation = [0.0, 0.9702, 0.9440], Current Cost = 8496.00, Rho = 1.000
(iter 494) [0.0, 0.9702, 0.9440] = 456.2984, sampling [1.0, -1.6857, -1.6859]. Recommendation = [0.0, 0.9702, 0.9440], Current Cost = 8497.00, Rho = 1.000
(iter 494) [0.0, 0.9702, 0.9440] = 456.2984, sampling [0.0, 0.2106, 0.0751]. Recommendation = [0.0, 0.9702, 0.9440], Current Cost = 8498.00, Rho = 1.000
(iter 494) [0.0, 0.9702, 0.9440] = 456.2984, sampling [0.0, 1.3583, 1.9436]. Recommendation = [0.0, 0.9702, 0.9440], Current Cost = 9498.00, Rho = 1.000
(iter 494) [0.0, 0.9702, 0.9440] = 456.2984, sampling [1.0, -1.9447, -1.9768]. Recommendation = [0.0, 0.9702, 0.9440], Current Cost = 10498.00, Rho = 1.000
(iter 494) [0.0, 0.9702, 0.9440] = 456.2984, sampling [1.0, -1.6459, -1.7958]. Recommendation = [0.0, 0.9702, 0.9440], Current Cost = 10499.00, Rho = 1.000
(iter 494) [0.0, 0.9702, 0.9440] = 456.2984, sampling [0.0, 0.0069, 0.0240]. Recommendation = [0.0, 0.9702, 0.9440], Current Cost = 10500.00, Rho = 1.000
(iter 494) [0.0, 0.9702, 0.9440] = 456.2984, sampling [0.0, 1.1476, 1.2001]. Recommendation = [0.0, 0.9702, 0.9440], Current Cost = 11500.00, Rho = 1.000
(iter 494) [0.0, 0.9702, 0.9440] = 456.2984, sampling [0.0, 0.3538, 0.0456]. Recommendation = [0.0, 0.9702, 0.9440], Current Cost = 12500.00, Rho = 1.000
(iter 494) [0.0, 0.9702, 0.9440] = 456.2984, sampling [0.0, 0.2480, -1.9879]. Recommendation = [0.0, 0.9702, 0.9440], Current Cost = 13500.00, Rho = 1.000
(iter 494) [0.0, 0.9702, 0.9440] = 456.2984, sampling [0.0, -0.9778, -1.0786]. Recommendation = [0.0, 0.9702, 0.9440], Current Cost = 14500.00, Rho = 1.000
(iter 494) [0.0, 0.9702, 0.9440] = 456.2984, sampling [0.0, 1.9318, 1.6947]. Recommendation = [0.0, 0.9702, 0.9440], Current Cost = 15500.00, Rho = 1.000
(iter 494) [0.0, 0.9702, 0.9440] = 456.2984, sampling [0.0, -1.4319, 0.0223]. Recommendation = [0.0, 0.9702, 0.9440], Current Cost = 16500.00, Rho = 1.000
(iter 494) [0.0, 0.9702, 0.9440] = 456.2984, sampling [0.0, -0.5939, 0.5020]. Recommendation = [0.0, 0.9702, 0.9440], Current Cost = 17500.00, Rho = 1.000
(iter 494) [0.0, 0.9702, 0.9440] = 456.2984, sampling [0.0, 0.0963, -1.2833]. Recommendation = [0.0, 0.9702, 0.9440], Current Cost = 18500.00, Rho = 1.000
(iter 494) [0.0, 0.9702, 0.9440] = 456.2984, sampling [0.0, -0.9874, 0.3403]. Recommendation = [0.0, 0.9702, 0.9440], Current Cost = 19500.00, Rho = 1.000
(iter 494) [0.0, 0.9702, 0.9440] = 456.2984, sampling [0.0, 1.7718, 1.0747]. Recommendation = [0.0, 0.9702, 0.9440], Current Cost = 20500.00, Rho = 1.000
(iter 494) [0.0, 0.9702, 0.9440] = 456.2984, sampling [0.0, 1.9399, 0.8807]. Recommendation = [0.0, 0.9702, 0.9440], Current Cost = 21500.00, Rho = 1.000
(iter 494) [0.0, 0.9702, 0.9440] = 456.2984, sampling [0.0, 1.9023, 1.0676]. Recommendation = [0.0, 0.9702, 0.9440], Current Cost = 22500.00, Rho = 1.000
(iter 494) [0.0, 0.9702, 0.9440] = 456.2984, sampling [0.0, 0.4186, -1.5857]. Recommendation = [0.0, 0.9702, 0.9440], Current Cost = 23500.00, Rho = 1.000
(iter 494) [0.0, 0.9702, 0.9440] = 456.2984, sampling [0.0, -0.1698, -0.8384]. Recommendation = [0.0, 0.9702, 0.9440], Current Cost = 24500.00, Rho = 1.000
(iter 494) [0.0, 0.9702, 0.9440] = 456.2984, sampling [0.0, -1.6221, -0.2219]. Recommendation = [0.0, 0.9702, 0.9440], Current Cost = 25500.00, Rho = 1.000
(iter 494) [0.0, 0.9702, 0.9440] = 456.2984, sampling [0.0, -1.3021, 0.8745]. Recommendation = [0.0, 0.9702, 0.9440], Current Cost = 26500.00, Rho = 1.000
(iter 494) [0.0, 0.9702, 0.9440] = 456.2984, sampling [0.0, -1.5351, 0.3452]. Recommendation = [0.0, 0.9702, 0.9440], Current Cost = 27500.00, Rho = 1.000
(iter 494) [0.0, 0.9702, 0.9440] = 456.2984, sampling [0.0, -0.2066, -1.8569]. Recommendation = [0.0, 0.9702, 0.9440], Current Cost = 28500.00, Rho = 1.000
(iter 494) [0.0, 0.9702, 0.9440] = 456.2984, sampling [0.0, -1.7488, 1.7247]. Recommendation = [0.0, 0.9702, 0.9440], Current Cost = 29500.00, Rho = 1.000
(iter 494) [0.0, 0.9702, 0.9440] = 456.2984, sampling [0.0, 0.0275, 1.9892]. Recommendation = [0.0, 0.9702, 0.9440], Current Cost = 30500.00, Rho = 1.000
(iter 494) [0.0, 0.9702, 0.9440] = 456.2984, sampling [0.0, 0.8225, 0.8630]. Recommendation = [0.0, 0.9702, 0.9440], Current Cost = 31500.00, Rho = 1.000
(iter 494) [0.0, 0.9702, 0.9440] = 456.2984, sampling [0.0, -1.6756, 1.2818]. Recommendation = [0.0, 0.9702, 0.9440], Current Cost = 32500.00, Rho = 1.000
(iter 494) [0.0, 0.9702, 0.9440] = 456.2984, sampling [0.0, 1.8858, 1.4173]. Recommendation = [0.0, 0.9702, 0.9440], Current Cost = 33500.00, Rho = 1.000
(iter 494) [0.0, 0.9702, 0.9440] = 456.2984, sampling [0.0, 1.7099, -0.0682]. Recommendation = [0.0, 0.9702, 0.9440], Current Cost = 34500.00, Rho = 1.000
(iter 494) [0.0, 0.9702, 0.9440] = 456.2984, sampling [0.0, 1.4413, -1.6555]. Recommendation = [0.0, 0.9702, 0.9440], Current Cost = 35500.00, Rho = 1.000
(iter 494) [0.0, 0.9702, 0.9440] = 456.2984, sampling [0.0, 0.5036, 1.2773]. Recommendation = [0.0, 0.9702, 0.9440], Current Cost = 36500.00, Rho = 1.000
(iter 494) [0.0, 0.9702, 0.9440] = 456.2984, sampling [0.0, 1.2921, -0.7205]. Recommendation = [0.0, 0.9702, 0.9440], Current Cost = 37500.00, Rho = 1.000
(iter 494) [0.0, 0.9702, 0.9440] = 456.2984, sampling [0.0, 1.9694, 0.0657]. Recommendation = [0.0, 0.9702, 0.9440], Current Cost = 38500.00, Rho = 1.000
(iter 494) [0.0, 0.9702, 0.9440] = 456.2984, sampling [0.0, -0.7475, 0.0076]. Recommendation = [0.0, 0.9702, 0.9440], Current Cost = 39500.00, Rho = 1.000
(iter 494) [0.0, 0.9702, 0.9440] = 456.2984, sampling [0.0, 0.6207, 1.4454]. Recommendation = [0.0, 0.9702, 0.9440], Current Cost = 40500.00, Rho = 1.000
(iter 494) [0.0, 0.9702, 0.9440] = 456.2984, sampling [0.0, -1.1313, -1.7443]. Recommendation = [0.0, 0.9702, 0.9440], Current Cost = 41500.00, Rho = 1.000
(iter 494) [0.0, 0.9702, 0.9440] = 456.2984, sampling [0.0, 0.7455, 1.1616]. Recommendation = [0.0, 0.9702, 0.9440], Current Cost = 42500.00, Rho = 1.000
(iter 494) [0.0, 0.9702, 0.9440] = 456.2984, sampling [0.0, 0.7585, 1.2232]. Recommendation = [0.0, 0.9702, 0.9440], Current Cost = 43500.00, Rho = 1.000
(iter 494) [0.0, 0.9702, 0.9440] = 456.2984, sampling [0.0, 1.6411, 0.7053]. Recommendation = [0.0, 0.9702, 0.9440], Current Cost = 44500.00, Rho = 1.000
(iter 494) [0.0, 0.9702, 0.9440] = 456.2984, sampling [0.0, 1.0430, 1.8411]. Recommendation = [0.0, 0.9702, 0.9440], Current Cost = 45500.00, Rho = 1.000
(iter 494) [0.0, 0.9702, 0.9440] = 456.2984, sampling [0.0, 0.5554, 1.3778]. Recommendation = [0.0, 0.9702, 0.9440], Current Cost = 46500.00, Rho = 1.000
(iter 494) [0.0, 0.9702, 0.9440] = 456.2984, sampling [0.0, 1.9171, -1.3211]. Recommendation = [0.0, 0.9702, 0.9440], Current Cost = 47500.00, Rho = 1.000
(iter 494) [0.0, 0.9702, 0.9440] = 456.2984, sampling [0.0, 1.4792, -1.8962]. Recommendation = [0.0, 0.9702, 0.9440], Current Cost = 48500.00, Rho = 1.000
(iter 494) [0.0, 0.9702, 0.9440] = 456.2984, sampling [0.0, -1.0216, -0.5286]. Recommendation = [0.0, 0.9702, 0.9440], Current Cost = 49500.00, Rho = 1.000
(iter 494) [0.0, 0.9702, 0.9440] = 456.2984, sampling [0.0, -0.5614, 0.4327]. Recommendation = [0.0, 0.9702, 0.9440], Current Cost = 50500.00, Rho = 1.000
(iter 494) [0.0, 0.9702, 0.9440] = 456.2984, sampling [0.0, 1.9613, -1.6114]. Recommendation = [0.0, 0.9702, 0.9440], Current Cost = 51500.00, Rho = 1.000
(iter 494) [0.0, 0.9702, 0.9440] = 456.2984, sampling [0.0, 1.5104, -1.5760]. Recommendation = [0.0, 0.9702, 0.9440], Current Cost = 52500.00, Rho = 1.000
(iter 494) [0.0, 0.9702, 0.9440] = 456.2984, sampling [0.0, -0.4799, 1.4622]. Recommendation = [0.0, 0.9702, 0.9440], Current Cost = 53500.00, Rho = 1.000
(iter 494) [0.0, 0.9702, 0.9440] = 456.2984, sampling [0.0, 0.6790, -0.6577]. Recommendation = [0.0, 0.9702, 0.9440], Current Cost = 54500.00, Rho = 1.000
(iter 494) [0.0, 0.9702, 0.9440] = 456.2984, sampling [0.0, 0.8911, 0.0824]. Recommendation = [0.0, 0.9702, 0.9440], Current Cost = 55500.00, Rho = 1.000
(iter 494) [0.0, 0.9702, 0.9440] = 456.2984, sampling [0.0, 1.4960, -1.5015]. Recommendation = [0.0, 0.9702, 0.9440], Current Cost = 56500.00, Rho = 1.000
(iter 494) [0.0, 0.9702, 0.9440] = 456.2984, sampling [0.0, 1.3957, 0.3055]. Recommendation = [0.0, 0.9702, 0.9440], Current Cost = 57500.00, Rho = 1.000
(iter 494) [0.0, 0.9702, 0.9440] = 456.2984, sampling [0.0, -0.2135, -1.3806]. Recommendation = [0.0, 0.9702, 0.9440], Current Cost = 58500.00, Rho = 1.000
(iter 494) [0.0, 0.9702, 0.9440] = 456.2984, sampling [0.0, -0.7255, 0.7506]. Recommendation = [0.0, 0.9702, 0.9440], Current Cost = 59500.00, Rho = 1.000
(iter 494) [0.0, 0.9702, 0.9440] = 456.2984, sampling [0.0, 1.3637, -0.4098]. Recommendation = [0.0, 0.9702, 0.9440], Current Cost = 60500.00, Rho = 1.000
(iter 494) [0.0, 0.9702, 0.9440] = 456.2984, sampling [0.0, -0.2398, -0.9668]. Recommendation = [0.0, 0.9702, 0.9440], Current Cost = 61500.00, Rho = 1.000
(iter 494) [0.0, 0.9702, 0.9440] = 456.2984, sampling [0.0, -0.5247, -0.2907]. Recommendation = [0.0, 0.9702, 0.9440], Current Cost = 62500.00, Rho = 1.000
(iter 494) [0.0, 0.9702, 0.9440] = 456.2984, sampling [0.0, -0.8785, -0.6827]. Recommendation = [0.0, 0.9702, 0.9440], Current Cost = 63500.00, Rho = 1.000
(iter 494) [0.0, 0.9702, 0.9440] = 456.2984, sampling [0.0, 0.6590, -0.2810]. Recommendation = [0.0, 0.9702, 0.9440], Current Cost = 64500.00, Rho = 1.000
(iter 494) [0.0, 0.9702, 0.9440] = 456.2984, sampling [0.0, -1.6124, -1.5554]. Recommendation = [0.0, 0.9702, 0.9440], Current Cost = 65500.00, Rho = 1.000
(iter 494) [0.0, 0.9702, 0.9440] = 456.2984, sampling [0.0, -1.9318, 0.6824]. Recommendation = [0.0, 0.9702, 0.9440], Current Cost = 66500.00, Rho = 1.000
(iter 494) [0.0, 0.9702, 0.9440] = 456.2984, sampling [0.0, -1.8877, 0.9973]. Recommendation = [0.0, 0.9702, 0.9440], Current Cost = 67500.00, Rho = 1.000
(iter 494) [0.0, 0.9702, 0.9440] = 456.2984, sampling [0.0, -1.9623, 0.2095]. Recommendation = [0.0, 0.9702, 0.9440], Current Cost = 68500.00, Rho = 1.000
(iter 494) [0.0, 0.9702, 0.9440] = 456.2984, sampling [0.0, -0.4860, 0.1271]. Recommendation = [0.0, 0.9702, 0.9440], Current Cost = 69500.00, Rho = 1.000
(iter 494) [0.0, 0.9702, 0.9440] = 456.2984, sampling [0.0, -1.0564, -1.8869]. Recommendation = [0.0, 0.9702, 0.9440], Current Cost = 70500.00, Rho = 1.000
(iter 494) [0.0, 0.9702, 0.9440] = 456.2984, sampling [0.0, -0.5198, -1.3947]. Recommendation = [0.0, 0.9702, 0.9440], Current Cost = 71500.00, Rho = 1.000
(iter 494) [0.0, 0.9702, 0.9440] = 456.2984, sampling [0.0, 1.5151, 0.5839]. Recommendation = [0.0, 0.9702, 0.9440], Current Cost = 72500.00, Rho = 1.000
(iter 494) [0.0, 0.9702, 0.9440] = 456.2984, sampling [0.0, 1.8606, -0.4197]. Recommendation = [0.0, 0.9702, 0.9440], Current Cost = 73500.00, Rho = 1.000
(iter 494) [0.0, 0.9702, 0.9440] = 456.2984, sampling [0.0, 0.9662, 0.4257]. Recommendation = [0.0, 0.9702, 0.9440], Current Cost = 74500.00, Rho = 1.000
(iter 494) [0.0, 0.9702, 0.9440] = 456.2984, sampling [0.0, 0.0550, -1.1948]. Recommendation = [0.0, 0.9702, 0.9440], Current Cost = 75500.00, Rho = 1.000
(iter 494) [0.0, 0.9702, 0.9440] = 456.2984, sampling [0.0, -1.3904, 0.2890]. Recommendation = [0.0, 0.9702, 0.9440], Current Cost = 76500.00, Rho = 1.000
(iter 494) [0.0, 0.9702, 0.9440] = 456.2984, sampling [0.0, 1.3124, 1.2602]. Recommendation = [0.0, 0.9702, 0.9440], Current Cost = 77500.00, Rho = 1.000
(iter 494) [0.0, 0.9702, 0.9440] = 456.2984, sampling [0.0, 0.7749, 0.7280]. Recommendation = [0.0, 0.9702, 0.9440], Current Cost = 78500.00, Rho = 1.000
(iter 494) [0.0, 0.9702, 0.9440] = 456.2984, sampling [0.0, -1.9069, 1.1300]. Recommendation = [0.0, 0.9702, 0.9440], Current Cost = 79500.00, Rho = 1.000
(iter 494) [0.0, 0.9702, 0.9440] = 456.2984, sampling [0.0, -0.6851, 1.3943]. Recommendation = [0.0, 0.9702, 0.9440], Current Cost = 80500.00, Rho = 1.000
(iter 494) [0.0, 0.9702, 0.9440] = 456.2984, sampling [0.0, 0.1999, -1.0365]. Recommendation = [0.0, 0.9702, 0.9440], Current Cost = 81500.00, Rho = 1.000
(iter 494) [0.0, 0.9702, 0.9440] = 456.2984, sampling [0.0, 0.5261, -0.6958]. Recommendation = [0.0, 0.9702, 0.9440], Current Cost = 82500.00, Rho = 1.000
(iter 494) [0.0, 0.9702, 0.9440] = 456.2984, sampling [0.0, 0.7048, 0.1759]. Recommendation = [0.0, 0.9702, 0.9440], Current Cost = 83500.00, Rho = 1.000
(iter 494) [0.0, 0.9702, 0.9440] = 456.2984, sampling [0.0, 0.4601, 1.5530]. Recommendation = [0.0, 0.9702, 0.9440], Current Cost = 84500.00, Rho = 1.000
(iter 494) [0.0, 0.9702, 0.9440] = 456.2984, sampling [0.0, -1.1740, -1.2017]. Recommendation = [0.0, 0.9702, 0.9440], Current Cost = 85500.00, Rho = 1.000
(iter 494) [0.0, 0.9702, 0.9440] = 456.2984, sampling [0.0, 1.8036, 0.3730]. Recommendation = [0.0, 0.9702, 0.9440], Current Cost = 86500.00, Rho = 1.000
(iter 494) [0.0, 0.9702, 0.9440] = 456.2984, sampling [0.0, 1.7137, -0.7321]. Recommendation = [0.0, 0.9702, 0.9440], Current Cost = 87500.00, Rho = 1.000
(iter 494) [0.0, 0.9702, 0.9440] = 456.2984, sampling [0.0, 1.1423, 1.8327]. Recommendation = [0.0, 0.9702, 0.9440], Current Cost = 88500.00, Rho = 1.000
(iter 494) [0.0, 0.9702, 0.9440] = 456.2984, sampling [0.0, 1.4061, -0.8481]. Recommendation = [0.0, 0.9702, 0.9440], Current Cost = 89500.00, Rho = 1.000
(iter 494) [0.0, 0.9702, 0.9440] = 456.2984, sampling [0.0, 0.1466, 1.6052]. Recommendation = [0.0, 0.9702, 0.9440], Current Cost = 90500.00, Rho = 1.000
(iter 494) [0.0, 0.9702, 0.9440] = 456.2984, sampling [0.0, -1.4723, -0.8082]. Recommendation = [0.0, 0.9702, 0.9440], Current Cost = 91500.00, Rho = 1.000
(iter 494) [0.0, 0.9702, 0.9440] = 456.2984, sampling [0.0, -1.5373, -1.9961]. Recommendation = [0.0, 0.9702, 0.9440], Current Cost = 92500.00, Rho = 1.000
(iter 494) [0.0, 0.9702, 0.9440] = 456.2984, sampling [0.0, 1.7591, -1.2444]. Recommendation = [0.0, 0.9702, 0.9440], Current Cost = 93500.00, Rho = 1.000
(iter 494) [0.0, 0.9702, 0.9440] = 456.2984, sampling [0.0, -0.6399, -1.5290]. Recommendation = [0.0, 0.9702, 0.9440], Current Cost = 94500.00, Rho = 1.000
(iter 494) [0.0, 0.9702, 0.9440] = 456.2984, sampling [0.0, 1.2131, -1.5492]. Recommendation = [0.0, 0.9702, 0.9440], Current Cost = 95500.00, Rho = 1.000
(iter 494) [0.0, 0.9702, 0.9440] = 456.2984, sampling [0.0, -1.6689, 1.1413]. Recommendation = [0.0, 0.9702, 0.9440], Current Cost = 96500.00, Rho = 1.000
(iter 494) [0.0, 0.9702, 0.9440] = 456.2984, sampling [0.0, 1.9924, 1.5613]. Recommendation = [0.0, 0.9702, 0.9440], Current Cost = 97500.00, Rho = 1.000
(iter 494) [0.0, 0.9702, 0.9440] = 456.2984, sampling [0.0, 0.7255, 0.1004]. Recommendation = [0.0, 0.9702, 0.9440], Current Cost = 98500.00, Rho = 1.000
(iter 494) [0.0, 0.9702, 0.9440] = 456.2984, sampling [0.0, -1.3436, -0.7647]. Recommendation = [0.0, 0.9702, 0.9440], Current Cost = 99500.00, Rho = 1.000
