(iter 10) [0.0, -0.4909, -0.2256] = 432.3118, sampling [1.0, -0.0377, -0.0282]. Recommendation = [0.0, -0.4909, -0.2256], Current Cost = 5005.00, Rho = 1.000
(iter 10) [0.0, -0.4909, -0.2256] = 432.3118, sampling [1.0, -0.1190, 0.3574]. Recommendation = [0.0, -0.0377, -0.0282], Current Cost = 5006.00, Rho = 1.000
(iter 10) [0.0, -0.4909, -0.2256] = 432.3118, sampling [1.0, 0.3120, 0.1848]. Recommendation = [0.0, -0.0377, -0.0282], Current Cost = 5007.00, Rho = 1.000
(iter 10) [0.0, -0.4909, -0.2256] = 432.3118, sampling [1.0, 0.1851, 0.5995]. Recommendation = [0.0, -0.0377, -0.0282], Current Cost = 5008.00, Rho = 1.000
(iter 10) [0.0, -0.4909, -0.2256] = 432.3118, sampling [1.0, -0.3231, 0.1392]. Recommendation = [0.0, -0.0377, -0.0282], Current Cost = 5009.00, Rho = 1.000
(iter 10) [0.0, -0.4909, -0.2256] = 432.3118, sampling [1.0, -0.2294, -0.1093]. Recommendation = [0.0, -0.1203, 0.2239], Current Cost = 5010.00, Rho = 1.000
(iter 10) [0.0, -0.4909, -0.2256] = 432.3118, sampling [1.0, 0.1978, -0.2534]. Recommendation = [0.0, -0.1203, 0.2239], Current Cost = 5011.00, Rho = 1.000
(iter 10) [0.0, -0.4909, -0.2256] = 432.3118, sampling [1.0, 0.7713, 0.0403]. Recommendation = [0.0, -0.1203, 0.2239], Current Cost = 5012.00, Rho = 1.000
(iter 10) [0.0, -0.4909, -0.2256] = 432.3118, sampling [1.0, 0.5070, 0.6645]. Recommendation = [0.0, -0.1203, 0.2239], Current Cost = 5013.00, Rho = 1.000
(iter 10) [0.0, -0.4909, -0.2256] = 432.3118, sampling [1.0, 0.4150, 0.3015]. Recommendation = [0.0, -0.1203, 0.2239], Current Cost = 5014.00, Rho = 1.000
(iter 10) [0.0, -0.4909, -0.2256] = 432.3118, sampling [1.0, 0.9356, 0.4106]. Recommendation = [0.0, -0.1203, 0.2239], Current Cost = 5015.00, Rho = 1.000
(iter 10) [0.0, -0.4909, -0.2256] = 432.3118, sampling [1.0, -0.1110, 0.8060]. Recommendation = [0.0, -0.1203, 0.2239], Current Cost = 5016.00, Rho = 1.000
(iter 10) [0.0, -0.4909, -0.2256] = 432.3118, sampling [1.0, 0.6082, -0.1786]. Recommendation = [0.0, -0.1203, 0.2239], Current Cost = 5017.00, Rho = 1.000
(iter 10) [0.0, -0.4909, -0.2256] = 432.3118, sampling [1.0, 0.1522, -0.1147]. Recommendation = [0.0, 0.3339, 0.1029], Current Cost = 5018.00, Rho = 1.000
(iter 10) [0.0, -0.4909, -0.2256] = 432.3118, sampling [1.0, 0.3059, 1.0670]. Recommendation = [0.0, -0.1203, 0.2239], Current Cost = 5019.00, Rho = 1.000
(iter 10) [0.0, -0.4909, -0.2256] = 432.3118, sampling [1.0, -0.1203, 0.2239]. Recommendation = [0.0, -0.1203, 0.2239], Current Cost = 5020.00, Rho = 1.000
(iter 10) [0.0, -0.4909, -0.2256] = 432.3118, sampling [1.0, -0.1592, -0.3834]. Recommendation = [0.0, 0.3339, 0.1029], Current Cost = 5021.00, Rho = 1.000
(iter 10) [0.0, -0.4909, -0.2256] = 432.3118, sampling [1.0, 0.6675, 0.7667]. Recommendation = [0.0, -0.1352, -0.0640], Current Cost = 5022.00, Rho = 1.000
(iter 10) [0.0, -0.4909, -0.2256] = 432.3118, sampling [1.0, 0.3991, -0.4469]. Recommendation = [0.0, -0.1352, -0.0640], Current Cost = 5023.00, Rho = 1.000
(iter 10) [0.0, -0.4909, -0.2256] = 432.3118, sampling [1.0, 0.0366, 0.5217]. Recommendation = [0.0, -0.1352, -0.0640], Current Cost = 5024.00, Rho = 1.000
(iter 10) [0.0, -0.4909, -0.2256] = 432.3118, sampling [1.0, 0.9513, 0.5719]. Recommendation = [0.0, -0.1352, -0.0640], Current Cost = 5025.00, Rho = 1.000
(iter 10) [0.0, -0.4909, -0.2256] = 432.3118, sampling [1.0, 0.3339, 0.1029]. Recommendation = [0.0, -0.1352, -0.0640], Current Cost = 5026.00, Rho = 1.000
(iter 10) [0.0, -0.4909, -0.2256] = 432.3118, sampling [1.0, -0.3106, 0.6234]. Recommendation = [0.0, -0.1352, -0.0640], Current Cost = 5027.00, Rho = 1.000
(iter 10) [0.0, -0.4909, -0.2256] = 432.3118, sampling [1.0, -0.3713, 1.1393]. Recommendation = [0.0, -0.1352, -0.0640], Current Cost = 5028.00, Rho = 1.000
(iter 10) [0.0, -0.4909, -0.2256] = 432.3118, sampling [1.0, 1.1062, -0.0096]. Recommendation = [0.0, -0.1352, -0.0640], Current Cost = 5029.00, Rho = 1.000
(iter 10) [0.0, -0.4909, -0.2256] = 432.3118, sampling [1.0, 0.1313, -0.5470]. Recommendation = [0.0, -0.1352, -0.0640], Current Cost = 5030.00, Rho = 1.000
(iter 10) [0.0, -0.4909, -0.2256] = 432.3118, sampling [1.0, 0.7311, 1.0898]. Recommendation = [0.0, -0.0948, -0.1202], Current Cost = 5031.00, Rho = 1.000
(iter 10) [0.0, -0.4909, -0.2256] = 432.3118, sampling [1.0, 1.0709, 0.9318]. Recommendation = [0.0, -0.0948, -0.1202], Current Cost = 5032.00, Rho = 1.000
(iter 10) [0.0, -0.4909, -0.2256] = 432.3118, sampling [1.0, 1.0567, 0.7421]. Recommendation = [0.0, -0.0948, -0.1202], Current Cost = 5033.00, Rho = 1.000
(iter 10) [0.0, -0.4909, -0.2256] = 432.3118, sampling [1.0, 0.3823, 0.8424]. Recommendation = [0.0, -0.0948, -0.1202], Current Cost = 5034.00, Rho = 1.000
(iter 10) [0.0, -0.4909, -0.2256] = 432.3118, sampling [1.0, -0.0948, -0.1202]. Recommendation = [0.0, -0.0948, -0.1202], Current Cost = 5035.00, Rho = 1.000
(iter 10) [0.0, -0.4909, -0.2256] = 432.3118, sampling [1.0, 0.1105, 1.4909]. Recommendation = [0.0, -0.1352, -0.0640], Current Cost = 5036.00, Rho = 1.000
(iter 10) [0.0, -0.4909, -0.2256] = 432.3118, sampling [1.0, -0.4462, 0.2241]. Recommendation = [0.0, -0.1352, -0.0640], Current Cost = 5037.00, Rho = 1.000
(iter 10) [0.0, -0.4909, -0.2256] = 432.3118, sampling [1.0, -0.2339, 0.3658]. Recommendation = [0.0, -0.3666, 0.2040], Current Cost = 5038.00, Rho = 1.000
(iter 10) [0.0, -0.4909, -0.2256] = 432.3118, sampling [1.0, -0.4784, -0.0926]. Recommendation = [0.0, -0.3666, 0.2040], Current Cost = 5039.00, Rho = 1.000
(iter 10) [0.0, -0.4909, -0.2256] = 432.3118, sampling [1.0, 0.8908, 1.2709]. Recommendation = [0.0, -0.3666, 0.2040], Current Cost = 5040.00, Rho = 1.000
(iter 10) [0.0, -0.4909, -0.2256] = 432.3118, sampling [1.0, -0.1386, 0.4765]. Recommendation = [0.0, -0.3666, 0.2040], Current Cost = 5041.00, Rho = 1.000
(iter 10) [0.0, -0.4909, -0.2256] = 432.3118, sampling [1.0, 0.5338, 1.0013]. Recommendation = [0.0, -0.3666, 0.2040], Current Cost = 5042.00, Rho = 1.000
(iter 10) [0.0, -0.4909, -0.2256] = 432.3118, sampling [1.0, 0.8376, -0.3447]. Recommendation = [0.0, -0.3666, 0.2040], Current Cost = 5043.00, Rho = 1.000
(iter 10) [0.0, -0.4909, -0.2256] = 432.3118, sampling [1.0, 0.1419, -0.2975]. Recommendation = [0.0, -0.3666, 0.2040], Current Cost = 5044.00, Rho = 1.000
(iter 10) [0.0, -0.4909, -0.2256] = 432.3118, sampling [1.0, 0.6359, 1.3214]. Recommendation = [0.0, -0.3666, 0.2040], Current Cost = 5045.00, Rho = 1.000
(iter 10) [0.0, -0.4909, -0.2256] = 432.3118, sampling [1.0, -0.6579, 0.8606]. Recommendation = [0.0, -0.3666, 0.2040], Current Cost = 5046.00, Rho = 1.000
(iter 10) [0.0, -0.4909, -0.2256] = 432.3118, sampling [1.0, -0.5726, 0.2941]. Recommendation = [0.0, -0.3666, 0.2040], Current Cost = 5047.00, Rho = 1.000
(iter 10) [0.0, -0.4909, -0.2256] = 432.3118, sampling [1.0, -0.3300, 0.7807]. Recommendation = [0.0, -0.3666, 0.2040], Current Cost = 5048.00, Rho = 1.000
(iter 10) [0.0, -0.4909, -0.2256] = 432.3118, sampling [1.0, -0.7974, 0.6097]. Recommendation = [0.0, -0.3666, 0.2040], Current Cost = 5049.00, Rho = 1.000
(iter 10) [0.0, -0.4909, -0.2256] = 432.3118, sampling [1.0, -0.7806, 1.0755]. Recommendation = [0.0, -0.3666, 0.2040], Current Cost = 5050.00, Rho = 1.000
(iter 10) [0.0, -0.4909, -0.2256] = 432.3118, sampling [1.0, -0.9620, 0.9172]. Recommendation = [0.0, -0.3666, 0.2040], Current Cost = 5051.00, Rho = 1.000
(iter 10) [0.0, -0.4909, -0.2256] = 432.3118, sampling [1.0, -0.8973, 0.7149]. Recommendation = [0.0, -0.0377, -0.0282], Current Cost = 5052.00, Rho = 1.000
(iter 10) [0.0, -0.4909, -0.2256] = 432.3118, sampling [1.0, -0.8169, 1.3022]. Recommendation = [0.0, -0.0377, -0.0282], Current Cost = 5053.00, Rho = 1.000
(iter 10) [0.0, -0.4909, -0.2256] = 432.3118, sampling [1.0, -0.6514, 1.0343]. Recommendation = [0.0, -0.0377, -0.0282], Current Cost = 5054.00, Rho = 1.000
(iter 10) [0.0, -0.4909, -0.2256] = 432.3118, sampling [1.0, -0.7904, 0.5096]. Recommendation = [0.0, -0.0377, -0.0282], Current Cost = 5055.00, Rho = 1.000
(iter 10) [0.0, -0.4909, -0.2256] = 432.3118, sampling [1.0, -1.0458, 1.0828]. Recommendation = [0.0, -0.0377, -0.0282], Current Cost = 5056.00, Rho = 1.000
(iter 10) [0.0, -0.4909, -0.2256] = 432.3118, sampling [1.0, -0.9054, 0.9811]. Recommendation = [0.0, -0.0377, -0.0282], Current Cost = 5057.00, Rho = 1.000
(iter 10) [0.0, -0.4909, -0.2256] = 432.3118, sampling [1.0, -0.8870, 1.1559]. Recommendation = [0.0, -0.0377, -0.0282], Current Cost = 5058.00, Rho = 1.000
(iter 10) [0.0, -0.4909, -0.2256] = 432.3118, sampling [1.0, -0.7539, 0.1768]. Recommendation = [0.0, -0.0377, -0.0282], Current Cost = 5059.00, Rho = 1.000
(iter 10) [0.0, -0.4909, -0.2256] = 432.3118, sampling [1.0, -0.5381, -0.0025]. Recommendation = [0.0, -0.0377, -0.0282], Current Cost = 5060.00, Rho = 1.000
(iter 10) [0.0, -0.4909, -0.2256] = 432.3118, sampling [1.0, 1.2501, 0.5184]. Recommendation = [0.0, -0.0377, -0.0282], Current Cost = 5061.00, Rho = 1.000
(iter 10) [0.0, -0.4909, -0.2256] = 432.3118, sampling [1.0, -0.0692, -0.5196]. Recommendation = [0.0, -0.0377, -0.0282], Current Cost = 5062.00, Rho = 1.000
(iter 10) [0.0, -0.4909, -0.2256] = 432.3118, sampling [1.0, 0.4004, -0.6705]. Recommendation = [0.0, -0.0377, -0.0282], Current Cost = 5063.00, Rho = 1.000
(iter 10) [0.0, -0.4909, -0.2256] = 432.3118, sampling [1.0, -1.0248, 1.4197]. Recommendation = [0.0, -0.0377, -0.0282], Current Cost = 5064.00, Rho = 1.000
(iter 10) [0.0, -0.4909, -0.2256] = 432.3118, sampling [1.0, -1.2335, 1.2736]. Recommendation = [0.0, -0.0377, -0.0282], Current Cost = 5065.00, Rho = 1.000
(iter 10) [0.0, -0.4909, -0.2256] = 432.3118, sampling [1.0, -1.1383, 0.9456]. Recommendation = [0.0, -0.0377, -0.0282], Current Cost = 5066.00, Rho = 1.000
(iter 10) [0.0, -0.4909, -0.2256] = 432.3118, sampling [1.0, -1.0233, 0.5519]. Recommendation = [0.0, -0.0377, -0.0282], Current Cost = 5067.00, Rho = 1.000
(iter 10) [0.0, -0.4909, -0.2256] = 432.3118, sampling [1.0, -1.0006, 0.8115]. Recommendation = [0.0, -0.0377, -0.0282], Current Cost = 5068.00, Rho = 1.000
(iter 10) [0.0, -0.4909, -0.2256] = 432.3118, sampling [1.0, -1.2441, 1.0501]. Recommendation = [0.0, -0.0377, -0.0282], Current Cost = 5069.00, Rho = 1.000
(iter 10) [0.0, -0.4909, -0.2256] = 432.3118, sampling [1.0, -1.2258, 1.5521]. Recommendation = [0.0, -0.0377, -0.0282], Current Cost = 5070.00, Rho = 1.000
(iter 10) [0.0, -0.4909, -0.2256] = 432.3118, sampling [1.0, -1.2572, 1.4146]. Recommendation = [0.0, -0.0377, -0.0282], Current Cost = 5071.00, Rho = 1.000
(iter 10) [0.0, -0.4909, -0.2256] = 432.3118, sampling [1.0, -1.0363, 1.5342]. Recommendation = [0.0, -0.0377, -0.0282], Current Cost = 5072.00, Rho = 1.000
(iter 10) [0.0, -0.4909, -0.2256] = 432.3118, sampling [1.0, -1.1612, 0.7294]. Recommendation = [0.0, -0.0377, -0.0282], Current Cost = 5073.00, Rho = 1.000
(iter 10) [0.0, -0.4909, -0.2256] = 432.3118, sampling [1.0, -1.5127, 1.4344]. Recommendation = [0.0, -0.0377, -0.0282], Current Cost = 5074.00, Rho = 1.000
(iter 10) [0.0, -0.4909, -0.2256] = 432.3118, sampling [1.0, -1.4262, 1.1623]. Recommendation = [0.0, -0.0377, -0.0282], Current Cost = 5075.00, Rho = 1.000
(iter 10) [0.0, -0.4909, -0.2256] = 432.3118, sampling [1.0, -1.0950, 1.8267]. Recommendation = [0.0, -0.0377, -0.0282], Current Cost = 5076.00, Rho = 1.000
(iter 10) [0.0, -0.4909, -0.2256] = 432.3118, sampling [1.0, -1.3525, 1.6367]. Recommendation = [0.0, -0.0377, -0.0282], Current Cost = 5077.00, Rho = 1.000
(iter 10) [0.0, -0.4909, -0.2256] = 432.3118, sampling [1.0, 0.8630, 0.1187]. Recommendation = [0.0, -0.0377, -0.0282], Current Cost = 5078.00, Rho = 1.000
(iter 10) [0.0, -0.4909, -0.2256] = 432.3118, sampling [1.0, -1.4691, 1.9219]. Recommendation = [0.0, -0.0377, -0.0282], Current Cost = 5079.00, Rho = 1.000
(iter 10) [0.0, -0.4909, -0.2256] = 432.3118, sampling [1.0, -1.4359, 1.7509]. Recommendation = [0.0, -0.0377, -0.0282], Current Cost = 5080.00, Rho = 1.000
(iter 10) [0.0, -0.4909, -0.2256] = 432.3118, sampling [1.0, -1.6050, 1.8053]. Recommendation = [0.0, -0.0377, -0.0282], Current Cost = 5081.00, Rho = 1.000
(iter 10) [0.0, -0.4909, -0.2256] = 432.3118, sampling [1.0, 1.3171, 1.3185]. Recommendation = [0.0, -0.0377, -0.0282], Current Cost = 5082.00, Rho = 1.000
(iter 10) [0.0, -0.4909, -0.2256] = 432.3118, sampling [1.0, 1.0428, 1.5008]. Recommendation = [0.0, -0.0377, -0.0282], Current Cost = 5083.00, Rho = 1.000
(iter 10) [0.0, -0.4909, -0.2256] = 432.3118, sampling [1.0, 1.2653, 1.0221]. Recommendation = [0.0, -0.0377, -0.0282], Current Cost = 5084.00, Rho = 1.000
(iter 10) [0.0, -0.4909, -0.2256] = 432.3118, sampling [1.0, 1.3094, 1.7069]. Recommendation = [0.0, -0.0377, -0.0282], Current Cost = 5085.00, Rho = 1.000
(iter 10) [0.0, -0.4909, -0.2256] = 432.3118, sampling [1.0, 1.1165, 1.6996]. Recommendation = [0.0, -0.0377, -0.0282], Current Cost = 5086.00, Rho = 1.000
(iter 10) [0.0, -0.4909, -0.2256] = 432.3118, sampling [1.0, 0.8871, 1.6026]. Recommendation = [0.0, -0.0377, -0.0282], Current Cost = 5087.00, Rho = 1.000
(iter 10) [0.0, -0.4909, -0.2256] = 432.3118, sampling [1.0, 1.6461, 1.3728]. Recommendation = [0.0, -0.0377, -0.0282], Current Cost = 5088.00, Rho = 1.000
(iter 10) [0.0, -0.4909, -0.2256] = 432.3118, sampling [1.0, 0.9648, 1.9764]. Recommendation = [0.0, -0.0377, -0.0282], Current Cost = 5089.00, Rho = 1.000
(iter 10) [0.0, -0.4909, -0.2256] = 432.3118, sampling [1.0, 1.4263, 1.9585]. Recommendation = [0.0, -0.0377, -0.0282], Current Cost = 5090.00, Rho = 1.000
(iter 10) [0.0, -0.4909, -0.2256] = 432.3118, sampling [1.0, 1.4325, 1.8207]. Recommendation = [0.0, -0.0377, -0.0282], Current Cost = 5091.00, Rho = 1.000
(iter 10) [0.0, -0.4909, -0.2256] = 432.3118, sampling [1.0, 1.1532, 1.8930]. Recommendation = [0.0, -0.0377, -0.0282], Current Cost = 5092.00, Rho = 1.000
(iter 10) [0.0, -0.4909, -0.2256] = 432.3118, sampling [1.0, 1.5844, 1.8477]. Recommendation = [0.0, -0.0377, -0.0282], Current Cost = 5093.00, Rho = 1.000
(iter 10) [0.0, -0.4909, -0.2256] = 432.3118, sampling [1.0, -0.9399, 1.2291]. Recommendation = [0.0, -0.0377, -0.0282], Current Cost = 5094.00, Rho = 1.000
(iter 10) [0.0, -0.4909, -0.2256] = 432.3118, sampling [1.0, 0.1761, 0.8891]. Recommendation = [0.0, -0.0377, -0.0282], Current Cost = 5095.00, Rho = 1.000
(iter 10) [0.0, -0.4909, -0.2256] = 432.3118, sampling [1.0, -0.9216, 0.5297]. Recommendation = [0.0, -0.0377, -0.0282], Current Cost = 5096.00, Rho = 1.000
(iter 10) [0.0, -0.4909, -0.2256] = 432.3118, sampling [1.0, -0.1352, -0.0640]. Recommendation = [0.0, -0.0377, -0.0282], Current Cost = 5097.00, Rho = 1.000
(iter 10) [0.0, -0.4909, -0.2256] = 432.3118, sampling [1.0, -1.3712, 1.5090]. Recommendation = [0.0, -0.0377, -0.0282], Current Cost = 5098.00, Rho = 1.000
(iter 10) [0.0, -0.4909, -0.2256] = 432.3118, sampling [1.0, -0.6182, 0.2625]. Recommendation = [0.0, -0.0377, -0.0282], Current Cost = 5099.00, Rho = 1.000
(iter 10) [0.0, -0.4909, -0.2256] = 432.3118, sampling [1.0, -0.3666, 0.2040]. Recommendation = [0.0, -0.0377, -0.0282], Current Cost = 5100.00, Rho = 1.000
(iter 10) [0.0, -0.4909, -0.2256] = 432.3118, sampling [1.0, 0.8162, 1.1801]. Recommendation = [0.0, -0.0377, -0.0282], Current Cost = 5101.00, Rho = 1.000
(iter 10) [0.0, -0.4909, -0.2256] = 432.3118, sampling [1.0, 1.1484, 0.7944]. Recommendation = [0.0, -0.0377, -0.0282], Current Cost = 5102.00, Rho = 1.000
(iter 10) [0.0, -0.4909, -0.2256] = 432.3118, sampling [1.0, -0.8407, 1.5371]. Recommendation = [0.0, -0.0377, -0.0282], Current Cost = 5103.00, Rho = 1.000
(iter 10) [0.0, -0.4909, -0.2256] = 432.3118, sampling [1.0, 0.5168, 1.9373]. Recommendation = [0.0, -0.0377, -0.0282], Current Cost = 5104.00, Rho = 1.000
(iter 10) [0.0, -0.4909, -0.2256] = 432.3118, sampling [1.0, 1.1818, 0.9572]. Recommendation = [0.0, -0.0377, -0.0282], Current Cost = 5105.00, Rho = 1.000
(iter 10) [0.0, -0.4909, -0.2256] = 432.3118, sampling [1.0, 0.0902, -0.7902]. Recommendation = [0.0, -0.0377, -0.0282], Current Cost = 5106.00, Rho = 1.000
(iter 10) [0.0, -0.4909, -0.2256] = 432.3118, sampling [1.0, -0.2589, -0.5762]. Recommendation = [0.0, -0.0377, -0.0282], Current Cost = 5107.00, Rho = 1.000
(iter 10) [0.0, -0.4909, -0.2256] = 432.3118, sampling [1.0, -0.0766, -0.6601]. Recommendation = [0.0, -0.0377, -0.0282], Current Cost = 5108.00, Rho = 1.000
(iter 10) [0.0, -0.4909, -0.2256] = 432.3118, sampling [1.0, 0.6780, -0.7265]. Recommendation = [0.0, -0.0377, -0.0282], Current Cost = 5109.00, Rho = 1.000
(iter 10) [0.0, -0.4909, -0.2256] = 432.3118, sampling [1.0, 0.2602, -0.6447]. Recommendation = [0.0, -0.0377, -0.0282], Current Cost = 5110.00, Rho = 1.000
(iter 10) [0.0, -0.4909, -0.2256] = 432.3118, sampling [1.0, -0.0303, 0.5853]. Recommendation = [0.0, -0.0377, -0.0282], Current Cost = 5111.00, Rho = 1.000
(iter 10) [0.0, -0.4909, -0.2256] = 432.3118, sampling [1.0, -0.0079, 1.1179]. Recommendation = [0.0, -0.0377, -0.0282], Current Cost = 5112.00, Rho = 1.000
(iter 10) [0.0, -0.4909, -0.2256] = 432.3118, sampling [1.0, -0.7221, 1.2054]. Recommendation = [0.0, -0.0377, -0.0282], Current Cost = 5113.00, Rho = 1.000
(iter 10) [0.0, -0.4909, -0.2256] = 432.3118, sampling [1.0, -1.3472, 1.3787]. Recommendation = [0.0, -0.0377, -0.0282], Current Cost = 5114.00, Rho = 1.000
(iter 10) [0.0, -0.4909, -0.2256] = 432.3118, sampling [1.0, 0.7945, -0.0694]. Recommendation = [0.0, -0.0377, -0.0282], Current Cost = 5115.00, Rho = 1.000
(iter 10) [0.0, -0.4909, -0.2256] = 432.3118, sampling [1.0, -0.7704, 1.0000]. Recommendation = [0.0, -0.0377, -0.0282], Current Cost = 5116.00, Rho = 1.000
(iter 10) [0.0, -0.4909, -0.2256] = 432.3118, sampling [1.0, -0.4700, -0.4632]. Recommendation = [0.0, -0.0377, -0.0282], Current Cost = 5117.00, Rho = 1.000
(iter 10) [0.0, -0.4909, -0.2256] = 432.3118, sampling [1.0, -0.6355, -0.1636]. Recommendation = [0.0, -0.0377, -0.0282], Current Cost = 5118.00, Rho = 1.000
(iter 10) [0.0, -0.4909, -0.2256] = 432.3118, sampling [1.0, 0.4524, 0.7725]. Recommendation = [0.0, -0.0377, -0.0282], Current Cost = 5119.00, Rho = 1.000
(iter 10) [0.0, -0.4909, -0.2256] = 432.3118, sampling [1.0, -1.2524, 0.8674]. Recommendation = [0.0, -0.0377, -0.0282], Current Cost = 5120.00, Rho = 1.000
(iter 10) [0.0, -0.4909, -0.2256] = 432.3118, sampling [1.0, 1.7796, 1.9985]. Recommendation = [0.0, -0.0377, -0.0282], Current Cost = 5121.00, Rho = 1.000
(iter 10) [0.0, -0.4909, -0.2256] = 432.3118, sampling [1.0, 1.3899, 1.2441]. Recommendation = [0.0, -0.0377, -0.0282], Current Cost = 5122.00, Rho = 1.000
(iter 10) [0.0, -0.4909, -0.2256] = 432.3118, sampling [1.0, -0.2709, 0.9377]. Recommendation = [0.0, -0.0377, -0.0282], Current Cost = 5123.00, Rho = 1.000
(iter 10) [0.0, -0.4909, -0.2256] = 432.3118, sampling [1.0, 1.4710, 1.8997]. Recommendation = [0.0, -0.0377, -0.0282], Current Cost = 5124.00, Rho = 1.000
(iter 10) [0.0, -0.4909, -0.2256] = 432.3118, sampling [1.0, 1.1652, 0.3115]. Recommendation = [0.0, -0.0377, -0.0282], Current Cost = 5125.00, Rho = 1.000
(iter 10) [0.0, -0.4909, -0.2256] = 432.3118, sampling [1.0, -1.0677, 0.3469]. Recommendation = [0.0, -0.0377, -0.0282], Current Cost = 5126.00, Rho = 1.000
(iter 10) [0.0, -0.4909, -0.2256] = 432.3118, sampling [1.0, 1.1204, 1.7794]. Recommendation = [0.0, -0.0377, -0.0282], Current Cost = 5127.00, Rho = 1.000
(iter 10) [0.0, -0.4909, -0.2256] = 432.3118, sampling [1.0, -0.9767, 0.9689]. Recommendation = [0.0, -0.0377, -0.0282], Current Cost = 5128.00, Rho = 1.000
(iter 10) [0.0, -0.4909, -0.2256] = 432.3118, sampling [1.0, -0.3879, 1.5454]. Recommendation = [0.0, -0.0377, -0.0282], Current Cost = 5129.00, Rho = 1.000
(iter 10) [0.0, -0.4909, -0.2256] = 432.3118, sampling [1.0, 0.7233, 1.4811]. Recommendation = [0.0, -0.0377, -0.0282], Current Cost = 5130.00, Rho = 1.000
(iter 10) [0.0, -0.4909, -0.2256] = 432.3118, sampling [1.0, 0.0628, 0.6267]. Recommendation = [0.0, -0.0377, -0.0282], Current Cost = 5131.00, Rho = 1.000
(iter 10) [0.0, -0.4909, -0.2256] = 432.3118, sampling [1.0, 1.0048, 0.4412]. Recommendation = [0.0, -0.0377, -0.0282], Current Cost = 5132.00, Rho = 1.000
(iter 10) [0.0, -0.4909, -0.2256] = 432.3118, sampling [1.0, -0.5547, -0.3280]. Recommendation = [0.0, -0.0377, -0.0282], Current Cost = 5133.00, Rho = 1.000
(iter 10) [0.0, -0.4909, -0.2256] = 432.3118, sampling [1.0, 1.1299, 1.6537]. Recommendation = [0.0, -0.0377, -0.0282], Current Cost = 5134.00, Rho = 1.000
(iter 10) [0.0, -0.4909, -0.2256] = 432.3118, sampling [1.0, 0.3556, -0.9745]. Recommendation = [0.0, -0.0377, -0.0282], Current Cost = 5135.00, Rho = 1.000
(iter 10) [0.0, -0.4909, -0.2256] = 432.3118, sampling [1.0, 1.1404, 0.7019]. Recommendation = [0.0, -0.0377, -0.0282], Current Cost = 5136.00, Rho = 1.000
(iter 10) [0.0, -0.4909, -0.2256] = 432.3118, sampling [1.0, 1.7545, 1.6774]. Recommendation = [0.0, -0.0377, -0.0282], Current Cost = 5137.00, Rho = 1.000
(iter 10) [0.0, -0.4909, -0.2256] = 432.3118, sampling [1.0, -1.8769, 1.6252]. Recommendation = [0.0, -0.0377, -0.0282], Current Cost = 5138.00, Rho = 1.000
(iter 10) [0.0, -0.4909, -0.2256] = 432.3118, sampling [1.0, -0.1507, -0.8920]. Recommendation = [0.0, -0.0377, -0.0282], Current Cost = 5139.00, Rho = 1.000
(iter 10) [0.0, -0.4909, -0.2256] = 432.3118, sampling [1.0, -1.1309, 0.5828]. Recommendation = [0.0, -0.0377, -0.0282], Current Cost = 5140.00, Rho = 1.000
(iter 10) [0.0, -0.4909, -0.2256] = 432.3118, sampling [1.0, -0.8672, -0.0523]. Recommendation = [0.0, -0.0377, -0.0282], Current Cost = 5141.00, Rho = 1.000
(iter 10) [0.0, -0.4909, -0.2256] = 432.3118, sampling [1.0, 0.4662, -0.4942]. Recommendation = [0.0, -0.0377, -0.0282], Current Cost = 5142.00, Rho = 1.000
(iter 10) [0.0, -0.4909, -0.2256] = 432.3118, sampling [1.0, 0.3472, -0.4248]. Recommendation = [0.0, -0.0377, -0.0282], Current Cost = 5143.00, Rho = 1.000
(iter 10) [0.0, -0.4909, -0.2256] = 432.3118, sampling [1.0, 0.9987, 0.1610]. Recommendation = [0.0, -0.0377, -0.0282], Current Cost = 5144.00, Rho = 1.000
(iter 10) [0.0, -0.4909, -0.2256] = 432.3118, sampling [1.0, 1.4401, 1.3519]. Recommendation = [0.0, -0.0377, -0.0282], Current Cost = 5145.00, Rho = 1.000
(iter 10) [0.0, -0.4909, -0.2256] = 432.3118, sampling [1.0, -1.3944, 1.5863]. Recommendation = [0.0, -0.0377, -0.0282], Current Cost = 5146.00, Rho = 1.000
(iter 10) [0.0, -0.4909, -0.2256] = 432.3118, sampling [1.0, -0.4019, -0.6506]. Recommendation = [0.0, -0.0377, -0.0282], Current Cost = 5147.00, Rho = 1.000
(iter 10) [0.0, -0.4909, -0.2256] = 432.3118, sampling [1.0, 0.5586, 1.2139]. Recommendation = [0.0, -0.0377, -0.0282], Current Cost = 5148.00, Rho = 1.000
(iter 10) [0.0, -0.4909, -0.2256] = 432.3118, sampling [1.0, -0.8907, 1.6406]. Recommendation = [0.0, -0.0377, -0.0282], Current Cost = 5149.00, Rho = 1.000
(iter 10) [0.0, -0.4909, -0.2256] = 432.3118, sampling [1.0, 1.2131, -0.5895]. Recommendation = [0.0, -0.0377, -0.0282], Current Cost = 5150.00, Rho = 1.000
(iter 10) [0.0, -0.4909, -0.2256] = 432.3118, sampling [1.0, -1.5536, 1.9648]. Recommendation = [0.0, -0.0377, -0.0282], Current Cost = 5151.00, Rho = 1.000
(iter 10) [0.0, -0.4909, -0.2256] = 432.3118, sampling [1.0, -0.4128, 0.1983]. Recommendation = [0.0, -0.0377, -0.0282], Current Cost = 5152.00, Rho = 1.000
(iter 10) [0.0, -0.4909, -0.2256] = 432.3118, sampling [1.0, 0.7863, -0.1993]. Recommendation = [0.0, -0.0377, -0.0282], Current Cost = 5153.00, Rho = 1.000
(iter 10) [0.0, -0.4909, -0.2256] = 432.3118, sampling [1.0, -1.3344, 1.4583]. Recommendation = [0.0, -0.0377, -0.0282], Current Cost = 5154.00, Rho = 1.000
(iter 10) [0.0, -0.4909, -0.2256] = 432.3118, sampling [1.0, 1.3513, 1.0431]. Recommendation = [0.0, -0.0377, -0.0282], Current Cost = 5155.00, Rho = 1.000
(iter 10) [0.0, -0.4909, -0.2256] = 432.3118, sampling [1.0, 0.0453, -0.9262]. Recommendation = [0.0, -0.0377, -0.0282], Current Cost = 5156.00, Rho = 1.000
(iter 10) [0.0, -0.4909, -0.2256] = 432.3118, sampling [1.0, -0.0187, -0.5385]. Recommendation = [0.0, -0.0377, -0.0282], Current Cost = 5157.00, Rho = 1.000
(iter 10) [0.0, -0.4909, -0.2256] = 432.3118, sampling [1.0, 0.2456, -0.7405]. Recommendation = [0.0, -0.0377, -0.0282], Current Cost = 5158.00, Rho = 1.000
(iter 10) [0.0, -0.4909, -0.2256] = 432.3118, sampling [1.0, -0.5183, -0.0407]. Recommendation = [0.0, -0.0377, -0.0282], Current Cost = 5159.00, Rho = 1.000
(iter 10) [0.0, -0.4909, -0.2256] = 432.3118, sampling [1.0, 0.4392, 0.8987]. Recommendation = [0.0, -0.0377, -0.0282], Current Cost = 5160.00, Rho = 1.000
(iter 10) [0.0, -0.4909, -0.2256] = 432.3118, sampling [1.0, -1.2861, 0.6802]. Recommendation = [0.0, -0.0377, -0.0282], Current Cost = 5161.00, Rho = 1.000
(iter 10) [0.0, -0.4909, -0.2256] = 432.3118, sampling [1.0, -1.3877, 1.3333]. Recommendation = [0.0, -0.0377, -0.0282], Current Cost = 5162.00, Rho = 1.000
(iter 10) [0.0, -0.4909, -0.2256] = 432.3118, sampling [1.0, 0.9264, 0.0273]. Recommendation = [0.0, -0.0377, -0.0282], Current Cost = 5163.00, Rho = 1.000
(iter 10) [0.0, -0.4909, -0.2256] = 432.3118, sampling [1.0, 1.0529, 1.8844]. Recommendation = [0.0, -0.0377, -0.0282], Current Cost = 5164.00, Rho = 1.000
(iter 10) [0.0, -0.4909, -0.2256] = 432.3118, sampling [1.0, -0.3407, 0.6559]. Recommendation = [0.0, -0.0377, -0.0282], Current Cost = 5165.00, Rho = 1.000
(iter 10) [0.0, -0.4909, -0.2256] = 432.3118, sampling [1.0, -0.0826, 1.9855]. Recommendation = [0.0, -0.0377, -0.0282], Current Cost = 5166.00, Rho = 1.000
(iter 10) [0.0, -0.4909, -0.2256] = 432.3118, sampling [1.0, -0.9889, 1.4319]. Recommendation = [0.0, -0.0377, -0.0282], Current Cost = 5167.00, Rho = 1.000
(iter 10) [0.0, -0.4909, -0.2256] = 432.3118, sampling [1.0, -1.0557, 0.4184]. Recommendation = [0.0, -0.0377, -0.0282], Current Cost = 5168.00, Rho = 1.000
(iter 10) [0.0, -0.4909, -0.2256] = 432.3118, sampling [1.0, 0.4463, -0.8288]. Recommendation = [0.0, -0.0377, -0.0282], Current Cost = 5169.00, Rho = 1.000
(iter 10) [0.0, -0.4909, -0.2256] = 432.3118, sampling [1.0, 0.1458, -1.1447]. Recommendation = [0.0, -0.0377, -0.0282], Current Cost = 5170.00, Rho = 1.000
(iter 10) [0.0, -0.4909, -0.2256] = 432.3118, sampling [1.0, -0.3784, -0.8733]. Recommendation = [0.0, -0.0377, -0.0282], Current Cost = 5171.00, Rho = 1.000
(iter 10) [0.0, -0.4909, -0.2256] = 432.3118, sampling [1.0, 1.3016, 1.7248]. Recommendation = [0.0, -0.0377, -0.0282], Current Cost = 5172.00, Rho = 1.000
(iter 10) [0.0, -0.4909, -0.2256] = 432.3118, sampling [1.0, 0.5421, 1.5743]. Recommendation = [0.0, -0.0377, -0.0282], Current Cost = 5173.00, Rho = 1.000
(iter 10) [0.0, -0.4909, -0.2256] = 432.3118, sampling [1.0, 0.6574, 0.7456]. Recommendation = [0.0, -0.0377, -0.0282], Current Cost = 5174.00, Rho = 1.000
(iter 10) [0.0, -0.4909, -0.2256] = 432.3118, sampling [1.0, -0.1989, -1.1216]. Recommendation = [0.0, -0.0377, -0.0282], Current Cost = 5175.00, Rho = 1.000
(iter 10) [0.0, -0.4909, -0.2256] = 432.3118, sampling [1.0, -0.8251, -0.2410]. Recommendation = [0.0, -0.0377, -0.0282], Current Cost = 5176.00, Rho = 1.000
(iter 10) [0.0, -0.4909, -0.2256] = 432.3118, sampling [1.0, -0.5306, -0.6078]. Recommendation = [0.0, -0.0377, -0.0282], Current Cost = 5177.00, Rho = 1.000
(iter 10) [0.0, -0.4909, -0.2256] = 432.3118, sampling [1.0, 0.1641, -0.3119]. Recommendation = [0.0, -0.0377, -0.0282], Current Cost = 5178.00, Rho = 1.000
(iter 10) [0.0, -0.4909, -0.2256] = 432.3118, sampling [1.0, -0.1791, 1.0961]. Recommendation = [0.0, -0.0377, -0.0282], Current Cost = 5179.00, Rho = 1.000
(iter 10) [0.0, -0.4909, -0.2256] = 432.3118, sampling [1.0, 1.4852, 1.1968]. Recommendation = [0.0, -0.0377, -0.0282], Current Cost = 5180.00, Rho = 1.000
(iter 10) [0.0, -0.4909, -0.2256] = 432.3118, sampling [1.0, 0.7490, -0.3186]. Recommendation = [0.0, -0.0377, -0.0282], Current Cost = 5181.00, Rho = 1.000
(iter 10) [0.0, -0.4909, -0.2256] = 432.3118, sampling [1.0, 1.6563, 0.2702]. Recommendation = [0.0, -0.0377, -0.0282], Current Cost = 5182.00, Rho = 1.000
(iter 10) [0.0, -0.4909, -0.2256] = 432.3118, sampling [1.0, 1.5400, 1.8623]. Recommendation = [0.0, -0.0377, -0.0282], Current Cost = 5183.00, Rho = 1.000
(iter 10) [0.0, -0.4909, -0.2256] = 432.3118, sampling [1.0, -1.2176, 0.4508]. Recommendation = [0.0, -0.0377, -0.0282], Current Cost = 5184.00, Rho = 1.000
(iter 10) [0.0, -0.4909, -0.2256] = 432.3118, sampling [1.0, 0.3033, 0.9639]. Recommendation = [0.0, -0.0377, -0.0282], Current Cost = 5185.00, Rho = 1.000
(iter 10) [0.0, -0.4909, -0.2256] = 432.3118, sampling [1.0, -0.2142, 0.3795]. Recommendation = [0.0, -0.0377, -0.0282], Current Cost = 5186.00, Rho = 1.000
(iter 10) [0.0, -0.4909, -0.2256] = 432.3118, sampling [1.0, 0.0652, 0.5545]. Recommendation = [0.0, -0.0377, -0.0282], Current Cost = 5187.00, Rho = 1.000
(iter 10) [0.0, -0.4909, -0.2256] = 432.3118, sampling [1.0, 0.0047, 1.0093]. Recommendation = [0.0, -0.0377, -0.0282], Current Cost = 5188.00, Rho = 1.000
(iter 10) [0.0, -0.4909, -0.2256] = 432.3118, sampling [1.0, -1.6355, 0.7522]. Recommendation = [0.0, -0.0377, -0.0282], Current Cost = 5189.00, Rho = 1.000
(iter 10) [0.0, -0.4909, -0.2256] = 432.3118, sampling [1.0, 1.0850, 1.8111]. Recommendation = [0.0, -0.0377, -0.0282], Current Cost = 5190.00, Rho = 1.000
(iter 10) [0.0, -0.4909, -0.2256] = 432.3118, sampling [1.0, -0.7173, -0.5614]. Recommendation = [0.0, -0.0377, -0.0282], Current Cost = 5191.00, Rho = 1.000
(iter 10) [0.0, -0.4909, -0.2256] = 432.3118, sampling [1.0, -0.4984, -0.7573]. Recommendation = [0.0, -0.0377, -0.0282], Current Cost = 5192.00, Rho = 1.000
(iter 10) [0.0, -0.4909, -0.2256] = 432.3118, sampling [1.0, 0.5204, 1.3959]. Recommendation = [0.0, -0.0377, -0.0282], Current Cost = 5193.00, Rho = 1.000
(iter 10) [0.0, -0.4909, -0.2256] = 432.3118, sampling [1.0, 0.2531, 0.8854]. Recommendation = [0.0, -0.0377, -0.0282], Current Cost = 5194.00, Rho = 1.000
(iter 10) [0.0, -0.4909, -0.2256] = 432.3118, sampling [1.0, -1.1243, 0.2549]. Recommendation = [0.0, -0.0377, -0.0282], Current Cost = 5195.00, Rho = 1.000
(iter 10) [0.0, -0.4909, -0.2256] = 432.3118, sampling [1.0, -0.0473, -1.3521]. Recommendation = [0.0, -0.0377, -0.0282], Current Cost = 5196.00, Rho = 1.000
(iter 10) [0.0, -0.4909, -0.2256] = 432.3118, sampling [1.0, 0.8461, -0.1003]. Recommendation = [0.0, -0.0377, -0.0282], Current Cost = 5197.00, Rho = 1.000
(iter 10) [0.0, -0.4909, -0.2256] = 432.3118, sampling [1.0, -0.4492, -0.5001]. Recommendation = [0.0, -0.0377, -0.0282], Current Cost = 5198.00, Rho = 1.000
(iter 10) [0.0, -0.4909, -0.2256] = 432.3118, sampling [1.0, 0.5687, -1.1037]. Recommendation = [0.0, -0.0377, -0.0282], Current Cost = 5199.00, Rho = 1.000
(iter 10) [0.0, -0.4909, -0.2256] = 432.3118, sampling [1.0, 0.7133, 1.8383]. Recommendation = [0.0, -0.0377, -0.0282], Current Cost = 5200.00, Rho = 1.000
(iter 10) [0.0, -0.4909, -0.2256] = 432.3118, sampling [1.0, 0.2398, -1.0069]. Recommendation = [0.0, -0.0377, -0.0282], Current Cost = 5201.00, Rho = 1.000
(iter 10) [0.0, -0.4909, -0.2256] = 432.3118, sampling [1.0, -0.4345, 1.1219]. Recommendation = [0.0, -0.0377, -0.0282], Current Cost = 5202.00, Rho = 1.000
(iter 10) [0.0, -0.4909, -0.2256] = 432.3118, sampling [1.0, 1.3359, 0.6590]. Recommendation = [0.0, -0.0377, -0.0282], Current Cost = 5203.00, Rho = 1.000
(iter 10) [0.0, -0.4909, -0.2256] = 432.3118, sampling [1.0, -0.3996, -0.7287]. Recommendation = [0.0, -0.0377, -0.0282], Current Cost = 5204.00, Rho = 1.000
(iter 10) [0.0, -0.4909, -0.2256] = 432.3118, sampling [1.0, 0.0252, 1.2845]. Recommendation = [0.0, -0.0377, -0.0282], Current Cost = 5205.00, Rho = 1.000
(iter 10) [0.0, -0.4909, -0.2256] = 432.3118, sampling [1.0, -1.4563, 1.2329]. Recommendation = [0.0, -0.0377, -0.0282], Current Cost = 5206.00, Rho = 1.000
(iter 10) [0.0, -0.4909, -0.2256] = 432.3118, sampling [1.0, 0.2941, 1.1466]. Recommendation = [0.0, -0.0377, -0.0282], Current Cost = 5207.00, Rho = 1.000
(iter 10) [0.0, -0.4909, -0.2256] = 432.3118, sampling [1.0, 0.5831, -0.7066]. Recommendation = [0.0, -0.0377, -0.0282], Current Cost = 5208.00, Rho = 1.000
(iter 10) [0.0, -0.4909, -0.2256] = 432.3118, sampling [1.0, -0.3475, -1.0361]. Recommendation = [0.0, -0.0377, -0.0282], Current Cost = 5209.00, Rho = 1.000
(iter 10) [0.0, -0.4909, -0.2256] = 432.3118, sampling [1.0, 0.2270, -1.3062]. Recommendation = [0.0, -0.0377, -0.0282], Current Cost = 5210.00, Rho = 1.000
(iter 10) [0.0, -0.4909, -0.2256] = 432.3118, sampling [1.0, 1.9597, 1.2592]. Recommendation = [0.0, -0.0377, -0.0282], Current Cost = 5211.00, Rho = 1.000
(iter 10) [0.0, -0.4909, -0.2256] = 432.3118, sampling [1.0, -1.6168, 1.3569]. Recommendation = [0.0, -0.0377, -0.0282], Current Cost = 5212.00, Rho = 1.000
(iter 10) [0.0, -0.4909, -0.2256] = 432.3118, sampling [1.0, -0.8507, -0.3924]. Recommendation = [0.0, -0.0377, -0.0282], Current Cost = 5213.00, Rho = 1.000
(iter 10) [0.0, -0.4909, -0.2256] = 432.3118, sampling [1.0, -1.0089, -0.1398]. Recommendation = [0.0, -0.0377, -0.0282], Current Cost = 5214.00, Rho = 1.000
(iter 10) [0.0, -0.4909, -0.2256] = 432.3118, sampling [1.0, -1.1555, 0.0634]. Recommendation = [0.0, -0.0377, -0.0282], Current Cost = 5215.00, Rho = 1.000
(iter 10) [0.0, -0.4909, -0.2256] = 432.3118, sampling [1.0, 1.6882, 1.7727]. Recommendation = [0.0, -0.0377, -0.0282], Current Cost = 5216.00, Rho = 1.000
(iter 10) [0.0, -0.4909, -0.2256] = 432.3118, sampling [1.0, 1.0726, -0.2195]. Recommendation = [0.0, -0.0377, -0.0282], Current Cost = 5217.00, Rho = 1.000
(iter 10) [0.0, -0.4909, -0.2256] = 432.3118, sampling [1.0, 1.0169, 0.0708]. Recommendation = [0.0, -0.0377, -0.0282], Current Cost = 5218.00, Rho = 1.000
(iter 10) [0.0, -0.4909, -0.2256] = 432.3118, sampling [1.0, -0.5774, -1.0097]. Recommendation = [0.0, -0.0377, -0.0282], Current Cost = 5219.00, Rho = 1.000
(iter 10) [0.0, -0.4909, -0.2256] = 432.3118, sampling [1.0, -0.2992, -1.2964]. Recommendation = [0.0, -0.0377, -0.0282], Current Cost = 5220.00, Rho = 1.000
(iter 10) [0.0, -0.4909, -0.2256] = 432.3118, sampling [1.0, 0.1276, -1.8084]. Recommendation = [0.0, -0.0377, -0.0282], Current Cost = 5221.00, Rho = 1.000
(iter 10) [0.0, -0.4909, -0.2256] = 432.3118, sampling [1.0, -0.6144, -0.7661]. Recommendation = [0.0, -0.0377, -0.0282], Current Cost = 5222.00, Rho = 1.000
(iter 10) [0.0, -0.4909, -0.2256] = 432.3118, sampling [1.0, 1.3231, 1.0582]. Recommendation = [0.0, -0.0377, -0.0282], Current Cost = 5223.00, Rho = 1.000
(iter 10) [0.0, -0.4909, -0.2256] = 432.3118, sampling [1.0, -0.0988, -1.1643]. Recommendation = [0.0, -0.0377, -0.0282], Current Cost = 5224.00, Rho = 1.000
(iter 10) [0.0, -0.4909, -0.2256] = 432.3118, sampling [1.0, 0.8313, -0.8839]. Recommendation = [0.0, -0.0377, -0.0282], Current Cost = 5225.00, Rho = 1.000
(iter 10) [0.0, -0.4909, -0.2256] = 432.3118, sampling [1.0, 0.2853, -0.6723]. Recommendation = [0.0, -0.0377, -0.0282], Current Cost = 5226.00, Rho = 1.000
(iter 10) [0.0, -0.4909, -0.2256] = 432.3118, sampling [1.0, 0.8713, 1.9488]. Recommendation = [0.0, -0.0377, -0.0282], Current Cost = 5227.00, Rho = 1.000
(iter 10) [0.0, -0.4909, -0.2256] = 432.3118, sampling [1.0, 0.3632, -1.1844]. Recommendation = [0.0, -0.0377, -0.0282], Current Cost = 5228.00, Rho = 1.000
(iter 10) [0.0, -0.4909, -0.2256] = 432.3118, sampling [1.0, 0.3423, 1.6099]. Recommendation = [0.0, -0.0377, -0.0282], Current Cost = 5229.00, Rho = 1.000
(iter 10) [0.0, -0.4909, -0.2256] = 432.3118, sampling [1.0, 0.5610, -0.8102]. Recommendation = [0.0, -0.0377, -0.0282], Current Cost = 5230.00, Rho = 1.000
(iter 10) [0.0, -0.4909, -0.2256] = 432.3118, sampling [1.0, -1.1689, 0.4010]. Recommendation = [0.0, -0.0377, -0.0282], Current Cost = 5231.00, Rho = 1.000
(iter 10) [0.0, -0.4909, -0.2256] = 432.3118, sampling [1.0, 0.4982, -0.9532]. Recommendation = [0.0, -0.0377, -0.0282], Current Cost = 5232.00, Rho = 1.000
(iter 10) [0.0, -0.4909, -0.2256] = 432.3118, sampling [1.0, -0.2801, -1.7217]. Recommendation = [0.0, -0.0377, -0.0282], Current Cost = 5233.00, Rho = 1.000
(iter 10) [0.0, -0.4909, -0.2256] = 432.3118, sampling [1.0, -0.3139, 0.6439]. Recommendation = [0.0, -0.0377, -0.0282], Current Cost = 5234.00, Rho = 1.000
(iter 10) [0.0, -0.4909, -0.2256] = 432.3118, sampling [1.0, 0.9533, -0.3282]. Recommendation = [0.0, -0.0377, -0.0282], Current Cost = 5235.00, Rho = 1.000
(iter 10) [0.0, -0.4909, -0.2256] = 432.3118, sampling [1.0, -0.2557, 1.5175]. Recommendation = [0.0, -0.0377, -0.0282], Current Cost = 5236.00, Rho = 1.000
(iter 10) [0.0, -0.4909, -0.2256] = 432.3118, sampling [1.0, 1.7889, 1.8767]. Recommendation = [0.0, -0.0377, -0.0282], Current Cost = 5237.00, Rho = 1.000
(iter 10) [0.0, -0.4909, -0.2256] = 432.3118, sampling [1.0, -0.4189, -0.8218]. Recommendation = [0.0, -0.0377, -0.0282], Current Cost = 5238.00, Rho = 1.000
(iter 10) [0.0, -0.4909, -0.2256] = 432.3118, sampling [1.0, 1.2206, 0.0778]. Recommendation = [0.0, -0.0377, -0.0282], Current Cost = 5239.00, Rho = 1.000
(iter 10) [0.0, -0.4909, -0.2256] = 432.3118, sampling [1.0, -0.4807, -1.2809]. Recommendation = [0.0, -0.0377, -0.0282], Current Cost = 5240.00, Rho = 1.000
(iter 10) [0.0, -0.4909, -0.2256] = 432.3118, sampling [1.0, 0.2772, -1.4974]. Recommendation = [0.0, -0.0377, -0.0282], Current Cost = 5241.00, Rho = 1.000
(iter 10) [0.0, -0.4909, -0.2256] = 432.3118, sampling [1.0, 1.5442, -1.5998]. Recommendation = [0.0, -0.0377, -0.0282], Current Cost = 5242.00, Rho = 1.000
(iter 10) [0.0, -0.4909, -0.2256] = 432.3118, sampling [1.0, 1.2811, 1.0282]. Recommendation = [0.0, -0.0377, -0.0282], Current Cost = 5243.00, Rho = 1.000
(iter 10) [0.0, -0.4909, -0.2256] = 432.3118, sampling [1.0, 0.8155, -0.2134]. Recommendation = [0.0, -0.0377, -0.0282], Current Cost = 5244.00, Rho = 1.000
(iter 10) [0.0, -0.4909, -0.2256] = 432.3118, sampling [1.0, -0.6259, 1.6703]. Recommendation = [0.0, -0.0377, -0.0282], Current Cost = 5245.00, Rho = 1.000
(iter 10) [0.0, -0.4909, -0.2256] = 432.3118, sampling [1.0, 0.5850, 1.4031]. Recommendation = [0.0, -0.0377, -0.0282], Current Cost = 5246.00, Rho = 1.000
(iter 10) [0.0, -0.4909, -0.2256] = 432.3118, sampling [1.0, -1.2784, 0.4834]. Recommendation = [0.0, -0.0377, -0.0282], Current Cost = 5247.00, Rho = 1.000
(iter 10) [0.0, -0.4909, -0.2256] = 432.3118, sampling [1.0, 0.0086, -1.5045]. Recommendation = [0.0, -0.0377, -0.0282], Current Cost = 5248.00, Rho = 1.000
(iter 10) [0.0, -0.4909, -0.2256] = 432.3118, sampling [1.0, 1.5768, 1.2897]. Recommendation = [0.0, -0.0377, -0.0282], Current Cost = 5249.00, Rho = 1.000
(iter 10) [0.0, -0.4909, -0.2256] = 432.3118, sampling [1.0, -1.2044, 0.2377]. Recommendation = [0.0, -0.0377, -0.0282], Current Cost = 5250.00, Rho = 1.000
(iter 10) [0.0, -0.4909, -0.2256] = 432.3118, sampling [1.0, 0.5473, 1.2492]. Recommendation = [0.0, -0.0377, -0.0282], Current Cost = 5251.00, Rho = 1.000
(iter 10) [0.0, -0.4909, -0.2256] = 432.3118, sampling [1.0, -0.8606, -0.6899]. Recommendation = [0.0, -0.0377, -0.0282], Current Cost = 5252.00, Rho = 1.000
(iter 10) [0.0, -0.4909, -0.2256] = 432.3118, sampling [1.0, 1.3830, 0.7249]. Recommendation = [0.0, -0.0377, -0.0282], Current Cost = 5253.00, Rho = 1.000
(iter 10) [0.0, -0.4909, -0.2256] = 432.3118, sampling [1.0, -1.4896, 1.1903]. Recommendation = [0.0, -0.0377, -0.0282], Current Cost = 5254.00, Rho = 1.000
(iter 10) [0.0, -0.4909, -0.2256] = 432.3118, sampling [1.0, -1.6663, 1.4524]. Recommendation = [0.0, -0.0377, -0.0282], Current Cost = 5255.00, Rho = 1.000
(iter 10) [0.0, -0.4909, -0.2256] = 432.3118, sampling [1.0, -0.6915, -0.9191]. Recommendation = [0.0, -0.0377, -0.0282], Current Cost = 5256.00, Rho = 1.000
(iter 10) [0.0, -0.4909, -0.2256] = 432.3118, sampling [1.0, 0.2095, 0.9043]. Recommendation = [0.0, -0.0377, -0.0282], Current Cost = 5257.00, Rho = 1.000
(iter 10) [0.0, -0.4909, -0.2256] = 432.3118, sampling [1.0, 1.2611, 0.2414]. Recommendation = [0.0, -0.0377, -0.0282], Current Cost = 5258.00, Rho = 1.000
(iter 10) [0.0, -0.4909, -0.2256] = 432.3118, sampling [1.0, 0.1028, -1.3250]. Recommendation = [0.0, -0.0377, -0.0282], Current Cost = 5259.00, Rho = 1.000
(iter 10) [0.0, -0.4909, -0.2256] = 432.3118, sampling [1.0, 0.9099, -0.7154]. Recommendation = [0.0, -0.0377, -0.0282], Current Cost = 5260.00, Rho = 1.000
(iter 10) [0.0, -0.4909, -0.2256] = 432.3118, sampling [1.0, 0.6840, -0.8525]. Recommendation = [0.0, -0.0377, -0.0282], Current Cost = 5261.00, Rho = 1.000
(iter 10) [0.0, -0.4909, -0.2256] = 432.3118, sampling [1.0, 0.2230, -1.0647]. Recommendation = [0.0, -0.0377, -0.0282], Current Cost = 5262.00, Rho = 1.000
(iter 10) [0.0, -0.4909, -0.2256] = 432.3118, sampling [1.0, -0.1913, -1.4385]. Recommendation = [0.0, -0.0377, -0.0282], Current Cost = 5263.00, Rho = 1.000
(iter 10) [0.0, -0.4909, -0.2256] = 432.3118, sampling [1.0, 1.3712, 0.5675]. Recommendation = [0.0, -0.0377, -0.0282], Current Cost = 5264.00, Rho = 1.000
(iter 10) [0.0, -0.4909, -0.2256] = 432.3118, sampling [1.0, 0.1714, 1.7866]. Recommendation = [0.0, -0.0377, -0.0282], Current Cost = 5265.00, Rho = 1.000
(iter 10) [0.0, -0.4909, -0.2256] = 432.3118, sampling [1.0, -0.9947, -0.4556]. Recommendation = [0.0, -0.0377, -0.0282], Current Cost = 5266.00, Rho = 1.000
(iter 10) [0.0, -0.4909, -0.2256] = 432.3118, sampling [1.0, -1.1194, -0.0870]. Recommendation = [0.0, -0.0377, -0.0282], Current Cost = 5267.00, Rho = 1.000
(iter 10) [0.0, -0.4909, -0.2256] = 432.3118, sampling [1.0, -1.5095, 0.3353]. Recommendation = [0.0, -0.0377, -0.0282], Current Cost = 5268.00, Rho = 1.000
(iter 10) [0.0, -0.4909, -0.2256] = 432.3118, sampling [1.0, 1.6159, 0.9223]. Recommendation = [0.0, -0.0377, -0.0282], Current Cost = 5269.00, Rho = 1.000
(iter 10) [0.0, -0.4909, -0.2256] = 432.3118, sampling [1.0, -0.6686, -1.5886]. Recommendation = [0.0, -0.0377, -0.0282], Current Cost = 5270.00, Rho = 1.000
(iter 10) [0.0, -0.4909, -0.2256] = 432.3118, sampling [1.0, -1.9620, 0.9911]. Recommendation = [0.0, -0.0377, -0.0282], Current Cost = 5271.00, Rho = 1.000
(iter 10) [0.0, -0.4909, -0.2256] = 432.3118, sampling [1.0, -1.7506, 1.6956]. Recommendation = [0.0, -0.0377, -0.0282], Current Cost = 5272.00, Rho = 1.000
(iter 10) [0.0, -0.4909, -0.2256] = 432.3118, sampling [1.0, 0.6924, 1.4703]. Recommendation = [0.0, -0.0377, -0.0282], Current Cost = 5273.00, Rho = 1.000
(iter 10) [0.0, -0.4909, -0.2256] = 432.3118, sampling [1.0, 0.4565, 1.7416]. Recommendation = [0.0, -0.0377, -0.0282], Current Cost = 5274.00, Rho = 1.000
(iter 10) [0.0, -0.4909, -0.2256] = 432.3118, sampling [1.0, -0.2448, -1.1811]. Recommendation = [0.0, -0.0377, -0.0282], Current Cost = 5275.00, Rho = 1.000
(iter 10) [0.0, -0.4909, -0.2256] = 432.3118, sampling [1.0, 0.7638, 1.9282]. Recommendation = [0.0, -0.0377, -0.0282], Current Cost = 5276.00, Rho = 1.000
(iter 10) [0.0, -0.4909, -0.2256] = 432.3118, sampling [1.0, 0.4786, -1.4111]. Recommendation = [0.0, -0.0377, -0.0282], Current Cost = 5277.00, Rho = 1.000
(iter 10) [0.0, -0.4909, -0.2256] = 432.3118, sampling [1.0, -0.4283, -0.7496]. Recommendation = [0.0, -0.0377, -0.0282], Current Cost = 5278.00, Rho = 1.000
(iter 10) [0.0, -0.4909, -0.2256] = 432.3118, sampling [1.0, 1.5986, 1.1729]. Recommendation = [0.0, -0.0377, -0.0282], Current Cost = 5279.00, Rho = 1.000
(iter 10) [0.0, -0.4909, -0.2256] = 432.3118, sampling [1.0, 1.0249, -0.4003]. Recommendation = [0.0, -0.0377, -0.0282], Current Cost = 5280.00, Rho = 1.000
(iter 10) [0.0, -0.4909, -0.2256] = 432.3118, sampling [1.0, 0.0776, -0.8001]. Recommendation = [0.0, -0.0377, -0.0282], Current Cost = 5281.00, Rho = 1.000
(iter 10) [0.0, -0.4909, -0.2256] = 432.3118, sampling [1.0, -0.1615, -1.9825]. Recommendation = [0.0, -0.0377, -0.0282], Current Cost = 5282.00, Rho = 1.000
(iter 10) [0.0, -0.4909, -0.2256] = 432.3118, sampling [1.0, -0.2922, 1.6229]. Recommendation = [0.0, -0.0377, -0.0282], Current Cost = 5283.00, Rho = 1.000
(iter 10) [0.0, -0.4909, -0.2256] = 432.3118, sampling [1.0, 1.7372, 1.4725]. Recommendation = [0.0, -0.0377, -0.0282], Current Cost = 5284.00, Rho = 1.000
(iter 10) [0.0, -0.4909, -0.2256] = 432.3118, sampling [1.0, 1.3523, 0.3201]. Recommendation = [0.0, -0.0377, -0.0282], Current Cost = 5285.00, Rho = 1.000
(iter 10) [0.0, -0.4909, -0.2256] = 432.3118, sampling [1.0, 0.0555, 1.3438]. Recommendation = [0.0, -0.0377, -0.0282], Current Cost = 5286.00, Rho = 1.000
(iter 10) [0.0, -0.4909, -0.2256] = 432.3118, sampling [1.0, -0.8110, -0.8582]. Recommendation = [0.0, -0.0377, -0.0282], Current Cost = 5287.00, Rho = 1.000
(iter 10) [0.0, -0.4909, -0.2256] = 432.3118, sampling [1.0, -1.1996, 0.1351]. Recommendation = [0.0, -0.0377, -0.0282], Current Cost = 5288.00, Rho = 1.000
(iter 10) [0.0, -0.4909, -0.2256] = 432.3118, sampling [1.0, 1.8691, 1.8524]. Recommendation = [0.0, -0.0377, -0.0282], Current Cost = 5289.00, Rho = 1.000
(iter 10) [0.0, -0.4909, -0.2256] = 432.3118, sampling [1.0, 0.7833, -1.1113]. Recommendation = [0.0, -0.0377, -0.0282], Current Cost = 5290.00, Rho = 1.000
(iter 10) [0.0, -0.4909, -0.2256] = 432.3118, sampling [1.0, -0.4572, -1.4716]. Recommendation = [0.0, -0.0377, -0.0282], Current Cost = 5291.00, Rho = 1.000
(iter 10) [0.0, -0.4909, -0.2256] = 432.3118, sampling [1.0, 0.2034, -1.1142]. Recommendation = [0.0, -0.0377, -0.0282], Current Cost = 5292.00, Rho = 1.000
(iter 10) [0.0, -0.4909, -0.2256] = 432.3118, sampling [1.0, 1.4044, -0.2683]. Recommendation = [0.0, -0.0377, -0.0282], Current Cost = 5293.00, Rho = 1.000
(iter 10) [0.0, -0.4909, -0.2256] = 432.3118, sampling [1.0, 0.5921, -1.2913]. Recommendation = [0.0, -0.0377, -0.0282], Current Cost = 5294.00, Rho = 1.000
(iter 10) [0.0, -0.4909, -0.2256] = 432.3118, sampling [1.0, 0.1138, -1.4300]. Recommendation = [0.0, -0.0377, -0.0282], Current Cost = 5295.00, Rho = 1.000
(iter 10) [0.0, -0.4909, -0.2256] = 432.3118, sampling [1.0, 0.4284, -1.6732]. Recommendation = [0.0, -0.0377, -0.0282], Current Cost = 5296.00, Rho = 1.000
(iter 10) [0.0, -0.4909, -0.2256] = 432.3118, sampling [1.0, -0.7013, -1.9852]. Recommendation = [0.0, -0.0377, -0.0282], Current Cost = 5297.00, Rho = 1.000
(iter 10) [0.0, -0.4909, -0.2256] = 432.3118, sampling [1.0, -0.0108, -1.6250]. Recommendation = [0.0, -0.0377, -0.0282], Current Cost = 5298.00, Rho = 1.000
(iter 10) [0.0, -0.4909, -0.2256] = 432.3118, sampling [1.0, -0.2007, 1.1091]. Recommendation = [0.0, -0.0377, -0.0282], Current Cost = 5299.00, Rho = 1.000
(iter 10) [0.0, -0.4909, -0.2256] = 432.3118, sampling [1.0, 1.7194, 1.7970]. Recommendation = [0.0, -0.0377, -0.0282], Current Cost = 5300.00, Rho = 1.000
(iter 10) [0.0, -0.4909, -0.2256] = 432.3118, sampling [1.0, 1.5556, 0.6025]. Recommendation = [0.0, -0.0377, -0.0282], Current Cost = 5301.00, Rho = 1.000
(iter 10) [0.0, -0.4909, -0.2256] = 432.3118, sampling [1.0, -0.9186, -1.2375]. Recommendation = [0.0, -0.0377, -0.0282], Current Cost = 5302.00, Rho = 1.000
(iter 10) [0.0, -0.4909, -0.2256] = 432.3118, sampling [1.0, 0.3895, 1.9745]. Recommendation = [0.0, -0.0377, -0.0282], Current Cost = 5303.00, Rho = 1.000
(iter 10) [0.0, -0.4909, -0.2256] = 432.3118, sampling [1.0, 0.0180, 1.1292]. Recommendation = [0.0, -0.0377, -0.0282], Current Cost = 5304.00, Rho = 1.000
(iter 10) [0.0, -0.4909, -0.2256] = 432.3118, sampling [1.0, 0.7082, -0.7794]. Recommendation = [0.0, -0.0377, -0.0282], Current Cost = 5305.00, Rho = 1.000
(iter 10) [0.0, -0.4909, -0.2256] = 432.3118, sampling [1.0, -1.3192, -0.0732]. Recommendation = [0.0, -0.0377, -0.0282], Current Cost = 5306.00, Rho = 1.000
(iter 10) [0.0, -0.4909, -0.2256] = 432.3118, sampling [1.0, 1.2332, 0.2840]. Recommendation = [0.0, -0.0377, -0.0282], Current Cost = 5307.00, Rho = 1.000
(iter 10) [0.0, -0.4909, -0.2256] = 432.3118, sampling [1.0, 0.6426, 1.9107]. Recommendation = [0.0, -0.0377, -0.0282], Current Cost = 5308.00, Rho = 1.000
(iter 10) [0.0, -0.4909, -0.2256] = 432.3118, sampling [1.0, 1.3426, 0.1450]. Recommendation = [0.0, -0.0377, -0.0282], Current Cost = 5309.00, Rho = 1.000
(iter 10) [0.0, -0.4909, -0.2256] = 432.3118, sampling [1.0, -0.7626, -0.9763]. Recommendation = [0.0, -0.0377, -0.0282], Current Cost = 5310.00, Rho = 1.000
(iter 10) [0.0, -0.4909, -0.2256] = 432.3118, sampling [1.0, -1.4092, 0.1729]. Recommendation = [0.0, -0.0377, -0.0282], Current Cost = 5311.00, Rho = 1.000
(iter 10) [0.0, -0.4909, -0.2256] = 432.3118, sampling [1.0, 0.6316, -1.9944]. Recommendation = [0.0, -0.0377, -0.0282], Current Cost = 5312.00, Rho = 1.000
(iter 10) [0.0, -0.4909, -0.2256] = 432.3118, sampling [1.0, -1.1462, -0.0379]. Recommendation = [0.0, -0.0377, -0.0282], Current Cost = 5313.00, Rho = 1.000
(iter 10) [0.0, -0.4909, -0.2256] = 432.3118, sampling [1.0, 0.3205, 1.7586]. Recommendation = [0.0, -0.0377, -0.0282], Current Cost = 5314.00, Rho = 1.000
(iter 10) [0.0, -0.4909, -0.2256] = 432.3118, sampling [1.0, -0.9466, -0.7714]. Recommendation = [0.0, -0.0377, -0.0282], Current Cost = 5315.00, Rho = 1.000
(iter 10) [0.0, -0.4909, -0.2256] = 432.3118, sampling [1.0, -0.7050, 1.7196]. Recommendation = [0.0, -0.0377, -0.0282], Current Cost = 5316.00, Rho = 1.000
(iter 10) [0.0, -0.4909, -0.2256] = 432.3118, sampling [1.0, 1.8588, 1.5775]. Recommendation = [0.0, -0.0377, -0.0282], Current Cost = 5317.00, Rho = 1.000
(iter 10) [0.0, -0.4909, -0.2256] = 432.3118, sampling [1.0, 1.2072, 0.0190]. Recommendation = [0.0, -0.0377, -0.0282], Current Cost = 5318.00, Rho = 1.000
(iter 10) [0.0, -0.4909, -0.2256] = 432.3118, sampling [1.0, 0.2663, -1.6994]. Recommendation = [0.0, -0.0377, -0.0282], Current Cost = 5319.00, Rho = 1.000
(iter 10) [0.0, -0.4909, -0.2256] = 432.3118, sampling [1.0, 0.9903, -0.9284]. Recommendation = [0.0, -0.0377, -0.0282], Current Cost = 5320.00, Rho = 1.000
(iter 10) [0.0, -0.4909, -0.2256] = 432.3118, sampling [1.0, 1.8897, 0.6906]. Recommendation = [0.0, -0.0377, -0.0282], Current Cost = 5321.00, Rho = 1.000
(iter 10) [0.0, -0.4909, -0.2256] = 432.3118, sampling [1.0, -1.2660, -0.2334]. Recommendation = [0.0, -0.0377, -0.0282], Current Cost = 5322.00, Rho = 1.000
(iter 10) [0.0, -0.4909, -0.2256] = 432.3118, sampling [1.0, -1.5761, 0.6386]. Recommendation = [0.0, -0.0377, -0.0282], Current Cost = 5323.00, Rho = 1.000
(iter 10) [0.0, -0.4909, -0.2256] = 432.3118, sampling [1.0, -0.1731, -1.3921]. Recommendation = [0.0, -0.0377, -0.0282], Current Cost = 5324.00, Rho = 1.000
(iter 10) [0.0, -0.4909, -0.2256] = 432.3118, sampling [1.0, 1.6499, 1.2168]. Recommendation = [0.0, -0.0377, -0.0282], Current Cost = 5325.00, Rho = 1.000
(iter 10) [0.0, -0.4909, -0.2256] = 432.3118, sampling [1.0, -1.8704, 1.3628]. Recommendation = [0.0, -0.0377, -0.0282], Current Cost = 5326.00, Rho = 1.000
(iter 10) [0.0, -0.4909, -0.2256] = 432.3118, sampling [1.0, 0.4224, 1.6814]. Recommendation = [0.0, -0.0377, -0.0282], Current Cost = 5327.00, Rho = 1.000
(iter 10) [0.0, -0.4909, -0.2256] = 432.3118, sampling [1.0, -0.7435, -1.4190]. Recommendation = [0.0, -0.0377, -0.0282], Current Cost = 5328.00, Rho = 1.000
(iter 10) [0.0, -0.4909, -0.2256] = 432.3118, sampling [1.0, -0.0492, 1.8694]. Recommendation = [0.0, -0.0377, -0.0282], Current Cost = 5329.00, Rho = 1.000
(iter 10) [0.0, -0.4909, -0.2256] = 432.3118, sampling [1.0, 0.7414, -1.2738]. Recommendation = [0.0, -0.0377, -0.0282], Current Cost = 5330.00, Rho = 1.000
(iter 10) [0.0, -0.4909, -0.2256] = 432.3118, sampling [1.0, 1.4939, 0.4984]. Recommendation = [0.0, -0.0377, -0.0282], Current Cost = 5331.00, Rho = 1.000
(iter 10) [0.0, -0.4909, -0.2256] = 432.3118, sampling [1.0, -1.1832, -0.5532]. Recommendation = [0.0, -0.0377, -0.0282], Current Cost = 5332.00, Rho = 1.000
(iter 10) [0.0, -0.4909, -0.2256] = 432.3118, sampling [1.0, -1.4044, -1.9086]. Recommendation = [0.0, -0.0377, -0.0282], Current Cost = 5333.00, Rho = 1.000
(iter 10) [0.0, -0.4909, -0.2256] = 432.3118, sampling [1.0, -0.5054, -1.8077]. Recommendation = [0.0, -0.0377, -0.0282], Current Cost = 5334.00, Rho = 1.000
(iter 10) [0.0, -0.4909, -0.2256] = 432.3118, sampling [1.0, 0.0872, -1.3828]. Recommendation = [0.0, -0.0377, -0.0282], Current Cost = 5335.00, Rho = 1.000
(iter 10) [0.0, -0.4909, -0.2256] = 432.3118, sampling [1.0, -0.3542, 1.5923]. Recommendation = [0.0, -0.0377, -0.0282], Current Cost = 5336.00, Rho = 1.000
(iter 10) [0.0, -0.4909, -0.2256] = 432.3118, sampling [1.0, -1.2113, 0.4377]. Recommendation = [0.0, -0.0377, -0.0282], Current Cost = 5337.00, Rho = 1.000
(iter 10) [0.0, -0.4909, -0.2256] = 432.3118, sampling [1.0, 1.9821, -0.4758]. Recommendation = [0.0, -0.0377, -0.0282], Current Cost = 5338.00, Rho = 1.000
(iter 10) [0.0, -0.4909, -0.2256] = 432.3118, sampling [1.0, -0.9681, -1.0624]. Recommendation = [0.0, -0.0377, -0.0282], Current Cost = 5339.00, Rho = 1.000
(iter 10) [0.0, -0.4909, -0.2256] = 432.3118, sampling [1.0, -1.8961, 0.3390]. Recommendation = [0.0, -0.0377, -0.0282], Current Cost = 5340.00, Rho = 1.000
(iter 10) [0.0, -0.4909, -0.2256] = 432.3118, sampling [1.0, -0.5444, -1.5699]. Recommendation = [0.0, -0.0377, -0.0282], Current Cost = 5341.00, Rho = 1.000
(iter 10) [0.0, -0.4909, -0.2256] = 432.3118, sampling [1.0, -0.0614, -1.9489]. Recommendation = [0.0, -0.0377, -0.0282], Current Cost = 5342.00, Rho = 1.000
(iter 10) [0.0, -0.4909, -0.2256] = 432.3118, sampling [1.0, 0.6047, -1.7759]. Recommendation = [0.0, -0.0377, -0.0282], Current Cost = 5343.00, Rho = 1.000
(iter 10) [0.0, -0.4909, -0.2256] = 432.3118, sampling [1.0, 0.8758, -1.1357]. Recommendation = [0.0, -0.0377, -0.0282], Current Cost = 5344.00, Rho = 1.000
(iter 10) [0.0, -0.4909, -0.2256] = 432.3118, sampling [1.0, -0.5622, -1.0256]. Recommendation = [0.0, -0.0377, -0.0282], Current Cost = 5345.00, Rho = 1.000
(iter 10) [0.0, -0.4909, -0.2256] = 432.3118, sampling [1.0, -0.2754, 1.5653]. Recommendation = [0.0, -0.0377, -0.0282], Current Cost = 5346.00, Rho = 1.000
(iter 10) [0.0, -0.4909, -0.2256] = 432.3118, sampling [1.0, 1.0352, -0.3718]. Recommendation = [0.0, -0.0377, -0.0282], Current Cost = 5347.00, Rho = 1.000
(iter 10) [0.0, -0.4909, -0.2256] = 432.3118, sampling [1.0, -1.9563, 1.6579]. Recommendation = [0.0, -0.0377, -0.0282], Current Cost = 5348.00, Rho = 1.000
(iter 10) [0.0, -0.4909, -0.2256] = 432.3118, sampling [1.0, 0.6509, -1.2575]. Recommendation = [0.0, -0.0377, -0.0282], Current Cost = 5349.00, Rho = 1.000
(iter 10) [0.0, -0.4909, -0.2256] = 432.3118, sampling [1.0, -0.2203, -1.8963]. Recommendation = [0.0, -0.0377, -0.0282], Current Cost = 5350.00, Rho = 1.000
(iter 10) [0.0, -0.4909, -0.2256] = 432.3118, sampling [1.0, 0.3713, 1.7612]. Recommendation = [0.0, -0.0377, -0.0282], Current Cost = 5351.00, Rho = 1.000
(iter 10) [0.0, -0.4909, -0.2256] = 432.3118, sampling [1.0, 1.8184, 1.3095]. Recommendation = [0.0, -0.0377, -0.0282], Current Cost = 5352.00, Rho = 1.000
(iter 10) [0.0, -0.4909, -0.2256] = 432.3118, sampling [1.0, 1.5180, 0.0954]. Recommendation = [0.0, -0.0377, -0.0282], Current Cost = 5353.00, Rho = 1.000
(iter 10) [0.0, -0.4909, -0.2256] = 432.3118, sampling [1.0, 1.9519, 1.5265]. Recommendation = [0.0, -0.0377, -0.0282], Current Cost = 5354.00, Rho = 1.000
(iter 10) [0.0, -0.4909, -0.2256] = 432.3118, sampling [1.0, -1.3204, -0.4210]. Recommendation = [0.0, -0.0377, -0.0282], Current Cost = 5355.00, Rho = 1.000
(iter 10) [0.0, -0.4909, -0.2256] = 432.3118, sampling [1.0, -1.3829, -0.0204]. Recommendation = [0.0, -0.0377, -0.0282], Current Cost = 5356.00, Rho = 1.000
(iter 10) [0.0, -0.4909, -0.2256] = 432.3118, sampling [1.0, 0.8961, -1.7065]. Recommendation = [0.0, -0.0377, -0.0282], Current Cost = 5357.00, Rho = 1.000
(iter 10) [0.0, -0.4909, -0.2256] = 432.3118, sampling [1.0, 1.7307, 0.8729]. Recommendation = [0.0, -0.0377, -0.0282], Current Cost = 5358.00, Rho = 1.000
(iter 10) [0.0, -0.4909, -0.2256] = 432.3118, sampling [1.0, 1.0919, -1.2241]. Recommendation = [0.0, -0.0377, -0.0282], Current Cost = 5359.00, Rho = 1.000
(iter 10) [0.0, -0.4909, -0.2256] = 432.3118, sampling [1.0, 0.4811, 1.9143]. Recommendation = [0.0, -0.0377, -0.0282], Current Cost = 5360.00, Rho = 1.000
(iter 10) [0.0, -0.4909, -0.2256] = 432.3118, sampling [1.0, 0.4947, -1.7575]. Recommendation = [0.0, -0.0377, -0.0282], Current Cost = 5361.00, Rho = 1.000
(iter 10) [0.0, -0.4909, -0.2256] = 432.3118, sampling [1.0, 1.6814, 0.7111]. Recommendation = [0.0, -0.0377, -0.0282], Current Cost = 5362.00, Rho = 1.000
(iter 10) [0.0, -0.4909, -0.2256] = 432.3118, sampling [1.0, -1.6819, 1.4414]. Recommendation = [0.0, -0.0377, -0.0282], Current Cost = 5363.00, Rho = 1.000
(iter 10) [0.0, -0.4909, -0.2256] = 432.3118, sampling [1.0, 1.3668, 0.1058]. Recommendation = [0.0, -0.0377, -0.0282], Current Cost = 5364.00, Rho = 1.000
(iter 10) [0.0, -0.4909, -0.2256] = 432.3118, sampling [1.0, -0.8396, -1.6125]. Recommendation = [0.0, -0.0377, -0.0282], Current Cost = 5365.00, Rho = 1.000
(iter 10) [0.0, -0.4909, -0.2256] = 432.3118, sampling [1.0, -1.5457, 0.0046]. Recommendation = [0.0, -0.0377, -0.0282], Current Cost = 5366.00, Rho = 1.000
(iter 10) [0.0, -0.4909, -0.2256] = 432.3118, sampling [1.0, 0.8008, -1.1738]. Recommendation = [0.0, -0.0377, -0.0282], Current Cost = 5367.00, Rho = 1.000
(iter 10) [0.0, -0.4909, -0.2256] = 432.3118, sampling [1.0, -1.7251, 0.8160]. Recommendation = [0.0, -0.0377, -0.0282], Current Cost = 5368.00, Rho = 1.000
(iter 10) [0.0, -0.4909, -0.2256] = 432.3118, sampling [1.0, -1.2967, -0.8473]. Recommendation = [0.0, -0.0377, -0.0282], Current Cost = 5369.00, Rho = 1.000
(iter 10) [0.0, -0.4909, -0.2256] = 432.3118, sampling [1.0, -0.6855, -1.7159]. Recommendation = [0.0, -0.0377, -0.0282], Current Cost = 5370.00, Rho = 1.000
(iter 10) [0.0, -0.4909, -0.2256] = 432.3118, sampling [1.0, -1.1018, -1.2146]. Recommendation = [0.0, -0.0377, -0.0282], Current Cost = 5371.00, Rho = 1.000
(iter 10) [0.0, -0.4909, -0.2256] = 432.3118, sampling [1.0, 0.9133, -1.9701]. Recommendation = [0.0, -0.0377, -0.0282], Current Cost = 5372.00, Rho = 1.000
(iter 10) [0.0, -0.4909, -0.2256] = 432.3118, sampling [1.0, 1.0118, -0.9932]. Recommendation = [0.0, -0.0377, -0.0282], Current Cost = 5373.00, Rho = 1.000
(iter 10) [0.0, -0.4909, -0.2256] = 432.3118, sampling [1.0, -1.6619, 0.4567]. Recommendation = [0.0, -0.0377, -0.0282], Current Cost = 5374.00, Rho = 1.000
(iter 10) [0.0, -0.4909, -0.2256] = 432.3118, sampling [1.0, -0.5866, -1.6526]. Recommendation = [0.0, -0.0377, -0.0282], Current Cost = 5375.00, Rho = 1.000
(iter 10) [0.0, -0.4909, -0.2256] = 432.3118, sampling [1.0, -0.9350, -1.3351]. Recommendation = [0.0, -0.0377, -0.0282], Current Cost = 5376.00, Rho = 1.000
(iter 10) [0.0, -0.4909, -0.2256] = 432.3118, sampling [1.0, 1.4114, -0.4692]. Recommendation = [0.0, -0.0377, -0.0282], Current Cost = 5377.00, Rho = 1.000
(iter 10) [0.0, -0.4909, -0.2256] = 432.3118, sampling [1.0, -1.5354, -0.1733]. Recommendation = [0.0, -0.0377, -0.0282], Current Cost = 5378.00, Rho = 1.000
(iter 10) [0.0, -0.4909, -0.2256] = 432.3118, sampling [1.0, 1.4165, -0.8981]. Recommendation = [0.0, -0.0377, -0.0282], Current Cost = 5379.00, Rho = 1.000
(iter 10) [0.0, -0.4909, -0.2256] = 432.3118, sampling [1.0, -1.3114, -0.5703]. Recommendation = [0.0, -0.0377, -0.0282], Current Cost = 5380.00, Rho = 1.000
(iter 10) [0.0, -0.4909, -0.2256] = 432.3118, sampling [1.0, -0.7286, -1.5289]. Recommendation = [0.0, -0.0377, -0.0282], Current Cost = 5381.00, Rho = 1.000
(iter 10) [0.0, -0.4909, -0.2256] = 432.3118, sampling [1.0, -0.5956, -1.9631]. Recommendation = [0.0, -0.0377, -0.0282], Current Cost = 5382.00, Rho = 1.000
(iter 10) [0.0, -0.4909, -0.2256] = 432.3118, sampling [1.0, 0.8512, -1.1950]. Recommendation = [0.0, -0.0377, -0.0282], Current Cost = 5383.00, Rho = 1.000
(iter 10) [0.0, -0.4909, -0.2256] = 432.3118, sampling [1.0, -0.8031, -1.4006]. Recommendation = [0.0, -0.0377, -0.0282], Current Cost = 5384.00, Rho = 1.000
(iter 10) [0.0, -0.4909, -0.2256] = 432.3118, sampling [1.0, -0.8787, -1.8420]. Recommendation = [0.0, -0.0377, -0.0282], Current Cost = 5385.00, Rho = 1.000
(iter 10) [0.0, -0.4909, -0.2256] = 432.3118, sampling [1.0, -1.5749, 0.6743]. Recommendation = [0.0, -0.0377, -0.0282], Current Cost = 5386.00, Rho = 1.000
(iter 10) [0.0, -0.4909, -0.2256] = 432.3118, sampling [1.0, -1.0631, -1.5619]. Recommendation = [0.0, -0.0377, -0.0282], Current Cost = 5387.00, Rho = 1.000
(iter 10) [0.0, -0.4909, -0.2256] = 432.3118, sampling [1.0, 1.8962, 0.2758]. Recommendation = [0.0, -0.0377, -0.0282], Current Cost = 5388.00, Rho = 1.000
(iter 10) [0.0, -0.4909, -0.2256] = 432.3118, sampling [1.0, 1.9277, 1.3906]. Recommendation = [0.0, -0.0377, -0.0282], Current Cost = 5389.00, Rho = 1.000
(iter 10) [0.0, -0.4909, -0.2256] = 432.3118, sampling [1.0, 1.0988, -1.3629]. Recommendation = [0.0, -0.0377, -0.0282], Current Cost = 5390.00, Rho = 1.000
(iter 10) [0.0, -0.4909, -0.2256] = 432.3118, sampling [1.0, 1.5300, -0.2006]. Recommendation = [0.0, -0.0377, -0.0282], Current Cost = 5391.00, Rho = 1.000
(iter 10) [0.0, -0.4909, -0.2256] = 432.3118, sampling [1.0, 1.9883, 0.8341]. Recommendation = [0.0, -0.0377, -0.0282], Current Cost = 5392.00, Rho = 1.000
(iter 10) [0.0, -0.4909, -0.2256] = 432.3118, sampling [1.0, -1.7002, 0.2149]. Recommendation = [0.0, -0.0377, -0.0282], Current Cost = 5393.00, Rho = 1.000
(iter 10) [0.0, -0.4909, -0.2256] = 432.3118, sampling [1.0, -1.4756, -0.4383]. Recommendation = [0.0, -0.0377, -0.0282], Current Cost = 5394.00, Rho = 1.000
(iter 10) [0.0, -0.4909, -0.2256] = 432.3118, sampling [1.0, -1.9821, -1.7519]. Recommendation = [0.0, -0.0377, -0.0282], Current Cost = 5395.00, Rho = 1.000
(iter 10) [0.0, -0.4909, -0.2256] = 432.3118, sampling [1.0, -0.5262, -1.8635]. Recommendation = [0.0, -0.0377, -0.0282], Current Cost = 5396.00, Rho = 1.000
(iter 10) [0.0, -0.4909, -0.2256] = 432.3118, sampling [1.0, 0.6183, -1.9146]. Recommendation = [0.0, -0.0377, -0.0282], Current Cost = 5397.00, Rho = 1.000
(iter 10) [0.0, -0.4909, -0.2256] = 432.3118, sampling [0.0, 1.4263, 1.9585]. Recommendation = [0.0, -0.0377, -0.0282], Current Cost = 5398.00, Rho = 1.000
(iter 403) [0.0, 1.4263, 1.9585] = 455.5440, sampling [1.0, 1.8081, -1.9588]. Recommendation = [0.0, 1.4263, 1.9585], Current Cost = 6398.00, Rho = 1.000
(iter 403) [0.0, 1.4263, 1.9585] = 455.5440, sampling [0.0, 0.3339, 0.1029]. Recommendation = [0.0, 1.4263, 1.9585], Current Cost = 6399.00, Rho = 1.000
(iter 405) [0.0, 0.3339, 0.1029] = 455.8489, sampling [1.0, -1.9931, -0.1472]. Recommendation = [0.0, 0.3339, 0.1029], Current Cost = 7399.00, Rho = 1.000
(iter 405) [0.0, 0.3339, 0.1029] = 455.8489, sampling [1.0, 0.7565, -1.9335]. Recommendation = [0.0, 0.3339, 0.1029], Current Cost = 7400.00, Rho = 1.000
(iter 405) [0.0, 0.3339, 0.1029] = 455.8489, sampling [0.0, -0.7974, 0.6097]. Recommendation = [0.0, 0.3339, 0.1029], Current Cost = 7401.00, Rho = 1.000
(iter 405) [0.0, 0.3339, 0.1029] = 455.8489, sampling [1.0, 1.6307, 0.0494]. Recommendation = [0.0, 0.3339, 0.1029], Current Cost = 8401.00, Rho = 1.000
(iter 405) [0.0, 0.3339, 0.1029] = 455.8489, sampling [0.0, -1.2258, 1.5521]. Recommendation = [0.0, 0.3339, 0.1029], Current Cost = 8402.00, Rho = 1.000
(iter 405) [0.0, 0.3339, 0.1029] = 455.8489, sampling [0.0, -0.3231, 0.1392]. Recommendation = [0.0, 0.3339, 0.1029], Current Cost = 9402.00, Rho = 1.000
(iter 405) [0.0, 0.3339, 0.1029] = 455.8489, sampling [0.0, 1.3094, 1.7069]. Recommendation = [0.0, 0.3339, 0.1029], Current Cost = 10402.00, Rho = 1.000
(iter 412) [0.0, 1.3094, 1.7069] = 456.1983, sampling [0.0, 1.0709, 0.9318]. Recommendation = [0.0, 1.3094, 1.7069], Current Cost = 11402.00, Rho = 1.000
(iter 412) [0.0, 1.3094, 1.7069] = 456.1983, sampling [0.0, -1.0458, 1.0828]. Recommendation = [0.0, 1.3094, 1.7069], Current Cost = 12402.00, Rho = 1.000
(iter 412) [0.0, 1.3094, 1.7069] = 456.1983, sampling [0.0, -0.0377, -0.0282]. Recommendation = [0.0, 1.3094, 1.7069], Current Cost = 13402.00, Rho = 1.000
(iter 412) [0.0, 1.3094, 1.7069] = 456.1983, sampling [0.0, 0.4150, 0.3015]. Recommendation = [0.0, 1.3094, 1.7069], Current Cost = 14402.00, Rho = 1.000
(iter 412) [0.0, 1.3094, 1.7069] = 456.1983, sampling [0.0, -0.5726, 0.2941]. Recommendation = [0.0, 1.3094, 1.7069], Current Cost = 15402.00, Rho = 1.000
(iter 412) [0.0, 1.3094, 1.7069] = 456.1983, sampling [0.0, -1.4691, 1.9219]. Recommendation = [0.0, 1.3094, 1.7069], Current Cost = 16402.00, Rho = 1.000
(iter 412) [0.0, 1.3094, 1.7069] = 456.1983, sampling [0.0, 0.6574, 0.7456]. Recommendation = [0.0, 1.3094, 1.7069], Current Cost = 17402.00, Rho = 1.000
(iter 412) [0.0, 1.3094, 1.7069] = 456.1983, sampling [0.0, 0.1522, -0.1147]. Recommendation = [0.0, 1.3094, 1.7069], Current Cost = 18402.00, Rho = 1.000
(iter 412) [0.0, 1.3094, 1.7069] = 456.1983, sampling [1.0, 1.2727, -1.2544]. Recommendation = [0.0, 1.3094, 1.7069], Current Cost = 19402.00, Rho = 1.000
(iter 412) [0.0, 1.3094, 1.7069] = 456.1983, sampling [1.0, -1.1841, -1.1535]. Recommendation = [0.0, 1.3094, 1.7069], Current Cost = 19403.00, Rho = 1.000
(iter 412) [0.0, 1.3094, 1.7069] = 456.1983, sampling [0.0, -0.9620, 0.9172]. Recommendation = [0.0, 1.3094, 1.7069], Current Cost = 19404.00, Rho = 1.000
(iter 412) [0.0, 1.3094, 1.7069] = 456.1983, sampling [0.0, -0.1203, 0.2239]. Recommendation = [0.0, 1.3094, 1.7069], Current Cost = 20404.00, Rho = 1.000
(iter 412) [0.0, 1.3094, 1.7069] = 456.1983, sampling [0.0, -0.2294, -0.1093]. Recommendation = [0.0, 1.3094, 1.7069], Current Cost = 21404.00, Rho = 1.000
(iter 412) [0.0, 1.3094, 1.7069] = 456.1983, sampling [0.0, 0.9513, 0.5719]. Recommendation = [0.0, 1.3094, 1.7069], Current Cost = 22404.00, Rho = 1.000
(iter 412) [0.0, 1.3094, 1.7069] = 456.1983, sampling [1.0, -0.7506, -1.6939]. Recommendation = [0.0, 1.3094, 1.7069], Current Cost = 23404.00, Rho = 1.000
(iter 412) [0.0, 1.3094, 1.7069] = 456.1983, sampling [0.0, -0.4462, 0.2241]. Recommendation = [0.0, 1.3094, 1.7069], Current Cost = 23405.00, Rho = 1.000
(iter 412) [0.0, 1.3094, 1.7069] = 456.1983, sampling [0.0, -0.8973, 0.7149]. Recommendation = [0.0, 1.3094, 1.7069], Current Cost = 24405.00, Rho = 1.000
(iter 412) [0.0, 1.3094, 1.7069] = 456.1983, sampling [0.0, 0.3120, 0.1848]. Recommendation = [0.0, 1.3094, 1.7069], Current Cost = 25405.00, Rho = 1.000
(iter 412) [0.0, 1.3094, 1.7069] = 456.1983, sampling [0.0, 1.0428, 1.5008]. Recommendation = [0.0, 1.3094, 1.7069], Current Cost = 26405.00, Rho = 1.000
(iter 412) [0.0, 1.3094, 1.7069] = 456.1983, sampling [0.0, 0.1419, -0.2975]. Recommendation = [0.0, 1.3094, 1.7069], Current Cost = 27405.00, Rho = 1.000
(iter 412) [0.0, 1.3094, 1.7069] = 456.1983, sampling [0.0, -1.2335, 1.2736]. Recommendation = [0.0, 1.3094, 1.7069], Current Cost = 28405.00, Rho = 1.000
(iter 412) [0.0, 1.3094, 1.7069] = 456.1983, sampling [0.0, -0.0948, -0.1202]. Recommendation = [0.0, 1.3094, 1.7069], Current Cost = 29405.00, Rho = 1.000
(iter 412) [0.0, 1.3094, 1.7069] = 456.1983, sampling [0.0, -0.7904, 0.5096]. Recommendation = [0.0, 1.3094, 1.7069], Current Cost = 30405.00, Rho = 1.000
(iter 412) [0.0, 1.3094, 1.7069] = 456.1983, sampling [0.0, 1.4325, 1.8207]. Recommendation = [0.0, 1.3094, 1.7069], Current Cost = 31405.00, Rho = 1.000
(iter 412) [0.0, 1.3094, 1.7069] = 456.1983, sampling [0.0, -1.3525, 1.6367]. Recommendation = [0.0, 1.3094, 1.7069], Current Cost = 32405.00, Rho = 1.000
(iter 412) [0.0, 1.3094, 1.7069] = 456.1983, sampling [0.0, -0.2339, 0.3658]. Recommendation = [0.0, 1.3094, 1.7069], Current Cost = 33405.00, Rho = 1.000
(iter 412) [0.0, 1.3094, 1.7069] = 456.1983, sampling [0.0, 1.3171, 1.3185]. Recommendation = [0.0, 1.3094, 1.7069], Current Cost = 34405.00, Rho = 1.000
(iter 412) [0.0, 1.3094, 1.7069] = 456.1983, sampling [0.0, -0.5381, -0.0025]. Recommendation = [0.0, 1.3094, 1.7069], Current Cost = 35405.00, Rho = 1.000
(iter 412) [0.0, 1.3094, 1.7069] = 456.1983, sampling [0.0, -0.1352, -0.0640]. Recommendation = [0.0, 1.3094, 1.7069], Current Cost = 36405.00, Rho = 1.000
(iter 412) [0.0, 1.3094, 1.7069] = 456.1983, sampling [0.0, -0.9054, 0.9811]. Recommendation = [0.0, 1.3094, 1.7069], Current Cost = 37405.00, Rho = 1.000
(iter 412) [0.0, 1.3094, 1.7069] = 456.1983, sampling [0.0, -0.3666, 0.2040]. Recommendation = [0.0, 1.3094, 1.7069], Current Cost = 38405.00, Rho = 1.000
(iter 412) [0.0, 1.3094, 1.7069] = 456.1983, sampling [1.0, 0.9826, -0.9866]. Recommendation = [0.0, 1.3094, 1.7069], Current Cost = 39405.00, Rho = 1.000
(iter 412) [0.0, 1.3094, 1.7069] = 456.1983, sampling [0.0, -0.6182, 0.2625]. Recommendation = [0.0, 1.3094, 1.7069], Current Cost = 39406.00, Rho = 1.000
(iter 412) [0.0, 1.3094, 1.7069] = 456.1983, sampling [0.0, -1.2572, 1.4146]. Recommendation = [0.0, 1.3094, 1.7069], Current Cost = 40406.00, Rho = 1.000
(iter 412) [0.0, 1.3094, 1.7069] = 456.1983, sampling [0.0, -1.0006, 0.8115]. Recommendation = [0.0, 1.3094, 1.7069], Current Cost = 41406.00, Rho = 1.000
(iter 412) [0.0, 1.3094, 1.7069] = 456.1983, sampling [0.0, -0.1592, -0.3834]. Recommendation = [0.0, 1.3094, 1.7069], Current Cost = 42406.00, Rho = 1.000
(iter 412) [0.0, 1.3094, 1.7069] = 456.1983, sampling [0.0, -0.9399, 1.2291]. Recommendation = [0.0, 1.3094, 1.7069], Current Cost = 43406.00, Rho = 1.000
(iter 412) [0.0, 1.3094, 1.7069] = 456.1983, sampling [0.0, 1.3016, 1.7248]. Recommendation = [0.0, 1.3094, 1.7069], Current Cost = 44406.00, Rho = 1.000
(iter 412) [0.0, 1.3094, 1.7069] = 456.1983, sampling [0.0, -0.6579, 0.8606]. Recommendation = [0.0, 1.3094, 1.7069], Current Cost = 45406.00, Rho = 1.000
(iter 412) [0.0, 1.3094, 1.7069] = 456.1983, sampling [0.0, 0.5070, 0.6645]. Recommendation = [0.0, 1.3094, 1.7069], Current Cost = 46406.00, Rho = 1.000
(iter 412) [0.0, 1.3094, 1.7069] = 456.1983, sampling [0.0, -0.9767, 0.9689]. Recommendation = [0.0, 1.3094, 1.7069], Current Cost = 47406.00, Rho = 1.000
(iter 412) [0.0, 1.3094, 1.7069] = 456.1983, sampling [0.0, 1.0567, 0.7421]. Recommendation = [0.0, 1.3094, 1.7069], Current Cost = 48406.00, Rho = 1.000
(iter 412) [0.0, 1.3094, 1.7069] = 456.1983, sampling [0.0, 0.6082, -0.1786]. Recommendation = [0.0, 1.3094, 1.7069], Current Cost = 49406.00, Rho = 1.000
(iter 412) [0.0, 1.3094, 1.7069] = 456.1983, sampling [0.0, -0.4128, 0.1983]. Recommendation = [0.0, 1.3094, 1.7069], Current Cost = 50406.00, Rho = 1.000
(iter 412) [0.0, 1.3094, 1.7069] = 456.1983, sampling [0.0, 0.8908, 1.2709]. Recommendation = [0.0, 1.3094, 1.7069], Current Cost = 51406.00, Rho = 1.000
(iter 412) [0.0, 1.3094, 1.7069] = 456.1983, sampling [0.0, 1.1299, 1.6537]. Recommendation = [0.0, 1.3094, 1.7069], Current Cost = 52406.00, Rho = 1.000
(iter 412) [0.0, 1.3094, 1.7069] = 456.1983, sampling [1.0, 1.7966, 0.8528]. Recommendation = [0.0, 1.3094, 1.7069], Current Cost = 53406.00, Rho = 1.000
(iter 412) [0.0, 1.3094, 1.7069] = 456.1983, sampling [0.0, -0.9216, 0.5297]. Recommendation = [0.0, 1.3094, 1.7069], Current Cost = 53407.00, Rho = 1.000
(iter 412) [0.0, 1.3094, 1.7069] = 456.1983, sampling [0.0, 1.4710, 1.8997]. Recommendation = [0.0, 1.3094, 1.7069], Current Cost = 54407.00, Rho = 1.000
(iter 412) [0.0, 1.3094, 1.7069] = 456.1983, sampling [1.0, -0.6405, -1.6812]. Recommendation = [0.0, 1.3094, 1.7069], Current Cost = 55407.00, Rho = 1.000
(iter 412) [0.0, 1.3094, 1.7069] = 456.1983, sampling [0.0, -0.7539, 0.1768]. Recommendation = [0.0, 1.3094, 1.7069], Current Cost = 55408.00, Rho = 1.000
(iter 412) [0.0, 1.3094, 1.7069] = 456.1983, sampling [0.0, 0.1978, -0.2534]. Recommendation = [0.0, 1.3094, 1.7069], Current Cost = 56408.00, Rho = 1.000
(iter 412) [0.0, 1.3094, 1.7069] = 456.1983, sampling [0.0, -1.0248, 1.4197]. Recommendation = [0.0, 1.3094, 1.7069], Current Cost = 57408.00, Rho = 1.000
(iter 412) [0.0, 1.3094, 1.7069] = 456.1983, sampling [0.0, -0.1190, 0.3574]. Recommendation = [0.0, 1.3094, 1.7069], Current Cost = 58408.00, Rho = 1.000
(iter 412) [0.0, 1.3094, 1.7069] = 456.1983, sampling [0.0, -1.1383, 0.9456]. Recommendation = [0.0, 1.3094, 1.7069], Current Cost = 59408.00, Rho = 1.000
(iter 412) [0.0, 1.3094, 1.7069] = 456.1983, sampling [0.0, 0.9356, 0.4106]. Recommendation = [0.0, 1.3094, 1.7069], Current Cost = 60408.00, Rho = 1.000
(iter 412) [0.0, 1.3094, 1.7069] = 456.1983, sampling [0.0, -1.4359, 1.7509]. Recommendation = [0.0, 1.3094, 1.7069], Current Cost = 61408.00, Rho = 1.000
(iter 412) [0.0, 1.3094, 1.7069] = 456.1983, sampling [0.0, -0.4784, -0.0926]. Recommendation = [0.0, 1.3094, 1.7069], Current Cost = 62408.00, Rho = 1.000
(iter 412) [0.0, 1.3094, 1.7069] = 456.1983, sampling [1.0, -1.3623, -1.0556]. Recommendation = [0.0, 1.3094, 1.7069], Current Cost = 63408.00, Rho = 1.000
(iter 412) [0.0, 1.3094, 1.7069] = 456.1983, sampling [0.0, 0.0366, 0.5217]. Recommendation = [0.0, 1.3094, 1.7069], Current Cost = 63409.00, Rho = 1.000
(iter 412) [0.0, 1.3094, 1.7069] = 456.1983, sampling [0.0, -0.3106, 0.6234]. Recommendation = [0.0, 1.3094, 1.7069], Current Cost = 64409.00, Rho = 1.000
(iter 412) [0.0, 1.3094, 1.7069] = 456.1983, sampling [1.0, -1.6936, 0.3707]. Recommendation = [0.0, 1.3094, 1.7069], Current Cost = 65409.00, Rho = 1.000
(iter 412) [0.0, 1.3094, 1.7069] = 456.1983, sampling [0.0, 1.1818, 0.9572]. Recommendation = [0.0, 1.3094, 1.7069], Current Cost = 65410.00, Rho = 1.000
(iter 412) [0.0, 1.3094, 1.7069] = 456.1983, sampling [0.0, 0.7713, 0.0403]. Recommendation = [0.0, 1.3094, 1.7069], Current Cost = 66410.00, Rho = 1.000
(iter 412) [0.0, 1.3094, 1.7069] = 456.1983, sampling [0.0, 0.1313, -0.5470]. Recommendation = [0.0, 1.3094, 1.7069], Current Cost = 67410.00, Rho = 1.000
(iter 412) [0.0, 1.3094, 1.7069] = 456.1983, sampling [0.0, -1.3344, 1.4583]. Recommendation = [0.0, 1.3094, 1.7069], Current Cost = 68410.00, Rho = 1.000
(iter 412) [0.0, 1.3094, 1.7069] = 456.1983, sampling [0.0, -0.7704, 1.0000]. Recommendation = [0.0, 1.3094, 1.7069], Current Cost = 69410.00, Rho = 1.000
(iter 412) [0.0, 1.3094, 1.7069] = 456.1983, sampling [0.0, 0.7311, 1.0898]. Recommendation = [0.0, 1.3094, 1.7069], Current Cost = 70410.00, Rho = 1.000
(iter 412) [0.0, 1.3094, 1.7069] = 456.1983, sampling [1.0, -1.2923, -0.5262]. Recommendation = [0.0, 1.3094, 1.7069], Current Cost = 71410.00, Rho = 1.000
(iter 412) [0.0, 1.3094, 1.7069] = 456.1983, sampling [1.0, -1.1046, -1.8188]. Recommendation = [0.0, 1.3094, 1.7069], Current Cost = 71411.00, Rho = 1.000
(iter 412) [0.0, 1.3094, 1.7069] = 456.1983, sampling [0.0, -0.8870, 1.1559]. Recommendation = [0.0, 1.3094, 1.7069], Current Cost = 71412.00, Rho = 1.000
(iter 412) [0.0, 1.3094, 1.7069] = 456.1983, sampling [0.0, 1.1532, 1.8930]. Recommendation = [0.0, 1.3094, 1.7069], Current Cost = 72412.00, Rho = 1.000
(iter 412) [0.0, 1.3094, 1.7069] = 456.1983, sampling [0.0, 0.3472, -0.4248]. Recommendation = [0.0, 1.3094, 1.7069], Current Cost = 73412.00, Rho = 1.000
(iter 412) [0.0, 1.3094, 1.7069] = 456.1983, sampling [1.0, 1.1958, -1.7631]. Recommendation = [0.0, 1.3094, 1.7069], Current Cost = 74412.00, Rho = 1.000
(iter 412) [0.0, 1.3094, 1.7069] = 456.1983, sampling [1.0, 1.5612, 0.1247]. Recommendation = [0.0, 1.3094, 1.7069], Current Cost = 74413.00, Rho = 1.000
(iter 412) [0.0, 1.3094, 1.7069] = 456.1983, sampling [0.0, -0.1386, 0.4765]. Recommendation = [0.0, 1.3094, 1.7069], Current Cost = 74414.00, Rho = 1.000
(iter 412) [0.0, 1.3094, 1.7069] = 456.1983, sampling [0.0, -1.5536, 1.9648]. Recommendation = [0.0, 1.3094, 1.7069], Current Cost = 75414.00, Rho = 1.000
(iter 412) [0.0, 1.3094, 1.7069] = 456.1983, sampling [0.0, -0.0692, -0.5196]. Recommendation = [0.0, 1.3094, 1.7069], Current Cost = 76414.00, Rho = 1.000
(iter 412) [0.0, 1.3094, 1.7069] = 456.1983, sampling [0.0, -1.0363, 1.5342]. Recommendation = [0.0, 1.3094, 1.7069], Current Cost = 77414.00, Rho = 1.000
(iter 412) [0.0, 1.3094, 1.7069] = 456.1983, sampling [0.0, -0.5183, -0.0407]. Recommendation = [0.0, 1.3094, 1.7069], Current Cost = 78414.00, Rho = 1.000
(iter 412) [0.0, 1.3094, 1.7069] = 456.1983, sampling [0.0, 0.6675, 0.7667]. Recommendation = [0.0, 1.3094, 1.7069], Current Cost = 79414.00, Rho = 1.000
(iter 412) [0.0, 1.3094, 1.7069] = 456.1983, sampling [0.0, -1.3944, 1.5863]. Recommendation = [0.0, 1.3094, 1.7069], Current Cost = 80414.00, Rho = 1.000
(iter 412) [0.0, 1.3094, 1.7069] = 456.1983, sampling [1.0, 1.6054, -0.6166]. Recommendation = [0.0, 1.3094, 1.7069], Current Cost = 81414.00, Rho = 1.000
(iter 412) [0.0, 1.3094, 1.7069] = 456.1983, sampling [0.0, 0.1851, 0.5995]. Recommendation = [0.0, 1.3094, 1.7069], Current Cost = 81415.00, Rho = 1.000
(iter 412) [0.0, 1.3094, 1.7069] = 456.1983, sampling [0.0, -1.2441, 1.0501]. Recommendation = [0.0, 1.3094, 1.7069], Current Cost = 82415.00, Rho = 1.000
(iter 412) [0.0, 1.3094, 1.7069] = 456.1983, sampling [0.0, -1.0233, 0.5519]. Recommendation = [0.0, 1.3094, 1.7069], Current Cost = 83415.00, Rho = 1.000
(iter 412) [0.0, 1.3094, 1.7069] = 456.1983, sampling [0.0, 0.1641, -0.3119]. Recommendation = [0.0, 1.3094, 1.7069], Current Cost = 84415.00, Rho = 1.000
(iter 412) [0.0, 1.3094, 1.7069] = 456.1983, sampling [0.0, -1.0950, 1.8267]. Recommendation = [0.0, 1.3094, 1.7069], Current Cost = 85415.00, Rho = 1.000
(iter 412) [0.0, 1.3094, 1.7069] = 456.1983, sampling [0.0, 1.5400, 1.8623]. Recommendation = [0.0, 1.3094, 1.7069], Current Cost = 86415.00, Rho = 1.000
(iter 412) [0.0, 1.3094, 1.7069] = 456.1983, sampling [1.0, 1.9746, 0.4880]. Recommendation = [0.0, 1.3094, 1.7069], Current Cost = 87415.00, Rho = 1.000
(iter 412) [0.0, 1.3094, 1.7069] = 456.1983, sampling [1.0, -1.5363, -0.6983]. Recommendation = [0.0, 1.3094, 1.7069], Current Cost = 87416.00, Rho = 1.000
(iter 412) [0.0, 1.3094, 1.7069] = 456.1983, sampling [0.0, 0.4524, 0.7725]. Recommendation = [0.0, 1.3094, 1.7069], Current Cost = 87417.00, Rho = 1.000
(iter 412) [0.0, 1.3094, 1.7069] = 456.1983, sampling [0.0, -0.6355, -0.1636]. Recommendation = [0.0, 1.3094, 1.7069], Current Cost = 88417.00, Rho = 1.000
(iter 412) [0.0, 1.3094, 1.7069] = 456.1983, sampling [0.0, 0.8162, 1.1801]. Recommendation = [0.0, 1.3094, 1.7069], Current Cost = 89417.00, Rho = 1.000
(iter 412) [0.0, 1.3094, 1.7069] = 456.1983, sampling [0.0, 1.1484, 0.7944]. Recommendation = [0.0, 1.3094, 1.7069], Current Cost = 90417.00, Rho = 1.000
(iter 412) [0.0, 1.3094, 1.7069] = 456.1983, sampling [0.0, -1.3472, 1.3787]. Recommendation = [0.0, 1.3094, 1.7069], Current Cost = 91417.00, Rho = 1.000
(iter 412) [0.0, 1.3094, 1.7069] = 456.1983, sampling [0.0, -0.2589, -0.5762]. Recommendation = [0.0, 1.3094, 1.7069], Current Cost = 92417.00, Rho = 1.000
(iter 412) [0.0, 1.3094, 1.7069] = 456.1983, sampling [0.0, -0.2142, 0.3795]. Recommendation = [0.0, 1.3094, 1.7069], Current Cost = 93417.00, Rho = 1.000
(iter 412) [0.0, 1.3094, 1.7069] = 456.1983, sampling [0.0, 1.1165, 1.6996]. Recommendation = [0.0, 1.3094, 1.7069], Current Cost = 94417.00, Rho = 1.000
(iter 412) [0.0, 1.3094, 1.7069] = 456.1983, sampling [0.0, -1.3712, 1.5090]. Recommendation = [0.0, 1.3094, 1.7069], Current Cost = 95417.00, Rho = 1.000
(iter 412) [0.0, 1.3094, 1.7069] = 456.1983, sampling [1.0, 1.5220, -1.0757]. Recommendation = [0.0, 1.3094, 1.7069], Current Cost = 96417.00, Rho = 1.000
(iter 412) [0.0, 1.3094, 1.7069] = 456.1983, sampling [0.0, -0.7806, 1.0755]. Recommendation = [0.0, 1.3094, 1.7069], Current Cost = 96418.00, Rho = 1.000
(iter 412) [0.0, 1.3094, 1.7069] = 456.1983, sampling [0.0, 1.2653, 1.0221]. Recommendation = [0.0, 1.3094, 1.7069], Current Cost = 97418.00, Rho = 1.000
(iter 412) [0.0, 1.3094, 1.7069] = 456.1983, sampling [1.0, 1.6189, -0.2569]. Recommendation = [0.0, 1.3094, 1.7069], Current Cost = 98418.00, Rho = 1.000
(iter 412) [0.0, 1.3094, 1.7069] = 456.1983, sampling [0.0, 0.8630, 0.1187]. Recommendation = [0.0, 1.3094, 1.7069], Current Cost = 98419.00, Rho = 1.000
(iter 412) [0.0, 1.3094, 1.7069] = 456.1983, sampling [0.0, -1.1612, 0.7294]. Recommendation = [0.0, 1.3094, 1.7069], Current Cost = 99419.00, Rho = 1.000
