(iter 10) [0.0, 0.6420, 0.0060] = 439.6760, sampling [1.0, 0.2041, 0.2972]. Recommendation = [0.0, 0.6420, 0.0060], Current Cost = 5005.00, Rho = 1.000
(iter 10) [0.0, 0.6420, 0.0060] = 439.6760, sampling [1.0, 0.5865, 0.4289]. Recommendation = [0.0, 0.2041, 0.2972], Current Cost = 5006.00, Rho = 1.000
(iter 10) [0.0, 0.6420, 0.0060] = 439.6760, sampling [1.0, -0.0608, 0.0910]. Recommendation = [0.0, 0.5865, 0.4289], Current Cost = 5007.00, Rho = 1.000
(iter 10) [0.0, 0.6420, 0.0060] = 439.6760, sampling [1.0, 0.3084, -0.0418]. Recommendation = [0.0, 0.5865, 0.4289], Current Cost = 5008.00, Rho = 1.000
(iter 10) [0.0, 0.6420, 0.0060] = 439.6760, sampling [1.0, 0.2502, 0.6556]. Recommendation = [0.0, 0.5722, 0.2109], Current Cost = 5009.00, Rho = 1.000
(iter 10) [0.0, 0.6420, 0.0060] = 439.6760, sampling [1.0, 0.8525, 0.4914]. Recommendation = [0.0, 0.5865, 0.4289], Current Cost = 5010.00, Rho = 1.000
(iter 10) [0.0, 0.6420, 0.0060] = 439.6760, sampling [1.0, 0.7395, 0.6966]. Recommendation = [0.0, 0.5722, 0.2109], Current Cost = 5011.00, Rho = 1.000
(iter 10) [0.0, 0.6420, 0.0060] = 439.6760, sampling [1.0, 0.5722, 0.2109]. Recommendation = [0.0, 0.7066, 0.6208], Current Cost = 5012.00, Rho = 1.000
(iter 10) [0.0, 0.6420, 0.0060] = 439.6760, sampling [1.0, 0.1135, -0.1768]. Recommendation = [0.0, 0.7066, 0.6208], Current Cost = 5013.00, Rho = 1.000
(iter 10) [0.0, 0.6420, 0.0060] = 439.6760, sampling [1.0, -0.1619, 0.4321]. Recommendation = [0.0, 0.7066, 0.6208], Current Cost = 5014.00, Rho = 1.000
(iter 10) [0.0, 0.6420, 0.0060] = 439.6760, sampling [1.0, -0.1071, -0.0841]. Recommendation = [0.0, 0.7066, 0.6208], Current Cost = 5015.00, Rho = 1.000
(iter 10) [0.0, 0.6420, 0.0060] = 439.6760, sampling [1.0, 0.3660, 0.4594]. Recommendation = [0.0, 0.7066, 0.6208], Current Cost = 5016.00, Rho = 1.000
(iter 10) [0.0, 0.6420, 0.0060] = 439.6760, sampling [1.0, -0.3596, 0.2055]. Recommendation = [0.0, 0.7066, 0.6208], Current Cost = 5017.00, Rho = 1.000
(iter 10) [0.0, 0.6420, 0.0060] = 439.6760, sampling [1.0, -0.5970, 0.8161]. Recommendation = [0.0, -0.2045, 0.1806], Current Cost = 5018.00, Rho = 1.000
(iter 10) [0.0, 0.6420, 0.0060] = 439.6760, sampling [1.0, -0.2255, 0.8726]. Recommendation = [0.0, 0.7066, 0.6208], Current Cost = 5019.00, Rho = 1.000
(iter 10) [0.0, 0.6420, 0.0060] = 439.6760, sampling [1.0, -0.5212, 0.3545]. Recommendation = [0.0, 0.7066, 0.6208], Current Cost = 5020.00, Rho = 1.000
(iter 10) [0.0, 0.6420, 0.0060] = 439.6760, sampling [1.0, -0.3879, 0.4497]. Recommendation = [0.0, 0.7066, 0.6208], Current Cost = 5021.00, Rho = 1.000
(iter 10) [0.0, 0.6420, 0.0060] = 439.6760, sampling [1.0, -1.0293, 1.0465]. Recommendation = [0.0, 0.7066, 0.6208], Current Cost = 5022.00, Rho = 1.000
(iter 10) [0.0, 0.6420, 0.0060] = 439.6760, sampling [1.0, -0.8989, 0.6679]. Recommendation = [0.0, 0.7066, 0.6208], Current Cost = 5023.00, Rho = 1.000
(iter 10) [0.0, 0.6420, 0.0060] = 439.6760, sampling [1.0, -0.6518, 0.5702]. Recommendation = [0.0, 0.7066, 0.6208], Current Cost = 5024.00, Rho = 1.000
(iter 10) [0.0, 0.6420, 0.0060] = 439.6760, sampling [1.0, -0.8803, 0.9903]. Recommendation = [0.0, 0.7066, 0.6208], Current Cost = 5025.00, Rho = 1.000
(iter 10) [0.0, 0.6420, 0.0060] = 439.6760, sampling [1.0, -1.1408, 1.3670]. Recommendation = [0.0, 0.7066, 0.6208], Current Cost = 5026.00, Rho = 1.000
(iter 10) [0.0, 0.6420, 0.0060] = 439.6760, sampling [1.0, -0.7740, 1.4130]. Recommendation = [0.0, 0.7066, 0.6208], Current Cost = 5027.00, Rho = 1.000
(iter 10) [0.0, 0.6420, 0.0060] = 439.6760, sampling [1.0, -1.3282, 0.9977]. Recommendation = [0.0, 0.7066, 0.6208], Current Cost = 5028.00, Rho = 1.000
(iter 10) [0.0, 0.6420, 0.0060] = 439.6760, sampling [1.0, -0.5372, -0.0553]. Recommendation = [0.0, 0.7066, 0.6208], Current Cost = 5029.00, Rho = 1.000
(iter 10) [0.0, 0.6420, 0.0060] = 439.6760, sampling [1.0, -0.7945, 0.3189]. Recommendation = [0.0, 0.7066, 0.6208], Current Cost = 5030.00, Rho = 1.000
(iter 10) [0.0, 0.6420, 0.0060] = 439.6760, sampling [1.0, 0.9531, 0.6764]. Recommendation = [0.0, 0.7066, 0.6208], Current Cost = 5031.00, Rho = 1.000
(iter 10) [0.0, 0.6420, 0.0060] = 439.6760, sampling [1.0, 0.6368, 0.8973]. Recommendation = [0.0, 0.8013, 0.5414], Current Cost = 5032.00, Rho = 1.000
(iter 10) [0.0, 0.6420, 0.0060] = 439.6760, sampling [1.0, -0.2045, 0.1806]. Recommendation = [0.0, 0.7066, 0.6208], Current Cost = 5033.00, Rho = 1.000
(iter 10) [0.0, 0.6420, 0.0060] = 439.6760, sampling [1.0, 0.7339, 0.2794]. Recommendation = [0.0, 0.7066, 0.6208], Current Cost = 5034.00, Rho = 1.000
(iter 10) [0.0, 0.6420, 0.0060] = 439.6760, sampling [1.0, 0.0459, 0.3469]. Recommendation = [0.0, 0.7066, 0.6208], Current Cost = 5035.00, Rho = 1.000
(iter 10) [0.0, 0.6420, 0.0060] = 439.6760, sampling [1.0, -0.9443, 0.8260]. Recommendation = [0.0, 0.7066, 0.6208], Current Cost = 5036.00, Rho = 1.000
(iter 10) [0.0, 0.6420, 0.0060] = 439.6760, sampling [1.0, -0.4531, 0.1537]. Recommendation = [0.0, 0.7066, 0.6208], Current Cost = 5037.00, Rho = 1.000
(iter 10) [0.0, 0.6420, 0.0060] = 439.6760, sampling [1.0, 0.8138, 0.8500]. Recommendation = [0.0, 0.7066, 0.6208], Current Cost = 5038.00, Rho = 1.000
(iter 10) [0.0, 0.6420, 0.0060] = 439.6760, sampling [1.0, -1.1597, 1.1496]. Recommendation = [0.0, 0.8013, 0.5414], Current Cost = 5039.00, Rho = 1.000
(iter 10) [0.0, 0.6420, 0.0060] = 439.6760, sampling [1.0, -0.3155, -0.2586]. Recommendation = [0.0, 0.8013, 0.5414], Current Cost = 5040.00, Rho = 1.000
(iter 10) [0.0, 0.6420, 0.0060] = 439.6760, sampling [1.0, -0.6465, 1.0362]. Recommendation = [0.0, 0.8013, 0.5414], Current Cost = 5041.00, Rho = 1.000
(iter 10) [0.0, 0.6420, 0.0060] = 439.6760, sampling [1.0, 0.4632, 0.7984]. Recommendation = [0.0, 0.8013, 0.5414], Current Cost = 5042.00, Rho = 1.000
(iter 10) [0.0, 0.6420, 0.0060] = 439.6760, sampling [1.0, 1.0532, 0.4432]. Recommendation = [0.0, 0.8013, 0.5414], Current Cost = 5043.00, Rho = 1.000
(iter 10) [0.0, 0.6420, 0.0060] = 439.6760, sampling [1.0, 0.3339, 0.3386]. Recommendation = [0.0, 0.8013, 0.5414], Current Cost = 5044.00, Rho = 1.000
(iter 10) [0.0, 0.6420, 0.0060] = 439.6760, sampling [1.0, -0.6346, 0.0961]. Recommendation = [0.0, 0.8013, 0.5414], Current Cost = 5045.00, Rho = 1.000
(iter 10) [0.0, 0.6420, 0.0060] = 439.6760, sampling [1.0, -0.9220, 0.5206]. Recommendation = [0.0, 0.8013, 0.5414], Current Cost = 5046.00, Rho = 1.000
(iter 10) [0.0, 0.6420, 0.0060] = 439.6760, sampling [1.0, -0.7490, 0.6276]. Recommendation = [0.0, 0.8013, 0.5414], Current Cost = 5047.00, Rho = 1.000
(iter 10) [0.0, 0.6420, 0.0060] = 439.6760, sampling [1.0, 0.7066, 0.6208]. Recommendation = [0.0, 0.8013, 0.5414], Current Cost = 5048.00, Rho = 1.000
(iter 10) [0.0, 0.6420, 0.0060] = 439.6760, sampling [1.0, 0.6965, 0.3927]. Recommendation = [0.0, 0.8013, 0.5414], Current Cost = 5049.00, Rho = 1.000
(iter 10) [0.0, 0.6420, 0.0060] = 439.6760, sampling [1.0, -0.0668, 0.1934]. Recommendation = [0.0, 0.8013, 0.5414], Current Cost = 5050.00, Rho = 1.000
(iter 10) [0.0, 0.6420, 0.0060] = 439.6760, sampling [1.0, -0.0077, -0.3708]. Recommendation = [0.0, 0.8013, 0.5414], Current Cost = 5051.00, Rho = 1.000
(iter 10) [0.0, 0.6420, 0.0060] = 439.6760, sampling [1.0, -0.8531, 0.7536]. Recommendation = [0.0, 0.8013, 0.5414], Current Cost = 5052.00, Rho = 1.000
(iter 10) [0.0, 0.6420, 0.0060] = 439.6760, sampling [1.0, 0.9852, 0.7711]. Recommendation = [0.0, 0.8013, 0.5414], Current Cost = 5053.00, Rho = 1.000
(iter 10) [0.0, 0.6420, 0.0060] = 439.6760, sampling [1.0, 0.2255, 1.0733]. Recommendation = [0.0, 0.8886, 0.7302], Current Cost = 5054.00, Rho = 1.000
(iter 10) [0.0, 0.6420, 0.0060] = 439.6760, sampling [1.0, -0.2762, 0.5482]. Recommendation = [0.0, 0.8886, 0.7302], Current Cost = 5055.00, Rho = 1.000
(iter 10) [0.0, 0.6420, 0.0060] = 439.6760, sampling [1.0, -0.5856, 0.3269]. Recommendation = [0.0, 0.8886, 0.7302], Current Cost = 5056.00, Rho = 1.000
(iter 10) [0.0, 0.6420, 0.0060] = 439.6760, sampling [1.0, -1.3125, 1.5245]. Recommendation = [0.0, 0.8886, 0.7302], Current Cost = 5057.00, Rho = 1.000
(iter 10) [0.0, 0.6420, 0.0060] = 439.6760, sampling [1.0, 0.8470, 0.1901]. Recommendation = [0.0, 0.8886, 0.7302], Current Cost = 5058.00, Rho = 1.000
(iter 10) [0.0, 0.6420, 0.0060] = 439.6760, sampling [1.0, -1.1169, 1.6342]. Recommendation = [0.0, 0.8886, 0.7302], Current Cost = 5059.00, Rho = 1.000
(iter 10) [0.0, 0.6420, 0.0060] = 439.6760, sampling [1.0, -0.9823, 1.4711]. Recommendation = [0.0, 0.8886, 0.7302], Current Cost = 5060.00, Rho = 1.000
(iter 10) [0.0, 0.6420, 0.0060] = 439.6760, sampling [1.0, -1.1967, 0.5625]. Recommendation = [0.0, 0.8886, 0.7302], Current Cost = 5061.00, Rho = 1.000
(iter 10) [0.0, 0.6420, 0.0060] = 439.6760, sampling [1.0, 0.1679, -0.2702]. Recommendation = [0.0, 0.8886, 0.7302], Current Cost = 5062.00, Rho = 1.000
(iter 10) [0.0, 0.6420, 0.0060] = 439.6760, sampling [1.0, 0.8886, 0.7302]. Recommendation = [0.0, 0.8886, 0.7302], Current Cost = 5063.00, Rho = 1.000
(iter 10) [0.0, 0.6420, 0.0060] = 439.6760, sampling [1.0, 0.8983, 0.9554]. Recommendation = [0.0, 0.8886, 0.7302], Current Cost = 5064.00, Rho = 1.000
(iter 10) [0.0, 0.6420, 0.0060] = 439.6760, sampling [1.0, 0.2398, 0.4861]. Recommendation = [0.0, 0.8886, 0.7302], Current Cost = 5065.00, Rho = 1.000
(iter 10) [0.0, 0.6420, 0.0060] = 439.6760, sampling [1.0, 0.8013, 0.5414]. Recommendation = [0.0, 0.8886, 0.7302], Current Cost = 5066.00, Rho = 1.000
(iter 10) [0.0, 0.6420, 0.0060] = 439.6760, sampling [1.0, 0.6179, -0.1550]. Recommendation = [0.0, 0.8886, 0.7302], Current Cost = 5067.00, Rho = 1.000
(iter 10) [0.0, 0.6420, 0.0060] = 439.6760, sampling [1.0, -1.1736, 0.9362]. Recommendation = [0.0, 0.8886, 0.7302], Current Cost = 5068.00, Rho = 1.000
(iter 10) [0.0, 0.6420, 0.0060] = 439.6760, sampling [1.0, -1.4260, 1.4505]. Recommendation = [0.0, 0.8886, 0.7302], Current Cost = 5069.00, Rho = 1.000
(iter 10) [0.0, 0.6420, 0.0060] = 439.6760, sampling [1.0, -0.3659, 0.3834]. Recommendation = [0.0, 0.8886, 0.7302], Current Cost = 5070.00, Rho = 1.000
(iter 10) [0.0, 0.6420, 0.0060] = 439.6760, sampling [1.0, 0.8694, 0.3119]. Recommendation = [0.0, 0.8886, 0.7302], Current Cost = 5071.00, Rho = 1.000
(iter 10) [0.0, 0.6420, 0.0060] = 439.6760, sampling [1.0, 0.7199, 1.0049]. Recommendation = [0.0, 0.8886, 0.7302], Current Cost = 5072.00, Rho = 1.000
(iter 10) [0.0, 0.6420, 0.0060] = 439.6760, sampling [1.0, -1.0970, 1.4330]. Recommendation = [0.0, 0.8886, 0.7302], Current Cost = 5073.00, Rho = 1.000
(iter 10) [0.0, 0.6420, 0.0060] = 439.6760, sampling [1.0, 0.9812, 0.5570]. Recommendation = [0.0, 0.8886, 0.7302], Current Cost = 5074.00, Rho = 1.000
(iter 10) [0.0, 0.6420, 0.0060] = 439.6760, sampling [1.0, -0.3301, 1.3102]. Recommendation = [0.0, 0.8886, 0.7302], Current Cost = 5075.00, Rho = 1.000
(iter 10) [0.0, 0.6420, 0.0060] = 439.6760, sampling [1.0, -0.8349, 0.3870]. Recommendation = [0.0, 0.8886, 0.7302], Current Cost = 5076.00, Rho = 1.000
(iter 10) [0.0, 0.6420, 0.0060] = 439.6760, sampling [1.0, 0.3501, 0.5900]. Recommendation = [0.0, 0.8886, 0.7302], Current Cost = 5077.00, Rho = 1.000
(iter 10) [0.0, 0.6420, 0.0060] = 439.6760, sampling [1.0, 0.4959, -0.4319]. Recommendation = [0.0, 0.8886, 0.7302], Current Cost = 5078.00, Rho = 1.000
(iter 10) [0.0, 0.6420, 0.0060] = 439.6760, sampling [1.0, -0.5022, -0.1398]. Recommendation = [0.0, 0.8886, 0.7302], Current Cost = 5079.00, Rho = 1.000
(iter 10) [0.0, 0.6420, 0.0060] = 439.6760, sampling [1.0, 0.0971, -0.4345]. Recommendation = [0.0, 0.8886, 0.7302], Current Cost = 5080.00, Rho = 1.000
(iter 10) [0.0, 0.6420, 0.0060] = 439.6760, sampling [1.0, 1.0768, 1.1285]. Recommendation = [0.0, 0.8886, 0.7302], Current Cost = 5081.00, Rho = 1.000
(iter 10) [0.0, 0.6420, 0.0060] = 439.6760, sampling [1.0, 0.9602, 1.2816]. Recommendation = [0.0, 1.0768, 1.1285], Current Cost = 5082.00, Rho = 1.000
(iter 10) [0.0, 0.6420, 0.0060] = 439.6760, sampling [1.0, 0.7593, 1.3286]. Recommendation = [0.0, 1.0768, 1.1285], Current Cost = 5083.00, Rho = 1.000
(iter 10) [0.0, 0.6420, 0.0060] = 439.6760, sampling [1.0, 0.6037, 1.1697]. Recommendation = [0.0, 1.0768, 1.1285], Current Cost = 5084.00, Rho = 1.000
(iter 10) [0.0, 0.6420, 0.0060] = 439.6760, sampling [1.0, -0.8591, 0.2385]. Recommendation = [0.0, 1.0768, 1.1285], Current Cost = 5085.00, Rho = 1.000
(iter 10) [0.0, 0.6420, 0.0060] = 439.6760, sampling [1.0, 1.2295, 0.9251]. Recommendation = [0.0, 1.0768, 1.1285], Current Cost = 5086.00, Rho = 1.000
(iter 10) [0.0, 0.6420, 0.0060] = 439.6760, sampling [1.0, 1.0817, 1.2944]. Recommendation = [0.0, 1.0768, 1.1285], Current Cost = 5087.00, Rho = 1.000
(iter 10) [0.0, 0.6420, 0.0060] = 439.6760, sampling [1.0, 1.0144, 1.2504]. Recommendation = [0.0, 1.0768, 1.1285], Current Cost = 5088.00, Rho = 1.000
(iter 10) [0.0, 0.6420, 0.0060] = 439.6760, sampling [1.0, 0.7996, -0.1989]. Recommendation = [0.0, 1.0768, 1.1285], Current Cost = 5089.00, Rho = 1.000
(iter 10) [0.0, 0.6420, 0.0060] = 439.6760, sampling [1.0, 0.3417, -0.0234]. Recommendation = [0.0, 1.0768, 1.1285], Current Cost = 5090.00, Rho = 1.000
(iter 10) [0.0, 0.6420, 0.0060] = 439.6760, sampling [1.0, -0.4663, 0.3663]. Recommendation = [0.0, 1.0768, 1.1285], Current Cost = 5091.00, Rho = 1.000
(iter 10) [0.0, 0.6420, 0.0060] = 439.6760, sampling [1.0, -0.6700, -0.1152]. Recommendation = [0.0, 1.0768, 1.1285], Current Cost = 5092.00, Rho = 1.000
(iter 10) [0.0, 0.6420, 0.0060] = 439.6760, sampling [1.0, -0.1431, 0.5171]. Recommendation = [0.0, 1.0768, 1.1285], Current Cost = 5093.00, Rho = 1.000
(iter 10) [0.0, 0.6420, 0.0060] = 439.6760, sampling [1.0, -1.4900, 1.2227]. Recommendation = [0.0, 1.0768, 1.1285], Current Cost = 5094.00, Rho = 1.000
(iter 10) [0.0, 0.6420, 0.0060] = 439.6760, sampling [1.0, -1.2134, 1.7549]. Recommendation = [0.0, 1.0768, 1.1285], Current Cost = 5095.00, Rho = 1.000
(iter 10) [0.0, 0.6420, 0.0060] = 439.6760, sampling [1.0, -1.3566, 1.6228]. Recommendation = [0.0, 1.0768, 1.1285], Current Cost = 5096.00, Rho = 1.000
(iter 10) [0.0, 0.6420, 0.0060] = 439.6760, sampling [1.0, -0.8788, 1.7916]. Recommendation = [0.0, 1.0768, 1.1285], Current Cost = 5097.00, Rho = 1.000
(iter 10) [0.0, 0.6420, 0.0060] = 439.6760, sampling [1.0, -0.4464, -0.2954]. Recommendation = [0.0, 1.0768, 1.1285], Current Cost = 5098.00, Rho = 1.000
(iter 10) [0.0, 0.6420, 0.0060] = 439.6760, sampling [1.0, -0.8188, 0.7204]. Recommendation = [0.0, 1.0768, 1.1285], Current Cost = 5099.00, Rho = 1.000
(iter 10) [0.0, 0.6420, 0.0060] = 439.6760, sampling [1.0, 1.1184, 1.4306]. Recommendation = [0.0, 1.0768, 1.1285], Current Cost = 5100.00, Rho = 1.000
(iter 10) [0.0, 0.6420, 0.0060] = 439.6760, sampling [1.0, 1.3848, 1.0481]. Recommendation = [0.0, 1.0768, 1.1285], Current Cost = 5101.00, Rho = 1.000
(iter 10) [0.0, 0.6420, 0.0060] = 439.6760, sampling [1.0, 1.3268, 0.6129]. Recommendation = [0.0, 1.0768, 1.1285], Current Cost = 5102.00, Rho = 1.000
(iter 10) [0.0, 0.6420, 0.0060] = 439.6760, sampling [1.0, 0.7724, 0.8867]. Recommendation = [0.0, 1.0768, 1.1285], Current Cost = 5103.00, Rho = 1.000
(iter 10) [0.0, 0.6420, 0.0060] = 439.6760, sampling [1.0, 0.4026, 0.5110]. Recommendation = [0.0, 1.0768, 1.1285], Current Cost = 5104.00, Rho = 1.000
(iter 10) [0.0, 0.6420, 0.0060] = 439.6760, sampling [1.0, 1.1524, 1.5467]. Recommendation = [0.0, 1.0768, 1.1285], Current Cost = 5105.00, Rho = 1.000
(iter 10) [0.0, 0.6420, 0.0060] = 439.6760, sampling [1.0, 0.7608, 1.7958]. Recommendation = [0.0, 1.0768, 1.1285], Current Cost = 5106.00, Rho = 1.000
(iter 10) [0.0, 0.6420, 0.0060] = 439.6760, sampling [1.0, 1.2914, 1.6708]. Recommendation = [0.0, 1.0768, 1.1285], Current Cost = 5107.00, Rho = 1.000
(iter 10) [0.0, 0.6420, 0.0060] = 439.6760, sampling [1.0, 1.2030, 1.6257]. Recommendation = [0.0, 1.0768, 1.1285], Current Cost = 5108.00, Rho = 1.000
(iter 10) [0.0, 0.6420, 0.0060] = 439.6760, sampling [1.0, 1.5084, 1.5930]. Recommendation = [0.0, 1.0768, 1.1285], Current Cost = 5109.00, Rho = 1.000
(iter 10) [0.0, 0.6420, 0.0060] = 439.6760, sampling [1.0, 1.2552, 1.7464]. Recommendation = [0.0, 1.0768, 1.1285], Current Cost = 5110.00, Rho = 1.000
(iter 10) [0.0, 0.6420, 0.0060] = 439.6760, sampling [1.0, 1.4027, 1.7032]. Recommendation = [0.0, 1.0768, 1.1285], Current Cost = 5111.00, Rho = 1.000
(iter 10) [0.0, 0.6420, 0.0060] = 439.6760, sampling [1.0, 1.3311, 1.8322]. Recommendation = [0.0, 1.0768, 1.1285], Current Cost = 5112.00, Rho = 1.000
(iter 10) [0.0, 0.6420, 0.0060] = 439.6760, sampling [1.0, 1.1434, 1.8838]. Recommendation = [0.0, 1.0768, 1.1285], Current Cost = 5113.00, Rho = 1.000
(iter 10) [0.0, 0.6420, 0.0060] = 439.6760, sampling [1.0, 1.3981, 1.8673]. Recommendation = [0.0, 1.0768, 1.1285], Current Cost = 5114.00, Rho = 1.000
(iter 10) [0.0, 0.6420, 0.0060] = 439.6760, sampling [1.0, 1.3132, 1.9972]. Recommendation = [0.0, 1.0768, 1.1285], Current Cost = 5115.00, Rho = 1.000
(iter 10) [0.0, 0.6420, 0.0060] = 439.6760, sampling [1.0, 1.2582, 1.9656]. Recommendation = [0.0, 1.0768, 1.1285], Current Cost = 5116.00, Rho = 1.000
(iter 10) [0.0, 0.6420, 0.0060] = 439.6760, sampling [1.0, -1.3471, 1.8792]. Recommendation = [0.0, 1.0768, 1.1285], Current Cost = 5117.00, Rho = 1.000
(iter 10) [0.0, 0.6420, 0.0060] = 439.6760, sampling [1.0, -1.5039, 1.8957]. Recommendation = [0.0, 1.0768, 1.1285], Current Cost = 5118.00, Rho = 1.000
(iter 10) [0.0, 0.6420, 0.0060] = 439.6760, sampling [1.0, -0.0958, -0.5486]. Recommendation = [0.0, 1.0768, 1.1285], Current Cost = 5119.00, Rho = 1.000
(iter 10) [0.0, 0.6420, 0.0060] = 439.6760, sampling [1.0, -1.2173, 1.8158]. Recommendation = [0.0, 1.0768, 1.1285], Current Cost = 5120.00, Rho = 1.000
(iter 10) [0.0, 0.6420, 0.0060] = 439.6760, sampling [1.0, -1.3905, 1.9293]. Recommendation = [0.0, 1.0768, 1.1285], Current Cost = 5121.00, Rho = 1.000
(iter 10) [0.0, 0.6420, 0.0060] = 439.6760, sampling [1.0, -0.6192, 0.9184]. Recommendation = [0.0, 1.0768, 1.1285], Current Cost = 5122.00, Rho = 1.000
(iter 10) [0.0, 0.6420, 0.0060] = 439.6760, sampling [1.0, 1.1335, 0.0788]. Recommendation = [0.0, 1.0768, 1.1285], Current Cost = 5123.00, Rho = 1.000
(iter 10) [0.0, 0.6420, 0.0060] = 439.6760, sampling [1.0, 0.2974, 0.8362]. Recommendation = [0.0, 1.0768, 1.1285], Current Cost = 5124.00, Rho = 1.000
(iter 10) [0.0, 0.6420, 0.0060] = 439.6760, sampling [1.0, -1.1448, 0.1474]. Recommendation = [0.0, 1.0768, 1.1285], Current Cost = 5125.00, Rho = 1.000
(iter 10) [0.0, 0.6420, 0.0060] = 439.6760, sampling [1.0, -0.9059, 0.9680]. Recommendation = [0.0, 1.0768, 1.1285], Current Cost = 5126.00, Rho = 1.000
(iter 10) [0.0, 0.6420, 0.0060] = 439.6760, sampling [1.0, -0.7198, 0.6062]. Recommendation = [0.0, 1.0768, 1.1285], Current Cost = 5127.00, Rho = 1.000
(iter 10) [0.0, 0.6420, 0.0060] = 439.6760, sampling [1.0, 0.3884, -0.6054]. Recommendation = [0.0, 1.0768, 1.1285], Current Cost = 5128.00, Rho = 1.000
(iter 10) [0.0, 0.6420, 0.0060] = 439.6760, sampling [1.0, 0.0136, -0.5690]. Recommendation = [0.0, 1.0768, 1.1285], Current Cost = 5129.00, Rho = 1.000
(iter 10) [0.0, 0.6420, 0.0060] = 439.6760, sampling [1.0, 1.0294, 1.8189]. Recommendation = [0.0, 1.0768, 1.1285], Current Cost = 5130.00, Rho = 1.000
(iter 10) [0.0, 0.6420, 0.0060] = 439.6760, sampling [1.0, 1.5959, 1.2007]. Recommendation = [0.0, 1.0768, 1.1285], Current Cost = 5131.00, Rho = 1.000
(iter 10) [0.0, 0.6420, 0.0060] = 439.6760, sampling [1.0, -0.3119, -0.5167]. Recommendation = [0.0, 1.0768, 1.1285], Current Cost = 5132.00, Rho = 1.000
(iter 10) [0.0, 0.6420, 0.0060] = 439.6760, sampling [1.0, -1.6222, 1.8255]. Recommendation = [0.0, 1.0768, 1.1285], Current Cost = 5133.00, Rho = 1.000
(iter 10) [0.0, 0.6420, 0.0060] = 439.6760, sampling [1.0, 0.6822, -0.0756]. Recommendation = [0.0, 1.0768, 1.1285], Current Cost = 5134.00, Rho = 1.000
(iter 10) [0.0, 0.6420, 0.0060] = 439.6760, sampling [1.0, 0.2174, 1.6099]. Recommendation = [0.0, 1.0768, 1.1285], Current Cost = 5135.00, Rho = 1.000
(iter 10) [0.0, 0.6420, 0.0060] = 439.6760, sampling [1.0, -0.3386, 0.2193]. Recommendation = [0.0, 1.0768, 1.1285], Current Cost = 5136.00, Rho = 1.000
(iter 10) [0.0, 0.6420, 0.0060] = 439.6760, sampling [1.0, -0.8313, -0.1110]. Recommendation = [0.0, 1.0768, 1.1285], Current Cost = 5137.00, Rho = 1.000
(iter 10) [0.0, 0.6420, 0.0060] = 439.6760, sampling [1.0, 1.0899, 1.3180]. Recommendation = [0.0, 1.0768, 1.1285], Current Cost = 5138.00, Rho = 1.000
(iter 10) [0.0, 0.6420, 0.0060] = 439.6760, sampling [1.0, -0.3761, -0.3156]. Recommendation = [0.0, 1.0768, 1.1285], Current Cost = 5139.00, Rho = 1.000
(iter 10) [0.0, 0.6420, 0.0060] = 439.6760, sampling [1.0, 1.2106, 1.9199]. Recommendation = [0.0, 1.0768, 1.1285], Current Cost = 5140.00, Rho = 1.000
(iter 10) [0.0, 0.6420, 0.0060] = 439.6760, sampling [1.0, 0.8329, 1.3835]. Recommendation = [0.0, 1.0768, 1.1285], Current Cost = 5141.00, Rho = 1.000
(iter 10) [0.0, 0.6420, 0.0060] = 439.6760, sampling [1.0, -0.4911, 1.1142]. Recommendation = [0.0, 1.0768, 1.1285], Current Cost = 5142.00, Rho = 1.000
(iter 10) [0.0, 0.6420, 0.0060] = 439.6760, sampling [1.0, 0.1105, -0.7362]. Recommendation = [0.0, 1.0768, 1.1285], Current Cost = 5143.00, Rho = 1.000
(iter 10) [0.0, 0.6420, 0.0060] = 439.6760, sampling [1.0, -0.7211, -0.3775]. Recommendation = [0.0, 1.0768, 1.1285], Current Cost = 5144.00, Rho = 1.000
(iter 10) [0.0, 0.6420, 0.0060] = 439.6760, sampling [1.0, 0.4649, 1.0654]. Recommendation = [0.0, 1.0768, 1.1285], Current Cost = 5145.00, Rho = 1.000
(iter 10) [0.0, 0.6420, 0.0060] = 439.6760, sampling [1.0, 1.5789, 1.6771]. Recommendation = [0.0, 1.0768, 1.1285], Current Cost = 5146.00, Rho = 1.000
(iter 10) [0.0, 0.6420, 0.0060] = 439.6760, sampling [1.0, -0.8106, 0.2479]. Recommendation = [0.0, 1.0768, 1.1285], Current Cost = 5147.00, Rho = 1.000
(iter 10) [0.0, 0.6420, 0.0060] = 439.6760, sampling [1.0, 0.7861, -0.4173]. Recommendation = [0.0, 1.0768, 1.1285], Current Cost = 5148.00, Rho = 1.000
(iter 10) [0.0, 0.6420, 0.0060] = 439.6760, sampling [1.0, -0.2440, -0.6482]. Recommendation = [0.0, 1.0768, 1.1285], Current Cost = 5149.00, Rho = 1.000
(iter 10) [0.0, 0.6420, 0.0060] = 439.6760, sampling [1.0, 0.6520, 0.9763]. Recommendation = [0.0, 1.0768, 1.1285], Current Cost = 5150.00, Rho = 1.000
(iter 10) [0.0, 0.6420, 0.0060] = 439.6760, sampling [1.0, 0.2608, -0.7144]. Recommendation = [0.0, 1.0768, 1.1285], Current Cost = 5151.00, Rho = 1.000
(iter 10) [0.0, 0.6420, 0.0060] = 439.6760, sampling [1.0, -0.4590, 0.1694]. Recommendation = [0.0, 1.0768, 1.1285], Current Cost = 5152.00, Rho = 1.000
(iter 10) [0.0, 0.6420, 0.0060] = 439.6760, sampling [1.0, 0.9050, 0.2570]. Recommendation = [0.0, 1.0768, 1.1285], Current Cost = 5153.00, Rho = 1.000
(iter 10) [0.0, 0.6420, 0.0060] = 439.6760, sampling [1.0, -0.5067, -0.5960]. Recommendation = [0.0, 1.0768, 1.1285], Current Cost = 5154.00, Rho = 1.000
(iter 10) [0.0, 0.6420, 0.0060] = 439.6760, sampling [1.0, -1.4743, 0.7062]. Recommendation = [0.0, 1.0768, 1.1285], Current Cost = 5155.00, Rho = 1.000
(iter 10) [0.0, 0.6420, 0.0060] = 439.6760, sampling [1.0, -0.1036, 1.0216]. Recommendation = [0.0, 1.0768, 1.1285], Current Cost = 5156.00, Rho = 1.000
(iter 10) [0.0, 0.6420, 0.0060] = 439.6760, sampling [1.0, -1.6315, 1.9802]. Recommendation = [0.0, 1.0768, 1.1285], Current Cost = 5157.00, Rho = 1.000
(iter 10) [0.0, 0.6420, 0.0060] = 439.6760, sampling [1.0, -0.0535, -0.8191]. Recommendation = [0.0, 1.0768, 1.1285], Current Cost = 5158.00, Rho = 1.000
(iter 10) [0.0, 0.6420, 0.0060] = 439.6760, sampling [1.0, -0.5532, 1.6875]. Recommendation = [0.0, 1.0768, 1.1285], Current Cost = 5159.00, Rho = 1.000
(iter 10) [0.0, 0.6420, 0.0060] = 439.6760, sampling [1.0, 0.5579, -0.3984]. Recommendation = [0.0, 1.0768, 1.1285], Current Cost = 5160.00, Rho = 1.000
(iter 10) [0.0, 0.6420, 0.0060] = 439.6760, sampling [1.0, -0.7426, -0.2102]. Recommendation = [0.0, 1.0768, 1.1285], Current Cost = 5161.00, Rho = 1.000
(iter 10) [0.0, 0.6420, 0.0060] = 439.6760, sampling [1.0, -1.7508, 1.5316]. Recommendation = [0.0, 1.0768, 1.1285], Current Cost = 5162.00, Rho = 1.000
(iter 10) [0.0, 0.6420, 0.0060] = 439.6760, sampling [1.0, -0.1341, 0.8459]. Recommendation = [0.0, 1.0768, 1.1285], Current Cost = 5163.00, Rho = 1.000
(iter 10) [0.0, 0.6420, 0.0060] = 439.6760, sampling [1.0, 0.3838, 0.8702]. Recommendation = [0.0, 1.0768, 1.1285], Current Cost = 5164.00, Rho = 1.000
(iter 10) [0.0, 0.6420, 0.0060] = 439.6760, sampling [1.0, 0.4164, -0.9060]. Recommendation = [0.0, 1.0768, 1.1285], Current Cost = 5165.00, Rho = 1.000
(iter 10) [0.0, 0.6420, 0.0060] = 439.6760, sampling [1.0, 0.4823, -0.6285]. Recommendation = [0.0, 1.0768, 1.1285], Current Cost = 5166.00, Rho = 1.000
(iter 10) [0.0, 0.6420, 0.0060] = 439.6760, sampling [1.0, -0.3700, -0.6871]. Recommendation = [0.0, 1.0768, 1.1285], Current Cost = 5167.00, Rho = 1.000
(iter 10) [0.0, 0.6420, 0.0060] = 439.6760, sampling [1.0, 1.1442, 0.4137]. Recommendation = [0.0, 1.0768, 1.1285], Current Cost = 5168.00, Rho = 1.000
(iter 10) [0.0, 0.6420, 0.0060] = 439.6760, sampling [1.0, 0.8294, -0.7028]. Recommendation = [0.0, 1.0768, 1.1285], Current Cost = 5169.00, Rho = 1.000
(iter 10) [0.0, 0.6420, 0.0060] = 439.6760, sampling [1.0, 0.1803, -0.9308]. Recommendation = [0.0, 1.0768, 1.1285], Current Cost = 5170.00, Rho = 1.000
(iter 10) [0.0, 0.6420, 0.0060] = 439.6760, sampling [1.0, 0.4412, 1.3414]. Recommendation = [0.0, 1.0768, 1.1285], Current Cost = 5171.00, Rho = 1.000
(iter 10) [0.0, 0.6420, 0.0060] = 439.6760, sampling [1.0, 1.3747, 0.8090]. Recommendation = [0.0, 1.0768, 1.1285], Current Cost = 5172.00, Rho = 1.000
(iter 10) [0.0, 0.6420, 0.0060] = 439.6760, sampling [1.0, -0.1950, -0.8601]. Recommendation = [0.0, 1.0768, 1.1285], Current Cost = 5173.00, Rho = 1.000
(iter 10) [0.0, 0.6420, 0.0060] = 439.6760, sampling [1.0, 0.9256, 1.9226]. Recommendation = [0.0, 1.0768, 1.1285], Current Cost = 5174.00, Rho = 1.000
(iter 10) [0.0, 0.6420, 0.0060] = 439.6760, sampling [1.0, 0.6889, 0.9731]. Recommendation = [0.0, 1.0768, 1.1285], Current Cost = 5175.00, Rho = 1.000
(iter 10) [0.0, 0.6420, 0.0060] = 439.6760, sampling [1.0, 1.6479, 1.5077]. Recommendation = [0.0, 1.0768, 1.1285], Current Cost = 5176.00, Rho = 1.000
(iter 10) [0.0, 0.6420, 0.0060] = 439.6760, sampling [1.0, 0.9946, -0.2529]. Recommendation = [0.0, 1.0768, 1.1285], Current Cost = 5177.00, Rho = 1.000
(iter 10) [0.0, 0.6420, 0.0060] = 439.6760, sampling [1.0, -0.9849, -0.1686]. Recommendation = [0.0, 1.0768, 1.1285], Current Cost = 5178.00, Rho = 1.000
(iter 10) [0.0, 0.6420, 0.0060] = 439.6760, sampling [1.0, 0.3712, -0.7445]. Recommendation = [0.0, 1.0768, 1.1285], Current Cost = 5179.00, Rho = 1.000
(iter 10) [0.0, 0.6420, 0.0060] = 439.6760, sampling [1.0, 0.0804, 1.0271]. Recommendation = [0.0, 1.0768, 1.1285], Current Cost = 5180.00, Rho = 1.000
(iter 10) [0.0, 0.6420, 0.0060] = 439.6760, sampling [1.0, -0.2493, 0.9503]. Recommendation = [0.0, 1.0768, 1.1285], Current Cost = 5181.00, Rho = 1.000
(iter 10) [0.0, 0.6420, 0.0060] = 439.6760, sampling [1.0, 1.1078, 0.2279]. Recommendation = [0.0, 1.0768, 1.1285], Current Cost = 5182.00, Rho = 1.000
(iter 10) [0.0, 0.6420, 0.0060] = 439.6760, sampling [1.0, -1.4570, 1.4831]. Recommendation = [0.0, 1.0768, 1.1285], Current Cost = 5183.00, Rho = 1.000
(iter 10) [0.0, 0.6420, 0.0060] = 439.6760, sampling [1.0, 0.1233, -0.8134]. Recommendation = [0.0, 1.0768, 1.1285], Current Cost = 5184.00, Rho = 1.000
(iter 10) [0.0, 0.6420, 0.0060] = 439.6760, sampling [1.0, -0.0350, -1.0370]. Recommendation = [0.0, 1.0768, 1.1285], Current Cost = 5185.00, Rho = 1.000
(iter 10) [0.0, 0.6420, 0.0060] = 439.6760, sampling [1.0, -0.3469, -0.8067]. Recommendation = [0.0, 1.0768, 1.1285], Current Cost = 5186.00, Rho = 1.000
(iter 10) [0.0, 0.6420, 0.0060] = 439.6760, sampling [1.0, 0.0258, -0.8671]. Recommendation = [0.0, 1.0768, 1.1285], Current Cost = 5187.00, Rho = 1.000
(iter 10) [0.0, 0.6420, 0.0060] = 439.6760, sampling [1.0, -0.7091, 1.5582]. Recommendation = [0.0, 1.0768, 1.1285], Current Cost = 5188.00, Rho = 1.000
(iter 10) [0.0, 0.6420, 0.0060] = 439.6760, sampling [1.0, -0.6297, -0.6717]. Recommendation = [0.0, 1.0768, 1.1285], Current Cost = 5189.00, Rho = 1.000
(iter 10) [0.0, 0.6420, 0.0060] = 439.6760, sampling [1.0, 1.5419, 0.2503]. Recommendation = [0.0, 1.0768, 1.1285], Current Cost = 5190.00, Rho = 1.000
(iter 10) [0.0, 0.6420, 0.0060] = 439.6760, sampling [1.0, -0.4305, -0.6189]. Recommendation = [0.0, 1.0768, 1.1285], Current Cost = 5191.00, Rho = 1.000
(iter 10) [0.0, 0.6420, 0.0060] = 439.6760, sampling [1.0, -0.2962, 1.9915]. Recommendation = [0.0, 1.0768, 1.1285], Current Cost = 5192.00, Rho = 1.000
(iter 10) [0.0, 0.6420, 0.0060] = 439.6760, sampling [1.0, -0.5511, 1.1214]. Recommendation = [0.0, 1.0768, 1.1285], Current Cost = 5193.00, Rho = 1.000
(iter 10) [0.0, 0.6420, 0.0060] = 439.6760, sampling [1.0, -0.2364, -0.6149]. Recommendation = [0.0, 1.0768, 1.1285], Current Cost = 5194.00, Rho = 1.000
(iter 10) [0.0, 0.6420, 0.0060] = 439.6760, sampling [1.0, -0.0733, 1.1866]. Recommendation = [0.0, 1.0768, 1.1285], Current Cost = 5195.00, Rho = 1.000
(iter 10) [0.0, 0.6420, 0.0060] = 439.6760, sampling [1.0, -0.8471, -0.3221]. Recommendation = [0.0, 1.0768, 1.1285], Current Cost = 5196.00, Rho = 1.000
(iter 10) [0.0, 0.6420, 0.0060] = 439.6760, sampling [1.0, 0.2934, -0.7954]. Recommendation = [0.0, 1.0768, 1.1285], Current Cost = 5197.00, Rho = 1.000
(iter 10) [0.0, 0.6420, 0.0060] = 439.6760, sampling [1.0, 0.5202, 1.5706]. Recommendation = [0.0, 1.0768, 1.1285], Current Cost = 5198.00, Rho = 1.000
(iter 10) [0.0, 0.6420, 0.0060] = 439.6760, sampling [1.0, -1.5304, 1.4455]. Recommendation = [0.0, 1.0768, 1.1285], Current Cost = 5199.00, Rho = 1.000
(iter 10) [0.0, 0.6420, 0.0060] = 439.6760, sampling [1.0, -0.7581, -0.4832]. Recommendation = [0.0, 1.0768, 1.1285], Current Cost = 5200.00, Rho = 1.000
(iter 10) [0.0, 0.6420, 0.0060] = 439.6760, sampling [1.0, 0.1953, -1.2306]. Recommendation = [0.0, 1.0768, 1.1285], Current Cost = 5201.00, Rho = 1.000
(iter 10) [0.0, 0.6420, 0.0060] = 439.6760, sampling [1.0, 0.5777, -1.1779]. Recommendation = [0.0, 1.0768, 1.1285], Current Cost = 5202.00, Rho = 1.000
(iter 10) [0.0, 0.6420, 0.0060] = 439.6760, sampling [1.0, -1.3659, 0.2658]. Recommendation = [0.0, 1.0768, 1.1285], Current Cost = 5203.00, Rho = 1.000
(iter 10) [0.0, 0.6420, 0.0060] = 439.6760, sampling [1.0, 0.2431, 1.2760]. Recommendation = [0.0, 1.0768, 1.1285], Current Cost = 5204.00, Rho = 1.000
(iter 10) [0.0, 0.6420, 0.0060] = 439.6760, sampling [1.0, -0.5126, 1.4742]. Recommendation = [0.0, 1.0768, 1.1285], Current Cost = 5205.00, Rho = 1.000
(iter 10) [0.0, 0.6420, 0.0060] = 439.6760, sampling [1.0, 1.9146, 1.5635]. Recommendation = [0.0, 1.0768, 1.1285], Current Cost = 5206.00, Rho = 1.000
(iter 10) [0.0, 0.6420, 0.0060] = 439.6760, sampling [1.0, 0.1417, -1.0594]. Recommendation = [0.0, 1.0768, 1.1285], Current Cost = 5207.00, Rho = 1.000
(iter 10) [0.0, 0.6420, 0.0060] = 439.6760, sampling [1.0, -0.3273, -0.9210]. Recommendation = [0.0, 1.0768, 1.1285], Current Cost = 5208.00, Rho = 1.000
(iter 10) [0.0, 0.6420, 0.0060] = 439.6760, sampling [1.0, 0.3132, 1.0884]. Recommendation = [0.0, 1.0768, 1.1285], Current Cost = 5209.00, Rho = 1.000
(iter 10) [0.0, 0.6420, 0.0060] = 439.6760, sampling [1.0, -1.6673, 1.9489]. Recommendation = [0.0, 1.0768, 1.1285], Current Cost = 5210.00, Rho = 1.000
(iter 10) [0.0, 0.6420, 0.0060] = 439.6760, sampling [1.0, -1.0436, -0.0617]. Recommendation = [0.0, 1.0768, 1.1285], Current Cost = 5211.00, Rho = 1.000
(iter 10) [0.0, 0.6420, 0.0060] = 439.6760, sampling [1.0, -0.7656, -0.3038]. Recommendation = [0.0, 1.0768, 1.1285], Current Cost = 5212.00, Rho = 1.000
(iter 10) [0.0, 0.6420, 0.0060] = 439.6760, sampling [1.0, -1.7910, 1.0993]. Recommendation = [0.0, 1.0768, 1.1285], Current Cost = 5213.00, Rho = 1.000
(iter 10) [0.0, 0.6420, 0.0060] = 439.6760, sampling [1.0, 0.8240, -0.3415]. Recommendation = [0.0, 1.0768, 1.1285], Current Cost = 5214.00, Rho = 1.000
(iter 10) [0.0, 0.6420, 0.0060] = 439.6760, sampling [1.0, 0.7838, 1.9744]. Recommendation = [0.0, 1.0768, 1.1285], Current Cost = 5215.00, Rho = 1.000
(iter 10) [0.0, 0.6420, 0.0060] = 439.6760, sampling [1.0, -1.0607, -0.4560]. Recommendation = [0.0, 1.0768, 1.1285], Current Cost = 5216.00, Rho = 1.000
(iter 10) [0.0, 0.6420, 0.0060] = 439.6760, sampling [1.0, -0.0848, -1.1721]. Recommendation = [0.0, 1.0768, 1.1285], Current Cost = 5217.00, Rho = 1.000
(iter 10) [0.0, 0.6420, 0.0060] = 439.6760, sampling [1.0, -0.1558, 1.4601]. Recommendation = [0.0, 1.0768, 1.1285], Current Cost = 5218.00, Rho = 1.000
(iter 10) [0.0, 0.6420, 0.0060] = 439.6760, sampling [1.0, 1.1746, -0.5639]. Recommendation = [0.0, 1.0768, 1.1285], Current Cost = 5219.00, Rho = 1.000
(iter 10) [0.0, 0.6420, 0.0060] = 439.6760, sampling [1.0, -0.6812, -0.9425]. Recommendation = [0.0, 1.0768, 1.1285], Current Cost = 5220.00, Rho = 1.000
(iter 10) [0.0, 0.6420, 0.0060] = 439.6760, sampling [1.0, 0.1341, 1.1643]. Recommendation = [0.0, 1.0768, 1.1285], Current Cost = 5221.00, Rho = 1.000
(iter 10) [0.0, 0.6420, 0.0060] = 439.6760, sampling [1.0, -0.5810, -0.7252]. Recommendation = [0.0, 1.0768, 1.1285], Current Cost = 5222.00, Rho = 1.000
(iter 10) [0.0, 0.6420, 0.0060] = 439.6760, sampling [1.0, 1.5130, 1.1115]. Recommendation = [0.0, 1.0768, 1.1285], Current Cost = 5223.00, Rho = 1.000
(iter 10) [0.0, 0.6420, 0.0060] = 439.6760, sampling [1.0, 0.5110, -0.9568]. Recommendation = [0.0, 1.0768, 1.1285], Current Cost = 5224.00, Rho = 1.000
(iter 10) [0.0, 0.6420, 0.0060] = 439.6760, sampling [1.0, -0.0093, 1.0590]. Recommendation = [0.0, 1.0768, 1.1285], Current Cost = 5225.00, Rho = 1.000
(iter 10) [0.0, 0.6420, 0.0060] = 439.6760, sampling [1.0, -0.6934, 1.7295]. Recommendation = [0.0, 1.0768, 1.1285], Current Cost = 5226.00, Rho = 1.000
(iter 10) [0.0, 0.6420, 0.0060] = 439.6760, sampling [1.0, -0.2082, 0.9333]. Recommendation = [0.0, 1.0768, 1.1285], Current Cost = 5227.00, Rho = 1.000
(iter 10) [0.0, 0.6420, 0.0060] = 439.6760, sampling [1.0, 0.0065, -0.8956]. Recommendation = [0.0, 1.0768, 1.1285], Current Cost = 5228.00, Rho = 1.000
(iter 10) [0.0, 0.6420, 0.0060] = 439.6760, sampling [1.0, 0.0794, -1.4692]. Recommendation = [0.0, 1.0768, 1.1285], Current Cost = 5229.00, Rho = 1.000
(iter 10) [0.0, 0.6420, 0.0060] = 439.6760, sampling [1.0, -0.2641, -1.3466]. Recommendation = [0.0, 1.0768, 1.1285], Current Cost = 5230.00, Rho = 1.000
(iter 10) [0.0, 0.6420, 0.0060] = 439.6760, sampling [1.0, 0.5410, -1.6239]. Recommendation = [0.0, 1.0768, 1.1285], Current Cost = 5231.00, Rho = 1.000
(iter 10) [0.0, 0.6420, 0.0060] = 439.6760, sampling [1.0, -0.8011, -0.7630]. Recommendation = [0.0, 1.0768, 1.1285], Current Cost = 5232.00, Rho = 1.000
(iter 10) [0.0, 0.6420, 0.0060] = 439.6760, sampling [1.0, -1.8491, 1.7061]. Recommendation = [0.0, 1.0768, 1.1285], Current Cost = 5233.00, Rho = 1.000
(iter 10) [0.0, 0.6420, 0.0060] = 439.6760, sampling [1.0, -1.2570, -0.1223]. Recommendation = [0.0, 1.0768, 1.1285], Current Cost = 5234.00, Rho = 1.000
(iter 10) [0.0, 0.6420, 0.0060] = 439.6760, sampling [1.0, 0.0698, 1.4024]. Recommendation = [0.0, 1.0768, 1.1285], Current Cost = 5235.00, Rho = 1.000
(iter 10) [0.0, 0.6420, 0.0060] = 439.6760, sampling [1.0, -0.4064, 1.3260]. Recommendation = [0.0, 1.0768, 1.1285], Current Cost = 5236.00, Rho = 1.000
(iter 10) [0.0, 0.6420, 0.0060] = 439.6760, sampling [1.0, 0.6582, 1.7645]. Recommendation = [0.0, 1.0768, 1.1285], Current Cost = 5237.00, Rho = 1.000
(iter 10) [0.0, 0.6420, 0.0060] = 439.6760, sampling [1.0, -0.6033, 1.9545]. Recommendation = [0.0, 1.0768, 1.1285], Current Cost = 5238.00, Rho = 1.000
(iter 10) [0.0, 0.6420, 0.0060] = 439.6760, sampling [1.0, 1.5288, 0.6946]. Recommendation = [0.0, 1.0768, 1.1285], Current Cost = 5239.00, Rho = 1.000
(iter 10) [0.0, 0.6420, 0.0060] = 439.6760, sampling [1.0, 0.1864, 1.8982]. Recommendation = [0.0, 1.0768, 1.1285], Current Cost = 5240.00, Rho = 1.000
(iter 10) [0.0, 0.6420, 0.0060] = 439.6760, sampling [1.0, 0.9486, -1.0020]. Recommendation = [0.0, 1.0768, 1.1285], Current Cost = 5241.00, Rho = 1.000
(iter 10) [0.0, 0.6420, 0.0060] = 439.6760, sampling [1.0, -0.1219, -1.3012]. Recommendation = [0.0, 1.0768, 1.1285], Current Cost = 5242.00, Rho = 1.000
(iter 10) [0.0, 0.6420, 0.0060] = 439.6760, sampling [1.0, 0.2875, 1.4199]. Recommendation = [0.0, 1.0768, 1.1285], Current Cost = 5243.00, Rho = 1.000
(iter 10) [0.0, 0.6420, 0.0060] = 439.6760, sampling [1.0, 0.0621, 1.1521]. Recommendation = [0.0, 1.0768, 1.1285], Current Cost = 5244.00, Rho = 1.000
(iter 10) [0.0, 0.6420, 0.0060] = 439.6760, sampling [1.0, -1.4114, 0.5995]. Recommendation = [0.0, 1.0768, 1.1285], Current Cost = 5245.00, Rho = 1.000
(iter 10) [0.0, 0.6420, 0.0060] = 439.6760, sampling [1.0, -0.5701, -1.2641]. Recommendation = [0.0, 1.0768, 1.1285], Current Cost = 5246.00, Rho = 1.000
(iter 10) [0.0, 0.6420, 0.0060] = 439.6760, sampling [1.0, 0.4249, 1.4955]. Recommendation = [0.0, 1.0768, 1.1285], Current Cost = 5247.00, Rho = 1.000
(iter 10) [0.0, 0.6420, 0.0060] = 439.6760, sampling [1.0, 0.4481, -1.3297]. Recommendation = [0.0, 1.0768, 1.1285], Current Cost = 5248.00, Rho = 1.000
(iter 10) [0.0, 0.6420, 0.0060] = 439.6760, sampling [1.0, -0.2914, 1.2701]. Recommendation = [0.0, 1.0768, 1.1285], Current Cost = 5249.00, Rho = 1.000
(iter 10) [0.0, 0.6420, 0.0060] = 439.6760, sampling [1.0, -0.9306, -0.4404]. Recommendation = [0.0, 1.0768, 1.1285], Current Cost = 5250.00, Rho = 1.000
(iter 10) [0.0, 0.6420, 0.0060] = 439.6760, sampling [1.0, -1.9548, 0.0293]. Recommendation = [0.0, 1.0768, 1.1285], Current Cost = 5251.00, Rho = 1.000
(iter 10) [0.0, 0.6420, 0.0060] = 439.6760, sampling [1.0, -1.0342, -0.2758]. Recommendation = [0.0, 1.0768, 1.1285], Current Cost = 5252.00, Rho = 1.000
(iter 10) [0.0, 0.6420, 0.0060] = 439.6760, sampling [1.0, 1.4233, -1.8150]. Recommendation = [0.0, 1.0768, 1.1285], Current Cost = 5253.00, Rho = 1.000
(iter 10) [0.0, 0.6420, 0.0060] = 439.6760, sampling [1.0, 0.8795, 1.9075]. Recommendation = [0.0, 1.0768, 1.1285], Current Cost = 5254.00, Rho = 1.000
(iter 10) [0.0, 0.6420, 0.0060] = 439.6760, sampling [1.0, -0.5352, 1.5765]. Recommendation = [0.0, 1.0768, 1.1285], Current Cost = 5255.00, Rho = 1.000
(iter 10) [0.0, 0.6420, 0.0060] = 439.6760, sampling [1.0, -0.1847, 1.6070]. Recommendation = [0.0, 1.0768, 1.1285], Current Cost = 5256.00, Rho = 1.000
(iter 10) [0.0, 0.6420, 0.0060] = 439.6760, sampling [1.0, 1.3065, -0.0322]. Recommendation = [0.0, 1.0768, 1.1285], Current Cost = 5257.00, Rho = 1.000
(iter 10) [0.0, 0.6420, 0.0060] = 439.6760, sampling [1.0, -0.6623, -0.7085]. Recommendation = [0.0, 1.0768, 1.1285], Current Cost = 5258.00, Rho = 1.000
(iter 10) [0.0, 0.6420, 0.0060] = 439.6760, sampling [1.0, 1.6249, 1.0850]. Recommendation = [0.0, 1.0768, 1.1285], Current Cost = 5259.00, Rho = 1.000
(iter 10) [0.0, 0.6420, 0.0060] = 439.6760, sampling [1.0, 0.1732, 1.2143]. Recommendation = [0.0, 1.0768, 1.1285], Current Cost = 5260.00, Rho = 1.000
(iter 10) [0.0, 0.6420, 0.0060] = 439.6760, sampling [1.0, 0.4995, -1.0176]. Recommendation = [0.0, 1.0768, 1.1285], Current Cost = 5261.00, Rho = 1.000
(iter 10) [0.0, 0.6420, 0.0060] = 439.6760, sampling [1.0, 0.4790, 1.6613]. Recommendation = [0.0, 1.0768, 1.1285], Current Cost = 5262.00, Rho = 1.000
(iter 10) [0.0, 0.6420, 0.0060] = 439.6760, sampling [1.0, 0.0235, -1.7665]. Recommendation = [0.0, 1.0768, 1.1285], Current Cost = 5263.00, Rho = 1.000
(iter 10) [0.0, 0.6420, 0.0060] = 439.6760, sampling [1.0, 1.3840, 0.4050]. Recommendation = [0.0, 1.0768, 1.1285], Current Cost = 5264.00, Rho = 1.000
(iter 10) [0.0, 0.6420, 0.0060] = 439.6760, sampling [1.0, -0.0471, 1.1415]. Recommendation = [0.0, 1.0768, 1.1285], Current Cost = 5265.00, Rho = 1.000
(iter 10) [0.0, 0.6420, 0.0060] = 439.6760, sampling [1.0, 1.7281, 1.3573]. Recommendation = [0.0, 1.0768, 1.1285], Current Cost = 5266.00, Rho = 1.000
(iter 10) [0.0, 0.6420, 0.0060] = 439.6760, sampling [1.0, 0.3998, 1.3946]. Recommendation = [0.0, 1.0768, 1.1285], Current Cost = 5267.00, Rho = 1.000
(iter 10) [0.0, 0.6420, 0.0060] = 439.6760, sampling [1.0, 1.1790, -0.2811]. Recommendation = [0.0, 1.0768, 1.1285], Current Cost = 5268.00, Rho = 1.000
(iter 10) [0.0, 0.6420, 0.0060] = 439.6760, sampling [1.0, -0.2867, -1.7072]. Recommendation = [0.0, 1.0768, 1.1285], Current Cost = 5269.00, Rho = 1.000
(iter 10) [0.0, 0.6420, 0.0060] = 439.6760, sampling [1.0, -0.0303, -1.5590]. Recommendation = [0.0, 1.0768, 1.1285], Current Cost = 5270.00, Rho = 1.000
(iter 10) [0.0, 0.6420, 0.0060] = 439.6760, sampling [1.0, -1.2053, 0.0165]. Recommendation = [0.0, 1.0768, 1.1285], Current Cost = 5271.00, Rho = 1.000
(iter 10) [0.0, 0.6420, 0.0060] = 439.6760, sampling [1.0, 1.9481, 0.7194]. Recommendation = [0.0, 1.0768, 1.1285], Current Cost = 5272.00, Rho = 1.000
(iter 10) [0.0, 0.6420, 0.0060] = 439.6760, sampling [1.0, -0.9608, -0.8969]. Recommendation = [0.0, 1.0768, 1.1285], Current Cost = 5273.00, Rho = 1.000
(iter 10) [0.0, 0.6420, 0.0060] = 439.6760, sampling [1.0, 0.5127, 1.5151]. Recommendation = [0.0, 1.0768, 1.1285], Current Cost = 5274.00, Rho = 1.000
(iter 10) [0.0, 0.6420, 0.0060] = 439.6760, sampling [1.0, -0.4353, -1.4619]. Recommendation = [0.0, 1.0768, 1.1285], Current Cost = 5275.00, Rho = 1.000
(iter 10) [0.0, 0.6420, 0.0060] = 439.6760, sampling [1.0, 1.4425, 0.7485]. Recommendation = [0.0, 1.0768, 1.1285], Current Cost = 5276.00, Rho = 1.000
(iter 10) [0.0, 0.6420, 0.0060] = 439.6760, sampling [1.0, 0.0349, 1.6490]. Recommendation = [0.0, 1.0768, 1.1285], Current Cost = 5277.00, Rho = 1.000
(iter 10) [0.0, 0.6420, 0.0060] = 439.6760, sampling [1.0, 0.7255, 1.8497]. Recommendation = [0.0, 1.0768, 1.1285], Current Cost = 5278.00, Rho = 1.000
(iter 10) [0.0, 0.6420, 0.0060] = 439.6760, sampling [1.0, -1.1307, -0.0920]. Recommendation = [0.0, 1.0768, 1.1285], Current Cost = 5279.00, Rho = 1.000
(iter 10) [0.0, 0.6420, 0.0060] = 439.6760, sampling [1.0, -0.0216, 1.1835]. Recommendation = [0.0, 1.0768, 1.1285], Current Cost = 5280.00, Rho = 1.000
(iter 10) [0.0, 0.6420, 0.0060] = 439.6760, sampling [1.0, 1.4330, 0.5787]. Recommendation = [0.0, 1.0768, 1.1285], Current Cost = 5281.00, Rho = 1.000
(iter 10) [0.0, 0.6420, 0.0060] = 439.6760, sampling [1.0, 0.2152, -1.7030]. Recommendation = [0.0, 1.0768, 1.1285], Current Cost = 5282.00, Rho = 1.000
(iter 10) [0.0, 0.6420, 0.0060] = 439.6760, sampling [1.0, -0.7765, -1.0756]. Recommendation = [0.0, 1.0768, 1.1285], Current Cost = 5283.00, Rho = 1.000
(iter 10) [0.0, 0.6420, 0.0060] = 439.6760, sampling [1.0, -0.4749, 1.8435]. Recommendation = [0.0, 1.0768, 1.1285], Current Cost = 5284.00, Rho = 1.000
(iter 10) [0.0, 0.6420, 0.0060] = 439.6760, sampling [1.0, -1.7649, 1.3510]. Recommendation = [0.0, 1.0768, 1.1285], Current Cost = 5285.00, Rho = 1.000
(iter 10) [0.0, 0.6420, 0.0060] = 439.6760, sampling [1.0, -1.2379, 0.1124]. Recommendation = [0.0, 1.0768, 1.1285], Current Cost = 5286.00, Rho = 1.000
(iter 10) [0.0, 0.6420, 0.0060] = 439.6760, sampling [1.0, -1.4369, 0.4669]. Recommendation = [0.0, 1.0768, 1.1285], Current Cost = 5287.00, Rho = 1.000
(iter 10) [0.0, 0.6420, 0.0060] = 439.6760, sampling [1.0, -0.7879, -0.8806]. Recommendation = [0.0, 1.0768, 1.1285], Current Cost = 5288.00, Rho = 1.000
(iter 10) [0.0, 0.6420, 0.0060] = 439.6760, sampling [1.0, 1.0348, -0.6465]. Recommendation = [0.0, 1.0768, 1.1285], Current Cost = 5289.00, Rho = 1.000
(iter 10) [0.0, 0.6420, 0.0060] = 439.6760, sampling [1.0, 0.2791, 1.7206]. Recommendation = [0.0, 1.0768, 1.1285], Current Cost = 5290.00, Rho = 1.000
(iter 10) [0.0, 0.6420, 0.0060] = 439.6760, sampling [1.0, -0.1720, 1.7397]. Recommendation = [0.0, 1.0768, 1.1285], Current Cost = 5291.00, Rho = 1.000
(iter 10) [0.0, 0.6420, 0.0060] = 439.6760, sampling [1.0, 0.1498, -1.9809]. Recommendation = [0.0, 1.0768, 1.1285], Current Cost = 5292.00, Rho = 1.000
(iter 10) [0.0, 0.6420, 0.0060] = 439.6760, sampling [1.0, -0.1515, -1.2766]. Recommendation = [0.0, 1.0768, 1.1285], Current Cost = 5293.00, Rho = 1.000
(iter 10) [0.0, 0.6420, 0.0060] = 439.6760, sampling [1.0, 1.7371, 1.4989]. Recommendation = [0.0, 1.0768, 1.1285], Current Cost = 5294.00, Rho = 1.000
(iter 10) [0.0, 0.6420, 0.0060] = 439.6760, sampling [1.0, 0.4136, 1.6442]. Recommendation = [0.0, 1.0768, 1.1285], Current Cost = 5295.00, Rho = 1.000
(iter 10) [0.0, 0.6420, 0.0060] = 439.6760, sampling [1.0, 1.3666, 0.3333]. Recommendation = [0.0, 1.0768, 1.1285], Current Cost = 5296.00, Rho = 1.000
(iter 10) [0.0, 0.6420, 0.0060] = 439.6760, sampling [1.0, -0.6967, -1.1918]. Recommendation = [0.0, 1.0768, 1.1285], Current Cost = 5297.00, Rho = 1.000
(iter 10) [0.0, 0.6420, 0.0060] = 439.6760, sampling [1.0, -1.2500, -0.5845]. Recommendation = [0.0, 1.0768, 1.1285], Current Cost = 5298.00, Rho = 1.000
(iter 10) [0.0, 0.6420, 0.0060] = 439.6760, sampling [1.0, 1.5217, -0.3112]. Recommendation = [0.0, 1.0768, 1.1285], Current Cost = 5299.00, Rho = 1.000
(iter 10) [0.0, 0.6420, 0.0060] = 439.6760, sampling [1.0, -0.1152, 1.9398]. Recommendation = [0.0, 1.0768, 1.1285], Current Cost = 5300.00, Rho = 1.000
(iter 10) [0.0, 0.6420, 0.0060] = 439.6760, sampling [1.0, -1.7007, 0.8623]. Recommendation = [0.0, 1.0768, 1.1285], Current Cost = 5301.00, Rho = 1.000
(iter 10) [0.0, 0.6420, 0.0060] = 439.6760, sampling [1.0, -0.6790, -1.3923]. Recommendation = [0.0, 1.0768, 1.1285], Current Cost = 5302.00, Rho = 1.000
(iter 10) [0.0, 0.6420, 0.0060] = 439.6760, sampling [1.0, -0.4183, -1.8749]. Recommendation = [0.0, 1.0768, 1.1285], Current Cost = 5303.00, Rho = 1.000
(iter 10) [0.0, 0.6420, 0.0060] = 439.6760, sampling [1.0, 1.7027, 1.2310]. Recommendation = [0.0, 1.0768, 1.1285], Current Cost = 5304.00, Rho = 1.000
(iter 10) [0.0, 0.6420, 0.0060] = 439.6760, sampling [1.0, 1.0588, -0.5370]. Recommendation = [0.0, 1.0768, 1.1285], Current Cost = 5305.00, Rho = 1.000
(iter 10) [0.0, 0.6420, 0.0060] = 439.6760, sampling [1.0, 0.3563, -1.6697]. Recommendation = [0.0, 1.0768, 1.1285], Current Cost = 5306.00, Rho = 1.000
(iter 10) [0.0, 0.6420, 0.0060] = 439.6760, sampling [1.0, 0.5315, -1.2071]. Recommendation = [0.0, 1.0768, 1.1285], Current Cost = 5307.00, Rho = 1.000
(iter 10) [0.0, 0.6420, 0.0060] = 439.6760, sampling [1.0, -1.2309, -0.3538]. Recommendation = [0.0, 1.0768, 1.1285], Current Cost = 5308.00, Rho = 1.000
(iter 10) [0.0, 0.6420, 0.0060] = 439.6760, sampling [1.0, 0.8806, -1.2598]. Recommendation = [0.0, 1.0768, 1.1285], Current Cost = 5309.00, Rho = 1.000
(iter 10) [0.0, 0.6420, 0.0060] = 439.6760, sampling [1.0, -1.0224, -1.1659]. Recommendation = [0.0, 1.0768, 1.1285], Current Cost = 5310.00, Rho = 1.000
(iter 10) [0.0, 0.6420, 0.0060] = 439.6760, sampling [1.0, 0.0539, 1.7724]. Recommendation = [0.0, 1.0768, 1.1285], Current Cost = 5311.00, Rho = 1.000
(iter 10) [0.0, 0.6420, 0.0060] = 439.6760, sampling [1.0, 0.4392, -1.9915]. Recommendation = [0.0, 1.0768, 1.1285], Current Cost = 5312.00, Rho = 1.000
(iter 10) [0.0, 0.6420, 0.0060] = 439.6760, sampling [1.0, -0.6112, -1.6379]. Recommendation = [0.0, 1.0768, 1.1285], Current Cost = 5313.00, Rho = 1.000
(iter 10) [0.0, 0.6420, 0.0060] = 439.6760, sampling [1.0, -1.5630, 0.6451]. Recommendation = [0.0, 1.0768, 1.1285], Current Cost = 5314.00, Rho = 1.000
(iter 10) [0.0, 0.6420, 0.0060] = 439.6760, sampling [1.0, -1.9774, -1.9989]. Recommendation = [0.0, 1.0768, 1.1285], Current Cost = 5315.00, Rho = 1.000
(iter 10) [0.0, 0.6420, 0.0060] = 439.6760, sampling [1.0, 0.7467, -1.4935]. Recommendation = [0.0, 1.0768, 1.1285], Current Cost = 5316.00, Rho = 1.000
(iter 10) [0.0, 0.6420, 0.0060] = 439.6760, sampling [1.0, 0.2706, 1.8032]. Recommendation = [0.0, 1.0768, 1.1285], Current Cost = 5317.00, Rho = 1.000
(iter 10) [0.0, 0.6420, 0.0060] = 439.6760, sampling [1.0, 1.9047, 1.2622]. Recommendation = [0.0, 1.0768, 1.1285], Current Cost = 5318.00, Rho = 1.000
(iter 10) [0.0, 0.6420, 0.0060] = 439.6760, sampling [1.0, 0.3225, -1.8161]. Recommendation = [0.0, 1.0768, 1.1285], Current Cost = 5319.00, Rho = 1.000
(iter 10) [0.0, 0.6420, 0.0060] = 439.6760, sampling [1.0, 1.2828, -0.7771]. Recommendation = [0.0, 1.0768, 1.1285], Current Cost = 5320.00, Rho = 1.000
(iter 10) [0.0, 0.6420, 0.0060] = 439.6760, sampling [1.0, -0.2196, -1.7441]. Recommendation = [0.0, 1.0768, 1.1285], Current Cost = 5321.00, Rho = 1.000
(iter 10) [0.0, 0.6420, 0.0060] = 439.6760, sampling [1.0, -1.0908, -0.8288]. Recommendation = [0.0, 1.0768, 1.1285], Current Cost = 5322.00, Rho = 1.000
(iter 10) [0.0, 0.6420, 0.0060] = 439.6760, sampling [1.0, -0.4116, -1.7199]. Recommendation = [0.0, 1.0768, 1.1285], Current Cost = 5323.00, Rho = 1.000
(iter 10) [0.0, 0.6420, 0.0060] = 439.6760, sampling [1.0, 0.6733, 1.7806]. Recommendation = [0.0, 1.0768, 1.1285], Current Cost = 5324.00, Rho = 1.000
(iter 10) [0.0, 0.6420, 0.0060] = 439.6760, sampling [1.0, 1.4940, 0.0678]. Recommendation = [0.0, 1.0768, 1.1285], Current Cost = 5325.00, Rho = 1.000
(iter 10) [0.0, 0.6420, 0.0060] = 439.6760, sampling [1.0, -0.8646, -1.1352]. Recommendation = [0.0, 1.0768, 1.1285], Current Cost = 5326.00, Rho = 1.000
(iter 10) [0.0, 0.6420, 0.0060] = 439.6760, sampling [1.0, 0.1534, -1.7436]. Recommendation = [0.0, 1.0768, 1.1285], Current Cost = 5327.00, Rho = 1.000
(iter 10) [0.0, 0.6420, 0.0060] = 439.6760, sampling [1.0, 1.3438, -0.1449]. Recommendation = [0.0, 1.0768, 1.1285], Current Cost = 5328.00, Rho = 1.000
(iter 10) [0.0, 0.6420, 0.0060] = 439.6760, sampling [1.0, 0.6116, -1.7919]. Recommendation = [0.0, 1.0768, 1.1285], Current Cost = 5329.00, Rho = 1.000
(iter 10) [0.0, 0.6420, 0.0060] = 439.6760, sampling [1.0, -1.4466, -0.0263]. Recommendation = [0.0, 1.0768, 1.1285], Current Cost = 5330.00, Rho = 1.000
(iter 10) [0.0, 0.6420, 0.0060] = 439.6760, sampling [1.0, -1.9012, 1.6892]. Recommendation = [0.0, 1.0768, 1.1285], Current Cost = 5331.00, Rho = 1.000
(iter 10) [0.0, 0.6420, 0.0060] = 439.6760, sampling [1.0, -0.4819, -1.4523]. Recommendation = [0.0, 1.0768, 1.1285], Current Cost = 5332.00, Rho = 1.000
(iter 10) [0.0, 0.6420, 0.0060] = 439.6760, sampling [1.0, -1.3104, -0.2389]. Recommendation = [0.0, 1.0768, 1.1285], Current Cost = 5333.00, Rho = 1.000
(iter 10) [0.0, 0.6420, 0.0060] = 439.6760, sampling [1.0, 1.9770, -0.6611]. Recommendation = [0.0, 1.0768, 1.1285], Current Cost = 5334.00, Rho = 1.000
(iter 10) [0.0, 0.6420, 0.0060] = 439.6760, sampling [1.0, -1.2810, -0.0666]. Recommendation = [0.0, 1.0768, 1.1285], Current Cost = 5335.00, Rho = 1.000
(iter 10) [0.0, 0.6420, 0.0060] = 439.6760, sampling [1.0, -1.6536, 0.4982]. Recommendation = [0.0, 1.0768, 1.1285], Current Cost = 5336.00, Rho = 1.000
(iter 10) [0.0, 0.6420, 0.0060] = 439.6760, sampling [1.0, 0.0886, 1.8590]. Recommendation = [0.0, 1.0768, 1.1285], Current Cost = 5337.00, Rho = 1.000
(iter 10) [0.0, 0.6420, 0.0060] = 439.6760, sampling [1.0, -1.9288, 0.9089]. Recommendation = [0.0, 1.0768, 1.1285], Current Cost = 5338.00, Rho = 1.000
(iter 10) [0.0, 0.6420, 0.0060] = 439.6760, sampling [1.0, -0.5601, -1.9300]. Recommendation = [0.0, 1.0768, 1.1285], Current Cost = 5339.00, Rho = 1.000
(iter 10) [0.0, 0.6420, 0.0060] = 439.6760, sampling [1.0, 0.9714, -0.9443]. Recommendation = [0.0, 1.0768, 1.1285], Current Cost = 5340.00, Rho = 1.000
(iter 10) [0.0, 0.6420, 0.0060] = 439.6760, sampling [1.0, -0.9701, -1.0477]. Recommendation = [0.0, 1.0768, 1.1285], Current Cost = 5341.00, Rho = 1.000
(iter 10) [0.0, 0.6420, 0.0060] = 439.6760, sampling [1.0, -0.7343, -1.4448]. Recommendation = [0.0, 1.0768, 1.1285], Current Cost = 5342.00, Rho = 1.000
(iter 10) [0.0, 0.6420, 0.0060] = 439.6760, sampling [1.0, 1.0028, -1.1099]. Recommendation = [0.0, 1.0768, 1.1285], Current Cost = 5343.00, Rho = 1.000
(iter 10) [0.0, 0.6420, 0.0060] = 439.6760, sampling [1.0, 1.2676, -0.4936]. Recommendation = [0.0, 1.0768, 1.1285], Current Cost = 5344.00, Rho = 1.000
(iter 10) [0.0, 0.6420, 0.0060] = 439.6760, sampling [1.0, -1.8429, 1.1985]. Recommendation = [0.0, 1.0768, 1.1285], Current Cost = 5345.00, Rho = 1.000
(iter 10) [0.0, 0.6420, 0.0060] = 439.6760, sampling [1.0, -1.3686, -0.4158]. Recommendation = [0.0, 1.0768, 1.1285], Current Cost = 5346.00, Rho = 1.000
(iter 10) [0.0, 0.6420, 0.0060] = 439.6760, sampling [1.0, 0.9416, -1.4349]. Recommendation = [0.0, 1.0768, 1.1285], Current Cost = 5347.00, Rho = 1.000
(iter 10) [0.0, 0.6420, 0.0060] = 439.6760, sampling [1.0, 1.5652, 0.6850]. Recommendation = [0.0, 1.0768, 1.1285], Current Cost = 5348.00, Rho = 1.000
(iter 10) [0.0, 0.6420, 0.0060] = 439.6760, sampling [1.0, 1.7980, 1.3009]. Recommendation = [0.0, 1.0768, 1.1285], Current Cost = 5349.00, Rho = 1.000
(iter 10) [0.0, 0.6420, 0.0060] = 439.6760, sampling [1.0, 1.1027, -0.5826]. Recommendation = [0.0, 1.0768, 1.1285], Current Cost = 5350.00, Rho = 1.000
(iter 10) [0.0, 0.6420, 0.0060] = 439.6760, sampling [1.0, 1.9948, 1.3877]. Recommendation = [0.0, 1.0768, 1.1285], Current Cost = 5351.00, Rho = 1.000
(iter 10) [0.0, 0.6420, 0.0060] = 439.6760, sampling [1.0, -0.9398, -1.6105]. Recommendation = [0.0, 1.0768, 1.1285], Current Cost = 5352.00, Rho = 1.000
(iter 10) [0.0, 0.6420, 0.0060] = 439.6760, sampling [1.0, -1.3831, -0.1330]. Recommendation = [0.0, 1.0768, 1.1285], Current Cost = 5353.00, Rho = 1.000
(iter 10) [0.0, 0.6420, 0.0060] = 439.6760, sampling [1.0, -0.8900, -1.1977]. Recommendation = [0.0, 1.0768, 1.1285], Current Cost = 5354.00, Rho = 1.000
(iter 10) [0.0, 0.6420, 0.0060] = 439.6760, sampling [1.0, -1.6367, 0.2953]. Recommendation = [0.0, 1.0768, 1.1285], Current Cost = 5355.00, Rho = 1.000
(iter 10) [0.0, 0.6420, 0.0060] = 439.6760, sampling [1.0, 0.5474, -1.9218]. Recommendation = [0.0, 1.0768, 1.1285], Current Cost = 5356.00, Rho = 1.000
(iter 10) [0.0, 0.6420, 0.0060] = 439.6760, sampling [1.0, 1.2213, -1.0241]. Recommendation = [0.0, 1.0768, 1.1285], Current Cost = 5357.00, Rho = 1.000
(iter 10) [0.0, 0.6420, 0.0060] = 439.6760, sampling [1.0, -1.2727, -1.0519]. Recommendation = [0.0, 1.0768, 1.1285], Current Cost = 5358.00, Rho = 1.000
(iter 10) [0.0, 0.6420, 0.0060] = 439.6760, sampling [1.0, -1.7562, 0.7400]. Recommendation = [0.0, 1.0768, 1.1285], Current Cost = 5359.00, Rho = 1.000
(iter 10) [0.0, 0.6420, 0.0060] = 439.6760, sampling [1.0, 0.5623, -1.5872]. Recommendation = [0.0, 1.0768, 1.1285], Current Cost = 5360.00, Rho = 1.000
(iter 10) [0.0, 0.6420, 0.0060] = 439.6760, sampling [1.0, 1.7224, 0.1269]. Recommendation = [0.0, 1.0768, 1.1285], Current Cost = 5361.00, Rho = 1.000
(iter 10) [0.0, 0.6420, 0.0060] = 439.6760, sampling [1.0, -1.2477, -0.5076]. Recommendation = [0.0, 1.0768, 1.1285], Current Cost = 5362.00, Rho = 1.000
(iter 10) [0.0, 0.6420, 0.0060] = 439.6760, sampling [1.0, 0.8569, -1.5398]. Recommendation = [0.0, 1.0768, 1.1285], Current Cost = 5363.00, Rho = 1.000
(iter 10) [0.0, 0.6420, 0.0060] = 439.6760, sampling [1.0, -1.4688, -0.6360]. Recommendation = [0.0, 1.0768, 1.1285], Current Cost = 5364.00, Rho = 1.000
(iter 10) [0.0, 0.6420, 0.0060] = 439.6760, sampling [1.0, -1.0687, -1.4193]. Recommendation = [0.0, 1.0768, 1.1285], Current Cost = 5365.00, Rho = 1.000
(iter 10) [0.0, 0.6420, 0.0060] = 439.6760, sampling [1.0, -1.1679, -0.8518]. Recommendation = [0.0, 1.0768, 1.1285], Current Cost = 5366.00, Rho = 1.000
(iter 10) [0.0, 0.6420, 0.0060] = 439.6760, sampling [1.0, 0.5982, -1.7214]. Recommendation = [0.0, 1.0768, 1.1285], Current Cost = 5367.00, Rho = 1.000
(iter 10) [0.0, 0.6420, 0.0060] = 439.6760, sampling [1.0, -1.5838, 0.0814]. Recommendation = [0.0, 1.0768, 1.1285], Current Cost = 5368.00, Rho = 1.000
(iter 10) [0.0, 0.6420, 0.0060] = 439.6760, sampling [1.0, 1.1955, -1.2521]. Recommendation = [0.0, 1.0768, 1.1285], Current Cost = 5369.00, Rho = 1.000
(iter 10) [0.0, 0.6420, 0.0060] = 439.6760, sampling [1.0, -0.1789, 1.7187]. Recommendation = [0.0, 1.0768, 1.1285], Current Cost = 5370.00, Rho = 1.000
(iter 10) [0.0, 0.6420, 0.0060] = 439.6760, sampling [1.0, -1.2990, -0.1019]. Recommendation = [0.0, 1.0768, 1.1285], Current Cost = 5371.00, Rho = 1.000
(iter 10) [0.0, 0.6420, 0.0060] = 439.6760, sampling [1.0, -1.0514, -0.8431]. Recommendation = [0.0, 1.0768, 1.1285], Current Cost = 5372.00, Rho = 1.000
(iter 10) [0.0, 0.6420, 0.0060] = 439.6760, sampling [1.0, -0.9132, -1.8536]. Recommendation = [0.0, 1.0768, 1.1285], Current Cost = 5373.00, Rho = 1.000
(iter 10) [0.0, 0.6420, 0.0060] = 439.6760, sampling [1.0, -1.5500, -0.3641]. Recommendation = [0.0, 1.0768, 1.1285], Current Cost = 5374.00, Rho = 1.000
(iter 10) [0.0, 0.6420, 0.0060] = 439.6760, sampling [1.0, 1.8176, 0.7818]. Recommendation = [0.0, 1.0768, 1.1285], Current Cost = 5375.00, Rho = 1.000
(iter 10) [0.0, 0.6420, 0.0060] = 439.6760, sampling [1.0, 1.4303, -0.5202]. Recommendation = [0.0, 1.0768, 1.1285], Current Cost = 5376.00, Rho = 1.000
(iter 10) [0.0, 0.6420, 0.0060] = 439.6760, sampling [1.0, -0.3940, -1.8418]. Recommendation = [0.0, 1.0768, 1.1285], Current Cost = 5377.00, Rho = 1.000
(iter 10) [0.0, 0.6420, 0.0060] = 439.6760, sampling [1.0, -1.8840, 0.6348]. Recommendation = [0.0, 1.0768, 1.1285], Current Cost = 5378.00, Rho = 1.000
(iter 10) [0.0, 0.6420, 0.0060] = 439.6760, sampling [1.0, 0.6708, -1.7922]. Recommendation = [0.0, 1.0768, 1.1285], Current Cost = 5379.00, Rho = 1.000
(iter 10) [0.0, 0.6420, 0.0060] = 439.6760, sampling [1.0, 1.7129, 1.2468]. Recommendation = [0.0, 1.0768, 1.1285], Current Cost = 5380.00, Rho = 1.000
(iter 10) [0.0, 0.6420, 0.0060] = 439.6760, sampling [1.0, 1.0698, -1.5734]. Recommendation = [0.0, 1.0768, 1.1285], Current Cost = 5381.00, Rho = 1.000
(iter 10) [0.0, 0.6420, 0.0060] = 439.6760, sampling [1.0, -1.8144, 1.0159]. Recommendation = [0.0, 1.0768, 1.1285], Current Cost = 5382.00, Rho = 1.000
(iter 10) [0.0, 0.6420, 0.0060] = 439.6760, sampling [1.0, -1.4073, -0.1917]. Recommendation = [0.0, 1.0768, 1.1285], Current Cost = 5383.00, Rho = 1.000
(iter 10) [0.0, 0.6420, 0.0060] = 439.6760, sampling [1.0, 0.9183, -1.3721]. Recommendation = [0.0, 1.0768, 1.1285], Current Cost = 5384.00, Rho = 1.000
(iter 10) [0.0, 0.6420, 0.0060] = 439.6760, sampling [1.0, 1.1205, -1.1363]. Recommendation = [0.0, 1.0768, 1.1285], Current Cost = 5385.00, Rho = 1.000
(iter 10) [0.0, 0.6420, 0.0060] = 439.6760, sampling [1.0, -1.0143, -1.0661]. Recommendation = [0.0, 1.0768, 1.1285], Current Cost = 5386.00, Rho = 1.000
(iter 10) [0.0, 0.6420, 0.0060] = 439.6760, sampling [1.0, 1.9599, 0.1114]. Recommendation = [0.0, 1.0768, 1.1285], Current Cost = 5387.00, Rho = 1.000
(iter 10) [0.0, 0.6420, 0.0060] = 439.6760, sampling [1.0, 1.6022, 0.1669]. Recommendation = [0.0, 1.0768, 1.1285], Current Cost = 5388.00, Rho = 1.000
(iter 10) [0.0, 0.6420, 0.0060] = 439.6760, sampling [1.0, -1.5186, -0.8735]. Recommendation = [0.0, 1.0768, 1.1285], Current Cost = 5389.00, Rho = 1.000
(iter 10) [0.0, 0.6420, 0.0060] = 439.6760, sampling [1.0, 1.4756, -0.9755]. Recommendation = [0.0, 1.0768, 1.1285], Current Cost = 5390.00, Rho = 1.000
(iter 10) [0.0, 0.6420, 0.0060] = 439.6760, sampling [1.0, -1.7739, 0.3734]. Recommendation = [0.0, 1.0768, 1.1285], Current Cost = 5391.00, Rho = 1.000
(iter 10) [0.0, 0.6420, 0.0060] = 439.6760, sampling [1.0, -1.3233, -1.2832]. Recommendation = [0.0, 1.0768, 1.1285], Current Cost = 5392.00, Rho = 1.000
(iter 10) [0.0, 0.6420, 0.0060] = 439.6760, sampling [1.0, 1.6224, 0.0369]. Recommendation = [0.0, 1.0768, 1.1285], Current Cost = 5393.00, Rho = 1.000
(iter 10) [0.0, 0.6420, 0.0060] = 439.6760, sampling [0.0, 1.2914, 1.6708]. Recommendation = [0.0, 1.0768, 1.1285], Current Cost = 5394.00, Rho = 1.000
(iter 399) [0.0, 1.2914, 1.6708] = 456.2141, sampling [0.0, 1.0768, 1.1285]. Recommendation = [0.0, 1.0768, 1.1285], Current Cost = 6394.00, Rho = 1.000
(iter 399) [0.0, 1.2914, 1.6708] = 456.2141, sampling [1.0, 1.5865, -0.2181]. Recommendation = [0.0, 1.2914, 1.6708], Current Cost = 7394.00, Rho = 1.000
(iter 399) [0.0, 1.2914, 1.6708] = 456.2141, sampling [1.0, 1.4130, -1.3678]. Recommendation = [0.0, 1.2914, 1.6708], Current Cost = 7395.00, Rho = 1.000
(iter 399) [0.0, 1.2914, 1.6708] = 456.2141, sampling [1.0, -1.0793, -1.5262]. Recommendation = [0.0, 1.2914, 1.6708], Current Cost = 7396.00, Rho = 1.000
(iter 399) [0.0, 1.2914, 1.6708] = 456.2141, sampling [1.0, -1.8178, -0.7698]. Recommendation = [0.0, 1.2914, 1.6708], Current Cost = 7397.00, Rho = 1.000
(iter 399) [0.0, 1.2914, 1.6708] = 456.2141, sampling [1.0, 1.8693, 1.2400]. Recommendation = [0.0, 1.2914, 1.6708], Current Cost = 7398.00, Rho = 1.000
(iter 399) [0.0, 1.2914, 1.6708] = 456.2141, sampling [1.0, -1.1269, -1.3546]. Recommendation = [0.0, 1.2914, 1.6708], Current Cost = 7399.00, Rho = 1.000
(iter 399) [0.0, 1.2914, 1.6708] = 456.2141, sampling [1.0, -1.6746, 0.5346]. Recommendation = [0.0, 1.2914, 1.6708], Current Cost = 7400.00, Rho = 1.000
(iter 399) [0.0, 1.2914, 1.6708] = 456.2141, sampling [1.0, 0.9321, -1.5018]. Recommendation = [0.0, 1.2914, 1.6708], Current Cost = 7401.00, Rho = 1.000
(iter 399) [0.0, 1.2914, 1.6708] = 456.2141, sampling [1.0, -1.8042, 0.7902]. Recommendation = [0.0, 1.2914, 1.6708], Current Cost = 7402.00, Rho = 1.000
(iter 399) [0.0, 1.2914, 1.6708] = 456.2141, sampling [1.0, 1.7904, -1.6737]. Recommendation = [0.0, 1.2914, 1.6708], Current Cost = 7403.00, Rho = 1.000
(iter 399) [0.0, 1.2914, 1.6708] = 456.2141, sampling [1.0, -1.0043, -1.9688]. Recommendation = [0.0, 1.2914, 1.6708], Current Cost = 7404.00, Rho = 1.000
(iter 399) [0.0, 1.2914, 1.6708] = 456.2141, sampling [1.0, -1.6430, 0.1283]. Recommendation = [0.0, 1.2914, 1.6708], Current Cost = 7405.00, Rho = 1.000
(iter 399) [0.0, 1.2914, 1.6708] = 456.2141, sampling [1.0, -1.9633, 0.4208]. Recommendation = [0.0, 1.2914, 1.6708], Current Cost = 7406.00, Rho = 1.000
(iter 399) [0.0, 1.2914, 1.6708] = 456.2141, sampling [1.0, 0.6303, -1.7352]. Recommendation = [0.0, 1.2914, 1.6708], Current Cost = 7407.00, Rho = 1.000
(iter 399) [0.0, 1.2914, 1.6708] = 456.2141, sampling [1.0, -1.7345, 0.4764]. Recommendation = [0.0, 1.2914, 1.6708], Current Cost = 7408.00, Rho = 1.000
(iter 399) [0.0, 1.2914, 1.6708] = 456.2141, sampling [1.0, 1.1867, -1.6867]. Recommendation = [0.0, 1.2914, 1.6708], Current Cost = 7409.00, Rho = 1.000
(iter 399) [0.0, 1.2914, 1.6708] = 456.2141, sampling [1.0, -1.0834, -1.6621]. Recommendation = [0.0, 1.2914, 1.6708], Current Cost = 7410.00, Rho = 1.000
(iter 399) [0.0, 1.2914, 1.6708] = 456.2141, sampling [1.0, 1.9252, 1.5402]. Recommendation = [0.0, 1.2914, 1.6708], Current Cost = 7411.00, Rho = 1.000
(iter 399) [0.0, 1.2914, 1.6708] = 456.2141, sampling [1.0, 1.5748, -0.6923]. Recommendation = [0.0, 1.2914, 1.6708], Current Cost = 7412.00, Rho = 1.000
(iter 399) [0.0, 1.2914, 1.6708] = 456.2141, sampling [1.0, 1.0224, -1.5126]. Recommendation = [0.0, 1.2914, 1.6708], Current Cost = 7413.00, Rho = 1.000
(iter 399) [0.0, 1.2914, 1.6708] = 456.2141, sampling [1.0, -0.9955, -1.5617]. Recommendation = [0.0, 1.2914, 1.6708], Current Cost = 7414.00, Rho = 1.000
(iter 399) [0.0, 1.2914, 1.6708] = 456.2141, sampling [1.0, 1.2741, -0.9973]. Recommendation = [0.0, 1.2914, 1.6708], Current Cost = 7415.00, Rho = 1.000
(iter 399) [0.0, 1.2914, 1.6708] = 456.2141, sampling [1.0, -1.2930, -1.4776]. Recommendation = [0.0, 1.2914, 1.6708], Current Cost = 7416.00, Rho = 1.000
(iter 399) [0.0, 1.2914, 1.6708] = 456.2141, sampling [1.0, -1.5553, -0.4673]. Recommendation = [0.0, 1.2914, 1.6708], Current Cost = 7417.00, Rho = 1.000
(iter 399) [0.0, 1.2914, 1.6708] = 456.2141, sampling [1.0, 1.7800, -0.2303]. Recommendation = [0.0, 1.2914, 1.6708], Current Cost = 7418.00, Rho = 1.000
(iter 399) [0.0, 1.2914, 1.6708] = 456.2141, sampling [1.0, -1.2653, -1.1198]. Recommendation = [0.0, 1.2914, 1.6708], Current Cost = 7419.00, Rho = 1.000
(iter 399) [0.0, 1.2914, 1.6708] = 456.2141, sampling [1.0, -1.6941, 0.2830]. Recommendation = [0.0, 1.2914, 1.6708], Current Cost = 7420.00, Rho = 1.000
(iter 399) [0.0, 1.2914, 1.6708] = 456.2141, sampling [1.0, -1.5383, -1.0808]. Recommendation = [0.0, 1.2914, 1.6708], Current Cost = 7421.00, Rho = 1.000
(iter 399) [0.0, 1.2914, 1.6708] = 456.2141, sampling [1.0, 1.8979, 0.6611]. Recommendation = [0.0, 1.2914, 1.6708], Current Cost = 7422.00, Rho = 1.000
(iter 399) [0.0, 1.2914, 1.6708] = 456.2141, sampling [1.0, -1.7779, 0.0531]. Recommendation = [0.0, 1.2914, 1.6708], Current Cost = 7423.00, Rho = 1.000
(iter 399) [0.0, 1.2914, 1.6708] = 456.2141, sampling [1.0, 1.3023, -0.7538]. Recommendation = [0.0, 1.2914, 1.6708], Current Cost = 7424.00, Rho = 1.000
(iter 399) [0.0, 1.2914, 1.6708] = 456.2141, sampling [1.0, 1.4712, -0.4981]. Recommendation = [0.0, 1.2914, 1.6708], Current Cost = 7425.00, Rho = 1.000
(iter 399) [0.0, 1.2914, 1.6708] = 456.2141, sampling [1.0, 1.6807, -0.3484]. Recommendation = [0.0, 1.2914, 1.6708], Current Cost = 7426.00, Rho = 1.000
(iter 399) [0.0, 1.2914, 1.6708] = 456.2141, sampling [1.0, -1.9684, -0.1600]. Recommendation = [0.0, 1.2914, 1.6708], Current Cost = 7427.00, Rho = 1.000
(iter 399) [0.0, 1.2914, 1.6708] = 456.2141, sampling [1.0, 1.9655, 1.3697]. Recommendation = [0.0, 1.2914, 1.6708], Current Cost = 7428.00, Rho = 1.000
(iter 399) [0.0, 1.2914, 1.6708] = 456.2141, sampling [1.0, 1.3584, -1.5501]. Recommendation = [0.0, 1.2914, 1.6708], Current Cost = 7429.00, Rho = 1.000
(iter 399) [0.0, 1.2914, 1.6708] = 456.2141, sampling [1.0, -1.1920, -1.9137]. Recommendation = [0.0, 1.2914, 1.6708], Current Cost = 7430.00, Rho = 1.000
(iter 399) [0.0, 1.2914, 1.6708] = 456.2141, sampling [1.0, 1.2446, -1.8063]. Recommendation = [0.0, 1.2914, 1.6708], Current Cost = 7431.00, Rho = 1.000
(iter 399) [0.0, 1.2914, 1.6708] = 456.2141, sampling [1.0, 1.2390, -1.2331]. Recommendation = [0.0, 1.2914, 1.6708], Current Cost = 7432.00, Rho = 1.000
(iter 399) [0.0, 1.2914, 1.6708] = 456.2141, sampling [1.0, 1.7096, -0.9625]. Recommendation = [0.0, 1.2914, 1.6708], Current Cost = 7433.00, Rho = 1.000
(iter 399) [0.0, 1.2914, 1.6708] = 456.2141, sampling [1.0, -1.4535, -1.6919]. Recommendation = [0.0, 1.2914, 1.6708], Current Cost = 7434.00, Rho = 1.000
(iter 399) [0.0, 1.2914, 1.6708] = 456.2141, sampling [1.0, -1.6037, -0.5296]. Recommendation = [0.0, 1.2914, 1.6708], Current Cost = 7435.00, Rho = 1.000
(iter 399) [0.0, 1.2914, 1.6708] = 456.2141, sampling [1.0, -1.8280, -1.2141]. Recommendation = [0.0, 1.2914, 1.6708], Current Cost = 7436.00, Rho = 1.000
(iter 399) [0.0, 1.2914, 1.6708] = 456.2141, sampling [1.0, 1.8536, -0.0120]. Recommendation = [0.0, 1.2914, 1.6708], Current Cost = 7437.00, Rho = 1.000
(iter 399) [0.0, 1.2914, 1.6708] = 456.2141, sampling [1.0, -1.8909, 0.8943]. Recommendation = [0.0, 1.2914, 1.6708], Current Cost = 7438.00, Rho = 1.000
(iter 399) [0.0, 1.2914, 1.6708] = 456.2141, sampling [1.0, 1.6777, -0.2070]. Recommendation = [0.0, 1.2914, 1.6708], Current Cost = 7439.00, Rho = 1.000
(iter 399) [0.0, 1.2914, 1.6708] = 456.2141, sampling [1.0, 1.6717, -1.9629]. Recommendation = [0.0, 1.2914, 1.6708], Current Cost = 7440.00, Rho = 1.000
(iter 399) [0.0, 1.2914, 1.6708] = 456.2141, sampling [1.0, 1.5450, -1.3051]. Recommendation = [0.0, 1.2914, 1.6708], Current Cost = 7441.00, Rho = 1.000
(iter 399) [0.0, 1.2914, 1.6708] = 456.2141, sampling [1.0, 1.7552, -0.4795]. Recommendation = [0.0, 1.2914, 1.6708], Current Cost = 7442.00, Rho = 1.000
(iter 399) [0.0, 1.2914, 1.6708] = 456.2141, sampling [1.0, 1.5569, -0.2439]. Recommendation = [0.0, 1.2914, 1.6708], Current Cost = 7443.00, Rho = 1.000
(iter 399) [0.0, 1.2914, 1.6708] = 456.2141, sampling [1.0, -1.3985, -1.3212]. Recommendation = [0.0, 1.2914, 1.6708], Current Cost = 7444.00, Rho = 1.000
(iter 399) [0.0, 1.2914, 1.6708] = 456.2141, sampling [1.0, 1.8411, 0.7616]. Recommendation = [0.0, 1.2914, 1.6708], Current Cost = 7445.00, Rho = 1.000
(iter 399) [0.0, 1.2914, 1.6708] = 456.2141, sampling [0.0, 0.8886, 0.7302]. Recommendation = [0.0, 1.2914, 1.6708], Current Cost = 7446.00, Rho = 1.000
(iter 399) [0.0, 1.2914, 1.6708] = 456.2141, sampling [1.0, 1.8311, -1.1567]. Recommendation = [0.0, 1.2914, 1.6708], Current Cost = 8446.00, Rho = 1.000
(iter 399) [0.0, 1.2914, 1.6708] = 456.2141, sampling [1.0, 1.0478, -1.5110]. Recommendation = [0.0, 1.2914, 1.6708], Current Cost = 8447.00, Rho = 1.000
(iter 399) [0.0, 1.2914, 1.6708] = 456.2141, sampling [1.0, -1.4213, -1.8809]. Recommendation = [0.0, 1.2914, 1.6708], Current Cost = 8448.00, Rho = 1.000
(iter 399) [0.0, 1.2914, 1.6708] = 456.2141, sampling [1.0, -1.5924, -0.8396]. Recommendation = [0.0, 1.2914, 1.6708], Current Cost = 8449.00, Rho = 1.000
(iter 399) [0.0, 1.2914, 1.6708] = 456.2141, sampling [1.0, 1.6614, -0.7283]. Recommendation = [0.0, 1.2914, 1.6708], Current Cost = 8450.00, Rho = 1.000
(iter 399) [0.0, 1.2914, 1.6708] = 456.2141, sampling [1.0, -1.5737, -0.4038]. Recommendation = [0.0, 1.2914, 1.6708], Current Cost = 8451.00, Rho = 1.000
(iter 399) [0.0, 1.2914, 1.6708] = 456.2141, sampling [1.0, 1.8782, 0.1414]. Recommendation = [0.0, 1.2914, 1.6708], Current Cost = 8452.00, Rho = 1.000
(iter 399) [0.0, 1.2914, 1.6708] = 456.2141, sampling [1.0, 1.3477, -1.6545]. Recommendation = [0.0, 1.2914, 1.6708], Current Cost = 8453.00, Rho = 1.000
(iter 399) [0.0, 1.2914, 1.6708] = 456.2141, sampling [1.0, -0.9597, -1.6004]. Recommendation = [0.0, 1.2914, 1.6708], Current Cost = 8454.00, Rho = 1.000
(iter 399) [0.0, 1.2914, 1.6708] = 456.2141, sampling [1.0, 1.9841, -0.0069]. Recommendation = [0.0, 1.2914, 1.6708], Current Cost = 8455.00, Rho = 1.000
(iter 399) [0.0, 1.2914, 1.6708] = 456.2141, sampling [1.0, -1.5918, -0.9863]. Recommendation = [0.0, 1.2914, 1.6708], Current Cost = 8456.00, Rho = 1.000
(iter 399) [0.0, 1.2914, 1.6708] = 456.2141, sampling [0.0, 1.3311, 1.8322]. Recommendation = [0.0, 1.2914, 1.6708], Current Cost = 8457.00, Rho = 1.000
(iter 399) [0.0, 1.2914, 1.6708] = 456.2141, sampling [1.0, 1.8023, -0.3298]. Recommendation = [0.0, 1.2914, 1.6708], Current Cost = 9457.00, Rho = 1.000
(iter 399) [0.0, 1.2914, 1.6708] = 456.2141, sampling [1.0, -1.3434, -1.2469]. Recommendation = [0.0, 1.2914, 1.6708], Current Cost = 9458.00, Rho = 1.000
(iter 399) [0.0, 1.2914, 1.6708] = 456.2141, sampling [1.0, 1.4585, -1.4812]. Recommendation = [0.0, 1.2914, 1.6708], Current Cost = 9459.00, Rho = 1.000
(iter 399) [0.0, 1.2914, 1.6708] = 456.2141, sampling [1.0, 1.6111, -1.0134]. Recommendation = [0.0, 1.2914, 1.6708], Current Cost = 9460.00, Rho = 1.000
(iter 399) [0.0, 1.2914, 1.6708] = 456.2141, sampling [1.0, -1.7260, -1.3866]. Recommendation = [0.0, 1.2914, 1.6708], Current Cost = 9461.00, Rho = 1.000
(iter 399) [0.0, 1.2914, 1.6708] = 456.2141, sampling [1.0, -1.7112, -0.9184]. Recommendation = [0.0, 1.2914, 1.6708], Current Cost = 9462.00, Rho = 1.000
(iter 399) [0.0, 1.2914, 1.6708] = 456.2141, sampling [1.0, 1.8874, -0.4545]. Recommendation = [0.0, 1.2914, 1.6708], Current Cost = 9463.00, Rho = 1.000
(iter 399) [0.0, 1.2914, 1.6708] = 456.2141, sampling [1.0, 1.4847, -1.6418]. Recommendation = [0.0, 1.2914, 1.6708], Current Cost = 9464.00, Rho = 1.000
(iter 399) [0.0, 1.2914, 1.6708] = 456.2141, sampling [1.0, 1.7655, -0.7866]. Recommendation = [0.0, 1.2914, 1.6708], Current Cost = 9465.00, Rho = 1.000
(iter 399) [0.0, 1.2914, 1.6708] = 456.2141, sampling [1.0, -1.9907, -1.4094]. Recommendation = [0.0, 1.2914, 1.6708], Current Cost = 9466.00, Rho = 1.000
(iter 399) [0.0, 1.2914, 1.6708] = 456.2141, sampling [1.0, -1.6818, -1.1275]. Recommendation = [0.0, 1.2914, 1.6708], Current Cost = 9467.00, Rho = 1.000
(iter 399) [0.0, 1.2914, 1.6708] = 456.2141, sampling [1.0, 1.6380, -1.3804]. Recommendation = [0.0, 1.2914, 1.6708], Current Cost = 9468.00, Rho = 1.000
(iter 399) [0.0, 1.2914, 1.6708] = 456.2141, sampling [1.0, 1.9373, -0.9835]. Recommendation = [0.0, 1.2914, 1.6708], Current Cost = 9469.00, Rho = 1.000
(iter 399) [0.0, 1.2914, 1.6708] = 456.2141, sampling [1.0, -1.6120, -1.9034]. Recommendation = [0.0, 1.2914, 1.6708], Current Cost = 9470.00, Rho = 1.000
(iter 399) [0.0, 1.2914, 1.6708] = 456.2141, sampling [1.0, 1.4992, -1.4022]. Recommendation = [0.0, 1.2914, 1.6708], Current Cost = 9471.00, Rho = 1.000
(iter 399) [0.0, 1.2914, 1.6708] = 456.2141, sampling [1.0, 1.8371, -0.6797]. Recommendation = [0.0, 1.2914, 1.6708], Current Cost = 9472.00, Rho = 1.000
(iter 399) [0.0, 1.2914, 1.6708] = 456.2141, sampling [1.0, 1.8948, 0.0464]. Recommendation = [0.0, 1.2914, 1.6708], Current Cost = 9473.00, Rho = 1.000
(iter 399) [0.0, 1.2914, 1.6708] = 456.2141, sampling [1.0, 1.4500, -1.3387]. Recommendation = [0.0, 1.2914, 1.6708], Current Cost = 9474.00, Rho = 1.000
(iter 399) [0.0, 1.2914, 1.6708] = 456.2141, sampling [1.0, 1.6545, -1.6000]. Recommendation = [0.0, 1.2914, 1.6708], Current Cost = 9475.00, Rho = 1.000
(iter 399) [0.0, 1.2914, 1.6708] = 456.2141, sampling [1.0, -1.4860, -1.9456]. Recommendation = [0.0, 1.2914, 1.6708], Current Cost = 9476.00, Rho = 1.000
(iter 399) [0.0, 1.2914, 1.6708] = 456.2141, sampling [1.0, -1.6593, -1.7751]. Recommendation = [0.0, 1.2914, 1.6708], Current Cost = 9477.00, Rho = 1.000
(iter 399) [0.0, 1.2914, 1.6708] = 456.2141, sampling [1.0, 1.8588, -0.5540]. Recommendation = [0.0, 1.2914, 1.6708], Current Cost = 9478.00, Rho = 1.000
(iter 399) [0.0, 1.2914, 1.6708] = 456.2141, sampling [1.0, -1.7952, -1.0964]. Recommendation = [0.0, 1.2914, 1.6708], Current Cost = 9479.00, Rho = 1.000
(iter 399) [0.0, 1.2914, 1.6708] = 456.2141, sampling [1.0, -1.1797, -1.8919]. Recommendation = [0.0, 1.2914, 1.6708], Current Cost = 9480.00, Rho = 1.000
(iter 399) [0.0, 1.2914, 1.6708] = 456.2141, sampling [1.0, -1.7121, -1.2203]. Recommendation = [0.0, 1.2914, 1.6708], Current Cost = 9481.00, Rho = 1.000
(iter 399) [0.0, 1.2914, 1.6708] = 456.2141, sampling [1.0, -1.9195, -1.6255]. Recommendation = [0.0, 1.2914, 1.6708], Current Cost = 9482.00, Rho = 1.000
(iter 399) [0.0, 1.2914, 1.6708] = 456.2141, sampling [1.0, 1.7493, -1.8310]. Recommendation = [0.0, 1.2914, 1.6708], Current Cost = 9483.00, Rho = 1.000
(iter 399) [0.0, 1.2914, 1.6708] = 456.2141, sampling [1.0, -1.5101, -1.8595]. Recommendation = [0.0, 1.2914, 1.6708], Current Cost = 9484.00, Rho = 1.000
(iter 399) [0.0, 1.2914, 1.6708] = 456.2141, sampling [1.0, 1.9694, 0.0626]. Recommendation = [0.0, 1.2914, 1.6708], Current Cost = 9485.00, Rho = 1.000
(iter 399) [0.0, 1.2914, 1.6708] = 456.2141, sampling [1.0, 1.8096, -1.0905]. Recommendation = [0.0, 1.2914, 1.6708], Current Cost = 9486.00, Rho = 1.000
(iter 399) [0.0, 1.2914, 1.6708] = 456.2141, sampling [1.0, 1.7709, -1.5830]. Recommendation = [0.0, 1.2914, 1.6708], Current Cost = 9487.00, Rho = 1.000
(iter 399) [0.0, 1.2914, 1.6708] = 456.2141, sampling [1.0, 1.9341, 0.0160]. Recommendation = [0.0, 1.2914, 1.6708], Current Cost = 9488.00, Rho = 1.000
(iter 399) [0.0, 1.2914, 1.6708] = 456.2141, sampling [1.0, -1.9933, -1.2909]. Recommendation = [0.0, 1.2914, 1.6708], Current Cost = 9489.00, Rho = 1.000
(iter 399) [0.0, 1.2914, 1.6708] = 456.2141, sampling [1.0, -1.7400, -1.7576]. Recommendation = [0.0, 1.2914, 1.6708], Current Cost = 9490.00, Rho = 1.000
(iter 399) [0.0, 1.2914, 1.6708] = 456.2141, sampling [1.0, -1.9246, -1.7790]. Recommendation = [0.0, 1.2914, 1.6708], Current Cost = 9491.00, Rho = 1.000
(iter 399) [0.0, 1.2914, 1.6708] = 456.2141, sampling [1.0, -1.8786, -1.3170]. Recommendation = [0.0, 1.2914, 1.6708], Current Cost = 9492.00, Rho = 1.000
(iter 399) [0.0, 1.2914, 1.6708] = 456.2141, sampling [1.0, -1.8705, -1.5353]. Recommendation = [0.0, 1.2914, 1.6708], Current Cost = 9493.00, Rho = 1.000
(iter 399) [0.0, 1.2914, 1.6708] = 456.2141, sampling [1.0, -1.8377, -1.1470]. Recommendation = [0.0, 1.2914, 1.6708], Current Cost = 9494.00, Rho = 1.000
(iter 399) [0.0, 1.2914, 1.6708] = 456.2141, sampling [1.0, -1.8619, -1.9387]. Recommendation = [0.0, 1.2914, 1.6708], Current Cost = 9495.00, Rho = 1.000
(iter 399) [0.0, 1.2914, 1.6708] = 456.2141, sampling [1.0, 1.6931, -1.9067]. Recommendation = [0.0, 1.2914, 1.6708], Current Cost = 9496.00, Rho = 1.000
(iter 399) [0.0, 1.2914, 1.6708] = 456.2141, sampling [1.0, -1.9053, -1.4284]. Recommendation = [0.0, 1.2914, 1.6708], Current Cost = 9497.00, Rho = 1.000
(iter 399) [0.0, 1.2914, 1.6708] = 456.2141, sampling [0.0, 0.5865, 0.4289]. Recommendation = [0.0, 1.2914, 1.6708], Current Cost = 9498.00, Rho = 1.000
(iter 399) [0.0, 1.2914, 1.6708] = 456.2141, sampling [1.0, -1.9473, -1.8654]. Recommendation = [0.0, 1.2914, 1.6708], Current Cost = 10498.00, Rho = 1.000
(iter 399) [0.0, 1.2914, 1.6708] = 456.2141, sampling [0.0, 0.8013, 0.5414]. Recommendation = [0.0, 1.2914, 1.6708], Current Cost = 10499.00, Rho = 1.000
(iter 399) [0.0, 1.2914, 1.6708] = 456.2141, sampling [1.0, -1.9368, -1.9595]. Recommendation = [0.0, 1.2914, 1.6708], Current Cost = 11499.00, Rho = 1.000
(iter 399) [0.0, 1.2914, 1.6708] = 456.2141, sampling [0.0, 0.6965, 0.3927]. Recommendation = [0.0, 1.2914, 1.6708], Current Cost = 11500.00, Rho = 1.000
(iter 399) [0.0, 1.2914, 1.6708] = 456.2141, sampling [0.0, -1.9548, 0.0293]. Recommendation = [0.0, 1.2914, 1.6708], Current Cost = 12500.00, Rho = 1.000
(iter 399) [0.0, 1.2914, 1.6708] = 456.2141, sampling [0.0, -0.5372, -0.0553]. Recommendation = [0.0, 1.2914, 1.6708], Current Cost = 13500.00, Rho = 1.000
(iter 399) [0.0, 1.2914, 1.6708] = 456.2141, sampling [0.0, -0.2082, 0.9333]. Recommendation = [0.0, 1.2914, 1.6708], Current Cost = 14500.00, Rho = 1.000
(iter 399) [0.0, 1.2914, 1.6708] = 456.2141, sampling [0.0, -0.2440, -0.6482]. Recommendation = [0.0, 1.2914, 1.6708], Current Cost = 15500.00, Rho = 1.000
(iter 399) [0.0, 1.2914, 1.6708] = 456.2141, sampling [0.0, -1.0908, -0.8288]. Recommendation = [0.0, 1.2914, 1.6708], Current Cost = 16500.00, Rho = 1.000
(iter 399) [0.0, 1.2914, 1.6708] = 456.2141, sampling [0.0, 1.4027, 1.7032]. Recommendation = [0.0, 1.2914, 1.6708], Current Cost = 17500.00, Rho = 1.000
(iter 399) [0.0, 1.2914, 1.6708] = 456.2141, sampling [0.0, 1.9770, -0.6611]. Recommendation = [0.0, 1.2914, 1.6708], Current Cost = 18500.00, Rho = 1.000
(iter 399) [0.0, 1.2914, 1.6708] = 456.2141, sampling [0.0, 1.7371, 1.4989]. Recommendation = [0.0, 1.2914, 1.6708], Current Cost = 19500.00, Rho = 1.000
(iter 399) [0.0, 1.2914, 1.6708] = 456.2141, sampling [0.0, -0.4911, 1.1142]. Recommendation = [0.0, 1.2914, 1.6708], Current Cost = 20500.00, Rho = 1.000
(iter 399) [0.0, 1.2914, 1.6708] = 456.2141, sampling [0.0, -0.9849, -0.1686]. Recommendation = [0.0, 1.2914, 1.6708], Current Cost = 21500.00, Rho = 1.000
(iter 399) [0.0, 1.2914, 1.6708] = 456.2141, sampling [0.0, -1.0143, -1.0661]. Recommendation = [0.0, 1.2914, 1.6708], Current Cost = 22500.00, Rho = 1.000
(iter 399) [0.0, 1.2914, 1.6708] = 456.2141, sampling [0.0, -0.3386, 0.2193]. Recommendation = [0.0, 1.2914, 1.6708], Current Cost = 23500.00, Rho = 1.000
(iter 399) [0.0, 1.2914, 1.6708] = 456.2141, sampling [0.0, 1.7281, 1.3573]. Recommendation = [0.0, 1.2914, 1.6708], Current Cost = 24500.00, Rho = 1.000
(iter 399) [0.0, 1.2914, 1.6708] = 456.2141, sampling [0.0, -1.3125, 1.5245]. Recommendation = [0.0, 1.2914, 1.6708], Current Cost = 25500.00, Rho = 1.000
(iter 399) [0.0, 1.2914, 1.6708] = 456.2141, sampling [0.0, -0.3469, -0.8067]. Recommendation = [0.0, 1.2914, 1.6708], Current Cost = 26500.00, Rho = 1.000
(iter 399) [0.0, 1.2914, 1.6708] = 456.2141, sampling [0.0, 0.9602, 1.2816]. Recommendation = [0.0, 1.2914, 1.6708], Current Cost = 27500.00, Rho = 1.000
(iter 399) [0.0, 1.2914, 1.6708] = 456.2141, sampling [0.0, -1.5186, -0.8735]. Recommendation = [0.0, 1.2914, 1.6708], Current Cost = 28500.00, Rho = 1.000
(iter 399) [0.0, 1.2914, 1.6708] = 456.2141, sampling [0.0, -0.4464, -0.2954]. Recommendation = [0.0, 1.2914, 1.6708], Current Cost = 29500.00, Rho = 1.000
(iter 399) [0.0, 1.2914, 1.6708] = 456.2141, sampling [0.0, 1.1442, 0.4137]. Recommendation = [0.0, 1.2914, 1.6708], Current Cost = 30500.00, Rho = 1.000
(iter 399) [0.0, 1.2914, 1.6708] = 456.2141, sampling [0.0, 0.7608, 1.7958]. Recommendation = [0.0, 1.2914, 1.6708], Current Cost = 31500.00, Rho = 1.000
(iter 399) [0.0, 1.2914, 1.6708] = 456.2141, sampling [0.0, -0.6934, 1.7295]. Recommendation = [0.0, 1.2914, 1.6708], Current Cost = 32500.00, Rho = 1.000
(iter 399) [0.0, 1.2914, 1.6708] = 456.2141, sampling [0.0, -1.2309, -0.3538]. Recommendation = [0.0, 1.2914, 1.6708], Current Cost = 33500.00, Rho = 1.000
(iter 399) [0.0, 1.2914, 1.6708] = 456.2141, sampling [0.0, -0.7343, -1.4448]. Recommendation = [0.0, 1.2914, 1.6708], Current Cost = 34500.00, Rho = 1.000
(iter 399) [0.0, 1.2914, 1.6708] = 456.2141, sampling [0.0, -1.2053, 0.0165]. Recommendation = [0.0, 1.2914, 1.6708], Current Cost = 35500.00, Rho = 1.000
(iter 399) [0.0, 1.2914, 1.6708] = 456.2141, sampling [0.0, -1.9012, 1.6892]. Recommendation = [0.0, 1.2914, 1.6708], Current Cost = 36500.00, Rho = 1.000
(iter 399) [0.0, 1.2914, 1.6708] = 456.2141, sampling [0.0, -0.0471, 1.1415]. Recommendation = [0.0, 1.2914, 1.6708], Current Cost = 37500.00, Rho = 1.000
(iter 399) [0.0, 1.2914, 1.6708] = 456.2141, sampling [0.0, -1.3905, 1.9293]. Recommendation = [0.0, 1.2914, 1.6708], Current Cost = 38500.00, Rho = 1.000
(iter 399) [0.0, 1.2914, 1.6708] = 456.2141, sampling [0.0, 1.2552, 1.7464]. Recommendation = [0.0, 1.2914, 1.6708], Current Cost = 39500.00, Rho = 1.000
(iter 399) [0.0, 1.2914, 1.6708] = 456.2141, sampling [0.0, 0.7255, 1.8497]. Recommendation = [0.0, 1.2914, 1.6708], Current Cost = 40500.00, Rho = 1.000
(iter 399) [0.0, 1.2914, 1.6708] = 456.2141, sampling [0.0, -1.2727, -1.0519]. Recommendation = [0.0, 1.2914, 1.6708], Current Cost = 41500.00, Rho = 1.000
(iter 399) [0.0, 1.2914, 1.6708] = 456.2141, sampling [0.0, -0.4116, -1.7199]. Recommendation = [0.0, 1.2914, 1.6708], Current Cost = 42500.00, Rho = 1.000
(iter 399) [0.0, 1.2914, 1.6708] = 456.2141, sampling [0.0, -0.5511, 1.1214]. Recommendation = [0.0, 1.2914, 1.6708], Current Cost = 43500.00, Rho = 1.000
(iter 399) [0.0, 1.2914, 1.6708] = 456.2141, sampling [0.0, -1.3831, -0.1330]. Recommendation = [0.0, 1.2914, 1.6708], Current Cost = 44500.00, Rho = 1.000
(iter 399) [0.0, 1.2914, 1.6708] = 456.2141, sampling [0.0, -0.9306, -0.4404]. Recommendation = [0.0, 1.2914, 1.6708], Current Cost = 45500.00, Rho = 1.000
(iter 399) [0.0, 1.2914, 1.6708] = 456.2141, sampling [0.0, 0.5982, -1.7214]. Recommendation = [0.0, 1.2914, 1.6708], Current Cost = 46500.00, Rho = 1.000
(iter 399) [0.0, 1.2914, 1.6708] = 456.2141, sampling [0.0, 1.0348, -0.6465]. Recommendation = [0.0, 1.2914, 1.6708], Current Cost = 47500.00, Rho = 1.000
(iter 399) [0.0, 1.2914, 1.6708] = 456.2141, sampling [0.0, -0.4183, -1.8749]. Recommendation = [0.0, 1.2914, 1.6708], Current Cost = 48500.00, Rho = 1.000
(iter 399) [0.0, 1.2914, 1.6708] = 456.2141, sampling [0.0, -0.1558, 1.4601]. Recommendation = [0.0, 1.2914, 1.6708], Current Cost = 49500.00, Rho = 1.000
(iter 399) [0.0, 1.2914, 1.6708] = 456.2141, sampling [0.0, -1.0687, -1.4193]. Recommendation = [0.0, 1.2914, 1.6708], Current Cost = 50500.00, Rho = 1.000
(iter 399) [0.0, 1.2914, 1.6708] = 456.2141, sampling [0.0, -1.7400, -1.7576]. Recommendation = [0.0, 1.2914, 1.6708], Current Cost = 51500.00, Rho = 1.000
(iter 399) [0.0, 1.2914, 1.6708] = 456.2141, sampling [0.0, 0.2875, 1.4199]. Recommendation = [0.0, 1.2914, 1.6708], Current Cost = 52500.00, Rho = 1.000
(iter 399) [0.0, 1.2914, 1.6708] = 456.2141, sampling [0.0, -1.4114, 0.5995]. Recommendation = [0.0, 1.2914, 1.6708], Current Cost = 53500.00, Rho = 1.000
(iter 399) [0.0, 1.2914, 1.6708] = 456.2141, sampling [0.0, 0.4959, -0.4319]. Recommendation = [0.0, 1.2914, 1.6708], Current Cost = 54500.00, Rho = 1.000
(iter 399) [0.0, 1.2914, 1.6708] = 456.2141, sampling [0.0, 1.5569, -0.2439]. Recommendation = [0.0, 1.2914, 1.6708], Current Cost = 55500.00, Rho = 1.000
(iter 399) [0.0, 1.2914, 1.6708] = 456.2141, sampling [0.0, 0.7467, -1.4935]. Recommendation = [0.0, 1.2914, 1.6708], Current Cost = 56500.00, Rho = 1.000
(iter 399) [0.0, 1.2914, 1.6708] = 456.2141, sampling [0.0, -0.2364, -0.6149]. Recommendation = [0.0, 1.2914, 1.6708], Current Cost = 57500.00, Rho = 1.000
(iter 399) [0.0, 1.2914, 1.6708] = 456.2141, sampling [0.0, -1.6746, 0.5346]. Recommendation = [0.0, 1.2914, 1.6708], Current Cost = 58500.00, Rho = 1.000
(iter 399) [0.0, 1.2914, 1.6708] = 456.2141, sampling [0.0, -0.1515, -1.2766]. Recommendation = [0.0, 1.2914, 1.6708], Current Cost = 59500.00, Rho = 1.000
(iter 399) [0.0, 1.2914, 1.6708] = 456.2141, sampling [0.0, 1.6380, -1.3804]. Recommendation = [0.0, 1.2914, 1.6708], Current Cost = 60500.00, Rho = 1.000
(iter 399) [0.0, 1.2914, 1.6708] = 456.2141, sampling [0.0, 0.8329, 1.3835]. Recommendation = [0.0, 1.2914, 1.6708], Current Cost = 61500.00, Rho = 1.000
(iter 399) [0.0, 1.2914, 1.6708] = 456.2141, sampling [0.0, -0.7490, 0.6276]. Recommendation = [0.0, 1.2914, 1.6708], Current Cost = 62500.00, Rho = 1.000
(iter 399) [0.0, 1.2914, 1.6708] = 456.2141, sampling [0.0, 1.4330, 0.5787]. Recommendation = [0.0, 1.2914, 1.6708], Current Cost = 63500.00, Rho = 1.000
(iter 399) [0.0, 1.2914, 1.6708] = 456.2141, sampling [0.0, -1.6037, -0.5296]. Recommendation = [0.0, 1.2914, 1.6708], Current Cost = 64500.00, Rho = 1.000
(iter 399) [0.0, 1.2914, 1.6708] = 456.2141, sampling [0.0, -1.0224, -1.1659]. Recommendation = [0.0, 1.2914, 1.6708], Current Cost = 65500.00, Rho = 1.000
(iter 399) [0.0, 1.2914, 1.6708] = 456.2141, sampling [0.0, -0.7740, 1.4130]. Recommendation = [0.0, 1.2914, 1.6708], Current Cost = 66500.00, Rho = 1.000
(iter 399) [0.0, 1.2914, 1.6708] = 456.2141, sampling [0.0, -0.3700, -0.6871]. Recommendation = [0.0, 1.2914, 1.6708], Current Cost = 67500.00, Rho = 1.000
(iter 399) [0.0, 1.2914, 1.6708] = 456.2141, sampling [0.0, -0.0733, 1.1866]. Recommendation = [0.0, 1.2914, 1.6708], Current Cost = 68500.00, Rho = 1.000
(iter 399) [0.0, 1.2914, 1.6708] = 456.2141, sampling [0.0, 1.4500, -1.3387]. Recommendation = [0.0, 1.2914, 1.6708], Current Cost = 69500.00, Rho = 1.000
(iter 399) [0.0, 1.2914, 1.6708] = 456.2141, sampling [0.0, -0.0093, 1.0590]. Recommendation = [0.0, 1.2914, 1.6708], Current Cost = 70500.00, Rho = 1.000
(iter 399) [0.0, 1.2914, 1.6708] = 456.2141, sampling [0.0, 0.1233, -0.8134]. Recommendation = [0.0, 1.2914, 1.6708], Current Cost = 71500.00, Rho = 1.000
(iter 399) [0.0, 1.2914, 1.6708] = 456.2141, sampling [0.0, -1.2500, -0.5845]. Recommendation = [0.0, 1.2914, 1.6708], Current Cost = 72500.00, Rho = 1.000
(iter 399) [0.0, 1.2914, 1.6708] = 456.2141, sampling [0.0, -1.2990, -0.1019]. Recommendation = [0.0, 1.2914, 1.6708], Current Cost = 73500.00, Rho = 1.000
(iter 399) [0.0, 1.2914, 1.6708] = 456.2141, sampling [0.0, 0.8806, -1.2598]. Recommendation = [0.0, 1.2914, 1.6708], Current Cost = 74500.00, Rho = 1.000
(iter 399) [0.0, 1.2914, 1.6708] = 456.2141, sampling [0.0, -0.2196, -1.7441]. Recommendation = [0.0, 1.2914, 1.6708], Current Cost = 75500.00, Rho = 1.000
(iter 399) [0.0, 1.2914, 1.6708] = 456.2141, sampling [0.0, 0.6303, -1.7352]. Recommendation = [0.0, 1.2914, 1.6708], Current Cost = 76500.00, Rho = 1.000
(iter 399) [0.0, 1.2914, 1.6708] = 456.2141, sampling [0.0, -1.5737, -0.4038]. Recommendation = [0.0, 1.2914, 1.6708], Current Cost = 77500.00, Rho = 1.000
(iter 399) [0.0, 1.2914, 1.6708] = 456.2141, sampling [0.0, 0.4026, 0.5110]. Recommendation = [0.0, 1.2914, 1.6708], Current Cost = 78500.00, Rho = 1.000
(iter 399) [0.0, 1.2914, 1.6708] = 456.2141, sampling [0.0, -1.1408, 1.3670]. Recommendation = [0.0, 1.2914, 1.6708], Current Cost = 79500.00, Rho = 1.000
(iter 399) [0.0, 1.2914, 1.6708] = 456.2141, sampling [0.0, -0.6623, -0.7085]. Recommendation = [0.0, 1.2914, 1.6708], Current Cost = 80500.00, Rho = 1.000
(iter 399) [0.0, 1.2914, 1.6708] = 456.2141, sampling [0.0, 0.1864, 1.8982]. Recommendation = [0.0, 1.2914, 1.6708], Current Cost = 81500.00, Rho = 1.000
(iter 399) [0.0, 1.2914, 1.6708] = 456.2141, sampling [0.0, 0.5202, 1.5706]. Recommendation = [0.0, 1.2914, 1.6708], Current Cost = 82500.00, Rho = 1.000
(iter 399) [0.0, 1.2914, 1.6708] = 456.2141, sampling [0.0, -1.6120, -1.9034]. Recommendation = [0.0, 1.2914, 1.6708], Current Cost = 83500.00, Rho = 1.000
(iter 399) [0.0, 1.2914, 1.6708] = 456.2141, sampling [0.0, -1.3233, -1.2832]. Recommendation = [0.0, 1.2914, 1.6708], Current Cost = 84500.00, Rho = 1.000
(iter 399) [0.0, 1.2914, 1.6708] = 456.2141, sampling [0.0, -0.8349, 0.3870]. Recommendation = [0.0, 1.2914, 1.6708], Current Cost = 85500.00, Rho = 1.000
(iter 399) [0.0, 1.2914, 1.6708] = 456.2141, sampling [0.0, -1.8909, 0.8943]. Recommendation = [0.0, 1.2914, 1.6708], Current Cost = 86500.00, Rho = 1.000
(iter 399) [0.0, 1.2914, 1.6708] = 456.2141, sampling [0.0, -1.6593, -1.7751]. Recommendation = [0.0, 1.2914, 1.6708], Current Cost = 87500.00, Rho = 1.000
(iter 399) [0.0, 1.2914, 1.6708] = 456.2141, sampling [0.0, -0.2045, 0.1806]. Recommendation = [0.0, 1.2914, 1.6708], Current Cost = 88500.00, Rho = 1.000
(iter 399) [0.0, 1.2914, 1.6708] = 456.2141, sampling [0.0, 1.9655, 1.3697]. Recommendation = [0.0, 1.2914, 1.6708], Current Cost = 89500.00, Rho = 1.000
(iter 399) [0.0, 1.2914, 1.6708] = 456.2141, sampling [0.0, 1.8176, 0.7818]. Recommendation = [0.0, 1.2914, 1.6708], Current Cost = 90500.00, Rho = 1.000
(iter 399) [0.0, 1.2914, 1.6708] = 456.2141, sampling [0.0, 0.3339, 0.3386]. Recommendation = [0.0, 1.2914, 1.6708], Current Cost = 91500.00, Rho = 1.000
(iter 399) [0.0, 1.2914, 1.6708] = 456.2141, sampling [0.0, -1.3104, -0.2389]. Recommendation = [0.0, 1.2914, 1.6708], Current Cost = 92500.00, Rho = 1.000
(iter 399) [0.0, 1.2914, 1.6708] = 456.2141, sampling [0.0, 0.5777, -1.1779]. Recommendation = [0.0, 1.2914, 1.6708], Current Cost = 93500.00, Rho = 1.000
(iter 399) [0.0, 1.2914, 1.6708] = 456.2141, sampling [0.0, 1.2213, -1.0241]. Recommendation = [0.0, 1.2914, 1.6708], Current Cost = 94500.00, Rho = 1.000
(iter 399) [0.0, 1.2914, 1.6708] = 456.2141, sampling [0.0, 0.1135, -0.1768]. Recommendation = [0.0, 1.2914, 1.6708], Current Cost = 95500.00, Rho = 1.000
(iter 399) [0.0, 1.2914, 1.6708] = 456.2141, sampling [0.0, -1.1307, -0.0920]. Recommendation = [0.0, 1.2914, 1.6708], Current Cost = 96500.00, Rho = 1.000
(iter 399) [0.0, 1.2914, 1.6708] = 456.2141, sampling [0.0, 1.4940, 0.0678]. Recommendation = [0.0, 1.2914, 1.6708], Current Cost = 97500.00, Rho = 1.000
(iter 399) [0.0, 1.2914, 1.6708] = 456.2141, sampling [0.0, 0.2791, 1.7206]. Recommendation = [0.0, 1.2914, 1.6708], Current Cost = 98500.00, Rho = 1.000
(iter 399) [0.0, 1.2914, 1.6708] = 456.2141, sampling [0.0, -1.0436, -0.0617]. Recommendation = [0.0, 1.2914, 1.6708], Current Cost = 99500.00, Rho = 1.000
