(iter 10) [0.0, 0.5394, 0.6501] = 443.1897, sampling [1.0, -0.2759, 0.8669]. Recommendation = [0.0, 0.5394, 0.6501], Current Cost = 5005.00, Rho = 1.000
(iter 10) [0.0, 0.5394, 0.6501] = 443.1897, sampling [1.0, -0.2852, 0.2040]. Recommendation = [0.0, 0.5394, 0.6501], Current Cost = 5006.00, Rho = 1.000
(iter 10) [0.0, 0.5394, 0.6501] = 443.1897, sampling [1.0, 0.0943, 1.5580]. Recommendation = [0.0, -0.2852, 0.2040], Current Cost = 5007.00, Rho = 1.000
(iter 10) [0.0, 0.5394, 0.6501] = 443.1897, sampling [1.0, 0.1067, 0.4730]. Recommendation = [0.0, -0.2852, 0.2040], Current Cost = 5008.00, Rho = 1.000
(iter 10) [0.0, 0.5394, 0.6501] = 443.1897, sampling [1.0, -0.8390, 0.8589]. Recommendation = [0.0, -0.2852, 0.2040], Current Cost = 5009.00, Rho = 1.000
(iter 10) [0.0, 0.5394, 0.6501] = 443.1897, sampling [1.0, -0.5734, -0.1825]. Recommendation = [0.0, -0.2852, 0.2040], Current Cost = 5010.00, Rho = 1.000
(iter 10) [0.0, 0.5394, 0.6501] = 443.1897, sampling [1.0, -0.6785, 1.3631]. Recommendation = [0.0, -0.2852, 0.2040], Current Cost = 5011.00, Rho = 1.000
(iter 10) [0.0, 0.5394, 0.6501] = 443.1897, sampling [1.0, -0.5389, 0.3704]. Recommendation = [0.0, -0.2852, 0.2040], Current Cost = 5012.00, Rho = 1.000
(iter 10) [0.0, 0.5394, 0.6501] = 443.1897, sampling [1.0, -1.3750, 1.2792]. Recommendation = [0.0, -0.3455, 0.3346], Current Cost = 5013.00, Rho = 1.000
(iter 10) [0.0, 0.5394, 0.6501] = 443.1897, sampling [1.0, -0.0854, -0.3119]. Recommendation = [0.0, -0.3455, 0.3346], Current Cost = 5014.00, Rho = 1.000
(iter 10) [0.0, 0.5394, 0.6501] = 443.1897, sampling [1.0, 0.1934, 0.0464]. Recommendation = [0.0, -0.2981, 0.0329], Current Cost = 5015.00, Rho = 1.000
(iter 10) [0.0, 0.5394, 0.6501] = 443.1897, sampling [1.0, -1.2445, 0.8908]. Recommendation = [0.0, 0.0630, 0.1801], Current Cost = 5016.00, Rho = 1.000
(iter 10) [0.0, 0.5394, 0.6501] = 443.1897, sampling [1.0, -1.7450, 1.8271]. Recommendation = [0.0, 0.0630, 0.1801], Current Cost = 5017.00, Rho = 1.000
(iter 10) [0.0, 0.5394, 0.6501] = 443.1897, sampling [1.0, 0.3478, 1.0077]. Recommendation = [0.0, 0.0630, 0.1801], Current Cost = 5018.00, Rho = 1.000
(iter 10) [0.0, 0.5394, 0.6501] = 443.1897, sampling [1.0, -0.2117, 0.5270]. Recommendation = [0.0, 0.0630, 0.1801], Current Cost = 5019.00, Rho = 1.000
(iter 10) [0.0, 0.5394, 0.6501] = 443.1897, sampling [1.0, -1.8770, 1.1399]. Recommendation = [0.0, 0.0630, 0.1801], Current Cost = 5020.00, Rho = 1.000
(iter 10) [0.0, 0.5394, 0.6501] = 443.1897, sampling [1.0, -1.0366, 1.1696]. Recommendation = [0.0, 0.0630, 0.1801], Current Cost = 5021.00, Rho = 1.000
(iter 10) [0.0, 0.5394, 0.6501] = 443.1897, sampling [1.0, -0.8078, -0.5299]. Recommendation = [0.0, 0.0630, 0.1801], Current Cost = 5022.00, Rho = 1.000
(iter 10) [0.0, 0.5394, 0.6501] = 443.1897, sampling [1.0, -0.9686, 0.4176]. Recommendation = [0.0, 0.0630, 0.1801], Current Cost = 5023.00, Rho = 1.000
(iter 10) [0.0, 0.5394, 0.6501] = 443.1897, sampling [1.0, -1.1718, 1.5419]. Recommendation = [0.0, 0.0630, 0.1801], Current Cost = 5024.00, Rho = 1.000
(iter 10) [0.0, 0.5394, 0.6501] = 443.1897, sampling [1.0, -0.5675, 0.7704]. Recommendation = [0.0, 0.0630, 0.1801], Current Cost = 5025.00, Rho = 1.000
(iter 10) [0.0, 0.5394, 0.6501] = 443.1897, sampling [1.0, 0.1236, 0.7567]. Recommendation = [0.0, 0.0630, 0.1801], Current Cost = 5026.00, Rho = 1.000
(iter 10) [0.0, 0.5394, 0.6501] = 443.1897, sampling [1.0, 0.4118, 0.2696]. Recommendation = [0.0, 0.0630, 0.1801], Current Cost = 5027.00, Rho = 1.000
(iter 10) [0.0, 0.5394, 0.6501] = 443.1897, sampling [1.0, -0.3238, -0.2994]. Recommendation = [0.0, 0.0630, 0.1801], Current Cost = 5028.00, Rho = 1.000
(iter 10) [0.0, 0.5394, 0.6501] = 443.1897, sampling [1.0, -0.4935, 0.0578]. Recommendation = [0.0, 0.0630, 0.1801], Current Cost = 5029.00, Rho = 1.000
(iter 10) [0.0, 0.5394, 0.6501] = 443.1897, sampling [1.0, 0.9181, 1.0872]. Recommendation = [0.0, 0.0630, 0.1801], Current Cost = 5030.00, Rho = 1.000
(iter 10) [0.0, 0.5394, 0.6501] = 443.1897, sampling [1.0, 0.9371, 1.6707]. Recommendation = [0.0, 0.0630, 0.1801], Current Cost = 5031.00, Rho = 1.000
(iter 10) [0.0, 0.5394, 0.6501] = 443.1897, sampling [1.0, 0.7112, 1.2920]. Recommendation = [0.0, 0.0630, 0.1801], Current Cost = 5032.00, Rho = 1.000
(iter 10) [0.0, 0.5394, 0.6501] = 443.1897, sampling [1.0, 1.4276, 1.4026]. Recommendation = [0.0, 0.0630, 0.1801], Current Cost = 5033.00, Rho = 1.000
(iter 10) [0.0, 0.5394, 0.6501] = 443.1897, sampling [1.0, 1.0894, 0.6382]. Recommendation = [0.0, 0.0630, 0.1801], Current Cost = 5034.00, Rho = 1.000
(iter 10) [0.0, 0.5394, 0.6501] = 443.1897, sampling [1.0, 1.2162, 1.0158]. Recommendation = [0.0, 0.0630, 0.1801], Current Cost = 5035.00, Rho = 1.000
(iter 10) [0.0, 0.5394, 0.6501] = 443.1897, sampling [1.0, 1.6383, 1.9421]. Recommendation = [0.0, 0.0630, 0.1801], Current Cost = 5036.00, Rho = 1.000
(iter 10) [0.0, 0.5394, 0.6501] = 443.1897, sampling [1.0, 1.2072, 1.9558]. Recommendation = [0.0, 0.0630, 0.1801], Current Cost = 5037.00, Rho = 1.000
(iter 10) [0.0, 0.5394, 0.6501] = 443.1897, sampling [1.0, 0.6158, 1.9888]. Recommendation = [0.0, 0.0630, 0.1801], Current Cost = 5038.00, Rho = 1.000
(iter 10) [0.0, 0.5394, 0.6501] = 443.1897, sampling [1.0, 1.9201, 1.4442]. Recommendation = [0.0, 0.0630, 0.1801], Current Cost = 5039.00, Rho = 1.000
(iter 10) [0.0, 0.5394, 0.6501] = 443.1897, sampling [1.0, 0.7269, 0.2993]. Recommendation = [0.0, 0.0630, 0.1801], Current Cost = 5040.00, Rho = 1.000
(iter 10) [0.0, 0.5394, 0.6501] = 443.1897, sampling [1.0, 1.0505, 1.4304]. Recommendation = [0.0, 0.0630, 0.1801], Current Cost = 5041.00, Rho = 1.000
(iter 10) [0.0, 0.5394, 0.6501] = 443.1897, sampling [1.0, 0.7431, 0.6296]. Recommendation = [0.0, 0.0630, 0.1801], Current Cost = 5042.00, Rho = 1.000
(iter 10) [0.0, 0.5394, 0.6501] = 443.1897, sampling [1.0, 1.3279, 1.7461]. Recommendation = [0.0, 0.0630, 0.1801], Current Cost = 5043.00, Rho = 1.000
(iter 10) [0.0, 0.5394, 0.6501] = 443.1897, sampling [1.0, 0.0630, 0.1801]. Recommendation = [0.0, 0.0630, 0.1801], Current Cost = 5044.00, Rho = 1.000
(iter 10) [0.0, 0.5394, 0.6501] = 443.1897, sampling [1.0, -0.8449, 0.0249]. Recommendation = [0.0, -0.2981, 0.0329], Current Cost = 5045.00, Rho = 1.000
(iter 10) [0.0, 0.5394, 0.6501] = 443.1897, sampling [1.0, 0.9464, 0.7914]. Recommendation = [0.0, -0.2981, 0.0329], Current Cost = 5046.00, Rho = 1.000
(iter 10) [0.0, 0.5394, 0.6501] = 443.1897, sampling [1.0, 0.4860, -0.0179]. Recommendation = [0.0, -0.2981, 0.0329], Current Cost = 5047.00, Rho = 1.000
(iter 10) [0.0, 0.5394, 0.6501] = 443.1897, sampling [1.0, 0.2941, -0.3132]. Recommendation = [0.0, 0.5125, 0.3432], Current Cost = 5048.00, Rho = 1.000
(iter 10) [0.0, 0.5394, 0.6501] = 443.1897, sampling [1.0, -1.3144, 1.8101]. Recommendation = [0.0, 0.2654, 0.0894], Current Cost = 5049.00, Rho = 1.000
(iter 10) [0.0, 0.5394, 0.6501] = 443.1897, sampling [1.0, -0.6884, 1.0954]. Recommendation = [0.0, 0.2654, 0.0894], Current Cost = 5050.00, Rho = 1.000
(iter 10) [0.0, 0.5394, 0.6501] = 443.1897, sampling [1.0, -1.0460, 0.7076]. Recommendation = [0.0, 0.2654, 0.0894], Current Cost = 5051.00, Rho = 1.000
(iter 10) [0.0, 0.5394, 0.6501] = 443.1897, sampling [1.0, -0.2981, 0.0329]. Recommendation = [0.0, 0.2654, 0.0894], Current Cost = 5052.00, Rho = 1.000
(iter 10) [0.0, 0.5394, 0.6501] = 443.1897, sampling [1.0, 0.3224, 0.4709]. Recommendation = [0.0, 0.2654, 0.0894], Current Cost = 5053.00, Rho = 1.000
(iter 10) [0.0, 0.5394, 0.6501] = 443.1897, sampling [1.0, -0.2520, 1.9244]. Recommendation = [0.0, 0.2654, 0.0894], Current Cost = 5054.00, Rho = 1.000
(iter 10) [0.0, 0.5394, 0.6501] = 443.1897, sampling [1.0, -0.9805, 1.4792]. Recommendation = [0.0, 0.2654, 0.0894], Current Cost = 5055.00, Rho = 1.000
(iter 10) [0.0, 0.5394, 0.6501] = 443.1897, sampling [1.0, 0.0744, -0.5121]. Recommendation = [0.0, 0.2654, 0.0894], Current Cost = 5056.00, Rho = 1.000
(iter 10) [0.0, 0.5394, 0.6501] = 443.1897, sampling [1.0, 0.7487, 1.0454]. Recommendation = [0.0, 0.2654, 0.0894], Current Cost = 5057.00, Rho = 1.000
(iter 10) [0.0, 0.5394, 0.6501] = 443.1897, sampling [1.0, -0.6425, 0.2360]. Recommendation = [0.0, 0.2654, 0.0894], Current Cost = 5058.00, Rho = 1.000
(iter 10) [0.0, 0.5394, 0.6501] = 443.1897, sampling [1.0, 0.8737, 0.4373]. Recommendation = [0.0, 0.2654, 0.0894], Current Cost = 5059.00, Rho = 1.000
(iter 10) [0.0, 0.5394, 0.6501] = 443.1897, sampling [1.0, -1.3346, -1.0797]. Recommendation = [0.0, 0.2654, 0.0894], Current Cost = 5060.00, Rho = 1.000
(iter 10) [0.0, 0.5394, 0.6501] = 443.1897, sampling [1.0, -0.4642, 0.5320]. Recommendation = [0.0, 0.2654, 0.0894], Current Cost = 5061.00, Rho = 1.000
(iter 10) [0.0, 0.5394, 0.6501] = 443.1897, sampling [1.0, 1.1492, 1.6587]. Recommendation = [0.0, 0.2654, 0.0894], Current Cost = 5062.00, Rho = 1.000
(iter 10) [0.0, 0.5394, 0.6501] = 443.1897, sampling [1.0, 0.7992, 0.0689]. Recommendation = [0.0, 0.2654, 0.0894], Current Cost = 5063.00, Rho = 1.000
(iter 10) [0.0, 0.5394, 0.6501] = 443.1897, sampling [1.0, -0.1534, 1.2032]. Recommendation = [0.0, 0.4507, 0.1609], Current Cost = 5064.00, Rho = 1.000
(iter 10) [0.0, 0.5394, 0.6501] = 443.1897, sampling [1.0, 0.2730, -0.1699]. Recommendation = [0.0, 0.4507, 0.1609], Current Cost = 5065.00, Rho = 1.000
(iter 10) [0.0, 0.5394, 0.6501] = 443.1897, sampling [1.0, -1.0707, 0.9762]. Recommendation = [0.0, 0.4507, 0.1609], Current Cost = 5066.00, Rho = 1.000
(iter 10) [0.0, 0.5394, 0.6501] = 443.1897, sampling [1.0, -0.1608, 0.3455]. Recommendation = [0.0, 0.4507, 0.1609], Current Cost = 5067.00, Rho = 1.000
(iter 10) [0.0, 0.5394, 0.6501] = 443.1897, sampling [1.0, 1.4413, 0.7831]. Recommendation = [0.0, 0.4507, 0.1609], Current Cost = 5068.00, Rho = 1.000
(iter 10) [0.0, 0.5394, 0.6501] = 443.1897, sampling [1.0, 0.5979, 0.1346]. Recommendation = [0.0, 0.4507, 0.1609], Current Cost = 5069.00, Rho = 1.000
(iter 10) [0.0, 0.5394, 0.6501] = 443.1897, sampling [1.0, -1.5122, 1.9996]. Recommendation = [0.0, 0.4507, 0.1609], Current Cost = 5070.00, Rho = 1.000
(iter 10) [0.0, 0.5394, 0.6501] = 443.1897, sampling [1.0, -1.4162, 1.7035]. Recommendation = [0.0, 0.4507, 0.1609], Current Cost = 5071.00, Rho = 1.000
(iter 10) [0.0, 0.5394, 0.6501] = 443.1897, sampling [1.0, 0.2464, 0.2887]. Recommendation = [0.0, 0.4507, 0.1609], Current Cost = 5072.00, Rho = 1.000
(iter 10) [0.0, 0.5394, 0.6501] = 443.1897, sampling [1.0, -0.4986, -0.6261]. Recommendation = [0.0, 0.4507, 0.1609], Current Cost = 5073.00, Rho = 1.000
(iter 10) [0.0, 0.5394, 0.6501] = 443.1897, sampling [1.0, 0.9338, 1.2603]. Recommendation = [0.0, 0.4507, 0.1609], Current Cost = 5074.00, Rho = 1.000
(iter 10) [0.0, 0.5394, 0.6501] = 443.1897, sampling [1.0, 0.5266, -0.2469]. Recommendation = [0.0, 0.4507, 0.1609], Current Cost = 5075.00, Rho = 1.000
(iter 10) [0.0, 0.5394, 0.6501] = 443.1897, sampling [1.0, 1.1585, 0.1688]. Recommendation = [0.0, 0.4507, 0.1609], Current Cost = 5076.00, Rho = 1.000
(iter 10) [0.0, 0.5394, 0.6501] = 443.1897, sampling [1.0, 0.4598, 0.7965]. Recommendation = [0.0, 0.4507, 0.1609], Current Cost = 5077.00, Rho = 1.000
(iter 10) [0.0, 0.5394, 0.6501] = 443.1897, sampling [1.0, 0.5125, 0.3432]. Recommendation = [0.0, 0.4507, 0.1609], Current Cost = 5078.00, Rho = 1.000
(iter 10) [0.0, 0.5394, 0.6501] = 443.1897, sampling [1.0, 1.1007, 1.0965]. Recommendation = [0.0, 0.4507, 0.1609], Current Cost = 5079.00, Rho = 1.000
(iter 10) [0.0, 0.5394, 0.6501] = 443.1897, sampling [1.0, 1.3879, 1.1883]. Recommendation = [0.0, 0.4507, 0.1609], Current Cost = 5080.00, Rho = 1.000
(iter 10) [0.0, 0.5394, 0.6501] = 443.1897, sampling [1.0, 1.3474, 1.5281]. Recommendation = [0.0, 0.4507, 0.1609], Current Cost = 5081.00, Rho = 1.000
(iter 10) [0.0, 0.5394, 0.6501] = 443.1897, sampling [1.0, -0.3880, -0.1036]. Recommendation = [0.0, 0.4507, 0.1609], Current Cost = 5082.00, Rho = 1.000
(iter 10) [0.0, 0.5394, 0.6501] = 443.1897, sampling [1.0, -0.8697, 1.2672]. Recommendation = [0.0, 0.4507, 0.1609], Current Cost = 5083.00, Rho = 1.000
(iter 10) [0.0, 0.5394, 0.6501] = 443.1897, sampling [1.0, -0.0681, -0.5806]. Recommendation = [0.0, 0.4507, 0.1609], Current Cost = 5084.00, Rho = 1.000
(iter 10) [0.0, 0.5394, 0.6501] = 443.1897, sampling [1.0, -0.3455, 0.3346]. Recommendation = [0.0, 0.4507, 0.1609], Current Cost = 5085.00, Rho = 1.000
(iter 10) [0.0, 0.5394, 0.6501] = 443.1897, sampling [1.0, -0.9072, 0.7473]. Recommendation = [0.0, 0.4507, 0.1609], Current Cost = 5086.00, Rho = 1.000
(iter 10) [0.0, 0.5394, 0.6501] = 443.1897, sampling [1.0, 1.5445, 1.7437]. Recommendation = [0.0, 0.4507, 0.1609], Current Cost = 5087.00, Rho = 1.000
(iter 10) [0.0, 0.5394, 0.6501] = 443.1897, sampling [1.0, -0.0196, 0.6060]. Recommendation = [0.0, 0.4507, 0.1609], Current Cost = 5088.00, Rho = 1.000
(iter 10) [0.0, 0.5394, 0.6501] = 443.1897, sampling [1.0, 1.0729, 0.4017]. Recommendation = [0.0, 0.4507, 0.1609], Current Cost = 5089.00, Rho = 1.000
(iter 10) [0.0, 0.5394, 0.6501] = 443.1897, sampling [1.0, -1.2834, 0.5771]. Recommendation = [0.0, 0.4507, 0.1609], Current Cost = 5090.00, Rho = 1.000
(iter 10) [0.0, 0.5394, 0.6501] = 443.1897, sampling [1.0, 0.5888, 1.5901]. Recommendation = [0.0, 0.4507, 0.1609], Current Cost = 5091.00, Rho = 1.000
(iter 10) [0.0, 0.5394, 0.6501] = 443.1897, sampling [1.0, -1.2665, 1.2423]. Recommendation = [0.0, 0.4507, 0.1609], Current Cost = 5092.00, Rho = 1.000
(iter 10) [0.0, 0.5394, 0.6501] = 443.1897, sampling [1.0, 1.2105, 0.8222]. Recommendation = [0.0, 0.4507, 0.1609], Current Cost = 5093.00, Rho = 1.000
(iter 10) [0.0, 0.5394, 0.6501] = 443.1897, sampling [1.0, 0.4507, 0.1609]. Recommendation = [0.0, 0.4507, 0.1609], Current Cost = 5094.00, Rho = 1.000
(iter 10) [0.0, 0.5394, 0.6501] = 443.1897, sampling [1.0, 0.0259, 1.0255]. Recommendation = [0.0, 0.2654, 0.0894], Current Cost = 5095.00, Rho = 1.000
(iter 10) [0.0, 0.5394, 0.6501] = 443.1897, sampling [1.0, -0.6030, 0.9868]. Recommendation = [0.0, 0.2654, 0.0894], Current Cost = 5096.00, Rho = 1.000
(iter 10) [0.0, 0.5394, 0.6501] = 443.1897, sampling [1.0, -0.4168, 0.7341]. Recommendation = [0.0, 0.2654, 0.0894], Current Cost = 5097.00, Rho = 1.000
(iter 10) [0.0, 0.5394, 0.6501] = 443.1897, sampling [1.0, -0.9222, -0.2004]. Recommendation = [0.0, 0.2654, 0.0894], Current Cost = 5098.00, Rho = 1.000
(iter 10) [0.0, 0.5394, 0.6501] = 443.1897, sampling [1.0, -0.1093, -0.4269]. Recommendation = [0.0, 0.2654, 0.0894], Current Cost = 5099.00, Rho = 1.000
(iter 10) [0.0, 0.5394, 0.6501] = 443.1897, sampling [1.0, -1.0029, 0.2104]. Recommendation = [0.0, 0.2654, 0.0894], Current Cost = 5100.00, Rho = 1.000
(iter 10) [0.0, 0.5394, 0.6501] = 443.1897, sampling [1.0, 0.4298, 0.5993]. Recommendation = [0.0, 0.2654, 0.0894], Current Cost = 5101.00, Rho = 1.000
(iter 10) [0.0, 0.5394, 0.6501] = 443.1897, sampling [1.0, 0.3824, -0.4601]. Recommendation = [0.0, 0.2654, 0.0894], Current Cost = 5102.00, Rho = 1.000
(iter 10) [0.0, 0.5394, 0.6501] = 443.1897, sampling [1.0, 0.4679, 1.1235]. Recommendation = [0.0, 0.2654, 0.0894], Current Cost = 5103.00, Rho = 1.000
(iter 10) [0.0, 0.5394, 0.6501] = 443.1897, sampling [1.0, -1.5213, 1.8509]. Recommendation = [0.0, 0.2654, 0.0894], Current Cost = 5104.00, Rho = 1.000
(iter 10) [0.0, 0.5394, 0.6501] = 443.1897, sampling [1.0, -1.0205, 0.8849]. Recommendation = [0.0, 0.2654, 0.0894], Current Cost = 5105.00, Rho = 1.000
(iter 10) [0.0, 0.5394, 0.6501] = 443.1897, sampling [1.0, -1.0281, 1.6053]. Recommendation = [0.0, 0.2654, 0.0894], Current Cost = 5106.00, Rho = 1.000
(iter 10) [0.0, 0.5394, 0.6501] = 443.1897, sampling [1.0, -0.1840, 0.2254]. Recommendation = [0.0, 0.2654, 0.0894], Current Cost = 5107.00, Rho = 1.000
(iter 10) [0.0, 0.5394, 0.6501] = 443.1897, sampling [1.0, -0.4385, 1.4388]. Recommendation = [0.0, 0.2654, 0.0894], Current Cost = 5108.00, Rho = 1.000
(iter 10) [0.0, 0.5394, 0.6501] = 443.1897, sampling [1.0, 0.1604, -0.8541]. Recommendation = [0.0, 0.2654, 0.0894], Current Cost = 5109.00, Rho = 1.000
(iter 10) [0.0, 0.5394, 0.6501] = 443.1897, sampling [1.0, 0.2314, -0.5901]. Recommendation = [0.0, 0.2654, 0.0894], Current Cost = 5110.00, Rho = 1.000
(iter 10) [0.0, 0.5394, 0.6501] = 443.1897, sampling [1.0, 0.8284, -0.3805]. Recommendation = [0.0, 0.2654, 0.0894], Current Cost = 5111.00, Rho = 1.000
(iter 10) [0.0, 0.5394, 0.6501] = 443.1897, sampling [1.0, 0.5621, -0.1161]. Recommendation = [0.0, 1.3279, 1.7461], Current Cost = 5112.00, Rho = 1.000
(iter 10) [0.0, 0.5394, 0.6501] = 443.1897, sampling [1.0, 0.8575, 0.9940]. Recommendation = [0.0, 1.3279, 1.7461], Current Cost = 5113.00, Rho = 1.000
(iter 10) [0.0, 0.5394, 0.6501] = 443.1897, sampling [1.0, 1.5104, 1.8636]. Recommendation = [0.0, 1.3279, 1.7461], Current Cost = 5114.00, Rho = 1.000
(iter 10) [0.0, 0.5394, 0.6501] = 443.1897, sampling [1.0, -0.0488, 0.4471]. Recommendation = [0.0, 1.3279, 1.7461], Current Cost = 5115.00, Rho = 1.000
(iter 10) [0.0, 0.5394, 0.6501] = 443.1897, sampling [1.0, 0.9694, -0.0347]. Recommendation = [0.0, 1.3279, 1.7461], Current Cost = 5116.00, Rho = 1.000
(iter 10) [0.0, 0.5394, 0.6501] = 443.1897, sampling [1.0, 0.2654, 0.0894]. Recommendation = [0.0, 1.3279, 1.7461], Current Cost = 5117.00, Rho = 1.000
(iter 10) [0.0, 0.5394, 0.6501] = 443.1897, sampling [1.0, -0.7484, 0.9439]. Recommendation = [0.0, 1.3279, 1.7461], Current Cost = 5118.00, Rho = 1.000
(iter 10) [0.0, 0.5394, 0.6501] = 443.1897, sampling [1.0, 0.6052, -0.4781]. Recommendation = [0.0, 1.3279, 1.7461], Current Cost = 5119.00, Rho = 1.000
(iter 10) [0.0, 0.5394, 0.6501] = 443.1897, sampling [1.0, -1.2616, 1.8670]. Recommendation = [0.0, 1.3279, 1.7461], Current Cost = 5120.00, Rho = 1.000
(iter 10) [0.0, 0.5394, 0.6501] = 443.1897, sampling [1.0, 0.7837, 0.1910]. Recommendation = [0.0, 1.3279, 1.7461], Current Cost = 5121.00, Rho = 1.000
(iter 10) [0.0, 0.5394, 0.6501] = 443.1897, sampling [1.0, -0.8313, 1.6919]. Recommendation = [0.0, 1.3279, 1.7461], Current Cost = 5122.00, Rho = 1.000
(iter 10) [0.0, 0.5394, 0.6501] = 443.1897, sampling [1.0, 0.6507, -0.2593]. Recommendation = [0.0, 1.3279, 1.7461], Current Cost = 5123.00, Rho = 1.000
(iter 10) [0.0, 0.5394, 0.6501] = 443.1897, sampling [1.0, -0.1941, -1.0642]. Recommendation = [0.0, 1.3279, 1.7461], Current Cost = 5124.00, Rho = 1.000
(iter 10) [0.0, 0.5394, 0.6501] = 443.1897, sampling [1.0, -1.1238, 1.4671]. Recommendation = [0.0, 1.3279, 1.7461], Current Cost = 5125.00, Rho = 1.000
(iter 10) [0.0, 0.5394, 0.6501] = 443.1897, sampling [1.0, 0.1510, 0.2629]. Recommendation = [0.0, 1.3279, 1.7461], Current Cost = 5126.00, Rho = 1.000
(iter 10) [0.0, 0.5394, 0.6501] = 443.1897, sampling [1.0, 1.4731, 1.5984]. Recommendation = [0.0, 1.3279, 1.7461], Current Cost = 5127.00, Rho = 1.000
(iter 10) [0.0, 0.5394, 0.6501] = 443.1897, sampling [1.0, 0.8690, 1.9628]. Recommendation = [0.0, 1.3279, 1.7461], Current Cost = 5128.00, Rho = 1.000
(iter 10) [0.0, 0.5394, 0.6501] = 443.1897, sampling [1.0, 1.2904, 0.5575]. Recommendation = [0.0, 1.3279, 1.7461], Current Cost = 5129.00, Rho = 1.000
(iter 10) [0.0, 0.5394, 0.6501] = 443.1897, sampling [1.0, -0.8199, 1.1655]. Recommendation = [0.0, 1.3279, 1.7461], Current Cost = 5130.00, Rho = 1.000
(iter 10) [0.0, 0.5394, 0.6501] = 443.1897, sampling [1.0, 0.2386, 1.2518]. Recommendation = [0.0, 1.3279, 1.7461], Current Cost = 5131.00, Rho = 1.000
(iter 10) [0.0, 0.5394, 0.6501] = 443.1897, sampling [1.0, 1.1989, 1.1100]. Recommendation = [0.0, 1.3279, 1.7461], Current Cost = 5132.00, Rho = 1.000
(iter 10) [0.0, 0.5394, 0.6501] = 443.1897, sampling [1.0, -0.6508, 0.8340]. Recommendation = [0.0, 1.3279, 1.7461], Current Cost = 5133.00, Rho = 1.000
(iter 10) [0.0, 0.5394, 0.6501] = 443.1897, sampling [1.0, -1.1198, 0.5675]. Recommendation = [0.0, 1.3279, 1.7461], Current Cost = 5134.00, Rho = 1.000
(iter 10) [0.0, 0.5394, 0.6501] = 443.1897, sampling [1.0, 0.2552, -0.4054]. Recommendation = [0.0, 1.3279, 1.7461], Current Cost = 5135.00, Rho = 1.000
(iter 10) [0.0, 0.5394, 0.6501] = 443.1897, sampling [1.0, 0.8337, 0.4971]. Recommendation = [0.0, 1.3279, 1.7461], Current Cost = 5136.00, Rho = 1.000
(iter 10) [0.0, 0.5394, 0.6501] = 443.1897, sampling [1.0, 0.3661, -0.7839]. Recommendation = [0.0, 1.3279, 1.7461], Current Cost = 5137.00, Rho = 1.000
(iter 10) [0.0, 0.5394, 0.6501] = 443.1897, sampling [1.0, -0.4261, 0.3852]. Recommendation = [0.0, 1.3279, 1.7461], Current Cost = 5138.00, Rho = 1.000
(iter 10) [0.0, 0.5394, 0.6501] = 443.1897, sampling [1.0, 1.0666, 1.0388]. Recommendation = [0.0, 1.3279, 1.7461], Current Cost = 5139.00, Rho = 1.000
(iter 10) [0.0, 0.5394, 0.6501] = 443.1897, sampling [1.0, -0.6186, -0.9433]. Recommendation = [0.0, 1.3279, 1.7461], Current Cost = 5140.00, Rho = 1.000
(iter 10) [0.0, 0.5394, 0.6501] = 443.1897, sampling [1.0, -0.3814, 0.9217]. Recommendation = [0.0, 1.3279, 1.7461], Current Cost = 5141.00, Rho = 1.000
(iter 10) [0.0, 0.5394, 0.6501] = 443.1897, sampling [1.0, -1.1334, 1.6217]. Recommendation = [0.0, 1.3279, 1.7461], Current Cost = 5142.00, Rho = 1.000
(iter 10) [0.0, 0.5394, 0.6501] = 443.1897, sampling [1.0, -1.4423, 1.0629]. Recommendation = [0.0, 1.3279, 1.7461], Current Cost = 5143.00, Rho = 1.000
(iter 10) [0.0, 0.5394, 0.6501] = 443.1897, sampling [1.0, -0.5922, 1.1838]. Recommendation = [0.0, 1.3279, 1.7461], Current Cost = 5144.00, Rho = 1.000
(iter 10) [0.0, 0.5394, 0.6501] = 443.1897, sampling [1.0, -0.3597, -0.2228]. Recommendation = [0.0, 1.3279, 1.7461], Current Cost = 5145.00, Rho = 1.000
(iter 10) [0.0, 0.5394, 0.6501] = 443.1897, sampling [1.0, 0.9104, 1.5705]. Recommendation = [0.0, 1.3279, 1.7461], Current Cost = 5146.00, Rho = 1.000
(iter 10) [0.0, 0.5394, 0.6501] = 443.1897, sampling [1.0, 0.0046, 0.8732]. Recommendation = [0.0, 1.3279, 1.7461], Current Cost = 5147.00, Rho = 1.000
(iter 10) [0.0, 0.5394, 0.6501] = 443.1897, sampling [1.0, -1.2949, 1.1579]. Recommendation = [0.0, 1.3279, 1.7461], Current Cost = 5148.00, Rho = 1.000
(iter 10) [0.0, 0.5394, 0.6501] = 443.1897, sampling [1.0, 1.7169, 0.3641]. Recommendation = [0.0, 1.3279, 1.7461], Current Cost = 5149.00, Rho = 1.000
(iter 10) [0.0, 0.5394, 0.6501] = 443.1897, sampling [1.0, 0.3119, 0.3942]. Recommendation = [0.0, 1.3279, 1.7461], Current Cost = 5150.00, Rho = 1.000
(iter 10) [0.0, 0.5394, 0.6501] = 443.1897, sampling [1.0, 0.6863, 0.1397]. Recommendation = [0.0, 1.3279, 1.7461], Current Cost = 5151.00, Rho = 1.000
(iter 10) [0.0, 0.5394, 0.6501] = 443.1897, sampling [1.0, -1.9692, 0.3115]. Recommendation = [0.0, 1.3279, 1.7461], Current Cost = 5152.00, Rho = 1.000
(iter 10) [0.0, 0.5394, 0.6501] = 443.1897, sampling [1.0, -1.5901, 1.3718]. Recommendation = [0.0, 1.3279, 1.7461], Current Cost = 5153.00, Rho = 1.000
(iter 10) [0.0, 0.5394, 0.6501] = 443.1897, sampling [1.0, -1.1620, 0.8488]. Recommendation = [0.0, 1.3279, 1.7461], Current Cost = 5154.00, Rho = 1.000
(iter 10) [0.0, 0.5394, 0.6501] = 443.1897, sampling [1.0, 0.9662, 0.0994]. Recommendation = [0.0, 1.3279, 1.7461], Current Cost = 5155.00, Rho = 1.000
(iter 10) [0.0, 0.5394, 0.6501] = 443.1897, sampling [1.0, 0.0868, -0.4441]. Recommendation = [0.0, 1.3279, 1.7461], Current Cost = 5156.00, Rho = 1.000
(iter 10) [0.0, 0.5394, 0.6501] = 443.1897, sampling [1.0, 0.1729, 0.5046]. Recommendation = [0.0, 1.3279, 1.7461], Current Cost = 5157.00, Rho = 1.000
(iter 10) [0.0, 0.5394, 0.6501] = 443.1897, sampling [1.0, 1.0356, 1.6311]. Recommendation = [0.0, 1.3279, 1.7461], Current Cost = 5158.00, Rho = 1.000
(iter 10) [0.0, 0.5394, 0.6501] = 443.1897, sampling [1.0, -0.2668, 0.4841]. Recommendation = [0.0, 1.3279, 1.7461], Current Cost = 5159.00, Rho = 1.000
(iter 10) [0.0, 0.5394, 0.6501] = 443.1897, sampling [1.0, -0.4554, 0.6626]. Recommendation = [0.0, 1.3279, 1.7461], Current Cost = 5160.00, Rho = 1.000
(iter 10) [0.0, 0.5394, 0.6501] = 443.1897, sampling [1.0, 0.6742, 0.2747]. Recommendation = [0.0, 1.3279, 1.7461], Current Cost = 5161.00, Rho = 1.000
(iter 10) [0.0, 0.5394, 0.6501] = 443.1897, sampling [1.0, 1.3606, 1.3973]. Recommendation = [0.0, 1.3279, 1.7461], Current Cost = 5162.00, Rho = 1.000
(iter 10) [0.0, 0.5394, 0.6501] = 443.1897, sampling [1.0, -0.3389, 0.2423]. Recommendation = [0.0, 1.3279, 1.7461], Current Cost = 5163.00, Rho = 1.000
(iter 10) [0.0, 0.5394, 0.6501] = 443.1897, sampling [1.0, 0.5314, 0.7376]. Recommendation = [0.0, 1.3279, 1.7461], Current Cost = 5164.00, Rho = 1.000
(iter 10) [0.0, 0.5394, 0.6501] = 443.1897, sampling [1.0, -0.8888, 1.4981]. Recommendation = [0.0, 1.3279, 1.7461], Current Cost = 5165.00, Rho = 1.000
(iter 10) [0.0, 0.5394, 0.6501] = 443.1897, sampling [1.0, 0.4353, -0.3975]. Recommendation = [0.0, 1.3279, 1.7461], Current Cost = 5166.00, Rho = 1.000
(iter 10) [0.0, 0.5394, 0.6501] = 443.1897, sampling [1.0, -0.4133, -1.3518]. Recommendation = [0.0, 1.3279, 1.7461], Current Cost = 5167.00, Rho = 1.000
(iter 10) [0.0, 0.5394, 0.6501] = 443.1897, sampling [1.0, 0.1584, -1.2277]. Recommendation = [0.0, 1.3279, 1.7461], Current Cost = 5168.00, Rho = 1.000
(iter 10) [0.0, 0.5394, 0.6501] = 443.1897, sampling [1.0, -0.5489, 1.7153]. Recommendation = [0.0, 1.3279, 1.7461], Current Cost = 5169.00, Rho = 1.000
(iter 10) [0.0, 0.5394, 0.6501] = 443.1897, sampling [1.0, -0.7899, 0.8261]. Recommendation = [0.0, 1.3279, 1.7461], Current Cost = 5170.00, Rho = 1.000
(iter 10) [0.0, 0.5394, 0.6501] = 443.1897, sampling [1.0, -0.7326, -0.4380]. Recommendation = [0.0, 1.3279, 1.7461], Current Cost = 5171.00, Rho = 1.000
(iter 10) [0.0, 0.5394, 0.6501] = 443.1897, sampling [1.0, -1.2020, 0.7009]. Recommendation = [0.0, 1.3279, 1.7461], Current Cost = 5172.00, Rho = 1.000
(iter 10) [0.0, 0.5394, 0.6501] = 443.1897, sampling [1.0, 0.5736, 0.0838]. Recommendation = [0.0, 1.3279, 1.7461], Current Cost = 5173.00, Rho = 1.000
(iter 10) [0.0, 0.5394, 0.6501] = 443.1897, sampling [1.0, 0.7171, 1.5070]. Recommendation = [0.0, 1.3279, 1.7461], Current Cost = 5174.00, Rho = 1.000
(iter 10) [0.0, 0.5394, 0.6501] = 443.1897, sampling [1.0, -1.9257, 1.9170]. Recommendation = [0.0, 1.3279, 1.7461], Current Cost = 5175.00, Rho = 1.000
(iter 10) [0.0, 0.5394, 0.6501] = 443.1897, sampling [1.0, 0.4468, 1.4584]. Recommendation = [0.0, 1.3279, 1.7461], Current Cost = 5176.00, Rho = 1.000
(iter 10) [0.0, 0.5394, 0.6501] = 443.1897, sampling [1.0, -0.3682, -1.9753]. Recommendation = [0.0, 1.3279, 1.7461], Current Cost = 5177.00, Rho = 1.000
(iter 10) [0.0, 0.5394, 0.6501] = 443.1897, sampling [1.0, -0.0964, -1.3634]. Recommendation = [0.0, 1.3279, 1.7461], Current Cost = 5178.00, Rho = 1.000
(iter 10) [0.0, 0.5394, 0.6501] = 443.1897, sampling [1.0, 0.3860, -1.0343]. Recommendation = [0.0, 1.3279, 1.7461], Current Cost = 5179.00, Rho = 1.000
(iter 10) [0.0, 0.5394, 0.6501] = 443.1897, sampling [1.0, 0.4013, 0.5450]. Recommendation = [0.0, 1.3279, 1.7461], Current Cost = 5180.00, Rho = 1.000
(iter 10) [0.0, 0.5394, 0.6501] = 443.1897, sampling [1.0, -0.0439, -0.4717]. Recommendation = [0.0, 1.3279, 1.7461], Current Cost = 5181.00, Rho = 1.000
(iter 10) [0.0, 0.5394, 0.6501] = 443.1897, sampling [1.0, 0.1396, 1.9747]. Recommendation = [0.0, 1.3279, 1.7461], Current Cost = 5182.00, Rho = 1.000
(iter 10) [0.0, 0.5394, 0.6501] = 443.1897, sampling [1.0, 0.8078, 1.0781]. Recommendation = [0.0, 1.3279, 1.7461], Current Cost = 5183.00, Rho = 1.000
(iter 10) [0.0, 0.5394, 0.6501] = 443.1897, sampling [1.0, 1.5384, 1.3003]. Recommendation = [0.0, 1.3279, 1.7461], Current Cost = 5184.00, Rho = 1.000
(iter 10) [0.0, 0.5394, 0.6501] = 443.1897, sampling [1.0, -1.2129, 1.5471]. Recommendation = [0.0, 1.3279, 1.7461], Current Cost = 5185.00, Rho = 1.000
(iter 10) [0.0, 0.5394, 0.6501] = 443.1897, sampling [1.0, 0.3958, 0.9307]. Recommendation = [0.0, 1.3279, 1.7461], Current Cost = 5186.00, Rho = 1.000
(iter 10) [0.0, 0.5394, 0.6501] = 443.1897, sampling [1.0, -0.4434, -1.0814]. Recommendation = [0.0, 1.3279, 1.7461], Current Cost = 5187.00, Rho = 1.000
(iter 10) [0.0, 0.5394, 0.6501] = 443.1897, sampling [1.0, -0.3178, 1.2812]. Recommendation = [0.0, 1.3279, 1.7461], Current Cost = 5188.00, Rho = 1.000
(iter 10) [0.0, 0.5394, 0.6501] = 443.1897, sampling [1.0, -0.9188, 1.9330]. Recommendation = [0.0, 1.3279, 1.7461], Current Cost = 5189.00, Rho = 1.000
(iter 10) [0.0, 0.5394, 0.6501] = 443.1897, sampling [1.0, -0.5847, -0.7256]. Recommendation = [0.0, 1.3279, 1.7461], Current Cost = 5190.00, Rho = 1.000
(iter 10) [0.0, 0.5394, 0.6501] = 443.1897, sampling [1.0, 1.0188, -0.2117]. Recommendation = [0.0, 1.3279, 1.7461], Current Cost = 5191.00, Rho = 1.000
(iter 10) [0.0, 0.5394, 0.6501] = 443.1897, sampling [1.0, 0.6593, -0.3611]. Recommendation = [0.0, 1.3279, 1.7461], Current Cost = 5192.00, Rho = 1.000
(iter 10) [0.0, 0.5394, 0.6501] = 443.1897, sampling [1.0, -1.3472, 0.9643]. Recommendation = [0.0, 1.3279, 1.7461], Current Cost = 5193.00, Rho = 1.000
(iter 10) [0.0, 0.5394, 0.6501] = 443.1897, sampling [1.0, 1.4068, 0.9086]. Recommendation = [0.0, 1.3279, 1.7461], Current Cost = 5194.00, Rho = 1.000
(iter 10) [0.0, 0.5394, 0.6501] = 443.1897, sampling [1.0, -1.0156, 0.1178]. Recommendation = [0.0, 1.3279, 1.7461], Current Cost = 5195.00, Rho = 1.000
(iter 10) [0.0, 0.5394, 0.6501] = 443.1897, sampling [1.0, -0.5564, 1.0559]. Recommendation = [0.0, 1.3279, 1.7461], Current Cost = 5196.00, Rho = 1.000
(iter 10) [0.0, 0.5394, 0.6501] = 443.1897, sampling [1.0, 0.7618, -0.5455]. Recommendation = [0.0, 1.3279, 1.7461], Current Cost = 5197.00, Rho = 1.000
(iter 10) [0.0, 0.5394, 0.6501] = 443.1897, sampling [1.0, -0.9517, 1.7338]. Recommendation = [0.0, 1.3279, 1.7461], Current Cost = 5198.00, Rho = 1.000
(iter 10) [0.0, 0.5394, 0.6501] = 443.1897, sampling [1.0, -1.6088, 1.8381]. Recommendation = [0.0, 1.3279, 1.7461], Current Cost = 5199.00, Rho = 1.000
(iter 10) [0.0, 0.5394, 0.6501] = 443.1897, sampling [1.0, 1.5859, 1.8176]. Recommendation = [0.0, 1.3279, 1.7461], Current Cost = 5200.00, Rho = 1.000
(iter 10) [0.0, 0.5394, 0.6501] = 443.1897, sampling [1.0, -1.1774, -1.9949]. Recommendation = [0.0, 1.3279, 1.7461], Current Cost = 5201.00, Rho = 1.000
(iter 10) [0.0, 0.5394, 0.6501] = 443.1897, sampling [1.0, -1.4669, 1.3168]. Recommendation = [0.0, 1.3279, 1.7461], Current Cost = 5202.00, Rho = 1.000
(iter 10) [0.0, 0.5394, 0.6501] = 443.1897, sampling [1.0, -0.8541, -0.2859]. Recommendation = [0.0, 1.3279, 1.7461], Current Cost = 5203.00, Rho = 1.000
(iter 10) [0.0, 0.5394, 0.6501] = 443.1897, sampling [1.0, 0.7350, 1.6446]. Recommendation = [0.0, 1.3279, 1.7461], Current Cost = 5204.00, Rho = 1.000
(iter 10) [0.0, 0.5394, 0.6501] = 443.1897, sampling [1.0, 0.0207, 1.1927]. Recommendation = [0.0, 1.3279, 1.7461], Current Cost = 5205.00, Rho = 1.000
(iter 10) [0.0, 0.5394, 0.6501] = 443.1897, sampling [1.0, 1.9813, 1.7614]. Recommendation = [0.0, 1.3279, 1.7461], Current Cost = 5206.00, Rho = 1.000
(iter 10) [0.0, 0.5394, 0.6501] = 443.1897, sampling [1.0, -0.3113, -0.3334]. Recommendation = [0.0, 1.3279, 1.7461], Current Cost = 5207.00, Rho = 1.000
(iter 10) [0.0, 0.5394, 0.6501] = 443.1897, sampling [1.0, -0.1289, -1.1896]. Recommendation = [0.0, 1.3279, 1.7461], Current Cost = 5208.00, Rho = 1.000
(iter 10) [0.0, 0.5394, 0.6501] = 443.1897, sampling [1.0, -0.4797, 0.7223]. Recommendation = [0.0, 1.3279, 1.7461], Current Cost = 5209.00, Rho = 1.000
(iter 10) [0.0, 0.5394, 0.6501] = 443.1897, sampling [1.0, 1.3006, 0.8144]. Recommendation = [0.0, 1.3279, 1.7461], Current Cost = 5210.00, Rho = 1.000
(iter 10) [0.0, 0.5394, 0.6501] = 443.1897, sampling [1.0, 1.5212, 1.4194]. Recommendation = [0.0, 1.3279, 1.7461], Current Cost = 5211.00, Rho = 1.000
(iter 10) [0.0, 0.5394, 0.6501] = 443.1897, sampling [1.0, 1.2603, 0.4144]. Recommendation = [0.0, 1.3279, 1.7461], Current Cost = 5212.00, Rho = 1.000
(iter 10) [0.0, 0.5394, 0.6501] = 443.1897, sampling [1.0, 1.6743, 0.9600]. Recommendation = [0.0, 1.3279, 1.7461], Current Cost = 5213.00, Rho = 1.000
(iter 10) [0.0, 0.5394, 0.6501] = 443.1897, sampling [1.0, -1.2246, -0.3588]. Recommendation = [0.0, 1.3279, 1.7461], Current Cost = 5214.00, Rho = 1.000
(iter 10) [0.0, 0.5394, 0.6501] = 443.1897, sampling [1.0, 0.1187, 1.0693]. Recommendation = [0.0, 1.3279, 1.7461], Current Cost = 5215.00, Rho = 1.000
(iter 10) [0.0, 0.5394, 0.6501] = 443.1897, sampling [1.0, 0.2151, -0.8998]. Recommendation = [0.0, 1.3279, 1.7461], Current Cost = 5216.00, Rho = 1.000
(iter 10) [0.0, 0.5394, 0.6501] = 443.1897, sampling [1.0, -0.1796, -0.9870]. Recommendation = [0.0, 1.3279, 1.7461], Current Cost = 5217.00, Rho = 1.000
(iter 10) [0.0, 0.5394, 0.6501] = 443.1897, sampling [1.0, 0.8238, -0.8468]. Recommendation = [0.0, 1.3279, 1.7461], Current Cost = 5218.00, Rho = 1.000
(iter 10) [0.0, 0.5394, 0.6501] = 443.1897, sampling [1.0, 0.2162, -1.7154]. Recommendation = [0.0, 1.3279, 1.7461], Current Cost = 5219.00, Rho = 1.000
(iter 10) [0.0, 0.5394, 0.6501] = 443.1897, sampling [1.0, -0.1270, -1.5675]. Recommendation = [0.0, 1.3279, 1.7461], Current Cost = 5220.00, Rho = 1.000
(iter 10) [0.0, 0.5394, 0.6501] = 443.1897, sampling [1.0, -0.2919, 1.6105]. Recommendation = [0.0, 1.3279, 1.7461], Current Cost = 5221.00, Rho = 1.000
(iter 10) [0.0, 0.5394, 0.6501] = 443.1897, sampling [1.0, -1.1575, 0.0088]. Recommendation = [0.0, 1.3279, 1.7461], Current Cost = 5222.00, Rho = 1.000
(iter 10) [0.0, 0.5394, 0.6501] = 443.1897, sampling [1.0, -1.0730, 0.6763]. Recommendation = [0.0, 1.3279, 1.7461], Current Cost = 5223.00, Rho = 1.000
(iter 10) [0.0, 0.5394, 0.6501] = 443.1897, sampling [1.0, -0.7683, -0.7664]. Recommendation = [0.0, 1.3279, 1.7461], Current Cost = 5224.00, Rho = 1.000
(iter 10) [0.0, 0.5394, 0.6501] = 443.1897, sampling [1.0, 0.6294, 0.1532]. Recommendation = [0.0, 1.3279, 1.7461], Current Cost = 5225.00, Rho = 1.000
(iter 10) [0.0, 0.5394, 0.6501] = 443.1897, sampling [1.0, -1.7326, 1.7110]. Recommendation = [0.0, 1.3279, 1.7461], Current Cost = 5226.00, Rho = 1.000
(iter 10) [0.0, 0.5394, 0.6501] = 443.1897, sampling [1.0, 0.3371, -1.2084]. Recommendation = [0.0, 1.3279, 1.7461], Current Cost = 5227.00, Rho = 1.000
(iter 10) [0.0, 0.5394, 0.6501] = 443.1897, sampling [1.0, 1.1360, -0.4801]. Recommendation = [0.0, 1.3279, 1.7461], Current Cost = 5228.00, Rho = 1.000
(iter 10) [0.0, 0.5394, 0.6501] = 443.1897, sampling [1.0, 1.6840, 1.5612]. Recommendation = [0.0, 1.3279, 1.7461], Current Cost = 5229.00, Rho = 1.000
(iter 10) [0.0, 0.5394, 0.6501] = 443.1897, sampling [1.0, -0.6090, -0.6349]. Recommendation = [0.0, 1.3279, 1.7461], Current Cost = 5230.00, Rho = 1.000
(iter 10) [0.0, 0.5394, 0.6501] = 443.1897, sampling [1.0, 0.0982, -1.4775]. Recommendation = [0.0, 1.3279, 1.7461], Current Cost = 5231.00, Rho = 1.000
(iter 10) [0.0, 0.5394, 0.6501] = 443.1897, sampling [1.0, 1.3295, -0.0564]. Recommendation = [0.0, 1.3279, 1.7461], Current Cost = 5232.00, Rho = 1.000
(iter 10) [0.0, 0.5394, 0.6501] = 443.1897, sampling [1.0, 0.5059, 1.7271]. Recommendation = [0.0, 1.3279, 1.7461], Current Cost = 5233.00, Rho = 1.000
(iter 10) [0.0, 0.5394, 0.6501] = 443.1897, sampling [1.0, -0.1165, 1.3260]. Recommendation = [0.0, 1.3279, 1.7461], Current Cost = 5234.00, Rho = 1.000
(iter 10) [0.0, 0.5394, 0.6501] = 443.1897, sampling [1.0, -1.4723, 1.1494]. Recommendation = [0.0, 1.3279, 1.7461], Current Cost = 5235.00, Rho = 1.000
(iter 10) [0.0, 0.5394, 0.6501] = 443.1897, sampling [1.0, -0.0378, 0.5757]. Recommendation = [0.0, 1.3279, 1.7461], Current Cost = 5236.00, Rho = 1.000
(iter 10) [0.0, 0.5394, 0.6501] = 443.1897, sampling [1.0, -0.5267, 1.5255]. Recommendation = [0.0, 1.3279, 1.7461], Current Cost = 5237.00, Rho = 1.000
(iter 10) [0.0, 0.5394, 0.6501] = 443.1897, sampling [1.0, 0.4882, -1.0217]. Recommendation = [0.0, 1.3279, 1.7461], Current Cost = 5238.00, Rho = 1.000
(iter 10) [0.0, 0.5394, 0.6501] = 443.1897, sampling [1.0, -1.5575, 1.8783]. Recommendation = [0.0, 1.3279, 1.7461], Current Cost = 5239.00, Rho = 1.000
(iter 10) [0.0, 0.5394, 0.6501] = 443.1897, sampling [1.0, -0.8827, -0.4080]. Recommendation = [0.0, 1.3279, 1.7461], Current Cost = 5240.00, Rho = 1.000
(iter 10) [0.0, 0.5394, 0.6501] = 443.1897, sampling [1.0, 0.1282, 0.4552]. Recommendation = [0.0, 1.3279, 1.7461], Current Cost = 5241.00, Rho = 1.000
(iter 10) [0.0, 0.5394, 0.6501] = 443.1897, sampling [1.0, -0.3962, -0.0846]. Recommendation = [0.0, 1.3279, 1.7461], Current Cost = 5242.00, Rho = 1.000
(iter 10) [0.0, 0.5394, 0.6501] = 443.1897, sampling [1.0, -0.6373, 1.1146]. Recommendation = [0.0, 1.3279, 1.7461], Current Cost = 5243.00, Rho = 1.000
(iter 10) [0.0, 0.5394, 0.6501] = 443.1897, sampling [1.0, 0.8847, -0.6083]. Recommendation = [0.0, 1.3279, 1.7461], Current Cost = 5244.00, Rho = 1.000
(iter 10) [0.0, 0.5394, 0.6501] = 443.1897, sampling [1.0, 0.0523, 0.9017]. Recommendation = [0.0, 1.3279, 1.7461], Current Cost = 5245.00, Rho = 1.000
(iter 10) [0.0, 0.5394, 0.6501] = 443.1897, sampling [1.0, -0.6821, -1.1801]. Recommendation = [0.0, 1.3279, 1.7461], Current Cost = 5246.00, Rho = 1.000
(iter 10) [0.0, 0.5394, 0.6501] = 443.1897, sampling [1.0, 0.5789, -1.3062]. Recommendation = [0.0, 1.3279, 1.7461], Current Cost = 5247.00, Rho = 1.000
(iter 10) [0.0, 0.5394, 0.6501] = 443.1897, sampling [1.0, 0.6361, 1.4852]. Recommendation = [0.0, 1.3279, 1.7461], Current Cost = 5248.00, Rho = 1.000
(iter 10) [0.0, 0.5394, 0.6501] = 443.1897, sampling [1.0, 1.3587, 0.6416]. Recommendation = [0.0, 1.3279, 1.7461], Current Cost = 5249.00, Rho = 1.000
(iter 10) [0.0, 0.5394, 0.6501] = 443.1897, sampling [1.0, 0.9531, -0.4233]. Recommendation = [0.0, 1.3279, 1.7461], Current Cost = 5250.00, Rho = 1.000
(iter 10) [0.0, 0.5394, 0.6501] = 443.1897, sampling [1.0, -1.4102, 1.3096]. Recommendation = [0.0, 1.3279, 1.7461], Current Cost = 5251.00, Rho = 1.000
(iter 10) [0.0, 0.5394, 0.6501] = 443.1897, sampling [1.0, -1.5391, 0.9703]. Recommendation = [0.0, 1.3279, 1.7461], Current Cost = 5252.00, Rho = 1.000
(iter 10) [0.0, 0.5394, 0.6501] = 443.1897, sampling [1.0, 0.8973, 1.6352]. Recommendation = [0.0, 1.3279, 1.7461], Current Cost = 5253.00, Rho = 1.000
(iter 10) [0.0, 0.5394, 0.6501] = 443.1897, sampling [1.0, 0.2967, 1.7554]. Recommendation = [0.0, 1.3279, 1.7461], Current Cost = 5254.00, Rho = 1.000
(iter 10) [0.0, 0.5394, 0.6501] = 443.1897, sampling [1.0, -0.2217, -1.1970]. Recommendation = [0.0, 1.3279, 1.7461], Current Cost = 5255.00, Rho = 1.000
(iter 10) [0.0, 0.5394, 0.6501] = 443.1897, sampling [1.0, 1.3053, 0.2196]. Recommendation = [0.0, 1.3279, 1.7461], Current Cost = 5256.00, Rho = 1.000
(iter 10) [0.0, 0.5394, 0.6501] = 443.1897, sampling [1.0, -0.2367, 1.3801]. Recommendation = [0.0, 1.3279, 1.7461], Current Cost = 5257.00, Rho = 1.000
(iter 10) [0.0, 0.5394, 0.6501] = 443.1897, sampling [1.0, -0.9966, -0.7502]. Recommendation = [0.0, 1.3279, 1.7461], Current Cost = 5258.00, Rho = 1.000
(iter 10) [0.0, 0.5394, 0.6501] = 443.1897, sampling [1.0, -1.9448, 1.4906]. Recommendation = [0.0, 1.3279, 1.7461], Current Cost = 5259.00, Rho = 1.000
(iter 10) [0.0, 0.5394, 0.6501] = 443.1897, sampling [1.0, -0.0273, -1.9424]. Recommendation = [0.0, 1.3279, 1.7461], Current Cost = 5260.00, Rho = 1.000
(iter 10) [0.0, 0.5394, 0.6501] = 443.1897, sampling [1.0, -0.0613, 0.4619]. Recommendation = [0.0, 1.3279, 1.7461], Current Cost = 5261.00, Rho = 1.000
(iter 10) [0.0, 0.5394, 0.6501] = 443.1897, sampling [1.0, -0.5105, -1.6235]. Recommendation = [0.0, 1.3279, 1.7461], Current Cost = 5262.00, Rho = 1.000
(iter 10) [0.0, 0.5394, 0.6501] = 443.1897, sampling [1.0, 1.0270, -0.0498]. Recommendation = [0.0, 1.3279, 1.7461], Current Cost = 5263.00, Rho = 1.000
(iter 10) [0.0, 0.5394, 0.6501] = 443.1897, sampling [1.0, 0.6649, -0.2919]. Recommendation = [0.0, 1.3279, 1.7461], Current Cost = 5264.00, Rho = 1.000
(iter 10) [0.0, 0.5394, 0.6501] = 443.1897, sampling [1.0, -1.4945, 0.5884]. Recommendation = [0.0, 1.3279, 1.7461], Current Cost = 5265.00, Rho = 1.000
(iter 10) [0.0, 0.5394, 0.6501] = 443.1897, sampling [1.0, -0.5335, -0.6022]. Recommendation = [0.0, 1.3279, 1.7461], Current Cost = 5266.00, Rho = 1.000
(iter 10) [0.0, 0.5394, 0.6501] = 443.1897, sampling [1.0, -1.6235, 1.2320]. Recommendation = [0.0, 1.3279, 1.7461], Current Cost = 5267.00, Rho = 1.000
(iter 10) [0.0, 0.5394, 0.6501] = 443.1897, sampling [1.0, 0.0119, -1.3588]. Recommendation = [0.0, 1.3279, 1.7461], Current Cost = 5268.00, Rho = 1.000
(iter 10) [0.0, 0.5394, 0.6501] = 443.1897, sampling [1.0, -0.7927, -0.9201]. Recommendation = [0.0, 1.3279, 1.7461], Current Cost = 5269.00, Rho = 1.000
(iter 10) [0.0, 0.5394, 0.6501] = 443.1897, sampling [1.0, 0.3579, -1.5987]. Recommendation = [0.0, 1.3279, 1.7461], Current Cost = 5270.00, Rho = 1.000
(iter 10) [0.0, 0.5394, 0.6501] = 443.1897, sampling [1.0, 0.7844, -0.9783]. Recommendation = [0.0, 1.3279, 1.7461], Current Cost = 5271.00, Rho = 1.000
(iter 10) [0.0, 0.5394, 0.6501] = 443.1897, sampling [1.0, -0.3670, 1.3471]. Recommendation = [0.0, 1.3279, 1.7461], Current Cost = 5272.00, Rho = 1.000
(iter 10) [0.0, 0.5394, 0.6501] = 443.1897, sampling [1.0, -0.6576, -0.7545]. Recommendation = [0.0, 1.3279, 1.7461], Current Cost = 5273.00, Rho = 1.000
(iter 10) [0.0, 0.5394, 0.6501] = 443.1897, sampling [1.0, -0.0783, 1.7927]. Recommendation = [0.0, 1.3279, 1.7461], Current Cost = 5274.00, Rho = 1.000
(iter 10) [0.0, 0.5394, 0.6501] = 443.1897, sampling [1.0, -0.2047, -1.6895]. Recommendation = [0.0, 1.3279, 1.7461], Current Cost = 5275.00, Rho = 1.000
(iter 10) [0.0, 0.5394, 0.6501] = 443.1897, sampling [1.0, 1.2552, -0.2731]. Recommendation = [0.0, 1.3279, 1.7461], Current Cost = 5276.00, Rho = 1.000
(iter 10) [0.0, 0.5394, 0.6501] = 443.1897, sampling [1.0, -0.1484, -1.0994]. Recommendation = [0.0, 1.3279, 1.7461], Current Cost = 5277.00, Rho = 1.000
(iter 10) [0.0, 0.5394, 0.6501] = 443.1897, sampling [1.0, -1.1114, -0.5693]. Recommendation = [0.0, 1.3279, 1.7461], Current Cost = 5278.00, Rho = 1.000
(iter 10) [0.0, 0.5394, 0.6501] = 443.1897, sampling [1.0, 0.4975, 1.9021]. Recommendation = [0.0, 1.3279, 1.7461], Current Cost = 5279.00, Rho = 1.000
(iter 10) [0.0, 0.5394, 0.6501] = 443.1897, sampling [1.0, 1.0149, -0.1468]. Recommendation = [0.0, 1.3279, 1.7461], Current Cost = 5280.00, Rho = 1.000
(iter 10) [0.0, 0.5394, 0.6501] = 443.1897, sampling [1.0, -0.4594, 1.6504]. Recommendation = [0.0, 1.3279, 1.7461], Current Cost = 5281.00, Rho = 1.000
(iter 10) [0.0, 0.5394, 0.6501] = 443.1897, sampling [1.0, 0.2009, 1.2170]. Recommendation = [0.0, 1.3279, 1.7461], Current Cost = 5282.00, Rho = 1.000
(iter 10) [0.0, 0.5394, 0.6501] = 443.1897, sampling [1.0, -0.3292, 1.4546]. Recommendation = [0.0, 1.3279, 1.7461], Current Cost = 5283.00, Rho = 1.000
(iter 10) [0.0, 0.5394, 0.6501] = 443.1897, sampling [1.0, -0.8133, -0.4539]. Recommendation = [0.0, 1.3279, 1.7461], Current Cost = 5284.00, Rho = 1.000
(iter 10) [0.0, 0.5394, 0.6501] = 443.1897, sampling [1.0, 0.9913, -0.7009]. Recommendation = [0.0, 1.3279, 1.7461], Current Cost = 5285.00, Rho = 1.000
(iter 10) [0.0, 0.5394, 0.6501] = 443.1897, sampling [1.0, 1.8686, 1.1325]. Recommendation = [0.0, 1.3279, 1.7461], Current Cost = 5286.00, Rho = 1.000
(iter 10) [0.0, 0.5394, 0.6501] = 443.1897, sampling [1.0, -1.3815, -0.1345]. Recommendation = [0.0, 1.3279, 1.7461], Current Cost = 5287.00, Rho = 1.000
(iter 10) [0.0, 0.5394, 0.6501] = 443.1897, sampling [1.0, 1.8152, 1.6755]. Recommendation = [0.0, 1.3279, 1.7461], Current Cost = 5288.00, Rho = 1.000
(iter 10) [0.0, 0.5394, 0.6501] = 443.1897, sampling [1.0, -0.4014, -1.1189]. Recommendation = [0.0, 1.3279, 1.7461], Current Cost = 5289.00, Rho = 1.000
(iter 10) [0.0, 0.5394, 0.6501] = 443.1897, sampling [1.0, -1.7234, 1.3882]. Recommendation = [0.0, 1.3279, 1.7461], Current Cost = 5290.00, Rho = 1.000
(iter 10) [0.0, 0.5394, 0.6501] = 443.1897, sampling [1.0, 1.5335, 0.8079]. Recommendation = [0.0, 1.3279, 1.7461], Current Cost = 5291.00, Rho = 1.000
(iter 10) [0.0, 0.5394, 0.6501] = 443.1897, sampling [1.0, -0.7821, -1.4693]. Recommendation = [0.0, 1.3279, 1.7461], Current Cost = 5292.00, Rho = 1.000
(iter 10) [0.0, 0.5394, 0.6501] = 443.1897, sampling [1.0, 1.0621, -0.3727]. Recommendation = [0.0, 1.3279, 1.7461], Current Cost = 5293.00, Rho = 1.000
(iter 10) [0.0, 0.5394, 0.6501] = 443.1897, sampling [1.0, -1.4509, 1.0183]. Recommendation = [0.0, 1.3279, 1.7461], Current Cost = 5294.00, Rho = 1.000
(iter 10) [0.0, 0.5394, 0.6501] = 443.1897, sampling [1.0, 0.1883, -1.9855]. Recommendation = [0.0, 1.3279, 1.7461], Current Cost = 5295.00, Rho = 1.000
(iter 10) [0.0, 0.5394, 0.6501] = 443.1897, sampling [1.0, 1.9860, -0.1911]. Recommendation = [0.0, 1.3279, 1.7461], Current Cost = 5296.00, Rho = 1.000
(iter 10) [0.0, 0.5394, 0.6501] = 443.1897, sampling [1.0, -1.9991, -0.9514]. Recommendation = [0.0, 1.3279, 1.7461], Current Cost = 5297.00, Rho = 1.000
(iter 10) [0.0, 0.5394, 0.6501] = 443.1897, sampling [1.0, -0.9014, -1.0114]. Recommendation = [0.0, 1.3279, 1.7461], Current Cost = 5298.00, Rho = 1.000
(iter 10) [0.0, 0.5394, 0.6501] = 443.1897, sampling [1.0, 1.2843, 0.0529]. Recommendation = [0.0, 1.3279, 1.7461], Current Cost = 5299.00, Rho = 1.000
(iter 10) [0.0, 0.5394, 0.6501] = 443.1897, sampling [1.0, 0.6910, -1.5313]. Recommendation = [0.0, 1.3279, 1.7461], Current Cost = 5300.00, Rho = 1.000
(iter 10) [0.0, 0.5394, 0.6501] = 443.1897, sampling [1.0, 0.7029, -1.2704]. Recommendation = [0.0, 1.3279, 1.7461], Current Cost = 5301.00, Rho = 1.000
(iter 10) [0.0, 0.5394, 0.6501] = 443.1897, sampling [1.0, 0.5580, 1.7804]. Recommendation = [0.0, 1.3279, 1.7461], Current Cost = 5302.00, Rho = 1.000
(iter 10) [0.0, 0.5394, 0.6501] = 443.1897, sampling [1.0, -1.5495, 0.6830]. Recommendation = [0.0, 1.3279, 1.7461], Current Cost = 5303.00, Rho = 1.000
(iter 10) [0.0, 0.5394, 0.6501] = 443.1897, sampling [1.0, 1.3831, 0.2802]. Recommendation = [0.0, 1.3279, 1.7461], Current Cost = 5304.00, Rho = 1.000
(iter 10) [0.0, 0.5394, 0.6501] = 443.1897, sampling [1.0, -0.0013, -1.8080]. Recommendation = [0.0, 1.3279, 1.7461], Current Cost = 5305.00, Rho = 1.000
(iter 10) [0.0, 0.5394, 0.6501] = 443.1897, sampling [1.0, -0.2462, 1.6830]. Recommendation = [0.0, 1.3279, 1.7461], Current Cost = 5306.00, Rho = 1.000
(iter 10) [0.0, 0.5394, 0.6501] = 443.1897, sampling [1.0, -0.6975, -1.0944]. Recommendation = [0.0, 1.3279, 1.7461], Current Cost = 5307.00, Rho = 1.000
(iter 10) [0.0, 0.5394, 0.6501] = 443.1897, sampling [1.0, 0.6421, -1.7815]. Recommendation = [0.0, 1.3279, 1.7461], Current Cost = 5308.00, Rho = 1.000
(iter 10) [0.0, 0.5394, 0.6501] = 443.1897, sampling [1.0, 0.9931, -1.1303]. Recommendation = [0.0, 1.3279, 1.7461], Current Cost = 5309.00, Rho = 1.000
(iter 10) [0.0, 0.5394, 0.6501] = 443.1897, sampling [1.0, 1.7081, 0.6681]. Recommendation = [0.0, 1.3279, 1.7461], Current Cost = 5310.00, Rho = 1.000
(iter 10) [0.0, 0.5394, 0.6501] = 443.1897, sampling [1.0, 0.0441, 1.7885]. Recommendation = [0.0, 1.3279, 1.7461], Current Cost = 5311.00, Rho = 1.000
(iter 10) [0.0, 0.5394, 0.6501] = 443.1897, sampling [1.0, -1.4383, 0.1953]. Recommendation = [0.0, 1.3279, 1.7461], Current Cost = 5312.00, Rho = 1.000
(iter 10) [0.0, 0.5394, 0.6501] = 443.1897, sampling [1.0, -0.7154, -0.9544]. Recommendation = [0.0, 1.3279, 1.7461], Current Cost = 5313.00, Rho = 1.000
(iter 10) [0.0, 0.5394, 0.6501] = 443.1897, sampling [1.0, -0.7279, -0.8020]. Recommendation = [0.0, 1.3279, 1.7461], Current Cost = 5314.00, Rho = 1.000
(iter 10) [0.0, 0.5394, 0.6501] = 443.1897, sampling [1.0, 0.3357, -1.7698]. Recommendation = [0.0, 1.3279, 1.7461], Current Cost = 5315.00, Rho = 1.000
(iter 10) [0.0, 0.5394, 0.6501] = 443.1897, sampling [1.0, -0.8582, -0.8631]. Recommendation = [0.0, 1.3279, 1.7461], Current Cost = 5316.00, Rho = 1.000
(iter 10) [0.0, 0.5394, 0.6501] = 443.1897, sampling [1.0, 0.9207, -0.7385]. Recommendation = [0.0, 1.3279, 1.7461], Current Cost = 5317.00, Rho = 1.000
(iter 10) [0.0, 0.5394, 0.6501] = 443.1897, sampling [1.0, -1.7570, 0.8404]. Recommendation = [0.0, 1.3279, 1.7461], Current Cost = 5318.00, Rho = 1.000
(iter 10) [0.0, 0.5394, 0.6501] = 443.1897, sampling [1.0, -0.6244, -1.8542]. Recommendation = [0.0, 1.3279, 1.7461], Current Cost = 5319.00, Rho = 1.000
(iter 10) [0.0, 0.5394, 0.6501] = 443.1897, sampling [1.0, 1.1614, -0.8145]. Recommendation = [0.0, 1.3279, 1.7461], Current Cost = 5320.00, Rho = 1.000
(iter 10) [0.0, 0.5394, 0.6501] = 443.1897, sampling [1.0, -0.8765, -1.3036]. Recommendation = [0.0, 1.3279, 1.7461], Current Cost = 5321.00, Rho = 1.000
(iter 10) [0.0, 0.5394, 0.6501] = 443.1897, sampling [1.0, -0.5802, -1.5229]. Recommendation = [0.0, 1.3279, 1.7461], Current Cost = 5322.00, Rho = 1.000
(iter 10) [0.0, 0.5394, 0.6501] = 443.1897, sampling [1.0, 0.0389, 1.5835]. Recommendation = [0.0, 1.3279, 1.7461], Current Cost = 5323.00, Rho = 1.000
(iter 10) [0.0, 0.5394, 0.6501] = 443.1897, sampling [1.0, 1.0009, -0.6184]. Recommendation = [0.0, 1.3279, 1.7461], Current Cost = 5324.00, Rho = 1.000
(iter 10) [0.0, 0.5394, 0.6501] = 443.1897, sampling [1.0, 0.8474, 1.9809]. Recommendation = [0.0, 1.3279, 1.7461], Current Cost = 5325.00, Rho = 1.000
(iter 10) [0.0, 0.5394, 0.6501] = 443.1897, sampling [1.0, 0.4177, -1.0286]. Recommendation = [0.0, 1.3279, 1.7461], Current Cost = 5326.00, Rho = 1.000
(iter 10) [0.0, 0.5394, 0.6501] = 443.1897, sampling [1.0, 0.6205, -1.4306]. Recommendation = [0.0, 1.3279, 1.7461], Current Cost = 5327.00, Rho = 1.000
(iter 10) [0.0, 0.5394, 0.6501] = 443.1897, sampling [1.0, 0.9837, -0.3908]. Recommendation = [0.0, 1.3279, 1.7461], Current Cost = 5328.00, Rho = 1.000
(iter 10) [0.0, 0.5394, 0.6501] = 443.1897, sampling [1.0, 0.4750, 1.8079]. Recommendation = [0.0, 1.3279, 1.7461], Current Cost = 5329.00, Rho = 1.000
(iter 10) [0.0, 0.5394, 0.6501] = 443.1897, sampling [1.0, -0.0906, 1.8890]. Recommendation = [0.0, 1.3279, 1.7461], Current Cost = 5330.00, Rho = 1.000
(iter 10) [0.0, 0.5394, 0.6501] = 443.1897, sampling [1.0, 0.8532, 1.9475]. Recommendation = [0.0, 1.3279, 1.7461], Current Cost = 5331.00, Rho = 1.000
(iter 10) [0.0, 0.5394, 0.6501] = 443.1897, sampling [1.0, -0.7576, -1.3339]. Recommendation = [0.0, 1.3279, 1.7461], Current Cost = 5332.00, Rho = 1.000
(iter 10) [0.0, 0.5394, 0.6501] = 443.1897, sampling [1.0, -1.3066, -0.2242]. Recommendation = [0.0, 1.3279, 1.7461], Current Cost = 5333.00, Rho = 1.000
(iter 10) [0.0, 0.5394, 0.6501] = 443.1897, sampling [1.0, 0.7585, -1.3913]. Recommendation = [0.0, 1.3279, 1.7461], Current Cost = 5334.00, Rho = 1.000
(iter 10) [0.0, 0.5394, 0.6501] = 443.1897, sampling [1.0, -0.1426, 1.3325]. Recommendation = [0.0, 1.3279, 1.7461], Current Cost = 5335.00, Rho = 1.000
(iter 10) [0.0, 0.5394, 0.6501] = 443.1897, sampling [1.0, 1.2373, -0.6617]. Recommendation = [0.0, 1.3279, 1.7461], Current Cost = 5336.00, Rho = 1.000
(iter 10) [0.0, 0.5394, 0.6501] = 443.1897, sampling [1.0, 0.0686, -1.4971]. Recommendation = [0.0, 1.3279, 1.7461], Current Cost = 5337.00, Rho = 1.000
(iter 10) [0.0, 0.5394, 0.6501] = 443.1897, sampling [1.0, -0.7062, -1.6691]. Recommendation = [0.0, 1.3279, 1.7461], Current Cost = 5338.00, Rho = 1.000
(iter 10) [0.0, 0.5394, 0.6501] = 443.1897, sampling [1.0, -1.7080, 1.3408]. Recommendation = [0.0, 1.3279, 1.7461], Current Cost = 5339.00, Rho = 1.000
(iter 10) [0.0, 0.5394, 0.6501] = 443.1897, sampling [1.0, -1.2538, -0.7110]. Recommendation = [0.0, 1.3279, 1.7461], Current Cost = 5340.00, Rho = 1.000
(iter 10) [0.0, 0.5394, 0.6501] = 443.1897, sampling [1.0, 0.5458, 1.8849]. Recommendation = [0.0, 1.3279, 1.7461], Current Cost = 5341.00, Rho = 1.000
(iter 10) [0.0, 0.5394, 0.6501] = 443.1897, sampling [1.0, -0.4841, -1.8444]. Recommendation = [0.0, 1.3279, 1.7461], Current Cost = 5342.00, Rho = 1.000
(iter 10) [0.0, 0.5394, 0.6501] = 443.1897, sampling [1.0, -0.0097, -1.3436]. Recommendation = [0.0, 1.3279, 1.7461], Current Cost = 5343.00, Rho = 1.000
(iter 10) [0.0, 0.5394, 0.6501] = 443.1897, sampling [1.0, -1.6353, 0.3787]. Recommendation = [0.0, 1.3279, 1.7461], Current Cost = 5344.00, Rho = 1.000
(iter 10) [0.0, 0.5394, 0.6501] = 443.1897, sampling [1.0, -0.9626, -0.9637]. Recommendation = [0.0, 1.3279, 1.7461], Current Cost = 5345.00, Rho = 1.000
(iter 10) [0.0, 0.5394, 0.6501] = 443.1897, sampling [1.0, -0.2243, 1.3591]. Recommendation = [0.0, 1.3279, 1.7461], Current Cost = 5346.00, Rho = 1.000
(iter 10) [0.0, 0.5394, 0.6501] = 443.1897, sampling [1.0, -1.5663, 0.9493]. Recommendation = [0.0, 1.3279, 1.7461], Current Cost = 5347.00, Rho = 1.000
(iter 10) [0.0, 0.5394, 0.6501] = 443.1897, sampling [1.0, 0.1798, -1.8960]. Recommendation = [0.0, 1.3279, 1.7461], Current Cost = 5348.00, Rho = 1.000
(iter 10) [0.0, 0.5394, 0.6501] = 443.1897, sampling [1.0, -1.4076, -0.0279]. Recommendation = [0.0, 1.3279, 1.7461], Current Cost = 5349.00, Rho = 1.000
(iter 10) [0.0, 0.5394, 0.6501] = 443.1897, sampling [1.0, -1.0918, -1.2528]. Recommendation = [0.0, 1.3279, 1.7461], Current Cost = 5350.00, Rho = 1.000
(iter 10) [0.0, 0.5394, 0.6501] = 443.1897, sampling [1.0, 0.8902, -1.9492]. Recommendation = [0.0, 1.3279, 1.7461], Current Cost = 5351.00, Rho = 1.000
(iter 10) [0.0, 0.5394, 0.6501] = 443.1897, sampling [1.0, 1.4112, -0.4946]. Recommendation = [0.0, 1.3279, 1.7461], Current Cost = 5352.00, Rho = 1.000
(iter 10) [0.0, 0.5394, 0.6501] = 443.1897, sampling [1.0, 0.3753, -1.7026]. Recommendation = [0.0, 1.3279, 1.7461], Current Cost = 5353.00, Rho = 1.000
(iter 10) [0.0, 0.5394, 0.6501] = 443.1897, sampling [1.0, -1.6312, 0.6893]. Recommendation = [0.0, 1.3279, 1.7461], Current Cost = 5354.00, Rho = 1.000
(iter 10) [0.0, 0.5394, 0.6501] = 443.1897, sampling [1.0, -0.5159, 1.5121]. Recommendation = [0.0, 1.3279, 1.7461], Current Cost = 5355.00, Rho = 1.000
(iter 10) [0.0, 0.5394, 0.6501] = 443.1897, sampling [1.0, 1.1719, -1.0553]. Recommendation = [0.0, 1.3279, 1.7461], Current Cost = 5356.00, Rho = 1.000
(iter 10) [0.0, 0.5394, 0.6501] = 443.1897, sampling [1.0, 1.6460, 0.9139]. Recommendation = [0.0, 1.3279, 1.7461], Current Cost = 5357.00, Rho = 1.000
(iter 10) [0.0, 0.5394, 0.6501] = 443.1897, sampling [1.0, 1.0466, -0.6662]. Recommendation = [0.0, 1.3279, 1.7461], Current Cost = 5358.00, Rho = 1.000
(iter 10) [0.0, 0.5394, 0.6501] = 443.1897, sampling [1.0, 0.8144, -0.9980]. Recommendation = [0.0, 1.3279, 1.7461], Current Cost = 5359.00, Rho = 1.000
(iter 10) [0.0, 0.5394, 0.6501] = 443.1897, sampling [1.0, -1.3865, -0.5217]. Recommendation = [0.0, 1.3279, 1.7461], Current Cost = 5360.00, Rho = 1.000
(iter 10) [0.0, 0.5394, 0.6501] = 443.1897, sampling [1.0, 1.5758, -0.0155]. Recommendation = [0.0, 1.3279, 1.7461], Current Cost = 5361.00, Rho = 1.000
(iter 10) [0.0, 0.5394, 0.6501] = 443.1897, sampling [1.0, 1.2686, -0.3444]. Recommendation = [0.0, 1.3279, 1.7461], Current Cost = 5362.00, Rho = 1.000
(iter 10) [0.0, 0.5394, 0.6501] = 443.1897, sampling [1.0, -1.1984, -0.8763]. Recommendation = [0.0, 1.3279, 1.7461], Current Cost = 5363.00, Rho = 1.000
(iter 10) [0.0, 0.5394, 0.6501] = 443.1897, sampling [1.0, -1.3610, 0.0793]. Recommendation = [0.0, 1.3279, 1.7461], Current Cost = 5364.00, Rho = 1.000
(iter 10) [0.0, 0.5394, 0.6501] = 443.1897, sampling [1.0, 0.2869, -1.8226]. Recommendation = [0.0, 1.3279, 1.7461], Current Cost = 5365.00, Rho = 1.000
(iter 10) [0.0, 0.5394, 0.6501] = 443.1897, sampling [1.0, -1.5816, 0.0000]. Recommendation = [0.0, 1.3279, 1.7461], Current Cost = 5366.00, Rho = 1.000
(iter 10) [0.0, 0.5394, 0.6501] = 443.1897, sampling [1.0, 1.8381, 1.2252]. Recommendation = [0.0, 1.3279, 1.7461], Current Cost = 5367.00, Rho = 1.000
(iter 10) [0.0, 0.5394, 0.6501] = 443.1897, sampling [1.0, -0.1709, 1.9068]. Recommendation = [0.0, 1.3279, 1.7461], Current Cost = 5368.00, Rho = 1.000
(iter 10) [0.0, 0.5394, 0.6501] = 443.1897, sampling [1.0, -0.9888, -1.4219]. Recommendation = [0.0, 1.3279, 1.7461], Current Cost = 5369.00, Rho = 1.000
(iter 10) [0.0, 0.5394, 0.6501] = 443.1897, sampling [1.0, -1.5741, 0.2483]. Recommendation = [0.0, 1.3279, 1.7461], Current Cost = 5370.00, Rho = 1.000
(iter 10) [0.0, 0.5394, 0.6501] = 443.1897, sampling [1.0, -1.8880, 1.4132]. Recommendation = [0.0, 1.3279, 1.7461], Current Cost = 5371.00, Rho = 1.000
(iter 10) [0.0, 0.5394, 0.6501] = 443.1897, sampling [1.0, -1.9765, -1.9071]. Recommendation = [0.0, 1.3279, 1.7461], Current Cost = 5372.00, Rho = 1.000
(iter 10) [0.0, 0.5394, 0.6501] = 443.1897, sampling [1.0, 1.1173, -1.5845]. Recommendation = [0.0, 1.3279, 1.7461], Current Cost = 5373.00, Rho = 1.000
(iter 10) [0.0, 0.5394, 0.6501] = 443.1897, sampling [1.0, -1.4980, -0.2377]. Recommendation = [0.0, 1.3279, 1.7461], Current Cost = 5374.00, Rho = 1.000
(iter 10) [0.0, 0.5394, 0.6501] = 443.1897, sampling [1.0, -1.7818, 0.6175]. Recommendation = [0.0, 1.3279, 1.7461], Current Cost = 5375.00, Rho = 1.000
(iter 10) [0.0, 0.5394, 0.6501] = 443.1897, sampling [1.0, 1.4647, -0.9095]. Recommendation = [0.0, 1.3279, 1.7461], Current Cost = 5376.00, Rho = 1.000
(iter 10) [0.0, 0.5394, 0.6501] = 443.1897, sampling [1.0, 1.1348, -1.2172]. Recommendation = [0.0, 1.3279, 1.7461], Current Cost = 5377.00, Rho = 1.000
(iter 10) [0.0, 0.5394, 0.6501] = 443.1897, sampling [1.0, 0.2609, -1.7223]. Recommendation = [0.0, 1.3279, 1.7461], Current Cost = 5378.00, Rho = 1.000
(iter 10) [0.0, 0.5394, 0.6501] = 443.1897, sampling [1.0, -1.2797, -0.5921]. Recommendation = [0.0, 1.3279, 1.7461], Current Cost = 5379.00, Rho = 1.000
(iter 10) [0.0, 0.5394, 0.6501] = 443.1897, sampling [1.0, 1.6596, 0.1511]. Recommendation = [0.0, 1.3279, 1.7461], Current Cost = 5380.00, Rho = 1.000
(iter 10) [0.0, 0.5394, 0.6501] = 443.1897, sampling [1.0, -0.7390, -1.5162]. Recommendation = [0.0, 1.3279, 1.7461], Current Cost = 5381.00, Rho = 1.000
(iter 10) [0.0, 0.5394, 0.6501] = 443.1897, sampling [1.0, -1.8916, 0.7652]. Recommendation = [0.0, 1.3279, 1.7461], Current Cost = 5382.00, Rho = 1.000
(iter 10) [0.0, 0.5394, 0.6501] = 443.1897, sampling [1.0, 1.7584, 0.4936]. Recommendation = [0.0, 1.3279, 1.7461], Current Cost = 5383.00, Rho = 1.000
(iter 10) [0.0, 0.5394, 0.6501] = 443.1897, sampling [1.0, -1.0511, -1.7334]. Recommendation = [0.0, 1.3279, 1.7461], Current Cost = 5384.00, Rho = 1.000
(iter 10) [0.0, 0.5394, 0.6501] = 443.1897, sampling [1.0, -1.1457, -1.1418]. Recommendation = [0.0, 1.3279, 1.7461], Current Cost = 5385.00, Rho = 1.000
(iter 10) [0.0, 0.5394, 0.6501] = 443.1897, sampling [1.0, 0.3121, 1.7698]. Recommendation = [0.0, 1.3279, 1.7461], Current Cost = 5386.00, Rho = 1.000
(iter 10) [0.0, 0.5394, 0.6501] = 443.1897, sampling [1.0, 0.7694, -1.4358]. Recommendation = [0.0, 1.3279, 1.7461], Current Cost = 5387.00, Rho = 1.000
(iter 10) [0.0, 0.5394, 0.6501] = 443.1897, sampling [1.0, 1.2791, -0.7963]. Recommendation = [0.0, 1.3279, 1.7461], Current Cost = 5388.00, Rho = 1.000
(iter 10) [0.0, 0.5394, 0.6501] = 443.1897, sampling [1.0, 1.6188, -0.2548]. Recommendation = [0.0, 1.3279, 1.7461], Current Cost = 5389.00, Rho = 1.000
(iter 10) [0.0, 0.5394, 0.6501] = 443.1897, sampling [1.0, -1.8161, -0.1411]. Recommendation = [0.0, 1.3279, 1.7461], Current Cost = 5390.00, Rho = 1.000
(iter 10) [0.0, 0.5394, 0.6501] = 443.1897, sampling [1.0, -0.7603, -1.6453]. Recommendation = [0.0, 1.3279, 1.7461], Current Cost = 5391.00, Rho = 1.000
(iter 10) [0.0, 0.5394, 0.6501] = 443.1897, sampling [1.0, 1.4988, -0.6473]. Recommendation = [0.0, 1.3279, 1.7461], Current Cost = 5392.00, Rho = 1.000
(iter 10) [0.0, 0.5394, 0.6501] = 443.1897, sampling [1.0, 1.3396, -0.0793]. Recommendation = [0.0, 1.3279, 1.7461], Current Cost = 5393.00, Rho = 1.000
(iter 10) [0.0, 0.5394, 0.6501] = 443.1897, sampling [1.0, 1.2276, -1.3235]. Recommendation = [0.0, 1.3279, 1.7461], Current Cost = 5394.00, Rho = 1.000
(iter 10) [0.0, 0.5394, 0.6501] = 443.1897, sampling [1.0, 1.1805, -1.9826]. Recommendation = [0.0, 1.3279, 1.7461], Current Cost = 5395.00, Rho = 1.000
(iter 10) [0.0, 0.5394, 0.6501] = 443.1897, sampling [1.0, 1.7737, 0.6106]. Recommendation = [0.0, 1.3279, 1.7461], Current Cost = 5396.00, Rho = 1.000
(iter 10) [0.0, 0.5394, 0.6501] = 443.1897, sampling [1.0, -1.3992, -0.8835]. Recommendation = [0.0, 1.3279, 1.7461], Current Cost = 5397.00, Rho = 1.000
(iter 10) [0.0, 0.5394, 0.6501] = 443.1897, sampling [1.0, -1.2376, -1.5071]. Recommendation = [0.0, 1.3279, 1.7461], Current Cost = 5398.00, Rho = 1.000
(iter 10) [0.0, 0.5394, 0.6501] = 443.1897, sampling [1.0, -1.5106, -0.5092]. Recommendation = [0.0, 1.3279, 1.7461], Current Cost = 5399.00, Rho = 1.000
(iter 10) [0.0, 0.5394, 0.6501] = 443.1897, sampling [1.0, 1.9681, -0.9141]. Recommendation = [0.0, 1.3279, 1.7461], Current Cost = 5400.00, Rho = 1.000
(iter 10) [0.0, 0.5394, 0.6501] = 443.1897, sampling [1.0, -0.9320, -0.9730]. Recommendation = [0.0, 1.3279, 1.7461], Current Cost = 5401.00, Rho = 1.000
(iter 10) [0.0, 0.5394, 0.6501] = 443.1897, sampling [1.0, 1.0846, -1.1465]. Recommendation = [0.0, 1.3279, 1.7461], Current Cost = 5402.00, Rho = 1.000
(iter 10) [0.0, 0.5394, 0.6501] = 443.1897, sampling [1.0, 1.2418, -1.0077]. Recommendation = [0.0, 1.3279, 1.7461], Current Cost = 5403.00, Rho = 1.000
(iter 10) [0.0, 0.5394, 0.6501] = 443.1897, sampling [1.0, -1.7702, 0.4288]. Recommendation = [0.0, 1.3279, 1.7461], Current Cost = 5404.00, Rho = 1.000
(iter 10) [0.0, 0.5394, 0.6501] = 443.1897, sampling [1.0, -1.0817, -1.4094]. Recommendation = [0.0, 1.3279, 1.7461], Current Cost = 5405.00, Rho = 1.000
(iter 10) [0.0, 0.5394, 0.6501] = 443.1897, sampling [1.0, -1.2237, -1.2786]. Recommendation = [0.0, 1.3279, 1.7461], Current Cost = 5406.00, Rho = 1.000
(iter 10) [0.0, 0.5394, 0.6501] = 443.1897, sampling [1.0, -0.6660, -1.8561]. Recommendation = [0.0, 1.3279, 1.7461], Current Cost = 5407.00, Rho = 1.000
(iter 10) [0.0, 0.5394, 0.6501] = 443.1897, sampling [1.0, 1.7913, 0.1057]. Recommendation = [0.0, 1.3279, 1.7461], Current Cost = 5408.00, Rho = 1.000
(iter 10) [0.0, 0.5394, 0.6501] = 443.1897, sampling [1.0, -1.6679, 0.3153]. Recommendation = [0.0, 1.3279, 1.7461], Current Cost = 5409.00, Rho = 1.000
(iter 10) [0.0, 0.5394, 0.6501] = 443.1897, sampling [1.0, 1.3720, -1.1216]. Recommendation = [0.0, 1.3279, 1.7461], Current Cost = 5410.00, Rho = 1.000
(iter 10) [0.0, 0.5394, 0.6501] = 443.1897, sampling [1.0, -1.9913, 0.5424]. Recommendation = [0.0, 1.3279, 1.7461], Current Cost = 5411.00, Rho = 1.000
(iter 10) [0.0, 0.5394, 0.6501] = 443.1897, sampling [1.0, 1.1893, -1.4845]. Recommendation = [0.0, 1.3279, 1.7461], Current Cost = 5412.00, Rho = 1.000
(iter 10) [0.0, 0.5394, 0.6501] = 443.1897, sampling [1.0, -1.6456, -0.7142]. Recommendation = [0.0, 1.3279, 1.7461], Current Cost = 5413.00, Rho = 1.000
(iter 10) [0.0, 0.5394, 0.6501] = 443.1897, sampling [1.0, -0.9597, -1.4012]. Recommendation = [0.0, 1.3279, 1.7461], Current Cost = 5414.00, Rho = 1.000
(iter 10) [0.0, 0.5394, 0.6501] = 443.1897, sampling [1.0, -1.8268, 0.7146]. Recommendation = [0.0, 1.3279, 1.7461], Current Cost = 5415.00, Rho = 1.000
(iter 10) [0.0, 0.5394, 0.6501] = 443.1897, sampling [1.0, -1.4241, -1.2385]. Recommendation = [0.0, 1.3279, 1.7461], Current Cost = 5416.00, Rho = 1.000
(iter 10) [0.0, 0.5394, 0.6501] = 443.1897, sampling [1.0, 1.1101, -1.6623]. Recommendation = [0.0, 1.3279, 1.7461], Current Cost = 5417.00, Rho = 1.000
(iter 10) [0.0, 0.5394, 0.6501] = 443.1897, sampling [1.0, 1.3150, -0.8314]. Recommendation = [0.0, 1.3279, 1.7461], Current Cost = 5418.00, Rho = 1.000
(iter 10) [0.0, 0.5394, 0.6501] = 443.1897, sampling [1.0, -1.6909, -0.0934]. Recommendation = [0.0, 1.3279, 1.7461], Current Cost = 5419.00, Rho = 1.000
(iter 10) [0.0, 0.5394, 0.6501] = 443.1897, sampling [1.0, -1.9545, -0.3422]. Recommendation = [0.0, 1.3279, 1.7461], Current Cost = 5420.00, Rho = 1.000
(iter 10) [0.0, 0.5394, 0.6501] = 443.1897, sampling [1.0, 1.4530, -0.5672]. Recommendation = [0.0, 1.3279, 1.7461], Current Cost = 5421.00, Rho = 1.000
(iter 10) [0.0, 0.5394, 0.6501] = 443.1897, sampling [1.0, -1.1880, -1.6156]. Recommendation = [0.0, 1.3279, 1.7461], Current Cost = 5422.00, Rho = 1.000
(iter 10) [0.0, 0.5394, 0.6501] = 443.1897, sampling [1.0, 1.3964, -1.2859]. Recommendation = [0.0, 1.3279, 1.7461], Current Cost = 5423.00, Rho = 1.000
(iter 10) [0.0, 0.5394, 0.6501] = 443.1897, sampling [1.0, -1.7999, 0.5185]. Recommendation = [0.0, 1.3279, 1.7461], Current Cost = 5424.00, Rho = 1.000
(iter 10) [0.0, 0.5394, 0.6501] = 443.1897, sampling [1.0, -1.8480, 0.0164]. Recommendation = [0.0, 1.3279, 1.7461], Current Cost = 5425.00, Rho = 1.000
(iter 10) [0.0, 0.5394, 0.6501] = 443.1897, sampling [1.0, 1.7348, -0.1536]. Recommendation = [0.0, 1.3279, 1.7461], Current Cost = 5426.00, Rho = 1.000
(iter 10) [0.0, 0.5394, 0.6501] = 443.1897, sampling [1.0, 1.4183, -1.5511]. Recommendation = [0.0, 1.3279, 1.7461], Current Cost = 5427.00, Rho = 1.000
(iter 10) [0.0, 0.5394, 0.6501] = 443.1897, sampling [1.0, 1.4899, -0.7352]. Recommendation = [0.0, 1.3279, 1.7461], Current Cost = 5428.00, Rho = 1.000
(iter 10) [0.0, 0.5394, 0.6501] = 443.1897, sampling [1.0, -1.7624, 0.3593]. Recommendation = [0.0, 1.3279, 1.7461], Current Cost = 5429.00, Rho = 1.000
(iter 10) [0.0, 0.5394, 0.6501] = 443.1897, sampling [1.0, 1.1225, -1.1561]. Recommendation = [0.0, 1.3279, 1.7461], Current Cost = 5430.00, Rho = 1.000
(iter 10) [0.0, 0.5394, 0.6501] = 443.1897, sampling [1.0, -1.3533, -1.6724]. Recommendation = [0.0, 1.3279, 1.7461], Current Cost = 5431.00, Rho = 1.000
(iter 10) [0.0, 0.5394, 0.6501] = 443.1897, sampling [1.0, 1.7482, -0.6500]. Recommendation = [0.0, 1.3279, 1.7461], Current Cost = 5432.00, Rho = 1.000
(iter 10) [0.0, 0.5394, 0.6501] = 443.1897, sampling [1.0, -1.0594, -1.7964]. Recommendation = [0.0, 1.3279, 1.7461], Current Cost = 5433.00, Rho = 1.000
(iter 10) [0.0, 0.5394, 0.6501] = 443.1897, sampling [1.0, 1.6139, -1.0565]. Recommendation = [0.0, 1.3279, 1.7461], Current Cost = 5434.00, Rho = 1.000
(iter 10) [0.0, 0.5394, 0.6501] = 443.1897, sampling [1.0, -1.4588, -1.3928]. Recommendation = [0.0, 1.3279, 1.7461], Current Cost = 5435.00, Rho = 1.000
(iter 10) [0.0, 0.5394, 0.6501] = 443.1897, sampling [1.0, 1.6313, -0.1946]. Recommendation = [0.0, 1.3279, 1.7461], Current Cost = 5436.00, Rho = 1.000
(iter 10) [0.0, 0.5394, 0.6501] = 443.1897, sampling [1.0, 1.4348, -1.8890]. Recommendation = [0.0, 1.3279, 1.7461], Current Cost = 5437.00, Rho = 1.000
(iter 10) [0.0, 0.5394, 0.6501] = 443.1897, sampling [1.0, 1.9168, -0.0047]. Recommendation = [0.0, 1.3279, 1.7461], Current Cost = 5438.00, Rho = 1.000
(iter 10) [0.0, 0.5394, 0.6501] = 443.1897, sampling [1.0, -1.2968, -1.8837]. Recommendation = [0.0, 1.3279, 1.7461], Current Cost = 5439.00, Rho = 1.000
(iter 10) [0.0, 0.5394, 0.6501] = 443.1897, sampling [1.0, 1.8412, 1.2095]. Recommendation = [0.0, 1.3279, 1.7461], Current Cost = 5440.00, Rho = 1.000
(iter 10) [0.0, 0.5394, 0.6501] = 443.1897, sampling [1.0, -1.6636, -0.8902]. Recommendation = [0.0, 1.3279, 1.7461], Current Cost = 5441.00, Rho = 1.000
(iter 10) [0.0, 0.5394, 0.6501] = 443.1897, sampling [1.0, 1.6507, -1.3763]. Recommendation = [0.0, 1.3279, 1.7461], Current Cost = 5442.00, Rho = 1.000
(iter 10) [0.0, 0.5394, 0.6501] = 443.1897, sampling [1.0, 1.7784, -0.2653]. Recommendation = [0.0, 1.3279, 1.7461], Current Cost = 5443.00, Rho = 1.000
(iter 10) [0.0, 0.5394, 0.6501] = 443.1897, sampling [1.0, -1.4850, -0.5398]. Recommendation = [0.0, 1.3279, 1.7461], Current Cost = 5444.00, Rho = 1.000
(iter 10) [0.0, 0.5394, 0.6501] = 443.1897, sampling [1.0, -1.7132, -0.1638]. Recommendation = [0.0, 1.3279, 1.7461], Current Cost = 5445.00, Rho = 1.000
(iter 10) [0.0, 0.5394, 0.6501] = 443.1897, sampling [1.0, 1.8634, -0.5024]. Recommendation = [0.0, 1.3279, 1.7461], Current Cost = 5446.00, Rho = 1.000
(iter 10) [0.0, 0.5394, 0.6501] = 443.1897, sampling [1.0, 1.4629, -1.1671]. Recommendation = [0.0, 1.3279, 1.7461], Current Cost = 5447.00, Rho = 1.000
(iter 10) [0.0, 0.5394, 0.6501] = 443.1897, sampling [1.0, -1.1029, -1.7424]. Recommendation = [0.0, 1.3279, 1.7461], Current Cost = 5448.00, Rho = 1.000
(iter 10) [0.0, 0.5394, 0.6501] = 443.1897, sampling [1.0, -1.6076, -1.5383]. Recommendation = [0.0, 1.3279, 1.7461], Current Cost = 5449.00, Rho = 1.000
(iter 10) [0.0, 0.5394, 0.6501] = 443.1897, sampling [1.0, 1.9942, -1.3731]. Recommendation = [0.0, 1.3279, 1.7461], Current Cost = 5450.00, Rho = 1.000
(iter 10) [0.0, 0.5394, 0.6501] = 443.1897, sampling [1.0, -1.9398, -0.1266]. Recommendation = [0.0, 1.3279, 1.7461], Current Cost = 5451.00, Rho = 1.000
(iter 10) [0.0, 0.5394, 0.6501] = 443.1897, sampling [1.0, -1.7380, -0.0687]. Recommendation = [0.0, 1.3279, 1.7461], Current Cost = 5452.00, Rho = 1.000
(iter 10) [0.0, 0.5394, 0.6501] = 443.1897, sampling [1.0, 1.5178, -1.2900]. Recommendation = [0.0, 1.3279, 1.7461], Current Cost = 5453.00, Rho = 1.000
(iter 10) [0.0, 0.5394, 0.6501] = 443.1897, sampling [1.0, -1.5333, -1.7604]. Recommendation = [0.0, 1.3279, 1.7461], Current Cost = 5454.00, Rho = 1.000
(iter 10) [0.0, 0.5394, 0.6501] = 443.1897, sampling [1.0, 1.5635, -1.6845]. Recommendation = [0.0, 1.3279, 1.7461], Current Cost = 5455.00, Rho = 1.000
(iter 10) [0.0, 0.5394, 0.6501] = 443.1897, sampling [1.0, -1.9128, 0.3278]. Recommendation = [0.0, 1.3279, 1.7461], Current Cost = 5456.00, Rho = 1.000
(iter 10) [0.0, 0.5394, 0.6501] = 443.1897, sampling [1.0, -1.8421, -1.1082]. Recommendation = [0.0, 1.3279, 1.7461], Current Cost = 5457.00, Rho = 1.000
(iter 10) [0.0, 0.5394, 0.6501] = 443.1897, sampling [1.0, -1.1422, -1.9672]. Recommendation = [0.0, 1.3279, 1.7461], Current Cost = 5458.00, Rho = 1.000
(iter 10) [0.0, 0.5394, 0.6501] = 443.1897, sampling [1.0, -1.7018, -0.6846]. Recommendation = [0.0, 1.3279, 1.7461], Current Cost = 5459.00, Rho = 1.000
(iter 10) [0.0, 0.5394, 0.6501] = 443.1897, sampling [1.0, 1.9665, -0.3260]. Recommendation = [0.0, 1.3279, 1.7461], Current Cost = 5460.00, Rho = 1.000
(iter 10) [0.0, 0.5394, 0.6501] = 443.1897, sampling [1.0, -1.9311, -1.4891]. Recommendation = [0.0, 1.3279, 1.7461], Current Cost = 5461.00, Rho = 1.000
(iter 10) [0.0, 0.5394, 0.6501] = 443.1897, sampling [1.0, -1.7872, -0.8384]. Recommendation = [0.0, 1.3279, 1.7461], Current Cost = 5462.00, Rho = 1.000
(iter 10) [0.0, 0.5394, 0.6501] = 443.1897, sampling [1.0, 1.7259, -1.2060]. Recommendation = [0.0, 1.3279, 1.7461], Current Cost = 5463.00, Rho = 1.000
(iter 10) [0.0, 0.5394, 0.6501] = 443.1897, sampling [1.0, 1.5928, -1.5550]. Recommendation = [0.0, 1.3279, 1.7461], Current Cost = 5464.00, Rho = 1.000
(iter 10) [0.0, 0.5394, 0.6501] = 443.1897, sampling [1.0, 1.8182, -0.6954]. Recommendation = [0.0, 1.3279, 1.7461], Current Cost = 5465.00, Rho = 1.000
(iter 10) [0.0, 0.5394, 0.6501] = 443.1897, sampling [1.0, 1.6975, -1.0462]. Recommendation = [0.0, 1.3279, 1.7461], Current Cost = 5466.00, Rho = 1.000
(iter 10) [0.0, 0.5394, 0.6501] = 443.1897, sampling [1.0, 1.5793, -1.2476]. Recommendation = [0.0, 1.3279, 1.7461], Current Cost = 5467.00, Rho = 1.000
(iter 10) [0.0, 0.5394, 0.6501] = 443.1897, sampling [1.0, -1.6847, -1.8675]. Recommendation = [0.0, 1.3279, 1.7461], Current Cost = 5468.00, Rho = 1.000
(iter 10) [0.0, 0.5394, 0.6501] = 443.1897, sampling [1.0, 1.9498, -0.1115]. Recommendation = [0.0, 1.3279, 1.7461], Current Cost = 5469.00, Rho = 1.000
(iter 10) [0.0, 0.5394, 0.6501] = 443.1897, sampling [1.0, -1.3411, -1.6392]. Recommendation = [0.0, 1.3279, 1.7461], Current Cost = 5470.00, Rho = 1.000
(iter 10) [0.0, 0.5394, 0.6501] = 443.1897, sampling [1.0, 1.9038, -1.9528]. Recommendation = [0.0, 1.3279, 1.7461], Current Cost = 5471.00, Rho = 1.000
(iter 10) [0.0, 0.5394, 0.6501] = 443.1897, sampling [1.0, 1.8926, -0.7842]. Recommendation = [0.0, 1.3279, 1.7461], Current Cost = 5472.00, Rho = 1.000
(iter 10) [0.0, 0.5394, 0.6501] = 443.1897, sampling [1.0, -1.5959, -1.6313]. Recommendation = [0.0, 1.3279, 1.7461], Current Cost = 5473.00, Rho = 1.000
(iter 10) [0.0, 0.5394, 0.6501] = 443.1897, sampling [1.0, 1.7367, -1.4580]. Recommendation = [0.0, 1.3279, 1.7461], Current Cost = 5474.00, Rho = 1.000
(iter 10) [0.0, 0.5394, 0.6501] = 443.1897, sampling [1.0, 1.4859, -1.9185]. Recommendation = [0.0, 1.3279, 1.7461], Current Cost = 5475.00, Rho = 1.000
(iter 10) [0.0, 0.5394, 0.6501] = 443.1897, sampling [1.0, -1.8629, -0.8224]. Recommendation = [0.0, 1.3279, 1.7461], Current Cost = 5476.00, Rho = 1.000
(iter 10) [0.0, 0.5394, 0.6501] = 443.1897, sampling [1.0, 1.6078, -1.7594]. Recommendation = [0.0, 1.3279, 1.7461], Current Cost = 5477.00, Rho = 1.000
(iter 10) [0.0, 0.5394, 0.6501] = 443.1897, sampling [1.0, 1.8490, -0.5570]. Recommendation = [0.0, 1.3279, 1.7461], Current Cost = 5478.00, Rho = 1.000
(iter 10) [0.0, 0.5394, 0.6501] = 443.1897, sampling [1.0, 1.9412, -1.6559]. Recommendation = [0.0, 1.3279, 1.7461], Current Cost = 5479.00, Rho = 1.000
(iter 10) [0.0, 0.5394, 0.6501] = 443.1897, sampling [1.0, 1.9545, -0.0447]. Recommendation = [0.0, 1.3279, 1.7461], Current Cost = 5480.00, Rho = 1.000
(iter 10) [0.0, 0.5394, 0.6501] = 443.1897, sampling [1.0, 1.8008, -1.1747]. Recommendation = [0.0, 1.3279, 1.7461], Current Cost = 5481.00, Rho = 1.000
(iter 10) [0.0, 0.5394, 0.6501] = 443.1897, sampling [1.0, -1.6484, -0.8641]. Recommendation = [0.0, 1.3279, 1.7461], Current Cost = 5482.00, Rho = 1.000
(iter 10) [0.0, 0.5394, 0.6501] = 443.1897, sampling [1.0, -1.8138, -1.7080]. Recommendation = [0.0, 1.3279, 1.7461], Current Cost = 5483.00, Rho = 1.000
(iter 10) [0.0, 0.5394, 0.6501] = 443.1897, sampling [1.0, -1.8692, -0.9288]. Recommendation = [0.0, 1.3279, 1.7461], Current Cost = 5484.00, Rho = 1.000
(iter 10) [0.0, 0.5394, 0.6501] = 443.1897, sampling [1.0, 1.6644, -1.5749]. Recommendation = [0.0, 1.3279, 1.7461], Current Cost = 5485.00, Rho = 1.000
(iter 10) [0.0, 0.5394, 0.6501] = 443.1897, sampling [1.0, 1.8750, -1.2616]. Recommendation = [0.0, 1.3279, 1.7461], Current Cost = 5486.00, Rho = 1.000
(iter 10) [0.0, 0.5394, 0.6501] = 443.1897, sampling [1.0, 1.5577, -1.5802]. Recommendation = [0.0, 1.3279, 1.7461], Current Cost = 5487.00, Rho = 1.000
(iter 10) [0.0, 0.5394, 0.6501] = 443.1897, sampling [1.0, -1.8067, -1.9352]. Recommendation = [0.0, 1.3279, 1.7461], Current Cost = 5488.00, Rho = 1.000
(iter 10) [0.0, 0.5394, 0.6501] = 443.1897, sampling [1.0, 1.7661, -1.7509]. Recommendation = [0.0, 1.3279, 1.7461], Current Cost = 5489.00, Rho = 1.000
(iter 10) [0.0, 0.5394, 0.6501] = 443.1897, sampling [1.0, -1.8349, -1.6078]. Recommendation = [0.0, 1.3279, 1.7461], Current Cost = 5490.00, Rho = 1.000
(iter 10) [0.0, 0.5394, 0.6501] = 443.1897, sampling [1.0, -1.6724, -1.8039]. Recommendation = [0.0, 1.3279, 1.7461], Current Cost = 5491.00, Rho = 1.000
(iter 10) [0.0, 0.5394, 0.6501] = 443.1897, sampling [1.0, 1.7921, -0.6761]. Recommendation = [0.0, 1.3279, 1.7461], Current Cost = 5492.00, Rho = 1.000
(iter 10) [0.0, 0.5394, 0.6501] = 443.1897, sampling [1.0, 1.6924, -1.4555]. Recommendation = [0.0, 1.3279, 1.7461], Current Cost = 5493.00, Rho = 1.000
(iter 10) [0.0, 0.5394, 0.6501] = 443.1897, sampling [1.0, 1.9290, -1.4422]. Recommendation = [0.0, 1.3279, 1.7461], Current Cost = 5494.00, Rho = 1.000
(iter 10) [0.0, 0.5394, 0.6501] = 443.1897, sampling [1.0, -1.9640, -1.7864]. Recommendation = [0.0, 1.3279, 1.7461], Current Cost = 5495.00, Rho = 1.000
(iter 10) [0.0, 0.5394, 0.6501] = 443.1897, sampling [0.0, 1.3279, 1.7461]. Recommendation = [0.0, 1.3279, 1.7461], Current Cost = 5496.00, Rho = 1.000
(iter 501) [0.0, 1.3279, 1.7461] = 456.1630, sampling [1.0, 1.9054, -1.3195]. Recommendation = [0.0, 1.3279, 1.7461], Current Cost = 6496.00, Rho = 1.000
(iter 501) [0.0, 1.3279, 1.7461] = 456.1630, sampling [0.0, 0.4507, 0.1609]. Recommendation = [0.0, 1.3279, 1.7461], Current Cost = 6497.00, Rho = 1.000
(iter 501) [0.0, 1.3279, 1.7461] = 456.1630, sampling [1.0, -1.8982, -1.8732]. Recommendation = [0.0, 1.3279, 1.7461], Current Cost = 7497.00, Rho = 1.000
(iter 501) [0.0, 1.3279, 1.7461] = 456.1630, sampling [1.0, -1.9048, -1.8300]. Recommendation = [0.0, 1.3279, 1.7461], Current Cost = 7498.00, Rho = 1.000
(iter 501) [0.0, 1.3279, 1.7461] = 456.1630, sampling [1.0, 1.8866, -1.9211]. Recommendation = [0.0, 1.3279, 1.7461], Current Cost = 7499.00, Rho = 1.000
(iter 501) [0.0, 1.3279, 1.7461] = 456.1630, sampling [0.0, 0.7431, 0.6296]. Recommendation = [0.0, 1.3279, 1.7461], Current Cost = 7500.00, Rho = 1.000
(iter 501) [0.0, 1.3279, 1.7461] = 456.1630, sampling [0.0, 0.2654, 0.0894]. Recommendation = [0.0, 1.3279, 1.7461], Current Cost = 8500.00, Rho = 1.000
(iter 501) [0.0, 1.3279, 1.7461] = 456.1630, sampling [0.0, 0.5125, 0.3432]. Recommendation = [0.0, 1.3279, 1.7461], Current Cost = 9500.00, Rho = 1.000
(iter 501) [0.0, 1.3279, 1.7461] = 456.1630, sampling [0.0, -1.5575, 1.8783]. Recommendation = [0.0, 1.3279, 1.7461], Current Cost = 10500.00, Rho = 1.000
(iter 501) [0.0, 1.3279, 1.7461] = 456.1630, sampling [0.0, 1.6644, -1.5749]. Recommendation = [0.0, 1.3279, 1.7461], Current Cost = 11500.00, Rho = 1.000
(iter 501) [0.0, 1.3279, 1.7461] = 456.1630, sampling [0.0, -0.5802, -1.5229]. Recommendation = [0.0, 1.3279, 1.7461], Current Cost = 12500.00, Rho = 1.000
(iter 501) [0.0, 1.3279, 1.7461] = 456.1630, sampling [0.0, 1.8490, -0.5570]. Recommendation = [0.0, 1.3279, 1.7461], Current Cost = 13500.00, Rho = 1.000
(iter 501) [0.0, 1.3279, 1.7461] = 456.1630, sampling [0.0, -0.7062, -1.6691]. Recommendation = [0.0, 1.3279, 1.7461], Current Cost = 14500.00, Rho = 1.000
(iter 501) [0.0, 1.3279, 1.7461] = 456.1630, sampling [0.0, 1.4530, -0.5672]. Recommendation = [0.0, 1.3279, 1.7461], Current Cost = 15500.00, Rho = 1.000
(iter 501) [0.0, 1.3279, 1.7461] = 456.1630, sampling [0.0, 1.1007, 1.0965]. Recommendation = [0.0, 1.3279, 1.7461], Current Cost = 16500.00, Rho = 1.000
(iter 501) [0.0, 1.3279, 1.7461] = 456.1630, sampling [0.0, 0.4353, -0.3975]. Recommendation = [0.0, 1.3279, 1.7461], Current Cost = 17500.00, Rho = 1.000
(iter 501) [0.0, 1.3279, 1.7461] = 456.1630, sampling [0.0, -1.8349, -1.6078]. Recommendation = [0.0, 1.3279, 1.7461], Current Cost = 18500.00, Rho = 1.000
(iter 501) [0.0, 1.3279, 1.7461] = 456.1630, sampling [0.0, -1.1774, -1.9949]. Recommendation = [0.0, 1.3279, 1.7461], Current Cost = 19500.00, Rho = 1.000
(iter 501) [0.0, 1.3279, 1.7461] = 456.1630, sampling [0.0, -0.7576, -1.3339]. Recommendation = [0.0, 1.3279, 1.7461], Current Cost = 20500.00, Rho = 1.000
(iter 501) [0.0, 1.3279, 1.7461] = 456.1630, sampling [0.0, -1.2665, 1.2423]. Recommendation = [0.0, 1.3279, 1.7461], Current Cost = 21500.00, Rho = 1.000
(iter 501) [0.0, 1.3279, 1.7461] = 456.1630, sampling [0.0, 1.7348, -0.1536]. Recommendation = [0.0, 1.3279, 1.7461], Current Cost = 22500.00, Rho = 1.000
(iter 501) [0.0, 1.3279, 1.7461] = 456.1630, sampling [0.0, -0.5847, -0.7256]. Recommendation = [0.0, 1.3279, 1.7461], Current Cost = 23500.00, Rho = 1.000
(iter 501) [0.0, 1.3279, 1.7461] = 456.1630, sampling [0.0, 0.4598, 0.7965]. Recommendation = [0.0, 1.3279, 1.7461], Current Cost = 24500.00, Rho = 1.000
(iter 501) [0.0, 1.3279, 1.7461] = 456.1630, sampling [0.0, 1.9665, -0.3260]. Recommendation = [0.0, 1.3279, 1.7461], Current Cost = 25500.00, Rho = 1.000
(iter 501) [0.0, 1.3279, 1.7461] = 456.1630, sampling [0.0, -0.1426, 1.3325]. Recommendation = [0.0, 1.3279, 1.7461], Current Cost = 26500.00, Rho = 1.000
(iter 501) [0.0, 1.3279, 1.7461] = 456.1630, sampling [0.0, 1.0505, 1.4304]. Recommendation = [0.0, 1.3279, 1.7461], Current Cost = 27500.00, Rho = 1.000
(iter 501) [0.0, 1.3279, 1.7461] = 456.1630, sampling [0.0, -0.3682, -1.9753]. Recommendation = [0.0, 1.3279, 1.7461], Current Cost = 28500.00, Rho = 1.000
(iter 501) [0.0, 1.3279, 1.7461] = 456.1630, sampling [0.0, 1.0356, 1.6311]. Recommendation = [0.0, 1.3279, 1.7461], Current Cost = 29500.00, Rho = 1.000
(iter 501) [0.0, 1.3279, 1.7461] = 456.1630, sampling [0.0, -1.8692, -0.9288]. Recommendation = [0.0, 1.3279, 1.7461], Current Cost = 30500.00, Rho = 1.000
(iter 501) [0.0, 1.3279, 1.7461] = 456.1630, sampling [0.0, -1.1029, -1.7424]. Recommendation = [0.0, 1.3279, 1.7461], Current Cost = 31500.00, Rho = 1.000
(iter 501) [0.0, 1.3279, 1.7461] = 456.1630, sampling [0.0, 0.5888, 1.5901]. Recommendation = [0.0, 1.3279, 1.7461], Current Cost = 32500.00, Rho = 1.000
(iter 501) [0.0, 1.3279, 1.7461] = 456.1630, sampling [0.0, 0.4177, -1.0286]. Recommendation = [0.0, 1.3279, 1.7461], Current Cost = 33500.00, Rho = 1.000
(iter 501) [0.0, 1.3279, 1.7461] = 456.1630, sampling [0.0, 0.0207, 1.1927]. Recommendation = [0.0, 1.3279, 1.7461], Current Cost = 34500.00, Rho = 1.000
(iter 501) [0.0, 1.3279, 1.7461] = 456.1630, sampling [0.0, -0.1608, 0.3455]. Recommendation = [0.0, 1.3279, 1.7461], Current Cost = 35500.00, Rho = 1.000
(iter 501) [0.0, 1.3279, 1.7461] = 456.1630, sampling [0.0, -0.5564, 1.0559]. Recommendation = [0.0, 1.3279, 1.7461], Current Cost = 36500.00, Rho = 1.000
(iter 501) [0.0, 1.3279, 1.7461] = 456.1630, sampling [0.0, -1.5959, -1.6313]. Recommendation = [0.0, 1.3279, 1.7461], Current Cost = 37500.00, Rho = 1.000
(iter 501) [0.0, 1.3279, 1.7461] = 456.1630, sampling [0.0, -0.0783, 1.7927]. Recommendation = [0.0, 1.3279, 1.7461], Current Cost = 38500.00, Rho = 1.000
(iter 501) [0.0, 1.3279, 1.7461] = 456.1630, sampling [0.0, -1.3144, 1.8101]. Recommendation = [0.0, 1.3279, 1.7461], Current Cost = 39500.00, Rho = 1.000
(iter 501) [0.0, 1.3279, 1.7461] = 456.1630, sampling [0.0, 1.3150, -0.8314]. Recommendation = [0.0, 1.3279, 1.7461], Current Cost = 40500.00, Rho = 1.000
(iter 501) [0.0, 1.3279, 1.7461] = 456.1630, sampling [0.0, 1.0270, -0.0498]. Recommendation = [0.0, 1.3279, 1.7461], Current Cost = 41500.00, Rho = 1.000
(iter 501) [0.0, 1.3279, 1.7461] = 456.1630, sampling [0.0, -0.9626, -0.9637]. Recommendation = [0.0, 1.3279, 1.7461], Current Cost = 42500.00, Rho = 1.000
(iter 501) [0.0, 1.3279, 1.7461] = 456.1630, sampling [0.0, -0.4642, 0.5320]. Recommendation = [0.0, 1.3279, 1.7461], Current Cost = 43500.00, Rho = 1.000
(iter 501) [0.0, 1.3279, 1.7461] = 456.1630, sampling [0.0, 1.1614, -0.8145]. Recommendation = [0.0, 1.3279, 1.7461], Current Cost = 44500.00, Rho = 1.000
(iter 501) [0.0, 1.3279, 1.7461] = 456.1630, sampling [0.0, -1.5663, 0.9493]. Recommendation = [0.0, 1.3279, 1.7461], Current Cost = 45500.00, Rho = 1.000
(iter 501) [0.0, 1.3279, 1.7461] = 456.1630, sampling [0.0, -0.4168, 0.7341]. Recommendation = [0.0, 1.3279, 1.7461], Current Cost = 46500.00, Rho = 1.000
(iter 501) [0.0, 1.3279, 1.7461] = 456.1630, sampling [0.0, -1.3992, -0.8835]. Recommendation = [0.0, 1.3279, 1.7461], Current Cost = 47500.00, Rho = 1.000
(iter 501) [0.0, 1.3279, 1.7461] = 456.1630, sampling [0.0, 1.8866, -1.9211]. Recommendation = [0.0, 1.3279, 1.7461], Current Cost = 48500.00, Rho = 1.000
(iter 501) [0.0, 1.3279, 1.7461] = 456.1630, sampling [0.0, -0.6576, -0.7545]. Recommendation = [0.0, 1.3279, 1.7461], Current Cost = 49500.00, Rho = 1.000
(iter 501) [0.0, 1.3279, 1.7461] = 456.1630, sampling [0.0, 1.9545, -0.0447]. Recommendation = [0.0, 1.3279, 1.7461], Current Cost = 50500.00, Rho = 1.000
(iter 501) [0.0, 1.3279, 1.7461] = 456.1630, sampling [0.0, 0.3753, -1.7026]. Recommendation = [0.0, 1.3279, 1.7461], Current Cost = 51500.00, Rho = 1.000
(iter 501) [0.0, 1.3279, 1.7461] = 456.1630, sampling [0.0, 1.2373, -0.6617]. Recommendation = [0.0, 1.3279, 1.7461], Current Cost = 52500.00, Rho = 1.000
(iter 501) [0.0, 1.3279, 1.7461] = 456.1630, sampling [0.0, 0.1604, -0.8541]. Recommendation = [0.0, 1.3279, 1.7461], Current Cost = 53500.00, Rho = 1.000
(iter 501) [0.0, 1.3279, 1.7461] = 456.1630, sampling [0.0, -1.5495, 0.6830]. Recommendation = [0.0, 1.3279, 1.7461], Current Cost = 54500.00, Rho = 1.000
(iter 501) [0.0, 1.3279, 1.7461] = 456.1630, sampling [0.0, 0.9371, 1.6707]. Recommendation = [0.0, 1.3279, 1.7461], Current Cost = 55500.00, Rho = 1.000
(iter 501) [0.0, 1.3279, 1.7461] = 456.1630, sampling [0.0, -1.3750, 1.2792]. Recommendation = [0.0, 1.3279, 1.7461], Current Cost = 56500.00, Rho = 1.000
(iter 501) [0.0, 1.3279, 1.7461] = 456.1630, sampling [0.0, -1.8629, -0.8224]. Recommendation = [0.0, 1.3279, 1.7461], Current Cost = 57500.00, Rho = 1.000
(iter 501) [0.0, 1.3279, 1.7461] = 456.1630, sampling [0.0, -0.9072, 0.7473]. Recommendation = [0.0, 1.3279, 1.7461], Current Cost = 58500.00, Rho = 1.000
(iter 501) [0.0, 1.3279, 1.7461] = 456.1630, sampling [0.0, 1.6460, 0.9139]. Recommendation = [0.0, 1.3279, 1.7461], Current Cost = 59500.00, Rho = 1.000
(iter 501) [0.0, 1.3279, 1.7461] = 456.1630, sampling [0.0, 0.9662, 0.0994]. Recommendation = [0.0, 1.3279, 1.7461], Current Cost = 60500.00, Rho = 1.000
(iter 501) [0.0, 1.3279, 1.7461] = 456.1630, sampling [0.0, -1.6088, 1.8381]. Recommendation = [0.0, 1.3279, 1.7461], Current Cost = 61500.00, Rho = 1.000
(iter 501) [0.0, 1.3279, 1.7461] = 456.1630, sampling [0.0, 0.2464, 0.2887]. Recommendation = [0.0, 1.3279, 1.7461], Current Cost = 62500.00, Rho = 1.000
(iter 501) [0.0, 1.3279, 1.7461] = 456.1630, sampling [0.0, -0.5389, 0.3704]. Recommendation = [0.0, 1.3279, 1.7461], Current Cost = 63500.00, Rho = 1.000
(iter 501) [0.0, 1.3279, 1.7461] = 456.1630, sampling [0.0, -1.9398, -0.1266]. Recommendation = [0.0, 1.3279, 1.7461], Current Cost = 64500.00, Rho = 1.000
(iter 501) [0.0, 1.3279, 1.7461] = 456.1630, sampling [0.0, -1.2968, -1.8837]. Recommendation = [0.0, 1.3279, 1.7461], Current Cost = 65500.00, Rho = 1.000
(iter 501) [0.0, 1.3279, 1.7461] = 456.1630, sampling [0.0, 1.2603, 0.4144]. Recommendation = [0.0, 1.3279, 1.7461], Current Cost = 66500.00, Rho = 1.000
(iter 501) [0.0, 1.3279, 1.7461] = 456.1630, sampling [0.0, 1.7367, -1.4580]. Recommendation = [0.0, 1.3279, 1.7461], Current Cost = 67500.00, Rho = 1.000
(iter 501) [0.0, 1.3279, 1.7461] = 456.1630, sampling [0.0, 1.1893, -1.4845]. Recommendation = [0.0, 1.3279, 1.7461], Current Cost = 68500.00, Rho = 1.000
(iter 501) [0.0, 1.3279, 1.7461] = 456.1630, sampling [0.0, 0.1798, -1.8960]. Recommendation = [0.0, 1.3279, 1.7461], Current Cost = 69500.00, Rho = 1.000
(iter 501) [0.0, 1.3279, 1.7461] = 456.1630, sampling [0.0, -1.6456, -0.7142]. Recommendation = [0.0, 1.3279, 1.7461], Current Cost = 70500.00, Rho = 1.000
(iter 501) [0.0, 1.3279, 1.7461] = 456.1630, sampling [0.0, -1.4383, 0.1953]. Recommendation = [0.0, 1.3279, 1.7461], Current Cost = 71500.00, Rho = 1.000
(iter 501) [0.0, 1.3279, 1.7461] = 456.1630, sampling [0.0, -1.6076, -1.5383]. Recommendation = [0.0, 1.3279, 1.7461], Current Cost = 72500.00, Rho = 1.000
(iter 501) [0.0, 1.3279, 1.7461] = 456.1630, sampling [0.0, 0.0982, -1.4775]. Recommendation = [0.0, 1.3279, 1.7461], Current Cost = 73500.00, Rho = 1.000
(iter 501) [0.0, 1.3279, 1.7461] = 456.1630, sampling [0.0, -1.1880, -1.6156]. Recommendation = [0.0, 1.3279, 1.7461], Current Cost = 74500.00, Rho = 1.000
(iter 501) [0.0, 1.3279, 1.7461] = 456.1630, sampling [0.0, -1.6724, -1.8039]. Recommendation = [0.0, 1.3279, 1.7461], Current Cost = 75500.00, Rho = 1.000
(iter 501) [0.0, 1.3279, 1.7461] = 456.1630, sampling [0.0, -1.7624, 0.3593]. Recommendation = [0.0, 1.3279, 1.7461], Current Cost = 76500.00, Rho = 1.000
(iter 501) [0.0, 1.3279, 1.7461] = 456.1630, sampling [0.0, 1.4647, -0.9095]. Recommendation = [0.0, 1.3279, 1.7461], Current Cost = 77500.00, Rho = 1.000
(iter 501) [0.0, 1.3279, 1.7461] = 456.1630, sampling [0.0, 1.8381, 1.2252]. Recommendation = [0.0, 1.3279, 1.7461], Current Cost = 78500.00, Rho = 1.000
(iter 501) [0.0, 1.3279, 1.7461] = 456.1630, sampling [0.0, 0.4882, -1.0217]. Recommendation = [0.0, 1.3279, 1.7461], Current Cost = 79500.00, Rho = 1.000
(iter 501) [0.0, 1.3279, 1.7461] = 456.1630, sampling [0.0, 1.6507, -1.3763]. Recommendation = [0.0, 1.3279, 1.7461], Current Cost = 80500.00, Rho = 1.000
(iter 501) [0.0, 1.3279, 1.7461] = 456.1630, sampling [0.0, -0.0681, -0.5806]. Recommendation = [0.0, 1.3279, 1.7461], Current Cost = 81500.00, Rho = 1.000
(iter 501) [0.0, 1.3279, 1.7461] = 456.1630, sampling [0.0, 0.6361, 1.4852]. Recommendation = [0.0, 1.3279, 1.7461], Current Cost = 82500.00, Rho = 1.000
(iter 501) [0.0, 1.3279, 1.7461] = 456.1630, sampling [0.0, -1.4945, 0.5884]. Recommendation = [0.0, 1.3279, 1.7461], Current Cost = 83500.00, Rho = 1.000
(iter 501) [0.0, 1.3279, 1.7461] = 456.1630, sampling [0.0, 1.0188, -0.2117]. Recommendation = [0.0, 1.3279, 1.7461], Current Cost = 84500.00, Rho = 1.000
(iter 501) [0.0, 1.3279, 1.7461] = 456.1630, sampling [0.0, -1.1718, 1.5419]. Recommendation = [0.0, 1.3279, 1.7461], Current Cost = 85500.00, Rho = 1.000
(iter 501) [0.0, 1.3279, 1.7461] = 456.1630, sampling [0.0, 1.9681, -0.9141]. Recommendation = [0.0, 1.3279, 1.7461], Current Cost = 86500.00, Rho = 1.000
(iter 501) [0.0, 1.3279, 1.7461] = 456.1630, sampling [0.0, -1.0918, -1.2528]. Recommendation = [0.0, 1.3279, 1.7461], Current Cost = 87500.00, Rho = 1.000
(iter 501) [0.0, 1.3279, 1.7461] = 456.1630, sampling [0.0, -0.4385, 1.4388]. Recommendation = [0.0, 1.3279, 1.7461], Current Cost = 88500.00, Rho = 1.000
(iter 501) [0.0, 1.3279, 1.7461] = 456.1630, sampling [0.0, 0.0523, 0.9017]. Recommendation = [0.0, 1.3279, 1.7461], Current Cost = 89500.00, Rho = 1.000
(iter 501) [0.0, 1.3279, 1.7461] = 456.1630, sampling [0.0, 1.9168, -0.0047]. Recommendation = [0.0, 1.3279, 1.7461], Current Cost = 90500.00, Rho = 1.000
(iter 501) [0.0, 1.3279, 1.7461] = 456.1630, sampling [0.0, -1.9991, -0.9514]. Recommendation = [0.0, 1.3279, 1.7461], Current Cost = 91500.00, Rho = 1.000
(iter 501) [0.0, 1.3279, 1.7461] = 456.1630, sampling [0.0, -0.5489, 1.7153]. Recommendation = [0.0, 1.3279, 1.7461], Current Cost = 92500.00, Rho = 1.000
(iter 501) [0.0, 1.3279, 1.7461] = 456.1630, sampling [0.0, -0.2117, 0.5270]. Recommendation = [0.0, 1.3279, 1.7461], Current Cost = 93500.00, Rho = 1.000
(iter 501) [0.0, 1.3279, 1.7461] = 456.1630, sampling [0.0, -1.6484, -0.8641]. Recommendation = [0.0, 1.3279, 1.7461], Current Cost = 94500.00, Rho = 1.000
(iter 501) [0.0, 1.3279, 1.7461] = 456.1630, sampling [0.0, -0.1270, -1.5675]. Recommendation = [0.0, 1.3279, 1.7461], Current Cost = 95500.00, Rho = 1.000
(iter 501) [0.0, 1.3279, 1.7461] = 456.1630, sampling [0.0, 0.3224, 0.4709]. Recommendation = [0.0, 1.3279, 1.7461], Current Cost = 96500.00, Rho = 1.000
(iter 501) [0.0, 1.3279, 1.7461] = 456.1630, sampling [0.0, 1.4348, -1.8890]. Recommendation = [0.0, 1.3279, 1.7461], Current Cost = 97500.00, Rho = 1.000
(iter 501) [0.0, 1.3279, 1.7461] = 456.1630, sampling [0.0, 1.9813, 1.7614]. Recommendation = [0.0, 1.3279, 1.7461], Current Cost = 98500.00, Rho = 1.000
(iter 501) [0.0, 1.3279, 1.7461] = 456.1630, sampling [0.0, -0.9686, 0.4176]. Recommendation = [0.0, 1.3279, 1.7461], Current Cost = 99500.00, Rho = 1.000
