(iter 10) [0.0, 1.0418, 1.5900] = 430.8377, sampling [1.0, 1.0276, 1.4574]. Recommendation = [0.0, 1.0418, 1.5900], Current Cost = 5005.00, Rho = 1.000
(iter 10) [0.0, 1.0418, 1.5900] = 430.8377, sampling [1.0, 0.8508, 1.5216]. Recommendation = [0.0, 1.0276, 1.4574], Current Cost = 5006.00, Rho = 1.000
(iter 10) [0.0, 1.0418, 1.5900] = 430.8377, sampling [1.0, 0.9049, 1.3887]. Recommendation = [0.0, 1.0276, 1.4574], Current Cost = 5007.00, Rho = 1.000
(iter 10) [0.0, 1.0418, 1.5900] = 430.8377, sampling [1.0, 1.1089, 1.3714]. Recommendation = [0.0, 1.0276, 1.4574], Current Cost = 5008.00, Rho = 1.000
(iter 10) [0.0, 1.0418, 1.5900] = 430.8377, sampling [1.0, 0.9853, 1.2879]. Recommendation = [0.0, 1.1089, 1.3714], Current Cost = 5009.00, Rho = 1.000
(iter 10) [0.0, 1.0418, 1.5900] = 430.8377, sampling [1.0, 1.0539, 1.1987]. Recommendation = [0.0, 1.1089, 1.3714], Current Cost = 5010.00, Rho = 1.000
(iter 10) [0.0, 1.0418, 1.5900] = 430.8377, sampling [1.0, 0.7579, 1.0316]. Recommendation = [0.0, 1.0539, 1.1987], Current Cost = 5011.00, Rho = 1.000
(iter 10) [0.0, 1.0418, 1.5900] = 430.8377, sampling [1.0, 0.6784, 1.2616]. Recommendation = [0.0, 1.0539, 1.1987], Current Cost = 5012.00, Rho = 1.000
(iter 10) [0.0, 1.0418, 1.5900] = 430.8377, sampling [1.0, 0.8898, 1.2911]. Recommendation = [0.0, 1.0539, 1.1987], Current Cost = 5013.00, Rho = 1.000
(iter 10) [0.0, 1.0418, 1.5900] = 430.8377, sampling [1.0, 0.9635, 0.9223]. Recommendation = [0.0, 1.0539, 1.1987], Current Cost = 5014.00, Rho = 1.000
(iter 10) [0.0, 1.0418, 1.5900] = 430.8377, sampling [1.0, 0.6258, 0.8044]. Recommendation = [0.0, 0.9635, 0.9223], Current Cost = 5015.00, Rho = 1.000
(iter 10) [0.0, 1.0418, 1.5900] = 430.8377, sampling [1.0, 0.7638, 0.9530]. Recommendation = [0.0, 0.9635, 0.9223], Current Cost = 5016.00, Rho = 1.000
(iter 10) [0.0, 1.0418, 1.5900] = 430.8377, sampling [1.0, 0.6105, 0.9890]. Recommendation = [0.0, 0.9635, 0.9223], Current Cost = 5017.00, Rho = 1.000
(iter 10) [0.0, 1.0418, 1.5900] = 430.8377, sampling [1.0, 1.2110, 1.1114]. Recommendation = [0.0, 0.9635, 0.9223], Current Cost = 5018.00, Rho = 1.000
(iter 10) [0.0, 1.0418, 1.5900] = 430.8377, sampling [1.0, 1.2834, 1.3102]. Recommendation = [0.0, 0.9635, 0.9223], Current Cost = 5019.00, Rho = 1.000
(iter 10) [0.0, 1.0418, 1.5900] = 430.8377, sampling [1.0, 1.0150, 0.7679]. Recommendation = [0.0, 0.9635, 0.9223], Current Cost = 5020.00, Rho = 1.000
(iter 10) [0.0, 1.0418, 1.5900] = 430.8377, sampling [1.0, 0.4903, 0.7009]. Recommendation = [0.0, 0.9635, 0.9223], Current Cost = 5021.00, Rho = 1.000
(iter 10) [0.0, 1.0418, 1.5900] = 430.8377, sampling [1.0, 0.5378, 0.4011]. Recommendation = [0.0, 0.9635, 0.9223], Current Cost = 5022.00, Rho = 1.000
(iter 10) [0.0, 1.0418, 1.5900] = 430.8377, sampling [1.0, 0.1860, 0.1218]. Recommendation = [0.0, 0.9635, 0.9223], Current Cost = 5023.00, Rho = 1.000
(iter 10) [0.0, 1.0418, 1.5900] = 430.8377, sampling [1.0, -0.1707, -0.0290]. Recommendation = [0.0, 0.9635, 0.9223], Current Cost = 5024.00, Rho = 1.000
(iter 10) [0.0, 1.0418, 1.5900] = 430.8377, sampling [1.0, 0.0571, 0.4922]. Recommendation = [0.0, 0.9635, 0.9223], Current Cost = 5025.00, Rho = 1.000
(iter 10) [0.0, 1.0418, 1.5900] = 430.8377, sampling [1.0, 0.0177, 0.0803]. Recommendation = [0.0, 0.9635, 0.9223], Current Cost = 5026.00, Rho = 1.000
(iter 10) [0.0, 1.0418, 1.5900] = 430.8377, sampling [1.0, 0.0116, -0.1413]. Recommendation = [0.0, 0.9635, 0.9223], Current Cost = 5027.00, Rho = 1.000
(iter 10) [0.0, 1.0418, 1.5900] = 430.8377, sampling [1.0, 0.4672, 0.2729]. Recommendation = [0.0, 0.9635, 0.9223], Current Cost = 5028.00, Rho = 1.000
(iter 10) [0.0, 1.0418, 1.5900] = 430.8377, sampling [1.0, -0.2117, -0.3291]. Recommendation = [0.0, 0.9635, 0.9223], Current Cost = 5029.00, Rho = 1.000
(iter 10) [0.0, 1.0418, 1.5900] = 430.8377, sampling [1.0, -0.1442, -0.1740]. Recommendation = [0.0, 0.9635, 0.9223], Current Cost = 5030.00, Rho = 1.000
(iter 10) [0.0, 1.0418, 1.5900] = 430.8377, sampling [1.0, 0.3570, 0.1016]. Recommendation = [0.0, 0.9635, 0.9223], Current Cost = 5031.00, Rho = 1.000
(iter 10) [0.0, 1.0418, 1.5900] = 430.8377, sampling [1.0, 0.2064, 0.6004]. Recommendation = [0.0, 0.9635, 0.9223], Current Cost = 5032.00, Rho = 1.000
(iter 10) [0.0, 1.0418, 1.5900] = 430.8377, sampling [1.0, -0.3129, 0.0589]. Recommendation = [0.0, 0.9635, 0.9223], Current Cost = 5033.00, Rho = 1.000
(iter 10) [0.0, 1.0418, 1.5900] = 430.8377, sampling [1.0, -0.0998, 0.3736]. Recommendation = [0.0, 0.9635, 0.9223], Current Cost = 5034.00, Rho = 1.000
(iter 10) [0.0, 1.0418, 1.5900] = 430.8377, sampling [1.0, -0.2868, 0.2328]. Recommendation = [0.0, 0.9635, 0.9223], Current Cost = 5035.00, Rho = 1.000
(iter 10) [0.0, 1.0418, 1.5900] = 430.8377, sampling [1.0, 0.1426, 0.0445]. Recommendation = [0.0, 0.9635, 0.9223], Current Cost = 5036.00, Rho = 1.000
(iter 10) [0.0, 1.0418, 1.5900] = 430.8377, sampling [1.0, 0.1233, -0.1643]. Recommendation = [0.0, 0.9635, 0.9223], Current Cost = 5037.00, Rho = 1.000
(iter 10) [0.0, 1.0418, 1.5900] = 430.8377, sampling [1.0, -0.0380, -0.2485]. Recommendation = [0.0, 0.9635, 0.9223], Current Cost = 5038.00, Rho = 1.000
(iter 10) [0.0, 1.0418, 1.5900] = 430.8377, sampling [1.0, 0.2991, 0.0514]. Recommendation = [0.0, 0.9635, 0.9223], Current Cost = 5039.00, Rho = 1.000
(iter 10) [0.0, 1.0418, 1.5900] = 430.8377, sampling [1.0, 0.3859, -0.2172]. Recommendation = [0.0, 0.9635, 0.9223], Current Cost = 5040.00, Rho = 1.000
(iter 10) [0.0, 1.0418, 1.5900] = 430.8377, sampling [1.0, 0.5532, -0.0224]. Recommendation = [0.0, 0.9635, 0.9223], Current Cost = 5041.00, Rho = 1.000
(iter 10) [0.0, 1.0418, 1.5900] = 430.8377, sampling [1.0, 0.2300, -0.3096]. Recommendation = [0.0, 0.9635, 0.9223], Current Cost = 5042.00, Rho = 1.000
(iter 10) [0.0, 1.0418, 1.5900] = 430.8377, sampling [1.0, -0.5183, -0.1246]. Recommendation = [0.0, 0.9635, 0.9223], Current Cost = 5043.00, Rho = 1.000
(iter 10) [0.0, 1.0418, 1.5900] = 430.8377, sampling [1.0, 0.9939, 0.5629]. Recommendation = [0.0, 0.9635, 0.9223], Current Cost = 5044.00, Rho = 1.000
(iter 10) [0.0, 1.0418, 1.5900] = 430.8377, sampling [1.0, 0.6444, 0.7427]. Recommendation = [0.0, 0.9635, 0.9223], Current Cost = 5045.00, Rho = 1.000
(iter 10) [0.0, 1.0418, 1.5900] = 430.8377, sampling [1.0, 0.8628, 0.1126]. Recommendation = [0.0, 0.9635, 0.9223], Current Cost = 5046.00, Rho = 1.000
(iter 10) [0.0, 1.0418, 1.5900] = 430.8377, sampling [1.0, 0.3279, 0.7091]. Recommendation = [0.0, 0.9635, 0.9223], Current Cost = 5047.00, Rho = 1.000
(iter 10) [0.0, 1.0418, 1.5900] = 430.8377, sampling [1.0, -0.0847, -0.5518]. Recommendation = [0.0, 0.9635, 0.9223], Current Cost = 5048.00, Rho = 1.000
(iter 10) [0.0, 1.0418, 1.5900] = 430.8377, sampling [1.0, 0.6177, -0.1570]. Recommendation = [0.0, 0.9635, 0.9223], Current Cost = 5049.00, Rho = 1.000
(iter 10) [0.0, 1.0418, 1.5900] = 430.8377, sampling [1.0, -0.4275, 0.1885]. Recommendation = [0.0, 0.9635, 0.9223], Current Cost = 5050.00, Rho = 1.000
(iter 10) [0.0, 1.0418, 1.5900] = 430.8377, sampling [1.0, 0.4817, -0.3807]. Recommendation = [0.0, 0.9635, 0.9223], Current Cost = 5051.00, Rho = 1.000
(iter 10) [0.0, 1.0418, 1.5900] = 430.8377, sampling [1.0, -0.2647, 0.3026]. Recommendation = [0.0, 0.9635, 0.9223], Current Cost = 5052.00, Rho = 1.000
(iter 10) [0.0, 1.0418, 1.5900] = 430.8377, sampling [1.0, 0.7775, 0.0103]. Recommendation = [0.0, 0.9635, 0.9223], Current Cost = 5053.00, Rho = 1.000
(iter 10) [0.0, 1.0418, 1.5900] = 430.8377, sampling [1.0, 0.4092, 0.9418]. Recommendation = [0.0, 0.9635, 0.9223], Current Cost = 5054.00, Rho = 1.000
(iter 10) [0.0, 1.0418, 1.5900] = 430.8377, sampling [1.0, -0.2010, -0.4834]. Recommendation = [0.0, 0.9635, 0.9223], Current Cost = 5055.00, Rho = 1.000
(iter 10) [0.0, 1.0418, 1.5900] = 430.8377, sampling [1.0, -0.0073, 0.6471]. Recommendation = [0.0, 0.9635, 0.9223], Current Cost = 5056.00, Rho = 1.000
(iter 10) [0.0, 1.0418, 1.5900] = 430.8377, sampling [1.0, 0.2213, -0.7097]. Recommendation = [0.0, 0.9635, 0.9223], Current Cost = 5057.00, Rho = 1.000
(iter 10) [0.0, 1.0418, 1.5900] = 430.8377, sampling [1.0, -0.0792, -0.2823]. Recommendation = [0.0, 0.9635, 0.9223], Current Cost = 5058.00, Rho = 1.000
(iter 10) [0.0, 1.0418, 1.5900] = 430.8377, sampling [1.0, 0.0479, -0.1891]. Recommendation = [0.0, 0.9635, 0.9223], Current Cost = 5059.00, Rho = 1.000
(iter 10) [0.0, 1.0418, 1.5900] = 430.8377, sampling [1.0, -0.3795, 0.5366]. Recommendation = [0.0, 0.9635, 0.9223], Current Cost = 5060.00, Rho = 1.000
(iter 10) [0.0, 1.0418, 1.5900] = 430.8377, sampling [1.0, -0.4941, 0.3803]. Recommendation = [0.0, 0.9635, 0.9223], Current Cost = 5061.00, Rho = 1.000
(iter 10) [0.0, 1.0418, 1.5900] = 430.8377, sampling [1.0, -0.5738, 0.2468]. Recommendation = [0.0, 0.9635, 0.9223], Current Cost = 5062.00, Rho = 1.000
(iter 10) [0.0, 1.0418, 1.5900] = 430.8377, sampling [1.0, -0.4417, 0.4575]. Recommendation = [0.0, 0.9635, 0.9223], Current Cost = 5063.00, Rho = 1.000
(iter 10) [0.0, 1.0418, 1.5900] = 430.8377, sampling [1.0, -0.5354, 0.3248]. Recommendation = [0.0, 0.9635, 0.9223], Current Cost = 5064.00, Rho = 1.000
(iter 10) [0.0, 1.0418, 1.5900] = 430.8377, sampling [1.0, 0.0023, 0.8755]. Recommendation = [0.0, 0.9635, 0.9223], Current Cost = 5065.00, Rho = 1.000
(iter 10) [0.0, 1.0418, 1.5900] = 430.8377, sampling [1.0, -0.1624, -0.3738]. Recommendation = [0.0, 0.9635, 0.9223], Current Cost = 5066.00, Rho = 1.000
(iter 10) [0.0, 1.0418, 1.5900] = 430.8377, sampling [1.0, 1.0347, 0.4178]. Recommendation = [0.0, 0.9635, 0.9223], Current Cost = 5067.00, Rho = 1.000
(iter 10) [0.0, 1.0418, 1.5900] = 430.8377, sampling [1.0, -0.6638, -0.0131]. Recommendation = [0.0, 0.9635, 0.9223], Current Cost = 5068.00, Rho = 1.000
(iter 10) [0.0, 1.0418, 1.5900] = 430.8377, sampling [1.0, -0.6785, 0.1609]. Recommendation = [0.0, 0.9635, 0.9223], Current Cost = 5069.00, Rho = 1.000
(iter 10) [0.0, 1.0418, 1.5900] = 430.8377, sampling [1.0, -0.5372, 0.4824]. Recommendation = [0.0, 0.9635, 0.9223], Current Cost = 5070.00, Rho = 1.000
(iter 10) [0.0, 1.0418, 1.5900] = 430.8377, sampling [1.0, 1.0669, 0.7973]. Recommendation = [0.0, 0.9635, 0.9223], Current Cost = 5071.00, Rho = 1.000
(iter 10) [0.0, 1.0418, 1.5900] = 430.8377, sampling [1.0, 1.2016, 1.0481]. Recommendation = [0.0, 0.9635, 0.9223], Current Cost = 5072.00, Rho = 1.000
(iter 10) [0.0, 1.0418, 1.5900] = 430.8377, sampling [1.0, -0.3913, 0.6264]. Recommendation = [0.0, 0.9635, 0.9223], Current Cost = 5073.00, Rho = 1.000
(iter 10) [0.0, 1.0418, 1.5900] = 430.8377, sampling [1.0, 1.2899, 1.3953]. Recommendation = [0.0, 0.9635, 0.9223], Current Cost = 5074.00, Rho = 1.000
(iter 10) [0.0, 1.0418, 1.5900] = 430.8377, sampling [1.0, 0.1163, 0.7500]. Recommendation = [0.0, 0.9635, 0.9223], Current Cost = 5075.00, Rho = 1.000
(iter 10) [0.0, 1.0418, 1.5900] = 430.8377, sampling [1.0, -0.7597, 0.4412]. Recommendation = [0.0, 0.9635, 0.9223], Current Cost = 5076.00, Rho = 1.000
(iter 10) [0.0, 1.0418, 1.5900] = 430.8377, sampling [1.0, -0.7266, 0.5942]. Recommendation = [0.0, 0.9635, 0.9223], Current Cost = 5077.00, Rho = 1.000
(iter 10) [0.0, 1.0418, 1.5900] = 430.8377, sampling [1.0, -0.5016, 0.7560]. Recommendation = [0.0, 0.9635, 0.9223], Current Cost = 5078.00, Rho = 1.000
(iter 10) [0.0, 1.0418, 1.5900] = 430.8377, sampling [1.0, -0.1411, 0.8250]. Recommendation = [0.0, 0.9635, 0.9223], Current Cost = 5079.00, Rho = 1.000
(iter 10) [0.0, 1.0418, 1.5900] = 430.8377, sampling [1.0, -0.8536, 0.2131]. Recommendation = [0.0, 0.9635, 0.9223], Current Cost = 5080.00, Rho = 1.000
(iter 10) [0.0, 1.0418, 1.5900] = 430.8377, sampling [1.0, -0.6668, 0.8488]. Recommendation = [0.0, 0.9635, 0.9223], Current Cost = 5081.00, Rho = 1.000
(iter 10) [0.0, 1.0418, 1.5900] = 430.8377, sampling [1.0, -0.4017, 0.9979]. Recommendation = [0.0, 0.9635, 0.9223], Current Cost = 5082.00, Rho = 1.000
(iter 10) [0.0, 1.0418, 1.5900] = 430.8377, sampling [1.0, -0.8402, 0.7694]. Recommendation = [0.0, 0.9635, 0.9223], Current Cost = 5083.00, Rho = 1.000
(iter 10) [0.0, 1.0418, 1.5900] = 430.8377, sampling [1.0, -0.7783, 0.8932]. Recommendation = [0.0, 0.9635, 0.9223], Current Cost = 5084.00, Rho = 1.000
(iter 10) [0.0, 1.0418, 1.5900] = 430.8377, sampling [1.0, -0.5545, 0.8602]. Recommendation = [0.0, 0.9635, 0.9223], Current Cost = 5085.00, Rho = 1.000
(iter 10) [0.0, 1.0418, 1.5900] = 430.8377, sampling [1.0, -0.9000, 0.7329]. Recommendation = [0.0, 0.9635, 0.9223], Current Cost = 5086.00, Rho = 1.000
(iter 10) [0.0, 1.0418, 1.5900] = 430.8377, sampling [1.0, -0.6224, -0.1085]. Recommendation = [0.0, 0.9635, 0.9223], Current Cost = 5087.00, Rho = 1.000
(iter 10) [0.0, 1.0418, 1.5900] = 430.8377, sampling [1.0, 0.0480, 0.0765]. Recommendation = [0.0, 0.9635, 0.9223], Current Cost = 5088.00, Rho = 1.000
(iter 10) [0.0, 1.0418, 1.5900] = 430.8377, sampling [1.0, 0.4560, 1.3184]. Recommendation = [0.0, 0.9635, 0.9223], Current Cost = 5089.00, Rho = 1.000
(iter 10) [0.0, 1.0418, 1.5900] = 430.8377, sampling [1.0, -0.7631, 0.0388]. Recommendation = [0.0, 0.9635, 0.9223], Current Cost = 5090.00, Rho = 1.000
(iter 10) [0.0, 1.0418, 1.5900] = 430.8377, sampling [1.0, 0.8063, -0.2104]. Recommendation = [0.0, 0.9635, 0.9223], Current Cost = 5091.00, Rho = 1.000
(iter 10) [0.0, 1.0418, 1.5900] = 430.8377, sampling [1.0, 0.7210, -0.0974]. Recommendation = [0.0, 0.9635, 0.9223], Current Cost = 5092.00, Rho = 1.000
(iter 10) [0.0, 1.0418, 1.5900] = 430.8377, sampling [1.0, -0.3033, -0.5663]. Recommendation = [0.0, 0.9635, 0.9223], Current Cost = 5093.00, Rho = 1.000
(iter 10) [0.0, 1.0418, 1.5900] = 430.8377, sampling [1.0, -0.9948, 0.8142]. Recommendation = [0.0, 0.9635, 0.9223], Current Cost = 5094.00, Rho = 1.000
(iter 10) [0.0, 1.0418, 1.5900] = 430.8377, sampling [1.0, -0.9195, 0.9630]. Recommendation = [0.0, 0.9635, 0.9223], Current Cost = 5095.00, Rho = 1.000
(iter 10) [0.0, 1.0418, 1.5900] = 430.8377, sampling [1.0, -1.1105, 0.6662]. Recommendation = [0.0, 0.9635, 0.9223], Current Cost = 5096.00, Rho = 1.000
(iter 10) [0.0, 1.0418, 1.5900] = 430.8377, sampling [1.0, -1.0053, 0.3100]. Recommendation = [0.0, 0.9635, 0.9223], Current Cost = 5097.00, Rho = 1.000
(iter 10) [0.0, 1.0418, 1.5900] = 430.8377, sampling [1.0, -1.0557, 0.8431]. Recommendation = [0.0, 0.9635, 0.9223], Current Cost = 5098.00, Rho = 1.000
(iter 10) [0.0, 1.0418, 1.5900] = 430.8377, sampling [1.0, -0.9581, 1.0714]. Recommendation = [0.0, 0.9635, 0.9223], Current Cost = 5099.00, Rho = 1.000
(iter 10) [0.0, 1.0418, 1.5900] = 430.8377, sampling [1.0, -0.8828, 1.2073]. Recommendation = [0.0, 0.9635, 0.9223], Current Cost = 5100.00, Rho = 1.000
(iter 10) [0.0, 1.0418, 1.5900] = 430.8377, sampling [1.0, -0.5517, 1.0034]. Recommendation = [0.0, 0.9635, 0.9223], Current Cost = 5101.00, Rho = 1.000
(iter 10) [0.0, 1.0418, 1.5900] = 430.8377, sampling [1.0, -0.9252, 1.0387]. Recommendation = [0.0, 0.9635, 0.9223], Current Cost = 5102.00, Rho = 1.000
(iter 10) [0.0, 1.0418, 1.5900] = 430.8377, sampling [1.0, -0.1204, 1.1622]. Recommendation = [0.0, 0.9635, 0.9223], Current Cost = 5103.00, Rho = 1.000
(iter 10) [0.0, 1.0418, 1.5900] = 430.8377, sampling [1.0, 0.5495, -0.0616]. Recommendation = [0.0, 0.9635, 0.9223], Current Cost = 5104.00, Rho = 1.000
(iter 10) [0.0, 1.0418, 1.5900] = 430.8377, sampling [1.0, 0.5913, -0.6516]. Recommendation = [0.0, 0.9635, 0.9223], Current Cost = 5105.00, Rho = 1.000
(iter 10) [0.0, 1.0418, 1.5900] = 430.8377, sampling [1.0, 0.1469, 0.5575]. Recommendation = [0.0, 0.9635, 0.9223], Current Cost = 5106.00, Rho = 1.000
(iter 10) [0.0, 1.0418, 1.5900] = 430.8377, sampling [1.0, -0.0603, -0.9204]. Recommendation = [0.0, 0.9635, 0.9223], Current Cost = 5107.00, Rho = 1.000
(iter 10) [0.0, 1.0418, 1.5900] = 430.8377, sampling [1.0, 1.2512, 1.6598]. Recommendation = [0.0, 0.9635, 0.9223], Current Cost = 5108.00, Rho = 1.000
(iter 10) [0.0, 1.0418, 1.5900] = 430.8377, sampling [1.0, 1.1851, 1.7453]. Recommendation = [0.0, 0.9635, 0.9223], Current Cost = 5109.00, Rho = 1.000
(iter 10) [0.0, 1.0418, 1.5900] = 430.8377, sampling [1.0, 0.9739, 1.7380]. Recommendation = [0.0, 0.9635, 0.9223], Current Cost = 5110.00, Rho = 1.000
(iter 10) [0.0, 1.0418, 1.5900] = 430.8377, sampling [1.0, -1.2323, 0.8343]. Recommendation = [0.0, 0.9635, 0.9223], Current Cost = 5111.00, Rho = 1.000
(iter 10) [0.0, 1.0418, 1.5900] = 430.8377, sampling [1.0, -0.1072, -0.6175]. Recommendation = [0.0, 0.9635, 0.9223], Current Cost = 5112.00, Rho = 1.000
(iter 10) [0.0, 1.0418, 1.5900] = 430.8377, sampling [1.0, -1.1525, 0.4494]. Recommendation = [0.0, 0.9635, 0.9223], Current Cost = 5113.00, Rho = 1.000
(iter 10) [0.0, 1.0418, 1.5900] = 430.8377, sampling [1.0, 0.6496, -0.2301]. Recommendation = [0.0, 0.9635, 0.9223], Current Cost = 5114.00, Rho = 1.000
(iter 10) [0.0, 1.0418, 1.5900] = 430.8377, sampling [1.0, 1.4633, 1.3306]. Recommendation = [0.0, 0.9635, 0.9223], Current Cost = 5115.00, Rho = 1.000
(iter 10) [0.0, 1.0418, 1.5900] = 430.8377, sampling [1.0, 1.3184, 1.0746]. Recommendation = [0.0, 0.9635, 0.9223], Current Cost = 5116.00, Rho = 1.000
(iter 10) [0.0, 1.0418, 1.5900] = 430.8377, sampling [1.0, -1.2618, 1.1565]. Recommendation = [0.0, 0.9635, 0.9223], Current Cost = 5117.00, Rho = 1.000
(iter 10) [0.0, 1.0418, 1.5900] = 430.8377, sampling [1.0, -0.9615, 1.1018]. Recommendation = [0.0, 0.9635, 0.9223], Current Cost = 5118.00, Rho = 1.000
(iter 10) [0.0, 1.0418, 1.5900] = 430.8377, sampling [1.0, -0.4512, -0.5315]. Recommendation = [0.0, 0.9635, 0.9223], Current Cost = 5119.00, Rho = 1.000
(iter 10) [0.0, 1.0418, 1.5900] = 430.8377, sampling [1.0, 0.7036, 0.9795]. Recommendation = [0.0, 0.9635, 0.9223], Current Cost = 5120.00, Rho = 1.000
(iter 10) [0.0, 1.0418, 1.5900] = 430.8377, sampling [1.0, 1.5281, 1.5677]. Recommendation = [0.0, 0.9635, 0.9223], Current Cost = 5121.00, Rho = 1.000
(iter 10) [0.0, 1.0418, 1.5900] = 430.8377, sampling [1.0, -0.6369, 1.5481]. Recommendation = [0.0, 0.9635, 0.9223], Current Cost = 5122.00, Rho = 1.000
(iter 10) [0.0, 1.0418, 1.5900] = 430.8377, sampling [1.0, -1.1905, 1.4665]. Recommendation = [0.0, 0.9635, 0.9223], Current Cost = 5123.00, Rho = 1.000
(iter 10) [0.0, 1.0418, 1.5900] = 430.8377, sampling [1.0, -1.4128, 1.3578]. Recommendation = [0.0, 0.9635, 0.9223], Current Cost = 5124.00, Rho = 1.000
(iter 10) [0.0, 1.0418, 1.5900] = 430.8377, sampling [1.0, -1.3928, 1.2480]. Recommendation = [0.0, 0.9635, 0.9223], Current Cost = 5125.00, Rho = 1.000
(iter 10) [0.0, 1.0418, 1.5900] = 430.8377, sampling [1.0, -1.1481, 1.6824]. Recommendation = [0.0, 0.9635, 0.9223], Current Cost = 5126.00, Rho = 1.000
(iter 10) [0.0, 1.0418, 1.5900] = 430.8377, sampling [1.0, -1.3917, 1.6101]. Recommendation = [0.0, 0.9635, 0.9223], Current Cost = 5127.00, Rho = 1.000
(iter 10) [0.0, 1.0418, 1.5900] = 430.8377, sampling [1.0, -1.2886, 1.8145]. Recommendation = [0.0, 0.9635, 0.9223], Current Cost = 5128.00, Rho = 1.000
(iter 10) [0.0, 1.0418, 1.5900] = 430.8377, sampling [1.0, -1.1177, 1.9770]. Recommendation = [0.0, 0.9635, 0.9223], Current Cost = 5129.00, Rho = 1.000
(iter 10) [0.0, 1.0418, 1.5900] = 430.8377, sampling [1.0, -0.8787, 1.8979]. Recommendation = [0.0, 0.9635, 0.9223], Current Cost = 5130.00, Rho = 1.000
(iter 10) [0.0, 1.0418, 1.5900] = 430.8377, sampling [1.0, -1.3367, 1.9293]. Recommendation = [0.0, 0.9635, 0.9223], Current Cost = 5131.00, Rho = 1.000
(iter 10) [0.0, 1.0418, 1.5900] = 430.8377, sampling [1.0, -1.5575, 1.8370]. Recommendation = [0.0, 0.9635, 0.9223], Current Cost = 5132.00, Rho = 1.000
(iter 10) [0.0, 1.0418, 1.5900] = 430.8377, sampling [1.0, -1.5443, 1.5430]. Recommendation = [0.0, 0.9635, 0.9223], Current Cost = 5133.00, Rho = 1.000
(iter 10) [0.0, 1.0418, 1.5900] = 430.8377, sampling [1.0, -1.3201, 1.8236]. Recommendation = [0.0, 0.9635, 0.9223], Current Cost = 5134.00, Rho = 1.000
(iter 10) [0.0, 1.0418, 1.5900] = 430.8377, sampling [1.0, -1.4942, 1.9487]. Recommendation = [0.0, 0.9635, 0.9223], Current Cost = 5135.00, Rho = 1.000
(iter 10) [0.0, 1.0418, 1.5900] = 430.8377, sampling [1.0, -1.2002, 1.9542]. Recommendation = [0.0, 0.9635, 0.9223], Current Cost = 5136.00, Rho = 1.000
(iter 10) [0.0, 1.0418, 1.5900] = 430.8377, sampling [1.0, -0.4692, 0.8651]. Recommendation = [0.0, 0.9635, 0.9223], Current Cost = 5137.00, Rho = 1.000
(iter 10) [0.0, 1.0418, 1.5900] = 430.8377, sampling [1.0, 0.6865, 1.7023]. Recommendation = [0.0, 0.9635, 0.9223], Current Cost = 5138.00, Rho = 1.000
(iter 10) [0.0, 1.0418, 1.5900] = 430.8377, sampling [1.0, 0.4385, 1.0951]. Recommendation = [0.0, 0.9635, 0.9223], Current Cost = 5139.00, Rho = 1.000
(iter 10) [0.0, 1.0418, 1.5900] = 430.8377, sampling [1.0, -1.4018, 1.6397]. Recommendation = [0.0, 0.9635, 0.9223], Current Cost = 5140.00, Rho = 1.000
(iter 10) [0.0, 1.0418, 1.5900] = 430.8377, sampling [1.0, 1.1677, 0.5707]. Recommendation = [0.0, 0.9635, 0.9223], Current Cost = 5141.00, Rho = 1.000
(iter 10) [0.0, 1.0418, 1.5900] = 430.8377, sampling [1.0, -0.4369, 1.1411]. Recommendation = [0.0, 0.9635, 0.9223], Current Cost = 5142.00, Rho = 1.000
(iter 10) [0.0, 1.0418, 1.5900] = 430.8377, sampling [1.0, -1.5696, 1.0097]. Recommendation = [0.0, 0.9635, 0.9223], Current Cost = 5143.00, Rho = 1.000
(iter 10) [0.0, 1.0418, 1.5900] = 430.8377, sampling [1.0, 1.0767, 1.8838]. Recommendation = [0.0, 0.9635, 0.9223], Current Cost = 5144.00, Rho = 1.000
(iter 10) [0.0, 1.0418, 1.5900] = 430.8377, sampling [1.0, 1.4783, 1.9228]. Recommendation = [0.0, 0.9635, 0.9223], Current Cost = 5145.00, Rho = 1.000
(iter 10) [0.0, 1.0418, 1.5900] = 430.8377, sampling [1.0, 1.5966, 1.8430]. Recommendation = [0.0, 0.9635, 0.9223], Current Cost = 5146.00, Rho = 1.000
(iter 10) [0.0, 1.0418, 1.5900] = 430.8377, sampling [1.0, 0.0906, 0.6169]. Recommendation = [0.0, 0.9635, 0.9223], Current Cost = 5147.00, Rho = 1.000
(iter 10) [0.0, 1.0418, 1.5900] = 430.8377, sampling [1.0, 0.7184, -0.4764]. Recommendation = [0.0, 0.9635, 0.9223], Current Cost = 5148.00, Rho = 1.000
(iter 10) [0.0, 1.0418, 1.5900] = 430.8377, sampling [1.0, -0.2910, -0.8501]. Recommendation = [0.0, 0.9635, 0.9223], Current Cost = 5149.00, Rho = 1.000
(iter 10) [0.0, 1.0418, 1.5900] = 430.8377, sampling [1.0, 0.9439, 1.5838]. Recommendation = [0.0, 0.9635, 0.9223], Current Cost = 5150.00, Rho = 1.000
(iter 10) [0.0, 1.0418, 1.5900] = 430.8377, sampling [1.0, -0.1931, -0.5551]. Recommendation = [0.0, 0.9635, 0.9223], Current Cost = 5151.00, Rho = 1.000
(iter 10) [0.0, 1.0418, 1.5900] = 430.8377, sampling [1.0, 1.3114, 0.9698]. Recommendation = [0.0, 0.9635, 0.9223], Current Cost = 5152.00, Rho = 1.000
(iter 10) [0.0, 1.0418, 1.5900] = 430.8377, sampling [1.0, -0.7499, -0.0442]. Recommendation = [0.0, 0.9635, 0.9223], Current Cost = 5153.00, Rho = 1.000
(iter 10) [0.0, 1.0418, 1.5900] = 430.8377, sampling [1.0, 0.2949, -1.0840]. Recommendation = [0.0, 0.9635, 0.9223], Current Cost = 5154.00, Rho = 1.000
(iter 10) [0.0, 1.0418, 1.5900] = 430.8377, sampling [1.0, 0.3086, -0.7156]. Recommendation = [0.0, 0.9635, 0.9223], Current Cost = 5155.00, Rho = 1.000
(iter 10) [0.0, 1.0418, 1.5900] = 430.8377, sampling [1.0, 1.5164, 1.9375]. Recommendation = [0.0, 0.9635, 0.9223], Current Cost = 5156.00, Rho = 1.000
(iter 10) [0.0, 1.0418, 1.5900] = 430.8377, sampling [1.0, 0.9123, 0.1466]. Recommendation = [0.0, 0.9635, 0.9223], Current Cost = 5157.00, Rho = 1.000
(iter 10) [0.0, 1.0418, 1.5900] = 430.8377, sampling [1.0, 1.4297, 1.2255]. Recommendation = [0.0, 0.9635, 0.9223], Current Cost = 5158.00, Rho = 1.000
(iter 10) [0.0, 1.0418, 1.5900] = 430.8377, sampling [1.0, -0.1299, 1.7057]. Recommendation = [0.0, 0.9635, 0.9223], Current Cost = 5159.00, Rho = 1.000
(iter 10) [0.0, 1.0418, 1.5900] = 430.8377, sampling [1.0, -1.6586, 1.7204]. Recommendation = [0.0, 0.9635, 0.9223], Current Cost = 5160.00, Rho = 1.000
(iter 10) [0.0, 1.0418, 1.5900] = 430.8377, sampling [1.0, -0.7935, 1.6892]. Recommendation = [0.0, 0.9635, 0.9223], Current Cost = 5161.00, Rho = 1.000
(iter 10) [0.0, 1.0418, 1.5900] = 430.8377, sampling [1.0, 0.8445, 1.3837]. Recommendation = [0.0, 0.9635, 0.9223], Current Cost = 5162.00, Rho = 1.000
(iter 10) [0.0, 1.0418, 1.5900] = 430.8377, sampling [1.0, -0.3669, -0.6344]. Recommendation = [0.0, 0.9635, 0.9223], Current Cost = 5163.00, Rho = 1.000
(iter 10) [0.0, 1.0418, 1.5900] = 430.8377, sampling [1.0, -0.6418, -0.4060]. Recommendation = [0.0, 0.9635, 0.9223], Current Cost = 5164.00, Rho = 1.000
(iter 10) [0.0, 1.0418, 1.5900] = 430.8377, sampling [1.0, -1.3151, 0.6382]. Recommendation = [0.0, 0.9635, 0.9223], Current Cost = 5165.00, Rho = 1.000
(iter 10) [0.0, 1.0418, 1.5900] = 430.8377, sampling [1.0, 1.0567, 1.5726]. Recommendation = [0.0, 0.9635, 0.9223], Current Cost = 5166.00, Rho = 1.000
(iter 10) [0.0, 1.0418, 1.5900] = 430.8377, sampling [1.0, 0.5237, -0.3863]. Recommendation = [0.0, 0.9635, 0.9223], Current Cost = 5167.00, Rho = 1.000
(iter 10) [0.0, 1.0418, 1.5900] = 430.8377, sampling [1.0, 0.7754, -0.0755]. Recommendation = [0.0, 0.9635, 0.9223], Current Cost = 5168.00, Rho = 1.000
(iter 10) [0.0, 1.0418, 1.5900] = 430.8377, sampling [1.0, 1.5509, 1.4107]. Recommendation = [0.0, 0.9635, 0.9223], Current Cost = 5169.00, Rho = 1.000
(iter 10) [0.0, 1.0418, 1.5900] = 430.8377, sampling [1.0, 0.0250, -1.1444]. Recommendation = [0.0, 0.9635, 0.9223], Current Cost = 5170.00, Rho = 1.000
(iter 10) [0.0, 1.0418, 1.5900] = 430.8377, sampling [1.0, 1.0017, -0.2943]. Recommendation = [0.0, 0.9635, 0.9223], Current Cost = 5171.00, Rho = 1.000
(iter 10) [0.0, 1.0418, 1.5900] = 430.8377, sampling [1.0, -0.1868, -0.3657]. Recommendation = [0.0, 0.9635, 0.9223], Current Cost = 5172.00, Rho = 1.000
(iter 10) [0.0, 1.0418, 1.5900] = 430.8377, sampling [1.0, 1.7802, 1.7668]. Recommendation = [0.0, 0.9635, 0.9223], Current Cost = 5173.00, Rho = 1.000
(iter 10) [0.0, 1.0418, 1.5900] = 430.8377, sampling [1.0, 0.3520, 1.0198]. Recommendation = [0.0, 0.9635, 0.9223], Current Cost = 5174.00, Rho = 1.000
(iter 10) [0.0, 1.0418, 1.5900] = 430.8377, sampling [1.0, -1.5216, 1.4535]. Recommendation = [0.0, 0.9635, 0.9223], Current Cost = 5175.00, Rho = 1.000
(iter 10) [0.0, 1.0418, 1.5900] = 430.8377, sampling [1.0, 0.5139, -0.9608]. Recommendation = [0.0, 0.9635, 0.9223], Current Cost = 5176.00, Rho = 1.000
(iter 10) [0.0, 1.0418, 1.5900] = 430.8377, sampling [1.0, -1.7515, 1.9634]. Recommendation = [0.0, 0.9635, 0.9223], Current Cost = 5177.00, Rho = 1.000
(iter 10) [0.0, 1.0418, 1.5900] = 430.8377, sampling [1.0, 0.4728, 0.2678]. Recommendation = [0.0, 0.9635, 0.9223], Current Cost = 5178.00, Rho = 1.000
(iter 10) [0.0, 1.0418, 1.5900] = 430.8377, sampling [1.0, -0.9899, -0.0865]. Recommendation = [0.0, 0.9635, 0.9223], Current Cost = 5179.00, Rho = 1.000
(iter 10) [0.0, 1.0418, 1.5900] = 430.8377, sampling [1.0, -1.1202, 0.1075]. Recommendation = [0.0, 0.9635, 0.9223], Current Cost = 5180.00, Rho = 1.000
(iter 10) [0.0, 1.0418, 1.5900] = 430.8377, sampling [1.0, -0.3392, 1.3512]. Recommendation = [0.0, 0.9635, 0.9223], Current Cost = 5181.00, Rho = 1.000
(iter 10) [0.0, 1.0418, 1.5900] = 430.8377, sampling [1.0, 0.6635, 1.5339]. Recommendation = [0.0, 0.9635, 0.9223], Current Cost = 5182.00, Rho = 1.000
(iter 10) [0.0, 1.0418, 1.5900] = 430.8377, sampling [1.0, 0.8974, 1.6763]. Recommendation = [0.0, 0.9635, 0.9223], Current Cost = 5183.00, Rho = 1.000
(iter 10) [0.0, 1.0418, 1.5900] = 430.8377, sampling [1.0, 1.2278, 0.3163]. Recommendation = [0.0, 0.9635, 0.9223], Current Cost = 5184.00, Rho = 1.000
(iter 10) [0.0, 1.0418, 1.5900] = 430.8377, sampling [1.0, 0.8700, 0.0718]. Recommendation = [0.0, 0.9635, 0.9223], Current Cost = 5185.00, Rho = 1.000
(iter 10) [0.0, 1.0418, 1.5900] = 430.8377, sampling [1.0, 0.7947, -0.3412]. Recommendation = [0.0, 0.9635, 0.9223], Current Cost = 5186.00, Rho = 1.000
(iter 10) [0.0, 1.0418, 1.5900] = 430.8377, sampling [1.0, 1.0199, 1.9105]. Recommendation = [0.0, 0.9635, 0.9223], Current Cost = 5187.00, Rho = 1.000
(iter 10) [0.0, 1.0418, 1.5900] = 430.8377, sampling [1.0, 0.2459, 1.4476]. Recommendation = [0.0, 0.9635, 0.9223], Current Cost = 5188.00, Rho = 1.000
(iter 10) [0.0, 1.0418, 1.5900] = 430.8377, sampling [1.0, -1.0469, 0.2555]. Recommendation = [0.0, 0.9635, 0.9223], Current Cost = 5189.00, Rho = 1.000
(iter 10) [0.0, 1.0418, 1.5900] = 430.8377, sampling [1.0, -0.8912, -0.2620]. Recommendation = [0.0, 0.9635, 0.9223], Current Cost = 5190.00, Rho = 1.000
(iter 10) [0.0, 1.0418, 1.5900] = 430.8377, sampling [1.0, -0.5896, -0.7579]. Recommendation = [0.0, 0.9635, 0.9223], Current Cost = 5191.00, Rho = 1.000
(iter 10) [0.0, 1.0418, 1.5900] = 430.8377, sampling [1.0, -0.4159, -0.8287]. Recommendation = [0.0, 0.9635, 0.9223], Current Cost = 5192.00, Rho = 1.000
(iter 10) [0.0, 1.0418, 1.5900] = 430.8377, sampling [1.0, -0.4577, -0.5919]. Recommendation = [0.0, 0.9635, 0.9223], Current Cost = 5193.00, Rho = 1.000
(iter 10) [0.0, 1.0418, 1.5900] = 430.8377, sampling [1.0, 0.5967, 1.3421]. Recommendation = [0.0, 0.9635, 0.9223], Current Cost = 5194.00, Rho = 1.000
(iter 10) [0.0, 1.0418, 1.5900] = 430.8377, sampling [1.0, 0.4477, 0.9350]. Recommendation = [0.0, 0.9635, 0.9223], Current Cost = 5195.00, Rho = 1.000
(iter 10) [0.0, 1.0418, 1.5900] = 430.8377, sampling [1.0, 1.6202, 1.7901]. Recommendation = [0.0, 0.9635, 0.9223], Current Cost = 5196.00, Rho = 1.000
(iter 10) [0.0, 1.0418, 1.5900] = 430.8377, sampling [1.0, 0.8101, -0.7489]. Recommendation = [0.0, 0.9635, 0.9223], Current Cost = 5197.00, Rho = 1.000
(iter 10) [0.0, 1.0418, 1.5900] = 430.8377, sampling [1.0, -1.6774, 1.4260]. Recommendation = [0.0, 0.9635, 0.9223], Current Cost = 5198.00, Rho = 1.000
(iter 10) [0.0, 1.0418, 1.5900] = 430.8377, sampling [1.0, -0.3755, -1.1997]. Recommendation = [0.0, 0.9635, 0.9223], Current Cost = 5199.00, Rho = 1.000
(iter 10) [0.0, 1.0418, 1.5900] = 430.8377, sampling [1.0, -0.0409, 1.0866]. Recommendation = [0.0, 0.9635, 0.9223], Current Cost = 5200.00, Rho = 1.000
(iter 10) [0.0, 1.0418, 1.5900] = 430.8377, sampling [1.0, 0.8742, 1.7689]. Recommendation = [0.0, 0.9635, 0.9223], Current Cost = 5201.00, Rho = 1.000
(iter 10) [0.0, 1.0418, 1.5900] = 430.8377, sampling [1.0, -0.0675, -1.0544]. Recommendation = [0.0, 0.9635, 0.9223], Current Cost = 5202.00, Rho = 1.000
(iter 10) [0.0, 1.0418, 1.5900] = 430.8377, sampling [1.0, -0.7388, -0.5715]. Recommendation = [0.0, 0.9635, 0.9223], Current Cost = 5203.00, Rho = 1.000
(iter 10) [0.0, 1.0418, 1.5900] = 430.8377, sampling [1.0, 0.7907, 1.5010]. Recommendation = [0.0, 0.9635, 0.9223], Current Cost = 5204.00, Rho = 1.000
(iter 10) [0.0, 1.0418, 1.5900] = 430.8377, sampling [1.0, 0.5722, -0.7771]. Recommendation = [0.0, 0.9635, 0.9223], Current Cost = 5205.00, Rho = 1.000
(iter 10) [0.0, 1.0418, 1.5900] = 430.8377, sampling [1.0, -1.2476, 0.2824]. Recommendation = [0.0, 0.9635, 0.9223], Current Cost = 5206.00, Rho = 1.000
(iter 10) [0.0, 1.0418, 1.5900] = 430.8377, sampling [1.0, 1.6351, 1.1811]. Recommendation = [0.0, 0.9635, 0.9223], Current Cost = 5207.00, Rho = 1.000
(iter 10) [0.0, 1.0418, 1.5900] = 430.8377, sampling [1.0, 1.2339, 0.5008]. Recommendation = [0.0, 0.9635, 0.9223], Current Cost = 5208.00, Rho = 1.000
(iter 10) [0.0, 1.0418, 1.5900] = 430.8377, sampling [1.0, 0.3703, 1.7783]. Recommendation = [0.0, 0.9635, 0.9223], Current Cost = 5209.00, Rho = 1.000
(iter 10) [0.0, 1.0418, 1.5900] = 430.8377, sampling [1.0, -0.5273, 1.7534]. Recommendation = [0.0, 0.9635, 0.9223], Current Cost = 5210.00, Rho = 1.000
(iter 10) [0.0, 1.0418, 1.5900] = 430.8377, sampling [1.0, -0.0515, -1.3455]. Recommendation = [0.0, 0.9635, 0.9223], Current Cost = 5211.00, Rho = 1.000
(iter 10) [0.0, 1.0418, 1.5900] = 430.8377, sampling [1.0, 1.6312, 1.8683]. Recommendation = [0.0, 0.9635, 0.9223], Current Cost = 5212.00, Rho = 1.000
(iter 10) [0.0, 1.0418, 1.5900] = 430.8377, sampling [1.0, 0.3431, -1.4498]. Recommendation = [0.0, 0.9635, 0.9223], Current Cost = 5213.00, Rho = 1.000
(iter 10) [0.0, 1.0418, 1.5900] = 430.8377, sampling [1.0, 1.6151, 1.4884]. Recommendation = [0.0, 0.9635, 0.9223], Current Cost = 5214.00, Rho = 1.000
(iter 10) [0.0, 1.0418, 1.5900] = 430.8377, sampling [1.0, -1.7189, 1.8748]. Recommendation = [0.0, 0.9635, 0.9223], Current Cost = 5215.00, Rho = 1.000
(iter 10) [0.0, 1.0418, 1.5900] = 430.8377, sampling [1.0, 1.2421, -0.1826]. Recommendation = [0.0, 0.9635, 0.9223], Current Cost = 5216.00, Rho = 1.000
(iter 10) [0.0, 1.0418, 1.5900] = 430.8377, sampling [1.0, -1.2741, 0.4660]. Recommendation = [0.0, 0.9635, 0.9223], Current Cost = 5217.00, Rho = 1.000
(iter 10) [0.0, 1.0418, 1.5900] = 430.8377, sampling [1.0, -0.8362, -0.4443]. Recommendation = [0.0, 0.9635, 0.9223], Current Cost = 5218.00, Rho = 1.000
(iter 10) [0.0, 1.0418, 1.5900] = 430.8377, sampling [1.0, 0.8819, -0.4588]. Recommendation = [0.0, 0.9635, 0.9223], Current Cost = 5219.00, Rho = 1.000
(iter 10) [0.0, 1.0418, 1.5900] = 430.8377, sampling [1.0, 1.8583, 1.9989]. Recommendation = [0.0, 0.9635, 0.9223], Current Cost = 5220.00, Rho = 1.000
(iter 10) [0.0, 1.0418, 1.5900] = 430.8377, sampling [1.0, -1.4328, 0.6885]. Recommendation = [0.0, 0.9635, 0.9223], Current Cost = 5221.00, Rho = 1.000
(iter 10) [0.0, 1.0418, 1.5900] = 430.8377, sampling [1.0, -0.2566, -0.8743]. Recommendation = [0.0, 0.9635, 0.9223], Current Cost = 5222.00, Rho = 1.000
(iter 10) [0.0, 1.0418, 1.5900] = 430.8377, sampling [1.0, 0.7363, -1.0248]. Recommendation = [0.0, 0.9635, 0.9223], Current Cost = 5223.00, Rho = 1.000
(iter 10) [0.0, 1.0418, 1.5900] = 430.8377, sampling [1.0, 0.5018, 1.4183]. Recommendation = [0.0, 0.9635, 0.9223], Current Cost = 5224.00, Rho = 1.000
(iter 10) [0.0, 1.0418, 1.5900] = 430.8377, sampling [1.0, -0.3581, -0.8132]. Recommendation = [0.0, 0.9635, 0.9223], Current Cost = 5225.00, Rho = 1.000
(iter 10) [0.0, 1.0418, 1.5900] = 430.8377, sampling [1.0, -0.2447, 1.2774]. Recommendation = [0.0, 0.9635, 0.9223], Current Cost = 5226.00, Rho = 1.000
(iter 10) [0.0, 1.0418, 1.5900] = 430.8377, sampling [1.0, -1.8055, 1.6508]. Recommendation = [0.0, 0.9635, 0.9223], Current Cost = 5227.00, Rho = 1.000
(iter 10) [0.0, 1.0418, 1.5900] = 430.8377, sampling [1.0, 0.1092, -1.2247]. Recommendation = [0.0, 0.9635, 0.9223], Current Cost = 5228.00, Rho = 1.000
(iter 10) [0.0, 1.0418, 1.5900] = 430.8377, sampling [1.0, -0.7189, 1.6229]. Recommendation = [0.0, 0.9635, 0.9223], Current Cost = 5229.00, Rho = 1.000
(iter 10) [0.0, 1.0418, 1.5900] = 430.8377, sampling [1.0, 1.4858, 1.2360]. Recommendation = [0.0, 0.9635, 0.9223], Current Cost = 5230.00, Rho = 1.000
(iter 10) [0.0, 1.0418, 1.5900] = 430.8377, sampling [1.0, 0.4165, -1.1658]. Recommendation = [0.0, 0.9635, 0.9223], Current Cost = 5231.00, Rho = 1.000
(iter 10) [0.0, 1.0418, 1.5900] = 430.8377, sampling [1.0, 0.8342, -0.2391]. Recommendation = [0.0, 0.9635, 0.9223], Current Cost = 5232.00, Rho = 1.000
(iter 10) [0.0, 1.0418, 1.5900] = 430.8377, sampling [1.0, -0.6949, -0.9766]. Recommendation = [0.0, 0.9635, 0.9223], Current Cost = 5233.00, Rho = 1.000
(iter 10) [0.0, 1.0418, 1.5900] = 430.8377, sampling [1.0, -1.0886, -0.0072]. Recommendation = [0.0, 0.9635, 0.9223], Current Cost = 5234.00, Rho = 1.000
(iter 10) [0.0, 1.0418, 1.5900] = 430.8377, sampling [1.0, -0.4852, -1.1180]. Recommendation = [0.0, 0.9635, 0.9223], Current Cost = 5235.00, Rho = 1.000
(iter 10) [0.0, 1.0418, 1.5900] = 430.8377, sampling [1.0, -0.3316, 1.4731]. Recommendation = [0.0, 0.9635, 0.9223], Current Cost = 5236.00, Rho = 1.000
(iter 10) [0.0, 1.0418, 1.5900] = 430.8377, sampling [1.0, 1.9385, 1.5056]. Recommendation = [0.0, 0.9635, 0.9223], Current Cost = 5237.00, Rho = 1.000
(iter 10) [0.0, 1.0418, 1.5900] = 430.8377, sampling [1.0, 1.1493, -0.7215]. Recommendation = [0.0, 0.9635, 0.9223], Current Cost = 5238.00, Rho = 1.000
(iter 10) [0.0, 1.0418, 1.5900] = 430.8377, sampling [1.0, -0.2239, -1.3685]. Recommendation = [0.0, 0.9635, 0.9223], Current Cost = 5239.00, Rho = 1.000
(iter 10) [0.0, 1.0418, 1.5900] = 430.8377, sampling [1.0, 1.1982, 0.5230]. Recommendation = [0.0, 0.9635, 0.9223], Current Cost = 5240.00, Rho = 1.000
(iter 10) [0.0, 1.0418, 1.5900] = 430.8377, sampling [1.0, 0.3771, 1.0410]. Recommendation = [0.0, 0.9635, 0.9223], Current Cost = 5241.00, Rho = 1.000
(iter 10) [0.0, 1.0418, 1.5900] = 430.8377, sampling [1.0, -1.6713, 1.1749]. Recommendation = [0.0, 0.9635, 0.9223], Current Cost = 5242.00, Rho = 1.000
(iter 10) [0.0, 1.0418, 1.5900] = 430.8377, sampling [1.0, 0.6326, 1.8035]. Recommendation = [0.0, 0.9635, 0.9223], Current Cost = 5243.00, Rho = 1.000
(iter 10) [0.0, 1.0418, 1.5900] = 430.8377, sampling [1.0, 0.2527, -1.1821]. Recommendation = [0.0, 0.9635, 0.9223], Current Cost = 5244.00, Rho = 1.000
(iter 10) [0.0, 1.0418, 1.5900] = 430.8377, sampling [1.0, 0.6645, -0.7728]. Recommendation = [0.0, 0.9635, 0.9223], Current Cost = 5245.00, Rho = 1.000
(iter 10) [0.0, 1.0418, 1.5900] = 430.8377, sampling [1.0, -1.5001, 0.3590]. Recommendation = [0.0, 0.9635, 0.9223], Current Cost = 5246.00, Rho = 1.000
(iter 10) [0.0, 1.0418, 1.5900] = 430.8377, sampling [1.0, 0.0965, -1.6095]. Recommendation = [0.0, 0.9635, 0.9223], Current Cost = 5247.00, Rho = 1.000
(iter 10) [0.0, 1.0418, 1.5900] = 430.8377, sampling [1.0, 0.1793, 1.9882]. Recommendation = [0.0, 0.9635, 0.9223], Current Cost = 5248.00, Rho = 1.000
(iter 10) [0.0, 1.0418, 1.5900] = 430.8377, sampling [1.0, 0.4060, 1.4808]. Recommendation = [0.0, 0.9635, 0.9223], Current Cost = 5249.00, Rho = 1.000
(iter 10) [0.0, 1.0418, 1.5900] = 430.8377, sampling [1.0, -0.0093, 0.8971]. Recommendation = [0.0, 0.9635, 0.9223], Current Cost = 5250.00, Rho = 1.000
(iter 10) [0.0, 1.0418, 1.5900] = 430.8377, sampling [1.0, 1.6507, 1.7999]. Recommendation = [0.0, 0.9635, 0.9223], Current Cost = 5251.00, Rho = 1.000
(iter 10) [0.0, 1.0418, 1.5900] = 430.8377, sampling [1.0, 1.5756, 0.9500]. Recommendation = [0.0, 0.9635, 0.9223], Current Cost = 5252.00, Rho = 1.000
(iter 10) [0.0, 1.0418, 1.5900] = 430.8377, sampling [1.0, -0.9093, -0.3595]. Recommendation = [0.0, 0.9635, 0.9223], Current Cost = 5253.00, Rho = 1.000
(iter 10) [0.0, 1.0418, 1.5900] = 430.8377, sampling [1.0, -0.0197, 1.1357]. Recommendation = [0.0, 0.9635, 0.9223], Current Cost = 5254.00, Rho = 1.000
(iter 10) [0.0, 1.0418, 1.5900] = 430.8377, sampling [1.0, 0.6895, -1.3320]. Recommendation = [0.0, 0.9635, 0.9223], Current Cost = 5255.00, Rho = 1.000
(iter 10) [0.0, 1.0418, 1.5900] = 430.8377, sampling [1.0, -1.0797, -0.1517]. Recommendation = [0.0, 0.9635, 0.9223], Current Cost = 5256.00, Rho = 1.000
(iter 10) [0.0, 1.0418, 1.5900] = 430.8377, sampling [1.0, 0.5292, 1.6681]. Recommendation = [0.0, 0.9635, 0.9223], Current Cost = 5257.00, Rho = 1.000
(iter 10) [0.0, 1.0418, 1.5900] = 430.8377, sampling [1.0, 1.3903, 0.1572]. Recommendation = [0.0, 0.9635, 0.9223], Current Cost = 5258.00, Rho = 1.000
(iter 10) [0.0, 1.0418, 1.5900] = 430.8377, sampling [1.0, -0.5059, -1.3936]. Recommendation = [0.0, 0.9635, 0.9223], Current Cost = 5259.00, Rho = 1.000
(iter 10) [0.0, 1.0418, 1.5900] = 430.8377, sampling [1.0, -0.0923, -1.2747]. Recommendation = [0.0, 0.9635, 0.9223], Current Cost = 5260.00, Rho = 1.000
(iter 10) [0.0, 1.0418, 1.5900] = 430.8377, sampling [1.0, 0.3308, -1.9768]. Recommendation = [0.0, 0.9635, 0.9223], Current Cost = 5261.00, Rho = 1.000
(iter 10) [0.0, 1.0418, 1.5900] = 430.8377, sampling [1.0, 0.1633, 1.5539]. Recommendation = [0.0, 0.9635, 0.9223], Current Cost = 5262.00, Rho = 1.000
(iter 10) [0.0, 1.0418, 1.5900] = 430.8377, sampling [1.0, 0.6068, -0.9332]. Recommendation = [0.0, 0.9635, 0.9223], Current Cost = 5263.00, Rho = 1.000
(iter 10) [0.0, 1.0418, 1.5900] = 430.8377, sampling [1.0, -1.8305, 1.8253]. Recommendation = [0.0, 0.9635, 0.9223], Current Cost = 5264.00, Rho = 1.000
(iter 10) [0.0, 1.0418, 1.5900] = 430.8377, sampling [1.0, -1.5376, 0.9048]. Recommendation = [0.0, 0.9635, 0.9223], Current Cost = 5265.00, Rho = 1.000
(iter 10) [0.0, 1.0418, 1.5900] = 430.8377, sampling [1.0, -1.0614, -0.3192]. Recommendation = [0.0, 0.9635, 0.9223], Current Cost = 5266.00, Rho = 1.000
(iter 10) [0.0, 1.0418, 1.5900] = 430.8377, sampling [1.0, 1.2779, 0.3655]. Recommendation = [0.0, 0.9635, 0.9223], Current Cost = 5267.00, Rho = 1.000
(iter 10) [0.0, 1.0418, 1.5900] = 430.8377, sampling [1.0, -1.9582, 0.8190]. Recommendation = [0.0, 0.9635, 0.9223], Current Cost = 5268.00, Rho = 1.000
(iter 10) [0.0, 1.0418, 1.5900] = 430.8377, sampling [1.0, -0.1137, -1.4885]. Recommendation = [0.0, 0.9635, 0.9223], Current Cost = 5269.00, Rho = 1.000
(iter 10) [0.0, 1.0418, 1.5900] = 430.8377, sampling [1.0, -1.2705, 0.1768]. Recommendation = [0.0, 0.9635, 0.9223], Current Cost = 5270.00, Rho = 1.000
(iter 10) [0.0, 1.0418, 1.5900] = 430.8377, sampling [1.0, -0.2509, 1.3640]. Recommendation = [0.0, 0.9635, 0.9223], Current Cost = 5271.00, Rho = 1.000
(iter 10) [0.0, 1.0418, 1.5900] = 430.8377, sampling [1.0, 0.0385, -1.2396]. Recommendation = [0.0, 0.9635, 0.9223], Current Cost = 5272.00, Rho = 1.000
(iter 10) [0.0, 1.0418, 1.5900] = 430.8377, sampling [1.0, -0.7748, -0.8829]. Recommendation = [0.0, 0.9635, 0.9223], Current Cost = 5273.00, Rho = 1.000
(iter 10) [0.0, 1.0418, 1.5900] = 430.8377, sampling [1.0, 1.2560, -1.5410]. Recommendation = [0.0, 0.9635, 0.9223], Current Cost = 5274.00, Rho = 1.000
(iter 10) [0.0, 1.0418, 1.5900] = 430.8377, sampling [1.0, -0.6097, -1.1263]. Recommendation = [0.0, 0.9635, 0.9223], Current Cost = 5275.00, Rho = 1.000
(iter 10) [0.0, 1.0418, 1.5900] = 430.8377, sampling [1.0, -1.3599, 0.5909]. Recommendation = [0.0, 0.9635, 0.9223], Current Cost = 5276.00, Rho = 1.000
(iter 10) [0.0, 1.0418, 1.5900] = 430.8377, sampling [1.0, -1.2210, -0.0959]. Recommendation = [0.0, 0.9635, 0.9223], Current Cost = 5277.00, Rho = 1.000
(iter 10) [0.0, 1.0418, 1.5900] = 430.8377, sampling [1.0, 1.4523, 0.5191]. Recommendation = [0.0, 0.9635, 0.9223], Current Cost = 5278.00, Rho = 1.000
(iter 10) [0.0, 1.0418, 1.5900] = 430.8377, sampling [1.0, -0.6245, -1.9201]. Recommendation = [0.0, 0.9635, 0.9223], Current Cost = 5279.00, Rho = 1.000
(iter 10) [0.0, 1.0418, 1.5900] = 430.8377, sampling [1.0, 0.7083, -0.7431]. Recommendation = [0.0, 0.9635, 0.9223], Current Cost = 5280.00, Rho = 1.000
(iter 10) [0.0, 1.0418, 1.5900] = 430.8377, sampling [1.0, 0.3176, -1.1322]. Recommendation = [0.0, 0.9635, 0.9223], Current Cost = 5281.00, Rho = 1.000
(iter 10) [0.0, 1.0418, 1.5900] = 430.8377, sampling [1.0, -0.8016, -1.2959]. Recommendation = [0.0, 0.9635, 0.9223], Current Cost = 5282.00, Rho = 1.000
(iter 10) [0.0, 1.0418, 1.5900] = 430.8377, sampling [1.0, -0.0260, -1.9286]. Recommendation = [0.0, 0.9635, 0.9223], Current Cost = 5283.00, Rho = 1.000
(iter 10) [0.0, 1.0418, 1.5900] = 430.8377, sampling [1.0, 0.1741, -1.5271]. Recommendation = [0.0, 0.9635, 0.9223], Current Cost = 5284.00, Rho = 1.000
(iter 10) [0.0, 1.0418, 1.5900] = 430.8377, sampling [1.0, -0.3094, -1.4082]. Recommendation = [0.0, 0.9635, 0.9223], Current Cost = 5285.00, Rho = 1.000
(iter 10) [0.0, 1.0418, 1.5900] = 430.8377, sampling [1.0, -0.1541, -1.3020]. Recommendation = [0.0, 0.9635, 0.9223], Current Cost = 5286.00, Rho = 1.000
(iter 10) [0.0, 1.0418, 1.5900] = 430.8377, sampling [1.0, -0.9714, -0.7928]. Recommendation = [0.0, 0.9635, 0.9223], Current Cost = 5287.00, Rho = 1.000
(iter 10) [0.0, 1.0418, 1.5900] = 430.8377, sampling [1.0, 0.7477, -0.8068]. Recommendation = [0.0, 0.9635, 0.9223], Current Cost = 5288.00, Rho = 1.000
(iter 10) [0.0, 1.0418, 1.5900] = 430.8377, sampling [1.0, 0.4601, 1.6431]. Recommendation = [0.0, 0.9635, 0.9223], Current Cost = 5289.00, Rho = 1.000
(iter 10) [0.0, 1.0418, 1.5900] = 430.8377, sampling [1.0, 1.6823, -0.2449]. Recommendation = [0.0, 0.9635, 0.9223], Current Cost = 5290.00, Rho = 1.000
(iter 10) [0.0, 1.0418, 1.5900] = 430.8377, sampling [1.0, 1.7110, 1.2687]. Recommendation = [0.0, 0.9635, 0.9223], Current Cost = 5291.00, Rho = 1.000
(iter 10) [0.0, 1.0418, 1.5900] = 430.8377, sampling [1.0, -1.6844, 1.3253]. Recommendation = [0.0, 0.9635, 0.9223], Current Cost = 5292.00, Rho = 1.000
(iter 10) [0.0, 1.0418, 1.5900] = 430.8377, sampling [1.0, -1.1002, -0.5221]. Recommendation = [0.0, 0.9635, 0.9223], Current Cost = 5293.00, Rho = 1.000
(iter 10) [0.0, 1.0418, 1.5900] = 430.8377, sampling [1.0, -1.3701, 0.3882]. Recommendation = [0.0, 0.9635, 0.9223], Current Cost = 5294.00, Rho = 1.000
(iter 10) [0.0, 1.0418, 1.5900] = 430.8377, sampling [1.0, -0.8627, -0.4222]. Recommendation = [0.0, 0.9635, 0.9223], Current Cost = 5295.00, Rho = 1.000
(iter 10) [0.0, 1.0418, 1.5900] = 430.8377, sampling [1.0, 0.9234, -0.8389]. Recommendation = [0.0, 0.9635, 0.9223], Current Cost = 5296.00, Rho = 1.000
(iter 10) [0.0, 1.0418, 1.5900] = 430.8377, sampling [1.0, 1.3399, 0.3519]. Recommendation = [0.0, 0.9635, 0.9223], Current Cost = 5297.00, Rho = 1.000
(iter 10) [0.0, 1.0418, 1.5900] = 430.8377, sampling [1.0, 0.2380, -1.7237]. Recommendation = [0.0, 0.9635, 0.9223], Current Cost = 5298.00, Rho = 1.000
(iter 10) [0.0, 1.0418, 1.5900] = 430.8377, sampling [1.0, -1.7575, 1.7187]. Recommendation = [0.0, 0.9635, 0.9223], Current Cost = 5299.00, Rho = 1.000
(iter 10) [0.0, 1.0418, 1.5900] = 430.8377, sampling [1.0, -1.1338, -0.0345]. Recommendation = [0.0, 0.9635, 0.9223], Current Cost = 5300.00, Rho = 1.000
(iter 10) [0.0, 1.0418, 1.5900] = 430.8377, sampling [1.0, -1.9946, 1.5165]. Recommendation = [0.0, 0.9635, 0.9223], Current Cost = 5301.00, Rho = 1.000
(iter 10) [0.0, 1.0418, 1.5900] = 430.8377, sampling [1.0, 0.7360, -0.9362]. Recommendation = [0.0, 0.9635, 0.9223], Current Cost = 5302.00, Rho = 1.000
(iter 10) [0.0, 1.0418, 1.5900] = 430.8377, sampling [1.0, -1.4309, 0.0026]. Recommendation = [0.0, 0.9635, 0.9223], Current Cost = 5303.00, Rho = 1.000
(iter 10) [0.0, 1.0418, 1.5900] = 430.8377, sampling [1.0, 0.5679, -1.6640]. Recommendation = [0.0, 0.9635, 0.9223], Current Cost = 5304.00, Rho = 1.000
(iter 10) [0.0, 1.0418, 1.5900] = 430.8377, sampling [1.0, -0.7042, 1.6052]. Recommendation = [0.0, 0.9635, 0.9223], Current Cost = 5305.00, Rho = 1.000
(iter 10) [0.0, 1.0418, 1.5900] = 430.8377, sampling [1.0, -0.2371, -1.5041]. Recommendation = [0.0, 0.9635, 0.9223], Current Cost = 5306.00, Rho = 1.000
(iter 10) [0.0, 1.0418, 1.5900] = 430.8377, sampling [1.0, 0.5816, -1.3245]. Recommendation = [0.0, 0.9635, 0.9223], Current Cost = 5307.00, Rho = 1.000
(iter 10) [0.0, 1.0418, 1.5900] = 430.8377, sampling [1.0, -0.8683, -0.9891]. Recommendation = [0.0, 0.9635, 0.9223], Current Cost = 5308.00, Rho = 1.000
(iter 10) [0.0, 1.0418, 1.5900] = 430.8377, sampling [1.0, 1.1550, -0.5197]. Recommendation = [0.0, 0.9635, 0.9223], Current Cost = 5309.00, Rho = 1.000
(iter 10) [0.0, 1.0418, 1.5900] = 430.8377, sampling [1.0, 0.0758, 1.8625]. Recommendation = [0.0, 0.9635, 0.9223], Current Cost = 5310.00, Rho = 1.000
(iter 10) [0.0, 1.0418, 1.5900] = 430.8377, sampling [1.0, -0.5825, -1.3094]. Recommendation = [0.0, 0.9635, 0.9223], Current Cost = 5311.00, Rho = 1.000
(iter 10) [0.0, 1.0418, 1.5900] = 430.8377, sampling [1.0, 0.2771, -1.1411]. Recommendation = [0.0, 0.9635, 0.9223], Current Cost = 5312.00, Rho = 1.000
(iter 10) [0.0, 1.0418, 1.5900] = 430.8377, sampling [1.0, 1.8421, 0.9142]. Recommendation = [0.0, 0.9635, 0.9223], Current Cost = 5313.00, Rho = 1.000
(iter 10) [0.0, 1.0418, 1.5900] = 430.8377, sampling [1.0, -0.4182, -1.4766]. Recommendation = [0.0, 0.9635, 0.9223], Current Cost = 5314.00, Rho = 1.000
(iter 10) [0.0, 1.0418, 1.5900] = 430.8377, sampling [1.0, 0.0697, -1.2107]. Recommendation = [0.0, 0.9635, 0.9223], Current Cost = 5315.00, Rho = 1.000
(iter 10) [0.0, 1.0418, 1.5900] = 430.8377, sampling [1.0, -1.3670, -1.9907]. Recommendation = [0.0, 0.9635, 0.9223], Current Cost = 5316.00, Rho = 1.000
(iter 10) [0.0, 1.0418, 1.5900] = 430.8377, sampling [1.0, -1.6167, 1.1455]. Recommendation = [0.0, 0.9635, 0.9223], Current Cost = 5317.00, Rho = 1.000
(iter 10) [0.0, 1.0418, 1.5900] = 430.8377, sampling [1.0, -0.4736, -1.1600]. Recommendation = [0.0, 0.9635, 0.9223], Current Cost = 5318.00, Rho = 1.000
(iter 10) [0.0, 1.0418, 1.5900] = 430.8377, sampling [1.0, -1.5830, 0.6597]. Recommendation = [0.0, 0.9635, 0.9223], Current Cost = 5319.00, Rho = 1.000
(iter 10) [0.0, 1.0418, 1.5900] = 430.8377, sampling [1.0, 0.0803, -1.7092]. Recommendation = [0.0, 0.9635, 0.9223], Current Cost = 5320.00, Rho = 1.000
(iter 10) [0.0, 1.0418, 1.5900] = 430.8377, sampling [1.0, -0.3446, -1.8905]. Recommendation = [0.0, 0.9635, 0.9223], Current Cost = 5321.00, Rho = 1.000
(iter 10) [0.0, 1.0418, 1.5900] = 430.8377, sampling [1.0, 0.8212, -0.9485]. Recommendation = [0.0, 0.9635, 0.9223], Current Cost = 5322.00, Rho = 1.000
(iter 10) [0.0, 1.0418, 1.5900] = 430.8377, sampling [1.0, 1.4963, 0.3402]. Recommendation = [0.0, 0.9635, 0.9223], Current Cost = 5323.00, Rho = 1.000
(iter 10) [0.0, 1.0418, 1.5900] = 430.8377, sampling [1.0, -0.6498, -1.5281]. Recommendation = [0.0, 0.9635, 0.9223], Current Cost = 5324.00, Rho = 1.000
(iter 10) [0.0, 1.0418, 1.5900] = 430.8377, sampling [1.0, 0.5087, 1.4033]. Recommendation = [0.0, 0.9635, 0.9223], Current Cost = 5325.00, Rho = 1.000
(iter 10) [0.0, 1.0418, 1.5900] = 430.8377, sampling [1.0, 0.2842, 1.8898]. Recommendation = [0.0, 0.9635, 0.9223], Current Cost = 5326.00, Rho = 1.000
(iter 10) [0.0, 1.0418, 1.5900] = 430.8377, sampling [1.0, 0.3951, -1.1859]. Recommendation = [0.0, 0.9635, 0.9223], Current Cost = 5327.00, Rho = 1.000
(iter 10) [0.0, 1.0418, 1.5900] = 430.8377, sampling [1.0, -0.3247, -1.5546]. Recommendation = [0.0, 0.9635, 0.9223], Current Cost = 5328.00, Rho = 1.000
(iter 10) [0.0, 1.0418, 1.5900] = 430.8377, sampling [1.0, -1.1696, -0.4353]. Recommendation = [0.0, 0.9635, 0.9223], Current Cost = 5329.00, Rho = 1.000
(iter 10) [0.0, 1.0418, 1.5900] = 430.8377, sampling [1.0, -1.3301, 0.1388]. Recommendation = [0.0, 0.9635, 0.9223], Current Cost = 5330.00, Rho = 1.000
(iter 10) [0.0, 1.0418, 1.5900] = 430.8377, sampling [1.0, -0.7860, -1.0146]. Recommendation = [0.0, 0.9635, 0.9223], Current Cost = 5331.00, Rho = 1.000
(iter 10) [0.0, 1.0418, 1.5900] = 430.8377, sampling [1.0, 1.2236, -0.2718]. Recommendation = [0.0, 0.9635, 0.9223], Current Cost = 5332.00, Rho = 1.000
(iter 10) [0.0, 1.0418, 1.5900] = 430.8377, sampling [1.0, -1.3840, -0.2037]. Recommendation = [0.0, 0.9635, 0.9223], Current Cost = 5333.00, Rho = 1.000
(iter 10) [0.0, 1.0418, 1.5900] = 430.8377, sampling [1.0, 1.8492, 1.5928]. Recommendation = [0.0, 0.9635, 0.9223], Current Cost = 5334.00, Rho = 1.000
(iter 10) [0.0, 1.0418, 1.5900] = 430.8377, sampling [1.0, 0.3612, -1.7730]. Recommendation = [0.0, 0.9635, 0.9223], Current Cost = 5335.00, Rho = 1.000
(iter 10) [0.0, 1.0418, 1.5900] = 430.8377, sampling [1.0, 1.0910, -1.0949]. Recommendation = [0.0, 0.9635, 0.9223], Current Cost = 5336.00, Rho = 1.000
(iter 10) [0.0, 1.0418, 1.5900] = 430.8377, sampling [1.0, -0.2281, -1.6203]. Recommendation = [0.0, 0.9635, 0.9223], Current Cost = 5337.00, Rho = 1.000
(iter 10) [0.0, 1.0418, 1.5900] = 430.8377, sampling [1.0, 0.1297, -1.9441]. Recommendation = [0.0, 0.9635, 0.9223], Current Cost = 5338.00, Rho = 1.000
(iter 10) [0.0, 1.0418, 1.5900] = 430.8377, sampling [1.0, 1.7343, 1.1242]. Recommendation = [0.0, 0.9635, 0.9223], Current Cost = 5339.00, Rho = 1.000
(iter 10) [0.0, 1.0418, 1.5900] = 430.8377, sampling [1.0, 1.9776, -1.9707]. Recommendation = [0.0, 0.9635, 0.9223], Current Cost = 5340.00, Rho = 1.000
(iter 10) [0.0, 1.0418, 1.5900] = 430.8377, sampling [1.0, -1.8392, 0.0901]. Recommendation = [0.0, 0.9635, 0.9223], Current Cost = 5341.00, Rho = 1.000
(iter 10) [0.0, 1.0418, 1.5900] = 430.8377, sampling [1.0, -0.8290, -0.8999]. Recommendation = [0.0, 0.9635, 0.9223], Current Cost = 5342.00, Rho = 1.000
(iter 10) [0.0, 1.0418, 1.5900] = 430.8377, sampling [1.0, 0.9527, -0.7864]. Recommendation = [0.0, 0.9635, 0.9223], Current Cost = 5343.00, Rho = 1.000
(iter 10) [0.0, 1.0418, 1.5900] = 430.8377, sampling [1.0, 0.8296, -1.4293]. Recommendation = [0.0, 0.9635, 0.9223], Current Cost = 5344.00, Rho = 1.000
(iter 10) [0.0, 1.0418, 1.5900] = 430.8377, sampling [1.0, 0.2086, -1.5606]. Recommendation = [0.0, 0.9635, 0.9223], Current Cost = 5345.00, Rho = 1.000
(iter 10) [0.0, 1.0418, 1.5900] = 430.8377, sampling [1.0, -1.0087, -1.0404]. Recommendation = [0.0, 0.9635, 0.9223], Current Cost = 5346.00, Rho = 1.000
(iter 10) [0.0, 1.0418, 1.5900] = 430.8377, sampling [1.0, -0.1803, -1.5120]. Recommendation = [0.0, 0.9635, 0.9223], Current Cost = 5347.00, Rho = 1.000
(iter 10) [0.0, 1.0418, 1.5900] = 430.8377, sampling [1.0, -0.5947, -1.6441]. Recommendation = [0.0, 0.9635, 0.9223], Current Cost = 5348.00, Rho = 1.000
(iter 10) [0.0, 1.0418, 1.5900] = 430.8377, sampling [1.0, 1.8750, 1.2480]. Recommendation = [0.0, 0.9635, 0.9223], Current Cost = 5349.00, Rho = 1.000
(iter 10) [0.0, 1.0418, 1.5900] = 430.8377, sampling [1.0, 0.1948, 1.8493]. Recommendation = [0.0, 0.9635, 0.9223], Current Cost = 5350.00, Rho = 1.000
(iter 10) [0.0, 1.0418, 1.5900] = 430.8377, sampling [1.0, -1.6438, 0.7848]. Recommendation = [0.0, 0.9635, 0.9223], Current Cost = 5351.00, Rho = 1.000
(iter 10) [0.0, 1.0418, 1.5900] = 430.8377, sampling [1.0, -0.6838, -1.4072]. Recommendation = [0.0, 0.9635, 0.9223], Current Cost = 5352.00, Rho = 1.000
(iter 10) [0.0, 1.0418, 1.5900] = 430.8377, sampling [1.0, -1.1816, -0.6576]. Recommendation = [0.0, 0.9635, 0.9223], Current Cost = 5353.00, Rho = 1.000
(iter 10) [0.0, 1.0418, 1.5900] = 430.8377, sampling [1.0, -0.8216, -1.2029]. Recommendation = [0.0, 0.9635, 0.9223], Current Cost = 5354.00, Rho = 1.000
(iter 10) [0.0, 1.0418, 1.5900] = 430.8377, sampling [1.0, -1.4429, 0.1718]. Recommendation = [0.0, 0.9635, 0.9223], Current Cost = 5355.00, Rho = 1.000
(iter 10) [0.0, 1.0418, 1.5900] = 430.8377, sampling [1.0, -0.3987, -1.7998]. Recommendation = [0.0, 0.9635, 0.9223], Current Cost = 5356.00, Rho = 1.000
(iter 10) [0.0, 1.0418, 1.5900] = 430.8377, sampling [1.0, 1.5258, 0.5065]. Recommendation = [0.0, 0.9635, 0.9223], Current Cost = 5357.00, Rho = 1.000
(iter 10) [0.0, 1.0418, 1.5900] = 430.8377, sampling [1.0, -1.8581, 1.4357]. Recommendation = [0.0, 0.9635, 0.9223], Current Cost = 5358.00, Rho = 1.000
(iter 10) [0.0, 1.0418, 1.5900] = 430.8377, sampling [1.0, -1.7241, 1.2989]. Recommendation = [0.0, 0.9635, 0.9223], Current Cost = 5359.00, Rho = 1.000
(iter 10) [0.0, 1.0418, 1.5900] = 430.8377, sampling [1.0, 1.5424, 0.2055]. Recommendation = [0.0, 0.9635, 0.9223], Current Cost = 5360.00, Rho = 1.000
(iter 10) [0.0, 1.0418, 1.5900] = 430.8377, sampling [1.0, 0.2682, -1.8433]. Recommendation = [0.0, 0.9635, 0.9223], Current Cost = 5361.00, Rho = 1.000
(iter 10) [0.0, 1.0418, 1.5900] = 430.8377, sampling [1.0, 1.3213, -0.5052]. Recommendation = [0.0, 0.9635, 0.9223], Current Cost = 5362.00, Rho = 1.000
(iter 10) [0.0, 1.0418, 1.5900] = 430.8377, sampling [1.0, 1.1026, -0.8444]. Recommendation = [0.0, 0.9635, 0.9223], Current Cost = 5363.00, Rho = 1.000
(iter 10) [0.0, 1.0418, 1.5900] = 430.8377, sampling [1.0, -0.9337, -1.4207]. Recommendation = [0.0, 0.9635, 0.9223], Current Cost = 5364.00, Rho = 1.000
(iter 10) [0.0, 1.0418, 1.5900] = 430.8377, sampling [1.0, 1.9313, 1.6286]. Recommendation = [0.0, 0.9635, 0.9223], Current Cost = 5365.00, Rho = 1.000
(iter 10) [0.0, 1.0418, 1.5900] = 430.8377, sampling [1.0, -1.7771, 1.7305]. Recommendation = [0.0, 0.9635, 0.9223], Current Cost = 5366.00, Rho = 1.000
(iter 10) [0.0, 1.0418, 1.5900] = 430.8377, sampling [1.0, 1.9534, 0.2300]. Recommendation = [0.0, 0.9635, 0.9223], Current Cost = 5367.00, Rho = 1.000
(iter 10) [0.0, 1.0418, 1.5900] = 430.8377, sampling [1.0, 0.4273, -1.8711]. Recommendation = [0.0, 0.9635, 0.9223], Current Cost = 5368.00, Rho = 1.000
(iter 10) [0.0, 1.0418, 1.5900] = 430.8377, sampling [1.0, -0.9787, -0.9533]. Recommendation = [0.0, 0.9635, 0.9223], Current Cost = 5369.00, Rho = 1.000
(iter 10) [0.0, 1.0418, 1.5900] = 430.8377, sampling [1.0, -1.4175, -0.4158]. Recommendation = [0.0, 0.9635, 0.9223], Current Cost = 5370.00, Rho = 1.000
(iter 10) [0.0, 1.0418, 1.5900] = 430.8377, sampling [1.0, -0.9387, -1.2237]. Recommendation = [0.0, 0.9635, 0.9223], Current Cost = 5371.00, Rho = 1.000
(iter 10) [0.0, 1.0418, 1.5900] = 430.8377, sampling [1.0, -1.5957, 0.4123]. Recommendation = [0.0, 0.9635, 0.9223], Current Cost = 5372.00, Rho = 1.000
(iter 10) [0.0, 1.0418, 1.5900] = 430.8377, sampling [1.0, 1.3326, -0.3520]. Recommendation = [0.0, 0.9635, 0.9223], Current Cost = 5373.00, Rho = 1.000
(iter 10) [0.0, 1.0418, 1.5900] = 430.8377, sampling [1.0, 1.1393, -0.5769]. Recommendation = [0.0, 0.9635, 0.9223], Current Cost = 5374.00, Rho = 1.000
(iter 10) [0.0, 1.0418, 1.5900] = 430.8377, sampling [1.0, -1.7078, 1.1847]. Recommendation = [0.0, 0.9635, 0.9223], Current Cost = 5375.00, Rho = 1.000
(iter 10) [0.0, 1.0418, 1.5900] = 430.8377, sampling [1.0, -0.6073, -1.7819]. Recommendation = [0.0, 0.9635, 0.9223], Current Cost = 5376.00, Rho = 1.000
(iter 10) [0.0, 1.0418, 1.5900] = 430.8377, sampling [1.0, -1.2555, -1.2566]. Recommendation = [0.0, 0.9635, 0.9223], Current Cost = 5377.00, Rho = 1.000
(iter 10) [0.0, 1.0418, 1.5900] = 430.8377, sampling [1.0, 0.9334, -1.6984]. Recommendation = [0.0, 0.9635, 0.9223], Current Cost = 5378.00, Rho = 1.000
(iter 10) [0.0, 1.0418, 1.5900] = 430.8377, sampling [1.0, 1.3676, -0.8951]. Recommendation = [0.0, 0.9635, 0.9223], Current Cost = 5379.00, Rho = 1.000
(iter 10) [0.0, 1.0418, 1.5900] = 430.8377, sampling [1.0, 1.5058, -0.1197]. Recommendation = [0.0, 0.9635, 0.9223], Current Cost = 5380.00, Rho = 1.000
(iter 10) [0.0, 1.0418, 1.5900] = 430.8377, sampling [1.0, 1.0839, -0.7649]. Recommendation = [0.0, 0.9635, 0.9223], Current Cost = 5381.00, Rho = 1.000
(iter 10) [0.0, 1.0418, 1.5900] = 430.8377, sampling [1.0, -1.9823, 1.0623]. Recommendation = [0.0, 0.9635, 0.9223], Current Cost = 5382.00, Rho = 1.000
(iter 10) [0.0, 1.0418, 1.5900] = 430.8377, sampling [1.0, 1.9656, 1.1165]. Recommendation = [0.0, 0.9635, 0.9223], Current Cost = 5383.00, Rho = 1.000
(iter 10) [0.0, 1.0418, 1.5900] = 430.8377, sampling [1.0, 1.7748, 0.7235]. Recommendation = [0.0, 0.9635, 0.9223], Current Cost = 5384.00, Rho = 1.000
(iter 10) [0.0, 1.0418, 1.5900] = 430.8377, sampling [1.0, -1.9600, -0.9941]. Recommendation = [0.0, 0.9635, 0.9223], Current Cost = 5385.00, Rho = 1.000
(iter 10) [0.0, 1.0418, 1.5900] = 430.8377, sampling [1.0, -0.9463, -1.7367]. Recommendation = [0.0, 0.9635, 0.9223], Current Cost = 5386.00, Rho = 1.000
(iter 10) [0.0, 1.0418, 1.5900] = 430.8377, sampling [1.0, -1.5883, 0.6145]. Recommendation = [0.0, 0.9635, 0.9223], Current Cost = 5387.00, Rho = 1.000
(iter 10) [0.0, 1.0418, 1.5900] = 430.8377, sampling [1.0, 1.3015, -0.6674]. Recommendation = [0.0, 0.9635, 0.9223], Current Cost = 5388.00, Rho = 1.000
(iter 10) [0.0, 1.0418, 1.5900] = 430.8377, sampling [1.0, 1.6582, 0.3962]. Recommendation = [0.0, 0.9635, 0.9223], Current Cost = 5389.00, Rho = 1.000
(iter 10) [0.0, 1.0418, 1.5900] = 430.8377, sampling [1.0, -0.7357, -1.9951]. Recommendation = [0.0, 0.9635, 0.9223], Current Cost = 5390.00, Rho = 1.000
(iter 10) [0.0, 1.0418, 1.5900] = 430.8377, sampling [1.0, -1.8198, 0.5513]. Recommendation = [0.0, 0.9635, 0.9223], Current Cost = 5391.00, Rho = 1.000
(iter 10) [0.0, 1.0418, 1.5900] = 430.8377, sampling [1.0, 0.2580, 1.9182]. Recommendation = [0.0, 0.9635, 0.9223], Current Cost = 5392.00, Rho = 1.000
(iter 10) [0.0, 1.0418, 1.5900] = 430.8377, sampling [1.0, 0.9506, -1.9544]. Recommendation = [0.0, 0.9635, 0.9223], Current Cost = 5393.00, Rho = 1.000
(iter 10) [0.0, 1.0418, 1.5900] = 430.8377, sampling [1.0, -1.5104, -0.0552]. Recommendation = [0.0, 0.9635, 0.9223], Current Cost = 5394.00, Rho = 1.000
(iter 10) [0.0, 1.0418, 1.5900] = 430.8377, sampling [1.0, -1.3477, -0.7018]. Recommendation = [0.0, 0.9635, 0.9223], Current Cost = 5395.00, Rho = 1.000
(iter 10) [0.0, 1.0418, 1.5900] = 430.8377, sampling [1.0, -1.5614, 0.3289]. Recommendation = [0.0, 0.9635, 0.9223], Current Cost = 5396.00, Rho = 1.000
(iter 10) [0.0, 1.0418, 1.5900] = 430.8377, sampling [1.0, -1.3046, -0.9705]. Recommendation = [0.0, 0.9635, 0.9223], Current Cost = 5397.00, Rho = 1.000
(iter 10) [0.0, 1.0418, 1.5900] = 430.8377, sampling [1.0, 1.4951, 0.1948]. Recommendation = [0.0, 0.9635, 0.9223], Current Cost = 5398.00, Rho = 1.000
(iter 10) [0.0, 1.0418, 1.5900] = 430.8377, sampling [1.0, -0.8142, -0.9055]. Recommendation = [0.0, 0.9635, 0.9223], Current Cost = 5399.00, Rho = 1.000
(iter 10) [0.0, 1.0418, 1.5900] = 430.8377, sampling [1.0, 1.9491, 0.6483]. Recommendation = [0.0, 0.9635, 0.9223], Current Cost = 5400.00, Rho = 1.000
(iter 10) [0.0, 1.0418, 1.5900] = 430.8377, sampling [1.0, 0.9765, -1.5814]. Recommendation = [0.0, 0.9635, 0.9223], Current Cost = 5401.00, Rho = 1.000
(iter 10) [0.0, 1.0418, 1.5900] = 430.8377, sampling [1.0, 1.2709, -1.0766]. Recommendation = [0.0, 0.9635, 0.9223], Current Cost = 5402.00, Rho = 1.000
(iter 10) [0.0, 1.0418, 1.5900] = 430.8377, sampling [1.0, 1.8822, -0.6841]. Recommendation = [0.0, 0.9635, 0.9223], Current Cost = 5403.00, Rho = 1.000
(iter 10) [0.0, 1.0418, 1.5900] = 430.8377, sampling [1.0, -1.0814, -1.5841]. Recommendation = [0.0, 0.9635, 0.9223], Current Cost = 5404.00, Rho = 1.000
(iter 10) [0.0, 1.0418, 1.5900] = 430.8377, sampling [1.0, 1.6883, 0.1299]. Recommendation = [0.0, 0.9635, 0.9223], Current Cost = 5405.00, Rho = 1.000
(iter 10) [0.0, 1.0418, 1.5900] = 430.8377, sampling [1.0, -1.4489, -0.0669]. Recommendation = [0.0, 0.9635, 0.9223], Current Cost = 5406.00, Rho = 1.000
(iter 10) [0.0, 1.0418, 1.5900] = 430.8377, sampling [1.0, -1.1431, -1.3553]. Recommendation = [0.0, 0.9635, 0.9223], Current Cost = 5407.00, Rho = 1.000
(iter 10) [0.0, 1.0418, 1.5900] = 430.8377, sampling [1.0, 0.1569, 1.9730]. Recommendation = [0.0, 0.9635, 0.9223], Current Cost = 5408.00, Rho = 1.000
(iter 10) [0.0, 1.0418, 1.5900] = 430.8377, sampling [1.0, -1.2131, -0.6913]. Recommendation = [0.0, 0.9635, 0.9223], Current Cost = 5409.00, Rho = 1.000
(iter 10) [0.0, 1.0418, 1.5900] = 430.8377, sampling [1.0, -0.6982, -1.8865]. Recommendation = [0.0, 0.9635, 0.9223], Current Cost = 5410.00, Rho = 1.000
(iter 10) [0.0, 1.0418, 1.5900] = 430.8377, sampling [1.0, -1.6924, -0.4260]. Recommendation = [0.0, 0.9635, 0.9223], Current Cost = 5411.00, Rho = 1.000
(iter 10) [0.0, 1.0418, 1.5900] = 430.8377, sampling [1.0, -1.0665, -0.3245]. Recommendation = [0.0, 0.9635, 0.9223], Current Cost = 5412.00, Rho = 1.000
(iter 10) [0.0, 1.0418, 1.5900] = 430.8377, sampling [1.0, 1.3762, -0.5948]. Recommendation = [0.0, 0.9635, 0.9223], Current Cost = 5413.00, Rho = 1.000
(iter 10) [0.0, 1.0418, 1.5900] = 430.8377, sampling [1.0, -1.7607, 0.2617]. Recommendation = [0.0, 0.9635, 0.9223], Current Cost = 5414.00, Rho = 1.000
(iter 10) [0.0, 1.0418, 1.5900] = 430.8377, sampling [1.0, 1.1133, -1.4990]. Recommendation = [0.0, 0.9635, 0.9223], Current Cost = 5415.00, Rho = 1.000
(iter 10) [0.0, 1.0418, 1.5900] = 430.8377, sampling [1.0, -1.0192, -1.8997]. Recommendation = [0.0, 0.9635, 0.9223], Current Cost = 5416.00, Rho = 1.000
(iter 10) [0.0, 1.0418, 1.5900] = 430.8377, sampling [1.0, 1.7156, 0.4734]. Recommendation = [0.0, 0.9635, 0.9223], Current Cost = 5417.00, Rho = 1.000
(iter 10) [0.0, 1.0418, 1.5900] = 430.8377, sampling [1.0, -1.9491, 0.4276]. Recommendation = [0.0, 0.9635, 0.9223], Current Cost = 5418.00, Rho = 1.000
(iter 10) [0.0, 1.0418, 1.5900] = 430.8377, sampling [1.0, 1.7968, 0.8821]. Recommendation = [0.0, 0.9635, 0.9223], Current Cost = 5419.00, Rho = 1.000
(iter 10) [0.0, 1.0418, 1.5900] = 430.8377, sampling [1.0, 1.9873, 1.2093]. Recommendation = [0.0, 0.9635, 0.9223], Current Cost = 5420.00, Rho = 1.000
(iter 10) [0.0, 1.0418, 1.5900] = 430.8377, sampling [1.0, -1.4815, -0.6111]. Recommendation = [0.0, 0.9635, 0.9223], Current Cost = 5421.00, Rho = 1.000
(iter 10) [0.0, 1.0418, 1.5900] = 430.8377, sampling [1.0, -1.8553, -1.7323]. Recommendation = [0.0, 0.9635, 0.9223], Current Cost = 5422.00, Rho = 1.000
(iter 10) [0.0, 1.0418, 1.5900] = 430.8377, sampling [1.0, 1.1274, -1.7528]. Recommendation = [0.0, 0.9635, 0.9223], Current Cost = 5423.00, Rho = 1.000
(iter 10) [0.0, 1.0418, 1.5900] = 430.8377, sampling [1.0, 1.4371, -1.2530]. Recommendation = [0.0, 0.9635, 0.9223], Current Cost = 5424.00, Rho = 1.000
(iter 10) [0.0, 1.0418, 1.5900] = 430.8377, sampling [1.0, -1.8662, 0.7767]. Recommendation = [0.0, 0.9635, 0.9223], Current Cost = 5425.00, Rho = 1.000
(iter 10) [0.0, 1.0418, 1.5900] = 430.8377, sampling [1.0, 1.7563, 0.2928]. Recommendation = [0.0, 0.9635, 0.9223], Current Cost = 5426.00, Rho = 1.000
(iter 10) [0.0, 1.0418, 1.5900] = 430.8377, sampling [1.0, -1.9695, -0.1287]. Recommendation = [0.0, 0.9635, 0.9223], Current Cost = 5427.00, Rho = 1.000
(iter 10) [0.0, 1.0418, 1.5900] = 430.8377, sampling [1.0, 1.1300, -1.9633]. Recommendation = [0.0, 0.9635, 0.9223], Current Cost = 5428.00, Rho = 1.000
(iter 10) [0.0, 1.0418, 1.5900] = 430.8377, sampling [1.0, -1.0373, -1.6947]. Recommendation = [0.0, 0.9635, 0.9223], Current Cost = 5429.00, Rho = 1.000
(iter 10) [0.0, 1.0418, 1.5900] = 430.8377, sampling [1.0, -1.1628, -1.4392]. Recommendation = [0.0, 0.9635, 0.9223], Current Cost = 5430.00, Rho = 1.000
(iter 10) [0.0, 1.0418, 1.5900] = 430.8377, sampling [1.0, 1.4027, -1.0393]. Recommendation = [0.0, 0.9635, 0.9223], Current Cost = 5431.00, Rho = 1.000
(iter 10) [0.0, 1.0418, 1.5900] = 430.8377, sampling [1.0, -1.9869, 0.6857]. Recommendation = [0.0, 0.9635, 0.9223], Current Cost = 5432.00, Rho = 1.000
(iter 10) [0.0, 1.0418, 1.5900] = 430.8377, sampling [1.0, 1.8973, -0.2994]. Recommendation = [0.0, 0.9635, 0.9223], Current Cost = 5433.00, Rho = 1.000
(iter 10) [0.0, 1.0418, 1.5900] = 430.8377, sampling [1.0, 1.5609, 0.2212]. Recommendation = [0.0, 0.9635, 0.9223], Current Cost = 5434.00, Rho = 1.000
(iter 10) [0.0, 1.0418, 1.5900] = 430.8377, sampling [1.0, 1.8374, 0.6791]. Recommendation = [0.0, 0.9635, 0.9223], Current Cost = 5435.00, Rho = 1.000
(iter 10) [0.0, 1.0418, 1.5900] = 430.8377, sampling [1.0, -1.4660, -1.0051]. Recommendation = [0.0, 0.9635, 0.9223], Current Cost = 5436.00, Rho = 1.000
(iter 10) [0.0, 1.0418, 1.5900] = 430.8377, sampling [1.0, -1.7419, 0.0188]. Recommendation = [0.0, 0.9635, 0.9223], Current Cost = 5437.00, Rho = 1.000
(iter 10) [0.0, 1.0418, 1.5900] = 430.8377, sampling [1.0, -1.2309, -1.7675]. Recommendation = [0.0, 0.9635, 0.9223], Current Cost = 5438.00, Rho = 1.000
(iter 10) [0.0, 1.0418, 1.5900] = 430.8377, sampling [1.0, -1.2809, -1.3892]. Recommendation = [0.0, 0.9635, 0.9223], Current Cost = 5439.00, Rho = 1.000
(iter 10) [0.0, 1.0418, 1.5900] = 430.8377, sampling [1.0, 1.8943, 1.2208]. Recommendation = [0.0, 0.9635, 0.9223], Current Cost = 5440.00, Rho = 1.000
(iter 10) [0.0, 1.0418, 1.5900] = 430.8377, sampling [1.0, 1.1732, -1.4624]. Recommendation = [0.0, 0.9635, 0.9223], Current Cost = 5441.00, Rho = 1.000
(iter 10) [0.0, 1.0418, 1.5900] = 430.8377, sampling [1.0, 1.7436, 0.4378]. Recommendation = [0.0, 0.9635, 0.9223], Current Cost = 5442.00, Rho = 1.000
(iter 10) [0.0, 1.0418, 1.5900] = 430.8377, sampling [1.0, 1.6050, -1.1057]. Recommendation = [0.0, 0.9635, 0.9223], Current Cost = 5443.00, Rho = 1.000
(iter 10) [0.0, 1.0418, 1.5900] = 430.8377, sampling [1.0, -1.0310, -1.6035]. Recommendation = [0.0, 0.9635, 0.9223], Current Cost = 5444.00, Rho = 1.000
(iter 10) [0.0, 1.0418, 1.5900] = 430.8377, sampling [1.0, -1.6523, -0.6305]. Recommendation = [0.0, 0.9635, 0.9223], Current Cost = 5445.00, Rho = 1.000
(iter 10) [0.0, 1.0418, 1.5900] = 430.8377, sampling [1.0, 1.4127, -0.8573]. Recommendation = [0.0, 0.9635, 0.9223], Current Cost = 5446.00, Rho = 1.000
(iter 10) [0.0, 1.0418, 1.5900] = 430.8377, sampling [1.0, 1.3469, -1.4667]. Recommendation = [0.0, 0.9635, 0.9223], Current Cost = 5447.00, Rho = 1.000
(iter 10) [0.0, 1.0418, 1.5900] = 430.8377, sampling [0.0, 0.3570, 0.1016]. Recommendation = [0.0, 0.9635, 0.9223], Current Cost = 5448.00, Rho = 1.000
(iter 453) [0.0, 0.3570, 0.1016] = 455.8200, sampling [1.0, 1.3989, -1.9049]. Recommendation = [0.0, 0.9635, 0.9223], Current Cost = 6448.00, Rho = 1.000
(iter 453) [0.0, 0.3570, 0.1016] = 455.8200, sampling [1.0, -1.1956, -1.9367]. Recommendation = [0.0, 0.9635, 0.9223], Current Cost = 6449.00, Rho = 1.000
(iter 453) [0.0, 0.3570, 0.1016] = 455.8200, sampling [1.0, -1.9402, -0.4705]. Recommendation = [0.0, 0.9635, 0.9223], Current Cost = 6450.00, Rho = 1.000
(iter 453) [0.0, 0.3570, 0.1016] = 455.8200, sampling [1.0, 1.9715, -1.2706]. Recommendation = [0.0, 0.9635, 0.9223], Current Cost = 6451.00, Rho = 1.000
(iter 453) [0.0, 0.3570, 0.1016] = 455.8200, sampling [0.0, 0.9635, 0.9223]. Recommendation = [0.0, 0.9635, 0.9223], Current Cost = 6452.00, Rho = 1.000
(iter 458) [0.0, 0.9635, 0.9223] = 456.2951, sampling [1.0, 1.3687, -1.0997]. Recommendation = [0.0, 0.9635, 0.9223], Current Cost = 7452.00, Rho = 1.000
(iter 458) [0.0, 0.9635, 0.9223] = 456.2951, sampling [1.0, -1.6067, -1.0601]. Recommendation = [0.0, 0.9635, 0.9223], Current Cost = 7453.00, Rho = 1.000
(iter 458) [0.0, 0.9635, 0.9223] = 456.2951, sampling [1.0, -1.8835, 0.5342]. Recommendation = [0.0, 0.9635, 0.9223], Current Cost = 7454.00, Rho = 1.000
(iter 458) [0.0, 0.9635, 0.9223] = 456.2951, sampling [1.0, 1.4412, -1.6315]. Recommendation = [0.0, 0.9635, 0.9223], Current Cost = 7455.00, Rho = 1.000
(iter 458) [0.0, 0.9635, 0.9223] = 456.2951, sampling [1.0, 1.1801, -1.8770]. Recommendation = [0.0, 0.9635, 0.9223], Current Cost = 7456.00, Rho = 1.000
(iter 458) [0.0, 0.9635, 0.9223] = 456.2951, sampling [1.0, 1.8195, -0.1993]. Recommendation = [0.0, 0.9635, 0.9223], Current Cost = 7457.00, Rho = 1.000
(iter 458) [0.0, 0.9635, 0.9223] = 456.2951, sampling [1.0, -1.9240, 0.7132]. Recommendation = [0.0, 0.9635, 0.9223], Current Cost = 7458.00, Rho = 1.000
(iter 458) [0.0, 0.9635, 0.9223] = 456.2951, sampling [1.0, -1.4739, -1.7854]. Recommendation = [0.0, 0.9635, 0.9223], Current Cost = 7459.00, Rho = 1.000
(iter 458) [0.0, 0.9635, 0.9223] = 456.2951, sampling [1.0, 1.8277, -0.4933]. Recommendation = [0.0, 0.9635, 0.9223], Current Cost = 7460.00, Rho = 1.000
(iter 458) [0.0, 0.9635, 0.9223] = 456.2951, sampling [1.0, -1.6141, -0.9160]. Recommendation = [0.0, 0.9635, 0.9223], Current Cost = 7461.00, Rho = 1.000
(iter 458) [0.0, 0.9635, 0.9223] = 456.2951, sampling [1.0, -1.7332, -0.7327]. Recommendation = [0.0, 0.9635, 0.9223], Current Cost = 7462.00, Rho = 1.000
(iter 458) [0.0, 0.9635, 0.9223] = 456.2951, sampling [1.0, -1.7029, -0.5440]. Recommendation = [0.0, 0.9635, 0.9223], Current Cost = 7463.00, Rho = 1.000
(iter 458) [0.0, 0.9635, 0.9223] = 456.2951, sampling [1.0, -1.6243, -1.5754]. Recommendation = [0.0, 0.9635, 0.9223], Current Cost = 7464.00, Rho = 1.000
(iter 458) [0.0, 0.9635, 0.9223] = 456.2951, sampling [1.0, 1.7868, -1.0202]. Recommendation = [0.0, 0.9635, 0.9223], Current Cost = 7465.00, Rho = 1.000
(iter 458) [0.0, 0.9635, 0.9223] = 456.2951, sampling [1.0, -1.8887, 0.0261]. Recommendation = [0.0, 0.9635, 0.9223], Current Cost = 7466.00, Rho = 1.000
(iter 458) [0.0, 0.9635, 0.9223] = 456.2951, sampling [1.0, 1.6755, -1.3425]. Recommendation = [0.0, 0.9635, 0.9223], Current Cost = 7467.00, Rho = 1.000
(iter 458) [0.0, 0.9635, 0.9223] = 456.2951, sampling [1.0, -1.8780, -1.2850]. Recommendation = [0.0, 0.9635, 0.9223], Current Cost = 7468.00, Rho = 1.000
(iter 458) [0.0, 0.9635, 0.9223] = 456.2951, sampling [1.0, 1.3562, -1.5459]. Recommendation = [0.0, 0.9635, 0.9223], Current Cost = 7469.00, Rho = 1.000
(iter 458) [0.0, 0.9635, 0.9223] = 456.2951, sampling [1.0, 1.4217, -1.7494]. Recommendation = [0.0, 0.9635, 0.9223], Current Cost = 7470.00, Rho = 1.000
(iter 458) [0.0, 0.9635, 0.9223] = 456.2951, sampling [1.0, 1.5814, -1.6705]. Recommendation = [0.0, 0.9635, 0.9223], Current Cost = 7471.00, Rho = 1.000
(iter 458) [0.0, 0.9635, 0.9223] = 456.2951, sampling [1.0, -1.8461, -0.6078]. Recommendation = [0.0, 0.9635, 0.9223], Current Cost = 7472.00, Rho = 1.000
(iter 458) [0.0, 0.9635, 0.9223] = 456.2951, sampling [1.0, 1.9990, -0.6760]. Recommendation = [0.0, 0.9635, 0.9223], Current Cost = 7473.00, Rho = 1.000
(iter 458) [0.0, 0.9635, 0.9223] = 456.2951, sampling [1.0, -1.2964, -1.3657]. Recommendation = [0.0, 0.9635, 0.9223], Current Cost = 7474.00, Rho = 1.000
(iter 458) [0.0, 0.9635, 0.9223] = 456.2951, sampling [1.0, -1.7969, -0.8654]. Recommendation = [0.0, 0.9635, 0.9223], Current Cost = 7475.00, Rho = 1.000
(iter 458) [0.0, 0.9635, 0.9223] = 456.2951, sampling [1.0, -1.7891, -0.5013]. Recommendation = [0.0, 0.9635, 0.9223], Current Cost = 7476.00, Rho = 1.000
(iter 458) [0.0, 0.9635, 0.9223] = 456.2951, sampling [1.0, 1.9160, -0.4559]. Recommendation = [0.0, 0.9635, 0.9223], Current Cost = 7477.00, Rho = 1.000
(iter 458) [0.0, 0.9635, 0.9223] = 456.2951, sampling [1.0, 1.6646, -1.1710]. Recommendation = [0.0, 0.9635, 0.9223], Current Cost = 7478.00, Rho = 1.000
(iter 458) [0.0, 0.9635, 0.9223] = 456.2951, sampling [1.0, 1.5873, -1.8097]. Recommendation = [0.0, 0.9635, 0.9223], Current Cost = 7479.00, Rho = 1.000
(iter 458) [0.0, 0.9635, 0.9223] = 456.2951, sampling [0.0, 0.4728, 0.2678]. Recommendation = [0.0, 0.9635, 0.9223], Current Cost = 7480.00, Rho = 1.000
(iter 458) [0.0, 0.9635, 0.9223] = 456.2951, sampling [1.0, -1.5326, -1.8315]. Recommendation = [0.0, 0.9635, 0.9223], Current Cost = 8480.00, Rho = 1.000
(iter 458) [0.0, 0.9635, 0.9223] = 456.2951, sampling [1.0, 1.7205, -1.6798]. Recommendation = [0.0, 0.9635, 0.9223], Current Cost = 8481.00, Rho = 1.000
(iter 458) [0.0, 0.9635, 0.9223] = 456.2951, sampling [1.0, -1.9358, -1.4433]. Recommendation = [0.0, 0.9635, 0.9223], Current Cost = 8482.00, Rho = 1.000
(iter 458) [0.0, 0.9635, 0.9223] = 456.2951, sampling [1.0, 1.8678, -0.3999]. Recommendation = [0.0, 0.9635, 0.9223], Current Cost = 8483.00, Rho = 1.000
(iter 458) [0.0, 0.9635, 0.9223] = 456.2951, sampling [1.0, 1.4663, -1.8615]. Recommendation = [0.0, 0.9635, 0.9223], Current Cost = 8484.00, Rho = 1.000
(iter 458) [0.0, 0.9635, 0.9223] = 456.2951, sampling [1.0, 1.7441, -1.3831]. Recommendation = [0.0, 0.9635, 0.9223], Current Cost = 8485.00, Rho = 1.000
(iter 458) [0.0, 0.9635, 0.9223] = 456.2951, sampling [1.0, -1.6359, -1.0705]. Recommendation = [0.0, 0.9635, 0.9223], Current Cost = 8486.00, Rho = 1.000
(iter 458) [0.0, 0.9635, 0.9223] = 456.2951, sampling [0.0, 1.0539, 1.1987]. Recommendation = [0.0, 0.9635, 0.9223], Current Cost = 8487.00, Rho = 1.000
(iter 458) [0.0, 0.9635, 0.9223] = 456.2951, sampling [1.0, 1.8065, -1.8557]. Recommendation = [0.0, 0.9635, 0.9223], Current Cost = 9487.00, Rho = 1.000
(iter 458) [0.0, 0.9635, 0.9223] = 456.2951, sampling [1.0, -1.7754, -1.6326]. Recommendation = [0.0, 0.9635, 0.9223], Current Cost = 9488.00, Rho = 1.000
(iter 458) [0.0, 0.9635, 0.9223] = 456.2951, sampling [1.0, -1.4627, -1.8236]. Recommendation = [0.0, 0.9635, 0.9223], Current Cost = 9489.00, Rho = 1.000
(iter 458) [0.0, 0.9635, 0.9223] = 456.2951, sampling [1.0, 1.7617, -1.3174]. Recommendation = [0.0, 0.9635, 0.9223], Current Cost = 9490.00, Rho = 1.000
(iter 458) [0.0, 0.9635, 0.9223] = 456.2951, sampling [1.0, 1.5553, -1.7136]. Recommendation = [0.0, 0.9635, 0.9223], Current Cost = 9491.00, Rho = 1.000
(iter 458) [0.0, 0.9635, 0.9223] = 456.2951, sampling [1.0, -1.9194, -1.5995]. Recommendation = [0.0, 0.9635, 0.9223], Current Cost = 9492.00, Rho = 1.000
(iter 458) [0.0, 0.9635, 0.9223] = 456.2951, sampling [1.0, 1.9226, -0.6457]. Recommendation = [0.0, 0.9635, 0.9223], Current Cost = 9493.00, Rho = 1.000
(iter 458) [0.0, 0.9635, 0.9223] = 456.2951, sampling [1.0, 1.6433, -1.8044]. Recommendation = [0.0, 0.9635, 0.9223], Current Cost = 9494.00, Rho = 1.000
(iter 458) [0.0, 0.9635, 0.9223] = 456.2951, sampling [1.0, -1.9071, -1.2436]. Recommendation = [0.0, 0.9635, 0.9223], Current Cost = 9495.00, Rho = 1.000
(iter 458) [0.0, 0.9635, 0.9223] = 456.2951, sampling [0.0, 0.1426, 0.0445]. Recommendation = [0.0, 0.9635, 0.9223], Current Cost = 9496.00, Rho = 1.000
(iter 458) [0.0, 0.9635, 0.9223] = 456.2951, sampling [0.0, 1.2512, 1.6598]. Recommendation = [0.0, 0.9635, 0.9223], Current Cost = 10496.00, Rho = 1.000
(iter 458) [0.0, 0.9635, 0.9223] = 456.2951, sampling [1.0, -1.8960, -1.4810]. Recommendation = [0.0, 0.9635, 0.9223], Current Cost = 11496.00, Rho = 1.000
(iter 458) [0.0, 0.9635, 0.9223] = 456.2951, sampling [1.0, 1.9069, -1.9154]. Recommendation = [0.0, 0.9635, 0.9223], Current Cost = 11497.00, Rho = 1.000
(iter 458) [0.0, 0.9635, 0.9223] = 456.2951, sampling [0.0, 0.2991, 0.0514]. Recommendation = [0.0, 0.9635, 0.9223], Current Cost = 11498.00, Rho = 1.000
(iter 458) [0.0, 0.9635, 0.9223] = 456.2951, sampling [1.0, -1.8083, -1.6507]. Recommendation = [0.0, 0.9635, 0.9223], Current Cost = 12498.00, Rho = 1.000
(iter 458) [0.0, 0.9635, 0.9223] = 456.2951, sampling [1.0, 1.8092, -1.8392]. Recommendation = [0.0, 0.9635, 0.9223], Current Cost = 12499.00, Rho = 1.000
(iter 458) [0.0, 0.9635, 0.9223] = 456.2951, sampling [0.0, 0.4817, -0.3807]. Recommendation = [0.0, 0.9635, 0.9223], Current Cost = 12500.00, Rho = 1.000
(iter 458) [0.0, 0.9635, 0.9223] = 456.2951, sampling [0.0, -0.0675, -1.0544]. Recommendation = [0.0, 0.9635, 0.9223], Current Cost = 13500.00, Rho = 1.000
(iter 458) [0.0, 0.9635, 0.9223] = 456.2951, sampling [0.0, 0.0965, -1.6095]. Recommendation = [0.0, 0.9635, 0.9223], Current Cost = 14500.00, Rho = 1.000
(iter 458) [0.0, 0.9635, 0.9223] = 456.2951, sampling [0.0, -0.7748, -0.8829]. Recommendation = [0.0, 0.9635, 0.9223], Current Cost = 15500.00, Rho = 1.000
(iter 458) [0.0, 0.9635, 0.9223] = 456.2951, sampling [0.0, 1.8943, 1.2208]. Recommendation = [0.0, 0.9635, 0.9223], Current Cost = 16500.00, Rho = 1.000
(iter 458) [0.0, 0.9635, 0.9223] = 456.2951, sampling [0.0, -0.0093, 0.8971]. Recommendation = [0.0, 0.9635, 0.9223], Current Cost = 17500.00, Rho = 1.000
(iter 458) [0.0, 0.9635, 0.9223] = 456.2951, sampling [0.0, 1.6823, -0.2449]. Recommendation = [0.0, 0.9635, 0.9223], Current Cost = 18500.00, Rho = 1.000
(iter 458) [0.0, 0.9635, 0.9223] = 456.2951, sampling [0.0, -1.4128, 1.3578]. Recommendation = [0.0, 0.9635, 0.9223], Current Cost = 19500.00, Rho = 1.000
(iter 458) [0.0, 0.9635, 0.9223] = 456.2951, sampling [0.0, -0.0515, -1.3455]. Recommendation = [0.0, 0.9635, 0.9223], Current Cost = 20500.00, Rho = 1.000
(iter 458) [0.0, 0.9635, 0.9223] = 456.2951, sampling [0.0, -1.5575, 1.8370]. Recommendation = [0.0, 0.9635, 0.9223], Current Cost = 21500.00, Rho = 1.000
(iter 458) [0.0, 0.9635, 0.9223] = 456.2951, sampling [0.0, -0.7597, 0.4412]. Recommendation = [0.0, 0.9635, 0.9223], Current Cost = 22500.00, Rho = 1.000
(iter 458) [0.0, 0.9635, 0.9223] = 456.2951, sampling [0.0, -1.8392, 0.0901]. Recommendation = [0.0, 0.9635, 0.9223], Current Cost = 23500.00, Rho = 1.000
(iter 458) [0.0, 0.9635, 0.9223] = 456.2951, sampling [0.0, -1.7332, -0.7327]. Recommendation = [0.0, 0.9635, 0.9223], Current Cost = 24500.00, Rho = 1.000
(iter 458) [0.0, 0.9635, 0.9223] = 456.2951, sampling [0.0, 1.7205, -1.6798]. Recommendation = [0.0, 0.9635, 0.9223], Current Cost = 25500.00, Rho = 1.000
(iter 458) [0.0, 0.9635, 0.9223] = 456.2951, sampling [0.0, -1.9358, -1.4433]. Recommendation = [0.0, 0.9635, 0.9223], Current Cost = 26500.00, Rho = 1.000
(iter 458) [0.0, 0.9635, 0.9223] = 456.2951, sampling [0.0, -0.2868, 0.2328]. Recommendation = [0.0, 0.9635, 0.9223], Current Cost = 27500.00, Rho = 1.000
(iter 458) [0.0, 0.9635, 0.9223] = 456.2951, sampling [0.0, -1.2131, -0.6913]. Recommendation = [0.0, 0.9635, 0.9223], Current Cost = 28500.00, Rho = 1.000
(iter 458) [0.0, 0.9635, 0.9223] = 456.2951, sampling [0.0, 1.5814, -1.6705]. Recommendation = [0.0, 0.9635, 0.9223], Current Cost = 29500.00, Rho = 1.000
(iter 458) [0.0, 0.9635, 0.9223] = 456.2951, sampling [0.0, -1.8553, -1.7323]. Recommendation = [0.0, 0.9635, 0.9223], Current Cost = 30500.00, Rho = 1.000
(iter 458) [0.0, 0.9635, 0.9223] = 456.2951, sampling [0.0, 1.1851, 1.7453]. Recommendation = [0.0, 0.9635, 0.9223], Current Cost = 31500.00, Rho = 1.000
(iter 458) [0.0, 0.9635, 0.9223] = 456.2951, sampling [0.0, -1.7575, 1.7187]. Recommendation = [0.0, 0.9635, 0.9223], Current Cost = 32500.00, Rho = 1.000
(iter 458) [0.0, 0.9635, 0.9223] = 456.2951, sampling [0.0, 1.6050, -1.1057]. Recommendation = [0.0, 0.9635, 0.9223], Current Cost = 33500.00, Rho = 1.000
(iter 458) [0.0, 0.9635, 0.9223] = 456.2951, sampling [0.0, 0.8742, 1.7689]. Recommendation = [0.0, 0.9635, 0.9223], Current Cost = 34500.00, Rho = 1.000
(iter 458) [0.0, 0.9635, 0.9223] = 456.2951, sampling [0.0, -1.0797, -0.1517]. Recommendation = [0.0, 0.9635, 0.9223], Current Cost = 35500.00, Rho = 1.000
(iter 458) [0.0, 0.9635, 0.9223] = 456.2951, sampling [0.0, -1.9491, 0.4276]. Recommendation = [0.0, 0.9635, 0.9223], Current Cost = 36500.00, Rho = 1.000
(iter 458) [0.0, 0.9635, 0.9223] = 456.2951, sampling [0.0, -0.3094, -1.4082]. Recommendation = [0.0, 0.9635, 0.9223], Current Cost = 37500.00, Rho = 1.000
(iter 458) [0.0, 0.9635, 0.9223] = 456.2951, sampling [0.0, -1.2002, 1.9542]. Recommendation = [0.0, 0.9635, 0.9223], Current Cost = 38500.00, Rho = 1.000
(iter 458) [0.0, 0.9635, 0.9223] = 456.2951, sampling [0.0, 0.3703, 1.7783]. Recommendation = [0.0, 0.9635, 0.9223], Current Cost = 39500.00, Rho = 1.000
(iter 458) [0.0, 0.9635, 0.9223] = 456.2951, sampling [0.0, 1.2709, -1.0766]. Recommendation = [0.0, 0.9635, 0.9223], Current Cost = 40500.00, Rho = 1.000
(iter 458) [0.0, 0.9635, 0.9223] = 456.2951, sampling [0.0, 1.3762, -0.5948]. Recommendation = [0.0, 0.9635, 0.9223], Current Cost = 41500.00, Rho = 1.000
(iter 458) [0.0, 0.9635, 0.9223] = 456.2951, sampling [0.0, 0.9049, 1.3887]. Recommendation = [0.0, 0.9635, 0.9223], Current Cost = 42500.00, Rho = 1.000
(iter 458) [0.0, 0.9635, 0.9223] = 456.2951, sampling [0.0, 0.6895, -1.3320]. Recommendation = [0.0, 0.9635, 0.9223], Current Cost = 43500.00, Rho = 1.000
(iter 458) [0.0, 0.9635, 0.9223] = 456.2951, sampling [0.0, -0.8016, -1.2959]. Recommendation = [0.0, 0.9635, 0.9223], Current Cost = 44500.00, Rho = 1.000
(iter 458) [0.0, 0.9635, 0.9223] = 456.2951, sampling [0.0, 1.0567, 1.5726]. Recommendation = [0.0, 0.9635, 0.9223], Current Cost = 45500.00, Rho = 1.000
(iter 458) [0.0, 0.9635, 0.9223] = 456.2951, sampling [0.0, 0.2086, -1.5606]. Recommendation = [0.0, 0.9635, 0.9223], Current Cost = 46500.00, Rho = 1.000
(iter 458) [0.0, 0.9635, 0.9223] = 456.2951, sampling [0.0, -1.0087, -1.0404]. Recommendation = [0.0, 0.9635, 0.9223], Current Cost = 47500.00, Rho = 1.000
(iter 458) [0.0, 0.9635, 0.9223] = 456.2951, sampling [0.0, -0.8290, -0.8999]. Recommendation = [0.0, 0.9635, 0.9223], Current Cost = 48500.00, Rho = 1.000
(iter 458) [0.0, 0.9635, 0.9223] = 456.2951, sampling [0.0, 1.7110, 1.2687]. Recommendation = [0.0, 0.9635, 0.9223], Current Cost = 49500.00, Rho = 1.000
(iter 458) [0.0, 0.9635, 0.9223] = 456.2951, sampling [0.0, 0.9439, 1.5838]. Recommendation = [0.0, 0.9635, 0.9223], Current Cost = 50500.00, Rho = 1.000
(iter 458) [0.0, 0.9635, 0.9223] = 456.2951, sampling [0.0, 1.5553, -1.7136]. Recommendation = [0.0, 0.9635, 0.9223], Current Cost = 51500.00, Rho = 1.000
(iter 458) [0.0, 0.9635, 0.9223] = 456.2951, sampling [0.0, 1.2339, 0.5008]. Recommendation = [0.0, 0.9635, 0.9223], Current Cost = 52500.00, Rho = 1.000
(iter 458) [0.0, 0.9635, 0.9223] = 456.2951, sampling [0.0, 0.5495, -0.0616]. Recommendation = [0.0, 0.9635, 0.9223], Current Cost = 53500.00, Rho = 1.000
(iter 458) [0.0, 0.9635, 0.9223] = 456.2951, sampling [0.0, -1.1905, 1.4665]. Recommendation = [0.0, 0.9635, 0.9223], Current Cost = 54500.00, Rho = 1.000
(iter 458) [0.0, 0.9635, 0.9223] = 456.2951, sampling [0.0, 0.1163, 0.7500]. Recommendation = [0.0, 0.9635, 0.9223], Current Cost = 55500.00, Rho = 1.000
(iter 458) [0.0, 0.9635, 0.9223] = 456.2951, sampling [0.0, -1.1816, -0.6576]. Recommendation = [0.0, 0.9635, 0.9223], Current Cost = 56500.00, Rho = 1.000
(iter 458) [0.0, 0.9635, 0.9223] = 456.2951, sampling [0.0, -1.6141, -0.9160]. Recommendation = [0.0, 0.9635, 0.9223], Current Cost = 57500.00, Rho = 1.000
(iter 458) [0.0, 0.9635, 0.9223] = 456.2951, sampling [0.0, 0.0803, -1.7092]. Recommendation = [0.0, 0.9635, 0.9223], Current Cost = 58500.00, Rho = 1.000
(iter 458) [0.0, 0.9635, 0.9223] = 456.2951, sampling [0.0, -1.4175, -0.4158]. Recommendation = [0.0, 0.9635, 0.9223], Current Cost = 59500.00, Rho = 1.000
(iter 458) [0.0, 0.9635, 0.9223] = 456.2951, sampling [0.0, -1.0469, 0.2555]. Recommendation = [0.0, 0.9635, 0.9223], Current Cost = 60500.00, Rho = 1.000
(iter 458) [0.0, 0.9635, 0.9223] = 456.2951, sampling [0.0, -1.1338, -0.0345]. Recommendation = [0.0, 0.9635, 0.9223], Current Cost = 61500.00, Rho = 1.000
(iter 458) [0.0, 0.9635, 0.9223] = 456.2951, sampling [0.0, 0.8974, 1.6763]. Recommendation = [0.0, 0.9635, 0.9223], Current Cost = 62500.00, Rho = 1.000
(iter 458) [0.0, 0.9635, 0.9223] = 456.2951, sampling [0.0, 1.2560, -1.5410]. Recommendation = [0.0, 0.9635, 0.9223], Current Cost = 63500.00, Rho = 1.000
(iter 458) [0.0, 0.9635, 0.9223] = 456.2951, sampling [0.0, -1.6586, 1.7204]. Recommendation = [0.0, 0.9635, 0.9223], Current Cost = 64500.00, Rho = 1.000
(iter 458) [0.0, 0.9635, 0.9223] = 456.2951, sampling [0.0, -1.3599, 0.5909]. Recommendation = [0.0, 0.9635, 0.9223], Current Cost = 65500.00, Rho = 1.000
(iter 458) [0.0, 0.9635, 0.9223] = 456.2951, sampling [0.0, 0.4060, 1.4808]. Recommendation = [0.0, 0.9635, 0.9223], Current Cost = 66500.00, Rho = 1.000
(iter 458) [0.0, 0.9635, 0.9223] = 456.2951, sampling [0.0, -0.9463, -1.7367]. Recommendation = [0.0, 0.9635, 0.9223], Current Cost = 67500.00, Rho = 1.000
(iter 458) [0.0, 0.9635, 0.9223] = 456.2951, sampling [0.0, -1.9240, 0.7132]. Recommendation = [0.0, 0.9635, 0.9223], Current Cost = 68500.00, Rho = 1.000
(iter 458) [0.0, 0.9635, 0.9223] = 456.2951, sampling [0.0, -1.6438, 0.7848]. Recommendation = [0.0, 0.9635, 0.9223], Current Cost = 69500.00, Rho = 1.000
(iter 458) [0.0, 0.9635, 0.9223] = 456.2951, sampling [0.0, -0.9787, -0.9533]. Recommendation = [0.0, 0.9635, 0.9223], Current Cost = 70500.00, Rho = 1.000
(iter 458) [0.0, 0.9635, 0.9223] = 456.2951, sampling [0.0, 1.8492, 1.5928]. Recommendation = [0.0, 0.9635, 0.9223], Current Cost = 71500.00, Rho = 1.000
(iter 458) [0.0, 0.9635, 0.9223] = 456.2951, sampling [0.0, 1.0150, 0.7679]. Recommendation = [0.0, 0.9635, 0.9223], Current Cost = 72500.00, Rho = 1.000
(iter 458) [0.0, 0.9635, 0.9223] = 456.2951, sampling [0.0, -1.6713, 1.1749]. Recommendation = [0.0, 0.9635, 0.9223], Current Cost = 73500.00, Rho = 1.000
(iter 458) [0.0, 0.9635, 0.9223] = 456.2951, sampling [0.0, -0.2566, -0.8743]. Recommendation = [0.0, 0.9635, 0.9223], Current Cost = 74500.00, Rho = 1.000
(iter 458) [0.0, 0.9635, 0.9223] = 456.2951, sampling [0.0, -0.2239, -1.3685]. Recommendation = [0.0, 0.9635, 0.9223], Current Cost = 75500.00, Rho = 1.000
(iter 458) [0.0, 0.9635, 0.9223] = 456.2951, sampling [0.0, -1.8461, -0.6078]. Recommendation = [0.0, 0.9635, 0.9223], Current Cost = 76500.00, Rho = 1.000
(iter 458) [0.0, 0.9635, 0.9223] = 456.2951, sampling [0.0, 1.0276, 1.4574]. Recommendation = [0.0, 0.9635, 0.9223], Current Cost = 77500.00, Rho = 1.000
(iter 458) [0.0, 0.9635, 0.9223] = 456.2951, sampling [0.0, -1.9194, -1.5995]. Recommendation = [0.0, 0.9635, 0.9223], Current Cost = 78500.00, Rho = 1.000
(iter 458) [0.0, 0.9635, 0.9223] = 456.2951, sampling [0.0, -1.9402, -0.4705]. Recommendation = [0.0, 0.9635, 0.9223], Current Cost = 79500.00, Rho = 1.000
(iter 458) [0.0, 0.9635, 0.9223] = 456.2951, sampling [0.0, -1.8780, -1.2850]. Recommendation = [0.0, 0.9635, 0.9223], Current Cost = 80500.00, Rho = 1.000
(iter 458) [0.0, 0.9635, 0.9223] = 456.2951, sampling [0.0, 1.3562, -1.5459]. Recommendation = [0.0, 0.9635, 0.9223], Current Cost = 81500.00, Rho = 1.000
(iter 458) [0.0, 0.9635, 0.9223] = 456.2951, sampling [0.0, 1.4297, 1.2255]. Recommendation = [0.0, 0.9635, 0.9223], Current Cost = 82500.00, Rho = 1.000
(iter 458) [0.0, 0.9635, 0.9223] = 456.2951, sampling [0.0, -0.0197, 1.1357]. Recommendation = [0.0, 0.9635, 0.9223], Current Cost = 83500.00, Rho = 1.000
(iter 458) [0.0, 0.9635, 0.9223] = 456.2951, sampling [0.0, -0.1868, -0.3657]. Recommendation = [0.0, 0.9635, 0.9223], Current Cost = 84500.00, Rho = 1.000
(iter 458) [0.0, 0.9635, 0.9223] = 456.2951, sampling [0.0, -1.4018, 1.6397]. Recommendation = [0.0, 0.9635, 0.9223], Current Cost = 85500.00, Rho = 1.000
(iter 458) [0.0, 0.9635, 0.9223] = 456.2951, sampling [0.0, -0.1803, -1.5120]. Recommendation = [0.0, 0.9635, 0.9223], Current Cost = 86500.00, Rho = 1.000
(iter 458) [0.0, 0.9635, 0.9223] = 456.2951, sampling [0.0, -0.1137, -1.4885]. Recommendation = [0.0, 0.9635, 0.9223], Current Cost = 87500.00, Rho = 1.000
(iter 458) [0.0, 0.9635, 0.9223] = 456.2951, sampling [0.0, -1.9946, 1.5165]. Recommendation = [0.0, 0.9635, 0.9223], Current Cost = 88500.00, Rho = 1.000
(iter 458) [0.0, 0.9635, 0.9223] = 456.2951, sampling [0.0, -1.7607, 0.2617]. Recommendation = [0.0, 0.9635, 0.9223], Current Cost = 89500.00, Rho = 1.000
(iter 458) [0.0, 0.9635, 0.9223] = 456.2951, sampling [0.0, -0.7189, 1.6229]. Recommendation = [0.0, 0.9635, 0.9223], Current Cost = 90500.00, Rho = 1.000
(iter 458) [0.0, 0.9635, 0.9223] = 456.2951, sampling [0.0, 1.3399, 0.3519]. Recommendation = [0.0, 0.9635, 0.9223], Current Cost = 91500.00, Rho = 1.000
(iter 458) [0.0, 0.9635, 0.9223] = 456.2951, sampling [0.0, -0.5545, 0.8602]. Recommendation = [0.0, 0.9635, 0.9223], Current Cost = 92500.00, Rho = 1.000
(iter 458) [0.0, 0.9635, 0.9223] = 456.2951, sampling [0.0, 0.5722, -0.7771]. Recommendation = [0.0, 0.9635, 0.9223], Current Cost = 93500.00, Rho = 1.000
(iter 458) [0.0, 0.9635, 0.9223] = 456.2951, sampling [0.0, 1.7436, 0.4378]. Recommendation = [0.0, 0.9635, 0.9223], Current Cost = 94500.00, Rho = 1.000
(iter 458) [0.0, 0.9635, 0.9223] = 456.2951, sampling [0.0, -0.3392, 1.3512]. Recommendation = [0.0, 0.9635, 0.9223], Current Cost = 95500.00, Rho = 1.000
(iter 458) [0.0, 0.9635, 0.9223] = 456.2951, sampling [0.0, -0.2509, 1.3640]. Recommendation = [0.0, 0.9635, 0.9223], Current Cost = 96500.00, Rho = 1.000
(iter 458) [0.0, 0.9635, 0.9223] = 456.2951, sampling [0.0, -1.1481, 1.6824]. Recommendation = [0.0, 0.9635, 0.9223], Current Cost = 97500.00, Rho = 1.000
(iter 458) [0.0, 0.9635, 0.9223] = 456.2951, sampling [0.0, 0.6177, -0.1570]. Recommendation = [0.0, 0.9635, 0.9223], Current Cost = 98500.00, Rho = 1.000
(iter 458) [0.0, 0.9635, 0.9223] = 456.2951, sampling [0.0, 1.2236, -0.2718]. Recommendation = [0.0, 0.9635, 0.9223], Current Cost = 99500.00, Rho = 1.000
