(iter 10) [0.0, 0.8497, 0.6015] = 454.8265, sampling [1.0, 0.7254, 0.1488]. Recommendation = [0.0, 0.8497, 0.6015], Current Cost = 5005.00, Rho = 1.000
(iter 10) [0.0, 0.8497, 0.6015] = 454.8265, sampling [1.0, 0.3452, 0.2732]. Recommendation = [0.0, 0.8497, 0.6015], Current Cost = 5006.00, Rho = 1.000
(iter 10) [0.0, 0.8497, 0.6015] = 454.8265, sampling [1.0, 0.5036, 0.4412]. Recommendation = [0.0, 0.8497, 0.6015], Current Cost = 5007.00, Rho = 1.000
(iter 10) [0.0, 0.8497, 0.6015] = 454.8265, sampling [1.0, 0.1657, -0.0849]. Recommendation = [0.0, 0.8497, 0.6015], Current Cost = 5008.00, Rho = 1.000
(iter 10) [0.0, 0.8497, 0.6015] = 454.8265, sampling [1.0, 0.8179, 0.4146]. Recommendation = [0.0, 0.8497, 0.6015], Current Cost = 5009.00, Rho = 1.000
(iter 10) [0.0, 0.8497, 0.6015] = 454.8265, sampling [1.0, 0.6320, 0.0176]. Recommendation = [0.0, 0.8497, 0.6015], Current Cost = 5010.00, Rho = 1.000
(iter 10) [0.0, 0.8497, 0.6015] = 454.8265, sampling [1.0, 0.5687, 0.7945]. Recommendation = [0.0, 0.8497, 0.6015], Current Cost = 5011.00, Rho = 1.000
(iter 10) [0.0, 0.8497, 0.6015] = 454.8265, sampling [1.0, 0.0979, 0.3740]. Recommendation = [0.0, 0.8497, 0.6015], Current Cost = 5012.00, Rho = 1.000
(iter 10) [0.0, 0.8497, 0.6015] = 454.8265, sampling [1.0, 0.1821, 0.0655]. Recommendation = [0.0, 0.3189, 0.2080], Current Cost = 5013.00, Rho = 1.000
(iter 10) [0.0, 0.8497, 0.6015] = 454.8265, sampling [1.0, 0.0100, -0.4140]. Recommendation = [0.0, 0.3189, 0.2080], Current Cost = 5014.00, Rho = 1.000
(iter 10) [0.0, 0.8497, 0.6015] = 454.8265, sampling [1.0, -0.1486, -0.0709]. Recommendation = [0.0, 0.3189, 0.2080], Current Cost = 5015.00, Rho = 1.000
(iter 10) [0.0, 0.8497, 0.6015] = 454.8265, sampling [1.0, 0.2203, 0.8204]. Recommendation = [0.0, 0.0824, -0.1859], Current Cost = 5016.00, Rho = 1.000
(iter 10) [0.0, 0.8497, 0.6015] = 454.8265, sampling [1.0, -0.2278, 0.3603]. Recommendation = [0.0, 0.0824, -0.1859], Current Cost = 5017.00, Rho = 1.000
(iter 10) [0.0, 0.8497, 0.6015] = 454.8265, sampling [1.0, 0.0418, 0.1208]. Recommendation = [0.0, -0.0482, 0.0088], Current Cost = 5018.00, Rho = 1.000
(iter 10) [0.0, 0.8497, 0.6015] = 454.8265, sampling [1.0, 0.2391, -0.3937]. Recommendation = [0.0, -0.0482, 0.0088], Current Cost = 5019.00, Rho = 1.000
(iter 10) [0.0, 0.8497, 0.6015] = 454.8265, sampling [1.0, -0.3651, 0.0620]. Recommendation = [0.0, -0.0482, 0.0088], Current Cost = 5020.00, Rho = 1.000
(iter 10) [0.0, 0.8497, 0.6015] = 454.8265, sampling [1.0, 1.0218, -0.0442]. Recommendation = [0.0, -0.0482, 0.0088], Current Cost = 5021.00, Rho = 1.000
(iter 10) [0.0, 0.8497, 0.6015] = 454.8265, sampling [1.0, -0.0961, 0.6321]. Recommendation = [0.0, -0.0482, 0.0088], Current Cost = 5022.00, Rho = 1.000
(iter 10) [0.0, 0.8497, 0.6015] = 454.8265, sampling [1.0, 0.0824, -0.1859]. Recommendation = [0.0, -0.0482, 0.0088], Current Cost = 5023.00, Rho = 1.000
(iter 10) [0.0, 0.8497, 0.6015] = 454.8265, sampling [1.0, -0.4890, -0.1500]. Recommendation = [0.0, -0.0482, 0.0088], Current Cost = 5024.00, Rho = 1.000
(iter 10) [0.0, 0.8497, 0.6015] = 454.8265, sampling [1.0, -0.3690, -0.5521]. Recommendation = [0.0, -0.2117, -0.0552], Current Cost = 5025.00, Rho = 1.000
(iter 10) [0.0, 0.8497, 0.6015] = 454.8265, sampling [1.0, 0.0785, 0.5511]. Recommendation = [0.0, -0.2117, -0.0552], Current Cost = 5026.00, Rho = 1.000
(iter 10) [0.0, 0.8497, 0.6015] = 454.8265, sampling [1.0, 0.9342, 0.9032]. Recommendation = [0.0, -0.2117, -0.0552], Current Cost = 5027.00, Rho = 1.000
(iter 10) [0.0, 0.8497, 0.6015] = 454.8265, sampling [1.0, 0.7505, 0.9444]. Recommendation = [0.0, -0.2117, -0.0552], Current Cost = 5028.00, Rho = 1.000
(iter 10) [0.0, 0.8497, 0.6015] = 454.8265, sampling [1.0, 1.0254, 0.7636]. Recommendation = [0.0, -0.2117, -0.0552], Current Cost = 5029.00, Rho = 1.000
(iter 10) [0.0, 0.8497, 0.6015] = 454.8265, sampling [1.0, -0.4279, 0.2034]. Recommendation = [0.0, -0.2117, -0.0552], Current Cost = 5030.00, Rho = 1.000
(iter 10) [0.0, 0.8497, 0.6015] = 454.8265, sampling [1.0, -0.0482, 0.0088]. Recommendation = [0.0, -0.2117, -0.0552], Current Cost = 5031.00, Rho = 1.000
(iter 10) [0.0, 0.8497, 0.6015] = 454.8265, sampling [1.0, 0.1877, -0.6552]. Recommendation = [0.0, -0.2117, -0.0552], Current Cost = 5032.00, Rho = 1.000
(iter 10) [0.0, 0.8497, 0.6015] = 454.8265, sampling [1.0, -0.1224, -0.4340]. Recommendation = [0.0, -0.3848, 0.1785], Current Cost = 5033.00, Rho = 1.000
(iter 10) [0.0, 0.8497, 0.6015] = 454.8265, sampling [1.0, 0.4537, 1.1586]. Recommendation = [0.0, -0.3848, 0.1785], Current Cost = 5034.00, Rho = 1.000
(iter 10) [0.0, 0.8497, 0.6015] = 454.8265, sampling [1.0, -0.3966, 0.6842]. Recommendation = [0.0, -0.3848, 0.1785], Current Cost = 5035.00, Rho = 1.000
(iter 10) [0.0, 0.8497, 0.6015] = 454.8265, sampling [1.0, -0.6873, 0.2522]. Recommendation = [0.0, -0.2117, -0.0552], Current Cost = 5036.00, Rho = 1.000
(iter 10) [0.0, 0.8497, 0.6015] = 454.8265, sampling [1.0, -0.6923, 0.5109]. Recommendation = [0.0, 0.9342, 0.9032], Current Cost = 5037.00, Rho = 1.000
(iter 10) [0.0, 0.8497, 0.6015] = 454.8265, sampling [1.0, -0.6264, -0.0067]. Recommendation = [0.0, 0.9342, 0.9032], Current Cost = 5038.00, Rho = 1.000
(iter 10) [0.0, 0.8497, 0.6015] = 454.8265, sampling [1.0, -0.2723, 0.5384]. Recommendation = [0.0, 0.9342, 0.9032], Current Cost = 5039.00, Rho = 1.000
(iter 10) [0.0, 0.8497, 0.6015] = 454.8265, sampling [1.0, -0.1727, 1.1878]. Recommendation = [0.0, 0.9342, 0.9032], Current Cost = 5040.00, Rho = 1.000
(iter 10) [0.0, 0.8497, 0.6015] = 454.8265, sampling [1.0, 1.2914, 0.5707]. Recommendation = [0.0, 0.9342, 0.9032], Current Cost = 5041.00, Rho = 1.000
(iter 10) [0.0, 0.8497, 0.6015] = 454.8265, sampling [1.0, -0.6442, 0.7377]. Recommendation = [0.0, 0.9342, 0.9032], Current Cost = 5042.00, Rho = 1.000
(iter 10) [0.0, 0.8497, 0.6015] = 454.8265, sampling [1.0, 0.7649, -0.5635]. Recommendation = [0.0, 0.9342, 0.9032], Current Cost = 5043.00, Rho = 1.000
(iter 10) [0.0, 0.8497, 0.6015] = 454.8265, sampling [1.0, -0.8885, 0.4230]. Recommendation = [0.0, 0.9342, 0.9032], Current Cost = 5044.00, Rho = 1.000
(iter 10) [0.0, 0.8497, 0.6015] = 454.8265, sampling [1.0, -0.8629, 0.1111]. Recommendation = [0.0, 0.9342, 0.9032], Current Cost = 5045.00, Rho = 1.000
(iter 10) [0.0, 0.8497, 0.6015] = 454.8265, sampling [1.0, -0.9137, 0.9247]. Recommendation = [0.0, 0.9342, 0.9032], Current Cost = 5046.00, Rho = 1.000
(iter 10) [0.0, 0.8497, 0.6015] = 454.8265, sampling [1.0, -0.8093, 0.7587]. Recommendation = [0.0, 0.9342, 0.9032], Current Cost = 5047.00, Rho = 1.000
(iter 10) [0.0, 0.8497, 0.6015] = 454.8265, sampling [1.0, -0.6204, 1.0718]. Recommendation = [0.0, 0.9342, 0.9032], Current Cost = 5048.00, Rho = 1.000
(iter 10) [0.0, 0.8497, 0.6015] = 454.8265, sampling [1.0, -1.0212, 0.6526]. Recommendation = [0.0, 0.9342, 0.9032], Current Cost = 5049.00, Rho = 1.000
(iter 10) [0.0, 0.8497, 0.6015] = 454.8265, sampling [1.0, -0.8178, 0.5623]. Recommendation = [0.0, 0.9342, 0.9032], Current Cost = 5050.00, Rho = 1.000
(iter 10) [0.0, 0.8497, 0.6015] = 454.8265, sampling [1.0, -0.3447, 0.9175]. Recommendation = [0.0, 0.9342, 0.9032], Current Cost = 5051.00, Rho = 1.000
(iter 10) [0.0, 0.8497, 0.6015] = 454.8265, sampling [1.0, 0.9143, 1.1798]. Recommendation = [0.0, 0.9342, 0.9032], Current Cost = 5052.00, Rho = 1.000
(iter 10) [0.0, 0.8497, 0.6015] = 454.8265, sampling [1.0, 1.1007, 0.9696]. Recommendation = [0.0, 0.9342, 0.9032], Current Cost = 5053.00, Rho = 1.000
(iter 10) [0.0, 0.8497, 0.6015] = 454.8265, sampling [1.0, 0.2650, 0.3211]. Recommendation = [0.0, 0.9342, 0.9032], Current Cost = 5054.00, Rho = 1.000
(iter 10) [0.0, 0.8497, 0.6015] = 454.8265, sampling [1.0, 0.4184, 0.4078]. Recommendation = [0.0, 0.9342, 0.9032], Current Cost = 5055.00, Rho = 1.000
(iter 10) [0.0, 0.8497, 0.6015] = 454.8265, sampling [1.0, -0.1073, -0.8300]. Recommendation = [0.0, 0.9342, 0.9032], Current Cost = 5056.00, Rho = 1.000
(iter 10) [0.0, 0.8497, 0.6015] = 454.8265, sampling [1.0, -0.8970, 1.1360]. Recommendation = [0.0, 0.9342, 0.9032], Current Cost = 5057.00, Rho = 1.000
(iter 10) [0.0, 0.8497, 0.6015] = 454.8265, sampling [1.0, -1.2999, 1.0328]. Recommendation = [0.0, 0.9342, 0.9032], Current Cost = 5058.00, Rho = 1.000
(iter 10) [0.0, 0.8497, 0.6015] = 454.8265, sampling [1.0, -1.0762, 0.8001]. Recommendation = [0.0, 0.9342, 0.9032], Current Cost = 5059.00, Rho = 1.000
(iter 10) [0.0, 0.8497, 0.6015] = 454.8265, sampling [1.0, -1.0856, 1.4154]. Recommendation = [0.0, 0.9342, 0.9032], Current Cost = 5060.00, Rho = 1.000
(iter 10) [0.0, 0.8497, 0.6015] = 454.8265, sampling [1.0, -0.7500, 1.4245]. Recommendation = [0.0, 0.9342, 0.9032], Current Cost = 5061.00, Rho = 1.000
(iter 10) [0.0, 0.8497, 0.6015] = 454.8265, sampling [1.0, -1.2061, 1.2303]. Recommendation = [0.0, 0.9342, 0.9032], Current Cost = 5062.00, Rho = 1.000
(iter 10) [0.0, 0.8497, 0.6015] = 454.8265, sampling [1.0, -1.2929, 0.6705]. Recommendation = [0.0, 0.9342, 0.9032], Current Cost = 5063.00, Rho = 1.000
(iter 10) [0.0, 0.8497, 0.6015] = 454.8265, sampling [1.0, -1.3548, 1.4504]. Recommendation = [0.0, 0.9342, 0.9032], Current Cost = 5064.00, Rho = 1.000
(iter 10) [0.0, 0.8497, 0.6015] = 454.8265, sampling [1.0, -1.1800, 1.7331]. Recommendation = [0.0, 0.9342, 0.9032], Current Cost = 5065.00, Rho = 1.000
(iter 10) [0.0, 0.8497, 0.6015] = 454.8265, sampling [1.0, -0.8753, 1.7471]. Recommendation = [0.0, 0.9342, 0.9032], Current Cost = 5066.00, Rho = 1.000
(iter 10) [0.0, 0.8497, 0.6015] = 454.8265, sampling [1.0, -1.2388, 1.5271]. Recommendation = [0.0, 0.9342, 0.9032], Current Cost = 5067.00, Rho = 1.000
(iter 10) [0.0, 0.8497, 0.6015] = 454.8265, sampling [1.0, -1.4880, 1.7238]. Recommendation = [0.0, 0.9342, 0.9032], Current Cost = 5068.00, Rho = 1.000
(iter 10) [0.0, 0.8497, 0.6015] = 454.8265, sampling [1.0, -1.7027, 1.3409]. Recommendation = [0.0, 0.9342, 0.9032], Current Cost = 5069.00, Rho = 1.000
(iter 10) [0.0, 0.8497, 0.6015] = 454.8265, sampling [1.0, 0.8244, 1.4377]. Recommendation = [0.0, 0.9342, 0.9032], Current Cost = 5070.00, Rho = 1.000
(iter 10) [0.0, 0.8497, 0.6015] = 454.8265, sampling [1.0, 0.1459, 1.8313]. Recommendation = [0.0, 0.9342, 0.9032], Current Cost = 5071.00, Rho = 1.000
(iter 10) [0.0, 0.8497, 0.6015] = 454.8265, sampling [1.0, -1.3214, 1.7405]. Recommendation = [0.0, 0.9342, 0.9032], Current Cost = 5072.00, Rho = 1.000
(iter 10) [0.0, 0.8497, 0.6015] = 454.8265, sampling [1.0, -0.9561, 1.0184]. Recommendation = [0.0, 0.9342, 0.9032], Current Cost = 5073.00, Rho = 1.000
(iter 10) [0.0, 0.8497, 0.6015] = 454.8265, sampling [1.0, -0.9358, 1.3722]. Recommendation = [0.0, 0.9342, 0.9032], Current Cost = 5074.00, Rho = 1.000
(iter 10) [0.0, 0.8497, 0.6015] = 454.8265, sampling [1.0, 1.0730, 1.0865]. Recommendation = [0.0, 0.9342, 0.9032], Current Cost = 5075.00, Rho = 1.000
(iter 10) [0.0, 0.8497, 0.6015] = 454.8265, sampling [1.0, 0.0212, -0.5966]. Recommendation = [0.0, 0.9342, 0.9032], Current Cost = 5076.00, Rho = 1.000
(iter 10) [0.0, 0.8497, 0.6015] = 454.8265, sampling [1.0, 0.8329, 1.1368]. Recommendation = [0.0, 0.9342, 0.9032], Current Cost = 5077.00, Rho = 1.000
(iter 10) [0.0, 0.8497, 0.6015] = 454.8265, sampling [1.0, -1.1629, 1.6090]. Recommendation = [0.0, 0.9342, 0.9032], Current Cost = 5078.00, Rho = 1.000
(iter 10) [0.0, 0.8497, 0.6015] = 454.8265, sampling [1.0, -0.7612, -0.1746]. Recommendation = [0.0, 0.9342, 0.9032], Current Cost = 5079.00, Rho = 1.000
(iter 10) [0.0, 0.8497, 0.6015] = 454.8265, sampling [1.0, 0.3189, 0.2080]. Recommendation = [0.0, 0.9342, 0.9032], Current Cost = 5080.00, Rho = 1.000
(iter 10) [0.0, 0.8497, 0.6015] = 454.8265, sampling [1.0, 0.9396, 0.6146]. Recommendation = [0.0, 0.9342, 0.9032], Current Cost = 5081.00, Rho = 1.000
(iter 10) [0.0, 0.8497, 0.6015] = 454.8265, sampling [1.0, 0.8472, 0.1949]. Recommendation = [0.0, 0.9342, 0.9032], Current Cost = 5082.00, Rho = 1.000
(iter 10) [0.0, 0.8497, 0.6015] = 454.8265, sampling [1.0, 0.5560, -0.2002]. Recommendation = [0.0, 0.9342, 0.9032], Current Cost = 5083.00, Rho = 1.000
(iter 10) [0.0, 0.8497, 0.6015] = 454.8265, sampling [1.0, -0.8275, 0.9044]. Recommendation = [0.0, 0.9342, 0.9032], Current Cost = 5084.00, Rho = 1.000
(iter 10) [0.0, 0.8497, 0.6015] = 454.8265, sampling [1.0, 0.3856, 0.7855]. Recommendation = [0.0, 0.9342, 0.9032], Current Cost = 5085.00, Rho = 1.000
(iter 10) [0.0, 0.8497, 0.6015] = 454.8265, sampling [1.0, -1.0471, 0.3200]. Recommendation = [0.0, 0.9342, 0.9032], Current Cost = 5086.00, Rho = 1.000
(iter 10) [0.0, 0.8497, 0.6015] = 454.8265, sampling [1.0, -0.6523, 0.0924]. Recommendation = [0.0, 0.9342, 0.9032], Current Cost = 5087.00, Rho = 1.000
(iter 10) [0.0, 0.8497, 0.6015] = 454.8265, sampling [1.0, 0.3603, -0.5759]. Recommendation = [0.0, 0.9342, 0.9032], Current Cost = 5088.00, Rho = 1.000
(iter 10) [0.0, 0.8497, 0.6015] = 454.8265, sampling [1.0, -0.2117, -0.0552]. Recommendation = [0.0, 0.9342, 0.9032], Current Cost = 5089.00, Rho = 1.000
(iter 10) [0.0, 0.8497, 0.6015] = 454.8265, sampling [1.0, -1.0889, 1.9538]. Recommendation = [0.0, 0.9342, 0.9032], Current Cost = 5090.00, Rho = 1.000
(iter 10) [0.0, 0.8497, 0.6015] = 454.8265, sampling [1.0, 0.9917, 1.3070]. Recommendation = [0.0, 0.9342, 0.9032], Current Cost = 5091.00, Rho = 1.000
(iter 10) [0.0, 0.8497, 0.6015] = 454.8265, sampling [1.0, 0.9749, 1.1146]. Recommendation = [0.0, 0.9342, 0.9032], Current Cost = 5092.00, Rho = 1.000
(iter 10) [0.0, 0.8497, 0.6015] = 454.8265, sampling [1.0, -1.2630, 1.6205]. Recommendation = [0.0, 0.9342, 0.9032], Current Cost = 5093.00, Rho = 1.000
(iter 10) [0.0, 0.8497, 0.6015] = 454.8265, sampling [1.0, -0.1346, 0.4972]. Recommendation = [0.0, 0.9342, 0.9032], Current Cost = 5094.00, Rho = 1.000
(iter 10) [0.0, 0.8497, 0.6015] = 454.8265, sampling [1.0, -0.8078, 0.2439]. Recommendation = [0.0, 0.9342, 0.9032], Current Cost = 5095.00, Rho = 1.000
(iter 10) [0.0, 0.8497, 0.6015] = 454.8265, sampling [1.0, -0.5455, -0.5000]. Recommendation = [0.0, 0.9342, 0.9032], Current Cost = 5096.00, Rho = 1.000
(iter 10) [0.0, 0.8497, 0.6015] = 454.8265, sampling [1.0, -0.7751, 0.6800]. Recommendation = [0.0, 0.9342, 0.9032], Current Cost = 5097.00, Rho = 1.000
(iter 10) [0.0, 0.8497, 0.6015] = 454.8265, sampling [1.0, 0.6562, 1.2611]. Recommendation = [0.0, 0.9342, 0.9032], Current Cost = 5098.00, Rho = 1.000
(iter 10) [0.0, 0.8497, 0.6015] = 454.8265, sampling [1.0, 0.4154, -0.4075]. Recommendation = [0.0, 0.9342, 0.9032], Current Cost = 5099.00, Rho = 1.000
(iter 10) [0.0, 0.8497, 0.6015] = 454.8265, sampling [1.0, -0.2377, -0.6752]. Recommendation = [0.0, 0.9342, 0.9032], Current Cost = 5100.00, Rho = 1.000
(iter 10) [0.0, 0.8497, 0.6015] = 454.8265, sampling [1.0, 0.1375, -0.0106]. Recommendation = [0.0, 0.9342, 0.9032], Current Cost = 5101.00, Rho = 1.000
(iter 10) [0.0, 0.8497, 0.6015] = 454.8265, sampling [1.0, -0.0574, 0.9399]. Recommendation = [0.0, 0.9342, 0.9032], Current Cost = 5102.00, Rho = 1.000
(iter 10) [0.0, 0.8497, 0.6015] = 454.8265, sampling [1.0, 1.0343, 1.2227]. Recommendation = [0.0, 0.9342, 0.9032], Current Cost = 5103.00, Rho = 1.000
(iter 10) [0.0, 0.8497, 0.6015] = 454.8265, sampling [1.0, 1.2191, 0.9905]. Recommendation = [0.0, 0.9342, 0.9032], Current Cost = 5104.00, Rho = 1.000
(iter 10) [0.0, 0.8497, 0.6015] = 454.8265, sampling [1.0, 1.1369, 1.5188]. Recommendation = [0.0, 0.9342, 0.9032], Current Cost = 5105.00, Rho = 1.000
(iter 10) [0.0, 0.8497, 0.6015] = 454.8265, sampling [1.0, 1.0524, 1.7676]. Recommendation = [0.0, 0.9342, 0.9032], Current Cost = 5106.00, Rho = 1.000
(iter 10) [0.0, 0.8497, 0.6015] = 454.8265, sampling [1.0, 0.9038, 1.6624]. Recommendation = [0.0, 0.9342, 0.9032], Current Cost = 5107.00, Rho = 1.000
(iter 10) [0.0, 0.8497, 0.6015] = 454.8265, sampling [1.0, 1.3071, 1.5514]. Recommendation = [0.0, 0.9342, 0.9032], Current Cost = 5108.00, Rho = 1.000
(iter 10) [0.0, 0.8497, 0.6015] = 454.8265, sampling [1.0, 1.2367, 1.6940]. Recommendation = [0.0, 0.9342, 0.9032], Current Cost = 5109.00, Rho = 1.000
(iter 10) [0.0, 0.8497, 0.6015] = 454.8265, sampling [1.0, 1.4625, 1.8963]. Recommendation = [0.0, 0.9342, 0.9032], Current Cost = 5110.00, Rho = 1.000
(iter 10) [0.0, 0.8497, 0.6015] = 454.8265, sampling [1.0, 1.1601, 1.8805]. Recommendation = [0.0, 0.9342, 0.9032], Current Cost = 5111.00, Rho = 1.000
(iter 10) [0.0, 0.8497, 0.6015] = 454.8265, sampling [1.0, 1.5947, 1.7543]. Recommendation = [0.0, 0.9342, 0.9032], Current Cost = 5112.00, Rho = 1.000
(iter 10) [0.0, 0.8497, 0.6015] = 454.8265, sampling [1.0, 1.4709, 1.4854]. Recommendation = [0.0, 0.9342, 0.9032], Current Cost = 5113.00, Rho = 1.000
(iter 10) [0.0, 0.8497, 0.6015] = 454.8265, sampling [1.0, 0.7986, -0.2927]. Recommendation = [0.0, 0.9342, 0.9032], Current Cost = 5114.00, Rho = 1.000
(iter 10) [0.0, 0.8497, 0.6015] = 454.8265, sampling [1.0, 0.3733, -0.9902]. Recommendation = [0.0, 0.9342, 0.9032], Current Cost = 5115.00, Rho = 1.000
(iter 10) [0.0, 0.8497, 0.6015] = 454.8265, sampling [1.0, -0.4159, 0.0991]. Recommendation = [0.0, 0.9342, 0.9032], Current Cost = 5116.00, Rho = 1.000
(iter 10) [0.0, 0.8497, 0.6015] = 454.8265, sampling [1.0, 1.1117, 1.6853]. Recommendation = [0.0, 0.9342, 0.9032], Current Cost = 5117.00, Rho = 1.000
(iter 10) [0.0, 0.8497, 0.6015] = 454.8265, sampling [1.0, -1.5949, 1.9131]. Recommendation = [0.0, 0.9342, 0.9032], Current Cost = 5118.00, Rho = 1.000
(iter 10) [0.0, 0.8497, 0.6015] = 454.8265, sampling [1.0, 1.6312, 1.9984]. Recommendation = [0.0, 0.9342, 0.9032], Current Cost = 5119.00, Rho = 1.000
(iter 10) [0.0, 0.8497, 0.6015] = 454.8265, sampling [1.0, -1.0700, 0.5176]. Recommendation = [0.0, 0.9342, 0.9032], Current Cost = 5120.00, Rho = 1.000
(iter 10) [0.0, 0.8497, 0.6015] = 454.8265, sampling [1.0, -0.4475, -0.1067]. Recommendation = [0.0, 0.9342, 0.9032], Current Cost = 5121.00, Rho = 1.000
(iter 10) [0.0, 0.8497, 0.6015] = 454.8265, sampling [1.0, -0.7224, 0.7808]. Recommendation = [0.0, 0.9342, 0.9032], Current Cost = 5122.00, Rho = 1.000
(iter 10) [0.0, 0.8497, 0.6015] = 454.8265, sampling [1.0, -0.2904, 0.7285]. Recommendation = [0.0, 0.9342, 0.9032], Current Cost = 5123.00, Rho = 1.000
(iter 10) [0.0, 0.8497, 0.6015] = 454.8265, sampling [1.0, -1.1325, 1.4479]. Recommendation = [0.0, 0.9342, 0.9032], Current Cost = 5124.00, Rho = 1.000
(iter 10) [0.0, 0.8497, 0.6015] = 454.8265, sampling [1.0, -0.4971, 1.4607]. Recommendation = [0.0, 0.9342, 0.9032], Current Cost = 5125.00, Rho = 1.000
(iter 10) [0.0, 0.8497, 0.6015] = 454.8265, sampling [1.0, 0.8820, 1.3193]. Recommendation = [0.0, 0.9342, 0.9032], Current Cost = 5126.00, Rho = 1.000
(iter 10) [0.0, 0.8497, 0.6015] = 454.8265, sampling [1.0, -0.7598, 0.5840]. Recommendation = [0.0, 0.9342, 0.9032], Current Cost = 5127.00, Rho = 1.000
(iter 10) [0.0, 0.8497, 0.6015] = 454.8265, sampling [1.0, -0.3848, 0.1785]. Recommendation = [0.0, 0.9342, 0.9032], Current Cost = 5128.00, Rho = 1.000
(iter 10) [0.0, 0.8497, 0.6015] = 454.8265, sampling [1.0, -0.7377, 0.0727]. Recommendation = [0.0, 0.9342, 0.9032], Current Cost = 5129.00, Rho = 1.000
(iter 10) [0.0, 0.8497, 0.6015] = 454.8265, sampling [1.0, -0.2680, 0.3375]. Recommendation = [0.0, 0.9342, 0.9032], Current Cost = 5130.00, Rho = 1.000
(iter 10) [0.0, 0.8497, 0.6015] = 454.8265, sampling [1.0, 0.1993, 1.1110]. Recommendation = [0.0, 0.9342, 0.9032], Current Cost = 5131.00, Rho = 1.000
(iter 10) [0.0, 0.8497, 0.6015] = 454.8265, sampling [1.0, 0.6333, -0.3854]. Recommendation = [0.0, 0.9342, 0.9032], Current Cost = 5132.00, Rho = 1.000
(iter 10) [0.0, 0.8497, 0.6015] = 454.8265, sampling [1.0, -1.5143, 1.5589]. Recommendation = [0.0, 0.9342, 0.9032], Current Cost = 5133.00, Rho = 1.000
(iter 10) [0.0, 0.8497, 0.6015] = 454.8265, sampling [1.0, 0.0490, -0.8408]. Recommendation = [0.0, 0.9342, 0.9032], Current Cost = 5134.00, Rho = 1.000
(iter 10) [0.0, 0.8497, 0.6015] = 454.8265, sampling [1.0, 1.4034, 0.1347]. Recommendation = [0.0, 0.9342, 0.9032], Current Cost = 5135.00, Rho = 1.000
(iter 10) [0.0, 0.8497, 0.6015] = 454.8265, sampling [1.0, 0.6543, 1.9784]. Recommendation = [0.0, 0.9342, 0.9032], Current Cost = 5136.00, Rho = 1.000
(iter 10) [0.0, 0.8497, 0.6015] = 454.8265, sampling [1.0, -1.0132, -0.0267]. Recommendation = [0.0, 0.9342, 0.9032], Current Cost = 5137.00, Rho = 1.000
(iter 10) [0.0, 0.8497, 0.6015] = 454.8265, sampling [1.0, -0.8513, 0.9574]. Recommendation = [0.0, 0.9342, 0.9032], Current Cost = 5138.00, Rho = 1.000
(iter 10) [0.0, 0.8497, 0.6015] = 454.8265, sampling [1.0, 0.2270, -0.4552]. Recommendation = [0.0, 0.9342, 0.9032], Current Cost = 5139.00, Rho = 1.000
(iter 10) [0.0, 0.8497, 0.6015] = 454.8265, sampling [1.0, -1.8539, 1.8949]. Recommendation = [0.0, 0.9342, 0.9032], Current Cost = 5140.00, Rho = 1.000
(iter 10) [0.0, 0.8497, 0.6015] = 454.8265, sampling [1.0, 1.3579, 0.8577]. Recommendation = [0.0, 0.9342, 0.9032], Current Cost = 5141.00, Rho = 1.000
(iter 10) [0.0, 0.8497, 0.6015] = 454.8265, sampling [1.0, -0.4073, 0.8384]. Recommendation = [0.0, 0.9342, 0.9032], Current Cost = 5142.00, Rho = 1.000
(iter 10) [0.0, 0.8497, 0.6015] = 454.8265, sampling [1.0, -0.6985, 1.9331]. Recommendation = [0.0, 0.9342, 0.9032], Current Cost = 5143.00, Rho = 1.000
(iter 10) [0.0, 0.8497, 0.6015] = 454.8265, sampling [1.0, -0.7965, 1.3306]. Recommendation = [0.0, 0.9342, 0.9032], Current Cost = 5144.00, Rho = 1.000
(iter 10) [0.0, 0.8497, 0.6015] = 454.8265, sampling [1.0, 0.6030, -0.7882]. Recommendation = [0.0, 0.9342, 0.9032], Current Cost = 5145.00, Rho = 1.000
(iter 10) [0.0, 0.8497, 0.6015] = 454.8265, sampling [1.0, -0.4348, 1.1955]. Recommendation = [0.0, 0.9342, 0.9032], Current Cost = 5146.00, Rho = 1.000
(iter 10) [0.0, 0.8497, 0.6015] = 454.8265, sampling [1.0, -1.2665, 0.8094]. Recommendation = [0.0, 0.9342, 0.9032], Current Cost = 5147.00, Rho = 1.000
(iter 10) [0.0, 0.8497, 0.6015] = 454.8265, sampling [1.0, -1.4470, 1.3515]. Recommendation = [0.0, 0.9342, 0.9032], Current Cost = 5148.00, Rho = 1.000
(iter 10) [0.0, 0.8497, 0.6015] = 454.8265, sampling [1.0, -0.3206, -1.0289]. Recommendation = [0.0, 0.9342, 0.9032], Current Cost = 5149.00, Rho = 1.000
(iter 10) [0.0, 0.8497, 0.6015] = 454.8265, sampling [1.0, -0.8854, 1.0888]. Recommendation = [0.0, 0.9342, 0.9032], Current Cost = 5150.00, Rho = 1.000
(iter 10) [0.0, 0.8497, 0.6015] = 454.8265, sampling [1.0, -1.2751, 0.3317]. Recommendation = [0.0, 0.9342, 0.9032], Current Cost = 5151.00, Rho = 1.000
(iter 10) [0.0, 0.8497, 0.6015] = 454.8265, sampling [1.0, 1.5442, 1.5695]. Recommendation = [0.0, 0.9342, 0.9032], Current Cost = 5152.00, Rho = 1.000
(iter 10) [0.0, 0.8497, 0.6015] = 454.8265, sampling [1.0, 0.5888, 1.5642]. Recommendation = [0.0, 0.9342, 0.9032], Current Cost = 5153.00, Rho = 1.000
(iter 10) [0.0, 0.8497, 0.6015] = 454.8265, sampling [1.0, -0.9915, 0.3994]. Recommendation = [0.0, 0.9342, 0.9032], Current Cost = 5154.00, Rho = 1.000
(iter 10) [0.0, 0.8497, 0.6015] = 454.8265, sampling [1.0, 0.5212, -0.4216]. Recommendation = [0.0, 0.9342, 0.9032], Current Cost = 5155.00, Rho = 1.000
(iter 10) [0.0, 0.8497, 0.6015] = 454.8265, sampling [1.0, -0.5316, -0.1588]. Recommendation = [0.0, 0.9342, 0.9032], Current Cost = 5156.00, Rho = 1.000
(iter 10) [0.0, 0.8497, 0.6015] = 454.8265, sampling [1.0, 0.5326, 1.1001]. Recommendation = [0.0, 0.9342, 0.9032], Current Cost = 5157.00, Rho = 1.000
(iter 10) [0.0, 0.8497, 0.6015] = 454.8265, sampling [1.0, 0.2760, -0.5380]. Recommendation = [0.0, 0.9342, 0.9032], Current Cost = 5158.00, Rho = 1.000
(iter 10) [0.0, 0.8497, 0.6015] = 454.8265, sampling [1.0, -0.9398, 0.1625]. Recommendation = [0.0, 0.9342, 0.9032], Current Cost = 5159.00, Rho = 1.000
(iter 10) [0.0, 0.8497, 0.6015] = 454.8265, sampling [1.0, 1.4521, 1.1202]. Recommendation = [0.0, 0.9342, 0.9032], Current Cost = 5160.00, Rho = 1.000
(iter 10) [0.0, 0.8497, 0.6015] = 454.8265, sampling [1.0, 0.1759, -1.1618]. Recommendation = [0.0, 0.9342, 0.9032], Current Cost = 5161.00, Rho = 1.000
(iter 10) [0.0, 0.8497, 0.6015] = 454.8265, sampling [1.0, 1.1219, -1.0560]. Recommendation = [0.0, 0.9342, 0.9032], Current Cost = 5162.00, Rho = 1.000
(iter 10) [0.0, 0.8497, 0.6015] = 454.8265, sampling [1.0, 0.5507, -0.2982]. Recommendation = [0.0, 0.9342, 0.9032], Current Cost = 5163.00, Rho = 1.000
(iter 10) [0.0, 0.8497, 0.6015] = 454.8265, sampling [1.0, -0.6640, -0.5177]. Recommendation = [0.0, 0.9342, 0.9032], Current Cost = 5164.00, Rho = 1.000
(iter 10) [0.0, 0.8497, 0.6015] = 454.8265, sampling [1.0, -1.6105, 0.8773]. Recommendation = [0.0, 0.9342, 0.9032], Current Cost = 5165.00, Rho = 1.000
(iter 10) [0.0, 0.8497, 0.6015] = 454.8265, sampling [1.0, 1.2847, 1.0030]. Recommendation = [0.0, 0.9342, 0.9032], Current Cost = 5166.00, Rho = 1.000
(iter 10) [0.0, 0.8497, 0.6015] = 454.8265, sampling [1.0, -1.0394, 1.8771]. Recommendation = [0.0, 0.9342, 0.9032], Current Cost = 5167.00, Rho = 1.000
(iter 10) [0.0, 0.8497, 0.6015] = 454.8265, sampling [1.0, 0.2483, 0.9765]. Recommendation = [0.0, 0.9342, 0.9032], Current Cost = 5168.00, Rho = 1.000
(iter 10) [0.0, 0.8497, 0.6015] = 454.8265, sampling [1.0, 1.7111, 1.7755]. Recommendation = [0.0, 0.9342, 0.9032], Current Cost = 5169.00, Rho = 1.000
(iter 10) [0.0, 0.8497, 0.6015] = 454.8265, sampling [1.0, -1.1933, 0.6460]. Recommendation = [0.0, 0.9342, 0.9032], Current Cost = 5170.00, Rho = 1.000
(iter 10) [0.0, 0.8497, 0.6015] = 454.8265, sampling [1.0, -0.9608, -0.3121]. Recommendation = [0.0, 0.9342, 0.9032], Current Cost = 5171.00, Rho = 1.000
(iter 10) [0.0, 0.8497, 0.6015] = 454.8265, sampling [1.0, 0.3034, 1.3902]. Recommendation = [0.0, 0.9342, 0.9032], Current Cost = 5172.00, Rho = 1.000
(iter 10) [0.0, 0.8497, 0.6015] = 454.8265, sampling [1.0, 1.0421, 1.8398]. Recommendation = [0.0, 0.9342, 0.9032], Current Cost = 5173.00, Rho = 1.000
(iter 10) [0.0, 0.8497, 0.6015] = 454.8265, sampling [1.0, -0.0894, -0.9447]. Recommendation = [0.0, 0.9342, 0.9032], Current Cost = 5174.00, Rho = 1.000
(iter 10) [0.0, 0.8497, 0.6015] = 454.8265, sampling [1.0, 0.9052, -0.1971]. Recommendation = [0.0, 0.9342, 0.9032], Current Cost = 5175.00, Rho = 1.000
(iter 10) [0.0, 0.8497, 0.6015] = 454.8265, sampling [1.0, 1.5190, 1.3762]. Recommendation = [0.0, 0.9342, 0.9032], Current Cost = 5176.00, Rho = 1.000
(iter 10) [0.0, 0.8497, 0.6015] = 454.8265, sampling [1.0, 0.5933, -0.2424]. Recommendation = [0.0, 0.9342, 0.9032], Current Cost = 5177.00, Rho = 1.000
(iter 10) [0.0, 0.8497, 0.6015] = 454.8265, sampling [1.0, 0.1109, 0.9611]. Recommendation = [0.0, 0.9342, 0.9032], Current Cost = 5178.00, Rho = 1.000
(iter 10) [0.0, 0.8497, 0.6015] = 454.8265, sampling [1.0, -1.5310, 1.6376]. Recommendation = [0.0, 0.9342, 0.9032], Current Cost = 5179.00, Rho = 1.000
(iter 10) [0.0, 0.8497, 0.6015] = 454.8265, sampling [1.0, 1.3007, 0.7137]. Recommendation = [0.0, 0.9342, 0.9032], Current Cost = 5180.00, Rho = 1.000
(iter 10) [0.0, 0.8497, 0.6015] = 454.8265, sampling [1.0, -0.7861, 0.5844]. Recommendation = [0.0, 0.9342, 0.9032], Current Cost = 5181.00, Rho = 1.000
(iter 10) [0.0, 0.8497, 0.6015] = 454.8265, sampling [1.0, 0.5625, 0.8247]. Recommendation = [0.0, 0.9342, 0.9032], Current Cost = 5182.00, Rho = 1.000
(iter 10) [0.0, 0.8497, 0.6015] = 454.8265, sampling [1.0, -0.7122, -0.8329]. Recommendation = [0.0, 0.9342, 0.9032], Current Cost = 5183.00, Rho = 1.000
(iter 10) [0.0, 0.8497, 0.6015] = 454.8265, sampling [1.0, -0.7060, 1.5390]. Recommendation = [0.0, 0.9342, 0.9032], Current Cost = 5184.00, Rho = 1.000
(iter 10) [0.0, 0.8497, 0.6015] = 454.8265, sampling [1.0, 1.0088, 0.7710]. Recommendation = [0.0, 0.9342, 0.9032], Current Cost = 5185.00, Rho = 1.000
(iter 10) [0.0, 0.8497, 0.6015] = 454.8265, sampling [1.0, 0.2889, 0.8687]. Recommendation = [0.0, 0.9342, 0.9032], Current Cost = 5186.00, Rho = 1.000
(iter 10) [0.0, 0.8497, 0.6015] = 454.8265, sampling [1.0, 0.0618, -0.6104]. Recommendation = [0.0, 0.9342, 0.9032], Current Cost = 5187.00, Rho = 1.000
(iter 10) [0.0, 0.8497, 0.6015] = 454.8265, sampling [1.0, 0.6144, 1.3659]. Recommendation = [0.0, 0.9342, 0.9032], Current Cost = 5188.00, Rho = 1.000
(iter 10) [0.0, 0.8497, 0.6015] = 454.8265, sampling [1.0, -0.5819, 1.3520]. Recommendation = [0.0, 0.9342, 0.9032], Current Cost = 5189.00, Rho = 1.000
(iter 10) [0.0, 0.8497, 0.6015] = 454.8265, sampling [1.0, -0.1184, 1.5081]. Recommendation = [0.0, 0.9342, 0.9032], Current Cost = 5190.00, Rho = 1.000
(iter 10) [0.0, 0.8497, 0.6015] = 454.8265, sampling [1.0, 0.5180, -0.3405]. Recommendation = [0.0, 0.9342, 0.9032], Current Cost = 5191.00, Rho = 1.000
(iter 10) [0.0, 0.8497, 0.6015] = 454.8265, sampling [1.0, -0.1656, -1.2471]. Recommendation = [0.0, 0.9342, 0.9032], Current Cost = 5192.00, Rho = 1.000
(iter 10) [0.0, 0.8497, 0.6015] = 454.8265, sampling [1.0, -1.1267, 0.2205]. Recommendation = [0.0, 0.9342, 0.9032], Current Cost = 5193.00, Rho = 1.000
(iter 10) [0.0, 0.8497, 0.6015] = 454.8265, sampling [1.0, 1.9726, 1.6248]. Recommendation = [0.0, 0.9342, 0.9032], Current Cost = 5194.00, Rho = 1.000
(iter 10) [0.0, 0.8497, 0.6015] = 454.8265, sampling [1.0, 0.0379, 1.1722]. Recommendation = [0.0, 0.9342, 0.9032], Current Cost = 5195.00, Rho = 1.000
(iter 10) [0.0, 0.8497, 0.6015] = 454.8265, sampling [1.0, 0.7100, 1.7132]. Recommendation = [0.0, 0.9342, 0.9032], Current Cost = 5196.00, Rho = 1.000
(iter 10) [0.0, 0.8497, 0.6015] = 454.8265, sampling [1.0, -1.1114, 0.4896]. Recommendation = [0.0, 0.9342, 0.9032], Current Cost = 5197.00, Rho = 1.000
(iter 10) [0.0, 0.8497, 0.6015] = 454.8265, sampling [1.0, 0.4851, -0.8596]. Recommendation = [0.0, 0.9342, 0.9032], Current Cost = 5198.00, Rho = 1.000
(iter 10) [0.0, 0.8497, 0.6015] = 454.8265, sampling [1.0, -1.0276, 1.9914]. Recommendation = [0.0, 0.9342, 0.9032], Current Cost = 5199.00, Rho = 1.000
(iter 10) [0.0, 0.8497, 0.6015] = 454.8265, sampling [1.0, 1.0944, -0.4245]. Recommendation = [0.0, 0.9342, 0.9032], Current Cost = 5200.00, Rho = 1.000
(iter 10) [0.0, 0.8497, 0.6015] = 454.8265, sampling [1.0, -1.6740, 1.9707]. Recommendation = [0.0, 0.9342, 0.9032], Current Cost = 5201.00, Rho = 1.000
(iter 10) [0.0, 0.8497, 0.6015] = 454.8265, sampling [1.0, 0.2824, -1.5592]. Recommendation = [0.0, 0.9342, 0.9032], Current Cost = 5202.00, Rho = 1.000
(iter 10) [0.0, 0.8497, 0.6015] = 454.8265, sampling [1.0, -0.0328, -0.8238]. Recommendation = [0.0, 0.9342, 0.9032], Current Cost = 5203.00, Rho = 1.000
(iter 10) [0.0, 0.8497, 0.6015] = 454.8265, sampling [1.0, -0.4710, 1.6989]. Recommendation = [0.0, 0.9342, 0.9032], Current Cost = 5204.00, Rho = 1.000
(iter 10) [0.0, 0.8497, 0.6015] = 454.8265, sampling [1.0, -0.4571, -0.1226]. Recommendation = [0.0, 0.9342, 0.9032], Current Cost = 5205.00, Rho = 1.000
(iter 10) [0.0, 0.8497, 0.6015] = 454.8265, sampling [1.0, 0.1576, 0.8956]. Recommendation = [0.0, 0.9342, 0.9032], Current Cost = 5206.00, Rho = 1.000
(iter 10) [0.0, 0.8497, 0.6015] = 454.8265, sampling [1.0, 1.5892, 0.6615]. Recommendation = [0.0, 0.9342, 0.9032], Current Cost = 5207.00, Rho = 1.000
(iter 10) [0.0, 0.8497, 0.6015] = 454.8265, sampling [1.0, -1.7415, 1.5810]. Recommendation = [0.0, 0.9342, 0.9032], Current Cost = 5208.00, Rho = 1.000
(iter 10) [0.0, 0.8497, 0.6015] = 454.8265, sampling [1.0, -1.4002, -0.0921]. Recommendation = [0.0, 0.9342, 0.9032], Current Cost = 5209.00, Rho = 1.000
(iter 10) [0.0, 0.8497, 0.6015] = 454.8265, sampling [1.0, 0.4243, -1.2747]. Recommendation = [0.0, 0.9342, 0.9032], Current Cost = 5210.00, Rho = 1.000
(iter 10) [0.0, 0.8497, 0.6015] = 454.8265, sampling [1.0, -0.9480, -0.0171]. Recommendation = [0.0, 0.9342, 0.9032], Current Cost = 5211.00, Rho = 1.000
(iter 10) [0.0, 0.8497, 0.6015] = 454.8265, sampling [1.0, -0.2975, 1.2679]. Recommendation = [0.0, 0.9342, 0.9032], Current Cost = 5212.00, Rho = 1.000
(iter 10) [0.0, 0.8497, 0.6015] = 454.8265, sampling [1.0, 0.4321, 1.2329]. Recommendation = [0.0, 0.9342, 0.9032], Current Cost = 5213.00, Rho = 1.000
(iter 10) [0.0, 0.8497, 0.6015] = 454.8265, sampling [1.0, 1.5251, 1.4652]. Recommendation = [0.0, 0.9342, 0.9032], Current Cost = 5214.00, Rho = 1.000
(iter 10) [0.0, 0.8497, 0.6015] = 454.8265, sampling [1.0, -0.5747, -1.0727]. Recommendation = [0.0, 0.9342, 0.9032], Current Cost = 5215.00, Rho = 1.000
(iter 10) [0.0, 0.8497, 0.6015] = 454.8265, sampling [1.0, 0.8951, -0.3681]. Recommendation = [0.0, 0.9342, 0.9032], Current Cost = 5216.00, Rho = 1.000
(iter 10) [0.0, 0.8497, 0.6015] = 454.8265, sampling [1.0, 0.0268, -0.8844]. Recommendation = [0.0, 0.9342, 0.9032], Current Cost = 5217.00, Rho = 1.000
(iter 10) [0.0, 0.8497, 0.6015] = 454.8265, sampling [1.0, -1.5571, 1.0777]. Recommendation = [0.0, 0.9342, 0.9032], Current Cost = 5218.00, Rho = 1.000
(iter 10) [0.0, 0.8497, 0.6015] = 454.8265, sampling [1.0, -1.3660, 0.7517]. Recommendation = [0.0, 0.9342, 0.9032], Current Cost = 5219.00, Rho = 1.000
(iter 10) [0.0, 0.8497, 0.6015] = 454.8265, sampling [1.0, -0.0807, -1.5675]. Recommendation = [0.0, 0.9342, 0.9032], Current Cost = 5220.00, Rho = 1.000
(iter 10) [0.0, 0.8497, 0.6015] = 454.8265, sampling [1.0, 0.0950, 1.0601]. Recommendation = [0.0, 0.9342, 0.9032], Current Cost = 5221.00, Rho = 1.000
(iter 10) [0.0, 0.8497, 0.6015] = 454.8265, sampling [1.0, 0.2603, -1.0964]. Recommendation = [0.0, 0.9342, 0.9032], Current Cost = 5222.00, Rho = 1.000
(iter 10) [0.0, 0.8497, 0.6015] = 454.8265, sampling [1.0, -1.5854, 1.6080]. Recommendation = [0.0, 0.9342, 0.9032], Current Cost = 5223.00, Rho = 1.000
(iter 10) [0.0, 0.8497, 0.6015] = 454.8265, sampling [1.0, -0.3430, -1.2072]. Recommendation = [0.0, 0.9342, 0.9032], Current Cost = 5224.00, Rho = 1.000
(iter 10) [0.0, 0.8497, 0.6015] = 454.8265, sampling [1.0, 0.5410, 1.4030]. Recommendation = [0.0, 0.9342, 0.9032], Current Cost = 5225.00, Rho = 1.000
(iter 10) [0.0, 0.8497, 0.6015] = 454.8265, sampling [1.0, -0.9958, -0.1165]. Recommendation = [0.0, 0.9342, 0.9032], Current Cost = 5226.00, Rho = 1.000
(iter 10) [0.0, 0.8497, 0.6015] = 454.8265, sampling [1.0, -1.1039, 0.3095]. Recommendation = [0.0, 0.9342, 0.9032], Current Cost = 5227.00, Rho = 1.000
(iter 10) [0.0, 0.8497, 0.6015] = 454.8265, sampling [1.0, 0.6211, -1.1067]. Recommendation = [0.0, 0.9342, 0.9032], Current Cost = 5228.00, Rho = 1.000
(iter 10) [0.0, 0.8497, 0.6015] = 454.8265, sampling [1.0, 0.6772, -1.9909]. Recommendation = [0.0, 0.9342, 0.9032], Current Cost = 5229.00, Rho = 1.000
(iter 10) [0.0, 0.8497, 0.6015] = 454.8265, sampling [1.0, -1.1404, 0.0828]. Recommendation = [0.0, 0.9342, 0.9032], Current Cost = 5230.00, Rho = 1.000
(iter 10) [0.0, 0.8497, 0.6015] = 454.8265, sampling [1.0, 0.7580, -0.6967]. Recommendation = [0.0, 0.9342, 0.9032], Current Cost = 5231.00, Rho = 1.000
(iter 10) [0.0, 0.8497, 0.6015] = 454.8265, sampling [1.0, -0.0410, 1.2856]. Recommendation = [0.0, 0.9342, 0.9032], Current Cost = 5232.00, Rho = 1.000
(iter 10) [0.0, 0.8497, 0.6015] = 454.8265, sampling [1.0, -1.5675, 0.4497]. Recommendation = [0.0, 0.9342, 0.9032], Current Cost = 5233.00, Rho = 1.000
(iter 10) [0.0, 0.8497, 0.6015] = 454.8265, sampling [1.0, 0.4651, 1.6516]. Recommendation = [0.0, 0.9342, 0.9032], Current Cost = 5234.00, Rho = 1.000
(iter 10) [0.0, 0.8497, 0.6015] = 454.8265, sampling [1.0, -0.2549, 1.8414]. Recommendation = [0.0, 0.9342, 0.9032], Current Cost = 5235.00, Rho = 1.000
(iter 10) [0.0, 0.8497, 0.6015] = 454.8265, sampling [1.0, 1.9948, -0.4560]. Recommendation = [0.0, 0.9342, 0.9032], Current Cost = 5236.00, Rho = 1.000
(iter 10) [0.0, 0.8497, 0.6015] = 454.8265, sampling [1.0, -0.5226, -0.4933]. Recommendation = [0.0, 0.9342, 0.9032], Current Cost = 5237.00, Rho = 1.000
(iter 10) [0.0, 0.8497, 0.6015] = 454.8265, sampling [1.0, 0.2131, 0.8554]. Recommendation = [0.0, 0.9342, 0.9032], Current Cost = 5238.00, Rho = 1.000
(iter 10) [0.0, 0.8497, 0.6015] = 454.8265, sampling [1.0, -0.8663, -0.7508]. Recommendation = [0.0, 0.9342, 0.9032], Current Cost = 5239.00, Rho = 1.000
(iter 10) [0.0, 0.8497, 0.6015] = 454.8265, sampling [1.0, 0.5119, -0.9627]. Recommendation = [0.0, 0.9342, 0.9032], Current Cost = 5240.00, Rho = 1.000
(iter 10) [0.0, 0.8497, 0.6015] = 454.8265, sampling [1.0, -0.3046, 1.4950]. Recommendation = [0.0, 0.9342, 0.9032], Current Cost = 5241.00, Rho = 1.000
(iter 10) [0.0, 0.8497, 0.6015] = 454.8265, sampling [1.0, -1.6169, 1.5305]. Recommendation = [0.0, 0.9342, 0.9032], Current Cost = 5242.00, Rho = 1.000
(iter 10) [0.0, 0.8497, 0.6015] = 454.8265, sampling [1.0, 0.3334, 1.2996]. Recommendation = [0.0, 0.9342, 0.9032], Current Cost = 5243.00, Rho = 1.000
(iter 10) [0.0, 0.8497, 0.6015] = 454.8265, sampling [1.0, -0.5625, 1.5973]. Recommendation = [0.0, 0.9342, 0.9032], Current Cost = 5244.00, Rho = 1.000
(iter 10) [0.0, 0.8497, 0.6015] = 454.8265, sampling [1.0, 0.3983, -1.0905]. Recommendation = [0.0, 0.9342, 0.9032], Current Cost = 5245.00, Rho = 1.000
(iter 10) [0.0, 0.8497, 0.6015] = 454.8265, sampling [1.0, 1.3435, 0.2953]. Recommendation = [0.0, 0.9342, 0.9032], Current Cost = 5246.00, Rho = 1.000
(iter 10) [0.0, 0.8497, 0.6015] = 454.8265, sampling [1.0, 0.6829, -0.8518]. Recommendation = [0.0, 0.9342, 0.9032], Current Cost = 5247.00, Rho = 1.000
(iter 10) [0.0, 0.8497, 0.6015] = 454.8265, sampling [1.0, -0.4217, -1.4534]. Recommendation = [0.0, 0.9342, 0.9032], Current Cost = 5248.00, Rho = 1.000
(iter 10) [0.0, 0.8497, 0.6015] = 454.8265, sampling [1.0, 0.2427, -1.2235]. Recommendation = [0.0, 0.9342, 0.9032], Current Cost = 5249.00, Rho = 1.000
(iter 10) [0.0, 0.8497, 0.6015] = 454.8265, sampling [1.0, -0.6759, 1.8199]. Recommendation = [0.0, 0.9342, 0.9032], Current Cost = 5250.00, Rho = 1.000
(iter 10) [0.0, 0.8497, 0.6015] = 454.8265, sampling [1.0, -0.1947, 1.3269]. Recommendation = [0.0, 0.9342, 0.9032], Current Cost = 5251.00, Rho = 1.000
(iter 10) [0.0, 0.8497, 0.6015] = 454.8265, sampling [1.0, -1.8999, 1.1454]. Recommendation = [0.0, 0.9342, 0.9032], Current Cost = 5252.00, Rho = 1.000
(iter 10) [0.0, 0.8497, 0.6015] = 454.8265, sampling [1.0, -1.1472, -0.4446]. Recommendation = [0.0, 0.9342, 0.9032], Current Cost = 5253.00, Rho = 1.000
(iter 10) [0.0, 0.8497, 0.6015] = 454.8265, sampling [1.0, 0.9528, -0.6061]. Recommendation = [0.0, 0.9342, 0.9032], Current Cost = 5254.00, Rho = 1.000
(iter 10) [0.0, 0.8497, 0.6015] = 454.8265, sampling [1.0, 1.5062, 1.4799]. Recommendation = [0.0, 0.9342, 0.9032], Current Cost = 5255.00, Rho = 1.000
(iter 10) [0.0, 0.8497, 0.6015] = 454.8265, sampling [1.0, 0.0712, -1.8298]. Recommendation = [0.0, 0.9342, 0.9032], Current Cost = 5256.00, Rho = 1.000
(iter 10) [0.0, 0.8497, 0.6015] = 454.8265, sampling [1.0, 1.4244, 0.6181]. Recommendation = [0.0, 0.9342, 0.9032], Current Cost = 5257.00, Rho = 1.000
(iter 10) [0.0, 0.8497, 0.6015] = 454.8265, sampling [1.0, -1.2526, 0.1537]. Recommendation = [0.0, 0.9342, 0.9032], Current Cost = 5258.00, Rho = 1.000
(iter 10) [0.0, 0.8497, 0.6015] = 454.8265, sampling [1.0, 0.6672, -1.4321]. Recommendation = [0.0, 0.9342, 0.9032], Current Cost = 5259.00, Rho = 1.000
(iter 10) [0.0, 0.8497, 0.6015] = 454.8265, sampling [1.0, 0.3593, 1.7872]. Recommendation = [0.0, 0.9342, 0.9032], Current Cost = 5260.00, Rho = 1.000
(iter 10) [0.0, 0.8497, 0.6015] = 454.8265, sampling [1.0, 0.7719, -0.9692]. Recommendation = [0.0, 0.9342, 0.9032], Current Cost = 5261.00, Rho = 1.000
(iter 10) [0.0, 0.8497, 0.6015] = 454.8265, sampling [1.0, 0.3208, -1.3315]. Recommendation = [0.0, 0.9342, 0.9032], Current Cost = 5262.00, Rho = 1.000
(iter 10) [0.0, 0.8497, 0.6015] = 454.8265, sampling [1.0, -1.4129, 0.6968]. Recommendation = [0.0, 0.9342, 0.9032], Current Cost = 5263.00, Rho = 1.000
(iter 10) [0.0, 0.8497, 0.6015] = 454.8265, sampling [1.0, -1.1917, -0.1285]. Recommendation = [0.0, 0.9342, 0.9032], Current Cost = 5264.00, Rho = 1.000
(iter 10) [0.0, 0.8497, 0.6015] = 454.8265, sampling [1.0, 0.5784, -0.9318]. Recommendation = [0.0, 0.9342, 0.9032], Current Cost = 5265.00, Rho = 1.000
(iter 10) [0.0, 0.8497, 0.6015] = 454.8265, sampling [1.0, -0.2577, -1.7333]. Recommendation = [0.0, 0.9342, 0.9032], Current Cost = 5266.00, Rho = 1.000
(iter 10) [0.0, 0.8497, 0.6015] = 454.8265, sampling [1.0, -1.8057, 1.6749]. Recommendation = [0.0, 0.9342, 0.9032], Current Cost = 5267.00, Rho = 1.000
(iter 10) [0.0, 0.8497, 0.6015] = 454.8265, sampling [1.0, 0.3361, -1.0090]. Recommendation = [0.0, 0.9342, 0.9032], Current Cost = 5268.00, Rho = 1.000
(iter 10) [0.0, 0.8497, 0.6015] = 454.8265, sampling [1.0, -0.5956, -1.2586]. Recommendation = [0.0, 0.9342, 0.9032], Current Cost = 5269.00, Rho = 1.000
(iter 10) [0.0, 0.8497, 0.6015] = 454.8265, sampling [1.0, 0.8078, -0.8157]. Recommendation = [0.0, 0.9342, 0.9032], Current Cost = 5270.00, Rho = 1.000
(iter 10) [0.0, 0.8497, 0.6015] = 454.8265, sampling [1.0, 0.0046, 1.7112]. Recommendation = [0.0, 0.9342, 0.9032], Current Cost = 5271.00, Rho = 1.000
(iter 10) [0.0, 0.8497, 0.6015] = 454.8265, sampling [1.0, -1.6612, 1.9631]. Recommendation = [0.0, 0.9342, 0.9032], Current Cost = 5272.00, Rho = 1.000
(iter 10) [0.0, 0.8497, 0.6015] = 454.8265, sampling [1.0, 1.6729, 0.9933]. Recommendation = [0.0, 0.9342, 0.9032], Current Cost = 5273.00, Rho = 1.000
(iter 10) [0.0, 0.8497, 0.6015] = 454.8265, sampling [1.0, -0.2235, 1.6430]. Recommendation = [0.0, 0.9342, 0.9032], Current Cost = 5274.00, Rho = 1.000
(iter 10) [0.0, 0.8497, 0.6015] = 454.8265, sampling [1.0, -1.1743, 0.1702]. Recommendation = [0.0, 0.9342, 0.9032], Current Cost = 5275.00, Rho = 1.000
(iter 10) [0.0, 0.8497, 0.6015] = 454.8265, sampling [1.0, -0.4510, -1.3225]. Recommendation = [0.0, 0.9342, 0.9032], Current Cost = 5276.00, Rho = 1.000
(iter 10) [0.0, 0.8497, 0.6015] = 454.8265, sampling [1.0, 1.3969, 0.3831]. Recommendation = [0.0, 0.9342, 0.9032], Current Cost = 5277.00, Rho = 1.000
(iter 10) [0.0, 0.8497, 0.6015] = 454.8265, sampling [1.0, -0.7282, -1.0553]. Recommendation = [0.0, 0.9342, 0.9032], Current Cost = 5278.00, Rho = 1.000
(iter 10) [0.0, 0.8497, 0.6015] = 454.8265, sampling [1.0, -1.7918, 1.8700]. Recommendation = [0.0, 0.9342, 0.9032], Current Cost = 5279.00, Rho = 1.000
(iter 10) [0.0, 0.8497, 0.6015] = 454.8265, sampling [1.0, -0.0206, 1.9258]. Recommendation = [0.0, 0.9342, 0.9032], Current Cost = 5280.00, Rho = 1.000
(iter 10) [0.0, 0.8497, 0.6015] = 454.8265, sampling [1.0, -1.9793, 0.0373]. Recommendation = [0.0, 0.9342, 0.9032], Current Cost = 5281.00, Rho = 1.000
(iter 10) [0.0, 0.8497, 0.6015] = 454.8265, sampling [1.0, -0.0686, 1.2499]. Recommendation = [0.0, 0.9342, 0.9032], Current Cost = 5282.00, Rho = 1.000
(iter 10) [0.0, 0.8497, 0.6015] = 454.8265, sampling [1.0, 0.4616, -1.6191]. Recommendation = [0.0, 0.9342, 0.9032], Current Cost = 5283.00, Rho = 1.000
(iter 10) [0.0, 0.8497, 0.6015] = 454.8265, sampling [1.0, -0.5186, -1.9541]. Recommendation = [0.0, 0.9342, 0.9032], Current Cost = 5284.00, Rho = 1.000
(iter 10) [0.0, 0.8497, 0.6015] = 454.8265, sampling [1.0, -0.3144, -1.5717]. Recommendation = [0.0, 0.9342, 0.9032], Current Cost = 5285.00, Rho = 1.000
(iter 10) [0.0, 0.8497, 0.6015] = 454.8265, sampling [1.0, 0.7364, -0.6675]. Recommendation = [0.0, 0.9342, 0.9032], Current Cost = 5286.00, Rho = 1.000
(iter 10) [0.0, 0.8497, 0.6015] = 454.8265, sampling [1.0, -0.9811, -0.7217]. Recommendation = [0.0, 0.9342, 0.9032], Current Cost = 5287.00, Rho = 1.000
(iter 10) [0.0, 0.8497, 0.6015] = 454.8265, sampling [1.0, -0.3586, 1.6672]. Recommendation = [0.0, 0.9342, 0.9032], Current Cost = 5288.00, Rho = 1.000
(iter 10) [0.0, 0.8497, 0.6015] = 454.8265, sampling [1.0, -0.8409, -0.8701]. Recommendation = [0.0, 0.9342, 0.9032], Current Cost = 5289.00, Rho = 1.000
(iter 10) [0.0, 0.8497, 0.6015] = 454.8265, sampling [1.0, -0.1536, 1.2934]. Recommendation = [0.0, 0.9342, 0.9032], Current Cost = 5290.00, Rho = 1.000
(iter 10) [0.0, 0.8497, 0.6015] = 454.8265, sampling [1.0, 0.4912, -1.3570]. Recommendation = [0.0, 0.9342, 0.9032], Current Cost = 5291.00, Rho = 1.000
(iter 10) [0.0, 0.8497, 0.6015] = 454.8265, sampling [1.0, -0.5090, 1.5856]. Recommendation = [0.0, 0.9342, 0.9032], Current Cost = 5292.00, Rho = 1.000
(iter 10) [0.0, 0.8497, 0.6015] = 454.8265, sampling [1.0, 0.9490, -0.7736]. Recommendation = [0.0, 0.9342, 0.9032], Current Cost = 5293.00, Rho = 1.000
(iter 10) [0.0, 0.8497, 0.6015] = 454.8265, sampling [1.0, -1.4924, 0.6304]. Recommendation = [0.0, 0.9342, 0.9032], Current Cost = 5294.00, Rho = 1.000
(iter 10) [0.0, 0.8497, 0.6015] = 454.8265, sampling [1.0, -0.2835, 1.2427]. Recommendation = [0.0, 0.9342, 0.9032], Current Cost = 5295.00, Rho = 1.000
(iter 10) [0.0, 0.8497, 0.6015] = 454.8265, sampling [1.0, 0.8748, -1.2395]. Recommendation = [0.0, 0.9342, 0.9032], Current Cost = 5296.00, Rho = 1.000
(iter 10) [0.0, 0.8497, 0.6015] = 454.8265, sampling [1.0, 1.0044, -0.5272]. Recommendation = [0.0, 0.9342, 0.9032], Current Cost = 5297.00, Rho = 1.000
(iter 10) [0.0, 0.8497, 0.6015] = 454.8265, sampling [1.0, -0.0045, 1.2769]. Recommendation = [0.0, 0.9342, 0.9032], Current Cost = 5298.00, Rho = 1.000
(iter 10) [0.0, 0.8497, 0.6015] = 454.8265, sampling [1.0, -1.0007, -0.3221]. Recommendation = [0.0, 0.9342, 0.9032], Current Cost = 5299.00, Rho = 1.000
(iter 10) [0.0, 0.8497, 0.6015] = 454.8265, sampling [1.0, 1.3675, 0.8444]. Recommendation = [0.0, 0.9342, 0.9032], Current Cost = 5300.00, Rho = 1.000
(iter 10) [0.0, 0.8497, 0.6015] = 454.8265, sampling [1.0, -0.5584, -1.5484]. Recommendation = [0.0, 0.9342, 0.9032], Current Cost = 5301.00, Rho = 1.000
(iter 10) [0.0, 0.8497, 0.6015] = 454.8265, sampling [1.0, 0.3819, -1.4055]. Recommendation = [0.0, 0.9342, 0.9032], Current Cost = 5302.00, Rho = 1.000
(iter 10) [0.0, 0.8497, 0.6015] = 454.8265, sampling [1.0, 1.3310, 0.0276]. Recommendation = [0.0, 0.9342, 0.9032], Current Cost = 5303.00, Rho = 1.000
(iter 10) [0.0, 0.8497, 0.6015] = 454.8265, sampling [1.0, -1.6896, 1.2066]. Recommendation = [0.0, 0.9342, 0.9032], Current Cost = 5304.00, Rho = 1.000
(iter 10) [0.0, 0.8497, 0.6015] = 454.8265, sampling [1.0, 0.3101, -1.7018]. Recommendation = [0.0, 0.9342, 0.9032], Current Cost = 5305.00, Rho = 1.000
(iter 10) [0.0, 0.8497, 0.6015] = 454.8265, sampling [1.0, 1.8865, 1.4180]. Recommendation = [0.0, 0.9342, 0.9032], Current Cost = 5306.00, Rho = 1.000
(iter 10) [0.0, 0.8497, 0.6015] = 454.8265, sampling [1.0, 1.4760, -1.9004]. Recommendation = [0.0, 0.9342, 0.9032], Current Cost = 5307.00, Rho = 1.000
(iter 10) [0.0, 0.8497, 0.6015] = 454.8265, sampling [1.0, 1.2646, -0.2707]. Recommendation = [0.0, 0.9342, 0.9032], Current Cost = 5308.00, Rho = 1.000
(iter 10) [0.0, 0.8497, 0.6015] = 454.8265, sampling [1.0, -1.2233, -0.2624]. Recommendation = [0.0, 0.9342, 0.9032], Current Cost = 5309.00, Rho = 1.000
(iter 10) [0.0, 0.8497, 0.6015] = 454.8265, sampling [1.0, 0.6895, -1.1503]. Recommendation = [0.0, 0.9342, 0.9032], Current Cost = 5310.00, Rho = 1.000
(iter 10) [0.0, 0.8497, 0.6015] = 454.8265, sampling [1.0, -0.1850, -1.5929]. Recommendation = [0.0, 0.9342, 0.9032], Current Cost = 5311.00, Rho = 1.000
(iter 10) [0.0, 0.8497, 0.6015] = 454.8265, sampling [1.0, 1.5426, 0.4257]. Recommendation = [0.0, 0.9342, 0.9032], Current Cost = 5312.00, Rho = 1.000
(iter 10) [0.0, 0.8497, 0.6015] = 454.8265, sampling [1.0, 0.7901, -0.7630]. Recommendation = [0.0, 0.9342, 0.9032], Current Cost = 5313.00, Rho = 1.000
(iter 10) [0.0, 0.8497, 0.6015] = 454.8265, sampling [1.0, 0.4021, -1.9681]. Recommendation = [0.0, 0.9342, 0.9032], Current Cost = 5314.00, Rho = 1.000
(iter 10) [0.0, 0.8497, 0.6015] = 454.8265, sampling [1.0, -0.9235, -0.9838]. Recommendation = [0.0, 0.9342, 0.9032], Current Cost = 5315.00, Rho = 1.000
(iter 10) [0.0, 0.8497, 0.6015] = 454.8265, sampling [1.0, 1.9257, 0.9294]. Recommendation = [0.0, 0.9342, 0.9032], Current Cost = 5316.00, Rho = 1.000
(iter 10) [0.0, 0.8497, 0.6015] = 454.8265, sampling [1.0, -1.8870, 1.3965]. Recommendation = [0.0, 0.9342, 0.9032], Current Cost = 5317.00, Rho = 1.000
(iter 10) [0.0, 0.8497, 0.6015] = 454.8265, sampling [1.0, 0.8090, -1.0647]. Recommendation = [0.0, 0.9342, 0.9032], Current Cost = 5318.00, Rho = 1.000
(iter 10) [0.0, 0.8497, 0.6015] = 454.8265, sampling [1.0, -1.1190, -0.7284]. Recommendation = [0.0, 0.9342, 0.9032], Current Cost = 5319.00, Rho = 1.000
(iter 10) [0.0, 0.8497, 0.6015] = 454.8265, sampling [1.0, -0.6010, -1.0469]. Recommendation = [0.0, 0.9342, 0.9032], Current Cost = 5320.00, Rho = 1.000
(iter 10) [0.0, 0.8497, 0.6015] = 454.8265, sampling [1.0, 0.1358, 1.9366]. Recommendation = [0.0, 0.9342, 0.9032], Current Cost = 5321.00, Rho = 1.000
(iter 10) [0.0, 0.8497, 0.6015] = 454.8265, sampling [1.0, -1.5067, 0.6927]. Recommendation = [0.0, 0.9342, 0.9032], Current Cost = 5322.00, Rho = 1.000
(iter 10) [0.0, 0.8497, 0.6015] = 454.8265, sampling [1.0, -0.1426, 1.8015]. Recommendation = [0.0, 0.9342, 0.9032], Current Cost = 5323.00, Rho = 1.000
(iter 10) [0.0, 0.8497, 0.6015] = 454.8265, sampling [1.0, -0.4727, -1.6441]. Recommendation = [0.0, 0.9342, 0.9032], Current Cost = 5324.00, Rho = 1.000
(iter 10) [0.0, 0.8497, 0.6015] = 454.8265, sampling [1.0, 0.2008, -1.8240]. Recommendation = [0.0, 0.9342, 0.9032], Current Cost = 5325.00, Rho = 1.000
(iter 10) [0.0, 0.8497, 0.6015] = 454.8265, sampling [1.0, 1.1922, -0.6915]. Recommendation = [0.0, 0.9342, 0.9032], Current Cost = 5326.00, Rho = 1.000
(iter 10) [0.0, 0.8497, 0.6015] = 454.8265, sampling [1.0, -0.5882, -1.2101]. Recommendation = [0.0, 0.9342, 0.9032], Current Cost = 5327.00, Rho = 1.000
(iter 10) [0.0, 0.8497, 0.6015] = 454.8265, sampling [1.0, -1.4657, 0.1375]. Recommendation = [0.0, 0.9342, 0.9032], Current Cost = 5328.00, Rho = 1.000
(iter 10) [0.0, 0.8497, 0.6015] = 454.8265, sampling [1.0, -0.9110, -1.3784]. Recommendation = [0.0, 0.9342, 0.9032], Current Cost = 5329.00, Rho = 1.000
(iter 10) [0.0, 0.8497, 0.6015] = 454.8265, sampling [1.0, -0.3360, -1.5153]. Recommendation = [0.0, 0.9342, 0.9032], Current Cost = 5330.00, Rho = 1.000
(iter 10) [0.0, 0.8497, 0.6015] = 454.8265, sampling [1.0, -0.8356, -0.7771]. Recommendation = [0.0, 0.9342, 0.9032], Current Cost = 5331.00, Rho = 1.000
(iter 10) [0.0, 0.8497, 0.6015] = 454.8265, sampling [1.0, -0.3793, -1.9377]. Recommendation = [0.0, 0.9342, 0.9032], Current Cost = 5332.00, Rho = 1.000
(iter 10) [0.0, 0.8497, 0.6015] = 454.8265, sampling [1.0, -0.6363, -1.7731]. Recommendation = [0.0, 0.9342, 0.9032], Current Cost = 5333.00, Rho = 1.000
(iter 10) [0.0, 0.8497, 0.6015] = 454.8265, sampling [1.0, 0.6991, -1.7253]. Recommendation = [0.0, 0.9342, 0.9032], Current Cost = 5334.00, Rho = 1.000
(iter 10) [0.0, 0.8497, 0.6015] = 454.8265, sampling [1.0, -1.3705, -0.6844]. Recommendation = [0.0, 0.9342, 0.9032], Current Cost = 5335.00, Rho = 1.000
(iter 10) [0.0, 0.8497, 0.6015] = 454.8265, sampling [1.0, 0.7823, -1.3089]. Recommendation = [0.0, 0.9342, 0.9032], Current Cost = 5336.00, Rho = 1.000
(iter 10) [0.0, 0.8497, 0.6015] = 454.8265, sampling [1.0, 1.0640, -0.4722]. Recommendation = [0.0, 0.9342, 0.9032], Current Cost = 5337.00, Rho = 1.000
(iter 10) [0.0, 0.8497, 0.6015] = 454.8265, sampling [1.0, -1.7076, 0.5939]. Recommendation = [0.0, 0.9342, 0.9032], Current Cost = 5338.00, Rho = 1.000
(iter 10) [0.0, 0.8497, 0.6015] = 454.8265, sampling [1.0, 0.9924, -0.6163]. Recommendation = [0.0, 0.9342, 0.9032], Current Cost = 5339.00, Rho = 1.000
(iter 10) [0.0, 0.8497, 0.6015] = 454.8265, sampling [1.0, -0.0111, 1.8157]. Recommendation = [0.0, 0.9342, 0.9032], Current Cost = 5340.00, Rho = 1.000
(iter 10) [0.0, 0.8497, 0.6015] = 454.8265, sampling [1.0, 1.5724, 0.2854]. Recommendation = [0.0, 0.9342, 0.9032], Current Cost = 5341.00, Rho = 1.000
(iter 10) [0.0, 0.8497, 0.6015] = 454.8265, sampling [1.0, -0.2466, -1.6127]. Recommendation = [0.0, 0.9342, 0.9032], Current Cost = 5342.00, Rho = 1.000
(iter 10) [0.0, 0.8497, 0.6015] = 454.8265, sampling [1.0, -1.2822, -0.3286]. Recommendation = [0.0, 0.9342, 0.9032], Current Cost = 5343.00, Rho = 1.000
(iter 10) [0.0, 0.8497, 0.6015] = 454.8265, sampling [1.0, -1.2288, -0.1671]. Recommendation = [0.0, 0.9342, 0.9032], Current Cost = 5344.00, Rho = 1.000
(iter 10) [0.0, 0.8497, 0.6015] = 454.8265, sampling [1.0, -0.4827, -1.7664]. Recommendation = [0.0, 0.9342, 0.9032], Current Cost = 5345.00, Rho = 1.000
(iter 10) [0.0, 0.8497, 0.6015] = 454.8265, sampling [1.0, 1.4110, -0.1783]. Recommendation = [0.0, 0.9342, 0.9032], Current Cost = 5346.00, Rho = 1.000
(iter 10) [0.0, 0.8497, 0.6015] = 454.8265, sampling [1.0, -1.8303, 1.8625]. Recommendation = [0.0, 0.9342, 0.9032], Current Cost = 5347.00, Rho = 1.000
(iter 10) [0.0, 0.8497, 0.6015] = 454.8265, sampling [1.0, -0.2028, 1.7796]. Recommendation = [0.0, 0.9342, 0.9032], Current Cost = 5348.00, Rho = 1.000
(iter 10) [0.0, 0.8497, 0.6015] = 454.8265, sampling [1.0, -1.2423, -0.4837]. Recommendation = [0.0, 0.9342, 0.9032], Current Cost = 5349.00, Rho = 1.000
(iter 10) [0.0, 0.8497, 0.6015] = 454.8265, sampling [1.0, -0.9756, -1.8753]. Recommendation = [0.0, 0.9342, 0.9032], Current Cost = 5350.00, Rho = 1.000
(iter 10) [0.0, 0.8497, 0.6015] = 454.8265, sampling [1.0, 1.6422, 0.4863]. Recommendation = [0.0, 0.9342, 0.9032], Current Cost = 5351.00, Rho = 1.000
(iter 10) [0.0, 0.8497, 0.6015] = 454.8265, sampling [1.0, -1.1522, -1.1945]. Recommendation = [0.0, 0.9342, 0.9032], Current Cost = 5352.00, Rho = 1.000
(iter 10) [0.0, 0.8497, 0.6015] = 454.8265, sampling [1.0, 1.3223, -0.3640]. Recommendation = [0.0, 0.9342, 0.9032], Current Cost = 5353.00, Rho = 1.000
(iter 10) [0.0, 0.8497, 0.6015] = 454.8265, sampling [1.0, 1.6714, 1.0402]. Recommendation = [0.0, 0.9342, 0.9032], Current Cost = 5354.00, Rho = 1.000
(iter 10) [0.0, 0.8497, 0.6015] = 454.8265, sampling [1.0, 1.4223, 0.1911]. Recommendation = [0.0, 0.9342, 0.9032], Current Cost = 5355.00, Rho = 1.000
(iter 10) [0.0, 0.8497, 0.6015] = 454.8265, sampling [1.0, -1.5755, 0.5568]. Recommendation = [0.0, 0.9342, 0.9032], Current Cost = 5356.00, Rho = 1.000
(iter 10) [0.0, 0.8497, 0.6015] = 454.8265, sampling [1.0, 1.1593, -0.9085]. Recommendation = [0.0, 0.9342, 0.9032], Current Cost = 5357.00, Rho = 1.000
(iter 10) [0.0, 0.8497, 0.6015] = 454.8265, sampling [1.0, 1.6142, 0.7107]. Recommendation = [0.0, 0.9342, 0.9032], Current Cost = 5358.00, Rho = 1.000
(iter 10) [0.0, 0.8497, 0.6015] = 454.8265, sampling [1.0, 1.0716, -1.3179]. Recommendation = [0.0, 0.9342, 0.9032], Current Cost = 5359.00, Rho = 1.000
(iter 10) [0.0, 0.8497, 0.6015] = 454.8265, sampling [1.0, 0.4408, -1.6680]. Recommendation = [0.0, 0.9342, 0.9032], Current Cost = 5360.00, Rho = 1.000
(iter 10) [0.0, 0.8497, 0.6015] = 454.8265, sampling [1.0, -1.4331, -0.2509]. Recommendation = [0.0, 0.9342, 0.9032], Current Cost = 5361.00, Rho = 1.000
(iter 10) [0.0, 0.8497, 0.6015] = 454.8265, sampling [1.0, -0.1776, 1.8505]. Recommendation = [0.0, 0.9342, 0.9032], Current Cost = 5362.00, Rho = 1.000
(iter 10) [0.0, 0.8497, 0.6015] = 454.8265, sampling [1.0, 0.6478, -1.1245]. Recommendation = [0.0, 0.9342, 0.9032], Current Cost = 5363.00, Rho = 1.000
(iter 10) [0.0, 0.8497, 0.6015] = 454.8265, sampling [1.0, 1.9361, 0.4639]. Recommendation = [0.0, 0.9342, 0.9032], Current Cost = 5364.00, Rho = 1.000
(iter 10) [0.0, 0.8497, 0.6015] = 454.8265, sampling [1.0, 0.8596, -1.6780]. Recommendation = [0.0, 0.9342, 0.9032], Current Cost = 5365.00, Rho = 1.000
(iter 10) [0.0, 0.8497, 0.6015] = 454.8265, sampling [1.0, -1.9988, -0.9523]. Recommendation = [0.0, 0.9342, 0.9032], Current Cost = 5366.00, Rho = 1.000
(iter 10) [0.0, 0.8497, 0.6015] = 454.8265, sampling [1.0, 1.3824, -0.5480]. Recommendation = [0.0, 0.9342, 0.9032], Current Cost = 5367.00, Rho = 1.000
(iter 10) [0.0, 0.8497, 0.6015] = 454.8265, sampling [1.0, 1.6048, 0.1194]. Recommendation = [0.0, 0.9342, 0.9032], Current Cost = 5368.00, Rho = 1.000
(iter 10) [0.0, 0.8497, 0.6015] = 454.8265, sampling [1.0, -0.5382, -1.7063]. Recommendation = [0.0, 0.9342, 0.9032], Current Cost = 5369.00, Rho = 1.000
(iter 10) [0.0, 0.8497, 0.6015] = 454.8265, sampling [1.0, 1.8030, 1.0248]. Recommendation = [0.0, 0.9342, 0.9032], Current Cost = 5370.00, Rho = 1.000
(iter 10) [0.0, 0.8497, 0.6015] = 454.8265, sampling [1.0, 1.9875, 1.5028]. Recommendation = [0.0, 0.9342, 0.9032], Current Cost = 5371.00, Rho = 1.000
(iter 10) [0.0, 0.8497, 0.6015] = 454.8265, sampling [1.0, -1.7178, 0.3498]. Recommendation = [0.0, 0.9342, 0.9032], Current Cost = 5372.00, Rho = 1.000
(iter 10) [0.0, 0.8497, 0.6015] = 454.8265, sampling [1.0, -0.0776, -1.5850]. Recommendation = [0.0, 0.9342, 0.9032], Current Cost = 5373.00, Rho = 1.000
(iter 10) [0.0, 0.8497, 0.6015] = 454.8265, sampling [1.0, 1.2570, -0.8028]. Recommendation = [0.0, 0.9342, 0.9032], Current Cost = 5374.00, Rho = 1.000
(iter 10) [0.0, 0.8497, 0.6015] = 454.8265, sampling [1.0, 1.8095, 0.7270]. Recommendation = [0.0, 0.9342, 0.9032], Current Cost = 5375.00, Rho = 1.000
(iter 10) [0.0, 0.8497, 0.6015] = 454.8265, sampling [1.0, -1.5517, -0.0372]. Recommendation = [0.0, 0.9342, 0.9032], Current Cost = 5376.00, Rho = 1.000
(iter 10) [0.0, 0.8497, 0.6015] = 454.8265, sampling [1.0, 1.3129, -1.1313]. Recommendation = [0.0, 0.9342, 0.9032], Current Cost = 5377.00, Rho = 1.000
(iter 10) [0.0, 0.8497, 0.6015] = 454.8265, sampling [1.0, 0.9651, -1.9952]. Recommendation = [0.0, 0.9342, 0.9032], Current Cost = 5378.00, Rho = 1.000
(iter 10) [0.0, 0.8497, 0.6015] = 454.8265, sampling [1.0, 1.3450, -0.2788]. Recommendation = [0.0, 0.9342, 0.9032], Current Cost = 5379.00, Rho = 1.000
(iter 10) [0.0, 0.8497, 0.6015] = 454.8265, sampling [1.0, -0.6603, -1.8500]. Recommendation = [0.0, 0.9342, 0.9032], Current Cost = 5380.00, Rho = 1.000
(iter 10) [0.0, 0.8497, 0.6015] = 454.8265, sampling [1.0, -0.0308, 1.7928]. Recommendation = [0.0, 0.9342, 0.9032], Current Cost = 5381.00, Rho = 1.000
(iter 10) [0.0, 0.8497, 0.6015] = 454.8265, sampling [1.0, -1.8705, 0.5207]. Recommendation = [0.0, 0.9342, 0.9032], Current Cost = 5382.00, Rho = 1.000
(iter 10) [0.0, 0.8497, 0.6015] = 454.8265, sampling [1.0, 0.7289, -1.8095]. Recommendation = [0.0, 0.9342, 0.9032], Current Cost = 5383.00, Rho = 1.000
(iter 10) [0.0, 0.8497, 0.6015] = 454.8265, sampling [1.0, -1.9390, -1.9797]. Recommendation = [0.0, 0.9342, 0.9032], Current Cost = 5384.00, Rho = 1.000
(iter 10) [0.0, 0.8497, 0.6015] = 454.8265, sampling [1.0, -1.5439, -0.4689]. Recommendation = [0.0, 0.9342, 0.9032], Current Cost = 5385.00, Rho = 1.000
(iter 10) [0.0, 0.8497, 0.6015] = 454.8265, sampling [1.0, -1.3803, -0.8918]. Recommendation = [0.0, 0.9342, 0.9032], Current Cost = 5386.00, Rho = 1.000
(iter 10) [0.0, 0.8497, 0.6015] = 454.8265, sampling [1.0, 1.1343, -1.1698]. Recommendation = [0.0, 0.9342, 0.9032], Current Cost = 5387.00, Rho = 1.000
(iter 10) [0.0, 0.8497, 0.6015] = 454.8265, sampling [1.0, 1.5015, -0.9204]. Recommendation = [0.0, 0.9342, 0.9032], Current Cost = 5388.00, Rho = 1.000
(iter 10) [0.0, 0.8497, 0.6015] = 454.8265, sampling [1.0, -1.6486, 0.5291]. Recommendation = [0.0, 0.9342, 0.9032], Current Cost = 5389.00, Rho = 1.000
(iter 10) [0.0, 0.8497, 0.6015] = 454.8265, sampling [1.0, 0.1254, 1.9088]. Recommendation = [0.0, 0.9342, 0.9032], Current Cost = 5390.00, Rho = 1.000
(iter 10) [0.0, 0.8497, 0.6015] = 454.8265, sampling [1.0, 1.7644, 0.2367]. Recommendation = [0.0, 0.9342, 0.9032], Current Cost = 5391.00, Rho = 1.000
(iter 10) [0.0, 0.8497, 0.6015] = 454.8265, sampling [1.0, 1.1821, -1.3873]. Recommendation = [0.0, 0.9342, 0.9032], Current Cost = 5392.00, Rho = 1.000
(iter 10) [0.0, 0.8497, 0.6015] = 454.8265, sampling [1.0, 0.9837, -1.7846]. Recommendation = [0.0, 0.9342, 0.9032], Current Cost = 5393.00, Rho = 1.000
(iter 10) [0.0, 0.8497, 0.6015] = 454.8265, sampling [1.0, 1.4419, -0.1425]. Recommendation = [0.0, 0.9342, 0.9032], Current Cost = 5394.00, Rho = 1.000
(iter 10) [0.0, 0.8497, 0.6015] = 454.8265, sampling [1.0, 1.9069, -1.4779]. Recommendation = [0.0, 0.9342, 0.9032], Current Cost = 5395.00, Rho = 1.000
(iter 10) [0.0, 0.8497, 0.6015] = 454.8265, sampling [1.0, -1.9150, 1.2132]. Recommendation = [0.0, 0.9342, 0.9032], Current Cost = 5396.00, Rho = 1.000
(iter 10) [0.0, 0.8497, 0.6015] = 454.8265, sampling [1.0, 1.8670, 1.0528]. Recommendation = [0.0, 0.9342, 0.9032], Current Cost = 5397.00, Rho = 1.000
(iter 10) [0.0, 0.8497, 0.6015] = 454.8265, sampling [1.0, -1.3164, -1.0857]. Recommendation = [0.0, 0.9342, 0.9032], Current Cost = 5398.00, Rho = 1.000
(iter 10) [0.0, 0.8497, 0.6015] = 454.8265, sampling [1.0, 0.8696, -1.8703]. Recommendation = [0.0, 0.9342, 0.9032], Current Cost = 5399.00, Rho = 1.000
(iter 10) [0.0, 0.8497, 0.6015] = 454.8265, sampling [1.0, 1.8400, 0.8876]. Recommendation = [0.0, 0.9342, 0.9032], Current Cost = 5400.00, Rho = 1.000
(iter 10) [0.0, 0.8497, 0.6015] = 454.8265, sampling [1.0, -1.2148, -1.6543]. Recommendation = [0.0, 0.9342, 0.9032], Current Cost = 5401.00, Rho = 1.000
(iter 10) [0.0, 0.8497, 0.6015] = 454.8265, sampling [1.0, 1.7902, -0.0763]. Recommendation = [0.0, 0.9342, 0.9032], Current Cost = 5402.00, Rho = 1.000
(iter 10) [0.0, 0.8497, 0.6015] = 454.8265, sampling [1.0, 1.6865, 1.0132]. Recommendation = [0.0, 0.9342, 0.9032], Current Cost = 5403.00, Rho = 1.000
(iter 10) [0.0, 0.8497, 0.6015] = 454.8265, sampling [1.0, -1.6353, 0.0015]. Recommendation = [0.0, 0.9342, 0.9032], Current Cost = 5404.00, Rho = 1.000
(iter 10) [0.0, 0.8497, 0.6015] = 454.8265, sampling [1.0, 1.6323, 0.2585]. Recommendation = [0.0, 0.9342, 0.9032], Current Cost = 5405.00, Rho = 1.000
(iter 10) [0.0, 0.8497, 0.6015] = 454.8265, sampling [1.0, -0.6104, -1.8035]. Recommendation = [0.0, 0.9342, 0.9032], Current Cost = 5406.00, Rho = 1.000
(iter 10) [0.0, 0.8497, 0.6015] = 454.8265, sampling [1.0, 0.1181, 1.9443]. Recommendation = [0.0, 0.9342, 0.9032], Current Cost = 5407.00, Rho = 1.000
(iter 10) [0.0, 0.8497, 0.6015] = 454.8265, sampling [1.0, -1.6018, -0.3463]. Recommendation = [0.0, 0.9342, 0.9032], Current Cost = 5408.00, Rho = 1.000
(iter 10) [0.0, 0.8497, 0.6015] = 454.8265, sampling [1.0, 1.5777, -0.6460]. Recommendation = [0.0, 0.9342, 0.9032], Current Cost = 5409.00, Rho = 1.000
(iter 10) [0.0, 0.8497, 0.6015] = 454.8265, sampling [1.0, 1.1155, -1.7385]. Recommendation = [0.0, 0.9342, 0.9032], Current Cost = 5410.00, Rho = 1.000
(iter 10) [0.0, 0.8497, 0.6015] = 454.8265, sampling [1.0, 1.2414, -0.7581]. Recommendation = [0.0, 0.9342, 0.9032], Current Cost = 5411.00, Rho = 1.000
(iter 10) [0.0, 0.8497, 0.6015] = 454.8265, sampling [1.0, -1.3435, -1.4164]. Recommendation = [0.0, 0.9342, 0.9032], Current Cost = 5412.00, Rho = 1.000
(iter 10) [0.0, 0.8497, 0.6015] = 454.8265, sampling [1.0, 1.2104, -1.2558]. Recommendation = [0.0, 0.9342, 0.9032], Current Cost = 5413.00, Rho = 1.000
(iter 10) [0.0, 0.8497, 0.6015] = 454.8265, sampling [1.0, 1.6176, 0.4735]. Recommendation = [0.0, 0.9342, 0.9032], Current Cost = 5414.00, Rho = 1.000
(iter 10) [0.0, 0.8497, 0.6015] = 454.8265, sampling [1.0, 1.2743, -1.5342]. Recommendation = [0.0, 0.9342, 0.9032], Current Cost = 5415.00, Rho = 1.000
(iter 10) [0.0, 0.8497, 0.6015] = 454.8265, sampling [1.0, 1.1893, -0.7171]. Recommendation = [0.0, 0.9342, 0.9032], Current Cost = 5416.00, Rho = 1.000
(iter 10) [0.0, 0.8497, 0.6015] = 454.8265, sampling [1.0, -1.8612, 0.2683]. Recommendation = [0.0, 0.9342, 0.9032], Current Cost = 5417.00, Rho = 1.000
(iter 10) [0.0, 0.8497, 0.6015] = 454.8265, sampling [1.0, 1.1501, -1.0328]. Recommendation = [0.0, 0.9342, 0.9032], Current Cost = 5418.00, Rho = 1.000
(iter 10) [0.0, 0.8497, 0.6015] = 454.8265, sampling [1.0, -1.7493, -0.0998]. Recommendation = [0.0, 0.9342, 0.9032], Current Cost = 5419.00, Rho = 1.000
(iter 10) [0.0, 0.8497, 0.6015] = 454.8265, sampling [1.0, -1.6654, -0.5892]. Recommendation = [0.0, 0.9342, 0.9032], Current Cost = 5420.00, Rho = 1.000
(iter 10) [0.0, 0.8497, 0.6015] = 454.8265, sampling [1.0, -1.0584, -1.9072]. Recommendation = [0.0, 0.9342, 0.9032], Current Cost = 5421.00, Rho = 1.000
(iter 10) [0.0, 0.8497, 0.6015] = 454.8265, sampling [1.0, 1.2067, -1.9211]. Recommendation = [0.0, 0.9342, 0.9032], Current Cost = 5422.00, Rho = 1.000
(iter 10) [0.0, 0.8497, 0.6015] = 454.8265, sampling [1.0, 1.8422, 0.3523]. Recommendation = [0.0, 0.9342, 0.9032], Current Cost = 5423.00, Rho = 1.000
(iter 10) [0.0, 0.8497, 0.6015] = 454.8265, sampling [1.0, 1.7407, -0.2230]. Recommendation = [0.0, 0.9342, 0.9032], Current Cost = 5424.00, Rho = 1.000
(iter 10) [0.0, 0.8497, 0.6015] = 454.8265, sampling [1.0, -1.9609, 0.4715]. Recommendation = [0.0, 0.9342, 0.9032], Current Cost = 5425.00, Rho = 1.000
(iter 10) [0.0, 0.8497, 0.6015] = 454.8265, sampling [1.0, 1.4363, -1.2970]. Recommendation = [0.0, 0.9342, 0.9032], Current Cost = 5426.00, Rho = 1.000
(iter 10) [0.0, 0.8497, 0.6015] = 454.8265, sampling [1.0, -1.8453, -0.3810]. Recommendation = [0.0, 0.9342, 0.9032], Current Cost = 5427.00, Rho = 1.000
(iter 10) [0.0, 0.8497, 0.6015] = 454.8265, sampling [1.0, 1.8210, 0.0517]. Recommendation = [0.0, 0.9342, 0.9032], Current Cost = 5428.00, Rho = 1.000
(iter 10) [0.0, 0.8497, 0.6015] = 454.8265, sampling [1.0, -1.5275, -1.2290]. Recommendation = [0.0, 0.9342, 0.9032], Current Cost = 5429.00, Rho = 1.000
(iter 10) [0.0, 0.8497, 0.6015] = 454.8265, sampling [1.0, 0.9202, -1.9321]. Recommendation = [0.0, 0.9342, 0.9032], Current Cost = 5430.00, Rho = 1.000
(iter 10) [0.0, 0.8497, 0.6015] = 454.8265, sampling [1.0, -1.6462, -0.0634]. Recommendation = [0.0, 0.9342, 0.9032], Current Cost = 5431.00, Rho = 1.000
(iter 10) [0.0, 0.8497, 0.6015] = 454.8265, sampling [1.0, 1.6534, -0.7962]. Recommendation = [0.0, 0.9342, 0.9032], Current Cost = 5432.00, Rho = 1.000
(iter 10) [0.0, 0.8497, 0.6015] = 454.8265, sampling [1.0, 1.2499, -1.3374]. Recommendation = [0.0, 0.9342, 0.9032], Current Cost = 5433.00, Rho = 1.000
(iter 10) [0.0, 0.8497, 0.6015] = 454.8265, sampling [1.0, -1.4232, -0.2346]. Recommendation = [0.0, 0.9342, 0.9032], Current Cost = 5434.00, Rho = 1.000
(iter 10) [0.0, 0.8497, 0.6015] = 454.8265, sampling [1.0, -1.6301, -0.9965]. Recommendation = [0.0, 0.9342, 0.9032], Current Cost = 5435.00, Rho = 1.000
(iter 10) [0.0, 0.8497, 0.6015] = 454.8265, sampling [1.0, -1.4300, -1.9457]. Recommendation = [0.0, 0.9342, 0.9032], Current Cost = 5436.00, Rho = 1.000
(iter 10) [0.0, 0.8497, 0.6015] = 454.8265, sampling [1.0, 1.8583, 0.2318]. Recommendation = [0.0, 0.9342, 0.9032], Current Cost = 5437.00, Rho = 1.000
(iter 10) [0.0, 0.8497, 0.6015] = 454.8265, sampling [1.0, 1.6973, -0.5809]. Recommendation = [0.0, 0.9342, 0.9032], Current Cost = 5438.00, Rho = 1.000
(iter 10) [0.0, 0.8497, 0.6015] = 454.8265, sampling [1.0, 1.9440, -0.9385]. Recommendation = [0.0, 0.9342, 0.9032], Current Cost = 5439.00, Rho = 1.000
(iter 10) [0.0, 0.8497, 0.6015] = 454.8265, sampling [1.0, -1.3042, -1.5802]. Recommendation = [0.0, 0.9342, 0.9032], Current Cost = 5440.00, Rho = 1.000
(iter 10) [0.0, 0.8497, 0.6015] = 454.8265, sampling [1.0, 1.3912, -1.6860]. Recommendation = [0.0, 0.9342, 0.9032], Current Cost = 5441.00, Rho = 1.000
(iter 10) [0.0, 0.8497, 0.6015] = 454.8265, sampling [1.0, 1.7725, 0.2961]. Recommendation = [0.0, 0.9342, 0.9032], Current Cost = 5442.00, Rho = 1.000
(iter 10) [0.0, 0.8497, 0.6015] = 454.8265, sampling [1.0, 0.7142, -1.7988]. Recommendation = [0.0, 0.9342, 0.9032], Current Cost = 5443.00, Rho = 1.000
(iter 10) [0.0, 0.8497, 0.6015] = 454.8265, sampling [1.0, 1.9831, -0.2098]. Recommendation = [0.0, 0.9342, 0.9032], Current Cost = 5444.00, Rho = 1.000
(iter 10) [0.0, 0.8497, 0.6015] = 454.8265, sampling [1.0, 1.3706, -1.4975]. Recommendation = [0.0, 0.9342, 0.9032], Current Cost = 5445.00, Rho = 1.000
(iter 10) [0.0, 0.8497, 0.6015] = 454.8265, sampling [1.0, 1.9672, 0.3919]. Recommendation = [0.0, 0.9342, 0.9032], Current Cost = 5446.00, Rho = 1.000
(iter 10) [0.0, 0.8497, 0.6015] = 454.8265, sampling [1.0, 1.0879, -1.7784]. Recommendation = [0.0, 0.9342, 0.9032], Current Cost = 5447.00, Rho = 1.000
(iter 10) [0.0, 0.8497, 0.6015] = 454.8265, sampling [1.0, -1.4599, -1.4150]. Recommendation = [0.0, 0.9342, 0.9032], Current Cost = 5448.00, Rho = 1.000
(iter 10) [0.0, 0.8497, 0.6015] = 454.8265, sampling [1.0, -1.7965, -0.6242]. Recommendation = [0.0, 0.9342, 0.9032], Current Cost = 5449.00, Rho = 1.000
(iter 10) [0.0, 0.8497, 0.6015] = 454.8265, sampling [1.0, -1.3997, -1.7533]. Recommendation = [0.0, 0.9342, 0.9032], Current Cost = 5450.00, Rho = 1.000
(iter 10) [0.0, 0.8497, 0.6015] = 454.8265, sampling [1.0, -1.8776, 0.0465]. Recommendation = [0.0, 0.9342, 0.9032], Current Cost = 5451.00, Rho = 1.000
(iter 10) [0.0, 0.8497, 0.6015] = 454.8265, sampling [1.0, 1.5611, -1.4459]. Recommendation = [0.0, 0.9342, 0.9032], Current Cost = 5452.00, Rho = 1.000
(iter 10) [0.0, 0.8497, 0.6015] = 454.8265, sampling [1.0, 1.2289, -1.8476]. Recommendation = [0.0, 0.9342, 0.9032], Current Cost = 5453.00, Rho = 1.000
(iter 10) [0.0, 0.8497, 0.6015] = 454.8265, sampling [1.0, -1.8921, -1.3975]. Recommendation = [0.0, 0.9342, 0.9032], Current Cost = 5454.00, Rho = 1.000
(iter 10) [0.0, 0.8497, 0.6015] = 454.8265, sampling [1.0, 1.7481, -1.1378]. Recommendation = [0.0, 0.9342, 0.9032], Current Cost = 5455.00, Rho = 1.000
(iter 10) [0.0, 0.8497, 0.6015] = 454.8265, sampling [1.0, -1.9228, -0.3057]. Recommendation = [0.0, 0.9342, 0.9032], Current Cost = 5456.00, Rho = 1.000
(iter 10) [0.0, 0.8497, 0.6015] = 454.8265, sampling [1.0, -1.3326, -1.4853]. Recommendation = [0.0, 0.9342, 0.9032], Current Cost = 5457.00, Rho = 1.000
(iter 10) [0.0, 0.8497, 0.6015] = 454.8265, sampling [1.0, -1.6819, -0.6573]. Recommendation = [0.0, 0.9342, 0.9032], Current Cost = 5458.00, Rho = 1.000
(iter 10) [0.0, 0.8497, 0.6015] = 454.8265, sampling [1.0, 1.8483, -0.2241]. Recommendation = [0.0, 0.9342, 0.9032], Current Cost = 5459.00, Rho = 1.000
(iter 10) [0.0, 0.8497, 0.6015] = 454.8265, sampling [1.0, -1.7525, -0.5320]. Recommendation = [0.0, 0.9342, 0.9032], Current Cost = 5460.00, Rho = 1.000
(iter 10) [0.0, 0.8497, 0.6015] = 454.8265, sampling [1.0, 1.4914, -1.5373]. Recommendation = [0.0, 0.9342, 0.9032], Current Cost = 5461.00, Rho = 1.000
(iter 10) [0.0, 0.8497, 0.6015] = 454.8265, sampling [1.0, 1.9317, -0.6336]. Recommendation = [0.0, 0.9342, 0.9032], Current Cost = 5462.00, Rho = 1.000
(iter 10) [0.0, 0.8497, 0.6015] = 454.8265, sampling [0.0, 1.0730, 1.0865]. Recommendation = [0.0, 0.9342, 0.9032], Current Cost = 5463.00, Rho = 1.000
(iter 468) [0.0, 1.0730, 1.0865] = 455.8755, sampling [0.0, 0.9342, 0.9032]. Recommendation = [0.0, 0.9342, 0.9032], Current Cost = 6463.00, Rho = 1.000
(iter 469) [0.0, 0.9342, 0.9032] = 456.2024, sampling [1.0, 1.6960, -0.7379]. Recommendation = [0.0, 0.9342, 0.9032], Current Cost = 7463.00, Rho = 1.000
(iter 469) [0.0, 0.9342, 0.9032] = 456.2024, sampling [1.0, 1.1683, -1.3756]. Recommendation = [0.0, 0.9342, 0.9032], Current Cost = 7464.00, Rho = 1.000
(iter 469) [0.0, 0.9342, 0.9032] = 456.2024, sampling [1.0, -1.9457, 0.4332]. Recommendation = [0.0, 0.9342, 0.9032], Current Cost = 7465.00, Rho = 1.000
(iter 469) [0.0, 0.9342, 0.9032] = 456.2024, sampling [1.0, 1.5585, -1.8395]. Recommendation = [0.0, 0.9342, 0.9032], Current Cost = 7466.00, Rho = 1.000
(iter 469) [0.0, 0.9342, 0.9032] = 456.2024, sampling [1.0, -1.0536, -1.8823]. Recommendation = [0.0, 0.9342, 0.9032], Current Cost = 7467.00, Rho = 1.000
(iter 469) [0.0, 0.9342, 0.9032] = 456.2024, sampling [1.0, -1.5823, -1.9649]. Recommendation = [0.0, 0.9342, 0.9032], Current Cost = 7468.00, Rho = 1.000
(iter 469) [0.0, 0.9342, 0.9032] = 456.2024, sampling [1.0, 1.7146, -1.3487]. Recommendation = [0.0, 0.9342, 0.9032], Current Cost = 7469.00, Rho = 1.000
(iter 469) [0.0, 0.9342, 0.9032] = 456.2024, sampling [1.0, -1.8325, -1.1903]. Recommendation = [0.0, 0.9342, 0.9032], Current Cost = 7470.00, Rho = 1.000
(iter 469) [0.0, 0.9342, 0.9032] = 456.2024, sampling [1.0, -1.3851, -1.4636]. Recommendation = [0.0, 0.9342, 0.9032], Current Cost = 7471.00, Rho = 1.000
(iter 469) [0.0, 0.9342, 0.9032] = 456.2024, sampling [1.0, 1.7825, -1.0064]. Recommendation = [0.0, 0.9342, 0.9032], Current Cost = 7472.00, Rho = 1.000
(iter 469) [0.0, 0.9342, 0.9032] = 456.2024, sampling [1.0, 1.5306, -0.9171]. Recommendation = [0.0, 0.9342, 0.9032], Current Cost = 7473.00, Rho = 1.000
(iter 469) [0.0, 0.9342, 0.9032] = 456.2024, sampling [1.0, -1.8225, -0.5094]. Recommendation = [0.0, 0.9342, 0.9032], Current Cost = 7474.00, Rho = 1.000
(iter 469) [0.0, 0.9342, 0.9032] = 456.2024, sampling [1.0, 1.6579, -1.5225]. Recommendation = [0.0, 0.9342, 0.9032], Current Cost = 7475.00, Rho = 1.000
(iter 469) [0.0, 0.9342, 0.9032] = 456.2024, sampling [1.0, -1.7682, -1.7188]. Recommendation = [0.0, 0.9342, 0.9032], Current Cost = 7476.00, Rho = 1.000
(iter 469) [0.0, 0.9342, 0.9032] = 456.2024, sampling [1.0, -1.4503, -1.6596]. Recommendation = [0.0, 0.9342, 0.9032], Current Cost = 7477.00, Rho = 1.000
(iter 469) [0.0, 0.9342, 0.9032] = 456.2024, sampling [1.0, 1.9187, -1.2687]. Recommendation = [0.0, 0.9342, 0.9032], Current Cost = 7478.00, Rho = 1.000
(iter 469) [0.0, 0.9342, 0.9032] = 456.2024, sampling [1.0, -1.9538, -0.3589]. Recommendation = [0.0, 0.9342, 0.9032], Current Cost = 7479.00, Rho = 1.000
(iter 469) [0.0, 0.9342, 0.9032] = 456.2024, sampling [1.0, -1.3499, -1.5064]. Recommendation = [0.0, 0.9342, 0.9032], Current Cost = 7480.00, Rho = 1.000
(iter 469) [0.0, 0.9342, 0.9032] = 456.2024, sampling [1.0, 1.4836, -1.4952]. Recommendation = [0.0, 0.9342, 0.9032], Current Cost = 7481.00, Rho = 1.000
(iter 469) [0.0, 0.9342, 0.9032] = 456.2024, sampling [1.0, 1.8772, -0.8737]. Recommendation = [0.0, 0.9342, 0.9032], Current Cost = 7482.00, Rho = 1.000
(iter 469) [0.0, 0.9342, 0.9032] = 456.2024, sampling [1.0, 1.9577, -0.7078]. Recommendation = [0.0, 0.9342, 0.9032], Current Cost = 7483.00, Rho = 1.000
(iter 469) [0.0, 0.9342, 0.9032] = 456.2024, sampling [1.0, -1.9093, -1.6900]. Recommendation = [0.0, 0.9342, 0.9032], Current Cost = 7484.00, Rho = 1.000
(iter 469) [0.0, 0.9342, 0.9032] = 456.2024, sampling [1.0, -1.7210, -1.9177]. Recommendation = [0.0, 0.9342, 0.9032], Current Cost = 7485.00, Rho = 1.000
(iter 469) [0.0, 0.9342, 0.9032] = 456.2024, sampling [0.0, 0.1821, 0.0655]. Recommendation = [0.0, 0.9342, 0.9032], Current Cost = 7486.00, Rho = 1.000
(iter 469) [0.0, 0.9342, 0.9032] = 456.2024, sampling [1.0, 1.8286, -1.2903]. Recommendation = [0.0, 0.9342, 0.9032], Current Cost = 8486.00, Rho = 1.000
(iter 469) [0.0, 0.9342, 0.9032] = 456.2024, sampling [1.0, 1.7970, -1.1529]. Recommendation = [0.0, 0.9342, 0.9032], Current Cost = 8487.00, Rho = 1.000
(iter 469) [0.0, 0.9342, 0.9032] = 456.2024, sampling [1.0, -1.8108, -1.6292]. Recommendation = [0.0, 0.9342, 0.9032], Current Cost = 8488.00, Rho = 1.000
(iter 469) [0.0, 0.9342, 0.9032] = 456.2024, sampling [1.0, -1.9681, -0.9018]. Recommendation = [0.0, 0.9342, 0.9032], Current Cost = 8489.00, Rho = 1.000
(iter 469) [0.0, 0.9342, 0.9032] = 456.2024, sampling [1.0, -1.9876, -1.0166]. Recommendation = [0.0, 0.9342, 0.9032], Current Cost = 8490.00, Rho = 1.000
(iter 469) [0.0, 0.9342, 0.9032] = 456.2024, sampling [1.0, -1.4763, -1.6372]. Recommendation = [0.0, 0.9342, 0.9032], Current Cost = 8491.00, Rho = 1.000
(iter 469) [0.0, 0.9342, 0.9032] = 456.2024, sampling [1.0, -1.7357, -1.8590]. Recommendation = [0.0, 0.9342, 0.9032], Current Cost = 8492.00, Rho = 1.000
(iter 469) [0.0, 0.9342, 0.9032] = 456.2024, sampling [1.0, -1.9337, -1.4275]. Recommendation = [0.0, 0.9342, 0.9032], Current Cost = 8493.00, Rho = 1.000
(iter 469) [0.0, 0.9342, 0.9032] = 456.2024, sampling [0.0, -0.0482, 0.0088]. Recommendation = [0.0, 0.9342, 0.9032], Current Cost = 8494.00, Rho = 1.000
(iter 469) [0.0, 0.9342, 0.9032] = 456.2024, sampling [1.0, 1.7548, -1.1146]. Recommendation = [0.0, 0.9342, 0.9032], Current Cost = 9494.00, Rho = 1.000
(iter 469) [0.0, 0.9342, 0.9032] = 456.2024, sampling [1.0, 1.7213, -1.3669]. Recommendation = [0.0, 0.9342, 0.9032], Current Cost = 9495.00, Rho = 1.000
(iter 469) [0.0, 0.9342, 0.9032] = 456.2024, sampling [1.0, -1.7661, -1.8885]. Recommendation = [0.0, 0.9342, 0.9032], Current Cost = 9496.00, Rho = 1.000
(iter 469) [0.0, 0.9342, 0.9032] = 456.2024, sampling [1.0, -1.7774, -1.7488]. Recommendation = [0.0, 0.9342, 0.9032], Current Cost = 9497.00, Rho = 1.000
(iter 469) [0.0, 0.9342, 0.9032] = 456.2024, sampling [1.0, 1.8936, -1.2864]. Recommendation = [0.0, 0.9342, 0.9032], Current Cost = 9498.00, Rho = 1.000
(iter 469) [0.0, 0.9342, 0.9032] = 456.2024, sampling [0.0, 0.1375, -0.0106]. Recommendation = [0.0, 0.9342, 0.9032], Current Cost = 9499.00, Rho = 1.000
(iter 469) [0.0, 0.9342, 0.9032] = 456.2024, sampling [0.0, -0.4279, 0.2034]. Recommendation = [0.0, 0.9342, 0.9032], Current Cost = 10499.00, Rho = 1.000
(iter 469) [0.0, 0.9342, 0.9032] = 456.2024, sampling [0.0, 0.3189, 0.2080]. Recommendation = [0.0, 0.9342, 0.9032], Current Cost = 11499.00, Rho = 1.000
(iter 469) [0.0, 0.9342, 0.9032] = 456.2024, sampling [1.0, 1.8961, -1.4714]. Recommendation = [0.0, 0.9342, 0.9032], Current Cost = 12499.00, Rho = 1.000
(iter 469) [0.0, 0.9342, 0.9032] = 456.2024, sampling [0.0, 1.2499, -1.3374]. Recommendation = [0.0, 0.9342, 0.9032], Current Cost = 12500.00, Rho = 1.000
(iter 469) [0.0, 0.9342, 0.9032] = 456.2024, sampling [0.0, 1.0088, 0.7710]. Recommendation = [0.0, 0.9342, 0.9032], Current Cost = 13500.00, Rho = 1.000
(iter 469) [0.0, 0.9342, 0.9032] = 456.2024, sampling [0.0, -1.5755, 0.5568]. Recommendation = [0.0, 0.9342, 0.9032], Current Cost = 14500.00, Rho = 1.000
(iter 469) [0.0, 0.9342, 0.9032] = 456.2024, sampling [0.0, -1.2822, -0.3286]. Recommendation = [0.0, 0.9342, 0.9032], Current Cost = 15500.00, Rho = 1.000
(iter 469) [0.0, 0.9342, 0.9032] = 456.2024, sampling [0.0, -0.3144, -1.5717]. Recommendation = [0.0, 0.9342, 0.9032], Current Cost = 16500.00, Rho = 1.000
(iter 469) [0.0, 0.9342, 0.9032] = 456.2024, sampling [0.0, -0.8178, 0.5623]. Recommendation = [0.0, 0.9342, 0.9032], Current Cost = 17500.00, Rho = 1.000
(iter 469) [0.0, 0.9342, 0.9032] = 456.2024, sampling [0.0, 0.7289, -1.8095]. Recommendation = [0.0, 0.9342, 0.9032], Current Cost = 18500.00, Rho = 1.000
(iter 469) [0.0, 0.9342, 0.9032] = 456.2024, sampling [0.0, 1.6729, 0.9933]. Recommendation = [0.0, 0.9342, 0.9032], Current Cost = 19500.00, Rho = 1.000
(iter 469) [0.0, 0.9342, 0.9032] = 456.2024, sampling [0.0, 1.2191, 0.9905]. Recommendation = [0.0, 0.9342, 0.9032], Current Cost = 20500.00, Rho = 1.000
(iter 469) [0.0, 0.9342, 0.9032] = 456.2024, sampling [0.0, 0.7254, 0.1488]. Recommendation = [0.0, 0.9342, 0.9032], Current Cost = 21500.00, Rho = 1.000
(iter 469) [0.0, 0.9342, 0.9032] = 456.2024, sampling [0.0, 1.9948, -0.4560]. Recommendation = [0.0, 0.9342, 0.9032], Current Cost = 22500.00, Rho = 1.000
(iter 469) [0.0, 0.9342, 0.9032] = 456.2024, sampling [0.0, 1.0218, -0.0442]. Recommendation = [0.0, 0.9342, 0.9032], Current Cost = 23500.00, Rho = 1.000
(iter 469) [0.0, 0.9342, 0.9032] = 456.2024, sampling [0.0, -0.7377, 0.0727]. Recommendation = [0.0, 0.9342, 0.9032], Current Cost = 24500.00, Rho = 1.000
(iter 469) [0.0, 0.9342, 0.9032] = 456.2024, sampling [0.0, 0.9202, -1.9321]. Recommendation = [0.0, 0.9342, 0.9032], Current Cost = 25500.00, Rho = 1.000
(iter 469) [0.0, 0.9342, 0.9032] = 456.2024, sampling [0.0, -0.7224, 0.7808]. Recommendation = [0.0, 0.9342, 0.9032], Current Cost = 26500.00, Rho = 1.000
(iter 469) [0.0, 0.9342, 0.9032] = 456.2024, sampling [0.0, 1.1343, -1.1698]. Recommendation = [0.0, 0.9342, 0.9032], Current Cost = 27500.00, Rho = 1.000
(iter 469) [0.0, 0.9342, 0.9032] = 456.2024, sampling [0.0, -1.8776, 0.0465]. Recommendation = [0.0, 0.9342, 0.9032], Current Cost = 28500.00, Rho = 1.000
(iter 469) [0.0, 0.9342, 0.9032] = 456.2024, sampling [0.0, -0.2278, 0.3603]. Recommendation = [0.0, 0.9342, 0.9032], Current Cost = 29500.00, Rho = 1.000
(iter 469) [0.0, 0.9342, 0.9032] = 456.2024, sampling [0.0, -1.2233, -0.2624]. Recommendation = [0.0, 0.9342, 0.9032], Current Cost = 30500.00, Rho = 1.000
(iter 469) [0.0, 0.9342, 0.9032] = 456.2024, sampling [0.0, 0.2391, -0.3937]. Recommendation = [0.0, 0.9342, 0.9032], Current Cost = 31500.00, Rho = 1.000
(iter 469) [0.0, 0.9342, 0.9032] = 456.2024, sampling [0.0, 1.3706, -1.4975]. Recommendation = [0.0, 0.9342, 0.9032], Current Cost = 32500.00, Rho = 1.000
(iter 469) [0.0, 0.9342, 0.9032] = 456.2024, sampling [0.0, 0.1254, 1.9088]. Recommendation = [0.0, 0.9342, 0.9032], Current Cost = 33500.00, Rho = 1.000
(iter 469) [0.0, 0.9342, 0.9032] = 456.2024, sampling [0.0, -1.0889, 1.9538]. Recommendation = [0.0, 0.9342, 0.9032], Current Cost = 34500.00, Rho = 1.000
(iter 469) [0.0, 0.9342, 0.9032] = 456.2024, sampling [0.0, 1.9577, -0.7078]. Recommendation = [0.0, 0.9342, 0.9032], Current Cost = 35500.00, Rho = 1.000
(iter 469) [0.0, 0.9342, 0.9032] = 456.2024, sampling [0.0, 0.2008, -1.8240]. Recommendation = [0.0, 0.9342, 0.9032], Current Cost = 36500.00, Rho = 1.000
(iter 469) [0.0, 0.9342, 0.9032] = 456.2024, sampling [0.0, 1.7902, -0.0763]. Recommendation = [0.0, 0.9342, 0.9032], Current Cost = 37500.00, Rho = 1.000
(iter 469) [0.0, 0.9342, 0.9032] = 456.2024, sampling [0.0, 0.3034, 1.3902]. Recommendation = [0.0, 0.9342, 0.9032], Current Cost = 38500.00, Rho = 1.000
(iter 469) [0.0, 0.9342, 0.9032] = 456.2024, sampling [0.0, -0.4827, -1.7664]. Recommendation = [0.0, 0.9342, 0.9032], Current Cost = 39500.00, Rho = 1.000
(iter 469) [0.0, 0.9342, 0.9032] = 456.2024, sampling [0.0, 1.8030, 1.0248]. Recommendation = [0.0, 0.9342, 0.9032], Current Cost = 40500.00, Rho = 1.000
(iter 469) [0.0, 0.9342, 0.9032] = 456.2024, sampling [0.0, -0.8356, -0.7771]. Recommendation = [0.0, 0.9342, 0.9032], Current Cost = 41500.00, Rho = 1.000
(iter 469) [0.0, 0.9342, 0.9032] = 456.2024, sampling [0.0, -0.0776, -1.5850]. Recommendation = [0.0, 0.9342, 0.9032], Current Cost = 42500.00, Rho = 1.000
(iter 469) [0.0, 0.9342, 0.9032] = 456.2024, sampling [0.0, -0.4217, -1.4534]. Recommendation = [0.0, 0.9342, 0.9032], Current Cost = 43500.00, Rho = 1.000
(iter 469) [0.0, 0.9342, 0.9032] = 456.2024, sampling [0.0, -1.0276, 1.9914]. Recommendation = [0.0, 0.9342, 0.9032], Current Cost = 44500.00, Rho = 1.000
(iter 469) [0.0, 0.9342, 0.9032] = 456.2024, sampling [0.0, -1.0762, 0.8001]. Recommendation = [0.0, 0.9342, 0.9032], Current Cost = 45500.00, Rho = 1.000
(iter 469) [0.0, 0.9342, 0.9032] = 456.2024, sampling [0.0, 0.2760, -0.5380]. Recommendation = [0.0, 0.9342, 0.9032], Current Cost = 46500.00, Rho = 1.000
(iter 469) [0.0, 0.9342, 0.9032] = 456.2024, sampling [0.0, -0.1776, 1.8505]. Recommendation = [0.0, 0.9342, 0.9032], Current Cost = 47500.00, Rho = 1.000
(iter 469) [0.0, 0.9342, 0.9032] = 456.2024, sampling [0.0, -1.8612, 0.2683]. Recommendation = [0.0, 0.9342, 0.9032], Current Cost = 48500.00, Rho = 1.000
(iter 469) [0.0, 0.9342, 0.9032] = 456.2024, sampling [0.0, -1.1522, -1.1945]. Recommendation = [0.0, 0.9342, 0.9032], Current Cost = 49500.00, Rho = 1.000
(iter 469) [0.0, 0.9342, 0.9032] = 456.2024, sampling [0.0, 1.3007, 0.7137]. Recommendation = [0.0, 0.9342, 0.9032], Current Cost = 50500.00, Rho = 1.000
(iter 469) [0.0, 0.9342, 0.9032] = 456.2024, sampling [0.0, 1.5585, -1.8395]. Recommendation = [0.0, 0.9342, 0.9032], Current Cost = 51500.00, Rho = 1.000
(iter 469) [0.0, 0.9342, 0.9032] = 456.2024, sampling [0.0, 1.8583, 0.2318]. Recommendation = [0.0, 0.9342, 0.9032], Current Cost = 52500.00, Rho = 1.000
(iter 469) [0.0, 0.9342, 0.9032] = 456.2024, sampling [0.0, -1.7027, 1.3409]. Recommendation = [0.0, 0.9342, 0.9032], Current Cost = 53500.00, Rho = 1.000
(iter 469) [0.0, 0.9342, 0.9032] = 456.2024, sampling [0.0, 0.6829, -0.8518]. Recommendation = [0.0, 0.9342, 0.9032], Current Cost = 54500.00, Rho = 1.000
(iter 469) [0.0, 0.9342, 0.9032] = 456.2024, sampling [0.0, 0.6543, 1.9784]. Recommendation = [0.0, 0.9342, 0.9032], Current Cost = 55500.00, Rho = 1.000
(iter 469) [0.0, 0.9342, 0.9032] = 456.2024, sampling [0.0, 0.8951, -0.3681]. Recommendation = [0.0, 0.9342, 0.9032], Current Cost = 56500.00, Rho = 1.000
(iter 469) [0.0, 0.9342, 0.9032] = 456.2024, sampling [0.0, -1.2288, -0.1671]. Recommendation = [0.0, 0.9342, 0.9032], Current Cost = 57500.00, Rho = 1.000
(iter 469) [0.0, 0.9342, 0.9032] = 456.2024, sampling [0.0, 0.0785, 0.5511]. Recommendation = [0.0, 0.9342, 0.9032], Current Cost = 58500.00, Rho = 1.000
(iter 469) [0.0, 0.9342, 0.9032] = 456.2024, sampling [0.0, 0.7986, -0.2927]. Recommendation = [0.0, 0.9342, 0.9032], Current Cost = 59500.00, Rho = 1.000
(iter 469) [0.0, 0.9342, 0.9032] = 456.2024, sampling [0.0, 0.5036, 0.4412]. Recommendation = [0.0, 0.9342, 0.9032], Current Cost = 60500.00, Rho = 1.000
(iter 469) [0.0, 0.9342, 0.9032] = 456.2024, sampling [0.0, 1.2067, -1.9211]. Recommendation = [0.0, 0.9342, 0.9032], Current Cost = 61500.00, Rho = 1.000
(iter 469) [0.0, 0.9342, 0.9032] = 456.2024, sampling [0.0, 1.8483, -0.2241]. Recommendation = [0.0, 0.9342, 0.9032], Current Cost = 62500.00, Rho = 1.000
(iter 469) [0.0, 0.9342, 0.9032] = 456.2024, sampling [0.0, 1.1601, 1.8805]. Recommendation = [0.0, 0.9342, 0.9032], Current Cost = 63500.00, Rho = 1.000
(iter 469) [0.0, 0.9342, 0.9032] = 456.2024, sampling [0.0, 0.5180, -0.3405]. Recommendation = [0.0, 0.9342, 0.9032], Current Cost = 64500.00, Rho = 1.000
(iter 469) [0.0, 0.9342, 0.9032] = 456.2024, sampling [0.0, 1.1219, -1.0560]. Recommendation = [0.0, 0.9342, 0.9032], Current Cost = 65500.00, Rho = 1.000
(iter 469) [0.0, 0.9342, 0.9032] = 456.2024, sampling [0.0, 1.8961, -1.4714]. Recommendation = [0.0, 0.9342, 0.9032], Current Cost = 66500.00, Rho = 1.000
(iter 469) [0.0, 0.9342, 0.9032] = 456.2024, sampling [0.0, 0.0268, -0.8844]. Recommendation = [0.0, 0.9342, 0.9032], Current Cost = 67500.00, Rho = 1.000
(iter 469) [0.0, 0.9342, 0.9032] = 456.2024, sampling [0.0, 0.8748, -1.2395]. Recommendation = [0.0, 0.9342, 0.9032], Current Cost = 68500.00, Rho = 1.000
(iter 469) [0.0, 0.9342, 0.9032] = 456.2024, sampling [0.0, -0.1656, -1.2471]. Recommendation = [0.0, 0.9342, 0.9032], Current Cost = 69500.00, Rho = 1.000
(iter 469) [0.0, 0.9342, 0.9032] = 456.2024, sampling [0.0, -0.1727, 1.1878]. Recommendation = [0.0, 0.9342, 0.9032], Current Cost = 70500.00, Rho = 1.000
(iter 469) [0.0, 0.9342, 0.9032] = 456.2024, sampling [0.0, -1.8303, 1.8625]. Recommendation = [0.0, 0.9342, 0.9032], Current Cost = 71500.00, Rho = 1.000
(iter 469) [0.0, 0.9342, 0.9032] = 456.2024, sampling [0.0, -1.3326, -1.4853]. Recommendation = [0.0, 0.9342, 0.9032], Current Cost = 72500.00, Rho = 1.000
(iter 469) [0.0, 0.9342, 0.9032] = 456.2024, sampling [0.0, 0.9924, -0.6163]. Recommendation = [0.0, 0.9342, 0.9032], Current Cost = 73500.00, Rho = 1.000
(iter 469) [0.0, 0.9342, 0.9032] = 456.2024, sampling [0.0, 0.7142, -1.7988]. Recommendation = [0.0, 0.9342, 0.9032], Current Cost = 74500.00, Rho = 1.000
(iter 469) [0.0, 0.9342, 0.9032] = 456.2024, sampling [0.0, 0.8596, -1.6780]. Recommendation = [0.0, 0.9342, 0.9032], Current Cost = 75500.00, Rho = 1.000
(iter 469) [0.0, 0.9342, 0.9032] = 456.2024, sampling [0.0, -0.6759, 1.8199]. Recommendation = [0.0, 0.9342, 0.9032], Current Cost = 76500.00, Rho = 1.000
(iter 469) [0.0, 0.9342, 0.9032] = 456.2024, sampling [0.0, 0.3101, -1.7018]. Recommendation = [0.0, 0.9342, 0.9032], Current Cost = 77500.00, Rho = 1.000
(iter 469) [0.0, 0.9342, 0.9032] = 456.2024, sampling [0.0, -1.9093, -1.6900]. Recommendation = [0.0, 0.9342, 0.9032], Current Cost = 78500.00, Rho = 1.000
(iter 469) [0.0, 0.9342, 0.9032] = 456.2024, sampling [0.0, 0.1993, 1.1110]. Recommendation = [0.0, 0.9342, 0.9032], Current Cost = 79500.00, Rho = 1.000
(iter 469) [0.0, 0.9342, 0.9032] = 456.2024, sampling [0.0, -1.8057, 1.6749]. Recommendation = [0.0, 0.9342, 0.9032], Current Cost = 80500.00, Rho = 1.000
(iter 469) [0.0, 0.9342, 0.9032] = 456.2024, sampling [0.0, 0.0712, -1.8298]. Recommendation = [0.0, 0.9342, 0.9032], Current Cost = 81500.00, Rho = 1.000
(iter 469) [0.0, 0.9342, 0.9032] = 456.2024, sampling [0.0, -1.9457, 0.4332]. Recommendation = [0.0, 0.9342, 0.9032], Current Cost = 82500.00, Rho = 1.000
(iter 469) [0.0, 0.9342, 0.9032] = 456.2024, sampling [0.0, 0.4321, 1.2329]. Recommendation = [0.0, 0.9342, 0.9032], Current Cost = 83500.00, Rho = 1.000
(iter 469) [0.0, 0.9342, 0.9032] = 456.2024, sampling [0.0, -1.4763, -1.6372]. Recommendation = [0.0, 0.9342, 0.9032], Current Cost = 84500.00, Rho = 1.000
(iter 469) [0.0, 0.9342, 0.9032] = 456.2024, sampling [0.0, 1.1893, -0.7171]. Recommendation = [0.0, 0.9342, 0.9032], Current Cost = 85500.00, Rho = 1.000
(iter 469) [0.0, 0.9342, 0.9032] = 456.2024, sampling [0.0, 1.5724, 0.2854]. Recommendation = [0.0, 0.9342, 0.9032], Current Cost = 86500.00, Rho = 1.000
(iter 469) [0.0, 0.9342, 0.9032] = 456.2024, sampling [0.0, -1.5517, -0.0372]. Recommendation = [0.0, 0.9342, 0.9032], Current Cost = 87500.00, Rho = 1.000
(iter 469) [0.0, 0.9342, 0.9032] = 456.2024, sampling [0.0, -0.7965, 1.3306]. Recommendation = [0.0, 0.9342, 0.9032], Current Cost = 88500.00, Rho = 1.000
(iter 469) [0.0, 0.9342, 0.9032] = 456.2024, sampling [0.0, -1.2388, 1.5271]. Recommendation = [0.0, 0.9342, 0.9032], Current Cost = 89500.00, Rho = 1.000
(iter 469) [0.0, 0.9342, 0.9032] = 456.2024, sampling [0.0, -0.0328, -0.8238]. Recommendation = [0.0, 0.9342, 0.9032], Current Cost = 90500.00, Rho = 1.000
(iter 469) [0.0, 0.9342, 0.9032] = 456.2024, sampling [0.0, 1.7111, 1.7755]. Recommendation = [0.0, 0.9342, 0.9032], Current Cost = 91500.00, Rho = 1.000
(iter 469) [0.0, 0.9342, 0.9032] = 456.2024, sampling [0.0, -0.2904, 0.7285]. Recommendation = [0.0, 0.9342, 0.9032], Current Cost = 92500.00, Rho = 1.000
(iter 469) [0.0, 0.9342, 0.9032] = 456.2024, sampling [0.0, -0.0961, 0.6321]. Recommendation = [0.0, 0.9342, 0.9032], Current Cost = 93500.00, Rho = 1.000
(iter 469) [0.0, 0.9342, 0.9032] = 456.2024, sampling [0.0, -0.8753, 1.7471]. Recommendation = [0.0, 0.9342, 0.9032], Current Cost = 94500.00, Rho = 1.000
(iter 469) [0.0, 0.9342, 0.9032] = 456.2024, sampling [0.0, -1.2148, -1.6543]. Recommendation = [0.0, 0.9342, 0.9032], Current Cost = 95500.00, Rho = 1.000
(iter 469) [0.0, 0.9342, 0.9032] = 456.2024, sampling [0.0, 0.6772, -1.9909]. Recommendation = [0.0, 0.9342, 0.9032], Current Cost = 96500.00, Rho = 1.000
(iter 469) [0.0, 0.9342, 0.9032] = 456.2024, sampling [0.0, 0.7100, 1.7132]. Recommendation = [0.0, 0.9342, 0.9032], Current Cost = 97500.00, Rho = 1.000
(iter 469) [0.0, 0.9342, 0.9032] = 456.2024, sampling [0.0, -1.8921, -1.3975]. Recommendation = [0.0, 0.9342, 0.9032], Current Cost = 98500.00, Rho = 1.000
(iter 469) [0.0, 0.9342, 0.9032] = 456.2024, sampling [0.0, 1.3675, 0.8444]. Recommendation = [0.0, 0.9342, 0.9032], Current Cost = 99500.00, Rho = 1.000
