(iter 10) [0.0, -1.4534, 1.8455] = 443.1548, sampling [1.0, -0.8152, 1.2066]. Recommendation = [0.0, -1.4534, 1.8455], Current Cost = 5005.00, Rho = 1.000
(iter 10) [0.0, -1.4534, 1.8455] = 443.1548, sampling [1.0, -0.7516, 0.7284]. Recommendation = [0.0, -1.4534, 1.8455], Current Cost = 5006.00, Rho = 1.000
(iter 10) [0.0, -1.4534, 1.8455] = 443.1548, sampling [1.0, -1.3201, 1.1243]. Recommendation = [0.0, -0.7516, 0.7284], Current Cost = 5007.00, Rho = 1.000
(iter 10) [0.0, -1.4534, 1.8455] = 443.1548, sampling [1.0, -0.4840, 0.2434]. Recommendation = [0.0, -0.7516, 0.7284], Current Cost = 5008.00, Rho = 1.000
(iter 10) [0.0, -1.4534, 1.8455] = 443.1548, sampling [1.0, 0.0517, -0.1463]. Recommendation = [0.0, -0.4840, 0.2434], Current Cost = 5009.00, Rho = 1.000
(iter 10) [0.0, -1.4534, 1.8455] = 443.1548, sampling [1.0, -0.0829, 0.3324]. Recommendation = [0.0, -0.4840, 0.2434], Current Cost = 5010.00, Rho = 1.000
(iter 10) [0.0, -1.4534, 1.8455] = 443.1548, sampling [1.0, -0.4255, 0.6564]. Recommendation = [0.0, -0.3967, 0.4386], Current Cost = 5011.00, Rho = 1.000
(iter 10) [0.0, -1.4534, 1.8455] = 443.1548, sampling [1.0, -1.0757, 1.6943]. Recommendation = [0.0, -0.4840, 0.2434], Current Cost = 5012.00, Rho = 1.000
(iter 10) [0.0, -1.4534, 1.8455] = 443.1548, sampling [1.0, -0.2426, -0.0470]. Recommendation = [0.0, -0.4840, 0.2434], Current Cost = 5013.00, Rho = 1.000
(iter 10) [0.0, -1.4534, 1.8455] = 443.1548, sampling [1.0, -1.1031, 0.6479]. Recommendation = [0.0, -0.1957, 0.2938], Current Cost = 5014.00, Rho = 1.000
(iter 10) [0.0, -1.4534, 1.8455] = 443.1548, sampling [1.0, -0.0613, -0.5157]. Recommendation = [0.0, -0.1957, 0.2938], Current Cost = 5015.00, Rho = 1.000
(iter 10) [0.0, -1.4534, 1.8455] = 443.1548, sampling [1.0, -1.3329, 1.4763]. Recommendation = [0.0, -0.1957, 0.2938], Current Cost = 5016.00, Rho = 1.000
(iter 10) [0.0, -1.4534, 1.8455] = 443.1548, sampling [1.0, -0.3689, 1.0355]. Recommendation = [0.0, -0.1957, 0.2938], Current Cost = 5017.00, Rho = 1.000
(iter 10) [0.0, -1.4534, 1.8455] = 443.1548, sampling [1.0, -0.8618, 0.2978]. Recommendation = [0.0, -0.1957, 0.2938], Current Cost = 5018.00, Rho = 1.000
(iter 10) [0.0, -1.4534, 1.8455] = 443.1548, sampling [1.0, -0.4093, -0.2928]. Recommendation = [0.0, -0.4840, 0.2434], Current Cost = 5019.00, Rho = 1.000
(iter 10) [0.0, -1.4534, 1.8455] = 443.1548, sampling [1.0, 0.3247, 0.2559]. Recommendation = [0.0, -0.4840, 0.2434], Current Cost = 5020.00, Rho = 1.000
(iter 10) [0.0, -1.4534, 1.8455] = 443.1548, sampling [1.0, 0.3405, -0.1953]. Recommendation = [0.0, -0.0460, 0.1973], Current Cost = 5021.00, Rho = 1.000
(iter 10) [0.0, -1.4534, 1.8455] = 443.1548, sampling [1.0, 0.2443, 0.0593]. Recommendation = [0.0, -0.0460, 0.1973], Current Cost = 5022.00, Rho = 1.000
(iter 10) [0.0, -1.4534, 1.8455] = 443.1548, sampling [1.0, 0.1830, -0.3978]. Recommendation = [0.0, -0.0460, 0.1973], Current Cost = 5023.00, Rho = 1.000
(iter 10) [0.0, -1.4534, 1.8455] = 443.1548, sampling [1.0, -0.6275, 0.4122]. Recommendation = [0.0, -0.0460, 0.1973], Current Cost = 5024.00, Rho = 1.000
(iter 10) [0.0, -1.4534, 1.8455] = 443.1548, sampling [1.0, -1.1150, 1.3509]. Recommendation = [0.0, -0.0460, 0.1973], Current Cost = 5025.00, Rho = 1.000
(iter 10) [0.0, -1.4534, 1.8455] = 443.1548, sampling [1.0, -0.6034, 1.6668]. Recommendation = [0.0, -0.0460, 0.1973], Current Cost = 5026.00, Rho = 1.000
(iter 10) [0.0, -1.4534, 1.8455] = 443.1548, sampling [1.0, -1.8029, 1.3590]. Recommendation = [0.0, -0.0460, 0.1973], Current Cost = 5027.00, Rho = 1.000
(iter 10) [0.0, -1.4534, 1.8455] = 443.1548, sampling [1.0, -0.5612, 0.0550]. Recommendation = [0.0, -0.0460, 0.1973], Current Cost = 5028.00, Rho = 1.000
(iter 10) [0.0, -1.4534, 1.8455] = 443.1548, sampling [1.0, -0.9368, 0.8183]. Recommendation = [0.0, -0.0460, 0.1973], Current Cost = 5029.00, Rho = 1.000
(iter 10) [0.0, -1.4534, 1.8455] = 443.1548, sampling [1.0, 0.0890, 0.4296]. Recommendation = [0.0, -0.0460, 0.1973], Current Cost = 5030.00, Rho = 1.000
(iter 10) [0.0, -1.4534, 1.8455] = 443.1548, sampling [1.0, -0.0460, 0.1973]. Recommendation = [0.0, -0.0460, 0.1973], Current Cost = 5031.00, Rho = 1.000
(iter 10) [0.0, -1.4534, 1.8455] = 443.1548, sampling [1.0, -0.3967, 0.4386]. Recommendation = [0.0, 0.2443, 0.0593], Current Cost = 5032.00, Rho = 1.000
(iter 10) [0.0, -1.4534, 1.8455] = 443.1548, sampling [1.0, -0.2017, -0.3392]. Recommendation = [0.0, 0.2443, 0.0593], Current Cost = 5033.00, Rho = 1.000
(iter 10) [0.0, -1.4534, 1.8455] = 443.1548, sampling [1.0, 0.5266, 0.6304]. Recommendation = [0.0, 0.2443, 0.0593], Current Cost = 5034.00, Rho = 1.000
(iter 10) [0.0, -1.4534, 1.8455] = 443.1548, sampling [1.0, 0.6497, 0.2143]. Recommendation = [0.0, 0.2443, 0.0593], Current Cost = 5035.00, Rho = 1.000
(iter 10) [0.0, -1.4534, 1.8455] = 443.1548, sampling [1.0, 0.4750, 0.4458]. Recommendation = [0.0, 0.3832, 0.3723], Current Cost = 5036.00, Rho = 1.000
(iter 10) [0.0, -1.4534, 1.8455] = 443.1548, sampling [1.0, 0.5534, 0.0189]. Recommendation = [0.0, 0.2443, 0.0593], Current Cost = 5037.00, Rho = 1.000
(iter 10) [0.0, -1.4534, 1.8455] = 443.1548, sampling [1.0, 0.3356, 1.2476]. Recommendation = [0.0, 0.2443, 0.0593], Current Cost = 5038.00, Rho = 1.000
(iter 10) [0.0, -1.4534, 1.8455] = 443.1548, sampling [1.0, 0.2490, 0.7898]. Recommendation = [0.0, 0.2443, 0.0593], Current Cost = 5039.00, Rho = 1.000
(iter 10) [0.0, -1.4534, 1.8455] = 443.1548, sampling [1.0, 0.8830, 0.6094]. Recommendation = [0.0, 0.2443, 0.0593], Current Cost = 5040.00, Rho = 1.000
(iter 10) [0.0, -1.4534, 1.8455] = 443.1548, sampling [1.0, 0.9495, 0.9859]. Recommendation = [0.0, 0.2443, 0.0593], Current Cost = 5041.00, Rho = 1.000
(iter 10) [0.0, -1.4534, 1.8455] = 443.1548, sampling [1.0, 0.5667, 0.8754]. Recommendation = [0.0, 0.2443, 0.0593], Current Cost = 5042.00, Rho = 1.000
(iter 10) [0.0, -1.4534, 1.8455] = 443.1548, sampling [1.0, 0.9370, 0.3209]. Recommendation = [0.0, 0.2443, 0.0593], Current Cost = 5043.00, Rho = 1.000
(iter 10) [0.0, -1.4534, 1.8455] = 443.1548, sampling [1.0, 1.1770, 0.7835]. Recommendation = [0.0, 0.2443, 0.0593], Current Cost = 5044.00, Rho = 1.000
(iter 10) [0.0, -1.4534, 1.8455] = 443.1548, sampling [1.0, 0.9973, 1.4903]. Recommendation = [0.0, 0.2443, 0.0593], Current Cost = 5045.00, Rho = 1.000
(iter 10) [0.0, -1.4534, 1.8455] = 443.1548, sampling [1.0, 0.7740, 1.1648]. Recommendation = [0.0, 0.2443, 0.0593], Current Cost = 5046.00, Rho = 1.000
(iter 10) [0.0, -1.4534, 1.8455] = 443.1548, sampling [1.0, 1.2243, 1.1596]. Recommendation = [0.0, 0.2443, 0.0593], Current Cost = 5047.00, Rho = 1.000
(iter 10) [0.0, -1.4534, 1.8455] = 443.1548, sampling [1.0, 0.4708, 1.9550]. Recommendation = [0.0, 0.2443, 0.0593], Current Cost = 5048.00, Rho = 1.000
(iter 10) [0.0, -1.4534, 1.8455] = 443.1548, sampling [1.0, -1.1492, 0.9036]. Recommendation = [0.0, 0.2443, 0.0593], Current Cost = 5049.00, Rho = 1.000
(iter 10) [0.0, -1.4534, 1.8455] = 443.1548, sampling [1.0, -0.9097, 0.4911]. Recommendation = [0.0, 0.2443, 0.0593], Current Cost = 5050.00, Rho = 1.000
(iter 10) [0.0, -1.4534, 1.8455] = 443.1548, sampling [1.0, -1.2592, 1.7243]. Recommendation = [0.0, 0.2443, 0.0593], Current Cost = 5051.00, Rho = 1.000
(iter 10) [0.0, -1.4534, 1.8455] = 443.1548, sampling [1.0, 1.3828, 1.5117]. Recommendation = [0.0, 0.2443, 0.0593], Current Cost = 5052.00, Rho = 1.000
(iter 10) [0.0, -1.4534, 1.8455] = 443.1548, sampling [1.0, 1.5862, 0.9820]. Recommendation = [0.0, 0.2443, 0.0593], Current Cost = 5053.00, Rho = 1.000
(iter 10) [0.0, -1.4534, 1.8455] = 443.1548, sampling [1.0, -0.6594, 0.8537]. Recommendation = [0.0, 0.2443, 0.0593], Current Cost = 5054.00, Rho = 1.000
(iter 10) [0.0, -1.4534, 1.8455] = 443.1548, sampling [1.0, 0.5066, -0.5109]. Recommendation = [0.0, 0.2443, 0.0593], Current Cost = 5055.00, Rho = 1.000
(iter 10) [0.0, -1.4534, 1.8455] = 443.1548, sampling [1.0, -0.4050, -0.0130]. Recommendation = [0.0, 0.2443, 0.0593], Current Cost = 5056.00, Rho = 1.000
(iter 10) [0.0, -1.4534, 1.8455] = 443.1548, sampling [1.0, 1.0095, 0.8305]. Recommendation = [0.0, 0.2443, 0.0593], Current Cost = 5057.00, Rho = 1.000
(iter 10) [0.0, -1.4534, 1.8455] = 443.1548, sampling [1.0, 0.1562, -0.6593]. Recommendation = [0.0, 0.2443, 0.0593], Current Cost = 5058.00, Rho = 1.000
(iter 10) [0.0, -1.4534, 1.8455] = 443.1548, sampling [1.0, -0.5112, -0.6314]. Recommendation = [0.0, 0.2443, 0.0593], Current Cost = 5059.00, Rho = 1.000
(iter 10) [0.0, -1.4534, 1.8455] = 443.1548, sampling [1.0, -0.7334, -0.0688]. Recommendation = [0.0, 0.2443, 0.0593], Current Cost = 5060.00, Rho = 1.000
(iter 10) [0.0, -1.4534, 1.8455] = 443.1548, sampling [1.0, -0.2261, 0.6323]. Recommendation = [0.0, 0.2443, 0.0593], Current Cost = 5061.00, Rho = 1.000
(iter 10) [0.0, -1.4534, 1.8455] = 443.1548, sampling [1.0, 1.2931, 1.7893]. Recommendation = [0.0, 0.2443, 0.0593], Current Cost = 5062.00, Rho = 1.000
(iter 10) [0.0, -1.4534, 1.8455] = 443.1548, sampling [1.0, 1.0444, 1.6593]. Recommendation = [0.0, 0.2443, 0.0593], Current Cost = 5063.00, Rho = 1.000
(iter 10) [0.0, -1.4534, 1.8455] = 443.1548, sampling [1.0, 1.6286, 1.8618]. Recommendation = [0.0, 0.2443, 0.0593], Current Cost = 5064.00, Rho = 1.000
(iter 10) [0.0, -1.4534, 1.8455] = 443.1548, sampling [1.0, 1.1851, 1.9737]. Recommendation = [0.0, 0.2443, 0.0593], Current Cost = 5065.00, Rho = 1.000
(iter 10) [0.0, -1.4534, 1.8455] = 443.1548, sampling [1.0, 0.7591, -0.2352]. Recommendation = [0.0, 0.2443, 0.0593], Current Cost = 5066.00, Rho = 1.000
(iter 10) [0.0, -1.4534, 1.8455] = 443.1548, sampling [1.0, -0.1957, 0.2938]. Recommendation = [0.0, 0.2443, 0.0593], Current Cost = 5067.00, Rho = 1.000
(iter 10) [0.0, -1.4534, 1.8455] = 443.1548, sampling [1.0, 0.7269, 0.0452]. Recommendation = [0.0, 0.2443, 0.0593], Current Cost = 5068.00, Rho = 1.000
(iter 10) [0.0, -1.4534, 1.8455] = 443.1548, sampling [1.0, 1.0514, 0.5745]. Recommendation = [0.0, 0.2443, 0.0593], Current Cost = 5069.00, Rho = 1.000
(iter 10) [0.0, -1.4534, 1.8455] = 443.1548, sampling [1.0, -0.9919, 1.3155]. Recommendation = [0.0, 0.2443, 0.0593], Current Cost = 5070.00, Rho = 1.000
(iter 10) [0.0, -1.4534, 1.8455] = 443.1548, sampling [1.0, 1.1756, 1.0205]. Recommendation = [0.0, 0.2443, 0.0593], Current Cost = 5071.00, Rho = 1.000
(iter 10) [0.0, -1.4534, 1.8455] = 443.1548, sampling [1.0, -0.2536, -0.1850]. Recommendation = [0.0, 0.2443, 0.0593], Current Cost = 5072.00, Rho = 1.000
(iter 10) [0.0, -1.4534, 1.8455] = 443.1548, sampling [1.0, -1.1984, 1.1747]. Recommendation = [0.0, 0.2443, 0.0593], Current Cost = 5073.00, Rho = 1.000
(iter 10) [0.0, -1.4534, 1.8455] = 443.1548, sampling [1.0, -1.3814, 0.5634]. Recommendation = [0.0, 0.2443, 0.0593], Current Cost = 5074.00, Rho = 1.000
(iter 10) [0.0, -1.4534, 1.8455] = 443.1548, sampling [1.0, 0.1188, -0.2497]. Recommendation = [0.0, 0.2443, 0.0593], Current Cost = 5075.00, Rho = 1.000
(iter 10) [0.0, -1.4534, 1.8455] = 443.1548, sampling [1.0, -0.7594, 0.2295]. Recommendation = [0.0, 0.2443, 0.0593], Current Cost = 5076.00, Rho = 1.000
(iter 10) [0.0, -1.4534, 1.8455] = 443.1548, sampling [1.0, 0.7672, 1.5321]. Recommendation = [0.0, 0.2443, 0.0593], Current Cost = 5077.00, Rho = 1.000
(iter 10) [0.0, -1.4534, 1.8455] = 443.1548, sampling [1.0, -0.6547, -0.2741]. Recommendation = [0.0, 0.2443, 0.0593], Current Cost = 5078.00, Rho = 1.000
(iter 10) [0.0, -1.4534, 1.8455] = 443.1548, sampling [1.0, 1.2650, 1.2634]. Recommendation = [0.0, 0.2443, 0.0593], Current Cost = 5079.00, Rho = 1.000
(iter 10) [0.0, -1.4534, 1.8455] = 443.1548, sampling [1.0, 1.6997, 1.5017]. Recommendation = [0.0, 0.2443, 0.0593], Current Cost = 5080.00, Rho = 1.000
(iter 10) [0.0, -1.4534, 1.8455] = 443.1548, sampling [1.0, -0.3058, -0.5317]. Recommendation = [0.0, 0.2443, 0.0593], Current Cost = 5081.00, Rho = 1.000
(iter 10) [0.0, -1.4534, 1.8455] = 443.1548, sampling [1.0, -0.1163, 1.2692]. Recommendation = [0.0, 0.2443, 0.0593], Current Cost = 5082.00, Rho = 1.000
(iter 10) [0.0, -1.4534, 1.8455] = 443.1548, sampling [1.0, 0.3832, 0.3723]. Recommendation = [0.0, 0.2443, 0.0593], Current Cost = 5083.00, Rho = 1.000
(iter 10) [0.0, -1.4534, 1.8455] = 443.1548, sampling [1.0, -0.9472, 1.8689]. Recommendation = [0.0, 0.2443, 0.0593], Current Cost = 5084.00, Rho = 1.000
(iter 10) [0.0, -1.4534, 1.8455] = 443.1548, sampling [1.0, -0.5722, 1.1363]. Recommendation = [0.0, 0.2443, 0.0593], Current Cost = 5085.00, Rho = 1.000
(iter 10) [0.0, -1.4534, 1.8455] = 443.1548, sampling [1.0, -0.1882, -0.8568]. Recommendation = [0.0, 0.2443, 0.0593], Current Cost = 5086.00, Rho = 1.000
(iter 10) [0.0, -1.4534, 1.8455] = 443.1548, sampling [1.0, -0.1468, 0.4235]. Recommendation = [0.0, 0.2443, 0.0593], Current Cost = 5087.00, Rho = 1.000
(iter 10) [0.0, -1.4534, 1.8455] = 443.1548, sampling [1.0, 1.2147, 0.3533]. Recommendation = [0.0, 0.2443, 0.0593], Current Cost = 5088.00, Rho = 1.000
(iter 10) [0.0, -1.4534, 1.8455] = 443.1548, sampling [1.0, 0.8673, 1.1788]. Recommendation = [0.0, 0.2443, 0.0593], Current Cost = 5089.00, Rho = 1.000
(iter 10) [0.0, -1.4534, 1.8455] = 443.1548, sampling [1.0, -0.5238, 0.8340]. Recommendation = [0.0, 0.2443, 0.0593], Current Cost = 5090.00, Rho = 1.000
(iter 10) [0.0, -1.4534, 1.8455] = 443.1548, sampling [1.0, 1.0311, 1.8964]. Recommendation = [0.0, 0.2443, 0.0593], Current Cost = 5091.00, Rho = 1.000
(iter 10) [0.0, -1.4534, 1.8455] = 443.1548, sampling [1.0, -1.0427, 0.2772]. Recommendation = [0.0, 0.2443, 0.0593], Current Cost = 5092.00, Rho = 1.000
(iter 10) [0.0, -1.4534, 1.8455] = 443.1548, sampling [1.0, 0.6161, -0.0578]. Recommendation = [0.0, 0.2443, 0.0593], Current Cost = 5093.00, Rho = 1.000
(iter 10) [0.0, -1.4534, 1.8455] = 443.1548, sampling [1.0, -0.8324, 0.4552]. Recommendation = [0.0, 0.2443, 0.0593], Current Cost = 5094.00, Rho = 1.000
(iter 10) [0.0, -1.4534, 1.8455] = 443.1548, sampling [1.0, 1.0225, 0.6893]. Recommendation = [0.0, 0.2443, 0.0593], Current Cost = 5095.00, Rho = 1.000
(iter 10) [0.0, -1.4534, 1.8455] = 443.1548, sampling [1.0, -0.0013, 0.5012]. Recommendation = [0.0, 0.2443, 0.0593], Current Cost = 5096.00, Rho = 1.000
(iter 10) [0.0, -1.4534, 1.8455] = 443.1548, sampling [1.0, -0.9964, 0.6173]. Recommendation = [0.0, 0.2443, 0.0593], Current Cost = 5097.00, Rho = 1.000
(iter 10) [0.0, -1.4534, 1.8455] = 443.1548, sampling [1.0, 0.4440, 0.9562]. Recommendation = [0.0, 0.2443, 0.0593], Current Cost = 5098.00, Rho = 1.000
(iter 10) [0.0, -1.4534, 1.8455] = 443.1548, sampling [1.0, -0.0300, -0.6665]. Recommendation = [0.0, 0.2443, 0.0593], Current Cost = 5099.00, Rho = 1.000
(iter 10) [0.0, -1.4534, 1.8455] = 443.1548, sampling [1.0, -0.2986, 0.7948]. Recommendation = [0.0, 0.2443, 0.0593], Current Cost = 5100.00, Rho = 1.000
(iter 10) [0.0, -1.4534, 1.8455] = 443.1548, sampling [1.0, 1.3989, 1.5954]. Recommendation = [0.0, 0.2443, 0.0593], Current Cost = 5101.00, Rho = 1.000
(iter 10) [0.0, -1.4534, 1.8455] = 443.1548, sampling [1.0, 1.5594, 1.9894]. Recommendation = [0.0, 0.2443, 0.0593], Current Cost = 5102.00, Rho = 1.000
(iter 10) [0.0, -1.4534, 1.8455] = 443.1548, sampling [1.0, 1.2747, 1.9778]. Recommendation = [0.0, 0.2443, 0.0593], Current Cost = 5103.00, Rho = 1.000
(iter 10) [0.0, -1.4534, 1.8455] = 443.1548, sampling [1.0, 1.0716, 0.0058]. Recommendation = [0.0, 0.2443, 0.0593], Current Cost = 5104.00, Rho = 1.000
(iter 10) [0.0, -1.4534, 1.8455] = 443.1548, sampling [1.0, -0.7141, 0.0390]. Recommendation = [0.0, 0.2443, 0.0593], Current Cost = 5105.00, Rho = 1.000
(iter 10) [0.0, -1.4534, 1.8455] = 443.1548, sampling [1.0, 0.0588, 0.9658]. Recommendation = [0.0, 0.2443, 0.0593], Current Cost = 5106.00, Rho = 1.000
(iter 10) [0.0, -1.4534, 1.8455] = 443.1548, sampling [1.0, 0.0381, -0.2243]. Recommendation = [0.0, 0.2443, 0.0593], Current Cost = 5107.00, Rho = 1.000
(iter 10) [0.0, -1.4534, 1.8455] = 443.1548, sampling [1.0, -0.7705, -0.9186]. Recommendation = [0.0, 0.2443, 0.0593], Current Cost = 5108.00, Rho = 1.000
(iter 10) [0.0, -1.4534, 1.8455] = 443.1548, sampling [1.0, -1.5898, 1.9277]. Recommendation = [0.0, 0.2443, 0.0593], Current Cost = 5109.00, Rho = 1.000
(iter 10) [0.0, -1.4534, 1.8455] = 443.1548, sampling [1.0, 1.1527, 1.0894]. Recommendation = [0.0, 0.2443, 0.0593], Current Cost = 5110.00, Rho = 1.000
(iter 10) [0.0, -1.4534, 1.8455] = 443.1548, sampling [1.0, -1.2958, 1.4144]. Recommendation = [0.0, 0.2443, 0.0593], Current Cost = 5111.00, Rho = 1.000
(iter 10) [0.0, -1.4534, 1.8455] = 443.1548, sampling [1.0, -0.2787, 0.5500]. Recommendation = [0.0, 0.2443, 0.0593], Current Cost = 5112.00, Rho = 1.000
(iter 10) [0.0, -1.4534, 1.8455] = 443.1548, sampling [1.0, 0.1079, -0.8955]. Recommendation = [0.0, 0.2443, 0.0593], Current Cost = 5113.00, Rho = 1.000
(iter 10) [0.0, -1.4534, 1.8455] = 443.1548, sampling [1.0, 0.6155, 1.3866]. Recommendation = [0.0, 0.2443, 0.0593], Current Cost = 5114.00, Rho = 1.000
(iter 10) [0.0, -1.4534, 1.8455] = 443.1548, sampling [1.0, -0.6798, 1.2770]. Recommendation = [0.0, 0.2443, 0.0593], Current Cost = 5115.00, Rho = 1.000
(iter 10) [0.0, -1.4534, 1.8455] = 443.1548, sampling [1.0, -1.2701, 0.9248]. Recommendation = [0.0, 0.2443, 0.0593], Current Cost = 5116.00, Rho = 1.000
(iter 10) [0.0, -1.4534, 1.8455] = 443.1548, sampling [1.0, -1.1334, 1.4014]. Recommendation = [0.0, 0.2443, 0.0593], Current Cost = 5117.00, Rho = 1.000
(iter 10) [0.0, -1.4534, 1.8455] = 443.1548, sampling [1.0, -0.3605, 1.9639]. Recommendation = [0.0, 0.2443, 0.0593], Current Cost = 5118.00, Rho = 1.000
(iter 10) [0.0, -1.4534, 1.8455] = 443.1548, sampling [1.0, -0.3574, -0.3688]. Recommendation = [0.0, 0.2443, 0.0593], Current Cost = 5119.00, Rho = 1.000
(iter 10) [0.0, -1.4534, 1.8455] = 443.1548, sampling [1.0, -0.1071, 0.5980]. Recommendation = [0.0, 0.2443, 0.0593], Current Cost = 5120.00, Rho = 1.000
(iter 10) [0.0, -1.4534, 1.8455] = 443.1548, sampling [1.0, 0.2972, -0.1641]. Recommendation = [0.0, 0.2443, 0.0593], Current Cost = 5121.00, Rho = 1.000
(iter 10) [0.0, -1.4534, 1.8455] = 443.1548, sampling [1.0, -0.7111, -0.4658]. Recommendation = [0.0, 0.2443, 0.0593], Current Cost = 5122.00, Rho = 1.000
(iter 10) [0.0, -1.4534, 1.8455] = 443.1548, sampling [1.0, 0.3063, -0.7947]. Recommendation = [0.0, 0.2443, 0.0593], Current Cost = 5123.00, Rho = 1.000
(iter 10) [0.0, -1.4534, 1.8455] = 443.1548, sampling [1.0, 1.3655, 1.1872]. Recommendation = [0.0, 0.2443, 0.0593], Current Cost = 5124.00, Rho = 1.000
(iter 10) [0.0, -1.4534, 1.8455] = 443.1548, sampling [1.0, -0.5002, 0.0296]. Recommendation = [0.0, 0.2443, 0.0593], Current Cost = 5125.00, Rho = 1.000
(iter 10) [0.0, -1.4534, 1.8455] = 443.1548, sampling [1.0, 0.2063, -0.3318]. Recommendation = [0.0, 0.2443, 0.0593], Current Cost = 5126.00, Rho = 1.000
(iter 10) [0.0, -1.4534, 1.8455] = 443.1548, sampling [1.0, 1.7150, 1.9998]. Recommendation = [0.0, 0.2443, 0.0593], Current Cost = 5127.00, Rho = 1.000
(iter 10) [0.0, -1.4534, 1.8455] = 443.1548, sampling [1.0, -1.6629, 1.7147]. Recommendation = [0.0, 0.2443, 0.0593], Current Cost = 5128.00, Rho = 1.000
(iter 10) [0.0, -1.4534, 1.8455] = 443.1548, sampling [1.0, -0.7838, 1.6103]. Recommendation = [0.0, 0.2443, 0.0593], Current Cost = 5129.00, Rho = 1.000
(iter 10) [0.0, -1.4534, 1.8455] = 443.1548, sampling [1.0, -0.4754, -0.4960]. Recommendation = [0.0, 0.2443, 0.0593], Current Cost = 5130.00, Rho = 1.000
(iter 10) [0.0, -1.4534, 1.8455] = 443.1548, sampling [1.0, 0.9656, 0.5886]. Recommendation = [0.0, 0.2443, 0.0593], Current Cost = 5131.00, Rho = 1.000
(iter 10) [0.0, -1.4534, 1.8455] = 443.1548, sampling [1.0, 1.3471, 0.6859]. Recommendation = [0.0, 0.2443, 0.0593], Current Cost = 5132.00, Rho = 1.000
(iter 10) [0.0, -1.4534, 1.8455] = 443.1548, sampling [1.0, 1.4712, 1.4294]. Recommendation = [0.0, 0.2443, 0.0593], Current Cost = 5133.00, Rho = 1.000
(iter 10) [0.0, -1.4534, 1.8455] = 443.1548, sampling [1.0, 0.9156, 1.6744]. Recommendation = [0.0, 0.2443, 0.0593], Current Cost = 5134.00, Rho = 1.000
(iter 10) [0.0, -1.4534, 1.8455] = 443.1548, sampling [1.0, 0.6687, 0.0737]. Recommendation = [0.0, 0.2443, 0.0593], Current Cost = 5135.00, Rho = 1.000
(iter 10) [0.0, -1.4534, 1.8455] = 443.1548, sampling [1.0, -1.0649, 0.0659]. Recommendation = [0.0, 0.2443, 0.0593], Current Cost = 5136.00, Rho = 1.000
(iter 10) [0.0, -1.4534, 1.8455] = 443.1548, sampling [1.0, 0.1405, -0.4381]. Recommendation = [0.0, 0.2443, 0.0593], Current Cost = 5137.00, Rho = 1.000
(iter 10) [0.0, -1.4534, 1.8455] = 443.1548, sampling [1.0, -1.1610, 1.3354]. Recommendation = [0.0, 0.2443, 0.0593], Current Cost = 5138.00, Rho = 1.000
(iter 10) [0.0, -1.4534, 1.8455] = 443.1548, sampling [1.0, 0.1284, 0.7622]. Recommendation = [0.0, 0.2443, 0.0593], Current Cost = 5139.00, Rho = 1.000
(iter 10) [0.0, -1.4534, 1.8455] = 443.1548, sampling [1.0, -0.2653, -0.4514]. Recommendation = [0.0, 0.2443, 0.0593], Current Cost = 5140.00, Rho = 1.000
(iter 10) [0.0, -1.4534, 1.8455] = 443.1548, sampling [1.0, -0.4175, -0.7686]. Recommendation = [0.0, 0.2443, 0.0593], Current Cost = 5141.00, Rho = 1.000
(iter 10) [0.0, -1.4534, 1.8455] = 443.1548, sampling [1.0, -0.1027, 0.9337]. Recommendation = [0.0, 0.2443, 0.0593], Current Cost = 5142.00, Rho = 1.000
(iter 10) [0.0, -1.4534, 1.8455] = 443.1548, sampling [1.0, -1.2154, 1.7082]. Recommendation = [0.0, 0.2443, 0.0593], Current Cost = 5143.00, Rho = 1.000
(iter 10) [0.0, -1.4534, 1.8455] = 443.1548, sampling [1.0, -1.9465, 1.9046]. Recommendation = [0.0, 0.2443, 0.0593], Current Cost = 5144.00, Rho = 1.000
(iter 10) [0.0, -1.4534, 1.8455] = 443.1548, sampling [1.0, 1.3381, 0.9042]. Recommendation = [0.0, 0.2443, 0.0593], Current Cost = 5145.00, Rho = 1.000
(iter 10) [0.0, -1.4534, 1.8455] = 443.1548, sampling [1.0, -0.5583, 0.0965]. Recommendation = [0.0, 0.2443, 0.0593], Current Cost = 5146.00, Rho = 1.000
(iter 10) [0.0, -1.4534, 1.8455] = 443.1548, sampling [1.0, -1.8856, 0.1570]. Recommendation = [0.0, 0.2443, 0.0593], Current Cost = 5147.00, Rho = 1.000
(iter 10) [0.0, -1.4534, 1.8455] = 443.1548, sampling [1.0, -0.9139, -0.1213]. Recommendation = [0.0, 0.2443, 0.0593], Current Cost = 5148.00, Rho = 1.000
(iter 10) [0.0, -1.4534, 1.8455] = 443.1548, sampling [1.0, -0.9543, 0.2013]. Recommendation = [0.0, 0.2443, 0.0593], Current Cost = 5149.00, Rho = 1.000
(iter 10) [0.0, -1.4534, 1.8455] = 443.1548, sampling [1.0, -1.5164, 1.9415]. Recommendation = [0.0, 0.2443, 0.0593], Current Cost = 5150.00, Rho = 1.000
(iter 10) [0.0, -1.4534, 1.8455] = 443.1548, sampling [1.0, -0.7984, 1.2954]. Recommendation = [0.0, 0.2443, 0.0593], Current Cost = 5151.00, Rho = 1.000
(iter 10) [0.0, -1.4534, 1.8455] = 443.1548, sampling [1.0, 0.7114, 1.2132]. Recommendation = [0.0, 0.2443, 0.0593], Current Cost = 5152.00, Rho = 1.000
(iter 10) [0.0, -1.4534, 1.8455] = 443.1548, sampling [1.0, 0.8170, -0.4614]. Recommendation = [0.0, 0.2443, 0.0593], Current Cost = 5153.00, Rho = 1.000
(iter 10) [0.0, -1.4534, 1.8455] = 443.1548, sampling [1.0, 0.5001, -0.6524]. Recommendation = [0.0, 0.2443, 0.0593], Current Cost = 5154.00, Rho = 1.000
(iter 10) [0.0, -1.4534, 1.8455] = 443.1548, sampling [1.0, 1.0638, 0.1915]. Recommendation = [0.0, 0.2443, 0.0593], Current Cost = 5155.00, Rho = 1.000
(iter 10) [0.0, -1.4534, 1.8455] = 443.1548, sampling [1.0, 1.8959, 1.8069]. Recommendation = [0.0, 0.2443, 0.0593], Current Cost = 5156.00, Rho = 1.000
(iter 10) [0.0, -1.4534, 1.8455] = 443.1548, sampling [1.0, -0.4889, 1.4567]. Recommendation = [0.0, 0.2443, 0.0593], Current Cost = 5157.00, Rho = 1.000
(iter 10) [0.0, -1.4534, 1.8455] = 443.1548, sampling [1.0, -0.4555, 0.7042]. Recommendation = [0.0, 0.2443, 0.0593], Current Cost = 5158.00, Rho = 1.000
(iter 10) [0.0, -1.4534, 1.8455] = 443.1548, sampling [1.0, -0.0947, -1.2239]. Recommendation = [0.0, 0.2443, 0.0593], Current Cost = 5159.00, Rho = 1.000
(iter 10) [0.0, -1.4534, 1.8455] = 443.1548, sampling [1.0, -0.4327, -1.1431]. Recommendation = [0.0, 0.2443, 0.0593], Current Cost = 5160.00, Rho = 1.000
(iter 10) [0.0, -1.4534, 1.8455] = 443.1548, sampling [1.0, 0.1880, 1.0648]. Recommendation = [0.0, 0.2443, 0.0593], Current Cost = 5161.00, Rho = 1.000
(iter 10) [0.0, -1.4534, 1.8455] = 443.1548, sampling [1.0, -0.5994, 0.3983]. Recommendation = [0.0, 0.2443, 0.0593], Current Cost = 5162.00, Rho = 1.000
(iter 10) [0.0, -1.4534, 1.8455] = 443.1548, sampling [1.0, 0.8260, 1.9507]. Recommendation = [0.0, 0.2443, 0.0593], Current Cost = 5163.00, Rho = 1.000
(iter 10) [0.0, -1.4534, 1.8455] = 443.1548, sampling [1.0, -1.1765, 0.6771]. Recommendation = [0.0, 0.2443, 0.0593], Current Cost = 5164.00, Rho = 1.000
(iter 10) [0.0, -1.4534, 1.8455] = 443.1548, sampling [1.0, -0.3479, 0.8869]. Recommendation = [0.0, 0.2443, 0.0593], Current Cost = 5165.00, Rho = 1.000
(iter 10) [0.0, -1.4534, 1.8455] = 443.1548, sampling [1.0, 0.9574, -0.0829]. Recommendation = [0.0, 0.2443, 0.0593], Current Cost = 5166.00, Rho = 1.000
(iter 10) [0.0, -1.4534, 1.8455] = 443.1548, sampling [1.0, -0.4470, 0.0118]. Recommendation = [0.0, 0.2443, 0.0593], Current Cost = 5167.00, Rho = 1.000
(iter 10) [0.0, -1.4534, 1.8455] = 443.1548, sampling [1.0, 0.8932, 1.5550]. Recommendation = [0.0, 0.2443, 0.0593], Current Cost = 5168.00, Rho = 1.000
(iter 10) [0.0, -1.4534, 1.8455] = 443.1548, sampling [1.0, -0.2321, 0.7168]. Recommendation = [0.0, 0.2443, 0.0593], Current Cost = 5169.00, Rho = 1.000
(iter 10) [0.0, -1.4534, 1.8455] = 443.1548, sampling [1.0, 0.4356, 1.5691]. Recommendation = [0.0, 0.2443, 0.0593], Current Cost = 5170.00, Rho = 1.000
(iter 10) [0.0, -1.4534, 1.8455] = 443.1548, sampling [1.0, -0.0134, -0.5970]. Recommendation = [0.0, 0.2443, 0.0593], Current Cost = 5171.00, Rho = 1.000
(iter 10) [0.0, -1.4534, 1.8455] = 443.1548, sampling [1.0, -1.5946, 1.5653]. Recommendation = [0.0, 0.2443, 0.0593], Current Cost = 5172.00, Rho = 1.000
(iter 10) [0.0, -1.4534, 1.8455] = 443.1548, sampling [1.0, -0.3284, -0.9268]. Recommendation = [0.0, 0.2443, 0.0593], Current Cost = 5173.00, Rho = 1.000
(iter 10) [0.0, -1.4534, 1.8455] = 443.1548, sampling [1.0, 1.2394, 0.5172]. Recommendation = [0.0, 0.2443, 0.0593], Current Cost = 5174.00, Rho = 1.000
(iter 10) [0.0, -1.4534, 1.8455] = 443.1548, sampling [1.0, -1.5246, 1.1975]. Recommendation = [0.0, 0.2443, 0.0593], Current Cost = 5175.00, Rho = 1.000
(iter 10) [0.0, -1.4534, 1.8455] = 443.1548, sampling [1.0, 0.2387, -1.0316]. Recommendation = [0.0, 0.2443, 0.0593], Current Cost = 5176.00, Rho = 1.000
(iter 10) [0.0, -1.4534, 1.8455] = 443.1548, sampling [1.0, 0.1944, 0.9132]. Recommendation = [0.0, 0.2443, 0.0593], Current Cost = 5177.00, Rho = 1.000
(iter 10) [0.0, -1.4534, 1.8455] = 443.1548, sampling [1.0, 0.0737, 0.4003]. Recommendation = [0.0, 0.2443, 0.0593], Current Cost = 5178.00, Rho = 1.000
(iter 10) [0.0, -1.4534, 1.8455] = 443.1548, sampling [1.0, 1.6593, 0.3187]. Recommendation = [0.0, 0.2443, 0.0593], Current Cost = 5179.00, Rho = 1.000
(iter 10) [0.0, -1.4534, 1.8455] = 443.1548, sampling [1.0, -1.3858, 0.9719]. Recommendation = [0.0, 0.2443, 0.0593], Current Cost = 5180.00, Rho = 1.000
(iter 10) [0.0, -1.4534, 1.8455] = 443.1548, sampling [1.0, 0.0234, 1.4849]. Recommendation = [0.0, 0.2443, 0.0593], Current Cost = 5181.00, Rho = 1.000
(iter 10) [0.0, -1.4534, 1.8455] = 443.1548, sampling [1.0, 1.4076, 1.0566]. Recommendation = [0.0, 0.2443, 0.0593], Current Cost = 5182.00, Rho = 1.000
(iter 10) [0.0, -1.4534, 1.8455] = 443.1548, sampling [1.0, 0.0269, 0.4617]. Recommendation = [0.0, 0.2443, 0.0593], Current Cost = 5183.00, Rho = 1.000
(iter 10) [0.0, -1.4534, 1.8455] = 443.1548, sampling [1.0, 0.6042, -0.0189]. Recommendation = [0.0, 0.2443, 0.0593], Current Cost = 5184.00, Rho = 1.000
(iter 10) [0.0, -1.4534, 1.8455] = 443.1548, sampling [1.0, -0.6446, -1.6253]. Recommendation = [0.0, 0.2443, 0.0593], Current Cost = 5185.00, Rho = 1.000
(iter 10) [0.0, -1.4534, 1.8455] = 443.1548, sampling [1.0, -0.9301, -0.4122]. Recommendation = [0.0, 0.2443, 0.0593], Current Cost = 5186.00, Rho = 1.000
(iter 10) [0.0, -1.4534, 1.8455] = 443.1548, sampling [1.0, 1.3095, 1.7995]. Recommendation = [0.0, 0.2443, 0.0593], Current Cost = 5187.00, Rho = 1.000
(iter 10) [0.0, -1.4534, 1.8455] = 443.1548, sampling [1.0, 0.4252, -0.7237]. Recommendation = [0.0, 0.2443, 0.0593], Current Cost = 5188.00, Rho = 1.000
(iter 10) [0.0, -1.4534, 1.8455] = 443.1548, sampling [1.0, -0.6376, -0.6054]. Recommendation = [0.0, 0.2443, 0.0593], Current Cost = 5189.00, Rho = 1.000
(iter 10) [0.0, -1.4534, 1.8455] = 443.1548, sampling [1.0, 0.7468, 1.6961]. Recommendation = [0.0, 0.2443, 0.0593], Current Cost = 5190.00, Rho = 1.000
(iter 10) [0.0, -1.4534, 1.8455] = 443.1548, sampling [1.0, -0.8180, 1.7698]. Recommendation = [0.0, 0.2443, 0.0593], Current Cost = 5191.00, Rho = 1.000
(iter 10) [0.0, -1.4534, 1.8455] = 443.1548, sampling [1.0, -0.5825, 0.0920]. Recommendation = [0.0, 0.2443, 0.0593], Current Cost = 5192.00, Rho = 1.000
(iter 10) [0.0, -1.4534, 1.8455] = 443.1548, sampling [1.0, -1.2457, 0.4648]. Recommendation = [0.0, 0.2443, 0.0593], Current Cost = 5193.00, Rho = 1.000
(iter 10) [0.0, -1.4534, 1.8455] = 443.1548, sampling [1.0, 0.0835, -0.9848]. Recommendation = [0.0, 0.2443, 0.0593], Current Cost = 5194.00, Rho = 1.000
(iter 10) [0.0, -1.4534, 1.8455] = 443.1548, sampling [1.0, 0.8609, -0.3031]. Recommendation = [0.0, 0.2443, 0.0593], Current Cost = 5195.00, Rho = 1.000
(iter 10) [0.0, -1.4534, 1.8455] = 443.1548, sampling [1.0, -0.1772, 0.6503]. Recommendation = [0.0, 0.2443, 0.0593], Current Cost = 5196.00, Rho = 1.000
(iter 10) [0.0, -1.4534, 1.8455] = 443.1548, sampling [1.0, -0.5124, -0.9112]. Recommendation = [0.0, 0.2443, 0.0593], Current Cost = 5197.00, Rho = 1.000
(iter 10) [0.0, -1.4534, 1.8455] = 443.1548, sampling [1.0, 0.4487, 1.3424]. Recommendation = [0.0, 0.2443, 0.0593], Current Cost = 5198.00, Rho = 1.000
(iter 10) [0.0, -1.4534, 1.8455] = 443.1548, sampling [1.0, -0.2890, -0.4293]. Recommendation = [0.0, 0.2443, 0.0593], Current Cost = 5199.00, Rho = 1.000
(iter 10) [0.0, -1.4534, 1.8455] = 443.1548, sampling [1.0, -0.3882, -0.3208]. Recommendation = [0.0, 0.2443, 0.0593], Current Cost = 5200.00, Rho = 1.000
(iter 10) [0.0, -1.4534, 1.8455] = 443.1548, sampling [1.0, 0.7762, -0.6721]. Recommendation = [0.0, 0.2443, 0.0593], Current Cost = 5201.00, Rho = 1.000
(iter 10) [0.0, -1.4534, 1.8455] = 443.1548, sampling [1.0, 0.1732, 1.2830]. Recommendation = [0.0, 0.2443, 0.0593], Current Cost = 5202.00, Rho = 1.000
(iter 10) [0.0, -1.4534, 1.8455] = 443.1548, sampling [1.0, 0.3453, -0.8801]. Recommendation = [0.0, 0.2443, 0.0593], Current Cost = 5203.00, Rho = 1.000
(iter 10) [0.0, -1.4534, 1.8455] = 443.1548, sampling [1.0, -1.6370, 1.8959]. Recommendation = [0.0, 0.2443, 0.0593], Current Cost = 5204.00, Rho = 1.000
(iter 10) [0.0, -1.4534, 1.8455] = 443.1548, sampling [1.0, -0.3393, 1.4493]. Recommendation = [0.0, 0.2443, 0.0593], Current Cost = 5205.00, Rho = 1.000
(iter 10) [0.0, -1.4534, 1.8455] = 443.1548, sampling [1.0, 1.7095, 1.2274]. Recommendation = [0.0, 0.2443, 0.0593], Current Cost = 5206.00, Rho = 1.000
(iter 10) [0.0, -1.4534, 1.8455] = 443.1548, sampling [1.0, -0.2584, -0.8386]. Recommendation = [0.0, 0.2443, 0.0593], Current Cost = 5207.00, Rho = 1.000
(iter 10) [0.0, -1.4534, 1.8455] = 443.1548, sampling [1.0, -1.1704, 0.8901]. Recommendation = [0.0, 0.2443, 0.0593], Current Cost = 5208.00, Rho = 1.000
(iter 10) [0.0, -1.4534, 1.8455] = 443.1548, sampling [1.0, -0.6119, -0.7824]. Recommendation = [0.0, 0.2443, 0.0593], Current Cost = 5209.00, Rho = 1.000
(iter 10) [0.0, -1.4534, 1.8455] = 443.1548, sampling [1.0, -0.9003, 0.4753]. Recommendation = [0.0, 0.2443, 0.0593], Current Cost = 5210.00, Rho = 1.000
(iter 10) [0.0, -1.4534, 1.8455] = 443.1548, sampling [1.0, 0.0140, -1.4386]. Recommendation = [0.0, 0.2443, 0.0593], Current Cost = 5211.00, Rho = 1.000
(iter 10) [0.0, -1.4534, 1.8455] = 443.1548, sampling [1.0, 0.3723, -1.2082]. Recommendation = [0.0, 0.2443, 0.0593], Current Cost = 5212.00, Rho = 1.000
(iter 10) [0.0, -1.4534, 1.8455] = 443.1548, sampling [1.0, 0.4937, -1.0010]. Recommendation = [0.0, 0.2443, 0.0593], Current Cost = 5213.00, Rho = 1.000
(iter 10) [0.0, -1.4534, 1.8455] = 443.1548, sampling [1.0, -1.3951, 1.0428]. Recommendation = [0.0, 0.2443, 0.0593], Current Cost = 5214.00, Rho = 1.000
(iter 10) [0.0, -1.4534, 1.8455] = 443.1548, sampling [1.0, -1.6657, -1.9727]. Recommendation = [0.0, 0.2443, 0.0593], Current Cost = 5215.00, Rho = 1.000
(iter 10) [0.0, -1.4534, 1.8455] = 443.1548, sampling [1.0, -1.0543, 0.1700]. Recommendation = [0.0, 0.2443, 0.0593], Current Cost = 5216.00, Rho = 1.000
(iter 10) [0.0, -1.4534, 1.8455] = 443.1548, sampling [1.0, 0.5944, -0.7582]. Recommendation = [0.0, 0.2443, 0.0593], Current Cost = 5217.00, Rho = 1.000
(iter 10) [0.0, -1.4534, 1.8455] = 443.1548, sampling [1.0, 0.8399, 1.6323]. Recommendation = [0.0, 0.2443, 0.0593], Current Cost = 5218.00, Rho = 1.000
(iter 10) [0.0, -1.4534, 1.8455] = 443.1548, sampling [1.0, 0.1469, 1.7349]. Recommendation = [0.0, 0.2443, 0.0593], Current Cost = 5219.00, Rho = 1.000
(iter 10) [0.0, -1.4534, 1.8455] = 443.1548, sampling [1.0, -0.5425, 0.8451]. Recommendation = [0.0, 0.2443, 0.0593], Current Cost = 5220.00, Rho = 1.000
(iter 10) [0.0, -1.4534, 1.8455] = 443.1548, sampling [1.0, 0.0032, -0.6207]. Recommendation = [0.0, 0.2443, 0.0593], Current Cost = 5221.00, Rho = 1.000
(iter 10) [0.0, -1.4534, 1.8455] = 443.1548, sampling [1.0, 1.1609, 0.2851]. Recommendation = [0.0, 0.2443, 0.0593], Current Cost = 5222.00, Rho = 1.000
(iter 10) [0.0, -1.4534, 1.8455] = 443.1548, sampling [1.0, -1.6083, 1.3688]. Recommendation = [0.0, 0.2443, 0.0593], Current Cost = 5223.00, Rho = 1.000
(iter 10) [0.0, -1.4534, 1.8455] = 443.1548, sampling [1.0, 0.9897, 1.9286]. Recommendation = [0.0, 0.2443, 0.0593], Current Cost = 5224.00, Rho = 1.000
(iter 10) [0.0, -1.4534, 1.8455] = 443.1548, sampling [1.0, -0.0351, -0.5897]. Recommendation = [0.0, 0.2443, 0.0593], Current Cost = 5225.00, Rho = 1.000
(iter 10) [0.0, -1.4534, 1.8455] = 443.1548, sampling [1.0, -0.1711, -1.5269]. Recommendation = [0.0, 0.2443, 0.0593], Current Cost = 5226.00, Rho = 1.000
(iter 10) [0.0, -1.4534, 1.8455] = 443.1548, sampling [1.0, 1.3163, -0.1296]. Recommendation = [0.0, 0.2443, 0.0593], Current Cost = 5227.00, Rho = 1.000
(iter 10) [0.0, -1.4534, 1.8455] = 443.1548, sampling [1.0, -1.5743, 1.0491]. Recommendation = [0.0, 0.2443, 0.0593], Current Cost = 5228.00, Rho = 1.000
(iter 10) [0.0, -1.4534, 1.8455] = 443.1548, sampling [1.0, 0.3181, 1.4231]. Recommendation = [0.0, 0.2443, 0.0593], Current Cost = 5229.00, Rho = 1.000
(iter 10) [0.0, -1.4534, 1.8455] = 443.1548, sampling [1.0, 1.7338, 1.8776]. Recommendation = [0.0, 0.2443, 0.0593], Current Cost = 5230.00, Rho = 1.000
(iter 10) [0.0, -1.4534, 1.8455] = 443.1548, sampling [1.0, -0.5447, -0.6902]. Recommendation = [0.0, 0.2443, 0.0593], Current Cost = 5231.00, Rho = 1.000
(iter 10) [0.0, -1.4534, 1.8455] = 443.1548, sampling [1.0, 0.8547, 1.5446]. Recommendation = [0.0, 0.2443, 0.0593], Current Cost = 5232.00, Rho = 1.000
(iter 10) [0.0, -1.4534, 1.8455] = 443.1548, sampling [1.0, -0.3243, -0.8459]. Recommendation = [0.0, 0.2443, 0.0593], Current Cost = 5233.00, Rho = 1.000
(iter 10) [0.0, -1.4534, 1.8455] = 443.1548, sampling [1.0, 0.0462, -1.3198]. Recommendation = [0.0, 0.2443, 0.0593], Current Cost = 5234.00, Rho = 1.000
(iter 10) [0.0, -1.4534, 1.8455] = 443.1548, sampling [1.0, 0.6287, 1.4431]. Recommendation = [0.0, 0.2443, 0.0593], Current Cost = 5235.00, Rho = 1.000
(iter 10) [0.0, -1.4534, 1.8455] = 443.1548, sampling [1.0, -0.2816, 1.6004]. Recommendation = [0.0, 0.2443, 0.0593], Current Cost = 5236.00, Rho = 1.000
(iter 10) [0.0, -1.4534, 1.8455] = 443.1548, sampling [1.0, -0.0512, 1.2182]. Recommendation = [0.0, 0.2443, 0.0593], Current Cost = 5237.00, Rho = 1.000
(iter 10) [0.0, -1.4534, 1.8455] = 443.1548, sampling [1.0, -0.5914, 1.8231]. Recommendation = [0.0, 0.2443, 0.0593], Current Cost = 5238.00, Rho = 1.000
(iter 10) [0.0, -1.4534, 1.8455] = 443.1548, sampling [1.0, -0.9266, -0.5439]. Recommendation = [0.0, 0.2443, 0.0593], Current Cost = 5239.00, Rho = 1.000
(iter 10) [0.0, -1.4534, 1.8455] = 443.1548, sampling [1.0, -1.2289, 0.1084]. Recommendation = [0.0, 0.2443, 0.0593], Current Cost = 5240.00, Rho = 1.000
(iter 10) [0.0, -1.4534, 1.8455] = 443.1548, sampling [1.0, 0.7321, 1.8847]. Recommendation = [0.0, 0.2443, 0.0593], Current Cost = 5241.00, Rho = 1.000
(iter 10) [0.0, -1.4534, 1.8455] = 443.1548, sampling [1.0, 0.2185, 1.1097]. Recommendation = [0.0, 0.2443, 0.0593], Current Cost = 5242.00, Rho = 1.000
(iter 10) [0.0, -1.4534, 1.8455] = 443.1548, sampling [1.0, 0.4008, 1.2558]. Recommendation = [0.0, 0.2443, 0.0593], Current Cost = 5243.00, Rho = 1.000
(iter 10) [0.0, -1.4534, 1.8455] = 443.1548, sampling [1.0, 1.1494, -0.5721]. Recommendation = [0.0, 0.2443, 0.0593], Current Cost = 5244.00, Rho = 1.000
(iter 10) [0.0, -1.4534, 1.8455] = 443.1548, sampling [1.0, -0.4681, -1.0360]. Recommendation = [0.0, 0.2443, 0.0593], Current Cost = 5245.00, Rho = 1.000
(iter 10) [0.0, -1.4534, 1.8455] = 443.1548, sampling [1.0, 0.1212, -0.2437]. Recommendation = [0.0, 0.2443, 0.0593], Current Cost = 5246.00, Rho = 1.000
(iter 10) [0.0, -1.4534, 1.8455] = 443.1548, sampling [1.0, 1.4588, 0.7017]. Recommendation = [0.0, 0.2443, 0.0593], Current Cost = 5247.00, Rho = 1.000
(iter 10) [0.0, -1.4534, 1.8455] = 443.1548, sampling [1.0, 1.9776, 1.4665]. Recommendation = [0.0, 0.2443, 0.0593], Current Cost = 5248.00, Rho = 1.000
(iter 10) [0.0, -1.4534, 1.8455] = 443.1548, sampling [1.0, 0.2605, -1.5821]. Recommendation = [0.0, 0.2443, 0.0593], Current Cost = 5249.00, Rho = 1.000
(iter 10) [0.0, -1.4534, 1.8455] = 443.1548, sampling [1.0, 0.7159, -1.0550]. Recommendation = [0.0, 0.2443, 0.0593], Current Cost = 5250.00, Rho = 1.000
(iter 10) [0.0, -1.4534, 1.8455] = 443.1548, sampling [1.0, 0.8121, -0.5478]. Recommendation = [0.0, 0.2443, 0.0593], Current Cost = 5251.00, Rho = 1.000
(iter 10) [0.0, -1.4534, 1.8455] = 443.1548, sampling [1.0, -0.7601, 1.8262]. Recommendation = [0.0, 0.2443, 0.0593], Current Cost = 5252.00, Rho = 1.000
(iter 10) [0.0, -1.4534, 1.8455] = 443.1548, sampling [1.0, 1.3010, 0.1764]. Recommendation = [0.0, 0.2443, 0.0593], Current Cost = 5253.00, Rho = 1.000
(iter 10) [0.0, -1.4534, 1.8455] = 443.1548, sampling [1.0, -1.6841, 1.5819]. Recommendation = [0.0, 0.2443, 0.0593], Current Cost = 5254.00, Rho = 1.000
(iter 10) [0.0, -1.4534, 1.8455] = 443.1548, sampling [1.0, -0.1294, 1.3775]. Recommendation = [0.0, 0.2443, 0.0593], Current Cost = 5255.00, Rho = 1.000
(iter 10) [0.0, -1.4534, 1.8455] = 443.1548, sampling [1.0, -1.1271, 0.1500]. Recommendation = [0.0, 0.2443, 0.0593], Current Cost = 5256.00, Rho = 1.000
(iter 10) [0.0, -1.4534, 1.8455] = 443.1548, sampling [1.0, -0.6190, -0.9768]. Recommendation = [0.0, 0.2443, 0.0593], Current Cost = 5257.00, Rho = 1.000
(iter 10) [0.0, -1.4534, 1.8455] = 443.1548, sampling [1.0, 0.4607, 1.7781]. Recommendation = [0.0, 0.2443, 0.0593], Current Cost = 5258.00, Rho = 1.000
(iter 10) [0.0, -1.4534, 1.8455] = 443.1548, sampling [1.0, 0.0702, -1.8742]. Recommendation = [0.0, 0.2443, 0.0593], Current Cost = 5259.00, Rho = 1.000
(iter 10) [0.0, -1.4534, 1.8455] = 443.1548, sampling [1.0, -0.6851, 1.6845]. Recommendation = [0.0, 0.2443, 0.0593], Current Cost = 5260.00, Rho = 1.000
(iter 10) [0.0, -1.4534, 1.8455] = 443.1548, sampling [1.0, 0.9329, -0.7881]. Recommendation = [0.0, 0.2443, 0.0593], Current Cost = 5261.00, Rho = 1.000
(iter 10) [0.0, -1.4534, 1.8455] = 443.1548, sampling [1.0, -0.1527, 1.7551]. Recommendation = [0.0, 0.2443, 0.0593], Current Cost = 5262.00, Rho = 1.000
(iter 10) [0.0, -1.4534, 1.8455] = 443.1548, sampling [1.0, 0.5509, -0.9524]. Recommendation = [0.0, 0.2443, 0.0593], Current Cost = 5263.00, Rho = 1.000
(iter 10) [0.0, -1.4534, 1.8455] = 443.1548, sampling [1.0, -1.4420, 1.0076]. Recommendation = [0.0, 0.2443, 0.0593], Current Cost = 5264.00, Rho = 1.000
(iter 10) [0.0, -1.4534, 1.8455] = 443.1548, sampling [1.0, 0.7371, 1.7662]. Recommendation = [0.0, 0.2443, 0.0593], Current Cost = 5265.00, Rho = 1.000
(iter 10) [0.0, -1.4534, 1.8455] = 443.1548, sampling [1.0, -1.8096, 1.8157]. Recommendation = [0.0, 0.2443, 0.0593], Current Cost = 5266.00, Rho = 1.000
(iter 10) [0.0, -1.4534, 1.8455] = 443.1548, sampling [1.0, 0.5711, -1.4302]. Recommendation = [0.0, 0.2443, 0.0593], Current Cost = 5267.00, Rho = 1.000
(iter 10) [0.0, -1.4534, 1.8455] = 443.1548, sampling [1.0, 1.4287, 0.5536]. Recommendation = [0.0, 0.2443, 0.0593], Current Cost = 5268.00, Rho = 1.000
(iter 10) [0.0, -1.4534, 1.8455] = 443.1548, sampling [1.0, 1.1378, -0.0379]. Recommendation = [0.0, 0.2443, 0.0593], Current Cost = 5269.00, Rho = 1.000
(iter 10) [0.0, -1.4534, 1.8455] = 443.1548, sampling [1.0, 0.2758, 1.3279]. Recommendation = [0.0, 0.2443, 0.0593], Current Cost = 5270.00, Rho = 1.000
(iter 10) [0.0, -1.4534, 1.8455] = 443.1548, sampling [1.0, -0.3162, -1.6333]. Recommendation = [0.0, 0.2443, 0.0593], Current Cost = 5271.00, Rho = 1.000
(iter 10) [0.0, -1.4534, 1.8455] = 443.1548, sampling [1.0, 0.1613, -1.4849]. Recommendation = [0.0, 0.2443, 0.0593], Current Cost = 5272.00, Rho = 1.000
(iter 10) [0.0, -1.4534, 1.8455] = 443.1548, sampling [1.0, -1.3024, 0.5042]. Recommendation = [0.0, 0.2443, 0.0593], Current Cost = 5273.00, Rho = 1.000
(iter 10) [0.0, -1.4534, 1.8455] = 443.1548, sampling [1.0, -0.6670, -0.8725]. Recommendation = [0.0, 0.2443, 0.0593], Current Cost = 5274.00, Rho = 1.000
(iter 10) [0.0, -1.4534, 1.8455] = 443.1548, sampling [1.0, -1.2369, -0.0896]. Recommendation = [0.0, 0.2443, 0.0593], Current Cost = 5275.00, Rho = 1.000
(iter 10) [0.0, -1.4534, 1.8455] = 443.1548, sampling [1.0, 0.2838, 1.2375]. Recommendation = [0.0, 0.2443, 0.0593], Current Cost = 5276.00, Rho = 1.000
(iter 10) [0.0, -1.4534, 1.8455] = 443.1548, sampling [1.0, -0.1665, 1.5129]. Recommendation = [0.0, 0.2443, 0.0593], Current Cost = 5277.00, Rho = 1.000
(iter 10) [0.0, -1.4534, 1.8455] = 443.1548, sampling [1.0, 1.9977, 0.8589]. Recommendation = [0.0, 0.2443, 0.0593], Current Cost = 5278.00, Rho = 1.000
(iter 10) [0.0, -1.4534, 1.8455] = 443.1548, sampling [1.0, -1.6777, 0.9405]. Recommendation = [0.0, 0.2443, 0.0593], Current Cost = 5279.00, Rho = 1.000
(iter 10) [0.0, -1.4534, 1.8455] = 443.1548, sampling [1.0, -1.9217, 1.6170]. Recommendation = [0.0, 0.2443, 0.0593], Current Cost = 5280.00, Rho = 1.000
(iter 10) [0.0, -1.4534, 1.8455] = 443.1548, sampling [1.0, 1.3844, 0.3495]. Recommendation = [0.0, 0.2443, 0.0593], Current Cost = 5281.00, Rho = 1.000
(iter 10) [0.0, -1.4534, 1.8455] = 443.1548, sampling [1.0, -1.0357, -0.8541]. Recommendation = [0.0, 0.2443, 0.0593], Current Cost = 5282.00, Rho = 1.000
(iter 10) [0.0, -1.4534, 1.8455] = 443.1548, sampling [1.0, -0.8268, -1.1864]. Recommendation = [0.0, 0.2443, 0.0593], Current Cost = 5283.00, Rho = 1.000
(iter 10) [0.0, -1.4534, 1.8455] = 443.1548, sampling [1.0, -0.0753, -1.6080]. Recommendation = [0.0, 0.2443, 0.0593], Current Cost = 5284.00, Rho = 1.000
(iter 10) [0.0, -1.4534, 1.8455] = 443.1548, sampling [1.0, 1.2584, 0.5376]. Recommendation = [0.0, 0.2443, 0.0593], Current Cost = 5285.00, Rho = 1.000
(iter 10) [0.0, -1.4534, 1.8455] = 443.1548, sampling [1.0, 0.2679, -1.0456]. Recommendation = [0.0, 0.2443, 0.0593], Current Cost = 5286.00, Rho = 1.000
(iter 10) [0.0, -1.4534, 1.8455] = 443.1548, sampling [1.0, 0.5881, 1.3961]. Recommendation = [0.0, 0.2443, 0.0593], Current Cost = 5287.00, Rho = 1.000
(iter 10) [0.0, -1.4534, 1.8455] = 443.1548, sampling [1.0, 0.3665, 1.6249]. Recommendation = [0.0, 0.2443, 0.0593], Current Cost = 5288.00, Rho = 1.000
(iter 10) [0.0, -1.4534, 1.8455] = 443.1548, sampling [1.0, 0.6816, -1.1933]. Recommendation = [0.0, 0.2443, 0.0593], Current Cost = 5289.00, Rho = 1.000
(iter 10) [0.0, -1.4534, 1.8455] = 443.1548, sampling [1.0, 0.3597, -1.7675]. Recommendation = [0.0, 0.2443, 0.0593], Current Cost = 5290.00, Rho = 1.000
(iter 10) [0.0, -1.4534, 1.8455] = 443.1548, sampling [1.0, 0.0967, -1.6920]. Recommendation = [0.0, 0.2443, 0.0593], Current Cost = 5291.00, Rho = 1.000
(iter 10) [0.0, -1.4534, 1.8455] = 443.1548, sampling [1.0, 0.4154, -1.1782]. Recommendation = [0.0, 0.2443, 0.0593], Current Cost = 5292.00, Rho = 1.000
(iter 10) [0.0, -1.4534, 1.8455] = 443.1548, sampling [1.0, -1.4056, 0.2213]. Recommendation = [0.0, 0.2443, 0.0593], Current Cost = 5293.00, Rho = 1.000
(iter 10) [0.0, -1.4534, 1.8455] = 443.1548, sampling [1.0, -0.4592, 1.8371]. Recommendation = [0.0, 0.2443, 0.0593], Current Cost = 5294.00, Rho = 1.000
(iter 10) [0.0, -1.4534, 1.8455] = 443.1548, sampling [1.0, -1.6036, 1.1345]. Recommendation = [0.0, 0.2443, 0.0593], Current Cost = 5295.00, Rho = 1.000
(iter 10) [0.0, -1.4534, 1.8455] = 443.1548, sampling [1.0, 0.8452, -0.7162]. Recommendation = [0.0, 0.2443, 0.0593], Current Cost = 5296.00, Rho = 1.000
(iter 10) [0.0, -1.4534, 1.8455] = 443.1548, sampling [1.0, -0.1262, -1.9761]. Recommendation = [0.0, 0.2443, 0.0593], Current Cost = 5297.00, Rho = 1.000
(iter 10) [0.0, -1.4534, 1.8455] = 443.1548, sampling [1.0, -1.2846, -0.5789]. Recommendation = [0.0, 0.2443, 0.0593], Current Cost = 5298.00, Rho = 1.000
(iter 10) [0.0, -1.4534, 1.8455] = 443.1548, sampling [1.0, 0.2102, 1.6409]. Recommendation = [0.0, 0.2443, 0.0593], Current Cost = 5299.00, Rho = 1.000
(iter 10) [0.0, -1.4534, 1.8455] = 443.1548, sampling [1.0, -1.5081, 0.5265]. Recommendation = [0.0, 0.2443, 0.0593], Current Cost = 5300.00, Rho = 1.000
(iter 10) [0.0, -1.4534, 1.8455] = 443.1548, sampling [1.0, -1.1071, 0.1225]. Recommendation = [0.0, 0.2443, 0.0593], Current Cost = 5301.00, Rho = 1.000
(iter 10) [0.0, -1.4534, 1.8455] = 443.1548, sampling [1.0, 0.9687, -0.0985]. Recommendation = [0.0, 0.2443, 0.0593], Current Cost = 5302.00, Rho = 1.000
(iter 10) [0.0, -1.4534, 1.8455] = 443.1548, sampling [1.0, -0.7244, -1.3979]. Recommendation = [0.0, 0.2443, 0.0593], Current Cost = 5303.00, Rho = 1.000
(iter 10) [0.0, -1.4534, 1.8455] = 443.1548, sampling [1.0, 1.5402, -0.4173]. Recommendation = [0.0, 0.2443, 0.0593], Current Cost = 5304.00, Rho = 1.000
(iter 10) [0.0, -1.4534, 1.8455] = 443.1548, sampling [1.0, 0.8035, -1.0197]. Recommendation = [0.0, 0.2443, 0.0593], Current Cost = 5305.00, Rho = 1.000
(iter 10) [0.0, -1.4534, 1.8455] = 443.1548, sampling [1.0, 1.2838, 0.2344]. Recommendation = [0.0, 0.2443, 0.0593], Current Cost = 5306.00, Rho = 1.000
(iter 10) [0.0, -1.4534, 1.8455] = 443.1548, sampling [1.0, -1.8767, 1.1162]. Recommendation = [0.0, 0.2443, 0.0593], Current Cost = 5307.00, Rho = 1.000
(iter 10) [0.0, -1.4534, 1.8455] = 443.1548, sampling [1.0, -0.8665, -0.8980]. Recommendation = [0.0, 0.2443, 0.0593], Current Cost = 5308.00, Rho = 1.000
(iter 10) [0.0, -1.4534, 1.8455] = 443.1548, sampling [1.0, 0.7992, 1.9172]. Recommendation = [0.0, 0.2443, 0.0593], Current Cost = 5309.00, Rho = 1.000
(iter 10) [0.0, -1.4534, 1.8455] = 443.1548, sampling [1.0, 0.5333, -1.9593]. Recommendation = [0.0, 0.2443, 0.0593], Current Cost = 5310.00, Rho = 1.000
(iter 10) [0.0, -1.4534, 1.8455] = 443.1548, sampling [1.0, -0.3833, -1.7702]. Recommendation = [0.0, 0.2443, 0.0593], Current Cost = 5311.00, Rho = 1.000
(iter 10) [0.0, -1.4534, 1.8455] = 443.1548, sampling [1.0, 1.3351, -0.0056]. Recommendation = [0.0, 0.2443, 0.0593], Current Cost = 5312.00, Rho = 1.000
(iter 10) [0.0, -1.4534, 1.8455] = 443.1548, sampling [1.0, -0.2124, 1.8511]. Recommendation = [0.0, 0.2443, 0.0593], Current Cost = 5313.00, Rho = 1.000
(iter 10) [0.0, -1.4534, 1.8455] = 443.1548, sampling [1.0, -1.3180, 0.1352]. Recommendation = [0.0, 0.2443, 0.0593], Current Cost = 5314.00, Rho = 1.000
(iter 10) [0.0, -1.4534, 1.8455] = 443.1548, sampling [1.0, 1.0031, -0.9971]. Recommendation = [0.0, 0.2443, 0.0593], Current Cost = 5315.00, Rho = 1.000
(iter 10) [0.0, -1.4534, 1.8455] = 443.1548, sampling [1.0, 0.6733, -1.6195]. Recommendation = [0.0, 0.2443, 0.0593], Current Cost = 5316.00, Rho = 1.000
(iter 10) [0.0, -1.4534, 1.8455] = 443.1548, sampling [1.0, 0.6587, -1.2966]. Recommendation = [0.0, 0.2443, 0.0593], Current Cost = 5317.00, Rho = 1.000
(iter 10) [0.0, -1.4534, 1.8455] = 443.1548, sampling [1.0, -0.9612, -0.4062]. Recommendation = [0.0, 0.2443, 0.0593], Current Cost = 5318.00, Rho = 1.000
(iter 10) [0.0, -1.4534, 1.8455] = 443.1548, sampling [1.0, -1.3448, -0.1716]. Recommendation = [0.0, 0.2443, 0.0593], Current Cost = 5319.00, Rho = 1.000
(iter 10) [0.0, -1.4534, 1.8455] = 443.1548, sampling [1.0, 1.4896, 0.6055]. Recommendation = [0.0, 0.2443, 0.0593], Current Cost = 5320.00, Rho = 1.000
(iter 10) [0.0, -1.4534, 1.8455] = 443.1548, sampling [1.0, 0.8767, -1.3066]. Recommendation = [0.0, 0.2443, 0.0593], Current Cost = 5321.00, Rho = 1.000
(iter 10) [0.0, -1.4534, 1.8455] = 443.1548, sampling [1.0, 1.0363, -0.7664]. Recommendation = [0.0, 0.2443, 0.0593], Current Cost = 5322.00, Rho = 1.000
(iter 10) [0.0, -1.4534, 1.8455] = 443.1548, sampling [1.0, 0.6374, 1.4332]. Recommendation = [0.0, 0.2443, 0.0593], Current Cost = 5323.00, Rho = 1.000
(iter 10) [0.0, -1.4534, 1.8455] = 443.1548, sampling [1.0, 0.2252, 1.7367]. Recommendation = [0.0, 0.2443, 0.0593], Current Cost = 5324.00, Rho = 1.000
(iter 10) [0.0, -1.4534, 1.8455] = 443.1548, sampling [1.0, -1.2512, -0.3866]. Recommendation = [0.0, 0.2443, 0.0593], Current Cost = 5325.00, Rho = 1.000
(iter 10) [0.0, -1.4534, 1.8455] = 443.1548, sampling [1.0, -1.0004, -1.0789]. Recommendation = [0.0, 0.2443, 0.0593], Current Cost = 5326.00, Rho = 1.000
(iter 10) [0.0, -1.4534, 1.8455] = 443.1548, sampling [1.0, -1.7941, 0.7501]. Recommendation = [0.0, 0.2443, 0.0593], Current Cost = 5327.00, Rho = 1.000
(iter 10) [0.0, -1.4534, 1.8455] = 443.1548, sampling [1.0, -0.5291, -1.6441]. Recommendation = [0.0, 0.2443, 0.0593], Current Cost = 5328.00, Rho = 1.000
(iter 10) [0.0, -1.4534, 1.8455] = 443.1548, sampling [1.0, 0.2883, -1.6595]. Recommendation = [0.0, 0.2443, 0.0593], Current Cost = 5329.00, Rho = 1.000
(iter 10) [0.0, -1.4534, 1.8455] = 443.1548, sampling [1.0, -0.1383, 1.5409]. Recommendation = [0.0, 0.2443, 0.0593], Current Cost = 5330.00, Rho = 1.000
(iter 10) [0.0, -1.4534, 1.8455] = 443.1548, sampling [1.0, 1.5704, 0.5314]. Recommendation = [0.0, 0.2443, 0.0593], Current Cost = 5331.00, Rho = 1.000
(iter 10) [0.0, -1.4534, 1.8455] = 443.1548, sampling [1.0, 0.8992, -1.1480]. Recommendation = [0.0, 0.2443, 0.0593], Current Cost = 5332.00, Rho = 1.000
(iter 10) [0.0, -1.4534, 1.8455] = 443.1548, sampling [1.0, 1.9535, -0.0519]. Recommendation = [0.0, 0.2443, 0.0593], Current Cost = 5333.00, Rho = 1.000
(iter 10) [0.0, -1.4534, 1.8455] = 443.1548, sampling [1.0, 1.2470, -0.8087]. Recommendation = [0.0, 0.2443, 0.0593], Current Cost = 5334.00, Rho = 1.000
(iter 10) [0.0, -1.4534, 1.8455] = 443.1548, sampling [1.0, -0.2191, 1.7518]. Recommendation = [0.0, 0.2443, 0.0593], Current Cost = 5335.00, Rho = 1.000
(iter 10) [0.0, -1.4534, 1.8455] = 443.1548, sampling [1.0, 0.5827, -1.7404]. Recommendation = [0.0, 0.2443, 0.0593], Current Cost = 5336.00, Rho = 1.000
(iter 10) [0.0, -1.4534, 1.8455] = 443.1548, sampling [1.0, 0.3908, 1.6482]. Recommendation = [0.0, 0.2443, 0.0593], Current Cost = 5337.00, Rho = 1.000
(iter 10) [0.0, -1.4534, 1.8455] = 443.1548, sampling [1.0, -1.3041, 0.4878]. Recommendation = [0.0, 0.2443, 0.0593], Current Cost = 5338.00, Rho = 1.000
(iter 10) [0.0, -1.4534, 1.8455] = 443.1548, sampling [1.0, 1.5049, 0.3044]. Recommendation = [0.0, 0.2443, 0.0593], Current Cost = 5339.00, Rho = 1.000
(iter 10) [0.0, -1.4534, 1.8455] = 443.1548, sampling [1.0, 1.7829, 1.1498]. Recommendation = [0.0, 0.2443, 0.0593], Current Cost = 5340.00, Rho = 1.000
(iter 10) [0.0, -1.4534, 1.8455] = 443.1548, sampling [1.0, -1.6255, -0.5586]. Recommendation = [0.0, 0.2443, 0.0593], Current Cost = 5341.00, Rho = 1.000
(iter 10) [0.0, -1.4534, 1.8455] = 443.1548, sampling [1.0, 0.3950, -1.1707]. Recommendation = [0.0, 0.2443, 0.0593], Current Cost = 5342.00, Rho = 1.000
(iter 10) [0.0, -1.4534, 1.8455] = 443.1548, sampling [1.0, 0.6427, -1.4574]. Recommendation = [0.0, 0.2443, 0.0593], Current Cost = 5343.00, Rho = 1.000
(iter 10) [0.0, -1.4534, 1.8455] = 443.1548, sampling [1.0, -0.6988, -1.7845]. Recommendation = [0.0, 0.2443, 0.0593], Current Cost = 5344.00, Rho = 1.000
(iter 10) [0.0, -1.4534, 1.8455] = 443.1548, sampling [1.0, 1.7468, 0.8711]. Recommendation = [0.0, 0.2443, 0.0593], Current Cost = 5345.00, Rho = 1.000
(iter 10) [0.0, -1.4534, 1.8455] = 443.1548, sampling [1.0, 0.7874, -1.8712]. Recommendation = [0.0, 0.2443, 0.0593], Current Cost = 5346.00, Rho = 1.000
(iter 10) [0.0, -1.4534, 1.8455] = 443.1548, sampling [1.0, -1.0270, -1.4101]. Recommendation = [0.0, 0.2443, 0.0593], Current Cost = 5347.00, Rho = 1.000
(iter 10) [0.0, -1.4534, 1.8455] = 443.1548, sampling [1.0, -1.2064, -0.9517]. Recommendation = [0.0, 0.2443, 0.0593], Current Cost = 5348.00, Rho = 1.000
(iter 10) [0.0, -1.4534, 1.8455] = 443.1548, sampling [1.0, 0.4163, 1.5886]. Recommendation = [0.0, 0.2443, 0.0593], Current Cost = 5349.00, Rho = 1.000
(iter 10) [0.0, -1.4534, 1.8455] = 443.1548, sampling [1.0, -0.7431, -1.5063]. Recommendation = [0.0, 0.2443, 0.0593], Current Cost = 5350.00, Rho = 1.000
(iter 10) [0.0, -1.4534, 1.8455] = 443.1548, sampling [1.0, -1.7331, 1.0278]. Recommendation = [0.0, 0.2443, 0.0593], Current Cost = 5351.00, Rho = 1.000
(iter 10) [0.0, -1.4534, 1.8455] = 443.1548, sampling [1.0, -1.8941, 1.3678]. Recommendation = [0.0, 0.2443, 0.0593], Current Cost = 5352.00, Rho = 1.000
(iter 10) [0.0, -1.4534, 1.8455] = 443.1548, sampling [1.0, 1.9078, 1.3071]. Recommendation = [0.0, 0.2443, 0.0593], Current Cost = 5353.00, Rho = 1.000
(iter 10) [0.0, -1.4534, 1.8455] = 443.1548, sampling [1.0, 1.0752, -1.1243]. Recommendation = [0.0, 0.2443, 0.0593], Current Cost = 5354.00, Rho = 1.000
(iter 10) [0.0, -1.4534, 1.8455] = 443.1548, sampling [1.0, 1.4361, -0.0731]. Recommendation = [0.0, 0.2443, 0.0593], Current Cost = 5355.00, Rho = 1.000
(iter 10) [0.0, -1.4534, 1.8455] = 443.1548, sampling [1.0, -1.2724, -0.3077]. Recommendation = [0.0, 0.2443, 0.0593], Current Cost = 5356.00, Rho = 1.000
(iter 10) [0.0, -1.4534, 1.8455] = 443.1548, sampling [1.0, -1.3614, 0.1657]. Recommendation = [0.0, 0.2443, 0.0593], Current Cost = 5357.00, Rho = 1.000
(iter 10) [0.0, -1.4534, 1.8455] = 443.1548, sampling [1.0, -0.8909, -1.1578]. Recommendation = [0.0, 0.2443, 0.0593], Current Cost = 5358.00, Rho = 1.000
(iter 10) [0.0, -1.4534, 1.8455] = 443.1548, sampling [1.0, 0.6959, -1.2646]. Recommendation = [0.0, 0.2443, 0.0593], Current Cost = 5359.00, Rho = 1.000
(iter 10) [0.0, -1.4534, 1.8455] = 443.1548, sampling [1.0, -1.4945, -0.1765]. Recommendation = [0.0, 0.2443, 0.0593], Current Cost = 5360.00, Rho = 1.000
(iter 10) [0.0, -1.4534, 1.8455] = 443.1548, sampling [1.0, -1.7400, 0.5767]. Recommendation = [0.0, 0.2443, 0.0593], Current Cost = 5361.00, Rho = 1.000
(iter 10) [0.0, -1.4534, 1.8455] = 443.1548, sampling [1.0, -0.8474, -1.9648]. Recommendation = [0.0, 0.2443, 0.0593], Current Cost = 5362.00, Rho = 1.000
(iter 10) [0.0, -1.4534, 1.8455] = 443.1548, sampling [1.0, 1.7701, 0.7234]. Recommendation = [0.0, 0.2443, 0.0593], Current Cost = 5363.00, Rho = 1.000
(iter 10) [0.0, -1.4534, 1.8455] = 443.1548, sampling [1.0, -1.9989, 0.7426]. Recommendation = [0.0, 0.2443, 0.0593], Current Cost = 5364.00, Rho = 1.000
(iter 10) [0.0, -1.4534, 1.8455] = 443.1548, sampling [1.0, 0.5398, -1.8265]. Recommendation = [0.0, 0.2443, 0.0593], Current Cost = 5365.00, Rho = 1.000
(iter 10) [0.0, -1.4534, 1.8455] = 443.1548, sampling [1.0, 0.7004, -1.0693]. Recommendation = [0.0, 0.2443, 0.0593], Current Cost = 5366.00, Rho = 1.000
(iter 10) [0.0, -1.4534, 1.8455] = 443.1548, sampling [1.0, 1.1196, -1.3316]. Recommendation = [0.0, 0.2443, 0.0593], Current Cost = 5367.00, Rho = 1.000
(iter 10) [0.0, -1.4534, 1.8455] = 443.1548, sampling [1.0, 1.5142, -0.9412]. Recommendation = [0.0, 0.2443, 0.0593], Current Cost = 5368.00, Rho = 1.000
(iter 10) [0.0, -1.4534, 1.8455] = 443.1548, sampling [1.0, 0.9273, -1.9969]. Recommendation = [0.0, 0.2443, 0.0593], Current Cost = 5369.00, Rho = 1.000
(iter 10) [0.0, -1.4534, 1.8455] = 443.1548, sampling [1.0, -0.8754, -1.7511]. Recommendation = [0.0, 0.2443, 0.0593], Current Cost = 5370.00, Rho = 1.000
(iter 10) [0.0, -1.4534, 1.8455] = 443.1548, sampling [1.0, -1.3438, -0.7116]. Recommendation = [0.0, 0.2443, 0.0593], Current Cost = 5371.00, Rho = 1.000
(iter 10) [0.0, -1.4534, 1.8455] = 443.1548, sampling [1.0, -0.8503, -1.2263]. Recommendation = [0.0, 0.2443, 0.0593], Current Cost = 5372.00, Rho = 1.000
(iter 10) [0.0, -1.4534, 1.8455] = 443.1548, sampling [1.0, -0.0712, -1.5893]. Recommendation = [0.0, 0.2443, 0.0593], Current Cost = 5373.00, Rho = 1.000
(iter 10) [0.0, -1.4534, 1.8455] = 443.1548, sampling [1.0, -1.9807, -0.8645]. Recommendation = [0.0, 0.2443, 0.0593], Current Cost = 5374.00, Rho = 1.000
(iter 10) [0.0, -1.4534, 1.8455] = 443.1548, sampling [1.0, 0.4816, -1.9004]. Recommendation = [0.0, 0.2443, 0.0593], Current Cost = 5375.00, Rho = 1.000
(iter 10) [0.0, -1.4534, 1.8455] = 443.1548, sampling [1.0, 1.8685, 1.0157]. Recommendation = [0.0, 0.2443, 0.0593], Current Cost = 5376.00, Rho = 1.000
(iter 10) [0.0, -1.4534, 1.8455] = 443.1548, sampling [1.0, 0.9080, -1.1068]. Recommendation = [0.0, 0.2443, 0.0593], Current Cost = 5377.00, Rho = 1.000
(iter 10) [0.0, -1.4534, 1.8455] = 443.1548, sampling [1.0, -0.9684, -1.5583]. Recommendation = [0.0, 0.2443, 0.0593], Current Cost = 5378.00, Rho = 1.000
(iter 10) [0.0, -1.4534, 1.8455] = 443.1548, sampling [1.0, 1.4421, -0.3552]. Recommendation = [0.0, 0.2443, 0.0593], Current Cost = 5379.00, Rho = 1.000
(iter 10) [0.0, -1.4534, 1.8455] = 443.1548, sampling [1.0, -0.6905, -1.5727]. Recommendation = [0.0, 0.2443, 0.0593], Current Cost = 5380.00, Rho = 1.000
(iter 10) [0.0, -1.4534, 1.8455] = 443.1548, sampling [1.0, 1.2512, -1.0877]. Recommendation = [0.0, 0.2443, 0.0593], Current Cost = 5381.00, Rho = 1.000
(iter 10) [0.0, -1.4534, 1.8455] = 443.1548, sampling [1.0, -1.7093, 0.2638]. Recommendation = [0.0, 0.2443, 0.0593], Current Cost = 5382.00, Rho = 1.000
(iter 10) [0.0, -1.4534, 1.8455] = 443.1548, sampling [1.0, -1.3686, -0.5243]. Recommendation = [0.0, 0.2443, 0.0593], Current Cost = 5383.00, Rho = 1.000
(iter 10) [0.0, -1.4534, 1.8455] = 443.1548, sampling [1.0, 1.1288, -1.5411]. Recommendation = [0.0, 0.2443, 0.0593], Current Cost = 5384.00, Rho = 1.000
(iter 10) [0.0, -1.4534, 1.8455] = 443.1548, sampling [1.0, 1.9185, 0.3914]. Recommendation = [0.0, 0.2443, 0.0593], Current Cost = 5385.00, Rho = 1.000
(iter 10) [0.0, -1.4534, 1.8455] = 443.1548, sampling [1.0, 1.3545, -0.1097]. Recommendation = [0.0, 0.2443, 0.0593], Current Cost = 5386.00, Rho = 1.000
(iter 10) [0.0, -1.4534, 1.8455] = 443.1548, sampling [1.0, -1.2221, -1.3678]. Recommendation = [0.0, 0.2443, 0.0593], Current Cost = 5387.00, Rho = 1.000
(iter 10) [0.0, -1.4534, 1.8455] = 443.1548, sampling [1.0, -1.4284, -0.2233]. Recommendation = [0.0, 0.2443, 0.0593], Current Cost = 5388.00, Rho = 1.000
(iter 10) [0.0, -1.4534, 1.8455] = 443.1548, sampling [1.0, 1.8074, -0.6401]. Recommendation = [0.0, 0.2443, 0.0593], Current Cost = 5389.00, Rho = 1.000
(iter 10) [0.0, -1.4534, 1.8455] = 443.1548, sampling [1.0, -0.9767, -1.1175]. Recommendation = [0.0, 0.2443, 0.0593], Current Cost = 5390.00, Rho = 1.000
(iter 10) [0.0, -1.4534, 1.8455] = 443.1548, sampling [1.0, 1.9906, 1.5248]. Recommendation = [0.0, 0.2443, 0.0593], Current Cost = 5391.00, Rho = 1.000
(iter 10) [0.0, -1.4534, 1.8455] = 443.1548, sampling [1.0, -1.7646, 0.8142]. Recommendation = [0.0, 0.2443, 0.0593], Current Cost = 5392.00, Rho = 1.000
(iter 10) [0.0, -1.4534, 1.8455] = 443.1548, sampling [1.0, -1.7254, -0.0250]. Recommendation = [0.0, 0.2443, 0.0593], Current Cost = 5393.00, Rho = 1.000
(iter 10) [0.0, -1.4534, 1.8455] = 443.1548, sampling [1.0, 1.8402, 1.0996]. Recommendation = [0.0, 0.2443, 0.0593], Current Cost = 5394.00, Rho = 1.000
(iter 10) [0.0, -1.4534, 1.8455] = 443.1548, sampling [1.0, -1.0624, -1.8600]. Recommendation = [0.0, 0.2443, 0.0593], Current Cost = 5395.00, Rho = 1.000
(iter 10) [0.0, -1.4534, 1.8455] = 443.1548, sampling [1.0, -1.5656, -0.3770]. Recommendation = [0.0, 0.2443, 0.0593], Current Cost = 5396.00, Rho = 1.000
(iter 10) [0.0, -1.4534, 1.8455] = 443.1548, sampling [1.0, 1.9747, 1.3016]. Recommendation = [0.0, 0.2443, 0.0593], Current Cost = 5397.00, Rho = 1.000
(iter 10) [0.0, -1.4534, 1.8455] = 443.1548, sampling [1.0, 1.1034, -1.9852]. Recommendation = [0.0, 0.2443, 0.0593], Current Cost = 5398.00, Rho = 1.000
(iter 10) [0.0, -1.4534, 1.8455] = 443.1548, sampling [1.0, -1.0953, -1.3398]. Recommendation = [0.0, 0.2443, 0.0593], Current Cost = 5399.00, Rho = 1.000
(iter 10) [0.0, -1.4534, 1.8455] = 443.1548, sampling [1.0, -0.7852, -1.8005]. Recommendation = [0.0, 0.2443, 0.0593], Current Cost = 5400.00, Rho = 1.000
(iter 10) [0.0, -1.4534, 1.8455] = 443.1548, sampling [1.0, 1.0922, -1.2612]. Recommendation = [0.0, 0.2443, 0.0593], Current Cost = 5401.00, Rho = 1.000
(iter 10) [0.0, -1.4534, 1.8455] = 443.1548, sampling [1.0, -1.4347, -0.8215]. Recommendation = [0.0, 0.2443, 0.0593], Current Cost = 5402.00, Rho = 1.000
(iter 10) [0.0, -1.4534, 1.8455] = 443.1548, sampling [1.0, 1.3230, -0.9755]. Recommendation = [0.0, 0.2443, 0.0593], Current Cost = 5403.00, Rho = 1.000
(iter 10) [0.0, -1.4534, 1.8455] = 443.1548, sampling [1.0, 1.6396, -0.2856]. Recommendation = [0.0, 0.2443, 0.0593], Current Cost = 5404.00, Rho = 1.000
(iter 10) [0.0, -1.4534, 1.8455] = 443.1548, sampling [1.0, 1.9336, 1.0762]. Recommendation = [0.0, 0.2443, 0.0593], Current Cost = 5405.00, Rho = 1.000
(iter 10) [0.0, -1.4534, 1.8455] = 443.1548, sampling [1.0, -1.0860, -1.5033]. Recommendation = [0.0, 0.2443, 0.0593], Current Cost = 5406.00, Rho = 1.000
(iter 10) [0.0, -1.4534, 1.8455] = 443.1548, sampling [1.0, 1.4820, -1.2551]. Recommendation = [0.0, 0.2443, 0.0593], Current Cost = 5407.00, Rho = 1.000
(iter 10) [0.0, -1.4534, 1.8455] = 443.1548, sampling [1.0, -1.9313, 0.3629]. Recommendation = [0.0, 0.2443, 0.0593], Current Cost = 5408.00, Rho = 1.000
(iter 10) [0.0, -1.4534, 1.8455] = 443.1548, sampling [1.0, 1.7637, 0.3820]. Recommendation = [0.0, 0.2443, 0.0593], Current Cost = 5409.00, Rho = 1.000
(iter 10) [0.0, -1.4534, 1.8455] = 443.1548, sampling [1.0, 1.9670, -1.5328]. Recommendation = [0.0, 0.2443, 0.0593], Current Cost = 5410.00, Rho = 1.000
(iter 10) [0.0, -1.4534, 1.8455] = 443.1548, sampling [1.0, -1.8439, 1.0827]. Recommendation = [0.0, 0.2443, 0.0593], Current Cost = 5411.00, Rho = 1.000
(iter 10) [0.0, -1.4534, 1.8455] = 443.1548, sampling [1.0, 1.5357, -0.7304]. Recommendation = [0.0, 0.2443, 0.0593], Current Cost = 5412.00, Rho = 1.000
(iter 10) [0.0, -1.4534, 1.8455] = 443.1548, sampling [1.0, -1.6920, -0.2581]. Recommendation = [0.0, 0.2443, 0.0593], Current Cost = 5413.00, Rho = 1.000
(iter 10) [0.0, -1.4534, 1.8455] = 443.1548, sampling [1.0, -1.7036, 0.1146]. Recommendation = [0.0, 0.2443, 0.0593], Current Cost = 5414.00, Rho = 1.000
(iter 10) [0.0, -1.4534, 1.8455] = 443.1548, sampling [1.0, 1.9009, 0.7590]. Recommendation = [0.0, 0.2443, 0.0593], Current Cost = 5415.00, Rho = 1.000
(iter 10) [0.0, -1.4534, 1.8455] = 443.1548, sampling [1.0, -1.4094, -1.3463]. Recommendation = [0.0, 0.2443, 0.0593], Current Cost = 5416.00, Rho = 1.000
(iter 10) [0.0, -1.4534, 1.8455] = 443.1548, sampling [1.0, 0.9787, -1.8941]. Recommendation = [0.0, 0.2443, 0.0593], Current Cost = 5417.00, Rho = 1.000
(iter 10) [0.0, -1.4534, 1.8455] = 443.1548, sampling [1.0, -1.4817, -0.6145]. Recommendation = [0.0, 0.2443, 0.0593], Current Cost = 5418.00, Rho = 1.000
(iter 10) [0.0, -1.4534, 1.8455] = 443.1548, sampling [1.0, 1.1974, -1.1337]. Recommendation = [0.0, 0.2443, 0.0593], Current Cost = 5419.00, Rho = 1.000
(iter 10) [0.0, -1.4534, 1.8455] = 443.1548, sampling [1.0, -1.3567, -0.1570]. Recommendation = [0.0, 0.2443, 0.0593], Current Cost = 5420.00, Rho = 1.000
(iter 10) [0.0, -1.4534, 1.8455] = 443.1548, sampling [1.0, -1.8366, 0.6705]. Recommendation = [0.0, 0.2443, 0.0593], Current Cost = 5421.00, Rho = 1.000
(iter 10) [0.0, -1.4534, 1.8455] = 443.1548, sampling [1.0, -1.9615, -0.2036]. Recommendation = [0.0, 0.2443, 0.0593], Current Cost = 5422.00, Rho = 1.000
(iter 10) [0.0, -1.4534, 1.8455] = 443.1548, sampling [1.0, 1.7378, -0.1195]. Recommendation = [0.0, 0.2443, 0.0593], Current Cost = 5423.00, Rho = 1.000
(iter 10) [0.0, -1.4534, 1.8455] = 443.1548, sampling [1.0, 1.1259, -1.4514]. Recommendation = [0.0, 0.2443, 0.0593], Current Cost = 5424.00, Rho = 1.000
(iter 10) [0.0, -1.4534, 1.8455] = 443.1548, sampling [1.0, -1.0154, -1.0987]. Recommendation = [0.0, 0.2443, 0.0593], Current Cost = 5425.00, Rho = 1.000
(iter 10) [0.0, -1.4534, 1.8455] = 443.1548, sampling [1.0, 1.2056, -1.8459]. Recommendation = [0.0, 0.2443, 0.0593], Current Cost = 5426.00, Rho = 1.000
(iter 10) [0.0, -1.4534, 1.8455] = 443.1548, sampling [1.0, -0.8077, -1.9350]. Recommendation = [0.0, 0.2443, 0.0593], Current Cost = 5427.00, Rho = 1.000
(iter 10) [0.0, -1.4534, 1.8455] = 443.1548, sampling [1.0, 1.2214, -1.4960]. Recommendation = [0.0, 0.2443, 0.0593], Current Cost = 5428.00, Rho = 1.000
(iter 10) [0.0, -1.4534, 1.8455] = 443.1548, sampling [1.0, -1.4214, -1.6481]. Recommendation = [0.0, 0.2443, 0.0593], Current Cost = 5429.00, Rho = 1.000
(iter 10) [0.0, -1.4534, 1.8455] = 443.1548, sampling [1.0, 1.9478, 0.9488]. Recommendation = [0.0, 0.2443, 0.0593], Current Cost = 5430.00, Rho = 1.000
(iter 10) [0.0, -1.4534, 1.8455] = 443.1548, sampling [1.0, -1.9413, 0.8047]. Recommendation = [0.0, 0.2443, 0.0593], Current Cost = 5431.00, Rho = 1.000
(iter 10) [0.0, -1.4534, 1.8455] = 443.1548, sampling [1.0, -1.9880, -1.4015]. Recommendation = [0.0, 0.2443, 0.0593], Current Cost = 5432.00, Rho = 1.000
(iter 10) [0.0, -1.4534, 1.8455] = 443.1548, sampling [1.0, 1.6713, -0.4867]. Recommendation = [0.0, 0.2443, 0.0593], Current Cost = 5433.00, Rho = 1.000
(iter 10) [0.0, -1.4534, 1.8455] = 443.1548, sampling [1.0, -1.4730, -0.2116]. Recommendation = [0.0, 0.2443, 0.0593], Current Cost = 5434.00, Rho = 1.000
(iter 10) [0.0, -1.4534, 1.8455] = 443.1548, sampling [1.0, 1.4991, -0.3658]. Recommendation = [0.0, 0.2443, 0.0593], Current Cost = 5435.00, Rho = 1.000
(iter 10) [0.0, -1.4534, 1.8455] = 443.1548, sampling [1.0, -1.7914, 0.2711]. Recommendation = [0.0, 0.2443, 0.0593], Current Cost = 5436.00, Rho = 1.000
(iter 10) [0.0, -1.4534, 1.8455] = 443.1548, sampling [1.0, -0.8860, -1.9431]. Recommendation = [0.0, 0.2443, 0.0593], Current Cost = 5437.00, Rho = 1.000
(iter 10) [0.0, -1.4534, 1.8455] = 443.1548, sampling [1.0, 1.4161, -1.3888]. Recommendation = [0.0, 0.2443, 0.0593], Current Cost = 5438.00, Rho = 1.000
(iter 10) [0.0, -1.4534, 1.8455] = 443.1548, sampling [1.0, -1.4979, -0.6821]. Recommendation = [0.0, 0.2443, 0.0593], Current Cost = 5439.00, Rho = 1.000
(iter 10) [0.0, -1.4534, 1.8455] = 443.1548, sampling [1.0, 1.9397, -0.4755]. Recommendation = [0.0, 0.2443, 0.0593], Current Cost = 5440.00, Rho = 1.000
(iter 10) [0.0, -1.4534, 1.8455] = 443.1548, sampling [1.0, -1.1398, -1.3562]. Recommendation = [0.0, 0.2443, 0.0593], Current Cost = 5441.00, Rho = 1.000
(iter 10) [0.0, -1.4534, 1.8455] = 443.1548, sampling [1.0, 1.6549, -1.0621]. Recommendation = [0.0, 0.2443, 0.0593], Current Cost = 5442.00, Rho = 1.000
(iter 10) [0.0, -1.4534, 1.8455] = 443.1548, sampling [1.0, 1.3709, -0.9678]. Recommendation = [0.0, 0.2443, 0.0593], Current Cost = 5443.00, Rho = 1.000
(iter 10) [0.0, -1.4534, 1.8455] = 443.1548, sampling [1.0, 1.8481, 0.3401]. Recommendation = [0.0, 0.2443, 0.0593], Current Cost = 5444.00, Rho = 1.000
(iter 10) [0.0, -1.4534, 1.8455] = 443.1548, sampling [1.0, 1.4141, -1.8354]. Recommendation = [0.0, 0.2443, 0.0593], Current Cost = 5445.00, Rho = 1.000
(iter 10) [0.0, -1.4534, 1.8455] = 443.1548, sampling [1.0, -1.0201, -1.8874]. Recommendation = [0.0, 0.2443, 0.0593], Current Cost = 5446.00, Rho = 1.000
(iter 10) [0.0, -1.4534, 1.8455] = 443.1548, sampling [1.0, -1.7727, 0.1367]. Recommendation = [0.0, 0.2443, 0.0593], Current Cost = 5447.00, Rho = 1.000
(iter 10) [0.0, -1.4534, 1.8455] = 443.1548, sampling [1.0, 1.9258, 0.9941]. Recommendation = [0.0, 0.2443, 0.0593], Current Cost = 5448.00, Rho = 1.000
(iter 10) [0.0, -1.4534, 1.8455] = 443.1548, sampling [1.0, -1.7505, -0.7371]. Recommendation = [0.0, 0.2443, 0.0593], Current Cost = 5449.00, Rho = 1.000
(iter 10) [0.0, -1.4534, 1.8455] = 443.1548, sampling [1.0, 1.8184, -1.9125]. Recommendation = [0.0, 0.2443, 0.0593], Current Cost = 5450.00, Rho = 1.000
(iter 10) [0.0, -1.4534, 1.8455] = 443.1548, sampling [1.0, 1.6746, -0.6330]. Recommendation = [0.0, 0.2443, 0.0593], Current Cost = 5451.00, Rho = 1.000
(iter 10) [0.0, -1.4534, 1.8455] = 443.1548, sampling [1.0, 1.8846, -1.0138]. Recommendation = [0.0, 0.2443, 0.0593], Current Cost = 5452.00, Rho = 1.000
(iter 10) [0.0, -1.4534, 1.8455] = 443.1548, sampling [1.0, -1.4577, -1.4743]. Recommendation = [0.0, 0.2443, 0.0593], Current Cost = 5453.00, Rho = 1.000
(iter 10) [0.0, -1.4534, 1.8455] = 443.1548, sampling [1.0, 1.0823, -1.9228]. Recommendation = [0.0, 0.2443, 0.0593], Current Cost = 5454.00, Rho = 1.000
(iter 10) [0.0, -1.4534, 1.8455] = 443.1548, sampling [1.0, 1.4739, -0.3470]. Recommendation = [0.0, 0.2443, 0.0593], Current Cost = 5455.00, Rho = 1.000
(iter 10) [0.0, -1.4534, 1.8455] = 443.1548, sampling [1.0, -1.7541, 0.0829]. Recommendation = [0.0, 0.2443, 0.0593], Current Cost = 5456.00, Rho = 1.000
(iter 10) [0.0, -1.4534, 1.8455] = 443.1548, sampling [1.0, 1.1043, -1.2765]. Recommendation = [0.0, 0.2443, 0.0593], Current Cost = 5457.00, Rho = 1.000
(iter 10) [0.0, -1.4534, 1.8455] = 443.1548, sampling [1.0, 1.4530, -1.6713]. Recommendation = [0.0, 0.2443, 0.0593], Current Cost = 5458.00, Rho = 1.000
(iter 10) [0.0, -1.4534, 1.8455] = 443.1548, sampling [1.0, -1.1892, -1.3821]. Recommendation = [0.0, 0.2443, 0.0593], Current Cost = 5459.00, Rho = 1.000
(iter 10) [0.0, -1.4534, 1.8455] = 443.1548, sampling [1.0, 1.5617, -1.1632]. Recommendation = [0.0, 0.2443, 0.0593], Current Cost = 5460.00, Rho = 1.000
(iter 10) [0.0, -1.4534, 1.8455] = 443.1548, sampling [0.0, 1.3095, 1.7995]. Recommendation = [0.0, 0.2443, 0.0593], Current Cost = 5461.00, Rho = 1.000
(iter 466) [0.0, 1.3095, 1.7995] = 455.4872, sampling [1.0, 1.7272, -0.4407]. Recommendation = [0.0, 0.2443, 0.0593], Current Cost = 6461.00, Rho = 1.000
(iter 466) [0.0, 1.3095, 1.7995] = 455.4872, sampling [1.0, -1.9175, -1.9488]. Recommendation = [0.0, 0.2443, 0.0593], Current Cost = 6462.00, Rho = 1.000
(iter 466) [0.0, 1.3095, 1.7995] = 455.4872, sampling [1.0, 1.7914, -0.8079]. Recommendation = [0.0, 0.2443, 0.0593], Current Cost = 6463.00, Rho = 1.000
(iter 466) [0.0, 1.3095, 1.7995] = 455.4872, sampling [1.0, 1.6178, -1.2869]. Recommendation = [0.0, 0.2443, 0.0593], Current Cost = 6464.00, Rho = 1.000
(iter 466) [0.0, 1.3095, 1.7995] = 455.4872, sampling [1.0, -1.6403, -1.5964]. Recommendation = [0.0, 0.2443, 0.0593], Current Cost = 6465.00, Rho = 1.000
(iter 466) [0.0, 1.3095, 1.7995] = 455.4872, sampling [1.0, 1.6440, -0.3163]. Recommendation = [0.0, 0.2443, 0.0593], Current Cost = 6466.00, Rho = 1.000
(iter 466) [0.0, 1.3095, 1.7995] = 455.4872, sampling [0.0, 0.2443, 0.0593]. Recommendation = [0.0, 0.2443, 0.0593], Current Cost = 6467.00, Rho = 1.000
(iter 473) [0.0, 0.2443, 0.0593] = 455.7289, sampling [1.0, -1.5389, -1.8548]. Recommendation = [0.0, 0.2443, 0.0593], Current Cost = 7467.00, Rho = 1.000
(iter 473) [0.0, 0.2443, 0.0593] = 455.7289, sampling [1.0, 1.6910, -1.4663]. Recommendation = [0.0, 0.2443, 0.0593], Current Cost = 7468.00, Rho = 1.000
(iter 473) [0.0, 0.2443, 0.0593] = 455.7289, sampling [0.0, 0.9495, 0.9859]. Recommendation = [0.0, 0.2443, 0.0593], Current Cost = 7469.00, Rho = 1.000
(iter 473) [0.0, 0.2443, 0.0593] = 455.7289, sampling [1.0, 1.8097, -1.2360]. Recommendation = [0.0, 0.2443, 0.0593], Current Cost = 8469.00, Rho = 1.000
(iter 473) [0.0, 0.2443, 0.0593] = 455.7289, sampling [1.0, -1.7801, -1.3706]. Recommendation = [0.0, 0.2443, 0.0593], Current Cost = 8470.00, Rho = 1.000
(iter 473) [0.0, 0.2443, 0.0593] = 455.7289, sampling [1.0, -1.5596, -1.5121]. Recommendation = [0.0, 0.2443, 0.0593], Current Cost = 8471.00, Rho = 1.000
(iter 473) [0.0, 0.2443, 0.0593] = 455.7289, sampling [1.0, -1.8994, -0.7448]. Recommendation = [0.0, 0.2443, 0.0593], Current Cost = 8472.00, Rho = 1.000
(iter 473) [0.0, 0.2443, 0.0593] = 455.7289, sampling [1.0, -1.9562, -0.1410]. Recommendation = [0.0, 0.2443, 0.0593], Current Cost = 8473.00, Rho = 1.000
(iter 473) [0.0, 0.2443, 0.0593] = 455.7289, sampling [1.0, -1.8667, -0.9285]. Recommendation = [0.0, 0.2443, 0.0593], Current Cost = 8474.00, Rho = 1.000
(iter 473) [0.0, 0.2443, 0.0593] = 455.7289, sampling [1.0, -1.4647, -1.4231]. Recommendation = [0.0, 0.2443, 0.0593], Current Cost = 8475.00, Rho = 1.000
(iter 473) [0.0, 0.2443, 0.0593] = 455.7289, sampling [1.0, -1.5475, -1.7332]. Recommendation = [0.0, 0.2443, 0.0593], Current Cost = 8476.00, Rho = 1.000
(iter 473) [0.0, 0.2443, 0.0593] = 455.7289, sampling [1.0, 1.7594, -0.6989]. Recommendation = [0.0, 0.2443, 0.0593], Current Cost = 8477.00, Rho = 1.000
(iter 473) [0.0, 0.2443, 0.0593] = 455.7289, sampling [1.0, 1.8600, -0.5039]. Recommendation = [0.0, 0.2443, 0.0593], Current Cost = 8478.00, Rho = 1.000
(iter 473) [0.0, 0.2443, 0.0593] = 455.7289, sampling [1.0, 1.6117, -1.0894]. Recommendation = [0.0, 0.2443, 0.0593], Current Cost = 8479.00, Rho = 1.000
(iter 473) [0.0, 0.2443, 0.0593] = 455.7289, sampling [1.0, -1.7139, -1.7171]. Recommendation = [0.0, 0.2443, 0.0593], Current Cost = 8480.00, Rho = 1.000
(iter 473) [0.0, 0.2443, 0.0593] = 455.7289, sampling [1.0, 1.5935, -1.2033]. Recommendation = [0.0, 0.2443, 0.0593], Current Cost = 8481.00, Rho = 1.000
(iter 473) [0.0, 0.2443, 0.0593] = 455.7289, sampling [1.0, -1.8176, -1.5651]. Recommendation = [0.0, 0.2443, 0.0593], Current Cost = 8482.00, Rho = 1.000
(iter 473) [0.0, 0.2443, 0.0593] = 455.7289, sampling [1.0, 1.8797, -0.5615]. Recommendation = [0.0, 0.2443, 0.0593], Current Cost = 8483.00, Rho = 1.000
(iter 473) [0.0, 0.2443, 0.0593] = 455.7289, sampling [1.0, 1.6832, -1.2928]. Recommendation = [0.0, 0.2443, 0.0593], Current Cost = 8484.00, Rho = 1.000
(iter 473) [0.0, 0.2443, 0.0593] = 455.7289, sampling [1.0, -1.5354, -1.5494]. Recommendation = [0.0, 0.2443, 0.0593], Current Cost = 8485.00, Rho = 1.000
(iter 473) [0.0, 0.2443, 0.0593] = 455.7289, sampling [1.0, -1.9745, -1.7534]. Recommendation = [0.0, 0.2443, 0.0593], Current Cost = 8486.00, Rho = 1.000
(iter 473) [0.0, 0.2443, 0.0593] = 455.7289, sampling [1.0, 1.8313, -1.6033]. Recommendation = [0.0, 0.2443, 0.0593], Current Cost = 8487.00, Rho = 1.000
(iter 473) [0.0, 0.2443, 0.0593] = 455.7289, sampling [1.0, 1.5280, -1.7072]. Recommendation = [0.0, 0.2443, 0.0593], Current Cost = 8488.00, Rho = 1.000
(iter 473) [0.0, 0.2443, 0.0593] = 455.7289, sampling [1.0, 1.6023, -1.6739]. Recommendation = [0.0, 0.2443, 0.0593], Current Cost = 8489.00, Rho = 1.000
(iter 473) [0.0, 0.2443, 0.0593] = 455.7289, sampling [1.0, 1.7922, -1.3212]. Recommendation = [0.0, 0.2443, 0.0593], Current Cost = 8490.00, Rho = 1.000
(iter 473) [0.0, 0.2443, 0.0593] = 455.7289, sampling [1.0, -1.6216, -1.8145]. Recommendation = [0.0, 0.2443, 0.0593], Current Cost = 8491.00, Rho = 1.000
(iter 473) [0.0, 0.2443, 0.0593] = 455.7289, sampling [1.0, -1.8276, -1.4439]. Recommendation = [0.0, 0.2443, 0.0593], Current Cost = 8492.00, Rho = 1.000
(iter 473) [0.0, 0.2443, 0.0593] = 455.7289, sampling [1.0, -1.8591, -1.7831]. Recommendation = [0.0, 0.2443, 0.0593], Current Cost = 8493.00, Rho = 1.000
(iter 473) [0.0, 0.2443, 0.0593] = 455.7289, sampling [1.0, -1.5797, -1.8169]. Recommendation = [0.0, 0.2443, 0.0593], Current Cost = 8494.00, Rho = 1.000
(iter 473) [0.0, 0.2443, 0.0593] = 455.7289, sampling [1.0, -1.9068, -1.6870]. Recommendation = [0.0, 0.2443, 0.0593], Current Cost = 8495.00, Rho = 1.000
(iter 473) [0.0, 0.2443, 0.0593] = 455.7289, sampling [1.0, -1.6512, -1.7995]. Recommendation = [0.0, 0.2443, 0.0593], Current Cost = 8496.00, Rho = 1.000
(iter 473) [0.0, 0.2443, 0.0593] = 455.7289, sampling [1.0, 1.8379, -1.2439]. Recommendation = [0.0, 0.2443, 0.0593], Current Cost = 8497.00, Rho = 1.000
(iter 473) [0.0, 0.2443, 0.0593] = 455.7289, sampling [1.0, -1.8507, -1.9081]. Recommendation = [0.0, 0.2443, 0.0593], Current Cost = 8498.00, Rho = 1.000
(iter 473) [0.0, 0.2443, 0.0593] = 455.7289, sampling [1.0, 1.5454, -1.6971]. Recommendation = [0.0, 0.2443, 0.0593], Current Cost = 8499.00, Rho = 1.000
(iter 473) [0.0, 0.2443, 0.0593] = 455.7289, sampling [0.0, 0.3950, -1.1707]. Recommendation = [0.0, 0.2443, 0.0593], Current Cost = 8500.00, Rho = 1.000
(iter 473) [0.0, 0.2443, 0.0593] = 455.7289, sampling [0.0, 1.3471, 0.6859]. Recommendation = [0.0, 0.2443, 0.0593], Current Cost = 9500.00, Rho = 1.000
(iter 473) [0.0, 0.2443, 0.0593] = 455.7289, sampling [0.0, 0.0890, 0.4296]. Recommendation = [0.0, 0.2443, 0.0593], Current Cost = 10500.00, Rho = 1.000
(iter 473) [0.0, 0.2443, 0.0593] = 455.7289, sampling [0.0, 1.1043, -1.2765]. Recommendation = [0.0, 0.2443, 0.0593], Current Cost = 11500.00, Rho = 1.000
(iter 473) [0.0, 0.2443, 0.0593] = 455.7289, sampling [0.0, -0.5722, 1.1363]. Recommendation = [0.0, 0.2443, 0.0593], Current Cost = 12500.00, Rho = 1.000
(iter 473) [0.0, 0.2443, 0.0593] = 455.7289, sampling [0.0, -0.4592, 1.8371]. Recommendation = [0.0, 0.2443, 0.0593], Current Cost = 13500.00, Rho = 1.000
(iter 473) [0.0, 0.2443, 0.0593] = 455.7289, sampling [0.0, 0.1944, 0.9132]. Recommendation = [0.0, 0.2443, 0.0593], Current Cost = 14500.00, Rho = 1.000
(iter 473) [0.0, 0.2443, 0.0593] = 455.7289, sampling [0.0, -1.6920, -0.2581]. Recommendation = [0.0, 0.2443, 0.0593], Current Cost = 15500.00, Rho = 1.000
(iter 473) [0.0, 0.2443, 0.0593] = 455.7289, sampling [0.0, 0.5509, -0.9524]. Recommendation = [0.0, 0.2443, 0.0593], Current Cost = 16500.00, Rho = 1.000
(iter 473) [0.0, 0.2443, 0.0593] = 455.7289, sampling [0.0, 1.8846, -1.0138]. Recommendation = [0.0, 0.2443, 0.0593], Current Cost = 17500.00, Rho = 1.000
(iter 473) [0.0, 0.2443, 0.0593] = 455.7289, sampling [0.0, -1.2512, -0.3866]. Recommendation = [0.0, 0.2443, 0.0593], Current Cost = 18500.00, Rho = 1.000
(iter 473) [0.0, 0.2443, 0.0593] = 455.7289, sampling [0.0, -0.8754, -1.7511]. Recommendation = [0.0, 0.2443, 0.0593], Current Cost = 19500.00, Rho = 1.000
(iter 473) [0.0, 0.2443, 0.0593] = 455.7289, sampling [0.0, 0.8170, -0.4614]. Recommendation = [0.0, 0.2443, 0.0593], Current Cost = 20500.00, Rho = 1.000
(iter 473) [0.0, 0.2443, 0.0593] = 455.7289, sampling [0.0, -1.2221, -1.3678]. Recommendation = [0.0, 0.2443, 0.0593], Current Cost = 21500.00, Rho = 1.000
(iter 473) [0.0, 0.2443, 0.0593] = 455.7289, sampling [0.0, -0.9612, -0.4062]. Recommendation = [0.0, 0.2443, 0.0593], Current Cost = 22500.00, Rho = 1.000
(iter 473) [0.0, 0.2443, 0.0593] = 455.7289, sampling [0.0, -0.6851, 1.6845]. Recommendation = [0.0, 0.2443, 0.0593], Current Cost = 23500.00, Rho = 1.000
(iter 473) [0.0, 0.2443, 0.0593] = 455.7289, sampling [0.0, 1.4739, -0.3470]. Recommendation = [0.0, 0.2443, 0.0593], Current Cost = 24500.00, Rho = 1.000
(iter 473) [0.0, 0.2443, 0.0593] = 455.7289, sampling [0.0, 0.0737, 0.4003]. Recommendation = [0.0, 0.2443, 0.0593], Current Cost = 25500.00, Rho = 1.000
(iter 473) [0.0, 0.2443, 0.0593] = 455.7289, sampling [0.0, -0.2321, 0.7168]. Recommendation = [0.0, 0.2443, 0.0593], Current Cost = 26500.00, Rho = 1.000
(iter 473) [0.0, 0.2443, 0.0593] = 455.7289, sampling [0.0, -1.2958, 1.4144]. Recommendation = [0.0, 0.2443, 0.0593], Current Cost = 27500.00, Rho = 1.000
(iter 473) [0.0, 0.2443, 0.0593] = 455.7289, sampling [0.0, 0.9080, -1.1068]. Recommendation = [0.0, 0.2443, 0.0593], Current Cost = 28500.00, Rho = 1.000
(iter 473) [0.0, 0.2443, 0.0593] = 455.7289, sampling [0.0, 0.4937, -1.0010]. Recommendation = [0.0, 0.2443, 0.0593], Current Cost = 29500.00, Rho = 1.000
(iter 473) [0.0, 0.2443, 0.0593] = 455.7289, sampling [0.0, 1.7594, -0.6989]. Recommendation = [0.0, 0.2443, 0.0593], Current Cost = 30500.00, Rho = 1.000
(iter 473) [0.0, 0.2443, 0.0593] = 455.7289, sampling [0.0, -1.9465, 1.9046]. Recommendation = [0.0, 0.2443, 0.0593], Current Cost = 31500.00, Rho = 1.000
(iter 473) [0.0, 0.2443, 0.0593] = 455.7289, sampling [0.0, 1.3381, 0.9042]. Recommendation = [0.0, 0.2443, 0.0593], Current Cost = 32500.00, Rho = 1.000
(iter 473) [0.0, 0.2443, 0.0593] = 455.7289, sampling [0.0, -0.7516, 0.7284]. Recommendation = [0.0, 0.2443, 0.0593], Current Cost = 33500.00, Rho = 1.000
(iter 473) [0.0, 0.2443, 0.0593] = 455.7289, sampling [0.0, 1.9535, -0.0519]. Recommendation = [0.0, 0.2443, 0.0593], Current Cost = 34500.00, Rho = 1.000
(iter 473) [0.0, 0.2443, 0.0593] = 455.7289, sampling [0.0, 0.6959, -1.2646]. Recommendation = [0.0, 0.2443, 0.0593], Current Cost = 35500.00, Rho = 1.000
(iter 473) [0.0, 0.2443, 0.0593] = 455.7289, sampling [0.0, -0.3833, -1.7702]. Recommendation = [0.0, 0.2443, 0.0593], Current Cost = 36500.00, Rho = 1.000
(iter 473) [0.0, 0.2443, 0.0593] = 455.7289, sampling [0.0, -1.7331, 1.0278]. Recommendation = [0.0, 0.2443, 0.0593], Current Cost = 37500.00, Rho = 1.000
(iter 473) [0.0, 0.2443, 0.0593] = 455.7289, sampling [0.0, 1.5402, -0.4173]. Recommendation = [0.0, 0.2443, 0.0593], Current Cost = 38500.00, Rho = 1.000
(iter 473) [0.0, 0.2443, 0.0593] = 455.7289, sampling [0.0, 0.7371, 1.7662]. Recommendation = [0.0, 0.2443, 0.0593], Current Cost = 39500.00, Rho = 1.000
(iter 473) [0.0, 0.2443, 0.0593] = 455.7289, sampling [0.0, 1.6117, -1.0894]. Recommendation = [0.0, 0.2443, 0.0593], Current Cost = 40500.00, Rho = 1.000
(iter 473) [0.0, 0.2443, 0.0593] = 455.7289, sampling [0.0, -1.9989, 0.7426]. Recommendation = [0.0, 0.2443, 0.0593], Current Cost = 41500.00, Rho = 1.000
(iter 473) [0.0, 0.2443, 0.0593] = 455.7289, sampling [0.0, 0.3247, 0.2559]. Recommendation = [0.0, 0.2443, 0.0593], Current Cost = 42500.00, Rho = 1.000
(iter 473) [0.0, 0.2443, 0.0593] = 455.7289, sampling [0.0, 1.4530, -1.6713]. Recommendation = [0.0, 0.2443, 0.0593], Current Cost = 43500.00, Rho = 1.000
(iter 473) [0.0, 0.2443, 0.0593] = 455.7289, sampling [0.0, 1.5704, 0.5314]. Recommendation = [0.0, 0.2443, 0.0593], Current Cost = 44500.00, Rho = 1.000
(iter 473) [0.0, 0.2443, 0.0593] = 455.7289, sampling [0.0, 1.7378, -0.1195]. Recommendation = [0.0, 0.2443, 0.0593], Current Cost = 45500.00, Rho = 1.000
(iter 473) [0.0, 0.2443, 0.0593] = 455.7289, sampling [0.0, 1.2838, 0.2344]. Recommendation = [0.0, 0.2443, 0.0593], Current Cost = 46500.00, Rho = 1.000
(iter 473) [0.0, 0.2443, 0.0593] = 455.7289, sampling [0.0, -1.6036, 1.1345]. Recommendation = [0.0, 0.2443, 0.0593], Current Cost = 47500.00, Rho = 1.000
(iter 473) [0.0, 0.2443, 0.0593] = 455.7289, sampling [0.0, 1.0752, -1.1243]. Recommendation = [0.0, 0.2443, 0.0593], Current Cost = 48500.00, Rho = 1.000
(iter 473) [0.0, 0.2443, 0.0593] = 455.7289, sampling [0.0, -0.0351, -0.5897]. Recommendation = [0.0, 0.2443, 0.0593], Current Cost = 49500.00, Rho = 1.000
(iter 473) [0.0, 0.2443, 0.0593] = 455.7289, sampling [0.0, 1.6549, -1.0621]. Recommendation = [0.0, 0.2443, 0.0593], Current Cost = 50500.00, Rho = 1.000
(iter 473) [0.0, 0.2443, 0.0593] = 455.7289, sampling [0.0, -1.4214, -1.6481]. Recommendation = [0.0, 0.2443, 0.0593], Current Cost = 51500.00, Rho = 1.000
(iter 473) [0.0, 0.2443, 0.0593] = 455.7289, sampling [0.0, -0.3967, 0.4386]. Recommendation = [0.0, 0.2443, 0.0593], Current Cost = 52500.00, Rho = 1.000
(iter 473) [0.0, 0.2443, 0.0593] = 455.7289, sampling [0.0, 1.2214, -1.4960]. Recommendation = [0.0, 0.2443, 0.0593], Current Cost = 53500.00, Rho = 1.000
(iter 473) [0.0, 0.2443, 0.0593] = 455.7289, sampling [0.0, -0.0947, -1.2239]. Recommendation = [0.0, 0.2443, 0.0593], Current Cost = 54500.00, Rho = 1.000
(iter 473) [0.0, 0.2443, 0.0593] = 455.7289, sampling [0.0, 0.3723, -1.2082]. Recommendation = [0.0, 0.2443, 0.0593], Current Cost = 55500.00, Rho = 1.000
(iter 473) [0.0, 0.2443, 0.0593] = 455.7289, sampling [0.0, 0.0588, 0.9658]. Recommendation = [0.0, 0.2443, 0.0593], Current Cost = 56500.00, Rho = 1.000
(iter 473) [0.0, 0.2443, 0.0593] = 455.7289, sampling [0.0, -0.2986, 0.7948]. Recommendation = [0.0, 0.2443, 0.0593], Current Cost = 57500.00, Rho = 1.000
(iter 473) [0.0, 0.2443, 0.0593] = 455.7289, sampling [0.0, 1.1756, 1.0205]. Recommendation = [0.0, 0.2443, 0.0593], Current Cost = 58500.00, Rho = 1.000
(iter 473) [0.0, 0.2443, 0.0593] = 455.7289, sampling [0.0, -1.4647, -1.4231]. Recommendation = [0.0, 0.2443, 0.0593], Current Cost = 59500.00, Rho = 1.000
(iter 473) [0.0, 0.2443, 0.0593] = 455.7289, sampling [0.0, 0.4356, 1.5691]. Recommendation = [0.0, 0.2443, 0.0593], Current Cost = 60500.00, Rho = 1.000
(iter 473) [0.0, 0.2443, 0.0593] = 455.7289, sampling [0.0, -0.7111, -0.4658]. Recommendation = [0.0, 0.2443, 0.0593], Current Cost = 61500.00, Rho = 1.000
(iter 473) [0.0, 0.2443, 0.0593] = 455.7289, sampling [0.0, 0.1732, 1.2830]. Recommendation = [0.0, 0.2443, 0.0593], Current Cost = 62500.00, Rho = 1.000
(iter 473) [0.0, 0.2443, 0.0593] = 455.7289, sampling [0.0, -1.8667, -0.9285]. Recommendation = [0.0, 0.2443, 0.0593], Current Cost = 63500.00, Rho = 1.000
(iter 473) [0.0, 0.2443, 0.0593] = 455.7289, sampling [0.0, 0.1405, -0.4381]. Recommendation = [0.0, 0.2443, 0.0593], Current Cost = 64500.00, Rho = 1.000
(iter 473) [0.0, 0.2443, 0.0593] = 455.7289, sampling [0.0, 0.6427, -1.4574]. Recommendation = [0.0, 0.2443, 0.0593], Current Cost = 65500.00, Rho = 1.000
(iter 473) [0.0, 0.2443, 0.0593] = 455.7289, sampling [0.0, -1.1892, -1.3821]. Recommendation = [0.0, 0.2443, 0.0593], Current Cost = 66500.00, Rho = 1.000
(iter 473) [0.0, 0.2443, 0.0593] = 455.7289, sampling [0.0, 1.2470, -0.8087]. Recommendation = [0.0, 0.2443, 0.0593], Current Cost = 67500.00, Rho = 1.000
(iter 473) [0.0, 0.2443, 0.0593] = 455.7289, sampling [0.0, -1.3201, 1.1243]. Recommendation = [0.0, 0.2443, 0.0593], Current Cost = 68500.00, Rho = 1.000
(iter 473) [0.0, 0.2443, 0.0593] = 455.7289, sampling [0.0, -1.7646, 0.8142]. Recommendation = [0.0, 0.2443, 0.0593], Current Cost = 69500.00, Rho = 1.000
(iter 473) [0.0, 0.2443, 0.0593] = 455.7289, sampling [0.0, 1.0922, -1.2612]. Recommendation = [0.0, 0.2443, 0.0593], Current Cost = 70500.00, Rho = 1.000
(iter 473) [0.0, 0.2443, 0.0593] = 455.7289, sampling [0.0, -1.3951, 1.0428]. Recommendation = [0.0, 0.2443, 0.0593], Current Cost = 71500.00, Rho = 1.000
(iter 473) [0.0, 0.2443, 0.0593] = 455.7289, sampling [0.0, 0.5001, -0.6524]. Recommendation = [0.0, 0.2443, 0.0593], Current Cost = 72500.00, Rho = 1.000
(iter 473) [0.0, 0.2443, 0.0593] = 455.7289, sampling [0.0, 1.8313, -1.6033]. Recommendation = [0.0, 0.2443, 0.0593], Current Cost = 73500.00, Rho = 1.000
(iter 473) [0.0, 0.2443, 0.0593] = 455.7289, sampling [0.0, -0.6905, -1.5727]. Recommendation = [0.0, 0.2443, 0.0593], Current Cost = 74500.00, Rho = 1.000
(iter 473) [0.0, 0.2443, 0.0593] = 455.7289, sampling [0.0, 0.1830, -0.3978]. Recommendation = [0.0, 0.2443, 0.0593], Current Cost = 75500.00, Rho = 1.000
(iter 473) [0.0, 0.2443, 0.0593] = 455.7289, sampling [0.0, -0.5583, 0.0965]. Recommendation = [0.0, 0.2443, 0.0593], Current Cost = 76500.00, Rho = 1.000
(iter 473) [0.0, 0.2443, 0.0593] = 455.7289, sampling [0.0, 0.4708, 1.9550]. Recommendation = [0.0, 0.2443, 0.0593], Current Cost = 77500.00, Rho = 1.000
(iter 473) [0.0, 0.2443, 0.0593] = 455.7289, sampling [0.0, 1.4141, -1.8354]. Recommendation = [0.0, 0.2443, 0.0593], Current Cost = 78500.00, Rho = 1.000
(iter 473) [0.0, 0.2443, 0.0593] = 455.7289, sampling [0.0, -0.5112, -0.6314]. Recommendation = [0.0, 0.2443, 0.0593], Current Cost = 79500.00, Rho = 1.000
(iter 473) [0.0, 0.2443, 0.0593] = 455.7289, sampling [0.0, 0.8452, -0.7162]. Recommendation = [0.0, 0.2443, 0.0593], Current Cost = 80500.00, Rho = 1.000
(iter 473) [0.0, 0.2443, 0.0593] = 455.7289, sampling [0.0, -1.6512, -1.7995]. Recommendation = [0.0, 0.2443, 0.0593], Current Cost = 81500.00, Rho = 1.000
(iter 473) [0.0, 0.2443, 0.0593] = 455.7289, sampling [0.0, 1.2394, 0.5172]. Recommendation = [0.0, 0.2443, 0.0593], Current Cost = 82500.00, Rho = 1.000
(iter 473) [0.0, 0.2443, 0.0593] = 455.7289, sampling [0.0, 1.5142, -0.9412]. Recommendation = [0.0, 0.2443, 0.0593], Current Cost = 83500.00, Rho = 1.000
(iter 473) [0.0, 0.2443, 0.0593] = 455.7289, sampling [0.0, 1.5454, -1.6971]. Recommendation = [0.0, 0.2443, 0.0593], Current Cost = 84500.00, Rho = 1.000
(iter 473) [0.0, 0.2443, 0.0593] = 455.7289, sampling [0.0, 0.2387, -1.0316]. Recommendation = [0.0, 0.2443, 0.0593], Current Cost = 85500.00, Rho = 1.000
(iter 473) [0.0, 0.2443, 0.0593] = 455.7289, sampling [0.0, -0.2816, 1.6004]. Recommendation = [0.0, 0.2443, 0.0593], Current Cost = 86500.00, Rho = 1.000
(iter 473) [0.0, 0.2443, 0.0593] = 455.7289, sampling [0.0, 1.8959, 1.8069]. Recommendation = [0.0, 0.2443, 0.0593], Current Cost = 87500.00, Rho = 1.000
(iter 473) [0.0, 0.2443, 0.0593] = 455.7289, sampling [0.0, 0.3063, -0.7947]. Recommendation = [0.0, 0.2443, 0.0593], Current Cost = 88500.00, Rho = 1.000
(iter 473) [0.0, 0.2443, 0.0593] = 455.7289, sampling [0.0, -1.8591, -1.7831]. Recommendation = [0.0, 0.2443, 0.0593], Current Cost = 89500.00, Rho = 1.000
(iter 473) [0.0, 0.2443, 0.0593] = 455.7289, sampling [0.0, 1.8600, -0.5039]. Recommendation = [0.0, 0.2443, 0.0593], Current Cost = 90500.00, Rho = 1.000
(iter 473) [0.0, 0.2443, 0.0593] = 455.7289, sampling [0.0, 0.2102, 1.6409]. Recommendation = [0.0, 0.2443, 0.0593], Current Cost = 91500.00, Rho = 1.000
(iter 473) [0.0, 0.2443, 0.0593] = 455.7289, sampling [0.0, -0.5914, 1.8231]. Recommendation = [0.0, 0.2443, 0.0593], Current Cost = 92500.00, Rho = 1.000
(iter 473) [0.0, 0.2443, 0.0593] = 455.7289, sampling [0.0, 1.1034, -1.9852]. Recommendation = [0.0, 0.2443, 0.0593], Current Cost = 93500.00, Rho = 1.000
(iter 473) [0.0, 0.2443, 0.0593] = 455.7289, sampling [0.0, -0.3243, -0.8459]. Recommendation = [0.0, 0.2443, 0.0593], Current Cost = 94500.00, Rho = 1.000
(iter 473) [0.0, 0.2443, 0.0593] = 455.7289, sampling [0.0, -1.3180, 0.1352]. Recommendation = [0.0, 0.2443, 0.0593], Current Cost = 95500.00, Rho = 1.000
(iter 473) [0.0, 0.2443, 0.0593] = 455.7289, sampling [0.0, -0.6119, -0.7824]. Recommendation = [0.0, 0.2443, 0.0593], Current Cost = 96500.00, Rho = 1.000
(iter 473) [0.0, 0.2443, 0.0593] = 455.7289, sampling [0.0, -1.7093, 0.2638]. Recommendation = [0.0, 0.2443, 0.0593], Current Cost = 97500.00, Rho = 1.000
(iter 473) [0.0, 0.2443, 0.0593] = 455.7289, sampling [0.0, 1.6286, 1.8618]. Recommendation = [0.0, 0.2443, 0.0593], Current Cost = 98500.00, Rho = 1.000
(iter 473) [0.0, 0.2443, 0.0593] = 455.7289, sampling [0.0, -1.4979, -0.6821]. Recommendation = [0.0, 0.2443, 0.0593], Current Cost = 99500.00, Rho = 1.000
