(iter 10) [0.0, 0.5505, 0.9235] = 417.5975, sampling [1.0, -0.1866, 0.1805]. Recommendation = [0.0, 0.5505, 0.9235], Current Cost = 5005.00, Rho = 1.000
(iter 10) [0.0, 0.5505, 0.9235] = 417.5975, sampling [1.0, -0.1285, 0.6156]. Recommendation = [0.0, -0.1866, 0.1805], Current Cost = 5006.00, Rho = 1.000
(iter 10) [0.0, 0.5505, 0.9235] = 417.5975, sampling [1.0, 0.2533, 0.3193]. Recommendation = [0.0, -0.1866, 0.1805], Current Cost = 5007.00, Rho = 1.000
(iter 10) [0.0, 0.5505, 0.9235] = 417.5975, sampling [1.0, 0.0715, -0.2478]. Recommendation = [0.0, -0.1866, 0.1805], Current Cost = 5008.00, Rho = 1.000
(iter 10) [0.0, 0.5505, 0.9235] = 417.5975, sampling [1.0, -0.4094, -0.0533]. Recommendation = [0.0, -0.0461, 0.0253], Current Cost = 5009.00, Rho = 1.000
(iter 10) [0.0, 0.5505, 0.9235] = 417.5975, sampling [1.0, -0.5366, 0.1693]. Recommendation = [0.0, -0.1121, -0.0307], Current Cost = 5010.00, Rho = 1.000
(iter 10) [0.0, 0.5505, 0.9235] = 417.5975, sampling [1.0, 0.6737, 0.3399]. Recommendation = [0.0, -0.1121, -0.0307], Current Cost = 5011.00, Rho = 1.000
(iter 10) [0.0, 0.5505, 0.9235] = 417.5975, sampling [1.0, 1.0187, 0.6856]. Recommendation = [0.0, -0.1121, -0.0307], Current Cost = 5012.00, Rho = 1.000
(iter 10) [0.0, 0.5505, 0.9235] = 417.5975, sampling [1.0, 0.4447, 0.0700]. Recommendation = [0.0, -0.1121, -0.0307], Current Cost = 5013.00, Rho = 1.000
(iter 10) [0.0, 0.5505, 0.9235] = 417.5975, sampling [1.0, 0.7473, 0.5724]. Recommendation = [0.0, -0.0160, 0.0070], Current Cost = 5014.00, Rho = 1.000
(iter 10) [0.0, 0.5505, 0.9235] = 417.5975, sampling [1.0, -0.0160, 0.0070]. Recommendation = [0.0, -0.0160, 0.0070], Current Cost = 5015.00, Rho = 1.000
(iter 10) [0.0, 0.5505, 0.9235] = 417.5975, sampling [1.0, 0.9168, 1.1105]. Recommendation = [0.0, -0.2330, 0.1147], Current Cost = 5016.00, Rho = 1.000
(iter 10) [0.0, 0.5505, 0.9235] = 417.5975, sampling [1.0, 1.3819, 1.0440]. Recommendation = [0.0, -0.2330, 0.1147], Current Cost = 5017.00, Rho = 1.000
(iter 10) [0.0, 0.5505, 0.9235] = 417.5975, sampling [1.0, -0.0796, -0.5091]. Recommendation = [0.0, -0.2330, 0.1147], Current Cost = 5018.00, Rho = 1.000
(iter 10) [0.0, 0.5505, 0.9235] = 417.5975, sampling [1.0, 0.5265, -0.2387]. Recommendation = [0.0, -0.1121, -0.0307], Current Cost = 5019.00, Rho = 1.000
(iter 10) [0.0, 0.5505, 0.9235] = 417.5975, sampling [1.0, 1.0345, 0.1391]. Recommendation = [0.0, -0.1121, -0.0307], Current Cost = 5020.00, Rho = 1.000
(iter 10) [0.0, 0.5505, 0.9235] = 417.5975, sampling [1.0, 0.1442, 0.9952]. Recommendation = [0.0, -0.1121, -0.0307], Current Cost = 5021.00, Rho = 1.000
(iter 10) [0.0, 0.5505, 0.9235] = 417.5975, sampling [1.0, 1.0745, 1.4552]. Recommendation = [0.0, -0.1121, -0.0307], Current Cost = 5022.00, Rho = 1.000
(iter 10) [0.0, 0.5505, 0.9235] = 417.5975, sampling [1.0, 0.2769, -0.4593]. Recommendation = [0.0, -0.1121, -0.0307], Current Cost = 5023.00, Rho = 1.000
(iter 10) [0.0, 0.5505, 0.9235] = 417.5975, sampling [1.0, -0.4929, 0.8143]. Recommendation = [0.0, -0.2330, 0.1147], Current Cost = 5024.00, Rho = 1.000
(iter 10) [0.0, 0.5505, 0.9235] = 417.5975, sampling [1.0, -0.7810, 0.6044]. Recommendation = [0.0, -0.2330, 0.1147], Current Cost = 5025.00, Rho = 1.000
(iter 10) [0.0, 0.5505, 0.9235] = 417.5975, sampling [1.0, -0.3830, 0.2652]. Recommendation = [0.0, -0.3830, 0.2652], Current Cost = 5026.00, Rho = 1.000
(iter 10) [0.0, 0.5505, 0.9235] = 417.5975, sampling [1.0, 0.4723, 1.3001]. Recommendation = [0.0, 0.7473, 0.5724], Current Cost = 5027.00, Rho = 1.000
(iter 10) [0.0, 0.5505, 0.9235] = 417.5975, sampling [1.0, 0.1767, -0.1177]. Recommendation = [0.0, 0.7473, 0.5724], Current Cost = 5028.00, Rho = 1.000
(iter 10) [0.0, 0.5505, 0.9235] = 417.5975, sampling [1.0, 0.6355, 0.0427]. Recommendation = [0.0, 0.7473, 0.5724], Current Cost = 5029.00, Rho = 1.000
(iter 10) [0.0, 0.5505, 0.9235] = 417.5975, sampling [1.0, 1.2825, 1.3962]. Recommendation = [0.0, 0.7473, 0.5724], Current Cost = 5030.00, Rho = 1.000
(iter 10) [0.0, 0.5505, 0.9235] = 417.5975, sampling [1.0, 1.3680, 0.6614]. Recommendation = [0.0, 0.7473, 0.5724], Current Cost = 5031.00, Rho = 1.000
(iter 10) [0.0, 0.5505, 0.9235] = 417.5975, sampling [1.0, -0.4778, -0.2161]. Recommendation = [0.0, 0.7473, 0.5724], Current Cost = 5032.00, Rho = 1.000
(iter 10) [0.0, 0.5505, 0.9235] = 417.5975, sampling [1.0, 0.5101, 0.2160]. Recommendation = [0.0, -0.1121, -0.0307], Current Cost = 5033.00, Rho = 1.000
(iter 10) [0.0, 0.5505, 0.9235] = 417.5975, sampling [1.0, -0.7025, 0.1070]. Recommendation = [0.0, -0.1121, -0.0307], Current Cost = 5034.00, Rho = 1.000
(iter 10) [0.0, 0.5505, 0.9235] = 417.5975, sampling [1.0, 0.9833, 0.5090]. Recommendation = [0.0, -0.1121, -0.0307], Current Cost = 5035.00, Rho = 1.000
(iter 10) [0.0, 0.5505, 0.9235] = 417.5975, sampling [1.0, 0.9048, 1.7612]. Recommendation = [0.0, -0.1121, -0.0307], Current Cost = 5036.00, Rho = 1.000
(iter 10) [0.0, 0.5505, 0.9235] = 417.5975, sampling [1.0, -0.2222, 1.1782]. Recommendation = [0.0, -0.1121, -0.0307], Current Cost = 5037.00, Rho = 1.000
(iter 10) [0.0, 0.5505, 0.9235] = 417.5975, sampling [1.0, 0.8602, -0.2935]. Recommendation = [0.0, -0.1121, -0.0307], Current Cost = 5038.00, Rho = 1.000
(iter 10) [0.0, 0.5505, 0.9235] = 417.5975, sampling [1.0, 0.0367, -0.7849]. Recommendation = [0.0, -0.1121, -0.0307], Current Cost = 5039.00, Rho = 1.000
(iter 10) [0.0, 0.5505, 0.9235] = 417.5975, sampling [1.0, -0.2048, 0.2923]. Recommendation = [0.0, 0.7473, 0.5724], Current Cost = 5040.00, Rho = 1.000
(iter 10) [0.0, 0.5505, 0.9235] = 417.5975, sampling [1.0, -0.8761, 0.4380]. Recommendation = [0.0, 0.7473, 0.5724], Current Cost = 5041.00, Rho = 1.000
(iter 10) [0.0, 0.5505, 0.9235] = 417.5975, sampling [1.0, 1.3305, 1.7562]. Recommendation = [0.0, 0.7473, 0.5724], Current Cost = 5042.00, Rho = 1.000
(iter 10) [0.0, 0.5505, 0.9235] = 417.5975, sampling [1.0, 0.6203, -0.6191]. Recommendation = [0.0, 0.7473, 0.5724], Current Cost = 5043.00, Rho = 1.000
(iter 10) [0.0, 0.5505, 0.9235] = 417.5975, sampling [1.0, -0.8605, 0.8428]. Recommendation = [0.0, 0.7473, 0.5724], Current Cost = 5044.00, Rho = 1.000
(iter 10) [0.0, 0.5505, 0.9235] = 417.5975, sampling [1.0, -0.7327, 1.1582]. Recommendation = [0.0, 0.7473, 0.5724], Current Cost = 5045.00, Rho = 1.000
(iter 10) [0.0, 0.5505, 0.9235] = 417.5975, sampling [1.0, -0.1121, -0.0307]. Recommendation = [0.0, 0.7473, 0.5724], Current Cost = 5046.00, Rho = 1.000
(iter 10) [0.0, 0.5505, 0.9235] = 417.5975, sampling [1.0, -1.0140, 0.6941]. Recommendation = [0.0, 0.7473, 0.5724], Current Cost = 5047.00, Rho = 1.000
(iter 10) [0.0, 0.5505, 0.9235] = 417.5975, sampling [1.0, -1.1402, 1.1282]. Recommendation = [0.0, 0.7473, 0.5724], Current Cost = 5048.00, Rho = 1.000
(iter 10) [0.0, 0.5505, 0.9235] = 417.5975, sampling [1.0, -0.9709, 1.4338]. Recommendation = [0.0, 0.7473, 0.5724], Current Cost = 5049.00, Rho = 1.000
(iter 10) [0.0, 0.5505, 0.9235] = 417.5975, sampling [1.0, -0.3328, 1.6058]. Recommendation = [0.0, 0.7473, 0.5724], Current Cost = 5050.00, Rho = 1.000
(iter 10) [0.0, 0.5505, 0.9235] = 417.5975, sampling [1.0, -1.2981, 0.8171]. Recommendation = [0.0, 0.7473, 0.5724], Current Cost = 5051.00, Rho = 1.000
(iter 10) [0.0, 0.5505, 0.9235] = 417.5975, sampling [1.0, -1.0373, 1.2548]. Recommendation = [0.0, 0.7473, 0.5724], Current Cost = 5052.00, Rho = 1.000
(iter 10) [0.0, 0.5505, 0.9235] = 417.5975, sampling [1.0, 0.8768, 0.2454]. Recommendation = [0.0, 0.7473, 0.5724], Current Cost = 5053.00, Rho = 1.000
(iter 10) [0.0, 0.5505, 0.9235] = 417.5975, sampling [1.0, -0.2680, 0.9062]. Recommendation = [0.0, 0.7473, 0.5724], Current Cost = 5054.00, Rho = 1.000
(iter 10) [0.0, 0.5505, 0.9235] = 417.5975, sampling [1.0, 0.4232, 1.7889]. Recommendation = [0.0, 0.7473, 0.5724], Current Cost = 5055.00, Rho = 1.000
(iter 10) [0.0, 0.5505, 0.9235] = 417.5975, sampling [1.0, 0.3178, 0.8888]. Recommendation = [0.0, 0.7473, 0.5724], Current Cost = 5056.00, Rho = 1.000
(iter 10) [0.0, 0.5505, 0.9235] = 417.5975, sampling [1.0, 1.1414, 1.8343]. Recommendation = [0.0, 0.7473, 0.5724], Current Cost = 5057.00, Rho = 1.000
(iter 10) [0.0, 0.5505, 0.9235] = 417.5975, sampling [1.0, -1.3612, 1.5653]. Recommendation = [0.0, 0.7473, 0.5724], Current Cost = 5058.00, Rho = 1.000
(iter 10) [0.0, 0.5505, 0.9235] = 417.5975, sampling [1.0, -1.4709, 1.2188]. Recommendation = [0.0, 0.7473, 0.5724], Current Cost = 5059.00, Rho = 1.000
(iter 10) [0.0, 0.5505, 0.9235] = 417.5975, sampling [1.0, -1.1290, 1.7176]. Recommendation = [0.0, 0.7473, 0.5724], Current Cost = 5060.00, Rho = 1.000
(iter 10) [0.0, 0.5505, 0.9235] = 417.5975, sampling [1.0, -0.7154, 1.6250]. Recommendation = [0.0, 0.7473, 0.5724], Current Cost = 5061.00, Rho = 1.000
(iter 10) [0.0, 0.5505, 0.9235] = 417.5975, sampling [1.0, 1.1635, 1.5060]. Recommendation = [0.0, 0.7473, 0.5724], Current Cost = 5062.00, Rho = 1.000
(iter 10) [0.0, 0.5505, 0.9235] = 417.5975, sampling [1.0, 0.8378, 0.4621]. Recommendation = [0.0, 0.7473, 0.5724], Current Cost = 5063.00, Rho = 1.000
(iter 10) [0.0, 0.5505, 0.9235] = 417.5975, sampling [1.0, -0.5820, -0.0136]. Recommendation = [0.0, 0.7473, 0.5724], Current Cost = 5064.00, Rho = 1.000
(iter 10) [0.0, 0.5505, 0.9235] = 417.5975, sampling [1.0, 1.2360, 0.8494]. Recommendation = [0.0, 0.7473, 0.5724], Current Cost = 5065.00, Rho = 1.000
(iter 10) [0.0, 0.5505, 0.9235] = 417.5975, sampling [1.0, 0.9690, 1.4710]. Recommendation = [0.0, 0.7473, 0.5724], Current Cost = 5066.00, Rho = 1.000
(iter 10) [0.0, 0.5505, 0.9235] = 417.5975, sampling [1.0, 1.6057, 1.8693]. Recommendation = [0.0, 0.7473, 0.5724], Current Cost = 5067.00, Rho = 1.000
(iter 10) [0.0, 0.5505, 0.9235] = 417.5975, sampling [1.0, 0.3010, -0.3496]. Recommendation = [0.0, 0.7473, 0.5724], Current Cost = 5068.00, Rho = 1.000
(iter 10) [0.0, 0.5505, 0.9235] = 417.5975, sampling [1.0, 1.8449, 1.0681]. Recommendation = [0.0, 0.7473, 0.5724], Current Cost = 5069.00, Rho = 1.000
(iter 10) [0.0, 0.5505, 0.9235] = 417.5975, sampling [1.0, -1.2533, 0.9862]. Recommendation = [0.0, 0.7473, 0.5724], Current Cost = 5070.00, Rho = 1.000
(iter 10) [0.0, 0.5505, 0.9235] = 417.5975, sampling [1.0, -1.7867, 1.7306]. Recommendation = [0.0, 0.7473, 0.5724], Current Cost = 5071.00, Rho = 1.000
(iter 10) [0.0, 0.5505, 0.9235] = 417.5975, sampling [1.0, 0.0231, -0.4866]. Recommendation = [0.0, 0.7473, 0.5724], Current Cost = 5072.00, Rho = 1.000
(iter 10) [0.0, 0.5505, 0.9235] = 417.5975, sampling [1.0, -0.5736, 1.2028]. Recommendation = [0.0, 0.7473, 0.5724], Current Cost = 5073.00, Rho = 1.000
(iter 10) [0.0, 0.5505, 0.9235] = 417.5975, sampling [1.0, -1.2274, 0.5907]. Recommendation = [0.0, 0.7473, 0.5724], Current Cost = 5074.00, Rho = 1.000
(iter 10) [0.0, 0.5505, 0.9235] = 417.5975, sampling [1.0, 0.5602, -0.4174]. Recommendation = [0.0, 0.7473, 0.5724], Current Cost = 5075.00, Rho = 1.000
(iter 10) [0.0, 0.5505, 0.9235] = 417.5975, sampling [1.0, 0.4605, -0.9612]. Recommendation = [0.0, 0.7473, 0.5724], Current Cost = 5076.00, Rho = 1.000
(iter 10) [0.0, 0.5505, 0.9235] = 417.5975, sampling [1.0, -0.2330, 0.1147]. Recommendation = [0.0, 0.7473, 0.5724], Current Cost = 5077.00, Rho = 1.000
(iter 10) [0.0, 0.5505, 0.9235] = 417.5975, sampling [1.0, 1.3073, -0.1803]. Recommendation = [0.0, 0.7473, 0.5724], Current Cost = 5078.00, Rho = 1.000
(iter 10) [0.0, 0.5505, 0.9235] = 417.5975, sampling [1.0, 1.3244, 1.8501]. Recommendation = [0.0, 0.7473, 0.5724], Current Cost = 5079.00, Rho = 1.000
(iter 10) [0.0, 0.5505, 0.9235] = 417.5975, sampling [1.0, -0.6502, -0.4701]. Recommendation = [0.0, 0.7473, 0.5724], Current Cost = 5080.00, Rho = 1.000
(iter 10) [0.0, 0.5505, 0.9235] = 417.5975, sampling [1.0, -0.8885, -0.0796]. Recommendation = [0.0, 0.7473, 0.5724], Current Cost = 5081.00, Rho = 1.000
(iter 10) [0.0, 0.5505, 0.9235] = 417.5975, sampling [1.0, -0.5130, 0.9316]. Recommendation = [0.0, 0.7473, 0.5724], Current Cost = 5082.00, Rho = 1.000
(iter 10) [0.0, 0.5505, 0.9235] = 417.5975, sampling [1.0, -0.6145, 1.9965]. Recommendation = [0.0, 0.7473, 0.5724], Current Cost = 5083.00, Rho = 1.000
(iter 10) [0.0, 0.5505, 0.9235] = 417.5975, sampling [1.0, -1.5786, 1.4194]. Recommendation = [0.0, 0.7473, 0.5724], Current Cost = 5084.00, Rho = 1.000
(iter 10) [0.0, 0.5505, 0.9235] = 417.5975, sampling [1.0, 1.1155, 0.5311]. Recommendation = [0.0, 0.7473, 0.5724], Current Cost = 5085.00, Rho = 1.000
(iter 10) [0.0, 0.5505, 0.9235] = 417.5975, sampling [1.0, -0.9045, 1.5808]. Recommendation = [0.0, 0.7473, 0.5724], Current Cost = 5086.00, Rho = 1.000
(iter 10) [0.0, 0.5505, 0.9235] = 417.5975, sampling [1.0, 0.0519, 1.3773]. Recommendation = [0.0, 0.7473, 0.5724], Current Cost = 5087.00, Rho = 1.000
(iter 10) [0.0, 0.5505, 0.9235] = 417.5975, sampling [1.0, 0.2566, -0.9023]. Recommendation = [0.0, 0.7473, 0.5724], Current Cost = 5088.00, Rho = 1.000
(iter 10) [0.0, 0.5505, 0.9235] = 417.5975, sampling [1.0, -1.5540, 0.8697]. Recommendation = [0.0, 0.7473, 0.5724], Current Cost = 5089.00, Rho = 1.000
(iter 10) [0.0, 0.5505, 0.9235] = 417.5975, sampling [1.0, -1.4534, 1.6398]. Recommendation = [0.0, 0.7473, 0.5724], Current Cost = 5090.00, Rho = 1.000
(iter 10) [0.0, 0.5505, 0.9235] = 417.5975, sampling [1.0, 0.9357, -0.8001]. Recommendation = [0.0, 0.7473, 0.5724], Current Cost = 5091.00, Rho = 1.000
(iter 10) [0.0, 0.5505, 0.9235] = 417.5975, sampling [1.0, 1.8968, 1.9073]. Recommendation = [0.0, 0.7473, 0.5724], Current Cost = 5092.00, Rho = 1.000
(iter 10) [0.0, 0.5505, 0.9235] = 417.5975, sampling [1.0, -1.2960, 0.3550]. Recommendation = [0.0, 0.7473, 0.5724], Current Cost = 5093.00, Rho = 1.000
(iter 10) [0.0, 0.5505, 0.9235] = 417.5975, sampling [1.0, 1.4844, 1.2660]. Recommendation = [0.0, 0.7473, 0.5724], Current Cost = 5094.00, Rho = 1.000
(iter 10) [0.0, 0.5505, 0.9235] = 417.5975, sampling [1.0, 0.1169, -1.1546]. Recommendation = [0.0, 0.7473, 0.5724], Current Cost = 5095.00, Rho = 1.000
(iter 10) [0.0, 0.5505, 0.9235] = 417.5975, sampling [1.0, -0.5600, -0.6361]. Recommendation = [0.0, 0.7473, 0.5724], Current Cost = 5096.00, Rho = 1.000
(iter 10) [0.0, 0.5505, 0.9235] = 417.5975, sampling [1.0, 1.2584, 0.4194]. Recommendation = [0.0, 0.7473, 0.5724], Current Cost = 5097.00, Rho = 1.000
(iter 10) [0.0, 0.5505, 0.9235] = 417.5975, sampling [1.0, -0.9896, 0.6427]. Recommendation = [0.0, 0.7473, 0.5724], Current Cost = 5098.00, Rho = 1.000
(iter 10) [0.0, 0.5505, 0.9235] = 417.5975, sampling [1.0, 0.0076, 1.0112]. Recommendation = [0.0, 0.7473, 0.5724], Current Cost = 5099.00, Rho = 1.000
(iter 10) [0.0, 0.5505, 0.9235] = 417.5975, sampling [1.0, 0.5939, -1.3305]. Recommendation = [0.0, 0.7473, 0.5724], Current Cost = 5100.00, Rho = 1.000
(iter 10) [0.0, 0.5505, 0.9235] = 417.5975, sampling [1.0, -0.9985, 0.1599]. Recommendation = [0.0, 0.7473, 0.5724], Current Cost = 5101.00, Rho = 1.000
(iter 10) [0.0, 0.5505, 0.9235] = 417.5975, sampling [1.0, -0.1614, 0.2786]. Recommendation = [0.0, 0.7473, 0.5724], Current Cost = 5102.00, Rho = 1.000
(iter 10) [0.0, 0.5505, 0.9235] = 417.5975, sampling [1.0, 0.7693, -0.4464]. Recommendation = [0.0, 0.7473, 0.5724], Current Cost = 5103.00, Rho = 1.000
(iter 10) [0.0, 0.5505, 0.9235] = 417.5975, sampling [1.0, 1.2099, 0.7721]. Recommendation = [0.0, 0.7473, 0.5724], Current Cost = 5104.00, Rho = 1.000
(iter 10) [0.0, 0.5505, 0.9235] = 417.5975, sampling [1.0, -1.4122, 1.0866]. Recommendation = [0.0, 0.7473, 0.5724], Current Cost = 5105.00, Rho = 1.000
(iter 10) [0.0, 0.5505, 0.9235] = 417.5975, sampling [1.0, 0.7160, 1.7949]. Recommendation = [0.0, 0.7473, 0.5724], Current Cost = 5106.00, Rho = 1.000
(iter 10) [0.0, 0.5505, 0.9235] = 417.5975, sampling [1.0, -0.0836, 1.9456]. Recommendation = [0.0, 0.7473, 0.5724], Current Cost = 5107.00, Rho = 1.000
(iter 10) [0.0, 0.5505, 0.9235] = 417.5975, sampling [1.0, 1.6743, 1.6533]. Recommendation = [0.0, 0.7473, 0.5724], Current Cost = 5108.00, Rho = 1.000
(iter 10) [0.0, 0.5505, 0.9235] = 417.5975, sampling [1.0, 0.3756, 0.9478]. Recommendation = [0.0, 0.7473, 0.5724], Current Cost = 5109.00, Rho = 1.000
(iter 10) [0.0, 0.5505, 0.9235] = 417.5975, sampling [1.0, -0.3382, -1.0952]. Recommendation = [0.0, 0.7473, 0.5724], Current Cost = 5110.00, Rho = 1.000
(iter 10) [0.0, 0.5505, 0.9235] = 417.5975, sampling [1.0, 0.2147, 1.2821]. Recommendation = [0.0, 0.7473, 0.5724], Current Cost = 5111.00, Rho = 1.000
(iter 10) [0.0, 0.5505, 0.9235] = 417.5975, sampling [1.0, -0.0461, 0.0253]. Recommendation = [0.0, 0.7473, 0.5724], Current Cost = 5112.00, Rho = 1.000
(iter 10) [0.0, 0.5505, 0.9235] = 417.5975, sampling [1.0, 0.9591, 0.2032]. Recommendation = [0.0, 0.7473, 0.5724], Current Cost = 5113.00, Rho = 1.000
(iter 10) [0.0, 0.5505, 0.9235] = 417.5975, sampling [1.0, 0.1297, -1.5211]. Recommendation = [0.0, 0.7473, 0.5724], Current Cost = 5114.00, Rho = 1.000
(iter 10) [0.0, 0.5505, 0.9235] = 417.5975, sampling [1.0, -0.0062, -0.7445]. Recommendation = [0.0, 0.7473, 0.5724], Current Cost = 5115.00, Rho = 1.000
(iter 10) [0.0, 0.5505, 0.9235] = 417.5975, sampling [1.0, -1.7512, 1.3424]. Recommendation = [0.0, 0.7473, 0.5724], Current Cost = 5116.00, Rho = 1.000
(iter 10) [0.0, 0.5505, 0.9235] = 417.5975, sampling [1.0, -1.0970, -0.1381]. Recommendation = [0.0, 0.7473, 0.5724], Current Cost = 5117.00, Rho = 1.000
(iter 10) [0.0, 0.5505, 0.9235] = 417.5975, sampling [1.0, 0.8857, 1.8742]. Recommendation = [0.0, 0.7473, 0.5724], Current Cost = 5118.00, Rho = 1.000
(iter 10) [0.0, 0.5505, 0.9235] = 417.5975, sampling [1.0, 1.4159, -1.4284]. Recommendation = [0.0, 0.7473, 0.5724], Current Cost = 5119.00, Rho = 1.000
(iter 10) [0.0, 0.5505, 0.9235] = 417.5975, sampling [1.0, -0.2503, 1.3632]. Recommendation = [0.0, 0.7473, 0.5724], Current Cost = 5120.00, Rho = 1.000
(iter 10) [0.0, 0.5505, 0.9235] = 417.5975, sampling [1.0, 0.4940, -0.8557]. Recommendation = [0.0, 0.7473, 0.5724], Current Cost = 5121.00, Rho = 1.000
(iter 10) [0.0, 0.5505, 0.9235] = 417.5975, sampling [1.0, -0.7944, -0.5585]. Recommendation = [0.0, 0.7473, 0.5724], Current Cost = 5122.00, Rho = 1.000
(iter 10) [0.0, 0.5505, 0.9235] = 417.5975, sampling [1.0, -0.1538, 1.0927]. Recommendation = [0.0, 0.7473, 0.5724], Current Cost = 5123.00, Rho = 1.000
(iter 10) [0.0, 0.5505, 0.9235] = 417.5975, sampling [1.0, -1.7165, 0.3914]. Recommendation = [0.0, 0.7473, 0.5724], Current Cost = 5124.00, Rho = 1.000
(iter 10) [0.0, 0.5505, 0.9235] = 417.5975, sampling [1.0, -1.1869, 0.6307]. Recommendation = [0.0, 0.7473, 0.5724], Current Cost = 5125.00, Rho = 1.000
(iter 10) [0.0, 0.5505, 0.9235] = 417.5975, sampling [1.0, 0.2074, 1.4998]. Recommendation = [0.0, 0.7473, 0.5724], Current Cost = 5126.00, Rho = 1.000
(iter 10) [0.0, 0.5505, 0.9235] = 417.5975, sampling [1.0, 1.8235, 0.4158]. Recommendation = [0.0, 0.7473, 0.5724], Current Cost = 5127.00, Rho = 1.000
(iter 10) [0.0, 0.5505, 0.9235] = 417.5975, sampling [1.0, 0.7002, -0.9828]. Recommendation = [0.0, 0.7473, 0.5724], Current Cost = 5128.00, Rho = 1.000
(iter 10) [0.0, 0.5505, 0.9235] = 417.5975, sampling [1.0, 1.0881, -0.2837]. Recommendation = [0.0, 0.7473, 0.5724], Current Cost = 5129.00, Rho = 1.000
(iter 10) [0.0, 0.5505, 0.9235] = 417.5975, sampling [1.0, -0.2799, -1.6199]. Recommendation = [0.0, 0.7473, 0.5724], Current Cost = 5130.00, Rho = 1.000
(iter 10) [0.0, 0.5505, 0.9235] = 417.5975, sampling [1.0, 1.6267, 1.3199]. Recommendation = [0.0, 0.7473, 0.5724], Current Cost = 5131.00, Rho = 1.000
(iter 10) [0.0, 0.5505, 0.9235] = 417.5975, sampling [1.0, -0.2956, -1.1891]. Recommendation = [0.0, 0.7473, 0.5724], Current Cost = 5132.00, Rho = 1.000
(iter 10) [0.0, 0.5505, 0.9235] = 417.5975, sampling [1.0, 1.5838, 1.5921]. Recommendation = [0.0, 0.7473, 0.5724], Current Cost = 5133.00, Rho = 1.000
(iter 10) [0.0, 0.5505, 0.9235] = 417.5975, sampling [1.0, 0.5826, -0.3885]. Recommendation = [0.0, 0.7473, 0.5724], Current Cost = 5134.00, Rho = 1.000
(iter 10) [0.0, 0.5505, 0.9235] = 417.5975, sampling [1.0, 0.3480, -1.8206]. Recommendation = [0.0, 0.7473, 0.5724], Current Cost = 5135.00, Rho = 1.000
(iter 10) [0.0, 0.5505, 0.9235] = 417.5975, sampling [1.0, 0.7323, -0.5131]. Recommendation = [0.0, 0.7473, 0.5724], Current Cost = 5136.00, Rho = 1.000
(iter 10) [0.0, 0.5505, 0.9235] = 417.5975, sampling [1.0, 1.4923, 1.1942]. Recommendation = [0.0, 0.7473, 0.5724], Current Cost = 5137.00, Rho = 1.000
(iter 10) [0.0, 0.5505, 0.9235] = 417.5975, sampling [1.0, -1.3122, 0.0581]. Recommendation = [0.0, 0.7473, 0.5724], Current Cost = 5138.00, Rho = 1.000
(iter 10) [0.0, 0.5505, 0.9235] = 417.5975, sampling [1.0, 0.3524, 1.9817]. Recommendation = [0.0, 0.7473, 0.5724], Current Cost = 5139.00, Rho = 1.000
(iter 10) [0.0, 0.5505, 0.9235] = 417.5975, sampling [1.0, -0.8229, -0.8348]. Recommendation = [0.0, 0.7473, 0.5724], Current Cost = 5140.00, Rho = 1.000
(iter 10) [0.0, 0.5505, 0.9235] = 417.5975, sampling [1.0, -0.6268, -1.2346]. Recommendation = [0.0, 0.7473, 0.5724], Current Cost = 5141.00, Rho = 1.000
(iter 10) [0.0, 0.5505, 0.9235] = 417.5975, sampling [1.0, -0.4323, -1.0622]. Recommendation = [0.0, 0.7473, 0.5724], Current Cost = 5142.00, Rho = 1.000
(iter 10) [0.0, 0.5505, 0.9235] = 417.5975, sampling [1.0, 0.6687, 0.3284]. Recommendation = [0.0, 0.7473, 0.5724], Current Cost = 5143.00, Rho = 1.000
(iter 10) [0.0, 0.5505, 0.9235] = 417.5975, sampling [1.0, -0.3668, 1.4846]. Recommendation = [0.0, 0.7473, 0.5724], Current Cost = 5144.00, Rho = 1.000
(iter 10) [0.0, 0.5505, 0.9235] = 417.5975, sampling [1.0, -0.0552, 1.7106]. Recommendation = [0.0, 0.7473, 0.5724], Current Cost = 5145.00, Rho = 1.000
(iter 10) [0.0, 0.5505, 0.9235] = 417.5975, sampling [1.0, -1.3455, 0.4835]. Recommendation = [0.0, 0.7473, 0.5724], Current Cost = 5146.00, Rho = 1.000
(iter 10) [0.0, 0.5505, 0.9235] = 417.5975, sampling [1.0, -1.4967, 0.9741]. Recommendation = [0.0, 0.7473, 0.5724], Current Cost = 5147.00, Rho = 1.000
(iter 10) [0.0, 0.5505, 0.9235] = 417.5975, sampling [1.0, -1.0841, -0.5695]. Recommendation = [0.0, 0.7473, 0.5724], Current Cost = 5148.00, Rho = 1.000
(iter 10) [0.0, 0.5505, 0.9235] = 417.5975, sampling [1.0, 1.7859, 1.9609]. Recommendation = [0.0, 0.7473, 0.5724], Current Cost = 5149.00, Rho = 1.000
(iter 10) [0.0, 0.5505, 0.9235] = 417.5975, sampling [1.0, 0.0959, 1.0356]. Recommendation = [0.0, 0.7473, 0.5724], Current Cost = 5150.00, Rho = 1.000
(iter 10) [0.0, 0.5505, 0.9235] = 417.5975, sampling [1.0, -1.3303, 0.7854]. Recommendation = [0.0, 0.7473, 0.5724], Current Cost = 5151.00, Rho = 1.000
(iter 10) [0.0, 0.5505, 0.9235] = 417.5975, sampling [1.0, -0.0973, -1.6821]. Recommendation = [0.0, 0.7473, 0.5724], Current Cost = 5152.00, Rho = 1.000
(iter 10) [0.0, 0.5505, 0.9235] = 417.5975, sampling [1.0, -0.5089, 1.8958]. Recommendation = [0.0, 0.7473, 0.5724], Current Cost = 5153.00, Rho = 1.000
(iter 10) [0.0, 0.5505, 0.9235] = 417.5975, sampling [1.0, 0.2391, 1.6745]. Recommendation = [0.0, 0.7473, 0.5724], Current Cost = 5154.00, Rho = 1.000
(iter 10) [0.0, 0.5505, 0.9235] = 417.5975, sampling [1.0, -0.4191, -1.9610]. Recommendation = [0.0, 0.7473, 0.5724], Current Cost = 5155.00, Rho = 1.000
(iter 10) [0.0, 0.5505, 0.9235] = 417.5975, sampling [1.0, -1.1837, -0.3329]. Recommendation = [0.0, 0.7473, 0.5724], Current Cost = 5156.00, Rho = 1.000
(iter 10) [0.0, 0.5505, 0.9235] = 417.5975, sampling [1.0, 0.7904, 1.8129]. Recommendation = [0.0, 0.7473, 0.5724], Current Cost = 5157.00, Rho = 1.000
(iter 10) [0.0, 0.5505, 0.9235] = 417.5975, sampling [1.0, 1.4326, 0.0897]. Recommendation = [0.0, 0.7473, 0.5724], Current Cost = 5158.00, Rho = 1.000
(iter 10) [0.0, 0.5505, 0.9235] = 417.5975, sampling [1.0, 1.8713, 1.3522]. Recommendation = [0.0, 0.7473, 0.5724], Current Cost = 5159.00, Rho = 1.000
(iter 10) [0.0, 0.5505, 0.9235] = 417.5975, sampling [1.0, 0.4070, -1.6159]. Recommendation = [0.0, 0.7473, 0.5724], Current Cost = 5160.00, Rho = 1.000
(iter 10) [0.0, 0.5505, 0.9235] = 417.5975, sampling [1.0, 0.6405, -1.1733]. Recommendation = [0.0, 0.7473, 0.5724], Current Cost = 5161.00, Rho = 1.000
(iter 10) [0.0, 0.5505, 0.9235] = 417.5975, sampling [1.0, -0.5978, -1.5021]. Recommendation = [0.0, 0.7473, 0.5724], Current Cost = 5162.00, Rho = 1.000
(iter 10) [0.0, 0.5505, 0.9235] = 417.5975, sampling [1.0, -0.7511, -1.1061]. Recommendation = [0.0, 0.7473, 0.5724], Current Cost = 5163.00, Rho = 1.000
(iter 10) [0.0, 0.5505, 0.9235] = 417.5975, sampling [1.0, 1.1920, -0.7533]. Recommendation = [0.0, 0.7473, 0.5724], Current Cost = 5164.00, Rho = 1.000
(iter 10) [0.0, 0.5505, 0.9235] = 417.5975, sampling [1.0, 0.8131, -1.9823]. Recommendation = [0.0, 0.7473, 0.5724], Current Cost = 5165.00, Rho = 1.000
(iter 10) [0.0, 0.5505, 0.9235] = 417.5975, sampling [1.0, 1.1772, -0.3642]. Recommendation = [0.0, 0.7473, 0.5724], Current Cost = 5166.00, Rho = 1.000
(iter 10) [0.0, 0.5505, 0.9235] = 417.5975, sampling [1.0, -1.6692, 0.7626]. Recommendation = [0.0, 0.7473, 0.5724], Current Cost = 5167.00, Rho = 1.000
(iter 10) [0.0, 0.5505, 0.9235] = 417.5975, sampling [1.0, 0.8179, -1.0552]. Recommendation = [0.0, 0.7473, 0.5724], Current Cost = 5168.00, Rho = 1.000
(iter 10) [0.0, 0.5505, 0.9235] = 417.5975, sampling [1.0, 1.5335, -0.4049]. Recommendation = [0.0, 0.7473, 0.5724], Current Cost = 5169.00, Rho = 1.000
(iter 10) [0.0, 0.5505, 0.9235] = 417.5975, sampling [1.0, 1.5077, 1.2388]. Recommendation = [0.0, 0.7473, 0.5724], Current Cost = 5170.00, Rho = 1.000
(iter 10) [0.0, 0.5505, 0.9235] = 417.5975, sampling [1.0, 1.9996, 1.9351]. Recommendation = [0.0, 0.7473, 0.5724], Current Cost = 5171.00, Rho = 1.000
(iter 10) [0.0, 0.5505, 0.9235] = 417.5975, sampling [1.0, -1.3993, -0.0812]. Recommendation = [0.0, 0.7473, 0.5724], Current Cost = 5172.00, Rho = 1.000
(iter 10) [0.0, 0.5505, 0.9235] = 417.5975, sampling [1.0, 1.6618, 0.7156]. Recommendation = [0.0, 0.7473, 0.5724], Current Cost = 5173.00, Rho = 1.000
(iter 10) [0.0, 0.5505, 0.9235] = 417.5975, sampling [1.0, 0.3349, 1.6898]. Recommendation = [0.0, 0.7473, 0.5724], Current Cost = 5174.00, Rho = 1.000
(iter 10) [0.0, 0.5505, 0.9235] = 417.5975, sampling [1.0, 0.1663, -1.5993]. Recommendation = [0.0, 0.7473, 0.5724], Current Cost = 5175.00, Rho = 1.000
(iter 10) [0.0, 0.5505, 0.9235] = 417.5975, sampling [1.0, -0.6674, -1.7647]. Recommendation = [0.0, 0.7473, 0.5724], Current Cost = 5176.00, Rho = 1.000
(iter 10) [0.0, 0.5505, 0.9235] = 417.5975, sampling [1.0, -1.0453, -0.6756]. Recommendation = [0.0, 0.7473, 0.5724], Current Cost = 5177.00, Rho = 1.000
(iter 10) [0.0, 0.5505, 0.9235] = 417.5975, sampling [1.0, 0.7525, -0.9504]. Recommendation = [0.0, 0.7473, 0.5724], Current Cost = 5178.00, Rho = 1.000
(iter 10) [0.0, 0.5505, 0.9235] = 417.5975, sampling [1.0, 1.9836, -1.9902]. Recommendation = [0.0, 0.7473, 0.5724], Current Cost = 5179.00, Rho = 1.000
(iter 10) [0.0, 0.5505, 0.9235] = 417.5975, sampling [1.0, -0.3186, 1.5393]. Recommendation = [0.0, 0.7473, 0.5724], Current Cost = 5180.00, Rho = 1.000
(iter 10) [0.0, 0.5505, 0.9235] = 417.5975, sampling [1.0, 1.0582, -1.0269]. Recommendation = [0.0, 0.7473, 0.5724], Current Cost = 5181.00, Rho = 1.000
(iter 10) [0.0, 0.5505, 0.9235] = 417.5975, sampling [1.0, -1.8632, -0.1525]. Recommendation = [0.0, 0.7473, 0.5724], Current Cost = 5182.00, Rho = 1.000
(iter 10) [0.0, 0.5505, 0.9235] = 417.5975, sampling [1.0, 1.7207, 1.1387]. Recommendation = [0.0, 0.7473, 0.5724], Current Cost = 5183.00, Rho = 1.000
(iter 10) [0.0, 0.5505, 0.9235] = 417.5975, sampling [1.0, 0.5303, -1.8995]. Recommendation = [0.0, 0.7473, 0.5724], Current Cost = 5184.00, Rho = 1.000
(iter 10) [0.0, 0.5505, 0.9235] = 417.5975, sampling [1.0, -0.7602, -1.4863]. Recommendation = [0.0, 0.7473, 0.5724], Current Cost = 5185.00, Rho = 1.000
(iter 10) [0.0, 0.5505, 0.9235] = 417.5975, sampling [1.0, 0.9962, -1.3511]. Recommendation = [0.0, 0.7473, 0.5724], Current Cost = 5186.00, Rho = 1.000
(iter 10) [0.0, 0.5505, 0.9235] = 417.5975, sampling [1.0, -1.1055, -1.1426]. Recommendation = [0.0, 0.7473, 0.5724], Current Cost = 5187.00, Rho = 1.000
(iter 10) [0.0, 0.5505, 0.9235] = 417.5975, sampling [1.0, 0.1090, -1.5799]. Recommendation = [0.0, 0.7473, 0.5724], Current Cost = 5188.00, Rho = 1.000
(iter 10) [0.0, 0.5505, 0.9235] = 417.5975, sampling [1.0, -0.9214, -1.7996]. Recommendation = [0.0, 0.7473, 0.5724], Current Cost = 5189.00, Rho = 1.000
(iter 10) [0.0, 0.5505, 0.9235] = 417.5975, sampling [1.0, 1.4474, -0.0441]. Recommendation = [0.0, 0.7473, 0.5724], Current Cost = 5190.00, Rho = 1.000
(iter 10) [0.0, 0.5505, 0.9235] = 417.5975, sampling [1.0, -0.4563, -1.8504]. Recommendation = [0.0, 0.7473, 0.5724], Current Cost = 5191.00, Rho = 1.000
(iter 10) [0.0, 0.5505, 0.9235] = 417.5975, sampling [1.0, 1.2702, -0.2593]. Recommendation = [0.0, 0.7473, 0.5724], Current Cost = 5192.00, Rho = 1.000
(iter 10) [0.0, 0.5505, 0.9235] = 417.5975, sampling [1.0, -1.2465, -0.3180]. Recommendation = [0.0, 0.7473, 0.5724], Current Cost = 5193.00, Rho = 1.000
(iter 10) [0.0, 0.5505, 0.9235] = 417.5975, sampling [1.0, 1.8255, 0.7513]. Recommendation = [0.0, 0.7473, 0.5724], Current Cost = 5194.00, Rho = 1.000
(iter 10) [0.0, 0.5505, 0.9235] = 417.5975, sampling [1.0, 1.6955, -0.1025]. Recommendation = [0.0, 0.7473, 0.5724], Current Cost = 5195.00, Rho = 1.000
(iter 10) [0.0, 0.5505, 0.9235] = 417.5975, sampling [1.0, -1.8798, 0.5234]. Recommendation = [0.0, 0.7473, 0.5724], Current Cost = 5196.00, Rho = 1.000
(iter 10) [0.0, 0.5505, 0.9235] = 417.5975, sampling [1.0, -0.6724, -1.9243]. Recommendation = [0.0, 0.7473, 0.5724], Current Cost = 5197.00, Rho = 1.000
(iter 10) [0.0, 0.5505, 0.9235] = 417.5975, sampling [1.0, -0.9554, -1.5541]. Recommendation = [0.0, 0.7473, 0.5724], Current Cost = 5198.00, Rho = 1.000
(iter 10) [0.0, 0.5505, 0.9235] = 417.5975, sampling [1.0, -1.5426, -0.3772]. Recommendation = [0.0, 0.7473, 0.5724], Current Cost = 5199.00, Rho = 1.000
(iter 10) [0.0, 0.5505, 0.9235] = 417.5975, sampling [1.0, 1.7436, -0.7166]. Recommendation = [0.0, 0.7473, 0.5724], Current Cost = 5200.00, Rho = 1.000
(iter 10) [0.0, 0.5505, 0.9235] = 417.5975, sampling [1.0, 0.3901, -1.6449]. Recommendation = [0.0, 0.7473, 0.5724], Current Cost = 5201.00, Rho = 1.000
(iter 10) [0.0, 0.5505, 0.9235] = 417.5975, sampling [1.0, -1.5930, -0.6710]. Recommendation = [0.0, 0.7473, 0.5724], Current Cost = 5202.00, Rho = 1.000
(iter 10) [0.0, 0.5505, 0.9235] = 417.5975, sampling [1.0, -0.8020, -1.5447]. Recommendation = [0.0, 0.7473, 0.5724], Current Cost = 5203.00, Rho = 1.000
(iter 10) [0.0, 0.5505, 0.9235] = 417.5975, sampling [1.0, -1.2034, -1.7122]. Recommendation = [0.0, 0.7473, 0.5724], Current Cost = 5204.00, Rho = 1.000
(iter 10) [0.0, 0.5505, 0.9235] = 417.5975, sampling [1.0, -1.7310, 0.5490]. Recommendation = [0.0, 0.7473, 0.5724], Current Cost = 5205.00, Rho = 1.000
(iter 10) [0.0, 0.5505, 0.9235] = 417.5975, sampling [1.0, 1.4044, -1.0846]. Recommendation = [0.0, 0.7473, 0.5724], Current Cost = 5206.00, Rho = 1.000
(iter 10) [0.0, 0.5505, 0.9235] = 417.5975, sampling [1.0, 1.2250, -1.2915]. Recommendation = [0.0, 0.7473, 0.5724], Current Cost = 5207.00, Rho = 1.000
(iter 10) [0.0, 0.5505, 0.9235] = 417.5975, sampling [1.0, -1.2669, -1.3088]. Recommendation = [0.0, 0.7473, 0.5724], Current Cost = 5208.00, Rho = 1.000
(iter 10) [0.0, 0.5505, 0.9235] = 417.5975, sampling [1.0, 1.1325, -1.8827]. Recommendation = [0.0, 0.7473, 0.5724], Current Cost = 5209.00, Rho = 1.000
(iter 10) [0.0, 0.5505, 0.9235] = 417.5975, sampling [1.0, -1.4876, -1.9169]. Recommendation = [0.0, 0.7473, 0.5724], Current Cost = 5210.00, Rho = 1.000
(iter 10) [0.0, 0.5505, 0.9235] = 417.5975, sampling [1.0, -0.8413, -1.8586]. Recommendation = [0.0, 0.7473, 0.5724], Current Cost = 5211.00, Rho = 1.000
(iter 10) [0.0, 0.5505, 0.9235] = 417.5975, sampling [1.0, -1.6411, -0.1689]. Recommendation = [0.0, 0.7473, 0.5724], Current Cost = 5212.00, Rho = 1.000
(iter 10) [0.0, 0.5505, 0.9235] = 417.5975, sampling [1.0, -1.9448, -0.6933]. Recommendation = [0.0, 0.7473, 0.5724], Current Cost = 5213.00, Rho = 1.000
(iter 10) [0.0, 0.5505, 0.9235] = 417.5975, sampling [1.0, 1.0432, -1.3840]. Recommendation = [0.0, 0.7473, 0.5724], Current Cost = 5214.00, Rho = 1.000
(iter 10) [0.0, 0.5505, 0.9235] = 417.5975, sampling [1.0, -1.0703, -1.6622]. Recommendation = [0.0, 0.7473, 0.5724], Current Cost = 5215.00, Rho = 1.000
(iter 10) [0.0, 0.5505, 0.9235] = 417.5975, sampling [1.0, 1.9113, 0.3808]. Recommendation = [0.0, 0.7473, 0.5724], Current Cost = 5216.00, Rho = 1.000
(iter 10) [0.0, 0.5505, 0.9235] = 417.5975, sampling [1.0, 1.7718, 0.7270]. Recommendation = [0.0, 0.7473, 0.5724], Current Cost = 5217.00, Rho = 1.000
(iter 10) [0.0, 0.5505, 0.9235] = 417.5975, sampling [1.0, -1.3873, -1.2069]. Recommendation = [0.0, 0.7473, 0.5724], Current Cost = 5218.00, Rho = 1.000
(iter 10) [0.0, 0.5505, 0.9235] = 417.5975, sampling [1.0, 1.7599, -0.2024]. Recommendation = [0.0, 0.7473, 0.5724], Current Cost = 5219.00, Rho = 1.000
(iter 10) [0.0, 0.5505, 0.9235] = 417.5975, sampling [1.0, 1.9385, -1.0177]. Recommendation = [0.0, 0.7473, 0.5724], Current Cost = 5220.00, Rho = 1.000
(iter 10) [0.0, 0.5505, 0.9235] = 417.5975, sampling [1.0, 1.3569, -1.7553]. Recommendation = [0.0, 0.7473, 0.5724], Current Cost = 5221.00, Rho = 1.000
(iter 10) [0.0, 0.5505, 0.9235] = 417.5975, sampling [1.0, -1.6089, -1.1288]. Recommendation = [0.0, 0.7473, 0.5724], Current Cost = 5222.00, Rho = 1.000
(iter 10) [0.0, 0.5505, 0.9235] = 417.5975, sampling [1.0, 1.6424, -0.9328]. Recommendation = [0.0, 0.7473, 0.5724], Current Cost = 5223.00, Rho = 1.000
(iter 10) [0.0, 0.5505, 0.9235] = 417.5975, sampling [1.0, -1.5245, -1.4428]. Recommendation = [0.0, 0.7473, 0.5724], Current Cost = 5224.00, Rho = 1.000
(iter 10) [0.0, 0.5505, 0.9235] = 417.5975, sampling [1.0, -1.6280, -0.5924]. Recommendation = [0.0, 0.7473, 0.5724], Current Cost = 5225.00, Rho = 1.000
(iter 10) [0.0, 0.5505, 0.9235] = 417.5975, sampling [1.0, -1.8941, 0.4790]. Recommendation = [0.0, 0.7473, 0.5724], Current Cost = 5226.00, Rho = 1.000
(iter 10) [0.0, 0.5505, 0.9235] = 417.5975, sampling [1.0, -1.9951, -0.9987]. Recommendation = [0.0, 0.7473, 0.5724], Current Cost = 5227.00, Rho = 1.000
(iter 10) [0.0, 0.5505, 0.9235] = 417.5975, sampling [1.0, -1.1551, -1.6700]. Recommendation = [0.0, 0.7473, 0.5724], Current Cost = 5228.00, Rho = 1.000
(iter 10) [0.0, 0.5505, 0.9235] = 417.5975, sampling [1.0, 1.5439, -1.9442]. Recommendation = [0.0, 0.7473, 0.5724], Current Cost = 5229.00, Rho = 1.000
(iter 10) [0.0, 0.5505, 0.9235] = 417.5975, sampling [1.0, -1.5086, -1.2556]. Recommendation = [0.0, 0.7473, 0.5724], Current Cost = 5230.00, Rho = 1.000
(iter 10) [0.0, 0.5505, 0.9235] = 417.5975, sampling [1.0, -1.7691, -0.5898]. Recommendation = [0.0, 0.7473, 0.5724], Current Cost = 5231.00, Rho = 1.000
(iter 10) [0.0, 0.5505, 0.9235] = 417.5975, sampling [1.0, -1.4254, -1.7794]. Recommendation = [0.0, 0.7473, 0.5724], Current Cost = 5232.00, Rho = 1.000
(iter 10) [0.0, 0.5505, 0.9235] = 417.5975, sampling [1.0, 1.7958, -1.5155]. Recommendation = [0.0, 0.7473, 0.5724], Current Cost = 5233.00, Rho = 1.000
(iter 10) [0.0, 0.5505, 0.9235] = 417.5975, sampling [1.0, 1.8824, -0.7339]. Recommendation = [0.0, 0.7473, 0.5724], Current Cost = 5234.00, Rho = 1.000
(iter 10) [0.0, 0.5505, 0.9235] = 417.5975, sampling [1.0, -1.9291, -0.5298]. Recommendation = [0.0, 0.7473, 0.5724], Current Cost = 5235.00, Rho = 1.000
(iter 10) [0.0, 0.5505, 0.9235] = 417.5975, sampling [1.0, -1.7925, -0.8910]. Recommendation = [0.0, 0.7473, 0.5724], Current Cost = 5236.00, Rho = 1.000
(iter 10) [0.0, 0.5505, 0.9235] = 417.5975, sampling [1.0, 1.5601, -1.7347]. Recommendation = [0.0, 0.7473, 0.5724], Current Cost = 5237.00, Rho = 1.000
(iter 10) [0.0, 0.5505, 0.9235] = 417.5975, sampling [1.0, 1.4703, -1.4048]. Recommendation = [0.0, 0.7473, 0.5724], Current Cost = 5238.00, Rho = 1.000
(iter 10) [0.0, 0.5505, 0.9235] = 417.5975, sampling [0.0, 0.7473, 0.5724]. Recommendation = [0.0, 0.7473, 0.5724], Current Cost = 5239.00, Rho = 1.000
(iter 244) [0.0, 0.7473, 0.5724] = 456.2170, sampling [1.0, -1.6603, -1.2252]. Recommendation = [0.0, 0.7473, 0.5724], Current Cost = 6239.00, Rho = 1.000
(iter 244) [0.0, 0.7473, 0.5724] = 456.2170, sampling [0.0, 1.3305, 1.7562]. Recommendation = [0.0, 0.7473, 0.5724], Current Cost = 6240.00, Rho = 1.000
(iter 244) [0.0, 0.7473, 0.5724] = 456.2170, sampling [1.0, -1.9637, -1.2778]. Recommendation = [0.0, 0.7473, 0.5724], Current Cost = 7240.00, Rho = 1.000
(iter 244) [0.0, 0.7473, 0.5724] = 456.2170, sampling [1.0, -1.8251, -0.7782]. Recommendation = [0.0, 0.7473, 0.5724], Current Cost = 7241.00, Rho = 1.000
(iter 244) [0.0, 0.7473, 0.5724] = 456.2170, sampling [1.0, -1.7092, -1.4696]. Recommendation = [0.0, 0.7473, 0.5724], Current Cost = 7242.00, Rho = 1.000
(iter 244) [0.0, 0.7473, 0.5724] = 456.2170, sampling [1.0, 1.9359, -0.8645]. Recommendation = [0.0, 0.7473, 0.5724], Current Cost = 7243.00, Rho = 1.000
(iter 244) [0.0, 0.7473, 0.5724] = 456.2170, sampling [1.0, 1.7029, -1.7049]. Recommendation = [0.0, 0.7473, 0.5724], Current Cost = 7244.00, Rho = 1.000
(iter 244) [0.0, 0.7473, 0.5724] = 456.2170, sampling [1.0, -1.6833, -1.3149]. Recommendation = [0.0, 0.7473, 0.5724], Current Cost = 7245.00, Rho = 1.000
(iter 244) [0.0, 0.7473, 0.5724] = 456.2170, sampling [1.0, -1.8554, -0.6423]. Recommendation = [0.0, 0.7473, 0.5724], Current Cost = 7246.00, Rho = 1.000
(iter 244) [0.0, 0.7473, 0.5724] = 456.2170, sampling [1.0, -1.9070, -0.9122]. Recommendation = [0.0, 0.7473, 0.5724], Current Cost = 7247.00, Rho = 1.000
(iter 244) [0.0, 0.7473, 0.5724] = 456.2170, sampling [1.0, 1.9546, -1.8279]. Recommendation = [0.0, 0.7473, 0.5724], Current Cost = 7248.00, Rho = 1.000
(iter 244) [0.0, 0.7473, 0.5724] = 456.2170, sampling [1.0, -1.9719, -1.3707]. Recommendation = [0.0, 0.7473, 0.5724], Current Cost = 7249.00, Rho = 1.000
(iter 244) [0.0, 0.7473, 0.5724] = 456.2170, sampling [0.0, 0.5101, 0.2160]. Recommendation = [0.0, 0.7473, 0.5724], Current Cost = 7250.00, Rho = 1.000
(iter 244) [0.0, 0.7473, 0.5724] = 456.2170, sampling [0.0, -0.0160, 0.0070]. Recommendation = [0.0, 0.7473, 0.5724], Current Cost = 8250.00, Rho = 1.000
(iter 244) [0.0, 0.7473, 0.5724] = 456.2170, sampling [0.0, 1.3244, 1.8501]. Recommendation = [0.0, 0.7473, 0.5724], Current Cost = 9250.00, Rho = 1.000
(iter 244) [0.0, 0.7473, 0.5724] = 456.2170, sampling [0.0, 1.6743, 1.6533]. Recommendation = [0.0, 0.7473, 0.5724], Current Cost = 10250.00, Rho = 1.000
(iter 244) [0.0, 0.7473, 0.5724] = 456.2170, sampling [0.0, 0.9833, 0.5090]. Recommendation = [0.0, 0.7473, 0.5724], Current Cost = 11250.00, Rho = 1.000
(iter 244) [0.0, 0.7473, 0.5724] = 456.2170, sampling [0.0, -0.4323, -1.0622]. Recommendation = [0.0, 0.7473, 0.5724], Current Cost = 12250.00, Rho = 1.000
(iter 244) [0.0, 0.7473, 0.5724] = 456.2170, sampling [0.0, 0.3010, -0.3496]. Recommendation = [0.0, 0.7473, 0.5724], Current Cost = 13250.00, Rho = 1.000
(iter 244) [0.0, 0.7473, 0.5724] = 456.2170, sampling [0.0, -0.7154, 1.6250]. Recommendation = [0.0, 0.7473, 0.5724], Current Cost = 14250.00, Rho = 1.000
(iter 244) [0.0, 0.7473, 0.5724] = 456.2170, sampling [0.0, -1.0373, 1.2548]. Recommendation = [0.0, 0.7473, 0.5724], Current Cost = 15250.00, Rho = 1.000
(iter 244) [0.0, 0.7473, 0.5724] = 456.2170, sampling [0.0, 1.7718, 0.7270]. Recommendation = [0.0, 0.7473, 0.5724], Current Cost = 16250.00, Rho = 1.000
(iter 244) [0.0, 0.7473, 0.5724] = 456.2170, sampling [0.0, -1.7925, -0.8910]. Recommendation = [0.0, 0.7473, 0.5724], Current Cost = 17250.00, Rho = 1.000
(iter 244) [0.0, 0.7473, 0.5724] = 456.2170, sampling [0.0, -0.2222, 1.1782]. Recommendation = [0.0, 0.7473, 0.5724], Current Cost = 18250.00, Rho = 1.000
(iter 244) [0.0, 0.7473, 0.5724] = 456.2170, sampling [0.0, 1.8255, 0.7513]. Recommendation = [0.0, 0.7473, 0.5724], Current Cost = 19250.00, Rho = 1.000
(iter 244) [0.0, 0.7473, 0.5724] = 456.2170, sampling [0.0, -0.8885, -0.0796]. Recommendation = [0.0, 0.7473, 0.5724], Current Cost = 20250.00, Rho = 1.000
(iter 244) [0.0, 0.7473, 0.5724] = 456.2170, sampling [0.0, 0.7160, 1.7949]. Recommendation = [0.0, 0.7473, 0.5724], Current Cost = 21250.00, Rho = 1.000
(iter 244) [0.0, 0.7473, 0.5724] = 456.2170, sampling [0.0, 1.9836, -1.9902]. Recommendation = [0.0, 0.7473, 0.5724], Current Cost = 22250.00, Rho = 1.000
(iter 244) [0.0, 0.7473, 0.5724] = 456.2170, sampling [0.0, 1.5838, 1.5921]. Recommendation = [0.0, 0.7473, 0.5724], Current Cost = 23250.00, Rho = 1.000
(iter 244) [0.0, 0.7473, 0.5724] = 456.2170, sampling [0.0, 1.0745, 1.4552]. Recommendation = [0.0, 0.7473, 0.5724], Current Cost = 24250.00, Rho = 1.000
(iter 244) [0.0, 0.7473, 0.5724] = 456.2170, sampling [0.0, 1.8713, 1.3522]. Recommendation = [0.0, 0.7473, 0.5724], Current Cost = 25250.00, Rho = 1.000
(iter 244) [0.0, 0.7473, 0.5724] = 456.2170, sampling [0.0, -0.8229, -0.8348]. Recommendation = [0.0, 0.7473, 0.5724], Current Cost = 26250.00, Rho = 1.000
(iter 244) [0.0, 0.7473, 0.5724] = 456.2170, sampling [0.0, -1.1837, -0.3329]. Recommendation = [0.0, 0.7473, 0.5724], Current Cost = 27250.00, Rho = 1.000
(iter 244) [0.0, 0.7473, 0.5724] = 456.2170, sampling [0.0, -0.0062, -0.7445]. Recommendation = [0.0, 0.7473, 0.5724], Current Cost = 28250.00, Rho = 1.000
(iter 244) [0.0, 0.7473, 0.5724] = 456.2170, sampling [0.0, -0.2503, 1.3632]. Recommendation = [0.0, 0.7473, 0.5724], Current Cost = 29250.00, Rho = 1.000
(iter 244) [0.0, 0.7473, 0.5724] = 456.2170, sampling [0.0, 1.6955, -0.1025]. Recommendation = [0.0, 0.7473, 0.5724], Current Cost = 30250.00, Rho = 1.000
(iter 244) [0.0, 0.7473, 0.5724] = 456.2170, sampling [0.0, 0.0076, 1.0112]. Recommendation = [0.0, 0.7473, 0.5724], Current Cost = 31250.00, Rho = 1.000
(iter 244) [0.0, 0.7473, 0.5724] = 456.2170, sampling [0.0, 1.4923, 1.1942]. Recommendation = [0.0, 0.7473, 0.5724], Current Cost = 32250.00, Rho = 1.000
(iter 244) [0.0, 0.7473, 0.5724] = 456.2170, sampling [0.0, -1.8632, -0.1525]. Recommendation = [0.0, 0.7473, 0.5724], Current Cost = 33250.00, Rho = 1.000
(iter 244) [0.0, 0.7473, 0.5724] = 456.2170, sampling [0.0, 1.4474, -0.0441]. Recommendation = [0.0, 0.7473, 0.5724], Current Cost = 34250.00, Rho = 1.000
(iter 244) [0.0, 0.7473, 0.5724] = 456.2170, sampling [0.0, -1.3303, 0.7854]. Recommendation = [0.0, 0.7473, 0.5724], Current Cost = 35250.00, Rho = 1.000
(iter 244) [0.0, 0.7473, 0.5724] = 456.2170, sampling [0.0, -0.8761, 0.4380]. Recommendation = [0.0, 0.7473, 0.5724], Current Cost = 36250.00, Rho = 1.000
(iter 244) [0.0, 0.7473, 0.5724] = 456.2170, sampling [0.0, 0.0367, -0.7849]. Recommendation = [0.0, 0.7473, 0.5724], Current Cost = 37250.00, Rho = 1.000
(iter 244) [0.0, 0.7473, 0.5724] = 456.2170, sampling [0.0, -0.8413, -1.8586]. Recommendation = [0.0, 0.7473, 0.5724], Current Cost = 38250.00, Rho = 1.000
(iter 244) [0.0, 0.7473, 0.5724] = 456.2170, sampling [0.0, -1.2034, -1.7122]. Recommendation = [0.0, 0.7473, 0.5724], Current Cost = 39250.00, Rho = 1.000
(iter 244) [0.0, 0.7473, 0.5724] = 456.2170, sampling [0.0, 1.9113, 0.3808]. Recommendation = [0.0, 0.7473, 0.5724], Current Cost = 40250.00, Rho = 1.000
(iter 244) [0.0, 0.7473, 0.5724] = 456.2170, sampling [0.0, 1.4326, 0.0897]. Recommendation = [0.0, 0.7473, 0.5724], Current Cost = 41250.00, Rho = 1.000
(iter 244) [0.0, 0.7473, 0.5724] = 456.2170, sampling [0.0, -1.4534, 1.6398]. Recommendation = [0.0, 0.7473, 0.5724], Current Cost = 42250.00, Rho = 1.000
(iter 244) [0.0, 0.7473, 0.5724] = 456.2170, sampling [0.0, -1.9070, -0.9122]. Recommendation = [0.0, 0.7473, 0.5724], Current Cost = 43250.00, Rho = 1.000
(iter 244) [0.0, 0.7473, 0.5724] = 456.2170, sampling [0.0, 1.5439, -1.9442]. Recommendation = [0.0, 0.7473, 0.5724], Current Cost = 44250.00, Rho = 1.000
(iter 244) [0.0, 0.7473, 0.5724] = 456.2170, sampling [0.0, -0.7511, -1.1061]. Recommendation = [0.0, 0.7473, 0.5724], Current Cost = 45250.00, Rho = 1.000
(iter 244) [0.0, 0.7473, 0.5724] = 456.2170, sampling [0.0, -1.5086, -1.2556]. Recommendation = [0.0, 0.7473, 0.5724], Current Cost = 46250.00, Rho = 1.000
(iter 244) [0.0, 0.7473, 0.5724] = 456.2170, sampling [0.0, 0.1090, -1.5799]. Recommendation = [0.0, 0.7473, 0.5724], Current Cost = 47250.00, Rho = 1.000
(iter 244) [0.0, 0.7473, 0.5724] = 456.2170, sampling [0.0, -1.0703, -1.6622]. Recommendation = [0.0, 0.7473, 0.5724], Current Cost = 48250.00, Rho = 1.000
(iter 244) [0.0, 0.7473, 0.5724] = 456.2170, sampling [0.0, -0.2799, -1.6199]. Recommendation = [0.0, 0.7473, 0.5724], Current Cost = 49250.00, Rho = 1.000
(iter 244) [0.0, 0.7473, 0.5724] = 456.2170, sampling [0.0, 1.5335, -0.4049]. Recommendation = [0.0, 0.7473, 0.5724], Current Cost = 50250.00, Rho = 1.000
(iter 244) [0.0, 0.7473, 0.5724] = 456.2170, sampling [0.0, 1.7207, 1.1387]. Recommendation = [0.0, 0.7473, 0.5724], Current Cost = 51250.00, Rho = 1.000
(iter 244) [0.0, 0.7473, 0.5724] = 456.2170, sampling [0.0, 0.4070, -1.6159]. Recommendation = [0.0, 0.7473, 0.5724], Current Cost = 52250.00, Rho = 1.000
(iter 244) [0.0, 0.7473, 0.5724] = 456.2170, sampling [0.0, -1.0841, -0.5695]. Recommendation = [0.0, 0.7473, 0.5724], Current Cost = 53250.00, Rho = 1.000
(iter 244) [0.0, 0.7473, 0.5724] = 456.2170, sampling [0.0, -0.9214, -1.7996]. Recommendation = [0.0, 0.7473, 0.5724], Current Cost = 54250.00, Rho = 1.000
(iter 244) [0.0, 0.7473, 0.5724] = 456.2170, sampling [0.0, -0.3328, 1.6058]. Recommendation = [0.0, 0.7473, 0.5724], Current Cost = 55250.00, Rho = 1.000
(iter 244) [0.0, 0.7473, 0.5724] = 456.2170, sampling [0.0, -0.4929, 0.8143]. Recommendation = [0.0, 0.7473, 0.5724], Current Cost = 56250.00, Rho = 1.000
(iter 244) [0.0, 0.7473, 0.5724] = 456.2170, sampling [0.0, -1.2533, 0.9862]. Recommendation = [0.0, 0.7473, 0.5724], Current Cost = 57250.00, Rho = 1.000
(iter 244) [0.0, 0.7473, 0.5724] = 456.2170, sampling [0.0, 1.2702, -0.2593]. Recommendation = [0.0, 0.7473, 0.5724], Current Cost = 58250.00, Rho = 1.000
(iter 244) [0.0, 0.7473, 0.5724] = 456.2170, sampling [0.0, -0.5978, -1.5021]. Recommendation = [0.0, 0.7473, 0.5724], Current Cost = 59250.00, Rho = 1.000
(iter 244) [0.0, 0.7473, 0.5724] = 456.2170, sampling [0.0, -1.9719, -1.3707]. Recommendation = [0.0, 0.7473, 0.5724], Current Cost = 60250.00, Rho = 1.000
(iter 244) [0.0, 0.7473, 0.5724] = 456.2170, sampling [0.0, -0.1538, 1.0927]. Recommendation = [0.0, 0.7473, 0.5724], Current Cost = 61250.00, Rho = 1.000
(iter 244) [0.0, 0.7473, 0.5724] = 456.2170, sampling [0.0, 1.8968, 1.9073]. Recommendation = [0.0, 0.7473, 0.5724], Current Cost = 62250.00, Rho = 1.000
(iter 244) [0.0, 0.7473, 0.5724] = 456.2170, sampling [0.0, -0.9985, 0.1599]. Recommendation = [0.0, 0.7473, 0.5724], Current Cost = 63250.00, Rho = 1.000
(iter 244) [0.0, 0.7473, 0.5724] = 456.2170, sampling [0.0, 1.6424, -0.9328]. Recommendation = [0.0, 0.7473, 0.5724], Current Cost = 64250.00, Rho = 1.000
(iter 244) [0.0, 0.7473, 0.5724] = 456.2170, sampling [0.0, -0.3830, 0.2652]. Recommendation = [0.0, 0.7473, 0.5724], Current Cost = 65250.00, Rho = 1.000
(iter 244) [0.0, 0.7473, 0.5724] = 456.2170, sampling [0.0, 0.8131, -1.9823]. Recommendation = [0.0, 0.7473, 0.5724], Current Cost = 66250.00, Rho = 1.000
(iter 244) [0.0, 0.7473, 0.5724] = 456.2170, sampling [0.0, 0.6203, -0.6191]. Recommendation = [0.0, 0.7473, 0.5724], Current Cost = 67250.00, Rho = 1.000
(iter 244) [0.0, 0.7473, 0.5724] = 456.2170, sampling [0.0, 0.9168, 1.1105]. Recommendation = [0.0, 0.7473, 0.5724], Current Cost = 68250.00, Rho = 1.000
(iter 244) [0.0, 0.7473, 0.5724] = 456.2170, sampling [0.0, -0.6502, -0.4701]. Recommendation = [0.0, 0.7473, 0.5724], Current Cost = 69250.00, Rho = 1.000
(iter 244) [0.0, 0.7473, 0.5724] = 456.2170, sampling [0.0, 0.5303, -1.8995]. Recommendation = [0.0, 0.7473, 0.5724], Current Cost = 70250.00, Rho = 1.000
(iter 244) [0.0, 0.7473, 0.5724] = 456.2170, sampling [0.0, 1.0582, -1.0269]. Recommendation = [0.0, 0.7473, 0.5724], Current Cost = 71250.00, Rho = 1.000
(iter 244) [0.0, 0.7473, 0.5724] = 456.2170, sampling [0.0, -0.7025, 0.1070]. Recommendation = [0.0, 0.7473, 0.5724], Current Cost = 72250.00, Rho = 1.000
(iter 244) [0.0, 0.7473, 0.5724] = 456.2170, sampling [0.0, 0.8179, -1.0552]. Recommendation = [0.0, 0.7473, 0.5724], Current Cost = 73250.00, Rho = 1.000
(iter 244) [0.0, 0.7473, 0.5724] = 456.2170, sampling [0.0, 1.5077, 1.2388]. Recommendation = [0.0, 0.7473, 0.5724], Current Cost = 74250.00, Rho = 1.000
(iter 244) [0.0, 0.7473, 0.5724] = 456.2170, sampling [0.0, -0.7810, 0.6044]. Recommendation = [0.0, 0.7473, 0.5724], Current Cost = 75250.00, Rho = 1.000
(iter 244) [0.0, 0.7473, 0.5724] = 456.2170, sampling [0.0, 0.4940, -0.8557]. Recommendation = [0.0, 0.7473, 0.5724], Current Cost = 76250.00, Rho = 1.000
(iter 244) [0.0, 0.7473, 0.5724] = 456.2170, sampling [0.0, -1.2669, -1.3088]. Recommendation = [0.0, 0.7473, 0.5724], Current Cost = 77250.00, Rho = 1.000
(iter 244) [0.0, 0.7473, 0.5724] = 456.2170, sampling [0.0, 1.2250, -1.2915]. Recommendation = [0.0, 0.7473, 0.5724], Current Cost = 78250.00, Rho = 1.000
(iter 244) [0.0, 0.7473, 0.5724] = 456.2170, sampling [0.0, -0.0836, 1.9456]. Recommendation = [0.0, 0.7473, 0.5724], Current Cost = 79250.00, Rho = 1.000
(iter 244) [0.0, 0.7473, 0.5724] = 456.2170, sampling [0.0, 1.4044, -1.0846]. Recommendation = [0.0, 0.7473, 0.5724], Current Cost = 80250.00, Rho = 1.000
(iter 244) [0.0, 0.7473, 0.5724] = 456.2170, sampling [0.0, 0.3524, 1.9817]. Recommendation = [0.0, 0.7473, 0.5724], Current Cost = 81250.00, Rho = 1.000
(iter 244) [0.0, 0.7473, 0.5724] = 456.2170, sampling [0.0, 1.7958, -1.5155]. Recommendation = [0.0, 0.7473, 0.5724], Current Cost = 82250.00, Rho = 1.000
(iter 244) [0.0, 0.7473, 0.5724] = 456.2170, sampling [0.0, 0.2147, 1.2821]. Recommendation = [0.0, 0.7473, 0.5724], Current Cost = 83250.00, Rho = 1.000
(iter 244) [0.0, 0.7473, 0.5724] = 456.2170, sampling [0.0, 1.4159, -1.4284]. Recommendation = [0.0, 0.7473, 0.5724], Current Cost = 84250.00, Rho = 1.000
(iter 244) [0.0, 0.7473, 0.5724] = 456.2170, sampling [0.0, -1.2981, 0.8171]. Recommendation = [0.0, 0.7473, 0.5724], Current Cost = 85250.00, Rho = 1.000
(iter 244) [0.0, 0.7473, 0.5724] = 456.2170, sampling [0.0, -0.5820, -0.0136]. Recommendation = [0.0, 0.7473, 0.5724], Current Cost = 86250.00, Rho = 1.000
(iter 244) [0.0, 0.7473, 0.5724] = 456.2170, sampling [0.0, -0.3186, 1.5393]. Recommendation = [0.0, 0.7473, 0.5724], Current Cost = 87250.00, Rho = 1.000
(iter 244) [0.0, 0.7473, 0.5724] = 456.2170, sampling [0.0, -0.5089, 1.8958]. Recommendation = [0.0, 0.7473, 0.5724], Current Cost = 88250.00, Rho = 1.000
(iter 244) [0.0, 0.7473, 0.5724] = 456.2170, sampling [0.0, 0.3178, 0.8888]. Recommendation = [0.0, 0.7473, 0.5724], Current Cost = 89250.00, Rho = 1.000
(iter 244) [0.0, 0.7473, 0.5724] = 456.2170, sampling [0.0, 0.2533, 0.3193]. Recommendation = [0.0, 0.7473, 0.5724], Current Cost = 90250.00, Rho = 1.000
(iter 244) [0.0, 0.7473, 0.5724] = 456.2170, sampling [0.0, -1.7691, -0.5898]. Recommendation = [0.0, 0.7473, 0.5724], Current Cost = 91250.00, Rho = 1.000
(iter 244) [0.0, 0.7473, 0.5724] = 456.2170, sampling [0.0, 1.1325, -1.8827]. Recommendation = [0.0, 0.7473, 0.5724], Current Cost = 92250.00, Rho = 1.000
(iter 244) [0.0, 0.7473, 0.5724] = 456.2170, sampling [0.0, 0.1169, -1.1546]. Recommendation = [0.0, 0.7473, 0.5724], Current Cost = 93250.00, Rho = 1.000
(iter 244) [0.0, 0.7473, 0.5724] = 456.2170, sampling [0.0, -1.6411, -0.1689]. Recommendation = [0.0, 0.7473, 0.5724], Current Cost = 94250.00, Rho = 1.000
(iter 244) [0.0, 0.7473, 0.5724] = 456.2170, sampling [0.0, 0.3756, 0.9478]. Recommendation = [0.0, 0.7473, 0.5724], Current Cost = 95250.00, Rho = 1.000
(iter 244) [0.0, 0.7473, 0.5724] = 456.2170, sampling [0.0, 0.0959, 1.0356]. Recommendation = [0.0, 0.7473, 0.5724], Current Cost = 96250.00, Rho = 1.000
(iter 244) [0.0, 0.7473, 0.5724] = 456.2170, sampling [0.0, -0.1121, -0.0307]. Recommendation = [0.0, 0.7473, 0.5724], Current Cost = 97250.00, Rho = 1.000
(iter 244) [0.0, 0.7473, 0.5724] = 456.2170, sampling [0.0, -0.9045, 1.5808]. Recommendation = [0.0, 0.7473, 0.5724], Current Cost = 98250.00, Rho = 1.000
(iter 244) [0.0, 0.7473, 0.5724] = 456.2170, sampling [0.0, 0.6355, 0.0427]. Recommendation = [0.0, 0.7473, 0.5724], Current Cost = 99250.00, Rho = 1.000
