(iter 10) [0.0, -0.5372, -0.2988] = 419.4441, sampling [1.0, -0.5113, 0.9735]. Recommendation = [0.0, -0.5372, -0.2988], Current Cost = 5005.00, Rho = 1.000
(iter 10) [0.0, -0.5372, -0.2988] = 419.4441, sampling [1.0, -1.1003, 0.4176]. Recommendation = [0.0, -0.5372, -0.2988], Current Cost = 5006.00, Rho = 1.000
(iter 10) [0.0, -0.5372, -0.2988] = 419.4441, sampling [1.0, -0.4106, 0.2671]. Recommendation = [0.0, -0.5372, -0.2988], Current Cost = 5007.00, Rho = 1.000
(iter 10) [0.0, -0.5372, -0.2988] = 419.4441, sampling [1.0, 0.0992, 0.9118]. Recommendation = [0.0, -0.4106, 0.2671], Current Cost = 5008.00, Rho = 1.000
(iter 10) [0.0, -0.5372, -0.2988] = 419.4441, sampling [1.0, -1.0257, 1.1534]. Recommendation = [0.0, -0.4106, 0.2671], Current Cost = 5009.00, Rho = 1.000
(iter 10) [0.0, -0.5372, -0.2988] = 419.4441, sampling [1.0, -0.5479, 1.5902]. Recommendation = [0.0, -0.4106, 0.2671], Current Cost = 5010.00, Rho = 1.000
(iter 10) [0.0, -0.5372, -0.2988] = 419.4441, sampling [1.0, -1.4936, 1.0705]. Recommendation = [0.0, -0.4106, 0.2671], Current Cost = 5011.00, Rho = 1.000
(iter 10) [0.0, -0.5372, -0.2988] = 419.4441, sampling [1.0, -0.8037, 0.6326]. Recommendation = [0.0, -0.4106, 0.2671], Current Cost = 5012.00, Rho = 1.000
(iter 10) [0.0, -0.5372, -0.2988] = 419.4441, sampling [1.0, -0.8871, 0.1232]. Recommendation = [0.0, -0.4106, 0.2671], Current Cost = 5013.00, Rho = 1.000
(iter 10) [0.0, -0.5372, -0.2988] = 419.4441, sampling [1.0, -0.2331, 0.6018]. Recommendation = [0.0, -0.4106, 0.2671], Current Cost = 5014.00, Rho = 1.000
(iter 10) [0.0, -0.5372, -0.2988] = 419.4441, sampling [1.0, -0.5142, 0.4734]. Recommendation = [0.0, -0.5142, 0.4734], Current Cost = 5015.00, Rho = 1.000
(iter 10) [0.0, -0.5372, -0.2988] = 419.4441, sampling [1.0, -1.1818, 1.6027]. Recommendation = [0.0, -0.4106, 0.2671], Current Cost = 5016.00, Rho = 1.000
(iter 10) [0.0, -0.5372, -0.2988] = 419.4441, sampling [1.0, -0.9295, 0.8811]. Recommendation = [0.0, -0.4106, 0.2671], Current Cost = 5017.00, Rho = 1.000
(iter 10) [0.0, -0.5372, -0.2988] = 419.4441, sampling [1.0, 0.3370, 1.3029]. Recommendation = [0.0, -0.4106, 0.2671], Current Cost = 5018.00, Rho = 1.000
(iter 10) [0.0, -0.5372, -0.2988] = 419.4441, sampling [1.0, -0.7252, -0.0971]. Recommendation = [0.0, -0.4106, 0.2671], Current Cost = 5019.00, Rho = 1.000
(iter 10) [0.0, -0.5372, -0.2988] = 419.4441, sampling [1.0, -1.2473, 1.3357]. Recommendation = [0.0, -0.4106, 0.2671], Current Cost = 5020.00, Rho = 1.000
(iter 10) [0.0, -0.5372, -0.2988] = 419.4441, sampling [1.0, -0.6014, 0.7414]. Recommendation = [0.0, -0.4106, 0.2671], Current Cost = 5021.00, Rho = 1.000
(iter 10) [0.0, -0.5372, -0.2988] = 419.4441, sampling [1.0, -0.7851, 1.2850]. Recommendation = [0.0, -0.4106, 0.2671], Current Cost = 5022.00, Rho = 1.000
(iter 10) [0.0, -0.5372, -0.2988] = 419.4441, sampling [1.0, -1.2051, -0.2688]. Recommendation = [0.0, -0.4106, 0.2671], Current Cost = 5023.00, Rho = 1.000
(iter 10) [0.0, -0.5372, -0.2988] = 419.4441, sampling [1.0, -0.1960, -0.0314]. Recommendation = [0.0, -0.4106, 0.2671], Current Cost = 5024.00, Rho = 1.000
(iter 10) [0.0, -0.5372, -0.2988] = 419.4441, sampling [1.0, -0.1574, 0.3477]. Recommendation = [0.0, -0.4106, 0.2671], Current Cost = 5025.00, Rho = 1.000
(iter 10) [0.0, -0.5372, -0.2988] = 419.4441, sampling [1.0, -1.1370, 1.9446]. Recommendation = [0.0, -0.4106, 0.2671], Current Cost = 5026.00, Rho = 1.000
(iter 10) [0.0, -0.5372, -0.2988] = 419.4441, sampling [1.0, -1.0010, 1.4962]. Recommendation = [0.0, -0.4106, 0.2671], Current Cost = 5027.00, Rho = 1.000
(iter 10) [0.0, -0.5372, -0.2988] = 419.4441, sampling [1.0, 0.2032, 0.6142]. Recommendation = [0.0, -0.4106, 0.2671], Current Cost = 5028.00, Rho = 1.000
(iter 10) [0.0, -0.5372, -0.2988] = 419.4441, sampling [1.0, -1.0557, 0.6951]. Recommendation = [0.0, -0.4106, 0.2671], Current Cost = 5029.00, Rho = 1.000
(iter 10) [0.0, -0.5372, -0.2988] = 419.4441, sampling [1.0, -1.3035, 1.5154]. Recommendation = [0.0, -0.4106, 0.2671], Current Cost = 5030.00, Rho = 1.000
(iter 10) [0.0, -0.5372, -0.2988] = 419.4441, sampling [1.0, -0.2752, 0.9808]. Recommendation = [0.0, -0.4106, 0.2671], Current Cost = 5031.00, Rho = 1.000
(iter 10) [0.0, -0.5372, -0.2988] = 419.4441, sampling [1.0, -0.8195, 1.1013]. Recommendation = [0.0, -0.4106, 0.2671], Current Cost = 5032.00, Rho = 1.000
(iter 10) [0.0, -0.5372, -0.2988] = 419.4441, sampling [1.0, -0.1101, 0.1079]. Recommendation = [0.0, -0.4106, 0.2671], Current Cost = 5033.00, Rho = 1.000
(iter 10) [0.0, -0.5372, -0.2988] = 419.4441, sampling [1.0, 0.1650, 0.3561]. Recommendation = [0.0, -0.4106, 0.2671], Current Cost = 5034.00, Rho = 1.000
(iter 10) [0.0, -0.5372, -0.2988] = 419.4441, sampling [1.0, -0.0875, 0.5017]. Recommendation = [0.0, -0.4106, 0.2671], Current Cost = 5035.00, Rho = 1.000
(iter 10) [0.0, -0.5372, -0.2988] = 419.4441, sampling [1.0, -1.5698, 1.4071]. Recommendation = [0.0, -0.4106, 0.2671], Current Cost = 5036.00, Rho = 1.000
(iter 10) [0.0, -0.5372, -0.2988] = 419.4441, sampling [1.0, -0.2894, -0.3918]. Recommendation = [0.0, -0.4106, 0.2671], Current Cost = 5037.00, Rho = 1.000
(iter 10) [0.0, -0.5372, -0.2988] = 419.4441, sampling [1.0, 0.5322, 0.6436]. Recommendation = [0.0, -0.4106, 0.2671], Current Cost = 5038.00, Rho = 1.000
(iter 10) [0.0, -0.5372, -0.2988] = 419.4441, sampling [1.0, -0.0478, -0.1496]. Recommendation = [0.0, -0.4106, 0.2671], Current Cost = 5039.00, Rho = 1.000
(iter 10) [0.0, -0.5372, -0.2988] = 419.4441, sampling [1.0, -0.2137, -0.1255]. Recommendation = [0.0, -0.4106, 0.2671], Current Cost = 5040.00, Rho = 1.000
(iter 10) [0.0, -0.5372, -0.2988] = 419.4441, sampling [1.0, -0.8642, 0.7830]. Recommendation = [0.0, -0.4106, 0.2671], Current Cost = 5041.00, Rho = 1.000
(iter 10) [0.0, -0.5372, -0.2988] = 419.4441, sampling [1.0, -1.4412, 1.6759]. Recommendation = [0.0, -0.4106, 0.2671], Current Cost = 5042.00, Rho = 1.000
(iter 10) [0.0, -0.5372, -0.2988] = 419.4441, sampling [1.0, 0.2452, 0.0712]. Recommendation = [0.0, -0.4106, 0.2671], Current Cost = 5043.00, Rho = 1.000
(iter 10) [0.0, -0.5372, -0.2988] = 419.4441, sampling [1.0, 0.3798, 0.4525]. Recommendation = [0.0, -0.4106, 0.2671], Current Cost = 5044.00, Rho = 1.000
(iter 10) [0.0, -0.5372, -0.2988] = 419.4441, sampling [1.0, -1.7551, 1.9761]. Recommendation = [0.0, -0.4106, 0.2671], Current Cost = 5045.00, Rho = 1.000
(iter 10) [0.0, -0.5372, -0.2988] = 419.4441, sampling [1.0, -0.5696, -0.5549]. Recommendation = [0.0, -0.4106, 0.2671], Current Cost = 5046.00, Rho = 1.000
(iter 10) [0.0, -0.5372, -0.2988] = 419.4441, sampling [1.0, -0.8584, 0.9591]. Recommendation = [0.0, -0.4106, 0.2671], Current Cost = 5047.00, Rho = 1.000
(iter 10) [0.0, -0.5372, -0.2988] = 419.4441, sampling [1.0, -1.0718, 1.0820]. Recommendation = [0.0, -0.4106, 0.2671], Current Cost = 5048.00, Rho = 1.000
(iter 10) [0.0, -0.5372, -0.2988] = 419.4441, sampling [1.0, 0.2737, 1.9945]. Recommendation = [0.0, -0.4106, 0.2671], Current Cost = 5049.00, Rho = 1.000
(iter 10) [0.0, -0.5372, -0.2988] = 419.4441, sampling [1.0, -1.3544, 0.5303]. Recommendation = [0.0, -0.4106, 0.2671], Current Cost = 5050.00, Rho = 1.000
(iter 10) [0.0, -0.5372, -0.2988] = 419.4441, sampling [1.0, -0.5795, 1.1969]. Recommendation = [0.0, -0.4106, 0.2671], Current Cost = 5051.00, Rho = 1.000
(iter 10) [0.0, -0.5372, -0.2988] = 419.4441, sampling [1.0, -0.1433, -0.3359]. Recommendation = [0.0, -0.4106, 0.2671], Current Cost = 5052.00, Rho = 1.000
(iter 10) [0.0, -0.5372, -0.2988] = 419.4441, sampling [1.0, 0.0484, 0.7606]. Recommendation = [0.0, -0.4106, 0.2671], Current Cost = 5053.00, Rho = 1.000
(iter 10) [0.0, -0.5372, -0.2988] = 419.4441, sampling [1.0, 0.3245, 0.5477]. Recommendation = [0.0, -0.4106, 0.2671], Current Cost = 5054.00, Rho = 1.000
(iter 10) [0.0, -0.5372, -0.2988] = 419.4441, sampling [1.0, -0.9267, 1.1746]. Recommendation = [0.0, -0.4106, 0.2671], Current Cost = 5055.00, Rho = 1.000
(iter 10) [0.0, -0.5372, -0.2988] = 419.4441, sampling [1.0, 0.2376, -0.1313]. Recommendation = [0.0, -0.4106, 0.2671], Current Cost = 5056.00, Rho = 1.000
(iter 10) [0.0, -0.5372, -0.2988] = 419.4441, sampling [1.0, 0.0360, -0.2798]. Recommendation = [0.0, -0.4106, 0.2671], Current Cost = 5057.00, Rho = 1.000
(iter 10) [0.0, -0.5372, -0.2988] = 419.4441, sampling [1.0, 0.4714, 0.1783]. Recommendation = [0.0, -0.4106, 0.2671], Current Cost = 5058.00, Rho = 1.000
(iter 10) [0.0, -0.5372, -0.2988] = 419.4441, sampling [1.0, 0.3107, 0.3690]. Recommendation = [0.0, -0.4106, 0.2671], Current Cost = 5059.00, Rho = 1.000
(iter 10) [0.0, -0.5372, -0.2988] = 419.4441, sampling [1.0, -0.0612, -0.5331]. Recommendation = [0.0, -0.4106, 0.2671], Current Cost = 5060.00, Rho = 1.000
(iter 10) [0.0, -0.5372, -0.2988] = 419.4441, sampling [1.0, -0.9672, 0.7319]. Recommendation = [0.0, -0.4106, 0.2671], Current Cost = 5061.00, Rho = 1.000
(iter 10) [0.0, -0.5372, -0.2988] = 419.4441, sampling [1.0, -1.0843, 1.5733]. Recommendation = [0.0, -0.4106, 0.2671], Current Cost = 5062.00, Rho = 1.000
(iter 10) [0.0, -0.5372, -0.2988] = 419.4441, sampling [1.0, -0.6121, -0.9801]. Recommendation = [0.0, -0.4106, 0.2671], Current Cost = 5063.00, Rho = 1.000
(iter 10) [0.0, -0.5372, -0.2988] = 419.4441, sampling [1.0, -0.2628, 1.4438]. Recommendation = [0.0, -0.4106, 0.2671], Current Cost = 5064.00, Rho = 1.000
(iter 10) [0.0, -0.5372, -0.2988] = 419.4441, sampling [1.0, 0.7980, 0.9385]. Recommendation = [0.0, -0.4106, 0.2671], Current Cost = 5065.00, Rho = 1.000
(iter 10) [0.0, -0.5372, -0.2988] = 419.4441, sampling [1.0, 0.6519, 1.2431]. Recommendation = [0.0, -0.4106, 0.2671], Current Cost = 5066.00, Rho = 1.000
(iter 10) [0.0, -0.5372, -0.2988] = 419.4441, sampling [1.0, 0.9279, 0.6718]. Recommendation = [0.0, -0.4106, 0.2671], Current Cost = 5067.00, Rho = 1.000
(iter 10) [0.0, -0.5372, -0.2988] = 419.4441, sampling [1.0, 0.9870, 1.4220]. Recommendation = [0.0, -0.4106, 0.2671], Current Cost = 5068.00, Rho = 1.000
(iter 10) [0.0, -0.5372, -0.2988] = 419.4441, sampling [1.0, 1.2100, 1.1128]. Recommendation = [0.0, -0.4106, 0.2671], Current Cost = 5069.00, Rho = 1.000
(iter 10) [0.0, -0.5372, -0.2988] = 419.4441, sampling [1.0, 1.2757, 1.5267]. Recommendation = [0.0, -0.4106, 0.2671], Current Cost = 5070.00, Rho = 1.000
(iter 10) [0.0, -0.5372, -0.2988] = 419.4441, sampling [1.0, 1.1759, 1.3854]. Recommendation = [0.0, -0.4106, 0.2671], Current Cost = 5071.00, Rho = 1.000
(iter 10) [0.0, -0.5372, -0.2988] = 419.4441, sampling [1.0, 1.1256, 1.8013]. Recommendation = [0.0, -0.4106, 0.2671], Current Cost = 5072.00, Rho = 1.000
(iter 10) [0.0, -0.5372, -0.2988] = 419.4441, sampling [1.0, 0.9718, 1.6446]. Recommendation = [0.0, -0.4106, 0.2671], Current Cost = 5073.00, Rho = 1.000
(iter 10) [0.0, -0.5372, -0.2988] = 419.4441, sampling [1.0, 1.4655, 1.9635]. Recommendation = [0.0, -0.4106, 0.2671], Current Cost = 5074.00, Rho = 1.000
(iter 10) [0.0, -0.5372, -0.2988] = 419.4441, sampling [1.0, 1.5859, 1.4632]. Recommendation = [0.0, -0.4106, 0.2671], Current Cost = 5075.00, Rho = 1.000
(iter 10) [0.0, -0.5372, -0.2988] = 419.4441, sampling [1.0, 1.3378, 1.6868]. Recommendation = [0.0, -0.4106, 0.2671], Current Cost = 5076.00, Rho = 1.000
(iter 10) [0.0, -0.5372, -0.2988] = 419.4441, sampling [1.0, -1.8422, 1.7040]. Recommendation = [0.0, -0.4106, 0.2671], Current Cost = 5077.00, Rho = 1.000
(iter 10) [0.0, -0.5372, -0.2988] = 419.4441, sampling [1.0, -0.3563, -0.4704]. Recommendation = [0.0, -0.4106, 0.2671], Current Cost = 5078.00, Rho = 1.000
(iter 10) [0.0, -0.5372, -0.2988] = 419.4441, sampling [1.0, 0.7589, 0.2390]. Recommendation = [0.0, -0.4106, 0.2671], Current Cost = 5079.00, Rho = 1.000
(iter 10) [0.0, -0.5372, -0.2988] = 419.4441, sampling [1.0, 0.4200, 0.0111]. Recommendation = [0.0, -0.4106, 0.2671], Current Cost = 5080.00, Rho = 1.000
(iter 10) [0.0, -0.5372, -0.2988] = 419.4441, sampling [1.0, -1.3838, 1.2578]. Recommendation = [0.0, -0.4106, 0.2671], Current Cost = 5081.00, Rho = 1.000
(iter 10) [0.0, -0.5372, -0.2988] = 419.4441, sampling [1.0, -0.6781, 1.8140]. Recommendation = [0.0, -0.4106, 0.2671], Current Cost = 5082.00, Rho = 1.000
(iter 10) [0.0, -0.5372, -0.2988] = 419.4441, sampling [1.0, 1.9230, 1.8449]. Recommendation = [0.0, -0.4106, 0.2671], Current Cost = 5083.00, Rho = 1.000
(iter 10) [0.0, -0.5372, -0.2988] = 419.4441, sampling [1.0, 1.2262, 0.6836]. Recommendation = [0.0, -0.4106, 0.2671], Current Cost = 5084.00, Rho = 1.000
(iter 10) [0.0, -0.5372, -0.2988] = 419.4441, sampling [1.0, 1.3801, 1.1435]. Recommendation = [0.0, -0.4106, 0.2671], Current Cost = 5085.00, Rho = 1.000
(iter 10) [0.0, -0.5372, -0.2988] = 419.4441, sampling [1.0, 0.6839, 1.0156]. Recommendation = [0.0, -0.4106, 0.2671], Current Cost = 5086.00, Rho = 1.000
(iter 10) [0.0, -0.5372, -0.2988] = 419.4441, sampling [1.0, 1.3990, 1.8643]. Recommendation = [0.0, -0.4106, 0.2671], Current Cost = 5087.00, Rho = 1.000
(iter 10) [0.0, -0.5372, -0.2988] = 419.4441, sampling [1.0, 0.5251, 1.4798]. Recommendation = [0.0, -0.4106, 0.2671], Current Cost = 5088.00, Rho = 1.000
(iter 10) [0.0, -0.5372, -0.2988] = 419.4441, sampling [1.0, -1.3968, 0.8154]. Recommendation = [0.0, -0.4106, 0.2671], Current Cost = 5089.00, Rho = 1.000
(iter 10) [0.0, -0.5372, -0.2988] = 419.4441, sampling [1.0, -0.1702, -1.0105]. Recommendation = [0.0, -0.4106, 0.2671], Current Cost = 5090.00, Rho = 1.000
(iter 10) [0.0, -0.5372, -0.2988] = 419.4441, sampling [1.0, 0.0924, -0.7410]. Recommendation = [0.0, -0.4106, 0.2671], Current Cost = 5091.00, Rho = 1.000
(iter 10) [0.0, -0.5372, -0.2988] = 419.4441, sampling [1.0, 1.2495, 1.7906]. Recommendation = [0.0, -0.4106, 0.2671], Current Cost = 5092.00, Rho = 1.000
(iter 10) [0.0, -0.5372, -0.2988] = 419.4441, sampling [1.0, -1.8836, 0.5161]. Recommendation = [0.0, -0.4106, 0.2671], Current Cost = 5093.00, Rho = 1.000
(iter 10) [0.0, -0.5372, -0.2988] = 419.4441, sampling [1.0, -0.3818, 0.9254]. Recommendation = [0.0, -0.4106, 0.2671], Current Cost = 5094.00, Rho = 1.000
(iter 10) [0.0, -0.5372, -0.2988] = 419.4441, sampling [1.0, -0.9008, -0.6400]. Recommendation = [0.0, -0.4106, 0.2671], Current Cost = 5095.00, Rho = 1.000
(iter 10) [0.0, -0.5372, -0.2988] = 419.4441, sampling [1.0, 0.5506, -0.3533]. Recommendation = [0.0, -0.4106, 0.2671], Current Cost = 5096.00, Rho = 1.000
(iter 10) [0.0, -0.5372, -0.2988] = 419.4441, sampling [1.0, 0.7132, 0.0840]. Recommendation = [0.0, -0.4106, 0.2671], Current Cost = 5097.00, Rho = 1.000
(iter 10) [0.0, -0.5372, -0.2988] = 419.4441, sampling [1.0, -0.9835, -0.0718]. Recommendation = [0.0, -0.4106, 0.2671], Current Cost = 5098.00, Rho = 1.000
(iter 10) [0.0, -0.5372, -0.2988] = 419.4441, sampling [1.0, -0.9570, 0.1680]. Recommendation = [0.0, -0.4106, 0.2671], Current Cost = 5099.00, Rho = 1.000
(iter 10) [0.0, -0.5372, -0.2988] = 419.4441, sampling [1.0, 0.6624, 1.9208]. Recommendation = [0.0, -0.4106, 0.2671], Current Cost = 5100.00, Rho = 1.000
(iter 10) [0.0, -0.5372, -0.2988] = 419.4441, sampling [1.0, 0.1457, 0.3881]. Recommendation = [0.0, -0.4106, 0.2671], Current Cost = 5101.00, Rho = 1.000
(iter 10) [0.0, -0.5372, -0.2988] = 419.4441, sampling [1.0, 0.6931, -0.1656]. Recommendation = [0.0, -0.4106, 0.2671], Current Cost = 5102.00, Rho = 1.000
(iter 10) [0.0, -0.5372, -0.2988] = 419.4441, sampling [1.0, -0.4934, 1.0540]. Recommendation = [0.0, -0.4106, 0.2671], Current Cost = 5103.00, Rho = 1.000
(iter 10) [0.0, -0.5372, -0.2988] = 419.4441, sampling [1.0, -0.6499, 1.2644]. Recommendation = [0.0, -0.4106, 0.2671], Current Cost = 5104.00, Rho = 1.000
(iter 10) [0.0, -0.5372, -0.2988] = 419.4441, sampling [1.0, 0.1381, 1.5455]. Recommendation = [0.0, -0.4106, 0.2671], Current Cost = 5105.00, Rho = 1.000
(iter 10) [0.0, -0.5372, -0.2988] = 419.4441, sampling [1.0, 0.3523, 0.4074]. Recommendation = [0.0, -0.4106, 0.2671], Current Cost = 5106.00, Rho = 1.000
(iter 10) [0.0, -0.5372, -0.2988] = 419.4441, sampling [1.0, -1.2483, -1.3555]. Recommendation = [0.0, -0.4106, 0.2671], Current Cost = 5107.00, Rho = 1.000
(iter 10) [0.0, -0.5372, -0.2988] = 419.4441, sampling [1.0, 1.5091, 0.8545]. Recommendation = [0.0, -0.4106, 0.2671], Current Cost = 5108.00, Rho = 1.000
(iter 10) [0.0, -0.5372, -0.2988] = 419.4441, sampling [1.0, 1.1925, 0.4810]. Recommendation = [0.0, -0.4106, 0.2671], Current Cost = 5109.00, Rho = 1.000
(iter 10) [0.0, -0.5372, -0.2988] = 419.4441, sampling [1.0, -0.4340, 1.3688]. Recommendation = [0.0, -0.4106, 0.2671], Current Cost = 5110.00, Rho = 1.000
(iter 10) [0.0, -0.5372, -0.2988] = 419.4441, sampling [1.0, 0.2571, 1.2303]. Recommendation = [0.0, -0.4106, 0.2671], Current Cost = 5111.00, Rho = 1.000
(iter 10) [0.0, -0.5372, -0.2988] = 419.4441, sampling [1.0, 0.6007, 1.3161]. Recommendation = [0.0, -0.4106, 0.2671], Current Cost = 5112.00, Rho = 1.000
(iter 10) [0.0, -0.5372, -0.2988] = 419.4441, sampling [1.0, 0.4613, -0.8970]. Recommendation = [0.0, -0.4106, 0.2671], Current Cost = 5113.00, Rho = 1.000
(iter 10) [0.0, -0.5372, -0.2988] = 419.4441, sampling [1.0, 0.1174, -1.4097]. Recommendation = [0.0, -0.4106, 0.2671], Current Cost = 5114.00, Rho = 1.000
(iter 10) [0.0, -0.5372, -0.2988] = 419.4441, sampling [1.0, 1.0710, 0.1985]. Recommendation = [0.0, -0.4106, 0.2671], Current Cost = 5115.00, Rho = 1.000
(iter 10) [0.0, -0.5372, -0.2988] = 419.4441, sampling [1.0, 0.5605, -0.6583]. Recommendation = [0.0, -0.4106, 0.2671], Current Cost = 5116.00, Rho = 1.000
(iter 10) [0.0, -0.5372, -0.2988] = 419.4441, sampling [1.0, -1.1310, 1.9106]. Recommendation = [0.0, -0.4106, 0.2671], Current Cost = 5117.00, Rho = 1.000
(iter 10) [0.0, -0.5372, -0.2988] = 419.4441, sampling [1.0, -0.3127, -1.1005]. Recommendation = [0.0, -0.4106, 0.2671], Current Cost = 5118.00, Rho = 1.000
(iter 10) [0.0, -0.5372, -0.2988] = 419.4441, sampling [1.0, -0.7188, -0.7070]. Recommendation = [0.0, -0.4106, 0.2671], Current Cost = 5119.00, Rho = 1.000
(iter 10) [0.0, -0.5372, -0.2988] = 419.4441, sampling [1.0, -1.1665, 0.4432]. Recommendation = [0.0, -0.4106, 0.2671], Current Cost = 5120.00, Rho = 1.000
(iter 10) [0.0, -0.5372, -0.2988] = 419.4441, sampling [1.0, 1.7990, 1.2005]. Recommendation = [0.0, -0.4106, 0.2671], Current Cost = 5121.00, Rho = 1.000
(iter 10) [0.0, -0.5372, -0.2988] = 419.4441, sampling [1.0, 0.4046, -1.2191]. Recommendation = [0.0, -0.4106, 0.2671], Current Cost = 5122.00, Rho = 1.000
(iter 10) [0.0, -0.5372, -0.2988] = 419.4441, sampling [1.0, -0.1152, 1.6198]. Recommendation = [0.0, -0.4106, 0.2671], Current Cost = 5123.00, Rho = 1.000
(iter 10) [0.0, -0.5372, -0.2988] = 419.4441, sampling [1.0, 0.7423, 0.2133]. Recommendation = [0.0, -0.4106, 0.2671], Current Cost = 5124.00, Rho = 1.000
(iter 10) [0.0, -0.5372, -0.2988] = 419.4441, sampling [1.0, 0.4421, -1.8942]. Recommendation = [0.0, -0.4106, 0.2671], Current Cost = 5125.00, Rho = 1.000
(iter 10) [0.0, -0.5372, -0.2988] = 419.4441, sampling [1.0, -0.4231, -1.5384]. Recommendation = [0.0, -0.4106, 0.2671], Current Cost = 5126.00, Rho = 1.000
(iter 10) [0.0, -0.5372, -0.2988] = 419.4441, sampling [1.0, -1.9597, 1.8914]. Recommendation = [0.0, -0.4106, 0.2671], Current Cost = 5127.00, Rho = 1.000
(iter 10) [0.0, -0.5372, -0.2988] = 419.4441, sampling [1.0, 1.7444, 1.7462]. Recommendation = [0.0, -0.4106, 0.2671], Current Cost = 5128.00, Rho = 1.000
(iter 10) [0.0, -0.5372, -0.2988] = 419.4441, sampling [1.0, 0.9586, -0.3133]. Recommendation = [0.0, -0.4106, 0.2671], Current Cost = 5129.00, Rho = 1.000
(iter 10) [0.0, -0.5372, -0.2988] = 419.4441, sampling [1.0, 1.5316, 1.4281]. Recommendation = [0.0, -0.4106, 0.2671], Current Cost = 5130.00, Rho = 1.000
(iter 10) [0.0, -0.5372, -0.2988] = 419.4441, sampling [1.0, 1.4783, 0.5646]. Recommendation = [0.0, -0.4106, 0.2671], Current Cost = 5131.00, Rho = 1.000
(iter 10) [0.0, -0.5372, -0.2988] = 419.4441, sampling [1.0, -0.4658, 1.6491]. Recommendation = [0.0, -0.4106, 0.2671], Current Cost = 5132.00, Rho = 1.000
(iter 10) [0.0, -0.5372, -0.2988] = 419.4441, sampling [1.0, 0.7288, -0.7672]. Recommendation = [0.0, -0.4106, 0.2671], Current Cost = 5133.00, Rho = 1.000
(iter 10) [0.0, -0.5372, -0.2988] = 419.4441, sampling [1.0, -1.3268, -0.0631]. Recommendation = [0.0, -0.4106, 0.2671], Current Cost = 5134.00, Rho = 1.000
(iter 10) [0.0, -0.5372, -0.2988] = 419.4441, sampling [1.0, -0.0132, -1.7771]. Recommendation = [0.0, -0.4106, 0.2671], Current Cost = 5135.00, Rho = 1.000
(iter 10) [0.0, -0.5372, -0.2988] = 419.4441, sampling [1.0, 1.2421, 0.1415]. Recommendation = [0.0, -0.4106, 0.2671], Current Cost = 5136.00, Rho = 1.000
(iter 10) [0.0, -0.5372, -0.2988] = 419.4441, sampling [1.0, 0.4922, -1.0661]. Recommendation = [0.0, -0.4106, 0.2671], Current Cost = 5137.00, Rho = 1.000
(iter 10) [0.0, -0.5372, -0.2988] = 419.4441, sampling [1.0, -0.6977, -0.7769]. Recommendation = [0.0, -0.4106, 0.2671], Current Cost = 5138.00, Rho = 1.000
(iter 10) [0.0, -0.5372, -0.2988] = 419.4441, sampling [1.0, -1.0210, -0.5725]. Recommendation = [0.0, -0.4106, 0.2671], Current Cost = 5139.00, Rho = 1.000
(iter 10) [0.0, -0.5372, -0.2988] = 419.4441, sampling [1.0, 0.0240, 1.7361]. Recommendation = [0.0, -0.4106, 0.2671], Current Cost = 5140.00, Rho = 1.000
(iter 10) [0.0, -0.5372, -0.2988] = 419.4441, sampling [1.0, -1.5301, 0.8414]. Recommendation = [0.0, -0.4106, 0.2671], Current Cost = 5141.00, Rho = 1.000
(iter 10) [0.0, -0.5372, -0.2988] = 419.4441, sampling [1.0, 0.3941, -1.4783]. Recommendation = [0.0, -0.4106, 0.2671], Current Cost = 5142.00, Rho = 1.000
(iter 10) [0.0, -0.5372, -0.2988] = 419.4441, sampling [1.0, 0.8810, -0.5973]. Recommendation = [0.0, -0.4106, 0.2671], Current Cost = 5143.00, Rho = 1.000
(iter 10) [0.0, -0.5372, -0.2988] = 419.4441, sampling [1.0, -0.7505, -1.2115]. Recommendation = [0.0, -0.4106, 0.2671], Current Cost = 5144.00, Rho = 1.000
(iter 10) [0.0, -0.5372, -0.2988] = 419.4441, sampling [1.0, 0.5762, -0.8774]. Recommendation = [0.0, -0.4106, 0.2671], Current Cost = 5145.00, Rho = 1.000
(iter 10) [0.0, -0.5372, -0.2988] = 419.4441, sampling [1.0, -0.2494, 1.5666]. Recommendation = [0.0, -0.4106, 0.2671], Current Cost = 5146.00, Rho = 1.000
(iter 10) [0.0, -0.5372, -0.2988] = 419.4441, sampling [1.0, 1.6352, 1.3442]. Recommendation = [0.0, -0.4106, 0.2671], Current Cost = 5147.00, Rho = 1.000
(iter 10) [0.0, -0.5372, -0.2988] = 419.4441, sampling [1.0, 0.7807, -1.1337]. Recommendation = [0.0, -0.4106, 0.2671], Current Cost = 5148.00, Rho = 1.000
(iter 10) [0.0, -0.5372, -0.2988] = 419.4441, sampling [1.0, -1.7843, -0.6544]. Recommendation = [0.0, -0.4106, 0.2671], Current Cost = 5149.00, Rho = 1.000
(iter 10) [0.0, -0.5372, -0.2988] = 419.4441, sampling [1.0, 1.1442, -0.1799]. Recommendation = [0.0, -0.4106, 0.2671], Current Cost = 5150.00, Rho = 1.000
(iter 10) [0.0, -0.5372, -0.2988] = 419.4441, sampling [1.0, 1.4147, 0.3047]. Recommendation = [0.0, -0.4106, 0.2671], Current Cost = 5151.00, Rho = 1.000
(iter 10) [0.0, -0.5372, -0.2988] = 419.4441, sampling [1.0, 1.4530, 0.7100]. Recommendation = [0.0, -0.4106, 0.2671], Current Cost = 5152.00, Rho = 1.000
(iter 10) [0.0, -0.5372, -0.2988] = 419.4441, sampling [1.0, 0.1872, -1.6587]. Recommendation = [0.0, -0.4106, 0.2671], Current Cost = 5153.00, Rho = 1.000
(iter 10) [0.0, -0.5372, -0.2988] = 419.4441, sampling [1.0, 0.4989, -0.8398]. Recommendation = [0.0, -0.4106, 0.2671], Current Cost = 5154.00, Rho = 1.000
(iter 10) [0.0, -0.5372, -0.2988] = 419.4441, sampling [1.0, -0.6647, -1.4578]. Recommendation = [0.0, -0.4106, 0.2671], Current Cost = 5155.00, Rho = 1.000
(iter 10) [0.0, -0.5372, -0.2988] = 419.4441, sampling [1.0, -0.8367, -0.6987]. Recommendation = [0.0, -0.4106, 0.2671], Current Cost = 5156.00, Rho = 1.000
(iter 10) [0.0, -0.5372, -0.2988] = 419.4441, sampling [1.0, 1.9497, 0.5766]. Recommendation = [0.0, -0.4106, 0.2671], Current Cost = 5157.00, Rho = 1.000
(iter 10) [0.0, -0.5372, -0.2988] = 419.4441, sampling [1.0, 0.9119, -1.6445]. Recommendation = [0.0, -0.4106, 0.2671], Current Cost = 5158.00, Rho = 1.000
(iter 10) [0.0, -0.5372, -0.2988] = 419.4441, sampling [1.0, -0.1877, -1.0414]. Recommendation = [0.0, -0.4106, 0.2671], Current Cost = 5159.00, Rho = 1.000
(iter 10) [0.0, -0.5372, -0.2988] = 419.4441, sampling [1.0, 0.0763, -1.5010]. Recommendation = [0.0, -0.4106, 0.2671], Current Cost = 5160.00, Rho = 1.000
(iter 10) [0.0, -0.5372, -0.2988] = 419.4441, sampling [1.0, -1.2262, -1.9938]. Recommendation = [0.0, -0.4106, 0.2671], Current Cost = 5161.00, Rho = 1.000
(iter 10) [0.0, -0.5372, -0.2988] = 419.4441, sampling [1.0, 0.6339, -1.2338]. Recommendation = [0.0, -0.4106, 0.2671], Current Cost = 5162.00, Rho = 1.000
(iter 10) [0.0, -0.5372, -0.2988] = 419.4441, sampling [1.0, 0.2174, 1.8784]. Recommendation = [0.0, -0.4106, 0.2671], Current Cost = 5163.00, Rho = 1.000
(iter 10) [0.0, -0.5372, -0.2988] = 419.4441, sampling [1.0, 0.8171, -0.9435]. Recommendation = [0.0, -0.4106, 0.2671], Current Cost = 5164.00, Rho = 1.000
(iter 10) [0.0, -0.5372, -0.2988] = 419.4441, sampling [1.0, -0.0741, -1.9475]. Recommendation = [0.0, -0.4106, 0.2671], Current Cost = 5165.00, Rho = 1.000
(iter 10) [0.0, -0.5372, -0.2988] = 419.4441, sampling [1.0, 0.9400, -0.5137]. Recommendation = [0.0, -0.4106, 0.2671], Current Cost = 5166.00, Rho = 1.000
(iter 10) [0.0, -0.5372, -0.2988] = 419.4441, sampling [1.0, -1.5645, 0.2779]. Recommendation = [0.0, -0.4106, 0.2671], Current Cost = 5167.00, Rho = 1.000
(iter 10) [0.0, -0.5372, -0.2988] = 419.4441, sampling [1.0, -1.7925, 1.7201]. Recommendation = [0.0, -0.4106, 0.2671], Current Cost = 5168.00, Rho = 1.000
(iter 10) [0.0, -0.5372, -0.2988] = 419.4441, sampling [1.0, -0.3500, -1.5949]. Recommendation = [0.0, -0.4106, 0.2671], Current Cost = 5169.00, Rho = 1.000
(iter 10) [0.0, -0.5372, -0.2988] = 419.4441, sampling [1.0, -1.6807, 0.7913]. Recommendation = [0.0, -0.4106, 0.2671], Current Cost = 5170.00, Rho = 1.000
(iter 10) [0.0, -0.5372, -0.2988] = 419.4441, sampling [1.0, 1.2892, 0.0282]. Recommendation = [0.0, -0.4106, 0.2671], Current Cost = 5171.00, Rho = 1.000
(iter 10) [0.0, -0.5372, -0.2988] = 419.4441, sampling [1.0, 0.2999, -1.5114]. Recommendation = [0.0, -0.4106, 0.2671], Current Cost = 5172.00, Rho = 1.000
(iter 10) [0.0, -0.5372, -0.2988] = 419.4441, sampling [1.0, 1.7185, 1.0266]. Recommendation = [0.0, -0.4106, 0.2671], Current Cost = 5173.00, Rho = 1.000
(iter 10) [0.0, -0.5372, -0.2988] = 419.4441, sampling [1.0, 1.7832, -1.9284]. Recommendation = [0.0, -0.4106, 0.2671], Current Cost = 5174.00, Rho = 1.000
(iter 10) [0.0, -0.5372, -0.2988] = 419.4441, sampling [1.0, 0.8043, -0.8084]. Recommendation = [0.0, -0.4106, 0.2671], Current Cost = 5175.00, Rho = 1.000
(iter 10) [0.0, -0.5372, -0.2988] = 419.4441, sampling [1.0, 1.0463, -0.5025]. Recommendation = [0.0, -0.4106, 0.2671], Current Cost = 5176.00, Rho = 1.000
(iter 10) [0.0, -0.5372, -0.2988] = 419.4441, sampling [1.0, -0.6367, -0.9624]. Recommendation = [0.0, -0.4106, 0.2671], Current Cost = 5177.00, Rho = 1.000
(iter 10) [0.0, -0.5372, -0.2988] = 419.4441, sampling [1.0, -0.7566, -1.7143]. Recommendation = [0.0, -0.4106, 0.2671], Current Cost = 5178.00, Rho = 1.000
(iter 10) [0.0, -0.5372, -0.2988] = 419.4441, sampling [1.0, 1.6097, 0.8667]. Recommendation = [0.0, -0.4106, 0.2671], Current Cost = 5179.00, Rho = 1.000
(iter 10) [0.0, -0.5372, -0.2988] = 419.4441, sampling [1.0, -0.3213, -1.8712]. Recommendation = [0.0, -0.4106, 0.2671], Current Cost = 5180.00, Rho = 1.000
(iter 10) [0.0, -0.5372, -0.2988] = 419.4441, sampling [1.0, -1.4824, -0.0136]. Recommendation = [0.0, -0.4106, 0.2671], Current Cost = 5181.00, Rho = 1.000
(iter 10) [0.0, -0.5372, -0.2988] = 419.4441, sampling [1.0, 1.0300, -0.6202]. Recommendation = [0.0, -0.4106, 0.2671], Current Cost = 5182.00, Rho = 1.000
(iter 10) [0.0, -0.5372, -0.2988] = 419.4441, sampling [1.0, 0.8328, -1.3222]. Recommendation = [0.0, -0.4106, 0.2671], Current Cost = 5183.00, Rho = 1.000
(iter 10) [0.0, -0.5372, -0.2988] = 419.4441, sampling [1.0, -1.3429, -0.4407]. Recommendation = [0.0, -0.4106, 0.2671], Current Cost = 5184.00, Rho = 1.000
(iter 10) [0.0, -0.5372, -0.2988] = 419.4441, sampling [1.0, 1.3100, -0.0949]. Recommendation = [0.0, -0.4106, 0.2671], Current Cost = 5185.00, Rho = 1.000
(iter 10) [0.0, -0.5372, -0.2988] = 419.4441, sampling [1.0, -1.1861, -1.0797]. Recommendation = [0.0, -0.4106, 0.2671], Current Cost = 5186.00, Rho = 1.000
(iter 10) [0.0, -0.5372, -0.2988] = 419.4441, sampling [1.0, 1.5486, 0.0604]. Recommendation = [0.0, -0.4106, 0.2671], Current Cost = 5187.00, Rho = 1.000
(iter 10) [0.0, -0.5372, -0.2988] = 419.4441, sampling [1.0, -1.6018, 0.8301]. Recommendation = [0.0, -0.4106, 0.2671], Current Cost = 5188.00, Rho = 1.000
(iter 10) [0.0, -0.5372, -0.2988] = 419.4441, sampling [1.0, 1.7024, 1.1206]. Recommendation = [0.0, -0.4106, 0.2671], Current Cost = 5189.00, Rho = 1.000
(iter 10) [0.0, -0.5372, -0.2988] = 419.4441, sampling [1.0, -1.9805, 1.8250]. Recommendation = [0.0, -0.4106, 0.2671], Current Cost = 5190.00, Rho = 1.000
(iter 10) [0.0, -0.5372, -0.2988] = 419.4441, sampling [1.0, -0.4628, -1.8744]. Recommendation = [0.0, -0.4106, 0.2671], Current Cost = 5191.00, Rho = 1.000
(iter 10) [0.0, -0.5372, -0.2988] = 419.4441, sampling [1.0, 1.5805, 0.2991]. Recommendation = [0.0, -0.4106, 0.2671], Current Cost = 5192.00, Rho = 1.000
(iter 10) [0.0, -0.5372, -0.2988] = 419.4441, sampling [1.0, -1.8186, -1.8554]. Recommendation = [0.0, -0.4106, 0.2671], Current Cost = 5193.00, Rho = 1.000
(iter 10) [0.0, -0.5372, -0.2988] = 419.4441, sampling [1.0, -0.7828, -1.2515]. Recommendation = [0.0, -0.4106, 0.2671], Current Cost = 5194.00, Rho = 1.000
(iter 10) [0.0, -0.5372, -0.2988] = 419.4441, sampling [1.0, 0.9954, -1.2881]. Recommendation = [0.0, -0.4106, 0.2671], Current Cost = 5195.00, Rho = 1.000
(iter 10) [0.0, -0.5372, -0.2988] = 419.4441, sampling [1.0, -1.6532, 0.1504]. Recommendation = [0.0, -0.4106, 0.2671], Current Cost = 5196.00, Rho = 1.000
(iter 10) [0.0, -0.5372, -0.2988] = 419.4441, sampling [1.0, 0.0072, -1.8175]. Recommendation = [0.0, -0.4106, 0.2671], Current Cost = 5197.00, Rho = 1.000
(iter 10) [0.0, -0.5372, -0.2988] = 419.4441, sampling [1.0, 1.5032, -0.3399]. Recommendation = [0.0, -0.4106, 0.2671], Current Cost = 5198.00, Rho = 1.000
(iter 10) [0.0, -0.5372, -0.2988] = 419.4441, sampling [1.0, 0.8538, -0.9563]. Recommendation = [0.0, -0.4106, 0.2671], Current Cost = 5199.00, Rho = 1.000
(iter 10) [0.0, -0.5372, -0.2988] = 419.4441, sampling [1.0, 0.8786, -1.4318]. Recommendation = [0.0, -0.4106, 0.2671], Current Cost = 5200.00, Rho = 1.000
(iter 10) [0.0, -0.5372, -0.2988] = 419.4441, sampling [0.0, -0.8642, 0.7830]. Recommendation = [0.0, -0.4106, 0.2671], Current Cost = 5201.00, Rho = 1.000
(iter 206) [0.0, -0.8642, 0.7830] = 452.6941, sampling [0.0, -0.4106, 0.2671]. Recommendation = [0.0, -0.8642, 0.7830], Current Cost = 6201.00, Rho = 1.000
(iter 207) [0.0, -0.4106, 0.2671] = 453.3388, sampling [0.0, 0.2452, 0.0712]. Recommendation = [0.0, -0.4106, 0.2671], Current Cost = 7201.00, Rho = 1.000
(iter 208) [0.0, 0.2452, 0.0712] = 455.7182, sampling [0.0, 1.3990, 1.8643]. Recommendation = [0.0, 0.2452, 0.0712], Current Cost = 8201.00, Rho = 1.000
(iter 208) [0.0, 0.2452, 0.0712] = 455.7182, sampling [0.0, 1.1759, 1.3854]. Recommendation = [0.0, 0.2452, 0.0712], Current Cost = 9201.00, Rho = 1.000
(iter 210) [0.0, 1.1759, 1.3854] = 456.2684, sampling [0.0, -1.0257, 1.1534]. Recommendation = [0.0, 1.1759, 1.3854], Current Cost = 10201.00, Rho = 1.000
(iter 210) [0.0, 1.1759, 1.3854] = 456.2684, sampling [1.0, 1.8204, 0.2527]. Recommendation = [0.0, 1.1759, 1.3854], Current Cost = 11201.00, Rho = 1.000
(iter 210) [0.0, 1.1759, 1.3854] = 456.2684, sampling [0.0, 0.3798, 0.4525]. Recommendation = [0.0, 1.1759, 1.3854], Current Cost = 11202.00, Rho = 1.000
(iter 210) [0.0, 1.1759, 1.3854] = 456.2684, sampling [0.0, -0.1960, -0.0314]. Recommendation = [0.0, 1.1759, 1.3854], Current Cost = 12202.00, Rho = 1.000
(iter 210) [0.0, 1.1759, 1.3854] = 456.2684, sampling [0.0, -1.1818, 1.6027]. Recommendation = [0.0, -0.1101, 0.1079], Current Cost = 13202.00, Rho = 1.000
(iter 210) [0.0, 1.1759, 1.3854] = 456.2684, sampling [0.0, 0.9279, 0.6718]. Recommendation = [0.0, -0.1101, 0.1079], Current Cost = 14202.00, Rho = 1.000
(iter 210) [0.0, 1.1759, 1.3854] = 456.2684, sampling [0.0, -0.0875, 0.5017]. Recommendation = [0.0, 1.1759, 1.3854], Current Cost = 15202.00, Rho = 1.000
(iter 210) [0.0, 1.1759, 1.3854] = 456.2684, sampling [0.0, 0.0360, -0.2798]. Recommendation = [0.0, 1.1759, 1.3854], Current Cost = 16202.00, Rho = 1.000
(iter 210) [0.0, 1.1759, 1.3854] = 456.2684, sampling [0.0, -0.5142, 0.4734]. Recommendation = [0.0, 1.1759, 1.3854], Current Cost = 17202.00, Rho = 1.000
(iter 210) [0.0, 1.1759, 1.3854] = 456.2684, sampling [0.0, 0.4714, 0.1783]. Recommendation = [0.0, 1.1759, 1.3854], Current Cost = 18202.00, Rho = 1.000
(iter 210) [0.0, 1.1759, 1.3854] = 456.2684, sampling [0.0, 1.2100, 1.1128]. Recommendation = [0.0, 1.1759, 1.3854], Current Cost = 19202.00, Rho = 1.000
(iter 210) [0.0, 1.1759, 1.3854] = 456.2684, sampling [0.0, 1.3378, 1.6868]. Recommendation = [0.0, 1.1759, 1.3854], Current Cost = 20202.00, Rho = 1.000
(iter 210) [0.0, 1.1759, 1.3854] = 456.2684, sampling [0.0, -1.2473, 1.3357]. Recommendation = [0.0, 1.1759, 1.3854], Current Cost = 21202.00, Rho = 1.000
(iter 210) [0.0, 1.1759, 1.3854] = 456.2684, sampling [1.0, 1.3722, -1.0005]. Recommendation = [0.0, 1.1759, 1.3854], Current Cost = 22202.00, Rho = 1.000
(iter 210) [0.0, 1.1759, 1.3854] = 456.2684, sampling [0.0, -0.1101, 0.1079]. Recommendation = [0.0, 1.1759, 1.3854], Current Cost = 22203.00, Rho = 1.000
(iter 210) [0.0, 1.1759, 1.3854] = 456.2684, sampling [0.0, -0.6014, 0.7414]. Recommendation = [0.0, 1.1759, 1.3854], Current Cost = 23203.00, Rho = 1.000
(iter 210) [0.0, 1.1759, 1.3854] = 456.2684, sampling [0.0, 0.7589, 0.2390]. Recommendation = [0.0, 1.1759, 1.3854], Current Cost = 24203.00, Rho = 1.000
(iter 210) [0.0, 1.1759, 1.3854] = 456.2684, sampling [0.0, 0.5322, 0.6436]. Recommendation = [0.0, 1.1759, 1.3854], Current Cost = 25203.00, Rho = 1.000
(iter 210) [0.0, 1.1759, 1.3854] = 456.2684, sampling [0.0, 0.9870, 1.4220]. Recommendation = [0.0, 1.1759, 1.3854], Current Cost = 26203.00, Rho = 1.000
(iter 210) [0.0, 1.1759, 1.3854] = 456.2684, sampling [0.0, 0.2376, -0.1313]. Recommendation = [0.0, 1.1759, 1.3854], Current Cost = 27203.00, Rho = 1.000
(iter 210) [0.0, 1.1759, 1.3854] = 456.2684, sampling [0.0, -0.8037, 0.6326]. Recommendation = [0.0, 1.1759, 1.3854], Current Cost = 28203.00, Rho = 1.000
(iter 210) [0.0, 1.1759, 1.3854] = 456.2684, sampling [0.0, 0.7980, 0.9385]. Recommendation = [0.0, 1.1759, 1.3854], Current Cost = 29203.00, Rho = 1.000
(iter 210) [0.0, 1.1759, 1.3854] = 456.2684, sampling [0.0, 0.1650, 0.3561]. Recommendation = [0.0, 1.1759, 1.3854], Current Cost = 30203.00, Rho = 1.000
(iter 210) [0.0, 1.1759, 1.3854] = 456.2684, sampling [0.0, -0.8584, 0.9591]. Recommendation = [0.0, 1.1759, 1.3854], Current Cost = 31203.00, Rho = 1.000
(iter 210) [0.0, 1.1759, 1.3854] = 456.2684, sampling [0.0, 1.1256, 1.8013]. Recommendation = [0.0, 1.1759, 1.3854], Current Cost = 32203.00, Rho = 1.000
(iter 210) [0.0, 1.1759, 1.3854] = 456.2684, sampling [0.0, 1.2757, 1.5267]. Recommendation = [0.0, 1.1759, 1.3854], Current Cost = 33203.00, Rho = 1.000
(iter 210) [0.0, 1.1759, 1.3854] = 456.2684, sampling [0.0, -1.0557, 0.6951]. Recommendation = [0.0, 1.1759, 1.3854], Current Cost = 34203.00, Rho = 1.000
(iter 210) [0.0, 1.1759, 1.3854] = 456.2684, sampling [0.0, -1.1370, 1.9446]. Recommendation = [0.0, 1.1759, 1.3854], Current Cost = 35203.00, Rho = 1.000
(iter 210) [0.0, 1.1759, 1.3854] = 456.2684, sampling [0.0, 0.4200, 0.0111]. Recommendation = [0.0, 1.1759, 1.3854], Current Cost = 36203.00, Rho = 1.000
(iter 210) [0.0, 1.1759, 1.3854] = 456.2684, sampling [0.0, -0.1433, -0.3359]. Recommendation = [0.0, 1.1759, 1.3854], Current Cost = 37203.00, Rho = 1.000
(iter 210) [0.0, 1.1759, 1.3854] = 456.2684, sampling [0.0, -0.8871, 0.1232]. Recommendation = [0.0, 1.1759, 1.3854], Current Cost = 38203.00, Rho = 1.000
(iter 210) [0.0, 1.1759, 1.3854] = 456.2684, sampling [0.0, 1.4655, 1.9635]. Recommendation = [0.0, 1.1759, 1.3854], Current Cost = 39203.00, Rho = 1.000
(iter 210) [0.0, 1.1759, 1.3854] = 456.2684, sampling [0.0, -0.0478, -0.1496]. Recommendation = [0.0, 1.1759, 1.3854], Current Cost = 40203.00, Rho = 1.000
(iter 210) [0.0, 1.1759, 1.3854] = 456.2684, sampling [0.0, -1.0010, 1.4962]. Recommendation = [0.0, 1.1759, 1.3854], Current Cost = 41203.00, Rho = 1.000
(iter 210) [0.0, 1.1759, 1.3854] = 456.2684, sampling [0.0, -1.3035, 1.5154]. Recommendation = [0.0, 1.1759, 1.3854], Current Cost = 42203.00, Rho = 1.000
(iter 210) [0.0, 1.1759, 1.3854] = 456.2684, sampling [0.0, -0.1574, 0.3477]. Recommendation = [0.0, 1.1759, 1.3854], Current Cost = 43203.00, Rho = 1.000
(iter 210) [0.0, 1.1759, 1.3854] = 456.2684, sampling [0.0, -0.0612, -0.5331]. Recommendation = [0.0, 1.1759, 1.3854], Current Cost = 44203.00, Rho = 1.000
(iter 210) [0.0, 1.1759, 1.3854] = 456.2684, sampling [0.0, -1.0718, 1.0820]. Recommendation = [0.0, 1.1759, 1.3854], Current Cost = 45203.00, Rho = 1.000
(iter 210) [0.0, 1.1759, 1.3854] = 456.2684, sampling [0.0, -0.2137, -0.1255]. Recommendation = [0.0, 1.1759, 1.3854], Current Cost = 46203.00, Rho = 1.000
(iter 210) [0.0, 1.1759, 1.3854] = 456.2684, sampling [0.0, -0.8195, 1.1013]. Recommendation = [0.0, 1.1759, 1.3854], Current Cost = 47203.00, Rho = 1.000
(iter 210) [0.0, 1.1759, 1.3854] = 456.2684, sampling [0.0, 0.2032, 0.6142]. Recommendation = [0.0, 1.1759, 1.3854], Current Cost = 48203.00, Rho = 1.000
(iter 210) [0.0, 1.1759, 1.3854] = 456.2684, sampling [0.0, 0.5506, -0.3533]. Recommendation = [0.0, 1.1759, 1.3854], Current Cost = 49203.00, Rho = 1.000
(iter 210) [0.0, 1.1759, 1.3854] = 456.2684, sampling [0.0, 0.7132, 0.0840]. Recommendation = [0.0, 1.1759, 1.3854], Current Cost = 50203.00, Rho = 1.000
(iter 210) [0.0, 1.1759, 1.3854] = 456.2684, sampling [0.0, 1.2495, 1.7906]. Recommendation = [0.0, 1.1759, 1.3854], Current Cost = 51203.00, Rho = 1.000
(iter 210) [0.0, 1.1759, 1.3854] = 456.2684, sampling [0.0, -0.9295, 0.8811]. Recommendation = [0.0, 1.1759, 1.3854], Current Cost = 52203.00, Rho = 1.000
(iter 210) [0.0, 1.1759, 1.3854] = 456.2684, sampling [0.0, -0.2331, 0.6018]. Recommendation = [0.0, 1.1759, 1.3854], Current Cost = 53203.00, Rho = 1.000
(iter 210) [0.0, 1.1759, 1.3854] = 456.2684, sampling [0.0, 0.3107, 0.3690]. Recommendation = [0.0, 1.1759, 1.3854], Current Cost = 54203.00, Rho = 1.000
(iter 210) [0.0, 1.1759, 1.3854] = 456.2684, sampling [0.0, -0.2894, -0.3918]. Recommendation = [0.0, 1.1759, 1.3854], Current Cost = 55203.00, Rho = 1.000
(iter 210) [0.0, 1.1759, 1.3854] = 456.2684, sampling [0.0, -0.5113, 0.9735]. Recommendation = [0.0, 1.1759, 1.3854], Current Cost = 56203.00, Rho = 1.000
(iter 210) [0.0, 1.1759, 1.3854] = 456.2684, sampling [0.0, -0.7252, -0.0971]. Recommendation = [0.0, 1.1759, 1.3854], Current Cost = 57203.00, Rho = 1.000
(iter 210) [0.0, 1.1759, 1.3854] = 456.2684, sampling [0.0, -1.4412, 1.6759]. Recommendation = [0.0, 1.1759, 1.3854], Current Cost = 58203.00, Rho = 1.000
(iter 210) [0.0, 1.1759, 1.3854] = 456.2684, sampling [0.0, 0.0924, -0.7410]. Recommendation = [0.0, 1.1759, 1.3854], Current Cost = 59203.00, Rho = 1.000
(iter 210) [0.0, 1.1759, 1.3854] = 456.2684, sampling [0.0, -0.9672, 0.7319]. Recommendation = [0.0, 1.1759, 1.3854], Current Cost = 60203.00, Rho = 1.000
(iter 210) [0.0, 1.1759, 1.3854] = 456.2684, sampling [0.0, -0.9267, 1.1746]. Recommendation = [0.0, 1.1759, 1.3854], Current Cost = 61203.00, Rho = 1.000
(iter 210) [0.0, 1.1759, 1.3854] = 456.2684, sampling [0.0, 0.6519, 1.2431]. Recommendation = [0.0, 1.1759, 1.3854], Current Cost = 62203.00, Rho = 1.000
(iter 210) [0.0, 1.1759, 1.3854] = 456.2684, sampling [0.0, -1.3838, 1.2578]. Recommendation = [0.0, 1.1759, 1.3854], Current Cost = 63203.00, Rho = 1.000
(iter 210) [0.0, 1.1759, 1.3854] = 456.2684, sampling [0.0, 1.2262, 0.6836]. Recommendation = [0.0, 1.1759, 1.3854], Current Cost = 64203.00, Rho = 1.000
(iter 210) [0.0, 1.1759, 1.3854] = 456.2684, sampling [0.0, 0.6931, -0.1656]. Recommendation = [0.0, 1.1759, 1.3854], Current Cost = 65203.00, Rho = 1.000
(iter 210) [0.0, 1.1759, 1.3854] = 456.2684, sampling [0.0, 0.9718, 1.6446]. Recommendation = [0.0, 1.1759, 1.3854], Current Cost = 66203.00, Rho = 1.000
(iter 210) [0.0, 1.1759, 1.3854] = 456.2684, sampling [0.0, 0.3245, 0.5477]. Recommendation = [0.0, 1.1759, 1.3854], Current Cost = 67203.00, Rho = 1.000
(iter 210) [0.0, 1.1759, 1.3854] = 456.2684, sampling [0.0, -0.7851, 1.2850]. Recommendation = [0.0, 1.1759, 1.3854], Current Cost = 68203.00, Rho = 1.000
(iter 210) [0.0, 1.1759, 1.3854] = 456.2684, sampling [0.0, -1.1003, 0.4176]. Recommendation = [0.0, 1.1759, 1.3854], Current Cost = 69203.00, Rho = 1.000
(iter 210) [0.0, 1.1759, 1.3854] = 456.2684, sampling [0.0, 0.0484, 0.7606]. Recommendation = [0.0, 1.1759, 1.3854], Current Cost = 70203.00, Rho = 1.000
(iter 210) [0.0, 1.1759, 1.3854] = 456.2684, sampling [0.0, -1.0843, 1.5733]. Recommendation = [0.0, 1.1759, 1.3854], Current Cost = 71203.00, Rho = 1.000
(iter 210) [0.0, 1.1759, 1.3854] = 456.2684, sampling [0.0, 1.3801, 1.1435]. Recommendation = [0.0, 1.1759, 1.3854], Current Cost = 72203.00, Rho = 1.000
(iter 210) [0.0, 1.1759, 1.3854] = 456.2684, sampling [0.0, -0.5696, -0.5549]. Recommendation = [0.0, 1.1759, 1.3854], Current Cost = 73203.00, Rho = 1.000
(iter 210) [0.0, 1.1759, 1.3854] = 456.2684, sampling [1.0, 1.0781, -1.4467]. Recommendation = [0.0, 1.1759, 1.3854], Current Cost = 74203.00, Rho = 1.000
(iter 210) [0.0, 1.1759, 1.3854] = 456.2684, sampling [0.0, 0.3523, 0.4074]. Recommendation = [0.0, 1.1759, 1.3854], Current Cost = 74204.00, Rho = 1.000
(iter 210) [0.0, 1.1759, 1.3854] = 456.2684, sampling [1.0, -1.1180, -1.6990]. Recommendation = [0.0, 1.1759, 1.3854], Current Cost = 75204.00, Rho = 1.000
(iter 210) [0.0, 1.1759, 1.3854] = 456.2684, sampling [1.0, -1.8690, 0.3272]. Recommendation = [0.0, 1.1759, 1.3854], Current Cost = 75205.00, Rho = 1.000
(iter 210) [0.0, 1.1759, 1.3854] = 456.2684, sampling [0.0, -0.3563, -0.4704]. Recommendation = [0.0, 1.1759, 1.3854], Current Cost = 75206.00, Rho = 1.000
(iter 210) [0.0, 1.1759, 1.3854] = 456.2684, sampling [0.0, 1.5316, 1.4281]. Recommendation = [0.0, 1.1759, 1.3854], Current Cost = 76206.00, Rho = 1.000
(iter 210) [0.0, 1.1759, 1.3854] = 456.2684, sampling [0.0, 0.1457, 0.3881]. Recommendation = [0.0, 1.1759, 1.3854], Current Cost = 77206.00, Rho = 1.000
(iter 210) [0.0, 1.1759, 1.3854] = 456.2684, sampling [0.0, -0.2752, 0.9808]. Recommendation = [0.0, 1.1759, 1.3854], Current Cost = 78206.00, Rho = 1.000
(iter 210) [0.0, 1.1759, 1.3854] = 456.2684, sampling [0.0, -0.1702, -1.0105]. Recommendation = [0.0, 1.1759, 1.3854], Current Cost = 79206.00, Rho = 1.000
(iter 210) [0.0, 1.1759, 1.3854] = 456.2684, sampling [1.0, 1.6618, -0.0366]. Recommendation = [0.0, 1.1759, 1.3854], Current Cost = 80206.00, Rho = 1.000
(iter 210) [0.0, 1.1759, 1.3854] = 456.2684, sampling [0.0, 1.0710, 0.1985]. Recommendation = [0.0, 1.1759, 1.3854], Current Cost = 80207.00, Rho = 1.000
(iter 210) [0.0, 1.1759, 1.3854] = 456.2684, sampling [0.0, 0.7423, 0.2133]. Recommendation = [0.0, 1.1759, 1.3854], Current Cost = 81207.00, Rho = 1.000
(iter 210) [0.0, 1.1759, 1.3854] = 456.2684, sampling [0.0, 0.6839, 1.0156]. Recommendation = [0.0, 1.1759, 1.3854], Current Cost = 82207.00, Rho = 1.000
(iter 210) [0.0, 1.1759, 1.3854] = 456.2684, sampling [0.0, 0.5605, -0.6583]. Recommendation = [0.0, 1.1759, 1.3854], Current Cost = 83207.00, Rho = 1.000
(iter 210) [0.0, 1.1759, 1.3854] = 456.2684, sampling [0.0, -0.5795, 1.1969]. Recommendation = [0.0, 1.1759, 1.3854], Current Cost = 84207.00, Rho = 1.000
(iter 210) [0.0, 1.1759, 1.3854] = 456.2684, sampling [0.0, 0.0992, 0.9118]. Recommendation = [0.0, 1.1759, 1.3854], Current Cost = 85207.00, Rho = 1.000
(iter 210) [0.0, 1.1759, 1.3854] = 456.2684, sampling [0.0, -1.7551, 1.9761]. Recommendation = [0.0, 1.1759, 1.3854], Current Cost = 86207.00, Rho = 1.000
(iter 210) [0.0, 1.1759, 1.3854] = 456.2684, sampling [0.0, -1.3968, 0.8154]. Recommendation = [0.0, 1.1759, 1.3854], Current Cost = 87207.00, Rho = 1.000
(iter 210) [0.0, 1.1759, 1.3854] = 456.2684, sampling [0.0, 1.1925, 0.4810]. Recommendation = [0.0, 1.1759, 1.3854], Current Cost = 88207.00, Rho = 1.000
(iter 210) [0.0, 1.1759, 1.3854] = 456.2684, sampling [0.0, 0.2571, 1.2303]. Recommendation = [0.0, 1.1759, 1.3854], Current Cost = 89207.00, Rho = 1.000
(iter 210) [0.0, 1.1759, 1.3854] = 456.2684, sampling [0.0, -0.9570, 0.1680]. Recommendation = [0.0, 1.1759, 1.3854], Current Cost = 90207.00, Rho = 1.000
(iter 210) [0.0, 1.1759, 1.3854] = 456.2684, sampling [0.0, -0.3818, 0.9254]. Recommendation = [0.0, 1.1759, 1.3854], Current Cost = 91207.00, Rho = 1.000
(iter 210) [0.0, 1.1759, 1.3854] = 456.2684, sampling [0.0, -0.9835, -0.0718]. Recommendation = [0.0, 1.1759, 1.3854], Current Cost = 92207.00, Rho = 1.000
(iter 210) [0.0, 1.1759, 1.3854] = 456.2684, sampling [0.0, -1.5698, 1.4071]. Recommendation = [0.0, 1.1759, 1.3854], Current Cost = 93207.00, Rho = 1.000
(iter 210) [0.0, 1.1759, 1.3854] = 456.2684, sampling [0.0, 0.4613, -0.8970]. Recommendation = [0.0, 1.1759, 1.3854], Current Cost = 94207.00, Rho = 1.000
(iter 210) [0.0, 1.1759, 1.3854] = 456.2684, sampling [1.0, -0.0275, -1.8070]. Recommendation = [0.0, 1.1759, 1.3854], Current Cost = 95207.00, Rho = 1.000
(iter 210) [0.0, 1.1759, 1.3854] = 456.2684, sampling [1.0, -1.9996, -0.3835]. Recommendation = [0.0, 1.1759, 1.3854], Current Cost = 95208.00, Rho = 1.000
(iter 210) [0.0, 1.1759, 1.3854] = 456.2684, sampling [0.0, -0.5479, 1.5902]. Recommendation = [0.0, 1.1759, 1.3854], Current Cost = 95209.00, Rho = 1.000
(iter 210) [0.0, 1.1759, 1.3854] = 456.2684, sampling [0.0, 0.5251, 1.4798]. Recommendation = [0.0, 1.1759, 1.3854], Current Cost = 96209.00, Rho = 1.000
(iter 210) [0.0, 1.1759, 1.3854] = 456.2684, sampling [0.0, 1.7444, 1.7462]. Recommendation = [0.0, 1.1759, 1.3854], Current Cost = 97209.00, Rho = 1.000
(iter 210) [0.0, 1.1759, 1.3854] = 456.2684, sampling [0.0, -0.4934, 1.0540]. Recommendation = [0.0, 1.1759, 1.3854], Current Cost = 98209.00, Rho = 1.000
(iter 210) [0.0, 1.1759, 1.3854] = 456.2684, sampling [0.0, -1.1310, 1.9106]. Recommendation = [0.0, 1.1759, 1.3854], Current Cost = 99209.00, Rho = 1.000
