(iter 10) [0.0, -0.9559, 0.8330] = 451.8206, sampling [1.0, -0.6059, 0.8138]. Recommendation = [0.0, -0.9559, 0.8330], Current Cost = 5005.00, Rho = 1.000
(iter 10) [0.0, -0.9559, 0.8330] = 451.8206, sampling [1.0, -0.8755, 1.3597]. Recommendation = [0.0, -0.9559, 0.8330], Current Cost = 5006.00, Rho = 1.000
(iter 10) [0.0, -0.9559, 0.8330] = 451.8206, sampling [1.0, -0.4849, 1.0236]. Recommendation = [0.0, -0.9559, 0.8330], Current Cost = 5007.00, Rho = 1.000
(iter 10) [0.0, -0.9559, 0.8330] = 451.8206, sampling [1.0, -1.0452, 0.9998]. Recommendation = [0.0, -0.9559, 0.8330], Current Cost = 5008.00, Rho = 1.000
(iter 10) [0.0, -0.9559, 0.8330] = 451.8206, sampling [1.0, -0.5396, 1.4723]. Recommendation = [0.0, -0.9358, 0.9268], Current Cost = 5009.00, Rho = 1.000
(iter 10) [0.0, -0.9559, 0.8330] = 451.8206, sampling [1.0, -0.4756, 0.5804]. Recommendation = [0.0, -0.9358, 0.9268], Current Cost = 5010.00, Rho = 1.000
(iter 10) [0.0, -0.9559, 0.8330] = 451.8206, sampling [1.0, -0.7856, 0.3751]. Recommendation = [0.0, -0.9358, 0.9268], Current Cost = 5011.00, Rho = 1.000
(iter 10) [0.0, -0.9559, 0.8330] = 451.8206, sampling [1.0, -1.1619, 0.6259]. Recommendation = [0.0, -0.9358, 0.9268], Current Cost = 5012.00, Rho = 1.000
(iter 10) [0.0, -0.9559, 0.8330] = 451.8206, sampling [1.0, -0.4023, 0.3172]. Recommendation = [0.0, -0.9358, 0.9268], Current Cost = 5013.00, Rho = 1.000
(iter 10) [0.0, -0.9559, 0.8330] = 451.8206, sampling [1.0, -0.2125, 0.6971]. Recommendation = [0.0, -0.9358, 0.9268], Current Cost = 5014.00, Rho = 1.000
(iter 10) [0.0, -0.9559, 0.8330] = 451.8206, sampling [1.0, -0.2003, 0.1014]. Recommendation = [0.0, -0.9358, 0.9268], Current Cost = 5015.00, Rho = 1.000
(iter 10) [0.0, -0.9559, 0.8330] = 451.8206, sampling [1.0, -0.3830, 0.0506]. Recommendation = [0.0, -0.9358, 0.9268], Current Cost = 5016.00, Rho = 1.000
(iter 10) [0.0, -0.9559, 0.8330] = 451.8206, sampling [1.0, 0.0110, 0.4443]. Recommendation = [0.0, -0.9358, 0.9268], Current Cost = 5017.00, Rho = 1.000
(iter 10) [0.0, -0.9559, 0.8330] = 451.8206, sampling [1.0, -0.1718, -0.2828]. Recommendation = [0.0, -0.9358, 0.9268], Current Cost = 5018.00, Rho = 1.000
(iter 10) [0.0, -0.9559, 0.8330] = 451.8206, sampling [1.0, 0.0963, -0.0393]. Recommendation = [0.0, -0.9358, 0.9268], Current Cost = 5019.00, Rho = 1.000
(iter 10) [0.0, -0.9559, 0.8330] = 451.8206, sampling [1.0, 0.0796, -0.5952]. Recommendation = [0.0, -0.9358, 0.9268], Current Cost = 5020.00, Rho = 1.000
(iter 10) [0.0, -0.9559, 0.8330] = 451.8206, sampling [1.0, 0.1783, -0.2345]. Recommendation = [0.0, -0.9358, 0.9268], Current Cost = 5021.00, Rho = 1.000
(iter 10) [0.0, -0.9559, 0.8330] = 451.8206, sampling [1.0, -0.0309, -0.3578]. Recommendation = [0.0, 0.0889, -0.1427], Current Cost = 5022.00, Rho = 1.000
(iter 10) [0.0, -0.9559, 0.8330] = 451.8206, sampling [1.0, -0.5015, -0.2450]. Recommendation = [0.0, 0.0889, -0.1427], Current Cost = 5023.00, Rho = 1.000
(iter 10) [0.0, -0.9559, 0.8330] = 451.8206, sampling [1.0, -1.4278, 1.0720]. Recommendation = [0.0, 0.0889, -0.1427], Current Cost = 5024.00, Rho = 1.000
(iter 10) [0.0, -0.9559, 0.8330] = 451.8206, sampling [1.0, -1.0814, 1.2276]. Recommendation = [0.0, 0.0889, -0.1427], Current Cost = 5025.00, Rho = 1.000
(iter 10) [0.0, -0.9559, 0.8330] = 451.8206, sampling [1.0, -0.9618, 0.2266]. Recommendation = [0.0, 0.0889, -0.1427], Current Cost = 5026.00, Rho = 1.000
(iter 10) [0.0, -0.9559, 0.8330] = 451.8206, sampling [1.0, -0.6736, -0.1148]. Recommendation = [0.0, 0.0889, -0.1427], Current Cost = 5027.00, Rho = 1.000
(iter 10) [0.0, -0.9559, 0.8330] = 451.8206, sampling [1.0, -1.2518, 0.8649]. Recommendation = [0.0, 0.0889, -0.1427], Current Cost = 5028.00, Rho = 1.000
(iter 10) [0.0, -0.9559, 0.8330] = 451.8206, sampling [1.0, 0.3397, 0.0862]. Recommendation = [0.0, 0.0889, -0.1427], Current Cost = 5029.00, Rho = 1.000
(iter 10) [0.0, -0.9559, 0.8330] = 451.8206, sampling [1.0, 0.0614, 0.3334]. Recommendation = [0.0, 0.0889, -0.1427], Current Cost = 5030.00, Rho = 1.000
(iter 10) [0.0, -0.9559, 0.8330] = 451.8206, sampling [1.0, 0.2149, 0.4832]. Recommendation = [0.0, 0.0889, -0.1427], Current Cost = 5031.00, Rho = 1.000
(iter 10) [0.0, -0.9559, 0.8330] = 451.8206, sampling [1.0, -1.3010, 1.5875]. Recommendation = [0.0, 0.0889, -0.1427], Current Cost = 5032.00, Rho = 1.000
(iter 10) [0.0, -0.9559, 0.8330] = 451.8206, sampling [1.0, -1.0670, 1.7895]. Recommendation = [0.0, 0.0889, -0.1427], Current Cost = 5033.00, Rho = 1.000
(iter 10) [0.0, -0.9559, 0.8330] = 451.8206, sampling [1.0, -1.6684, 1.7132]. Recommendation = [0.0, 0.0889, -0.1427], Current Cost = 5034.00, Rho = 1.000
(iter 10) [0.0, -0.9559, 0.8330] = 451.8206, sampling [1.0, -1.4557, 1.5145]. Recommendation = [0.0, 0.0889, -0.1427], Current Cost = 5035.00, Rho = 1.000
(iter 10) [0.0, -0.9559, 0.8330] = 451.8206, sampling [1.0, -1.1695, 1.6581]. Recommendation = [0.0, 0.0889, -0.1427], Current Cost = 5036.00, Rho = 1.000
(iter 10) [0.0, -0.9559, 0.8330] = 451.8206, sampling [1.0, 0.0398, 0.8550]. Recommendation = [0.0, 0.0889, -0.1427], Current Cost = 5037.00, Rho = 1.000
(iter 10) [0.0, -0.9559, 0.8330] = 451.8206, sampling [1.0, -0.1099, -0.7913]. Recommendation = [0.0, 0.0889, -0.1427], Current Cost = 5038.00, Rho = 1.000
(iter 10) [0.0, -0.9559, 0.8330] = 451.8206, sampling [1.0, -0.8009, 1.6849]. Recommendation = [0.0, 0.0889, -0.1427], Current Cost = 5039.00, Rho = 1.000
(iter 10) [0.0, -0.9559, 0.8330] = 451.8206, sampling [1.0, 0.0889, -0.1427]. Recommendation = [0.0, 0.0889, -0.1427], Current Cost = 5040.00, Rho = 1.000
(iter 10) [0.0, -0.9559, 0.8330] = 451.8206, sampling [1.0, -0.9358, 0.9268]. Recommendation = [0.0, 0.3397, 0.0862], Current Cost = 5041.00, Rho = 1.000
(iter 10) [0.0, -0.9559, 0.8330] = 451.8206, sampling [1.0, 0.4387, -0.1007]. Recommendation = [0.0, 0.3397, 0.0862], Current Cost = 5042.00, Rho = 1.000
(iter 10) [0.0, -0.9559, 0.8330] = 451.8206, sampling [1.0, 0.3334, -0.0243]. Recommendation = [0.0, 0.3334, -0.0243], Current Cost = 5043.00, Rho = 1.000
(iter 10) [0.0, -0.9559, 0.8330] = 451.8206, sampling [1.0, 0.2988, -0.8218]. Recommendation = [0.0, 0.3397, 0.0862], Current Cost = 5044.00, Rho = 1.000
(iter 10) [0.0, -0.9559, 0.8330] = 451.8206, sampling [1.0, 0.2391, -0.2946]. Recommendation = [0.0, 0.3397, 0.0862], Current Cost = 5045.00, Rho = 1.000
(iter 10) [0.0, -0.9559, 0.8330] = 451.8206, sampling [1.0, -0.3555, 0.6598]. Recommendation = [0.0, 0.3397, 0.0862], Current Cost = 5046.00, Rho = 1.000
(iter 10) [0.0, -0.9559, 0.8330] = 451.8206, sampling [1.0, 0.3843, 0.8275]. Recommendation = [0.0, 0.3397, 0.0862], Current Cost = 5047.00, Rho = 1.000
(iter 10) [0.0, -0.9559, 0.8330] = 451.8206, sampling [1.0, -1.8291, 1.2608]. Recommendation = [0.0, 0.3397, 0.0862], Current Cost = 5048.00, Rho = 1.000
(iter 10) [0.0, -0.9559, 0.8330] = 451.8206, sampling [1.0, 0.4152, 1.3940]. Recommendation = [0.0, 0.3397, 0.0862], Current Cost = 5049.00, Rho = 1.000
(iter 10) [0.0, -0.9559, 0.8330] = 451.8206, sampling [1.0, -0.0548, 1.8717]. Recommendation = [0.0, 0.3397, 0.0862], Current Cost = 5050.00, Rho = 1.000
(iter 10) [0.0, -0.9559, 0.8330] = 451.8206, sampling [1.0, 0.1491, 1.1432]. Recommendation = [0.0, 0.3397, 0.0862], Current Cost = 5051.00, Rho = 1.000
(iter 10) [0.0, -0.9559, 0.8330] = 451.8206, sampling [1.0, 0.6849, 0.2414]. Recommendation = [0.0, 0.3397, 0.0862], Current Cost = 5052.00, Rho = 1.000
(iter 10) [0.0, -0.9559, 0.8330] = 451.8206, sampling [1.0, 0.7190, 0.7456]. Recommendation = [0.0, 0.3397, 0.0862], Current Cost = 5053.00, Rho = 1.000
(iter 10) [0.0, -0.9559, 0.8330] = 451.8206, sampling [1.0, 0.7604, 0.4982]. Recommendation = [0.0, 0.3397, 0.0862], Current Cost = 5054.00, Rho = 1.000
(iter 10) [0.0, -0.9559, 0.8330] = 451.8206, sampling [1.0, 0.6456, 0.9836]. Recommendation = [0.0, 0.3397, 0.0862], Current Cost = 5055.00, Rho = 1.000
(iter 10) [0.0, -0.9559, 0.8330] = 451.8206, sampling [1.0, 0.8815, 0.9469]. Recommendation = [0.0, 0.3397, 0.0862], Current Cost = 5056.00, Rho = 1.000
(iter 10) [0.0, -0.9559, 0.8330] = 451.8206, sampling [1.0, 0.9169, 0.7583]. Recommendation = [0.0, 0.3397, 0.0862], Current Cost = 5057.00, Rho = 1.000
(iter 10) [0.0, -0.9559, 0.8330] = 451.8206, sampling [1.0, 0.8106, 0.6831]. Recommendation = [0.0, 0.3397, 0.0862], Current Cost = 5058.00, Rho = 1.000
(iter 10) [0.0, -0.9559, 0.8330] = 451.8206, sampling [1.0, 0.9331, 1.3398]. Recommendation = [0.0, 0.8106, 0.6831], Current Cost = 5059.00, Rho = 1.000
(iter 10) [0.0, -0.9559, 0.8330] = 451.8206, sampling [1.0, 1.0780, 1.1105]. Recommendation = [0.0, 0.8106, 0.6831], Current Cost = 5060.00, Rho = 1.000
(iter 10) [0.0, -0.9559, 0.8330] = 451.8206, sampling [1.0, 1.1579, 1.3171]. Recommendation = [0.0, 0.8106, 0.6831], Current Cost = 5061.00, Rho = 1.000
(iter 10) [0.0, -0.9559, 0.8330] = 451.8206, sampling [1.0, 1.3355, 1.0803]. Recommendation = [0.0, 1.1579, 1.3171], Current Cost = 5062.00, Rho = 1.000
(iter 10) [0.0, -0.9559, 0.8330] = 451.8206, sampling [1.0, 1.2163, 1.1794]. Recommendation = [0.0, 1.1579, 1.3171], Current Cost = 5063.00, Rho = 1.000
(iter 10) [0.0, -0.9559, 0.8330] = 451.8206, sampling [1.0, 0.9862, 0.6126]. Recommendation = [0.0, 1.1579, 1.3171], Current Cost = 5064.00, Rho = 1.000
(iter 10) [0.0, -0.9559, 0.8330] = 451.8206, sampling [1.0, 1.4078, 1.7544]. Recommendation = [0.0, 1.1579, 1.3171], Current Cost = 5065.00, Rho = 1.000
(iter 10) [0.0, -0.9559, 0.8330] = 451.8206, sampling [1.0, 0.8504, 1.8966]. Recommendation = [0.0, 1.1579, 1.3171], Current Cost = 5066.00, Rho = 1.000
(iter 10) [0.0, -0.9559, 0.8330] = 451.8206, sampling [1.0, 1.5590, 1.4212]. Recommendation = [0.0, 1.1579, 1.3171], Current Cost = 5067.00, Rho = 1.000
(iter 10) [0.0, -0.9559, 0.8330] = 451.8206, sampling [1.0, 0.8269, 1.4292]. Recommendation = [0.0, 1.1579, 1.3171], Current Cost = 5068.00, Rho = 1.000
(iter 10) [0.0, -0.9559, 0.8330] = 451.8206, sampling [1.0, 1.6261, 1.9969]. Recommendation = [0.0, 1.1579, 1.3171], Current Cost = 5069.00, Rho = 1.000
(iter 10) [0.0, -0.9559, 0.8330] = 451.8206, sampling [1.0, 1.5858, 1.7381]. Recommendation = [0.0, 1.1579, 1.3171], Current Cost = 5070.00, Rho = 1.000
(iter 10) [0.0, -0.9559, 0.8330] = 451.8206, sampling [1.0, 0.7008, -0.0579]. Recommendation = [0.0, 1.1579, 1.3171], Current Cost = 5071.00, Rho = 1.000
(iter 10) [0.0, -0.9559, 0.8330] = 451.8206, sampling [1.0, 0.8476, 0.2998]. Recommendation = [0.0, 1.1579, 1.3171], Current Cost = 5072.00, Rho = 1.000
(iter 10) [0.0, -0.9559, 0.8330] = 451.8206, sampling [1.0, 1.2089, 0.7153]. Recommendation = [0.0, 1.1579, 1.3171], Current Cost = 5073.00, Rho = 1.000
(iter 10) [0.0, -0.9559, 0.8330] = 451.8206, sampling [1.0, 1.1086, 1.3752]. Recommendation = [0.0, 1.1579, 1.3171], Current Cost = 5074.00, Rho = 1.000
(iter 10) [0.0, -0.9559, 0.8330] = 451.8206, sampling [1.0, 0.7239, 0.1593]. Recommendation = [0.0, 1.1579, 1.3171], Current Cost = 5075.00, Rho = 1.000
(iter 10) [0.0, -0.9559, 0.8330] = 451.8206, sampling [1.0, -1.0160, 1.2745]. Recommendation = [0.0, 1.1579, 1.3171], Current Cost = 5076.00, Rho = 1.000
(iter 10) [0.0, -0.9559, 0.8330] = 451.8206, sampling [1.0, -0.9199, -0.0104]. Recommendation = [0.0, 1.1579, 1.3171], Current Cost = 5077.00, Rho = 1.000
(iter 10) [0.0, -0.9559, 0.8330] = 451.8206, sampling [1.0, -1.2722, 0.3386]. Recommendation = [0.0, 1.1579, 1.3171], Current Cost = 5078.00, Rho = 1.000
(iter 10) [0.0, -0.9559, 0.8330] = 451.8206, sampling [1.0, 1.4724, 1.6651]. Recommendation = [0.0, 1.1579, 1.3171], Current Cost = 5079.00, Rho = 1.000
(iter 10) [0.0, -0.9559, 0.8330] = 451.8206, sampling [1.0, 0.1433, 0.3948]. Recommendation = [0.0, 1.1579, 1.3171], Current Cost = 5080.00, Rho = 1.000
(iter 10) [0.0, -0.9559, 0.8330] = 451.8206, sampling [1.0, 1.9921, 1.6971]. Recommendation = [0.0, 1.1579, 1.3171], Current Cost = 5081.00, Rho = 1.000
(iter 10) [0.0, -0.9559, 0.8330] = 451.8206, sampling [1.0, 1.5489, 1.9371]. Recommendation = [0.0, 1.1579, 1.3171], Current Cost = 5082.00, Rho = 1.000
(iter 10) [0.0, -0.9559, 0.8330] = 451.8206, sampling [1.0, -1.1122, 1.9267]. Recommendation = [0.0, 1.1579, 1.3171], Current Cost = 5083.00, Rho = 1.000
(iter 10) [0.0, -0.9559, 0.8330] = 451.8206, sampling [1.0, 0.4725, 0.9102]. Recommendation = [0.0, 1.1579, 1.3171], Current Cost = 5084.00, Rho = 1.000
(iter 10) [0.0, -0.9559, 0.8330] = 451.8206, sampling [1.0, -0.7705, 1.9520]. Recommendation = [0.0, 1.1579, 1.3171], Current Cost = 5085.00, Rho = 1.000
(iter 10) [0.0, -0.9559, 0.8330] = 451.8206, sampling [1.0, -0.1140, 0.8000]. Recommendation = [0.0, 1.1579, 1.3171], Current Cost = 5086.00, Rho = 1.000
(iter 10) [0.0, -0.9559, 0.8330] = 451.8206, sampling [1.0, -0.1879, -0.3385]. Recommendation = [0.0, 1.1579, 1.3171], Current Cost = 5087.00, Rho = 1.000
(iter 10) [0.0, -0.9559, 0.8330] = 451.8206, sampling [1.0, 1.1020, 0.5619]. Recommendation = [0.0, 1.1579, 1.3171], Current Cost = 5088.00, Rho = 1.000
(iter 10) [0.0, -0.9559, 0.8330] = 451.8206, sampling [1.0, 1.4709, 1.1934]. Recommendation = [0.0, 1.1579, 1.3171], Current Cost = 5089.00, Rho = 1.000
(iter 10) [0.0, -0.9559, 0.8330] = 451.8206, sampling [1.0, -0.4518, 1.2814]. Recommendation = [0.0, 1.1579, 1.3171], Current Cost = 5090.00, Rho = 1.000
(iter 10) [0.0, -0.9559, 0.8330] = 451.8206, sampling [1.0, 0.6093, -0.7604]. Recommendation = [0.0, 1.1579, 1.3171], Current Cost = 5091.00, Rho = 1.000
(iter 10) [0.0, -0.9559, 0.8330] = 451.8206, sampling [1.0, -0.0328, -0.4135]. Recommendation = [0.0, 1.1579, 1.3171], Current Cost = 5092.00, Rho = 1.000
(iter 10) [0.0, -0.9559, 0.8330] = 451.8206, sampling [1.0, 0.4987, 1.8375]. Recommendation = [0.0, 1.1579, 1.3171], Current Cost = 5093.00, Rho = 1.000
(iter 10) [0.0, -0.9559, 0.8330] = 451.8206, sampling [1.0, -1.4821, 1.6023]. Recommendation = [0.0, 1.1579, 1.3171], Current Cost = 5094.00, Rho = 1.000
(iter 10) [0.0, -0.9559, 0.8330] = 451.8206, sampling [1.0, -0.4464, 0.6433]. Recommendation = [0.0, 1.1579, 1.3171], Current Cost = 5095.00, Rho = 1.000
(iter 10) [0.0, -0.9559, 0.8330] = 451.8206, sampling [1.0, 0.0256, -1.1799]. Recommendation = [0.0, 1.1579, 1.3171], Current Cost = 5096.00, Rho = 1.000
(iter 10) [0.0, -0.9559, 0.8330] = 451.8206, sampling [1.0, -0.2337, -0.8774]. Recommendation = [0.0, 1.1579, 1.3171], Current Cost = 5097.00, Rho = 1.000
(iter 10) [0.0, -0.9559, 0.8330] = 451.8206, sampling [1.0, 1.0529, 0.1776]. Recommendation = [0.0, 1.1579, 1.3171], Current Cost = 5098.00, Rho = 1.000
(iter 10) [0.0, -0.9559, 0.8330] = 451.8206, sampling [1.0, -0.7438, -0.6303]. Recommendation = [0.0, 1.1579, 1.3171], Current Cost = 5099.00, Rho = 1.000
(iter 10) [0.0, -0.9559, 0.8330] = 451.8206, sampling [1.0, -1.3980, 1.5256]. Recommendation = [0.0, 1.1579, 1.3171], Current Cost = 5100.00, Rho = 1.000
(iter 10) [0.0, -0.9559, 0.8330] = 451.8206, sampling [1.0, -1.4167, 0.5554]. Recommendation = [0.0, 1.1579, 1.3171], Current Cost = 5101.00, Rho = 1.000
(iter 10) [0.0, -0.9559, 0.8330] = 451.8206, sampling [1.0, -0.2666, 1.4547]. Recommendation = [0.0, 1.1579, 1.3171], Current Cost = 5102.00, Rho = 1.000
(iter 10) [0.0, -0.9559, 0.8330] = 451.8206, sampling [1.0, -0.3094, -1.1083]. Recommendation = [0.0, 1.1579, 1.3171], Current Cost = 5103.00, Rho = 1.000
(iter 10) [0.0, -0.9559, 0.8330] = 451.8206, sampling [1.0, -0.8964, 1.8106]. Recommendation = [0.0, 1.1579, 1.3171], Current Cost = 5104.00, Rho = 1.000
(iter 10) [0.0, -0.9559, 0.8330] = 451.8206, sampling [1.0, 0.3710, -1.5789]. Recommendation = [0.0, 1.1579, 1.3171], Current Cost = 5105.00, Rho = 1.000
(iter 10) [0.0, -0.9559, 0.8330] = 451.8206, sampling [1.0, 0.8787, -0.5086]. Recommendation = [0.0, 1.1579, 1.3171], Current Cost = 5106.00, Rho = 1.000
(iter 10) [0.0, -0.9559, 0.8330] = 451.8206, sampling [1.0, 1.3860, 0.5285]. Recommendation = [0.0, 1.1579, 1.3171], Current Cost = 5107.00, Rho = 1.000
(iter 10) [0.0, -0.9559, 0.8330] = 451.8206, sampling [1.0, -0.5686, -0.9733]. Recommendation = [0.0, 1.1579, 1.3171], Current Cost = 5108.00, Rho = 1.000
(iter 10) [0.0, -0.9559, 0.8330] = 451.8206, sampling [1.0, -1.1935, -0.3078]. Recommendation = [0.0, 1.1579, 1.3171], Current Cost = 5109.00, Rho = 1.000
(iter 10) [0.0, -0.9559, 0.8330] = 451.8206, sampling [1.0, 0.6640, -0.9842]. Recommendation = [0.0, 1.1579, 1.3171], Current Cost = 5110.00, Rho = 1.000
(iter 10) [0.0, -0.9559, 0.8330] = 451.8206, sampling [1.0, -0.6491, 1.6348]. Recommendation = [0.0, 1.1579, 1.3171], Current Cost = 5111.00, Rho = 1.000
(iter 10) [0.0, -0.9559, 0.8330] = 451.8206, sampling [1.0, -0.2749, -1.5404]. Recommendation = [0.0, 1.1579, 1.3171], Current Cost = 5112.00, Rho = 1.000
(iter 10) [0.0, -0.9559, 0.8330] = 451.8206, sampling [1.0, 0.2056, -1.3227]. Recommendation = [0.0, 1.1579, 1.3171], Current Cost = 5113.00, Rho = 1.000
(iter 10) [0.0, -0.9559, 0.8330] = 451.8206, sampling [1.0, -1.5665, 1.2459]. Recommendation = [0.0, 1.1579, 1.3171], Current Cost = 5114.00, Rho = 1.000
(iter 10) [0.0, -0.9559, 0.8330] = 451.8206, sampling [1.0, -1.2458, 0.1926]. Recommendation = [0.0, 1.1579, 1.3171], Current Cost = 5115.00, Rho = 1.000
(iter 10) [0.0, -0.9559, 0.8330] = 451.8206, sampling [1.0, 0.4228, 0.8940]. Recommendation = [0.0, 1.1579, 1.3171], Current Cost = 5116.00, Rho = 1.000
(iter 10) [0.0, -0.9559, 0.8330] = 451.8206, sampling [1.0, 1.6928, 1.3017]. Recommendation = [0.0, 1.1579, 1.3171], Current Cost = 5117.00, Rho = 1.000
(iter 10) [0.0, -0.9559, 0.8330] = 451.8206, sampling [1.0, -1.7033, 0.7275]. Recommendation = [0.0, 1.1579, 1.3171], Current Cost = 5118.00, Rho = 1.000
(iter 10) [0.0, -0.9559, 0.8330] = 451.8206, sampling [1.0, 0.1245, 0.4021]. Recommendation = [0.0, 1.1579, 1.3171], Current Cost = 5119.00, Rho = 1.000
(iter 10) [0.0, -0.9559, 0.8330] = 451.8206, sampling [1.0, -0.0953, -1.9836]. Recommendation = [0.0, 1.1579, 1.3171], Current Cost = 5120.00, Rho = 1.000
(iter 10) [0.0, -0.9559, 0.8330] = 451.8206, sampling [1.0, 0.7741, -0.7395]. Recommendation = [0.0, 1.1579, 1.3171], Current Cost = 5121.00, Rho = 1.000
(iter 10) [0.0, -0.9559, 0.8330] = 451.8206, sampling [1.0, -0.0760, 1.5553]. Recommendation = [0.0, 1.1579, 1.3171], Current Cost = 5122.00, Rho = 1.000
(iter 10) [0.0, -0.9559, 0.8330] = 451.8206, sampling [1.0, 0.7980, -1.3735]. Recommendation = [0.0, 1.1579, 1.3171], Current Cost = 5123.00, Rho = 1.000
(iter 10) [0.0, -0.9559, 0.8330] = 451.8206, sampling [1.0, -0.3888, -1.2509]. Recommendation = [0.0, 1.1579, 1.3171], Current Cost = 5124.00, Rho = 1.000
(iter 10) [0.0, -0.9559, 0.8330] = 451.8206, sampling [1.0, -0.8916, -0.5795]. Recommendation = [0.0, 1.1579, 1.3171], Current Cost = 5125.00, Rho = 1.000
(iter 10) [0.0, -0.9559, 0.8330] = 451.8206, sampling [1.0, -1.8208, 1.6259]. Recommendation = [0.0, 1.1579, 1.3171], Current Cost = 5126.00, Rho = 1.000
(iter 10) [0.0, -0.9559, 0.8330] = 451.8206, sampling [1.0, -0.6307, 1.7648]. Recommendation = [0.0, 1.1579, 1.3171], Current Cost = 5127.00, Rho = 1.000
(iter 10) [0.0, -0.9559, 0.8330] = 451.8206, sampling [1.0, 1.8556, 0.9308]. Recommendation = [0.0, 1.1579, 1.3171], Current Cost = 5128.00, Rho = 1.000
(iter 10) [0.0, -0.9559, 0.8330] = 451.8206, sampling [1.0, -0.0042, -1.2716]. Recommendation = [0.0, 1.1579, 1.3171], Current Cost = 5129.00, Rho = 1.000
(iter 10) [0.0, -0.9559, 0.8330] = 451.8206, sampling [1.0, 0.5521, -1.9967]. Recommendation = [0.0, 1.1579, 1.3171], Current Cost = 5130.00, Rho = 1.000
(iter 10) [0.0, -0.9559, 0.8330] = 451.8206, sampling [1.0, 0.3153, 1.9684]. Recommendation = [0.0, 1.1579, 1.3171], Current Cost = 5131.00, Rho = 1.000
(iter 10) [0.0, -0.9559, 0.8330] = 451.8206, sampling [1.0, 1.7380, 1.5723]. Recommendation = [0.0, 1.1579, 1.3171], Current Cost = 5132.00, Rho = 1.000
(iter 10) [0.0, -0.9559, 0.8330] = 451.8206, sampling [1.0, 1.1483, -0.2161]. Recommendation = [0.0, 1.1579, 1.3171], Current Cost = 5133.00, Rho = 1.000
(iter 10) [0.0, -0.9559, 0.8330] = 451.8206, sampling [1.0, 1.2867, 0.1343]. Recommendation = [0.0, 1.1579, 1.3171], Current Cost = 5134.00, Rho = 1.000
(iter 10) [0.0, -0.9559, 0.8330] = 451.8206, sampling [1.0, -1.5391, 0.0707]. Recommendation = [0.0, 1.1579, 1.3171], Current Cost = 5135.00, Rho = 1.000
(iter 10) [0.0, -0.9559, 0.8330] = 451.8206, sampling [1.0, -0.7003, -0.9166]. Recommendation = [0.0, 1.1579, 1.3171], Current Cost = 5136.00, Rho = 1.000
(iter 10) [0.0, -0.9559, 0.8330] = 451.8206, sampling [1.0, -0.7051, -0.6863]. Recommendation = [0.0, 1.1579, 1.3171], Current Cost = 5137.00, Rho = 1.000
(iter 10) [0.0, -0.9559, 0.8330] = 451.8206, sampling [1.0, 1.6493, 1.4669]. Recommendation = [0.0, 1.1579, 1.3171], Current Cost = 5138.00, Rho = 1.000
(iter 10) [0.0, -0.9559, 0.8330] = 451.8206, sampling [1.0, -0.6147, -1.4268]. Recommendation = [0.0, 1.1579, 1.3171], Current Cost = 5139.00, Rho = 1.000
(iter 10) [0.0, -0.9559, 0.8330] = 451.8206, sampling [1.0, 0.5672, -0.7837]. Recommendation = [0.0, 1.1579, 1.3171], Current Cost = 5140.00, Rho = 1.000
(iter 10) [0.0, -0.9559, 0.8330] = 451.8206, sampling [1.0, -0.2421, 1.8875]. Recommendation = [0.0, 1.1579, 1.3171], Current Cost = 5141.00, Rho = 1.000
(iter 10) [0.0, -0.9559, 0.8330] = 451.8206, sampling [1.0, -0.5171, -1.9061]. Recommendation = [0.0, 1.1579, 1.3171], Current Cost = 5142.00, Rho = 1.000
(iter 10) [0.0, -0.9559, 0.8330] = 451.8206, sampling [1.0, -0.5882, 1.4975]. Recommendation = [0.0, 1.1579, 1.3171], Current Cost = 5143.00, Rho = 1.000
(iter 10) [0.0, -0.9559, 0.8330] = 451.8206, sampling [1.0, -1.3485, 0.4723]. Recommendation = [0.0, 1.1579, 1.3171], Current Cost = 5144.00, Rho = 1.000
(iter 10) [0.0, -0.9559, 0.8330] = 451.8206, sampling [1.0, 0.6248, -0.8350]. Recommendation = [0.0, 1.1579, 1.3171], Current Cost = 5145.00, Rho = 1.000
(iter 10) [0.0, -0.9559, 0.8330] = 451.8206, sampling [1.0, -1.0273, -0.5161]. Recommendation = [0.0, 1.1579, 1.3171], Current Cost = 5146.00, Rho = 1.000
(iter 10) [0.0, -0.9559, 0.8330] = 451.8206, sampling [1.0, -1.6431, 1.0469]. Recommendation = [0.0, 1.1579, 1.3171], Current Cost = 5147.00, Rho = 1.000
(iter 10) [0.0, -0.9559, 0.8330] = 451.8206, sampling [1.0, 1.2496, -1.9556]. Recommendation = [0.0, 1.1579, 1.3171], Current Cost = 5148.00, Rho = 1.000
(iter 10) [0.0, -0.9559, 0.8330] = 451.8206, sampling [1.0, 0.5908, -1.3977]. Recommendation = [0.0, 1.1579, 1.3171], Current Cost = 5149.00, Rho = 1.000
(iter 10) [0.0, -0.9559, 0.8330] = 451.8206, sampling [1.0, 0.2706, 1.8047]. Recommendation = [0.0, 1.1579, 1.3171], Current Cost = 5150.00, Rho = 1.000
(iter 10) [0.0, -0.9559, 0.8330] = 451.8206, sampling [1.0, 0.2721, -1.8124]. Recommendation = [0.0, 1.1579, 1.3171], Current Cost = 5151.00, Rho = 1.000
(iter 10) [0.0, -0.9559, 0.8330] = 451.8206, sampling [1.0, 0.7406, -1.0527]. Recommendation = [0.0, 1.1579, 1.3171], Current Cost = 5152.00, Rho = 1.000
(iter 10) [0.0, -0.9559, 0.8330] = 451.8206, sampling [1.0, -1.9987, 0.3564]. Recommendation = [0.0, 1.1579, 1.3171], Current Cost = 5153.00, Rho = 1.000
(iter 10) [0.0, -0.9559, 0.8330] = 451.8206, sampling [1.0, -0.8300, -0.6236]. Recommendation = [0.0, 1.1579, 1.3171], Current Cost = 5154.00, Rho = 1.000
(iter 10) [0.0, -0.9559, 0.8330] = 451.8206, sampling [1.0, -1.7501, 1.3895]. Recommendation = [0.0, 1.1579, 1.3171], Current Cost = 5155.00, Rho = 1.000
(iter 10) [0.0, -0.9559, 0.8330] = 451.8206, sampling [1.0, 1.6355, 0.4238]. Recommendation = [0.0, 1.1579, 1.3171], Current Cost = 5156.00, Rho = 1.000
(iter 10) [0.0, -0.9559, 0.8330] = 451.8206, sampling [1.0, 1.1271, -1.0212]. Recommendation = [0.0, 1.1579, 1.3171], Current Cost = 5157.00, Rho = 1.000
(iter 10) [0.0, -0.9559, 0.8330] = 451.8206, sampling [1.0, -1.0916, -0.6547]. Recommendation = [0.0, 1.1579, 1.3171], Current Cost = 5158.00, Rho = 1.000
(iter 10) [0.0, -0.9559, 0.8330] = 451.8206, sampling [1.0, -0.3222, -1.8453]. Recommendation = [0.0, 1.1579, 1.3171], Current Cost = 5159.00, Rho = 1.000
(iter 10) [0.0, -0.9559, 0.8330] = 451.8206, sampling [1.0, -0.1455, 1.5453]. Recommendation = [0.0, 1.1579, 1.3171], Current Cost = 5160.00, Rho = 1.000
(iter 10) [0.0, -0.9559, 0.8330] = 451.8206, sampling [1.0, -0.6666, -1.6503]. Recommendation = [0.0, 1.1579, 1.3171], Current Cost = 5161.00, Rho = 1.000
(iter 10) [0.0, -0.9559, 0.8330] = 451.8206, sampling [1.0, 0.5215, -1.6094]. Recommendation = [0.0, 1.1579, 1.3171], Current Cost = 5162.00, Rho = 1.000
(iter 10) [0.0, -0.9559, 0.8330] = 451.8206, sampling [1.0, -0.3518, -1.2275]. Recommendation = [0.0, 1.1579, 1.3171], Current Cost = 5163.00, Rho = 1.000
(iter 10) [0.0, -0.9559, 0.8330] = 451.8206, sampling [1.0, 1.4250, 0.1721]. Recommendation = [0.0, 1.1579, 1.3171], Current Cost = 5164.00, Rho = 1.000
(iter 10) [0.0, -0.9559, 0.8330] = 451.8206, sampling [1.0, -1.3606, -0.4595]. Recommendation = [0.0, 1.1579, 1.3171], Current Cost = 5165.00, Rho = 1.000
(iter 10) [0.0, -0.9559, 0.8330] = 451.8206, sampling [1.0, 0.1749, 1.9139]. Recommendation = [0.0, 1.1579, 1.3171], Current Cost = 5166.00, Rho = 1.000
(iter 10) [0.0, -0.9559, 0.8330] = 451.8206, sampling [1.0, 1.2386, -0.7268]. Recommendation = [0.0, 1.1579, 1.3171], Current Cost = 5167.00, Rho = 1.000
(iter 10) [0.0, -0.9559, 0.8330] = 451.8206, sampling [1.0, 1.3060, -0.2619]. Recommendation = [0.0, 1.1579, 1.3171], Current Cost = 5168.00, Rho = 1.000
(iter 10) [0.0, -0.9559, 0.8330] = 451.8206, sampling [1.0, -1.1470, -0.3816]. Recommendation = [0.0, 1.1579, 1.3171], Current Cost = 5169.00, Rho = 1.000
(iter 10) [0.0, -0.9559, 0.8330] = 451.8206, sampling [1.0, -0.2933, -1.1240]. Recommendation = [0.0, 1.1579, 1.3171], Current Cost = 5170.00, Rho = 1.000
(iter 10) [0.0, -0.9559, 0.8330] = 451.8206, sampling [1.0, -0.8613, -1.4848]. Recommendation = [0.0, 1.1579, 1.3171], Current Cost = 5171.00, Rho = 1.000
(iter 10) [0.0, -0.9559, 0.8330] = 451.8206, sampling [1.0, -1.5090, 0.5212]. Recommendation = [0.0, 1.1579, 1.3171], Current Cost = 5172.00, Rho = 1.000
(iter 10) [0.0, -0.9559, 0.8330] = 451.8206, sampling [1.0, -0.9776, -0.5663]. Recommendation = [0.0, 1.1579, 1.3171], Current Cost = 5173.00, Rho = 1.000
(iter 10) [0.0, -0.9559, 0.8330] = 451.8206, sampling [1.0, 1.9542, 1.1638]. Recommendation = [0.0, 1.1579, 1.3171], Current Cost = 5174.00, Rho = 1.000
(iter 10) [0.0, -0.9559, 0.8330] = 451.8206, sampling [1.0, 0.9566, -1.1975]. Recommendation = [0.0, 1.1579, 1.3171], Current Cost = 5175.00, Rho = 1.000
(iter 10) [0.0, -0.9559, 0.8330] = 451.8206, sampling [1.0, -0.7345, -1.9207]. Recommendation = [0.0, 1.1579, 1.3171], Current Cost = 5176.00, Rho = 1.000
(iter 10) [0.0, -0.9559, 0.8330] = 451.8206, sampling [1.0, 1.4427, 0.0309]. Recommendation = [0.0, 1.1579, 1.3171], Current Cost = 5177.00, Rho = 1.000
(iter 10) [0.0, -0.9559, 0.8330] = 451.8206, sampling [1.0, 0.4843, -1.7213]. Recommendation = [0.0, 1.1579, 1.3171], Current Cost = 5178.00, Rho = 1.000
(iter 10) [0.0, -0.9559, 0.8330] = 451.8206, sampling [1.0, -1.9044, 1.0985]. Recommendation = [0.0, 1.1579, 1.3171], Current Cost = 5179.00, Rho = 1.000
(iter 10) [0.0, -0.9559, 0.8330] = 451.8206, sampling [1.0, 0.6024, -1.5230]. Recommendation = [0.0, 1.1579, 1.3171], Current Cost = 5180.00, Rho = 1.000
(iter 10) [0.0, -0.9559, 0.8330] = 451.8206, sampling [1.0, -0.5567, -1.4408]. Recommendation = [0.0, 1.1579, 1.3171], Current Cost = 5181.00, Rho = 1.000
(iter 10) [0.0, -0.9559, 0.8330] = 451.8206, sampling [1.0, -1.2003, -1.8329]. Recommendation = [0.0, 1.1579, 1.3171], Current Cost = 5182.00, Rho = 1.000
(iter 10) [0.0, -0.9559, 0.8330] = 451.8206, sampling [1.0, 1.3219, -0.4174]. Recommendation = [0.0, 1.1579, 1.3171], Current Cost = 5183.00, Rho = 1.000
(iter 10) [0.0, -0.9559, 0.8330] = 451.8206, sampling [1.0, -1.5038, -0.0927]. Recommendation = [0.0, 1.1579, 1.3171], Current Cost = 5184.00, Rho = 1.000
(iter 10) [0.0, -0.9559, 0.8330] = 451.8206, sampling [1.0, 0.4511, -1.5617]. Recommendation = [0.0, 1.1579, 1.3171], Current Cost = 5185.00, Rho = 1.000
(iter 10) [0.0, -0.9559, 0.8330] = 451.8206, sampling [1.0, 1.9294, -1.7309]. Recommendation = [0.0, 1.1579, 1.3171], Current Cost = 5186.00, Rho = 1.000
(iter 10) [0.0, -0.9559, 0.8330] = 451.8206, sampling [1.0, -1.8577, -0.6565]. Recommendation = [0.0, 1.1579, 1.3171], Current Cost = 5187.00, Rho = 1.000
(iter 10) [0.0, -0.9559, 0.8330] = 451.8206, sampling [1.0, -1.1250, -1.2341]. Recommendation = [0.0, 1.1579, 1.3171], Current Cost = 5188.00, Rho = 1.000
(iter 10) [0.0, -0.9559, 0.8330] = 451.8206, sampling [1.0, -1.7613, 1.2073]. Recommendation = [0.0, 1.1579, 1.3171], Current Cost = 5189.00, Rho = 1.000
(iter 10) [0.0, -0.9559, 0.8330] = 451.8206, sampling [1.0, 1.8169, 0.7826]. Recommendation = [0.0, 1.1579, 1.3171], Current Cost = 5190.00, Rho = 1.000
(iter 10) [0.0, -0.9559, 0.8330] = 451.8206, sampling [1.0, -0.7589, -1.4651]. Recommendation = [0.0, 1.1579, 1.3171], Current Cost = 5191.00, Rho = 1.000
(iter 10) [0.0, -0.9559, 0.8330] = 451.8206, sampling [1.0, 0.9098, -1.7741]. Recommendation = [0.0, 1.1579, 1.3171], Current Cost = 5192.00, Rho = 1.000
(iter 10) [0.0, -0.9559, 0.8330] = 451.8206, sampling [1.0, -0.4172, -1.9440]. Recommendation = [0.0, 1.1579, 1.3171], Current Cost = 5193.00, Rho = 1.000
(iter 10) [0.0, -0.9559, 0.8330] = 451.8206, sampling [1.0, 1.7178, 0.2598]. Recommendation = [0.0, 1.1579, 1.3171], Current Cost = 5194.00, Rho = 1.000
(iter 10) [0.0, -0.9559, 0.8330] = 451.8206, sampling [1.0, -1.6272, 0.2780]. Recommendation = [0.0, 1.1579, 1.3171], Current Cost = 5195.00, Rho = 1.000
(iter 10) [0.0, -0.9559, 0.8330] = 451.8206, sampling [1.0, 0.2412, 1.8517]. Recommendation = [0.0, 1.1579, 1.3171], Current Cost = 5196.00, Rho = 1.000
(iter 10) [0.0, -0.9559, 0.8330] = 451.8206, sampling [1.0, 1.0316, -1.3426]. Recommendation = [0.0, 1.1579, 1.3171], Current Cost = 5197.00, Rho = 1.000
(iter 10) [0.0, -0.9559, 0.8330] = 451.8206, sampling [1.0, -0.8329, -1.7477]. Recommendation = [0.0, 1.1579, 1.3171], Current Cost = 5198.00, Rho = 1.000
(iter 10) [0.0, -0.9559, 0.8330] = 451.8206, sampling [1.0, -1.8539, -1.7882]. Recommendation = [0.0, 1.1579, 1.3171], Current Cost = 5199.00, Rho = 1.000
(iter 10) [0.0, -0.9559, 0.8330] = 451.8206, sampling [1.0, -1.2801, -1.0335]. Recommendation = [0.0, 1.1579, 1.3171], Current Cost = 5200.00, Rho = 1.000
(iter 10) [0.0, -0.9559, 0.8330] = 451.8206, sampling [1.0, 0.5421, -1.6999]. Recommendation = [0.0, 1.1579, 1.3171], Current Cost = 5201.00, Rho = 1.000
(iter 10) [0.0, -0.9559, 0.8330] = 451.8206, sampling [1.0, -1.6599, 1.0250]. Recommendation = [0.0, 1.1579, 1.3171], Current Cost = 5202.00, Rho = 1.000
(iter 10) [0.0, -0.9559, 0.8330] = 451.8206, sampling [1.0, 1.1814, -0.9367]. Recommendation = [0.0, 1.1579, 1.3171], Current Cost = 5203.00, Rho = 1.000
(iter 10) [0.0, -0.9559, 0.8330] = 451.8206, sampling [1.0, 1.5274, 0.0087]. Recommendation = [0.0, 1.1579, 1.3171], Current Cost = 5204.00, Rho = 1.000
(iter 10) [0.0, -0.9559, 0.8330] = 451.8206, sampling [1.0, 1.0702, -1.0916]. Recommendation = [0.0, 1.1579, 1.3171], Current Cost = 5205.00, Rho = 1.000
(iter 10) [0.0, -0.9559, 0.8330] = 451.8206, sampling [1.0, -1.0045, -1.5958]. Recommendation = [0.0, 1.1579, 1.3171], Current Cost = 5206.00, Rho = 1.000
(iter 10) [0.0, -0.9559, 0.8330] = 451.8206, sampling [1.0, 0.9937, -1.6240]. Recommendation = [0.0, 1.1579, 1.3171], Current Cost = 5207.00, Rho = 1.000
(iter 10) [0.0, -0.9559, 0.8330] = 451.8206, sampling [1.0, 1.4912, -0.4943]. Recommendation = [0.0, 1.1579, 1.3171], Current Cost = 5208.00, Rho = 1.000
(iter 10) [0.0, -0.9559, 0.8330] = 451.8206, sampling [1.0, 1.4160, -1.0012]. Recommendation = [0.0, 1.1579, 1.3171], Current Cost = 5209.00, Rho = 1.000
(iter 10) [0.0, -0.9559, 0.8330] = 451.8206, sampling [1.0, -1.7336, -0.0787]. Recommendation = [0.0, 1.1579, 1.3171], Current Cost = 5210.00, Rho = 1.000
(iter 10) [0.0, -0.9559, 0.8330] = 451.8206, sampling [1.0, 1.9833, 0.9752]. Recommendation = [0.0, 1.1579, 1.3171], Current Cost = 5211.00, Rho = 1.000
(iter 10) [0.0, -0.9559, 0.8330] = 451.8206, sampling [1.0, -1.8939, 0.6059]. Recommendation = [0.0, 1.1579, 1.3171], Current Cost = 5212.00, Rho = 1.000
(iter 10) [0.0, -0.9559, 0.8330] = 451.8206, sampling [1.0, 1.1885, -1.3040]. Recommendation = [0.0, 1.1579, 1.3171], Current Cost = 5213.00, Rho = 1.000
(iter 10) [0.0, -0.9559, 0.8330] = 451.8206, sampling [1.0, 1.8064, 0.0458]. Recommendation = [0.0, 1.1579, 1.3171], Current Cost = 5214.00, Rho = 1.000
(iter 10) [0.0, -0.9559, 0.8330] = 451.8206, sampling [1.0, -1.4683, -0.5329]. Recommendation = [0.0, 1.1579, 1.3171], Current Cost = 5215.00, Rho = 1.000
(iter 10) [0.0, -0.9559, 0.8330] = 451.8206, sampling [1.0, -1.6136, -0.3288]. Recommendation = [0.0, 1.1579, 1.3171], Current Cost = 5216.00, Rho = 1.000
(iter 10) [0.0, -0.9559, 0.8330] = 451.8206, sampling [1.0, 0.9608, -1.8844]. Recommendation = [0.0, 1.1579, 1.3171], Current Cost = 5217.00, Rho = 1.000
(iter 10) [0.0, -0.9559, 0.8330] = 451.8206, sampling [1.0, -1.2175, -1.4983]. Recommendation = [0.0, 1.1579, 1.3171], Current Cost = 5218.00, Rho = 1.000
(iter 10) [0.0, -0.9559, 0.8330] = 451.8206, sampling [1.0, -1.7248, 0.1154]. Recommendation = [0.0, 1.1579, 1.3171], Current Cost = 5219.00, Rho = 1.000
(iter 10) [0.0, -0.9559, 0.8330] = 451.8206, sampling [1.0, 1.2796, -1.5111]. Recommendation = [0.0, 1.1579, 1.3171], Current Cost = 5220.00, Rho = 1.000
(iter 10) [0.0, -0.9559, 0.8330] = 451.8206, sampling [1.0, 1.8664, 0.2123]. Recommendation = [0.0, 1.1579, 1.3171], Current Cost = 5221.00, Rho = 1.000
(iter 10) [0.0, -0.9559, 0.8330] = 451.8206, sampling [1.0, 1.3744, -1.2158]. Recommendation = [0.0, 1.1579, 1.3171], Current Cost = 5222.00, Rho = 1.000
(iter 10) [0.0, -0.9559, 0.8330] = 451.8206, sampling [1.0, 1.7620, -0.8101]. Recommendation = [0.0, 1.1579, 1.3171], Current Cost = 5223.00, Rho = 1.000
(iter 10) [0.0, -0.9559, 0.8330] = 451.8206, sampling [1.0, -1.5993, -0.8976]. Recommendation = [0.0, 1.1579, 1.3171], Current Cost = 5224.00, Rho = 1.000
(iter 10) [0.0, -0.9559, 0.8330] = 451.8206, sampling [1.0, -1.9588, -0.2067]. Recommendation = [0.0, 1.1579, 1.3171], Current Cost = 5225.00, Rho = 1.000
(iter 10) [0.0, -0.9559, 0.8330] = 451.8206, sampling [1.0, -1.3272, -1.3851]. Recommendation = [0.0, 1.1579, 1.3171], Current Cost = 5226.00, Rho = 1.000
(iter 10) [0.0, -0.9559, 0.8330] = 451.8206, sampling [1.0, 1.6670, -0.4391]. Recommendation = [0.0, 1.1579, 1.3171], Current Cost = 5227.00, Rho = 1.000
(iter 10) [0.0, -0.9559, 0.8330] = 451.8206, sampling [1.0, 1.8825, -0.1759]. Recommendation = [0.0, 1.1579, 1.3171], Current Cost = 5228.00, Rho = 1.000
(iter 10) [0.0, -0.9559, 0.8330] = 451.8206, sampling [1.0, -1.9750, -1.1636]. Recommendation = [0.0, 1.1579, 1.3171], Current Cost = 5229.00, Rho = 1.000
(iter 10) [0.0, -0.9559, 0.8330] = 451.8206, sampling [1.0, 1.3454, -1.6922]. Recommendation = [0.0, 1.1579, 1.3171], Current Cost = 5230.00, Rho = 1.000
(iter 10) [0.0, -0.9559, 0.8330] = 451.8206, sampling [1.0, -1.3799, -1.6747]. Recommendation = [0.0, 1.1579, 1.3171], Current Cost = 5231.00, Rho = 1.000
(iter 10) [0.0, -0.9559, 0.8330] = 451.8206, sampling [1.0, -1.6883, -0.5441]. Recommendation = [0.0, 1.1579, 1.3171], Current Cost = 5232.00, Rho = 1.000
(iter 10) [0.0, -0.9559, 0.8330] = 451.8206, sampling [1.0, 1.6003, -1.3559]. Recommendation = [0.0, 1.1579, 1.3171], Current Cost = 5233.00, Rho = 1.000
(iter 10) [0.0, -0.9559, 0.8330] = 451.8206, sampling [0.0, 1.1579, 1.3171]. Recommendation = [0.0, 1.1579, 1.3171], Current Cost = 5234.00, Rho = 1.000
(iter 239) [0.0, 1.1579, 1.3171] = 456.2192, sampling [0.0, 0.8106, 0.6831]. Recommendation = [0.0, 1.1579, 1.3171], Current Cost = 6234.00, Rho = 1.000
(iter 239) [0.0, 1.1579, 1.3171] = 456.2192, sampling [1.0, -1.9359, 0.4557]. Recommendation = [0.0, 1.1579, 1.3171], Current Cost = 7234.00, Rho = 1.000
(iter 239) [0.0, 1.1579, 1.3171] = 456.2192, sampling [1.0, 1.8393, -1.0679]. Recommendation = [0.0, 1.1579, 1.3171], Current Cost = 7235.00, Rho = 1.000
(iter 239) [0.0, 1.1579, 1.3171] = 456.2192, sampling [1.0, 1.9411, -0.7182]. Recommendation = [0.0, 1.1579, 1.3171], Current Cost = 7236.00, Rho = 1.000
(iter 239) [0.0, 1.1579, 1.3171] = 456.2192, sampling [1.0, 1.5160, -0.4769]. Recommendation = [0.0, 1.1579, 1.3171], Current Cost = 7237.00, Rho = 1.000
(iter 239) [0.0, 1.1579, 1.3171] = 456.2192, sampling [1.0, 1.5750, -1.7996]. Recommendation = [0.0, 1.1579, 1.3171], Current Cost = 7238.00, Rho = 1.000
(iter 239) [0.0, 1.1579, 1.3171] = 456.2192, sampling [1.0, -1.8006, -0.8934]. Recommendation = [0.0, 1.1579, 1.3171], Current Cost = 7239.00, Rho = 1.000
(iter 239) [0.0, 1.1579, 1.3171] = 456.2192, sampling [1.0, 1.7487, -0.6941]. Recommendation = [0.0, 1.1579, 1.3171], Current Cost = 7240.00, Rho = 1.000
(iter 239) [0.0, 1.1579, 1.3171] = 456.2192, sampling [1.0, 1.0088, -1.6347]. Recommendation = [0.0, 1.1579, 1.3171], Current Cost = 7241.00, Rho = 1.000
(iter 239) [0.0, 1.1579, 1.3171] = 456.2192, sampling [1.0, -1.5829, -0.9572]. Recommendation = [0.0, 1.1579, 1.3171], Current Cost = 7242.00, Rho = 1.000
(iter 239) [0.0, 1.1579, 1.3171] = 456.2192, sampling [1.0, -1.3424, -1.4237]. Recommendation = [0.0, 1.1579, 1.3171], Current Cost = 7243.00, Rho = 1.000
(iter 239) [0.0, 1.1579, 1.3171] = 456.2192, sampling [0.0, 1.0780, 1.1105]. Recommendation = [0.0, 1.1579, 1.3171], Current Cost = 7244.00, Rho = 1.000
(iter 239) [0.0, 1.1579, 1.3171] = 456.2192, sampling [1.0, -1.8878, -0.1915]. Recommendation = [0.0, 1.1579, 1.3171], Current Cost = 8244.00, Rho = 1.000
(iter 239) [0.0, 1.1579, 1.3171] = 456.2192, sampling [1.0, -1.7912, -1.1500]. Recommendation = [0.0, 1.1579, 1.3171], Current Cost = 8245.00, Rho = 1.000
(iter 239) [0.0, 1.1579, 1.3171] = 456.2192, sampling [1.0, 1.9089, -1.9014]. Recommendation = [0.0, 1.1579, 1.3171], Current Cost = 8246.00, Rho = 1.000
(iter 239) [0.0, 1.1579, 1.3171] = 456.2192, sampling [0.0, 0.3397, 0.0862]. Recommendation = [0.0, 1.1579, 1.3171], Current Cost = 8247.00, Rho = 1.000
(iter 239) [0.0, 1.1579, 1.3171] = 456.2192, sampling [1.0, -1.9416, -0.1449]. Recommendation = [0.0, 1.1579, 1.3171], Current Cost = 9247.00, Rho = 1.000
(iter 239) [0.0, 1.1579, 1.3171] = 456.2192, sampling [1.0, 1.7900, -0.8564]. Recommendation = [0.0, 1.1579, 1.3171], Current Cost = 9248.00, Rho = 1.000
(iter 239) [0.0, 1.1579, 1.3171] = 456.2192, sampling [1.0, 1.7060, -1.8567]. Recommendation = [0.0, 1.1579, 1.3171], Current Cost = 9249.00, Rho = 1.000
(iter 239) [0.0, 1.1579, 1.3171] = 456.2192, sampling [0.0, 0.7604, 0.4982]. Recommendation = [0.0, 1.1579, 1.3171], Current Cost = 9250.00, Rho = 1.000
(iter 239) [0.0, 1.1579, 1.3171] = 456.2192, sampling [0.0, 0.9169, 0.7583]. Recommendation = [0.0, 1.1579, 1.3171], Current Cost = 10250.00, Rho = 1.000
(iter 239) [0.0, 1.1579, 1.3171] = 456.2192, sampling [0.0, 0.0963, -0.0393]. Recommendation = [0.0, 1.1579, 1.3171], Current Cost = 11250.00, Rho = 1.000
(iter 239) [0.0, 1.1579, 1.3171] = 456.2192, sampling [0.0, -0.2003, 0.1014]. Recommendation = [0.0, 1.1579, 1.3171], Current Cost = 12250.00, Rho = 1.000
(iter 239) [0.0, 1.1579, 1.3171] = 456.2192, sampling [0.0, -1.5829, -0.9572]. Recommendation = [0.0, 1.1579, 1.3171], Current Cost = 13250.00, Rho = 1.000
(iter 239) [0.0, 1.1579, 1.3171] = 456.2192, sampling [0.0, 0.1433, 0.3948]. Recommendation = [0.0, 1.1579, 1.3171], Current Cost = 14250.00, Rho = 1.000
(iter 239) [0.0, 1.1579, 1.3171] = 456.2192, sampling [0.0, 0.8504, 1.8966]. Recommendation = [0.0, 1.1579, 1.3171], Current Cost = 15250.00, Rho = 1.000
(iter 239) [0.0, 1.1579, 1.3171] = 456.2192, sampling [0.0, -1.8878, -0.1915]. Recommendation = [0.0, 1.1579, 1.3171], Current Cost = 16250.00, Rho = 1.000
(iter 239) [0.0, 1.1579, 1.3171] = 456.2192, sampling [0.0, -0.8009, 1.6849]. Recommendation = [0.0, 1.1579, 1.3171], Current Cost = 17250.00, Rho = 1.000
(iter 239) [0.0, 1.1579, 1.3171] = 456.2192, sampling [0.0, 0.4987, 1.8375]. Recommendation = [0.0, 1.1579, 1.3171], Current Cost = 18250.00, Rho = 1.000
(iter 239) [0.0, 1.1579, 1.3171] = 456.2192, sampling [0.0, 1.9542, 1.1638]. Recommendation = [0.0, 1.1579, 1.3171], Current Cost = 19250.00, Rho = 1.000
(iter 239) [0.0, 1.1579, 1.3171] = 456.2192, sampling [0.0, -0.6736, -0.1148]. Recommendation = [0.0, 1.1579, 1.3171], Current Cost = 20250.00, Rho = 1.000
(iter 239) [0.0, 1.1579, 1.3171] = 456.2192, sampling [0.0, 1.4250, 0.1721]. Recommendation = [0.0, 1.1579, 1.3171], Current Cost = 21250.00, Rho = 1.000
(iter 239) [0.0, 1.1579, 1.3171] = 456.2192, sampling [0.0, 0.9331, 1.3398]. Recommendation = [0.0, 1.1579, 1.3171], Current Cost = 22250.00, Rho = 1.000
(iter 239) [0.0, 1.1579, 1.3171] = 456.2192, sampling [0.0, 0.0398, 0.8550]. Recommendation = [0.0, 1.1579, 1.3171], Current Cost = 23250.00, Rho = 1.000
(iter 239) [0.0, 1.1579, 1.3171] = 456.2192, sampling [0.0, 0.7406, -1.0527]. Recommendation = [0.0, 1.1579, 1.3171], Current Cost = 24250.00, Rho = 1.000
(iter 239) [0.0, 1.1579, 1.3171] = 456.2192, sampling [0.0, -1.8539, -1.7882]. Recommendation = [0.0, 1.1579, 1.3171], Current Cost = 25250.00, Rho = 1.000
(iter 239) [0.0, 1.1579, 1.3171] = 456.2192, sampling [0.0, -0.8300, -0.6236]. Recommendation = [0.0, 1.1579, 1.3171], Current Cost = 26250.00, Rho = 1.000
(iter 239) [0.0, 1.1579, 1.3171] = 456.2192, sampling [0.0, -1.9588, -0.2067]. Recommendation = [0.0, 1.1579, 1.3171], Current Cost = 27250.00, Rho = 1.000
(iter 239) [0.0, 1.1579, 1.3171] = 456.2192, sampling [0.0, 1.0702, -1.0916]. Recommendation = [0.0, 1.1579, 1.3171], Current Cost = 28250.00, Rho = 1.000
(iter 239) [0.0, 1.1579, 1.3171] = 456.2192, sampling [0.0, 0.1783, -0.2345]. Recommendation = [0.0, 1.1579, 1.3171], Current Cost = 29250.00, Rho = 1.000
(iter 239) [0.0, 1.1579, 1.3171] = 456.2192, sampling [0.0, 1.3454, -1.6922]. Recommendation = [0.0, 1.1579, 1.3171], Current Cost = 30250.00, Rho = 1.000
(iter 239) [0.0, 1.1579, 1.3171] = 456.2192, sampling [0.0, 1.7620, -0.8101]. Recommendation = [0.0, 1.1579, 1.3171], Current Cost = 31250.00, Rho = 1.000
(iter 239) [0.0, 1.1579, 1.3171] = 456.2192, sampling [0.0, 0.2721, -1.8124]. Recommendation = [0.0, 1.1579, 1.3171], Current Cost = 32250.00, Rho = 1.000
(iter 239) [0.0, 1.1579, 1.3171] = 456.2192, sampling [0.0, -1.6272, 0.2780]. Recommendation = [0.0, 1.1579, 1.3171], Current Cost = 33250.00, Rho = 1.000
(iter 239) [0.0, 1.1579, 1.3171] = 456.2192, sampling [0.0, -0.1718, -0.2828]. Recommendation = [0.0, 1.1579, 1.3171], Current Cost = 34250.00, Rho = 1.000
(iter 239) [0.0, 1.1579, 1.3171] = 456.2192, sampling [0.0, 0.8269, 1.4292]. Recommendation = [0.0, 1.1579, 1.3171], Current Cost = 35250.00, Rho = 1.000
(iter 239) [0.0, 1.1579, 1.3171] = 456.2192, sampling [0.0, -1.7033, 0.7275]. Recommendation = [0.0, 1.1579, 1.3171], Current Cost = 36250.00, Rho = 1.000
(iter 239) [0.0, 1.1579, 1.3171] = 456.2192, sampling [0.0, 1.5489, 1.9371]. Recommendation = [0.0, 1.1579, 1.3171], Current Cost = 37250.00, Rho = 1.000
(iter 239) [0.0, 1.1579, 1.3171] = 456.2192, sampling [0.0, 0.4152, 1.3940]. Recommendation = [0.0, 1.1579, 1.3171], Current Cost = 38250.00, Rho = 1.000
(iter 239) [0.0, 1.1579, 1.3171] = 456.2192, sampling [0.0, -0.4756, 0.5804]. Recommendation = [0.0, 1.1579, 1.3171], Current Cost = 39250.00, Rho = 1.000
(iter 239) [0.0, 1.1579, 1.3171] = 456.2192, sampling [0.0, -1.1122, 1.9267]. Recommendation = [0.0, 1.1579, 1.3171], Current Cost = 40250.00, Rho = 1.000
(iter 239) [0.0, 1.1579, 1.3171] = 456.2192, sampling [0.0, -0.6491, 1.6348]. Recommendation = [0.0, 1.1579, 1.3171], Current Cost = 41250.00, Rho = 1.000
(iter 239) [0.0, 1.1579, 1.3171] = 456.2192, sampling [0.0, -0.8916, -0.5795]. Recommendation = [0.0, 1.1579, 1.3171], Current Cost = 42250.00, Rho = 1.000
(iter 239) [0.0, 1.1579, 1.3171] = 456.2192, sampling [0.0, -1.0273, -0.5161]. Recommendation = [0.0, 1.1579, 1.3171], Current Cost = 43250.00, Rho = 1.000
(iter 239) [0.0, 1.1579, 1.3171] = 456.2192, sampling [0.0, -1.2458, 0.1926]. Recommendation = [0.0, 1.1579, 1.3171], Current Cost = 44250.00, Rho = 1.000
(iter 239) [0.0, 1.1579, 1.3171] = 456.2192, sampling [0.0, 1.6493, 1.4669]. Recommendation = [0.0, 1.1579, 1.3171], Current Cost = 45250.00, Rho = 1.000
(iter 239) [0.0, 1.1579, 1.3171] = 456.2192, sampling [0.0, 0.1749, 1.9139]. Recommendation = [0.0, 1.1579, 1.3171], Current Cost = 46250.00, Rho = 1.000
(iter 239) [0.0, 1.1579, 1.3171] = 456.2192, sampling [0.0, -0.4172, -1.9440]. Recommendation = [0.0, 1.1579, 1.3171], Current Cost = 47250.00, Rho = 1.000
(iter 239) [0.0, 1.1579, 1.3171] = 456.2192, sampling [0.0, -1.6684, 1.7132]. Recommendation = [0.0, 1.1579, 1.3171], Current Cost = 48250.00, Rho = 1.000
(iter 239) [0.0, 1.1579, 1.3171] = 456.2192, sampling [0.0, 1.0088, -1.6347]. Recommendation = [0.0, 1.1579, 1.3171], Current Cost = 49250.00, Rho = 1.000
(iter 239) [0.0, 1.1579, 1.3171] = 456.2192, sampling [0.0, 0.1245, 0.4021]. Recommendation = [0.0, 1.1579, 1.3171], Current Cost = 50250.00, Rho = 1.000
(iter 239) [0.0, 1.1579, 1.3171] = 456.2192, sampling [0.0, 1.8064, 0.0458]. Recommendation = [0.0, 1.1579, 1.3171], Current Cost = 51250.00, Rho = 1.000
(iter 239) [0.0, 1.1579, 1.3171] = 456.2192, sampling [0.0, -1.1470, -0.3816]. Recommendation = [0.0, 1.1579, 1.3171], Current Cost = 52250.00, Rho = 1.000
(iter 239) [0.0, 1.1579, 1.3171] = 456.2192, sampling [0.0, -0.7003, -0.9166]. Recommendation = [0.0, 1.1579, 1.3171], Current Cost = 53250.00, Rho = 1.000
(iter 239) [0.0, 1.1579, 1.3171] = 456.2192, sampling [0.0, 0.9937, -1.6240]. Recommendation = [0.0, 1.1579, 1.3171], Current Cost = 54250.00, Rho = 1.000
(iter 239) [0.0, 1.1579, 1.3171] = 456.2192, sampling [0.0, 0.9608, -1.8844]. Recommendation = [0.0, 1.1579, 1.3171], Current Cost = 55250.00, Rho = 1.000
(iter 239) [0.0, 1.1579, 1.3171] = 456.2192, sampling [0.0, -0.3830, 0.0506]. Recommendation = [0.0, 1.1579, 1.3171], Current Cost = 56250.00, Rho = 1.000
(iter 239) [0.0, 1.1579, 1.3171] = 456.2192, sampling [0.0, -1.8208, 1.6259]. Recommendation = [0.0, 1.1579, 1.3171], Current Cost = 57250.00, Rho = 1.000
(iter 239) [0.0, 1.1579, 1.3171] = 456.2192, sampling [0.0, 0.5521, -1.9967]. Recommendation = [0.0, 1.1579, 1.3171], Current Cost = 58250.00, Rho = 1.000
(iter 239) [0.0, 1.1579, 1.3171] = 456.2192, sampling [0.0, -1.7501, 1.3895]. Recommendation = [0.0, 1.1579, 1.3171], Current Cost = 59250.00, Rho = 1.000
(iter 239) [0.0, 1.1579, 1.3171] = 456.2192, sampling [0.0, -0.4518, 1.2814]. Recommendation = [0.0, 1.1579, 1.3171], Current Cost = 60250.00, Rho = 1.000
(iter 239) [0.0, 1.1579, 1.3171] = 456.2192, sampling [0.0, -1.5090, 0.5212]. Recommendation = [0.0, 1.1579, 1.3171], Current Cost = 61250.00, Rho = 1.000
(iter 239) [0.0, 1.1579, 1.3171] = 456.2192, sampling [0.0, 1.3355, 1.0803]. Recommendation = [0.0, 1.1579, 1.3171], Current Cost = 62250.00, Rho = 1.000
(iter 239) [0.0, 1.1579, 1.3171] = 456.2192, sampling [0.0, 1.6261, 1.9969]. Recommendation = [0.0, 1.1579, 1.3171], Current Cost = 63250.00, Rho = 1.000
(iter 239) [0.0, 1.1579, 1.3171] = 456.2192, sampling [0.0, 0.4725, 0.9102]. Recommendation = [0.0, 1.1579, 1.3171], Current Cost = 64250.00, Rho = 1.000
(iter 239) [0.0, 1.1579, 1.3171] = 456.2192, sampling [0.0, 0.2056, -1.3227]. Recommendation = [0.0, 1.1579, 1.3171], Current Cost = 65250.00, Rho = 1.000
(iter 239) [0.0, 1.1579, 1.3171] = 456.2192, sampling [0.0, 1.3860, 0.5285]. Recommendation = [0.0, 1.1579, 1.3171], Current Cost = 66250.00, Rho = 1.000
(iter 239) [0.0, 1.1579, 1.3171] = 456.2192, sampling [0.0, -0.2125, 0.6971]. Recommendation = [0.0, 1.1579, 1.3171], Current Cost = 67250.00, Rho = 1.000
(iter 239) [0.0, 1.1579, 1.3171] = 456.2192, sampling [0.0, 1.0529, 0.1776]. Recommendation = [0.0, 1.1579, 1.3171], Current Cost = 68250.00, Rho = 1.000
(iter 239) [0.0, 1.1579, 1.3171] = 456.2192, sampling [0.0, -1.2175, -1.4983]. Recommendation = [0.0, 1.1579, 1.3171], Current Cost = 69250.00, Rho = 1.000
(iter 239) [0.0, 1.1579, 1.3171] = 456.2192, sampling [0.0, 0.6849, 0.2414]. Recommendation = [0.0, 1.1579, 1.3171], Current Cost = 70250.00, Rho = 1.000
(iter 239) [0.0, 1.1579, 1.3171] = 456.2192, sampling [0.0, 1.7900, -0.8564]. Recommendation = [0.0, 1.1579, 1.3171], Current Cost = 71250.00, Rho = 1.000
(iter 239) [0.0, 1.1579, 1.3171] = 456.2192, sampling [0.0, -1.9416, -0.1449]. Recommendation = [0.0, 1.1579, 1.3171], Current Cost = 72250.00, Rho = 1.000
(iter 239) [0.0, 1.1579, 1.3171] = 456.2192, sampling [0.0, 0.0110, 0.4443]. Recommendation = [0.0, 1.1579, 1.3171], Current Cost = 73250.00, Rho = 1.000
(iter 239) [0.0, 1.1579, 1.3171] = 456.2192, sampling [0.0, -1.4683, -0.5329]. Recommendation = [0.0, 1.1579, 1.3171], Current Cost = 74250.00, Rho = 1.000
(iter 239) [0.0, 1.1579, 1.3171] = 456.2192, sampling [0.0, 1.3060, -0.2619]. Recommendation = [0.0, 1.1579, 1.3171], Current Cost = 75250.00, Rho = 1.000
(iter 239) [0.0, 1.1579, 1.3171] = 456.2192, sampling [0.0, 0.5215, -1.6094]. Recommendation = [0.0, 1.1579, 1.3171], Current Cost = 76250.00, Rho = 1.000
(iter 239) [0.0, 1.1579, 1.3171] = 456.2192, sampling [0.0, 1.1086, 1.3752]. Recommendation = [0.0, 1.1579, 1.3171], Current Cost = 77250.00, Rho = 1.000
(iter 239) [0.0, 1.1579, 1.3171] = 456.2192, sampling [0.0, -0.8755, 1.3597]. Recommendation = [0.0, 1.1579, 1.3171], Current Cost = 78250.00, Rho = 1.000
(iter 239) [0.0, 1.1579, 1.3171] = 456.2192, sampling [0.0, -1.8291, 1.2608]. Recommendation = [0.0, 1.1579, 1.3171], Current Cost = 79250.00, Rho = 1.000
(iter 239) [0.0, 1.1579, 1.3171] = 456.2192, sampling [0.0, 1.7487, -0.6941]. Recommendation = [0.0, 1.1579, 1.3171], Current Cost = 80250.00, Rho = 1.000
(iter 239) [0.0, 1.1579, 1.3171] = 456.2192, sampling [0.0, -0.2933, -1.1240]. Recommendation = [0.0, 1.1579, 1.3171], Current Cost = 81250.00, Rho = 1.000
(iter 239) [0.0, 1.1579, 1.3171] = 456.2192, sampling [0.0, 1.7178, 0.2598]. Recommendation = [0.0, 1.1579, 1.3171], Current Cost = 82250.00, Rho = 1.000
(iter 239) [0.0, 1.1579, 1.3171] = 456.2192, sampling [0.0, -1.3606, -0.4595]. Recommendation = [0.0, 1.1579, 1.3171], Current Cost = 83250.00, Rho = 1.000
(iter 239) [0.0, 1.1579, 1.3171] = 456.2192, sampling [0.0, -0.7589, -1.4651]. Recommendation = [0.0, 1.1579, 1.3171], Current Cost = 84250.00, Rho = 1.000
(iter 239) [0.0, 1.1579, 1.3171] = 456.2192, sampling [0.0, -0.6147, -1.4268]. Recommendation = [0.0, 1.1579, 1.3171], Current Cost = 85250.00, Rho = 1.000
(iter 239) [0.0, 1.1579, 1.3171] = 456.2192, sampling [0.0, -0.5686, -0.9733]. Recommendation = [0.0, 1.1579, 1.3171], Current Cost = 86250.00, Rho = 1.000
(iter 239) [0.0, 1.1579, 1.3171] = 456.2192, sampling [0.0, 0.2391, -0.2946]. Recommendation = [0.0, 1.1579, 1.3171], Current Cost = 87250.00, Rho = 1.000
(iter 239) [0.0, 1.1579, 1.3171] = 456.2192, sampling [0.0, -1.9750, -1.1636]. Recommendation = [0.0, 1.1579, 1.3171], Current Cost = 88250.00, Rho = 1.000
(iter 239) [0.0, 1.1579, 1.3171] = 456.2192, sampling [0.0, 0.9098, -1.7741]. Recommendation = [0.0, 1.1579, 1.3171], Current Cost = 89250.00, Rho = 1.000
(iter 239) [0.0, 1.1579, 1.3171] = 456.2192, sampling [0.0, -0.5396, 1.4723]. Recommendation = [0.0, 1.1579, 1.3171], Current Cost = 90250.00, Rho = 1.000
(iter 239) [0.0, 1.1579, 1.3171] = 456.2192, sampling [0.0, 1.8169, 0.7826]. Recommendation = [0.0, 1.1579, 1.3171], Current Cost = 91250.00, Rho = 1.000
(iter 239) [0.0, 1.1579, 1.3171] = 456.2192, sampling [0.0, -0.7438, -0.6303]. Recommendation = [0.0, 1.1579, 1.3171], Current Cost = 92250.00, Rho = 1.000
(iter 239) [0.0, 1.1579, 1.3171] = 456.2192, sampling [0.0, 0.4387, -0.1007]. Recommendation = [0.0, 1.1579, 1.3171], Current Cost = 93250.00, Rho = 1.000
(iter 239) [0.0, 1.1579, 1.3171] = 456.2192, sampling [0.0, 1.1020, 0.5619]. Recommendation = [0.0, 1.1579, 1.3171], Current Cost = 94250.00, Rho = 1.000
(iter 239) [0.0, 1.1579, 1.3171] = 456.2192, sampling [0.0, 1.5160, -0.4769]. Recommendation = [0.0, 1.1579, 1.3171], Current Cost = 95250.00, Rho = 1.000
(iter 239) [0.0, 1.1579, 1.3171] = 456.2192, sampling [0.0, -0.8329, -1.7477]. Recommendation = [0.0, 1.1579, 1.3171], Current Cost = 96250.00, Rho = 1.000
(iter 239) [0.0, 1.1579, 1.3171] = 456.2192, sampling [0.0, -1.0045, -1.5958]. Recommendation = [0.0, 1.1579, 1.3171], Current Cost = 97250.00, Rho = 1.000
(iter 239) [0.0, 1.1579, 1.3171] = 456.2192, sampling [0.0, 0.7008, -0.0579]. Recommendation = [0.0, 1.1579, 1.3171], Current Cost = 98250.00, Rho = 1.000
(iter 239) [0.0, 1.1579, 1.3171] = 456.2192, sampling [0.0, 1.4427, 0.0309]. Recommendation = [0.0, 1.1579, 1.3171], Current Cost = 99250.00, Rho = 1.000
