(iter 10) [0.0, 0.4822, 0.2244] = 456.0252, sampling [1.0, 0.4687, 0.2953]. Recommendation = [0.0, 0.4822, 0.2244], Current Cost = 5005.00, Rho = 1.000
(iter 10) [0.0, 0.4822, 0.2244] = 456.0252, sampling [1.0, 0.6158, 0.4191]. Recommendation = [0.0, 0.4822, 0.2244], Current Cost = 5006.00, Rho = 1.000
(iter 10) [0.0, 0.4822, 0.2244] = 456.0252, sampling [1.0, 0.3722, 0.6598]. Recommendation = [0.0, 0.4822, 0.2244], Current Cost = 5007.00, Rho = 1.000
(iter 10) [0.0, 0.4822, 0.2244] = 456.0252, sampling [1.0, 0.1653, 0.8246]. Recommendation = [0.0, 0.4822, 0.2244], Current Cost = 5008.00, Rho = 1.000
(iter 10) [0.0, 0.4822, 0.2244] = 456.0252, sampling [1.0, 0.3940, 0.7459]. Recommendation = [0.0, 0.4822, 0.2244], Current Cost = 5009.00, Rho = 1.000
(iter 10) [0.0, 0.4822, 0.2244] = 456.0252, sampling [1.0, 0.3149, 0.0908]. Recommendation = [0.0, 0.4822, 0.2244], Current Cost = 5010.00, Rho = 1.000
(iter 10) [0.0, 0.4822, 0.2244] = 456.0252, sampling [1.0, 0.2936, 0.7297]. Recommendation = [0.0, 0.4822, 0.2244], Current Cost = 5011.00, Rho = 1.000
(iter 10) [0.0, 0.4822, 0.2244] = 456.0252, sampling [1.0, -0.0533, 0.1957]. Recommendation = [0.0, 0.4822, 0.2244], Current Cost = 5012.00, Rho = 1.000
(iter 10) [0.0, 0.4822, 0.2244] = 456.0252, sampling [1.0, -0.1796, 0.4798]. Recommendation = [0.0, 0.4822, 0.2244], Current Cost = 5013.00, Rho = 1.000
(iter 10) [0.0, 0.4822, 0.2244] = 456.0252, sampling [1.0, -0.1162, 0.7068]. Recommendation = [0.0, 0.4822, 0.2244], Current Cost = 5014.00, Rho = 1.000
(iter 10) [0.0, 0.4822, 0.2244] = 456.0252, sampling [1.0, 0.3490, -0.0789]. Recommendation = [0.0, 0.4822, 0.2244], Current Cost = 5015.00, Rho = 1.000
(iter 10) [0.0, 0.4822, 0.2244] = 456.0252, sampling [1.0, 0.1531, -0.1680]. Recommendation = [0.0, 0.4822, 0.2244], Current Cost = 5016.00, Rho = 1.000
(iter 10) [0.0, 0.4822, 0.2244] = 456.0252, sampling [1.0, 0.0654, -0.1502]. Recommendation = [0.0, 0.4822, 0.2244], Current Cost = 5017.00, Rho = 1.000
(iter 10) [0.0, 0.4822, 0.2244] = 456.0252, sampling [1.0, -0.1688, 0.0021]. Recommendation = [0.0, 0.4822, 0.2244], Current Cost = 5018.00, Rho = 1.000
(iter 10) [0.0, 0.4822, 0.2244] = 456.0252, sampling [1.0, -0.3301, 0.1331]. Recommendation = [0.0, 0.4822, 0.2244], Current Cost = 5019.00, Rho = 1.000
(iter 10) [0.0, 0.4822, 0.2244] = 456.0252, sampling [1.0, -0.2116, 0.0570]. Recommendation = [0.0, 0.4822, 0.2244], Current Cost = 5020.00, Rho = 1.000
(iter 10) [0.0, 0.4822, 0.2244] = 456.0252, sampling [1.0, 0.5981, -0.2013]. Recommendation = [0.0, 0.4822, 0.2244], Current Cost = 5021.00, Rho = 1.000
(iter 10) [0.0, 0.4822, 0.2244] = 456.0252, sampling [1.0, 0.3559, -0.4371]. Recommendation = [0.0, 0.4822, 0.2244], Current Cost = 5022.00, Rho = 1.000
(iter 10) [0.0, 0.4822, 0.2244] = 456.0252, sampling [1.0, 0.7619, -0.1265]. Recommendation = [0.0, 0.4822, 0.2244], Current Cost = 5023.00, Rho = 1.000
(iter 10) [0.0, 0.4822, 0.2244] = 456.0252, sampling [1.0, 0.8852, 0.3860]. Recommendation = [0.0, 0.4822, 0.2244], Current Cost = 5024.00, Rho = 1.000
(iter 10) [0.0, 0.4822, 0.2244] = 456.0252, sampling [1.0, 0.1197, -0.5327]. Recommendation = [0.0, 0.4822, 0.2244], Current Cost = 5025.00, Rho = 1.000
(iter 10) [0.0, 0.4822, 0.2244] = 456.0252, sampling [1.0, 0.7143, -0.4570]. Recommendation = [0.0, 0.4822, 0.2244], Current Cost = 5026.00, Rho = 1.000
(iter 10) [0.0, 0.4822, 0.2244] = 456.0252, sampling [1.0, -0.3733, 0.0418]. Recommendation = [0.0, 0.4822, 0.2244], Current Cost = 5027.00, Rho = 1.000
(iter 10) [0.0, 0.4822, 0.2244] = 456.0252, sampling [1.0, -0.4032, -0.1408]. Recommendation = [0.0, 0.4822, 0.2244], Current Cost = 5028.00, Rho = 1.000
(iter 10) [0.0, 0.4822, 0.2244] = 456.0252, sampling [1.0, -0.4622, 0.0229]. Recommendation = [0.0, 0.4822, 0.2244], Current Cost = 5029.00, Rho = 1.000
(iter 10) [0.0, 0.4822, 0.2244] = 456.0252, sampling [1.0, -0.5381, 0.5642]. Recommendation = [0.0, 0.4822, 0.2244], Current Cost = 5030.00, Rho = 1.000
(iter 10) [0.0, 0.4822, 0.2244] = 456.0252, sampling [1.0, -0.1364, 0.9264]. Recommendation = [0.0, 0.4822, 0.2244], Current Cost = 5031.00, Rho = 1.000
(iter 10) [0.0, 0.4822, 0.2244] = 456.0252, sampling [1.0, -0.5064, 0.8919]. Recommendation = [0.0, 0.4822, 0.2244], Current Cost = 5032.00, Rho = 1.000
(iter 10) [0.0, 0.4822, 0.2244] = 456.0252, sampling [1.0, -0.3859, 0.1035]. Recommendation = [0.0, 0.4822, 0.2244], Current Cost = 5033.00, Rho = 1.000
(iter 10) [0.0, 0.4822, 0.2244] = 456.0252, sampling [1.0, -0.7098, 0.5298]. Recommendation = [0.0, 0.4822, 0.2244], Current Cost = 5034.00, Rho = 1.000
(iter 10) [0.0, 0.4822, 0.2244] = 456.0252, sampling [1.0, -0.7504, 0.2215]. Recommendation = [0.0, 0.4822, 0.2244], Current Cost = 5035.00, Rho = 1.000
(iter 10) [0.0, 0.4822, 0.2244] = 456.0252, sampling [1.0, -0.7817, 0.6870]. Recommendation = [0.0, 0.4822, 0.2244], Current Cost = 5036.00, Rho = 1.000
(iter 10) [0.0, 0.4822, 0.2244] = 456.0252, sampling [1.0, -0.9000, 0.4474]. Recommendation = [0.0, 0.4822, 0.2244], Current Cost = 5037.00, Rho = 1.000
(iter 10) [0.0, 0.4822, 0.2244] = 456.0252, sampling [1.0, -0.9276, 0.7617]. Recommendation = [0.0, 0.4822, 0.2244], Current Cost = 5038.00, Rho = 1.000
(iter 10) [0.0, 0.4822, 0.2244] = 456.0252, sampling [1.0, -0.8283, 1.0360]. Recommendation = [0.0, 0.4822, 0.2244], Current Cost = 5039.00, Rho = 1.000
(iter 10) [0.0, 0.4822, 0.2244] = 456.0252, sampling [1.0, -0.3542, 1.0116]. Recommendation = [0.0, 0.4822, 0.2244], Current Cost = 5040.00, Rho = 1.000
(iter 10) [0.0, 0.4822, 0.2244] = 456.0252, sampling [1.0, -0.6838, 1.2976]. Recommendation = [0.0, 0.4822, 0.2244], Current Cost = 5041.00, Rho = 1.000
(iter 10) [0.0, 0.4822, 0.2244] = 456.0252, sampling [1.0, -0.9459, 1.0715]. Recommendation = [0.0, 0.4822, 0.2244], Current Cost = 5042.00, Rho = 1.000
(iter 10) [0.0, 0.4822, 0.2244] = 456.0252, sampling [1.0, -1.0902, 0.7993]. Recommendation = [0.0, 0.4822, 0.2244], Current Cost = 5043.00, Rho = 1.000
(iter 10) [0.0, 0.4822, 0.2244] = 456.0252, sampling [1.0, 0.2250, -0.5808]. Recommendation = [0.0, 0.4822, 0.2244], Current Cost = 5044.00, Rho = 1.000
(iter 10) [0.0, 0.4822, 0.2244] = 456.0252, sampling [1.0, -0.0661, 1.1959]. Recommendation = [0.0, 0.4822, 0.2244], Current Cost = 5045.00, Rho = 1.000
(iter 10) [0.0, 0.4822, 0.2244] = 456.0252, sampling [1.0, 0.5048, -0.6421]. Recommendation = [0.0, 0.4822, 0.2244], Current Cost = 5046.00, Rho = 1.000
(iter 10) [0.0, 0.4822, 0.2244] = 456.0252, sampling [1.0, -0.8082, 1.0806]. Recommendation = [0.0, 0.4822, 0.2244], Current Cost = 5047.00, Rho = 1.000
(iter 10) [0.0, 0.4822, 0.2244] = 456.0252, sampling [1.0, -1.2605, 1.1109]. Recommendation = [0.0, 0.4822, 0.2244], Current Cost = 5048.00, Rho = 1.000
(iter 10) [0.0, 0.4822, 0.2244] = 456.0252, sampling [1.0, -1.3041, 0.9667]. Recommendation = [0.0, 0.4822, 0.2244], Current Cost = 5049.00, Rho = 1.000
(iter 10) [0.0, 0.4822, 0.2244] = 456.0252, sampling [1.0, -1.1887, 0.7838]. Recommendation = [0.0, 0.4822, 0.2244], Current Cost = 5050.00, Rho = 1.000
(iter 10) [0.0, 0.4822, 0.2244] = 456.0252, sampling [1.0, -0.4893, -0.2765]. Recommendation = [0.0, 0.4822, 0.2244], Current Cost = 5051.00, Rho = 1.000
(iter 10) [0.0, 0.4822, 0.2244] = 456.0252, sampling [1.0, -1.0149, 0.3139]. Recommendation = [0.0, 0.4822, 0.2244], Current Cost = 5052.00, Rho = 1.000
(iter 10) [0.0, 0.4822, 0.2244] = 456.0252, sampling [1.0, -1.3165, 1.2933]. Recommendation = [0.0, 0.4822, 0.2244], Current Cost = 5053.00, Rho = 1.000
(iter 10) [0.0, 0.4822, 0.2244] = 456.0252, sampling [1.0, -0.7868, 1.5207]. Recommendation = [0.0, 0.4822, 0.2244], Current Cost = 5054.00, Rho = 1.000
(iter 10) [0.0, 0.4822, 0.2244] = 456.0252, sampling [1.0, 0.8472, 0.9341]. Recommendation = [0.0, 0.4822, 0.2244], Current Cost = 5055.00, Rho = 1.000
(iter 10) [0.0, 0.4822, 0.2244] = 456.0252, sampling [1.0, 1.0027, 0.8725]. Recommendation = [0.0, 0.4822, 0.2244], Current Cost = 5056.00, Rho = 1.000
(iter 10) [0.0, 0.4822, 0.2244] = 456.0252, sampling [1.0, 0.8498, 1.2164]. Recommendation = [0.0, 0.4822, 0.2244], Current Cost = 5057.00, Rho = 1.000
(iter 10) [0.0, 0.4822, 0.2244] = 456.0252, sampling [1.0, 0.6330, 1.3532]. Recommendation = [0.0, 0.4822, 0.2244], Current Cost = 5058.00, Rho = 1.000
(iter 10) [0.0, 0.4822, 0.2244] = 456.0252, sampling [1.0, 0.9016, 0.9561]. Recommendation = [0.0, 0.4822, 0.2244], Current Cost = 5059.00, Rho = 1.000
(iter 10) [0.0, 0.4822, 0.2244] = 456.0252, sampling [1.0, 1.1451, 0.5843]. Recommendation = [0.0, 0.4822, 0.2244], Current Cost = 5060.00, Rho = 1.000
(iter 10) [0.0, 0.4822, 0.2244] = 456.0252, sampling [1.0, 1.1522, 0.1243]. Recommendation = [0.0, 0.4822, 0.2244], Current Cost = 5061.00, Rho = 1.000
(iter 10) [0.0, 0.4822, 0.2244] = 456.0252, sampling [1.0, 1.0307, 0.8496]. Recommendation = [0.0, 0.4822, 0.2244], Current Cost = 5062.00, Rho = 1.000
(iter 10) [0.0, 0.4822, 0.2244] = 456.0252, sampling [1.0, 1.0514, 1.2772]. Recommendation = [0.0, 0.4822, 0.2244], Current Cost = 5063.00, Rho = 1.000
(iter 10) [0.0, 0.4822, 0.2244] = 456.0252, sampling [1.0, 1.0855, 1.4150]. Recommendation = [0.0, 0.4822, 0.2244], Current Cost = 5064.00, Rho = 1.000
(iter 10) [0.0, 0.4822, 0.2244] = 456.0252, sampling [1.0, 1.1979, 1.3312]. Recommendation = [0.0, 0.4822, 0.2244], Current Cost = 5065.00, Rho = 1.000
(iter 10) [0.0, 0.4822, 0.2244] = 456.0252, sampling [1.0, 0.7775, 1.3803]. Recommendation = [0.0, 0.4822, 0.2244], Current Cost = 5066.00, Rho = 1.000
(iter 10) [0.0, 0.4822, 0.2244] = 456.0252, sampling [1.0, 0.8661, 1.6835]. Recommendation = [0.0, 0.4822, 0.2244], Current Cost = 5067.00, Rho = 1.000
(iter 10) [0.0, 0.4822, 0.2244] = 456.0252, sampling [1.0, 1.2412, 1.5506]. Recommendation = [0.0, 0.4822, 0.2244], Current Cost = 5068.00, Rho = 1.000
(iter 10) [0.0, 0.4822, 0.2244] = 456.0252, sampling [1.0, 1.1096, 1.6712]. Recommendation = [0.0, 0.4822, 0.2244], Current Cost = 5069.00, Rho = 1.000
(iter 10) [0.0, 0.4822, 0.2244] = 456.0252, sampling [1.0, 1.3078, 1.4893]. Recommendation = [0.0, 0.4822, 0.2244], Current Cost = 5070.00, Rho = 1.000
(iter 10) [0.0, 0.4822, 0.2244] = 456.0252, sampling [1.0, 0.4070, 1.4554]. Recommendation = [0.0, 0.4822, 0.2244], Current Cost = 5071.00, Rho = 1.000
(iter 10) [0.0, 0.4822, 0.2244] = 456.0252, sampling [1.0, 0.0002, 0.9100]. Recommendation = [0.0, 0.4822, 0.2244], Current Cost = 5072.00, Rho = 1.000
(iter 10) [0.0, 0.4822, 0.2244] = 456.0252, sampling [1.0, -1.0048, 1.7700]. Recommendation = [0.0, 0.4822, 0.2244], Current Cost = 5073.00, Rho = 1.000
(iter 10) [0.0, 0.4822, 0.2244] = 456.0252, sampling [1.0, -0.5163, 1.5707]. Recommendation = [0.0, 0.4822, 0.2244], Current Cost = 5074.00, Rho = 1.000
(iter 10) [0.0, 0.4822, 0.2244] = 456.0252, sampling [1.0, 0.1336, -0.8835]. Recommendation = [0.0, 0.4822, 0.2244], Current Cost = 5075.00, Rho = 1.000
(iter 10) [0.0, 0.4822, 0.2244] = 456.0252, sampling [1.0, 1.2279, 1.9857]. Recommendation = [0.0, 0.4822, 0.2244], Current Cost = 5076.00, Rho = 1.000
(iter 10) [0.0, 0.4822, 0.2244] = 456.0252, sampling [1.0, 1.5998, 1.8411]. Recommendation = [0.0, 0.4822, 0.2244], Current Cost = 5077.00, Rho = 1.000
(iter 10) [0.0, 0.4822, 0.2244] = 456.0252, sampling [1.0, 1.6208, 1.6476]. Recommendation = [0.0, 0.4822, 0.2244], Current Cost = 5078.00, Rho = 1.000
(iter 10) [0.0, 0.4822, 0.2244] = 456.0252, sampling [1.0, 0.7932, 1.8798]. Recommendation = [0.0, 0.4822, 0.2244], Current Cost = 5079.00, Rho = 1.000
(iter 10) [0.0, 0.4822, 0.2244] = 456.0252, sampling [1.0, 1.5812, 1.4258]. Recommendation = [0.0, 0.4822, 0.2244], Current Cost = 5080.00, Rho = 1.000
(iter 10) [0.0, 0.4822, 0.2244] = 456.0252, sampling [1.0, -1.5787, 1.0441]. Recommendation = [0.0, 0.4822, 0.2244], Current Cost = 5081.00, Rho = 1.000
(iter 10) [0.0, 0.4822, 0.2244] = 456.0252, sampling [1.0, 0.8191, -0.1904]. Recommendation = [0.0, 0.4822, 0.2244], Current Cost = 5082.00, Rho = 1.000
(iter 10) [0.0, 0.4822, 0.2244] = 456.0252, sampling [1.0, 0.6980, 1.5551]. Recommendation = [0.0, 0.4822, 0.2244], Current Cost = 5083.00, Rho = 1.000
(iter 10) [0.0, 0.4822, 0.2244] = 456.0252, sampling [1.0, 0.4375, -1.0099]. Recommendation = [0.0, 0.4822, 0.2244], Current Cost = 5084.00, Rho = 1.000
(iter 10) [0.0, 0.4822, 0.2244] = 456.0252, sampling [1.0, -0.8557, 1.9647]. Recommendation = [0.0, 0.4822, 0.2244], Current Cost = 5085.00, Rho = 1.000
(iter 10) [0.0, 0.4822, 0.2244] = 456.0252, sampling [1.0, -1.5097, 1.9040]. Recommendation = [0.0, 0.4822, 0.2244], Current Cost = 5086.00, Rho = 1.000
(iter 10) [0.0, 0.4822, 0.2244] = 456.0252, sampling [1.0, -1.0613, 1.8939]. Recommendation = [0.0, 0.4822, 0.2244], Current Cost = 5087.00, Rho = 1.000
(iter 10) [0.0, 0.4822, 0.2244] = 456.0252, sampling [1.0, -1.6994, 1.3984]. Recommendation = [0.0, 0.4822, 0.2244], Current Cost = 5088.00, Rho = 1.000
(iter 10) [0.0, 0.4822, 0.2244] = 456.0252, sampling [1.0, 0.9833, -0.6397]. Recommendation = [0.0, 0.4822, 0.2244], Current Cost = 5089.00, Rho = 1.000
(iter 10) [0.0, 0.4822, 0.2244] = 456.0252, sampling [1.0, -0.2661, 1.3687]. Recommendation = [0.0, 0.4822, 0.2244], Current Cost = 5090.00, Rho = 1.000
(iter 10) [0.0, 0.4822, 0.2244] = 456.0252, sampling [1.0, -1.3631, 0.8037]. Recommendation = [0.0, 0.4822, 0.2244], Current Cost = 5091.00, Rho = 1.000
(iter 10) [0.0, 0.4822, 0.2244] = 456.0252, sampling [1.0, 1.0989, -0.1052]. Recommendation = [0.0, 0.4822, 0.2244], Current Cost = 5092.00, Rho = 1.000
(iter 10) [0.0, 0.4822, 0.2244] = 456.0252, sampling [1.0, -0.4427, -0.8153]. Recommendation = [0.0, 0.4822, 0.2244], Current Cost = 5093.00, Rho = 1.000
(iter 10) [0.0, 0.4822, 0.2244] = 456.0252, sampling [1.0, -0.0142, -1.1706]. Recommendation = [0.0, 0.4822, 0.2244], Current Cost = 5094.00, Rho = 1.000
(iter 10) [0.0, 0.4822, 0.2244] = 456.0252, sampling [1.0, 0.1830, -0.9900]. Recommendation = [0.0, 0.4822, 0.2244], Current Cost = 5095.00, Rho = 1.000
(iter 10) [0.0, 0.4822, 0.2244] = 456.0252, sampling [1.0, -0.5781, -0.6691]. Recommendation = [0.0, 0.4822, 0.2244], Current Cost = 5096.00, Rho = 1.000
(iter 10) [0.0, 0.4822, 0.2244] = 456.0252, sampling [1.0, 1.8623, 1.8051]. Recommendation = [0.0, 0.4822, 0.2244], Current Cost = 5097.00, Rho = 1.000
(iter 10) [0.0, 0.4822, 0.2244] = 456.0252, sampling [1.0, -0.7316, 1.6190]. Recommendation = [0.0, 0.4822, 0.2244], Current Cost = 5098.00, Rho = 1.000
(iter 10) [0.0, 0.4822, 0.2244] = 456.0252, sampling [1.0, 1.2643, 0.4544]. Recommendation = [0.0, 0.4822, 0.2244], Current Cost = 5099.00, Rho = 1.000
(iter 10) [0.0, 0.4822, 0.2244] = 456.0252, sampling [1.0, -1.4225, 0.5178]. Recommendation = [0.0, 0.4822, 0.2244], Current Cost = 5100.00, Rho = 1.000
(iter 10) [0.0, 0.4822, 0.2244] = 456.0252, sampling [1.0, -1.0397, 0.2471]. Recommendation = [0.0, 0.4822, 0.2244], Current Cost = 5101.00, Rho = 1.000
(iter 10) [0.0, 0.4822, 0.2244] = 456.0252, sampling [1.0, 0.6650, -0.9472]. Recommendation = [0.0, 0.4822, 0.2244], Current Cost = 5102.00, Rho = 1.000
(iter 10) [0.0, 0.4822, 0.2244] = 456.0252, sampling [1.0, 0.2435, -1.2976]. Recommendation = [0.0, 0.4822, 0.2244], Current Cost = 5103.00, Rho = 1.000
(iter 10) [0.0, 0.4822, 0.2244] = 456.0252, sampling [1.0, -0.5734, 1.9464]. Recommendation = [0.0, 0.4822, 0.2244], Current Cost = 5104.00, Rho = 1.000
(iter 10) [0.0, 0.4822, 0.2244] = 456.0252, sampling [1.0, 0.0339, 1.3258]. Recommendation = [0.0, 0.4822, 0.2244], Current Cost = 5105.00, Rho = 1.000
(iter 10) [0.0, 0.4822, 0.2244] = 456.0252, sampling [1.0, -0.1592, 1.1333]. Recommendation = [0.0, 0.4822, 0.2244], Current Cost = 5106.00, Rho = 1.000
(iter 10) [0.0, 0.4822, 0.2244] = 456.0252, sampling [1.0, 0.5751, 1.9776]. Recommendation = [0.0, 0.4822, 0.2244], Current Cost = 5107.00, Rho = 1.000
(iter 10) [0.0, 0.4822, 0.2244] = 456.0252, sampling [1.0, 1.3300, 0.6446]. Recommendation = [0.0, 0.4822, 0.2244], Current Cost = 5108.00, Rho = 1.000
(iter 10) [0.0, 0.4822, 0.2244] = 456.0252, sampling [1.0, 0.5519, -0.6858]. Recommendation = [0.0, 0.4822, 0.2244], Current Cost = 5109.00, Rho = 1.000
(iter 10) [0.0, 0.4822, 0.2244] = 456.0252, sampling [1.0, 0.2036, -1.1392]. Recommendation = [0.0, 0.4822, 0.2244], Current Cost = 5110.00, Rho = 1.000
(iter 10) [0.0, 0.4822, 0.2244] = 456.0252, sampling [1.0, 0.5789, 1.5973]. Recommendation = [0.0, 0.4822, 0.2244], Current Cost = 5111.00, Rho = 1.000
(iter 10) [0.0, 0.4822, 0.2244] = 456.0252, sampling [1.0, 1.6694, 1.2060]. Recommendation = [0.0, 0.4822, 0.2244], Current Cost = 5112.00, Rho = 1.000
(iter 10) [0.0, 0.4822, 0.2244] = 456.0252, sampling [1.0, 0.6771, -1.2294]. Recommendation = [0.0, 0.4822, 0.2244], Current Cost = 5113.00, Rho = 1.000
(iter 10) [0.0, 0.4822, 0.2244] = 456.0252, sampling [1.0, 0.7462, 1.7513]. Recommendation = [0.0, 0.4822, 0.2244], Current Cost = 5114.00, Rho = 1.000
(iter 10) [0.0, 0.4822, 0.2244] = 456.0252, sampling [1.0, -0.0851, -1.3477]. Recommendation = [0.0, 0.4822, 0.2244], Current Cost = 5115.00, Rho = 1.000
(iter 10) [0.0, 0.4822, 0.2244] = 456.0252, sampling [1.0, -0.8823, -0.4693]. Recommendation = [0.0, 0.4822, 0.2244], Current Cost = 5116.00, Rho = 1.000
(iter 10) [0.0, 0.4822, 0.2244] = 456.0252, sampling [1.0, 1.1312, -0.3206]. Recommendation = [0.0, 0.4822, 0.2244], Current Cost = 5117.00, Rho = 1.000
(iter 10) [0.0, 0.4822, 0.2244] = 456.0252, sampling [1.0, -0.5544, -0.8559]. Recommendation = [0.0, 0.4822, 0.2244], Current Cost = 5118.00, Rho = 1.000
(iter 10) [0.0, 0.4822, 0.2244] = 456.0252, sampling [1.0, -1.2372, -0.0447]. Recommendation = [0.0, 0.4822, 0.2244], Current Cost = 5119.00, Rho = 1.000
(iter 10) [0.0, 0.4822, 0.2244] = 456.0252, sampling [1.0, -1.9998, 1.4845]. Recommendation = [0.0, 0.4822, 0.2244], Current Cost = 5120.00, Rho = 1.000
(iter 10) [0.0, 0.4822, 0.2244] = 456.0252, sampling [1.0, 0.2197, -1.7274]. Recommendation = [0.0, 0.4822, 0.2244], Current Cost = 5121.00, Rho = 1.000
(iter 10) [0.0, 0.4822, 0.2244] = 456.0252, sampling [1.0, -0.3087, 1.6628]. Recommendation = [0.0, 0.4822, 0.2244], Current Cost = 5122.00, Rho = 1.000
(iter 10) [0.0, 0.4822, 0.2244] = 456.0252, sampling [1.0, 1.2930, 0.1821]. Recommendation = [0.0, 0.4822, 0.2244], Current Cost = 5123.00, Rho = 1.000
(iter 10) [0.0, 0.4822, 0.2244] = 456.0252, sampling [1.0, 0.4617, -1.1854]. Recommendation = [0.0, 0.4822, 0.2244], Current Cost = 5124.00, Rho = 1.000
(iter 10) [0.0, 0.4822, 0.2244] = 456.0252, sampling [1.0, 1.0586, -1.0436]. Recommendation = [0.0, 0.4822, 0.2244], Current Cost = 5125.00, Rho = 1.000
(iter 10) [0.0, 0.4822, 0.2244] = 456.0252, sampling [1.0, 0.0549, -1.4731]. Recommendation = [0.0, 0.4822, 0.2244], Current Cost = 5126.00, Rho = 1.000
(iter 10) [0.0, 0.4822, 0.2244] = 456.0252, sampling [1.0, -0.4744, -1.4565]. Recommendation = [0.0, 0.4822, 0.2244], Current Cost = 5127.00, Rho = 1.000
(iter 10) [0.0, 0.4822, 0.2244] = 456.0252, sampling [1.0, -0.7670, -0.8192]. Recommendation = [0.0, 0.4822, 0.2244], Current Cost = 5128.00, Rho = 1.000
(iter 10) [0.0, 0.4822, 0.2244] = 456.0252, sampling [1.0, -0.6718, -1.0247]. Recommendation = [0.0, 0.4822, 0.2244], Current Cost = 5129.00, Rho = 1.000
(iter 10) [0.0, 0.4822, 0.2244] = 456.0252, sampling [1.0, 0.5148, -1.4892]. Recommendation = [0.0, 0.4822, 0.2244], Current Cost = 5130.00, Rho = 1.000
(iter 10) [0.0, 0.4822, 0.2244] = 456.0252, sampling [1.0, -0.1077, -1.2582]. Recommendation = [0.0, 0.4822, 0.2244], Current Cost = 5131.00, Rho = 1.000
(iter 10) [0.0, 0.4822, 0.2244] = 456.0252, sampling [1.0, -1.3944, 0.3598]. Recommendation = [0.0, 0.4822, 0.2244], Current Cost = 5132.00, Rho = 1.000
(iter 10) [0.0, 0.4822, 0.2244] = 456.0252, sampling [1.0, 0.2619, 1.8178]. Recommendation = [0.0, 0.4822, 0.2244], Current Cost = 5133.00, Rho = 1.000
(iter 10) [0.0, 0.4822, 0.2244] = 456.0252, sampling [1.0, 1.9852, 1.5194]. Recommendation = [0.0, 0.4822, 0.2244], Current Cost = 5134.00, Rho = 1.000
(iter 10) [0.0, 0.4822, 0.2244] = 456.0252, sampling [1.0, -0.2356, -1.9296]. Recommendation = [0.0, 0.4822, 0.2244], Current Cost = 5135.00, Rho = 1.000
(iter 10) [0.0, 0.4822, 0.2244] = 456.0252, sampling [1.0, -0.2518, 1.9354]. Recommendation = [0.0, 0.4822, 0.2244], Current Cost = 5136.00, Rho = 1.000
(iter 10) [0.0, 0.4822, 0.2244] = 456.0252, sampling [1.0, -0.6408, -0.8397]. Recommendation = [0.0, 0.4822, 0.2244], Current Cost = 5137.00, Rho = 1.000
(iter 10) [0.0, 0.4822, 0.2244] = 456.0252, sampling [1.0, 1.5457, -0.2337]. Recommendation = [0.0, 0.4822, 0.2244], Current Cost = 5138.00, Rho = 1.000
(iter 10) [0.0, 0.4822, 0.2244] = 456.0252, sampling [1.0, -1.5345, 0.6334]. Recommendation = [0.0, 0.4822, 0.2244], Current Cost = 5139.00, Rho = 1.000
(iter 10) [0.0, 0.4822, 0.2244] = 456.0252, sampling [1.0, -1.1614, -0.2221]. Recommendation = [0.0, 0.4822, 0.2244], Current Cost = 5140.00, Rho = 1.000
(iter 10) [0.0, 0.4822, 0.2244] = 456.0252, sampling [1.0, 0.9734, -1.8879]. Recommendation = [0.0, 0.4822, 0.2244], Current Cost = 5141.00, Rho = 1.000
(iter 10) [0.0, 0.4822, 0.2244] = 456.0252, sampling [1.0, 0.3296, -1.3665]. Recommendation = [0.0, 0.4822, 0.2244], Current Cost = 5142.00, Rho = 1.000
(iter 10) [0.0, 0.4822, 0.2244] = 456.0252, sampling [1.0, -0.8771, -0.7329]. Recommendation = [0.0, 0.4822, 0.2244], Current Cost = 5143.00, Rho = 1.000
(iter 10) [0.0, 0.4822, 0.2244] = 456.0252, sampling [1.0, -0.3027, -1.6987]. Recommendation = [0.0, 0.4822, 0.2244], Current Cost = 5144.00, Rho = 1.000
(iter 10) [0.0, 0.4822, 0.2244] = 456.0252, sampling [1.0, 0.9243, -0.7825]. Recommendation = [0.0, 0.4822, 0.2244], Current Cost = 5145.00, Rho = 1.000
(iter 10) [0.0, 0.4822, 0.2244] = 456.0252, sampling [1.0, -1.7390, 1.1613]. Recommendation = [0.0, 0.4822, 0.2244], Current Cost = 5146.00, Rho = 1.000
(iter 10) [0.0, 0.4822, 0.2244] = 456.0252, sampling [1.0, -0.9680, -0.5524]. Recommendation = [0.0, 0.4822, 0.2244], Current Cost = 5147.00, Rho = 1.000
(iter 10) [0.0, 0.4822, 0.2244] = 456.0252, sampling [1.0, 1.4740, 0.5079]. Recommendation = [0.0, 0.4822, 0.2244], Current Cost = 5148.00, Rho = 1.000
(iter 10) [0.0, 0.4822, 0.2244] = 456.0252, sampling [1.0, -1.6213, 0.1743]. Recommendation = [0.0, 0.4822, 0.2244], Current Cost = 5149.00, Rho = 1.000
(iter 10) [0.0, 0.4822, 0.2244] = 456.0252, sampling [1.0, 1.4187, 0.2565]. Recommendation = [0.0, 0.4822, 0.2244], Current Cost = 5150.00, Rho = 1.000
(iter 10) [0.0, 0.4822, 0.2244] = 456.0252, sampling [1.0, 0.0842, -1.8420]. Recommendation = [0.0, 0.4822, 0.2244], Current Cost = 5151.00, Rho = 1.000
(iter 10) [0.0, 0.4822, 0.2244] = 456.0252, sampling [1.0, -0.7001, -1.3815]. Recommendation = [0.0, 0.4822, 0.2244], Current Cost = 5152.00, Rho = 1.000
(iter 10) [0.0, 0.4822, 0.2244] = 456.0252, sampling [1.0, 0.1026, 1.7005]. Recommendation = [0.0, 0.4822, 0.2244], Current Cost = 5153.00, Rho = 1.000
(iter 10) [0.0, 0.4822, 0.2244] = 456.0252, sampling [1.0, -0.1989, 1.7336]. Recommendation = [0.0, 0.4822, 0.2244], Current Cost = 5154.00, Rho = 1.000
(iter 10) [0.0, 0.4822, 0.2244] = 456.0252, sampling [1.0, 1.1828, -0.7167]. Recommendation = [0.0, 0.4822, 0.2244], Current Cost = 5155.00, Rho = 1.000
(iter 10) [0.0, 0.4822, 0.2244] = 456.0252, sampling [1.0, -0.6223, -1.8279]. Recommendation = [0.0, 0.4822, 0.2244], Current Cost = 5156.00, Rho = 1.000
(iter 10) [0.0, 0.4822, 0.2244] = 456.0252, sampling [1.0, 0.8148, 1.8641]. Recommendation = [0.0, 0.4822, 0.2244], Current Cost = 5157.00, Rho = 1.000
(iter 10) [0.0, 0.4822, 0.2244] = 456.0252, sampling [1.0, 0.4301, -1.6800]. Recommendation = [0.0, 0.4822, 0.2244], Current Cost = 5158.00, Rho = 1.000
(iter 10) [0.0, 0.4822, 0.2244] = 456.0252, sampling [1.0, -0.9318, -0.9619]. Recommendation = [0.0, 0.4822, 0.2244], Current Cost = 5159.00, Rho = 1.000
(iter 10) [0.0, 0.4822, 0.2244] = 456.0252, sampling [1.0, -1.4445, 0.6051]. Recommendation = [0.0, 0.4822, 0.2244], Current Cost = 5160.00, Rho = 1.000
(iter 10) [0.0, 0.4822, 0.2244] = 456.0252, sampling [1.0, 1.7578, -1.0581]. Recommendation = [0.0, 0.4822, 0.2244], Current Cost = 5161.00, Rho = 1.000
(iter 10) [0.0, 0.4822, 0.2244] = 456.0252, sampling [1.0, 1.8298, 1.1024]. Recommendation = [0.0, 0.4822, 0.2244], Current Cost = 5162.00, Rho = 1.000
(iter 10) [0.0, 0.4822, 0.2244] = 456.0252, sampling [1.0, -0.3473, 1.7152]. Recommendation = [0.0, 0.4822, 0.2244], Current Cost = 5163.00, Rho = 1.000
(iter 10) [0.0, 0.4822, 0.2244] = 456.0252, sampling [1.0, -1.5934, 0.9945]. Recommendation = [0.0, 0.4822, 0.2244], Current Cost = 5164.00, Rho = 1.000
(iter 10) [0.0, 0.4822, 0.2244] = 456.0252, sampling [1.0, -1.0470, -0.6102]. Recommendation = [0.0, 0.4822, 0.2244], Current Cost = 5165.00, Rho = 1.000
(iter 10) [0.0, 0.4822, 0.2244] = 456.0252, sampling [1.0, -1.7843, 1.4689]. Recommendation = [0.0, 0.4822, 0.2244], Current Cost = 5166.00, Rho = 1.000
(iter 10) [0.0, 0.4822, 0.2244] = 456.0252, sampling [1.0, 0.7248, -1.5648]. Recommendation = [0.0, 0.4822, 0.2244], Current Cost = 5167.00, Rho = 1.000
(iter 10) [0.0, 0.4822, 0.2244] = 456.0252, sampling [1.0, -0.0305, -1.9125]. Recommendation = [0.0, 0.4822, 0.2244], Current Cost = 5168.00, Rho = 1.000
(iter 10) [0.0, 0.4822, 0.2244] = 456.0252, sampling [1.0, -1.3567, -0.3015]. Recommendation = [0.0, 0.4822, 0.2244], Current Cost = 5169.00, Rho = 1.000
(iter 10) [0.0, 0.4822, 0.2244] = 456.0252, sampling [1.0, -0.5941, -1.4049]. Recommendation = [0.0, 0.4822, 0.2244], Current Cost = 5170.00, Rho = 1.000
(iter 10) [0.0, 0.4822, 0.2244] = 456.0252, sampling [1.0, -1.9336, 0.3496]. Recommendation = [0.0, 0.4822, 0.2244], Current Cost = 5171.00, Rho = 1.000
(iter 10) [0.0, 0.4822, 0.2244] = 456.0252, sampling [1.0, 0.9532, -1.2323]. Recommendation = [0.0, 0.4822, 0.2244], Current Cost = 5172.00, Rho = 1.000
(iter 10) [0.0, 0.4822, 0.2244] = 456.0252, sampling [1.0, 1.5631, 0.3323]. Recommendation = [0.0, 0.4822, 0.2244], Current Cost = 5173.00, Rho = 1.000
(iter 10) [0.0, 0.4822, 0.2244] = 456.0252, sampling [1.0, -0.0415, 1.8317]. Recommendation = [0.0, 0.4822, 0.2244], Current Cost = 5174.00, Rho = 1.000
(iter 10) [0.0, 0.4822, 0.2244] = 456.0252, sampling [1.0, -0.4176, -1.8131]. Recommendation = [0.0, 0.4822, 0.2244], Current Cost = 5175.00, Rho = 1.000
(iter 10) [0.0, 0.4822, 0.2244] = 456.0252, sampling [1.0, -1.2240, -0.0941]. Recommendation = [0.0, 0.4822, 0.2244], Current Cost = 5176.00, Rho = 1.000
(iter 10) [0.0, 0.4822, 0.2244] = 456.0252, sampling [1.0, -1.7675, 1.2554]. Recommendation = [0.0, 0.4822, 0.2244], Current Cost = 5177.00, Rho = 1.000
(iter 10) [0.0, 0.4822, 0.2244] = 456.0252, sampling [1.0, 0.2785, -1.7833]. Recommendation = [0.0, 0.4822, 0.2244], Current Cost = 5178.00, Rho = 1.000
(iter 10) [0.0, 0.4822, 0.2244] = 456.0252, sampling [1.0, 0.5320, -1.6641]. Recommendation = [0.0, 0.4822, 0.2244], Current Cost = 5179.00, Rho = 1.000
(iter 10) [0.0, 0.4822, 0.2244] = 456.0252, sampling [1.0, -1.9161, -1.9774]. Recommendation = [0.0, 0.4822, 0.2244], Current Cost = 5180.00, Rho = 1.000
(iter 10) [0.0, 0.4822, 0.2244] = 456.0252, sampling [1.0, -1.8898, 1.1506]. Recommendation = [0.0, 0.4822, 0.2244], Current Cost = 5181.00, Rho = 1.000
(iter 10) [0.0, 0.4822, 0.2244] = 456.0252, sampling [1.0, 1.9110, 0.1584]. Recommendation = [0.0, 0.4822, 0.2244], Current Cost = 5182.00, Rho = 1.000
(iter 10) [0.0, 0.4822, 0.2244] = 456.0252, sampling [1.0, 1.8791, 1.2409]. Recommendation = [0.0, 0.4822, 0.2244], Current Cost = 5183.00, Rho = 1.000
(iter 10) [0.0, 0.4822, 0.2244] = 456.0252, sampling [1.0, 1.8029, 0.8342]. Recommendation = [0.0, 0.4822, 0.2244], Current Cost = 5184.00, Rho = 1.000
(iter 10) [0.0, 0.4822, 0.2244] = 456.0252, sampling [1.0, -1.1759, -0.2556]. Recommendation = [0.0, 0.4822, 0.2244], Current Cost = 5185.00, Rho = 1.000
(iter 10) [0.0, 0.4822, 0.2244] = 456.0252, sampling [1.0, 1.3507, -0.5670]. Recommendation = [0.0, 0.4822, 0.2244], Current Cost = 5186.00, Rho = 1.000
(iter 10) [0.0, 0.4822, 0.2244] = 456.0252, sampling [1.0, 1.0196, -1.5430]. Recommendation = [0.0, 0.4822, 0.2244], Current Cost = 5187.00, Rho = 1.000
(iter 10) [0.0, 0.4822, 0.2244] = 456.0252, sampling [1.0, 1.4940, -1.9858]. Recommendation = [0.0, 0.4822, 0.2244], Current Cost = 5188.00, Rho = 1.000
(iter 10) [0.0, 0.4822, 0.2244] = 456.0252, sampling [1.0, -0.8343, -1.7468]. Recommendation = [0.0, 0.4822, 0.2244], Current Cost = 5189.00, Rho = 1.000
(iter 10) [0.0, 0.4822, 0.2244] = 456.0252, sampling [1.0, -0.6397, -1.4357]. Recommendation = [0.0, 0.4822, 0.2244], Current Cost = 5190.00, Rho = 1.000
(iter 10) [0.0, 0.4822, 0.2244] = 456.0252, sampling [1.0, 0.6481, -1.6218]. Recommendation = [0.0, 0.4822, 0.2244], Current Cost = 5191.00, Rho = 1.000
(iter 10) [0.0, 0.4822, 0.2244] = 456.0252, sampling [1.0, 1.9487, 1.6103]. Recommendation = [0.0, 0.4822, 0.2244], Current Cost = 5192.00, Rho = 1.000
(iter 10) [0.0, 0.4822, 0.2244] = 456.0252, sampling [1.0, 1.4240, -0.3980]. Recommendation = [0.0, 0.4822, 0.2244], Current Cost = 5193.00, Rho = 1.000
(iter 10) [0.0, 0.4822, 0.2244] = 456.0252, sampling [1.0, 1.9544, 0.9803]. Recommendation = [0.0, 0.4822, 0.2244], Current Cost = 5194.00, Rho = 1.000
(iter 10) [0.0, 0.4822, 0.2244] = 456.0252, sampling [0.0, 1.2412, 1.5506]. Recommendation = [0.0, 0.4822, 0.2244], Current Cost = 5195.00, Rho = 1.000
(iter 200) [0.0, 1.2412, 1.5506] = 456.2319, sampling [0.0, -0.3301, 0.1331]. Recommendation = [0.0, 1.2412, 1.5506], Current Cost = 6195.00, Rho = 1.000
(iter 200) [0.0, 1.2412, 1.5506] = 456.2319, sampling [0.0, 0.9016, 0.9561]. Recommendation = [0.0, 1.2412, 1.5506], Current Cost = 7195.00, Rho = 1.000
(iter 200) [0.0, 1.2412, 1.5506] = 456.2319, sampling [0.0, -0.7817, 0.6870]. Recommendation = [0.0, 1.2412, 1.5506], Current Cost = 8195.00, Rho = 1.000
(iter 200) [0.0, 1.2412, 1.5506] = 456.2319, sampling [1.0, -1.4957, -0.5199]. Recommendation = [0.0, 1.2412, 1.5506], Current Cost = 9195.00, Rho = 1.000
(iter 200) [0.0, 1.2412, 1.5506] = 456.2319, sampling [1.0, -0.2870, -1.9556]. Recommendation = [0.0, 1.2412, 1.5506], Current Cost = 9196.00, Rho = 1.000
(iter 200) [0.0, 1.2412, 1.5506] = 456.2319, sampling [0.0, 0.0654, -0.1502]. Recommendation = [0.0, 1.2412, 1.5506], Current Cost = 9197.00, Rho = 1.000
(iter 200) [0.0, 1.2412, 1.5506] = 456.2319, sampling [1.0, -1.6604, -0.0025]. Recommendation = [0.0, 1.2412, 1.5506], Current Cost = 10197.00, Rho = 1.000
(iter 200) [0.0, 1.2412, 1.5506] = 456.2319, sampling [0.0, 0.6158, 0.4191]. Recommendation = [0.0, 1.2412, 1.5506], Current Cost = 10198.00, Rho = 1.000
(iter 200) [0.0, 1.2412, 1.5506] = 456.2319, sampling [0.0, 1.1979, 1.3312]. Recommendation = [0.0, 1.2412, 1.5506], Current Cost = 11198.00, Rho = 1.000
(iter 200) [0.0, 1.2412, 1.5506] = 456.2319, sampling [0.0, 0.3149, 0.0908]. Recommendation = [0.0, 1.2412, 1.5506], Current Cost = 12198.00, Rho = 1.000
(iter 200) [0.0, 1.2412, 1.5506] = 456.2319, sampling [0.0, -0.9459, 1.0715]. Recommendation = [0.0, 1.2412, 1.5506], Current Cost = 13198.00, Rho = 1.000
(iter 200) [0.0, 1.2412, 1.5506] = 456.2319, sampling [0.0, -0.1688, 0.0021]. Recommendation = [0.0, 1.2412, 1.5506], Current Cost = 14198.00, Rho = 1.000
(iter 200) [0.0, 1.2412, 1.5506] = 456.2319, sampling [0.0, -0.7098, 0.5298]. Recommendation = [0.0, 1.2412, 1.5506], Current Cost = 15198.00, Rho = 1.000
(iter 200) [0.0, 1.2412, 1.5506] = 456.2319, sampling [0.0, -0.0533, 0.1957]. Recommendation = [0.0, 1.2412, 1.5506], Current Cost = 16198.00, Rho = 1.000
(iter 200) [0.0, 1.2412, 1.5506] = 456.2319, sampling [0.0, 1.0027, 0.8725]. Recommendation = [0.0, 1.2412, 1.5506], Current Cost = 17198.00, Rho = 1.000
(iter 200) [0.0, 1.2412, 1.5506] = 456.2319, sampling [0.0, 1.0514, 1.2772]. Recommendation = [0.0, 1.2412, 1.5506], Current Cost = 18198.00, Rho = 1.000
(iter 200) [0.0, 1.2412, 1.5506] = 456.2319, sampling [0.0, 0.3490, -0.0789]. Recommendation = [0.0, 1.2412, 1.5506], Current Cost = 19198.00, Rho = 1.000
(iter 200) [0.0, 1.2412, 1.5506] = 456.2319, sampling [0.0, -1.5097, 1.9040]. Recommendation = [0.0, 1.2412, 1.5506], Current Cost = 20198.00, Rho = 1.000
(iter 200) [0.0, 1.2412, 1.5506] = 456.2319, sampling [0.0, -0.9276, 0.7617]. Recommendation = [0.0, 1.2412, 1.5506], Current Cost = 21198.00, Rho = 1.000
(iter 200) [0.0, 1.2412, 1.5506] = 456.2319, sampling [0.0, -0.4622, 0.0229]. Recommendation = [0.0, 1.2412, 1.5506], Current Cost = 22198.00, Rho = 1.000
(iter 200) [0.0, 1.2412, 1.5506] = 456.2319, sampling [0.0, 0.4687, 0.2953]. Recommendation = [0.0, 1.2412, 1.5506], Current Cost = 23198.00, Rho = 1.000
(iter 200) [0.0, 1.2412, 1.5506] = 456.2319, sampling [1.0, 1.6322, 0.4028]. Recommendation = [0.0, 1.2412, 1.5506], Current Cost = 24198.00, Rho = 1.000
(iter 200) [0.0, 1.2412, 1.5506] = 456.2319, sampling [0.0, -0.2116, 0.0570]. Recommendation = [0.0, 1.2412, 1.5506], Current Cost = 24199.00, Rho = 1.000
(iter 200) [0.0, 1.2412, 1.5506] = 456.2319, sampling [0.0, -0.5381, 0.5642]. Recommendation = [0.0, 1.2412, 1.5506], Current Cost = 25199.00, Rho = 1.000
(iter 200) [0.0, 1.2412, 1.5506] = 456.2319, sampling [0.0, 1.0855, 1.4150]. Recommendation = [0.0, 1.2412, 1.5506], Current Cost = 26199.00, Rho = 1.000
(iter 200) [0.0, 1.2412, 1.5506] = 456.2319, sampling [0.0, 0.1531, -0.1680]. Recommendation = [0.0, 1.2412, 1.5506], Current Cost = 27199.00, Rho = 1.000
(iter 200) [0.0, 1.2412, 1.5506] = 456.2319, sampling [0.0, 1.3078, 1.4893]. Recommendation = [0.0, 1.2412, 1.5506], Current Cost = 28199.00, Rho = 1.000
(iter 200) [0.0, 1.2412, 1.5506] = 456.2319, sampling [0.0, -0.3733, 0.0418]. Recommendation = [0.0, 1.2412, 1.5506], Current Cost = 29199.00, Rho = 1.000
(iter 200) [0.0, 1.2412, 1.5506] = 456.2319, sampling [0.0, -0.7504, 0.2215]. Recommendation = [0.0, 1.2412, 1.5506], Current Cost = 30199.00, Rho = 1.000
(iter 200) [0.0, 1.2412, 1.5506] = 456.2319, sampling [0.0, 0.8852, 0.3860]. Recommendation = [0.0, 1.2412, 1.5506], Current Cost = 31199.00, Rho = 1.000
(iter 200) [0.0, 1.2412, 1.5506] = 456.2319, sampling [0.0, 1.2279, 1.9857]. Recommendation = [0.0, 1.2412, 1.5506], Current Cost = 32199.00, Rho = 1.000
(iter 200) [0.0, 1.2412, 1.5506] = 456.2319, sampling [0.0, -0.4032, -0.1408]. Recommendation = [0.0, 1.2412, 1.5506], Current Cost = 33199.00, Rho = 1.000
(iter 200) [0.0, 1.2412, 1.5506] = 456.2319, sampling [0.0, 0.8472, 0.9341]. Recommendation = [0.0, 1.2412, 1.5506], Current Cost = 34199.00, Rho = 1.000
(iter 200) [0.0, 1.2412, 1.5506] = 456.2319, sampling [0.0, -0.3859, 0.1035]. Recommendation = [0.0, 1.2412, 1.5506], Current Cost = 35199.00, Rho = 1.000
(iter 200) [0.0, 1.2412, 1.5506] = 456.2319, sampling [0.0, -1.3165, 1.2933]. Recommendation = [0.0, 1.2412, 1.5506], Current Cost = 36199.00, Rho = 1.000
(iter 200) [0.0, 1.2412, 1.5506] = 456.2319, sampling [1.0, -1.2896, -1.1571]. Recommendation = [0.0, 1.2412, 1.5506], Current Cost = 37199.00, Rho = 1.000
(iter 200) [0.0, 1.2412, 1.5506] = 456.2319, sampling [0.0, 1.0307, 0.8496]. Recommendation = [0.0, 1.2412, 1.5506], Current Cost = 37200.00, Rho = 1.000
(iter 200) [0.0, 1.2412, 1.5506] = 456.2319, sampling [0.0, -0.1796, 0.4798]. Recommendation = [0.0, 1.2412, 1.5506], Current Cost = 38200.00, Rho = 1.000
(iter 200) [0.0, 1.2412, 1.5506] = 456.2319, sampling [0.0, -0.9000, 0.4474]. Recommendation = [0.0, 1.2412, 1.5506], Current Cost = 39200.00, Rho = 1.000
(iter 200) [0.0, 1.2412, 1.5506] = 456.2319, sampling [0.0, -0.8283, 1.0360]. Recommendation = [0.0, 1.2412, 1.5506], Current Cost = 40200.00, Rho = 1.000
(iter 200) [0.0, 1.2412, 1.5506] = 456.2319, sampling [1.0, -1.4658, -0.3093]. Recommendation = [0.0, 1.2412, 1.5506], Current Cost = 41200.00, Rho = 1.000
(iter 200) [0.0, 1.2412, 1.5506] = 456.2319, sampling [0.0, 0.1197, -0.5327]. Recommendation = [0.0, 1.2412, 1.5506], Current Cost = 41201.00, Rho = 1.000
(iter 200) [0.0, 1.2412, 1.5506] = 456.2319, sampling [0.0, -1.0902, 0.7993]. Recommendation = [0.0, 1.2412, 1.5506], Current Cost = 42201.00, Rho = 1.000
(iter 200) [0.0, 1.2412, 1.5506] = 456.2319, sampling [0.0, 0.3722, 0.6598]. Recommendation = [0.0, 1.2412, 1.5506], Current Cost = 43201.00, Rho = 1.000
(iter 200) [0.0, 1.2412, 1.5506] = 456.2319, sampling [0.0, 1.1096, 1.6712]. Recommendation = [0.0, 1.2412, 1.5506], Current Cost = 44201.00, Rho = 1.000
(iter 200) [0.0, 1.2412, 1.5506] = 456.2319, sampling [0.0, 0.5981, -0.2013]. Recommendation = [0.0, 1.2412, 1.5506], Current Cost = 45201.00, Rho = 1.000
(iter 200) [0.0, 1.2412, 1.5506] = 456.2319, sampling [0.0, 0.8498, 1.2164]. Recommendation = [0.0, 1.2412, 1.5506], Current Cost = 46201.00, Rho = 1.000
(iter 200) [0.0, 1.2412, 1.5506] = 456.2319, sampling [1.0, 1.3194, -1.1219]. Recommendation = [0.0, 1.2412, 1.5506], Current Cost = 47201.00, Rho = 1.000
(iter 200) [0.0, 1.2412, 1.5506] = 456.2319, sampling [0.0, -0.4893, -0.2765]. Recommendation = [0.0, 1.2412, 1.5506], Current Cost = 47202.00, Rho = 1.000
(iter 200) [0.0, 1.2412, 1.5506] = 456.2319, sampling [0.0, -1.2605, 1.1109]. Recommendation = [0.0, 1.2412, 1.5506], Current Cost = 48202.00, Rho = 1.000
(iter 200) [0.0, 1.2412, 1.5506] = 456.2319, sampling [1.0, -1.9735, -0.3568]. Recommendation = [0.0, 1.2412, 1.5506], Current Cost = 49202.00, Rho = 1.000
(iter 200) [0.0, 1.2412, 1.5506] = 456.2319, sampling [0.0, 0.3559, -0.4371]. Recommendation = [0.0, 1.2412, 1.5506], Current Cost = 49203.00, Rho = 1.000
(iter 200) [0.0, 1.2412, 1.5506] = 456.2319, sampling [1.0, 1.8966, -0.4026]. Recommendation = [0.0, 1.2412, 1.5506], Current Cost = 50203.00, Rho = 1.000
(iter 200) [0.0, 1.2412, 1.5506] = 456.2319, sampling [1.0, -0.9883, -1.8682]. Recommendation = [0.0, 1.2412, 1.5506], Current Cost = 50204.00, Rho = 1.000
(iter 200) [0.0, 1.2412, 1.5506] = 456.2319, sampling [1.0, 1.2159, -0.7610]. Recommendation = [0.0, 1.2412, 1.5506], Current Cost = 50205.00, Rho = 1.000
(iter 200) [0.0, 1.2412, 1.5506] = 456.2319, sampling [1.0, 0.9365, -0.7915]. Recommendation = [0.0, 1.2412, 1.5506], Current Cost = 50206.00, Rho = 1.000
(iter 200) [0.0, 1.2412, 1.5506] = 456.2319, sampling [1.0, 1.7308, 0.4918]. Recommendation = [0.0, 1.2412, 1.5506], Current Cost = 50207.00, Rho = 1.000
(iter 200) [0.0, 1.2412, 1.5506] = 456.2319, sampling [0.0, -0.5064, 0.8919]. Recommendation = [0.0, 1.2412, 1.5506], Current Cost = 50208.00, Rho = 1.000
(iter 200) [0.0, 1.2412, 1.5506] = 456.2319, sampling [0.0, 1.5998, 1.8411]. Recommendation = [0.0, 1.2412, 1.5506], Current Cost = 51208.00, Rho = 1.000
(iter 200) [0.0, 1.2412, 1.5506] = 456.2319, sampling [1.0, -1.8170, 1.1747]. Recommendation = [0.0, 1.2412, 1.5506], Current Cost = 52208.00, Rho = 1.000
(iter 200) [0.0, 1.2412, 1.5506] = 456.2319, sampling [0.0, -0.8082, 1.0806]. Recommendation = [0.0, 1.2412, 1.5506], Current Cost = 52209.00, Rho = 1.000
(iter 200) [0.0, 1.2412, 1.5506] = 456.2319, sampling [0.0, -1.0048, 1.7700]. Recommendation = [0.0, 1.2412, 1.5506], Current Cost = 53209.00, Rho = 1.000
(iter 200) [0.0, 1.2412, 1.5506] = 456.2319, sampling [1.0, -1.1420, -1.4535]. Recommendation = [0.0, 1.2412, 1.5506], Current Cost = 54209.00, Rho = 1.000
(iter 200) [0.0, 1.2412, 1.5506] = 456.2319, sampling [0.0, -0.1162, 0.7068]. Recommendation = [0.0, 1.2412, 1.5506], Current Cost = 54210.00, Rho = 1.000
(iter 200) [0.0, 1.2412, 1.5506] = 456.2319, sampling [1.0, -1.4744, -0.7409]. Recommendation = [0.0, 1.2412, 1.5506], Current Cost = 55210.00, Rho = 1.000
(iter 200) [0.0, 1.2412, 1.5506] = 456.2319, sampling [0.0, 0.3940, 0.7459]. Recommendation = [0.0, 1.2412, 1.5506], Current Cost = 55211.00, Rho = 1.000
(iter 200) [0.0, 1.2412, 1.5506] = 456.2319, sampling [0.0, 1.1451, 0.5843]. Recommendation = [0.0, 1.2412, 1.5506], Current Cost = 56211.00, Rho = 1.000
(iter 200) [0.0, 1.2412, 1.5506] = 456.2319, sampling [0.0, 0.7619, -0.1265]. Recommendation = [0.0, 1.2412, 1.5506], Current Cost = 57211.00, Rho = 1.000
(iter 200) [0.0, 1.2412, 1.5506] = 456.2319, sampling [1.0, 1.9326, 0.6927]. Recommendation = [0.0, 1.2412, 1.5506], Current Cost = 58211.00, Rho = 1.000
(iter 200) [0.0, 1.2412, 1.5506] = 456.2319, sampling [0.0, 0.2250, -0.5808]. Recommendation = [0.0, 1.2412, 1.5506], Current Cost = 58212.00, Rho = 1.000
(iter 200) [0.0, 1.2412, 1.5506] = 456.2319, sampling [1.0, -1.4278, -0.3779]. Recommendation = [0.0, 1.2412, 1.5506], Current Cost = 59212.00, Rho = 1.000
(iter 200) [0.0, 1.2412, 1.5506] = 456.2319, sampling [0.0, -1.0149, 0.3139]. Recommendation = [0.0, 1.2412, 1.5506], Current Cost = 59213.00, Rho = 1.000
(iter 200) [0.0, 1.2412, 1.5506] = 456.2319, sampling [0.0, -1.1887, 0.7838]. Recommendation = [0.0, 1.2412, 1.5506], Current Cost = 60213.00, Rho = 1.000
(iter 200) [0.0, 1.2412, 1.5506] = 456.2319, sampling [1.0, 1.7271, -0.0566]. Recommendation = [0.0, 1.2412, 1.5506], Current Cost = 61213.00, Rho = 1.000
(iter 200) [0.0, 1.2412, 1.5506] = 456.2319, sampling [0.0, 0.2936, 0.7297]. Recommendation = [0.0, 1.2412, 1.5506], Current Cost = 61214.00, Rho = 1.000
(iter 200) [0.0, 1.2412, 1.5506] = 456.2319, sampling [1.0, 1.2557, -1.6514]. Recommendation = [0.0, 1.2412, 1.5506], Current Cost = 62214.00, Rho = 1.000
(iter 200) [0.0, 1.2412, 1.5506] = 456.2319, sampling [1.0, 1.4541, -0.4923]. Recommendation = [0.0, 1.2412, 1.5506], Current Cost = 62215.00, Rho = 1.000
(iter 200) [0.0, 1.2412, 1.5506] = 456.2319, sampling [0.0, 0.7775, 1.3803]. Recommendation = [0.0, 1.2412, 1.5506], Current Cost = 62216.00, Rho = 1.000
(iter 200) [0.0, 1.2412, 1.5506] = 456.2319, sampling [0.0, 0.1336, -0.8835]. Recommendation = [0.0, 1.2412, 1.5506], Current Cost = 63216.00, Rho = 1.000
(iter 200) [0.0, 1.2412, 1.5506] = 456.2319, sampling [0.0, -0.6838, 1.2976]. Recommendation = [0.0, 1.2412, 1.5506], Current Cost = 64216.00, Rho = 1.000
(iter 200) [0.0, 1.2412, 1.5506] = 456.2319, sampling [1.0, 1.8538, 0.3703]. Recommendation = [0.0, 1.2412, 1.5506], Current Cost = 65216.00, Rho = 1.000
(iter 200) [0.0, 1.2412, 1.5506] = 456.2319, sampling [1.0, 1.3764, -1.2883]. Recommendation = [0.0, 1.2412, 1.5506], Current Cost = 65217.00, Rho = 1.000
(iter 200) [0.0, 1.2412, 1.5506] = 456.2319, sampling [0.0, -1.0613, 1.8939]. Recommendation = [0.0, 1.2412, 1.5506], Current Cost = 65218.00, Rho = 1.000
(iter 200) [0.0, 1.2412, 1.5506] = 456.2319, sampling [0.0, -1.3041, 0.9667]. Recommendation = [0.0, 1.2412, 1.5506], Current Cost = 66218.00, Rho = 1.000
(iter 200) [0.0, 1.2412, 1.5506] = 456.2319, sampling [0.0, 0.1653, 0.8246]. Recommendation = [0.0, 1.2412, 1.5506], Current Cost = 67218.00, Rho = 1.000
(iter 200) [0.0, 1.2412, 1.5506] = 456.2319, sampling [0.0, 0.5048, -0.6421]. Recommendation = [0.0, 1.2412, 1.5506], Current Cost = 68218.00, Rho = 1.000
(iter 200) [0.0, 1.2412, 1.5506] = 456.2319, sampling [0.0, -0.4427, -0.8153]. Recommendation = [0.0, 1.2412, 1.5506], Current Cost = 69218.00, Rho = 1.000
(iter 200) [0.0, 1.2412, 1.5506] = 456.2319, sampling [1.0, -1.8771, 0.0646]. Recommendation = [0.0, 1.2412, 1.5506], Current Cost = 70218.00, Rho = 1.000
(iter 200) [0.0, 1.2412, 1.5506] = 456.2319, sampling [0.0, -0.3542, 1.0116]. Recommendation = [0.0, 1.2412, 1.5506], Current Cost = 70219.00, Rho = 1.000
(iter 200) [0.0, 1.2412, 1.5506] = 456.2319, sampling [1.0, -1.6159, -0.4163]. Recommendation = [0.0, 1.2412, 1.5506], Current Cost = 71219.00, Rho = 1.000
(iter 200) [0.0, 1.2412, 1.5506] = 456.2319, sampling [1.0, -1.2680, -1.6089]. Recommendation = [0.0, 1.2412, 1.5506], Current Cost = 71220.00, Rho = 1.000
(iter 200) [0.0, 1.2412, 1.5506] = 456.2319, sampling [0.0, -0.7868, 1.5207]. Recommendation = [0.0, 1.2412, 1.5506], Current Cost = 71221.00, Rho = 1.000
(iter 200) [0.0, 1.2412, 1.5506] = 456.2319, sampling [0.0, 0.8661, 1.6835]. Recommendation = [0.0, 1.2412, 1.5506], Current Cost = 72221.00, Rho = 1.000
(iter 200) [0.0, 1.2412, 1.5506] = 456.2319, sampling [1.0, -1.3809, -1.2717]. Recommendation = [0.0, 1.2412, 1.5506], Current Cost = 73221.00, Rho = 1.000
(iter 200) [0.0, 1.2412, 1.5506] = 456.2319, sampling [0.0, 0.7143, -0.4570]. Recommendation = [0.0, 1.2412, 1.5506], Current Cost = 73222.00, Rho = 1.000
(iter 200) [0.0, 1.2412, 1.5506] = 456.2319, sampling [0.0, -0.1364, 0.9264]. Recommendation = [0.0, 1.2412, 1.5506], Current Cost = 74222.00, Rho = 1.000
(iter 200) [0.0, 1.2412, 1.5506] = 456.2319, sampling [1.0, 1.6500, -1.6405]. Recommendation = [0.0, 1.2412, 1.5506], Current Cost = 75222.00, Rho = 1.000
(iter 200) [0.0, 1.2412, 1.5506] = 456.2319, sampling [0.0, 1.6208, 1.6476]. Recommendation = [0.0, 1.2412, 1.5506], Current Cost = 75223.00, Rho = 1.000
(iter 200) [0.0, 1.2412, 1.5506] = 456.2319, sampling [1.0, 1.6974, -0.5102]. Recommendation = [0.0, 1.2412, 1.5506], Current Cost = 76223.00, Rho = 1.000
(iter 200) [0.0, 1.2412, 1.5506] = 456.2319, sampling [1.0, 1.7791, 0.5531]. Recommendation = [0.0, 1.2412, 1.5506], Current Cost = 76224.00, Rho = 1.000
(iter 200) [0.0, 1.2412, 1.5506] = 456.2319, sampling [0.0, 0.6330, 1.3532]. Recommendation = [0.0, 1.2412, 1.5506], Current Cost = 76225.00, Rho = 1.000
(iter 200) [0.0, 1.2412, 1.5506] = 456.2319, sampling [0.0, -0.5781, -0.6691]. Recommendation = [0.0, 1.2412, 1.5506], Current Cost = 77225.00, Rho = 1.000
(iter 200) [0.0, 1.2412, 1.5506] = 456.2319, sampling [1.0, -1.5382, -1.1093]. Recommendation = [0.0, 1.2412, 1.5506], Current Cost = 78225.00, Rho = 1.000
(iter 200) [0.0, 1.2412, 1.5506] = 456.2319, sampling [0.0, 0.8191, -0.1904]. Recommendation = [0.0, 1.2412, 1.5506], Current Cost = 78226.00, Rho = 1.000
(iter 200) [0.0, 1.2412, 1.5506] = 456.2319, sampling [1.0, -1.2028, -1.4210]. Recommendation = [0.0, 1.2412, 1.5506], Current Cost = 79226.00, Rho = 1.000
(iter 200) [0.0, 1.2412, 1.5506] = 456.2319, sampling [0.0, -1.0397, 0.2471]. Recommendation = [0.0, 1.2412, 1.5506], Current Cost = 79227.00, Rho = 1.000
(iter 200) [0.0, 1.2412, 1.5506] = 456.2319, sampling [0.0, -0.0142, -1.1706]. Recommendation = [0.0, 1.2412, 1.5506], Current Cost = 80227.00, Rho = 1.000
(iter 200) [0.0, 1.2412, 1.5506] = 456.2319, sampling [1.0, -1.3390, -1.7925]. Recommendation = [0.0, 1.2412, 1.5506], Current Cost = 81227.00, Rho = 1.000
(iter 200) [0.0, 1.2412, 1.5506] = 456.2319, sampling [1.0, 1.9694, -0.6995]. Recommendation = [0.0, 1.2412, 1.5506], Current Cost = 81228.00, Rho = 1.000
(iter 200) [0.0, 1.2412, 1.5506] = 456.2319, sampling [0.0, 0.0002, 0.9100]. Recommendation = [0.0, 1.2412, 1.5506], Current Cost = 81229.00, Rho = 1.000
(iter 200) [0.0, 1.2412, 1.5506] = 456.2319, sampling [1.0, 1.7611, -0.2679]. Recommendation = [0.0, 1.2412, 1.5506], Current Cost = 82229.00, Rho = 1.000
(iter 200) [0.0, 1.2412, 1.5506] = 456.2319, sampling [0.0, 1.5812, 1.4258]. Recommendation = [0.0, 1.2412, 1.5506], Current Cost = 82230.00, Rho = 1.000
(iter 200) [0.0, 1.2412, 1.5506] = 456.2319, sampling [0.0, 1.1522, 0.1243]. Recommendation = [0.0, 1.2412, 1.5506], Current Cost = 83230.00, Rho = 1.000
(iter 200) [0.0, 1.2412, 1.5506] = 456.2319, sampling [1.0, -1.6928, -0.3471]. Recommendation = [0.0, 1.2412, 1.5506], Current Cost = 84230.00, Rho = 1.000
(iter 200) [0.0, 1.2412, 1.5506] = 456.2319, sampling [0.0, 0.4375, -1.0099]. Recommendation = [0.0, 1.2412, 1.5506], Current Cost = 84231.00, Rho = 1.000
(iter 200) [0.0, 1.2412, 1.5506] = 456.2319, sampling [1.0, 1.5063, -1.2102]. Recommendation = [0.0, 1.2412, 1.5506], Current Cost = 85231.00, Rho = 1.000
(iter 200) [0.0, 1.2412, 1.5506] = 456.2319, sampling [1.0, -1.5607, -1.5205]. Recommendation = [0.0, 1.2412, 1.5506], Current Cost = 85232.00, Rho = 1.000
(iter 200) [0.0, 1.2412, 1.5506] = 456.2319, sampling [1.0, -1.1332, -1.5194]. Recommendation = [0.0, 1.2412, 1.5506], Current Cost = 85233.00, Rho = 1.000
(iter 200) [0.0, 1.2412, 1.5506] = 456.2319, sampling [0.0, 1.3300, 0.6446]. Recommendation = [0.0, 1.2412, 1.5506], Current Cost = 85234.00, Rho = 1.000
(iter 200) [0.0, 1.2412, 1.5506] = 456.2319, sampling [0.0, -0.8823, -0.4693]. Recommendation = [0.0, 1.2412, 1.5506], Current Cost = 86234.00, Rho = 1.000
(iter 200) [0.0, 1.2412, 1.5506] = 456.2319, sampling [0.0, -0.1592, 1.1333]. Recommendation = [0.0, 1.2412, 1.5506], Current Cost = 87234.00, Rho = 1.000
(iter 200) [0.0, 1.2412, 1.5506] = 456.2319, sampling [0.0, -1.3631, 0.8037]. Recommendation = [0.0, 1.2412, 1.5506], Current Cost = 88234.00, Rho = 1.000
(iter 200) [0.0, 1.2412, 1.5506] = 456.2319, sampling [0.0, 0.6980, 1.5551]. Recommendation = [0.0, 1.2412, 1.5506], Current Cost = 89234.00, Rho = 1.000
(iter 200) [0.0, 1.2412, 1.5506] = 456.2319, sampling [1.0, -1.9565, -0.6056]. Recommendation = [0.0, 1.2412, 1.5506], Current Cost = 90234.00, Rho = 1.000
(iter 200) [0.0, 1.2412, 1.5506] = 456.2319, sampling [1.0, 1.6919, -0.8663]. Recommendation = [0.0, 1.2412, 1.5506], Current Cost = 90235.00, Rho = 1.000
(iter 200) [0.0, 1.2412, 1.5506] = 456.2319, sampling [0.0, 0.1830, -0.9900]. Recommendation = [0.0, 1.2412, 1.5506], Current Cost = 90236.00, Rho = 1.000
(iter 200) [0.0, 1.2412, 1.5506] = 456.2319, sampling [1.0, -1.8469, -0.0294]. Recommendation = [0.0, 1.2412, 1.5506], Current Cost = 91236.00, Rho = 1.000
(iter 200) [0.0, 1.2412, 1.5506] = 456.2319, sampling [0.0, 0.8148, 1.8641]. Recommendation = [0.0, 1.2412, 1.5506], Current Cost = 91237.00, Rho = 1.000
(iter 200) [0.0, 1.2412, 1.5506] = 456.2319, sampling [0.0, -0.8557, 1.9647]. Recommendation = [0.0, 1.2412, 1.5506], Current Cost = 92237.00, Rho = 1.000
(iter 200) [0.0, 1.2412, 1.5506] = 456.2319, sampling [1.0, -1.6729, -1.3209]. Recommendation = [0.0, 1.2412, 1.5506], Current Cost = 93237.00, Rho = 1.000
(iter 200) [0.0, 1.2412, 1.5506] = 456.2319, sampling [1.0, 1.3920, -1.7312]. Recommendation = [0.0, 1.2412, 1.5506], Current Cost = 93238.00, Rho = 1.000
(iter 200) [0.0, 1.2412, 1.5506] = 456.2319, sampling [0.0, 1.2643, 0.4544]. Recommendation = [0.0, 1.2412, 1.5506], Current Cost = 93239.00, Rho = 1.000
(iter 200) [0.0, 1.2412, 1.5506] = 456.2319, sampling [1.0, 1.5237, -1.3382]. Recommendation = [0.0, 1.2412, 1.5506], Current Cost = 94239.00, Rho = 1.000
(iter 200) [0.0, 1.2412, 1.5506] = 456.2319, sampling [0.0, -0.7316, 1.6190]. Recommendation = [0.0, 1.2412, 1.5506], Current Cost = 94240.00, Rho = 1.000
(iter 200) [0.0, 1.2412, 1.5506] = 456.2319, sampling [0.0, 0.5519, -0.6858]. Recommendation = [0.0, 1.2412, 1.5506], Current Cost = 95240.00, Rho = 1.000
(iter 200) [0.0, 1.2412, 1.5506] = 456.2319, sampling [0.0, 0.4070, 1.4554]. Recommendation = [0.0, 1.2412, 1.5506], Current Cost = 96240.00, Rho = 1.000
(iter 200) [0.0, 1.2412, 1.5506] = 456.2319, sampling [1.0, -1.9461, 0.2789]. Recommendation = [0.0, 1.2412, 1.5506], Current Cost = 97240.00, Rho = 1.000
(iter 200) [0.0, 1.2412, 1.5506] = 456.2319, sampling [0.0, -0.2661, 1.3687]. Recommendation = [0.0, 1.2412, 1.5506], Current Cost = 97241.00, Rho = 1.000
(iter 200) [0.0, 1.2412, 1.5506] = 456.2319, sampling [1.0, 1.3678, -1.8983]. Recommendation = [0.0, 1.2412, 1.5506], Current Cost = 98241.00, Rho = 1.000
(iter 200) [0.0, 1.2412, 1.5506] = 456.2319, sampling [1.0, -1.1096, -1.5998]. Recommendation = [0.0, 1.2412, 1.5506], Current Cost = 98242.00, Rho = 1.000
(iter 200) [0.0, 1.2412, 1.5506] = 456.2319, sampling [0.0, 0.2435, -1.2976]. Recommendation = [0.0, 1.2412, 1.5506], Current Cost = 98243.00, Rho = 1.000
(iter 200) [0.0, 1.2412, 1.5506] = 456.2319, sampling [0.0, 1.0989, -0.1052]. Recommendation = [0.0, 1.2412, 1.5506], Current Cost = 99243.00, Rho = 1.000
