(iter 10) [0.0, -0.6012, 0.1956] = 450.9833, sampling [1.0, -0.0799, 0.6066]. Recommendation = [0.0, -0.6012, 0.1956], Current Cost = 5005.00, Rho = 1.000
(iter 10) [0.0, -0.6012, 0.1956] = 450.9833, sampling [1.0, -0.4734, 0.0053]. Recommendation = [0.0, -0.6012, 0.1956], Current Cost = 5006.00, Rho = 1.000
(iter 10) [0.0, -0.6012, 0.1956] = 450.9833, sampling [1.0, 0.0175, 0.2296]. Recommendation = [0.0, -0.6012, 0.1956], Current Cost = 5007.00, Rho = 1.000
(iter 10) [0.0, -0.6012, 0.1956] = 450.9833, sampling [1.0, -0.1700, -0.0558]. Recommendation = [0.0, -0.6012, 0.1956], Current Cost = 5008.00, Rho = 1.000
(iter 10) [0.0, -0.6012, 0.1956] = 450.9833, sampling [1.0, -0.3392, -0.1596]. Recommendation = [0.0, -0.1700, -0.0558], Current Cost = 5009.00, Rho = 1.000
(iter 10) [0.0, -0.6012, 0.1956] = 450.9833, sampling [1.0, 0.3547, 0.5735]. Recommendation = [0.0, -0.1700, -0.0558], Current Cost = 5010.00, Rho = 1.000
(iter 10) [0.0, -0.6012, 0.1956] = 450.9833, sampling [1.0, 0.0734, 0.3912]. Recommendation = [0.0, -0.1700, -0.0558], Current Cost = 5011.00, Rho = 1.000
(iter 10) [0.0, -0.6012, 0.1956] = 450.9833, sampling [1.0, -0.6354, 0.4958]. Recommendation = [0.0, -0.1700, -0.0558], Current Cost = 5012.00, Rho = 1.000
(iter 10) [0.0, -0.6012, 0.1956] = 450.9833, sampling [1.0, -0.7078, 0.3549]. Recommendation = [0.0, -0.1700, -0.0558], Current Cost = 5013.00, Rho = 1.000
(iter 10) [0.0, -0.6012, 0.1956] = 450.9833, sampling [1.0, -0.4920, -0.2015]. Recommendation = [0.0, -0.1700, -0.0558], Current Cost = 5014.00, Rho = 1.000
(iter 10) [0.0, -0.6012, 0.1956] = 450.9833, sampling [1.0, 0.0933, 0.8468]. Recommendation = [0.0, -0.1700, -0.0558], Current Cost = 5015.00, Rho = 1.000
(iter 10) [0.0, -0.6012, 0.1956] = 450.9833, sampling [1.0, -0.9034, 0.2424]. Recommendation = [0.0, -0.1700, -0.0558], Current Cost = 5016.00, Rho = 1.000
(iter 10) [0.0, -0.6012, 0.1956] = 450.9833, sampling [1.0, -0.7617, 0.4160]. Recommendation = [0.0, -0.1700, -0.0558], Current Cost = 5017.00, Rho = 1.000
(iter 10) [0.0, -0.6012, 0.1956] = 450.9833, sampling [1.0, -0.7680, 0.2936]. Recommendation = [0.0, -0.1700, -0.0558], Current Cost = 5018.00, Rho = 1.000
(iter 10) [0.0, -0.6012, 0.1956] = 450.9833, sampling [1.0, -0.7332, 0.7739]. Recommendation = [0.0, -0.1700, -0.0558], Current Cost = 5019.00, Rho = 1.000
(iter 10) [0.0, -0.6012, 0.1956] = 450.9833, sampling [1.0, -0.0403, -0.2443]. Recommendation = [0.0, -0.1700, -0.0558], Current Cost = 5020.00, Rho = 1.000
(iter 10) [0.0, -0.6012, 0.1956] = 450.9833, sampling [1.0, -0.3958, -0.3509]. Recommendation = [0.0, -0.1700, -0.0558], Current Cost = 5021.00, Rho = 1.000
(iter 10) [0.0, -0.6012, 0.1956] = 450.9833, sampling [1.0, 0.3084, 0.2096]. Recommendation = [0.0, -0.1700, -0.0558], Current Cost = 5022.00, Rho = 1.000
(iter 10) [0.0, -0.6012, 0.1956] = 450.9833, sampling [1.0, 0.1567, -0.1745]. Recommendation = [0.0, 0.3084, 0.2096], Current Cost = 5023.00, Rho = 1.000
(iter 10) [0.0, -0.6012, 0.1956] = 450.9833, sampling [1.0, 0.3400, -0.0050]. Recommendation = [0.0, 0.3084, 0.2096], Current Cost = 5024.00, Rho = 1.000
(iter 10) [0.0, -0.6012, 0.1956] = 450.9833, sampling [1.0, -0.5653, 1.0283]. Recommendation = [0.0, 0.3084, 0.2096], Current Cost = 5025.00, Rho = 1.000
(iter 10) [0.0, -0.6012, 0.1956] = 450.9833, sampling [1.0, 0.5985, 0.3361]. Recommendation = [0.0, 0.3084, 0.2096], Current Cost = 5026.00, Rho = 1.000
(iter 10) [0.0, -0.6012, 0.1956] = 450.9833, sampling [1.0, 0.6994, 0.5023]. Recommendation = [0.0, 0.5985, 0.3361], Current Cost = 5027.00, Rho = 1.000
(iter 10) [0.0, -0.6012, 0.1956] = 450.9833, sampling [1.0, 0.3956, -0.0221]. Recommendation = [0.0, 0.6994, 0.5023], Current Cost = 5028.00, Rho = 1.000
(iter 10) [0.0, -0.6012, 0.1956] = 450.9833, sampling [1.0, 0.2082, -0.3129]. Recommendation = [0.0, 0.6994, 0.5023], Current Cost = 5029.00, Rho = 1.000
(iter 10) [0.0, -0.6012, 0.1956] = 450.9833, sampling [1.0, -1.0894, 0.5841]. Recommendation = [0.0, 0.6994, 0.5023], Current Cost = 5030.00, Rho = 1.000
(iter 10) [0.0, -0.6012, 0.1956] = 450.9833, sampling [1.0, -0.7425, -0.5187]. Recommendation = [0.0, 0.6994, 0.5023], Current Cost = 5031.00, Rho = 1.000
(iter 10) [0.0, -0.6012, 0.1956] = 450.9833, sampling [1.0, -0.2207, 0.9252]. Recommendation = [0.0, 0.6994, 0.5023], Current Cost = 5032.00, Rho = 1.000
(iter 10) [0.0, -0.6012, 0.1956] = 450.9833, sampling [1.0, 0.8250, 0.5504]. Recommendation = [0.0, 0.6994, 0.5023], Current Cost = 5033.00, Rho = 1.000
(iter 10) [0.0, -0.6012, 0.1956] = 450.9833, sampling [1.0, 0.6657, 1.0184]. Recommendation = [0.0, 0.6994, 0.5023], Current Cost = 5034.00, Rho = 1.000
(iter 10) [0.0, -0.6012, 0.1956] = 450.9833, sampling [1.0, 0.4844, 0.9947]. Recommendation = [0.0, 0.6994, 0.5023], Current Cost = 5035.00, Rho = 1.000
(iter 10) [0.0, -0.6012, 0.1956] = 450.9833, sampling [1.0, -0.1171, -0.6492]. Recommendation = [0.0, 0.6994, 0.5023], Current Cost = 5036.00, Rho = 1.000
(iter 10) [0.0, -0.6012, 0.1956] = 450.9833, sampling [1.0, 0.5427, 0.8071]. Recommendation = [0.0, 0.6994, 0.5023], Current Cost = 5037.00, Rho = 1.000
(iter 10) [0.0, -0.6012, 0.1956] = 450.9833, sampling [1.0, -1.0540, 0.3310]. Recommendation = [0.0, 0.6994, 0.5023], Current Cost = 5038.00, Rho = 1.000
(iter 10) [0.0, -0.6012, 0.1956] = 450.9833, sampling [1.0, -0.3777, -0.4771]. Recommendation = [0.0, 0.6994, 0.5023], Current Cost = 5039.00, Rho = 1.000
(iter 10) [0.0, -0.6012, 0.1956] = 450.9833, sampling [1.0, 0.1427, -0.5766]. Recommendation = [0.0, 0.6994, 0.5023], Current Cost = 5040.00, Rho = 1.000
(iter 10) [0.0, -0.6012, 0.1956] = 450.9833, sampling [1.0, 1.0000, 0.9593]. Recommendation = [0.0, 0.6994, 0.5023], Current Cost = 5041.00, Rho = 1.000
(iter 10) [0.0, -0.6012, 0.1956] = 450.9833, sampling [1.0, 1.0599, 0.8785]. Recommendation = [0.0, 0.6994, 0.5023], Current Cost = 5042.00, Rho = 1.000
(iter 10) [0.0, -0.6012, 0.1956] = 450.9833, sampling [1.0, 0.8133, 1.0713]. Recommendation = [0.0, 0.6994, 0.5023], Current Cost = 5043.00, Rho = 1.000
(iter 10) [0.0, -0.6012, 0.1956] = 450.9833, sampling [1.0, 1.0520, 0.6346]. Recommendation = [0.0, 0.6994, 0.5023], Current Cost = 5044.00, Rho = 1.000
(iter 10) [0.0, -0.6012, 0.1956] = 450.9833, sampling [1.0, 1.2166, 1.0424]. Recommendation = [0.0, 0.6994, 0.5023], Current Cost = 5045.00, Rho = 1.000
(iter 10) [0.0, -0.6012, 0.1956] = 450.9833, sampling [1.0, 0.7512, 1.2521]. Recommendation = [0.0, 0.6994, 0.5023], Current Cost = 5046.00, Rho = 1.000
(iter 10) [0.0, -0.6012, 0.1956] = 450.9833, sampling [1.0, 1.2004, 0.7673]. Recommendation = [0.0, 0.6994, 0.5023], Current Cost = 5047.00, Rho = 1.000
(iter 10) [0.0, -0.6012, 0.1956] = 450.9833, sampling [1.0, 1.2637, 1.3172]. Recommendation = [0.0, 0.6994, 0.5023], Current Cost = 5048.00, Rho = 1.000
(iter 10) [0.0, -0.6012, 0.1956] = 450.9833, sampling [1.0, 0.9687, 1.5087]. Recommendation = [0.0, 0.6994, 0.5023], Current Cost = 5049.00, Rho = 1.000
(iter 10) [0.0, -0.6012, 0.1956] = 450.9833, sampling [1.0, 1.3075, 1.2739]. Recommendation = [0.0, 0.6994, 0.5023], Current Cost = 5050.00, Rho = 1.000
(iter 10) [0.0, -0.6012, 0.1956] = 450.9833, sampling [1.0, 0.3268, 1.6101]. Recommendation = [0.0, 0.6994, 0.5023], Current Cost = 5051.00, Rho = 1.000
(iter 10) [0.0, -0.6012, 0.1956] = 450.9833, sampling [1.0, 1.4510, 1.1794]. Recommendation = [0.0, 0.6994, 0.5023], Current Cost = 5052.00, Rho = 1.000
(iter 10) [0.0, -0.6012, 0.1956] = 450.9833, sampling [1.0, -0.6704, 0.9657]. Recommendation = [0.0, 0.6994, 0.5023], Current Cost = 5053.00, Rho = 1.000
(iter 10) [0.0, -0.6012, 0.1956] = 450.9833, sampling [1.0, -1.1074, 0.7914]. Recommendation = [0.0, 0.6994, 0.5023], Current Cost = 5054.00, Rho = 1.000
(iter 10) [0.0, -0.6012, 0.1956] = 450.9833, sampling [1.0, -1.0782, 0.9846]. Recommendation = [0.0, 0.6994, 0.5023], Current Cost = 5055.00, Rho = 1.000
(iter 10) [0.0, -0.6012, 0.1956] = 450.9833, sampling [1.0, -1.0160, 1.1410]. Recommendation = [0.0, 0.6994, 0.5023], Current Cost = 5056.00, Rho = 1.000
(iter 10) [0.0, -0.6012, 0.1956] = 450.9833, sampling [1.0, -1.0318, 0.0331]. Recommendation = [0.0, 0.6994, 0.5023], Current Cost = 5057.00, Rho = 1.000
(iter 10) [0.0, -0.6012, 0.1956] = 450.9833, sampling [1.0, 0.8789, 0.1851]. Recommendation = [0.0, 0.6994, 0.5023], Current Cost = 5058.00, Rho = 1.000
(iter 10) [0.0, -0.6012, 0.1956] = 450.9833, sampling [1.0, 0.4512, -0.3680]. Recommendation = [0.0, 0.6994, 0.5023], Current Cost = 5059.00, Rho = 1.000
(iter 10) [0.0, -0.6012, 0.1956] = 450.9833, sampling [1.0, -0.6102, 1.4128]. Recommendation = [0.0, 0.6994, 0.5023], Current Cost = 5060.00, Rho = 1.000
(iter 10) [0.0, -0.6012, 0.1956] = 450.9833, sampling [1.0, 0.7634, -0.0474]. Recommendation = [0.0, 0.6994, 0.5023], Current Cost = 5061.00, Rho = 1.000
(iter 10) [0.0, -0.6012, 0.1956] = 450.9833, sampling [1.0, 1.1474, 0.4142]. Recommendation = [0.0, 0.6994, 0.5023], Current Cost = 5062.00, Rho = 1.000
(iter 10) [0.0, -0.6012, 0.1956] = 450.9833, sampling [1.0, 1.1635, 1.8424]. Recommendation = [0.0, 0.6994, 0.5023], Current Cost = 5063.00, Rho = 1.000
(iter 10) [0.0, -0.6012, 0.1956] = 450.9833, sampling [1.0, 1.5244, 1.8028]. Recommendation = [0.0, 0.6994, 0.5023], Current Cost = 5064.00, Rho = 1.000
(iter 10) [0.0, -0.6012, 0.1956] = 450.9833, sampling [1.0, 1.7240, 1.9442]. Recommendation = [0.0, 0.6994, 0.5023], Current Cost = 5065.00, Rho = 1.000
(iter 10) [0.0, -0.6012, 0.1956] = 450.9833, sampling [1.0, 1.5489, 1.3556]. Recommendation = [0.0, 0.6994, 0.5023], Current Cost = 5066.00, Rho = 1.000
(iter 10) [0.0, -0.6012, 0.1956] = 450.9833, sampling [1.0, 0.8464, 1.9256]. Recommendation = [0.0, 0.6994, 0.5023], Current Cost = 5067.00, Rho = 1.000
(iter 10) [0.0, -0.6012, 0.1956] = 450.9833, sampling [1.0, -0.2378, -0.7402]. Recommendation = [0.0, 0.6994, 0.5023], Current Cost = 5068.00, Rho = 1.000
(iter 10) [0.0, -0.6012, 0.1956] = 450.9833, sampling [1.0, 0.3701, 0.9300]. Recommendation = [0.0, 0.6994, 0.5023], Current Cost = 5069.00, Rho = 1.000
(iter 10) [0.0, -0.6012, 0.1956] = 450.9833, sampling [1.0, 0.1221, -0.7235]. Recommendation = [0.0, 0.6994, 0.5023], Current Cost = 5070.00, Rho = 1.000
(iter 10) [0.0, -0.6012, 0.1956] = 450.9833, sampling [1.0, 1.1854, 1.8568]. Recommendation = [0.0, 0.6994, 0.5023], Current Cost = 5071.00, Rho = 1.000
(iter 10) [0.0, -0.6012, 0.1956] = 450.9833, sampling [1.0, 0.4379, -0.4361]. Recommendation = [0.0, 0.6994, 0.5023], Current Cost = 5072.00, Rho = 1.000
(iter 10) [0.0, -0.6012, 0.1956] = 450.9833, sampling [1.0, 1.1711, 0.7052]. Recommendation = [0.0, 0.6994, 0.5023], Current Cost = 5073.00, Rho = 1.000
(iter 10) [0.0, -0.6012, 0.1956] = 450.9833, sampling [1.0, 1.3750, 1.2885]. Recommendation = [0.0, 0.6994, 0.5023], Current Cost = 5074.00, Rho = 1.000
(iter 10) [0.0, -0.6012, 0.1956] = 450.9833, sampling [1.0, -0.9251, 1.5012]. Recommendation = [0.0, 0.6994, 0.5023], Current Cost = 5075.00, Rho = 1.000
(iter 10) [0.0, -0.6012, 0.1956] = 450.9833, sampling [1.0, -1.3251, 0.8290]. Recommendation = [0.0, 0.6994, 0.5023], Current Cost = 5076.00, Rho = 1.000
(iter 10) [0.0, -0.6012, 0.1956] = 450.9833, sampling [1.0, 0.8828, 0.1202]. Recommendation = [0.0, 0.6994, 0.5023], Current Cost = 5077.00, Rho = 1.000
(iter 10) [0.0, -0.6012, 0.1956] = 450.9833, sampling [1.0, -0.9502, 1.7369]. Recommendation = [0.0, 0.6994, 0.5023], Current Cost = 5078.00, Rho = 1.000
(iter 10) [0.0, -0.6012, 0.1956] = 450.9833, sampling [1.0, -1.3010, 1.2400]. Recommendation = [0.0, 0.6994, 0.5023], Current Cost = 5079.00, Rho = 1.000
(iter 10) [0.0, -0.6012, 0.1956] = 450.9833, sampling [1.0, -1.2199, 1.9095]. Recommendation = [0.0, 0.6994, 0.5023], Current Cost = 5080.00, Rho = 1.000
(iter 10) [0.0, -0.6012, 0.1956] = 450.9833, sampling [1.0, -1.5016, 1.8099]. Recommendation = [0.0, 0.6994, 0.5023], Current Cost = 5081.00, Rho = 1.000
(iter 10) [0.0, -0.6012, 0.1956] = 450.9833, sampling [1.0, -1.6663, 1.6268]. Recommendation = [0.0, 0.6994, 0.5023], Current Cost = 5082.00, Rho = 1.000
(iter 10) [0.0, -0.6012, 0.1956] = 450.9833, sampling [1.0, -0.9776, 1.8738]. Recommendation = [0.0, 0.6994, 0.5023], Current Cost = 5083.00, Rho = 1.000
(iter 10) [0.0, -0.6012, 0.1956] = 450.9833, sampling [1.0, 0.1770, -0.6574]. Recommendation = [0.0, 0.6994, 0.5023], Current Cost = 5084.00, Rho = 1.000
(iter 10) [0.0, -0.6012, 0.1956] = 450.9833, sampling [1.0, 0.5044, -0.3806]. Recommendation = [0.0, 0.6994, 0.5023], Current Cost = 5085.00, Rho = 1.000
(iter 10) [0.0, -0.6012, 0.1956] = 450.9833, sampling [1.0, 1.3395, 0.6895]. Recommendation = [0.0, 0.6994, 0.5023], Current Cost = 5086.00, Rho = 1.000
(iter 10) [0.0, -0.6012, 0.1956] = 450.9833, sampling [1.0, 0.4131, -0.6726]. Recommendation = [0.0, 0.6994, 0.5023], Current Cost = 5087.00, Rho = 1.000
(iter 10) [0.0, -0.6012, 0.1956] = 450.9833, sampling [1.0, -0.3191, 1.2045]. Recommendation = [0.0, 0.6994, 0.5023], Current Cost = 5088.00, Rho = 1.000
(iter 10) [0.0, -0.6012, 0.1956] = 450.9833, sampling [1.0, -0.4173, -0.4597]. Recommendation = [0.0, 0.6994, 0.5023], Current Cost = 5089.00, Rho = 1.000
(iter 10) [0.0, -0.6012, 0.1956] = 450.9833, sampling [1.0, 0.6339, 1.3349]. Recommendation = [0.0, 0.6994, 0.5023], Current Cost = 5090.00, Rho = 1.000
(iter 10) [0.0, -0.6012, 0.1956] = 450.9833, sampling [1.0, -0.8307, 1.6327]. Recommendation = [0.0, 0.6994, 0.5023], Current Cost = 5091.00, Rho = 1.000
(iter 10) [0.0, -0.6012, 0.1956] = 450.9833, sampling [1.0, 0.2484, -0.8705]. Recommendation = [0.0, 0.6994, 0.5023], Current Cost = 5092.00, Rho = 1.000
(iter 10) [0.0, -0.6012, 0.1956] = 450.9833, sampling [1.0, 0.2617, 1.1008]. Recommendation = [0.0, 0.6994, 0.5023], Current Cost = 5093.00, Rho = 1.000
(iter 10) [0.0, -0.6012, 0.1956] = 450.9833, sampling [1.0, -0.4084, 1.9687]. Recommendation = [0.0, 0.6994, 0.5023], Current Cost = 5094.00, Rho = 1.000
(iter 10) [0.0, -0.6012, 0.1956] = 450.9833, sampling [1.0, -1.4613, 0.4561]. Recommendation = [0.0, 0.6994, 0.5023], Current Cost = 5095.00, Rho = 1.000
(iter 10) [0.0, -0.6012, 0.1956] = 450.9833, sampling [1.0, -0.6851, -0.8896]. Recommendation = [0.0, 0.6994, 0.5023], Current Cost = 5096.00, Rho = 1.000
(iter 10) [0.0, -0.6012, 0.1956] = 450.9833, sampling [1.0, 1.9504, 1.3618]. Recommendation = [0.0, 0.6994, 0.5023], Current Cost = 5097.00, Rho = 1.000
(iter 10) [0.0, -0.6012, 0.1956] = 450.9833, sampling [1.0, -0.2720, -0.9149]. Recommendation = [0.0, 0.6994, 0.5023], Current Cost = 5098.00, Rho = 1.000
(iter 10) [0.0, -0.6012, 0.1956] = 450.9833, sampling [1.0, 0.7174, 1.6736]. Recommendation = [0.0, 0.6994, 0.5023], Current Cost = 5099.00, Rho = 1.000
(iter 10) [0.0, -0.6012, 0.1956] = 450.9833, sampling [1.0, 0.0544, 1.1563]. Recommendation = [0.0, 0.6994, 0.5023], Current Cost = 5100.00, Rho = 1.000
(iter 10) [0.0, -0.6012, 0.1956] = 450.9833, sampling [1.0, -1.1611, -0.3858]. Recommendation = [0.0, 0.6994, 0.5023], Current Cost = 5101.00, Rho = 1.000
(iter 10) [0.0, -0.6012, 0.1956] = 450.9833, sampling [1.0, 0.5874, -0.6930]. Recommendation = [0.0, 0.6994, 0.5023], Current Cost = 5102.00, Rho = 1.000
(iter 10) [0.0, -0.6012, 0.1956] = 450.9833, sampling [1.0, 0.2299, -1.3504]. Recommendation = [0.0, 0.6994, 0.5023], Current Cost = 5103.00, Rho = 1.000
(iter 10) [0.0, -0.6012, 0.1956] = 450.9833, sampling [1.0, -1.9432, 1.7260]. Recommendation = [0.0, 0.6994, 0.5023], Current Cost = 5104.00, Rho = 1.000
(iter 10) [0.0, -0.6012, 0.1956] = 450.9833, sampling [1.0, -1.6063, 1.5293]. Recommendation = [0.0, 0.6994, 0.5023], Current Cost = 5105.00, Rho = 1.000
(iter 10) [0.0, -0.6012, 0.1956] = 450.9833, sampling [1.0, 1.2745, 0.4654]. Recommendation = [0.0, 0.6994, 0.5023], Current Cost = 5106.00, Rho = 1.000
(iter 10) [0.0, -0.6012, 0.1956] = 450.9833, sampling [1.0, 0.4744, -1.1048]. Recommendation = [0.0, 0.6994, 0.5023], Current Cost = 5107.00, Rho = 1.000
(iter 10) [0.0, -0.6012, 0.1956] = 450.9833, sampling [1.0, -0.5303, -1.9424]. Recommendation = [0.0, 0.6994, 0.5023], Current Cost = 5108.00, Rho = 1.000
(iter 10) [0.0, -0.6012, 0.1956] = 450.9833, sampling [1.0, 0.2885, 1.3057]. Recommendation = [0.0, 0.6994, 0.5023], Current Cost = 5109.00, Rho = 1.000
(iter 10) [0.0, -0.6012, 0.1956] = 450.9833, sampling [1.0, -0.3292, 1.4614]. Recommendation = [0.0, 0.6994, 0.5023], Current Cost = 5110.00, Rho = 1.000
(iter 10) [0.0, -0.6012, 0.1956] = 450.9833, sampling [1.0, 1.0882, -0.0920]. Recommendation = [0.0, 0.6994, 0.5023], Current Cost = 5111.00, Rho = 1.000
(iter 10) [0.0, -0.6012, 0.1956] = 450.9833, sampling [1.0, 1.2840, 0.2818]. Recommendation = [0.0, 0.6994, 0.5023], Current Cost = 5112.00, Rho = 1.000
(iter 10) [0.0, -0.6012, 0.1956] = 450.9833, sampling [1.0, -0.7034, 1.7796]. Recommendation = [0.0, 0.6994, 0.5023], Current Cost = 5113.00, Rho = 1.000
(iter 10) [0.0, -0.6012, 0.1956] = 450.9833, sampling [1.0, 0.7867, -0.6199]. Recommendation = [0.0, 0.6994, 0.5023], Current Cost = 5114.00, Rho = 1.000
(iter 10) [0.0, -0.6012, 0.1956] = 450.9833, sampling [1.0, -0.5242, -0.9911]. Recommendation = [0.0, 0.6994, 0.5023], Current Cost = 5115.00, Rho = 1.000
(iter 10) [0.0, -0.6012, 0.1956] = 450.9833, sampling [1.0, -0.5802, 1.5902]. Recommendation = [0.0, 0.6994, 0.5023], Current Cost = 5116.00, Rho = 1.000
(iter 10) [0.0, -0.6012, 0.1956] = 450.9833, sampling [1.0, -1.3817, 0.8546]. Recommendation = [0.0, 0.6994, 0.5023], Current Cost = 5117.00, Rho = 1.000
(iter 10) [0.0, -0.6012, 0.1956] = 450.9833, sampling [1.0, 0.4271, 1.4391]. Recommendation = [0.0, 0.6994, 0.5023], Current Cost = 5118.00, Rho = 1.000
(iter 10) [0.0, -0.6012, 0.1956] = 450.9833, sampling [1.0, -1.2641, 0.0647]. Recommendation = [0.0, 0.6994, 0.5023], Current Cost = 5119.00, Rho = 1.000
(iter 10) [0.0, -0.6012, 0.1956] = 450.9833, sampling [1.0, 1.7868, 1.9970]. Recommendation = [0.0, 0.6994, 0.5023], Current Cost = 5120.00, Rho = 1.000
(iter 10) [0.0, -0.6012, 0.1956] = 450.9833, sampling [1.0, -0.0827, 1.4836]. Recommendation = [0.0, 0.6994, 0.5023], Current Cost = 5121.00, Rho = 1.000
(iter 10) [0.0, -0.6012, 0.1956] = 450.9833, sampling [1.0, -1.6578, 1.3913]. Recommendation = [0.0, 0.6994, 0.5023], Current Cost = 5122.00, Rho = 1.000
(iter 10) [0.0, -0.6012, 0.1956] = 450.9833, sampling [1.0, 0.7692, 1.8391]. Recommendation = [0.0, 0.6994, 0.5023], Current Cost = 5123.00, Rho = 1.000
(iter 10) [0.0, -0.6012, 0.1956] = 450.9833, sampling [1.0, -0.8051, -0.7178]. Recommendation = [0.0, 0.6994, 0.5023], Current Cost = 5124.00, Rho = 1.000
(iter 10) [0.0, -0.6012, 0.1956] = 450.9833, sampling [1.0, 0.2866, 1.8932]. Recommendation = [0.0, 0.6994, 0.5023], Current Cost = 5125.00, Rho = 1.000
(iter 10) [0.0, -0.6012, 0.1956] = 450.9833, sampling [1.0, 0.7247, -1.6979]. Recommendation = [0.0, 0.6994, 0.5023], Current Cost = 5126.00, Rho = 1.000
(iter 10) [0.0, -0.6012, 0.1956] = 450.9833, sampling [1.0, 1.6192, 0.9039]. Recommendation = [0.0, 0.6994, 0.5023], Current Cost = 5127.00, Rho = 1.000
(iter 10) [0.0, -0.6012, 0.1956] = 450.9833, sampling [1.0, -1.9745, -1.3715]. Recommendation = [0.0, 0.6994, 0.5023], Current Cost = 5128.00, Rho = 1.000
(iter 10) [0.0, -0.6012, 0.1956] = 450.9833, sampling [1.0, -0.1407, -1.4628]. Recommendation = [0.0, 0.6994, 0.5023], Current Cost = 5129.00, Rho = 1.000
(iter 10) [0.0, -0.6012, 0.1956] = 450.9833, sampling [1.0, -0.0106, 1.1947]. Recommendation = [0.0, 0.6994, 0.5023], Current Cost = 5130.00, Rho = 1.000
(iter 10) [0.0, -0.6012, 0.1956] = 450.9833, sampling [1.0, 1.3462, 0.6127]. Recommendation = [0.0, 0.6994, 0.5023], Current Cost = 5131.00, Rho = 1.000
(iter 10) [0.0, -0.6012, 0.1956] = 450.9833, sampling [1.0, 0.8484, -0.8984]. Recommendation = [0.0, 0.6994, 0.5023], Current Cost = 5132.00, Rho = 1.000
(iter 10) [0.0, -0.6012, 0.1956] = 450.9833, sampling [1.0, 1.9262, 1.9671]. Recommendation = [0.0, 0.6994, 0.5023], Current Cost = 5133.00, Rho = 1.000
(iter 10) [0.0, -0.6012, 0.1956] = 450.9833, sampling [1.0, -1.1232, -0.1897]. Recommendation = [0.0, 0.6994, 0.5023], Current Cost = 5134.00, Rho = 1.000
(iter 10) [0.0, -0.6012, 0.1956] = 450.9833, sampling [1.0, 1.3836, 0.0600]. Recommendation = [0.0, 0.6994, 0.5023], Current Cost = 5135.00, Rho = 1.000
(iter 10) [0.0, -0.6012, 0.1956] = 450.9833, sampling [1.0, -0.4452, 1.6903]. Recommendation = [0.0, 0.6994, 0.5023], Current Cost = 5136.00, Rho = 1.000
(iter 10) [0.0, -0.6012, 0.1956] = 450.9833, sampling [1.0, 0.0051, -1.5014]. Recommendation = [0.0, 0.6994, 0.5023], Current Cost = 5137.00, Rho = 1.000
(iter 10) [0.0, -0.6012, 0.1956] = 450.9833, sampling [1.0, -1.0675, 0.0313]. Recommendation = [0.0, 0.6994, 0.5023], Current Cost = 5138.00, Rho = 1.000
(iter 10) [0.0, -0.6012, 0.1956] = 450.9833, sampling [1.0, -0.4608, -1.3254]. Recommendation = [0.0, 0.6994, 0.5023], Current Cost = 5139.00, Rho = 1.000
(iter 10) [0.0, -0.6012, 0.1956] = 450.9833, sampling [1.0, 1.8298, -1.9167]. Recommendation = [0.0, 0.6994, 0.5023], Current Cost = 5140.00, Rho = 1.000
(iter 10) [0.0, -0.6012, 0.1956] = 450.9833, sampling [1.0, -0.0231, 1.6625]. Recommendation = [0.0, 0.6994, 0.5023], Current Cost = 5141.00, Rho = 1.000
(iter 10) [0.0, -0.6012, 0.1956] = 450.9833, sampling [1.0, 0.2057, -1.6560]. Recommendation = [0.0, 0.6994, 0.5023], Current Cost = 5142.00, Rho = 1.000
(iter 10) [0.0, -0.6012, 0.1956] = 450.9833, sampling [1.0, -0.1820, 1.4402]. Recommendation = [0.0, 0.6994, 0.5023], Current Cost = 5143.00, Rho = 1.000
(iter 10) [0.0, -0.6012, 0.1956] = 450.9833, sampling [1.0, -0.9995, -0.5069]. Recommendation = [0.0, 0.6994, 0.5023], Current Cost = 5144.00, Rho = 1.000
(iter 10) [0.0, -0.6012, 0.1956] = 450.9833, sampling [0.0, 1.0000, 0.9593]. Recommendation = [0.0, 0.6994, 0.5023], Current Cost = 5145.00, Rho = 1.000
(iter 150) [0.0, 1.0000, 0.9593] = 456.1353, sampling [0.0, 0.6994, 0.5023]. Recommendation = [0.0, 0.6994, 0.5023], Current Cost = 6145.00, Rho = 1.000
(iter 151) [0.0, 0.6994, 0.5023] = 456.1923, sampling [1.0, -0.2604, -1.6266]. Recommendation = [0.0, 0.6994, 0.5023], Current Cost = 7145.00, Rho = 1.000
(iter 151) [0.0, 0.6994, 0.5023] = 456.1923, sampling [1.0, -0.2915, 1.5838]. Recommendation = [0.0, 0.6994, 0.5023], Current Cost = 7146.00, Rho = 1.000
(iter 151) [0.0, 0.6994, 0.5023] = 456.1923, sampling [1.0, -1.7480, 1.1213]. Recommendation = [0.0, 0.6994, 0.5023], Current Cost = 7147.00, Rho = 1.000
(iter 151) [0.0, 0.6994, 0.5023] = 456.1923, sampling [1.0, 1.6573, 0.5410]. Recommendation = [0.0, 0.6994, 0.5023], Current Cost = 7148.00, Rho = 1.000
(iter 151) [0.0, 0.6994, 0.5023] = 456.1923, sampling [1.0, 0.6743, -1.2807]. Recommendation = [0.0, 0.6994, 0.5023], Current Cost = 7149.00, Rho = 1.000
(iter 151) [0.0, 0.6994, 0.5023] = 456.1923, sampling [1.0, 0.5149, -1.5223]. Recommendation = [0.0, 0.6994, 0.5023], Current Cost = 7150.00, Rho = 1.000
(iter 151) [0.0, 0.6994, 0.5023] = 456.1923, sampling [1.0, 1.2322, -0.1440]. Recommendation = [0.0, 0.6994, 0.5023], Current Cost = 7151.00, Rho = 1.000
(iter 151) [0.0, 0.6994, 0.5023] = 456.1923, sampling [1.0, -0.2069, 1.7733]. Recommendation = [0.0, 0.6994, 0.5023], Current Cost = 7152.00, Rho = 1.000
(iter 151) [0.0, 0.6994, 0.5023] = 456.1923, sampling [1.0, -0.0581, -1.7879]. Recommendation = [0.0, 0.6994, 0.5023], Current Cost = 7153.00, Rho = 1.000
(iter 151) [0.0, 0.6994, 0.5023] = 456.1923, sampling [1.0, -0.5498, -1.2419]. Recommendation = [0.0, 0.6994, 0.5023], Current Cost = 7154.00, Rho = 1.000
(iter 151) [0.0, 0.6994, 0.5023] = 456.1923, sampling [1.0, 0.9380, -0.7572]. Recommendation = [0.0, 0.6994, 0.5023], Current Cost = 7155.00, Rho = 1.000
(iter 151) [0.0, 0.6994, 0.5023] = 456.1923, sampling [0.0, 0.5985, 0.3361]. Recommendation = [0.0, 0.6994, 0.5023], Current Cost = 7156.00, Rho = 1.000
(iter 151) [0.0, 0.6994, 0.5023] = 456.1923, sampling [1.0, -1.7882, 1.4060]. Recommendation = [0.0, 0.6994, 0.5023], Current Cost = 8156.00, Rho = 1.000
(iter 151) [0.0, 0.6994, 0.5023] = 456.1923, sampling [1.0, -1.8003, 0.7255]. Recommendation = [0.0, 0.6994, 0.5023], Current Cost = 8157.00, Rho = 1.000
(iter 151) [0.0, 0.6994, 0.5023] = 456.1923, sampling [1.0, -1.2949, -0.0972]. Recommendation = [0.0, 0.6994, 0.5023], Current Cost = 8158.00, Rho = 1.000
(iter 151) [0.0, 0.6994, 0.5023] = 456.1923, sampling [1.0, 0.0392, 1.7554]. Recommendation = [0.0, 0.6994, 0.5023], Current Cost = 8159.00, Rho = 1.000
(iter 151) [0.0, 0.6994, 0.5023] = 456.1923, sampling [1.0, -0.5073, -1.4213]. Recommendation = [0.0, 0.6994, 0.5023], Current Cost = 8160.00, Rho = 1.000
(iter 151) [0.0, 0.6994, 0.5023] = 456.1923, sampling [1.0, 0.1616, -1.9614]. Recommendation = [0.0, 0.6994, 0.5023], Current Cost = 8161.00, Rho = 1.000
(iter 151) [0.0, 0.6994, 0.5023] = 456.1923, sampling [1.0, -0.3650, 1.6963]. Recommendation = [0.0, 0.6994, 0.5023], Current Cost = 8162.00, Rho = 1.000
(iter 151) [0.0, 0.6994, 0.5023] = 456.1923, sampling [1.0, -0.8441, -1.0527]. Recommendation = [0.0, 0.6994, 0.5023], Current Cost = 8163.00, Rho = 1.000
(iter 151) [0.0, 0.6994, 0.5023] = 456.1923, sampling [1.0, -0.0989, 1.5493]. Recommendation = [0.0, 0.6994, 0.5023], Current Cost = 8164.00, Rho = 1.000
(iter 151) [0.0, 0.6994, 0.5023] = 456.1923, sampling [1.0, -0.1579, -1.9807]. Recommendation = [0.0, 0.6994, 0.5023], Current Cost = 8165.00, Rho = 1.000
(iter 151) [0.0, 0.6994, 0.5023] = 456.1923, sampling [1.0, 1.5584, 0.2579]. Recommendation = [0.0, 0.6994, 0.5023], Current Cost = 8166.00, Rho = 1.000
(iter 151) [0.0, 0.6994, 0.5023] = 456.1923, sampling [1.0, -1.3429, 0.0849]. Recommendation = [0.0, 0.6994, 0.5023], Current Cost = 8167.00, Rho = 1.000
(iter 151) [0.0, 0.6994, 0.5023] = 456.1923, sampling [1.0, 0.9220, -1.0875]. Recommendation = [0.0, 0.6994, 0.5023], Current Cost = 8168.00, Rho = 1.000
(iter 151) [0.0, 0.6994, 0.5023] = 456.1923, sampling [1.0, 0.6127, -1.4285]. Recommendation = [0.0, 0.6994, 0.5023], Current Cost = 8169.00, Rho = 1.000
(iter 151) [0.0, 0.6994, 0.5023] = 456.1923, sampling [1.0, 1.8942, 0.8890]. Recommendation = [0.0, 0.6994, 0.5023], Current Cost = 8170.00, Rho = 1.000
(iter 151) [0.0, 0.6994, 0.5023] = 456.1923, sampling [1.0, -0.6490, -1.6035]. Recommendation = [0.0, 0.6994, 0.5023], Current Cost = 8171.00, Rho = 1.000
(iter 151) [0.0, 0.6994, 0.5023] = 456.1923, sampling [1.0, -0.8959, -0.9559]. Recommendation = [0.0, 0.6994, 0.5023], Current Cost = 8172.00, Rho = 1.000
(iter 151) [0.0, 0.6994, 0.5023] = 456.1923, sampling [1.0, -1.6251, 0.3090]. Recommendation = [0.0, 0.6994, 0.5023], Current Cost = 8173.00, Rho = 1.000
(iter 151) [0.0, 0.6994, 0.5023] = 456.1923, sampling [1.0, 1.0260, -0.8220]. Recommendation = [0.0, 0.6994, 0.5023], Current Cost = 8174.00, Rho = 1.000
(iter 151) [0.0, 0.6994, 0.5023] = 456.1923, sampling [1.0, -1.9876, 1.5549]. Recommendation = [0.0, 0.6994, 0.5023], Current Cost = 8175.00, Rho = 1.000
(iter 151) [0.0, 0.6994, 0.5023] = 456.1923, sampling [1.0, 1.4840, -0.2366]. Recommendation = [0.0, 0.6994, 0.5023], Current Cost = 8176.00, Rho = 1.000
(iter 151) [0.0, 0.6994, 0.5023] = 456.1923, sampling [1.0, -1.2383, -0.5699]. Recommendation = [0.0, 0.6994, 0.5023], Current Cost = 8177.00, Rho = 1.000
(iter 151) [0.0, 0.6994, 0.5023] = 456.1923, sampling [1.0, -1.3744, -0.3266]. Recommendation = [0.0, 0.6994, 0.5023], Current Cost = 8178.00, Rho = 1.000
(iter 151) [0.0, 0.6994, 0.5023] = 456.1923, sampling [1.0, -0.9322, -1.3023]. Recommendation = [0.0, 0.6994, 0.5023], Current Cost = 8179.00, Rho = 1.000
(iter 151) [0.0, 0.6994, 0.5023] = 456.1923, sampling [1.0, -1.8967, 1.2246]. Recommendation = [0.0, 0.6994, 0.5023], Current Cost = 8180.00, Rho = 1.000
(iter 151) [0.0, 0.6994, 0.5023] = 456.1923, sampling [1.0, 1.3950, 0.1309]. Recommendation = [0.0, 0.6994, 0.5023], Current Cost = 8181.00, Rho = 1.000
(iter 151) [0.0, 0.6994, 0.5023] = 456.1923, sampling [1.0, 1.6678, 0.6837]. Recommendation = [0.0, 0.6994, 0.5023], Current Cost = 8182.00, Rho = 1.000
(iter 151) [0.0, 0.6994, 0.5023] = 456.1923, sampling [1.0, 1.9851, 0.1064]. Recommendation = [0.0, 0.6994, 0.5023], Current Cost = 8183.00, Rho = 1.000
(iter 151) [0.0, 0.6994, 0.5023] = 456.1923, sampling [1.0, 1.1100, -0.9660]. Recommendation = [0.0, 0.6994, 0.5023], Current Cost = 8184.00, Rho = 1.000
(iter 151) [0.0, 0.6994, 0.5023] = 456.1923, sampling [1.0, 0.6533, -1.3807]. Recommendation = [0.0, 0.6994, 0.5023], Current Cost = 8185.00, Rho = 1.000
(iter 151) [0.0, 0.6994, 0.5023] = 456.1923, sampling [1.0, -0.7895, -1.8365]. Recommendation = [0.0, 0.6994, 0.5023], Current Cost = 8186.00, Rho = 1.000
(iter 151) [0.0, 0.6994, 0.5023] = 456.1923, sampling [1.0, 0.5589, -1.5595]. Recommendation = [0.0, 0.6994, 0.5023], Current Cost = 8187.00, Rho = 1.000
(iter 151) [0.0, 0.6994, 0.5023] = 456.1923, sampling [1.0, -0.8780, -1.4450]. Recommendation = [0.0, 0.6994, 0.5023], Current Cost = 8188.00, Rho = 1.000
(iter 151) [0.0, 0.6994, 0.5023] = 456.1923, sampling [1.0, 0.9593, -1.0235]. Recommendation = [0.0, 0.6994, 0.5023], Current Cost = 8189.00, Rho = 1.000
(iter 151) [0.0, 0.6994, 0.5023] = 456.1923, sampling [1.0, -1.3486, -0.1189]. Recommendation = [0.0, 0.6994, 0.5023], Current Cost = 8190.00, Rho = 1.000
(iter 151) [0.0, 0.6994, 0.5023] = 456.1923, sampling [1.0, 1.0808, -1.2119]. Recommendation = [0.0, 0.6994, 0.5023], Current Cost = 8191.00, Rho = 1.000
(iter 151) [0.0, 0.6994, 0.5023] = 456.1923, sampling [1.0, -1.8851, -0.0750]. Recommendation = [0.0, 0.6994, 0.5023], Current Cost = 8192.00, Rho = 1.000
(iter 151) [0.0, 0.6994, 0.5023] = 456.1923, sampling [1.0, -1.1933, -1.0341]. Recommendation = [0.0, 0.6994, 0.5023], Current Cost = 8193.00, Rho = 1.000
(iter 151) [0.0, 0.6994, 0.5023] = 456.1923, sampling [1.0, 0.1112, -1.9921]. Recommendation = [0.0, 0.6994, 0.5023], Current Cost = 8194.00, Rho = 1.000
(iter 151) [0.0, 0.6994, 0.5023] = 456.1923, sampling [1.0, 0.9070, -1.6333]. Recommendation = [0.0, 0.6994, 0.5023], Current Cost = 8195.00, Rho = 1.000
(iter 151) [0.0, 0.6994, 0.5023] = 456.1923, sampling [1.0, 1.4177, -0.8136]. Recommendation = [0.0, 0.6994, 0.5023], Current Cost = 8196.00, Rho = 1.000
(iter 151) [0.0, 0.6994, 0.5023] = 456.1923, sampling [1.0, -1.8304, 0.4465]. Recommendation = [0.0, 0.6994, 0.5023], Current Cost = 8197.00, Rho = 1.000
(iter 151) [0.0, 0.6994, 0.5023] = 456.1923, sampling [1.0, -0.9738, -1.7228]. Recommendation = [0.0, 0.6994, 0.5023], Current Cost = 8198.00, Rho = 1.000
(iter 151) [0.0, 0.6994, 0.5023] = 456.1923, sampling [1.0, 1.0185, -1.0662]. Recommendation = [0.0, 0.6994, 0.5023], Current Cost = 8199.00, Rho = 1.000
(iter 151) [0.0, 0.6994, 0.5023] = 456.1923, sampling [1.0, -1.7197, 1.1047]. Recommendation = [0.0, 0.6994, 0.5023], Current Cost = 8200.00, Rho = 1.000
(iter 151) [0.0, 0.6994, 0.5023] = 456.1923, sampling [1.0, 1.8092, 0.6577]. Recommendation = [0.0, 0.6994, 0.5023], Current Cost = 8201.00, Rho = 1.000
(iter 151) [0.0, 0.6994, 0.5023] = 456.1923, sampling [1.0, -1.5522, -0.2937]. Recommendation = [0.0, 0.6994, 0.5023], Current Cost = 8202.00, Rho = 1.000
(iter 151) [0.0, 0.6994, 0.5023] = 456.1923, sampling [1.0, -1.3931, -0.4036]. Recommendation = [0.0, 0.6994, 0.5023], Current Cost = 8203.00, Rho = 1.000
(iter 151) [0.0, 0.6994, 0.5023] = 456.1923, sampling [1.0, 1.7627, -0.5438]. Recommendation = [0.0, 0.6994, 0.5023], Current Cost = 8204.00, Rho = 1.000
(iter 151) [0.0, 0.6994, 0.5023] = 456.1923, sampling [1.0, -0.8553, -1.9266]. Recommendation = [0.0, 0.6994, 0.5023], Current Cost = 8205.00, Rho = 1.000
(iter 151) [0.0, 0.6994, 0.5023] = 456.1923, sampling [1.0, -1.2077, -1.1907]. Recommendation = [0.0, 0.6994, 0.5023], Current Cost = 8206.00, Rho = 1.000
(iter 151) [0.0, 0.6994, 0.5023] = 456.1923, sampling [1.0, -1.9536, 0.6547]. Recommendation = [0.0, 0.6994, 0.5023], Current Cost = 8207.00, Rho = 1.000
(iter 151) [0.0, 0.6994, 0.5023] = 456.1923, sampling [1.0, -1.1827, -1.5119]. Recommendation = [0.0, 0.6994, 0.5023], Current Cost = 8208.00, Rho = 1.000
(iter 151) [0.0, 0.6994, 0.5023] = 456.1923, sampling [1.0, 1.8048, 0.3830]. Recommendation = [0.0, 0.6994, 0.5023], Current Cost = 8209.00, Rho = 1.000
(iter 151) [0.0, 0.6994, 0.5023] = 456.1923, sampling [1.0, -1.1466, -1.8608]. Recommendation = [0.0, 0.6994, 0.5023], Current Cost = 8210.00, Rho = 1.000
(iter 151) [0.0, 0.6994, 0.5023] = 456.1923, sampling [1.0, 1.1232, -1.8211]. Recommendation = [0.0, 0.6994, 0.5023], Current Cost = 8211.00, Rho = 1.000
(iter 151) [0.0, 0.6994, 0.5023] = 456.1923, sampling [1.0, 0.9786, -1.5974]. Recommendation = [0.0, 0.6994, 0.5023], Current Cost = 8212.00, Rho = 1.000
(iter 151) [0.0, 0.6994, 0.5023] = 456.1923, sampling [1.0, 1.6396, -0.2167]. Recommendation = [0.0, 0.6994, 0.5023], Current Cost = 8213.00, Rho = 1.000
(iter 151) [0.0, 0.6994, 0.5023] = 456.1923, sampling [1.0, -1.4541, -0.9930]. Recommendation = [0.0, 0.6994, 0.5023], Current Cost = 8214.00, Rho = 1.000
(iter 151) [0.0, 0.6994, 0.5023] = 456.1923, sampling [1.0, -1.6809, -0.4953]. Recommendation = [0.0, 0.6994, 0.5023], Current Cost = 8215.00, Rho = 1.000
(iter 151) [0.0, 0.6994, 0.5023] = 456.1923, sampling [1.0, 1.5035, -0.6241]. Recommendation = [0.0, 0.6994, 0.5023], Current Cost = 8216.00, Rho = 1.000
(iter 151) [0.0, 0.6994, 0.5023] = 456.1923, sampling [1.0, 1.9092, 0.5277]. Recommendation = [0.0, 0.6994, 0.5023], Current Cost = 8217.00, Rho = 1.000
(iter 151) [0.0, 0.6994, 0.5023] = 456.1923, sampling [1.0, 1.7584, 0.1675]. Recommendation = [0.0, 0.6994, 0.5023], Current Cost = 8218.00, Rho = 1.000
(iter 151) [0.0, 0.6994, 0.5023] = 456.1923, sampling [1.0, 1.7399, -1.0928]. Recommendation = [0.0, 0.6994, 0.5023], Current Cost = 8219.00, Rho = 1.000
(iter 151) [0.0, 0.6994, 0.5023] = 456.1923, sampling [1.0, -1.5413, -1.8842]. Recommendation = [0.0, 0.6994, 0.5023], Current Cost = 8220.00, Rho = 1.000
(iter 151) [0.0, 0.6994, 0.5023] = 456.1923, sampling [1.0, -1.4105, -1.2649]. Recommendation = [0.0, 0.6994, 0.5023], Current Cost = 8221.00, Rho = 1.000
(iter 151) [0.0, 0.6994, 0.5023] = 456.1923, sampling [1.0, 1.4712, -1.4858]. Recommendation = [0.0, 0.6994, 0.5023], Current Cost = 8222.00, Rho = 1.000
(iter 151) [0.0, 0.6994, 0.5023] = 456.1923, sampling [1.0, 1.8553, -0.2603]. Recommendation = [0.0, 0.6994, 0.5023], Current Cost = 8223.00, Rho = 1.000
(iter 151) [0.0, 0.6994, 0.5023] = 456.1923, sampling [1.0, -1.6421, -0.2754]. Recommendation = [0.0, 0.6994, 0.5023], Current Cost = 8224.00, Rho = 1.000
(iter 151) [0.0, 0.6994, 0.5023] = 456.1923, sampling [1.0, -1.2560, -1.6903]. Recommendation = [0.0, 0.6994, 0.5023], Current Cost = 8225.00, Rho = 1.000
(iter 151) [0.0, 0.6994, 0.5023] = 456.1923, sampling [1.0, 1.5898, -0.7827]. Recommendation = [0.0, 0.6994, 0.5023], Current Cost = 8226.00, Rho = 1.000
(iter 151) [0.0, 0.6994, 0.5023] = 456.1923, sampling [0.0, 0.3084, 0.2096]. Recommendation = [0.0, 0.6994, 0.5023], Current Cost = 8227.00, Rho = 1.000
(iter 151) [0.0, 0.6994, 0.5023] = 456.1923, sampling [1.0, -1.9246, -0.8588]. Recommendation = [0.0, 0.6994, 0.5023], Current Cost = 9227.00, Rho = 1.000
(iter 151) [0.0, 0.6994, 0.5023] = 456.1923, sampling [1.0, 1.9703, -0.9282]. Recommendation = [0.0, 0.6994, 0.5023], Current Cost = 9228.00, Rho = 1.000
(iter 151) [0.0, 0.6994, 0.5023] = 456.1923, sampling [0.0, -0.1700, -0.0558]. Recommendation = [0.0, 0.6994, 0.5023], Current Cost = 9229.00, Rho = 1.000
(iter 151) [0.0, 0.6994, 0.5023] = 456.1923, sampling [1.0, 1.4385, -1.6780]. Recommendation = [0.0, 0.6994, 0.5023], Current Cost = 10229.00, Rho = 1.000
(iter 151) [0.0, 0.6994, 0.5023] = 456.1923, sampling [1.0, -1.5189, -1.5787]. Recommendation = [0.0, 0.6994, 0.5023], Current Cost = 10230.00, Rho = 1.000
(iter 151) [0.0, 0.6994, 0.5023] = 456.1923, sampling [1.0, -1.5828, -1.1815]. Recommendation = [0.0, 0.6994, 0.5023], Current Cost = 10231.00, Rho = 1.000
(iter 151) [0.0, 0.6994, 0.5023] = 456.1923, sampling [1.0, -1.7611, -0.5958]. Recommendation = [0.0, 0.6994, 0.5023], Current Cost = 10232.00, Rho = 1.000
(iter 151) [0.0, 0.6994, 0.5023] = 456.1923, sampling [1.0, 1.8655, 0.1524]. Recommendation = [0.0, 0.6994, 0.5023], Current Cost = 10233.00, Rho = 1.000
(iter 151) [0.0, 0.6994, 0.5023] = 456.1923, sampling [1.0, -1.7054, -0.4215]. Recommendation = [0.0, 0.6994, 0.5023], Current Cost = 10234.00, Rho = 1.000
(iter 151) [0.0, 0.6994, 0.5023] = 456.1923, sampling [1.0, 1.7083, -1.3281]. Recommendation = [0.0, 0.6994, 0.5023], Current Cost = 10235.00, Rho = 1.000
(iter 151) [0.0, 0.6994, 0.5023] = 456.1923, sampling [1.0, 1.5172, -1.8898]. Recommendation = [0.0, 0.6994, 0.5023], Current Cost = 10236.00, Rho = 1.000
(iter 151) [0.0, 0.6994, 0.5023] = 456.1923, sampling [0.0, 0.3400, -0.0050]. Recommendation = [0.0, 0.6994, 0.5023], Current Cost = 10237.00, Rho = 1.000
(iter 151) [0.0, 0.6994, 0.5023] = 456.1923, sampling [0.0, 0.8250, 0.5504]. Recommendation = [0.0, 0.6994, 0.5023], Current Cost = 11237.00, Rho = 1.000
(iter 151) [0.0, 0.6994, 0.5023] = 456.1923, sampling [1.0, -1.8631, -1.7608]. Recommendation = [0.0, 0.6994, 0.5023], Current Cost = 12237.00, Rho = 1.000
(iter 151) [0.0, 0.6994, 0.5023] = 456.1923, sampling [1.0, 1.6872, -0.8410]. Recommendation = [0.0, 0.6994, 0.5023], Current Cost = 12238.00, Rho = 1.000
(iter 151) [0.0, 0.6994, 0.5023] = 456.1923, sampling [1.0, 1.9636, -1.3957]. Recommendation = [0.0, 0.6994, 0.5023], Current Cost = 12239.00, Rho = 1.000
(iter 151) [0.0, 0.6994, 0.5023] = 456.1923, sampling [1.0, -1.4380, -1.8557]. Recommendation = [0.0, 0.6994, 0.5023], Current Cost = 12240.00, Rho = 1.000
(iter 151) [0.0, 0.6994, 0.5023] = 456.1923, sampling [1.0, 1.6035, -1.5404]. Recommendation = [0.0, 0.6994, 0.5023], Current Cost = 12241.00, Rho = 1.000
(iter 151) [0.0, 0.6994, 0.5023] = 456.1923, sampling [1.0, -1.9073, -1.2634]. Recommendation = [0.0, 0.6994, 0.5023], Current Cost = 12242.00, Rho = 1.000
(iter 151) [0.0, 0.6994, 0.5023] = 456.1923, sampling [1.0, -1.8473, -1.1257]. Recommendation = [0.0, 0.6994, 0.5023], Current Cost = 12243.00, Rho = 1.000
(iter 151) [0.0, 0.6994, 0.5023] = 456.1923, sampling [1.0, 1.8812, -0.7854]. Recommendation = [0.0, 0.6994, 0.5023], Current Cost = 12244.00, Rho = 1.000
(iter 151) [0.0, 0.6994, 0.5023] = 456.1923, sampling [1.0, -1.5267, -1.7942]. Recommendation = [0.0, 0.6994, 0.5023], Current Cost = 12245.00, Rho = 1.000
(iter 151) [0.0, 0.6994, 0.5023] = 456.1923, sampling [1.0, -1.7407, -1.2277]. Recommendation = [0.0, 0.6994, 0.5023], Current Cost = 12246.00, Rho = 1.000
(iter 151) [0.0, 0.6994, 0.5023] = 456.1923, sampling [1.0, -1.8176, -1.1425]. Recommendation = [0.0, 0.6994, 0.5023], Current Cost = 12247.00, Rho = 1.000
(iter 151) [0.0, 0.6994, 0.5023] = 456.1923, sampling [1.0, -1.4876, -1.7598]. Recommendation = [0.0, 0.6994, 0.5023], Current Cost = 12248.00, Rho = 1.000
(iter 151) [0.0, 0.6994, 0.5023] = 456.1923, sampling [1.0, 1.5828, -1.7387]. Recommendation = [0.0, 0.6994, 0.5023], Current Cost = 12249.00, Rho = 1.000
(iter 151) [0.0, 0.6994, 0.5023] = 456.1923, sampling [0.0, 0.0051, -1.5014]. Recommendation = [0.0, 0.6994, 0.5023], Current Cost = 12250.00, Rho = 1.000
(iter 151) [0.0, 0.6994, 0.5023] = 456.1923, sampling [0.0, 1.8092, 0.6577]. Recommendation = [0.0, 0.6994, 0.5023], Current Cost = 13250.00, Rho = 1.000
(iter 151) [0.0, 0.6994, 0.5023] = 456.1923, sampling [0.0, 1.5244, 1.8028]. Recommendation = [0.0, 0.6994, 0.5023], Current Cost = 14250.00, Rho = 1.000
(iter 151) [0.0, 0.6994, 0.5023] = 456.1923, sampling [0.0, -1.8851, -0.0750]. Recommendation = [0.0, 0.6994, 0.5023], Current Cost = 15250.00, Rho = 1.000
(iter 151) [0.0, 0.6994, 0.5023] = 456.1923, sampling [0.0, -1.9536, 0.6547]. Recommendation = [0.0, 0.6994, 0.5023], Current Cost = 16250.00, Rho = 1.000
(iter 151) [0.0, 0.6994, 0.5023] = 456.1923, sampling [0.0, 1.3395, 0.6895]. Recommendation = [0.0, 0.6994, 0.5023], Current Cost = 17250.00, Rho = 1.000
(iter 151) [0.0, 0.6994, 0.5023] = 456.1923, sampling [0.0, -0.7034, 1.7796]. Recommendation = [0.0, 0.6994, 0.5023], Current Cost = 18250.00, Rho = 1.000
(iter 151) [0.0, 0.6994, 0.5023] = 456.1923, sampling [0.0, -0.7680, 0.2936]. Recommendation = [0.0, 0.6994, 0.5023], Current Cost = 19250.00, Rho = 1.000
(iter 151) [0.0, 0.6994, 0.5023] = 456.1923, sampling [0.0, 0.7247, -1.6979]. Recommendation = [0.0, 0.6994, 0.5023], Current Cost = 20250.00, Rho = 1.000
(iter 151) [0.0, 0.6994, 0.5023] = 456.1923, sampling [0.0, -1.7480, 1.1213]. Recommendation = [0.0, 0.6994, 0.5023], Current Cost = 21250.00, Rho = 1.000
(iter 151) [0.0, 0.6994, 0.5023] = 456.1923, sampling [0.0, -1.9432, 1.7260]. Recommendation = [0.0, 0.6994, 0.5023], Current Cost = 22250.00, Rho = 1.000
(iter 151) [0.0, 0.6994, 0.5023] = 456.1923, sampling [0.0, -1.8631, -1.7608]. Recommendation = [0.0, 0.6994, 0.5023], Current Cost = 23250.00, Rho = 1.000
(iter 151) [0.0, 0.6994, 0.5023] = 456.1923, sampling [0.0, -0.2604, -1.6266]. Recommendation = [0.0, 0.6994, 0.5023], Current Cost = 24250.00, Rho = 1.000
(iter 151) [0.0, 0.6994, 0.5023] = 456.1923, sampling [0.0, 0.5874, -0.6930]. Recommendation = [0.0, 0.6994, 0.5023], Current Cost = 25250.00, Rho = 1.000
(iter 151) [0.0, 0.6994, 0.5023] = 456.1923, sampling [0.0, -0.4608, -1.3254]. Recommendation = [0.0, 0.6994, 0.5023], Current Cost = 26250.00, Rho = 1.000
(iter 151) [0.0, 0.6994, 0.5023] = 456.1923, sampling [0.0, -1.6663, 1.6268]. Recommendation = [0.0, 0.6994, 0.5023], Current Cost = 27250.00, Rho = 1.000
(iter 151) [0.0, 0.6994, 0.5023] = 456.1923, sampling [0.0, 0.2484, -0.8705]. Recommendation = [0.0, 0.6994, 0.5023], Current Cost = 28250.00, Rho = 1.000
(iter 151) [0.0, 0.6994, 0.5023] = 456.1923, sampling [0.0, -1.7197, 1.1047]. Recommendation = [0.0, 0.6994, 0.5023], Current Cost = 29250.00, Rho = 1.000
(iter 151) [0.0, 0.6994, 0.5023] = 456.1923, sampling [0.0, -1.2560, -1.6903]. Recommendation = [0.0, 0.6994, 0.5023], Current Cost = 30250.00, Rho = 1.000
(iter 151) [0.0, 0.6994, 0.5023] = 456.1923, sampling [0.0, -1.1232, -0.1897]. Recommendation = [0.0, 0.6994, 0.5023], Current Cost = 31250.00, Rho = 1.000
(iter 151) [0.0, 0.6994, 0.5023] = 456.1923, sampling [0.0, 1.4840, -0.2366]. Recommendation = [0.0, 0.6994, 0.5023], Current Cost = 32250.00, Rho = 1.000
(iter 151) [0.0, 0.6994, 0.5023] = 456.1923, sampling [0.0, 1.7399, -1.0928]. Recommendation = [0.0, 0.6994, 0.5023], Current Cost = 33250.00, Rho = 1.000
(iter 151) [0.0, 0.6994, 0.5023] = 456.1923, sampling [0.0, 0.3547, 0.5735]. Recommendation = [0.0, 0.6994, 0.5023], Current Cost = 34250.00, Rho = 1.000
(iter 151) [0.0, 0.6994, 0.5023] = 456.1923, sampling [0.0, 0.5044, -0.3806]. Recommendation = [0.0, 0.6994, 0.5023], Current Cost = 35250.00, Rho = 1.000
(iter 151) [0.0, 0.6994, 0.5023] = 456.1923, sampling [0.0, 0.9687, 1.5087]. Recommendation = [0.0, 0.6994, 0.5023], Current Cost = 36250.00, Rho = 1.000
(iter 151) [0.0, 0.6994, 0.5023] = 456.1923, sampling [0.0, 0.1616, -1.9614]. Recommendation = [0.0, 0.6994, 0.5023], Current Cost = 37250.00, Rho = 1.000
(iter 151) [0.0, 0.6994, 0.5023] = 456.1923, sampling [0.0, -0.0799, 0.6066]. Recommendation = [0.0, 0.6994, 0.5023], Current Cost = 38250.00, Rho = 1.000
(iter 151) [0.0, 0.6994, 0.5023] = 456.1923, sampling [0.0, -1.4613, 0.4561]. Recommendation = [0.0, 0.6994, 0.5023], Current Cost = 39250.00, Rho = 1.000
(iter 151) [0.0, 0.6994, 0.5023] = 456.1923, sampling [0.0, 0.2299, -1.3504]. Recommendation = [0.0, 0.6994, 0.5023], Current Cost = 40250.00, Rho = 1.000
(iter 151) [0.0, 0.6994, 0.5023] = 456.1923, sampling [0.0, 0.2057, -1.6560]. Recommendation = [0.0, 0.6994, 0.5023], Current Cost = 41250.00, Rho = 1.000
(iter 151) [0.0, 0.6994, 0.5023] = 456.1923, sampling [0.0, -1.5189, -1.5787]. Recommendation = [0.0, 0.6994, 0.5023], Current Cost = 42250.00, Rho = 1.000
(iter 151) [0.0, 0.6994, 0.5023] = 456.1923, sampling [0.0, -0.2207, 0.9252]. Recommendation = [0.0, 0.6994, 0.5023], Current Cost = 43250.00, Rho = 1.000
(iter 151) [0.0, 0.6994, 0.5023] = 456.1923, sampling [0.0, -0.1407, -1.4628]. Recommendation = [0.0, 0.6994, 0.5023], Current Cost = 44250.00, Rho = 1.000
(iter 151) [0.0, 0.6994, 0.5023] = 456.1923, sampling [0.0, -1.3744, -0.3266]. Recommendation = [0.0, 0.6994, 0.5023], Current Cost = 45250.00, Rho = 1.000
(iter 151) [0.0, 0.6994, 0.5023] = 456.1923, sampling [0.0, 0.2866, 1.8932]. Recommendation = [0.0, 0.6994, 0.5023], Current Cost = 46250.00, Rho = 1.000
(iter 151) [0.0, 0.6994, 0.5023] = 456.1923, sampling [0.0, 1.0520, 0.6346]. Recommendation = [0.0, 0.6994, 0.5023], Current Cost = 47250.00, Rho = 1.000
(iter 151) [0.0, 0.6994, 0.5023] = 456.1923, sampling [0.0, 0.6127, -1.4285]. Recommendation = [0.0, 0.6994, 0.5023], Current Cost = 48250.00, Rho = 1.000
(iter 151) [0.0, 0.6994, 0.5023] = 456.1923, sampling [0.0, 0.1567, -0.1745]. Recommendation = [0.0, 0.6994, 0.5023], Current Cost = 49250.00, Rho = 1.000
(iter 151) [0.0, 0.6994, 0.5023] = 456.1923, sampling [0.0, -0.6851, -0.8896]. Recommendation = [0.0, 0.6994, 0.5023], Current Cost = 50250.00, Rho = 1.000
(iter 151) [0.0, 0.6994, 0.5023] = 456.1923, sampling [0.0, -1.4380, -1.8557]. Recommendation = [0.0, 0.6994, 0.5023], Current Cost = 51250.00, Rho = 1.000
(iter 151) [0.0, 0.6994, 0.5023] = 456.1923, sampling [0.0, -1.3931, -0.4036]. Recommendation = [0.0, 0.6994, 0.5023], Current Cost = 52250.00, Rho = 1.000
(iter 151) [0.0, 0.6994, 0.5023] = 456.1923, sampling [0.0, 1.5898, -0.7827]. Recommendation = [0.0, 0.6994, 0.5023], Current Cost = 53250.00, Rho = 1.000
(iter 151) [0.0, 0.6994, 0.5023] = 456.1923, sampling [0.0, 1.1854, 1.8568]. Recommendation = [0.0, 0.6994, 0.5023], Current Cost = 54250.00, Rho = 1.000
(iter 151) [0.0, 0.6994, 0.5023] = 456.1923, sampling [0.0, -1.4105, -1.2649]. Recommendation = [0.0, 0.6994, 0.5023], Current Cost = 55250.00, Rho = 1.000
(iter 151) [0.0, 0.6994, 0.5023] = 456.1923, sampling [0.0, 0.2082, -0.3129]. Recommendation = [0.0, 0.6994, 0.5023], Current Cost = 56250.00, Rho = 1.000
(iter 151) [0.0, 0.6994, 0.5023] = 456.1923, sampling [0.0, 1.7868, 1.9970]. Recommendation = [0.0, 0.6994, 0.5023], Current Cost = 57250.00, Rho = 1.000
(iter 151) [0.0, 0.6994, 0.5023] = 456.1923, sampling [0.0, -0.2915, 1.5838]. Recommendation = [0.0, 0.6994, 0.5023], Current Cost = 58250.00, Rho = 1.000
(iter 151) [0.0, 0.6994, 0.5023] = 456.1923, sampling [0.0, -0.8441, -1.0527]. Recommendation = [0.0, 0.6994, 0.5023], Current Cost = 59250.00, Rho = 1.000
(iter 151) [0.0, 0.6994, 0.5023] = 456.1923, sampling [0.0, 0.1221, -0.7235]. Recommendation = [0.0, 0.6994, 0.5023], Current Cost = 60250.00, Rho = 1.000
(iter 151) [0.0, 0.6994, 0.5023] = 456.1923, sampling [0.0, 1.8298, -1.9167]. Recommendation = [0.0, 0.6994, 0.5023], Current Cost = 61250.00, Rho = 1.000
(iter 151) [0.0, 0.6994, 0.5023] = 456.1923, sampling [0.0, 1.7584, 0.1675]. Recommendation = [0.0, 0.6994, 0.5023], Current Cost = 62250.00, Rho = 1.000
(iter 151) [0.0, 0.6994, 0.5023] = 456.1923, sampling [0.0, 1.4712, -1.4858]. Recommendation = [0.0, 0.6994, 0.5023], Current Cost = 63250.00, Rho = 1.000
(iter 151) [0.0, 0.6994, 0.5023] = 456.1923, sampling [0.0, -0.5802, 1.5902]. Recommendation = [0.0, 0.6994, 0.5023], Current Cost = 64250.00, Rho = 1.000
(iter 151) [0.0, 0.6994, 0.5023] = 456.1923, sampling [0.0, 0.5427, 0.8071]. Recommendation = [0.0, 0.6994, 0.5023], Current Cost = 65250.00, Rho = 1.000
(iter 151) [0.0, 0.6994, 0.5023] = 456.1923, sampling [0.0, -1.9745, -1.3715]. Recommendation = [0.0, 0.6994, 0.5023], Current Cost = 66250.00, Rho = 1.000
(iter 151) [0.0, 0.6994, 0.5023] = 456.1923, sampling [0.0, 1.9703, -0.9282]. Recommendation = [0.0, 0.6994, 0.5023], Current Cost = 67250.00, Rho = 1.000
(iter 151) [0.0, 0.6994, 0.5023] = 456.1923, sampling [0.0, -1.1933, -1.0341]. Recommendation = [0.0, 0.6994, 0.5023], Current Cost = 68250.00, Rho = 1.000
(iter 151) [0.0, 0.6994, 0.5023] = 456.1923, sampling [0.0, -0.7332, 0.7739]. Recommendation = [0.0, 0.6994, 0.5023], Current Cost = 69250.00, Rho = 1.000
(iter 151) [0.0, 0.6994, 0.5023] = 456.1923, sampling [0.0, 0.9380, -0.7572]. Recommendation = [0.0, 0.6994, 0.5023], Current Cost = 70250.00, Rho = 1.000
(iter 151) [0.0, 0.6994, 0.5023] = 456.1923, sampling [0.0, 0.8464, 1.9256]. Recommendation = [0.0, 0.6994, 0.5023], Current Cost = 71250.00, Rho = 1.000
(iter 151) [0.0, 0.6994, 0.5023] = 456.1923, sampling [0.0, 0.6657, 1.0184]. Recommendation = [0.0, 0.6994, 0.5023], Current Cost = 72250.00, Rho = 1.000
(iter 151) [0.0, 0.6994, 0.5023] = 456.1923, sampling [0.0, -0.4734, 0.0053]. Recommendation = [0.0, 0.6994, 0.5023], Current Cost = 73250.00, Rho = 1.000
(iter 151) [0.0, 0.6994, 0.5023] = 456.1923, sampling [0.0, 1.5584, 0.2579]. Recommendation = [0.0, 0.6994, 0.5023], Current Cost = 74250.00, Rho = 1.000
(iter 151) [0.0, 0.6994, 0.5023] = 456.1923, sampling [0.0, -0.6102, 1.4128]. Recommendation = [0.0, 0.6994, 0.5023], Current Cost = 75250.00, Rho = 1.000
(iter 151) [0.0, 0.6994, 0.5023] = 456.1923, sampling [0.0, -0.0827, 1.4836]. Recommendation = [0.0, 0.6994, 0.5023], Current Cost = 76250.00, Rho = 1.000
(iter 151) [0.0, 0.6994, 0.5023] = 456.1923, sampling [0.0, -0.9502, 1.7369]. Recommendation = [0.0, 0.6994, 0.5023], Current Cost = 77250.00, Rho = 1.000
(iter 151) [0.0, 0.6994, 0.5023] = 456.1923, sampling [0.0, -0.9995, -0.5069]. Recommendation = [0.0, 0.6994, 0.5023], Current Cost = 78250.00, Rho = 1.000
(iter 151) [0.0, 0.6994, 0.5023] = 456.1923, sampling [0.0, -1.4541, -0.9930]. Recommendation = [0.0, 0.6994, 0.5023], Current Cost = 79250.00, Rho = 1.000
(iter 151) [0.0, 0.6994, 0.5023] = 456.1923, sampling [0.0, 0.4271, 1.4391]. Recommendation = [0.0, 0.6994, 0.5023], Current Cost = 80250.00, Rho = 1.000
(iter 151) [0.0, 0.6994, 0.5023] = 456.1923, sampling [0.0, 0.9070, -1.6333]. Recommendation = [0.0, 0.6994, 0.5023], Current Cost = 81250.00, Rho = 1.000
(iter 151) [0.0, 0.6994, 0.5023] = 456.1923, sampling [0.0, 0.9593, -1.0235]. Recommendation = [0.0, 0.6994, 0.5023], Current Cost = 82250.00, Rho = 1.000
(iter 151) [0.0, 0.6994, 0.5023] = 456.1923, sampling [0.0, 0.5149, -1.5223]. Recommendation = [0.0, 0.6994, 0.5023], Current Cost = 83250.00, Rho = 1.000
(iter 151) [0.0, 0.6994, 0.5023] = 456.1923, sampling [0.0, 0.4512, -0.3680]. Recommendation = [0.0, 0.6994, 0.5023], Current Cost = 84250.00, Rho = 1.000
(iter 151) [0.0, 0.6994, 0.5023] = 456.1923, sampling [0.0, -0.3958, -0.3509]. Recommendation = [0.0, 0.6994, 0.5023], Current Cost = 85250.00, Rho = 1.000
(iter 151) [0.0, 0.6994, 0.5023] = 456.1923, sampling [0.0, 1.2745, 0.4654]. Recommendation = [0.0, 0.6994, 0.5023], Current Cost = 86250.00, Rho = 1.000
(iter 151) [0.0, 0.6994, 0.5023] = 456.1923, sampling [0.0, 1.7083, -1.3281]. Recommendation = [0.0, 0.6994, 0.5023], Current Cost = 87250.00, Rho = 1.000
(iter 151) [0.0, 0.6994, 0.5023] = 456.1923, sampling [0.0, -0.7617, 0.4160]. Recommendation = [0.0, 0.6994, 0.5023], Current Cost = 88250.00, Rho = 1.000
(iter 151) [0.0, 0.6994, 0.5023] = 456.1923, sampling [0.0, -1.7611, -0.5958]. Recommendation = [0.0, 0.6994, 0.5023], Current Cost = 89250.00, Rho = 1.000
(iter 151) [0.0, 0.6994, 0.5023] = 456.1923, sampling [0.0, 1.9092, 0.5277]. Recommendation = [0.0, 0.6994, 0.5023], Current Cost = 90250.00, Rho = 1.000
(iter 151) [0.0, 0.6994, 0.5023] = 456.1923, sampling [0.0, -1.8003, 0.7255]. Recommendation = [0.0, 0.6994, 0.5023], Current Cost = 91250.00, Rho = 1.000
(iter 151) [0.0, 0.6994, 0.5023] = 456.1923, sampling [0.0, -0.3777, -0.4771]. Recommendation = [0.0, 0.6994, 0.5023], Current Cost = 92250.00, Rho = 1.000
(iter 151) [0.0, 0.6994, 0.5023] = 456.1923, sampling [0.0, -1.8967, 1.2246]. Recommendation = [0.0, 0.6994, 0.5023], Current Cost = 93250.00, Rho = 1.000
(iter 151) [0.0, 0.6994, 0.5023] = 456.1923, sampling [0.0, 0.0933, 0.8468]. Recommendation = [0.0, 0.6994, 0.5023], Current Cost = 94250.00, Rho = 1.000
(iter 151) [0.0, 0.6994, 0.5023] = 456.1923, sampling [0.0, 1.7240, 1.9442]. Recommendation = [0.0, 0.6994, 0.5023], Current Cost = 95250.00, Rho = 1.000
(iter 151) [0.0, 0.6994, 0.5023] = 456.1923, sampling [0.0, -0.9776, 1.8738]. Recommendation = [0.0, 0.6994, 0.5023], Current Cost = 96250.00, Rho = 1.000
(iter 151) [0.0, 0.6994, 0.5023] = 456.1923, sampling [0.0, -0.8959, -0.9559]. Recommendation = [0.0, 0.6994, 0.5023], Current Cost = 97250.00, Rho = 1.000
(iter 151) [0.0, 0.6994, 0.5023] = 456.1923, sampling [0.0, -1.0160, 1.1410]. Recommendation = [0.0, 0.6994, 0.5023], Current Cost = 98250.00, Rho = 1.000
(iter 151) [0.0, 0.6994, 0.5023] = 456.1923, sampling [0.0, -1.0675, 0.0313]. Recommendation = [0.0, 0.6994, 0.5023], Current Cost = 99250.00, Rho = 1.000
