(iter 10) [0.0, -0.4218, 1.0989] = 369.4598, sampling [1.0, 0.2333, 0.2861]. Recommendation = [0.0, -0.4218, 1.0989], Current Cost = 5005.00, Rho = 1.000
(iter 10) [0.0, -0.4218, 1.0989] = 369.4598, sampling [1.0, 0.1536, -0.2331]. Recommendation = [0.0, 0.2333, 0.2861], Current Cost = 5006.00, Rho = 1.000
(iter 10) [0.0, -0.4218, 1.0989] = 369.4598, sampling [1.0, 0.5171, -0.0114]. Recommendation = [0.0, 0.2333, 0.2861], Current Cost = 5007.00, Rho = 1.000
(iter 10) [0.0, -0.4218, 1.0989] = 369.4598, sampling [1.0, -0.1047, 0.4295]. Recommendation = [0.0, 0.3776, 0.1009], Current Cost = 5008.00, Rho = 1.000
(iter 10) [0.0, -0.4218, 1.0989] = 369.4598, sampling [1.0, 0.5715, 0.4949]. Recommendation = [0.0, 0.3776, 0.1009], Current Cost = 5009.00, Rho = 1.000
(iter 10) [0.0, -0.4218, 1.0989] = 369.4598, sampling [1.0, 0.2200, 0.4560]. Recommendation = [0.0, 0.3776, 0.1009], Current Cost = 5010.00, Rho = 1.000
(iter 10) [0.0, -0.4218, 1.0989] = 369.4598, sampling [1.0, 0.5592, 0.2337]. Recommendation = [0.0, 0.3776, 0.1009], Current Cost = 5011.00, Rho = 1.000
(iter 10) [0.0, -0.4218, 1.0989] = 369.4598, sampling [1.0, 0.3776, 0.1009]. Recommendation = [0.0, 0.3776, 0.1009], Current Cost = 5012.00, Rho = 1.000
(iter 10) [0.0, -0.4218, 1.0989] = 369.4598, sampling [1.0, -0.1878, 0.0512]. Recommendation = [0.0, 0.3776, 0.1009], Current Cost = 5013.00, Rho = 1.000
(iter 10) [0.0, -0.4218, 1.0989] = 369.4598, sampling [1.0, 0.0638, 0.2233]. Recommendation = [0.0, 0.0638, 0.2233], Current Cost = 5014.00, Rho = 1.000
(iter 10) [0.0, -0.4218, 1.0989] = 369.4598, sampling [1.0, -0.0178, -0.5374]. Recommendation = [0.0, 0.3776, 0.1009], Current Cost = 5015.00, Rho = 1.000
(iter 10) [0.0, -0.4218, 1.0989] = 369.4598, sampling [1.0, 0.3859, -0.1287]. Recommendation = [0.0, 0.3776, 0.1009], Current Cost = 5016.00, Rho = 1.000
(iter 10) [0.0, -0.4218, 1.0989] = 369.4598, sampling [1.0, -0.1286, 0.7567]. Recommendation = [0.0, 0.3776, 0.1009], Current Cost = 5017.00, Rho = 1.000
(iter 10) [0.0, -0.4218, 1.0989] = 369.4598, sampling [1.0, -0.1976, -0.3546]. Recommendation = [0.0, 0.3776, 0.1009], Current Cost = 5018.00, Rho = 1.000
(iter 10) [0.0, -0.4218, 1.0989] = 369.4598, sampling [1.0, 0.4883, 0.6955]. Recommendation = [0.0, 0.3776, 0.1009], Current Cost = 5019.00, Rho = 1.000
(iter 10) [0.0, -0.4218, 1.0989] = 369.4598, sampling [1.0, 0.2701, -0.3874]. Recommendation = [0.0, 0.3776, 0.1009], Current Cost = 5020.00, Rho = 1.000
(iter 10) [0.0, -0.4218, 1.0989] = 369.4598, sampling [1.0, -0.2284, -0.1140]. Recommendation = [0.0, 0.3776, 0.1009], Current Cost = 5021.00, Rho = 1.000
(iter 10) [0.0, -0.4218, 1.0989] = 369.4598, sampling [1.0, 0.6212, -0.2777]. Recommendation = [0.0, 0.3776, 0.1009], Current Cost = 5022.00, Rho = 1.000
(iter 10) [0.0, -0.4218, 1.0989] = 369.4598, sampling [1.0, 0.6964, 0.1441]. Recommendation = [0.0, 0.3776, 0.1009], Current Cost = 5023.00, Rho = 1.000
(iter 10) [0.0, -0.4218, 1.0989] = 369.4598, sampling [1.0, 0.6474, 0.3210]. Recommendation = [0.0, 0.3776, 0.1009], Current Cost = 5024.00, Rho = 1.000
(iter 10) [0.0, -0.4218, 1.0989] = 369.4598, sampling [1.0, 0.7648, 0.5250]. Recommendation = [0.0, 0.3776, 0.1009], Current Cost = 5025.00, Rho = 1.000
(iter 10) [0.0, -0.4218, 1.0989] = 369.4598, sampling [1.0, 0.1920, 1.0623]. Recommendation = [0.0, 0.6642, 0.4764], Current Cost = 5026.00, Rho = 1.000
(iter 10) [0.0, -0.4218, 1.0989] = 369.4598, sampling [1.0, 0.8099, 0.3910]. Recommendation = [0.0, 0.6642, 0.4764], Current Cost = 5027.00, Rho = 1.000
(iter 10) [0.0, -0.4218, 1.0989] = 369.4598, sampling [1.0, 0.0402, 0.3739]. Recommendation = [0.0, 0.6642, 0.4764], Current Cost = 5028.00, Rho = 1.000
(iter 10) [0.0, -0.4218, 1.0989] = 369.4598, sampling [1.0, -0.4526, 0.2499]. Recommendation = [0.0, 0.6642, 0.4764], Current Cost = 5029.00, Rho = 1.000
(iter 10) [0.0, -0.4218, 1.0989] = 369.4598, sampling [1.0, -0.2733, 0.0774]. Recommendation = [0.0, 0.6642, 0.4764], Current Cost = 5030.00, Rho = 1.000
(iter 10) [0.0, -0.4218, 1.0989] = 369.4598, sampling [1.0, 0.6642, 0.4764]. Recommendation = [0.0, 0.6642, 0.4764], Current Cost = 5031.00, Rho = 1.000
(iter 10) [0.0, -0.4218, 1.0989] = 369.4598, sampling [1.0, -0.4642, -0.0625]. Recommendation = [0.0, 0.6642, 0.4764], Current Cost = 5032.00, Rho = 1.000
(iter 10) [0.0, -0.4218, 1.0989] = 369.4598, sampling [1.0, -0.6593, 0.6256]. Recommendation = [0.0, 0.6642, 0.4764], Current Cost = 5033.00, Rho = 1.000
(iter 10) [0.0, -0.4218, 1.0989] = 369.4598, sampling [1.0, -0.6798, 0.1771]. Recommendation = [0.0, 0.6642, 0.4764], Current Cost = 5034.00, Rho = 1.000
(iter 10) [0.0, -0.4218, 1.0989] = 369.4598, sampling [1.0, -0.5034, 0.0266]. Recommendation = [0.0, 0.6642, 0.4764], Current Cost = 5035.00, Rho = 1.000
(iter 10) [0.0, -0.4218, 1.0989] = 369.4598, sampling [1.0, 0.3363, -0.6311]. Recommendation = [0.0, -0.4389, 0.1992], Current Cost = 5036.00, Rho = 1.000
(iter 10) [0.0, -0.4218, 1.0989] = 369.4598, sampling [1.0, -0.3279, 0.8547]. Recommendation = [0.0, -0.4389, 0.1992], Current Cost = 5037.00, Rho = 1.000
(iter 10) [0.0, -0.4218, 1.0989] = 369.4598, sampling [1.0, -0.4389, 0.1992]. Recommendation = [0.0, -0.4389, 0.1992], Current Cost = 5038.00, Rho = 1.000
(iter 10) [0.0, -0.4218, 1.0989] = 369.4598, sampling [1.0, 0.9617, 0.4985]. Recommendation = [0.0, 0.6642, 0.4764], Current Cost = 5039.00, Rho = 1.000
(iter 10) [0.0, -0.4218, 1.0989] = 369.4598, sampling [1.0, -0.6546, 0.7505]. Recommendation = [0.0, 0.6642, 0.4764], Current Cost = 5040.00, Rho = 1.000
(iter 10) [0.0, -0.4218, 1.0989] = 369.4598, sampling [1.0, -0.2190, -0.5829]. Recommendation = [0.0, 0.6642, 0.4764], Current Cost = 5041.00, Rho = 1.000
(iter 10) [0.0, -0.4218, 1.0989] = 369.4598, sampling [1.0, -0.8625, 0.6700]. Recommendation = [0.0, 0.6642, 0.4764], Current Cost = 5042.00, Rho = 1.000
(iter 10) [0.0, -0.4218, 1.0989] = 369.4598, sampling [1.0, -0.7716, 0.6447]. Recommendation = [0.0, 0.6642, 0.4764], Current Cost = 5043.00, Rho = 1.000
(iter 10) [0.0, -0.4218, 1.0989] = 369.4598, sampling [1.0, -0.7545, 0.8882]. Recommendation = [0.0, 0.6642, 0.4764], Current Cost = 5044.00, Rho = 1.000
(iter 10) [0.0, -0.4218, 1.0989] = 369.4598, sampling [1.0, -0.5297, -0.1857]. Recommendation = [0.0, 0.6642, 0.4764], Current Cost = 5045.00, Rho = 1.000
(iter 10) [0.0, -0.4218, 1.0989] = 369.4598, sampling [1.0, -0.9558, 0.6063]. Recommendation = [0.0, 0.6642, 0.4764], Current Cost = 5046.00, Rho = 1.000
(iter 10) [0.0, -0.4218, 1.0989] = 369.4598, sampling [1.0, -0.8847, 0.9057]. Recommendation = [0.0, 0.6642, 0.4764], Current Cost = 5047.00, Rho = 1.000
(iter 10) [0.0, -0.4218, 1.0989] = 369.4598, sampling [1.0, -0.8065, 1.1252]. Recommendation = [0.0, 0.6642, 0.4764], Current Cost = 5048.00, Rho = 1.000
(iter 10) [0.0, -0.4218, 1.0989] = 369.4598, sampling [1.0, -1.0383, 1.0265]. Recommendation = [0.0, 0.6642, 0.4764], Current Cost = 5049.00, Rho = 1.000
(iter 10) [0.0, -0.4218, 1.0989] = 369.4598, sampling [1.0, -1.1746, 0.8046]. Recommendation = [0.0, 0.6642, 0.4764], Current Cost = 5050.00, Rho = 1.000
(iter 10) [0.0, -0.4218, 1.0989] = 369.4598, sampling [1.0, -1.0142, 0.6765]. Recommendation = [0.0, 0.6642, 0.4764], Current Cost = 5051.00, Rho = 1.000
(iter 10) [0.0, -0.4218, 1.0989] = 369.4598, sampling [1.0, -0.5945, -0.0269]. Recommendation = [0.0, 0.6642, 0.4764], Current Cost = 5052.00, Rho = 1.000
(iter 10) [0.0, -0.4218, 1.0989] = 369.4598, sampling [1.0, 0.6261, 0.2647]. Recommendation = [0.0, 0.6642, 0.4764], Current Cost = 5053.00, Rho = 1.000
(iter 10) [0.0, -0.4218, 1.0989] = 369.4598, sampling [1.0, 0.8642, -0.1953]. Recommendation = [0.0, 0.6642, 0.4764], Current Cost = 5054.00, Rho = 1.000
(iter 10) [0.0, -0.4218, 1.0989] = 369.4598, sampling [1.0, 0.1228, 0.4362]. Recommendation = [0.0, 0.6642, 0.4764], Current Cost = 5055.00, Rho = 1.000
(iter 10) [0.0, -0.4218, 1.0989] = 369.4598, sampling [1.0, -0.9249, 1.5095]. Recommendation = [0.0, 0.6642, 0.4764], Current Cost = 5056.00, Rho = 1.000
(iter 10) [0.0, -0.4218, 1.0989] = 369.4598, sampling [1.0, -1.3308, 1.3121]. Recommendation = [0.0, 0.6642, 0.4764], Current Cost = 5057.00, Rho = 1.000
(iter 10) [0.0, -0.4218, 1.0989] = 369.4598, sampling [1.0, -1.2052, 1.5221]. Recommendation = [0.0, 0.6642, 0.4764], Current Cost = 5058.00, Rho = 1.000
(iter 10) [0.0, -0.4218, 1.0989] = 369.4598, sampling [1.0, -0.5208, 1.6381]. Recommendation = [0.0, 0.6642, 0.4764], Current Cost = 5059.00, Rho = 1.000
(iter 10) [0.0, -0.4218, 1.0989] = 369.4598, sampling [1.0, -1.2854, 1.3892]. Recommendation = [0.0, 0.6642, 0.4764], Current Cost = 5060.00, Rho = 1.000
(iter 10) [0.0, -0.4218, 1.0989] = 369.4598, sampling [1.0, 0.1410, -0.7156]. Recommendation = [0.0, 0.6642, 0.4764], Current Cost = 5061.00, Rho = 1.000
(iter 10) [0.0, -0.4218, 1.0989] = 369.4598, sampling [1.0, -1.4802, 1.2347]. Recommendation = [0.0, 0.6642, 0.4764], Current Cost = 5062.00, Rho = 1.000
(iter 10) [0.0, -0.4218, 1.0989] = 369.4598, sampling [1.0, 1.1338, 0.6083]. Recommendation = [0.0, 0.6642, 0.4764], Current Cost = 5063.00, Rho = 1.000
(iter 10) [0.0, -0.4218, 1.0989] = 369.4598, sampling [1.0, 0.4599, 1.0052]. Recommendation = [0.0, 0.6642, 0.4764], Current Cost = 5064.00, Rho = 1.000
(iter 10) [0.0, -0.4218, 1.0989] = 369.4598, sampling [1.0, -1.0980, 1.7526]. Recommendation = [0.0, 0.6642, 0.4764], Current Cost = 5065.00, Rho = 1.000
(iter 10) [0.0, -0.4218, 1.0989] = 369.4598, sampling [1.0, -0.7159, 0.8355]. Recommendation = [0.0, 0.6642, 0.4764], Current Cost = 5066.00, Rho = 1.000
(iter 10) [0.0, -0.4218, 1.0989] = 369.4598, sampling [1.0, -1.5591, 1.7914]. Recommendation = [0.0, 0.6642, 0.4764], Current Cost = 5067.00, Rho = 1.000
(iter 10) [0.0, -0.4218, 1.0989] = 369.4598, sampling [1.0, -1.2369, 0.5677]. Recommendation = [0.0, 0.6642, 0.4764], Current Cost = 5068.00, Rho = 1.000
(iter 10) [0.0, -0.4218, 1.0989] = 369.4598, sampling [1.0, -1.5810, 1.6520]. Recommendation = [0.0, 0.6642, 0.4764], Current Cost = 5069.00, Rho = 1.000
(iter 10) [0.0, -0.4218, 1.0989] = 369.4598, sampling [1.0, 0.5927, -0.5754]. Recommendation = [0.0, 0.6642, 0.4764], Current Cost = 5070.00, Rho = 1.000
(iter 10) [0.0, -0.4218, 1.0989] = 369.4598, sampling [1.0, 0.9858, 0.2911]. Recommendation = [0.0, 0.6642, 0.4764], Current Cost = 5071.00, Rho = 1.000
(iter 10) [0.0, -0.4218, 1.0989] = 369.4598, sampling [1.0, -1.0074, 1.0195]. Recommendation = [0.0, 0.6642, 0.4764], Current Cost = 5072.00, Rho = 1.000
(iter 10) [0.0, -0.4218, 1.0989] = 369.4598, sampling [1.0, -1.0687, 1.9194]. Recommendation = [0.0, 0.6642, 0.4764], Current Cost = 5073.00, Rho = 1.000
(iter 10) [0.0, -0.4218, 1.0989] = 369.4598, sampling [1.0, -0.0021, 0.3503]. Recommendation = [0.0, 0.6642, 0.4764], Current Cost = 5074.00, Rho = 1.000
(iter 10) [0.0, -0.4218, 1.0989] = 369.4598, sampling [1.0, 0.8811, 1.3034]. Recommendation = [0.0, 0.6642, 0.4764], Current Cost = 5075.00, Rho = 1.000
(iter 10) [0.0, -0.4218, 1.0989] = 369.4598, sampling [1.0, 0.4748, 1.3451]. Recommendation = [0.0, 0.6642, 0.4764], Current Cost = 5076.00, Rho = 1.000
(iter 10) [0.0, -0.4218, 1.0989] = 369.4598, sampling [1.0, 1.3346, 0.8651]. Recommendation = [0.0, 0.6642, 0.4764], Current Cost = 5077.00, Rho = 1.000
(iter 10) [0.0, -0.4218, 1.0989] = 369.4598, sampling [1.0, 1.1681, 1.2800]. Recommendation = [0.0, 0.6642, 0.4764], Current Cost = 5078.00, Rho = 1.000
(iter 10) [0.0, -0.4218, 1.0989] = 369.4598, sampling [1.0, 1.0004, 1.4971]. Recommendation = [0.0, 0.6642, 0.4764], Current Cost = 5079.00, Rho = 1.000
(iter 10) [0.0, -0.4218, 1.0989] = 369.4598, sampling [1.0, 0.9339, 1.3949]. Recommendation = [0.0, 0.6642, 0.4764], Current Cost = 5080.00, Rho = 1.000
(iter 10) [0.0, -0.4218, 1.0989] = 369.4598, sampling [1.0, 1.0979, 1.4744]. Recommendation = [0.0, 0.6642, 0.4764], Current Cost = 5081.00, Rho = 1.000
(iter 10) [0.0, -0.4218, 1.0989] = 369.4598, sampling [1.0, 1.2589, 1.4498]. Recommendation = [0.0, 0.6642, 0.4764], Current Cost = 5082.00, Rho = 1.000
(iter 10) [0.0, -0.4218, 1.0989] = 369.4598, sampling [1.0, 1.3225, 1.0522]. Recommendation = [0.0, 0.6642, 0.4764], Current Cost = 5083.00, Rho = 1.000
(iter 10) [0.0, -0.4218, 1.0989] = 369.4598, sampling [1.0, 0.9054, 1.7673]. Recommendation = [0.0, 0.6642, 0.4764], Current Cost = 5084.00, Rho = 1.000
(iter 10) [0.0, -0.4218, 1.0989] = 369.4598, sampling [1.0, -0.9668, 1.6965]. Recommendation = [0.0, 0.6642, 0.4764], Current Cost = 5085.00, Rho = 1.000
(iter 10) [0.0, -0.4218, 1.0989] = 369.4598, sampling [1.0, -0.0578, -0.6186]. Recommendation = [0.0, 0.6642, 0.4764], Current Cost = 5086.00, Rho = 1.000
(iter 10) [0.0, -0.4218, 1.0989] = 369.4598, sampling [1.0, 0.2889, 1.7393]. Recommendation = [0.0, 0.6642, 0.4764], Current Cost = 5087.00, Rho = 1.000
(iter 10) [0.0, -0.4218, 1.0989] = 369.4598, sampling [1.0, -0.6268, -0.3303]. Recommendation = [0.0, 0.6642, 0.4764], Current Cost = 5088.00, Rho = 1.000
(iter 10) [0.0, -0.4218, 1.0989] = 369.4598, sampling [1.0, 1.5624, 0.3590]. Recommendation = [0.0, 0.6642, 0.4764], Current Cost = 5089.00, Rho = 1.000
(iter 10) [0.0, -0.4218, 1.0989] = 369.4598, sampling [1.0, -0.5694, 0.0029]. Recommendation = [0.0, 0.6642, 0.4764], Current Cost = 5090.00, Rho = 1.000
(iter 10) [0.0, -0.4218, 1.0989] = 369.4598, sampling [1.0, 1.0536, 1.7176]. Recommendation = [0.0, 0.6642, 0.4764], Current Cost = 5091.00, Rho = 1.000
(iter 10) [0.0, -0.4218, 1.0989] = 369.4598, sampling [1.0, -0.1738, -0.6873]. Recommendation = [0.0, 0.6642, 0.4764], Current Cost = 5092.00, Rho = 1.000
(iter 10) [0.0, -0.4218, 1.0989] = 369.4598, sampling [1.0, -0.5492, 1.1818]. Recommendation = [0.0, 0.6642, 0.4764], Current Cost = 5093.00, Rho = 1.000
(iter 10) [0.0, -0.4218, 1.0989] = 369.4598, sampling [1.0, 1.1995, 1.8219]. Recommendation = [0.0, 0.6642, 0.4764], Current Cost = 5094.00, Rho = 1.000
(iter 10) [0.0, -0.4218, 1.0989] = 369.4598, sampling [1.0, 1.0575, 1.9330]. Recommendation = [0.0, 0.6642, 0.4764], Current Cost = 5095.00, Rho = 1.000
(iter 10) [0.0, -0.4218, 1.0989] = 369.4598, sampling [1.0, -1.9763, 1.8421]. Recommendation = [0.0, 0.6642, 0.4764], Current Cost = 5096.00, Rho = 1.000
(iter 10) [0.0, -0.4218, 1.0989] = 369.4598, sampling [1.0, 0.2461, -0.9232]. Recommendation = [0.0, 0.6642, 0.4764], Current Cost = 5097.00, Rho = 1.000
(iter 10) [0.0, -0.4218, 1.0989] = 369.4598, sampling [1.0, 0.5084, 1.1391]. Recommendation = [0.0, 0.6642, 0.4764], Current Cost = 5098.00, Rho = 1.000
(iter 10) [0.0, -0.4218, 1.0989] = 369.4598, sampling [1.0, -0.9398, -0.1499]. Recommendation = [0.0, 0.6642, 0.4764], Current Cost = 5099.00, Rho = 1.000
(iter 10) [0.0, -0.4218, 1.0989] = 369.4598, sampling [1.0, -0.0382, 1.1192]. Recommendation = [0.0, 0.6642, 0.4764], Current Cost = 5100.00, Rho = 1.000
(iter 10) [0.0, -0.4218, 1.0989] = 369.4598, sampling [1.0, 1.2114, 1.8777]. Recommendation = [0.0, 0.6642, 0.4764], Current Cost = 5101.00, Rho = 1.000
(iter 10) [0.0, -0.4218, 1.0989] = 369.4598, sampling [1.0, 1.4869, 1.4321]. Recommendation = [0.0, 0.6642, 0.4764], Current Cost = 5102.00, Rho = 1.000
(iter 10) [0.0, -0.4218, 1.0989] = 369.4598, sampling [1.0, 1.4466, 1.9505]. Recommendation = [0.0, 0.6642, 0.4764], Current Cost = 5103.00, Rho = 1.000
(iter 10) [0.0, -0.4218, 1.0989] = 369.4598, sampling [1.0, -1.4999, 0.7357]. Recommendation = [0.0, 0.6642, 0.4764], Current Cost = 5104.00, Rho = 1.000
(iter 10) [0.0, -0.4218, 1.0989] = 369.4598, sampling [1.0, -0.7434, 1.9895]. Recommendation = [0.0, 0.6642, 0.4764], Current Cost = 5105.00, Rho = 1.000
(iter 10) [0.0, -0.4218, 1.0989] = 369.4598, sampling [1.0, 0.7901, -0.5132]. Recommendation = [0.0, 0.6642, 0.4764], Current Cost = 5106.00, Rho = 1.000
(iter 10) [0.0, -0.4218, 1.0989] = 369.4598, sampling [1.0, 0.4213, -0.5992]. Recommendation = [0.0, 0.6642, 0.4764], Current Cost = 5107.00, Rho = 1.000
(iter 10) [0.0, -0.4218, 1.0989] = 369.4598, sampling [1.0, 0.0751, -0.9364]. Recommendation = [0.0, 0.6642, 0.4764], Current Cost = 5108.00, Rho = 1.000
(iter 10) [0.0, -0.4218, 1.0989] = 369.4598, sampling [1.0, 0.5426, -0.9673]. Recommendation = [0.0, 0.6642, 0.4764], Current Cost = 5109.00, Rho = 1.000
(iter 10) [0.0, -0.4218, 1.0989] = 369.4598, sampling [1.0, -0.8381, 1.5671]. Recommendation = [0.0, 0.6642, 0.4764], Current Cost = 5110.00, Rho = 1.000
(iter 10) [0.0, -0.4218, 1.0989] = 369.4598, sampling [1.0, 0.7757, 1.9622]. Recommendation = [0.0, 0.6642, 0.4764], Current Cost = 5111.00, Rho = 1.000
(iter 10) [0.0, -0.4218, 1.0989] = 369.4598, sampling [1.0, -0.2426, -0.7408]. Recommendation = [0.0, 0.6642, 0.4764], Current Cost = 5112.00, Rho = 1.000
(iter 10) [0.0, -0.4218, 1.0989] = 369.4598, sampling [1.0, 1.0213, -0.1115]. Recommendation = [0.0, 0.6642, 0.4764], Current Cost = 5113.00, Rho = 1.000
(iter 10) [0.0, -0.4218, 1.0989] = 369.4598, sampling [1.0, -0.1449, 1.3698]. Recommendation = [0.0, 0.6642, 0.4764], Current Cost = 5114.00, Rho = 1.000
(iter 10) [0.0, -0.4218, 1.0989] = 369.4598, sampling [1.0, -1.6406, 1.3428]. Recommendation = [0.0, 0.6642, 0.4764], Current Cost = 5115.00, Rho = 1.000
(iter 10) [0.0, -0.4218, 1.0989] = 369.4598, sampling [1.0, -1.1356, -0.0451]. Recommendation = [0.0, 0.6642, 0.4764], Current Cost = 5116.00, Rho = 1.000
(iter 10) [0.0, -0.4218, 1.0989] = 369.4598, sampling [1.0, 0.3148, 1.2137]. Recommendation = [0.0, 0.6642, 0.4764], Current Cost = 5117.00, Rho = 1.000
(iter 10) [0.0, -0.4218, 1.0989] = 369.4598, sampling [1.0, 1.1188, -0.7761]. Recommendation = [0.0, 0.6642, 0.4764], Current Cost = 5118.00, Rho = 1.000
(iter 10) [0.0, -0.4218, 1.0989] = 369.4598, sampling [1.0, 0.6761, -0.4910]. Recommendation = [0.0, 0.6642, 0.4764], Current Cost = 5119.00, Rho = 1.000
(iter 10) [0.0, -0.4218, 1.0989] = 369.4598, sampling [1.0, -0.8996, 1.6704]. Recommendation = [0.0, 0.6642, 0.4764], Current Cost = 5120.00, Rho = 1.000
(iter 10) [0.0, -0.4218, 1.0989] = 369.4598, sampling [1.0, 0.1895, -1.1318]. Recommendation = [0.0, 0.6642, 0.4764], Current Cost = 5121.00, Rho = 1.000
(iter 10) [0.0, -0.4218, 1.0989] = 369.4598, sampling [1.0, 1.3949, 0.9436]. Recommendation = [0.0, 0.6642, 0.4764], Current Cost = 5122.00, Rho = 1.000
(iter 10) [0.0, -0.4218, 1.0989] = 369.4598, sampling [1.0, -0.1196, -1.1844]. Recommendation = [0.0, 0.6642, 0.4764], Current Cost = 5123.00, Rho = 1.000
(iter 10) [0.0, -0.4218, 1.0989] = 369.4598, sampling [1.0, 0.0154, -1.0192]. Recommendation = [0.0, 0.6642, 0.4764], Current Cost = 5124.00, Rho = 1.000
(iter 10) [0.0, -0.4218, 1.0989] = 369.4598, sampling [1.0, -1.6138, 1.8936]. Recommendation = [0.0, 0.6642, 0.4764], Current Cost = 5125.00, Rho = 1.000
(iter 10) [0.0, -0.4218, 1.0989] = 369.4598, sampling [1.0, -0.3810, 1.4182]. Recommendation = [0.0, 0.6642, 0.4764], Current Cost = 5126.00, Rho = 1.000
(iter 10) [0.0, -0.4218, 1.0989] = 369.4598, sampling [1.0, 1.7047, 1.8296]. Recommendation = [0.0, 0.6642, 0.4764], Current Cost = 5127.00, Rho = 1.000
(iter 10) [0.0, -0.4218, 1.0989] = 369.4598, sampling [1.0, 0.4051, -1.6296]. Recommendation = [0.0, 0.6642, 0.4764], Current Cost = 5128.00, Rho = 1.000
(iter 10) [0.0, -0.4218, 1.0989] = 369.4598, sampling [1.0, 0.7452, 1.7940]. Recommendation = [0.0, 0.6642, 0.4764], Current Cost = 5129.00, Rho = 1.000
(iter 10) [0.0, -0.4218, 1.0989] = 369.4598, sampling [1.0, -0.3678, -1.0352]. Recommendation = [0.0, 0.6642, 0.4764], Current Cost = 5130.00, Rho = 1.000
(iter 10) [0.0, -0.4218, 1.0989] = 369.4598, sampling [1.0, 1.6387, 0.9864]. Recommendation = [0.0, 0.6642, 0.4764], Current Cost = 5131.00, Rho = 1.000
(iter 10) [0.0, -0.4218, 1.0989] = 369.4598, sampling [1.0, 0.4466, -1.2386]. Recommendation = [0.0, 0.6642, 0.4764], Current Cost = 5132.00, Rho = 1.000
(iter 10) [0.0, -0.4218, 1.0989] = 369.4598, sampling [1.0, -1.5139, 0.4146]. Recommendation = [0.0, 0.6642, 0.4764], Current Cost = 5133.00, Rho = 1.000
(iter 10) [0.0, -0.4218, 1.0989] = 369.4598, sampling [1.0, -1.6568, 1.8676]. Recommendation = [0.0, 0.6642, 0.4764], Current Cost = 5134.00, Rho = 1.000
(iter 10) [0.0, -0.4218, 1.0989] = 369.4598, sampling [1.0, 0.0320, -1.4108]. Recommendation = [0.0, 0.6642, 0.4764], Current Cost = 5135.00, Rho = 1.000
(iter 10) [0.0, -0.4218, 1.0989] = 369.4598, sampling [1.0, -0.0649, 1.6849]. Recommendation = [0.0, 0.6642, 0.4764], Current Cost = 5136.00, Rho = 1.000
(iter 10) [0.0, -0.4218, 1.0989] = 369.4598, sampling [1.0, 0.1014, -1.0928]. Recommendation = [0.0, 0.6642, 0.4764], Current Cost = 5137.00, Rho = 1.000
(iter 10) [0.0, -0.4218, 1.0989] = 369.4598, sampling [1.0, 1.2352, -0.2240]. Recommendation = [0.0, 0.6642, 0.4764], Current Cost = 5138.00, Rho = 1.000
(iter 10) [0.0, -0.4218, 1.0989] = 369.4598, sampling [1.0, -0.8655, -0.6969]. Recommendation = [0.0, 0.6642, 0.4764], Current Cost = 5139.00, Rho = 1.000
(iter 10) [0.0, -0.4218, 1.0989] = 369.4598, sampling [1.0, -1.0762, -0.2937]. Recommendation = [0.0, 0.6642, 0.4764], Current Cost = 5140.00, Rho = 1.000
(iter 10) [0.0, -0.4218, 1.0989] = 369.4598, sampling [1.0, -1.6930, 1.1592]. Recommendation = [0.0, 0.6642, 0.4764], Current Cost = 5141.00, Rho = 1.000
(iter 10) [0.0, -0.4218, 1.0989] = 369.4598, sampling [1.0, 1.4146, -1.8740]. Recommendation = [0.0, 0.6642, 0.4764], Current Cost = 5142.00, Rho = 1.000
(iter 10) [0.0, -0.4218, 1.0989] = 369.4598, sampling [1.0, -0.3470, -1.1183]. Recommendation = [0.0, 0.6642, 0.4764], Current Cost = 5143.00, Rho = 1.000
(iter 10) [0.0, -0.4218, 1.0989] = 369.4598, sampling [1.0, 1.3101, 0.0830]. Recommendation = [0.0, 0.6642, 0.4764], Current Cost = 5144.00, Rho = 1.000
(iter 10) [0.0, -0.4218, 1.0989] = 369.4598, sampling [1.0, -0.3010, -1.7532]. Recommendation = [0.0, 0.6642, 0.4764], Current Cost = 5145.00, Rho = 1.000
(iter 10) [0.0, -0.4218, 1.0989] = 369.4598, sampling [1.0, 0.1642, 1.0829]. Recommendation = [0.0, 0.6642, 0.4764], Current Cost = 5146.00, Rho = 1.000
(iter 10) [0.0, -0.4218, 1.0989] = 369.4598, sampling [1.0, -0.3914, 1.6168]. Recommendation = [0.0, 0.6642, 0.4764], Current Cost = 5147.00, Rho = 1.000
(iter 10) [0.0, -0.4218, 1.0989] = 369.4598, sampling [1.0, -0.0826, -1.4578]. Recommendation = [0.0, 0.6642, 0.4764], Current Cost = 5148.00, Rho = 1.000
(iter 10) [0.0, -0.4218, 1.0989] = 369.4598, sampling [1.0, 0.7121, -1.0618]. Recommendation = [0.0, 0.6642, 0.4764], Current Cost = 5149.00, Rho = 1.000
(iter 10) [0.0, -0.4218, 1.0989] = 369.4598, sampling [1.0, -1.2720, -0.1604]. Recommendation = [0.0, 0.6642, 0.4764], Current Cost = 5150.00, Rho = 1.000
(iter 10) [0.0, -0.4218, 1.0989] = 369.4598, sampling [1.0, -1.8459, 0.7847]. Recommendation = [0.0, 0.6642, 0.4764], Current Cost = 5151.00, Rho = 1.000
(iter 10) [0.0, -0.4218, 1.0989] = 369.4598, sampling [1.0, -0.7967, -1.0542]. Recommendation = [0.0, 0.6642, 0.4764], Current Cost = 5152.00, Rho = 1.000
(iter 10) [0.0, -0.4218, 1.0989] = 369.4598, sampling [1.0, -0.5917, -1.5096]. Recommendation = [0.0, 0.6642, 0.4764], Current Cost = 5153.00, Rho = 1.000
(iter 10) [0.0, -0.4218, 1.0989] = 369.4598, sampling [1.0, 0.0915, -1.8244]. Recommendation = [0.0, 0.6642, 0.4764], Current Cost = 5154.00, Rho = 1.000
(iter 10) [0.0, -0.4218, 1.0989] = 369.4598, sampling [1.0, 1.7626, 1.6122]. Recommendation = [0.0, 0.6642, 0.4764], Current Cost = 5155.00, Rho = 1.000
(iter 10) [0.0, -0.4218, 1.0989] = 369.4598, sampling [1.0, 1.6053, 0.8176]. Recommendation = [0.0, 0.6642, 0.4764], Current Cost = 5156.00, Rho = 1.000
(iter 10) [0.0, -0.4218, 1.0989] = 369.4598, sampling [1.0, 1.8961, 1.2832]. Recommendation = [0.0, 0.6642, 0.4764], Current Cost = 5157.00, Rho = 1.000
(iter 10) [0.0, -0.4218, 1.0989] = 369.4598, sampling [1.0, -1.9392, 1.5747]. Recommendation = [0.0, 0.6642, 0.4764], Current Cost = 5158.00, Rho = 1.000
(iter 10) [0.0, -0.4218, 1.0989] = 369.4598, sampling [1.0, -1.1156, -0.4078]. Recommendation = [0.0, 0.6642, 0.4764], Current Cost = 5159.00, Rho = 1.000
(iter 10) [0.0, -0.4218, 1.0989] = 369.4598, sampling [1.0, 1.8150, -0.2583]. Recommendation = [0.0, 0.6642, 0.4764], Current Cost = 5160.00, Rho = 1.000
(iter 10) [0.0, -0.4218, 1.0989] = 369.4598, sampling [1.0, -0.6101, -1.8957]. Recommendation = [0.0, 0.6642, 0.4764], Current Cost = 5161.00, Rho = 1.000
(iter 10) [0.0, -0.4218, 1.0989] = 369.4598, sampling [1.0, -1.7419, -0.0869]. Recommendation = [0.0, 0.6642, 0.4764], Current Cost = 5162.00, Rho = 1.000
(iter 10) [0.0, -0.4218, 1.0989] = 369.4598, sampling [1.0, -0.6965, 1.9688]. Recommendation = [0.0, 0.6642, 0.4764], Current Cost = 5163.00, Rho = 1.000
(iter 10) [0.0, -0.4218, 1.0989] = 369.4598, sampling [1.0, 0.2747, -1.9885]. Recommendation = [0.0, 0.6642, 0.4764], Current Cost = 5164.00, Rho = 1.000
(iter 10) [0.0, -0.4218, 1.0989] = 369.4598, sampling [1.0, 0.8396, -1.0825]. Recommendation = [0.0, 0.6642, 0.4764], Current Cost = 5165.00, Rho = 1.000
(iter 10) [0.0, -0.4218, 1.0989] = 369.4598, sampling [1.0, -0.2596, -1.9402]. Recommendation = [0.0, 0.6642, 0.4764], Current Cost = 5166.00, Rho = 1.000
(iter 10) [0.0, -0.4218, 1.0989] = 369.4598, sampling [1.0, -0.8225, -1.3494]. Recommendation = [0.0, 0.6642, 0.4764], Current Cost = 5167.00, Rho = 1.000
(iter 10) [0.0, -0.4218, 1.0989] = 369.4598, sampling [1.0, 1.2241, -0.3705]. Recommendation = [0.0, 0.6642, 0.4764], Current Cost = 5168.00, Rho = 1.000
(iter 10) [0.0, -0.4218, 1.0989] = 369.4598, sampling [1.0, -0.4056, -1.6653]. Recommendation = [0.0, 0.6642, 0.4764], Current Cost = 5169.00, Rho = 1.000
(iter 10) [0.0, -0.4218, 1.0989] = 369.4598, sampling [1.0, 1.5794, 0.9247]. Recommendation = [0.0, 0.6642, 0.4764], Current Cost = 5170.00, Rho = 1.000
(iter 10) [0.0, -0.4218, 1.0989] = 369.4598, sampling [1.0, 0.3206, -1.6570]. Recommendation = [0.0, 0.6642, 0.4764], Current Cost = 5171.00, Rho = 1.000
(iter 10) [0.0, -0.4218, 1.0989] = 369.4598, sampling [1.0, 1.9709, 0.7105]. Recommendation = [0.0, 0.6642, 0.4764], Current Cost = 5172.00, Rho = 1.000
(iter 10) [0.0, -0.4218, 1.0989] = 369.4598, sampling [1.0, -1.8688, 1.2631]. Recommendation = [0.0, 0.6642, 0.4764], Current Cost = 5173.00, Rho = 1.000
(iter 10) [0.0, -0.4218, 1.0989] = 369.4598, sampling [1.0, 0.5814, -1.6411]. Recommendation = [0.0, 0.6642, 0.4764], Current Cost = 5174.00, Rho = 1.000
(iter 10) [0.0, -0.4218, 1.0989] = 369.4598, sampling [1.0, 1.7847, 1.5372]. Recommendation = [0.0, 0.6642, 0.4764], Current Cost = 5175.00, Rho = 1.000
(iter 10) [0.0, -0.4218, 1.0989] = 369.4598, sampling [1.0, -1.2173, -0.7332]. Recommendation = [0.0, 0.6642, 0.4764], Current Cost = 5176.00, Rho = 1.000
(iter 10) [0.0, -0.4218, 1.0989] = 369.4598, sampling [1.0, -1.1960, -1.9660]. Recommendation = [0.0, 0.6642, 0.4764], Current Cost = 5177.00, Rho = 1.000
(iter 10) [0.0, -0.4218, 1.0989] = 369.4598, sampling [1.0, 0.3564, -1.8135]. Recommendation = [0.0, 0.6642, 0.4764], Current Cost = 5178.00, Rho = 1.000
(iter 10) [0.0, -0.4218, 1.0989] = 369.4598, sampling [1.0, -1.6169, 0.5834]. Recommendation = [0.0, 0.6642, 0.4764], Current Cost = 5179.00, Rho = 1.000
(iter 10) [0.0, -0.4218, 1.0989] = 369.4598, sampling [1.0, -0.4868, -1.5936]. Recommendation = [0.0, 0.6642, 0.4764], Current Cost = 5180.00, Rho = 1.000
(iter 10) [0.0, -0.4218, 1.0989] = 369.4598, sampling [1.0, 0.8315, -1.5294]. Recommendation = [0.0, 0.6642, 0.4764], Current Cost = 5181.00, Rho = 1.000
(iter 10) [0.0, -0.4218, 1.0989] = 369.4598, sampling [1.0, -1.3506, -0.5108]. Recommendation = [0.0, 0.6642, 0.4764], Current Cost = 5182.00, Rho = 1.000
(iter 10) [0.0, -0.4218, 1.0989] = 369.4598, sampling [1.0, 1.2954, -0.5569]. Recommendation = [0.0, 0.6642, 0.4764], Current Cost = 5183.00, Rho = 1.000
(iter 10) [0.0, -0.4218, 1.0989] = 369.4598, sampling [1.0, 1.8370, 1.4567]. Recommendation = [0.0, 0.6642, 0.4764], Current Cost = 5184.00, Rho = 1.000
(iter 10) [0.0, -0.4218, 1.0989] = 369.4598, sampling [1.0, -1.1677, -0.4441]. Recommendation = [0.0, 0.6642, 0.4764], Current Cost = 5185.00, Rho = 1.000
(iter 10) [0.0, -0.4218, 1.0989] = 369.4598, sampling [1.0, -0.7209, -1.7015]. Recommendation = [0.0, 0.6642, 0.4764], Current Cost = 5186.00, Rho = 1.000
(iter 10) [0.0, -0.4218, 1.0989] = 369.4598, sampling [1.0, 0.7301, -1.7617]. Recommendation = [0.0, 0.6642, 0.4764], Current Cost = 5187.00, Rho = 1.000
(iter 10) [0.0, -0.4218, 1.0989] = 369.4598, sampling [1.0, -1.9995, -1.0028]. Recommendation = [0.0, 0.6642, 0.4764], Current Cost = 5188.00, Rho = 1.000
(iter 10) [0.0, -0.4218, 1.0989] = 369.4598, sampling [1.0, 1.5148, -0.8998]. Recommendation = [0.0, 0.6642, 0.4764], Current Cost = 5189.00, Rho = 1.000
(iter 10) [0.0, -0.4218, 1.0989] = 369.4598, sampling [1.0, 1.6871, 0.9541]. Recommendation = [0.0, 0.6642, 0.4764], Current Cost = 5190.00, Rho = 1.000
(iter 10) [0.0, -0.4218, 1.0989] = 369.4598, sampling [1.0, 1.5857, 0.0368]. Recommendation = [0.0, 0.6642, 0.4764], Current Cost = 5191.00, Rho = 1.000
(iter 10) [0.0, -0.4218, 1.0989] = 369.4598, sampling [1.0, 1.7246, 0.5307]. Recommendation = [0.0, 0.6642, 0.4764], Current Cost = 5192.00, Rho = 1.000
(iter 10) [0.0, -0.4218, 1.0989] = 369.4598, sampling [1.0, -0.9790, -1.5399]. Recommendation = [0.0, 0.6642, 0.4764], Current Cost = 5193.00, Rho = 1.000
(iter 10) [0.0, -0.4218, 1.0989] = 369.4598, sampling [1.0, 1.6497, 0.7727]. Recommendation = [0.0, 0.6642, 0.4764], Current Cost = 5194.00, Rho = 1.000
(iter 10) [0.0, -0.4218, 1.0989] = 369.4598, sampling [1.0, 1.0787, -1.4541]. Recommendation = [0.0, 0.6642, 0.4764], Current Cost = 5195.00, Rho = 1.000
(iter 10) [0.0, -0.4218, 1.0989] = 369.4598, sampling [1.0, 1.3698, -0.4163]. Recommendation = [0.0, 0.6642, 0.4764], Current Cost = 5196.00, Rho = 1.000
(iter 10) [0.0, -0.4218, 1.0989] = 369.4598, sampling [1.0, -1.9596, 1.1863]. Recommendation = [0.0, 0.6642, 0.4764], Current Cost = 5197.00, Rho = 1.000
(iter 10) [0.0, -0.4218, 1.0989] = 369.4598, sampling [1.0, -1.6976, 0.1612]. Recommendation = [0.0, 0.6642, 0.4764], Current Cost = 5198.00, Rho = 1.000
(iter 10) [0.0, -0.4218, 1.0989] = 369.4598, sampling [1.0, 0.9161, -1.9249]. Recommendation = [0.0, 0.6642, 0.4764], Current Cost = 5199.00, Rho = 1.000
(iter 10) [0.0, -0.4218, 1.0989] = 369.4598, sampling [1.0, -1.9152, 0.5592]. Recommendation = [0.0, 0.6642, 0.4764], Current Cost = 5200.00, Rho = 1.000
(iter 10) [0.0, -0.4218, 1.0989] = 369.4598, sampling [1.0, 1.9481, 0.9754]. Recommendation = [0.0, 0.6642, 0.4764], Current Cost = 5201.00, Rho = 1.000
(iter 10) [0.0, -0.4218, 1.0989] = 369.4598, sampling [1.0, -1.2507, -0.8600]. Recommendation = [0.0, 0.6642, 0.4764], Current Cost = 5202.00, Rho = 1.000
(iter 10) [0.0, -0.4218, 1.0989] = 369.4598, sampling [1.0, 1.7317, 0.3157]. Recommendation = [0.0, 0.6642, 0.4764], Current Cost = 5203.00, Rho = 1.000
(iter 10) [0.0, -0.4218, 1.0989] = 369.4598, sampling [1.0, 0.8519, -1.7132]. Recommendation = [0.0, 0.6642, 0.4764], Current Cost = 5204.00, Rho = 1.000
(iter 10) [0.0, -0.4218, 1.0989] = 369.4598, sampling [1.0, 1.8874, -1.3823]. Recommendation = [0.0, 0.6642, 0.4764], Current Cost = 5205.00, Rho = 1.000
(iter 10) [0.0, -0.4218, 1.0989] = 369.4598, sampling [1.0, 1.3501, -0.6461]. Recommendation = [0.0, 0.6642, 0.4764], Current Cost = 5206.00, Rho = 1.000
(iter 10) [0.0, -0.4218, 1.0989] = 369.4598, sampling [1.0, -1.5960, -0.3065]. Recommendation = [0.0, 0.6642, 0.4764], Current Cost = 5207.00, Rho = 1.000
(iter 10) [0.0, -0.4218, 1.0989] = 369.4598, sampling [1.0, -1.0432, -1.7282]. Recommendation = [0.0, 0.6642, 0.4764], Current Cost = 5208.00, Rho = 1.000
(iter 10) [0.0, -0.4218, 1.0989] = 369.4598, sampling [1.0, 1.5424, -0.4668]. Recommendation = [0.0, 0.6642, 0.4764], Current Cost = 5209.00, Rho = 1.000
(iter 10) [0.0, -0.4218, 1.0989] = 369.4598, sampling [1.0, 1.1552, -0.7872]. Recommendation = [0.0, 0.6642, 0.4764], Current Cost = 5210.00, Rho = 1.000
(iter 10) [0.0, -0.4218, 1.0989] = 369.4598, sampling [1.0, 1.9586, 0.1145]. Recommendation = [0.0, 0.6642, 0.4764], Current Cost = 5211.00, Rho = 1.000
(iter 10) [0.0, -0.4218, 1.0989] = 369.4598, sampling [1.0, -1.4020, -0.4587]. Recommendation = [0.0, 0.6642, 0.4764], Current Cost = 5212.00, Rho = 1.000
(iter 10) [0.0, -0.4218, 1.0989] = 369.4598, sampling [1.0, -1.7152, -1.8413]. Recommendation = [0.0, 0.6642, 0.4764], Current Cost = 5213.00, Rho = 1.000
(iter 10) [0.0, -0.4218, 1.0989] = 369.4598, sampling [1.0, 1.2746, -1.3715]. Recommendation = [0.0, 0.6642, 0.4764], Current Cost = 5214.00, Rho = 1.000
(iter 10) [0.0, -0.4218, 1.0989] = 369.4598, sampling [1.0, -1.3029, -1.1471]. Recommendation = [0.0, 0.6642, 0.4764], Current Cost = 5215.00, Rho = 1.000
(iter 10) [0.0, -0.4218, 1.0989] = 369.4598, sampling [1.0, -1.5439, -0.6661]. Recommendation = [0.0, 0.6642, 0.4764], Current Cost = 5216.00, Rho = 1.000
(iter 10) [0.0, -0.4218, 1.0989] = 369.4598, sampling [1.0, 1.6193, -0.2458]. Recommendation = [0.0, 0.6642, 0.4764], Current Cost = 5217.00, Rho = 1.000
(iter 10) [0.0, -0.4218, 1.0989] = 369.4598, sampling [1.0, -1.1415, -1.5796]. Recommendation = [0.0, 0.6642, 0.4764], Current Cost = 5218.00, Rho = 1.000
(iter 10) [0.0, -0.4218, 1.0989] = 369.4598, sampling [1.0, -1.4493, -0.8720]. Recommendation = [0.0, 0.6642, 0.4764], Current Cost = 5219.00, Rho = 1.000
(iter 10) [0.0, -0.4218, 1.0989] = 369.4598, sampling [1.0, 1.1379, -0.7573]. Recommendation = [0.0, 0.6642, 0.4764], Current Cost = 5220.00, Rho = 1.000
(iter 10) [0.0, -0.4218, 1.0989] = 369.4598, sampling [1.0, -1.8741, 1.2195]. Recommendation = [0.0, 0.6642, 0.4764], Current Cost = 5221.00, Rho = 1.000
(iter 10) [0.0, -0.4218, 1.0989] = 369.4598, sampling [0.0, 0.3776, 0.1009]. Recommendation = [0.0, 0.6642, 0.4764], Current Cost = 5222.00, Rho = 1.000
(iter 227) [0.0, 0.3776, 0.1009] = 455.7392, sampling [0.0, 0.6642, 0.4764]. Recommendation = [0.0, 0.6642, 0.4764], Current Cost = 6222.00, Rho = 1.000
(iter 228) [0.0, 0.6642, 0.4764] = 456.0630, sampling [0.0, 0.7648, 0.5250]. Recommendation = [0.0, 0.6642, 0.4764], Current Cost = 7222.00, Rho = 1.000
(iter 228) [0.0, 0.6642, 0.4764] = 456.0630, sampling [1.0, -1.7856, -0.3505]. Recommendation = [0.0, 0.6642, 0.4764], Current Cost = 8222.00, Rho = 1.000
(iter 228) [0.0, 0.6642, 0.4764] = 456.0630, sampling [1.0, 1.9149, -1.9735]. Recommendation = [0.0, 0.6642, 0.4764], Current Cost = 8223.00, Rho = 1.000
(iter 228) [0.0, 0.6642, 0.4764] = 456.0630, sampling [1.0, 1.8005, -0.8046]. Recommendation = [0.0, 0.6642, 0.4764], Current Cost = 8224.00, Rho = 1.000
(iter 228) [0.0, 0.6642, 0.4764] = 456.0630, sampling [1.0, -1.3222, -1.3064]. Recommendation = [0.0, 0.6642, 0.4764], Current Cost = 8225.00, Rho = 1.000
(iter 228) [0.0, 0.6642, 0.4764] = 456.0630, sampling [0.0, 1.1681, 1.2800]. Recommendation = [0.0, 0.6642, 0.4764], Current Cost = 8226.00, Rho = 1.000
(iter 228) [0.0, 0.6642, 0.4764] = 456.0630, sampling [1.0, 1.3878, -1.4941]. Recommendation = [0.0, 0.6642, 0.4764], Current Cost = 9226.00, Rho = 1.000
(iter 228) [0.0, 0.6642, 0.4764] = 456.0630, sampling [1.0, 1.8475, -0.0715]. Recommendation = [0.0, 0.6642, 0.4764], Current Cost = 9227.00, Rho = 1.000
(iter 228) [0.0, 0.6642, 0.4764] = 456.0630, sampling [1.0, 1.5249, -1.3170]. Recommendation = [0.0, 0.6642, 0.4764], Current Cost = 9228.00, Rho = 1.000
(iter 228) [0.0, 0.6642, 0.4764] = 456.0630, sampling [1.0, 0.9542, -1.9081]. Recommendation = [0.0, 0.6642, 0.4764], Current Cost = 9229.00, Rho = 1.000
(iter 228) [0.0, 0.6642, 0.4764] = 456.0630, sampling [1.0, -1.5299, -0.8947]. Recommendation = [0.0, 0.6642, 0.4764], Current Cost = 9230.00, Rho = 1.000
(iter 228) [0.0, 0.6642, 0.4764] = 456.0630, sampling [1.0, -1.4256, -1.8659]. Recommendation = [0.0, 0.6642, 0.4764], Current Cost = 9231.00, Rho = 1.000
(iter 228) [0.0, 0.6642, 0.4764] = 456.0630, sampling [1.0, -1.7627, -1.3394]. Recommendation = [0.0, 0.6642, 0.4764], Current Cost = 9232.00, Rho = 1.000
(iter 228) [0.0, 0.6642, 0.4764] = 456.0630, sampling [1.0, 1.9979, -0.8309]. Recommendation = [0.0, 0.6642, 0.4764], Current Cost = 9233.00, Rho = 1.000
(iter 228) [0.0, 0.6642, 0.4764] = 456.0630, sampling [1.0, -1.6741, -0.9878]. Recommendation = [0.0, 0.6642, 0.4764], Current Cost = 9234.00, Rho = 1.000
(iter 228) [0.0, 0.6642, 0.4764] = 456.0630, sampling [1.0, 1.4332, -1.5641]. Recommendation = [0.0, 0.6642, 0.4764], Current Cost = 9235.00, Rho = 1.000
(iter 228) [0.0, 0.6642, 0.4764] = 456.0630, sampling [1.0, -1.3670, -1.2852]. Recommendation = [0.0, 0.6642, 0.4764], Current Cost = 9236.00, Rho = 1.000
(iter 228) [0.0, 0.6642, 0.4764] = 456.0630, sampling [1.0, 1.6648, -1.6892]. Recommendation = [0.0, 0.6642, 0.4764], Current Cost = 9237.00, Rho = 1.000
(iter 228) [0.0, 0.6642, 0.4764] = 456.0630, sampling [1.0, -1.8326, -1.6122]. Recommendation = [0.0, 0.6642, 0.4764], Current Cost = 9238.00, Rho = 1.000
(iter 228) [0.0, 0.6642, 0.4764] = 456.0630, sampling [1.0, 1.8632, -1.1676]. Recommendation = [0.0, 0.6642, 0.4764], Current Cost = 9239.00, Rho = 1.000
(iter 228) [0.0, 0.6642, 0.4764] = 456.0630, sampling [1.0, -1.4572, -1.7833]. Recommendation = [0.0, 0.6642, 0.4764], Current Cost = 9240.00, Rho = 1.000
(iter 228) [0.0, 0.6642, 0.4764] = 456.0630, sampling [1.0, 1.4587, -1.4869]. Recommendation = [0.0, 0.6642, 0.4764], Current Cost = 9241.00, Rho = 1.000
(iter 228) [0.0, 0.6642, 0.4764] = 456.0630, sampling [1.0, -1.7484, -1.1756]. Recommendation = [0.0, 0.6642, 0.4764], Current Cost = 9242.00, Rho = 1.000
(iter 228) [0.0, 0.6642, 0.4764] = 456.0630, sampling [1.0, 1.4974, -1.7977]. Recommendation = [0.0, 0.6642, 0.4764], Current Cost = 9243.00, Rho = 1.000
(iter 228) [0.0, 0.6642, 0.4764] = 456.0630, sampling [1.0, 1.7492, -1.4290]. Recommendation = [0.0, 0.6642, 0.4764], Current Cost = 9244.00, Rho = 1.000
(iter 228) [0.0, 0.6642, 0.4764] = 456.0630, sampling [1.0, -1.3880, -1.2487]. Recommendation = [0.0, 0.6642, 0.4764], Current Cost = 9245.00, Rho = 1.000
(iter 228) [0.0, 0.6642, 0.4764] = 456.0630, sampling [1.0, -1.8935, -1.3977]. Recommendation = [0.0, 0.6642, 0.4764], Current Cost = 9246.00, Rho = 1.000
(iter 228) [0.0, 0.6642, 0.4764] = 456.0630, sampling [0.0, 0.5592, 0.2337]. Recommendation = [0.0, 0.6642, 0.4764], Current Cost = 9247.00, Rho = 1.000
(iter 228) [0.0, 0.6642, 0.4764] = 456.0630, sampling [1.0, -1.9263, -0.9518]. Recommendation = [0.0, 0.6642, 0.4764], Current Cost = 10247.00, Rho = 1.000
(iter 228) [0.0, 0.6642, 0.4764] = 456.0630, sampling [0.0, -0.1878, 0.0512]. Recommendation = [0.0, 0.6642, 0.4764], Current Cost = 10248.00, Rho = 1.000
(iter 228) [0.0, 0.6642, 0.4764] = 456.0630, sampling [1.0, -1.8056, -1.2064]. Recommendation = [0.0, 0.6642, 0.4764], Current Cost = 11248.00, Rho = 1.000
(iter 228) [0.0, 0.6642, 0.4764] = 456.0630, sampling [1.0, -1.8212, -1.2797]. Recommendation = [0.0, 0.6642, 0.4764], Current Cost = 11249.00, Rho = 1.000
(iter 228) [0.0, 0.6642, 0.4764] = 456.0630, sampling [0.0, 1.4466, 1.9505]. Recommendation = [0.0, 0.6642, 0.4764], Current Cost = 11250.00, Rho = 1.000
(iter 228) [0.0, 0.6642, 0.4764] = 456.0630, sampling [0.0, 0.6474, 0.3210]. Recommendation = [0.0, 0.6642, 0.4764], Current Cost = 12250.00, Rho = 1.000
(iter 228) [0.0, 0.6642, 0.4764] = 456.0630, sampling [0.0, -1.8741, 1.2195]. Recommendation = [0.0, 0.6642, 0.4764], Current Cost = 13250.00, Rho = 1.000
(iter 228) [0.0, 0.6642, 0.4764] = 456.0630, sampling [0.0, -1.6406, 1.3428]. Recommendation = [0.0, 0.6642, 0.4764], Current Cost = 14250.00, Rho = 1.000
(iter 228) [0.0, 0.6642, 0.4764] = 456.0630, sampling [0.0, 1.2114, 1.8777]. Recommendation = [0.0, 0.6642, 0.4764], Current Cost = 15250.00, Rho = 1.000
(iter 228) [0.0, 0.6642, 0.4764] = 456.0630, sampling [0.0, 0.8099, 0.3910]. Recommendation = [0.0, 0.6642, 0.4764], Current Cost = 16250.00, Rho = 1.000
(iter 228) [0.0, 0.6642, 0.4764] = 456.0630, sampling [0.0, -0.1196, -1.1844]. Recommendation = [0.0, 0.6642, 0.4764], Current Cost = 17250.00, Rho = 1.000
(iter 228) [0.0, 0.6642, 0.4764] = 456.0630, sampling [0.0, -1.8459, 0.7847]. Recommendation = [0.0, 0.6642, 0.4764], Current Cost = 18250.00, Rho = 1.000
(iter 228) [0.0, 0.6642, 0.4764] = 456.0630, sampling [0.0, -1.1677, -0.4441]. Recommendation = [0.0, 0.6642, 0.4764], Current Cost = 19250.00, Rho = 1.000
(iter 228) [0.0, 0.6642, 0.4764] = 456.0630, sampling [0.0, 1.5424, -0.4668]. Recommendation = [0.0, 0.6642, 0.4764], Current Cost = 20250.00, Rho = 1.000
(iter 228) [0.0, 0.6642, 0.4764] = 456.0630, sampling [0.0, -1.3880, -1.2487]. Recommendation = [0.0, 0.6642, 0.4764], Current Cost = 21250.00, Rho = 1.000
(iter 228) [0.0, 0.6642, 0.4764] = 456.0630, sampling [0.0, 0.1410, -0.7156]. Recommendation = [0.0, 0.6642, 0.4764], Current Cost = 22250.00, Rho = 1.000
(iter 228) [0.0, 0.6642, 0.4764] = 456.0630, sampling [0.0, 0.1536, -0.2331]. Recommendation = [0.0, 0.6642, 0.4764], Current Cost = 23250.00, Rho = 1.000
(iter 228) [0.0, 0.6642, 0.4764] = 456.0630, sampling [0.0, -1.3222, -1.3064]. Recommendation = [0.0, 0.6642, 0.4764], Current Cost = 24250.00, Rho = 1.000
(iter 228) [0.0, 0.6642, 0.4764] = 456.0630, sampling [0.0, -0.9790, -1.5399]. Recommendation = [0.0, 0.6642, 0.4764], Current Cost = 25250.00, Rho = 1.000
(iter 228) [0.0, 0.6642, 0.4764] = 456.0630, sampling [0.0, -1.7856, -0.3505]. Recommendation = [0.0, 0.6642, 0.4764], Current Cost = 26250.00, Rho = 1.000
(iter 228) [0.0, 0.6642, 0.4764] = 456.0630, sampling [0.0, 0.9054, 1.7673]. Recommendation = [0.0, 0.6642, 0.4764], Current Cost = 27250.00, Rho = 1.000
(iter 228) [0.0, 0.6642, 0.4764] = 456.0630, sampling [0.0, -0.6798, 0.1771]. Recommendation = [0.0, 0.6642, 0.4764], Current Cost = 28250.00, Rho = 1.000
(iter 228) [0.0, 0.6642, 0.4764] = 456.0630, sampling [0.0, 1.3501, -0.6461]. Recommendation = [0.0, 0.6642, 0.4764], Current Cost = 29250.00, Rho = 1.000
(iter 228) [0.0, 0.6642, 0.4764] = 456.0630, sampling [0.0, -1.6741, -0.9878]. Recommendation = [0.0, 0.6642, 0.4764], Current Cost = 30250.00, Rho = 1.000
(iter 228) [0.0, 0.6642, 0.4764] = 456.0630, sampling [0.0, 0.9339, 1.3949]. Recommendation = [0.0, 0.6642, 0.4764], Current Cost = 31250.00, Rho = 1.000
(iter 228) [0.0, 0.6642, 0.4764] = 456.0630, sampling [0.0, -1.0980, 1.7526]. Recommendation = [0.0, 0.6642, 0.4764], Current Cost = 32250.00, Rho = 1.000
(iter 228) [0.0, 0.6642, 0.4764] = 456.0630, sampling [0.0, 1.5857, 0.0368]. Recommendation = [0.0, 0.6642, 0.4764], Current Cost = 33250.00, Rho = 1.000
(iter 228) [0.0, 0.6642, 0.4764] = 456.0630, sampling [0.0, 1.0004, 1.4971]. Recommendation = [0.0, 0.6642, 0.4764], Current Cost = 34250.00, Rho = 1.000
(iter 228) [0.0, 0.6642, 0.4764] = 456.0630, sampling [0.0, -1.5299, -0.8947]. Recommendation = [0.0, 0.6642, 0.4764], Current Cost = 35250.00, Rho = 1.000
(iter 228) [0.0, 0.6642, 0.4764] = 456.0630, sampling [0.0, -0.8381, 1.5671]. Recommendation = [0.0, 0.6642, 0.4764], Current Cost = 36250.00, Rho = 1.000
(iter 228) [0.0, 0.6642, 0.4764] = 456.0630, sampling [0.0, 1.8874, -1.3823]. Recommendation = [0.0, 0.6642, 0.4764], Current Cost = 37250.00, Rho = 1.000
(iter 228) [0.0, 0.6642, 0.4764] = 456.0630, sampling [0.0, -0.6593, 0.6256]. Recommendation = [0.0, 0.6642, 0.4764], Current Cost = 38250.00, Rho = 1.000
(iter 228) [0.0, 0.6642, 0.4764] = 456.0630, sampling [0.0, -1.5960, -0.3065]. Recommendation = [0.0, 0.6642, 0.4764], Current Cost = 39250.00, Rho = 1.000
(iter 228) [0.0, 0.6642, 0.4764] = 456.0630, sampling [0.0, 0.2333, 0.2861]. Recommendation = [0.0, 0.6642, 0.4764], Current Cost = 40250.00, Rho = 1.000
(iter 228) [0.0, 0.6642, 0.4764] = 456.0630, sampling [0.0, 0.7121, -1.0618]. Recommendation = [0.0, 0.6642, 0.4764], Current Cost = 41250.00, Rho = 1.000
(iter 228) [0.0, 0.6642, 0.4764] = 456.0630, sampling [0.0, -1.2173, -0.7332]. Recommendation = [0.0, 0.6642, 0.4764], Current Cost = 42250.00, Rho = 1.000
(iter 228) [0.0, 0.6642, 0.4764] = 456.0630, sampling [0.0, -0.7967, -1.0542]. Recommendation = [0.0, 0.6642, 0.4764], Current Cost = 43250.00, Rho = 1.000
(iter 228) [0.0, 0.6642, 0.4764] = 456.0630, sampling [0.0, -0.9398, -0.1499]. Recommendation = [0.0, 0.6642, 0.4764], Current Cost = 44250.00, Rho = 1.000
(iter 228) [0.0, 0.6642, 0.4764] = 456.0630, sampling [0.0, 0.9858, 0.2911]. Recommendation = [0.0, 0.6642, 0.4764], Current Cost = 45250.00, Rho = 1.000
(iter 228) [0.0, 0.6642, 0.4764] = 456.0630, sampling [0.0, 0.9617, 0.4985]. Recommendation = [0.0, 0.6642, 0.4764], Current Cost = 46250.00, Rho = 1.000
(iter 228) [0.0, 0.6642, 0.4764] = 456.0630, sampling [0.0, 1.6193, -0.2458]. Recommendation = [0.0, 0.6642, 0.4764], Current Cost = 47250.00, Rho = 1.000
(iter 228) [0.0, 0.6642, 0.4764] = 456.0630, sampling [0.0, 1.9149, -1.9735]. Recommendation = [0.0, 0.6642, 0.4764], Current Cost = 48250.00, Rho = 1.000
(iter 228) [0.0, 0.6642, 0.4764] = 456.0630, sampling [0.0, -0.4642, -0.0625]. Recommendation = [0.0, 0.6642, 0.4764], Current Cost = 49250.00, Rho = 1.000
(iter 228) [0.0, 0.6642, 0.4764] = 456.0630, sampling [0.0, 0.0154, -1.0192]. Recommendation = [0.0, 0.6642, 0.4764], Current Cost = 50250.00, Rho = 1.000
(iter 228) [0.0, 0.6642, 0.4764] = 456.0630, sampling [0.0, -0.7159, 0.8355]. Recommendation = [0.0, 0.6642, 0.4764], Current Cost = 51250.00, Rho = 1.000
(iter 228) [0.0, 0.6642, 0.4764] = 456.0630, sampling [0.0, 1.7317, 0.3157]. Recommendation = [0.0, 0.6642, 0.4764], Current Cost = 52250.00, Rho = 1.000
(iter 228) [0.0, 0.6642, 0.4764] = 456.0630, sampling [0.0, 0.8811, 1.3034]. Recommendation = [0.0, 0.6642, 0.4764], Current Cost = 53250.00, Rho = 1.000
(iter 228) [0.0, 0.6642, 0.4764] = 456.0630, sampling [0.0, 1.7626, 1.6122]. Recommendation = [0.0, 0.6642, 0.4764], Current Cost = 54250.00, Rho = 1.000
(iter 228) [0.0, 0.6642, 0.4764] = 456.0630, sampling [0.0, -0.6546, 0.7505]. Recommendation = [0.0, 0.6642, 0.4764], Current Cost = 55250.00, Rho = 1.000
(iter 228) [0.0, 0.6642, 0.4764] = 456.0630, sampling [0.0, -0.7434, 1.9895]. Recommendation = [0.0, 0.6642, 0.4764], Current Cost = 56250.00, Rho = 1.000
(iter 228) [0.0, 0.6642, 0.4764] = 456.0630, sampling [0.0, 0.2461, -0.9232]. Recommendation = [0.0, 0.6642, 0.4764], Current Cost = 57250.00, Rho = 1.000
(iter 228) [0.0, 0.6642, 0.4764] = 456.0630, sampling [0.0, 0.5084, 1.1391]. Recommendation = [0.0, 0.6642, 0.4764], Current Cost = 58250.00, Rho = 1.000
(iter 228) [0.0, 0.6642, 0.4764] = 456.0630, sampling [0.0, -1.4020, -0.4587]. Recommendation = [0.0, 0.6642, 0.4764], Current Cost = 59250.00, Rho = 1.000
(iter 228) [0.0, 0.6642, 0.4764] = 456.0630, sampling [0.0, 1.9481, 0.9754]. Recommendation = [0.0, 0.6642, 0.4764], Current Cost = 60250.00, Rho = 1.000
(iter 228) [0.0, 0.6642, 0.4764] = 456.0630, sampling [0.0, -1.9596, 1.1863]. Recommendation = [0.0, 0.6642, 0.4764], Current Cost = 61250.00, Rho = 1.000
(iter 228) [0.0, 0.6642, 0.4764] = 456.0630, sampling [0.0, 1.9586, 0.1145]. Recommendation = [0.0, 0.6642, 0.4764], Current Cost = 62250.00, Rho = 1.000
(iter 228) [0.0, 0.6642, 0.4764] = 456.0630, sampling [0.0, 1.1188, -0.7761]. Recommendation = [0.0, 0.6642, 0.4764], Current Cost = 63250.00, Rho = 1.000
(iter 228) [0.0, 0.6642, 0.4764] = 456.0630, sampling [0.0, 1.0787, -1.4541]. Recommendation = [0.0, 0.6642, 0.4764], Current Cost = 64250.00, Rho = 1.000
(iter 228) [0.0, 0.6642, 0.4764] = 456.0630, sampling [0.0, 1.4146, -1.8740]. Recommendation = [0.0, 0.6642, 0.4764], Current Cost = 65250.00, Rho = 1.000
(iter 228) [0.0, 0.6642, 0.4764] = 456.0630, sampling [0.0, -0.4056, -1.6653]. Recommendation = [0.0, 0.6642, 0.4764], Current Cost = 66250.00, Rho = 1.000
(iter 228) [0.0, 0.6642, 0.4764] = 456.0630, sampling [0.0, 0.8519, -1.7132]. Recommendation = [0.0, 0.6642, 0.4764], Current Cost = 67250.00, Rho = 1.000
(iter 228) [0.0, 0.6642, 0.4764] = 456.0630, sampling [0.0, -1.2052, 1.5221]. Recommendation = [0.0, 0.6642, 0.4764], Current Cost = 68250.00, Rho = 1.000
(iter 228) [0.0, 0.6642, 0.4764] = 456.0630, sampling [0.0, 0.4599, 1.0052]. Recommendation = [0.0, 0.6642, 0.4764], Current Cost = 69250.00, Rho = 1.000
(iter 228) [0.0, 0.6642, 0.4764] = 456.0630, sampling [0.0, -1.3506, -0.5108]. Recommendation = [0.0, 0.6642, 0.4764], Current Cost = 70250.00, Rho = 1.000
(iter 228) [0.0, 0.6642, 0.4764] = 456.0630, sampling [0.0, -0.6268, -0.3303]. Recommendation = [0.0, 0.6642, 0.4764], Current Cost = 71250.00, Rho = 1.000
(iter 228) [0.0, 0.6642, 0.4764] = 456.0630, sampling [0.0, -1.6138, 1.8936]. Recommendation = [0.0, 0.6642, 0.4764], Current Cost = 72250.00, Rho = 1.000
(iter 228) [0.0, 0.6642, 0.4764] = 456.0630, sampling [0.0, -0.5208, 1.6381]. Recommendation = [0.0, 0.6642, 0.4764], Current Cost = 73250.00, Rho = 1.000
(iter 228) [0.0, 0.6642, 0.4764] = 456.0630, sampling [0.0, 1.0536, 1.7176]. Recommendation = [0.0, 0.6642, 0.4764], Current Cost = 74250.00, Rho = 1.000
(iter 228) [0.0, 0.6642, 0.4764] = 456.0630, sampling [0.0, -0.2190, -0.5829]. Recommendation = [0.0, 0.6642, 0.4764], Current Cost = 75250.00, Rho = 1.000
(iter 228) [0.0, 0.6642, 0.4764] = 456.0630, sampling [0.0, -0.5492, 1.1818]. Recommendation = [0.0, 0.6642, 0.4764], Current Cost = 76250.00, Rho = 1.000
(iter 228) [0.0, 0.6642, 0.4764] = 456.0630, sampling [0.0, 0.6261, 0.2647]. Recommendation = [0.0, 0.6642, 0.4764], Current Cost = 77250.00, Rho = 1.000
(iter 228) [0.0, 0.6642, 0.4764] = 456.0630, sampling [0.0, 1.0979, 1.4744]. Recommendation = [0.0, 0.6642, 0.4764], Current Cost = 78250.00, Rho = 1.000
(iter 228) [0.0, 0.6642, 0.4764] = 456.0630, sampling [0.0, -1.4999, 0.7357]. Recommendation = [0.0, 0.6642, 0.4764], Current Cost = 79250.00, Rho = 1.000
(iter 228) [0.0, 0.6642, 0.4764] = 456.0630, sampling [0.0, 0.5171, -0.0114]. Recommendation = [0.0, 0.6642, 0.4764], Current Cost = 80250.00, Rho = 1.000
(iter 228) [0.0, 0.6642, 0.4764] = 456.0630, sampling [0.0, -0.7716, 0.6447]. Recommendation = [0.0, 0.6642, 0.4764], Current Cost = 81250.00, Rho = 1.000
(iter 228) [0.0, 0.6642, 0.4764] = 456.0630, sampling [0.0, -1.0383, 1.0265]. Recommendation = [0.0, 0.6642, 0.4764], Current Cost = 82250.00, Rho = 1.000
(iter 228) [0.0, 0.6642, 0.4764] = 456.0630, sampling [0.0, -0.1976, -0.3546]. Recommendation = [0.0, 0.6642, 0.4764], Current Cost = 83250.00, Rho = 1.000
(iter 228) [0.0, 0.6642, 0.4764] = 456.0630, sampling [0.0, 0.0402, 0.3739]. Recommendation = [0.0, 0.6642, 0.4764], Current Cost = 84250.00, Rho = 1.000
(iter 228) [0.0, 0.6642, 0.4764] = 456.0630, sampling [0.0, 1.4332, -1.5641]. Recommendation = [0.0, 0.6642, 0.4764], Current Cost = 85250.00, Rho = 1.000
(iter 228) [0.0, 0.6642, 0.4764] = 456.0630, sampling [0.0, 0.9542, -1.9081]. Recommendation = [0.0, 0.6642, 0.4764], Current Cost = 86250.00, Rho = 1.000
(iter 228) [0.0, 0.6642, 0.4764] = 456.0630, sampling [0.0, -0.5945, -0.0269]. Recommendation = [0.0, 0.6642, 0.4764], Current Cost = 87250.00, Rho = 1.000
(iter 228) [0.0, 0.6642, 0.4764] = 456.0630, sampling [0.0, -1.8326, -1.6122]. Recommendation = [0.0, 0.6642, 0.4764], Current Cost = 88250.00, Rho = 1.000
(iter 228) [0.0, 0.6642, 0.4764] = 456.0630, sampling [0.0, 0.0320, -1.4108]. Recommendation = [0.0, 0.6642, 0.4764], Current Cost = 89250.00, Rho = 1.000
(iter 228) [0.0, 0.6642, 0.4764] = 456.0630, sampling [0.0, -0.7545, 0.8882]. Recommendation = [0.0, 0.6642, 0.4764], Current Cost = 90250.00, Rho = 1.000
(iter 228) [0.0, 0.6642, 0.4764] = 456.0630, sampling [0.0, -0.1286, 0.7567]. Recommendation = [0.0, 0.6642, 0.4764], Current Cost = 91250.00, Rho = 1.000
(iter 228) [0.0, 0.6642, 0.4764] = 456.0630, sampling [0.0, -0.8625, 0.6700]. Recommendation = [0.0, 0.6642, 0.4764], Current Cost = 92250.00, Rho = 1.000
(iter 228) [0.0, 0.6642, 0.4764] = 456.0630, sampling [0.0, 1.5249, -1.3170]. Recommendation = [0.0, 0.6642, 0.4764], Current Cost = 93250.00, Rho = 1.000
(iter 228) [0.0, 0.6642, 0.4764] = 456.0630, sampling [0.0, 1.5624, 0.3590]. Recommendation = [0.0, 0.6642, 0.4764], Current Cost = 94250.00, Rho = 1.000
(iter 228) [0.0, 0.6642, 0.4764] = 456.0630, sampling [0.0, -1.0074, 1.0195]. Recommendation = [0.0, 0.6642, 0.4764], Current Cost = 95250.00, Rho = 1.000
(iter 228) [0.0, 0.6642, 0.4764] = 456.0630, sampling [0.0, 0.4748, 1.3451]. Recommendation = [0.0, 0.6642, 0.4764], Current Cost = 96250.00, Rho = 1.000
(iter 228) [0.0, 0.6642, 0.4764] = 456.0630, sampling [0.0, 0.1895, -1.1318]. Recommendation = [0.0, 0.6642, 0.4764], Current Cost = 97250.00, Rho = 1.000
(iter 228) [0.0, 0.6642, 0.4764] = 456.0630, sampling [0.0, 0.4883, 0.6955]. Recommendation = [0.0, 0.6642, 0.4764], Current Cost = 98250.00, Rho = 1.000
(iter 228) [0.0, 0.6642, 0.4764] = 456.0630, sampling [0.0, -0.0178, -0.5374]. Recommendation = [0.0, 0.6642, 0.4764], Current Cost = 99250.00, Rho = 1.000
