(iter 10) [0.0, 1.0824, 1.3818] = 451.8749, sampling [1.0, 0.7370, 1.2471]. Recommendation = [0.0, 1.0824, 1.3818], Current Cost = 5005.00, Rho = 1.000
(iter 10) [0.0, 1.0824, 1.3818] = 451.8749, sampling [1.0, 0.9612, 1.0593]. Recommendation = [0.0, 1.0824, 1.3818], Current Cost = 5006.00, Rho = 1.000
(iter 10) [0.0, 1.0824, 1.3818] = 451.8749, sampling [1.0, 0.7976, 0.9010]. Recommendation = [0.0, 0.9612, 1.0593], Current Cost = 5007.00, Rho = 1.000
(iter 10) [0.0, 1.0824, 1.3818] = 451.8749, sampling [1.0, 0.8530, 0.6192]. Recommendation = [0.0, 0.9612, 1.0593], Current Cost = 5008.00, Rho = 1.000
(iter 10) [0.0, 1.0824, 1.3818] = 451.8749, sampling [1.0, 0.5302, 0.5851]. Recommendation = [0.0, 0.8530, 0.6192], Current Cost = 5009.00, Rho = 1.000
(iter 10) [0.0, 1.0824, 1.3818] = 451.8749, sampling [1.0, 0.4524, 0.8413]. Recommendation = [0.0, 0.8530, 0.6192], Current Cost = 5010.00, Rho = 1.000
(iter 10) [0.0, 1.0824, 1.3818] = 451.8749, sampling [1.0, 1.1707, 0.7531]. Recommendation = [0.0, 0.8530, 0.6192], Current Cost = 5011.00, Rho = 1.000
(iter 10) [0.0, 1.0824, 1.3818] = 451.8749, sampling [1.0, 0.8958, 0.4551]. Recommendation = [0.0, 0.8530, 0.6192], Current Cost = 5012.00, Rho = 1.000
(iter 10) [0.0, 1.0824, 1.3818] = 451.8749, sampling [1.0, 0.4753, 0.5170]. Recommendation = [0.0, 0.8530, 0.6192], Current Cost = 5013.00, Rho = 1.000
(iter 10) [0.0, 1.0824, 1.3818] = 451.8749, sampling [1.0, 0.6691, 0.3102]. Recommendation = [0.0, 0.8530, 0.6192], Current Cost = 5014.00, Rho = 1.000
(iter 10) [0.0, 1.0824, 1.3818] = 451.8749, sampling [1.0, 0.7134, 0.2494]. Recommendation = [0.0, 0.8530, 0.6192], Current Cost = 5015.00, Rho = 1.000
(iter 10) [0.0, 1.0824, 1.3818] = 451.8749, sampling [1.0, 0.8742, 0.3500]. Recommendation = [0.0, 0.8530, 0.6192], Current Cost = 5016.00, Rho = 1.000
(iter 10) [0.0, 1.0824, 1.3818] = 451.8749, sampling [1.0, 0.0301, 0.1810]. Recommendation = [0.0, 0.8530, 0.6192], Current Cost = 5017.00, Rho = 1.000
(iter 10) [0.0, 1.0824, 1.3818] = 451.8749, sampling [1.0, -0.0796, 0.2881]. Recommendation = [0.0, 0.8530, 0.6192], Current Cost = 5018.00, Rho = 1.000
(iter 10) [0.0, 1.0824, 1.3818] = 451.8749, sampling [1.0, 0.0350, 0.6255]. Recommendation = [0.0, 0.8530, 0.6192], Current Cost = 5019.00, Rho = 1.000
(iter 10) [0.0, 1.0824, 1.3818] = 451.8749, sampling [1.0, 0.4009, -0.0061]. Recommendation = [0.0, 0.8530, 0.6192], Current Cost = 5020.00, Rho = 1.000
(iter 10) [0.0, 1.0824, 1.3818] = 451.8749, sampling [1.0, 0.3967, -0.1206]. Recommendation = [0.0, 0.8530, 0.6192], Current Cost = 5021.00, Rho = 1.000
(iter 10) [0.0, 1.0824, 1.3818] = 451.8749, sampling [1.0, 0.3809, -0.1585]. Recommendation = [0.0, 0.8530, 0.6192], Current Cost = 5022.00, Rho = 1.000
(iter 10) [0.0, 1.0824, 1.3818] = 451.8749, sampling [1.0, 0.2066, -0.3057]. Recommendation = [0.0, 0.8530, 0.6192], Current Cost = 5023.00, Rho = 1.000
(iter 10) [0.0, 1.0824, 1.3818] = 451.8749, sampling [1.0, -0.2007, -0.2147]. Recommendation = [0.0, 0.8530, 0.6192], Current Cost = 5024.00, Rho = 1.000
(iter 10) [0.0, 1.0824, 1.3818] = 451.8749, sampling [1.0, 0.2794, -0.2765]. Recommendation = [0.0, 0.8530, 0.6192], Current Cost = 5025.00, Rho = 1.000
(iter 10) [0.0, 1.0824, 1.3818] = 451.8749, sampling [1.0, -0.5019, 0.3979]. Recommendation = [0.0, 0.8530, 0.6192], Current Cost = 5026.00, Rho = 1.000
(iter 10) [0.0, 1.0824, 1.3818] = 451.8749, sampling [1.0, -0.2533, 0.5542]. Recommendation = [0.0, 0.8530, 0.6192], Current Cost = 5027.00, Rho = 1.000
(iter 10) [0.0, 1.0824, 1.3818] = 451.8749, sampling [1.0, -0.5146, -0.1032]. Recommendation = [0.0, 0.8530, 0.6192], Current Cost = 5028.00, Rho = 1.000
(iter 10) [0.0, 1.0824, 1.3818] = 451.8749, sampling [1.0, -0.6760, 0.4883]. Recommendation = [0.0, 0.8530, 0.6192], Current Cost = 5029.00, Rho = 1.000
(iter 10) [0.0, 1.0824, 1.3818] = 451.8749, sampling [1.0, -0.8606, 0.4089]. Recommendation = [0.0, 0.8530, 0.6192], Current Cost = 5030.00, Rho = 1.000
(iter 10) [0.0, 1.0824, 1.3818] = 451.8749, sampling [1.0, -0.7566, 0.0439]. Recommendation = [0.0, 0.8530, 0.6192], Current Cost = 5031.00, Rho = 1.000
(iter 10) [0.0, 1.0824, 1.3818] = 451.8749, sampling [1.0, -0.4493, 0.7420]. Recommendation = [0.0, 0.8530, 0.6192], Current Cost = 5032.00, Rho = 1.000
(iter 10) [0.0, 1.0824, 1.3818] = 451.8749, sampling [1.0, -0.8164, 0.6881]. Recommendation = [0.0, 0.8530, 0.6192], Current Cost = 5033.00, Rho = 1.000
(iter 10) [0.0, 1.0824, 1.3818] = 451.8749, sampling [1.0, -0.9230, 0.5415]. Recommendation = [0.0, 0.8530, 0.6192], Current Cost = 5034.00, Rho = 1.000
(iter 10) [0.0, 1.0824, 1.3818] = 451.8749, sampling [1.0, -0.1797, -0.4454]. Recommendation = [0.0, 0.8530, 0.6192], Current Cost = 5035.00, Rho = 1.000
(iter 10) [0.0, 1.0824, 1.3818] = 451.8749, sampling [1.0, -0.4926, -0.1682]. Recommendation = [0.0, 0.8530, 0.6192], Current Cost = 5036.00, Rho = 1.000
(iter 10) [0.0, 1.0824, 1.3818] = 451.8749, sampling [1.0, -0.6407, -0.0353]. Recommendation = [0.0, 0.8530, 0.6192], Current Cost = 5037.00, Rho = 1.000
(iter 10) [0.0, 1.0824, 1.3818] = 451.8749, sampling [1.0, 0.8435, 0.2729]. Recommendation = [0.0, 0.8530, 0.6192], Current Cost = 5038.00, Rho = 1.000
(iter 10) [0.0, 1.0824, 1.3818] = 451.8749, sampling [1.0, 1.3211, 1.2059]. Recommendation = [0.0, 0.8530, 0.6192], Current Cost = 5039.00, Rho = 1.000
(iter 10) [0.0, 1.0824, 1.3818] = 451.8749, sampling [1.0, -0.9469, 0.2061]. Recommendation = [0.0, 0.8530, 0.6192], Current Cost = 5040.00, Rho = 1.000
(iter 10) [0.0, 1.0824, 1.3818] = 451.8749, sampling [1.0, -0.8801, 0.9284]. Recommendation = [0.0, 0.8530, 0.6192], Current Cost = 5041.00, Rho = 1.000
(iter 10) [0.0, 1.0824, 1.3818] = 451.8749, sampling [1.0, -1.0063, 0.8273]. Recommendation = [0.0, 0.8530, 0.6192], Current Cost = 5042.00, Rho = 1.000
(iter 10) [0.0, 1.0824, 1.3818] = 451.8749, sampling [1.0, -0.5818, 1.0274]. Recommendation = [0.0, 0.8530, 0.6192], Current Cost = 5043.00, Rho = 1.000
(iter 10) [0.0, 1.0824, 1.3818] = 451.8749, sampling [1.0, 1.0897, 0.4217]. Recommendation = [0.0, 0.8530, 0.6192], Current Cost = 5044.00, Rho = 1.000
(iter 10) [0.0, 1.0824, 1.3818] = 451.8749, sampling [1.0, 0.2427, -0.5059]. Recommendation = [0.0, 0.8530, 0.6192], Current Cost = 5045.00, Rho = 1.000
(iter 10) [0.0, 1.0824, 1.3818] = 451.8749, sampling [1.0, 0.2309, 1.0117]. Recommendation = [0.0, 0.8530, 0.6192], Current Cost = 5046.00, Rho = 1.000
(iter 10) [0.0, 1.0824, 1.3818] = 451.8749, sampling [1.0, -0.6332, -0.3529]. Recommendation = [0.0, 0.8530, 0.6192], Current Cost = 5047.00, Rho = 1.000
(iter 10) [0.0, 1.0824, 1.3818] = 451.8749, sampling [1.0, -1.1753, 0.5621]. Recommendation = [0.0, 0.8530, 0.6192], Current Cost = 5048.00, Rho = 1.000
(iter 10) [0.0, 1.0824, 1.3818] = 451.8749, sampling [1.0, -0.3295, 0.7785]. Recommendation = [0.0, 0.8530, 0.6192], Current Cost = 5049.00, Rho = 1.000
(iter 10) [0.0, 1.0824, 1.3818] = 451.8749, sampling [1.0, 0.9322, 1.6217]. Recommendation = [0.0, 0.8530, 0.6192], Current Cost = 5050.00, Rho = 1.000
(iter 10) [0.0, 1.0824, 1.3818] = 451.8749, sampling [1.0, 0.8983, 0.2198]. Recommendation = [0.0, 0.8530, 0.6192], Current Cost = 5051.00, Rho = 1.000
(iter 10) [0.0, 1.0824, 1.3818] = 451.8749, sampling [1.0, -1.0396, 1.1143]. Recommendation = [0.0, 0.8530, 0.6192], Current Cost = 5052.00, Rho = 1.000
(iter 10) [0.0, 1.0824, 1.3818] = 451.8749, sampling [1.0, -0.8114, 1.3172]. Recommendation = [0.0, 0.8530, 0.6192], Current Cost = 5053.00, Rho = 1.000
(iter 10) [0.0, 1.0824, 1.3818] = 451.8749, sampling [1.0, -1.1521, 0.8648]. Recommendation = [0.0, 0.8530, 0.6192], Current Cost = 5054.00, Rho = 1.000
(iter 10) [0.0, 1.0824, 1.3818] = 451.8749, sampling [1.0, -1.1871, 1.0958]. Recommendation = [0.0, 0.8530, 0.6192], Current Cost = 5055.00, Rho = 1.000
(iter 10) [0.0, 1.0824, 1.3818] = 451.8749, sampling [1.0, -1.2083, 0.9767]. Recommendation = [0.0, 0.8530, 0.6192], Current Cost = 5056.00, Rho = 1.000
(iter 10) [0.0, 1.0824, 1.3818] = 451.8749, sampling [1.0, -0.7204, -0.1847]. Recommendation = [0.0, 0.8530, 0.6192], Current Cost = 5057.00, Rho = 1.000
(iter 10) [0.0, 1.0824, 1.3818] = 451.8749, sampling [1.0, 1.1574, 1.6427]. Recommendation = [0.0, 0.8530, 0.6192], Current Cost = 5058.00, Rho = 1.000
(iter 10) [0.0, 1.0824, 1.3818] = 451.8749, sampling [1.0, 1.1042, 1.6585]. Recommendation = [0.0, 0.8530, 0.6192], Current Cost = 5059.00, Rho = 1.000
(iter 10) [0.0, 1.0824, 1.3818] = 451.8749, sampling [1.0, 1.5338, 1.4955]. Recommendation = [0.0, 0.8530, 0.6192], Current Cost = 5060.00, Rho = 1.000
(iter 10) [0.0, 1.0824, 1.3818] = 451.8749, sampling [1.0, 1.2728, 1.8141]. Recommendation = [0.0, 0.8530, 0.6192], Current Cost = 5061.00, Rho = 1.000
(iter 10) [0.0, 1.0824, 1.3818] = 451.8749, sampling [1.0, 1.0678, 1.9367]. Recommendation = [0.0, 0.8530, 0.6192], Current Cost = 5062.00, Rho = 1.000
(iter 10) [0.0, 1.0824, 1.3818] = 451.8749, sampling [1.0, 1.4035, 1.2547]. Recommendation = [0.0, 0.8530, 0.6192], Current Cost = 5063.00, Rho = 1.000
(iter 10) [0.0, 1.0824, 1.3818] = 451.8749, sampling [1.0, 1.3415, 1.9983]. Recommendation = [0.0, 0.8530, 0.6192], Current Cost = 5064.00, Rho = 1.000
(iter 10) [0.0, 1.0824, 1.3818] = 451.8749, sampling [1.0, 1.5600, 1.7648]. Recommendation = [0.0, 0.8530, 0.6192], Current Cost = 5065.00, Rho = 1.000
(iter 10) [0.0, 1.0824, 1.3818] = 451.8749, sampling [1.0, -0.4085, 1.2778]. Recommendation = [0.0, 0.8530, 0.6192], Current Cost = 5066.00, Rho = 1.000
(iter 10) [0.0, 1.0824, 1.3818] = 451.8749, sampling [1.0, 0.7226, 1.4465]. Recommendation = [0.0, 0.8530, 0.6192], Current Cost = 5067.00, Rho = 1.000
(iter 10) [0.0, 1.0824, 1.3818] = 451.8749, sampling [1.0, 1.6524, 1.8904]. Recommendation = [0.0, 0.8530, 0.6192], Current Cost = 5068.00, Rho = 1.000
(iter 10) [0.0, 1.0824, 1.3818] = 451.8749, sampling [1.0, 0.1542, -0.7374]. Recommendation = [0.0, 0.8530, 0.6192], Current Cost = 5069.00, Rho = 1.000
(iter 10) [0.0, 1.0824, 1.3818] = 451.8749, sampling [1.0, 1.2497, 0.7290]. Recommendation = [0.0, 0.8530, 0.6192], Current Cost = 5070.00, Rho = 1.000
(iter 10) [0.0, 1.0824, 1.3818] = 451.8749, sampling [1.0, -0.5597, -0.4758]. Recommendation = [0.0, 0.8530, 0.6192], Current Cost = 5071.00, Rho = 1.000
(iter 10) [0.0, 1.0824, 1.3818] = 451.8749, sampling [1.0, 0.9153, 0.1646]. Recommendation = [0.0, 0.8530, 0.6192], Current Cost = 5072.00, Rho = 1.000
(iter 10) [0.0, 1.0824, 1.3818] = 451.8749, sampling [1.0, 1.6220, 0.9574]. Recommendation = [0.0, 0.8530, 0.6192], Current Cost = 5073.00, Rho = 1.000
(iter 10) [0.0, 1.0824, 1.3818] = 451.8749, sampling [1.0, -1.1061, 0.2282]. Recommendation = [0.0, 0.8530, 0.6192], Current Cost = 5074.00, Rho = 1.000
(iter 10) [0.0, 1.0824, 1.3818] = 451.8749, sampling [1.0, -0.8451, 1.6084]. Recommendation = [0.0, 0.8530, 0.6192], Current Cost = 5075.00, Rho = 1.000
(iter 10) [0.0, 1.0824, 1.3818] = 451.8749, sampling [1.0, 0.6529, 1.9805]. Recommendation = [0.0, 0.8530, 0.6192], Current Cost = 5076.00, Rho = 1.000
(iter 10) [0.0, 1.0824, 1.3818] = 451.8749, sampling [1.0, -0.3922, 0.7966]. Recommendation = [0.0, 0.8530, 0.6192], Current Cost = 5077.00, Rho = 1.000
(iter 10) [0.0, 1.0824, 1.3818] = 451.8749, sampling [1.0, 0.5153, -0.6950]. Recommendation = [0.0, 0.8530, 0.6192], Current Cost = 5078.00, Rho = 1.000
(iter 10) [0.0, 1.0824, 1.3818] = 451.8749, sampling [1.0, 0.0023, 0.6444]. Recommendation = [0.0, 0.8530, 0.6192], Current Cost = 5079.00, Rho = 1.000
(iter 10) [0.0, 1.0824, 1.3818] = 451.8749, sampling [1.0, -1.3205, 1.5280]. Recommendation = [0.0, 0.8530, 0.6192], Current Cost = 5080.00, Rho = 1.000
(iter 10) [0.0, 1.0824, 1.3818] = 451.8749, sampling [1.0, -1.6054, 1.3978]. Recommendation = [0.0, 0.8530, 0.6192], Current Cost = 5081.00, Rho = 1.000
(iter 10) [0.0, 1.0824, 1.3818] = 451.8749, sampling [1.0, 1.0486, 0.3624]. Recommendation = [0.0, 0.8530, 0.6192], Current Cost = 5082.00, Rho = 1.000
(iter 10) [0.0, 1.0824, 1.3818] = 451.8749, sampling [1.0, -0.9646, 1.8244]. Recommendation = [0.0, 0.8530, 0.6192], Current Cost = 5083.00, Rho = 1.000
(iter 10) [0.0, 1.0824, 1.3818] = 451.8749, sampling [1.0, -1.2913, 0.8605]. Recommendation = [0.0, 0.8530, 0.6192], Current Cost = 5084.00, Rho = 1.000
(iter 10) [0.0, 1.0824, 1.3818] = 451.8749, sampling [1.0, -0.3665, 1.0556]. Recommendation = [0.0, 0.8530, 0.6192], Current Cost = 5085.00, Rho = 1.000
(iter 10) [0.0, 1.0824, 1.3818] = 451.8749, sampling [1.0, -1.0956, -0.4099]. Recommendation = [0.0, 0.8530, 0.6192], Current Cost = 5086.00, Rho = 1.000
(iter 10) [0.0, 1.0824, 1.3818] = 451.8749, sampling [1.0, 0.3515, 1.1577]. Recommendation = [0.0, 0.8530, 0.6192], Current Cost = 5087.00, Rho = 1.000
(iter 10) [0.0, 1.0824, 1.3818] = 451.8749, sampling [1.0, -1.5399, 1.8525]. Recommendation = [0.0, 0.8530, 0.6192], Current Cost = 5088.00, Rho = 1.000
(iter 10) [0.0, 1.0824, 1.3818] = 451.8749, sampling [1.0, -1.5616, 1.9565]. Recommendation = [0.0, 0.8530, 0.6192], Current Cost = 5089.00, Rho = 1.000
(iter 10) [0.0, 1.0824, 1.3818] = 451.8749, sampling [1.0, -1.7118, 1.6995]. Recommendation = [0.0, 0.8530, 0.6192], Current Cost = 5090.00, Rho = 1.000
(iter 10) [0.0, 1.0824, 1.3818] = 451.8749, sampling [1.0, -0.0907, -0.9623]. Recommendation = [0.0, 0.8530, 0.6192], Current Cost = 5091.00, Rho = 1.000
(iter 10) [0.0, 1.0824, 1.3818] = 451.8749, sampling [1.0, -0.6219, 1.4667]. Recommendation = [0.0, 0.8530, 0.6192], Current Cost = 5092.00, Rho = 1.000
(iter 10) [0.0, 1.0824, 1.3818] = 451.8749, sampling [1.0, 0.1754, -0.8303]. Recommendation = [0.0, 0.8530, 0.6192], Current Cost = 5093.00, Rho = 1.000
(iter 10) [0.0, 1.0824, 1.3818] = 451.8749, sampling [1.0, 1.1927, 0.1302]. Recommendation = [0.0, 0.8530, 0.6192], Current Cost = 5094.00, Rho = 1.000
(iter 10) [0.0, 1.0824, 1.3818] = 451.8749, sampling [1.0, -0.0048, 1.1349]. Recommendation = [0.0, 0.8530, 0.6192], Current Cost = 5095.00, Rho = 1.000
(iter 10) [0.0, 1.0824, 1.3818] = 451.8749, sampling [1.0, -0.9412, 1.9251]. Recommendation = [0.0, 0.8530, 0.6192], Current Cost = 5096.00, Rho = 1.000
(iter 10) [0.0, 1.0824, 1.3818] = 451.8749, sampling [1.0, 0.5982, -0.6129]. Recommendation = [0.0, 0.8530, 0.6192], Current Cost = 5097.00, Rho = 1.000
(iter 10) [0.0, 1.0824, 1.3818] = 451.8749, sampling [1.0, 1.9234, 1.8647]. Recommendation = [0.0, 0.8530, 0.6192], Current Cost = 5098.00, Rho = 1.000
(iter 10) [0.0, 1.0824, 1.3818] = 451.8749, sampling [1.0, 0.4267, -0.9251]. Recommendation = [0.0, 0.8530, 0.6192], Current Cost = 5099.00, Rho = 1.000
(iter 10) [0.0, 1.0824, 1.3818] = 451.8749, sampling [1.0, -0.4194, -0.9541]. Recommendation = [0.0, 0.8530, 0.6192], Current Cost = 5100.00, Rho = 1.000
(iter 10) [0.0, 1.0824, 1.3818] = 451.8749, sampling [1.0, -0.4781, 1.7435]. Recommendation = [0.0, 0.8530, 0.6192], Current Cost = 5101.00, Rho = 1.000
(iter 10) [0.0, 1.0824, 1.3818] = 451.8749, sampling [1.0, 0.6851, 1.3748]. Recommendation = [0.0, 0.8530, 0.6192], Current Cost = 5102.00, Rho = 1.000
(iter 10) [0.0, 1.0824, 1.3818] = 451.8749, sampling [1.0, -1.3509, 0.3709]. Recommendation = [0.0, 0.8530, 0.6192], Current Cost = 5103.00, Rho = 1.000
(iter 10) [0.0, 1.0824, 1.3818] = 451.8749, sampling [1.0, 0.8114, -0.5310]. Recommendation = [0.0, 0.8530, 0.6192], Current Cost = 5104.00, Rho = 1.000
(iter 10) [0.0, 1.0824, 1.3818] = 451.8749, sampling [1.0, 0.2157, -0.9882]. Recommendation = [0.0, 0.8530, 0.6192], Current Cost = 5105.00, Rho = 1.000
(iter 10) [0.0, 1.0824, 1.3818] = 451.8749, sampling [1.0, 0.3317, 1.3542]. Recommendation = [0.0, 0.8530, 0.6192], Current Cost = 5106.00, Rho = 1.000
(iter 10) [0.0, 1.0824, 1.3818] = 451.8749, sampling [1.0, -1.9576, 1.8748]. Recommendation = [0.0, 0.8530, 0.6192], Current Cost = 5107.00, Rho = 1.000
(iter 10) [0.0, 1.0824, 1.3818] = 451.8749, sampling [1.0, -1.0584, 0.1185]. Recommendation = [0.0, 0.8530, 0.6192], Current Cost = 5108.00, Rho = 1.000
(iter 10) [0.0, 1.0824, 1.3818] = 451.8749, sampling [1.0, 1.4550, 1.2280]. Recommendation = [0.0, 0.8530, 0.6192], Current Cost = 5109.00, Rho = 1.000
(iter 10) [0.0, 1.0824, 1.3818] = 451.8749, sampling [1.0, -0.7460, -0.7527]. Recommendation = [0.0, 0.8530, 0.6192], Current Cost = 5110.00, Rho = 1.000
(iter 10) [0.0, 1.0824, 1.3818] = 451.8749, sampling [1.0, 0.9879, -1.0563]. Recommendation = [0.0, 0.8530, 0.6192], Current Cost = 5111.00, Rho = 1.000
(iter 10) [0.0, 1.0824, 1.3818] = 451.8749, sampling [1.0, 1.3718, 0.6024]. Recommendation = [0.0, 0.8530, 0.6192], Current Cost = 5112.00, Rho = 1.000
(iter 10) [0.0, 1.0824, 1.3818] = 451.8749, sampling [1.0, 0.5817, 1.5951]. Recommendation = [0.0, 0.8530, 0.6192], Current Cost = 5113.00, Rho = 1.000
(iter 10) [0.0, 1.0824, 1.3818] = 451.8749, sampling [1.0, -0.1654, 1.2907]. Recommendation = [0.0, 0.8530, 0.6192], Current Cost = 5114.00, Rho = 1.000
(iter 10) [0.0, 1.0824, 1.3818] = 451.8749, sampling [1.0, -0.1322, -1.0734]. Recommendation = [0.0, 0.8530, 0.6192], Current Cost = 5115.00, Rho = 1.000
(iter 10) [0.0, 1.0824, 1.3818] = 451.8749, sampling [1.0, 1.6907, 1.5081]. Recommendation = [0.0, 0.8530, 0.6192], Current Cost = 5116.00, Rho = 1.000
(iter 10) [0.0, 1.0824, 1.3818] = 451.8749, sampling [1.0, -1.5355, 0.6627]. Recommendation = [0.0, 0.8530, 0.6192], Current Cost = 5117.00, Rho = 1.000
(iter 10) [0.0, 1.0824, 1.3818] = 451.8749, sampling [1.0, 0.8310, 1.9049]. Recommendation = [0.0, 0.8530, 0.6192], Current Cost = 5118.00, Rho = 1.000
(iter 10) [0.0, 1.0824, 1.3818] = 451.8749, sampling [1.0, 0.0761, -1.1646]. Recommendation = [0.0, 0.8530, 0.6192], Current Cost = 5119.00, Rho = 1.000
(iter 10) [0.0, 1.0824, 1.3818] = 451.8749, sampling [1.0, -0.6996, -1.8349]. Recommendation = [0.0, 0.8530, 0.6192], Current Cost = 5120.00, Rho = 1.000
(iter 10) [0.0, 1.0824, 1.3818] = 451.8749, sampling [1.0, 0.0818, 1.6902]. Recommendation = [0.0, 0.8530, 0.6192], Current Cost = 5121.00, Rho = 1.000
(iter 10) [0.0, 1.0824, 1.3818] = 451.8749, sampling [1.0, 0.4821, -0.8615]. Recommendation = [0.0, 0.8530, 0.6192], Current Cost = 5122.00, Rho = 1.000
(iter 10) [0.0, 1.0824, 1.3818] = 451.8749, sampling [1.0, 0.7002, -0.6812]. Recommendation = [0.0, 0.8530, 0.6192], Current Cost = 5123.00, Rho = 1.000
(iter 10) [0.0, 1.0824, 1.3818] = 451.8749, sampling [1.0, -1.6541, 1.1717]. Recommendation = [0.0, 0.8530, 0.6192], Current Cost = 5124.00, Rho = 1.000
(iter 10) [0.0, 1.0824, 1.3818] = 451.8749, sampling [1.0, 1.4310, -0.1439]. Recommendation = [0.0, 0.8530, 0.6192], Current Cost = 5125.00, Rho = 1.000
(iter 10) [0.0, 1.0824, 1.3818] = 451.8749, sampling [1.0, 1.5142, 1.1937]. Recommendation = [0.0, 0.8530, 0.6192], Current Cost = 5126.00, Rho = 1.000
(iter 10) [0.0, 1.0824, 1.3818] = 451.8749, sampling [1.0, -1.2507, 0.0634]. Recommendation = [0.0, 0.8530, 0.6192], Current Cost = 5127.00, Rho = 1.000
(iter 10) [0.0, 1.0824, 1.3818] = 451.8749, sampling [1.0, -0.1015, -1.1979]. Recommendation = [0.0, 0.8530, 0.6192], Current Cost = 5128.00, Rho = 1.000
(iter 10) [0.0, 1.0824, 1.3818] = 451.8749, sampling [1.0, 0.5097, -1.1320]. Recommendation = [0.0, 0.8530, 0.6192], Current Cost = 5129.00, Rho = 1.000
(iter 10) [0.0, 1.0824, 1.3818] = 451.8749, sampling [1.0, -0.7108, -1.0542]. Recommendation = [0.0, 0.8530, 0.6192], Current Cost = 5130.00, Rho = 1.000
(iter 10) [0.0, 1.0824, 1.3818] = 451.8749, sampling [1.0, -0.1202, -1.0011]. Recommendation = [0.0, 0.8530, 0.6192], Current Cost = 5131.00, Rho = 1.000
(iter 10) [0.0, 1.0824, 1.3818] = 451.8749, sampling [1.0, 0.6262, 1.7442]. Recommendation = [0.0, 0.8530, 0.6192], Current Cost = 5132.00, Rho = 1.000
(iter 10) [0.0, 1.0824, 1.3818] = 451.8749, sampling [1.0, 0.1036, 1.4343]. Recommendation = [0.0, 0.8530, 0.6192], Current Cost = 5133.00, Rho = 1.000
(iter 10) [0.0, 1.0824, 1.3818] = 451.8749, sampling [1.0, 0.3095, -1.6014]. Recommendation = [0.0, 0.8530, 0.6192], Current Cost = 5134.00, Rho = 1.000
(iter 10) [0.0, 1.0824, 1.3818] = 451.8749, sampling [1.0, -1.9307, -0.3935]. Recommendation = [0.0, 0.8530, 0.6192], Current Cost = 5135.00, Rho = 1.000
(iter 10) [0.0, 1.0824, 1.3818] = 451.8749, sampling [1.0, -0.2119, 1.5640]. Recommendation = [0.0, 0.8530, 0.6192], Current Cost = 5136.00, Rho = 1.000
(iter 10) [0.0, 1.0824, 1.3818] = 451.8749, sampling [1.0, -0.1469, -1.3203]. Recommendation = [0.0, 0.8530, 0.6192], Current Cost = 5137.00, Rho = 1.000
(iter 10) [0.0, 1.0824, 1.3818] = 451.8749, sampling [1.0, -1.1357, 0.1559]. Recommendation = [0.0, 0.8530, 0.6192], Current Cost = 5138.00, Rho = 1.000
(iter 10) [0.0, 1.0824, 1.3818] = 451.8749, sampling [1.0, 0.3536, 1.2994]. Recommendation = [0.0, 0.8530, 0.6192], Current Cost = 5139.00, Rho = 1.000
(iter 10) [0.0, 1.0824, 1.3818] = 451.8749, sampling [1.0, 1.6681, -1.9772]. Recommendation = [0.0, 0.8530, 0.6192], Current Cost = 5140.00, Rho = 1.000
(iter 10) [0.0, 1.0824, 1.3818] = 451.8749, sampling [1.0, 0.1201, -1.4509]. Recommendation = [0.0, 0.8530, 0.6192], Current Cost = 5141.00, Rho = 1.000
(iter 10) [0.0, 1.0824, 1.3818] = 451.8749, sampling [1.0, 0.3016, 1.7273]. Recommendation = [0.0, 0.8530, 0.6192], Current Cost = 5142.00, Rho = 1.000
(iter 10) [0.0, 1.0824, 1.3818] = 451.8749, sampling [1.0, 1.5403, 0.7160]. Recommendation = [0.0, 0.8530, 0.6192], Current Cost = 5143.00, Rho = 1.000
(iter 10) [0.0, 1.0824, 1.3818] = 451.8749, sampling [1.0, 0.2633, 1.3348]. Recommendation = [0.0, 0.8530, 0.6192], Current Cost = 5144.00, Rho = 1.000
(iter 10) [0.0, 1.0824, 1.3818] = 451.8749, sampling [1.0, 1.5902, 1.1453]. Recommendation = [0.0, 0.8530, 0.6192], Current Cost = 5145.00, Rho = 1.000
(iter 10) [0.0, 1.0824, 1.3818] = 451.8749, sampling [1.0, -1.7601, 1.4141]. Recommendation = [0.0, 0.8530, 0.6192], Current Cost = 5146.00, Rho = 1.000
(iter 10) [0.0, 1.0824, 1.3818] = 451.8749, sampling [1.0, -0.0289, -1.5481]. Recommendation = [0.0, 0.8530, 0.6192], Current Cost = 5147.00, Rho = 1.000
(iter 10) [0.0, 1.0824, 1.3818] = 451.8749, sampling [1.0, 1.8717, 1.5363]. Recommendation = [0.0, 0.8530, 0.6192], Current Cost = 5148.00, Rho = 1.000
(iter 10) [0.0, 1.0824, 1.3818] = 451.8749, sampling [1.0, 0.0627, -1.2011]. Recommendation = [0.0, 0.8530, 0.6192], Current Cost = 5149.00, Rho = 1.000
(iter 10) [0.0, 1.0824, 1.3818] = 451.8749, sampling [1.0, 0.6228, -1.1040]. Recommendation = [0.0, 0.8530, 0.6192], Current Cost = 5150.00, Rho = 1.000
(iter 10) [0.0, 1.0824, 1.3818] = 451.8749, sampling [1.0, -0.5377, -1.4768]. Recommendation = [0.0, 0.8530, 0.6192], Current Cost = 5151.00, Rho = 1.000
(iter 10) [0.0, 1.0824, 1.3818] = 451.8749, sampling [1.0, -1.3018, 0.2717]. Recommendation = [0.0, 0.8530, 0.6192], Current Cost = 5152.00, Rho = 1.000
(iter 10) [0.0, 1.0824, 1.3818] = 451.8749, sampling [1.0, 1.0235, -0.7233]. Recommendation = [0.0, 0.8530, 0.6192], Current Cost = 5153.00, Rho = 1.000
(iter 10) [0.0, 1.0824, 1.3818] = 451.8749, sampling [0.0, 0.8530, 0.6192]. Recommendation = [0.0, 0.8530, 0.6192], Current Cost = 5154.00, Rho = 1.000
(iter 159) [0.0, 0.8530, 0.6192] = 455.1049, sampling [0.0, 0.9612, 1.0593]. Recommendation = [0.0, 0.8530, 0.6192], Current Cost = 6154.00, Rho = 1.000
(iter 159) [0.0, 0.8530, 0.6192] = 455.1049, sampling [0.0, 0.6691, 0.3102]. Recommendation = [0.0, 0.8530, 0.6192], Current Cost = 7154.00, Rho = 1.000
(iter 159) [0.0, 0.8530, 0.6192] = 455.1049, sampling [1.0, -0.2785, -1.6378]. Recommendation = [0.0, 0.8530, 0.6192], Current Cost = 8154.00, Rho = 1.000
(iter 159) [0.0, 0.8530, 0.6192] = 455.1049, sampling [1.0, 1.7117, 0.4971]. Recommendation = [0.0, 0.8530, 0.6192], Current Cost = 8155.00, Rho = 1.000
(iter 159) [0.0, 0.8530, 0.6192] = 455.1049, sampling [1.0, -1.0215, -0.8117]. Recommendation = [0.0, 0.8530, 0.6192], Current Cost = 8156.00, Rho = 1.000
(iter 159) [0.0, 0.8530, 0.6192] = 455.1049, sampling [1.0, -0.7955, -1.2573]. Recommendation = [0.0, 0.8530, 0.6192], Current Cost = 8157.00, Rho = 1.000
(iter 159) [0.0, 0.8530, 0.6192] = 455.1049, sampling [1.0, -0.0450, -1.7418]. Recommendation = [0.0, 0.8530, 0.6192], Current Cost = 8158.00, Rho = 1.000
(iter 159) [0.0, 0.8530, 0.6192] = 455.1049, sampling [1.0, 1.2451, 0.1026]. Recommendation = [0.0, 0.8530, 0.6192], Current Cost = 8159.00, Rho = 1.000
(iter 159) [0.0, 0.8530, 0.6192] = 455.1049, sampling [1.0, -1.8912, 1.0802]. Recommendation = [0.0, 0.8530, 0.6192], Current Cost = 8160.00, Rho = 1.000
(iter 159) [0.0, 0.8530, 0.6192] = 455.1049, sampling [0.0, -0.6760, 0.4883]. Recommendation = [0.0, 0.8530, 0.6192], Current Cost = 8161.00, Rho = 1.000
(iter 159) [0.0, 0.8530, 0.6192] = 455.1049, sampling [1.0, 1.8878, 0.9631]. Recommendation = [0.0, 0.8530, 0.6192], Current Cost = 9161.00, Rho = 1.000
(iter 159) [0.0, 0.8530, 0.6192] = 455.1049, sampling [1.0, -1.2723, -0.0892]. Recommendation = [0.0, 0.8530, 0.6192], Current Cost = 9162.00, Rho = 1.000
(iter 159) [0.0, 0.8530, 0.6192] = 455.1049, sampling [1.0, -0.0605, -1.9885]. Recommendation = [0.0, 0.8530, 0.6192], Current Cost = 9163.00, Rho = 1.000
(iter 159) [0.0, 0.8530, 0.6192] = 455.1049, sampling [1.0, -0.2940, -1.2230]. Recommendation = [0.0, 0.8530, 0.6192], Current Cost = 9164.00, Rho = 1.000
(iter 159) [0.0, 0.8530, 0.6192] = 455.1049, sampling [1.0, -0.3471, -1.8714]. Recommendation = [0.0, 0.8530, 0.6192], Current Cost = 9165.00, Rho = 1.000
(iter 159) [0.0, 0.8530, 0.6192] = 455.1049, sampling [1.0, 0.4348, -1.5723]. Recommendation = [0.0, 0.8530, 0.6192], Current Cost = 9166.00, Rho = 1.000
(iter 159) [0.0, 0.8530, 0.6192] = 455.1049, sampling [1.0, -0.9914, -1.0341]. Recommendation = [0.0, 0.8530, 0.6192], Current Cost = 9167.00, Rho = 1.000
(iter 159) [0.0, 0.8530, 0.6192] = 455.1049, sampling [1.0, -0.6668, -1.3976]. Recommendation = [0.0, 0.8530, 0.6192], Current Cost = 9168.00, Rho = 1.000
(iter 159) [0.0, 0.8530, 0.6192] = 455.1049, sampling [1.0, 0.5549, -1.1166]. Recommendation = [0.0, 0.8530, 0.6192], Current Cost = 9169.00, Rho = 1.000
(iter 159) [0.0, 0.8530, 0.6192] = 455.1049, sampling [1.0, 0.1440, -1.9451]. Recommendation = [0.0, 0.8530, 0.6192], Current Cost = 9170.00, Rho = 1.000
(iter 159) [0.0, 0.8530, 0.6192] = 455.1049, sampling [1.0, 0.7750, -1.3777]. Recommendation = [0.0, 0.8530, 0.6192], Current Cost = 9171.00, Rho = 1.000
(iter 159) [0.0, 0.8530, 0.6192] = 455.1049, sampling [1.0, -1.0512, -0.7047]. Recommendation = [0.0, 0.8530, 0.6192], Current Cost = 9172.00, Rho = 1.000
(iter 159) [0.0, 0.8530, 0.6192] = 455.1049, sampling [1.0, 1.3841, 0.0244]. Recommendation = [0.0, 0.8530, 0.6192], Current Cost = 9173.00, Rho = 1.000
(iter 159) [0.0, 0.8530, 0.6192] = 455.1049, sampling [1.0, -1.3938, 0.3208]. Recommendation = [0.0, 0.8530, 0.6192], Current Cost = 9174.00, Rho = 1.000
(iter 159) [0.0, 0.8530, 0.6192] = 455.1049, sampling [1.0, -1.1432, -1.7881]. Recommendation = [0.0, 0.8530, 0.6192], Current Cost = 9175.00, Rho = 1.000
(iter 159) [0.0, 0.8530, 0.6192] = 455.1049, sampling [1.0, -0.2279, -1.7587]. Recommendation = [0.0, 0.8530, 0.6192], Current Cost = 9176.00, Rho = 1.000
(iter 159) [0.0, 0.8530, 0.6192] = 455.1049, sampling [1.0, 1.9571, 1.6772]. Recommendation = [0.0, 0.8530, 0.6192], Current Cost = 9177.00, Rho = 1.000
(iter 159) [0.0, 0.8530, 0.6192] = 455.1049, sampling [1.0, -1.3797, 0.0656]. Recommendation = [0.0, 0.8530, 0.6192], Current Cost = 9178.00, Rho = 1.000
(iter 159) [0.0, 0.8530, 0.6192] = 455.1049, sampling [0.0, 0.4009, -0.0061]. Recommendation = [0.0, 0.8530, 0.6192], Current Cost = 9179.00, Rho = 1.000
(iter 159) [0.0, 0.8530, 0.6192] = 455.1049, sampling [1.0, 1.7948, 1.4776]. Recommendation = [0.0, 0.8530, 0.6192], Current Cost = 10179.00, Rho = 1.000
(iter 159) [0.0, 0.8530, 0.6192] = 455.1049, sampling [1.0, 1.2803, -0.7940]. Recommendation = [0.0, 0.8530, 0.6192], Current Cost = 10180.00, Rho = 1.000
(iter 159) [0.0, 0.8530, 0.6192] = 455.1049, sampling [1.0, 0.5708, -1.6970]. Recommendation = [0.0, 0.8530, 0.6192], Current Cost = 10181.00, Rho = 1.000
(iter 159) [0.0, 0.8530, 0.6192] = 455.1049, sampling [1.0, -1.6238, 0.6798]. Recommendation = [0.0, 0.8530, 0.6192], Current Cost = 10182.00, Rho = 1.000
(iter 159) [0.0, 0.8530, 0.6192] = 455.1049, sampling [1.0, -1.2403, -0.5543]. Recommendation = [0.0, 0.8530, 0.6192], Current Cost = 10183.00, Rho = 1.000
(iter 159) [0.0, 0.8530, 0.6192] = 455.1049, sampling [1.0, 1.9413, 0.0816]. Recommendation = [0.0, 0.8530, 0.6192], Current Cost = 10184.00, Rho = 1.000
(iter 159) [0.0, 0.8530, 0.6192] = 455.1049, sampling [1.0, -1.9756, 1.7838]. Recommendation = [0.0, 0.8530, 0.6192], Current Cost = 10185.00, Rho = 1.000
(iter 159) [0.0, 0.8530, 0.6192] = 455.1049, sampling [1.0, -1.7327, 0.4338]. Recommendation = [0.0, 0.8530, 0.6192], Current Cost = 10186.00, Rho = 1.000
(iter 159) [0.0, 0.8530, 0.6192] = 455.1049, sampling [1.0, -0.4450, -1.9611]. Recommendation = [0.0, 0.8530, 0.6192], Current Cost = 10187.00, Rho = 1.000
(iter 159) [0.0, 0.8530, 0.6192] = 455.1049, sampling [1.0, -0.8692, -1.3531]. Recommendation = [0.0, 0.8530, 0.6192], Current Cost = 10188.00, Rho = 1.000
(iter 159) [0.0, 0.8530, 0.6192] = 455.1049, sampling [1.0, -1.7970, 0.8110]. Recommendation = [0.0, 0.8530, 0.6192], Current Cost = 10189.00, Rho = 1.000
(iter 159) [0.0, 0.8530, 0.6192] = 455.1049, sampling [1.0, 1.6103, 0.9236]. Recommendation = [0.0, 0.8530, 0.6192], Current Cost = 10190.00, Rho = 1.000
(iter 159) [0.0, 0.8530, 0.6192] = 455.1049, sampling [1.0, 0.7662, -1.6230]. Recommendation = [0.0, 0.8530, 0.6192], Current Cost = 10191.00, Rho = 1.000
(iter 159) [0.0, 0.8530, 0.6192] = 455.1049, sampling [0.0, 1.3415, 1.9983]. Recommendation = [0.0, 0.8530, 0.6192], Current Cost = 10192.00, Rho = 1.000
(iter 159) [0.0, 0.8530, 0.6192] = 455.1049, sampling [1.0, -1.8317, -1.8556]. Recommendation = [0.0, 0.8530, 0.6192], Current Cost = 11192.00, Rho = 1.000
(iter 159) [0.0, 0.8530, 0.6192] = 455.1049, sampling [1.0, -0.3799, -1.8142]. Recommendation = [0.0, 0.8530, 0.6192], Current Cost = 11193.00, Rho = 1.000
(iter 159) [0.0, 0.8530, 0.6192] = 455.1049, sampling [1.0, -0.5698, -1.5092]. Recommendation = [0.0, 0.8530, 0.6192], Current Cost = 11194.00, Rho = 1.000
(iter 159) [0.0, 0.8530, 0.6192] = 455.1049, sampling [1.0, -1.4341, -0.2668]. Recommendation = [0.0, 0.8530, 0.6192], Current Cost = 11195.00, Rho = 1.000
(iter 159) [0.0, 0.8530, 0.6192] = 455.1049, sampling [1.0, 1.9753, 1.8032]. Recommendation = [0.0, 0.8530, 0.6192], Current Cost = 11196.00, Rho = 1.000
(iter 159) [0.0, 0.8530, 0.6192] = 455.1049, sampling [1.0, 1.4770, -0.6374]. Recommendation = [0.0, 0.8530, 0.6192], Current Cost = 11197.00, Rho = 1.000
(iter 159) [0.0, 0.8530, 0.6192] = 455.1049, sampling [1.0, 1.9891, 1.5695]. Recommendation = [0.0, 0.8530, 0.6192], Current Cost = 11198.00, Rho = 1.000
(iter 159) [0.0, 0.8530, 0.6192] = 455.1049, sampling [1.0, 1.2077, -1.1368]. Recommendation = [0.0, 0.8530, 0.6192], Current Cost = 11199.00, Rho = 1.000
(iter 159) [0.0, 0.8530, 0.6192] = 455.1049, sampling [0.0, -0.8164, 0.6881]. Recommendation = [0.0, 0.8530, 0.6192], Current Cost = 11200.00, Rho = 1.000
(iter 159) [0.0, 0.8530, 0.6192] = 455.1049, sampling [1.0, 1.0295, -1.4881]. Recommendation = [0.0, 0.8530, 0.6192], Current Cost = 12200.00, Rho = 1.000
(iter 159) [0.0, 0.8530, 0.6192] = 455.1049, sampling [1.0, -1.2236, -1.5223]. Recommendation = [0.0, 0.8530, 0.6192], Current Cost = 12201.00, Rho = 1.000
(iter 159) [0.0, 0.8530, 0.6192] = 455.1049, sampling [1.0, -1.6467, -0.9084]. Recommendation = [0.0, 0.8530, 0.6192], Current Cost = 12202.00, Rho = 1.000
(iter 159) [0.0, 0.8530, 0.6192] = 455.1049, sampling [1.0, -0.9049, -1.7195]. Recommendation = [0.0, 0.8530, 0.6192], Current Cost = 12203.00, Rho = 1.000
(iter 159) [0.0, 0.8530, 0.6192] = 455.1049, sampling [1.0, 1.7809, 0.4672]. Recommendation = [0.0, 0.8530, 0.6192], Current Cost = 12204.00, Rho = 1.000
(iter 159) [0.0, 0.8530, 0.6192] = 455.1049, sampling [1.0, -1.8758, 0.0002]. Recommendation = [0.0, 0.8530, 0.6192], Current Cost = 12205.00, Rho = 1.000
(iter 159) [0.0, 0.8530, 0.6192] = 455.1049, sampling [1.0, 1.1487, -1.4265]. Recommendation = [0.0, 0.8530, 0.6192], Current Cost = 12206.00, Rho = 1.000
(iter 159) [0.0, 0.8530, 0.6192] = 455.1049, sampling [1.0, -1.9062, -1.2847]. Recommendation = [0.0, 0.8530, 0.6192], Current Cost = 12207.00, Rho = 1.000
(iter 159) [0.0, 0.8530, 0.6192] = 455.1049, sampling [1.0, -1.4196, -0.3273]. Recommendation = [0.0, 0.8530, 0.6192], Current Cost = 12208.00, Rho = 1.000
(iter 159) [0.0, 0.8530, 0.6192] = 455.1049, sampling [1.0, 1.6402, -1.5862]. Recommendation = [0.0, 0.8530, 0.6192], Current Cost = 12209.00, Rho = 1.000
(iter 159) [0.0, 0.8530, 0.6192] = 455.1049, sampling [1.0, -1.7244, -0.9331]. Recommendation = [0.0, 0.8530, 0.6192], Current Cost = 12210.00, Rho = 1.000
(iter 159) [0.0, 0.8530, 0.6192] = 455.1049, sampling [1.0, 0.9921, -1.5548]. Recommendation = [0.0, 0.8530, 0.6192], Current Cost = 12211.00, Rho = 1.000
(iter 159) [0.0, 0.8530, 0.6192] = 455.1049, sampling [1.0, -1.8614, -0.5206]. Recommendation = [0.0, 0.8530, 0.6192], Current Cost = 12212.00, Rho = 1.000
(iter 159) [0.0, 0.8530, 0.6192] = 455.1049, sampling [1.0, -1.5952, -1.4125]. Recommendation = [0.0, 0.8530, 0.6192], Current Cost = 12213.00, Rho = 1.000
(iter 159) [0.0, 0.8530, 0.6192] = 455.1049, sampling [1.0, 1.8963, -0.5707]. Recommendation = [0.0, 0.8530, 0.6192], Current Cost = 12214.00, Rho = 1.000
(iter 159) [0.0, 0.8530, 0.6192] = 455.1049, sampling [1.0, -1.6788, -1.6764]. Recommendation = [0.0, 0.8530, 0.6192], Current Cost = 12215.00, Rho = 1.000
(iter 159) [0.0, 0.8530, 0.6192] = 455.1049, sampling [1.0, -0.6049, -1.8850]. Recommendation = [0.0, 0.8530, 0.6192], Current Cost = 12216.00, Rho = 1.000
(iter 159) [0.0, 0.8530, 0.6192] = 455.1049, sampling [1.0, -1.3708, -0.8671]. Recommendation = [0.0, 0.8530, 0.6192], Current Cost = 12217.00, Rho = 1.000
(iter 159) [0.0, 0.8530, 0.6192] = 455.1049, sampling [1.0, 1.2270, -0.8893]. Recommendation = [0.0, 0.8530, 0.6192], Current Cost = 12218.00, Rho = 1.000
(iter 159) [0.0, 0.8530, 0.6192] = 455.1049, sampling [1.0, -0.2683, -1.7664]. Recommendation = [0.0, 0.8530, 0.6192], Current Cost = 12219.00, Rho = 1.000
(iter 159) [0.0, 0.8530, 0.6192] = 455.1049, sampling [1.0, 1.7310, -0.1940]. Recommendation = [0.0, 0.8530, 0.6192], Current Cost = 12220.00, Rho = 1.000
(iter 159) [0.0, 0.8530, 0.6192] = 455.1049, sampling [1.0, 1.3001, -0.8360]. Recommendation = [0.0, 0.8530, 0.6192], Current Cost = 12221.00, Rho = 1.000
(iter 159) [0.0, 0.8530, 0.6192] = 455.1049, sampling [1.0, -1.9384, -0.0288]. Recommendation = [0.0, 0.8530, 0.6192], Current Cost = 12222.00, Rho = 1.000
(iter 159) [0.0, 0.8530, 0.6192] = 455.1049, sampling [1.0, 1.7167, -0.4869]. Recommendation = [0.0, 0.8530, 0.6192], Current Cost = 12223.00, Rho = 1.000
(iter 159) [0.0, 0.8530, 0.6192] = 455.1049, sampling [1.0, 1.3446, -1.7943]. Recommendation = [0.0, 0.8530, 0.6192], Current Cost = 12224.00, Rho = 1.000
(iter 159) [0.0, 0.8530, 0.6192] = 455.1049, sampling [1.0, -1.5170, -1.3710]. Recommendation = [0.0, 0.8530, 0.6192], Current Cost = 12225.00, Rho = 1.000
(iter 159) [0.0, 0.8530, 0.6192] = 455.1049, sampling [1.0, 1.8212, -1.4609]. Recommendation = [0.0, 0.8530, 0.6192], Current Cost = 12226.00, Rho = 1.000
(iter 159) [0.0, 0.8530, 0.6192] = 455.1049, sampling [1.0, -1.6893, -0.3519]. Recommendation = [0.0, 0.8530, 0.6192], Current Cost = 12227.00, Rho = 1.000
(iter 159) [0.0, 0.8530, 0.6192] = 455.1049, sampling [1.0, -1.7881, -1.6828]. Recommendation = [0.0, 0.8530, 0.6192], Current Cost = 12228.00, Rho = 1.000
(iter 159) [0.0, 0.8530, 0.6192] = 455.1049, sampling [1.0, -1.3417, -1.1684]. Recommendation = [0.0, 0.8530, 0.6192], Current Cost = 12229.00, Rho = 1.000
(iter 159) [0.0, 0.8530, 0.6192] = 455.1049, sampling [1.0, -1.4998, -0.4563]. Recommendation = [0.0, 0.8530, 0.6192], Current Cost = 12230.00, Rho = 1.000
(iter 159) [0.0, 0.8530, 0.6192] = 455.1049, sampling [1.0, -1.5721, -0.2526]. Recommendation = [0.0, 0.8530, 0.6192], Current Cost = 12231.00, Rho = 1.000
(iter 159) [0.0, 0.8530, 0.6192] = 455.1049, sampling [1.0, -1.9909, 0.8871]. Recommendation = [0.0, 0.8530, 0.6192], Current Cost = 12232.00, Rho = 1.000
(iter 159) [0.0, 0.8530, 0.6192] = 455.1049, sampling [1.0, 1.8248, -0.7746]. Recommendation = [0.0, 0.8530, 0.6192], Current Cost = 12233.00, Rho = 1.000
(iter 159) [0.0, 0.8530, 0.6192] = 455.1049, sampling [1.0, 1.1329, -1.3416]. Recommendation = [0.0, 0.8530, 0.6192], Current Cost = 12234.00, Rho = 1.000
(iter 159) [0.0, 0.8530, 0.6192] = 455.1049, sampling [1.0, 1.5815, -0.0741]. Recommendation = [0.0, 0.8530, 0.6192], Current Cost = 12235.00, Rho = 1.000
(iter 159) [0.0, 0.8530, 0.6192] = 455.1049, sampling [1.0, 1.9127, -0.5845]. Recommendation = [0.0, 0.8530, 0.6192], Current Cost = 12236.00, Rho = 1.000
(iter 159) [0.0, 0.8530, 0.6192] = 455.1049, sampling [1.0, 1.4959, -1.9101]. Recommendation = [0.0, 0.8530, 0.6192], Current Cost = 12237.00, Rho = 1.000
(iter 159) [0.0, 0.8530, 0.6192] = 455.1049, sampling [1.0, -1.0753, -1.6480]. Recommendation = [0.0, 0.8530, 0.6192], Current Cost = 12238.00, Rho = 1.000
(iter 159) [0.0, 0.8530, 0.6192] = 455.1049, sampling [1.0, -1.8156, -0.6677]. Recommendation = [0.0, 0.8530, 0.6192], Current Cost = 12239.00, Rho = 1.000
(iter 159) [0.0, 0.8530, 0.6192] = 455.1049, sampling [1.0, 1.4152, -1.9007]. Recommendation = [0.0, 0.8530, 0.6192], Current Cost = 12240.00, Rho = 1.000
(iter 159) [0.0, 0.8530, 0.6192] = 455.1049, sampling [1.0, -0.7785, -1.9357]. Recommendation = [0.0, 0.8530, 0.6192], Current Cost = 12241.00, Rho = 1.000
(iter 159) [0.0, 0.8530, 0.6192] = 455.1049, sampling [1.0, 1.8490, -0.4298]. Recommendation = [0.0, 0.8530, 0.6192], Current Cost = 12242.00, Rho = 1.000
(iter 159) [0.0, 0.8530, 0.6192] = 455.1049, sampling [1.0, 1.7719, -0.6446]. Recommendation = [0.0, 0.8530, 0.6192], Current Cost = 12243.00, Rho = 1.000
(iter 159) [0.0, 0.8530, 0.6192] = 455.1049, sampling [1.0, -1.8545, -0.3682]. Recommendation = [0.0, 0.8530, 0.6192], Current Cost = 12244.00, Rho = 1.000
(iter 159) [0.0, 0.8530, 0.6192] = 455.1049, sampling [1.0, -1.4813, -1.3114]. Recommendation = [0.0, 0.8530, 0.6192], Current Cost = 12245.00, Rho = 1.000
(iter 159) [0.0, 0.8530, 0.6192] = 455.1049, sampling [1.0, 1.7500, -1.0100]. Recommendation = [0.0, 0.8530, 0.6192], Current Cost = 12246.00, Rho = 1.000
(iter 159) [0.0, 0.8530, 0.6192] = 455.1049, sampling [1.0, 1.4681, -0.2390]. Recommendation = [0.0, 0.8530, 0.6192], Current Cost = 12247.00, Rho = 1.000
(iter 159) [0.0, 0.8530, 0.6192] = 455.1049, sampling [1.0, -1.7517, -0.0605]. Recommendation = [0.0, 0.8530, 0.6192], Current Cost = 12248.00, Rho = 1.000
(iter 159) [0.0, 0.8530, 0.6192] = 455.1049, sampling [1.0, -1.4564, -0.5992]. Recommendation = [0.0, 0.8530, 0.6192], Current Cost = 12249.00, Rho = 1.000
(iter 159) [0.0, 0.8530, 0.6192] = 455.1049, sampling [0.0, 0.2633, 1.3348]. Recommendation = [0.0, 0.8530, 0.6192], Current Cost = 12250.00, Rho = 1.000
(iter 159) [0.0, 0.8530, 0.6192] = 455.1049, sampling [0.0, -1.2236, -1.5223]. Recommendation = [0.0, 0.8530, 0.6192], Current Cost = 13250.00, Rho = 1.000
(iter 159) [0.0, 0.8530, 0.6192] = 455.1049, sampling [0.0, 0.7002, -0.6812]. Recommendation = [0.0, 0.8530, 0.6192], Current Cost = 14250.00, Rho = 1.000
(iter 159) [0.0, 0.8530, 0.6192] = 455.1049, sampling [0.0, -1.7327, 0.4338]. Recommendation = [0.0, 0.8530, 0.6192], Current Cost = 15250.00, Rho = 1.000
(iter 159) [0.0, 0.8530, 0.6192] = 455.1049, sampling [0.0, 1.1707, 0.7531]. Recommendation = [0.0, 0.8530, 0.6192], Current Cost = 16250.00, Rho = 1.000
(iter 159) [0.0, 0.8530, 0.6192] = 455.1049, sampling [0.0, -1.3509, 0.3709]. Recommendation = [0.0, 0.8530, 0.6192], Current Cost = 17250.00, Rho = 1.000
(iter 159) [0.0, 0.8530, 0.6192] = 455.1049, sampling [0.0, -0.8692, -1.3531]. Recommendation = [0.0, 0.8530, 0.6192], Current Cost = 18250.00, Rho = 1.000
(iter 159) [0.0, 0.8530, 0.6192] = 455.1049, sampling [0.0, 1.0295, -1.4881]. Recommendation = [0.0, 0.8530, 0.6192], Current Cost = 19250.00, Rho = 1.000
(iter 159) [0.0, 0.8530, 0.6192] = 455.1049, sampling [0.0, 0.5549, -1.1166]. Recommendation = [0.0, 0.8530, 0.6192], Current Cost = 20250.00, Rho = 1.000
(iter 159) [0.0, 0.8530, 0.6192] = 455.1049, sampling [0.0, -1.6467, -0.9084]. Recommendation = [0.0, 0.8530, 0.6192], Current Cost = 21250.00, Rho = 1.000
(iter 159) [0.0, 0.8530, 0.6192] = 455.1049, sampling [0.0, -0.9049, -1.7195]. Recommendation = [0.0, 0.8530, 0.6192], Current Cost = 22250.00, Rho = 1.000
(iter 159) [0.0, 0.8530, 0.6192] = 455.1049, sampling [0.0, -0.6219, 1.4667]. Recommendation = [0.0, 0.8530, 0.6192], Current Cost = 23250.00, Rho = 1.000
(iter 159) [0.0, 0.8530, 0.6192] = 455.1049, sampling [0.0, 0.4524, 0.8413]. Recommendation = [0.0, 0.8530, 0.6192], Current Cost = 24250.00, Rho = 1.000
(iter 159) [0.0, 0.8530, 0.6192] = 455.1049, sampling [0.0, 1.7809, 0.4672]. Recommendation = [0.0, 0.8530, 0.6192], Current Cost = 25250.00, Rho = 1.000
(iter 159) [0.0, 0.8530, 0.6192] = 455.1049, sampling [0.0, -1.8758, 0.0002]. Recommendation = [0.0, 0.8530, 0.6192], Current Cost = 26250.00, Rho = 1.000
(iter 159) [0.0, 0.8530, 0.6192] = 455.1049, sampling [0.0, 0.1440, -1.9451]. Recommendation = [0.0, 0.8530, 0.6192], Current Cost = 27250.00, Rho = 1.000
(iter 159) [0.0, 0.8530, 0.6192] = 455.1049, sampling [0.0, -0.9230, 0.5415]. Recommendation = [0.0, 0.8530, 0.6192], Current Cost = 28250.00, Rho = 1.000
(iter 159) [0.0, 0.8530, 0.6192] = 455.1049, sampling [0.0, -0.5597, -0.4758]. Recommendation = [0.0, 0.8530, 0.6192], Current Cost = 29250.00, Rho = 1.000
(iter 159) [0.0, 0.8530, 0.6192] = 455.1049, sampling [0.0, 1.1487, -1.4265]. Recommendation = [0.0, 0.8530, 0.6192], Current Cost = 30250.00, Rho = 1.000
(iter 159) [0.0, 0.8530, 0.6192] = 455.1049, sampling [0.0, -0.6996, -1.8349]. Recommendation = [0.0, 0.8530, 0.6192], Current Cost = 31250.00, Rho = 1.000
(iter 159) [0.0, 0.8530, 0.6192] = 455.1049, sampling [0.0, 1.8878, 0.9631]. Recommendation = [0.0, 0.8530, 0.6192], Current Cost = 32250.00, Rho = 1.000
(iter 159) [0.0, 0.8530, 0.6192] = 455.1049, sampling [0.0, 1.5338, 1.4955]. Recommendation = [0.0, 0.8530, 0.6192], Current Cost = 33250.00, Rho = 1.000
(iter 159) [0.0, 0.8530, 0.6192] = 455.1049, sampling [0.0, -1.9062, -1.2847]. Recommendation = [0.0, 0.8530, 0.6192], Current Cost = 34250.00, Rho = 1.000
(iter 159) [0.0, 0.8530, 0.6192] = 455.1049, sampling [0.0, 1.4035, 1.2547]. Recommendation = [0.0, 0.8530, 0.6192], Current Cost = 35250.00, Rho = 1.000
(iter 159) [0.0, 0.8530, 0.6192] = 455.1049, sampling [0.0, -1.4196, -0.3273]. Recommendation = [0.0, 0.8530, 0.6192], Current Cost = 36250.00, Rho = 1.000
(iter 159) [0.0, 0.8530, 0.6192] = 455.1049, sampling [0.0, 1.6402, -1.5862]. Recommendation = [0.0, 0.8530, 0.6192], Current Cost = 37250.00, Rho = 1.000
(iter 159) [0.0, 0.8530, 0.6192] = 455.1049, sampling [0.0, -1.7244, -0.9331]. Recommendation = [0.0, 0.8530, 0.6192], Current Cost = 38250.00, Rho = 1.000
(iter 159) [0.0, 0.8530, 0.6192] = 455.1049, sampling [0.0, -1.0215, -0.8117]. Recommendation = [0.0, 0.8530, 0.6192], Current Cost = 39250.00, Rho = 1.000
(iter 159) [0.0, 0.8530, 0.6192] = 455.1049, sampling [0.0, -0.4194, -0.9541]. Recommendation = [0.0, 0.8530, 0.6192], Current Cost = 40250.00, Rho = 1.000
(iter 159) [0.0, 0.8530, 0.6192] = 455.1049, sampling [0.0, -0.8606, 0.4089]. Recommendation = [0.0, 0.8530, 0.6192], Current Cost = 41250.00, Rho = 1.000
(iter 159) [0.0, 0.8530, 0.6192] = 455.1049, sampling [0.0, 1.4310, -0.1439]. Recommendation = [0.0, 0.8530, 0.6192], Current Cost = 42250.00, Rho = 1.000
(iter 159) [0.0, 0.8530, 0.6192] = 455.1049, sampling [0.0, -1.6238, 0.6798]. Recommendation = [0.0, 0.8530, 0.6192], Current Cost = 43250.00, Rho = 1.000
(iter 159) [0.0, 0.8530, 0.6192] = 455.1049, sampling [0.0, 0.9921, -1.5548]. Recommendation = [0.0, 0.8530, 0.6192], Current Cost = 44250.00, Rho = 1.000
(iter 159) [0.0, 0.8530, 0.6192] = 455.1049, sampling [0.0, -1.3938, 0.3208]. Recommendation = [0.0, 0.8530, 0.6192], Current Cost = 45250.00, Rho = 1.000
(iter 159) [0.0, 0.8530, 0.6192] = 455.1049, sampling [0.0, 0.2309, 1.0117]. Recommendation = [0.0, 0.8530, 0.6192], Current Cost = 46250.00, Rho = 1.000
(iter 159) [0.0, 0.8530, 0.6192] = 455.1049, sampling [0.0, 1.5142, 1.1937]. Recommendation = [0.0, 0.8530, 0.6192], Current Cost = 47250.00, Rho = 1.000
(iter 159) [0.0, 0.8530, 0.6192] = 455.1049, sampling [0.0, 0.7226, 1.4465]. Recommendation = [0.0, 0.8530, 0.6192], Current Cost = 48250.00, Rho = 1.000
(iter 159) [0.0, 0.8530, 0.6192] = 455.1049, sampling [0.0, -1.3018, 0.2717]. Recommendation = [0.0, 0.8530, 0.6192], Current Cost = 49250.00, Rho = 1.000
(iter 159) [0.0, 0.8530, 0.6192] = 455.1049, sampling [0.0, -1.7118, 1.6995]. Recommendation = [0.0, 0.8530, 0.6192], Current Cost = 50250.00, Rho = 1.000
(iter 159) [0.0, 0.8530, 0.6192] = 455.1049, sampling [0.0, -0.8801, 0.9284]. Recommendation = [0.0, 0.8530, 0.6192], Current Cost = 51250.00, Rho = 1.000
(iter 159) [0.0, 0.8530, 0.6192] = 455.1049, sampling [0.0, 1.7117, 0.4971]. Recommendation = [0.0, 0.8530, 0.6192], Current Cost = 52250.00, Rho = 1.000
(iter 159) [0.0, 0.8530, 0.6192] = 455.1049, sampling [0.0, -1.2723, -0.0892]. Recommendation = [0.0, 0.8530, 0.6192], Current Cost = 53250.00, Rho = 1.000
(iter 159) [0.0, 0.8530, 0.6192] = 455.1049, sampling [0.0, -0.0605, -1.9885]. Recommendation = [0.0, 0.8530, 0.6192], Current Cost = 54250.00, Rho = 1.000
(iter 159) [0.0, 0.8530, 0.6192] = 455.1049, sampling [0.0, 0.3016, 1.7273]. Recommendation = [0.0, 0.8530, 0.6192], Current Cost = 55250.00, Rho = 1.000
(iter 159) [0.0, 0.8530, 0.6192] = 455.1049, sampling [0.0, -0.5698, -1.5092]. Recommendation = [0.0, 0.8530, 0.6192], Current Cost = 56250.00, Rho = 1.000
(iter 159) [0.0, 0.8530, 0.6192] = 455.1049, sampling [0.0, 1.6103, 0.9236]. Recommendation = [0.0, 0.8530, 0.6192], Current Cost = 57250.00, Rho = 1.000
(iter 159) [0.0, 0.8530, 0.6192] = 455.1049, sampling [0.0, 0.8983, 0.2198]. Recommendation = [0.0, 0.8530, 0.6192], Current Cost = 58250.00, Rho = 1.000
(iter 159) [0.0, 0.8530, 0.6192] = 455.1049, sampling [0.0, 1.4550, 1.2280]. Recommendation = [0.0, 0.8530, 0.6192], Current Cost = 59250.00, Rho = 1.000
(iter 159) [0.0, 0.8530, 0.6192] = 455.1049, sampling [0.0, 0.3317, 1.3542]. Recommendation = [0.0, 0.8530, 0.6192], Current Cost = 60250.00, Rho = 1.000
(iter 159) [0.0, 0.8530, 0.6192] = 455.1049, sampling [0.0, 1.2451, 0.1026]. Recommendation = [0.0, 0.8530, 0.6192], Current Cost = 61250.00, Rho = 1.000
(iter 159) [0.0, 0.8530, 0.6192] = 455.1049, sampling [0.0, -1.8614, -0.5206]. Recommendation = [0.0, 0.8530, 0.6192], Current Cost = 62250.00, Rho = 1.000
(iter 159) [0.0, 0.8530, 0.6192] = 455.1049, sampling [0.0, 0.9879, -1.0563]. Recommendation = [0.0, 0.8530, 0.6192], Current Cost = 63250.00, Rho = 1.000
(iter 159) [0.0, 0.8530, 0.6192] = 455.1049, sampling [0.0, -0.0450, -1.7418]. Recommendation = [0.0, 0.8530, 0.6192], Current Cost = 64250.00, Rho = 1.000
(iter 159) [0.0, 0.8530, 0.6192] = 455.1049, sampling [0.0, -1.5355, 0.6627]. Recommendation = [0.0, 0.8530, 0.6192], Current Cost = 65250.00, Rho = 1.000
(iter 159) [0.0, 0.8530, 0.6192] = 455.1049, sampling [0.0, -0.5146, -0.1032]. Recommendation = [0.0, 0.8530, 0.6192], Current Cost = 66250.00, Rho = 1.000
(iter 159) [0.0, 0.8530, 0.6192] = 455.1049, sampling [0.0, -1.5952, -1.4125]. Recommendation = [0.0, 0.8530, 0.6192], Current Cost = 67250.00, Rho = 1.000
(iter 159) [0.0, 0.8530, 0.6192] = 455.1049, sampling [0.0, 1.5600, 1.7648]. Recommendation = [0.0, 0.8530, 0.6192], Current Cost = 68250.00, Rho = 1.000
(iter 159) [0.0, 0.8530, 0.6192] = 455.1049, sampling [0.0, 1.8963, -0.5707]. Recommendation = [0.0, 0.8530, 0.6192], Current Cost = 69250.00, Rho = 1.000
(iter 159) [0.0, 0.8530, 0.6192] = 455.1049, sampling [0.0, -1.4341, -0.2668]. Recommendation = [0.0, 0.8530, 0.6192], Current Cost = 70250.00, Rho = 1.000
(iter 159) [0.0, 0.8530, 0.6192] = 455.1049, sampling [0.0, 0.1036, 1.4343]. Recommendation = [0.0, 0.8530, 0.6192], Current Cost = 71250.00, Rho = 1.000
(iter 159) [0.0, 0.8530, 0.6192] = 455.1049, sampling [0.0, -1.5616, 1.9565]. Recommendation = [0.0, 0.8530, 0.6192], Current Cost = 72250.00, Rho = 1.000
(iter 159) [0.0, 0.8530, 0.6192] = 455.1049, sampling [0.0, 0.4348, -1.5723]. Recommendation = [0.0, 0.8530, 0.6192], Current Cost = 73250.00, Rho = 1.000
(iter 159) [0.0, 0.8530, 0.6192] = 455.1049, sampling [0.0, -1.1753, 0.5621]. Recommendation = [0.0, 0.8530, 0.6192], Current Cost = 74250.00, Rho = 1.000
(iter 159) [0.0, 0.8530, 0.6192] = 455.1049, sampling [0.0, 0.8310, 1.9049]. Recommendation = [0.0, 0.8530, 0.6192], Current Cost = 75250.00, Rho = 1.000
(iter 159) [0.0, 0.8530, 0.6192] = 455.1049, sampling [0.0, -1.6788, -1.6764]. Recommendation = [0.0, 0.8530, 0.6192], Current Cost = 76250.00, Rho = 1.000
(iter 159) [0.0, 0.8530, 0.6192] = 455.1049, sampling [0.0, 1.0678, 1.9367]. Recommendation = [0.0, 0.8530, 0.6192], Current Cost = 77250.00, Rho = 1.000
(iter 159) [0.0, 0.8530, 0.6192] = 455.1049, sampling [0.0, -0.6049, -1.8850]. Recommendation = [0.0, 0.8530, 0.6192], Current Cost = 78250.00, Rho = 1.000
(iter 159) [0.0, 0.8530, 0.6192] = 455.1049, sampling [0.0, -0.5019, 0.3979]. Recommendation = [0.0, 0.8530, 0.6192], Current Cost = 79250.00, Rho = 1.000
(iter 159) [0.0, 0.8530, 0.6192] = 455.1049, sampling [0.0, -0.4493, 0.7420]. Recommendation = [0.0, 0.8530, 0.6192], Current Cost = 80250.00, Rho = 1.000
(iter 159) [0.0, 0.8530, 0.6192] = 455.1049, sampling [0.0, -1.9576, 1.8748]. Recommendation = [0.0, 0.8530, 0.6192], Current Cost = 81250.00, Rho = 1.000
(iter 159) [0.0, 0.8530, 0.6192] = 455.1049, sampling [0.0, -1.3205, 1.5280]. Recommendation = [0.0, 0.8530, 0.6192], Current Cost = 82250.00, Rho = 1.000
(iter 159) [0.0, 0.8530, 0.6192] = 455.1049, sampling [0.0, -0.7204, -0.1847]. Recommendation = [0.0, 0.8530, 0.6192], Current Cost = 83250.00, Rho = 1.000
(iter 159) [0.0, 0.8530, 0.6192] = 455.1049, sampling [0.0, -1.6541, 1.1717]. Recommendation = [0.0, 0.8530, 0.6192], Current Cost = 84250.00, Rho = 1.000
(iter 159) [0.0, 0.8530, 0.6192] = 455.1049, sampling [0.0, -1.5399, 1.8525]. Recommendation = [0.0, 0.8530, 0.6192], Current Cost = 85250.00, Rho = 1.000
(iter 159) [0.0, 0.8530, 0.6192] = 455.1049, sampling [0.0, 0.0627, -1.2011]. Recommendation = [0.0, 0.8530, 0.6192], Current Cost = 86250.00, Rho = 1.000
(iter 159) [0.0, 0.8530, 0.6192] = 455.1049, sampling [0.0, -0.2533, 0.5542]. Recommendation = [0.0, 0.8530, 0.6192], Current Cost = 87250.00, Rho = 1.000
(iter 159) [0.0, 0.8530, 0.6192] = 455.1049, sampling [0.0, 0.6262, 1.7442]. Recommendation = [0.0, 0.8530, 0.6192], Current Cost = 88250.00, Rho = 1.000
(iter 159) [0.0, 0.8530, 0.6192] = 455.1049, sampling [0.0, 1.3718, 0.6024]. Recommendation = [0.0, 0.8530, 0.6192], Current Cost = 89250.00, Rho = 1.000
(iter 159) [0.0, 0.8530, 0.6192] = 455.1049, sampling [0.0, -0.2007, -0.2147]. Recommendation = [0.0, 0.8530, 0.6192], Current Cost = 90250.00, Rho = 1.000
(iter 159) [0.0, 0.8530, 0.6192] = 455.1049, sampling [0.0, 0.4753, 0.5170]. Recommendation = [0.0, 0.8530, 0.6192], Current Cost = 91250.00, Rho = 1.000
(iter 159) [0.0, 0.8530, 0.6192] = 455.1049, sampling [0.0, -0.1202, -1.0011]. Recommendation = [0.0, 0.8530, 0.6192], Current Cost = 92250.00, Rho = 1.000
(iter 159) [0.0, 0.8530, 0.6192] = 455.1049, sampling [0.0, -1.7970, 0.8110]. Recommendation = [0.0, 0.8530, 0.6192], Current Cost = 93250.00, Rho = 1.000
(iter 159) [0.0, 0.8530, 0.6192] = 455.1049, sampling [0.0, 1.4770, -0.6374]. Recommendation = [0.0, 0.8530, 0.6192], Current Cost = 94250.00, Rho = 1.000
(iter 159) [0.0, 0.8530, 0.6192] = 455.1049, sampling [0.0, 0.2427, -0.5059]. Recommendation = [0.0, 0.8530, 0.6192], Current Cost = 95250.00, Rho = 1.000
(iter 159) [0.0, 0.8530, 0.6192] = 455.1049, sampling [0.0, -1.0396, 1.1143]. Recommendation = [0.0, 0.8530, 0.6192], Current Cost = 96250.00, Rho = 1.000
(iter 159) [0.0, 0.8530, 0.6192] = 455.1049, sampling [0.0, -1.3708, -0.8671]. Recommendation = [0.0, 0.8530, 0.6192], Current Cost = 97250.00, Rho = 1.000
(iter 159) [0.0, 0.8530, 0.6192] = 455.1049, sampling [0.0, 0.2066, -0.3057]. Recommendation = [0.0, 0.8530, 0.6192], Current Cost = 98250.00, Rho = 1.000
(iter 159) [0.0, 0.8530, 0.6192] = 455.1049, sampling [0.0, -1.8317, -1.8556]. Recommendation = [0.0, 0.8530, 0.6192], Current Cost = 99250.00, Rho = 1.000
