(iter 10) [0.0, 1.2435, 1.6154] = 455.7632, sampling [1.0, 0.8924, 1.4470]. Recommendation = [0.0, 1.2435, 1.6154], Current Cost = 5005.00, Rho = 1.000
(iter 10) [0.0, 1.2435, 1.6154] = 455.7632, sampling [1.0, 1.1815, 1.4211]. Recommendation = [0.0, 1.2435, 1.6154], Current Cost = 5006.00, Rho = 1.000
(iter 10) [0.0, 1.2435, 1.6154] = 455.7632, sampling [1.0, 1.0876, 1.4376]. Recommendation = [0.0, 1.1815, 1.4211], Current Cost = 5007.00, Rho = 1.000
(iter 10) [0.0, 1.2435, 1.6154] = 455.7632, sampling [1.0, -0.0023, 1.1986]. Recommendation = [0.0, 1.1815, 1.4211], Current Cost = 5008.00, Rho = 1.000
(iter 10) [0.0, 1.2435, 1.6154] = 455.7632, sampling [1.0, 0.9746, 1.2341]. Recommendation = [0.0, 1.1815, 1.4211], Current Cost = 5009.00, Rho = 1.000
(iter 10) [0.0, 1.2435, 1.6154] = 455.7632, sampling [1.0, 1.2583, 1.0853]. Recommendation = [0.0, 1.1815, 1.4211], Current Cost = 5010.00, Rho = 1.000
(iter 10) [0.0, 1.2435, 1.6154] = 455.7632, sampling [1.0, 1.1675, 1.0043]. Recommendation = [0.0, 1.1815, 1.4211], Current Cost = 5011.00, Rho = 1.000
(iter 10) [0.0, 1.2435, 1.6154] = 455.7632, sampling [1.0, 1.0036, 0.7538]. Recommendation = [0.0, 1.1815, 1.4211], Current Cost = 5012.00, Rho = 1.000
(iter 10) [0.0, 1.2435, 1.6154] = 455.7632, sampling [1.0, 1.1033, 0.7821]. Recommendation = [0.0, 1.1815, 1.4211], Current Cost = 5013.00, Rho = 1.000
(iter 10) [0.0, 1.2435, 1.6154] = 455.7632, sampling [1.0, 0.6568, 0.9116]. Recommendation = [0.0, 1.1815, 1.4211], Current Cost = 5014.00, Rho = 1.000
(iter 10) [0.0, 1.2435, 1.6154] = 455.7632, sampling [1.0, 0.5935, 0.7328]. Recommendation = [0.0, 1.1815, 1.4211], Current Cost = 5015.00, Rho = 1.000
(iter 10) [0.0, 1.2435, 1.6154] = 455.7632, sampling [1.0, 0.6156, 0.8078]. Recommendation = [0.0, 1.1815, 1.4211], Current Cost = 5016.00, Rho = 1.000
(iter 10) [0.0, 1.2435, 1.6154] = 455.7632, sampling [1.0, 1.5744, 1.2744]. Recommendation = [0.0, 1.1815, 1.4211], Current Cost = 5017.00, Rho = 1.000
(iter 10) [0.0, 1.2435, 1.6154] = 455.7632, sampling [1.0, 0.5781, 1.1620]. Recommendation = [0.0, 1.1815, 1.4211], Current Cost = 5018.00, Rho = 1.000
(iter 10) [0.0, 1.2435, 1.6154] = 455.7632, sampling [1.0, 0.5443, 0.3696]. Recommendation = [0.0, 1.1815, 1.4211], Current Cost = 5019.00, Rho = 1.000
(iter 10) [0.0, 1.2435, 1.6154] = 455.7632, sampling [1.0, 0.8285, 0.3574]. Recommendation = [0.0, 1.1815, 1.4211], Current Cost = 5020.00, Rho = 1.000
(iter 10) [0.0, 1.2435, 1.6154] = 455.7632, sampling [1.0, 0.3861, 0.2747]. Recommendation = [0.0, 1.1815, 1.4211], Current Cost = 5021.00, Rho = 1.000
(iter 10) [0.0, 1.2435, 1.6154] = 455.7632, sampling [1.0, 0.3049, 0.6094]. Recommendation = [0.0, 1.1815, 1.4211], Current Cost = 5022.00, Rho = 1.000
(iter 10) [0.0, 1.2435, 1.6154] = 455.7632, sampling [1.0, 0.4522, 0.2009]. Recommendation = [0.0, 1.1815, 1.4211], Current Cost = 5023.00, Rho = 1.000
(iter 10) [0.0, 1.2435, 1.6154] = 455.7632, sampling [1.0, -0.1208, 0.3197]. Recommendation = [0.0, 1.1815, 1.4211], Current Cost = 5024.00, Rho = 1.000
(iter 10) [0.0, 1.2435, 1.6154] = 455.7632, sampling [1.0, -0.1395, 0.1545]. Recommendation = [0.0, 1.1815, 1.4211], Current Cost = 5025.00, Rho = 1.000
(iter 10) [0.0, 1.2435, 1.6154] = 455.7632, sampling [1.0, 0.0454, -0.0637]. Recommendation = [0.0, 1.1815, 1.4211], Current Cost = 5026.00, Rho = 1.000
(iter 10) [0.0, 1.2435, 1.6154] = 455.7632, sampling [1.0, -0.2882, 0.3917]. Recommendation = [0.0, 1.1815, 1.4211], Current Cost = 5027.00, Rho = 1.000
(iter 10) [0.0, 1.2435, 1.6154] = 455.7632, sampling [1.0, -0.3979, 0.2424]. Recommendation = [0.0, 1.1815, 1.4211], Current Cost = 5028.00, Rho = 1.000
(iter 10) [0.0, 1.2435, 1.6154] = 455.7632, sampling [1.0, -0.5929, 0.6330]. Recommendation = [0.0, 1.1815, 1.4211], Current Cost = 5029.00, Rho = 1.000
(iter 10) [0.0, 1.2435, 1.6154] = 455.7632, sampling [1.0, -0.6931, 0.7961]. Recommendation = [0.0, 1.1815, 1.4211], Current Cost = 5030.00, Rho = 1.000
(iter 10) [0.0, 1.2435, 1.6154] = 455.7632, sampling [1.0, -0.8105, 0.5624]. Recommendation = [0.0, 1.1815, 1.4211], Current Cost = 5031.00, Rho = 1.000
(iter 10) [0.0, 1.2435, 1.6154] = 455.7632, sampling [1.0, -0.9203, 0.9384]. Recommendation = [0.0, 1.1815, 1.4211], Current Cost = 5032.00, Rho = 1.000
(iter 10) [0.0, 1.2435, 1.6154] = 455.7632, sampling [1.0, -0.9901, 0.5851]. Recommendation = [0.0, 1.1815, 1.4211], Current Cost = 5033.00, Rho = 1.000
(iter 10) [0.0, 1.2435, 1.6154] = 455.7632, sampling [1.0, -1.1879, 0.8586]. Recommendation = [0.0, 1.1815, 1.4211], Current Cost = 5034.00, Rho = 1.000
(iter 10) [0.0, 1.2435, 1.6154] = 455.7632, sampling [1.0, 0.0245, -0.2215]. Recommendation = [0.0, 1.1815, 1.4211], Current Cost = 5035.00, Rho = 1.000
(iter 10) [0.0, 1.2435, 1.6154] = 455.7632, sampling [1.0, -0.1942, -0.2752]. Recommendation = [0.0, 1.1815, 1.4211], Current Cost = 5036.00, Rho = 1.000
(iter 10) [0.0, 1.2435, 1.6154] = 455.7632, sampling [1.0, -0.4294, -0.1136]. Recommendation = [0.0, 1.1815, 1.4211], Current Cost = 5037.00, Rho = 1.000
(iter 10) [0.0, 1.2435, 1.6154] = 455.7632, sampling [1.0, 0.6829, 0.0425]. Recommendation = [0.0, 1.1815, 1.4211], Current Cost = 5038.00, Rho = 1.000
(iter 10) [0.0, 1.2435, 1.6154] = 455.7632, sampling [1.0, 0.1104, -0.3599]. Recommendation = [0.0, 1.1815, 1.4211], Current Cost = 5039.00, Rho = 1.000
(iter 10) [0.0, 1.2435, 1.6154] = 455.7632, sampling [1.0, -0.1682, -0.3105]. Recommendation = [0.0, 1.1815, 1.4211], Current Cost = 5040.00, Rho = 1.000
(iter 10) [0.0, 1.2435, 1.6154] = 455.7632, sampling [1.0, -1.0311, 1.1790]. Recommendation = [0.0, 1.1815, 1.4211], Current Cost = 5041.00, Rho = 1.000
(iter 10) [0.0, 1.2435, 1.6154] = 455.7632, sampling [1.0, -0.4019, 0.8765]. Recommendation = [0.0, 1.1815, 1.4211], Current Cost = 5042.00, Rho = 1.000
(iter 10) [0.0, 1.2435, 1.6154] = 455.7632, sampling [1.0, -1.0595, 1.3016]. Recommendation = [0.0, 1.1815, 1.4211], Current Cost = 5043.00, Rho = 1.000
(iter 10) [0.0, 1.2435, 1.6154] = 455.7632, sampling [1.0, 0.9332, 0.2592]. Recommendation = [0.0, 1.1815, 1.4211], Current Cost = 5044.00, Rho = 1.000
(iter 10) [0.0, 1.2435, 1.6154] = 455.7632, sampling [1.0, 0.0666, -0.4043]. Recommendation = [0.0, 1.1815, 1.4211], Current Cost = 5045.00, Rho = 1.000
(iter 10) [0.0, 1.2435, 1.6154] = 455.7632, sampling [1.0, 0.1604, 0.6628]. Recommendation = [0.0, 1.1815, 1.4211], Current Cost = 5046.00, Rho = 1.000
(iter 10) [0.0, 1.2435, 1.6154] = 455.7632, sampling [1.0, 0.4217, -0.2968]. Recommendation = [0.0, 1.1815, 1.4211], Current Cost = 5047.00, Rho = 1.000
(iter 10) [0.0, 1.2435, 1.6154] = 455.7632, sampling [1.0, -0.0882, -0.4889]. Recommendation = [0.0, 1.1815, 1.4211], Current Cost = 5048.00, Rho = 1.000
(iter 10) [0.0, 1.2435, 1.6154] = 455.7632, sampling [1.0, 0.2532, -0.4476]. Recommendation = [0.0, 1.1815, 1.4211], Current Cost = 5049.00, Rho = 1.000
(iter 10) [0.0, 1.2435, 1.6154] = 455.7632, sampling [1.0, -0.7428, 1.5236]. Recommendation = [0.0, 1.1815, 1.4211], Current Cost = 5050.00, Rho = 1.000
(iter 10) [0.0, 1.2435, 1.6154] = 455.7632, sampling [1.0, -0.5413, -0.2614]. Recommendation = [0.0, 1.1815, 1.4211], Current Cost = 5051.00, Rho = 1.000
(iter 10) [0.0, 1.2435, 1.6154] = 455.7632, sampling [1.0, -0.7732, 0.1115]. Recommendation = [0.0, 1.1815, 1.4211], Current Cost = 5052.00, Rho = 1.000
(iter 10) [0.0, 1.2435, 1.6154] = 455.7632, sampling [1.0, 1.1128, 1.8591]. Recommendation = [0.0, 1.1815, 1.4211], Current Cost = 5053.00, Rho = 1.000
(iter 10) [0.0, 1.2435, 1.6154] = 455.7632, sampling [1.0, 1.1497, 0.4158]. Recommendation = [0.0, 1.1815, 1.4211], Current Cost = 5054.00, Rho = 1.000
(iter 10) [0.0, 1.2435, 1.6154] = 455.7632, sampling [1.0, 0.3201, 0.7114]. Recommendation = [0.0, 1.1815, 1.4211], Current Cost = 5055.00, Rho = 1.000
(iter 10) [0.0, 1.2435, 1.6154] = 455.7632, sampling [1.0, -1.3060, 1.3580]. Recommendation = [0.0, 1.1815, 1.4211], Current Cost = 5056.00, Rho = 1.000
(iter 10) [0.0, 1.2435, 1.6154] = 455.7632, sampling [1.0, -1.4042, 1.4055]. Recommendation = [0.0, 1.1815, 1.4211], Current Cost = 5057.00, Rho = 1.000
(iter 10) [0.0, 1.2435, 1.6154] = 455.7632, sampling [1.0, 0.1874, -0.5757]. Recommendation = [0.0, 1.1815, 1.4211], Current Cost = 5058.00, Rho = 1.000
(iter 10) [0.0, 1.2435, 1.6154] = 455.7632, sampling [1.0, -1.2908, 1.6341]. Recommendation = [0.0, 1.1815, 1.4211], Current Cost = 5059.00, Rho = 1.000
(iter 10) [0.0, 1.2435, 1.6154] = 455.7632, sampling [1.0, -1.0107, 1.6212]. Recommendation = [0.0, 1.1815, 1.4211], Current Cost = 5060.00, Rho = 1.000
(iter 10) [0.0, 1.2435, 1.6154] = 455.7632, sampling [1.0, -1.4697, 1.6488]. Recommendation = [0.0, 1.1815, 1.4211], Current Cost = 5061.00, Rho = 1.000
(iter 10) [0.0, 1.2435, 1.6154] = 455.7632, sampling [1.0, -1.0957, 1.8157]. Recommendation = [0.0, 1.1815, 1.4211], Current Cost = 5062.00, Rho = 1.000
(iter 10) [0.0, 1.2435, 1.6154] = 455.7632, sampling [1.0, -1.2133, 0.5927]. Recommendation = [0.0, 1.1815, 1.4211], Current Cost = 5063.00, Rho = 1.000
(iter 10) [0.0, 1.2435, 1.6154] = 455.7632, sampling [1.0, 0.7229, 1.3845]. Recommendation = [0.0, 1.1815, 1.4211], Current Cost = 5064.00, Rho = 1.000
(iter 10) [0.0, 1.2435, 1.6154] = 455.7632, sampling [1.0, 0.5681, 0.9877]. Recommendation = [0.0, 1.1815, 1.4211], Current Cost = 5065.00, Rho = 1.000
(iter 10) [0.0, 1.2435, 1.6154] = 455.7632, sampling [1.0, 0.9002, 0.0622]. Recommendation = [0.0, 1.1815, 1.4211], Current Cost = 5066.00, Rho = 1.000
(iter 10) [0.0, 1.2435, 1.6154] = 455.7632, sampling [1.0, -1.5041, 1.4579]. Recommendation = [0.0, 1.1815, 1.4211], Current Cost = 5067.00, Rho = 1.000
(iter 10) [0.0, 1.2435, 1.6154] = 455.7632, sampling [1.0, 1.4407, 1.7995]. Recommendation = [0.0, 1.1815, 1.4211], Current Cost = 5068.00, Rho = 1.000
(iter 10) [0.0, 1.2435, 1.6154] = 455.7632, sampling [1.0, 1.4605, 1.7314]. Recommendation = [0.0, 1.1815, 1.4211], Current Cost = 5069.00, Rho = 1.000
(iter 10) [0.0, 1.2435, 1.6154] = 455.7632, sampling [1.0, 1.3564, 0.8812]. Recommendation = [0.0, 1.1815, 1.4211], Current Cost = 5070.00, Rho = 1.000
(iter 10) [0.0, 1.2435, 1.6154] = 455.7632, sampling [1.0, -1.5371, 1.9546]. Recommendation = [0.0, 1.1815, 1.4211], Current Cost = 5071.00, Rho = 1.000
(iter 10) [0.0, 1.2435, 1.6154] = 455.7632, sampling [1.0, -1.6139, 1.6765]. Recommendation = [0.0, 1.1815, 1.4211], Current Cost = 5072.00, Rho = 1.000
(iter 10) [0.0, 1.2435, 1.6154] = 455.7632, sampling [1.0, -0.1546, -0.7804]. Recommendation = [0.0, 1.1815, 1.4211], Current Cost = 5073.00, Rho = 1.000
(iter 10) [0.0, 1.2435, 1.6154] = 455.7632, sampling [1.0, 0.3776, 1.9368]. Recommendation = [0.0, 1.1815, 1.4211], Current Cost = 5074.00, Rho = 1.000
(iter 10) [0.0, 1.2435, 1.6154] = 455.7632, sampling [1.0, -0.6734, -0.3493]. Recommendation = [0.0, 1.1815, 1.4211], Current Cost = 5075.00, Rho = 1.000
(iter 10) [0.0, 1.2435, 1.6154] = 455.7632, sampling [1.0, -1.3830, 1.2089]. Recommendation = [0.0, 1.1815, 1.4211], Current Cost = 5076.00, Rho = 1.000
(iter 10) [0.0, 1.2435, 1.6154] = 455.7632, sampling [1.0, 0.7811, -0.1453]. Recommendation = [0.0, 1.1815, 1.4211], Current Cost = 5077.00, Rho = 1.000
(iter 10) [0.0, 1.2435, 1.6154] = 455.7632, sampling [1.0, 1.7066, 1.7719]. Recommendation = [0.0, 1.1815, 1.4211], Current Cost = 5078.00, Rho = 1.000
(iter 10) [0.0, 1.2435, 1.6154] = 455.7632, sampling [1.0, -1.0531, 1.7589]. Recommendation = [0.0, 1.1815, 1.4211], Current Cost = 5079.00, Rho = 1.000
(iter 10) [0.0, 1.2435, 1.6154] = 455.7632, sampling [1.0, -0.4414, -0.7670]. Recommendation = [0.0, 1.1815, 1.4211], Current Cost = 5080.00, Rho = 1.000
(iter 10) [0.0, 1.2435, 1.6154] = 455.7632, sampling [1.0, 0.2876, -0.6056]. Recommendation = [0.0, 1.1815, 1.4211], Current Cost = 5081.00, Rho = 1.000
(iter 10) [0.0, 1.2435, 1.6154] = 455.7632, sampling [1.0, -0.8308, -0.0677]. Recommendation = [0.0, 1.1815, 1.4211], Current Cost = 5082.00, Rho = 1.000
(iter 10) [0.0, 1.2435, 1.6154] = 455.7632, sampling [1.0, 0.2014, -0.7380]. Recommendation = [0.0, 1.1815, 1.4211], Current Cost = 5083.00, Rho = 1.000
(iter 10) [0.0, 1.2435, 1.6154] = 455.7632, sampling [1.0, -0.3631, 1.0418]. Recommendation = [0.0, 1.1815, 1.4211], Current Cost = 5084.00, Rho = 1.000
(iter 10) [0.0, 1.2435, 1.6154] = 455.7632, sampling [1.0, 0.3434, 1.0330]. Recommendation = [0.0, 1.1815, 1.4211], Current Cost = 5085.00, Rho = 1.000
(iter 10) [0.0, 1.2435, 1.6154] = 455.7632, sampling [1.0, 0.4999, -0.5372]. Recommendation = [0.0, 1.1815, 1.4211], Current Cost = 5086.00, Rho = 1.000
(iter 10) [0.0, 1.2435, 1.6154] = 455.7632, sampling [1.0, -1.4215, 1.3131]. Recommendation = [0.0, 1.1815, 1.4211], Current Cost = 5087.00, Rho = 1.000
(iter 10) [0.0, 1.2435, 1.6154] = 455.7632, sampling [1.0, -1.8531, 1.9914]. Recommendation = [0.0, 1.1815, 1.4211], Current Cost = 5088.00, Rho = 1.000
(iter 10) [0.0, 1.2435, 1.6154] = 455.7632, sampling [1.0, -0.9362, 1.7796]. Recommendation = [0.0, 1.1815, 1.4211], Current Cost = 5089.00, Rho = 1.000
(iter 10) [0.0, 1.2435, 1.6154] = 455.7632, sampling [1.0, -1.5782, 0.9629]. Recommendation = [0.0, 1.1815, 1.4211], Current Cost = 5090.00, Rho = 1.000
(iter 10) [0.0, 1.2435, 1.6154] = 455.7632, sampling [1.0, 1.3329, 1.0173]. Recommendation = [0.0, 1.1815, 1.4211], Current Cost = 5091.00, Rho = 1.000
(iter 10) [0.0, 1.2435, 1.6154] = 455.7632, sampling [1.0, 1.3024, 0.6996]. Recommendation = [0.0, 1.1815, 1.4211], Current Cost = 5092.00, Rho = 1.000
(iter 10) [0.0, 1.2435, 1.6154] = 455.7632, sampling [1.0, 0.8671, -0.0293]. Recommendation = [0.0, 1.1815, 1.4211], Current Cost = 5093.00, Rho = 1.000
(iter 10) [0.0, 1.2435, 1.6154] = 455.7632, sampling [1.0, 1.0407, 0.1188]. Recommendation = [0.0, 1.1815, 1.4211], Current Cost = 5094.00, Rho = 1.000
(iter 10) [0.0, 1.2435, 1.6154] = 455.7632, sampling [1.0, 0.2195, -0.6578]. Recommendation = [0.0, 1.1815, 1.4211], Current Cost = 5095.00, Rho = 1.000
(iter 10) [0.0, 1.2435, 1.6154] = 455.7632, sampling [1.0, 0.4129, -0.7103]. Recommendation = [0.0, 1.1815, 1.4211], Current Cost = 5096.00, Rho = 1.000
(iter 10) [0.0, 1.2435, 1.6154] = 455.7632, sampling [1.0, -0.7953, -0.5249]. Recommendation = [0.0, 1.1815, 1.4211], Current Cost = 5097.00, Rho = 1.000
(iter 10) [0.0, 1.2435, 1.6154] = 455.7632, sampling [1.0, 0.1530, -0.9892]. Recommendation = [0.0, 1.1815, 1.4211], Current Cost = 5098.00, Rho = 1.000
(iter 10) [0.0, 1.2435, 1.6154] = 455.7632, sampling [1.0, -1.1781, 0.5080]. Recommendation = [0.0, 1.1815, 1.4211], Current Cost = 5099.00, Rho = 1.000
(iter 10) [0.0, 1.2435, 1.6154] = 455.7632, sampling [1.0, -1.0053, 1.8422]. Recommendation = [0.0, 1.1815, 1.4211], Current Cost = 5100.00, Rho = 1.000
(iter 10) [0.0, 1.2435, 1.6154] = 455.7632, sampling [1.0, -0.8900, -0.1911]. Recommendation = [0.0, 1.1815, 1.4211], Current Cost = 5101.00, Rho = 1.000
(iter 10) [0.0, 1.2435, 1.6154] = 455.7632, sampling [1.0, 1.3884, 1.0572]. Recommendation = [0.0, 1.1815, 1.4211], Current Cost = 5102.00, Rho = 1.000
(iter 10) [0.0, 1.2435, 1.6154] = 455.7632, sampling [1.0, -0.3723, 1.5041]. Recommendation = [0.0, 1.1815, 1.4211], Current Cost = 5103.00, Rho = 1.000
(iter 10) [0.0, 1.2435, 1.6154] = 455.7632, sampling [1.0, -0.6094, -1.1372]. Recommendation = [0.0, 1.1815, 1.4211], Current Cost = 5104.00, Rho = 1.000
(iter 10) [0.0, 1.2435, 1.6154] = 455.7632, sampling [1.0, 1.2051, 0.2314]. Recommendation = [0.0, 1.1815, 1.4211], Current Cost = 5105.00, Rho = 1.000
(iter 10) [0.0, 1.2435, 1.6154] = 455.7632, sampling [1.0, 0.4395, -0.8698]. Recommendation = [0.0, 1.1815, 1.4211], Current Cost = 5106.00, Rho = 1.000
(iter 10) [0.0, 1.2435, 1.6154] = 455.7632, sampling [1.0, 0.9503, -0.0083]. Recommendation = [0.0, 1.1815, 1.4211], Current Cost = 5107.00, Rho = 1.000
(iter 10) [0.0, 1.2435, 1.6154] = 455.7632, sampling [1.0, 0.6906, -0.5485]. Recommendation = [0.0, 1.1815, 1.4211], Current Cost = 5108.00, Rho = 1.000
(iter 10) [0.0, 1.2435, 1.6154] = 455.7632, sampling [1.0, 1.7683, 0.6851]. Recommendation = [0.0, 1.1815, 1.4211], Current Cost = 5109.00, Rho = 1.000
(iter 10) [0.0, 1.2435, 1.6154] = 455.7632, sampling [1.0, -1.2416, 0.2938]. Recommendation = [0.0, 1.1815, 1.4211], Current Cost = 5110.00, Rho = 1.000
(iter 10) [0.0, 1.2435, 1.6154] = 455.7632, sampling [1.0, -0.9490, -0.0465]. Recommendation = [0.0, 1.1815, 1.4211], Current Cost = 5111.00, Rho = 1.000
(iter 10) [0.0, 1.2435, 1.6154] = 455.7632, sampling [1.0, -0.5005, 1.9172]. Recommendation = [0.0, 1.1815, 1.4211], Current Cost = 5112.00, Rho = 1.000
(iter 10) [0.0, 1.2435, 1.6154] = 455.7632, sampling [1.0, 1.1263, 0.3489]. Recommendation = [0.0, 1.1815, 1.4211], Current Cost = 5113.00, Rho = 1.000
(iter 10) [0.0, 1.2435, 1.6154] = 455.7632, sampling [0.0, 0.4522, 0.2009]. Recommendation = [0.0, 1.1815, 1.4211], Current Cost = 5114.00, Rho = 1.000
(iter 119) [0.0, 0.4522, 0.2009] = 455.9986, sampling [1.0, -1.8115, 1.5447]. Recommendation = [0.0, 1.1815, 1.4211], Current Cost = 6114.00, Rho = 1.000
(iter 119) [0.0, 0.4522, 0.2009] = 455.9986, sampling [1.0, -1.1314, -0.4700]. Recommendation = [0.0, 1.1815, 1.4211], Current Cost = 6115.00, Rho = 1.000
(iter 119) [0.0, 0.4522, 0.2009] = 455.9986, sampling [1.0, 0.5357, -0.8032]. Recommendation = [0.0, 1.1815, 1.4211], Current Cost = 6116.00, Rho = 1.000
(iter 119) [0.0, 0.4522, 0.2009] = 455.9986, sampling [1.0, -0.2431, -1.3959]. Recommendation = [0.0, 1.1815, 1.4211], Current Cost = 6117.00, Rho = 1.000
(iter 119) [0.0, 0.4522, 0.2009] = 455.9986, sampling [1.0, 1.1991, 0.4546]. Recommendation = [0.0, 1.1815, 1.4211], Current Cost = 6118.00, Rho = 1.000
(iter 119) [0.0, 0.4522, 0.2009] = 455.9986, sampling [1.0, 0.1309, -1.0875]. Recommendation = [0.0, 1.1815, 1.4211], Current Cost = 6119.00, Rho = 1.000
(iter 119) [0.0, 0.4522, 0.2009] = 455.9986, sampling [1.0, -0.5238, -0.8290]. Recommendation = [0.0, 1.1815, 1.4211], Current Cost = 6120.00, Rho = 1.000
(iter 119) [0.0, 0.4522, 0.2009] = 455.9986, sampling [1.0, 0.1262, 1.2935]. Recommendation = [0.0, 1.1815, 1.4211], Current Cost = 6121.00, Rho = 1.000
(iter 119) [0.0, 0.4522, 0.2009] = 455.9986, sampling [1.0, -1.4396, 0.5491]. Recommendation = [0.0, 1.1815, 1.4211], Current Cost = 6122.00, Rho = 1.000
(iter 119) [0.0, 0.4522, 0.2009] = 455.9986, sampling [1.0, 1.7487, 1.4829]. Recommendation = [0.0, 1.1815, 1.4211], Current Cost = 6123.00, Rho = 1.000
(iter 119) [0.0, 0.4522, 0.2009] = 455.9986, sampling [1.0, 0.9168, 0.0075]. Recommendation = [0.0, 1.1815, 1.4211], Current Cost = 6124.00, Rho = 1.000
(iter 119) [0.0, 0.4522, 0.2009] = 455.9986, sampling [1.0, -0.1898, 1.3644]. Recommendation = [0.0, 1.1815, 1.4211], Current Cost = 6125.00, Rho = 1.000
(iter 119) [0.0, 0.4522, 0.2009] = 455.9986, sampling [1.0, -0.0316, -1.9571]. Recommendation = [0.0, 1.1815, 1.4211], Current Cost = 6126.00, Rho = 1.000
(iter 119) [0.0, 0.4522, 0.2009] = 455.9986, sampling [1.0, 0.5144, -1.1730]. Recommendation = [0.0, 1.1815, 1.4211], Current Cost = 6127.00, Rho = 1.000
(iter 119) [0.0, 0.4522, 0.2009] = 455.9986, sampling [1.0, 1.4151, 0.9569]. Recommendation = [0.0, 1.1815, 1.4211], Current Cost = 6128.00, Rho = 1.000
(iter 119) [0.0, 0.4522, 0.2009] = 455.9986, sampling [1.0, -0.7118, -0.8621]. Recommendation = [0.0, 1.1815, 1.4211], Current Cost = 6129.00, Rho = 1.000
(iter 119) [0.0, 0.4522, 0.2009] = 455.9986, sampling [1.0, -0.8480, -0.4235]. Recommendation = [0.0, 1.1815, 1.4211], Current Cost = 6130.00, Rho = 1.000
(iter 119) [0.0, 0.4522, 0.2009] = 455.9986, sampling [0.0, 1.1815, 1.4211]. Recommendation = [0.0, 1.1815, 1.4211], Current Cost = 6131.00, Rho = 1.000
(iter 137) [0.0, 1.1815, 1.4211] = 456.2035, sampling [1.0, 1.3182, -0.1057]. Recommendation = [0.0, 1.1815, 1.4211], Current Cost = 7131.00, Rho = 1.000
(iter 137) [0.0, 1.1815, 1.4211] = 456.2035, sampling [1.0, -1.8659, -1.7020]. Recommendation = [0.0, 1.1815, 1.4211], Current Cost = 7132.00, Rho = 1.000
(iter 137) [0.0, 1.1815, 1.4211] = 456.2035, sampling [1.0, 0.0813, -1.4138]. Recommendation = [0.0, 1.1815, 1.4211], Current Cost = 7133.00, Rho = 1.000
(iter 137) [0.0, 1.1815, 1.4211] = 456.2035, sampling [1.0, 0.2379, 1.5965]. Recommendation = [0.0, 1.1815, 1.4211], Current Cost = 7134.00, Rho = 1.000
(iter 137) [0.0, 1.1815, 1.4211] = 456.2035, sampling [1.0, -0.9718, -0.2393]. Recommendation = [0.0, 1.1815, 1.4211], Current Cost = 7135.00, Rho = 1.000
(iter 137) [0.0, 1.1815, 1.4211] = 456.2035, sampling [1.0, 1.0714, -1.5944]. Recommendation = [0.0, 1.1815, 1.4211], Current Cost = 7136.00, Rho = 1.000
(iter 137) [0.0, 1.1815, 1.4211] = 456.2035, sampling [1.0, 0.2964, -1.2094]. Recommendation = [0.0, 1.1815, 1.4211], Current Cost = 7137.00, Rho = 1.000
(iter 137) [0.0, 1.1815, 1.4211] = 456.2035, sampling [1.0, 0.7844, -0.6292]. Recommendation = [0.0, 1.1815, 1.4211], Current Cost = 7138.00, Rho = 1.000
(iter 137) [0.0, 1.1815, 1.4211] = 456.2035, sampling [1.0, -1.6577, 1.1500]. Recommendation = [0.0, 1.1815, 1.4211], Current Cost = 7139.00, Rho = 1.000
(iter 137) [0.0, 1.1815, 1.4211] = 456.2035, sampling [1.0, -0.2217, 1.7065]. Recommendation = [0.0, 1.1815, 1.4211], Current Cost = 7140.00, Rho = 1.000
(iter 137) [0.0, 1.1815, 1.4211] = 456.2035, sampling [1.0, -1.7368, 1.6849]. Recommendation = [0.0, 1.1815, 1.4211], Current Cost = 7141.00, Rho = 1.000
(iter 137) [0.0, 1.1815, 1.4211] = 456.2035, sampling [1.0, 1.7360, 1.7192]. Recommendation = [0.0, 1.1815, 1.4211], Current Cost = 7142.00, Rho = 1.000
(iter 137) [0.0, 1.1815, 1.4211] = 456.2035, sampling [1.0, 0.8350, -0.8466]. Recommendation = [0.0, 1.1815, 1.4211], Current Cost = 7143.00, Rho = 1.000
(iter 137) [0.0, 1.1815, 1.4211] = 456.2035, sampling [1.0, -1.1593, -0.1381]. Recommendation = [0.0, 1.1815, 1.4211], Current Cost = 7144.00, Rho = 1.000
(iter 137) [0.0, 1.1815, 1.4211] = 456.2035, sampling [1.0, -0.1110, 1.3356]. Recommendation = [0.0, 1.1815, 1.4211], Current Cost = 7145.00, Rho = 1.000
(iter 137) [0.0, 1.1815, 1.4211] = 456.2035, sampling [1.0, -0.8737, -0.6117]. Recommendation = [0.0, 1.1815, 1.4211], Current Cost = 7146.00, Rho = 1.000
(iter 137) [0.0, 1.1815, 1.4211] = 456.2035, sampling [1.0, 1.9357, 1.5733]. Recommendation = [0.0, 1.1815, 1.4211], Current Cost = 7147.00, Rho = 1.000
(iter 137) [0.0, 1.1815, 1.4211] = 456.2035, sampling [1.0, -1.8365, 1.8770]. Recommendation = [0.0, 1.1815, 1.4211], Current Cost = 7148.00, Rho = 1.000
(iter 137) [0.0, 1.1815, 1.4211] = 456.2035, sampling [1.0, -1.3668, 0.3322]. Recommendation = [0.0, 1.1815, 1.4211], Current Cost = 7149.00, Rho = 1.000
(iter 137) [0.0, 1.1815, 1.4211] = 456.2035, sampling [1.0, -0.9024, -0.4630]. Recommendation = [0.0, 1.1815, 1.4211], Current Cost = 7150.00, Rho = 1.000
(iter 137) [0.0, 1.1815, 1.4211] = 456.2035, sampling [1.0, -0.0786, -1.6281]. Recommendation = [0.0, 1.1815, 1.4211], Current Cost = 7151.00, Rho = 1.000
(iter 137) [0.0, 1.1815, 1.4211] = 456.2035, sampling [1.0, -0.2799, 1.9749]. Recommendation = [0.0, 1.1815, 1.4211], Current Cost = 7152.00, Rho = 1.000
(iter 137) [0.0, 1.1815, 1.4211] = 456.2035, sampling [1.0, 1.2741, 0.0913]. Recommendation = [0.0, 1.1815, 1.4211], Current Cost = 7153.00, Rho = 1.000
(iter 137) [0.0, 1.1815, 1.4211] = 456.2035, sampling [1.0, -0.4540, -1.3298]. Recommendation = [0.0, 1.1815, 1.4211], Current Cost = 7154.00, Rho = 1.000
(iter 137) [0.0, 1.1815, 1.4211] = 456.2035, sampling [1.0, 0.2641, -1.3770]. Recommendation = [0.0, 1.1815, 1.4211], Current Cost = 7155.00, Rho = 1.000
(iter 137) [0.0, 1.1815, 1.4211] = 456.2035, sampling [1.0, 1.8811, -0.5766]. Recommendation = [0.0, 1.1815, 1.4211], Current Cost = 7156.00, Rho = 1.000
(iter 137) [0.0, 1.1815, 1.4211] = 456.2035, sampling [1.0, 0.4659, -1.5711]. Recommendation = [0.0, 1.1815, 1.4211], Current Cost = 7157.00, Rho = 1.000
(iter 137) [0.0, 1.1815, 1.4211] = 456.2035, sampling [1.0, -1.1115, -0.2499]. Recommendation = [0.0, 1.1815, 1.4211], Current Cost = 7158.00, Rho = 1.000
(iter 137) [0.0, 1.1815, 1.4211] = 456.2035, sampling [1.0, -1.6392, 0.8326]. Recommendation = [0.0, 1.1815, 1.4211], Current Cost = 7159.00, Rho = 1.000
(iter 137) [0.0, 1.1815, 1.4211] = 456.2035, sampling [1.0, -0.3089, 1.5641]. Recommendation = [0.0, 1.1815, 1.4211], Current Cost = 7160.00, Rho = 1.000
(iter 137) [0.0, 1.1815, 1.4211] = 456.2035, sampling [1.0, 0.6549, -1.2424]. Recommendation = [0.0, 1.1815, 1.4211], Current Cost = 7161.00, Rho = 1.000
(iter 137) [0.0, 1.1815, 1.4211] = 456.2035, sampling [1.0, -0.0528, 1.8366]. Recommendation = [0.0, 1.1815, 1.4211], Current Cost = 7162.00, Rho = 1.000
(iter 137) [0.0, 1.1815, 1.4211] = 456.2035, sampling [1.0, -1.4766, 0.0765]. Recommendation = [0.0, 1.1815, 1.4211], Current Cost = 7163.00, Rho = 1.000
(iter 137) [0.0, 1.1815, 1.4211] = 456.2035, sampling [1.0, -0.6604, -1.0545]. Recommendation = [0.0, 1.1815, 1.4211], Current Cost = 7164.00, Rho = 1.000
(iter 137) [0.0, 1.1815, 1.4211] = 456.2035, sampling [1.0, 1.5866, 1.2487]. Recommendation = [0.0, 1.1815, 1.4211], Current Cost = 7165.00, Rho = 1.000
(iter 137) [0.0, 1.1815, 1.4211] = 456.2035, sampling [1.0, 1.5270, 0.4651]. Recommendation = [0.0, 1.1815, 1.4211], Current Cost = 7166.00, Rho = 1.000
(iter 137) [0.0, 1.1815, 1.4211] = 456.2035, sampling [1.0, 0.0063, 1.2223]. Recommendation = [0.0, 1.1815, 1.4211], Current Cost = 7167.00, Rho = 1.000
(iter 137) [0.0, 1.1815, 1.4211] = 456.2035, sampling [1.0, -1.6653, 0.4434]. Recommendation = [0.0, 1.1815, 1.4211], Current Cost = 7168.00, Rho = 1.000
(iter 137) [0.0, 1.1815, 1.4211] = 456.2035, sampling [1.0, -0.0364, -1.7457]. Recommendation = [0.0, 1.1815, 1.4211], Current Cost = 7169.00, Rho = 1.000
(iter 137) [0.0, 1.1815, 1.4211] = 456.2035, sampling [1.0, 0.4910, -1.7351]. Recommendation = [0.0, 1.1815, 1.4211], Current Cost = 7170.00, Rho = 1.000
(iter 137) [0.0, 1.1815, 1.4211] = 456.2035, sampling [1.0, -1.9215, 1.4942]. Recommendation = [0.0, 1.1815, 1.4211], Current Cost = 7171.00, Rho = 1.000
(iter 137) [0.0, 1.1815, 1.4211] = 456.2035, sampling [1.0, 1.9378, 1.0970]. Recommendation = [0.0, 1.1815, 1.4211], Current Cost = 7172.00, Rho = 1.000
(iter 137) [0.0, 1.1815, 1.4211] = 456.2035, sampling [1.0, -0.3388, -1.8156]. Recommendation = [0.0, 1.1815, 1.4211], Current Cost = 7173.00, Rho = 1.000
(iter 137) [0.0, 1.1815, 1.4211] = 456.2035, sampling [1.0, -0.5478, -1.5224]. Recommendation = [0.0, 1.1815, 1.4211], Current Cost = 7174.00, Rho = 1.000
(iter 137) [0.0, 1.1815, 1.4211] = 456.2035, sampling [1.0, -0.6529, -1.2714]. Recommendation = [0.0, 1.1815, 1.4211], Current Cost = 7175.00, Rho = 1.000
(iter 137) [0.0, 1.1815, 1.4211] = 456.2035, sampling [1.0, 0.6335, -1.5038]. Recommendation = [0.0, 1.1815, 1.4211], Current Cost = 7176.00, Rho = 1.000
(iter 137) [0.0, 1.1815, 1.4211] = 456.2035, sampling [1.0, -0.8608, -1.0980]. Recommendation = [0.0, 1.1815, 1.4211], Current Cost = 7177.00, Rho = 1.000
(iter 137) [0.0, 1.1815, 1.4211] = 456.2035, sampling [0.0, 0.5443, 0.3696]. Recommendation = [0.0, 1.1815, 1.4211], Current Cost = 7178.00, Rho = 1.000
(iter 137) [0.0, 1.1815, 1.4211] = 456.2035, sampling [1.0, 0.8123, -1.3275]. Recommendation = [0.0, 1.1815, 1.4211], Current Cost = 8178.00, Rho = 1.000
(iter 137) [0.0, 1.1815, 1.4211] = 456.2035, sampling [1.0, -1.7246, 1.1253]. Recommendation = [0.0, 1.1815, 1.4211], Current Cost = 8179.00, Rho = 1.000
(iter 137) [0.0, 1.1815, 1.4211] = 456.2035, sampling [1.0, 0.7418, -1.8842]. Recommendation = [0.0, 1.1815, 1.4211], Current Cost = 8180.00, Rho = 1.000
(iter 137) [0.0, 1.1815, 1.4211] = 456.2035, sampling [1.0, -0.5704, -1.4313]. Recommendation = [0.0, 1.1815, 1.4211], Current Cost = 8181.00, Rho = 1.000
(iter 137) [0.0, 1.1815, 1.4211] = 456.2035, sampling [1.0, -1.4985, 0.4298]. Recommendation = [0.0, 1.1815, 1.4211], Current Cost = 8182.00, Rho = 1.000
(iter 137) [0.0, 1.1815, 1.4211] = 456.2035, sampling [1.0, -0.2684, -1.9705]. Recommendation = [0.0, 1.1815, 1.4211], Current Cost = 8183.00, Rho = 1.000
(iter 137) [0.0, 1.1815, 1.4211] = 456.2035, sampling [1.0, 0.0625, -1.9442]. Recommendation = [0.0, 1.1815, 1.4211], Current Cost = 8184.00, Rho = 1.000
(iter 137) [0.0, 1.1815, 1.4211] = 456.2035, sampling [0.0, 0.0454, -0.0637]. Recommendation = [0.0, 1.1815, 1.4211], Current Cost = 8185.00, Rho = 1.000
(iter 137) [0.0, 1.1815, 1.4211] = 456.2035, sampling [1.0, -1.0879, -0.9755]. Recommendation = [0.0, 1.1815, 1.4211], Current Cost = 9185.00, Rho = 1.000
(iter 137) [0.0, 1.1815, 1.4211] = 456.2035, sampling [1.0, -0.2397, 1.8974]. Recommendation = [0.0, 1.1815, 1.4211], Current Cost = 9186.00, Rho = 1.000
(iter 137) [0.0, 1.1815, 1.4211] = 456.2035, sampling [1.0, -0.7294, -1.2633]. Recommendation = [0.0, 1.1815, 1.4211], Current Cost = 9187.00, Rho = 1.000
(iter 137) [0.0, 1.1815, 1.4211] = 456.2035, sampling [1.0, 1.6453, 0.1778]. Recommendation = [0.0, 1.1815, 1.4211], Current Cost = 9188.00, Rho = 1.000
(iter 137) [0.0, 1.1815, 1.4211] = 456.2035, sampling [1.0, 1.2316, -0.7284]. Recommendation = [0.0, 1.1815, 1.4211], Current Cost = 9189.00, Rho = 1.000
(iter 137) [0.0, 1.1815, 1.4211] = 456.2035, sampling [1.0, -1.9547, 0.2186]. Recommendation = [0.0, 1.1815, 1.4211], Current Cost = 9190.00, Rho = 1.000
(iter 137) [0.0, 1.1815, 1.4211] = 456.2035, sampling [1.0, -0.4730, -1.8882]. Recommendation = [0.0, 1.1815, 1.4211], Current Cost = 9191.00, Rho = 1.000
(iter 137) [0.0, 1.1815, 1.4211] = 456.2035, sampling [1.0, -0.5868, -1.6118]. Recommendation = [0.0, 1.1815, 1.4211], Current Cost = 9192.00, Rho = 1.000
(iter 137) [0.0, 1.1815, 1.4211] = 456.2035, sampling [1.0, 1.8481, -1.7832]. Recommendation = [0.0, 1.1815, 1.4211], Current Cost = 9193.00, Rho = 1.000
(iter 137) [0.0, 1.1815, 1.4211] = 456.2035, sampling [1.0, 0.7568, -1.4467]. Recommendation = [0.0, 1.1815, 1.4211], Current Cost = 9194.00, Rho = 1.000
(iter 137) [0.0, 1.1815, 1.4211] = 456.2035, sampling [1.0, -0.4823, -1.3441]. Recommendation = [0.0, 1.1815, 1.4211], Current Cost = 9195.00, Rho = 1.000
(iter 137) [0.0, 1.1815, 1.4211] = 456.2035, sampling [1.0, -0.3276, 1.9333]. Recommendation = [0.0, 1.1815, 1.4211], Current Cost = 9196.00, Rho = 1.000
(iter 137) [0.0, 1.1815, 1.4211] = 456.2035, sampling [1.0, -0.6287, -1.1556]. Recommendation = [0.0, 1.1815, 1.4211], Current Cost = 9197.00, Rho = 1.000
(iter 137) [0.0, 1.1815, 1.4211] = 456.2035, sampling [1.0, 1.5656, 0.5201]. Recommendation = [0.0, 1.1815, 1.4211], Current Cost = 9198.00, Rho = 1.000
(iter 137) [0.0, 1.1815, 1.4211] = 456.2035, sampling [1.0, 1.3659, -0.1679]. Recommendation = [0.0, 1.1815, 1.4211], Current Cost = 9199.00, Rho = 1.000
(iter 137) [0.0, 1.1815, 1.4211] = 456.2035, sampling [1.0, -1.4418, -0.6917]. Recommendation = [0.0, 1.1815, 1.4211], Current Cost = 9200.00, Rho = 1.000
(iter 137) [0.0, 1.1815, 1.4211] = 456.2035, sampling [1.0, -0.7678, -1.9942]. Recommendation = [0.0, 1.1815, 1.4211], Current Cost = 9201.00, Rho = 1.000
(iter 137) [0.0, 1.1815, 1.4211] = 456.2035, sampling [1.0, -1.7070, 0.8291]. Recommendation = [0.0, 1.1815, 1.4211], Current Cost = 9202.00, Rho = 1.000
(iter 137) [0.0, 1.1815, 1.4211] = 456.2035, sampling [1.0, 1.8271, 0.9131]. Recommendation = [0.0, 1.1815, 1.4211], Current Cost = 9203.00, Rho = 1.000
(iter 137) [0.0, 1.1815, 1.4211] = 456.2035, sampling [1.0, 0.8501, -1.4657]. Recommendation = [0.0, 1.1815, 1.4211], Current Cost = 9204.00, Rho = 1.000
(iter 137) [0.0, 1.1815, 1.4211] = 456.2035, sampling [1.0, 1.7793, 0.4937]. Recommendation = [0.0, 1.1815, 1.4211], Current Cost = 9205.00, Rho = 1.000
(iter 137) [0.0, 1.1815, 1.4211] = 456.2035, sampling [1.0, -1.2664, -0.9121]. Recommendation = [0.0, 1.1815, 1.4211], Current Cost = 9206.00, Rho = 1.000
(iter 137) [0.0, 1.1815, 1.4211] = 456.2035, sampling [1.0, -1.7486, -0.3878]. Recommendation = [0.0, 1.1815, 1.4211], Current Cost = 9207.00, Rho = 1.000
(iter 137) [0.0, 1.1815, 1.4211] = 456.2035, sampling [1.0, -1.2238, -1.2228]. Recommendation = [0.0, 1.1815, 1.4211], Current Cost = 9208.00, Rho = 1.000
(iter 137) [0.0, 1.1815, 1.4211] = 456.2035, sampling [1.0, -1.8045, 0.5303]. Recommendation = [0.0, 1.1815, 1.4211], Current Cost = 9209.00, Rho = 1.000
(iter 137) [0.0, 1.1815, 1.4211] = 456.2035, sampling [1.0, 1.9044, 0.1301]. Recommendation = [0.0, 1.1815, 1.4211], Current Cost = 9210.00, Rho = 1.000
(iter 137) [0.0, 1.1815, 1.4211] = 456.2035, sampling [1.0, 1.3920, -1.0257]. Recommendation = [0.0, 1.1815, 1.4211], Current Cost = 9211.00, Rho = 1.000
(iter 137) [0.0, 1.1815, 1.4211] = 456.2035, sampling [1.0, 1.0260, -1.9084]. Recommendation = [0.0, 1.1815, 1.4211], Current Cost = 9212.00, Rho = 1.000
(iter 137) [0.0, 1.1815, 1.4211] = 456.2035, sampling [1.0, -1.6883, 0.1736]. Recommendation = [0.0, 1.1815, 1.4211], Current Cost = 9213.00, Rho = 1.000
(iter 137) [0.0, 1.1815, 1.4211] = 456.2035, sampling [1.0, 1.2854, -1.3008]. Recommendation = [0.0, 1.1815, 1.4211], Current Cost = 9214.00, Rho = 1.000
(iter 137) [0.0, 1.1815, 1.4211] = 456.2035, sampling [1.0, 1.6745, -0.1979]. Recommendation = [0.0, 1.1815, 1.4211], Current Cost = 9215.00, Rho = 1.000
(iter 137) [0.0, 1.1815, 1.4211] = 456.2035, sampling [1.0, 0.7120, -1.8391]. Recommendation = [0.0, 1.1815, 1.4211], Current Cost = 9216.00, Rho = 1.000
(iter 137) [0.0, 1.1815, 1.4211] = 456.2035, sampling [1.0, 1.8688, 0.6538]. Recommendation = [0.0, 1.1815, 1.4211], Current Cost = 9217.00, Rho = 1.000
(iter 137) [0.0, 1.1815, 1.4211] = 456.2035, sampling [1.0, -1.2556, -1.5144]. Recommendation = [0.0, 1.1815, 1.4211], Current Cost = 9218.00, Rho = 1.000
(iter 137) [0.0, 1.1815, 1.4211] = 456.2035, sampling [0.0, -0.3979, 0.2424]. Recommendation = [0.0, 1.1815, 1.4211], Current Cost = 9219.00, Rho = 1.000
(iter 137) [0.0, 1.1815, 1.4211] = 456.2035, sampling [1.0, -1.3582, -1.1062]. Recommendation = [0.0, 1.1815, 1.4211], Current Cost = 10219.00, Rho = 1.000
(iter 137) [0.0, 1.1815, 1.4211] = 456.2035, sampling [1.0, 1.0220, -1.6884]. Recommendation = [0.0, 1.1815, 1.4211], Current Cost = 10220.00, Rho = 1.000
(iter 137) [0.0, 1.1815, 1.4211] = 456.2035, sampling [1.0, -1.7832, -0.7926]. Recommendation = [0.0, 1.1815, 1.4211], Current Cost = 10221.00, Rho = 1.000
(iter 137) [0.0, 1.1815, 1.4211] = 456.2035, sampling [1.0, 1.8130, 0.7405]. Recommendation = [0.0, 1.1815, 1.4211], Current Cost = 10222.00, Rho = 1.000
(iter 137) [0.0, 1.1815, 1.4211] = 456.2035, sampling [1.0, 1.6311, -1.5619]. Recommendation = [0.0, 1.1815, 1.4211], Current Cost = 10223.00, Rho = 1.000
(iter 137) [0.0, 1.1815, 1.4211] = 456.2035, sampling [1.0, -1.9427, -0.9296]. Recommendation = [0.0, 1.1815, 1.4211], Current Cost = 10224.00, Rho = 1.000
(iter 137) [0.0, 1.1815, 1.4211] = 456.2035, sampling [1.0, -1.5994, -0.6402]. Recommendation = [0.0, 1.1815, 1.4211], Current Cost = 10225.00, Rho = 1.000
(iter 137) [0.0, 1.1815, 1.4211] = 456.2035, sampling [1.0, 1.6524, -0.3310]. Recommendation = [0.0, 1.1815, 1.4211], Current Cost = 10226.00, Rho = 1.000
(iter 137) [0.0, 1.1815, 1.4211] = 456.2035, sampling [1.0, 1.4970, -1.8466]. Recommendation = [0.0, 1.1815, 1.4211], Current Cost = 10227.00, Rho = 1.000
(iter 137) [0.0, 1.1815, 1.4211] = 456.2035, sampling [1.0, 1.9727, -1.2866]. Recommendation = [0.0, 1.1815, 1.4211], Current Cost = 10228.00, Rho = 1.000
(iter 137) [0.0, 1.1815, 1.4211] = 456.2035, sampling [1.0, -1.3235, -1.7700]. Recommendation = [0.0, 1.1815, 1.4211], Current Cost = 10229.00, Rho = 1.000
(iter 137) [0.0, 1.1815, 1.4211] = 456.2035, sampling [1.0, 1.9004, -1.0143]. Recommendation = [0.0, 1.1815, 1.4211], Current Cost = 10230.00, Rho = 1.000
(iter 137) [0.0, 1.1815, 1.4211] = 456.2035, sampling [1.0, -1.9004, -1.0019]. Recommendation = [0.0, 1.1815, 1.4211], Current Cost = 10231.00, Rho = 1.000
(iter 137) [0.0, 1.1815, 1.4211] = 456.2035, sampling [1.0, -1.6294, -1.6437]. Recommendation = [0.0, 1.1815, 1.4211], Current Cost = 10232.00, Rho = 1.000
(iter 137) [0.0, 1.1815, 1.4211] = 456.2035, sampling [1.0, 1.6928, -1.8042]. Recommendation = [0.0, 1.1815, 1.4211], Current Cost = 10233.00, Rho = 1.000
(iter 137) [0.0, 1.1815, 1.4211] = 456.2035, sampling [1.0, 1.4744, -1.4804]. Recommendation = [0.0, 1.1815, 1.4211], Current Cost = 10234.00, Rho = 1.000
(iter 137) [0.0, 1.1815, 1.4211] = 456.2035, sampling [1.0, 1.8046, -0.8930]. Recommendation = [0.0, 1.1815, 1.4211], Current Cost = 10235.00, Rho = 1.000
(iter 137) [0.0, 1.1815, 1.4211] = 456.2035, sampling [1.0, 1.9865, -1.7187]. Recommendation = [0.0, 1.1815, 1.4211], Current Cost = 10236.00, Rho = 1.000
(iter 137) [0.0, 1.1815, 1.4211] = 456.2035, sampling [1.0, 1.5431, -1.6535]. Recommendation = [0.0, 1.1815, 1.4211], Current Cost = 10237.00, Rho = 1.000
(iter 137) [0.0, 1.1815, 1.4211] = 456.2035, sampling [1.0, -1.5215, -1.1334]. Recommendation = [0.0, 1.1815, 1.4211], Current Cost = 10238.00, Rho = 1.000
(iter 137) [0.0, 1.1815, 1.4211] = 456.2035, sampling [1.0, -1.5584, -1.8586]. Recommendation = [0.0, 1.1815, 1.4211], Current Cost = 10239.00, Rho = 1.000
(iter 137) [0.0, 1.1815, 1.4211] = 456.2035, sampling [1.0, 1.7239, -1.0707]. Recommendation = [0.0, 1.1815, 1.4211], Current Cost = 10240.00, Rho = 1.000
(iter 137) [0.0, 1.1815, 1.4211] = 456.2035, sampling [1.0, 1.4327, -1.1918]. Recommendation = [0.0, 1.1815, 1.4211], Current Cost = 10241.00, Rho = 1.000
(iter 137) [0.0, 1.1815, 1.4211] = 456.2035, sampling [1.0, 1.6103, -0.8997]. Recommendation = [0.0, 1.1815, 1.4211], Current Cost = 10242.00, Rho = 1.000
(iter 137) [0.0, 1.1815, 1.4211] = 456.2035, sampling [1.0, -1.9714, -1.9209]. Recommendation = [0.0, 1.1815, 1.4211], Current Cost = 10243.00, Rho = 1.000
(iter 137) [0.0, 1.1815, 1.4211] = 456.2035, sampling [1.0, 1.5053, -1.5432]. Recommendation = [0.0, 1.1815, 1.4211], Current Cost = 10244.00, Rho = 1.000
(iter 137) [0.0, 1.1815, 1.4211] = 456.2035, sampling [1.0, 1.9574, -0.3731]. Recommendation = [0.0, 1.1815, 1.4211], Current Cost = 10245.00, Rho = 1.000
(iter 137) [0.0, 1.1815, 1.4211] = 456.2035, sampling [1.0, -1.9146, -0.4970]. Recommendation = [0.0, 1.1815, 1.4211], Current Cost = 10246.00, Rho = 1.000
(iter 137) [0.0, 1.1815, 1.4211] = 456.2035, sampling [1.0, -1.7751, -1.6667]. Recommendation = [0.0, 1.1815, 1.4211], Current Cost = 10247.00, Rho = 1.000
(iter 137) [0.0, 1.1815, 1.4211] = 456.2035, sampling [1.0, -1.9938, -0.9552]. Recommendation = [0.0, 1.1815, 1.4211], Current Cost = 10248.00, Rho = 1.000
(iter 137) [0.0, 1.1815, 1.4211] = 456.2035, sampling [1.0, -1.8758, -0.0801]. Recommendation = [0.0, 1.1815, 1.4211], Current Cost = 10249.00, Rho = 1.000
(iter 137) [0.0, 1.1815, 1.4211] = 456.2035, sampling [0.0, 1.6311, -1.5619]. Recommendation = [0.0, 1.1815, 1.4211], Current Cost = 10250.00, Rho = 1.000
(iter 137) [0.0, 1.1815, 1.4211] = 456.2035, sampling [0.0, -1.0879, -0.9755]. Recommendation = [0.0, 1.1815, 1.4211], Current Cost = 11250.00, Rho = 1.000
(iter 137) [0.0, 1.1815, 1.4211] = 456.2035, sampling [0.0, 0.2195, -0.6578]. Recommendation = [0.0, 1.1815, 1.4211], Current Cost = 12250.00, Rho = 1.000
(iter 137) [0.0, 1.1815, 1.4211] = 456.2035, sampling [0.0, 0.2014, -0.7380]. Recommendation = [0.0, 1.1815, 1.4211], Current Cost = 13250.00, Rho = 1.000
(iter 137) [0.0, 1.1815, 1.4211] = 456.2035, sampling [0.0, -0.3089, 1.5641]. Recommendation = [0.0, 1.1815, 1.4211], Current Cost = 14250.00, Rho = 1.000
(iter 137) [0.0, 1.1815, 1.4211] = 456.2035, sampling [0.0, 0.7120, -1.8391]. Recommendation = [0.0, 1.1815, 1.4211], Current Cost = 15250.00, Rho = 1.000
(iter 137) [0.0, 1.1815, 1.4211] = 456.2035, sampling [0.0, -0.5929, 0.6330]. Recommendation = [0.0, 1.1815, 1.4211], Current Cost = 16250.00, Rho = 1.000
(iter 137) [0.0, 1.1815, 1.4211] = 456.2035, sampling [0.0, -0.5868, -1.6118]. Recommendation = [0.0, 1.1815, 1.4211], Current Cost = 17250.00, Rho = 1.000
(iter 137) [0.0, 1.1815, 1.4211] = 456.2035, sampling [0.0, -1.7246, 1.1253]. Recommendation = [0.0, 1.1815, 1.4211], Current Cost = 18250.00, Rho = 1.000
(iter 137) [0.0, 1.1815, 1.4211] = 456.2035, sampling [0.0, 1.4605, 1.7314]. Recommendation = [0.0, 1.1815, 1.4211], Current Cost = 19250.00, Rho = 1.000
(iter 137) [0.0, 1.1815, 1.4211] = 456.2035, sampling [0.0, -1.9427, -0.9296]. Recommendation = [0.0, 1.1815, 1.4211], Current Cost = 20250.00, Rho = 1.000
(iter 137) [0.0, 1.1815, 1.4211] = 456.2035, sampling [0.0, -1.4042, 1.4055]. Recommendation = [0.0, 1.1815, 1.4211], Current Cost = 21250.00, Rho = 1.000
(iter 137) [0.0, 1.1815, 1.4211] = 456.2035, sampling [0.0, 0.4659, -1.5711]. Recommendation = [0.0, 1.1815, 1.4211], Current Cost = 22250.00, Rho = 1.000
(iter 137) [0.0, 1.1815, 1.4211] = 456.2035, sampling [0.0, -0.0786, -1.6281]. Recommendation = [0.0, 1.1815, 1.4211], Current Cost = 23250.00, Rho = 1.000
(iter 137) [0.0, 1.1815, 1.4211] = 456.2035, sampling [0.0, 0.3434, 1.0330]. Recommendation = [0.0, 1.1815, 1.4211], Current Cost = 24250.00, Rho = 1.000
(iter 137) [0.0, 1.1815, 1.4211] = 456.2035, sampling [0.0, -1.0531, 1.7589]. Recommendation = [0.0, 1.1815, 1.4211], Current Cost = 25250.00, Rho = 1.000
(iter 137) [0.0, 1.1815, 1.4211] = 456.2035, sampling [0.0, -0.5704, -1.4313]. Recommendation = [0.0, 1.1815, 1.4211], Current Cost = 26250.00, Rho = 1.000
(iter 137) [0.0, 1.1815, 1.4211] = 456.2035, sampling [0.0, 0.6829, 0.0425]. Recommendation = [0.0, 1.1815, 1.4211], Current Cost = 27250.00, Rho = 1.000
(iter 137) [0.0, 1.1815, 1.4211] = 456.2035, sampling [0.0, -0.7678, -1.9942]. Recommendation = [0.0, 1.1815, 1.4211], Current Cost = 28250.00, Rho = 1.000
(iter 137) [0.0, 1.1815, 1.4211] = 456.2035, sampling [0.0, 0.0813, -1.4138]. Recommendation = [0.0, 1.1815, 1.4211], Current Cost = 29250.00, Rho = 1.000
(iter 137) [0.0, 1.1815, 1.4211] = 456.2035, sampling [0.0, -1.0311, 1.1790]. Recommendation = [0.0, 1.1815, 1.4211], Current Cost = 30250.00, Rho = 1.000
(iter 137) [0.0, 1.1815, 1.4211] = 456.2035, sampling [0.0, 1.5270, 0.4651]. Recommendation = [0.0, 1.1815, 1.4211], Current Cost = 31250.00, Rho = 1.000
(iter 137) [0.0, 1.1815, 1.4211] = 456.2035, sampling [0.0, 0.8924, 1.4470]. Recommendation = [0.0, 1.1815, 1.4211], Current Cost = 32250.00, Rho = 1.000
(iter 137) [0.0, 1.1815, 1.4211] = 456.2035, sampling [0.0, 0.1874, -0.5757]. Recommendation = [0.0, 1.1815, 1.4211], Current Cost = 33250.00, Rho = 1.000
(iter 137) [0.0, 1.1815, 1.4211] = 456.2035, sampling [0.0, -1.6392, 0.8326]. Recommendation = [0.0, 1.1815, 1.4211], Current Cost = 34250.00, Rho = 1.000
(iter 137) [0.0, 1.1815, 1.4211] = 456.2035, sampling [0.0, 1.0260, -1.9084]. Recommendation = [0.0, 1.1815, 1.4211], Current Cost = 35250.00, Rho = 1.000
(iter 137) [0.0, 1.1815, 1.4211] = 456.2035, sampling [0.0, 0.0625, -1.9442]. Recommendation = [0.0, 1.1815, 1.4211], Current Cost = 36250.00, Rho = 1.000
(iter 137) [0.0, 1.1815, 1.4211] = 456.2035, sampling [0.0, -0.4414, -0.7670]. Recommendation = [0.0, 1.1815, 1.4211], Current Cost = 37250.00, Rho = 1.000
(iter 137) [0.0, 1.1815, 1.4211] = 456.2035, sampling [0.0, 1.2741, 0.0913]. Recommendation = [0.0, 1.1815, 1.4211], Current Cost = 38250.00, Rho = 1.000
(iter 137) [0.0, 1.1815, 1.4211] = 456.2035, sampling [0.0, -1.5994, -0.6402]. Recommendation = [0.0, 1.1815, 1.4211], Current Cost = 39250.00, Rho = 1.000
(iter 137) [0.0, 1.1815, 1.4211] = 456.2035, sampling [0.0, -0.2397, 1.8974]. Recommendation = [0.0, 1.1815, 1.4211], Current Cost = 40250.00, Rho = 1.000
(iter 137) [0.0, 1.1815, 1.4211] = 456.2035, sampling [0.0, 1.3329, 1.0173]. Recommendation = [0.0, 1.1815, 1.4211], Current Cost = 41250.00, Rho = 1.000
(iter 137) [0.0, 1.1815, 1.4211] = 456.2035, sampling [0.0, 1.6524, -0.3310]. Recommendation = [0.0, 1.1815, 1.4211], Current Cost = 42250.00, Rho = 1.000
(iter 137) [0.0, 1.1815, 1.4211] = 456.2035, sampling [0.0, -0.1110, 1.3356]. Recommendation = [0.0, 1.1815, 1.4211], Current Cost = 43250.00, Rho = 1.000
(iter 137) [0.0, 1.1815, 1.4211] = 456.2035, sampling [0.0, 0.8285, 0.3574]. Recommendation = [0.0, 1.1815, 1.4211], Current Cost = 44250.00, Rho = 1.000
(iter 137) [0.0, 1.1815, 1.4211] = 456.2035, sampling [0.0, -0.3276, 1.9333]. Recommendation = [0.0, 1.1815, 1.4211], Current Cost = 45250.00, Rho = 1.000
(iter 137) [0.0, 1.1815, 1.4211] = 456.2035, sampling [0.0, 0.5681, 0.9877]. Recommendation = [0.0, 1.1815, 1.4211], Current Cost = 46250.00, Rho = 1.000
(iter 137) [0.0, 1.1815, 1.4211] = 456.2035, sampling [0.0, -0.9718, -0.2393]. Recommendation = [0.0, 1.1815, 1.4211], Current Cost = 47250.00, Rho = 1.000
(iter 137) [0.0, 1.1815, 1.4211] = 456.2035, sampling [0.0, -1.8045, 0.5303]. Recommendation = [0.0, 1.1815, 1.4211], Current Cost = 48250.00, Rho = 1.000
(iter 137) [0.0, 1.1815, 1.4211] = 456.2035, sampling [0.0, 0.5144, -1.1730]. Recommendation = [0.0, 1.1815, 1.4211], Current Cost = 49250.00, Rho = 1.000
(iter 137) [0.0, 1.1815, 1.4211] = 456.2035, sampling [0.0, 1.4970, -1.8466]. Recommendation = [0.0, 1.1815, 1.4211], Current Cost = 50250.00, Rho = 1.000
(iter 137) [0.0, 1.1815, 1.4211] = 456.2035, sampling [0.0, 0.3201, 0.7114]. Recommendation = [0.0, 1.1815, 1.4211], Current Cost = 51250.00, Rho = 1.000
(iter 137) [0.0, 1.1815, 1.4211] = 456.2035, sampling [0.0, 1.0876, 1.4376]. Recommendation = [0.0, 1.1815, 1.4211], Current Cost = 52250.00, Rho = 1.000
(iter 137) [0.0, 1.1815, 1.4211] = 456.2035, sampling [0.0, -0.6094, -1.1372]. Recommendation = [0.0, 1.1815, 1.4211], Current Cost = 53250.00, Rho = 1.000
(iter 137) [0.0, 1.1815, 1.4211] = 456.2035, sampling [0.0, -1.3582, -1.1062]. Recommendation = [0.0, 1.1815, 1.4211], Current Cost = 54250.00, Rho = 1.000
(iter 137) [0.0, 1.1815, 1.4211] = 456.2035, sampling [0.0, -1.1593, -0.1381]. Recommendation = [0.0, 1.1815, 1.4211], Current Cost = 55250.00, Rho = 1.000
(iter 137) [0.0, 1.1815, 1.4211] = 456.2035, sampling [0.0, 1.9727, -1.2866]. Recommendation = [0.0, 1.1815, 1.4211], Current Cost = 56250.00, Rho = 1.000
(iter 137) [0.0, 1.1815, 1.4211] = 456.2035, sampling [0.0, 0.7568, -1.4467]. Recommendation = [0.0, 1.1815, 1.4211], Current Cost = 57250.00, Rho = 1.000
(iter 137) [0.0, 1.1815, 1.4211] = 456.2035, sampling [0.0, 0.6156, 0.8078]. Recommendation = [0.0, 1.1815, 1.4211], Current Cost = 58250.00, Rho = 1.000
(iter 137) [0.0, 1.1815, 1.4211] = 456.2035, sampling [0.0, -0.9490, -0.0465]. Recommendation = [0.0, 1.1815, 1.4211], Current Cost = 59250.00, Rho = 1.000
(iter 137) [0.0, 1.1815, 1.4211] = 456.2035, sampling [0.0, -0.8608, -1.0980]. Recommendation = [0.0, 1.1815, 1.4211], Current Cost = 60250.00, Rho = 1.000
(iter 137) [0.0, 1.1815, 1.4211] = 456.2035, sampling [0.0, -1.6139, 1.6765]. Recommendation = [0.0, 1.1815, 1.4211], Current Cost = 61250.00, Rho = 1.000
(iter 137) [0.0, 1.1815, 1.4211] = 456.2035, sampling [0.0, -0.3631, 1.0418]. Recommendation = [0.0, 1.1815, 1.4211], Current Cost = 62250.00, Rho = 1.000
(iter 137) [0.0, 1.1815, 1.4211] = 456.2035, sampling [0.0, -0.0528, 1.8366]. Recommendation = [0.0, 1.1815, 1.4211], Current Cost = 63250.00, Rho = 1.000
(iter 137) [0.0, 1.1815, 1.4211] = 456.2035, sampling [0.0, 0.2964, -1.2094]. Recommendation = [0.0, 1.1815, 1.4211], Current Cost = 64250.00, Rho = 1.000
(iter 137) [0.0, 1.1815, 1.4211] = 456.2035, sampling [0.0, -1.4766, 0.0765]. Recommendation = [0.0, 1.1815, 1.4211], Current Cost = 65250.00, Rho = 1.000
(iter 137) [0.0, 1.1815, 1.4211] = 456.2035, sampling [0.0, 1.1497, 0.4158]. Recommendation = [0.0, 1.1815, 1.4211], Current Cost = 66250.00, Rho = 1.000
(iter 137) [0.0, 1.1815, 1.4211] = 456.2035, sampling [0.0, -0.7294, -1.2633]. Recommendation = [0.0, 1.1815, 1.4211], Current Cost = 67250.00, Rho = 1.000
(iter 137) [0.0, 1.1815, 1.4211] = 456.2035, sampling [0.0, -0.4019, 0.8765]. Recommendation = [0.0, 1.1815, 1.4211], Current Cost = 68250.00, Rho = 1.000
(iter 137) [0.0, 1.1815, 1.4211] = 456.2035, sampling [0.0, 0.1604, 0.6628]. Recommendation = [0.0, 1.1815, 1.4211], Current Cost = 69250.00, Rho = 1.000
(iter 137) [0.0, 1.1815, 1.4211] = 456.2035, sampling [0.0, 1.7793, 0.4937]. Recommendation = [0.0, 1.1815, 1.4211], Current Cost = 70250.00, Rho = 1.000
(iter 137) [0.0, 1.1815, 1.4211] = 456.2035, sampling [0.0, -1.7070, 0.8291]. Recommendation = [0.0, 1.1815, 1.4211], Current Cost = 71250.00, Rho = 1.000
(iter 137) [0.0, 1.1815, 1.4211] = 456.2035, sampling [0.0, -1.4697, 1.6488]. Recommendation = [0.0, 1.1815, 1.4211], Current Cost = 72250.00, Rho = 1.000
(iter 137) [0.0, 1.1815, 1.4211] = 456.2035, sampling [0.0, -1.9215, 1.4942]. Recommendation = [0.0, 1.1815, 1.4211], Current Cost = 73250.00, Rho = 1.000
(iter 137) [0.0, 1.1815, 1.4211] = 456.2035, sampling [0.0, -0.9362, 1.7796]. Recommendation = [0.0, 1.1815, 1.4211], Current Cost = 74250.00, Rho = 1.000
(iter 137) [0.0, 1.1815, 1.4211] = 456.2035, sampling [0.0, -0.1208, 0.3197]. Recommendation = [0.0, 1.1815, 1.4211], Current Cost = 75250.00, Rho = 1.000
(iter 137) [0.0, 1.1815, 1.4211] = 456.2035, sampling [0.0, 1.4151, 0.9569]. Recommendation = [0.0, 1.1815, 1.4211], Current Cost = 76250.00, Rho = 1.000
(iter 137) [0.0, 1.1815, 1.4211] = 456.2035, sampling [0.0, -1.3235, -1.7700]. Recommendation = [0.0, 1.1815, 1.4211], Current Cost = 77250.00, Rho = 1.000
(iter 137) [0.0, 1.1815, 1.4211] = 456.2035, sampling [0.0, 1.8271, 0.9131]. Recommendation = [0.0, 1.1815, 1.4211], Current Cost = 78250.00, Rho = 1.000
(iter 137) [0.0, 1.1815, 1.4211] = 456.2035, sampling [0.0, 0.2532, -0.4476]. Recommendation = [0.0, 1.1815, 1.4211], Current Cost = 79250.00, Rho = 1.000
(iter 137) [0.0, 1.1815, 1.4211] = 456.2035, sampling [0.0, 1.0714, -1.5944]. Recommendation = [0.0, 1.1815, 1.4211], Current Cost = 80250.00, Rho = 1.000
(iter 137) [0.0, 1.1815, 1.4211] = 456.2035, sampling [0.0, 1.7683, 0.6851]. Recommendation = [0.0, 1.1815, 1.4211], Current Cost = 81250.00, Rho = 1.000
(iter 137) [0.0, 1.1815, 1.4211] = 456.2035, sampling [0.0, 0.0063, 1.2223]. Recommendation = [0.0, 1.1815, 1.4211], Current Cost = 82250.00, Rho = 1.000
(iter 137) [0.0, 1.1815, 1.4211] = 456.2035, sampling [0.0, -0.0364, -1.7457]. Recommendation = [0.0, 1.1815, 1.4211], Current Cost = 83250.00, Rho = 1.000
(iter 137) [0.0, 1.1815, 1.4211] = 456.2035, sampling [0.0, 1.9004, -1.0143]. Recommendation = [0.0, 1.1815, 1.4211], Current Cost = 84250.00, Rho = 1.000
(iter 137) [0.0, 1.1815, 1.4211] = 456.2035, sampling [0.0, 1.3024, 0.6996]. Recommendation = [0.0, 1.1815, 1.4211], Current Cost = 85250.00, Rho = 1.000
(iter 137) [0.0, 1.1815, 1.4211] = 456.2035, sampling [0.0, -1.6577, 1.1500]. Recommendation = [0.0, 1.1815, 1.4211], Current Cost = 86250.00, Rho = 1.000
(iter 137) [0.0, 1.1815, 1.4211] = 456.2035, sampling [0.0, 0.1530, -0.9892]. Recommendation = [0.0, 1.1815, 1.4211], Current Cost = 87250.00, Rho = 1.000
(iter 137) [0.0, 1.1815, 1.4211] = 456.2035, sampling [0.0, -1.7832, -0.7926]. Recommendation = [0.0, 1.1815, 1.4211], Current Cost = 88250.00, Rho = 1.000
(iter 137) [0.0, 1.1815, 1.4211] = 456.2035, sampling [0.0, 0.7811, -0.1453]. Recommendation = [0.0, 1.1815, 1.4211], Current Cost = 89250.00, Rho = 1.000
(iter 137) [0.0, 1.1815, 1.4211] = 456.2035, sampling [0.0, -0.8900, -0.1911]. Recommendation = [0.0, 1.1815, 1.4211], Current Cost = 90250.00, Rho = 1.000
(iter 137) [0.0, 1.1815, 1.4211] = 456.2035, sampling [0.0, 0.0245, -0.2215]. Recommendation = [0.0, 1.1815, 1.4211], Current Cost = 91250.00, Rho = 1.000
(iter 137) [0.0, 1.1815, 1.4211] = 456.2035, sampling [0.0, -1.5782, 0.9629]. Recommendation = [0.0, 1.1815, 1.4211], Current Cost = 92250.00, Rho = 1.000
(iter 137) [0.0, 1.1815, 1.4211] = 456.2035, sampling [0.0, -1.9004, -1.0019]. Recommendation = [0.0, 1.1815, 1.4211], Current Cost = 93250.00, Rho = 1.000
(iter 137) [0.0, 1.1815, 1.4211] = 456.2035, sampling [0.0, -1.6883, 0.1736]. Recommendation = [0.0, 1.1815, 1.4211], Current Cost = 94250.00, Rho = 1.000
(iter 137) [0.0, 1.1815, 1.4211] = 456.2035, sampling [0.0, 0.4910, -1.7351]. Recommendation = [0.0, 1.1815, 1.4211], Current Cost = 95250.00, Rho = 1.000
(iter 137) [0.0, 1.1815, 1.4211] = 456.2035, sampling [0.0, 1.5656, 0.5201]. Recommendation = [0.0, 1.1815, 1.4211], Current Cost = 96250.00, Rho = 1.000
(iter 137) [0.0, 1.1815, 1.4211] = 456.2035, sampling [0.0, -0.0316, -1.9571]. Recommendation = [0.0, 1.1815, 1.4211], Current Cost = 97250.00, Rho = 1.000
(iter 137) [0.0, 1.1815, 1.4211] = 456.2035, sampling [0.0, 1.4407, 1.7995]. Recommendation = [0.0, 1.1815, 1.4211], Current Cost = 98250.00, Rho = 1.000
(iter 137) [0.0, 1.1815, 1.4211] = 456.2035, sampling [0.0, -0.4294, -0.1136]. Recommendation = [0.0, 1.1815, 1.4211], Current Cost = 99250.00, Rho = 1.000
