(iter 10) [0.0, -0.6196, 0.2719] = 452.4243, sampling [1.0, -0.1169, 0.1209]. Recommendation = [0.0, -0.6196, 0.2719], Current Cost = 5005.00, Rho = 1.000
(iter 10) [0.0, -0.6196, 0.2719] = 452.4243, sampling [1.0, -0.4926, -0.0945]. Recommendation = [0.0, -0.6196, 0.2719], Current Cost = 5006.00, Rho = 1.000
(iter 10) [0.0, -0.6196, 0.2719] = 452.4243, sampling [1.0, -0.0968, 0.3650]. Recommendation = [0.0, -0.6196, 0.2719], Current Cost = 5007.00, Rho = 1.000
(iter 10) [0.0, -0.6196, 0.2719] = 452.4243, sampling [1.0, 0.1720, 0.0030]. Recommendation = [0.0, -0.6196, 0.2719], Current Cost = 5008.00, Rho = 1.000
(iter 10) [0.0, -0.6196, 0.2719] = 452.4243, sampling [1.0, -0.1373, -0.3841]. Recommendation = [0.0, -0.6196, 0.2719], Current Cost = 5009.00, Rho = 1.000
(iter 10) [0.0, -0.6196, 0.2719] = 452.4243, sampling [1.0, -0.3242, 0.7015]. Recommendation = [0.0, -0.6196, 0.2719], Current Cost = 5010.00, Rho = 1.000
(iter 10) [0.0, -0.6196, 0.2719] = 452.4243, sampling [1.0, 0.4453, 0.6205]. Recommendation = [0.0, -0.6196, 0.2719], Current Cost = 5011.00, Rho = 1.000
(iter 10) [0.0, -0.6196, 0.2719] = 452.4243, sampling [1.0, 0.0499, 0.1553]. Recommendation = [0.0, -0.6196, 0.2719], Current Cost = 5012.00, Rho = 1.000
(iter 10) [0.0, -0.6196, 0.2719] = 452.4243, sampling [1.0, 0.0751, 0.4867]. Recommendation = [0.0, -0.6196, 0.2719], Current Cost = 5013.00, Rho = 1.000
(iter 10) [0.0, -0.6196, 0.2719] = 452.4243, sampling [1.0, -0.6042, 0.5574]. Recommendation = [0.0, -0.6196, 0.2719], Current Cost = 5014.00, Rho = 1.000
(iter 10) [0.0, -0.6196, 0.2719] = 452.4243, sampling [1.0, -0.0690, 0.2790]. Recommendation = [0.0, -0.6196, 0.2719], Current Cost = 5015.00, Rho = 1.000
(iter 10) [0.0, -0.6196, 0.2719] = 452.4243, sampling [1.0, -0.4782, -0.4840]. Recommendation = [0.0, -0.6196, 0.2719], Current Cost = 5016.00, Rho = 1.000
(iter 10) [0.0, -0.6196, 0.2719] = 452.4243, sampling [1.0, 0.3655, 0.3009]. Recommendation = [0.0, -0.6196, 0.2719], Current Cost = 5017.00, Rho = 1.000
(iter 10) [0.0, -0.6196, 0.2719] = 452.4243, sampling [1.0, 0.1404, -0.3366]. Recommendation = [0.0, -0.6196, 0.2719], Current Cost = 5018.00, Rho = 1.000
(iter 10) [0.0, -0.6196, 0.2719] = 452.4243, sampling [1.0, -0.8675, -0.0241]. Recommendation = [0.0, -0.6196, 0.2719], Current Cost = 5019.00, Rho = 1.000
(iter 10) [0.0, -0.6196, 0.2719] = 452.4243, sampling [1.0, 0.1553, 0.9579]. Recommendation = [0.0, -0.6196, 0.2719], Current Cost = 5020.00, Rho = 1.000
(iter 10) [0.0, -0.6196, 0.2719] = 452.4243, sampling [1.0, 0.0184, 0.3397]. Recommendation = [0.0, -0.6196, 0.2719], Current Cost = 5021.00, Rho = 1.000
(iter 10) [0.0, -0.6196, 0.2719] = 452.4243, sampling [1.0, 0.7299, 0.0968]. Recommendation = [0.0, -0.6196, 0.2719], Current Cost = 5022.00, Rho = 1.000
(iter 10) [0.0, -0.6196, 0.2719] = 452.4243, sampling [1.0, 0.9347, 0.8176]. Recommendation = [0.0, -0.6196, 0.2719], Current Cost = 5023.00, Rho = 1.000
(iter 10) [0.0, -0.6196, 0.2719] = 452.4243, sampling [0.0, -0.1169, 0.1209]. Recommendation = [0.0, -0.6196, 0.2719], Current Cost = 5024.00, Rho = 1.000
(iter 29) [0.0, -0.1169, 0.1209] = 453.9022, sampling [1.0, 0.2693, -0.2578]. Recommendation = [0.0, -0.1169, 0.1209], Current Cost = 6024.00, Rho = 1.000
(iter 29) [0.0, -0.1169, 0.1209] = 453.9022, sampling [1.0, 0.6402, 0.4477]. Recommendation = [0.0, -0.1169, 0.1209], Current Cost = 6025.00, Rho = 1.000
(iter 29) [0.0, -0.1169, 0.1209] = 453.9022, sampling [1.0, 0.5146, 0.1716]. Recommendation = [0.0, -0.1169, 0.1209], Current Cost = 6026.00, Rho = 1.000
(iter 29) [0.0, -0.1169, 0.1209] = 453.9022, sampling [0.0, -0.0968, 0.3650]. Recommendation = [0.0, -0.1169, 0.1209], Current Cost = 6027.00, Rho = 1.000
(iter 29) [0.0, -0.1169, 0.1209] = 453.9022, sampling [0.0, -0.4926, -0.0945]. Recommendation = [0.0, -0.1169, 0.1209], Current Cost = 7027.00, Rho = 1.000
(iter 29) [0.0, -0.1169, 0.1209] = 453.9022, sampling [0.0, 0.1720, 0.0030]. Recommendation = [0.0, -0.1169, 0.1209], Current Cost = 8027.00, Rho = 1.000
(iter 35) [0.0, 0.1720, 0.0030] = 455.5440, sampling [1.0, 0.4554, -0.2343]. Recommendation = [0.0, 0.1720, 0.0030], Current Cost = 9027.00, Rho = 1.000
(iter 35) [0.0, 0.1720, 0.0030] = 455.5440, sampling [1.0, 0.5805, 0.3294]. Recommendation = [0.0, 0.1720, 0.0030], Current Cost = 9028.00, Rho = 1.000
(iter 35) [0.0, 0.1720, 0.0030] = 455.5440, sampling [1.0, 0.0819, -0.5788]. Recommendation = [0.0, 0.1720, 0.0030], Current Cost = 9029.00, Rho = 1.000
(iter 35) [0.0, 0.1720, 0.0030] = 455.5440, sampling [1.0, 0.5320, 0.8956]. Recommendation = [0.0, 0.1720, 0.0030], Current Cost = 9030.00, Rho = 1.000
(iter 35) [0.0, 0.1720, 0.0030] = 455.5440, sampling [0.0, 0.0499, 0.1553]. Recommendation = [0.0, 0.1720, 0.0030], Current Cost = 9031.00, Rho = 1.000
(iter 35) [0.0, 0.1720, 0.0030] = 455.5440, sampling [0.0, 0.3655, 0.3009]. Recommendation = [0.0, 0.1720, 0.0030], Current Cost = 10031.00, Rho = 1.000
(iter 35) [0.0, 0.1720, 0.0030] = 455.5440, sampling [1.0, 0.7416, 0.5322]. Recommendation = [0.0, 0.1720, 0.0030], Current Cost = 11031.00, Rho = 1.000
(iter 35) [0.0, 0.1720, 0.0030] = 455.5440, sampling [1.0, 0.5022, 0.6588]. Recommendation = [0.0, 0.1720, 0.0030], Current Cost = 11032.00, Rho = 1.000
(iter 35) [0.0, 0.1720, 0.0030] = 455.5440, sampling [1.0, 0.8987, 0.6415]. Recommendation = [0.0, 0.1720, 0.0030], Current Cost = 11033.00, Rho = 1.000
(iter 35) [0.0, 0.1720, 0.0030] = 455.5440, sampling [1.0, 1.0815, 0.1305]. Recommendation = [0.0, 0.1720, 0.0030], Current Cost = 11034.00, Rho = 1.000
(iter 35) [0.0, 0.1720, 0.0030] = 455.5440, sampling [0.0, 0.5146, 0.1716]. Recommendation = [0.0, 0.1720, 0.0030], Current Cost = 11035.00, Rho = 1.000
(iter 35) [0.0, 0.1720, 0.0030] = 455.5440, sampling [1.0, 0.2120, -0.4302]. Recommendation = [0.0, 0.1720, 0.0030], Current Cost = 12035.00, Rho = 1.000
(iter 35) [0.0, 0.1720, 0.0030] = 455.5440, sampling [0.0, 0.6402, 0.4477]. Recommendation = [0.0, 0.1720, 0.0030], Current Cost = 12036.00, Rho = 1.000
(iter 48) [0.0, 0.6402, 0.4477] = 456.0274, sampling [1.0, -0.2113, 0.7749]. Recommendation = [0.0, 0.6402, 0.4477], Current Cost = 13036.00, Rho = 1.000
(iter 48) [0.0, 0.6402, 0.4477] = 456.0274, sampling [0.0, 0.5805, 0.3294]. Recommendation = [0.0, 0.6402, 0.4477], Current Cost = 13037.00, Rho = 1.000
(iter 50) [0.0, 0.5805, 0.3294] = 456.1182, sampling [1.0, 1.3862, 0.7622]. Recommendation = [0.0, 0.5805, 0.3294], Current Cost = 14037.00, Rho = 1.000
(iter 50) [0.0, 0.5805, 0.3294] = 456.1182, sampling [0.0, 0.4453, 0.6205]. Recommendation = [0.0, 0.5805, 0.3294], Current Cost = 14038.00, Rho = 1.000
(iter 50) [0.0, 0.5805, 0.3294] = 456.1182, sampling [1.0, 0.8100, -0.1663]. Recommendation = [0.0, 0.5805, 0.3294], Current Cost = 15038.00, Rho = 1.000
(iter 50) [0.0, 0.5805, 0.3294] = 456.1182, sampling [0.0, 0.7416, 0.5322]. Recommendation = [0.0, 0.5805, 0.3294], Current Cost = 15039.00, Rho = 1.000
(iter 54) [0.0, 0.7416, 0.5322] = 456.2014, sampling [0.0, 0.8987, 0.6415]. Recommendation = [0.0, 0.7416, 0.5322], Current Cost = 16039.00, Rho = 1.000
(iter 54) [0.0, 0.7416, 0.5322] = 456.2014, sampling [1.0, 0.4856, 1.0021]. Recommendation = [0.0, 0.7416, 0.5322], Current Cost = 17039.00, Rho = 1.000
(iter 54) [0.0, 0.7416, 0.5322] = 456.2014, sampling [1.0, 1.1350, 1.3131]. Recommendation = [0.0, 0.7416, 0.5322], Current Cost = 17040.00, Rho = 1.000
(iter 54) [0.0, 0.7416, 0.5322] = 456.2014, sampling [0.0, 0.9347, 0.8176]. Recommendation = [0.0, 0.7416, 0.5322], Current Cost = 17041.00, Rho = 1.000
(iter 54) [0.0, 0.7416, 0.5322] = 456.2014, sampling [1.0, 0.8222, 1.5707]. Recommendation = [0.0, 0.7416, 0.5322], Current Cost = 18041.00, Rho = 1.000
(iter 54) [0.0, 0.7416, 0.5322] = 456.2014, sampling [0.0, 0.2693, -0.2578]. Recommendation = [0.0, 0.7416, 0.5322], Current Cost = 18042.00, Rho = 1.000
(iter 54) [0.0, 0.7416, 0.5322] = 456.2014, sampling [1.0, 0.4267, -0.4020]. Recommendation = [0.0, 0.7416, 0.5322], Current Cost = 19042.00, Rho = 1.000
(iter 54) [0.0, 0.7416, 0.5322] = 456.2014, sampling [0.0, -0.1373, -0.3841]. Recommendation = [0.0, 0.7416, 0.5322], Current Cost = 19043.00, Rho = 1.000
(iter 54) [0.0, 0.7416, 0.5322] = 456.2014, sampling [1.0, 0.8924, 0.0634]. Recommendation = [0.0, 0.7416, 0.5322], Current Cost = 20043.00, Rho = 1.000
(iter 54) [0.0, 0.7416, 0.5322] = 456.2014, sampling [0.0, 0.7299, 0.0968]. Recommendation = [0.0, 0.7416, 0.5322], Current Cost = 20044.00, Rho = 1.000
(iter 54) [0.0, 0.7416, 0.5322] = 456.2014, sampling [0.0, 0.0751, 0.4867]. Recommendation = [0.0, 0.7416, 0.5322], Current Cost = 21044.00, Rho = 1.000
(iter 54) [0.0, 0.7416, 0.5322] = 456.2014, sampling [0.0, 0.1404, -0.3366]. Recommendation = [0.0, 0.7416, 0.5322], Current Cost = 22044.00, Rho = 1.000
(iter 54) [0.0, 0.7416, 0.5322] = 456.2014, sampling [0.0, -0.0690, 0.2790]. Recommendation = [0.0, 0.7416, 0.5322], Current Cost = 23044.00, Rho = 1.000
(iter 54) [0.0, 0.7416, 0.5322] = 456.2014, sampling [0.0, 0.5320, 0.8956]. Recommendation = [0.0, 0.7416, 0.5322], Current Cost = 24044.00, Rho = 1.000
(iter 54) [0.0, 0.7416, 0.5322] = 456.2014, sampling [0.0, 0.4554, -0.2343]. Recommendation = [0.0, 0.7416, 0.5322], Current Cost = 25044.00, Rho = 1.000
(iter 54) [0.0, 0.7416, 0.5322] = 456.2014, sampling [0.0, 0.0184, 0.3397]. Recommendation = [0.0, 0.7416, 0.5322], Current Cost = 26044.00, Rho = 1.000
(iter 54) [0.0, 0.7416, 0.5322] = 456.2014, sampling [0.0, -0.6042, 0.5574]. Recommendation = [0.0, 0.7416, 0.5322], Current Cost = 27044.00, Rho = 1.000
(iter 54) [0.0, 0.7416, 0.5322] = 456.2014, sampling [1.0, -0.6406, 0.6809]. Recommendation = [0.0, 0.7416, 0.5322], Current Cost = 28044.00, Rho = 1.000
(iter 54) [0.0, 0.7416, 0.5322] = 456.2014, sampling [1.0, -0.2269, 1.1017]. Recommendation = [0.0, 0.7416, 0.5322], Current Cost = 28045.00, Rho = 1.000
(iter 54) [0.0, 0.7416, 0.5322] = 456.2014, sampling [0.0, -0.3242, 0.7015]. Recommendation = [0.0, 0.7416, 0.5322], Current Cost = 28046.00, Rho = 1.000
(iter 54) [0.0, 0.7416, 0.5322] = 456.2014, sampling [0.0, 0.5022, 0.6588]. Recommendation = [0.0, 0.7416, 0.5322], Current Cost = 29046.00, Rho = 1.000
(iter 54) [0.0, 0.7416, 0.5322] = 456.2014, sampling [0.0, 1.1350, 1.3131]. Recommendation = [0.0, 0.7416, 0.5322], Current Cost = 30046.00, Rho = 1.000
(iter 76) [0.0, 1.1350, 1.3131] = 456.2199, sampling [1.0, 1.1065, 1.4978]. Recommendation = [0.0, 1.1350, 1.3131], Current Cost = 31046.00, Rho = 1.000
(iter 76) [0.0, 1.1350, 1.3131] = 456.2199, sampling [1.0, 1.3500, 0.9715]. Recommendation = [0.0, 1.1350, 1.3131], Current Cost = 31047.00, Rho = 1.000
(iter 76) [0.0, 1.1350, 1.3131] = 456.2199, sampling [1.0, 0.3121, 1.2803]. Recommendation = [0.0, 1.1350, 1.3131], Current Cost = 31048.00, Rho = 1.000
(iter 76) [0.0, 1.1350, 1.3131] = 456.2199, sampling [0.0, 1.1065, 1.4978]. Recommendation = [0.0, 1.1350, 1.3131], Current Cost = 31049.00, Rho = 1.000
(iter 76) [0.0, 1.1350, 1.3131] = 456.2199, sampling [1.0, 1.2597, 1.6846]. Recommendation = [0.0, 1.1350, 1.3131], Current Cost = 32049.00, Rho = 1.000
(iter 76) [0.0, 1.1350, 1.3131] = 456.2199, sampling [0.0, -0.6406, 0.6809]. Recommendation = [0.0, 1.1350, 1.3131], Current Cost = 32050.00, Rho = 1.000
(iter 76) [0.0, 1.1350, 1.3131] = 456.2199, sampling [1.0, -0.6340, 0.9322]. Recommendation = [0.0, 1.1350, 1.3131], Current Cost = 33050.00, Rho = 1.000
(iter 76) [0.0, 1.1350, 1.3131] = 456.2199, sampling [0.0, 0.8222, 1.5707]. Recommendation = [0.0, 1.1350, 1.3131], Current Cost = 33051.00, Rho = 1.000
(iter 76) [0.0, 1.1350, 1.3131] = 456.2199, sampling [0.0, 0.2120, -0.4302]. Recommendation = [0.0, 1.1350, 1.3131], Current Cost = 34051.00, Rho = 1.000
(iter 76) [0.0, 1.1350, 1.3131] = 456.2199, sampling [0.0, 1.3500, 0.9715]. Recommendation = [0.0, 1.1350, 1.3131], Current Cost = 35051.00, Rho = 1.000
(iter 76) [0.0, 1.1350, 1.3131] = 456.2199, sampling [0.0, -0.5715, -0.4486]. Recommendation = [0.0, 1.1350, 1.3131], Current Cost = 36051.00, Rho = 1.000
(iter 76) [0.0, 1.1350, 1.3131] = 456.2199, sampling [0.0, -0.6340, 0.9322]. Recommendation = [0.0, 1.1350, 1.3131], Current Cost = 37051.00, Rho = 1.000
(iter 76) [0.0, 1.1350, 1.3131] = 456.2199, sampling [1.0, -0.5312, 1.1474]. Recommendation = [0.0, 1.1350, 1.3131], Current Cost = 38051.00, Rho = 1.000
(iter 76) [0.0, 1.1350, 1.3131] = 456.2199, sampling [0.0, -0.0901, 1.0579]. Recommendation = [0.0, 1.1350, 1.3131], Current Cost = 38052.00, Rho = 1.000
(iter 76) [0.0, 1.1350, 1.3131] = 456.2199, sampling [0.0, 0.8924, 0.0634]. Recommendation = [0.0, 1.1350, 1.3131], Current Cost = 39052.00, Rho = 1.000
(iter 76) [0.0, 1.1350, 1.3131] = 456.2199, sampling [0.0, 0.0819, -0.5788]. Recommendation = [0.0, 1.1350, 1.3131], Current Cost = 40052.00, Rho = 1.000
(iter 76) [0.0, 1.1350, 1.3131] = 456.2199, sampling [0.0, 0.4267, -0.4020]. Recommendation = [0.0, 1.1350, 1.3131], Current Cost = 41052.00, Rho = 1.000
(iter 76) [0.0, 1.1350, 1.3131] = 456.2199, sampling [1.0, 0.4040, -0.6697]. Recommendation = [0.0, 1.1350, 1.3131], Current Cost = 42052.00, Rho = 1.000
(iter 76) [0.0, 1.1350, 1.3131] = 456.2199, sampling [0.0, 1.2597, 1.6846]. Recommendation = [0.0, 1.1350, 1.3131], Current Cost = 42053.00, Rho = 1.000
(iter 76) [0.0, 1.1350, 1.3131] = 456.2199, sampling [1.0, 1.2278, 1.8651]. Recommendation = [0.0, 1.1350, 1.3131], Current Cost = 43053.00, Rho = 1.000
(iter 76) [0.0, 1.1350, 1.3131] = 456.2199, sampling [1.0, 1.3948, 1.6272]. Recommendation = [0.0, 1.1350, 1.3131], Current Cost = 43054.00, Rho = 1.000
(iter 76) [0.0, 1.1350, 1.3131] = 456.2199, sampling [1.0, 1.4193, 1.7501]. Recommendation = [0.0, 1.1350, 1.3131], Current Cost = 43055.00, Rho = 1.000
(iter 76) [0.0, 1.1350, 1.3131] = 456.2199, sampling [1.0, 1.0327, 1.9597]. Recommendation = [0.0, 1.1350, 1.3131], Current Cost = 43056.00, Rho = 1.000
(iter 76) [0.0, 1.1350, 1.3131] = 456.2199, sampling [0.0, 1.2278, 1.8651]. Recommendation = [0.0, 1.1350, 1.3131], Current Cost = 43057.00, Rho = 1.000
(iter 76) [0.0, 1.1350, 1.3131] = 456.2199, sampling [1.0, 1.1681, 1.8901]. Recommendation = [0.0, 1.1350, 1.3131], Current Cost = 44057.00, Rho = 1.000
(iter 76) [0.0, 1.1350, 1.3131] = 456.2199, sampling [1.0, 1.3272, 1.9822]. Recommendation = [0.0, 1.1350, 1.3131], Current Cost = 44058.00, Rho = 1.000
(iter 76) [0.0, 1.1350, 1.3131] = 456.2199, sampling [0.0, 1.4193, 1.7501]. Recommendation = [0.0, 1.1350, 1.3131], Current Cost = 44059.00, Rho = 1.000
(iter 76) [0.0, 1.1350, 1.3131] = 456.2199, sampling [0.0, 1.3948, 1.6272]. Recommendation = [0.0, 1.1350, 1.3131], Current Cost = 45059.00, Rho = 1.000
(iter 76) [0.0, 1.1350, 1.3131] = 456.2199, sampling [0.0, 1.3272, 1.9822]. Recommendation = [0.0, 1.1350, 1.3131], Current Cost = 46059.00, Rho = 1.000
(iter 76) [0.0, 1.1350, 1.3131] = 456.2199, sampling [0.0, 1.1681, 1.8901]. Recommendation = [0.0, 1.1350, 1.3131], Current Cost = 47059.00, Rho = 1.000
(iter 76) [0.0, 1.1350, 1.3131] = 456.2199, sampling [1.0, 1.7945, 1.9405]. Recommendation = [0.0, 1.1350, 1.3131], Current Cost = 48059.00, Rho = 1.000
(iter 76) [0.0, 1.1350, 1.3131] = 456.2199, sampling [1.0, -0.3720, -0.6410]. Recommendation = [0.0, 1.1350, 1.3131], Current Cost = 48060.00, Rho = 1.000
(iter 76) [0.0, 1.1350, 1.3131] = 456.2199, sampling [0.0, -0.8675, -0.0241]. Recommendation = [0.0, 1.1350, 1.3131], Current Cost = 48061.00, Rho = 1.000
(iter 76) [0.0, 1.1350, 1.3131] = 456.2199, sampling [0.0, 1.3391, 0.3905]. Recommendation = [0.0, 1.1350, 1.3131], Current Cost = 49061.00, Rho = 1.000
(iter 76) [0.0, 1.1350, 1.3131] = 456.2199, sampling [0.0, 0.6251, 1.9284]. Recommendation = [0.0, 1.1350, 1.3131], Current Cost = 50061.00, Rho = 1.000
(iter 76) [0.0, 1.1350, 1.3131] = 456.2199, sampling [0.0, 0.8100, -0.1663]. Recommendation = [0.0, 1.1350, 1.3131], Current Cost = 51061.00, Rho = 1.000
(iter 76) [0.0, 1.1350, 1.3131] = 456.2199, sampling [0.0, -0.2113, 0.7749]. Recommendation = [0.0, 1.1350, 1.3131], Current Cost = 52061.00, Rho = 1.000
(iter 76) [0.0, 1.1350, 1.3131] = 456.2199, sampling [0.0, 0.4856, 1.0021]. Recommendation = [0.0, 1.1350, 1.3131], Current Cost = 53061.00, Rho = 1.000
(iter 76) [0.0, 1.1350, 1.3131] = 456.2199, sampling [0.0, 0.2547, -0.7622]. Recommendation = [0.0, 1.1350, 1.3131], Current Cost = 54061.00, Rho = 1.000
(iter 76) [0.0, 1.1350, 1.3131] = 456.2199, sampling [0.0, -0.9975, 0.7888]. Recommendation = [0.0, 1.1350, 1.3131], Current Cost = 55061.00, Rho = 1.000
(iter 76) [0.0, 1.1350, 1.3131] = 456.2199, sampling [0.0, -0.7262, 1.2048]. Recommendation = [0.0, 1.1350, 1.3131], Current Cost = 56061.00, Rho = 1.000
(iter 76) [0.0, 1.1350, 1.3131] = 456.2199, sampling [0.0, -1.0138, 1.1984]. Recommendation = [0.0, 1.1350, 1.3131], Current Cost = 57061.00, Rho = 1.000
(iter 76) [0.0, 1.1350, 1.3131] = 456.2199, sampling [0.0, -1.0775, 1.1748]. Recommendation = [0.0, 1.1350, 1.3131], Current Cost = 58061.00, Rho = 1.000
(iter 76) [0.0, 1.1350, 1.3131] = 456.2199, sampling [0.0, -1.0647, 1.2226]. Recommendation = [0.0, 1.1350, 1.3131], Current Cost = 59061.00, Rho = 1.000
(iter 76) [0.0, 1.1350, 1.3131] = 456.2199, sampling [0.0, -1.1433, 0.8347]. Recommendation = [0.0, 1.1350, 1.3131], Current Cost = 60061.00, Rho = 1.000
(iter 76) [0.0, 1.1350, 1.3131] = 456.2199, sampling [0.0, -0.9232, 1.5500]. Recommendation = [0.0, 1.1350, 1.3131], Current Cost = 61061.00, Rho = 1.000
(iter 76) [0.0, 1.1350, 1.3131] = 456.2199, sampling [0.0, -1.3476, 1.1074]. Recommendation = [0.0, 1.1350, 1.3131], Current Cost = 62061.00, Rho = 1.000
(iter 76) [0.0, 1.1350, 1.3131] = 456.2199, sampling [0.0, -0.5517, 1.4785]. Recommendation = [0.0, 1.1350, 1.3131], Current Cost = 63061.00, Rho = 1.000
(iter 76) [0.0, 1.1350, 1.3131] = 456.2199, sampling [0.0, 0.5495, -0.6362]. Recommendation = [0.0, 1.1350, 1.3131], Current Cost = 64061.00, Rho = 1.000
(iter 76) [0.0, 1.1350, 1.3131] = 456.2199, sampling [0.0, -0.4782, -0.4840]. Recommendation = [0.0, 1.1350, 1.3131], Current Cost = 65061.00, Rho = 1.000
(iter 76) [0.0, 1.1350, 1.3131] = 456.2199, sampling [0.0, -0.8414, -0.3814]. Recommendation = [0.0, 1.1350, 1.3131], Current Cost = 66061.00, Rho = 1.000
(iter 76) [0.0, 1.1350, 1.3131] = 456.2199, sampling [0.0, -1.1748, 0.8009]. Recommendation = [0.0, 1.1350, 1.3131], Current Cost = 67061.00, Rho = 1.000
(iter 76) [0.0, 1.1350, 1.3131] = 456.2199, sampling [0.0, -1.5990, 1.6422]. Recommendation = [0.0, 1.1350, 1.3131], Current Cost = 68061.00, Rho = 1.000
(iter 76) [0.0, 1.1350, 1.3131] = 456.2199, sampling [0.0, -0.9696, 1.7223]. Recommendation = [0.0, 1.1350, 1.3131], Current Cost = 69061.00, Rho = 1.000
(iter 76) [0.0, 1.1350, 1.3131] = 456.2199, sampling [0.0, -1.6036, 1.3314]. Recommendation = [0.0, 1.1350, 1.3131], Current Cost = 70061.00, Rho = 1.000
(iter 76) [0.0, 1.1350, 1.3131] = 456.2199, sampling [0.0, -0.3720, -0.6410]. Recommendation = [0.0, 1.1350, 1.3131], Current Cost = 71061.00, Rho = 1.000
(iter 76) [0.0, 1.1350, 1.3131] = 456.2199, sampling [0.0, -0.5312, 1.1474]. Recommendation = [0.0, 1.1350, 1.3131], Current Cost = 72061.00, Rho = 1.000
(iter 76) [0.0, 1.1350, 1.3131] = 456.2199, sampling [0.0, 0.1553, 0.9579]. Recommendation = [0.0, 1.1350, 1.3131], Current Cost = 73061.00, Rho = 1.000
(iter 76) [0.0, 1.1350, 1.3131] = 456.2199, sampling [0.0, -1.5558, 1.9900]. Recommendation = [0.0, 1.1350, 1.3131], Current Cost = 74061.00, Rho = 1.000
(iter 76) [0.0, 1.1350, 1.3131] = 456.2199, sampling [0.0, -1.7420, 1.9065]. Recommendation = [0.0, 1.1350, 1.3131], Current Cost = 75061.00, Rho = 1.000
(iter 76) [0.0, 1.1350, 1.3131] = 456.2199, sampling [0.0, 1.7874, 1.8369]. Recommendation = [0.0, 1.1350, 1.3131], Current Cost = 76061.00, Rho = 1.000
(iter 76) [0.0, 1.1350, 1.3131] = 456.2199, sampling [0.0, 0.7554, -0.5436]. Recommendation = [0.0, 1.1350, 1.3131], Current Cost = 77061.00, Rho = 1.000
(iter 76) [0.0, 1.1350, 1.3131] = 456.2199, sampling [0.0, -0.8487, 1.7017]. Recommendation = [0.0, 1.1350, 1.3131], Current Cost = 78061.00, Rho = 1.000
(iter 76) [0.0, 1.1350, 1.3131] = 456.2199, sampling [0.0, -0.1482, -0.8242]. Recommendation = [0.0, 1.1350, 1.3131], Current Cost = 79061.00, Rho = 1.000
(iter 76) [0.0, 1.1350, 1.3131] = 456.2199, sampling [0.0, 0.4040, -0.6697]. Recommendation = [0.0, 1.1350, 1.3131], Current Cost = 80061.00, Rho = 1.000
(iter 76) [0.0, 1.1350, 1.3131] = 456.2199, sampling [0.0, 1.0327, 1.9597]. Recommendation = [0.0, 1.1350, 1.3131], Current Cost = 81061.00, Rho = 1.000
(iter 76) [0.0, 1.1350, 1.3131] = 456.2199, sampling [0.0, -0.9576, 1.5851]. Recommendation = [0.0, 1.1350, 1.3131], Current Cost = 82061.00, Rho = 1.000
(iter 76) [0.0, 1.1350, 1.3131] = 456.2199, sampling [0.0, 0.3009, 1.1287]. Recommendation = [0.0, 1.1350, 1.3131], Current Cost = 83061.00, Rho = 1.000
(iter 76) [0.0, 1.1350, 1.3131] = 456.2199, sampling [0.0, -0.5266, -0.9217]. Recommendation = [0.0, 1.1350, 1.3131], Current Cost = 84061.00, Rho = 1.000
(iter 76) [0.0, 1.1350, 1.3131] = 456.2199, sampling [0.0, -1.1605, 0.4199]. Recommendation = [0.0, 1.1350, 1.3131], Current Cost = 85061.00, Rho = 1.000
(iter 76) [0.0, 1.1350, 1.3131] = 456.2199, sampling [0.0, -0.9915, -0.0379]. Recommendation = [0.0, 1.1350, 1.3131], Current Cost = 86061.00, Rho = 1.000
(iter 76) [0.0, 1.1350, 1.3131] = 456.2199, sampling [0.0, 0.1869, -0.9532]. Recommendation = [0.0, 1.1350, 1.3131], Current Cost = 87061.00, Rho = 1.000
(iter 76) [0.0, 1.1350, 1.3131] = 456.2199, sampling [0.0, -1.4048, 0.8767]. Recommendation = [0.0, 1.1350, 1.3131], Current Cost = 88061.00, Rho = 1.000
(iter 76) [0.0, 1.1350, 1.3131] = 456.2199, sampling [0.0, 1.0710, 0.0263]. Recommendation = [0.0, 1.1350, 1.3131], Current Cost = 89061.00, Rho = 1.000
(iter 76) [0.0, 1.1350, 1.3131] = 456.2199, sampling [0.0, 1.5494, 0.9891]. Recommendation = [0.0, 1.1350, 1.3131], Current Cost = 90061.00, Rho = 1.000
(iter 76) [0.0, 1.1350, 1.3131] = 456.2199, sampling [0.0, -0.4595, 1.7972]. Recommendation = [0.0, 1.1350, 1.3131], Current Cost = 91061.00, Rho = 1.000
(iter 76) [0.0, 1.1350, 1.3131] = 456.2199, sampling [0.0, -0.6982, -0.6735]. Recommendation = [0.0, 1.1350, 1.3131], Current Cost = 92061.00, Rho = 1.000
(iter 76) [0.0, 1.1350, 1.3131] = 456.2199, sampling [0.0, 0.8524, 1.6543]. Recommendation = [0.0, 1.1350, 1.3131], Current Cost = 93061.00, Rho = 1.000
(iter 76) [0.0, 1.1350, 1.3131] = 456.2199, sampling [0.0, 0.9239, -0.3652]. Recommendation = [0.0, 1.1350, 1.3131], Current Cost = 94061.00, Rho = 1.000
(iter 76) [0.0, 1.1350, 1.3131] = 456.2199, sampling [0.0, -0.1892, -0.9431]. Recommendation = [0.0, 1.1350, 1.3131], Current Cost = 95061.00, Rho = 1.000
(iter 76) [0.0, 1.1350, 1.3131] = 456.2199, sampling [0.0, 0.3465, 1.4297]. Recommendation = [0.0, 1.1350, 1.3131], Current Cost = 96061.00, Rho = 1.000
(iter 76) [0.0, 1.1350, 1.3131] = 456.2199, sampling [0.0, -0.7583, 1.5667]. Recommendation = [0.0, 1.1350, 1.3131], Current Cost = 97061.00, Rho = 1.000
(iter 76) [0.0, 1.1350, 1.3131] = 456.2199, sampling [0.0, -0.3632, 1.2728]. Recommendation = [0.0, 1.1350, 1.3131], Current Cost = 98061.00, Rho = 1.000
(iter 76) [0.0, 1.1350, 1.3131] = 456.2199, sampling [0.0, -0.7161, -0.4348]. Recommendation = [0.0, 1.1350, 1.3131], Current Cost = 99061.00, Rho = 1.000
