(iter 10) [0.0, -0.4244, 0.1887] = 454.2637, sampling [1.0, -0.6224, 0.8762]. Recommendation = [0.0, -0.4244, 0.1887], Current Cost = 5005.00, Rho = 1.000
(iter 10) [0.0, -0.4244, 0.1887] = 454.2637, sampling [1.0, -1.1200, 0.2206]. Recommendation = [0.0, -0.4244, 0.1887], Current Cost = 5006.00, Rho = 1.000
(iter 10) [0.0, -0.4244, 0.1887] = 454.2637, sampling [1.0, -0.2551, -0.2962]. Recommendation = [0.0, -0.4244, 0.1887], Current Cost = 5007.00, Rho = 1.000
(iter 10) [0.0, -0.4244, 0.1887] = 454.2637, sampling [1.0, -0.0427, 0.7441]. Recommendation = [0.0, -0.4244, 0.1887], Current Cost = 5008.00, Rho = 1.000
(iter 10) [0.0, -0.4244, 0.1887] = 454.2637, sampling [1.0, -0.2838, 0.4439]. Recommendation = [0.0, -0.4244, 0.1887], Current Cost = 5009.00, Rho = 1.000
(iter 10) [0.0, -0.4244, 0.1887] = 454.2637, sampling [1.0, -1.0982, 0.9051]. Recommendation = [0.0, -0.4244, 0.1887], Current Cost = 5010.00, Rho = 1.000
(iter 10) [0.0, -0.4244, 0.1887] = 454.2637, sampling [1.0, -0.6483, -0.1278]. Recommendation = [0.0, -0.4244, 0.1887], Current Cost = 5011.00, Rho = 1.000
(iter 10) [0.0, -0.4244, 0.1887] = 454.2637, sampling [1.0, -0.6915, 1.4634]. Recommendation = [0.0, -0.4244, 0.1887], Current Cost = 5012.00, Rho = 1.000
(iter 10) [0.0, -0.4244, 0.1887] = 454.2637, sampling [1.0, 0.0259, 0.0697]. Recommendation = [0.0, -0.4244, 0.1887], Current Cost = 5013.00, Rho = 1.000
(iter 10) [0.0, -0.4244, 0.1887] = 454.2637, sampling [1.0, -0.3525, -0.7664]. Recommendation = [0.0, -0.4244, 0.1887], Current Cost = 5014.00, Rho = 1.000
(iter 10) [0.0, -0.4244, 0.1887] = 454.2637, sampling [1.0, -0.2326, 1.1428]. Recommendation = [0.0, -0.4244, 0.1887], Current Cost = 5015.00, Rho = 1.000
(iter 10) [0.0, -0.4244, 0.1887] = 454.2637, sampling [1.0, -1.3874, 0.6564]. Recommendation = [0.0, -0.4244, 0.1887], Current Cost = 5016.00, Rho = 1.000
(iter 10) [0.0, -0.4244, 0.1887] = 454.2637, sampling [1.0, -0.2704, 0.1359]. Recommendation = [0.0, -0.4244, 0.1887], Current Cost = 5017.00, Rho = 1.000
(iter 10) [0.0, -0.4244, 0.1887] = 454.2637, sampling [1.0, -1.2991, 1.3545]. Recommendation = [0.0, -0.4244, 0.1887], Current Cost = 5018.00, Rho = 1.000
(iter 10) [0.0, -0.4244, 0.1887] = 454.2637, sampling [1.0, 0.4841, 0.9510]. Recommendation = [0.0, -0.4244, 0.1887], Current Cost = 5019.00, Rho = 1.000
(iter 10) [0.0, -0.4244, 0.1887] = 454.2637, sampling [1.0, -0.9704, -0.5927]. Recommendation = [0.0, -0.4244, 0.1887], Current Cost = 5020.00, Rho = 1.000
(iter 10) [0.0, -0.4244, 0.1887] = 454.2637, sampling [1.0, 0.1538, 0.3481]. Recommendation = [0.0, -0.4244, 0.1887], Current Cost = 5021.00, Rho = 1.000
(iter 10) [0.0, -0.4244, 0.1887] = 454.2637, sampling [1.0, 0.0053, -0.3821]. Recommendation = [0.0, -0.4244, 0.1887], Current Cost = 5022.00, Rho = 1.000
(iter 10) [0.0, -0.4244, 0.1887] = 454.2637, sampling [1.0, -0.8521, 0.9693]. Recommendation = [0.0, -0.4244, 0.1887], Current Cost = 5023.00, Rho = 1.000
(iter 10) [0.0, -0.4244, 0.1887] = 454.2637, sampling [1.0, -0.0084, 1.6279]. Recommendation = [0.0, -0.4244, 0.1887], Current Cost = 5024.00, Rho = 1.000
(iter 10) [0.0, -0.4244, 0.1887] = 454.2637, sampling [1.0, -0.8025, 0.0327]. Recommendation = [0.0, -0.4244, 0.1887], Current Cost = 5025.00, Rho = 1.000
(iter 10) [0.0, -0.4244, 0.1887] = 454.2637, sampling [1.0, -1.8159, 1.2508]. Recommendation = [0.0, -0.4244, 0.1887], Current Cost = 5026.00, Rho = 1.000
(iter 10) [0.0, -0.4244, 0.1887] = 454.2637, sampling [1.0, 0.3097, -0.7689]. Recommendation = [0.0, -0.4244, 0.1887], Current Cost = 5027.00, Rho = 1.000
(iter 10) [0.0, -0.4244, 0.1887] = 454.2637, sampling [1.0, -0.1294, -1.0408]. Recommendation = [0.0, -0.4244, 0.1887], Current Cost = 5028.00, Rho = 1.000
(iter 10) [0.0, -0.4244, 0.1887] = 454.2637, sampling [1.0, -1.1638, 1.8134]. Recommendation = [0.0, -0.4244, 0.1887], Current Cost = 5029.00, Rho = 1.000
(iter 10) [0.0, -0.4244, 0.1887] = 454.2637, sampling [1.0, 0.4280, 0.0926]. Recommendation = [0.0, -0.4244, 0.1887], Current Cost = 5030.00, Rho = 1.000
(iter 10) [0.0, -0.4244, 0.1887] = 454.2637, sampling [1.0, 0.1927, 1.2037]. Recommendation = [0.0, -0.4244, 0.1887], Current Cost = 5031.00, Rho = 1.000
(iter 10) [0.0, -0.4244, 0.1887] = 454.2637, sampling [1.0, -1.7042, 0.0632]. Recommendation = [0.0, -0.4244, 0.1887], Current Cost = 5032.00, Rho = 1.000
(iter 10) [0.0, -0.4244, 0.1887] = 454.2637, sampling [1.0, -1.2956, 1.0611]. Recommendation = [0.0, -0.4244, 0.1887], Current Cost = 5033.00, Rho = 1.000
(iter 10) [0.0, -0.4244, 0.1887] = 454.2637, sampling [1.0, -0.6602, 1.9038]. Recommendation = [0.0, -0.4244, 0.1887], Current Cost = 5034.00, Rho = 1.000
(iter 10) [0.0, -0.4244, 0.1887] = 454.2637, sampling [1.0, -0.5603, -0.3204]. Recommendation = [0.0, -0.4244, 0.1887], Current Cost = 5035.00, Rho = 1.000
(iter 10) [0.0, -0.4244, 0.1887] = 454.2637, sampling [1.0, 0.5406, 0.5006]. Recommendation = [0.0, -0.4244, 0.1887], Current Cost = 5036.00, Rho = 1.000
(iter 10) [0.0, -0.4244, 0.1887] = 454.2637, sampling [1.0, 1.0535, 1.4078]. Recommendation = [0.0, -0.4244, 0.1887], Current Cost = 5037.00, Rho = 1.000
(iter 10) [0.0, -0.4244, 0.1887] = 454.2637, sampling [1.0, -0.1648, 0.1941]. Recommendation = [0.0, -0.4244, 0.1887], Current Cost = 5038.00, Rho = 1.000
(iter 10) [0.0, -0.4244, 0.1887] = 454.2637, sampling [1.0, 0.2324, 0.7021]. Recommendation = [0.0, -0.4244, 0.1887], Current Cost = 5039.00, Rho = 1.000
(iter 10) [0.0, -0.4244, 0.1887] = 454.2637, sampling [1.0, -1.1814, 0.7599]. Recommendation = [0.0, -0.4244, 0.1887], Current Cost = 5040.00, Rho = 1.000
(iter 10) [0.0, -0.4244, 0.1887] = 454.2637, sampling [1.0, -1.0817, 1.5945]. Recommendation = [0.0, -0.4244, 0.1887], Current Cost = 5041.00, Rho = 1.000
(iter 10) [0.0, -0.4244, 0.1887] = 454.2637, sampling [1.0, 0.5045, 1.4235]. Recommendation = [0.0, -0.4244, 0.1887], Current Cost = 5042.00, Rho = 1.000
(iter 10) [0.0, -0.4244, 0.1887] = 454.2637, sampling [1.0, -0.0491, -0.0491]. Recommendation = [0.0, -0.4244, 0.1887], Current Cost = 5043.00, Rho = 1.000
(iter 10) [0.0, -0.4244, 0.1887] = 454.2637, sampling [1.0, 1.2570, 1.9784]. Recommendation = [0.0, -0.4244, 0.1887], Current Cost = 5044.00, Rho = 1.000
(iter 10) [0.0, -0.4244, 0.1887] = 454.2637, sampling [1.0, 1.3918, 0.7760]. Recommendation = [0.0, -0.4244, 0.1887], Current Cost = 5045.00, Rho = 1.000
(iter 10) [0.0, -0.4244, 0.1887] = 454.2637, sampling [1.0, -0.5086, -1.3428]. Recommendation = [0.0, -0.4244, 0.1887], Current Cost = 5046.00, Rho = 1.000
(iter 10) [0.0, -0.4244, 0.1887] = 454.2637, sampling [1.0, 0.8046, 0.8595]. Recommendation = [0.0, -0.4244, 0.1887], Current Cost = 5047.00, Rho = 1.000
(iter 10) [0.0, -0.4244, 0.1887] = 454.2637, sampling [1.0, -0.4808, 1.2929]. Recommendation = [0.0, -0.4244, 0.1887], Current Cost = 5048.00, Rho = 1.000
(iter 10) [0.0, -0.4244, 0.1887] = 454.2637, sampling [1.0, 0.5858, -0.4860]. Recommendation = [0.0, -0.4244, 0.1887], Current Cost = 5049.00, Rho = 1.000
(iter 10) [0.0, -0.4244, 0.1887] = 454.2637, sampling [1.0, 0.8585, 0.2557]. Recommendation = [0.0, -0.4244, 0.1887], Current Cost = 5050.00, Rho = 1.000
(iter 10) [0.0, -0.4244, 0.1887] = 454.2637, sampling [1.0, -0.9119, -0.1440]. Recommendation = [0.0, -0.4244, 0.1887], Current Cost = 5051.00, Rho = 1.000
(iter 10) [0.0, -0.4244, 0.1887] = 454.2637, sampling [1.0, 1.7089, 1.6438]. Recommendation = [0.0, -0.4244, 0.1887], Current Cost = 5052.00, Rho = 1.000
(iter 10) [0.0, -0.4244, 0.1887] = 454.2637, sampling [1.0, -0.2945, 0.3753]. Recommendation = [0.0, -0.4244, 0.1887], Current Cost = 5053.00, Rho = 1.000
(iter 10) [0.0, -0.4244, 0.1887] = 454.2637, sampling [1.0, -1.4495, 1.4258]. Recommendation = [0.0, -0.4244, 0.1887], Current Cost = 5054.00, Rho = 1.000
(iter 10) [0.0, -0.4244, 0.1887] = 454.2637, sampling [1.0, 0.7776, 1.5435]. Recommendation = [0.0, -0.4244, 0.1887], Current Cost = 5055.00, Rho = 1.000
(iter 10) [0.0, -0.4244, 0.1887] = 454.2637, sampling [1.0, 0.0689, -1.2447]. Recommendation = [0.0, -0.4244, 0.1887], Current Cost = 5056.00, Rho = 1.000
(iter 10) [0.0, -0.4244, 0.1887] = 454.2637, sampling [1.0, -0.1476, 0.8302]. Recommendation = [0.0, -0.4244, 0.1887], Current Cost = 5057.00, Rho = 1.000
(iter 10) [0.0, -0.4244, 0.1887] = 454.2637, sampling [1.0, -1.5478, 0.8321]. Recommendation = [0.0, -0.4244, 0.1887], Current Cost = 5058.00, Rho = 1.000
(iter 10) [0.0, -0.4244, 0.1887] = 454.2637, sampling [1.0, -0.2223, -0.2010]. Recommendation = [0.0, -0.4244, 0.1887], Current Cost = 5059.00, Rho = 1.000
(iter 10) [0.0, -0.4244, 0.1887] = 454.2637, sampling [1.0, -0.6878, -0.6727]. Recommendation = [0.0, -0.4244, 0.1887], Current Cost = 5060.00, Rho = 1.000
(iter 10) [0.0, -0.4244, 0.1887] = 454.2637, sampling [1.0, 0.0917, 0.4728]. Recommendation = [0.0, -0.4244, 0.1887], Current Cost = 5061.00, Rho = 1.000
(iter 10) [0.0, -0.4244, 0.1887] = 454.2637, sampling [1.0, -0.9487, 0.9850]. Recommendation = [0.0, -0.4244, 0.1887], Current Cost = 5062.00, Rho = 1.000
(iter 10) [0.0, -0.4244, 0.1887] = 454.2637, sampling [1.0, -1.2747, -1.2908]. Recommendation = [0.0, -0.4244, 0.1887], Current Cost = 5063.00, Rho = 1.000
(iter 10) [0.0, -0.4244, 0.1887] = 454.2637, sampling [1.0, 0.3431, 1.9510]. Recommendation = [0.0, -0.4244, 0.1887], Current Cost = 5064.00, Rho = 1.000
(iter 10) [0.0, -0.4244, 0.1887] = 454.2637, sampling [1.0, -0.4000, 1.6537]. Recommendation = [0.0, -0.4244, 0.1887], Current Cost = 5065.00, Rho = 1.000
(iter 10) [0.0, -0.4244, 0.1887] = 454.2637, sampling [1.0, 0.9462, 1.1213]. Recommendation = [0.0, -0.4244, 0.1887], Current Cost = 5066.00, Rho = 1.000
(iter 10) [0.0, -0.4244, 0.1887] = 454.2637, sampling [1.0, 0.0613, 1.0540]. Recommendation = [0.0, -0.4244, 0.1887], Current Cost = 5067.00, Rho = 1.000
(iter 10) [0.0, -0.4244, 0.1887] = 454.2637, sampling [1.0, -1.2415, 0.6105]. Recommendation = [0.0, -0.4244, 0.1887], Current Cost = 5068.00, Rho = 1.000
(iter 10) [0.0, -0.4244, 0.1887] = 454.2637, sampling [1.0, 0.3971, -1.0234]. Recommendation = [0.0, -0.4244, 0.1887], Current Cost = 5069.00, Rho = 1.000
(iter 10) [0.0, -0.4244, 0.1887] = 454.2637, sampling [1.0, 0.9887, 1.6722]. Recommendation = [0.0, -0.4244, 0.1887], Current Cost = 5070.00, Rho = 1.000
(iter 10) [0.0, -0.4244, 0.1887] = 454.2637, sampling [1.0, 0.8734, -0.0767]. Recommendation = [0.0, -0.4244, 0.1887], Current Cost = 5071.00, Rho = 1.000
(iter 10) [0.0, -0.4244, 0.1887] = 454.2637, sampling [1.0, -0.5384, -0.9565]. Recommendation = [0.0, -0.4244, 0.1887], Current Cost = 5072.00, Rho = 1.000
(iter 10) [0.0, -0.4244, 0.1887] = 454.2637, sampling [1.0, -0.3043, -0.6606]. Recommendation = [0.0, -0.4244, 0.1887], Current Cost = 5073.00, Rho = 1.000
(iter 10) [0.0, -0.4244, 0.1887] = 454.2637, sampling [1.0, 1.4487, 1.2390]. Recommendation = [0.0, -0.4244, 0.1887], Current Cost = 5074.00, Rho = 1.000
(iter 10) [0.0, -0.4244, 0.1887] = 454.2637, sampling [1.0, 0.9096, 0.5242]. Recommendation = [0.0, -0.4244, 0.1887], Current Cost = 5075.00, Rho = 1.000
(iter 10) [0.0, -0.4244, 0.1887] = 454.2637, sampling [1.0, -0.1986, -1.6962]. Recommendation = [0.0, -0.4244, 0.1887], Current Cost = 5076.00, Rho = 1.000
(iter 10) [0.0, -0.4244, 0.1887] = 454.2637, sampling [1.0, -0.0821, -0.4151]. Recommendation = [0.0, -0.4244, 0.1887], Current Cost = 5077.00, Rho = 1.000
(iter 10) [0.0, -0.4244, 0.1887] = 454.2637, sampling [1.0, -0.7091, -0.5050]. Recommendation = [0.0, -0.4244, 0.1887], Current Cost = 5078.00, Rho = 1.000
(iter 10) [0.0, -0.4244, 0.1887] = 454.2637, sampling [1.0, 0.6510, 0.7171]. Recommendation = [0.0, -0.4244, 0.1887], Current Cost = 5079.00, Rho = 1.000
(iter 10) [0.0, -0.4244, 0.1887] = 454.2637, sampling [1.0, 0.1375, 0.2607]. Recommendation = [0.0, -0.4244, 0.1887], Current Cost = 5080.00, Rho = 1.000
(iter 10) [0.0, -0.4244, 0.1887] = 454.2637, sampling [1.0, 0.2429, 1.3677]. Recommendation = [0.0, -0.4244, 0.1887], Current Cost = 5081.00, Rho = 1.000
(iter 10) [0.0, -0.4244, 0.1887] = 454.2637, sampling [1.0, 0.2875, 0.5865]. Recommendation = [0.0, -0.4244, 0.1887], Current Cost = 5082.00, Rho = 1.000
(iter 10) [0.0, -0.4244, 0.1887] = 454.2637, sampling [1.0, 0.0349, 0.8857]. Recommendation = [0.0, -0.4244, 0.1887], Current Cost = 5083.00, Rho = 1.000
(iter 10) [0.0, -0.4244, 0.1887] = 454.2637, sampling [1.0, -0.3783, 1.1651]. Recommendation = [0.0, -0.4244, 0.1887], Current Cost = 5084.00, Rho = 1.000
(iter 10) [0.0, -0.4244, 0.1887] = 454.2637, sampling [1.0, -1.8269, 0.6742]. Recommendation = [0.0, -0.4244, 0.1887], Current Cost = 5085.00, Rho = 1.000
(iter 10) [0.0, -0.4244, 0.1887] = 454.2637, sampling [1.0, 1.3263, 0.1690]. Recommendation = [0.0, -0.4244, 0.1887], Current Cost = 5086.00, Rho = 1.000
(iter 10) [0.0, -0.4244, 0.1887] = 454.2637, sampling [1.0, 0.6308, 1.0293]. Recommendation = [0.0, -0.4244, 0.1887], Current Cost = 5087.00, Rho = 1.000
(iter 10) [0.0, -0.4244, 0.1887] = 454.2637, sampling [1.0, 0.3828, 0.7846]. Recommendation = [0.0, -0.4244, 0.1887], Current Cost = 5088.00, Rho = 1.000
(iter 10) [0.0, -0.4244, 0.1887] = 454.2637, sampling [1.0, -1.2606, -0.4299]. Recommendation = [0.0, -0.4244, 0.1887], Current Cost = 5089.00, Rho = 1.000
(iter 10) [0.0, -0.4244, 0.1887] = 454.2637, sampling [1.0, -0.1236, 1.4792]. Recommendation = [0.0, -0.4244, 0.1887], Current Cost = 5090.00, Rho = 1.000
(iter 10) [0.0, -0.4244, 0.1887] = 454.2637, sampling [1.0, 1.7939, 1.9978]. Recommendation = [0.0, -0.4244, 0.1887], Current Cost = 5091.00, Rho = 1.000
(iter 10) [0.0, -0.4244, 0.1887] = 454.2637, sampling [1.0, -0.1012, -1.3524]. Recommendation = [0.0, -0.4244, 0.1887], Current Cost = 5092.00, Rho = 1.000
(iter 10) [0.0, -0.4244, 0.1887] = 454.2637, sampling [1.0, -0.3454, -1.0275]. Recommendation = [0.0, -0.4244, 0.1887], Current Cost = 5093.00, Rho = 1.000
(iter 10) [0.0, -0.4244, 0.1887] = 454.2637, sampling [1.0, 0.5445, -0.7300]. Recommendation = [0.0, -0.4244, 0.1887], Current Cost = 5094.00, Rho = 1.000
(iter 10) [0.0, -0.4244, 0.1887] = 454.2637, sampling [1.0, 0.3624, 1.2239]. Recommendation = [0.0, -0.4244, 0.1887], Current Cost = 5095.00, Rho = 1.000
(iter 10) [0.0, -0.4244, 0.1887] = 454.2637, sampling [1.0, 1.9016, 1.2781]. Recommendation = [0.0, -0.4244, 0.1887], Current Cost = 5096.00, Rho = 1.000
(iter 10) [0.0, -0.4244, 0.1887] = 454.2637, sampling [1.0, -0.8420, 1.9603]. Recommendation = [0.0, -0.4244, 0.1887], Current Cost = 5097.00, Rho = 1.000
(iter 10) [0.0, -0.4244, 0.1887] = 454.2637, sampling [1.0, -1.3341, 1.0961]. Recommendation = [0.0, -0.4244, 0.1887], Current Cost = 5098.00, Rho = 1.000
(iter 10) [0.0, -0.4244, 0.1887] = 454.2637, sampling [1.0, -0.0750, 1.0164]. Recommendation = [0.0, -0.4244, 0.1887], Current Cost = 5099.00, Rho = 1.000
(iter 10) [0.0, -0.4244, 0.1887] = 454.2637, sampling [1.0, 0.0982, 1.8335]. Recommendation = [0.0, -0.4244, 0.1887], Current Cost = 5100.00, Rho = 1.000
(iter 10) [0.0, -0.4244, 0.1887] = 454.2637, sampling [1.0, 1.3310, 1.7936]. Recommendation = [0.0, -0.4244, 0.1887], Current Cost = 5101.00, Rho = 1.000
(iter 10) [0.0, -0.4244, 0.1887] = 454.2637, sampling [1.0, -1.8568, -1.9708]. Recommendation = [0.0, -0.4244, 0.1887], Current Cost = 5102.00, Rho = 1.000
(iter 10) [0.0, -0.4244, 0.1887] = 454.2637, sampling [1.0, 1.0690, 1.8705]. Recommendation = [0.0, -0.4244, 0.1887], Current Cost = 5103.00, Rho = 1.000
(iter 10) [0.0, -0.4244, 0.1887] = 454.2637, sampling [1.0, -0.9385, -0.8798]. Recommendation = [0.0, -0.4244, 0.1887], Current Cost = 5104.00, Rho = 1.000
(iter 10) [0.0, -0.4244, 0.1887] = 454.2637, sampling [1.0, 0.5989, 1.5570]. Recommendation = [0.0, -0.4244, 0.1887], Current Cost = 5105.00, Rho = 1.000
(iter 10) [0.0, -0.4244, 0.1887] = 454.2637, sampling [1.0, -0.8645, -0.4591]. Recommendation = [0.0, -0.4244, 0.1887], Current Cost = 5106.00, Rho = 1.000
(iter 10) [0.0, -0.4244, 0.1887] = 454.2637, sampling [1.0, -0.5144, 1.5183]. Recommendation = [0.0, -0.4244, 0.1887], Current Cost = 5107.00, Rho = 1.000
(iter 10) [0.0, -0.4244, 0.1887] = 454.2637, sampling [1.0, 0.2086, -1.6882]. Recommendation = [0.0, -0.4244, 0.1887], Current Cost = 5108.00, Rho = 1.000
(iter 10) [0.0, -0.4244, 0.1887] = 454.2637, sampling [1.0, -0.4455, 1.9041]. Recommendation = [0.0, -0.4244, 0.1887], Current Cost = 5109.00, Rho = 1.000
(iter 10) [0.0, -0.4244, 0.1887] = 454.2637, sampling [1.0, -1.3982, 0.5323]. Recommendation = [0.0, -0.4244, 0.1887], Current Cost = 5110.00, Rho = 1.000
(iter 10) [0.0, -0.4244, 0.1887] = 454.2637, sampling [1.0, 0.9757, -0.5572]. Recommendation = [0.0, -0.4244, 0.1887], Current Cost = 5111.00, Rho = 1.000
(iter 10) [0.0, -0.4244, 0.1887] = 454.2637, sampling [1.0, 1.2017, 1.3045]. Recommendation = [0.0, -0.4244, 0.1887], Current Cost = 5112.00, Rho = 1.000
(iter 10) [0.0, -0.4244, 0.1887] = 454.2637, sampling [1.0, 1.9681, 0.3337]. Recommendation = [0.0, -0.4244, 0.1887], Current Cost = 5113.00, Rho = 1.000
(iter 10) [0.0, -0.4244, 0.1887] = 454.2637, sampling [1.0, 0.7303, 0.5458]. Recommendation = [0.0, -0.4244, 0.1887], Current Cost = 5114.00, Rho = 1.000
(iter 10) [0.0, -0.4244, 0.1887] = 454.2637, sampling [1.0, 0.6140, -0.9665]. Recommendation = [0.0, -0.4244, 0.1887], Current Cost = 5115.00, Rho = 1.000
(iter 10) [0.0, -0.4244, 0.1887] = 454.2637, sampling [1.0, -0.8319, -0.0106]. Recommendation = [0.0, -0.4244, 0.1887], Current Cost = 5116.00, Rho = 1.000
(iter 10) [0.0, -0.4244, 0.1887] = 454.2637, sampling [1.0, 0.7588, 0.1516]. Recommendation = [0.0, -0.4244, 0.1887], Current Cost = 5117.00, Rho = 1.000
(iter 10) [0.0, -0.4244, 0.1887] = 454.2637, sampling [1.0, -1.3452, -0.1671]. Recommendation = [0.0, -0.4244, 0.1887], Current Cost = 5118.00, Rho = 1.000
(iter 10) [0.0, -0.4244, 0.1887] = 454.2637, sampling [1.0, -0.7299, 1.5273]. Recommendation = [0.0, -0.4244, 0.1887], Current Cost = 5119.00, Rho = 1.000
(iter 10) [0.0, -0.4244, 0.1887] = 454.2637, sampling [1.0, -0.7363, -0.8513]. Recommendation = [0.0, -0.4244, 0.1887], Current Cost = 5120.00, Rho = 1.000
(iter 10) [0.0, -0.4244, 0.1887] = 454.2637, sampling [1.0, -0.4076, -0.8904]. Recommendation = [0.0, -0.4244, 0.1887], Current Cost = 5121.00, Rho = 1.000
(iter 10) [0.0, -0.4244, 0.1887] = 454.2637, sampling [1.0, -1.2292, 1.7828]. Recommendation = [0.0, -0.4244, 0.1887], Current Cost = 5122.00, Rho = 1.000
(iter 10) [0.0, -0.4244, 0.1887] = 454.2637, sampling [1.0, 0.4023, -0.9285]. Recommendation = [0.0, -0.4244, 0.1887], Current Cost = 5123.00, Rho = 1.000
(iter 10) [0.0, -0.4244, 0.1887] = 454.2637, sampling [1.0, -0.5797, -1.7274]. Recommendation = [0.0, -0.4244, 0.1887], Current Cost = 5124.00, Rho = 1.000
(iter 10) [0.0, -0.4244, 0.1887] = 454.2637, sampling [1.0, -0.5997, -0.3415]. Recommendation = [0.0, -0.4244, 0.1887], Current Cost = 5125.00, Rho = 1.000
(iter 10) [0.0, -0.4244, 0.1887] = 454.2637, sampling [1.0, -1.9925, 0.9399]. Recommendation = [0.0, -0.4244, 0.1887], Current Cost = 5126.00, Rho = 1.000
(iter 10) [0.0, -0.4244, 0.1887] = 454.2637, sampling [1.0, -1.9810, -0.4719]. Recommendation = [0.0, -0.4244, 0.1887], Current Cost = 5127.00, Rho = 1.000
(iter 10) [0.0, -0.4244, 0.1887] = 454.2637, sampling [1.0, 0.5195, -1.5559]. Recommendation = [0.0, -0.4244, 0.1887], Current Cost = 5128.00, Rho = 1.000
(iter 10) [0.0, -0.4244, 0.1887] = 454.2637, sampling [1.0, 1.4235, 1.3880]. Recommendation = [0.0, -0.4244, 0.1887], Current Cost = 5129.00, Rho = 1.000
(iter 10) [0.0, -0.4244, 0.1887] = 454.2637, sampling [1.0, 0.1635, 1.7270]. Recommendation = [0.0, -0.4244, 0.1887], Current Cost = 5130.00, Rho = 1.000
(iter 10) [0.0, -0.4244, 0.1887] = 454.2637, sampling [1.0, -1.4851, 0.8140]. Recommendation = [0.0, -0.4244, 0.1887], Current Cost = 5131.00, Rho = 1.000
(iter 10) [0.0, -0.4244, 0.1887] = 454.2637, sampling [1.0, 0.9310, -0.2532]. Recommendation = [0.0, -0.4244, 0.1887], Current Cost = 5132.00, Rho = 1.000
(iter 10) [0.0, -0.4244, 0.1887] = 454.2637, sampling [1.0, 1.0281, 1.1754]. Recommendation = [0.0, -0.4244, 0.1887], Current Cost = 5133.00, Rho = 1.000
(iter 10) [0.0, -0.4244, 0.1887] = 454.2637, sampling [1.0, -1.1477, 1.7466]. Recommendation = [0.0, -0.4244, 0.1887], Current Cost = 5134.00, Rho = 1.000
(iter 10) [0.0, -0.4244, 0.1887] = 454.2637, sampling [1.0, -0.1791, 1.5798]. Recommendation = [0.0, -0.4244, 0.1887], Current Cost = 5135.00, Rho = 1.000
(iter 10) [0.0, -0.4244, 0.1887] = 454.2637, sampling [1.0, 0.7433, -0.5884]. Recommendation = [0.0, -0.4244, 0.1887], Current Cost = 5136.00, Rho = 1.000
(iter 10) [0.0, -0.4244, 0.1887] = 454.2637, sampling [1.0, -0.5528, 1.4471]. Recommendation = [0.0, -0.4244, 0.1887], Current Cost = 5137.00, Rho = 1.000
(iter 10) [0.0, -0.4244, 0.1887] = 454.2637, sampling [1.0, 1.9889, 1.6903]. Recommendation = [0.0, -0.4244, 0.1887], Current Cost = 5138.00, Rho = 1.000
(iter 10) [0.0, -0.4244, 0.1887] = 454.2637, sampling [1.0, 1.3757, 0.4552]. Recommendation = [0.0, -0.4244, 0.1887], Current Cost = 5139.00, Rho = 1.000
(iter 10) [0.0, -0.4244, 0.1887] = 454.2637, sampling [1.0, 1.5307, 0.9999]. Recommendation = [0.0, -0.4244, 0.1887], Current Cost = 5140.00, Rho = 1.000
(iter 10) [0.0, -0.4244, 0.1887] = 454.2637, sampling [1.0, 0.1794, 0.3089]. Recommendation = [0.0, -0.4244, 0.1887], Current Cost = 5141.00, Rho = 1.000
(iter 10) [0.0, -0.4244, 0.1887] = 454.2637, sampling [1.0, -1.6521, 0.5617]. Recommendation = [0.0, -0.4244, 0.1887], Current Cost = 5142.00, Rho = 1.000
(iter 10) [0.0, -0.4244, 0.1887] = 454.2637, sampling [1.0, 0.4356, 1.8491]. Recommendation = [0.0, -0.4244, 0.1887], Current Cost = 5143.00, Rho = 1.000
(iter 10) [0.0, -0.4244, 0.1887] = 454.2637, sampling [1.0, -0.9825, -1.0906]. Recommendation = [0.0, -0.4244, 0.1887], Current Cost = 5144.00, Rho = 1.000
(iter 10) [0.0, -0.4244, 0.1887] = 454.2637, sampling [1.0, 1.2168, -0.2301]. Recommendation = [0.0, -0.4244, 0.1887], Current Cost = 5145.00, Rho = 1.000
(iter 10) [0.0, -0.4244, 0.1887] = 454.2637, sampling [1.0, -1.9635, 1.3281]. Recommendation = [0.0, -0.4244, 0.1887], Current Cost = 5146.00, Rho = 1.000
(iter 10) [0.0, -0.4244, 0.1887] = 454.2637, sampling [1.0, -0.4512, -1.5117]. Recommendation = [0.0, -0.4244, 0.1887], Current Cost = 5147.00, Rho = 1.000
(iter 10) [0.0, -0.4244, 0.1887] = 454.2637, sampling [1.0, 0.8223, -1.2045]. Recommendation = [0.0, -0.4244, 0.1887], Current Cost = 5148.00, Rho = 1.000
(iter 10) [0.0, -0.4244, 0.1887] = 454.2637, sampling [1.0, 0.6978, -0.7959]. Recommendation = [0.0, -0.4244, 0.1887], Current Cost = 5149.00, Rho = 1.000
(iter 10) [0.0, -0.4244, 0.1887] = 454.2637, sampling [1.0, -0.9179, -1.4730]. Recommendation = [0.0, -0.4244, 0.1887], Current Cost = 5150.00, Rho = 1.000
(iter 10) [0.0, -0.4244, 0.1887] = 454.2637, sampling [1.0, -0.0190, 1.7692]. Recommendation = [0.0, -0.4244, 0.1887], Current Cost = 5151.00, Rho = 1.000
(iter 10) [0.0, -0.4244, 0.1887] = 454.2637, sampling [1.0, -1.4636, -0.0178]. Recommendation = [0.0, -0.4244, 0.1887], Current Cost = 5152.00, Rho = 1.000
(iter 10) [0.0, -0.4244, 0.1887] = 454.2637, sampling [1.0, -1.2126, -0.9035]. Recommendation = [0.0, -0.4244, 0.1887], Current Cost = 5153.00, Rho = 1.000
(iter 10) [0.0, -0.4244, 0.1887] = 454.2637, sampling [1.0, 0.9262, 0.2934]. Recommendation = [0.0, -0.4244, 0.1887], Current Cost = 5154.00, Rho = 1.000
(iter 10) [0.0, -0.4244, 0.1887] = 454.2637, sampling [1.0, -1.0238, -0.7428]. Recommendation = [0.0, -0.4244, 0.1887], Current Cost = 5155.00, Rho = 1.000
(iter 10) [0.0, -0.4244, 0.1887] = 454.2637, sampling [1.0, -0.3306, 1.6975]. Recommendation = [0.0, -0.4244, 0.1887], Current Cost = 5156.00, Rho = 1.000
(iter 10) [0.0, -0.4244, 0.1887] = 454.2637, sampling [1.0, -1.1078, 1.6135]. Recommendation = [0.0, -0.4244, 0.1887], Current Cost = 5157.00, Rho = 1.000
(iter 10) [0.0, -0.4244, 0.1887] = 454.2637, sampling [1.0, 1.2970, 1.3244]. Recommendation = [0.0, -0.4244, 0.1887], Current Cost = 5158.00, Rho = 1.000
(iter 10) [0.0, -0.4244, 0.1887] = 454.2637, sampling [1.0, -0.6294, -1.4565]. Recommendation = [0.0, -0.4244, 0.1887], Current Cost = 5159.00, Rho = 1.000
(iter 10) [0.0, -0.4244, 0.1887] = 454.2637, sampling [1.0, 0.1175, -1.6288]. Recommendation = [0.0, -0.4244, 0.1887], Current Cost = 5160.00, Rho = 1.000
(iter 10) [0.0, -0.4244, 0.1887] = 454.2637, sampling [1.0, 1.1800, -0.8222]. Recommendation = [0.0, -0.4244, 0.1887], Current Cost = 5161.00, Rho = 1.000
(iter 10) [0.0, -0.4244, 0.1887] = 454.2637, sampling [1.0, -0.8804, -1.8829]. Recommendation = [0.0, -0.4244, 0.1887], Current Cost = 5162.00, Rho = 1.000
(iter 10) [0.0, -0.4244, 0.1887] = 454.2637, sampling [1.0, 1.2862, 1.8743]. Recommendation = [0.0, -0.4244, 0.1887], Current Cost = 5163.00, Rho = 1.000
(iter 10) [0.0, -0.4244, 0.1887] = 454.2637, sampling [1.0, 0.4788, -1.8301]. Recommendation = [0.0, -0.4244, 0.1887], Current Cost = 5164.00, Rho = 1.000
(iter 10) [0.0, -0.4244, 0.1887] = 454.2637, sampling [1.0, -1.9153, 0.4259]. Recommendation = [0.0, -0.4244, 0.1887], Current Cost = 5165.00, Rho = 1.000
(iter 10) [0.0, -0.4244, 0.1887] = 454.2637, sampling [1.0, 1.7257, 0.9186]. Recommendation = [0.0, -0.4244, 0.1887], Current Cost = 5166.00, Rho = 1.000
(iter 10) [0.0, -0.4244, 0.1887] = 454.2637, sampling [1.0, 1.6527, -0.2758]. Recommendation = [0.0, -0.4244, 0.1887], Current Cost = 5167.00, Rho = 1.000
(iter 10) [0.0, -0.4244, 0.1887] = 454.2637, sampling [1.0, -0.7650, 1.9240]. Recommendation = [0.0, -0.4244, 0.1887], Current Cost = 5168.00, Rho = 1.000
(iter 10) [0.0, -0.4244, 0.1887] = 454.2637, sampling [1.0, 0.6663, -0.6374]. Recommendation = [0.0, -0.4244, 0.1887], Current Cost = 5169.00, Rho = 1.000
(iter 10) [0.0, -0.4244, 0.1887] = 454.2637, sampling [1.0, 1.5916, 0.6476]. Recommendation = [0.0, -0.4244, 0.1887], Current Cost = 5170.00, Rho = 1.000
(iter 10) [0.0, -0.4244, 0.1887] = 454.2637, sampling [1.0, 0.7085, -0.5142]. Recommendation = [0.0, -0.4244, 0.1887], Current Cost = 5171.00, Rho = 1.000
(iter 10) [0.0, -0.4244, 0.1887] = 454.2637, sampling [1.0, -1.7254, 0.7337]. Recommendation = [0.0, -0.4244, 0.1887], Current Cost = 5172.00, Rho = 1.000
(iter 10) [0.0, -0.4244, 0.1887] = 454.2637, sampling [1.0, 0.2687, 0.6016]. Recommendation = [0.0, -0.4244, 0.1887], Current Cost = 5173.00, Rho = 1.000
(iter 10) [0.0, -0.4244, 0.1887] = 454.2637, sampling [1.0, 1.1105, -0.3894]. Recommendation = [0.0, -0.4244, 0.1887], Current Cost = 5174.00, Rho = 1.000
(iter 10) [0.0, -0.4244, 0.1887] = 454.2637, sampling [1.0, -1.5977, -0.5652]. Recommendation = [0.0, -0.4244, 0.1887], Current Cost = 5175.00, Rho = 1.000
(iter 10) [0.0, -0.4244, 0.1887] = 454.2637, sampling [1.0, 1.5044, 1.1973]. Recommendation = [0.0, -0.4244, 0.1887], Current Cost = 5176.00, Rho = 1.000
(iter 10) [0.0, -0.4244, 0.1887] = 454.2637, sampling [1.0, 0.2937, -1.7729]. Recommendation = [0.0, -0.4244, 0.1887], Current Cost = 5177.00, Rho = 1.000
(iter 10) [0.0, -0.4244, 0.1887] = 454.2637, sampling [1.0, -1.6442, 0.6284]. Recommendation = [0.0, -0.4244, 0.1887], Current Cost = 5178.00, Rho = 1.000
(iter 10) [0.0, -0.4244, 0.1887] = 454.2637, sampling [1.0, -1.6761, -1.0006]. Recommendation = [0.0, -0.4244, 0.1887], Current Cost = 5179.00, Rho = 1.000
(iter 10) [0.0, -0.4244, 0.1887] = 454.2637, sampling [1.0, -0.7722, -1.7343]. Recommendation = [0.0, -0.4244, 0.1887], Current Cost = 5180.00, Rho = 1.000
(iter 10) [0.0, -0.4244, 0.1887] = 454.2637, sampling [1.0, -0.9934, -0.6431]. Recommendation = [0.0, -0.4244, 0.1887], Current Cost = 5181.00, Rho = 1.000
(iter 10) [0.0, -0.4244, 0.1887] = 454.2637, sampling [1.0, 1.9386, 1.4996]. Recommendation = [0.0, -0.4244, 0.1887], Current Cost = 5182.00, Rho = 1.000
(iter 10) [0.0, -0.4244, 0.1887] = 454.2637, sampling [1.0, 1.0239, -1.1350]. Recommendation = [0.0, -0.4244, 0.1887], Current Cost = 5183.00, Rho = 1.000
(iter 10) [0.0, -0.4244, 0.1887] = 454.2637, sampling [1.0, 0.6776, -1.9509]. Recommendation = [0.0, -0.4244, 0.1887], Current Cost = 5184.00, Rho = 1.000
(iter 10) [0.0, -0.4244, 0.1887] = 454.2637, sampling [1.0, 1.3585, -0.4332]. Recommendation = [0.0, -0.4244, 0.1887], Current Cost = 5185.00, Rho = 1.000
(iter 10) [0.0, -0.4244, 0.1887] = 454.2637, sampling [1.0, -1.0556, -1.6753]. Recommendation = [0.0, -0.4244, 0.1887], Current Cost = 5186.00, Rho = 1.000
(iter 10) [0.0, -0.4244, 0.1887] = 454.2637, sampling [1.0, 0.7954, -1.3210]. Recommendation = [0.0, -0.4244, 0.1887], Current Cost = 5187.00, Rho = 1.000
(iter 10) [0.0, -0.4244, 0.1887] = 454.2637, sampling [1.0, 1.4780, 0.4894]. Recommendation = [0.0, -0.4244, 0.1887], Current Cost = 5188.00, Rho = 1.000
(iter 10) [0.0, -0.4244, 0.1887] = 454.2637, sampling [1.0, -1.0399, -1.1630]. Recommendation = [0.0, -0.4244, 0.1887], Current Cost = 5189.00, Rho = 1.000
(iter 10) [0.0, -0.4244, 0.1887] = 454.2637, sampling [1.0, 1.5380, 1.0803]. Recommendation = [0.0, -0.4244, 0.1887], Current Cost = 5190.00, Rho = 1.000
(iter 10) [0.0, -0.4244, 0.1887] = 454.2637, sampling [1.0, 1.4052, 0.3662]. Recommendation = [0.0, -0.4244, 0.1887], Current Cost = 5191.00, Rho = 1.000
(iter 10) [0.0, -0.4244, 0.1887] = 454.2637, sampling [1.0, 1.4599, -0.1505]. Recommendation = [0.0, -0.4244, 0.1887], Current Cost = 5192.00, Rho = 1.000
(iter 10) [0.0, -0.4244, 0.1887] = 454.2637, sampling [1.0, 1.7875, -0.8451]. Recommendation = [0.0, -0.4244, 0.1887], Current Cost = 5193.00, Rho = 1.000
(iter 10) [0.0, -0.4244, 0.1887] = 454.2637, sampling [1.0, -1.5593, 0.0062]. Recommendation = [0.0, -0.4244, 0.1887], Current Cost = 5194.00, Rho = 1.000
(iter 10) [0.0, -0.4244, 0.1887] = 454.2637, sampling [1.0, -1.8972, 0.2262]. Recommendation = [0.0, -0.4244, 0.1887], Current Cost = 5195.00, Rho = 1.000
(iter 10) [0.0, -0.4244, 0.1887] = 454.2637, sampling [1.0, 1.7485, 0.1084]. Recommendation = [0.0, -0.4244, 0.1887], Current Cost = 5196.00, Rho = 1.000
(iter 10) [0.0, -0.4244, 0.1887] = 454.2637, sampling [1.0, -1.1939, -1.9338]. Recommendation = [0.0, -0.4244, 0.1887], Current Cost = 5197.00, Rho = 1.000
(iter 10) [0.0, -0.4244, 0.1887] = 454.2637, sampling [1.0, -1.8434, -0.0894]. Recommendation = [0.0, -0.4244, 0.1887], Current Cost = 5198.00, Rho = 1.000
(iter 10) [0.0, -0.4244, 0.1887] = 454.2637, sampling [1.0, -1.4211, -1.1192]. Recommendation = [0.0, -0.4244, 0.1887], Current Cost = 5199.00, Rho = 1.000
(iter 10) [0.0, -0.4244, 0.1887] = 454.2637, sampling [1.0, 1.7406, 0.4075]. Recommendation = [0.0, -0.4244, 0.1887], Current Cost = 5200.00, Rho = 1.000
(iter 10) [0.0, -0.4244, 0.1887] = 454.2637, sampling [1.0, 0.5755, -1.6128]. Recommendation = [0.0, -0.4244, 0.1887], Current Cost = 5201.00, Rho = 1.000
(iter 10) [0.0, -0.4244, 0.1887] = 454.2637, sampling [1.0, -1.3624, -1.4996]. Recommendation = [0.0, -0.4244, 0.1887], Current Cost = 5202.00, Rho = 1.000
(iter 10) [0.0, -0.4244, 0.1887] = 454.2637, sampling [1.0, 0.9930, -1.8034]. Recommendation = [0.0, -0.4244, 0.1887], Current Cost = 5203.00, Rho = 1.000
(iter 10) [0.0, -0.4244, 0.1887] = 454.2637, sampling [1.0, 1.9663, -0.1890]. Recommendation = [0.0, -0.4244, 0.1887], Current Cost = 5204.00, Rho = 1.000
(iter 10) [0.0, -0.4244, 0.1887] = 454.2637, sampling [1.0, 1.1235, -1.3852]. Recommendation = [0.0, -0.4244, 0.1887], Current Cost = 5205.00, Rho = 1.000
(iter 10) [0.0, -0.4244, 0.1887] = 454.2637, sampling [1.0, 1.2697, -0.7149]. Recommendation = [0.0, -0.4244, 0.1887], Current Cost = 5206.00, Rho = 1.000
(iter 10) [0.0, -0.4244, 0.1887] = 454.2637, sampling [1.0, 1.2405, -0.3154]. Recommendation = [0.0, -0.4244, 0.1887], Current Cost = 5207.00, Rho = 1.000
(iter 10) [0.0, -0.4244, 0.1887] = 454.2637, sampling [1.0, -1.7623, -1.4126]. Recommendation = [0.0, -0.4244, 0.1887], Current Cost = 5208.00, Rho = 1.000
(iter 10) [0.0, -0.4244, 0.1887] = 454.2637, sampling [1.0, 1.6067, -0.0390]. Recommendation = [0.0, -0.4244, 0.1887], Current Cost = 5209.00, Rho = 1.000
(iter 10) [0.0, -0.4244, 0.1887] = 454.2637, sampling [1.0, -0.4666, -1.5366]. Recommendation = [0.0, -0.4244, 0.1887], Current Cost = 5210.00, Rho = 1.000
(iter 10) [0.0, -0.4244, 0.1887] = 454.2637, sampling [1.0, -1.9262, -0.8107]. Recommendation = [0.0, -0.4244, 0.1887], Current Cost = 5211.00, Rho = 1.000
(iter 10) [0.0, -0.4244, 0.1887] = 454.2637, sampling [1.0, 1.4371, -1.1793]. Recommendation = [0.0, -0.4244, 0.1887], Current Cost = 5212.00, Rho = 1.000
(iter 10) [0.0, -0.4244, 0.1887] = 454.2637, sampling [1.0, -1.7990, -0.3680]. Recommendation = [0.0, -0.4244, 0.1887], Current Cost = 5213.00, Rho = 1.000
(iter 10) [0.0, -0.4244, 0.1887] = 454.2637, sampling [1.0, -1.0573, -1.9178]. Recommendation = [0.0, -0.4244, 0.1887], Current Cost = 5214.00, Rho = 1.000
(iter 10) [0.0, -0.4244, 0.1887] = 454.2637, sampling [1.0, -0.7981, -1.8101]. Recommendation = [0.0, -0.4244, 0.1887], Current Cost = 5215.00, Rho = 1.000
(iter 10) [0.0, -0.4244, 0.1887] = 454.2637, sampling [1.0, 1.0922, -1.0752]. Recommendation = [0.0, -0.4244, 0.1887], Current Cost = 5216.00, Rho = 1.000
(iter 10) [0.0, -0.4244, 0.1887] = 454.2637, sampling [1.0, -1.6070, 0.0318]. Recommendation = [0.0, -0.4244, 0.1887], Current Cost = 5217.00, Rho = 1.000
(iter 10) [0.0, -0.4244, 0.1887] = 454.2637, sampling [1.0, -1.4935, -1.2599]. Recommendation = [0.0, -0.4244, 0.1887], Current Cost = 5218.00, Rho = 1.000
(iter 10) [0.0, -0.4244, 0.1887] = 454.2637, sampling [1.0, -1.6908, -0.6895]. Recommendation = [0.0, -0.4244, 0.1887], Current Cost = 5219.00, Rho = 1.000
(iter 10) [0.0, -0.4244, 0.1887] = 454.2637, sampling [1.0, -1.5106, -1.7902]. Recommendation = [0.0, -0.4244, 0.1887], Current Cost = 5220.00, Rho = 1.000
(iter 10) [0.0, -0.4244, 0.1887] = 454.2637, sampling [1.0, 1.8525, -0.5423]. Recommendation = [0.0, -0.4244, 0.1887], Current Cost = 5221.00, Rho = 1.000
(iter 10) [0.0, -0.4244, 0.1887] = 454.2637, sampling [0.0, -0.6224, 0.8762]. Recommendation = [0.0, -0.4244, 0.1887], Current Cost = 5222.00, Rho = 1.000
(iter 10) [0.0, -0.4244, 0.1887] = 454.2637, sampling [1.0, 1.1585, -1.6473]. Recommendation = [0.0, -0.4244, 0.1887], Current Cost = 6222.00, Rho = 1.000
(iter 10) [0.0, -0.4244, 0.1887] = 454.2637, sampling [0.0, 0.1794, 0.3089]. Recommendation = [0.0, -0.4244, 0.1887], Current Cost = 6223.00, Rho = 1.000
(iter 10) [0.0, -0.4244, 0.1887] = 454.2637, sampling [1.0, 0.8405, -1.2991]. Recommendation = [0.0, -0.4244, 0.1887], Current Cost = 7223.00, Rho = 1.000
(iter 10) [0.0, -0.4244, 0.1887] = 454.2637, sampling [0.0, -0.0821, -0.4151]. Recommendation = [0.0, -0.4244, 0.1887], Current Cost = 7224.00, Rho = 1.000
(iter 10) [0.0, -0.4244, 0.1887] = 454.2637, sampling [0.0, -0.8319, -0.0106]. Recommendation = [0.0, -0.4244, 0.1887], Current Cost = 8224.00, Rho = 1.000
(iter 10) [0.0, -0.4244, 0.1887] = 454.2637, sampling [1.0, -1.3249, -1.3960]. Recommendation = [0.0, -0.4244, 0.1887], Current Cost = 9224.00, Rho = 1.000
(iter 10) [0.0, -0.4244, 0.1887] = 454.2637, sampling [0.0, 0.6510, 0.7171]. Recommendation = [0.0, -0.4244, 0.1887], Current Cost = 9225.00, Rho = 1.000
(iter 10) [0.0, -0.4244, 0.1887] = 454.2637, sampling [0.0, -0.0427, 0.7441]. Recommendation = [0.0, -0.4244, 0.1887], Current Cost = 10225.00, Rho = 1.000
(iter 10) [0.0, -0.4244, 0.1887] = 454.2637, sampling [1.0, 1.4886, -0.9871]. Recommendation = [0.0, -0.4244, 0.1887], Current Cost = 11225.00, Rho = 1.000
(iter 10) [0.0, -0.4244, 0.1887] = 454.2637, sampling [0.0, -1.2292, 1.7828]. Recommendation = [0.0, -0.4244, 0.1887], Current Cost = 11226.00, Rho = 1.000
(iter 10) [0.0, -0.4244, 0.1887] = 454.2637, sampling [0.0, -0.6915, 1.4634]. Recommendation = [0.0, -0.4244, 0.1887], Current Cost = 12226.00, Rho = 1.000
(iter 10) [0.0, -0.4244, 0.1887] = 454.2637, sampling [1.0, 1.8368, 0.3971]. Recommendation = [0.0, -0.4244, 0.1887], Current Cost = 13226.00, Rho = 1.000
(iter 10) [0.0, -0.4244, 0.1887] = 454.2637, sampling [0.0, 0.7588, 0.1516]. Recommendation = [0.0, -0.4244, 0.1887], Current Cost = 13227.00, Rho = 1.000
(iter 10) [0.0, -0.4244, 0.1887] = 454.2637, sampling [0.0, 1.2017, 1.3045]. Recommendation = [0.0, -0.4244, 0.1887], Current Cost = 14227.00, Rho = 1.000
(iter 241) [0.0, 1.2017, 1.3045] = 454.3125, sampling [1.0, 1.6367, -0.0962]. Recommendation = [0.0, 1.2017, 1.3045], Current Cost = 15227.00, Rho = 1.000
(iter 241) [0.0, 1.2017, 1.3045] = 454.3125, sampling [0.0, -0.0491, -0.0491]. Recommendation = [0.0, 1.2017, 1.3045], Current Cost = 15228.00, Rho = 1.000
(iter 243) [0.0, -0.0491, -0.0491] = 454.9345, sampling [0.0, 1.2862, 1.8743]. Recommendation = [0.0, -0.0491, -0.0491], Current Cost = 16228.00, Rho = 1.000
(iter 243) [0.0, -0.0491, -0.0491] = 454.9345, sampling [1.0, 1.8707, 0.2814]. Recommendation = [0.0, -0.0491, -0.0491], Current Cost = 17228.00, Rho = 1.000
(iter 243) [0.0, -0.0491, -0.0491] = 454.9345, sampling [0.0, -1.0982, 0.9051]. Recommendation = [0.0, -0.0491, -0.0491], Current Cost = 17229.00, Rho = 1.000
(iter 243) [0.0, -0.0491, -0.0491] = 454.9345, sampling [0.0, 0.9462, 1.1213]. Recommendation = [0.0, -0.0491, -0.0491], Current Cost = 18229.00, Rho = 1.000
(iter 243) [0.0, -0.0491, -0.0491] = 454.9345, sampling [1.0, 1.1866, -1.2733]. Recommendation = [0.0, -0.0491, -0.0491], Current Cost = 19229.00, Rho = 1.000
(iter 243) [0.0, -0.0491, -0.0491] = 454.9345, sampling [0.0, 0.4280, 0.0926]. Recommendation = [0.0, -0.0491, -0.0491], Current Cost = 19230.00, Rho = 1.000
(iter 249) [0.0, 0.4280, 0.0926] = 455.1510, sampling [0.0, -0.5603, -0.3204]. Recommendation = [0.0, 0.4280, 0.0926], Current Cost = 20230.00, Rho = 1.000
(iter 249) [0.0, 0.4280, 0.0926] = 455.1510, sampling [0.0, 0.9096, 0.5242]. Recommendation = [0.0, 0.4280, 0.0926], Current Cost = 21230.00, Rho = 1.000
(iter 249) [0.0, 0.4280, 0.0926] = 455.1510, sampling [0.0, 0.5858, -0.4860]. Recommendation = [0.0, 0.7303, 0.5458], Current Cost = 22230.00, Rho = 1.000
(iter 249) [0.0, 0.4280, 0.0926] = 455.1510, sampling [0.0, -0.4076, -0.8904]. Recommendation = [0.0, 0.7303, 0.5458], Current Cost = 23230.00, Rho = 1.000
(iter 249) [0.0, 0.4280, 0.0926] = 455.1510, sampling [0.0, -0.2838, 0.4439]. Recommendation = [0.0, 0.7303, 0.5458], Current Cost = 24230.00, Rho = 1.000
(iter 249) [0.0, 0.4280, 0.0926] = 455.1510, sampling [0.0, 1.3918, 0.7760]. Recommendation = [0.0, 0.7303, 0.5458], Current Cost = 25230.00, Rho = 1.000
(iter 249) [0.0, 0.4280, 0.0926] = 455.1510, sampling [0.0, 0.4841, 0.9510]. Recommendation = [0.0, 0.7303, 0.5458], Current Cost = 26230.00, Rho = 1.000
(iter 249) [0.0, 0.4280, 0.0926] = 455.1510, sampling [0.0, 0.5406, 0.5006]. Recommendation = [0.0, 0.7303, 0.5458], Current Cost = 27230.00, Rho = 1.000
(iter 249) [0.0, 0.4280, 0.0926] = 455.1510, sampling [0.0, 0.9887, 1.6722]. Recommendation = [0.0, 0.7303, 0.5458], Current Cost = 28230.00, Rho = 1.000
(iter 249) [0.0, 0.4280, 0.0926] = 455.1510, sampling [0.0, -1.1200, 0.2206]. Recommendation = [0.0, 0.7303, 0.5458], Current Cost = 29230.00, Rho = 1.000
(iter 249) [0.0, 0.4280, 0.0926] = 455.1510, sampling [0.0, -1.2991, 1.3545]. Recommendation = [0.0, 0.7303, 0.5458], Current Cost = 30230.00, Rho = 1.000
(iter 249) [0.0, 0.4280, 0.0926] = 455.1510, sampling [0.0, 1.7939, 1.9978]. Recommendation = [0.0, 0.7303, 0.5458], Current Cost = 31230.00, Rho = 1.000
(iter 249) [0.0, 0.4280, 0.0926] = 455.1510, sampling [0.0, 1.4235, 1.3880]. Recommendation = [0.0, 0.7303, 0.5458], Current Cost = 32230.00, Rho = 1.000
(iter 249) [0.0, 0.4280, 0.0926] = 455.1510, sampling [0.0, -0.2326, 1.1428]. Recommendation = [0.0, 0.7303, 0.5458], Current Cost = 33230.00, Rho = 1.000
(iter 249) [0.0, 0.4280, 0.0926] = 455.1510, sampling [0.0, 0.3097, -0.7689]. Recommendation = [0.0, 0.7303, 0.5458], Current Cost = 34230.00, Rho = 1.000
(iter 249) [0.0, 0.4280, 0.0926] = 455.1510, sampling [0.0, 0.2687, 0.6016]. Recommendation = [0.0, 0.7303, 0.5458], Current Cost = 35230.00, Rho = 1.000
(iter 249) [0.0, 0.4280, 0.0926] = 455.1510, sampling [0.0, -0.8521, 0.9693]. Recommendation = [0.0, 0.7303, 0.5458], Current Cost = 36230.00, Rho = 1.000
(iter 249) [0.0, 0.4280, 0.0926] = 455.1510, sampling [0.0, -1.0817, 1.5945]. Recommendation = [0.0, 0.7303, 0.5458], Current Cost = 37230.00, Rho = 1.000
(iter 249) [0.0, 0.4280, 0.0926] = 455.1510, sampling [0.0, -0.1648, 0.1941]. Recommendation = [0.0, 0.7303, 0.5458], Current Cost = 38230.00, Rho = 1.000
(iter 249) [0.0, 0.4280, 0.0926] = 455.1510, sampling [0.0, -0.2223, -0.2010]. Recommendation = [0.0, 0.7303, 0.5458], Current Cost = 39230.00, Rho = 1.000
(iter 249) [0.0, 0.4280, 0.0926] = 455.1510, sampling [0.0, 0.8046, 0.8595]. Recommendation = [0.0, 0.7303, 0.5458], Current Cost = 40230.00, Rho = 1.000
(iter 249) [0.0, 0.4280, 0.0926] = 455.1510, sampling [0.0, -1.2415, 0.6105]. Recommendation = [0.0, 0.7303, 0.5458], Current Cost = 41230.00, Rho = 1.000
(iter 249) [0.0, 0.4280, 0.0926] = 455.1510, sampling [0.0, -0.8420, 1.9603]. Recommendation = [0.0, 0.7303, 0.5458], Current Cost = 42230.00, Rho = 1.000
(iter 249) [0.0, 0.4280, 0.0926] = 455.1510, sampling [1.0, 0.8913, -1.8604]. Recommendation = [0.0, 0.7303, 0.5458], Current Cost = 43230.00, Rho = 1.000
(iter 249) [0.0, 0.4280, 0.0926] = 455.1510, sampling [0.0, 0.8734, -0.0767]. Recommendation = [0.0, 0.7303, 0.5458], Current Cost = 43231.00, Rho = 1.000
(iter 249) [0.0, 0.4280, 0.0926] = 455.1510, sampling [0.0, 1.0535, 1.4078]. Recommendation = [0.0, 0.7303, 0.5458], Current Cost = 44231.00, Rho = 1.000
(iter 249) [0.0, 0.4280, 0.0926] = 455.1510, sampling [0.0, -0.8645, -0.4591]. Recommendation = [0.0, 0.7303, 0.5458], Current Cost = 45231.00, Rho = 1.000
(iter 249) [0.0, 0.4280, 0.0926] = 455.1510, sampling [0.0, -0.3043, -0.6606]. Recommendation = [0.0, 0.7303, 0.5458], Current Cost = 46231.00, Rho = 1.000
(iter 249) [0.0, 0.4280, 0.0926] = 455.1510, sampling [0.0, 0.3624, 1.2239]. Recommendation = [0.0, 0.7303, 0.5458], Current Cost = 47231.00, Rho = 1.000
(iter 249) [0.0, 0.4280, 0.0926] = 455.1510, sampling [0.0, 0.9262, 0.2934]. Recommendation = [0.0, 0.7303, 0.5458], Current Cost = 48231.00, Rho = 1.000
(iter 249) [0.0, 0.4280, 0.0926] = 455.1510, sampling [0.0, 0.0259, 0.0697]. Recommendation = [0.0, 0.7303, 0.5458], Current Cost = 49231.00, Rho = 1.000
(iter 249) [0.0, 0.4280, 0.0926] = 455.1510, sampling [0.0, -0.1294, -1.0408]. Recommendation = [0.0, 0.7303, 0.5458], Current Cost = 50231.00, Rho = 1.000
(iter 249) [0.0, 0.4280, 0.0926] = 455.1510, sampling [0.0, 0.0917, 0.4728]. Recommendation = [0.0, 0.7303, 0.5458], Current Cost = 51231.00, Rho = 1.000
(iter 249) [0.0, 0.4280, 0.0926] = 455.1510, sampling [0.0, 0.7303, 0.5458]. Recommendation = [0.0, 0.7303, 0.5458], Current Cost = 52231.00, Rho = 1.000
(iter 283) [0.0, 0.7303, 0.5458] = 456.2117, sampling [0.0, -0.6483, -0.1278]. Recommendation = [0.0, 0.7303, 0.5458], Current Cost = 53231.00, Rho = 1.000
(iter 283) [0.0, 0.7303, 0.5458] = 456.2117, sampling [0.0, -1.4495, 1.4258]. Recommendation = [0.0, 0.7303, 0.5458], Current Cost = 54231.00, Rho = 1.000
(iter 283) [0.0, 0.7303, 0.5458] = 456.2117, sampling [0.0, 1.7089, 1.6438]. Recommendation = [0.0, 0.7303, 0.5458], Current Cost = 55231.00, Rho = 1.000
(iter 283) [0.0, 0.7303, 0.5458] = 456.2117, sampling [0.0, 1.0690, 1.8705]. Recommendation = [0.0, 0.7303, 0.5458], Current Cost = 56231.00, Rho = 1.000
(iter 283) [0.0, 0.7303, 0.5458] = 456.2117, sampling [0.0, 0.7776, 1.5435]. Recommendation = [0.0, 0.7303, 0.5458], Current Cost = 57231.00, Rho = 1.000
(iter 283) [0.0, 0.7303, 0.5458] = 456.2117, sampling [1.0, -1.5272, -1.5255]. Recommendation = [0.0, 0.7303, 0.5458], Current Cost = 58231.00, Rho = 1.000
(iter 283) [0.0, 0.7303, 0.5458] = 456.2117, sampling [0.0, 0.6308, 1.0293]. Recommendation = [0.0, 0.7303, 0.5458], Current Cost = 58232.00, Rho = 1.000
(iter 283) [0.0, 0.7303, 0.5458] = 456.2117, sampling [0.0, 0.3828, 0.7846]. Recommendation = [0.0, 0.7303, 0.5458], Current Cost = 59232.00, Rho = 1.000
(iter 283) [0.0, 0.7303, 0.5458] = 456.2117, sampling [0.0, -0.2704, 0.1359]. Recommendation = [0.0, 0.7303, 0.5458], Current Cost = 60232.00, Rho = 1.000
(iter 283) [0.0, 0.7303, 0.5458] = 456.2117, sampling [0.0, 1.3310, 1.7936]. Recommendation = [0.0, 0.7303, 0.5458], Current Cost = 61232.00, Rho = 1.000
(iter 283) [0.0, 0.7303, 0.5458] = 456.2117, sampling [0.0, -0.1791, 1.5798]. Recommendation = [0.0, 0.7303, 0.5458], Current Cost = 62232.00, Rho = 1.000
(iter 283) [0.0, 0.7303, 0.5458] = 456.2117, sampling [0.0, 0.0053, -0.3821]. Recommendation = [0.0, 0.7303, 0.5458], Current Cost = 63232.00, Rho = 1.000
(iter 283) [0.0, 0.7303, 0.5458] = 456.2117, sampling [0.0, -0.4512, -1.5117]. Recommendation = [0.0, 0.7303, 0.5458], Current Cost = 64232.00, Rho = 1.000
(iter 283) [0.0, 0.7303, 0.5458] = 456.2117, sampling [0.0, 1.5044, 1.1973]. Recommendation = [0.0, 0.7303, 0.5458], Current Cost = 65232.00, Rho = 1.000
(iter 283) [0.0, 0.7303, 0.5458] = 456.2117, sampling [0.0, 0.0613, 1.0540]. Recommendation = [0.0, 0.7303, 0.5458], Current Cost = 66232.00, Rho = 1.000
(iter 283) [0.0, 0.7303, 0.5458] = 456.2117, sampling [0.0, 1.2570, 1.9784]. Recommendation = [0.0, 0.7303, 0.5458], Current Cost = 67232.00, Rho = 1.000
(iter 283) [0.0, 0.7303, 0.5458] = 456.2117, sampling [0.0, 1.0281, 1.1754]. Recommendation = [0.0, 0.7303, 0.5458], Current Cost = 68232.00, Rho = 1.000
(iter 283) [0.0, 0.7303, 0.5458] = 456.2117, sampling [0.0, 1.3263, 0.1690]. Recommendation = [0.0, 0.7303, 0.5458], Current Cost = 69232.00, Rho = 1.000
(iter 283) [0.0, 0.7303, 0.5458] = 456.2117, sampling [0.0, -1.2956, 1.0611]. Recommendation = [0.0, 0.7303, 0.5458], Current Cost = 70232.00, Rho = 1.000
(iter 283) [0.0, 0.7303, 0.5458] = 456.2117, sampling [0.0, -0.9487, 0.9850]. Recommendation = [0.0, 0.7303, 0.5458], Current Cost = 71232.00, Rho = 1.000
(iter 283) [0.0, 0.7303, 0.5458] = 456.2117, sampling [0.0, -0.2551, -0.2962]. Recommendation = [0.0, 0.7303, 0.5458], Current Cost = 72232.00, Rho = 1.000
(iter 283) [0.0, 0.7303, 0.5458] = 456.2117, sampling [0.0, -0.7363, -0.8513]. Recommendation = [0.0, 0.7303, 0.5458], Current Cost = 73232.00, Rho = 1.000
(iter 283) [0.0, 0.7303, 0.5458] = 456.2117, sampling [0.0, -0.4808, 1.2929]. Recommendation = [0.0, 0.7303, 0.5458], Current Cost = 74232.00, Rho = 1.000
(iter 283) [0.0, 0.7303, 0.5458] = 456.2117, sampling [0.0, -1.1814, 0.7599]. Recommendation = [0.0, 0.7303, 0.5458], Current Cost = 75232.00, Rho = 1.000
(iter 283) [0.0, 0.7303, 0.5458] = 456.2117, sampling [0.0, -0.1476, 0.8302]. Recommendation = [0.0, 0.7303, 0.5458], Current Cost = 76232.00, Rho = 1.000
(iter 283) [0.0, 0.7303, 0.5458] = 456.2117, sampling [0.0, -1.4851, 0.8140]. Recommendation = [0.0, 0.7303, 0.5458], Current Cost = 77232.00, Rho = 1.000
(iter 283) [0.0, 0.7303, 0.5458] = 456.2117, sampling [0.0, 0.5445, -0.7300]. Recommendation = [0.0, 0.7303, 0.5458], Current Cost = 78232.00, Rho = 1.000
(iter 283) [0.0, 0.7303, 0.5458] = 456.2117, sampling [0.0, 1.2970, 1.3244]. Recommendation = [0.0, 0.7303, 0.5458], Current Cost = 79232.00, Rho = 1.000
(iter 283) [0.0, 0.7303, 0.5458] = 456.2117, sampling [0.0, -0.9119, -0.1440]. Recommendation = [0.0, 0.7303, 0.5458], Current Cost = 80232.00, Rho = 1.000
(iter 283) [0.0, 0.7303, 0.5458] = 456.2117, sampling [0.0, 0.9310, -0.2532]. Recommendation = [0.0, 0.7303, 0.5458], Current Cost = 81232.00, Rho = 1.000
(iter 283) [0.0, 0.7303, 0.5458] = 456.2117, sampling [1.0, 1.9253, -1.0615]. Recommendation = [0.0, 0.7303, 0.5458], Current Cost = 82232.00, Rho = 1.000
(iter 283) [0.0, 0.7303, 0.5458] = 456.2117, sampling [0.0, -1.1477, 1.7466]. Recommendation = [0.0, 0.7303, 0.5458], Current Cost = 82233.00, Rho = 1.000
(iter 283) [0.0, 0.7303, 0.5458] = 456.2117, sampling [0.0, -0.2945, 0.3753]. Recommendation = [0.0, 0.7303, 0.5458], Current Cost = 83233.00, Rho = 1.000
(iter 283) [0.0, 0.7303, 0.5458] = 456.2117, sampling [0.0, 0.2324, 0.7021]. Recommendation = [0.0, 0.7303, 0.5458], Current Cost = 84233.00, Rho = 1.000
(iter 283) [0.0, 0.7303, 0.5458] = 456.2117, sampling [0.0, 0.1375, 0.2607]. Recommendation = [0.0, 0.7303, 0.5458], Current Cost = 85233.00, Rho = 1.000
(iter 283) [0.0, 0.7303, 0.5458] = 456.2117, sampling [0.0, 0.5045, 1.4235]. Recommendation = [0.0, 0.7303, 0.5458], Current Cost = 86233.00, Rho = 1.000
(iter 283) [0.0, 0.7303, 0.5458] = 456.2117, sampling [0.0, 0.0689, -1.2447]. Recommendation = [0.0, 0.7303, 0.5458], Current Cost = 87233.00, Rho = 1.000
(iter 283) [0.0, 0.7303, 0.5458] = 456.2117, sampling [0.0, -1.3452, -0.1671]. Recommendation = [0.0, 0.7303, 0.5458], Current Cost = 88233.00, Rho = 1.000
(iter 283) [0.0, 0.7303, 0.5458] = 456.2117, sampling [0.0, -0.4455, 1.9041]. Recommendation = [0.0, 0.7303, 0.5458], Current Cost = 89233.00, Rho = 1.000
(iter 283) [0.0, 0.7303, 0.5458] = 456.2117, sampling [0.0, -0.7091, -0.5050]. Recommendation = [0.0, 0.7303, 0.5458], Current Cost = 90233.00, Rho = 1.000
(iter 283) [0.0, 0.7303, 0.5458] = 456.2117, sampling [0.0, 0.8585, 0.2557]. Recommendation = [0.0, 0.7303, 0.5458], Current Cost = 91233.00, Rho = 1.000
(iter 283) [0.0, 0.7303, 0.5458] = 456.2117, sampling [0.0, 0.4023, -0.9285]. Recommendation = [0.0, 0.7303, 0.5458], Current Cost = 92233.00, Rho = 1.000
(iter 283) [0.0, 0.7303, 0.5458] = 456.2117, sampling [0.0, 0.7433, -0.5884]. Recommendation = [0.0, 0.7303, 0.5458], Current Cost = 93233.00, Rho = 1.000
(iter 283) [0.0, 0.7303, 0.5458] = 456.2117, sampling [0.0, 0.0349, 0.8857]. Recommendation = [0.0, 0.7303, 0.5458], Current Cost = 94233.00, Rho = 1.000
(iter 283) [0.0, 0.7303, 0.5458] = 456.2117, sampling [0.0, 1.3757, 0.4552]. Recommendation = [0.0, 0.7303, 0.5458], Current Cost = 95233.00, Rho = 1.000
(iter 283) [0.0, 0.7303, 0.5458] = 456.2117, sampling [0.0, -1.8159, 1.2508]. Recommendation = [0.0, 0.7303, 0.5458], Current Cost = 96233.00, Rho = 1.000
(iter 283) [0.0, 0.7303, 0.5458] = 456.2117, sampling [0.0, 1.5307, 0.9999]. Recommendation = [0.0, 0.7303, 0.5458], Current Cost = 97233.00, Rho = 1.000
(iter 283) [0.0, 0.7303, 0.5458] = 456.2117, sampling [0.0, 0.1175, -1.6288]. Recommendation = [0.0, 0.7303, 0.5458], Current Cost = 98233.00, Rho = 1.000
(iter 283) [0.0, 0.7303, 0.5458] = 456.2117, sampling [1.0, 1.1396, -1.9001]. Recommendation = [0.0, 0.7303, 0.5458], Current Cost = 99233.00, Rho = 1.000
(iter 283) [0.0, 0.7303, 0.5458] = 456.2117, sampling [0.0, 0.2429, 1.3677]. Recommendation = [0.0, 0.7303, 0.5458], Current Cost = 99234.00, Rho = 1.000
