(iter 10) [0.0, -0.4574, 0.3062] = 453.2357, sampling [1.0, 0.2427, 0.3483]. Recommendation = [0.0, -0.1594, 0.2127], Current Cost = 5005.00, Rho = 1.000
(iter 10) [0.0, -0.4574, 0.3062] = 453.2357, sampling [1.0, 0.1703, 1.2377]. Recommendation = [0.0, -0.1594, 0.2127], Current Cost = 5006.00, Rho = 1.000
(iter 10) [0.0, -0.4574, 0.3062] = 453.2357, sampling [1.0, 0.1932, -0.0956]. Recommendation = [0.0, -0.1594, 0.2127], Current Cost = 5007.00, Rho = 1.000
(iter 10) [0.0, -0.4574, 0.3062] = 453.2357, sampling [1.0, 0.7619, -0.2235]. Recommendation = [0.0, -0.1594, 0.2127], Current Cost = 5008.00, Rho = 1.000
(iter 10) [0.0, -0.4574, 0.3062] = 453.2357, sampling [1.0, 0.5866, 0.5809]. Recommendation = [0.0, -0.1594, 0.2127], Current Cost = 5009.00, Rho = 1.000
(iter 10) [0.0, -0.4574, 0.3062] = 453.2357, sampling [1.0, -0.1594, 0.2127]. Recommendation = [0.0, -0.1594, 0.2127], Current Cost = 5010.00, Rho = 1.000
(iter 10) [0.0, -0.4574, 0.3062] = 453.2357, sampling [1.0, 0.0372, 0.6038]. Recommendation = [0.0, 0.1406, 0.1115], Current Cost = 5011.00, Rho = 1.000
(iter 10) [0.0, -0.4574, 0.3062] = 453.2357, sampling [1.0, 1.7979, -0.2546]. Recommendation = [0.0, 0.1406, 0.1115], Current Cost = 5012.00, Rho = 1.000
(iter 10) [0.0, -0.4574, 0.3062] = 453.2357, sampling [1.0, 0.8258, 0.7859]. Recommendation = [0.0, 0.1406, 0.1115], Current Cost = 5013.00, Rho = 1.000
(iter 10) [0.0, -0.4574, 0.3062] = 453.2357, sampling [1.0, 0.4553, -0.0577]. Recommendation = [0.0, 0.1406, 0.1115], Current Cost = 5014.00, Rho = 1.000
(iter 10) [0.0, -0.4574, 0.3062] = 453.2357, sampling [1.0, -0.3468, -0.1051]. Recommendation = [0.0, 0.1406, 0.1115], Current Cost = 5015.00, Rho = 1.000
(iter 10) [0.0, -0.4574, 0.3062] = 453.2357, sampling [1.0, 0.8703, 1.2565]. Recommendation = [0.0, 0.1406, 0.1115], Current Cost = 5016.00, Rho = 1.000
(iter 10) [0.0, -0.4574, 0.3062] = 453.2357, sampling [1.0, 0.3940, 1.9598]. Recommendation = [0.0, 0.1406, 0.1115], Current Cost = 5017.00, Rho = 1.000
(iter 10) [0.0, -0.4574, 0.3062] = 453.2357, sampling [1.0, 0.3081, 0.8677]. Recommendation = [0.0, 0.1406, 0.1115], Current Cost = 5018.00, Rho = 1.000
(iter 10) [0.0, -0.4574, 0.3062] = 453.2357, sampling [1.0, 0.1406, 0.1115]. Recommendation = [0.0, 0.1406, 0.1115], Current Cost = 5019.00, Rho = 1.000
(iter 10) [0.0, -0.4574, 0.3062] = 453.2357, sampling [1.0, -0.2996, 0.5537]. Recommendation = [0.0, 0.7761, 0.7688], Current Cost = 5020.00, Rho = 1.000
(iter 10) [0.0, -0.4574, 0.3062] = 453.2357, sampling [1.0, 1.0711, 1.0273]. Recommendation = [0.0, 0.7761, 0.7688], Current Cost = 5021.00, Rho = 1.000
(iter 10) [0.0, -0.4574, 0.3062] = 453.2357, sampling [1.0, 0.4002, 0.5013]. Recommendation = [0.0, 1.0059, 1.0489], Current Cost = 5022.00, Rho = 1.000
(iter 10) [0.0, -0.4574, 0.3062] = 453.2357, sampling [1.0, 1.0101, 0.8013]. Recommendation = [0.0, 1.0059, 1.0489], Current Cost = 5023.00, Rho = 1.000
(iter 10) [0.0, -0.4574, 0.3062] = 453.2357, sampling [1.0, -0.6345, 0.8378]. Recommendation = [0.0, 1.0059, 1.0489], Current Cost = 5024.00, Rho = 1.000
(iter 10) [0.0, -0.4574, 0.3062] = 453.2357, sampling [1.0, -0.6444, 1.3747]. Recommendation = [0.0, 1.0059, 1.0489], Current Cost = 5025.00, Rho = 1.000
(iter 10) [0.0, -0.4574, 0.3062] = 453.2357, sampling [1.0, -0.0774, 0.9359]. Recommendation = [0.0, 1.0059, 1.0489], Current Cost = 5026.00, Rho = 1.000
(iter 10) [0.0, -0.4574, 0.3062] = 453.2357, sampling [1.0, -0.6715, 0.5332]. Recommendation = [0.0, 1.0059, 1.0489], Current Cost = 5027.00, Rho = 1.000
(iter 10) [0.0, -0.4574, 0.3062] = 453.2357, sampling [1.0, -0.5087, 0.0904]. Recommendation = [0.0, 1.0059, 1.0489], Current Cost = 5028.00, Rho = 1.000
(iter 10) [0.0, -0.4574, 0.3062] = 453.2357, sampling [1.0, -1.2172, 1.7884]. Recommendation = [0.0, 1.0059, 1.0489], Current Cost = 5029.00, Rho = 1.000
(iter 10) [0.0, -0.4574, 0.3062] = 453.2357, sampling [1.0, -1.2059, 1.3324]. Recommendation = [0.0, 1.0059, 1.0489], Current Cost = 5030.00, Rho = 1.000
(iter 10) [0.0, -0.4574, 0.3062] = 453.2357, sampling [1.0, -0.7486, 1.9383]. Recommendation = [0.0, 1.0059, 1.0489], Current Cost = 5031.00, Rho = 1.000
(iter 10) [0.0, -0.4574, 0.3062] = 453.2357, sampling [1.0, -1.0699, 0.9538]. Recommendation = [0.0, 1.0059, 1.0489], Current Cost = 5032.00, Rho = 1.000
(iter 10) [0.0, -0.4574, 0.3062] = 453.2357, sampling [1.0, -1.9758, 1.8095]. Recommendation = [0.0, 1.0059, 1.0489], Current Cost = 5033.00, Rho = 1.000
(iter 10) [0.0, -0.4574, 0.3062] = 453.2357, sampling [1.0, -0.9122, 1.2025]. Recommendation = [0.0, 1.0059, 1.0489], Current Cost = 5034.00, Rho = 1.000
(iter 10) [0.0, -0.4574, 0.3062] = 453.2357, sampling [1.0, -0.7833, 0.7205]. Recommendation = [0.0, 1.0059, 1.0489], Current Cost = 5035.00, Rho = 1.000
(iter 10) [0.0, -0.4574, 0.3062] = 453.2357, sampling [1.0, -1.2335, 1.5911]. Recommendation = [0.0, 1.0059, 1.0489], Current Cost = 5036.00, Rho = 1.000
(iter 10) [0.0, -0.4574, 0.3062] = 453.2357, sampling [1.0, -0.9343, 0.4857]. Recommendation = [0.0, 1.0059, 1.0489], Current Cost = 5037.00, Rho = 1.000
(iter 10) [0.0, -0.4574, 0.3062] = 453.2357, sampling [1.0, -0.6868, 0.3712]. Recommendation = [0.0, 1.0059, 1.0489], Current Cost = 5038.00, Rho = 1.000
(iter 10) [0.0, -0.4574, 0.3062] = 453.2357, sampling [1.0, 0.7073, 1.1966]. Recommendation = [0.0, 1.0059, 1.0489], Current Cost = 5039.00, Rho = 1.000
(iter 10) [0.0, -0.4574, 0.3062] = 453.2357, sampling [1.0, -1.1942, 1.0570]. Recommendation = [0.0, 1.0059, 1.0489], Current Cost = 5040.00, Rho = 1.000
(iter 10) [0.0, -0.4574, 0.3062] = 453.2357, sampling [1.0, -0.3053, 0.4133]. Recommendation = [0.0, 1.0059, 1.0489], Current Cost = 5041.00, Rho = 1.000
(iter 10) [0.0, -0.4574, 0.3062] = 453.2357, sampling [1.0, 0.9744, 1.0981]. Recommendation = [0.0, 1.0059, 1.0489], Current Cost = 5042.00, Rho = 1.000
(iter 10) [0.0, -0.4574, 0.3062] = 453.2357, sampling [1.0, -1.1432, 0.6496]. Recommendation = [0.0, 1.0059, 1.0489], Current Cost = 5043.00, Rho = 1.000
(iter 10) [0.0, -0.4574, 0.3062] = 453.2357, sampling [1.0, 0.5668, 0.6806]. Recommendation = [0.0, 1.0059, 1.0489], Current Cost = 5044.00, Rho = 1.000
(iter 10) [0.0, -0.4574, 0.3062] = 453.2357, sampling [1.0, -0.9455, 1.3084]. Recommendation = [0.0, 1.0059, 1.0489], Current Cost = 5045.00, Rho = 1.000
(iter 10) [0.0, -0.4574, 0.3062] = 453.2357, sampling [1.0, -1.0935, 1.7427]. Recommendation = [0.0, 1.0059, 1.0489], Current Cost = 5046.00, Rho = 1.000
(iter 10) [0.0, -0.4574, 0.3062] = 453.2357, sampling [1.0, -1.4290, 1.2317]. Recommendation = [0.0, 1.0059, 1.0489], Current Cost = 5047.00, Rho = 1.000
(iter 10) [0.0, -0.4574, 0.3062] = 453.2357, sampling [1.0, 1.1567, 1.6593]. Recommendation = [0.0, 1.0059, 1.0489], Current Cost = 5048.00, Rho = 1.000
(iter 10) [0.0, -0.4574, 0.3062] = 453.2357, sampling [1.0, 1.3676, 1.1240]. Recommendation = [0.0, 1.0059, 1.0489], Current Cost = 5049.00, Rho = 1.000
(iter 10) [0.0, -0.4574, 0.3062] = 453.2357, sampling [1.0, 0.7209, 1.5077]. Recommendation = [0.0, 1.0059, 1.0489], Current Cost = 5050.00, Rho = 1.000
(iter 10) [0.0, -0.4574, 0.3062] = 453.2357, sampling [1.0, 1.1931, 1.9146]. Recommendation = [0.0, 1.0059, 1.0489], Current Cost = 5051.00, Rho = 1.000
(iter 10) [0.0, -0.4574, 0.3062] = 453.2357, sampling [1.0, 1.2258, 0.9941]. Recommendation = [0.0, 1.0059, 1.0489], Current Cost = 5052.00, Rho = 1.000
(iter 10) [0.0, -0.4574, 0.3062] = 453.2357, sampling [1.0, -0.6014, 0.4383]. Recommendation = [0.0, 1.0059, 1.0489], Current Cost = 5053.00, Rho = 1.000
(iter 10) [0.0, -0.4574, 0.3062] = 453.2357, sampling [1.0, 0.3786, -0.4389]. Recommendation = [0.0, 1.0059, 1.0489], Current Cost = 5054.00, Rho = 1.000
(iter 10) [0.0, -0.4574, 0.3062] = 453.2357, sampling [1.0, 0.8916, 1.7522]. Recommendation = [0.0, 1.0059, 1.0489], Current Cost = 5055.00, Rho = 1.000
(iter 10) [0.0, -0.4574, 0.3062] = 453.2357, sampling [1.0, 0.2108, -0.1650]. Recommendation = [0.0, 1.0059, 1.0489], Current Cost = 5056.00, Rho = 1.000
(iter 10) [0.0, -0.4574, 0.3062] = 453.2357, sampling [1.0, -0.6229, 0.0156]. Recommendation = [0.0, 1.0059, 1.0489], Current Cost = 5057.00, Rho = 1.000
(iter 10) [0.0, -0.4574, 0.3062] = 453.2357, sampling [1.0, -0.4073, 0.4621]. Recommendation = [0.0, 1.0059, 1.0489], Current Cost = 5058.00, Rho = 1.000
(iter 10) [0.0, -0.4574, 0.3062] = 453.2357, sampling [1.0, -0.8770, 0.1498]. Recommendation = [0.0, 1.0059, 1.0489], Current Cost = 5059.00, Rho = 1.000
(iter 10) [0.0, -0.4574, 0.3062] = 453.2357, sampling [1.0, -1.1600, 0.8604]. Recommendation = [0.0, 1.0059, 1.0489], Current Cost = 5060.00, Rho = 1.000
(iter 10) [0.0, -0.4574, 0.3062] = 453.2357, sampling [1.0, -0.8471, 0.4756]. Recommendation = [0.0, 1.0059, 1.0489], Current Cost = 5061.00, Rho = 1.000
(iter 10) [0.0, -0.4574, 0.3062] = 453.2357, sampling [1.0, -1.3925, 1.6138]. Recommendation = [0.0, 1.0059, 1.0489], Current Cost = 5062.00, Rho = 1.000
(iter 10) [0.0, -0.4574, 0.3062] = 453.2357, sampling [1.0, -1.4207, 1.4399]. Recommendation = [0.0, 1.0059, 1.0489], Current Cost = 5063.00, Rho = 1.000
(iter 10) [0.0, -0.4574, 0.3062] = 453.2357, sampling [1.0, -0.7001, 0.7185]. Recommendation = [0.0, 1.0059, 1.0489], Current Cost = 5064.00, Rho = 1.000
(iter 10) [0.0, -0.4574, 0.3062] = 453.2357, sampling [1.0, -0.1041, 0.2315]. Recommendation = [0.0, 1.0059, 1.0489], Current Cost = 5065.00, Rho = 1.000
(iter 10) [0.0, -0.4574, 0.3062] = 453.2357, sampling [1.0, 0.7761, 0.7688]. Recommendation = [0.0, 1.0059, 1.0489], Current Cost = 5066.00, Rho = 1.000
(iter 10) [0.0, -0.4574, 0.3062] = 453.2357, sampling [1.0, 0.4252, 1.1674]. Recommendation = [0.0, 1.0059, 1.0489], Current Cost = 5067.00, Rho = 1.000
(iter 10) [0.0, -0.4574, 0.3062] = 453.2357, sampling [1.0, 1.0465, 1.8920]. Recommendation = [0.0, 1.0059, 1.0489], Current Cost = 5068.00, Rho = 1.000
(iter 10) [0.0, -0.4574, 0.3062] = 453.2357, sampling [1.0, -1.3827, 0.7594]. Recommendation = [0.0, 1.0059, 1.0489], Current Cost = 5069.00, Rho = 1.000
(iter 10) [0.0, -0.4574, 0.3062] = 453.2357, sampling [1.0, -0.3909, 1.6670]. Recommendation = [0.0, 1.0059, 1.0489], Current Cost = 5070.00, Rho = 1.000
(iter 10) [0.0, -0.4574, 0.3062] = 453.2357, sampling [1.0, -0.9873, 0.4181]. Recommendation = [0.0, 1.0059, 1.0489], Current Cost = 5071.00, Rho = 1.000
(iter 10) [0.0, -0.4574, 0.3062] = 453.2357, sampling [1.0, 0.2593, -0.6134]. Recommendation = [0.0, 1.0059, 1.0489], Current Cost = 5072.00, Rho = 1.000
(iter 10) [0.0, -0.4574, 0.3062] = 453.2357, sampling [1.0, -0.0258, -0.7064]. Recommendation = [0.0, 1.0059, 1.0489], Current Cost = 5073.00, Rho = 1.000
(iter 10) [0.0, -0.4574, 0.3062] = 453.2357, sampling [1.0, -0.3575, -0.5779]. Recommendation = [0.0, 1.0059, 1.0489], Current Cost = 5074.00, Rho = 1.000
(iter 10) [0.0, -0.4574, 0.3062] = 453.2357, sampling [1.0, -0.7555, -0.1445]. Recommendation = [0.0, 1.0059, 1.0489], Current Cost = 5075.00, Rho = 1.000
(iter 10) [0.0, -0.4574, 0.3062] = 453.2357, sampling [1.0, 1.0059, 1.0489]. Recommendation = [0.0, 1.0059, 1.0489], Current Cost = 5076.00, Rho = 1.000
(iter 10) [0.0, -0.4574, 0.3062] = 453.2357, sampling [1.0, 0.5010, -0.4826]. Recommendation = [0.0, 1.0059, 1.0489], Current Cost = 5077.00, Rho = 1.000
(iter 10) [0.0, -0.4574, 0.3062] = 453.2357, sampling [1.0, 0.8102, 1.3920]. Recommendation = [0.0, 1.0059, 1.0489], Current Cost = 5078.00, Rho = 1.000
(iter 10) [0.0, -0.4574, 0.3062] = 453.2357, sampling [1.0, 0.0765, 0.8858]. Recommendation = [0.0, 1.0059, 1.0489], Current Cost = 5079.00, Rho = 1.000
(iter 10) [0.0, -0.4574, 0.3062] = 453.2357, sampling [1.0, 1.5361, 1.4083]. Recommendation = [0.0, 1.0059, 1.0489], Current Cost = 5080.00, Rho = 1.000
(iter 10) [0.0, -0.4574, 0.3062] = 453.2357, sampling [1.0, 1.6630, 1.8072]. Recommendation = [0.0, 1.0059, 1.0489], Current Cost = 5081.00, Rho = 1.000
(iter 10) [0.0, -0.4574, 0.3062] = 453.2357, sampling [1.0, -1.1714, 0.9255]. Recommendation = [0.0, 1.0059, 1.0489], Current Cost = 5082.00, Rho = 1.000
(iter 10) [0.0, -0.4574, 0.3062] = 453.2357, sampling [1.0, 0.3288, -0.5492]. Recommendation = [0.0, 1.0059, 1.0489], Current Cost = 5083.00, Rho = 1.000
(iter 10) [0.0, -0.4574, 0.3062] = 453.2357, sampling [1.0, -1.1197, 0.1414]. Recommendation = [0.0, 1.0059, 1.0489], Current Cost = 5084.00, Rho = 1.000
(iter 10) [0.0, -0.4574, 0.3062] = 453.2357, sampling [1.0, 0.5262, -0.7388]. Recommendation = [0.0, 1.0059, 1.0489], Current Cost = 5085.00, Rho = 1.000
(iter 10) [0.0, -0.4574, 0.3062] = 453.2357, sampling [1.0, 0.2980, 1.0170]. Recommendation = [0.0, 1.0059, 1.0489], Current Cost = 5086.00, Rho = 1.000
(iter 10) [0.0, -0.4574, 0.3062] = 453.2357, sampling [1.0, 0.5436, 1.2738]. Recommendation = [0.0, 1.0059, 1.0489], Current Cost = 5087.00, Rho = 1.000
(iter 10) [0.0, -0.4574, 0.3062] = 453.2357, sampling [1.0, -1.7277, 0.9735]. Recommendation = [0.0, 1.0059, 1.0489], Current Cost = 5088.00, Rho = 1.000
(iter 10) [0.0, -0.4574, 0.3062] = 453.2357, sampling [1.0, -0.7042, -0.3985]. Recommendation = [0.0, 1.0059, 1.0489], Current Cost = 5089.00, Rho = 1.000
(iter 10) [0.0, -0.4574, 0.3062] = 453.2357, sampling [1.0, 0.0018, -0.9604]. Recommendation = [0.0, 1.0059, 1.0489], Current Cost = 5090.00, Rho = 1.000
(iter 10) [0.0, -0.4574, 0.3062] = 453.2357, sampling [1.0, 0.3636, -1.0361]. Recommendation = [0.0, 1.0059, 1.0489], Current Cost = 5091.00, Rho = 1.000
(iter 10) [0.0, -0.4574, 0.3062] = 453.2357, sampling [1.0, 0.3385, -0.6617]. Recommendation = [0.0, 1.0059, 1.0489], Current Cost = 5092.00, Rho = 1.000
(iter 10) [0.0, -0.4574, 0.3062] = 453.2357, sampling [1.0, 1.6088, 0.8267]. Recommendation = [0.0, 1.0059, 1.0489], Current Cost = 5093.00, Rho = 1.000
(iter 10) [0.0, -0.4574, 0.3062] = 453.2357, sampling [1.0, -0.9956, 0.0329]. Recommendation = [0.0, 1.0059, 1.0489], Current Cost = 5094.00, Rho = 1.000
(iter 10) [0.0, -0.4574, 0.3062] = 453.2357, sampling [1.0, 0.4779, 1.5457]. Recommendation = [0.0, 1.0059, 1.0489], Current Cost = 5095.00, Rho = 1.000
(iter 10) [0.0, -0.4574, 0.3062] = 453.2357, sampling [1.0, -0.4349, -0.7608]. Recommendation = [0.0, 1.0059, 1.0489], Current Cost = 5096.00, Rho = 1.000
(iter 10) [0.0, -0.4574, 0.3062] = 453.2357, sampling [1.0, -0.1994, 1.9810]. Recommendation = [0.0, 1.0059, 1.0489], Current Cost = 5097.00, Rho = 1.000
(iter 10) [0.0, -0.4574, 0.3062] = 453.2357, sampling [1.0, 1.0776, -0.0003]. Recommendation = [0.0, 1.0059, 1.0489], Current Cost = 5098.00, Rho = 1.000
(iter 10) [0.0, -0.4574, 0.3062] = 453.2357, sampling [1.0, -0.1292, -0.9778]. Recommendation = [0.0, 1.0059, 1.0489], Current Cost = 5099.00, Rho = 1.000
(iter 10) [0.0, -0.4574, 0.3062] = 453.2357, sampling [1.0, 0.9049, -0.3517]. Recommendation = [0.0, 1.0059, 1.0489], Current Cost = 5100.00, Rho = 1.000
(iter 10) [0.0, -0.4574, 0.3062] = 453.2357, sampling [1.0, 0.7434, -0.8238]. Recommendation = [0.0, 1.0059, 1.0489], Current Cost = 5101.00, Rho = 1.000
(iter 10) [0.0, -0.4574, 0.3062] = 453.2357, sampling [1.0, -1.3132, 0.6224]. Recommendation = [0.0, 1.0059, 1.0489], Current Cost = 5102.00, Rho = 1.000
(iter 10) [0.0, -0.4574, 0.3062] = 453.2357, sampling [1.0, 0.6584, -1.4186]. Recommendation = [0.0, 1.0059, 1.0489], Current Cost = 5103.00, Rho = 1.000
(iter 10) [0.0, -0.4574, 0.3062] = 453.2357, sampling [1.0, -0.8125, -0.1923]. Recommendation = [0.0, 1.0059, 1.0489], Current Cost = 5104.00, Rho = 1.000
(iter 10) [0.0, -0.4574, 0.3062] = 453.2357, sampling [1.0, 0.2263, -1.1064]. Recommendation = [0.0, 1.0059, 1.0489], Current Cost = 5105.00, Rho = 1.000
(iter 10) [0.0, -0.4574, 0.3062] = 453.2357, sampling [1.0, 0.1001, 1.3990]. Recommendation = [0.0, 1.0059, 1.0489], Current Cost = 5106.00, Rho = 1.000
(iter 10) [0.0, -0.4574, 0.3062] = 453.2357, sampling [1.0, 0.6991, 1.6385]. Recommendation = [0.0, 1.0059, 1.0489], Current Cost = 5107.00, Rho = 1.000
(iter 10) [0.0, -0.4574, 0.3062] = 453.2357, sampling [1.0, -1.3020, 0.2735]. Recommendation = [0.0, 1.0059, 1.0489], Current Cost = 5108.00, Rho = 1.000
(iter 10) [0.0, -0.4574, 0.3062] = 453.2357, sampling [1.0, -0.0350, -1.2400]. Recommendation = [0.0, 1.0059, 1.0489], Current Cost = 5109.00, Rho = 1.000
(iter 10) [0.0, -0.4574, 0.3062] = 453.2357, sampling [1.0, 0.9884, -0.1825]. Recommendation = [0.0, 1.0059, 1.0489], Current Cost = 5110.00, Rho = 1.000
(iter 10) [0.0, -0.4574, 0.3062] = 453.2357, sampling [1.0, 0.6152, 1.4468]. Recommendation = [0.0, 1.0059, 1.0489], Current Cost = 5111.00, Rho = 1.000
(iter 10) [0.0, -0.4574, 0.3062] = 453.2357, sampling [1.0, -0.4765, -0.6991]. Recommendation = [0.0, 1.0059, 1.0489], Current Cost = 5112.00, Rho = 1.000
(iter 10) [0.0, -0.4574, 0.3062] = 453.2357, sampling [1.0, -1.7342, 1.4851]. Recommendation = [0.0, 1.0059, 1.0489], Current Cost = 5113.00, Rho = 1.000
(iter 10) [0.0, -0.4574, 0.3062] = 453.2357, sampling [1.0, -0.7203, -0.6432]. Recommendation = [0.0, 1.0059, 1.0489], Current Cost = 5114.00, Rho = 1.000
(iter 10) [0.0, -0.4574, 0.3062] = 453.2357, sampling [1.0, -0.9021, -0.4032]. Recommendation = [0.0, 1.0059, 1.0489], Current Cost = 5115.00, Rho = 1.000
(iter 10) [0.0, -0.4574, 0.3062] = 453.2357, sampling [1.0, -1.0127, -0.0641]. Recommendation = [0.0, 1.0059, 1.0489], Current Cost = 5116.00, Rho = 1.000
(iter 10) [0.0, -0.4574, 0.3062] = 453.2357, sampling [1.0, -0.0054, 0.9026]. Recommendation = [0.0, 1.0059, 1.0489], Current Cost = 5117.00, Rho = 1.000
(iter 10) [0.0, -0.4574, 0.3062] = 453.2357, sampling [1.0, 0.2816, 1.1711]. Recommendation = [0.0, 1.0059, 1.0489], Current Cost = 5118.00, Rho = 1.000
(iter 10) [0.0, -0.4574, 0.3062] = 453.2357, sampling [1.0, -0.3322, -1.1727]. Recommendation = [0.0, 1.0059, 1.0489], Current Cost = 5119.00, Rho = 1.000
(iter 10) [0.0, -0.4574, 0.3062] = 453.2357, sampling [1.0, 0.1153, -1.5470]. Recommendation = [0.0, 1.0059, 1.0489], Current Cost = 5120.00, Rho = 1.000
(iter 10) [0.0, -0.4574, 0.3062] = 453.2357, sampling [1.0, -0.5871, -0.8411]. Recommendation = [0.0, 1.0059, 1.0489], Current Cost = 5121.00, Rho = 1.000
(iter 10) [0.0, -0.4574, 0.3062] = 453.2357, sampling [1.0, 1.7285, 1.8452]. Recommendation = [0.0, 1.0059, 1.0489], Current Cost = 5122.00, Rho = 1.000
(iter 10) [0.0, -0.4574, 0.3062] = 453.2357, sampling [1.0, -0.5629, 1.7107]. Recommendation = [0.0, 1.0059, 1.0489], Current Cost = 5123.00, Rho = 1.000
(iter 10) [0.0, -0.4574, 0.3062] = 453.2357, sampling [1.0, -0.1181, -1.1504]. Recommendation = [0.0, 1.0059, 1.0489], Current Cost = 5124.00, Rho = 1.000
(iter 10) [0.0, -0.4574, 0.3062] = 453.2357, sampling [1.0, 1.3441, -1.8481]. Recommendation = [0.0, 1.0059, 1.0489], Current Cost = 5125.00, Rho = 1.000
(iter 10) [0.0, -0.4574, 0.3062] = 453.2357, sampling [1.0, 0.4803, -1.2541]. Recommendation = [0.0, 1.0059, 1.0489], Current Cost = 5126.00, Rho = 1.000
(iter 10) [0.0, -0.4574, 0.3062] = 453.2357, sampling [1.0, 0.5936, 1.8715]. Recommendation = [0.0, 1.0059, 1.0489], Current Cost = 5127.00, Rho = 1.000
(iter 10) [0.0, -0.4574, 0.3062] = 453.2357, sampling [1.0, 1.4593, 0.5155]. Recommendation = [0.0, 1.0059, 1.0489], Current Cost = 5128.00, Rho = 1.000
(iter 10) [0.0, -0.4574, 0.3062] = 453.2357, sampling [1.0, -0.8225, -0.4635]. Recommendation = [0.0, 1.0059, 1.0489], Current Cost = 5129.00, Rho = 1.000
(iter 10) [0.0, -0.4574, 0.3062] = 453.2357, sampling [1.0, -1.4495, 0.5630]. Recommendation = [0.0, 1.0059, 1.0489], Current Cost = 5130.00, Rho = 1.000
(iter 10) [0.0, -0.4574, 0.3062] = 453.2357, sampling [1.0, -1.1314, -0.2702]. Recommendation = [0.0, 1.0059, 1.0489], Current Cost = 5131.00, Rho = 1.000
(iter 10) [0.0, -0.4574, 0.3062] = 453.2357, sampling [1.0, 1.1239, 0.0669]. Recommendation = [0.0, 1.0059, 1.0489], Current Cost = 5132.00, Rho = 1.000
(iter 10) [0.0, -0.4574, 0.3062] = 453.2357, sampling [1.0, 0.9364, -0.6853]. Recommendation = [0.0, 1.0059, 1.0489], Current Cost = 5133.00, Rho = 1.000
(iter 10) [0.0, -0.4574, 0.3062] = 453.2357, sampling [1.0, 1.9626, 1.0869]. Recommendation = [0.0, 1.0059, 1.0489], Current Cost = 5134.00, Rho = 1.000
(iter 10) [0.0, -0.4574, 0.3062] = 453.2357, sampling [1.0, -0.5463, 1.9922]. Recommendation = [0.0, 1.0059, 1.0489], Current Cost = 5135.00, Rho = 1.000
(iter 10) [0.0, -0.4574, 0.3062] = 453.2357, sampling [1.0, -0.1614, -1.5944]. Recommendation = [0.0, 1.0059, 1.0489], Current Cost = 5136.00, Rho = 1.000
(iter 10) [0.0, -0.4574, 0.3062] = 453.2357, sampling [1.0, 0.7907, -1.0122]. Recommendation = [0.0, 1.0059, 1.0489], Current Cost = 5137.00, Rho = 1.000
(iter 10) [0.0, -0.4574, 0.3062] = 453.2357, sampling [1.0, 0.6374, 1.6934]. Recommendation = [0.0, 1.0059, 1.0489], Current Cost = 5138.00, Rho = 1.000
(iter 10) [0.0, -0.4574, 0.3062] = 453.2357, sampling [1.0, -0.5153, -1.2699]. Recommendation = [0.0, 1.0059, 1.0489], Current Cost = 5139.00, Rho = 1.000
(iter 10) [0.0, -0.4574, 0.3062] = 453.2357, sampling [1.0, -1.5315, 0.1785]. Recommendation = [0.0, 1.0059, 1.0489], Current Cost = 5140.00, Rho = 1.000
(iter 10) [0.0, -0.4574, 0.3062] = 453.2357, sampling [1.0, 1.1430, -0.1402]. Recommendation = [0.0, 1.0059, 1.0489], Current Cost = 5141.00, Rho = 1.000
(iter 10) [0.0, -0.4574, 0.3062] = 453.2357, sampling [1.0, 0.1834, -1.9724]. Recommendation = [0.0, 1.0059, 1.0489], Current Cost = 5142.00, Rho = 1.000
(iter 10) [0.0, -0.4574, 0.3062] = 453.2357, sampling [1.0, -0.9753, -0.4994]. Recommendation = [0.0, 1.0059, 1.0489], Current Cost = 5143.00, Rho = 1.000
(iter 10) [0.0, -0.4574, 0.3062] = 453.2357, sampling [1.0, -1.5117, 0.7473]. Recommendation = [0.0, 1.0059, 1.0489], Current Cost = 5144.00, Rho = 1.000
(iter 10) [0.0, -0.4574, 0.3062] = 453.2357, sampling [1.0, 1.1180, -0.3249]. Recommendation = [0.0, 1.0059, 1.0489], Current Cost = 5145.00, Rho = 1.000
(iter 10) [0.0, -0.4574, 0.3062] = 453.2357, sampling [1.0, -0.2570, 1.7263]. Recommendation = [0.0, 1.0059, 1.0489], Current Cost = 5146.00, Rho = 1.000
(iter 10) [0.0, -0.4574, 0.3062] = 453.2357, sampling [1.0, -0.2537, -1.9008]. Recommendation = [0.0, 1.0059, 1.0489], Current Cost = 5147.00, Rho = 1.000
(iter 10) [0.0, -0.4574, 0.3062] = 453.2357, sampling [1.0, -0.4906, -1.5228]. Recommendation = [0.0, 1.0059, 1.0489], Current Cost = 5148.00, Rho = 1.000
(iter 10) [0.0, -0.4574, 0.3062] = 453.2357, sampling [1.0, -0.8811, -0.9582]. Recommendation = [0.0, 1.0059, 1.0489], Current Cost = 5149.00, Rho = 1.000
(iter 10) [0.0, -0.4574, 0.3062] = 453.2357, sampling [1.0, 0.6472, 1.6209]. Recommendation = [0.0, 1.0059, 1.0489], Current Cost = 5150.00, Rho = 1.000
(iter 10) [0.0, -0.4574, 0.3062] = 453.2357, sampling [1.0, 1.3862, 0.1213]. Recommendation = [0.0, 1.0059, 1.0489], Current Cost = 5151.00, Rho = 1.000
(iter 10) [0.0, -0.4574, 0.3062] = 453.2357, sampling [1.0, 0.0942, -1.6894]. Recommendation = [0.0, 1.0059, 1.0489], Current Cost = 5152.00, Rho = 1.000
(iter 10) [0.0, -0.4574, 0.3062] = 453.2357, sampling [1.0, -1.9366, 1.1398]. Recommendation = [0.0, 1.0059, 1.0489], Current Cost = 5153.00, Rho = 1.000
(iter 10) [0.0, -0.4574, 0.3062] = 453.2357, sampling [1.0, 0.1584, 1.2860]. Recommendation = [0.0, 1.0059, 1.0489], Current Cost = 5154.00, Rho = 1.000
(iter 10) [0.0, -0.4574, 0.3062] = 453.2357, sampling [1.0, 0.0584, -1.4898]. Recommendation = [0.0, 1.0059, 1.0489], Current Cost = 5155.00, Rho = 1.000
(iter 10) [0.0, -0.4574, 0.3062] = 453.2357, sampling [1.0, -0.0563, 1.8840]. Recommendation = [0.0, 1.0059, 1.0489], Current Cost = 5156.00, Rho = 1.000
(iter 10) [0.0, -0.4574, 0.3062] = 453.2357, sampling [1.0, 0.4373, 1.8390]. Recommendation = [0.0, 1.0059, 1.0489], Current Cost = 5157.00, Rho = 1.000
(iter 10) [0.0, -0.4574, 0.3062] = 453.2357, sampling [1.0, -0.0881, -1.1673]. Recommendation = [0.0, 1.0059, 1.0489], Current Cost = 5158.00, Rho = 1.000
(iter 10) [0.0, -0.4574, 0.3062] = 453.2357, sampling [1.0, -1.2859, 0.2070]. Recommendation = [0.0, 1.0059, 1.0489], Current Cost = 5159.00, Rho = 1.000
(iter 10) [0.0, -0.4574, 0.3062] = 453.2357, sampling [1.0, 1.0977, -0.9120]. Recommendation = [0.0, 1.0059, 1.0489], Current Cost = 5160.00, Rho = 1.000
(iter 10) [0.0, -0.4574, 0.3062] = 453.2357, sampling [1.0, -0.3723, 1.7708]. Recommendation = [0.0, 1.0059, 1.0489], Current Cost = 5161.00, Rho = 1.000
(iter 10) [0.0, -0.4574, 0.3062] = 453.2357, sampling [1.0, 0.0296, -1.8295]. Recommendation = [0.0, 1.0059, 1.0489], Current Cost = 5162.00, Rho = 1.000
(iter 10) [0.0, -0.4574, 0.3062] = 453.2357, sampling [1.0, -1.4694, 0.6718]. Recommendation = [0.0, 1.0059, 1.0489], Current Cost = 5163.00, Rho = 1.000
(iter 10) [0.0, -0.4574, 0.3062] = 453.2357, sampling [1.0, 0.5493, -1.2916]. Recommendation = [0.0, 1.0059, 1.0489], Current Cost = 5164.00, Rho = 1.000
(iter 10) [0.0, -0.4574, 0.3062] = 453.2357, sampling [1.0, -0.1856, -1.7492]. Recommendation = [0.0, 1.0059, 1.0489], Current Cost = 5165.00, Rho = 1.000
(iter 10) [0.0, -0.4574, 0.3062] = 453.2357, sampling [1.0, -1.9106, 0.3227]. Recommendation = [0.0, 1.0059, 1.0489], Current Cost = 5166.00, Rho = 1.000
(iter 10) [0.0, -0.4574, 0.3062] = 453.2357, sampling [1.0, 1.2554, -0.4760]. Recommendation = [0.0, 1.0059, 1.0489], Current Cost = 5167.00, Rho = 1.000
(iter 10) [0.0, -0.4574, 0.3062] = 453.2357, sampling [1.0, 1.8942, 1.5824]. Recommendation = [0.0, 1.0059, 1.0489], Current Cost = 5168.00, Rho = 1.000
(iter 10) [0.0, -0.4574, 0.3062] = 453.2357, sampling [1.0, -0.8640, -1.3370]. Recommendation = [0.0, 1.0059, 1.0489], Current Cost = 5169.00, Rho = 1.000
(iter 10) [0.0, -0.4574, 0.3062] = 453.2357, sampling [1.0, 0.9578, -1.2258]. Recommendation = [0.0, 1.0059, 1.0489], Current Cost = 5170.00, Rho = 1.000
(iter 10) [0.0, -0.4574, 0.3062] = 453.2357, sampling [1.0, -1.9320, 1.5029]. Recommendation = [0.0, 1.0059, 1.0489], Current Cost = 5171.00, Rho = 1.000
(iter 10) [0.0, -0.4574, 0.3062] = 453.2357, sampling [1.0, 0.9218, -0.3637]. Recommendation = [0.0, 1.0059, 1.0489], Current Cost = 5172.00, Rho = 1.000
(iter 10) [0.0, -0.4574, 0.3062] = 453.2357, sampling [1.0, -0.2336, -1.6080]. Recommendation = [0.0, 1.0059, 1.0489], Current Cost = 5173.00, Rho = 1.000
(iter 10) [0.0, -0.4574, 0.3062] = 453.2357, sampling [1.0, -1.3710, 0.2413]. Recommendation = [0.0, 1.0059, 1.0489], Current Cost = 5174.00, Rho = 1.000
(iter 10) [0.0, -0.4574, 0.3062] = 453.2357, sampling [1.0, -0.5373, 1.9326]. Recommendation = [0.0, 1.0059, 1.0489], Current Cost = 5175.00, Rho = 1.000
(iter 10) [0.0, -0.4574, 0.3062] = 453.2357, sampling [1.0, 1.9761, 0.6390]. Recommendation = [0.0, 1.0059, 1.0489], Current Cost = 5176.00, Rho = 1.000
(iter 10) [0.0, -0.4574, 0.3062] = 453.2357, sampling [1.0, 1.8618, 1.3441]. Recommendation = [0.0, 1.0059, 1.0489], Current Cost = 5177.00, Rho = 1.000
(iter 10) [0.0, -0.4574, 0.3062] = 453.2357, sampling [1.0, -0.7945, -1.5058]. Recommendation = [0.0, 1.0059, 1.0489], Current Cost = 5178.00, Rho = 1.000
(iter 10) [0.0, -0.4574, 0.3062] = 453.2357, sampling [1.0, -1.5742, 0.6886]. Recommendation = [0.0, 1.0059, 1.0489], Current Cost = 5179.00, Rho = 1.000
(iter 10) [0.0, -0.4574, 0.3062] = 453.2357, sampling [1.0, 0.8333, -1.9047]. Recommendation = [0.0, 1.0059, 1.0489], Current Cost = 5180.00, Rho = 1.000
(iter 10) [0.0, -0.4574, 0.3062] = 453.2357, sampling [1.0, -1.0312, -1.9939]. Recommendation = [0.0, 1.0059, 1.0489], Current Cost = 5181.00, Rho = 1.000
(iter 10) [0.0, -0.4574, 0.3062] = 453.2357, sampling [1.0, -1.0753, -1.0861]. Recommendation = [0.0, 1.0059, 1.0489], Current Cost = 5182.00, Rho = 1.000
(iter 10) [0.0, -0.4574, 0.3062] = 453.2357, sampling [1.0, -1.6166, -0.1247]. Recommendation = [0.0, 1.0059, 1.0489], Current Cost = 5183.00, Rho = 1.000
(iter 10) [0.0, -0.4574, 0.3062] = 453.2357, sampling [1.0, 1.7587, 0.9841]. Recommendation = [0.0, 1.0059, 1.0489], Current Cost = 5184.00, Rho = 1.000
(iter 10) [0.0, -0.4574, 0.3062] = 453.2357, sampling [1.0, 1.3101, -0.9322]. Recommendation = [0.0, 1.0059, 1.0489], Current Cost = 5185.00, Rho = 1.000
(iter 10) [0.0, -0.4574, 0.3062] = 453.2357, sampling [1.0, 1.4310, -0.2839]. Recommendation = [0.0, 1.0059, 1.0489], Current Cost = 5186.00, Rho = 1.000
(iter 10) [0.0, -0.4574, 0.3062] = 453.2357, sampling [1.0, -0.2093, -1.6691]. Recommendation = [0.0, 1.0059, 1.0489], Current Cost = 5187.00, Rho = 1.000
(iter 10) [0.0, -0.4574, 0.3062] = 453.2357, sampling [1.0, 1.9883, -1.7702]. Recommendation = [0.0, 1.0059, 1.0489], Current Cost = 5188.00, Rho = 1.000
(iter 10) [0.0, -0.4574, 0.3062] = 453.2357, sampling [1.0, 0.8594, -1.7017]. Recommendation = [0.0, 1.0059, 1.0489], Current Cost = 5189.00, Rho = 1.000
(iter 10) [0.0, -0.4574, 0.3062] = 453.2357, sampling [1.0, 1.5745, -0.0189]. Recommendation = [0.0, 1.0059, 1.0489], Current Cost = 5190.00, Rho = 1.000
(iter 10) [0.0, -0.4574, 0.3062] = 453.2357, sampling [1.0, -1.5375, -0.7271]. Recommendation = [0.0, 1.0059, 1.0489], Current Cost = 5191.00, Rho = 1.000
(iter 10) [0.0, -0.4574, 0.3062] = 453.2357, sampling [1.0, 1.0327, -1.3735]. Recommendation = [0.0, 1.0059, 1.0489], Current Cost = 5192.00, Rho = 1.000
(iter 10) [0.0, -0.4574, 0.3062] = 453.2357, sampling [1.0, -1.8154, 1.1107]. Recommendation = [0.0, 1.0059, 1.0489], Current Cost = 5193.00, Rho = 1.000
(iter 10) [0.0, -0.4574, 0.3062] = 453.2357, sampling [1.0, 0.6880, -1.3918]. Recommendation = [0.0, 1.0059, 1.0489], Current Cost = 5194.00, Rho = 1.000
(iter 10) [0.0, -0.4574, 0.3062] = 453.2357, sampling [1.0, 1.4499, -0.5682]. Recommendation = [0.0, 1.0059, 1.0489], Current Cost = 5195.00, Rho = 1.000
(iter 10) [0.0, -0.4574, 0.3062] = 453.2357, sampling [1.0, -0.2842, -1.9321]. Recommendation = [0.0, 1.0059, 1.0489], Current Cost = 5196.00, Rho = 1.000
(iter 10) [0.0, -0.4574, 0.3062] = 453.2357, sampling [1.0, -1.8797, 1.4626]. Recommendation = [0.0, 1.0059, 1.0489], Current Cost = 5197.00, Rho = 1.000
(iter 10) [0.0, -0.4574, 0.3062] = 453.2357, sampling [1.0, 1.2095, -1.2107]. Recommendation = [0.0, 1.0059, 1.0489], Current Cost = 5198.00, Rho = 1.000
(iter 10) [0.0, -0.4574, 0.3062] = 453.2357, sampling [1.0, -1.7925, -0.2928]. Recommendation = [0.0, 1.0059, 1.0489], Current Cost = 5199.00, Rho = 1.000
(iter 10) [0.0, -0.4574, 0.3062] = 453.2357, sampling [1.0, 1.9302, 0.3853]. Recommendation = [0.0, 1.0059, 1.0489], Current Cost = 5200.00, Rho = 1.000
(iter 10) [0.0, -0.4574, 0.3062] = 453.2357, sampling [1.0, -1.2542, -1.5797]. Recommendation = [0.0, 1.0059, 1.0489], Current Cost = 5201.00, Rho = 1.000
(iter 10) [0.0, -0.4574, 0.3062] = 453.2357, sampling [1.0, -1.7083, 0.1713]. Recommendation = [0.0, 1.0059, 1.0489], Current Cost = 5202.00, Rho = 1.000
(iter 10) [0.0, -0.4574, 0.3062] = 453.2357, sampling [1.0, 1.9172, 1.5581]. Recommendation = [0.0, 1.0059, 1.0489], Current Cost = 5203.00, Rho = 1.000
(iter 10) [0.0, -0.4574, 0.3062] = 453.2357, sampling [1.0, 1.4813, -0.4168]. Recommendation = [0.0, 1.0059, 1.0489], Current Cost = 5204.00, Rho = 1.000
(iter 10) [0.0, -0.4574, 0.3062] = 453.2357, sampling [1.0, 1.6219, -0.8627]. Recommendation = [0.0, 1.0059, 1.0489], Current Cost = 5205.00, Rho = 1.000
(iter 10) [0.0, -0.4574, 0.3062] = 453.2357, sampling [1.0, -1.4954, -1.9589]. Recommendation = [0.0, 1.0059, 1.0489], Current Cost = 5206.00, Rho = 1.000
(iter 10) [0.0, -0.4574, 0.3062] = 453.2357, sampling [1.0, 1.2721, -1.0481]. Recommendation = [0.0, 1.0059, 1.0489], Current Cost = 5207.00, Rho = 1.000
(iter 10) [0.0, -0.4574, 0.3062] = 453.2357, sampling [1.0, 1.8508, 0.0558]. Recommendation = [0.0, 1.0059, 1.0489], Current Cost = 5208.00, Rho = 1.000
(iter 10) [0.0, -0.4574, 0.3062] = 453.2357, sampling [1.0, -1.0420, -1.8577]. Recommendation = [0.0, 1.0059, 1.0489], Current Cost = 5209.00, Rho = 1.000
(iter 10) [0.0, -0.4574, 0.3062] = 453.2357, sampling [1.0, 1.8866, 1.3216]. Recommendation = [0.0, 1.0059, 1.0489], Current Cost = 5210.00, Rho = 1.000
(iter 10) [0.0, -0.4574, 0.3062] = 453.2357, sampling [1.0, 1.3425, -1.3463]. Recommendation = [0.0, 1.0059, 1.0489], Current Cost = 5211.00, Rho = 1.000
(iter 10) [0.0, -0.4574, 0.3062] = 453.2357, sampling [1.0, 1.6444, 0.0273]. Recommendation = [0.0, 1.0059, 1.0489], Current Cost = 5212.00, Rho = 1.000
(iter 10) [0.0, -0.4574, 0.3062] = 453.2357, sampling [1.0, -1.5577, -1.1029]. Recommendation = [0.0, 1.0059, 1.0489], Current Cost = 5213.00, Rho = 1.000
(iter 10) [0.0, -0.4574, 0.3062] = 453.2357, sampling [1.0, -1.8922, -0.5365]. Recommendation = [0.0, 1.0059, 1.0489], Current Cost = 5214.00, Rho = 1.000
(iter 10) [0.0, -0.4574, 0.3062] = 453.2357, sampling [1.0, -1.7494, 0.2682]. Recommendation = [0.0, 1.0059, 1.0489], Current Cost = 5215.00, Rho = 1.000
(iter 10) [0.0, -0.4574, 0.3062] = 453.2357, sampling [1.0, 1.5587, -0.5936]. Recommendation = [0.0, 1.0059, 1.0489], Current Cost = 5216.00, Rho = 1.000
(iter 10) [0.0, -0.4574, 0.3062] = 453.2357, sampling [1.0, -1.3382, -1.4240]. Recommendation = [0.0, 1.0059, 1.0489], Current Cost = 5217.00, Rho = 1.000
(iter 10) [0.0, -0.4574, 0.3062] = 453.2357, sampling [1.0, 1.3123, -1.6627]. Recommendation = [0.0, 1.0059, 1.0489], Current Cost = 5218.00, Rho = 1.000
(iter 10) [0.0, -0.4574, 0.3062] = 453.2357, sampling [1.0, 1.2857, -1.1998]. Recommendation = [0.0, 1.0059, 1.0489], Current Cost = 5219.00, Rho = 1.000
(iter 10) [0.0, -0.4574, 0.3062] = 453.2357, sampling [1.0, 1.9446, -1.0002]. Recommendation = [0.0, 1.0059, 1.0489], Current Cost = 5220.00, Rho = 1.000
(iter 10) [0.0, -0.4574, 0.3062] = 453.2357, sampling [1.0, 1.5125, -0.3808]. Recommendation = [0.0, 1.0059, 1.0489], Current Cost = 5221.00, Rho = 1.000
(iter 10) [0.0, -0.4574, 0.3062] = 453.2357, sampling [1.0, 1.6940, -0.2300]. Recommendation = [0.0, 1.0059, 1.0489], Current Cost = 5222.00, Rho = 1.000
(iter 10) [0.0, -0.4574, 0.3062] = 453.2357, sampling [1.0, -1.5987, -0.8838]. Recommendation = [0.0, 1.0059, 1.0489], Current Cost = 5223.00, Rho = 1.000
(iter 10) [0.0, -0.4574, 0.3062] = 453.2357, sampling [1.0, -1.2705, -1.7211]. Recommendation = [0.0, 1.0059, 1.0489], Current Cost = 5224.00, Rho = 1.000
(iter 10) [0.0, -0.4574, 0.3062] = 453.2357, sampling [1.0, -1.4783, -1.3062]. Recommendation = [0.0, 1.0059, 1.0489], Current Cost = 5225.00, Rho = 1.000
(iter 10) [0.0, -0.4574, 0.3062] = 453.2357, sampling [1.0, 1.5006, -0.6261]. Recommendation = [0.0, 1.0059, 1.0489], Current Cost = 5226.00, Rho = 1.000
(iter 10) [0.0, -0.4574, 0.3062] = 453.2357, sampling [1.0, 1.2464, -1.7763]. Recommendation = [0.0, 1.0059, 1.0489], Current Cost = 5227.00, Rho = 1.000
(iter 10) [0.0, -0.4574, 0.3062] = 453.2357, sampling [1.0, -1.7749, -1.9506]. Recommendation = [0.0, 1.0059, 1.0489], Current Cost = 5228.00, Rho = 1.000
(iter 10) [0.0, -0.4574, 0.3062] = 453.2357, sampling [1.0, 1.5886, -1.3211]. Recommendation = [0.0, 1.0059, 1.0489], Current Cost = 5229.00, Rho = 1.000
(iter 10) [0.0, -0.4574, 0.3062] = 453.2357, sampling [1.0, 1.4094, -1.4602]. Recommendation = [0.0, 1.0059, 1.0489], Current Cost = 5230.00, Rho = 1.000
(iter 10) [0.0, -0.4574, 0.3062] = 453.2357, sampling [1.0, 1.8270, -0.0370]. Recommendation = [0.0, 1.0059, 1.0489], Current Cost = 5231.00, Rho = 1.000
(iter 10) [0.0, -0.4574, 0.3062] = 453.2357, sampling [1.0, -1.8292, 0.2887]. Recommendation = [0.0, 1.0059, 1.0489], Current Cost = 5232.00, Rho = 1.000
(iter 10) [0.0, -0.4574, 0.3062] = 453.2357, sampling [1.0, 1.7117, -0.7726]. Recommendation = [0.0, 1.0059, 1.0489], Current Cost = 5233.00, Rho = 1.000
(iter 10) [0.0, -0.4574, 0.3062] = 453.2357, sampling [1.0, -1.6631, -0.7903]. Recommendation = [0.0, 1.0059, 1.0489], Current Cost = 5234.00, Rho = 1.000
(iter 10) [0.0, -0.4574, 0.3062] = 453.2357, sampling [1.0, 1.6742, -1.1286]. Recommendation = [0.0, 1.0059, 1.0489], Current Cost = 5235.00, Rho = 1.000
(iter 10) [0.0, -0.4574, 0.3062] = 453.2357, sampling [1.0, -1.6783, -1.0706]. Recommendation = [0.0, 1.0059, 1.0489], Current Cost = 5236.00, Rho = 1.000
(iter 10) [0.0, -0.4574, 0.3062] = 453.2357, sampling [1.0, -1.3513, -1.7924]. Recommendation = [0.0, 1.0059, 1.0489], Current Cost = 5237.00, Rho = 1.000
(iter 10) [0.0, -0.4574, 0.3062] = 453.2357, sampling [1.0, 1.5202, -1.5537]. Recommendation = [0.0, 1.0059, 1.0489], Current Cost = 5238.00, Rho = 1.000
(iter 10) [0.0, -0.4574, 0.3062] = 453.2357, sampling [1.0, -1.9945, -1.3975]. Recommendation = [0.0, 1.0059, 1.0489], Current Cost = 5239.00, Rho = 1.000
(iter 10) [0.0, -0.4574, 0.3062] = 453.2357, sampling [1.0, 1.3921, -1.7392]. Recommendation = [0.0, 1.0059, 1.0489], Current Cost = 5240.00, Rho = 1.000
(iter 10) [0.0, -0.4574, 0.3062] = 453.2357, sampling [1.0, -1.6901, -1.6209]. Recommendation = [0.0, 1.0059, 1.0489], Current Cost = 5241.00, Rho = 1.000
(iter 10) [0.0, -0.4574, 0.3062] = 453.2357, sampling [1.0, 1.7906, -0.9239]. Recommendation = [0.0, 1.0059, 1.0489], Current Cost = 5242.00, Rho = 1.000
(iter 10) [0.0, -0.4574, 0.3062] = 453.2357, sampling [1.0, 1.7145, -1.6382]. Recommendation = [0.0, 1.0059, 1.0489], Current Cost = 5243.00, Rho = 1.000
(iter 10) [0.0, -0.4574, 0.3062] = 453.2357, sampling [1.0, 1.7719, -1.8833]. Recommendation = [0.0, 1.0059, 1.0489], Current Cost = 5244.00, Rho = 1.000
(iter 10) [0.0, -0.4574, 0.3062] = 453.2357, sampling [1.0, -1.6128, -0.8132]. Recommendation = [0.0, 1.0059, 1.0489], Current Cost = 5245.00, Rho = 1.000
(iter 10) [0.0, -0.4574, 0.3062] = 453.2357, sampling [1.0, -1.6342, -0.8644]. Recommendation = [0.0, 1.0059, 1.0489], Current Cost = 5246.00, Rho = 1.000
(iter 10) [0.0, -0.4574, 0.3062] = 453.2357, sampling [1.0, -1.8613, -1.8183]. Recommendation = [0.0, 1.0059, 1.0489], Current Cost = 5247.00, Rho = 1.000
(iter 10) [0.0, -0.4574, 0.3062] = 453.2357, sampling [1.0, -1.8559, -0.5220]. Recommendation = [0.0, 1.0059, 1.0489], Current Cost = 5248.00, Rho = 1.000
(iter 10) [0.0, -0.4574, 0.3062] = 453.2357, sampling [1.0, -1.9625, -1.4787]. Recommendation = [0.0, 1.0059, 1.0489], Current Cost = 5249.00, Rho = 1.000
(iter 10) [0.0, -0.4574, 0.3062] = 453.2357, sampling [0.0, 1.0059, 1.0489]. Recommendation = [0.0, 1.0059, 1.0489], Current Cost = 5250.00, Rho = 1.000
(iter 255) [0.0, 1.0059, 1.0489] = 456.1629, sampling [0.0, 0.8258, 0.7859]. Recommendation = [0.0, 1.0059, 1.0489], Current Cost = 6250.00, Rho = 1.000
(iter 255) [0.0, 1.0059, 1.0489] = 456.1629, sampling [0.0, 0.1406, 0.1115]. Recommendation = [0.0, 1.0059, 1.0489], Current Cost = 7250.00, Rho = 1.000
(iter 255) [0.0, 1.0059, 1.0489] = 456.1629, sampling [0.0, 1.9302, 0.3853]. Recommendation = [0.0, 1.0059, 1.0489], Current Cost = 8250.00, Rho = 1.000
(iter 255) [0.0, 1.0059, 1.0489] = 456.1629, sampling [0.0, -0.7945, -1.5058]. Recommendation = [0.0, 1.0059, 1.0489], Current Cost = 9250.00, Rho = 1.000
(iter 255) [0.0, 1.0059, 1.0489] = 456.1629, sampling [0.0, -0.4073, 0.4621]. Recommendation = [0.0, 1.0059, 1.0489], Current Cost = 10250.00, Rho = 1.000
(iter 255) [0.0, 1.0059, 1.0489] = 456.1629, sampling [0.0, 1.0327, -1.3735]. Recommendation = [0.0, 1.0059, 1.0489], Current Cost = 11250.00, Rho = 1.000
(iter 255) [0.0, 1.0059, 1.0489] = 456.1629, sampling [0.0, -1.6128, -0.8132]. Recommendation = [0.0, 1.0059, 1.0489], Current Cost = 12250.00, Rho = 1.000
(iter 255) [0.0, 1.0059, 1.0489] = 456.1629, sampling [0.0, -0.5871, -0.8411]. Recommendation = [0.0, 1.0059, 1.0489], Current Cost = 13250.00, Rho = 1.000
(iter 255) [0.0, 1.0059, 1.0489] = 456.1629, sampling [0.0, -1.9945, -1.3975]. Recommendation = [0.0, 1.0059, 1.0489], Current Cost = 14250.00, Rho = 1.000
(iter 255) [0.0, 1.0059, 1.0489] = 456.1629, sampling [0.0, -0.3723, 1.7708]. Recommendation = [0.0, 1.0059, 1.0489], Current Cost = 15250.00, Rho = 1.000
(iter 255) [0.0, 1.0059, 1.0489] = 456.1629, sampling [0.0, 0.3385, -0.6617]. Recommendation = [0.0, 1.0059, 1.0489], Current Cost = 16250.00, Rho = 1.000
(iter 255) [0.0, 1.0059, 1.0489] = 456.1629, sampling [0.0, -0.9753, -0.4994]. Recommendation = [0.0, 1.0059, 1.0489], Current Cost = 17250.00, Rho = 1.000
(iter 255) [0.0, 1.0059, 1.0489] = 456.1629, sampling [0.0, 0.1932, -0.0956]. Recommendation = [0.0, 1.0059, 1.0489], Current Cost = 18250.00, Rho = 1.000
(iter 255) [0.0, 1.0059, 1.0489] = 456.1629, sampling [0.0, -1.6342, -0.8644]. Recommendation = [0.0, 1.0059, 1.0489], Current Cost = 19250.00, Rho = 1.000
(iter 255) [0.0, 1.0059, 1.0489] = 456.1629, sampling [0.0, -0.1856, -1.7492]. Recommendation = [0.0, 1.0059, 1.0489], Current Cost = 20250.00, Rho = 1.000
(iter 255) [0.0, 1.0059, 1.0489] = 456.1629, sampling [0.0, -0.2537, -1.9008]. Recommendation = [0.0, 1.0059, 1.0489], Current Cost = 21250.00, Rho = 1.000
(iter 255) [0.0, 1.0059, 1.0489] = 456.1629, sampling [0.0, 1.5202, -1.5537]. Recommendation = [0.0, 1.0059, 1.0489], Current Cost = 22250.00, Rho = 1.000
(iter 255) [0.0, 1.0059, 1.0489] = 456.1629, sampling [0.0, 0.1153, -1.5470]. Recommendation = [0.0, 1.0059, 1.0489], Current Cost = 23250.00, Rho = 1.000
(iter 255) [0.0, 1.0059, 1.0489] = 456.1629, sampling [0.0, -1.0127, -0.0641]. Recommendation = [0.0, 1.0059, 1.0489], Current Cost = 24250.00, Rho = 1.000
(iter 255) [0.0, 1.0059, 1.0489] = 456.1629, sampling [0.0, 1.6742, -1.1286]. Recommendation = [0.0, 1.0059, 1.0489], Current Cost = 25250.00, Rho = 1.000
(iter 255) [0.0, 1.0059, 1.0489] = 456.1629, sampling [0.0, 1.3862, 0.1213]. Recommendation = [0.0, 1.0059, 1.0489], Current Cost = 26250.00, Rho = 1.000
(iter 255) [0.0, 1.0059, 1.0489] = 456.1629, sampling [0.0, 0.4002, 0.5013]. Recommendation = [0.0, 1.0059, 1.0489], Current Cost = 27250.00, Rho = 1.000
(iter 255) [0.0, 1.0059, 1.0489] = 456.1629, sampling [0.0, -1.2859, 0.2070]. Recommendation = [0.0, 1.0059, 1.0489], Current Cost = 28250.00, Rho = 1.000
(iter 255) [0.0, 1.0059, 1.0489] = 456.1629, sampling [0.0, -0.8640, -1.3370]. Recommendation = [0.0, 1.0059, 1.0489], Current Cost = 29250.00, Rho = 1.000
(iter 255) [0.0, 1.0059, 1.0489] = 456.1629, sampling [0.0, 0.4553, -0.0577]. Recommendation = [0.0, 1.0059, 1.0489], Current Cost = 30250.00, Rho = 1.000
(iter 255) [0.0, 1.0059, 1.0489] = 456.1629, sampling [0.0, 0.1584, 1.2860]. Recommendation = [0.0, 1.0059, 1.0489], Current Cost = 31250.00, Rho = 1.000
(iter 255) [0.0, 1.0059, 1.0489] = 456.1629, sampling [0.0, 1.0776, -0.0003]. Recommendation = [0.0, 1.0059, 1.0489], Current Cost = 32250.00, Rho = 1.000
(iter 255) [0.0, 1.0059, 1.0489] = 456.1629, sampling [0.0, 0.4779, 1.5457]. Recommendation = [0.0, 1.0059, 1.0489], Current Cost = 33250.00, Rho = 1.000
(iter 255) [0.0, 1.0059, 1.0489] = 456.1629, sampling [0.0, -1.5577, -1.1029]. Recommendation = [0.0, 1.0059, 1.0489], Current Cost = 34250.00, Rho = 1.000
(iter 255) [0.0, 1.0059, 1.0489] = 456.1629, sampling [0.0, -1.3710, 0.2413]. Recommendation = [0.0, 1.0059, 1.0489], Current Cost = 35250.00, Rho = 1.000
(iter 255) [0.0, 1.0059, 1.0489] = 456.1629, sampling [0.0, -0.9455, 1.3084]. Recommendation = [0.0, 1.0059, 1.0489], Current Cost = 36250.00, Rho = 1.000
(iter 255) [0.0, 1.0059, 1.0489] = 456.1629, sampling [0.0, -1.6901, -1.6209]. Recommendation = [0.0, 1.0059, 1.0489], Current Cost = 37250.00, Rho = 1.000
(iter 255) [0.0, 1.0059, 1.0489] = 456.1629, sampling [0.0, -1.9366, 1.1398]. Recommendation = [0.0, 1.0059, 1.0489], Current Cost = 38250.00, Rho = 1.000
(iter 255) [0.0, 1.0059, 1.0489] = 456.1629, sampling [0.0, -0.5629, 1.7107]. Recommendation = [0.0, 1.0059, 1.0489], Current Cost = 39250.00, Rho = 1.000
(iter 255) [0.0, 1.0059, 1.0489] = 456.1629, sampling [0.0, 1.4310, -0.2839]. Recommendation = [0.0, 1.0059, 1.0489], Current Cost = 40250.00, Rho = 1.000
(iter 255) [0.0, 1.0059, 1.0489] = 456.1629, sampling [0.0, 0.6374, 1.6934]. Recommendation = [0.0, 1.0059, 1.0489], Current Cost = 41250.00, Rho = 1.000
(iter 255) [0.0, 1.0059, 1.0489] = 456.1629, sampling [0.0, -1.3020, 0.2735]. Recommendation = [0.0, 1.0059, 1.0489], Current Cost = 42250.00, Rho = 1.000
(iter 255) [0.0, 1.0059, 1.0489] = 456.1629, sampling [0.0, 0.1834, -1.9724]. Recommendation = [0.0, 1.0059, 1.0489], Current Cost = 43250.00, Rho = 1.000
(iter 255) [0.0, 1.0059, 1.0489] = 456.1629, sampling [0.0, 0.6991, 1.6385]. Recommendation = [0.0, 1.0059, 1.0489], Current Cost = 44250.00, Rho = 1.000
(iter 255) [0.0, 1.0059, 1.0489] = 456.1629, sampling [0.0, 1.5745, -0.0189]. Recommendation = [0.0, 1.0059, 1.0489], Current Cost = 45250.00, Rho = 1.000
(iter 255) [0.0, 1.0059, 1.0489] = 456.1629, sampling [0.0, -0.6444, 1.3747]. Recommendation = [0.0, 1.0059, 1.0489], Current Cost = 46250.00, Rho = 1.000
(iter 255) [0.0, 1.0059, 1.0489] = 456.1629, sampling [0.0, 0.9884, -0.1825]. Recommendation = [0.0, 1.0059, 1.0489], Current Cost = 47250.00, Rho = 1.000
(iter 255) [0.0, 1.0059, 1.0489] = 456.1629, sampling [0.0, -1.7277, 0.9735]. Recommendation = [0.0, 1.0059, 1.0489], Current Cost = 48250.00, Rho = 1.000
(iter 255) [0.0, 1.0059, 1.0489] = 456.1629, sampling [0.0, 0.2427, 0.3483]. Recommendation = [0.0, 1.0059, 1.0489], Current Cost = 49250.00, Rho = 1.000
(iter 255) [0.0, 1.0059, 1.0489] = 456.1629, sampling [0.0, -0.8125, -0.1923]. Recommendation = [0.0, 1.0059, 1.0489], Current Cost = 50250.00, Rho = 1.000
(iter 255) [0.0, 1.0059, 1.0489] = 456.1629, sampling [0.0, -0.2842, -1.9321]. Recommendation = [0.0, 1.0059, 1.0489], Current Cost = 51250.00, Rho = 1.000
(iter 255) [0.0, 1.0059, 1.0489] = 456.1629, sampling [0.0, -0.5087, 0.0904]. Recommendation = [0.0, 1.0059, 1.0489], Current Cost = 52250.00, Rho = 1.000
(iter 255) [0.0, 1.0059, 1.0489] = 456.1629, sampling [0.0, 1.7719, -1.8833]. Recommendation = [0.0, 1.0059, 1.0489], Current Cost = 53250.00, Rho = 1.000
(iter 255) [0.0, 1.0059, 1.0489] = 456.1629, sampling [0.0, -0.2336, -1.6080]. Recommendation = [0.0, 1.0059, 1.0489], Current Cost = 54250.00, Rho = 1.000
(iter 255) [0.0, 1.0059, 1.0489] = 456.1629, sampling [0.0, -1.4495, 0.5630]. Recommendation = [0.0, 1.0059, 1.0489], Current Cost = 55250.00, Rho = 1.000
(iter 255) [0.0, 1.0059, 1.0489] = 456.1629, sampling [0.0, -1.8559, -0.5220]. Recommendation = [0.0, 1.0059, 1.0489], Current Cost = 56250.00, Rho = 1.000
(iter 255) [0.0, 1.0059, 1.0489] = 456.1629, sampling [0.0, 1.6219, -0.8627]. Recommendation = [0.0, 1.0059, 1.0489], Current Cost = 57250.00, Rho = 1.000
(iter 255) [0.0, 1.0059, 1.0489] = 456.1629, sampling [0.0, 0.1703, 1.2377]. Recommendation = [0.0, 1.0059, 1.0489], Current Cost = 58250.00, Rho = 1.000
(iter 255) [0.0, 1.0059, 1.0489] = 456.1629, sampling [0.0, 1.9626, 1.0869]. Recommendation = [0.0, 1.0059, 1.0489], Current Cost = 59250.00, Rho = 1.000
(iter 255) [0.0, 1.0059, 1.0489] = 456.1629, sampling [0.0, -0.9873, 0.4181]. Recommendation = [0.0, 1.0059, 1.0489], Current Cost = 60250.00, Rho = 1.000
(iter 255) [0.0, 1.0059, 1.0489] = 456.1629, sampling [0.0, 1.8942, 1.5824]. Recommendation = [0.0, 1.0059, 1.0489], Current Cost = 61250.00, Rho = 1.000
(iter 255) [0.0, 1.0059, 1.0489] = 456.1629, sampling [0.0, 1.2095, -1.2107]. Recommendation = [0.0, 1.0059, 1.0489], Current Cost = 62250.00, Rho = 1.000
(iter 255) [0.0, 1.0059, 1.0489] = 456.1629, sampling [0.0, 1.5361, 1.4083]. Recommendation = [0.0, 1.0059, 1.0489], Current Cost = 63250.00, Rho = 1.000
(iter 255) [0.0, 1.0059, 1.0489] = 456.1629, sampling [0.0, 1.4593, 0.5155]. Recommendation = [0.0, 1.0059, 1.0489], Current Cost = 64250.00, Rho = 1.000
(iter 255) [0.0, 1.0059, 1.0489] = 456.1629, sampling [0.0, -1.4290, 1.2317]. Recommendation = [0.0, 1.0059, 1.0489], Current Cost = 65250.00, Rho = 1.000
(iter 255) [0.0, 1.0059, 1.0489] = 456.1629, sampling [0.0, -0.2570, 1.7263]. Recommendation = [0.0, 1.0059, 1.0489], Current Cost = 66250.00, Rho = 1.000
(iter 255) [0.0, 1.0059, 1.0489] = 456.1629, sampling [0.0, -0.7042, -0.3985]. Recommendation = [0.0, 1.0059, 1.0489], Current Cost = 67250.00, Rho = 1.000
(iter 255) [0.0, 1.0059, 1.0489] = 456.1629, sampling [0.0, 1.7145, -1.6382]. Recommendation = [0.0, 1.0059, 1.0489], Current Cost = 68250.00, Rho = 1.000
(iter 255) [0.0, 1.0059, 1.0489] = 456.1629, sampling [0.0, -1.9106, 0.3227]. Recommendation = [0.0, 1.0059, 1.0489], Current Cost = 69250.00, Rho = 1.000
(iter 255) [0.0, 1.0059, 1.0489] = 456.1629, sampling [0.0, -1.2059, 1.3324]. Recommendation = [0.0, 1.0059, 1.0489], Current Cost = 70250.00, Rho = 1.000
(iter 255) [0.0, 1.0059, 1.0489] = 456.1629, sampling [0.0, -0.6345, 0.8378]. Recommendation = [0.0, 1.0059, 1.0489], Current Cost = 71250.00, Rho = 1.000
(iter 255) [0.0, 1.0059, 1.0489] = 456.1629, sampling [0.0, -0.3909, 1.6670]. Recommendation = [0.0, 1.0059, 1.0489], Current Cost = 72250.00, Rho = 1.000
(iter 255) [0.0, 1.0059, 1.0489] = 456.1629, sampling [0.0, -0.1292, -0.9778]. Recommendation = [0.0, 1.0059, 1.0489], Current Cost = 73250.00, Rho = 1.000
(iter 255) [0.0, 1.0059, 1.0489] = 456.1629, sampling [0.0, -1.1432, 0.6496]. Recommendation = [0.0, 1.0059, 1.0489], Current Cost = 74250.00, Rho = 1.000
(iter 255) [0.0, 1.0059, 1.0489] = 456.1629, sampling [0.0, 0.7907, -1.0122]. Recommendation = [0.0, 1.0059, 1.0489], Current Cost = 75250.00, Rho = 1.000
(iter 255) [0.0, 1.0059, 1.0489] = 456.1629, sampling [0.0, -1.7925, -0.2928]. Recommendation = [0.0, 1.0059, 1.0489], Current Cost = 76250.00, Rho = 1.000
(iter 255) [0.0, 1.0059, 1.0489] = 456.1629, sampling [0.0, -0.0881, -1.1673]. Recommendation = [0.0, 1.0059, 1.0489], Current Cost = 77250.00, Rho = 1.000
(iter 255) [0.0, 1.0059, 1.0489] = 456.1629, sampling [0.0, 0.2593, -0.6134]. Recommendation = [0.0, 1.0059, 1.0489], Current Cost = 78250.00, Rho = 1.000
(iter 255) [0.0, 1.0059, 1.0489] = 456.1629, sampling [0.0, -1.0935, 1.7427]. Recommendation = [0.0, 1.0059, 1.0489], Current Cost = 79250.00, Rho = 1.000
(iter 255) [0.0, 1.0059, 1.0489] = 456.1629, sampling [0.0, -1.0420, -1.8577]. Recommendation = [0.0, 1.0059, 1.0489], Current Cost = 80250.00, Rho = 1.000
(iter 255) [0.0, 1.0059, 1.0489] = 456.1629, sampling [0.0, -1.6631, -0.7903]. Recommendation = [0.0, 1.0059, 1.0489], Current Cost = 81250.00, Rho = 1.000
(iter 255) [0.0, 1.0059, 1.0489] = 456.1629, sampling [0.0, 1.6630, 1.8072]. Recommendation = [0.0, 1.0059, 1.0489], Current Cost = 82250.00, Rho = 1.000
(iter 255) [0.0, 1.0059, 1.0489] = 456.1629, sampling [0.0, -1.0312, -1.9939]. Recommendation = [0.0, 1.0059, 1.0489], Current Cost = 83250.00, Rho = 1.000
(iter 255) [0.0, 1.0059, 1.0489] = 456.1629, sampling [0.0, -0.1594, 0.2127]. Recommendation = [0.0, 1.0059, 1.0489], Current Cost = 84250.00, Rho = 1.000
(iter 255) [0.0, 1.0059, 1.0489] = 456.1629, sampling [0.0, 0.5936, 1.8715]. Recommendation = [0.0, 1.0059, 1.0489], Current Cost = 85250.00, Rho = 1.000
(iter 255) [0.0, 1.0059, 1.0489] = 456.1629, sampling [0.0, 0.3288, -0.5492]. Recommendation = [0.0, 1.0059, 1.0489], Current Cost = 86250.00, Rho = 1.000
(iter 255) [0.0, 1.0059, 1.0489] = 456.1629, sampling [0.0, -0.3468, -0.1051]. Recommendation = [0.0, 1.0059, 1.0489], Current Cost = 87250.00, Rho = 1.000
(iter 255) [0.0, 1.0059, 1.0489] = 456.1629, sampling [0.0, -0.7833, 0.7205]. Recommendation = [0.0, 1.0059, 1.0489], Current Cost = 88250.00, Rho = 1.000
(iter 255) [0.0, 1.0059, 1.0489] = 456.1629, sampling [0.0, 1.4813, -0.4168]. Recommendation = [0.0, 1.0059, 1.0489], Current Cost = 89250.00, Rho = 1.000
(iter 255) [0.0, 1.0059, 1.0489] = 456.1629, sampling [0.0, 1.5125, -0.3808]. Recommendation = [0.0, 1.0059, 1.0489], Current Cost = 90250.00, Rho = 1.000
(iter 255) [0.0, 1.0059, 1.0489] = 456.1629, sampling [0.0, 0.3636, -1.0361]. Recommendation = [0.0, 1.0059, 1.0489], Current Cost = 91250.00, Rho = 1.000
(iter 255) [0.0, 1.0059, 1.0489] = 456.1629, sampling [0.0, -0.6229, 0.0156]. Recommendation = [0.0, 1.0059, 1.0489], Current Cost = 92250.00, Rho = 1.000
(iter 255) [0.0, 1.0059, 1.0489] = 456.1629, sampling [0.0, -1.3925, 1.6138]. Recommendation = [0.0, 1.0059, 1.0489], Current Cost = 93250.00, Rho = 1.000
(iter 255) [0.0, 1.0059, 1.0489] = 456.1629, sampling [0.0, -0.6715, 0.5332]. Recommendation = [0.0, 1.0059, 1.0489], Current Cost = 94250.00, Rho = 1.000
(iter 255) [0.0, 1.0059, 1.0489] = 456.1629, sampling [0.0, -0.0774, 0.9359]. Recommendation = [0.0, 1.0059, 1.0489], Current Cost = 95250.00, Rho = 1.000
(iter 255) [0.0, 1.0059, 1.0489] = 456.1629, sampling [0.0, -1.4694, 0.6718]. Recommendation = [0.0, 1.0059, 1.0489], Current Cost = 96250.00, Rho = 1.000
(iter 255) [0.0, 1.0059, 1.0489] = 456.1629, sampling [0.0, 0.6152, 1.4468]. Recommendation = [0.0, 1.0059, 1.0489], Current Cost = 97250.00, Rho = 1.000
(iter 255) [0.0, 1.0059, 1.0489] = 456.1629, sampling [0.0, 0.5866, 0.5809]. Recommendation = [0.0, 1.0059, 1.0489], Current Cost = 98250.00, Rho = 1.000
(iter 255) [0.0, 1.0059, 1.0489] = 456.1629, sampling [0.0, 0.5668, 0.6806]. Recommendation = [0.0, 1.0059, 1.0489], Current Cost = 99250.00, Rho = 1.000
