(iter 10) [0.0, 1.3030, 1.8371] = 454.2644, sampling [1.0, -0.1407, 0.3391]. Recommendation = [0.0, 1.3030, 1.8371], Current Cost = 5005.00, Rho = 1.000
(iter 10) [0.0, 1.3030, 1.8371] = 454.2644, sampling [1.0, 0.4494, 1.2249]. Recommendation = [0.0, 1.3030, 1.8371], Current Cost = 5006.00, Rho = 1.000
(iter 10) [0.0, 1.3030, 1.8371] = 454.2644, sampling [1.0, 0.3135, 0.0462]. Recommendation = [0.0, 1.3030, 1.8371], Current Cost = 5007.00, Rho = 1.000
(iter 10) [0.0, 1.3030, 1.8371] = 454.2644, sampling [1.0, 1.1734, 0.9422]. Recommendation = [0.0, 0.2404, 0.1753], Current Cost = 5008.00, Rho = 1.000
(iter 10) [0.0, 1.3030, 1.8371] = 454.2644, sampling [1.0, 1.0813, 1.4263]. Recommendation = [0.0, 0.2404, 0.1753], Current Cost = 5009.00, Rho = 1.000
(iter 10) [0.0, 1.3030, 1.8371] = 454.2644, sampling [1.0, -0.4635, 0.9070]. Recommendation = [0.0, 0.2404, 0.1753], Current Cost = 5010.00, Rho = 1.000
(iter 10) [0.0, 1.3030, 1.8371] = 454.2644, sampling [1.0, 0.1297, 0.6974]. Recommendation = [0.0, 0.2404, 0.1753], Current Cost = 5011.00, Rho = 1.000
(iter 10) [0.0, 1.3030, 1.8371] = 454.2644, sampling [1.0, -0.6153, 0.4315]. Recommendation = [0.0, 0.2404, 0.1753], Current Cost = 5012.00, Rho = 1.000
(iter 10) [0.0, 1.3030, 1.8371] = 454.2644, sampling [1.0, 0.7030, 0.7801]. Recommendation = [0.0, 0.2404, 0.1753], Current Cost = 5013.00, Rho = 1.000
(iter 10) [0.0, 1.3030, 1.8371] = 454.2644, sampling [1.0, 1.1553, 0.0986]. Recommendation = [0.0, 0.2404, 0.1753], Current Cost = 5014.00, Rho = 1.000
(iter 10) [0.0, 1.3030, 1.8371] = 454.2644, sampling [1.0, -0.0534, -0.0458]. Recommendation = [0.0, 0.2404, 0.1753], Current Cost = 5015.00, Rho = 1.000
(iter 10) [0.0, 1.3030, 1.8371] = 454.2644, sampling [1.0, 0.8066, 1.7751]. Recommendation = [0.0, 0.1132, 0.1329], Current Cost = 5016.00, Rho = 1.000
(iter 10) [0.0, 1.3030, 1.8371] = 454.2644, sampling [1.0, 1.6621, 1.4987]. Recommendation = [0.0, 0.1132, 0.1329], Current Cost = 5017.00, Rho = 1.000
(iter 10) [0.0, 1.3030, 1.8371] = 454.2644, sampling [1.0, -0.3426, 0.0673]. Recommendation = [0.0, 0.1132, 0.1329], Current Cost = 5018.00, Rho = 1.000
(iter 10) [0.0, 1.3030, 1.8371] = 454.2644, sampling [1.0, 0.6224, -0.3084]. Recommendation = [0.0, 0.1132, 0.1329], Current Cost = 5019.00, Rho = 1.000
(iter 10) [0.0, 1.3030, 1.8371] = 454.2644, sampling [1.0, 1.0479, 0.6434]. Recommendation = [0.0, 0.1132, 0.1329], Current Cost = 5020.00, Rho = 1.000
(iter 10) [0.0, 1.3030, 1.8371] = 454.2644, sampling [1.0, -0.1782, 1.4179]. Recommendation = [0.0, 0.1132, 0.1329], Current Cost = 5021.00, Rho = 1.000
(iter 10) [0.0, 1.3030, 1.8371] = 454.2644, sampling [1.0, -0.2677, 0.5685]. Recommendation = [0.0, 0.1132, 0.1329], Current Cost = 5022.00, Rho = 1.000
(iter 10) [0.0, 1.3030, 1.8371] = 454.2644, sampling [1.0, 0.5855, 0.1845]. Recommendation = [0.0, 0.1132, 0.1329], Current Cost = 5023.00, Rho = 1.000
(iter 10) [0.0, 1.3030, 1.8371] = 454.2644, sampling [1.0, 1.6689, 0.6084]. Recommendation = [0.0, 0.1132, 0.1329], Current Cost = 5024.00, Rho = 1.000
(iter 10) [0.0, 1.3030, 1.8371] = 454.2644, sampling [1.0, -0.8406, 0.9451]. Recommendation = [0.0, 0.1132, 0.1329], Current Cost = 5025.00, Rho = 1.000
(iter 10) [0.0, 1.3030, 1.8371] = 454.2644, sampling [1.0, 0.0991, 0.3776]. Recommendation = [0.0, 0.1132, 0.1329], Current Cost = 5026.00, Rho = 1.000
(iter 10) [0.0, 1.3030, 1.8371] = 454.2644, sampling [1.0, -1.0301, 0.6736]. Recommendation = [0.0, 0.1132, 0.1329], Current Cost = 5027.00, Rho = 1.000
(iter 10) [0.0, 1.3030, 1.8371] = 454.2644, sampling [1.0, -0.9439, 1.3653]. Recommendation = [0.0, 0.4451, 0.2712], Current Cost = 5028.00, Rho = 1.000
(iter 10) [0.0, 1.3030, 1.8371] = 454.2644, sampling [1.0, -1.3359, 1.1636]. Recommendation = [0.0, 0.1132, 0.1329], Current Cost = 5029.00, Rho = 1.000
(iter 10) [0.0, 1.3030, 1.8371] = 454.2644, sampling [1.0, -1.0810, 1.0130]. Recommendation = [0.0, 0.1132, 0.1329], Current Cost = 5030.00, Rho = 1.000
(iter 10) [0.0, 1.3030, 1.8371] = 454.2644, sampling [1.0, -0.7786, 1.8938]. Recommendation = [0.0, 0.1132, 0.1329], Current Cost = 5031.00, Rho = 1.000
(iter 10) [0.0, 1.3030, 1.8371] = 454.2644, sampling [1.0, 0.9438, 0.8817]. Recommendation = [0.0, 0.1132, 0.1329], Current Cost = 5032.00, Rho = 1.000
(iter 10) [0.0, 1.3030, 1.8371] = 454.2644, sampling [1.0, 0.1652, -0.1092]. Recommendation = [0.0, 0.1132, 0.1329], Current Cost = 5033.00, Rho = 1.000
(iter 10) [0.0, 1.3030, 1.8371] = 454.2644, sampling [1.0, 0.3907, 0.8031]. Recommendation = [0.0, 0.1132, 0.1329], Current Cost = 5034.00, Rho = 1.000
(iter 10) [0.0, 1.3030, 1.8371] = 454.2644, sampling [1.0, 0.2095, -0.6231]. Recommendation = [0.0, 0.1132, 0.1329], Current Cost = 5035.00, Rho = 1.000
(iter 10) [0.0, 1.3030, 1.8371] = 454.2644, sampling [1.0, -0.0315, -0.2711]. Recommendation = [0.0, 0.9438, 0.8817], Current Cost = 5036.00, Rho = 1.000
(iter 10) [0.0, 1.3030, 1.8371] = 454.2644, sampling [1.0, 1.2772, 1.2104]. Recommendation = [0.0, 0.9438, 0.8817], Current Cost = 5037.00, Rho = 1.000
(iter 10) [0.0, 1.3030, 1.8371] = 454.2644, sampling [1.0, -1.5051, 1.6027]. Recommendation = [0.0, 0.9438, 0.8817], Current Cost = 5038.00, Rho = 1.000
(iter 10) [0.0, 1.3030, 1.8371] = 454.2644, sampling [1.0, -1.2518, 1.4412]. Recommendation = [0.0, 0.9438, 0.8817], Current Cost = 5039.00, Rho = 1.000
(iter 10) [0.0, 1.3030, 1.8371] = 454.2644, sampling [1.0, -0.0152, 0.9924]. Recommendation = [0.0, 0.9438, 0.8817], Current Cost = 5040.00, Rho = 1.000
(iter 10) [0.0, 1.3030, 1.8371] = 454.2644, sampling [1.0, 0.3664, 0.2906]. Recommendation = [0.0, 0.9438, 0.8817], Current Cost = 5041.00, Rho = 1.000
(iter 10) [0.0, 1.3030, 1.8371] = 454.2644, sampling [1.0, -1.7389, 1.1956]. Recommendation = [0.0, 0.9438, 0.8817], Current Cost = 5042.00, Rho = 1.000
(iter 10) [0.0, 1.3030, 1.8371] = 454.2644, sampling [1.0, 1.2822, 1.6494]. Recommendation = [0.0, 0.9438, 0.8817], Current Cost = 5043.00, Rho = 1.000
(iter 10) [0.0, 1.3030, 1.8371] = 454.2644, sampling [1.0, -0.8869, 0.2469]. Recommendation = [0.0, 0.9438, 0.8817], Current Cost = 5044.00, Rho = 1.000
(iter 10) [0.0, 1.3030, 1.8371] = 454.2644, sampling [1.0, 0.9108, -0.7533]. Recommendation = [0.0, 0.9438, 0.8817], Current Cost = 5045.00, Rho = 1.000
(iter 10) [0.0, 1.3030, 1.8371] = 454.2644, sampling [1.0, -0.5249, -0.1309]. Recommendation = [0.0, 0.9438, 0.8817], Current Cost = 5046.00, Rho = 1.000
(iter 10) [0.0, 1.3030, 1.8371] = 454.2644, sampling [1.0, 0.1132, 0.1329]. Recommendation = [0.0, -0.2187, -0.0288], Current Cost = 5047.00, Rho = 1.000
(iter 10) [0.0, 1.3030, 1.8371] = 454.2644, sampling [1.0, 0.0333, 1.7973]. Recommendation = [0.0, -0.2187, -0.0288], Current Cost = 5048.00, Rho = 1.000
(iter 10) [0.0, 1.3030, 1.8371] = 454.2644, sampling [1.0, 0.6393, -0.1232]. Recommendation = [0.0, -0.2187, -0.0288], Current Cost = 5049.00, Rho = 1.000
(iter 10) [0.0, 1.3030, 1.8371] = 454.2644, sampling [1.0, 1.8217, 1.9513]. Recommendation = [0.0, -0.2187, -0.0288], Current Cost = 5050.00, Rho = 1.000
(iter 10) [0.0, 1.3030, 1.8371] = 454.2644, sampling [1.0, -0.6855, 1.5865]. Recommendation = [0.0, -0.2187, -0.0288], Current Cost = 5051.00, Rho = 1.000
(iter 10) [0.0, 1.3030, 1.8371] = 454.2644, sampling [1.0, 1.1478, 1.9572]. Recommendation = [0.0, -0.2187, -0.0288], Current Cost = 5052.00, Rho = 1.000
(iter 10) [0.0, 1.3030, 1.8371] = 454.2644, sampling [1.0, -1.0569, 1.2348]. Recommendation = [0.0, -0.2187, -0.0288], Current Cost = 5053.00, Rho = 1.000
(iter 10) [0.0, 1.3030, 1.8371] = 454.2644, sampling [1.0, -0.7407, 1.0572]. Recommendation = [0.0, -0.2187, -0.0288], Current Cost = 5054.00, Rho = 1.000
(iter 10) [0.0, 1.3030, 1.8371] = 454.2644, sampling [1.0, 0.6033, 1.4844]. Recommendation = [0.0, -0.2187, -0.0288], Current Cost = 5055.00, Rho = 1.000
(iter 10) [0.0, 1.3030, 1.8371] = 454.2644, sampling [1.0, -0.2788, -0.1820]. Recommendation = [0.0, -0.2187, -0.0288], Current Cost = 5056.00, Rho = 1.000
(iter 10) [0.0, 1.3030, 1.8371] = 454.2644, sampling [1.0, 1.1154, 1.6199]. Recommendation = [0.0, -0.2187, -0.0288], Current Cost = 5057.00, Rho = 1.000
(iter 10) [0.0, 1.3030, 1.8371] = 454.2644, sampling [1.0, 0.4813, -0.6249]. Recommendation = [0.0, -0.2187, -0.0288], Current Cost = 5058.00, Rho = 1.000
(iter 10) [0.0, 1.3030, 1.8371] = 454.2644, sampling [1.0, -1.2049, 0.8573]. Recommendation = [0.0, -0.2187, -0.0288], Current Cost = 5059.00, Rho = 1.000
(iter 10) [0.0, 1.3030, 1.8371] = 454.2644, sampling [1.0, -0.9752, 1.7058]. Recommendation = [0.0, -0.2187, -0.0288], Current Cost = 5060.00, Rho = 1.000
(iter 10) [0.0, 1.3030, 1.8371] = 454.2644, sampling [1.0, 1.3379, 1.3824]. Recommendation = [0.0, -0.2187, -0.0288], Current Cost = 5061.00, Rho = 1.000
(iter 10) [0.0, 1.3030, 1.8371] = 454.2644, sampling [1.0, 0.5375, 1.0442]. Recommendation = [0.0, -0.2187, -0.0288], Current Cost = 5062.00, Rho = 1.000
(iter 10) [0.0, 1.3030, 1.8371] = 454.2644, sampling [1.0, -0.0462, 0.5791]. Recommendation = [0.0, -0.2187, -0.0288], Current Cost = 5063.00, Rho = 1.000
(iter 10) [0.0, 1.3030, 1.8371] = 454.2644, sampling [1.0, 1.0194, -0.1608]. Recommendation = [0.0, -0.2187, -0.0288], Current Cost = 5064.00, Rho = 1.000
(iter 10) [0.0, 1.3030, 1.8371] = 454.2644, sampling [1.0, -0.4088, 1.1141]. Recommendation = [0.0, -0.2187, -0.0288], Current Cost = 5065.00, Rho = 1.000
(iter 10) [0.0, 1.3030, 1.8371] = 454.2644, sampling [1.0, 0.4651, 0.0851]. Recommendation = [0.0, -0.2187, -0.0288], Current Cost = 5066.00, Rho = 1.000
(iter 10) [0.0, 1.3030, 1.8371] = 454.2644, sampling [1.0, 0.1862, 0.4867]. Recommendation = [0.0, -0.2187, -0.0288], Current Cost = 5067.00, Rho = 1.000
(iter 10) [0.0, 1.3030, 1.8371] = 454.2644, sampling [1.0, -0.8175, 1.2636]. Recommendation = [0.0, -0.2187, -0.0288], Current Cost = 5068.00, Rho = 1.000
(iter 10) [0.0, 1.3030, 1.8371] = 454.2644, sampling [1.0, -0.2187, -0.0288]. Recommendation = [0.0, -0.2187, -0.0288], Current Cost = 5069.00, Rho = 1.000
(iter 10) [0.0, 1.3030, 1.8371] = 454.2644, sampling [1.0, 1.6859, -0.5444]. Recommendation = [0.0, 0.9438, 0.8817], Current Cost = 5070.00, Rho = 1.000
(iter 10) [0.0, 1.3030, 1.8371] = 454.2644, sampling [1.0, 1.5924, 1.8839]. Recommendation = [0.0, 0.9438, 0.8817], Current Cost = 5071.00, Rho = 1.000
(iter 10) [0.0, 1.3030, 1.8371] = 454.2644, sampling [1.0, 0.9519, 0.7143]. Recommendation = [0.0, 0.9438, 0.8817], Current Cost = 5072.00, Rho = 1.000
(iter 10) [0.0, 1.3030, 1.8371] = 454.2644, sampling [1.0, -0.3223, -0.5392]. Recommendation = [0.0, 0.9438, 0.8817], Current Cost = 5073.00, Rho = 1.000
(iter 10) [0.0, 1.3030, 1.8371] = 454.2644, sampling [1.0, 0.1980, -1.0107]. Recommendation = [0.0, 0.9438, 0.8817], Current Cost = 5074.00, Rho = 1.000
(iter 10) [0.0, 1.3030, 1.8371] = 454.2644, sampling [1.0, -0.9577, 0.0186]. Recommendation = [0.0, 0.9438, 0.8817], Current Cost = 5075.00, Rho = 1.000
(iter 10) [0.0, 1.3030, 1.8371] = 454.2644, sampling [1.0, -1.1165, 0.5190]. Recommendation = [0.0, 0.9438, 0.8817], Current Cost = 5076.00, Rho = 1.000
(iter 10) [0.0, 1.3030, 1.8371] = 454.2644, sampling [1.0, 0.8389, 1.5746]. Recommendation = [0.0, 0.9438, 0.8817], Current Cost = 5077.00, Rho = 1.000
(iter 10) [0.0, 1.3030, 1.8371] = 454.2644, sampling [1.0, 0.2725, 0.2016]. Recommendation = [0.0, 0.9438, 0.8817], Current Cost = 5078.00, Rho = 1.000
(iter 10) [0.0, 1.3030, 1.8371] = 454.2644, sampling [1.0, 0.5258, 1.9297]. Recommendation = [0.0, 0.9438, 0.8817], Current Cost = 5079.00, Rho = 1.000
(iter 10) [0.0, 1.3030, 1.8371] = 454.2644, sampling [1.0, 0.3229, -0.7921]. Recommendation = [0.0, 0.9438, 0.8817], Current Cost = 5080.00, Rho = 1.000
(iter 10) [0.0, 1.3030, 1.8371] = 454.2644, sampling [1.0, -0.6478, 0.5023]. Recommendation = [0.0, 0.9438, 0.8817], Current Cost = 5081.00, Rho = 1.000
(iter 10) [0.0, 1.3030, 1.8371] = 454.2644, sampling [1.0, -1.4693, 0.8476]. Recommendation = [0.0, 0.9438, 0.8817], Current Cost = 5082.00, Rho = 1.000
(iter 10) [0.0, 1.3030, 1.8371] = 454.2644, sampling [1.0, -1.4309, 1.3354]. Recommendation = [0.0, 0.9438, 0.8817], Current Cost = 5083.00, Rho = 1.000
(iter 10) [0.0, 1.3030, 1.8371] = 454.2644, sampling [1.0, 0.5749, -1.2630]. Recommendation = [0.0, 0.9438, 0.8817], Current Cost = 5084.00, Rho = 1.000
(iter 10) [0.0, 1.3030, 1.8371] = 454.2644, sampling [1.0, -0.4702, -0.2315]. Recommendation = [0.0, 0.9438, 0.8817], Current Cost = 5085.00, Rho = 1.000
(iter 10) [0.0, 1.3030, 1.8371] = 454.2644, sampling [1.0, 1.1878, 0.5942]. Recommendation = [0.0, 0.9438, 0.8817], Current Cost = 5086.00, Rho = 1.000
(iter 10) [0.0, 1.3030, 1.8371] = 454.2644, sampling [1.0, 1.4814, 0.9274]. Recommendation = [0.0, 0.9438, 0.8817], Current Cost = 5087.00, Rho = 1.000
(iter 10) [0.0, 1.3030, 1.8371] = 454.2644, sampling [1.0, -0.4196, 1.9921]. Recommendation = [0.0, 0.9438, 0.8817], Current Cost = 5088.00, Rho = 1.000
(iter 10) [0.0, 1.3030, 1.8371] = 454.2644, sampling [1.0, -1.3249, 1.5053]. Recommendation = [0.0, 0.9438, 0.8817], Current Cost = 5089.00, Rho = 1.000
(iter 10) [0.0, 1.3030, 1.8371] = 454.2644, sampling [1.0, 0.7702, -0.4042]. Recommendation = [0.0, 0.9438, 0.8817], Current Cost = 5090.00, Rho = 1.000
(iter 10) [0.0, 1.3030, 1.8371] = 454.2644, sampling [1.0, -0.3627, -0.9261]. Recommendation = [0.0, 0.9438, 0.8817], Current Cost = 5091.00, Rho = 1.000
(iter 10) [0.0, 1.3030, 1.8371] = 454.2644, sampling [1.0, -0.0769, -1.1402]. Recommendation = [0.0, 0.9438, 0.8817], Current Cost = 5092.00, Rho = 1.000
(iter 10) [0.0, 1.3030, 1.8371] = 454.2644, sampling [1.0, -0.5104, -0.6572]. Recommendation = [0.0, 0.9438, 0.8817], Current Cost = 5093.00, Rho = 1.000
(iter 10) [0.0, 1.3030, 1.8371] = 454.2644, sampling [1.0, 0.2996, 1.3926]. Recommendation = [0.0, 0.9438, 0.8817], Current Cost = 5094.00, Rho = 1.000
(iter 10) [0.0, 1.3030, 1.8371] = 454.2644, sampling [1.0, -0.2007, 0.4044]. Recommendation = [0.0, 0.9438, 0.8817], Current Cost = 5095.00, Rho = 1.000
(iter 10) [0.0, 1.3030, 1.8371] = 454.2644, sampling [1.0, 1.2390, 1.1283]. Recommendation = [0.0, 0.9438, 0.8817], Current Cost = 5096.00, Rho = 1.000
(iter 10) [0.0, 1.3030, 1.8371] = 454.2644, sampling [1.0, 0.4451, 0.2712]. Recommendation = [0.0, 0.9438, 0.8817], Current Cost = 5097.00, Rho = 1.000
(iter 10) [0.0, 1.3030, 1.8371] = 454.2644, sampling [1.0, 1.9138, 1.1511]. Recommendation = [0.0, 0.9438, 0.8817], Current Cost = 5098.00, Rho = 1.000
(iter 10) [0.0, 1.3030, 1.8371] = 454.2644, sampling [1.0, -0.5434, 0.8765]. Recommendation = [0.0, 0.9438, 0.8817], Current Cost = 5099.00, Rho = 1.000
(iter 10) [0.0, 1.3030, 1.8371] = 454.2644, sampling [1.0, -1.2171, 0.7231]. Recommendation = [0.0, 0.9438, 0.8817], Current Cost = 5100.00, Rho = 1.000
(iter 10) [0.0, 1.3030, 1.8371] = 454.2644, sampling [1.0, 0.8313, 1.9838]. Recommendation = [0.0, 0.9438, 0.8817], Current Cost = 5101.00, Rho = 1.000
(iter 10) [0.0, 1.3030, 1.8371] = 454.2644, sampling [1.0, 0.1590, -1.6346]. Recommendation = [0.0, 0.9438, 0.8817], Current Cost = 5102.00, Rho = 1.000
(iter 10) [0.0, 1.3030, 1.8371] = 454.2644, sampling [1.0, 0.9916, -1.9647]. Recommendation = [0.0, 0.9438, 0.8817], Current Cost = 5103.00, Rho = 1.000
(iter 10) [0.0, 1.3030, 1.8371] = 454.2644, sampling [1.0, 0.6501, -0.5926]. Recommendation = [0.0, 0.9438, 0.8817], Current Cost = 5104.00, Rho = 1.000
(iter 10) [0.0, 1.3030, 1.8371] = 454.2644, sampling [1.0, 0.2712, -1.2683]. Recommendation = [0.0, 0.9438, 0.8817], Current Cost = 5105.00, Rho = 1.000
(iter 10) [0.0, 1.3030, 1.8371] = 454.2644, sampling [1.0, -0.1633, -0.2868]. Recommendation = [0.0, 0.9438, 0.8817], Current Cost = 5106.00, Rho = 1.000
(iter 10) [0.0, 1.3030, 1.8371] = 454.2644, sampling [1.0, 0.0866, 0.5486]. Recommendation = [0.0, 0.9438, 0.8817], Current Cost = 5107.00, Rho = 1.000
(iter 10) [0.0, 1.3030, 1.8371] = 454.2644, sampling [1.0, -1.7162, 1.5281]. Recommendation = [0.0, 0.9438, 0.8817], Current Cost = 5108.00, Rho = 1.000
(iter 10) [0.0, 1.3030, 1.8371] = 454.2644, sampling [1.0, 0.6751, -0.9505]. Recommendation = [0.0, 0.9438, 0.8817], Current Cost = 5109.00, Rho = 1.000
(iter 10) [0.0, 1.3030, 1.8371] = 454.2644, sampling [1.0, 0.0496, 1.3211]. Recommendation = [0.0, 0.9438, 0.8817], Current Cost = 5110.00, Rho = 1.000
(iter 10) [0.0, 1.3030, 1.8371] = 454.2644, sampling [1.0, -1.5484, 0.5409]. Recommendation = [0.0, 0.9438, 0.8817], Current Cost = 5111.00, Rho = 1.000
(iter 10) [0.0, 1.3030, 1.8371] = 454.2644, sampling [1.0, -1.4108, 1.5472]. Recommendation = [0.0, 0.9438, 0.8817], Current Cost = 5112.00, Rho = 1.000
(iter 10) [0.0, 1.3030, 1.8371] = 454.2644, sampling [1.0, -0.8148, 1.3554]. Recommendation = [0.0, 0.9438, 0.8817], Current Cost = 5113.00, Rho = 1.000
(iter 10) [0.0, 1.3030, 1.8371] = 454.2644, sampling [1.0, 1.3487, 1.2906]. Recommendation = [0.0, 0.9438, 0.8817], Current Cost = 5114.00, Rho = 1.000
(iter 10) [0.0, 1.3030, 1.8371] = 454.2644, sampling [1.0, -1.0173, -0.4818]. Recommendation = [0.0, 0.9438, 0.8817], Current Cost = 5115.00, Rho = 1.000
(iter 10) [0.0, 1.3030, 1.8371] = 454.2644, sampling [1.0, -0.7289, -0.7136]. Recommendation = [0.0, 0.9438, 0.8817], Current Cost = 5116.00, Rho = 1.000
(iter 10) [0.0, 1.3030, 1.8371] = 454.2644, sampling [1.0, 0.9184, 1.8139]. Recommendation = [0.0, 0.9438, 0.8817], Current Cost = 5117.00, Rho = 1.000
(iter 10) [0.0, 1.3030, 1.8371] = 454.2644, sampling [1.0, 0.3779, -0.9066]. Recommendation = [0.0, 0.9438, 0.8817], Current Cost = 5118.00, Rho = 1.000
(iter 10) [0.0, 1.3030, 1.8371] = 454.2644, sampling [1.0, -0.0947, -1.4650]. Recommendation = [0.0, 0.9438, 0.8817], Current Cost = 5119.00, Rho = 1.000
(iter 10) [0.0, 1.3030, 1.8371] = 454.2644, sampling [1.0, -0.4375, 1.7293]. Recommendation = [0.0, 0.9438, 0.8817], Current Cost = 5120.00, Rho = 1.000
(iter 10) [0.0, 1.3030, 1.8371] = 454.2644, sampling [1.0, -0.7857, 1.6758]. Recommendation = [0.0, 0.9438, 0.8817], Current Cost = 5121.00, Rho = 1.000
(iter 10) [0.0, 1.3030, 1.8371] = 454.2644, sampling [1.0, -0.5627, -0.8772]. Recommendation = [0.0, 0.9438, 0.8817], Current Cost = 5122.00, Rho = 1.000
(iter 10) [0.0, 1.3030, 1.8371] = 454.2644, sampling [1.0, -0.4805, 0.9896]. Recommendation = [0.0, 0.9438, 0.8817], Current Cost = 5123.00, Rho = 1.000
(iter 10) [0.0, 1.3030, 1.8371] = 454.2644, sampling [1.0, 0.2404, 0.1753]. Recommendation = [0.0, 0.9438, 0.8817], Current Cost = 5124.00, Rho = 1.000
(iter 10) [0.0, 1.3030, 1.8371] = 454.2644, sampling [1.0, -1.3765, -0.2105]. Recommendation = [0.0, 0.9438, 0.8817], Current Cost = 5125.00, Rho = 1.000
(iter 10) [0.0, 1.3030, 1.8371] = 454.2644, sampling [1.0, -1.0482, 0.6252]. Recommendation = [0.0, 0.9438, 0.8817], Current Cost = 5126.00, Rho = 1.000
(iter 10) [0.0, 1.3030, 1.8371] = 454.2644, sampling [1.0, -1.9792, 0.7636]. Recommendation = [0.0, 0.9438, 0.8817], Current Cost = 5127.00, Rho = 1.000
(iter 10) [0.0, 1.3030, 1.8371] = 454.2644, sampling [1.0, 0.0036, -1.0872]. Recommendation = [0.0, 0.9438, 0.8817], Current Cost = 5128.00, Rho = 1.000
(iter 10) [0.0, 1.3030, 1.8371] = 454.2644, sampling [1.0, -0.5906, -1.2158]. Recommendation = [0.0, 0.9438, 0.8817], Current Cost = 5129.00, Rho = 1.000
(iter 10) [0.0, 1.3030, 1.8371] = 454.2644, sampling [1.0, -1.3672, 0.7437]. Recommendation = [0.0, 0.9438, 0.8817], Current Cost = 5130.00, Rho = 1.000
(iter 10) [0.0, 1.3030, 1.8371] = 454.2644, sampling [1.0, -1.5929, 1.6345]. Recommendation = [0.0, 0.9438, 0.8817], Current Cost = 5131.00, Rho = 1.000
(iter 10) [0.0, 1.3030, 1.8371] = 454.2644, sampling [1.0, 1.0574, -0.3860]. Recommendation = [0.0, 0.9438, 0.8817], Current Cost = 5132.00, Rho = 1.000
(iter 10) [0.0, 1.3030, 1.8371] = 454.2644, sampling [1.0, -0.1541, -1.8404]. Recommendation = [0.0, 0.9438, 0.8817], Current Cost = 5133.00, Rho = 1.000
(iter 10) [0.0, 1.3030, 1.8371] = 454.2644, sampling [1.0, 0.0736, 1.5565]. Recommendation = [0.0, 0.9438, 0.8817], Current Cost = 5134.00, Rho = 1.000
(iter 10) [0.0, 1.3030, 1.8371] = 454.2644, sampling [1.0, -0.9131, 1.6839]. Recommendation = [0.0, 0.9438, 0.8817], Current Cost = 5135.00, Rho = 1.000
(iter 10) [0.0, 1.3030, 1.8371] = 454.2644, sampling [1.0, 0.4082, -1.5054]. Recommendation = [0.0, 0.9438, 0.8817], Current Cost = 5136.00, Rho = 1.000
(iter 10) [0.0, 1.3030, 1.8371] = 454.2644, sampling [1.0, -1.6263, 1.4675]. Recommendation = [0.0, 0.9438, 0.8817], Current Cost = 5137.00, Rho = 1.000
(iter 10) [0.0, 1.3030, 1.8371] = 454.2644, sampling [1.0, 0.3476, -0.7450]. Recommendation = [0.0, 0.9438, 0.8817], Current Cost = 5138.00, Rho = 1.000
(iter 10) [0.0, 1.3030, 1.8371] = 454.2644, sampling [1.0, 1.2545, 0.1514]. Recommendation = [0.0, 0.9438, 0.8817], Current Cost = 5139.00, Rho = 1.000
(iter 10) [0.0, 1.3030, 1.8371] = 454.2644, sampling [1.0, -0.7620, -0.9607]. Recommendation = [0.0, 0.9438, 0.8817], Current Cost = 5140.00, Rho = 1.000
(iter 10) [0.0, 1.3030, 1.8371] = 454.2644, sampling [1.0, -0.7000, 1.7889]. Recommendation = [0.0, 0.9438, 0.8817], Current Cost = 5141.00, Rho = 1.000
(iter 10) [0.0, 1.3030, 1.8371] = 454.2644, sampling [1.0, 0.4162, 1.3047]. Recommendation = [0.0, 0.9438, 0.8817], Current Cost = 5142.00, Rho = 1.000
(iter 10) [0.0, 1.3030, 1.8371] = 454.2644, sampling [1.0, 0.0191, -1.1737]. Recommendation = [0.0, 0.9438, 0.8817], Current Cost = 5143.00, Rho = 1.000
(iter 10) [0.0, 1.3030, 1.8371] = 454.2644, sampling [1.0, 0.9677, -1.3536]. Recommendation = [0.0, 0.9438, 0.8817], Current Cost = 5144.00, Rho = 1.000
(iter 10) [0.0, 1.3030, 1.8371] = 454.2644, sampling [1.0, -0.2430, 1.7537]. Recommendation = [0.0, 0.9438, 0.8817], Current Cost = 5145.00, Rho = 1.000
(iter 10) [0.0, 1.3030, 1.8371] = 454.2644, sampling [1.0, 1.8896, -1.9038]. Recommendation = [0.0, 0.9438, 0.8817], Current Cost = 5146.00, Rho = 1.000
(iter 10) [0.0, 1.3030, 1.8371] = 454.2644, sampling [1.0, 1.5746, 0.2755]. Recommendation = [0.0, 0.9438, 0.8817], Current Cost = 5147.00, Rho = 1.000
(iter 10) [0.0, 1.3030, 1.8371] = 454.2644, sampling [1.0, -1.3529, 0.4358]. Recommendation = [0.0, 0.9438, 0.8817], Current Cost = 5148.00, Rho = 1.000
(iter 10) [0.0, 1.3030, 1.8371] = 454.2644, sampling [1.0, 0.8885, 1.9137]. Recommendation = [0.0, 0.9438, 0.8817], Current Cost = 5149.00, Rho = 1.000
(iter 10) [0.0, 1.3030, 1.8371] = 454.2644, sampling [1.0, 1.0356, 0.6618]. Recommendation = [0.0, 0.9438, 0.8817], Current Cost = 5150.00, Rho = 1.000
(iter 10) [0.0, 1.3030, 1.8371] = 454.2644, sampling [1.0, -0.9835, -0.6525]. Recommendation = [0.0, 0.9438, 0.8817], Current Cost = 5151.00, Rho = 1.000
(iter 10) [0.0, 1.3030, 1.8371] = 454.2644, sampling [1.0, 0.7872, -0.8602]. Recommendation = [0.0, 0.9438, 0.8817], Current Cost = 5152.00, Rho = 1.000
(iter 10) [0.0, 1.3030, 1.8371] = 454.2644, sampling [1.0, -0.6348, -1.4445]. Recommendation = [0.0, 0.9438, 0.8817], Current Cost = 5153.00, Rho = 1.000
(iter 10) [0.0, 1.3030, 1.8371] = 454.2644, sampling [1.0, -0.5938, -0.8211]. Recommendation = [0.0, 0.9438, 0.8817], Current Cost = 5154.00, Rho = 1.000
(iter 10) [0.0, 1.3030, 1.8371] = 454.2644, sampling [1.0, 0.6597, -1.5641]. Recommendation = [0.0, 0.9438, 0.8817], Current Cost = 5155.00, Rho = 1.000
(iter 10) [0.0, 1.3030, 1.8371] = 454.2644, sampling [1.0, -0.8995, -0.8104]. Recommendation = [0.0, 0.9438, 0.8817], Current Cost = 5156.00, Rho = 1.000
(iter 10) [0.0, 1.3030, 1.8371] = 454.2644, sampling [1.0, -0.6623, -1.7920]. Recommendation = [0.0, 0.9438, 0.8817], Current Cost = 5157.00, Rho = 1.000
(iter 10) [0.0, 1.3030, 1.8371] = 454.2644, sampling [1.0, -0.1163, -1.7070]. Recommendation = [0.0, 0.9438, 0.8817], Current Cost = 5158.00, Rho = 1.000
(iter 10) [0.0, 1.3030, 1.8371] = 454.2644, sampling [1.0, 1.4393, -0.0065]. Recommendation = [0.0, 0.9438, 0.8817], Current Cost = 5159.00, Rho = 1.000
(iter 10) [0.0, 1.3030, 1.8371] = 454.2644, sampling [1.0, 1.0999, -0.6909]. Recommendation = [0.0, 0.9438, 0.8817], Current Cost = 5160.00, Rho = 1.000
(iter 10) [0.0, 1.3030, 1.8371] = 454.2644, sampling [1.0, -0.3038, -1.7952]. Recommendation = [0.0, 0.9438, 0.8817], Current Cost = 5161.00, Rho = 1.000
(iter 10) [0.0, 1.3030, 1.8371] = 454.2644, sampling [1.0, -1.8116, 0.0575]. Recommendation = [0.0, 0.9438, 0.8817], Current Cost = 5162.00, Rho = 1.000
(iter 10) [0.0, 1.3030, 1.8371] = 454.2644, sampling [1.0, 0.5055, 1.8496]. Recommendation = [0.0, 0.9438, 0.8817], Current Cost = 5163.00, Rho = 1.000
(iter 10) [0.0, 1.3030, 1.8371] = 454.2644, sampling [1.0, 1.2155, -0.3676]. Recommendation = [0.0, 0.9438, 0.8817], Current Cost = 5164.00, Rho = 1.000
(iter 10) [0.0, 1.3030, 1.8371] = 454.2644, sampling [1.0, 0.2255, -1.7238]. Recommendation = [0.0, 0.9438, 0.8817], Current Cost = 5165.00, Rho = 1.000
(iter 10) [0.0, 1.3030, 1.8371] = 454.2644, sampling [1.0, 1.9974, 0.3863]. Recommendation = [0.0, 0.9438, 0.8817], Current Cost = 5166.00, Rho = 1.000
(iter 10) [0.0, 1.3030, 1.8371] = 454.2644, sampling [1.0, -0.8667, -1.0920]. Recommendation = [0.0, 0.9438, 0.8817], Current Cost = 5167.00, Rho = 1.000
(iter 10) [0.0, 1.3030, 1.8371] = 454.2644, sampling [1.0, -0.5552, -1.3429]. Recommendation = [0.0, 0.9438, 0.8817], Current Cost = 5168.00, Rho = 1.000
(iter 10) [0.0, 1.3030, 1.8371] = 454.2644, sampling [1.0, -1.6088, 0.8196]. Recommendation = [0.0, 0.9438, 0.8817], Current Cost = 5169.00, Rho = 1.000
(iter 10) [0.0, 1.3030, 1.8371] = 454.2644, sampling [1.0, -0.3152, 1.8596]. Recommendation = [0.0, 0.9438, 0.8817], Current Cost = 5170.00, Rho = 1.000
(iter 10) [0.0, 1.3030, 1.8371] = 454.2644, sampling [1.0, 0.8728, -0.8847]. Recommendation = [0.0, 0.9438, 0.8817], Current Cost = 5171.00, Rho = 1.000
(iter 10) [0.0, 1.3030, 1.8371] = 454.2644, sampling [1.0, -1.7028, 1.2728]. Recommendation = [0.0, 0.9438, 0.8817], Current Cost = 5172.00, Rho = 1.000
(iter 10) [0.0, 1.3030, 1.8371] = 454.2644, sampling [1.0, -0.7144, -1.2946]. Recommendation = [0.0, 0.9438, 0.8817], Current Cost = 5173.00, Rho = 1.000
(iter 10) [0.0, 1.3030, 1.8371] = 454.2644, sampling [1.0, -1.2816, 0.3134]. Recommendation = [0.0, 0.9438, 0.8817], Current Cost = 5174.00, Rho = 1.000
(iter 10) [0.0, 1.3030, 1.8371] = 454.2644, sampling [1.0, 0.7391, -1.4079]. Recommendation = [0.0, 0.9438, 0.8817], Current Cost = 5175.00, Rho = 1.000
(iter 10) [0.0, 1.3030, 1.8371] = 454.2644, sampling [1.0, -0.1026, -1.5312]. Recommendation = [0.0, 0.9438, 0.8817], Current Cost = 5176.00, Rho = 1.000
(iter 10) [0.0, 1.3030, 1.8371] = 454.2644, sampling [1.0, -1.2468, -0.8463]. Recommendation = [0.0, 0.9438, 0.8817], Current Cost = 5177.00, Rho = 1.000
(iter 10) [0.0, 1.3030, 1.8371] = 454.2644, sampling [1.0, -0.3853, -0.9339]. Recommendation = [0.0, 0.9438, 0.8817], Current Cost = 5178.00, Rho = 1.000
(iter 10) [0.0, 1.3030, 1.8371] = 454.2644, sampling [1.0, 0.7311, -1.8854]. Recommendation = [0.0, 0.9438, 0.8817], Current Cost = 5179.00, Rho = 1.000
(iter 10) [0.0, 1.3030, 1.8371] = 454.2644, sampling [1.0, -1.7472, 0.9693]. Recommendation = [0.0, 0.9438, 0.8817], Current Cost = 5180.00, Rho = 1.000
(iter 10) [0.0, 1.3030, 1.8371] = 454.2644, sampling [1.0, -0.3702, 1.7214]. Recommendation = [0.0, 0.9438, 0.8817], Current Cost = 5181.00, Rho = 1.000
(iter 10) [0.0, 1.3030, 1.8371] = 454.2644, sampling [1.0, -1.0074, -1.0413]. Recommendation = [0.0, 0.9438, 0.8817], Current Cost = 5182.00, Rho = 1.000
(iter 10) [0.0, 1.3030, 1.8371] = 454.2644, sampling [1.0, 1.7998, 0.7974]. Recommendation = [0.0, 0.9438, 0.8817], Current Cost = 5183.00, Rho = 1.000
(iter 10) [0.0, 1.3030, 1.8371] = 454.2644, sampling [1.0, -1.6796, 1.1760]. Recommendation = [0.0, 0.9438, 0.8817], Current Cost = 5184.00, Rho = 1.000
(iter 10) [0.0, 1.3030, 1.8371] = 454.2644, sampling [1.0, -1.5304, -0.3792]. Recommendation = [0.0, 0.9438, 0.8817], Current Cost = 5185.00, Rho = 1.000
(iter 10) [0.0, 1.3030, 1.8371] = 454.2644, sampling [1.0, -0.8526, -1.8126]. Recommendation = [0.0, 0.9438, 0.8817], Current Cost = 5186.00, Rho = 1.000
(iter 10) [0.0, 1.3030, 1.8371] = 454.2644, sampling [1.0, 1.5074, -0.2557]. Recommendation = [0.0, 0.9438, 0.8817], Current Cost = 5187.00, Rho = 1.000
(iter 10) [0.0, 1.3030, 1.8371] = 454.2644, sampling [1.0, 0.7672, -1.6562]. Recommendation = [0.0, 0.9438, 0.8817], Current Cost = 5188.00, Rho = 1.000
(iter 10) [0.0, 1.3030, 1.8371] = 454.2644, sampling [1.0, 1.5421, 0.1148]. Recommendation = [0.0, 0.9438, 0.8817], Current Cost = 5189.00, Rho = 1.000
(iter 10) [0.0, 1.3030, 1.8371] = 454.2644, sampling [1.0, -1.7948, 1.0846]. Recommendation = [0.0, 0.9438, 0.8817], Current Cost = 5190.00, Rho = 1.000
(iter 10) [0.0, 1.3030, 1.8371] = 454.2644, sampling [1.0, -1.1629, -1.3800]. Recommendation = [0.0, 0.9438, 0.8817], Current Cost = 5191.00, Rho = 1.000
(iter 10) [0.0, 1.3030, 1.8371] = 454.2644, sampling [1.0, 0.8576, -1.3620]. Recommendation = [0.0, 0.9438, 0.8817], Current Cost = 5192.00, Rho = 1.000
(iter 10) [0.0, 1.3030, 1.8371] = 454.2644, sampling [1.0, -1.5742, -0.0829]. Recommendation = [0.0, 0.9438, 0.8817], Current Cost = 5193.00, Rho = 1.000
(iter 10) [0.0, 1.3030, 1.8371] = 454.2644, sampling [1.0, -1.7681, 0.3281]. Recommendation = [0.0, 0.9438, 0.8817], Current Cost = 5194.00, Rho = 1.000
(iter 10) [0.0, 1.3030, 1.8371] = 454.2644, sampling [1.0, -1.1442, -1.1121]. Recommendation = [0.0, 0.9438, 0.8817], Current Cost = 5195.00, Rho = 1.000
(iter 10) [0.0, 1.3030, 1.8371] = 454.2644, sampling [1.0, -1.1224, -1.9514]. Recommendation = [0.0, 0.9438, 0.8817], Current Cost = 5196.00, Rho = 1.000
(iter 10) [0.0, 1.3030, 1.8371] = 454.2644, sampling [1.0, 1.8327, 1.1005]. Recommendation = [0.0, 0.9438, 0.8817], Current Cost = 5197.00, Rho = 1.000
(iter 10) [0.0, 1.3030, 1.8371] = 454.2644, sampling [1.0, -1.4488, -0.7822]. Recommendation = [0.0, 0.9438, 0.8817], Current Cost = 5198.00, Rho = 1.000
(iter 10) [0.0, 1.3030, 1.8371] = 454.2644, sampling [1.0, 1.3981, -1.2378]. Recommendation = [0.0, 0.9438, 0.8817], Current Cost = 5199.00, Rho = 1.000
(iter 10) [0.0, 1.3030, 1.8371] = 454.2644, sampling [1.0, 1.4415, -0.4648]. Recommendation = [0.0, 0.9438, 0.8817], Current Cost = 5200.00, Rho = 1.000
(iter 10) [0.0, 1.3030, 1.8371] = 454.2644, sampling [1.0, 1.9722, -0.2080]. Recommendation = [0.0, 0.9438, 0.8817], Current Cost = 5201.00, Rho = 1.000
(iter 10) [0.0, 1.3030, 1.8371] = 454.2644, sampling [1.0, -1.0885, -1.5838]. Recommendation = [0.0, 0.9438, 0.8817], Current Cost = 5202.00, Rho = 1.000
(iter 10) [0.0, 1.3030, 1.8371] = 454.2644, sampling [1.0, 1.7214, 0.4647]. Recommendation = [0.0, 0.9438, 0.8817], Current Cost = 5203.00, Rho = 1.000
(iter 10) [0.0, 1.3030, 1.8371] = 454.2644, sampling [1.0, -1.8258, -0.3287]. Recommendation = [0.0, 0.9438, 0.8817], Current Cost = 5204.00, Rho = 1.000
(iter 10) [0.0, 1.3030, 1.8371] = 454.2644, sampling [1.0, 0.7151, -1.5380]. Recommendation = [0.0, 0.9438, 0.8817], Current Cost = 5205.00, Rho = 1.000
(iter 10) [0.0, 1.3030, 1.8371] = 454.2644, sampling [1.0, 1.6046, 0.0031]. Recommendation = [0.0, 0.9438, 0.8817], Current Cost = 5206.00, Rho = 1.000
(iter 10) [0.0, 1.3030, 1.8371] = 454.2644, sampling [1.0, 1.8836, 1.0364]. Recommendation = [0.0, 0.9438, 0.8817], Current Cost = 5207.00, Rho = 1.000
(iter 10) [0.0, 1.3030, 1.8371] = 454.2644, sampling [1.0, 1.2230, -1.6761]. Recommendation = [0.0, 0.9438, 0.8817], Current Cost = 5208.00, Rho = 1.000
(iter 10) [0.0, 1.3030, 1.8371] = 454.2644, sampling [1.0, -1.4012, -1.0368]. Recommendation = [0.0, 0.9438, 0.8817], Current Cost = 5209.00, Rho = 1.000
(iter 10) [0.0, 1.3030, 1.8371] = 454.2644, sampling [1.0, 1.7600, 0.2213]. Recommendation = [0.0, 0.9438, 0.8817], Current Cost = 5210.00, Rho = 1.000
(iter 10) [0.0, 1.3030, 1.8371] = 454.2644, sampling [1.0, -1.4800, -0.2953]. Recommendation = [0.0, 0.9438, 0.8817], Current Cost = 5211.00, Rho = 1.000
(iter 10) [0.0, 1.3030, 1.8371] = 454.2644, sampling [1.0, 1.5000, -0.5803]. Recommendation = [0.0, 0.9438, 0.8817], Current Cost = 5212.00, Rho = 1.000
(iter 10) [0.0, 1.3030, 1.8371] = 454.2644, sampling [1.0, -1.6852, -0.6738]. Recommendation = [0.0, 0.9438, 0.8817], Current Cost = 5213.00, Rho = 1.000
(iter 10) [0.0, 1.3030, 1.8371] = 454.2644, sampling [1.0, 1.7841, -1.1287]. Recommendation = [0.0, 0.9438, 0.8817], Current Cost = 5214.00, Rho = 1.000
(iter 10) [0.0, 1.3030, 1.8371] = 454.2644, sampling [1.0, 1.6371, -0.1444]. Recommendation = [0.0, 0.9438, 0.8817], Current Cost = 5215.00, Rho = 1.000
(iter 10) [0.0, 1.3030, 1.8371] = 454.2644, sampling [1.0, -1.2960, -1.4153]. Recommendation = [0.0, 0.9438, 0.8817], Current Cost = 5216.00, Rho = 1.000
(iter 10) [0.0, 1.3030, 1.8371] = 454.2644, sampling [1.0, 1.1204, -1.9148]. Recommendation = [0.0, 0.9438, 0.8817], Current Cost = 5217.00, Rho = 1.000
(iter 10) [0.0, 1.3030, 1.8371] = 454.2644, sampling [1.0, -1.8452, 0.2277]. Recommendation = [0.0, 0.9438, 0.8817], Current Cost = 5218.00, Rho = 1.000
(iter 10) [0.0, 1.3030, 1.8371] = 454.2644, sampling [1.0, 1.3791, -1.4370]. Recommendation = [0.0, 0.9438, 0.8817], Current Cost = 5219.00, Rho = 1.000
(iter 10) [0.0, 1.3030, 1.8371] = 454.2644, sampling [1.0, 1.5577, -0.4537]. Recommendation = [0.0, 0.9438, 0.8817], Current Cost = 5220.00, Rho = 1.000
(iter 10) [0.0, 1.3030, 1.8371] = 454.2644, sampling [1.0, -1.6455, -0.9951]. Recommendation = [0.0, 0.9438, 0.8817], Current Cost = 5221.00, Rho = 1.000
(iter 10) [0.0, 1.3030, 1.8371] = 454.2644, sampling [1.0, -1.1997, -1.3254]. Recommendation = [0.0, 0.9438, 0.8817], Current Cost = 5222.00, Rho = 1.000
(iter 10) [0.0, 1.3030, 1.8371] = 454.2644, sampling [1.0, -1.8774, -0.0762]. Recommendation = [0.0, 0.9438, 0.8817], Current Cost = 5223.00, Rho = 1.000
(iter 10) [0.0, 1.3030, 1.8371] = 454.2644, sampling [1.0, 1.9619, -0.5143]. Recommendation = [0.0, 0.9438, 0.8817], Current Cost = 5224.00, Rho = 1.000
(iter 10) [0.0, 1.3030, 1.8371] = 454.2644, sampling [1.0, -1.4899, -1.5924]. Recommendation = [0.0, 0.9438, 0.8817], Current Cost = 5225.00, Rho = 1.000
(iter 10) [0.0, 1.3030, 1.8371] = 454.2644, sampling [1.0, -1.9263, -1.0694]. Recommendation = [0.0, 0.9438, 0.8817], Current Cost = 5226.00, Rho = 1.000
(iter 10) [0.0, 1.3030, 1.8371] = 454.2644, sampling [1.0, 1.3187, -1.7745]. Recommendation = [0.0, 0.9438, 0.8817], Current Cost = 5227.00, Rho = 1.000
(iter 10) [0.0, 1.3030, 1.8371] = 454.2644, sampling [1.0, 1.4669, -0.5112]. Recommendation = [0.0, 0.9438, 0.8817], Current Cost = 5228.00, Rho = 1.000
(iter 10) [0.0, 1.3030, 1.8371] = 454.2644, sampling [1.0, 1.3706, -1.6046]. Recommendation = [0.0, 0.9438, 0.8817], Current Cost = 5229.00, Rho = 1.000
(iter 10) [0.0, 1.3030, 1.8371] = 454.2644, sampling [1.0, 1.7308, -0.4241]. Recommendation = [0.0, 0.9438, 0.8817], Current Cost = 5230.00, Rho = 1.000
(iter 10) [0.0, 1.3030, 1.8371] = 454.2644, sampling [1.0, -1.1769, -1.9773]. Recommendation = [0.0, 0.9438, 0.8817], Current Cost = 5231.00, Rho = 1.000
(iter 10) [0.0, 1.3030, 1.8371] = 454.2644, sampling [1.0, 0.9991, -1.9232]. Recommendation = [0.0, 0.9438, 0.8817], Current Cost = 5232.00, Rho = 1.000
(iter 10) [0.0, 1.3030, 1.8371] = 454.2644, sampling [1.0, -1.6503, -1.1845]. Recommendation = [0.0, 0.9438, 0.8817], Current Cost = 5233.00, Rho = 1.000
(iter 10) [0.0, 1.3030, 1.8371] = 454.2644, sampling [1.0, 1.7737, -1.4750]. Recommendation = [0.0, 0.9438, 0.8817], Current Cost = 5234.00, Rho = 1.000
(iter 10) [0.0, 1.3030, 1.8371] = 454.2644, sampling [1.0, -1.7902, -0.7262]. Recommendation = [0.0, 0.9438, 0.8817], Current Cost = 5235.00, Rho = 1.000
(iter 10) [0.0, 1.3030, 1.8371] = 454.2644, sampling [1.0, -1.5546, -0.9901]. Recommendation = [0.0, 0.9438, 0.8817], Current Cost = 5236.00, Rho = 1.000
(iter 10) [0.0, 1.3030, 1.8371] = 454.2644, sampling [1.0, 1.5335, -0.5697]. Recommendation = [0.0, 0.9438, 0.8817], Current Cost = 5237.00, Rho = 1.000
(iter 10) [0.0, 1.3030, 1.8371] = 454.2644, sampling [1.0, -1.9475, -1.8599]. Recommendation = [0.0, 0.9438, 0.8817], Current Cost = 5238.00, Rho = 1.000
(iter 10) [0.0, 1.3030, 1.8371] = 454.2644, sampling [1.0, 1.9415, -1.3110]. Recommendation = [0.0, 0.9438, 0.8817], Current Cost = 5239.00, Rho = 1.000
(iter 10) [0.0, 1.3030, 1.8371] = 454.2644, sampling [1.0, 1.6309, -1.7485]. Recommendation = [0.0, 0.9438, 0.8817], Current Cost = 5240.00, Rho = 1.000
(iter 10) [0.0, 1.3030, 1.8371] = 454.2644, sampling [1.0, 1.4181, -1.4986]. Recommendation = [0.0, 0.9438, 0.8817], Current Cost = 5241.00, Rho = 1.000
(iter 10) [0.0, 1.3030, 1.8371] = 454.2644, sampling [1.0, 1.7118, -1.9939]. Recommendation = [0.0, 0.9438, 0.8817], Current Cost = 5242.00, Rho = 1.000
(iter 10) [0.0, 1.3030, 1.8371] = 454.2644, sampling [1.0, 1.9343, -0.4456]. Recommendation = [0.0, 0.9438, 0.8817], Current Cost = 5243.00, Rho = 1.000
(iter 10) [0.0, 1.3030, 1.8371] = 454.2644, sampling [1.0, -1.8616, -0.0492]. Recommendation = [0.0, 0.9438, 0.8817], Current Cost = 5244.00, Rho = 1.000
(iter 10) [0.0, 1.3030, 1.8371] = 454.2644, sampling [1.0, -1.9033, -1.1670]. Recommendation = [0.0, 0.9438, 0.8817], Current Cost = 5245.00, Rho = 1.000
(iter 10) [0.0, 1.3030, 1.8371] = 454.2644, sampling [0.0, 0.9438, 0.8817]. Recommendation = [0.0, 0.9438, 0.8817], Current Cost = 5246.00, Rho = 1.000
(iter 251) [0.0, 0.9438, 0.8817] = 456.2885, sampling [1.0, 1.8419, -1.7319]. Recommendation = [0.0, 0.9438, 0.8817], Current Cost = 6246.00, Rho = 1.000
(iter 251) [0.0, 0.9438, 0.8817] = 456.2885, sampling [1.0, 1.8574, -1.2163]. Recommendation = [0.0, 0.9438, 0.8817], Current Cost = 6247.00, Rho = 1.000
(iter 251) [0.0, 0.9438, 0.8817] = 456.2885, sampling [0.0, 1.2822, 1.6494]. Recommendation = [0.0, 0.9438, 0.8817], Current Cost = 6248.00, Rho = 1.000
(iter 251) [0.0, 0.9438, 0.8817] = 456.2885, sampling [1.0, -1.9892, -1.6887]. Recommendation = [0.0, 0.9438, 0.8817], Current Cost = 7248.00, Rho = 1.000
(iter 251) [0.0, 0.9438, 0.8817] = 456.2885, sampling [1.0, -1.9067, -1.8281]. Recommendation = [0.0, 0.9438, 0.8817], Current Cost = 7249.00, Rho = 1.000
(iter 251) [0.0, 0.9438, 0.8817] = 456.2885, sampling [0.0, 0.3135, 0.0462]. Recommendation = [0.0, 0.9438, 0.8817], Current Cost = 7250.00, Rho = 1.000
(iter 251) [0.0, 0.9438, 0.8817] = 456.2885, sampling [0.0, 0.4451, 0.2712]. Recommendation = [0.0, 0.9438, 0.8817], Current Cost = 8250.00, Rho = 1.000
(iter 251) [0.0, 0.9438, 0.8817] = 456.2885, sampling [0.0, -0.0534, -0.0458]. Recommendation = [0.0, 0.9438, 0.8817], Current Cost = 9250.00, Rho = 1.000
(iter 251) [0.0, 0.9438, 0.8817] = 456.2885, sampling [0.0, -1.0301, 0.6736]. Recommendation = [0.0, 0.9438, 0.8817], Current Cost = 10250.00, Rho = 1.000
(iter 251) [0.0, 0.9438, 0.8817] = 456.2885, sampling [0.0, -1.2171, 0.7231]. Recommendation = [0.0, 0.9438, 0.8817], Current Cost = 11250.00, Rho = 1.000
(iter 251) [0.0, 0.9438, 0.8817] = 456.2885, sampling [0.0, -0.7144, -1.2946]. Recommendation = [0.0, 0.9438, 0.8817], Current Cost = 12250.00, Rho = 1.000
(iter 251) [0.0, 0.9438, 0.8817] = 456.2885, sampling [0.0, 1.8574, -1.2163]. Recommendation = [0.0, 0.9438, 0.8817], Current Cost = 13250.00, Rho = 1.000
(iter 251) [0.0, 0.9438, 0.8817] = 456.2885, sampling [0.0, 0.9677, -1.3536]. Recommendation = [0.0, 0.9438, 0.8817], Current Cost = 14250.00, Rho = 1.000
(iter 251) [0.0, 0.9438, 0.8817] = 456.2885, sampling [0.0, -0.5249, -0.1309]. Recommendation = [0.0, 0.9438, 0.8817], Current Cost = 15250.00, Rho = 1.000
(iter 251) [0.0, 0.9438, 0.8817] = 456.2885, sampling [0.0, 1.9415, -1.3110]. Recommendation = [0.0, 0.9438, 0.8817], Current Cost = 16250.00, Rho = 1.000
(iter 251) [0.0, 0.9438, 0.8817] = 456.2885, sampling [0.0, 0.1862, 0.4867]. Recommendation = [0.0, 0.9438, 0.8817], Current Cost = 17250.00, Rho = 1.000
(iter 251) [0.0, 0.9438, 0.8817] = 456.2885, sampling [0.0, 0.3779, -0.9066]. Recommendation = [0.0, 0.9438, 0.8817], Current Cost = 18250.00, Rho = 1.000
(iter 251) [0.0, 0.9438, 0.8817] = 456.2885, sampling [0.0, 1.9343, -0.4456]. Recommendation = [0.0, 0.9438, 0.8817], Current Cost = 19250.00, Rho = 1.000
(iter 251) [0.0, 0.9438, 0.8817] = 456.2885, sampling [0.0, -1.4309, 1.3354]. Recommendation = [0.0, 0.9438, 0.8817], Current Cost = 20250.00, Rho = 1.000
(iter 251) [0.0, 0.9438, 0.8817] = 456.2885, sampling [0.0, 0.0496, 1.3211]. Recommendation = [0.0, 0.9438, 0.8817], Current Cost = 21250.00, Rho = 1.000
(iter 251) [0.0, 0.9438, 0.8817] = 456.2885, sampling [0.0, -0.8406, 0.9451]. Recommendation = [0.0, 0.9438, 0.8817], Current Cost = 22250.00, Rho = 1.000
(iter 251) [0.0, 0.9438, 0.8817] = 456.2885, sampling [0.0, -1.0074, -1.0413]. Recommendation = [0.0, 0.9438, 0.8817], Current Cost = 23250.00, Rho = 1.000
(iter 251) [0.0, 0.9438, 0.8817] = 456.2885, sampling [0.0, 1.7841, -1.1287]. Recommendation = [0.0, 0.9438, 0.8817], Current Cost = 24250.00, Rho = 1.000
(iter 251) [0.0, 0.9438, 0.8817] = 456.2885, sampling [0.0, 0.0736, 1.5565]. Recommendation = [0.0, 0.9438, 0.8817], Current Cost = 25250.00, Rho = 1.000
(iter 251) [0.0, 0.9438, 0.8817] = 456.2885, sampling [0.0, 1.4181, -1.4986]. Recommendation = [0.0, 0.9438, 0.8817], Current Cost = 26250.00, Rho = 1.000
(iter 251) [0.0, 0.9438, 0.8817] = 456.2885, sampling [0.0, -0.7857, 1.6758]. Recommendation = [0.0, 0.9438, 0.8817], Current Cost = 27250.00, Rho = 1.000
(iter 251) [0.0, 0.9438, 0.8817] = 456.2885, sampling [0.0, -0.2187, -0.0288]. Recommendation = [0.0, 0.9438, 0.8817], Current Cost = 28250.00, Rho = 1.000
(iter 251) [0.0, 0.9438, 0.8817] = 456.2885, sampling [0.0, -0.7620, -0.9607]. Recommendation = [0.0, 0.9438, 0.8817], Current Cost = 29250.00, Rho = 1.000
(iter 251) [0.0, 0.9438, 0.8817] = 456.2885, sampling [0.0, 0.6393, -0.1232]. Recommendation = [0.0, 0.9438, 0.8817], Current Cost = 30250.00, Rho = 1.000
(iter 251) [0.0, 0.9438, 0.8817] = 456.2885, sampling [0.0, -0.4805, 0.9896]. Recommendation = [0.0, 0.9438, 0.8817], Current Cost = 31250.00, Rho = 1.000
(iter 251) [0.0, 0.9438, 0.8817] = 456.2885, sampling [0.0, -1.7162, 1.5281]. Recommendation = [0.0, 0.9438, 0.8817], Current Cost = 32250.00, Rho = 1.000
(iter 251) [0.0, 0.9438, 0.8817] = 456.2885, sampling [0.0, -1.5051, 1.6027]. Recommendation = [0.0, 0.9438, 0.8817], Current Cost = 33250.00, Rho = 1.000
(iter 251) [0.0, 0.9438, 0.8817] = 456.2885, sampling [0.0, -1.2518, 1.4412]. Recommendation = [0.0, 0.9438, 0.8817], Current Cost = 34250.00, Rho = 1.000
(iter 251) [0.0, 0.9438, 0.8817] = 456.2885, sampling [0.0, -1.0482, 0.6252]. Recommendation = [0.0, 0.9438, 0.8817], Current Cost = 35250.00, Rho = 1.000
(iter 251) [0.0, 0.9438, 0.8817] = 456.2885, sampling [0.0, 1.1154, 1.6199]. Recommendation = [0.0, 0.9438, 0.8817], Current Cost = 36250.00, Rho = 1.000
(iter 251) [0.0, 0.9438, 0.8817] = 456.2885, sampling [0.0, -1.7902, -0.7262]. Recommendation = [0.0, 0.9438, 0.8817], Current Cost = 37250.00, Rho = 1.000
(iter 251) [0.0, 0.9438, 0.8817] = 456.2885, sampling [0.0, -0.1541, -1.8404]. Recommendation = [0.0, 0.9438, 0.8817], Current Cost = 38250.00, Rho = 1.000
(iter 251) [0.0, 0.9438, 0.8817] = 456.2885, sampling [0.0, -1.1769, -1.9773]. Recommendation = [0.0, 0.9438, 0.8817], Current Cost = 39250.00, Rho = 1.000
(iter 251) [0.0, 0.9438, 0.8817] = 456.2885, sampling [0.0, 0.8313, 1.9838]. Recommendation = [0.0, 0.9438, 0.8817], Current Cost = 40250.00, Rho = 1.000
(iter 251) [0.0, 0.9438, 0.8817] = 456.2885, sampling [0.0, -0.8526, -1.8126]. Recommendation = [0.0, 0.9438, 0.8817], Current Cost = 41250.00, Rho = 1.000
(iter 251) [0.0, 0.9438, 0.8817] = 456.2885, sampling [0.0, 0.3907, 0.8031]. Recommendation = [0.0, 0.9438, 0.8817], Current Cost = 42250.00, Rho = 1.000
(iter 251) [0.0, 0.9438, 0.8817] = 456.2885, sampling [0.0, -0.3627, -0.9261]. Recommendation = [0.0, 0.9438, 0.8817], Current Cost = 43250.00, Rho = 1.000
(iter 251) [0.0, 0.9438, 0.8817] = 456.2885, sampling [0.0, 0.9519, 0.7143]. Recommendation = [0.0, 0.9438, 0.8817], Current Cost = 44250.00, Rho = 1.000
(iter 251) [0.0, 0.9438, 0.8817] = 456.2885, sampling [0.0, 1.3981, -1.2378]. Recommendation = [0.0, 0.9438, 0.8817], Current Cost = 45250.00, Rho = 1.000
(iter 251) [0.0, 0.9438, 0.8817] = 456.2885, sampling [0.0, -0.1782, 1.4179]. Recommendation = [0.0, 0.9438, 0.8817], Current Cost = 46250.00, Rho = 1.000
(iter 251) [0.0, 0.9438, 0.8817] = 456.2885, sampling [0.0, -0.4196, 1.9921]. Recommendation = [0.0, 0.9438, 0.8817], Current Cost = 47250.00, Rho = 1.000
(iter 251) [0.0, 0.9438, 0.8817] = 456.2885, sampling [0.0, 0.6597, -1.5641]. Recommendation = [0.0, 0.9438, 0.8817], Current Cost = 48250.00, Rho = 1.000
(iter 251) [0.0, 0.9438, 0.8817] = 456.2885, sampling [0.0, 0.0991, 0.3776]. Recommendation = [0.0, 0.9438, 0.8817], Current Cost = 49250.00, Rho = 1.000
(iter 251) [0.0, 0.9438, 0.8817] = 456.2885, sampling [0.0, 1.0356, 0.6618]. Recommendation = [0.0, 0.9438, 0.8817], Current Cost = 50250.00, Rho = 1.000
(iter 251) [0.0, 0.9438, 0.8817] = 456.2885, sampling [0.0, -0.1633, -0.2868]. Recommendation = [0.0, 0.9438, 0.8817], Current Cost = 51250.00, Rho = 1.000
(iter 251) [0.0, 0.9438, 0.8817] = 456.2885, sampling [0.0, -0.1026, -1.5312]. Recommendation = [0.0, 0.9438, 0.8817], Current Cost = 52250.00, Rho = 1.000
(iter 251) [0.0, 0.9438, 0.8817] = 456.2885, sampling [0.0, 0.4082, -1.5054]. Recommendation = [0.0, 0.9438, 0.8817], Current Cost = 53250.00, Rho = 1.000
(iter 251) [0.0, 0.9438, 0.8817] = 456.2885, sampling [0.0, 0.1297, 0.6974]. Recommendation = [0.0, 0.9438, 0.8817], Current Cost = 54250.00, Rho = 1.000
(iter 251) [0.0, 0.9438, 0.8817] = 456.2885, sampling [0.0, -1.7472, 0.9693]. Recommendation = [0.0, 0.9438, 0.8817], Current Cost = 55250.00, Rho = 1.000
(iter 251) [0.0, 0.9438, 0.8817] = 456.2885, sampling [0.0, 1.0813, 1.4263]. Recommendation = [0.0, 0.9438, 0.8817], Current Cost = 56250.00, Rho = 1.000
(iter 251) [0.0, 0.9438, 0.8817] = 456.2885, sampling [0.0, 0.7311, -1.8854]. Recommendation = [0.0, 0.9438, 0.8817], Current Cost = 57250.00, Rho = 1.000
(iter 251) [0.0, 0.9438, 0.8817] = 456.2885, sampling [0.0, 1.1478, 1.9572]. Recommendation = [0.0, 0.9438, 0.8817], Current Cost = 58250.00, Rho = 1.000
(iter 251) [0.0, 0.9438, 0.8817] = 456.2885, sampling [0.0, 0.2255, -1.7238]. Recommendation = [0.0, 0.9438, 0.8817], Current Cost = 59250.00, Rho = 1.000
(iter 251) [0.0, 0.9438, 0.8817] = 456.2885, sampling [0.0, -1.1165, 0.5190]. Recommendation = [0.0, 0.9438, 0.8817], Current Cost = 60250.00, Rho = 1.000
(iter 251) [0.0, 0.9438, 0.8817] = 456.2885, sampling [0.0, 0.0333, 1.7973]. Recommendation = [0.0, 0.9438, 0.8817], Current Cost = 61250.00, Rho = 1.000
(iter 251) [0.0, 0.9438, 0.8817] = 456.2885, sampling [0.0, 0.8728, -0.8847]. Recommendation = [0.0, 0.9438, 0.8817], Current Cost = 62250.00, Rho = 1.000
(iter 251) [0.0, 0.9438, 0.8817] = 456.2885, sampling [0.0, 0.5055, 1.8496]. Recommendation = [0.0, 0.9438, 0.8817], Current Cost = 63250.00, Rho = 1.000
(iter 251) [0.0, 0.9438, 0.8817] = 456.2885, sampling [0.0, 1.3187, -1.7745]. Recommendation = [0.0, 0.9438, 0.8817], Current Cost = 64250.00, Rho = 1.000
(iter 251) [0.0, 0.9438, 0.8817] = 456.2885, sampling [0.0, -1.0569, 1.2348]. Recommendation = [0.0, 0.9438, 0.8817], Current Cost = 65250.00, Rho = 1.000
(iter 251) [0.0, 0.9438, 0.8817] = 456.2885, sampling [0.0, 0.4651, 0.0851]. Recommendation = [0.0, 0.9438, 0.8817], Current Cost = 66250.00, Rho = 1.000
(iter 251) [0.0, 0.9438, 0.8817] = 456.2885, sampling [0.0, -1.6455, -0.9951]. Recommendation = [0.0, 0.9438, 0.8817], Current Cost = 67250.00, Rho = 1.000
(iter 251) [0.0, 0.9438, 0.8817] = 456.2885, sampling [0.0, 1.3487, 1.2906]. Recommendation = [0.0, 0.9438, 0.8817], Current Cost = 68250.00, Rho = 1.000
(iter 251) [0.0, 0.9438, 0.8817] = 456.2885, sampling [0.0, 1.7737, -1.4750]. Recommendation = [0.0, 0.9438, 0.8817], Current Cost = 69250.00, Rho = 1.000
(iter 251) [0.0, 0.9438, 0.8817] = 456.2885, sampling [0.0, 1.5421, 0.1148]. Recommendation = [0.0, 0.9438, 0.8817], Current Cost = 70250.00, Rho = 1.000
(iter 251) [0.0, 0.9438, 0.8817] = 456.2885, sampling [0.0, -1.1629, -1.3800]. Recommendation = [0.0, 0.9438, 0.8817], Current Cost = 71250.00, Rho = 1.000
(iter 251) [0.0, 0.9438, 0.8817] = 456.2885, sampling [0.0, 0.8885, 1.9137]. Recommendation = [0.0, 0.9438, 0.8817], Current Cost = 72250.00, Rho = 1.000
(iter 251) [0.0, 0.9438, 0.8817] = 456.2885, sampling [0.0, 0.3229, -0.7921]. Recommendation = [0.0, 0.9438, 0.8817], Current Cost = 73250.00, Rho = 1.000
(iter 251) [0.0, 0.9438, 0.8817] = 456.2885, sampling [0.0, 1.9722, -0.2080]. Recommendation = [0.0, 0.9438, 0.8817], Current Cost = 74250.00, Rho = 1.000
(iter 251) [0.0, 0.9438, 0.8817] = 456.2885, sampling [0.0, -0.0315, -0.2711]. Recommendation = [0.0, 0.9438, 0.8817], Current Cost = 75250.00, Rho = 1.000
(iter 251) [0.0, 0.9438, 0.8817] = 456.2885, sampling [0.0, -0.3426, 0.0673]. Recommendation = [0.0, 0.9438, 0.8817], Current Cost = 76250.00, Rho = 1.000
(iter 251) [0.0, 0.9438, 0.8817] = 456.2885, sampling [0.0, 0.6224, -0.3084]. Recommendation = [0.0, 0.9438, 0.8817], Current Cost = 77250.00, Rho = 1.000
(iter 251) [0.0, 0.9438, 0.8817] = 456.2885, sampling [0.0, -1.9033, -1.1670]. Recommendation = [0.0, 0.9438, 0.8817], Current Cost = 78250.00, Rho = 1.000
(iter 251) [0.0, 0.9438, 0.8817] = 456.2885, sampling [0.0, -0.8175, 1.2636]. Recommendation = [0.0, 0.9438, 0.8817], Current Cost = 79250.00, Rho = 1.000
(iter 251) [0.0, 0.9438, 0.8817] = 456.2885, sampling [0.0, 0.8576, -1.3620]. Recommendation = [0.0, 0.9438, 0.8817], Current Cost = 80250.00, Rho = 1.000
(iter 251) [0.0, 0.9438, 0.8817] = 456.2885, sampling [0.0, 0.7672, -1.6562]. Recommendation = [0.0, 0.9438, 0.8817], Current Cost = 81250.00, Rho = 1.000
(iter 251) [0.0, 0.9438, 0.8817] = 456.2885, sampling [0.0, -1.4800, -0.2953]. Recommendation = [0.0, 0.9438, 0.8817], Current Cost = 82250.00, Rho = 1.000
(iter 251) [0.0, 0.9438, 0.8817] = 456.2885, sampling [0.0, 1.6309, -1.7485]. Recommendation = [0.0, 0.9438, 0.8817], Current Cost = 83250.00, Rho = 1.000
(iter 251) [0.0, 0.9438, 0.8817] = 456.2885, sampling [0.0, -1.0810, 1.0130]. Recommendation = [0.0, 0.9438, 0.8817], Current Cost = 84250.00, Rho = 1.000
(iter 251) [0.0, 0.9438, 0.8817] = 456.2885, sampling [0.0, -1.2049, 0.8573]. Recommendation = [0.0, 0.9438, 0.8817], Current Cost = 85250.00, Rho = 1.000
(iter 251) [0.0, 0.9438, 0.8817] = 456.2885, sampling [0.0, 1.6689, 0.6084]. Recommendation = [0.0, 0.9438, 0.8817], Current Cost = 86250.00, Rho = 1.000
(iter 251) [0.0, 0.9438, 0.8817] = 456.2885, sampling [0.0, 1.8327, 1.1005]. Recommendation = [0.0, 0.9438, 0.8817], Current Cost = 87250.00, Rho = 1.000
(iter 251) [0.0, 0.9438, 0.8817] = 456.2885, sampling [0.0, 1.5924, 1.8839]. Recommendation = [0.0, 0.9438, 0.8817], Current Cost = 88250.00, Rho = 1.000
(iter 251) [0.0, 0.9438, 0.8817] = 456.2885, sampling [0.0, -0.8148, 1.3554]. Recommendation = [0.0, 0.9438, 0.8817], Current Cost = 89250.00, Rho = 1.000
(iter 251) [0.0, 0.9438, 0.8817] = 456.2885, sampling [0.0, -1.9892, -1.6887]. Recommendation = [0.0, 0.9438, 0.8817], Current Cost = 90250.00, Rho = 1.000
(iter 251) [0.0, 0.9438, 0.8817] = 456.2885, sampling [0.0, 1.2155, -0.3676]. Recommendation = [0.0, 0.9438, 0.8817], Current Cost = 91250.00, Rho = 1.000
(iter 251) [0.0, 0.9438, 0.8817] = 456.2885, sampling [0.0, 1.1734, 0.9422]. Recommendation = [0.0, 0.9438, 0.8817], Current Cost = 92250.00, Rho = 1.000
(iter 251) [0.0, 0.9438, 0.8817] = 456.2885, sampling [0.0, -1.7948, 1.0846]. Recommendation = [0.0, 0.9438, 0.8817], Current Cost = 93250.00, Rho = 1.000
(iter 251) [0.0, 0.9438, 0.8817] = 456.2885, sampling [0.0, 0.7872, -0.8602]. Recommendation = [0.0, 0.9438, 0.8817], Current Cost = 94250.00, Rho = 1.000
(iter 251) [0.0, 0.9438, 0.8817] = 456.2885, sampling [0.0, 1.8419, -1.7319]. Recommendation = [0.0, 0.9438, 0.8817], Current Cost = 95250.00, Rho = 1.000
(iter 251) [0.0, 0.9438, 0.8817] = 456.2885, sampling [0.0, -1.4012, -1.0368]. Recommendation = [0.0, 0.9438, 0.8817], Current Cost = 96250.00, Rho = 1.000
(iter 251) [0.0, 0.9438, 0.8817] = 456.2885, sampling [0.0, 1.7600, 0.2213]. Recommendation = [0.0, 0.9438, 0.8817], Current Cost = 97250.00, Rho = 1.000
(iter 251) [0.0, 0.9438, 0.8817] = 456.2885, sampling [0.0, 1.0194, -0.1608]. Recommendation = [0.0, 0.9438, 0.8817], Current Cost = 98250.00, Rho = 1.000
(iter 251) [0.0, 0.9438, 0.8817] = 456.2885, sampling [0.0, 0.9108, -0.7533]. Recommendation = [0.0, 0.9438, 0.8817], Current Cost = 99250.00, Rho = 1.000
