(iter 10) [0.0, 1.3970, 0.7189] = 304.2161, sampling [1.0, 0.9821, 1.0150]. Recommendation = [0.0, 1.3970, 0.7189], Current Cost = 5005.00, Rho = 0.872
(iter 10) [0.0, 1.3970, 0.7189] = 304.2161, sampling [1.0, 0.8303, 1.2819]. Recommendation = [0.0, 0.9821, 1.0150], Current Cost = 5006.00, Rho = 0.872
(iter 10) [0.0, 1.3970, 0.7189] = 304.2161, sampling [1.0, 0.7571, 0.8616]. Recommendation = [0.0, 0.9821, 1.0150], Current Cost = 5007.00, Rho = 0.872
(iter 10) [0.0, 1.3970, 0.7189] = 304.2161, sampling [1.0, 0.6306, 1.2017]. Recommendation = [0.0, 0.9821, 1.0150], Current Cost = 5008.00, Rho = 0.872
(iter 10) [0.0, 1.3970, 0.7189] = 304.2161, sampling [1.0, 0.9927, 0.8336]. Recommendation = [0.0, 0.9821, 1.0150], Current Cost = 5009.00, Rho = 0.872
(iter 10) [0.0, 1.3970, 0.7189] = 304.2161, sampling [1.0, 1.0638, 1.1961]. Recommendation = [0.0, 0.9821, 1.0150], Current Cost = 5010.00, Rho = 0.872
(iter 10) [0.0, 1.3970, 0.7189] = 304.2161, sampling [1.0, 1.1226, 0.9792]. Recommendation = [0.0, 1.0638, 1.1961], Current Cost = 5011.00, Rho = 0.872
(iter 10) [0.0, 1.3970, 0.7189] = 304.2161, sampling [1.0, 1.1162, 1.4517]. Recommendation = [0.0, 1.0638, 1.1961], Current Cost = 5012.00, Rho = 0.872
(iter 10) [0.0, 1.3970, 0.7189] = 304.2161, sampling [1.0, 0.7695, 1.6658]. Recommendation = [0.0, 1.1162, 1.4517], Current Cost = 5013.00, Rho = 0.872
(iter 10) [0.0, 1.3970, 0.7189] = 304.2161, sampling [1.0, 1.4831, 1.2673]. Recommendation = [0.0, 1.1162, 1.4517], Current Cost = 5014.00, Rho = 0.872
(iter 10) [0.0, 1.3970, 0.7189] = 304.2161, sampling [1.0, 1.0442, 1.2572]. Recommendation = [0.0, 1.1162, 1.4517], Current Cost = 5015.00, Rho = 0.872
(iter 10) [0.0, 1.3970, 0.7189] = 304.2161, sampling [1.0, 0.6418, 0.6320]. Recommendation = [0.0, 1.1162, 1.4517], Current Cost = 5016.00, Rho = 0.872
(iter 10) [0.0, 1.3970, 0.7189] = 304.2161, sampling [1.0, 0.4219, 0.9208]. Recommendation = [0.0, 1.1162, 1.4517], Current Cost = 5017.00, Rho = 0.872
(iter 10) [0.0, 1.3970, 0.7189] = 304.2161, sampling [1.0, 0.8118, 0.1973]. Recommendation = [0.0, 1.1162, 1.4517], Current Cost = 5018.00, Rho = 0.872
(iter 10) [0.0, 1.3970, 0.7189] = 304.2161, sampling [1.0, 0.6107, 0.4850]. Recommendation = [0.0, 1.1162, 1.4517], Current Cost = 5019.00, Rho = 0.872
(iter 10) [0.0, 1.3970, 0.7189] = 304.2161, sampling [1.0, 1.0941, 0.5084]. Recommendation = [0.0, 0.6107, 0.4850], Current Cost = 5020.00, Rho = 0.872
(iter 10) [0.0, 1.3970, 0.7189] = 304.2161, sampling [1.0, 0.4348, 0.1884]. Recommendation = [0.0, 0.6107, 0.4850], Current Cost = 5021.00, Rho = 0.872
(iter 10) [0.0, 1.3970, 0.7189] = 304.2161, sampling [1.0, 0.6720, -0.0154]. Recommendation = [0.0, 0.4348, 0.1884], Current Cost = 5022.00, Rho = 0.872
(iter 10) [0.0, 1.3970, 0.7189] = 304.2161, sampling [1.0, 0.2895, 0.2477]. Recommendation = [0.0, 0.4348, 0.1884], Current Cost = 5023.00, Rho = 0.872
(iter 10) [0.0, 1.3970, 0.7189] = 304.2161, sampling [1.0, 0.1910, 0.5860]. Recommendation = [0.0, 0.2895, 0.2477], Current Cost = 5024.00, Rho = 0.872
(iter 10) [0.0, 1.3970, 0.7189] = 304.2161, sampling [1.0, 0.5136, -0.2798]. Recommendation = [0.0, 0.2895, 0.2477], Current Cost = 5025.00, Rho = 0.872
(iter 10) [0.0, 1.3970, 0.7189] = 304.2161, sampling [1.0, 1.0186, -0.3917]. Recommendation = [0.0, 0.2895, 0.2477], Current Cost = 5026.00, Rho = 0.872
(iter 10) [0.0, 1.3970, 0.7189] = 304.2161, sampling [1.0, 0.1097, -0.1069]. Recommendation = [0.0, 0.2895, 0.2477], Current Cost = 5027.00, Rho = 0.872
(iter 10) [0.0, 1.3970, 0.7189] = 304.2161, sampling [1.0, 0.1358, 0.3121]. Recommendation = [0.0, 0.1097, -0.1069], Current Cost = 5028.00, Rho = 0.872
(iter 10) [0.0, 1.3970, 0.7189] = 304.2161, sampling [1.0, 0.2483, -0.4934]. Recommendation = [0.0, 0.1097, -0.1069], Current Cost = 5029.00, Rho = 0.872
(iter 10) [0.0, 1.3970, 0.7189] = 304.2161, sampling [1.0, 0.2804, 0.7259]. Recommendation = [0.0, 0.1097, -0.1069], Current Cost = 5030.00, Rho = 0.872
(iter 10) [0.0, 1.3970, 0.7189] = 304.2161, sampling [1.0, 0.0058, 0.3628]. Recommendation = [0.0, 0.1097, -0.1069], Current Cost = 5031.00, Rho = 0.872
(iter 10) [0.0, 1.3970, 0.7189] = 304.2161, sampling [1.0, 0.0455, -0.0869]. Recommendation = [0.0, 0.1097, -0.1069], Current Cost = 5032.00, Rho = 0.872
(iter 10) [0.0, 1.3970, 0.7189] = 304.2161, sampling [1.0, 0.5292, -0.5687]. Recommendation = [0.0, 0.0455, -0.0869], Current Cost = 5033.00, Rho = 0.872
(iter 10) [0.0, 1.3970, 0.7189] = 304.2161, sampling [1.0, -0.0521, 0.6608]. Recommendation = [0.0, 0.0455, -0.0869], Current Cost = 5034.00, Rho = 0.872
(iter 10) [0.0, 1.3970, 0.7189] = 304.2161, sampling [1.0, -0.1188, 0.3436]. Recommendation = [0.0, 0.0455, -0.0869], Current Cost = 5035.00, Rho = 0.872
(iter 10) [0.0, 1.3970, 0.7189] = 304.2161, sampling [1.0, -0.0262, 0.4466]. Recommendation = [0.0, 0.0455, -0.0869], Current Cost = 5036.00, Rho = 0.872
(iter 10) [0.0, 1.3970, 0.7189] = 304.2161, sampling [1.0, -0.1817, -0.1311]. Recommendation = [0.0, 0.0455, -0.0869], Current Cost = 5037.00, Rho = 0.872
(iter 10) [0.0, 1.3970, 0.7189] = 304.2161, sampling [1.0, -0.2030, -0.4039]. Recommendation = [0.0, -0.1817, -0.1311], Current Cost = 5038.00, Rho = 0.872
(iter 10) [0.0, 1.3970, 0.7189] = 304.2161, sampling [1.0, -0.0966, -0.6439]. Recommendation = [0.0, -0.1817, -0.1311], Current Cost = 5039.00, Rho = 0.872
(iter 10) [0.0, 1.3970, 0.7189] = 304.2161, sampling [1.0, 0.1456, -0.5562]. Recommendation = [0.0, -0.1817, -0.1311], Current Cost = 5040.00, Rho = 0.872
(iter 10) [0.0, 1.3970, 0.7189] = 304.2161, sampling [1.0, -0.3567, 0.2201]. Recommendation = [0.0, -0.1817, -0.1311], Current Cost = 5041.00, Rho = 0.872
(iter 10) [0.0, 1.3970, 0.7189] = 304.2161, sampling [1.0, -0.2323, 0.4028]. Recommendation = [0.0, -0.3567, 0.2201], Current Cost = 5042.00, Rho = 0.872
(iter 10) [0.0, 1.3970, 0.7189] = 304.2161, sampling [1.0, -0.3872, -0.0791]. Recommendation = [0.0, -0.3567, 0.2201], Current Cost = 5043.00, Rho = 0.872
(iter 10) [0.0, 1.3970, 0.7189] = 304.2161, sampling [1.0, -0.4446, 0.0833]. Recommendation = [0.0, -0.3567, 0.2201], Current Cost = 5044.00, Rho = 0.872
(iter 10) [0.0, 1.3970, 0.7189] = 304.2161, sampling [1.0, -0.3777, -0.1525]. Recommendation = [0.0, -0.4446, 0.0833], Current Cost = 5045.00, Rho = 0.872
(iter 10) [0.0, 1.3970, 0.7189] = 304.2161, sampling [1.0, -0.2431, -0.3394]. Recommendation = [0.0, -0.4446, 0.0833], Current Cost = 5046.00, Rho = 0.872
(iter 10) [0.0, 1.3970, 0.7189] = 304.2161, sampling [1.0, -0.4311, 0.3772]. Recommendation = [0.0, -0.4446, 0.0833], Current Cost = 5047.00, Rho = 0.872
(iter 10) [0.0, 1.3970, 0.7189] = 304.2161, sampling [1.0, 0.0620, 1.0629]. Recommendation = [0.0, -0.4446, 0.0833], Current Cost = 5048.00, Rho = 0.872
(iter 10) [0.0, 1.3970, 0.7189] = 304.2161, sampling [1.0, -0.4654, 0.6009]. Recommendation = [0.0, -0.4446, 0.0833], Current Cost = 5049.00, Rho = 0.872
(iter 10) [0.0, 1.3970, 0.7189] = 304.2161, sampling [1.0, 0.9534, 0.2785]. Recommendation = [0.0, -0.4446, 0.0833], Current Cost = 5050.00, Rho = 0.872
(iter 10) [0.0, 1.3970, 0.7189] = 304.2161, sampling [1.0, 1.3327, 1.7818]. Recommendation = [0.0, -0.4446, 0.0833], Current Cost = 5051.00, Rho = 0.872
(iter 10) [0.0, 1.3970, 0.7189] = 304.2161, sampling [1.0, 1.6587, 1.7931]. Recommendation = [0.0, -0.4446, 0.0833], Current Cost = 5052.00, Rho = 0.872
(iter 10) [0.0, 1.3970, 0.7189] = 304.2161, sampling [1.0, 0.1271, -0.7238]. Recommendation = [0.0, -0.4446, 0.0833], Current Cost = 5053.00, Rho = 0.872
(iter 10) [0.0, 1.3970, 0.7189] = 304.2161, sampling [1.0, -0.0725, 0.5336]. Recommendation = [0.0, -0.4446, 0.0833], Current Cost = 5054.00, Rho = 0.872
(iter 10) [0.0, 1.3970, 0.7189] = 304.2161, sampling [1.0, -0.5676, -0.0599]. Recommendation = [0.0, -0.4446, 0.0833], Current Cost = 5055.00, Rho = 0.872
(iter 10) [0.0, 1.3970, 0.7189] = 304.2161, sampling [1.0, -0.6536, 0.2703]. Recommendation = [0.0, -0.4446, 0.0833], Current Cost = 5056.00, Rho = 0.872
(iter 10) [0.0, 1.3970, 0.7189] = 304.2161, sampling [1.0, -0.6686, 0.1564]. Recommendation = [0.0, -0.6536, 0.2703], Current Cost = 5057.00, Rho = 0.872
(iter 10) [0.0, 1.3970, 0.7189] = 304.2161, sampling [1.0, -0.2235, 1.0468]. Recommendation = [0.0, -0.6536, 0.2703], Current Cost = 5058.00, Rho = 0.872
(iter 10) [0.0, 1.3970, 0.7189] = 304.2161, sampling [1.0, 0.3646, -0.7968]. Recommendation = [0.0, -0.6536, 0.2703], Current Cost = 5059.00, Rho = 0.872
(iter 10) [0.0, 1.3970, 0.7189] = 304.2161, sampling [1.0, 0.3303, 1.3675]. Recommendation = [0.0, -0.6536, 0.2703], Current Cost = 5060.00, Rho = 0.872
(iter 10) [0.0, 1.3970, 0.7189] = 304.2161, sampling [1.0, -0.0137, 0.7827]. Recommendation = [0.0, -0.6536, 0.2703], Current Cost = 5061.00, Rho = 0.872
(iter 10) [0.0, 1.3970, 0.7189] = 304.2161, sampling [1.0, -0.7539, 0.0229]. Recommendation = [0.0, -0.6536, 0.2703], Current Cost = 5062.00, Rho = 0.872
(iter 10) [0.0, 1.3970, 0.7189] = 304.2161, sampling [1.0, 1.7357, 1.5557]. Recommendation = [0.0, -0.6536, 0.2703], Current Cost = 5063.00, Rho = 0.872
(iter 10) [0.0, 1.3970, 0.7189] = 304.2161, sampling [1.0, 0.7204, 1.9984]. Recommendation = [0.0, -0.6536, 0.2703], Current Cost = 5064.00, Rho = 0.872
(iter 10) [0.0, 1.3970, 0.7189] = 304.2161, sampling [1.0, 0.5636, -0.2215]. Recommendation = [0.0, -0.6536, 0.2703], Current Cost = 5065.00, Rho = 0.872
(iter 10) [0.0, 1.3970, 0.7189] = 304.2161, sampling [1.0, -0.8449, 0.3879]. Recommendation = [0.0, -0.6536, 0.2703], Current Cost = 5066.00, Rho = 0.872
(iter 10) [0.0, 1.3970, 0.7189] = 304.2161, sampling [1.0, -0.7431, 0.9027]. Recommendation = [0.0, -0.6536, 0.2703], Current Cost = 5067.00, Rho = 0.872
(iter 10) [0.0, 1.3970, 0.7189] = 304.2161, sampling [1.0, -0.8540, 0.7918]. Recommendation = [0.0, -0.6536, 0.2703], Current Cost = 5068.00, Rho = 0.872
(iter 10) [0.0, 1.3970, 0.7189] = 304.2161, sampling [1.0, -0.6947, 1.1266]. Recommendation = [0.0, -0.8540, 0.7918], Current Cost = 5069.00, Rho = 0.872
(iter 10) [0.0, 1.3970, 0.7189] = 304.2161, sampling [1.0, -0.9902, 0.6413]. Recommendation = [0.0, -0.8540, 0.7918], Current Cost = 5070.00, Rho = 0.872
(iter 10) [0.0, 1.3970, 0.7189] = 304.2161, sampling [1.0, -0.9732, 0.7479]. Recommendation = [0.0, -0.8540, 0.7918], Current Cost = 5071.00, Rho = 0.872
(iter 10) [0.0, 1.3970, 0.7189] = 304.2161, sampling [1.0, -0.9564, 0.8186]. Recommendation = [0.0, -0.9732, 0.7479], Current Cost = 5072.00, Rho = 0.872
(iter 10) [0.0, 1.3970, 0.7189] = 304.2161, sampling [1.0, -0.9387, 1.0807]. Recommendation = [0.0, -0.9564, 0.8186], Current Cost = 5073.00, Rho = 0.872
(iter 10) [0.0, 1.3970, 0.7189] = 304.2161, sampling [1.0, -1.0006, 0.8069]. Recommendation = [0.0, -0.9564, 0.8186], Current Cost = 5074.00, Rho = 0.872
(iter 10) [0.0, 1.3970, 0.7189] = 304.2161, sampling [1.0, -1.1296, 0.8942]. Recommendation = [0.0, -0.9564, 0.8186], Current Cost = 5075.00, Rho = 0.872
(iter 10) [0.0, 1.3970, 0.7189] = 304.2161, sampling [1.0, -1.0564, 1.1617]. Recommendation = [0.0, -0.9564, 0.8186], Current Cost = 5076.00, Rho = 0.872
(iter 10) [0.0, 1.3970, 0.7189] = 304.2161, sampling [1.0, -0.8844, 1.3934]. Recommendation = [0.0, -0.9564, 0.8186], Current Cost = 5077.00, Rho = 0.872
(iter 10) [0.0, 1.3970, 0.7189] = 304.2161, sampling [1.0, -1.0382, 0.4591]. Recommendation = [0.0, -0.9564, 0.8186], Current Cost = 5078.00, Rho = 0.872
(iter 10) [0.0, 1.3970, 0.7189] = 304.2161, sampling [1.0, -0.7948, 1.3541]. Recommendation = [0.0, -0.9564, 0.8186], Current Cost = 5079.00, Rho = 0.872
(iter 10) [0.0, 1.3970, 0.7189] = 304.2161, sampling [1.0, -0.7291, 0.9346]. Recommendation = [0.0, -0.9564, 0.8186], Current Cost = 5080.00, Rho = 0.872
(iter 10) [0.0, 1.3970, 0.7189] = 304.2161, sampling [1.0, -1.3607, 1.1177]. Recommendation = [0.0, -0.9564, 0.8186], Current Cost = 5081.00, Rho = 0.872
(iter 10) [0.0, 1.3970, 0.7189] = 304.2161, sampling [1.0, -1.2525, 1.5995]. Recommendation = [0.0, -0.9564, 0.8186], Current Cost = 5082.00, Rho = 0.872
(iter 10) [0.0, 1.3970, 0.7189] = 304.2161, sampling [1.0, -1.1391, 1.7288]. Recommendation = [0.0, -0.9564, 0.8186], Current Cost = 5083.00, Rho = 0.872
(iter 10) [0.0, 1.3970, 0.7189] = 304.2161, sampling [1.0, -1.3973, 1.6174]. Recommendation = [0.0, -0.9564, 0.8186], Current Cost = 5084.00, Rho = 0.872
(iter 10) [0.0, 1.3970, 0.7189] = 304.2161, sampling [1.0, -1.3121, 1.8345]. Recommendation = [0.0, -0.9564, 0.8186], Current Cost = 5085.00, Rho = 0.872
(iter 10) [0.0, 1.3970, 0.7189] = 304.2161, sampling [1.0, -1.4303, 1.9536]. Recommendation = [0.0, -0.9564, 0.8186], Current Cost = 5086.00, Rho = 0.872
(iter 10) [0.0, 1.3970, 0.7189] = 304.2161, sampling [1.0, -1.0819, 1.9193]. Recommendation = [0.0, -0.9564, 0.8186], Current Cost = 5087.00, Rho = 0.872
(iter 10) [0.0, 1.3970, 0.7189] = 304.2161, sampling [1.0, -1.5343, 1.3118]. Recommendation = [0.0, -0.9564, 0.8186], Current Cost = 5088.00, Rho = 0.872
(iter 10) [0.0, 1.3970, 0.7189] = 304.2161, sampling [1.0, -0.8978, 1.5077]. Recommendation = [0.0, -0.9564, 0.8186], Current Cost = 5089.00, Rho = 0.872
(iter 10) [0.0, 1.3970, 0.7189] = 304.2161, sampling [1.0, -1.8767, 1.9518]. Recommendation = [0.0, -0.9564, 0.8186], Current Cost = 5090.00, Rho = 0.872
(iter 10) [0.0, 1.3970, 0.7189] = 304.2161, sampling [1.0, -0.8117, 1.7082]. Recommendation = [0.0, -0.9564, 0.8186], Current Cost = 5091.00, Rho = 0.872
(iter 10) [0.0, 1.3970, 0.7189] = 304.2161, sampling [1.0, 1.0273, 0.1245]. Recommendation = [0.0, -0.9564, 0.8186], Current Cost = 5092.00, Rho = 0.872
(iter 10) [0.0, 1.3970, 0.7189] = 304.2161, sampling [1.0, 0.3751, -0.5953]. Recommendation = [0.0, -0.9564, 0.8186], Current Cost = 5093.00, Rho = 0.872
(iter 10) [0.0, 1.3970, 0.7189] = 304.2161, sampling [1.0, -0.4001, -0.1645]. Recommendation = [0.0, -0.9564, 0.8186], Current Cost = 5094.00, Rho = 0.872
(iter 10) [0.0, 1.3970, 0.7189] = 304.2161, sampling [1.0, 1.1623, 0.8680]. Recommendation = [0.0, -0.9564, 0.8186], Current Cost = 5095.00, Rho = 0.872
(iter 10) [0.0, 1.3970, 0.7189] = 304.2161, sampling [1.0, -0.5567, -0.6919]. Recommendation = [0.0, -0.9564, 0.8186], Current Cost = 5096.00, Rho = 0.872
(iter 10) [0.0, 1.3970, 0.7189] = 304.2161, sampling [1.0, -0.3303, -0.9180]. Recommendation = [0.0, -0.9564, 0.8186], Current Cost = 5097.00, Rho = 0.872
(iter 10) [0.0, 1.3970, 0.7189] = 304.2161, sampling [1.0, -0.0339, -0.7370]. Recommendation = [0.0, -0.9564, 0.8186], Current Cost = 5098.00, Rho = 0.872
(iter 10) [0.0, 1.3970, 0.7189] = 304.2161, sampling [1.0, -0.8318, -0.2630]. Recommendation = [0.0, -0.9564, 0.8186], Current Cost = 5099.00, Rho = 0.872
(iter 10) [0.0, 1.3970, 0.7189] = 304.2161, sampling [1.0, 0.7166, -0.4232]. Recommendation = [0.0, -0.9564, 0.8186], Current Cost = 5100.00, Rho = 0.872
(iter 10) [0.0, 1.3970, 0.7189] = 304.2161, sampling [1.0, 0.7440, -0.9595]. Recommendation = [0.0, -0.9564, 0.8186], Current Cost = 5101.00, Rho = 0.872
(iter 10) [0.0, 1.3970, 0.7189] = 304.2161, sampling [1.0, -1.2051, 0.5232]. Recommendation = [0.0, -0.9564, 0.8186], Current Cost = 5102.00, Rho = 0.872
(iter 10) [0.0, 1.3970, 0.7189] = 304.2161, sampling [1.0, 0.8799, 1.3331]. Recommendation = [0.0, -0.9564, 0.8186], Current Cost = 5103.00, Rho = 0.872
(iter 10) [0.0, 1.3970, 0.7189] = 304.2161, sampling [1.0, 0.2646, 0.9590]. Recommendation = [0.0, -0.9564, 0.8186], Current Cost = 5104.00, Rho = 0.872
(iter 10) [0.0, 1.3970, 0.7189] = 304.2161, sampling [1.0, 0.6770, 1.4261]. Recommendation = [0.0, -0.9564, 0.8186], Current Cost = 5105.00, Rho = 0.872
(iter 10) [0.0, 1.3970, 0.7189] = 304.2161, sampling [1.0, 1.5947, 0.1666]. Recommendation = [0.0, -0.9564, 0.8186], Current Cost = 5106.00, Rho = 0.872
(iter 10) [0.0, 1.3970, 0.7189] = 304.2161, sampling [1.0, -0.6390, 1.5439]. Recommendation = [0.0, -0.9564, 0.8186], Current Cost = 5107.00, Rho = 0.872
(iter 10) [0.0, 1.3970, 0.7189] = 304.2161, sampling [1.0, 0.3084, -0.9094]. Recommendation = [0.0, -0.9564, 0.8186], Current Cost = 5108.00, Rho = 0.872
(iter 10) [0.0, 1.3970, 0.7189] = 304.2161, sampling [1.0, -1.1784, 0.3315]. Recommendation = [0.0, -0.9564, 0.8186], Current Cost = 5109.00, Rho = 0.872
(iter 10) [0.0, 1.3970, 0.7189] = 304.2161, sampling [1.0, -1.8654, 1.4164]. Recommendation = [0.0, -0.9564, 0.8186], Current Cost = 5110.00, Rho = 0.872
(iter 10) [0.0, 1.3970, 0.7189] = 304.2161, sampling [1.0, -0.2869, -1.1377]. Recommendation = [0.0, -0.9564, 0.8186], Current Cost = 5111.00, Rho = 0.872
(iter 10) [0.0, 1.3970, 0.7189] = 304.2161, sampling [1.0, -0.4850, -0.8852]. Recommendation = [0.0, -0.9564, 0.8186], Current Cost = 5112.00, Rho = 0.872
(iter 10) [0.0, 1.3970, 0.7189] = 304.2161, sampling [1.0, 0.8469, 1.7720]. Recommendation = [0.0, -0.9564, 0.8186], Current Cost = 5113.00, Rho = 0.872
(iter 10) [0.0, 1.3970, 0.7189] = 304.2161, sampling [1.0, 1.2473, 0.7016]. Recommendation = [0.0, -0.9564, 0.8186], Current Cost = 5114.00, Rho = 0.872
(iter 10) [0.0, 1.3970, 0.7189] = 304.2161, sampling [1.0, 0.5577, 1.6087]. Recommendation = [0.0, -0.9564, 0.8186], Current Cost = 5115.00, Rho = 0.872
(iter 10) [0.0, 1.3970, 0.7189] = 304.2161, sampling [1.0, 0.4708, -0.8234]. Recommendation = [0.0, -0.9564, 0.8186], Current Cost = 5116.00, Rho = 0.872
(iter 10) [0.0, 1.3970, 0.7189] = 304.2161, sampling [1.0, -1.1617, 0.0683]. Recommendation = [0.0, -0.9564, 0.8186], Current Cost = 5117.00, Rho = 0.872
(iter 10) [0.0, 1.3970, 0.7189] = 304.2161, sampling [1.0, 1.8422, 0.9948]. Recommendation = [0.0, -0.9564, 0.8186], Current Cost = 5118.00, Rho = 0.872
(iter 10) [0.0, 1.3970, 0.7189] = 304.2161, sampling [1.0, -0.3026, 1.5810]. Recommendation = [0.0, -0.9564, 0.8186], Current Cost = 5119.00, Rho = 0.872
(iter 10) [0.0, 1.3970, 0.7189] = 304.2161, sampling [1.0, -0.1331, -1.4811]. Recommendation = [0.0, -0.9564, 0.8186], Current Cost = 5120.00, Rho = 0.872
(iter 10) [0.0, 1.3970, 0.7189] = 304.2161, sampling [1.0, 0.0938, 1.1735]. Recommendation = [0.0, -0.9564, 0.8186], Current Cost = 5121.00, Rho = 0.872
(iter 10) [0.0, 1.3970, 0.7189] = 304.2161, sampling [1.0, -1.2915, 0.4763]. Recommendation = [0.0, -0.9564, 0.8186], Current Cost = 5122.00, Rho = 0.872
(iter 10) [0.0, 1.3970, 0.7189] = 304.2161, sampling [1.0, 0.3878, 1.8887]. Recommendation = [0.0, -0.9564, 0.8186], Current Cost = 5123.00, Rho = 0.872
(iter 10) [0.0, 1.3970, 0.7189] = 304.2161, sampling [1.0, 1.2071, -1.5100]. Recommendation = [0.0, -0.9564, 0.8186], Current Cost = 5124.00, Rho = 0.872
(iter 10) [0.0, 1.3970, 0.7189] = 304.2161, sampling [1.0, -0.6119, 1.8555]. Recommendation = [0.0, -0.9564, 0.8186], Current Cost = 5125.00, Rho = 0.872
(iter 10) [0.0, 1.3970, 0.7189] = 304.2161, sampling [1.0, -0.5342, -1.0408]. Recommendation = [0.0, -0.9564, 0.8186], Current Cost = 5126.00, Rho = 0.872
(iter 10) [0.0, 1.3970, 0.7189] = 304.2161, sampling [1.0, -1.6145, 1.2323]. Recommendation = [0.0, -0.9564, 0.8186], Current Cost = 5127.00, Rho = 0.872
(iter 10) [0.0, 1.3970, 0.7189] = 304.2161, sampling [1.0, 1.3191, 0.5537]. Recommendation = [0.0, -0.9564, 0.8186], Current Cost = 5128.00, Rho = 0.872
(iter 10) [0.0, 1.3970, 0.7189] = 304.2161, sampling [1.0, -1.2732, 0.2359]. Recommendation = [0.0, -0.9564, 0.8186], Current Cost = 5129.00, Rho = 0.872
(iter 10) [0.0, 1.3970, 0.7189] = 304.2161, sampling [1.0, 1.6434, 1.3798]. Recommendation = [0.0, -0.9564, 0.8186], Current Cost = 5130.00, Rho = 0.872
(iter 10) [0.0, 1.3970, 0.7189] = 304.2161, sampling [1.0, 0.9683, -0.5830]. Recommendation = [0.0, -0.9564, 0.8186], Current Cost = 5131.00, Rho = 0.872
(iter 10) [0.0, 1.3970, 0.7189] = 304.2161, sampling [1.0, 0.5825, 1.4869]. Recommendation = [0.0, -0.9564, 0.8186], Current Cost = 5132.00, Rho = 0.872
(iter 10) [0.0, 1.3970, 0.7189] = 304.2161, sampling [1.0, 0.2375, 1.4561]. Recommendation = [0.0, -0.9564, 0.8186], Current Cost = 5133.00, Rho = 0.872
(iter 10) [0.0, 1.3970, 0.7189] = 304.2161, sampling [1.0, -0.5032, -1.3303]. Recommendation = [0.0, -0.9564, 0.8186], Current Cost = 5134.00, Rho = 0.872
(iter 10) [0.0, 1.3970, 0.7189] = 304.2161, sampling [1.0, -1.6594, 0.7580]. Recommendation = [0.0, -0.9564, 0.8186], Current Cost = 5135.00, Rho = 0.872
(iter 10) [0.0, 1.3970, 0.7189] = 304.2161, sampling [1.0, 0.5005, -1.3225]. Recommendation = [0.0, -0.9564, 0.8186], Current Cost = 5136.00, Rho = 0.872
(iter 10) [0.0, 1.3970, 0.7189] = 304.2161, sampling [1.0, 0.0211, -1.9047]. Recommendation = [0.0, -0.9564, 0.8186], Current Cost = 5137.00, Rho = 0.872
(iter 10) [0.0, 1.3970, 0.7189] = 304.2161, sampling [1.0, -0.7044, 1.7450]. Recommendation = [0.0, -0.9564, 0.8186], Current Cost = 5138.00, Rho = 0.872
(iter 10) [0.0, 1.3970, 0.7189] = 304.2161, sampling [1.0, 0.0693, 1.8225]. Recommendation = [0.0, -0.9564, 0.8186], Current Cost = 5139.00, Rho = 0.872
(iter 10) [0.0, 1.3970, 0.7189] = 304.2161, sampling [1.0, 0.2041, -1.4957]. Recommendation = [0.0, -0.9564, 0.8186], Current Cost = 5140.00, Rho = 0.872
(iter 10) [0.0, 1.3970, 0.7189] = 304.2161, sampling [1.0, -0.5207, -1.8450]. Recommendation = [0.0, -0.9564, 0.8186], Current Cost = 5141.00, Rho = 0.872
(iter 10) [0.0, 1.3970, 0.7189] = 304.2161, sampling [1.0, -0.5806, 1.6956]. Recommendation = [0.0, -0.9564, 0.8186], Current Cost = 5142.00, Rho = 0.872
(iter 10) [0.0, 1.3970, 0.7189] = 304.2161, sampling [1.0, 0.8543, -0.8157]. Recommendation = [0.0, -0.9564, 0.8186], Current Cost = 5143.00, Rho = 0.872
(iter 10) [0.0, 1.3970, 0.7189] = 304.2161, sampling [1.0, 1.3087, -0.2514]. Recommendation = [0.0, -0.9564, 0.8186], Current Cost = 5144.00, Rho = 0.872
(iter 10) [0.0, 1.3970, 0.7189] = 304.2161, sampling [1.0, -1.0194, -0.9347]. Recommendation = [0.0, -0.9564, 0.8186], Current Cost = 5145.00, Rho = 0.872
(iter 10) [0.0, 1.3970, 0.7189] = 304.2161, sampling [1.0, 1.7816, 1.6480]. Recommendation = [0.0, -0.9564, 0.8186], Current Cost = 5146.00, Rho = 0.872
(iter 10) [0.0, 1.3970, 0.7189] = 304.2161, sampling [1.0, -1.4433, 0.4170]. Recommendation = [0.0, -0.9564, 0.8186], Current Cost = 5147.00, Rho = 0.872
(iter 10) [0.0, 1.3970, 0.7189] = 304.2161, sampling [1.0, -1.7951, 1.0391]. Recommendation = [0.0, -0.9564, 0.8186], Current Cost = 5148.00, Rho = 0.872
(iter 10) [0.0, 1.3970, 0.7189] = 304.2161, sampling [1.0, -0.1584, 1.6594]. Recommendation = [0.0, -0.9564, 0.8186], Current Cost = 5149.00, Rho = 0.872
(iter 10) [0.0, 1.3970, 0.7189] = 304.2161, sampling [1.0, -1.7836, -1.9817]. Recommendation = [0.0, -0.9564, 0.8186], Current Cost = 5150.00, Rho = 0.872
(iter 10) [0.0, 1.3970, 0.7189] = 304.2161, sampling [1.0, -0.1648, -1.7441]. Recommendation = [0.0, -0.9564, 0.8186], Current Cost = 5151.00, Rho = 0.872
(iter 10) [0.0, 1.3970, 0.7189] = 304.2161, sampling [1.0, 1.9888, -0.6113]. Recommendation = [0.0, -0.9564, 0.8186], Current Cost = 5152.00, Rho = 0.872
(iter 10) [0.0, 1.3970, 0.7189] = 304.2161, sampling [1.0, -0.4508, 1.9758]. Recommendation = [0.0, -0.9564, 0.8186], Current Cost = 5153.00, Rho = 0.872
(iter 10) [0.0, 1.3970, 0.7189] = 304.2161, sampling [1.0, 0.4066, -1.9515]. Recommendation = [0.0, -0.9564, 0.8186], Current Cost = 5154.00, Rho = 0.872
(iter 10) [0.0, 1.3970, 0.7189] = 304.2161, sampling [1.0, 1.4186, 0.5664]. Recommendation = [0.0, -0.9564, 0.8186], Current Cost = 5155.00, Rho = 0.872
(iter 10) [0.0, 1.3970, 0.7189] = 304.2161, sampling [1.0, -0.5997, -1.2892]. Recommendation = [0.0, -0.9564, 0.8186], Current Cost = 5156.00, Rho = 0.872
(iter 10) [0.0, 1.3970, 0.7189] = 304.2161, sampling [1.0, -1.5798, 0.6222]. Recommendation = [0.0, -0.9564, 0.8186], Current Cost = 5157.00, Rho = 0.872
(iter 10) [0.0, 1.3970, 0.7189] = 304.2161, sampling [1.0, 1.1475, -0.3125]. Recommendation = [0.0, -0.9564, 0.8186], Current Cost = 5158.00, Rho = 0.872
(iter 10) [0.0, 1.3970, 0.7189] = 304.2161, sampling [1.0, -0.0882, 1.9290]. Recommendation = [0.0, -0.9564, 0.8186], Current Cost = 5159.00, Rho = 0.872
(iter 10) [0.0, 1.3970, 0.7189] = 304.2161, sampling [1.0, 0.5927, -1.2781]. Recommendation = [0.0, -0.9564, 0.8186], Current Cost = 5160.00, Rho = 0.872
(iter 10) [0.0, 1.3970, 0.7189] = 304.2161, sampling [1.0, 1.8245, 1.5020]. Recommendation = [0.0, -0.9564, 0.8186], Current Cost = 5161.00, Rho = 0.872
(iter 10) [0.0, 1.3970, 0.7189] = 304.2161, sampling [1.0, 0.4564, -0.8396]. Recommendation = [0.0, -0.9564, 0.8186], Current Cost = 5162.00, Rho = 0.872
(iter 10) [0.0, 1.3970, 0.7189] = 304.2161, sampling [1.0, 0.4804, 1.8660]. Recommendation = [0.0, -0.9564, 0.8186], Current Cost = 5163.00, Rho = 0.872
(iter 10) [0.0, 1.3970, 0.7189] = 304.2161, sampling [1.0, -0.3048, -1.7151]. Recommendation = [0.0, -0.9564, 0.8186], Current Cost = 5164.00, Rho = 0.872
(iter 10) [0.0, 1.3970, 0.7189] = 304.2161, sampling [1.0, 0.6912, -1.5673]. Recommendation = [0.0, -0.9564, 0.8186], Current Cost = 5165.00, Rho = 0.872
(iter 10) [0.0, 1.3970, 0.7189] = 304.2161, sampling [1.0, 0.2205, -1.6614]. Recommendation = [0.0, -0.9564, 0.8186], Current Cost = 5166.00, Rho = 0.872
(iter 10) [0.0, 1.3970, 0.7189] = 304.2161, sampling [1.0, -1.9431, 1.5321]. Recommendation = [0.0, -0.9564, 0.8186], Current Cost = 5167.00, Rho = 0.872
(iter 10) [0.0, 1.3970, 0.7189] = 304.2161, sampling [1.0, -1.7713, 1.3181]. Recommendation = [0.0, -0.9564, 0.8186], Current Cost = 5168.00, Rho = 0.872
(iter 10) [0.0, 1.3970, 0.7189] = 304.2161, sampling [1.0, -1.2995, -0.6245]. Recommendation = [0.0, -0.9564, 0.8186], Current Cost = 5169.00, Rho = 0.872
(iter 10) [0.0, 1.3970, 0.7189] = 304.2161, sampling [1.0, 1.3786, 0.0014]. Recommendation = [0.0, -0.9564, 0.8186], Current Cost = 5170.00, Rho = 0.872
(iter 10) [0.0, 1.3970, 0.7189] = 304.2161, sampling [1.0, -0.2719, 1.7132]. Recommendation = [0.0, -0.9564, 0.8186], Current Cost = 5171.00, Rho = 0.872
(iter 10) [0.0, 1.3970, 0.7189] = 304.2161, sampling [1.0, 1.6925, 0.6787]. Recommendation = [0.0, -0.9564, 0.8186], Current Cost = 5172.00, Rho = 0.872
(iter 10) [0.0, 1.3970, 0.7189] = 304.2161, sampling [1.0, -1.4715, 0.0415]. Recommendation = [0.0, -0.9564, 0.8186], Current Cost = 5173.00, Rho = 0.872
(iter 10) [0.0, 1.3970, 0.7189] = 304.2161, sampling [1.0, 0.1712, -1.8103]. Recommendation = [0.0, -0.9564, 0.8186], Current Cost = 5174.00, Rho = 0.872
(iter 10) [0.0, 1.3970, 0.7189] = 304.2161, sampling [1.0, 0.8893, -1.9357]. Recommendation = [0.0, -0.9564, 0.8186], Current Cost = 5175.00, Rho = 0.872
(iter 10) [0.0, 1.3970, 0.7189] = 304.2161, sampling [1.0, 0.9107, -0.8745]. Recommendation = [0.0, -0.9564, 0.8186], Current Cost = 5176.00, Rho = 0.872
(iter 10) [0.0, 1.3970, 0.7189] = 304.2161, sampling [1.0, 1.9419, 1.2265]. Recommendation = [0.0, -0.9564, 0.8186], Current Cost = 5177.00, Rho = 0.872
(iter 10) [0.0, 1.3970, 0.7189] = 304.2161, sampling [1.0, 1.1740, -0.4479]. Recommendation = [0.0, -0.9564, 0.8186], Current Cost = 5178.00, Rho = 0.872
(iter 10) [0.0, 1.3970, 0.7189] = 304.2161, sampling [1.0, -1.9630, 1.1426]. Recommendation = [0.0, -0.9564, 0.8186], Current Cost = 5179.00, Rho = 0.872
(iter 10) [0.0, 1.3970, 0.7189] = 304.2161, sampling [0.0, -1.4303, 1.9536]. Recommendation = [0.0, -0.9564, 0.8186], Current Cost = 5180.00, Rho = 0.872
(iter 185) [0.0, -1.4303, 1.9536] = 449.5436, sampling [0.0, 1.3327, 1.7818]. Recommendation = [0.0, -0.6536, 0.2703], Current Cost = 6180.00, Rho = 0.872
(iter 186) [0.0, 1.3327, 1.7818] = 456.1860, sampling [1.0, 0.9300, -1.3685]. Recommendation = [0.0, -0.6536, 0.2703], Current Cost = 7180.00, Rho = 0.872
(iter 186) [0.0, 1.3327, 1.7818] = 456.1860, sampling [0.0, -0.4446, 0.0833]. Recommendation = [0.0, -0.6536, 0.2703], Current Cost = 7181.00, Rho = 0.872
(iter 186) [0.0, 1.3327, 1.7818] = 456.1860, sampling [0.0, 0.4348, 0.1884]. Recommendation = [0.0, -0.9564, 0.8186], Current Cost = 8181.00, Rho = 0.872
(iter 186) [0.0, 1.3327, 1.7818] = 456.1860, sampling [0.0, -0.9564, 0.8186]. Recommendation = [0.0, -0.9564, 0.8186], Current Cost = 9181.00, Rho = 0.872
(iter 186) [0.0, 1.3327, 1.7818] = 456.1860, sampling [0.0, 0.9821, 1.0150]. Recommendation = [0.0, 0.9821, 1.0150], Current Cost = 10181.00, Rho = 0.872
(iter 186) [0.0, 1.3327, 1.7818] = 456.1860, sampling [0.0, -1.2525, 1.5995]. Recommendation = [0.0, -1.2525, 1.5995], Current Cost = 11181.00, Rho = 0.872
(iter 186) [0.0, 1.3327, 1.7818] = 456.1860, sampling [0.0, 0.1097, -0.1069]. Recommendation = [0.0, -0.6536, 0.2703], Current Cost = 12181.00, Rho = 0.872
(iter 186) [0.0, 1.3327, 1.7818] = 456.1860, sampling [0.0, -0.8449, 0.3879]. Recommendation = [0.0, -0.6536, 0.2703], Current Cost = 13181.00, Rho = 0.872
(iter 186) [0.0, 1.3327, 1.7818] = 456.1860, sampling [0.0, -1.0564, 1.1617]. Recommendation = [0.0, 1.0638, 1.1961], Current Cost = 14181.00, Rho = 0.872
(iter 186) [0.0, 1.3327, 1.7818] = 456.1860, sampling [0.0, 0.6107, 0.4850]. Recommendation = [0.0, 1.0638, 1.1961], Current Cost = 15181.00, Rho = 0.872
(iter 186) [0.0, 1.3327, 1.7818] = 456.1860, sampling [0.0, -0.2431, -0.3394]. Recommendation = [0.0, 1.0638, 1.1961], Current Cost = 16181.00, Rho = 0.872
(iter 186) [0.0, 1.3327, 1.7818] = 456.1860, sampling [1.0, -0.7755, -1.7947]. Recommendation = [0.0, 1.0638, 1.1961], Current Cost = 17181.00, Rho = 0.872
(iter 186) [0.0, 1.3327, 1.7818] = 456.1860, sampling [0.0, 1.1162, 1.4517]. Recommendation = [0.0, 1.0638, 1.1961], Current Cost = 17182.00, Rho = 0.872
(iter 186) [0.0, 1.3327, 1.7818] = 456.1860, sampling [0.0, 0.9927, 0.8336]. Recommendation = [0.0, 1.0638, 1.1961], Current Cost = 18182.00, Rho = 0.872
(iter 186) [0.0, 1.3327, 1.7818] = 456.1860, sampling [0.0, 1.0638, 1.1961]. Recommendation = [0.0, 1.0638, 1.1961], Current Cost = 19182.00, Rho = 0.872
(iter 186) [0.0, 1.3327, 1.7818] = 456.1860, sampling [1.0, -1.2278, -1.0215]. Recommendation = [0.0, 1.3327, 1.7818], Current Cost = 20182.00, Rho = 0.872
(iter 186) [0.0, 1.3327, 1.7818] = 456.1860, sampling [0.0, -0.6536, 0.2703]. Recommendation = [0.0, 1.3327, 1.7818], Current Cost = 20183.00, Rho = 0.872
(iter 186) [0.0, 1.3327, 1.7818] = 456.1860, sampling [1.0, 1.2847, -0.7618]. Recommendation = [0.0, 1.3327, 1.7818], Current Cost = 21183.00, Rho = 0.872
(iter 186) [0.0, 1.3327, 1.7818] = 456.1860, sampling [0.0, 0.6720, -0.0154]. Recommendation = [0.0, 1.3327, 1.7818], Current Cost = 21184.00, Rho = 0.872
(iter 186) [0.0, 1.3327, 1.7818] = 456.1860, sampling [0.0, -0.1817, -0.1311]. Recommendation = [0.0, 1.3327, 1.7818], Current Cost = 22184.00, Rho = 0.872
(iter 186) [0.0, 1.3327, 1.7818] = 456.1860, sampling [0.0, 0.2895, 0.2477]. Recommendation = [0.0, 1.3327, 1.7818], Current Cost = 23184.00, Rho = 0.872
(iter 186) [0.0, 1.3327, 1.7818] = 456.1860, sampling [0.0, -0.3567, 0.2201]. Recommendation = [0.0, 1.3327, 1.7818], Current Cost = 24184.00, Rho = 0.872
(iter 186) [0.0, 1.3327, 1.7818] = 456.1860, sampling [1.0, 1.9068, -1.9528]. Recommendation = [0.0, 1.3327, 1.7818], Current Cost = 25184.00, Rho = 0.872
(iter 186) [0.0, 1.3327, 1.7818] = 456.1860, sampling [0.0, 0.6418, 0.6320]. Recommendation = [0.0, 1.3327, 1.7818], Current Cost = 25185.00, Rho = 0.872
(iter 186) [0.0, 1.3327, 1.7818] = 456.1860, sampling [0.0, -0.5676, -0.0599]. Recommendation = [0.0, 1.3327, 1.7818], Current Cost = 26185.00, Rho = 0.872
(iter 186) [0.0, 1.3327, 1.7818] = 456.1860, sampling [0.0, -1.3121, 1.8345]. Recommendation = [0.0, 1.3327, 1.7818], Current Cost = 27185.00, Rho = 0.872
(iter 186) [0.0, 1.3327, 1.7818] = 456.1860, sampling [0.0, -0.4311, 0.3772]. Recommendation = [0.0, 1.3327, 1.7818], Current Cost = 28185.00, Rho = 0.872
(iter 186) [0.0, 1.3327, 1.7818] = 456.1860, sampling [0.0, 0.7571, 0.8616]. Recommendation = [0.0, 1.3327, 1.7818], Current Cost = 29185.00, Rho = 0.872
(iter 186) [0.0, 1.3327, 1.7818] = 456.1860, sampling [0.0, -0.9902, 0.6413]. Recommendation = [0.0, 1.3327, 1.7818], Current Cost = 30185.00, Rho = 0.872
(iter 186) [0.0, 1.3327, 1.7818] = 456.1860, sampling [0.0, 1.1226, 0.9792]. Recommendation = [0.0, 1.3327, 1.7818], Current Cost = 31185.00, Rho = 0.872
(iter 186) [0.0, 1.3327, 1.7818] = 456.1860, sampling [0.0, -0.1188, 0.3436]. Recommendation = [0.0, 1.3327, 1.7818], Current Cost = 32185.00, Rho = 0.872
(iter 186) [0.0, 1.3327, 1.7818] = 456.1860, sampling [0.0, -0.8540, 0.7918]. Recommendation = [0.0, 1.3327, 1.7818], Current Cost = 33185.00, Rho = 0.872
(iter 186) [0.0, 1.3327, 1.7818] = 456.1860, sampling [0.0, 0.0455, -0.0869]. Recommendation = [0.0, 1.3327, 1.7818], Current Cost = 34185.00, Rho = 0.872
(iter 186) [0.0, 1.3327, 1.7818] = 456.1860, sampling [1.0, 1.6079, 0.3025]. Recommendation = [0.0, 1.3327, 1.7818], Current Cost = 35185.00, Rho = 0.872
(iter 186) [0.0, 1.3327, 1.7818] = 456.1860, sampling [0.0, -0.9387, 1.0807]. Recommendation = [0.0, 1.3327, 1.7818], Current Cost = 35186.00, Rho = 0.872
(iter 186) [0.0, 1.3327, 1.7818] = 456.1860, sampling [0.0, 0.2483, -0.4934]. Recommendation = [0.0, 1.3327, 1.7818], Current Cost = 36186.00, Rho = 0.872
(iter 186) [0.0, 1.3327, 1.7818] = 456.1860, sampling [0.0, -1.1296, 0.8942]. Recommendation = [0.0, 1.3327, 1.7818], Current Cost = 37186.00, Rho = 0.872
(iter 186) [0.0, 1.3327, 1.7818] = 456.1860, sampling [0.0, -0.3872, -0.0791]. Recommendation = [0.0, 1.3327, 1.7818], Current Cost = 38186.00, Rho = 0.872
(iter 186) [0.0, 1.3327, 1.7818] = 456.1860, sampling [0.0, 1.0442, 1.2572]. Recommendation = [0.0, 1.3327, 1.7818], Current Cost = 39186.00, Rho = 0.872
(iter 186) [0.0, 1.3327, 1.7818] = 456.1860, sampling [0.0, 0.1358, 0.3121]. Recommendation = [0.0, 1.3327, 1.7818], Current Cost = 40186.00, Rho = 0.872
(iter 186) [0.0, 1.3327, 1.7818] = 456.1860, sampling [1.0, 1.2751, -0.3812]. Recommendation = [0.0, 1.3327, 1.7818], Current Cost = 41186.00, Rho = 0.872
(iter 186) [0.0, 1.3327, 1.7818] = 456.1860, sampling [0.0, -0.6686, 0.1564]. Recommendation = [0.0, 1.3327, 1.7818], Current Cost = 41187.00, Rho = 0.872
(iter 186) [0.0, 1.3327, 1.7818] = 456.1860, sampling [0.0, 0.8118, 0.1973]. Recommendation = [0.0, 1.3327, 1.7818], Current Cost = 42187.00, Rho = 0.872
(iter 186) [0.0, 1.3327, 1.7818] = 456.1860, sampling [0.0, -1.3973, 1.6174]. Recommendation = [0.0, 1.3327, 1.7818], Current Cost = 43187.00, Rho = 0.872
(iter 186) [0.0, 1.3327, 1.7818] = 456.1860, sampling [0.0, -0.4654, 0.6009]. Recommendation = [0.0, 1.3327, 1.7818], Current Cost = 44187.00, Rho = 0.872
(iter 186) [0.0, 1.3327, 1.7818] = 456.1860, sampling [0.0, -0.7431, 0.9027]. Recommendation = [0.0, 1.3327, 1.7818], Current Cost = 45187.00, Rho = 0.872
(iter 186) [0.0, 1.3327, 1.7818] = 456.1860, sampling [0.0, -0.3777, -0.1525]. Recommendation = [0.0, 1.3327, 1.7818], Current Cost = 46187.00, Rho = 0.872
(iter 186) [0.0, 1.3327, 1.7818] = 456.1860, sampling [0.0, -0.2323, 0.4028]. Recommendation = [0.0, 1.3327, 1.7818], Current Cost = 47187.00, Rho = 0.872
(iter 186) [0.0, 1.3327, 1.7818] = 456.1860, sampling [0.0, -0.9732, 0.7479]. Recommendation = [0.0, 1.3327, 1.7818], Current Cost = 48187.00, Rho = 0.872
(iter 186) [0.0, 1.3327, 1.7818] = 456.1860, sampling [0.0, 0.5136, -0.2798]. Recommendation = [0.0, 1.3327, 1.7818], Current Cost = 49187.00, Rho = 0.872
(iter 186) [0.0, 1.3327, 1.7818] = 456.1860, sampling [0.0, 0.0058, 0.3628]. Recommendation = [0.0, 1.3327, 1.7818], Current Cost = 50187.00, Rho = 0.872
(iter 186) [0.0, 1.3327, 1.7818] = 456.1860, sampling [0.0, -1.1391, 1.7288]. Recommendation = [0.0, 1.3327, 1.7818], Current Cost = 51187.00, Rho = 0.872
(iter 186) [0.0, 1.3327, 1.7818] = 456.1860, sampling [1.0, 0.7939, -1.5695]. Recommendation = [0.0, 1.3327, 1.7818], Current Cost = 52187.00, Rho = 0.872
(iter 186) [0.0, 1.3327, 1.7818] = 456.1860, sampling [0.0, -0.0966, -0.6439]. Recommendation = [0.0, 1.3327, 1.7818], Current Cost = 52188.00, Rho = 0.872
(iter 186) [0.0, 1.3327, 1.7818] = 456.1860, sampling [0.0, -1.0006, 0.8069]. Recommendation = [0.0, 1.3327, 1.7818], Current Cost = 53188.00, Rho = 0.872
(iter 186) [0.0, 1.3327, 1.7818] = 456.1860, sampling [0.0, 0.1910, 0.5860]. Recommendation = [0.0, 1.3327, 1.7818], Current Cost = 54188.00, Rho = 0.872
(iter 186) [0.0, 1.3327, 1.7818] = 456.1860, sampling [0.0, -0.7539, 0.0229]. Recommendation = [0.0, 1.3327, 1.7818], Current Cost = 55188.00, Rho = 0.872
(iter 186) [0.0, 1.3327, 1.7818] = 456.1860, sampling [0.0, 0.8799, 1.3331]. Recommendation = [0.0, 1.3327, 1.7818], Current Cost = 56188.00, Rho = 0.872
(iter 186) [0.0, 1.3327, 1.7818] = 456.1860, sampling [0.0, 1.1623, 0.8680]. Recommendation = [0.0, 1.3327, 1.7818], Current Cost = 57188.00, Rho = 0.872
(iter 186) [0.0, 1.3327, 1.7818] = 456.1860, sampling [0.0, -0.8844, 1.3934]. Recommendation = [0.0, 1.3327, 1.7818], Current Cost = 58188.00, Rho = 0.872
(iter 186) [0.0, 1.3327, 1.7818] = 456.1860, sampling [0.0, -0.0262, 0.4466]. Recommendation = [0.0, 1.3327, 1.7818], Current Cost = 59188.00, Rho = 0.872
(iter 186) [0.0, 1.3327, 1.7818] = 456.1860, sampling [0.0, -0.2030, -0.4039]. Recommendation = [0.0, 1.3327, 1.7818], Current Cost = 60188.00, Rho = 0.872
(iter 186) [0.0, 1.3327, 1.7818] = 456.1860, sampling [1.0, 1.2264, -1.0642]. Recommendation = [0.0, 1.3327, 1.7818], Current Cost = 61188.00, Rho = 0.872
(iter 186) [0.0, 1.3327, 1.7818] = 456.1860, sampling [0.0, -1.0382, 0.4591]. Recommendation = [0.0, 1.3327, 1.7818], Current Cost = 61189.00, Rho = 0.872
(iter 186) [0.0, 1.3327, 1.7818] = 456.1860, sampling [0.0, 1.0941, 0.5084]. Recommendation = [0.0, 1.3327, 1.7818], Current Cost = 62189.00, Rho = 0.872
(iter 186) [0.0, 1.3327, 1.7818] = 456.1860, sampling [0.0, -0.4001, -0.1645]. Recommendation = [0.0, 1.3327, 1.7818], Current Cost = 63189.00, Rho = 0.872
(iter 186) [0.0, 1.3327, 1.7818] = 456.1860, sampling [0.0, -1.3607, 1.1177]. Recommendation = [0.0, 1.3327, 1.7818], Current Cost = 64189.00, Rho = 0.872
(iter 186) [0.0, 1.3327, 1.7818] = 456.1860, sampling [0.0, -0.0725, 0.5336]. Recommendation = [0.0, 1.3327, 1.7818], Current Cost = 65189.00, Rho = 0.872
(iter 186) [0.0, 1.3327, 1.7818] = 456.1860, sampling [0.0, 0.9534, 0.2785]. Recommendation = [0.0, 1.3327, 1.7818], Current Cost = 66189.00, Rho = 0.872
(iter 186) [0.0, 1.3327, 1.7818] = 456.1860, sampling [0.0, 0.1456, -0.5562]. Recommendation = [0.0, 1.3327, 1.7818], Current Cost = 67189.00, Rho = 0.872
(iter 186) [0.0, 1.3327, 1.7818] = 456.1860, sampling [0.0, -0.6947, 1.1266]. Recommendation = [0.0, 1.3327, 1.7818], Current Cost = 68189.00, Rho = 0.872
(iter 186) [0.0, 1.3327, 1.7818] = 456.1860, sampling [1.0, -0.8786, -1.6828]. Recommendation = [0.0, 1.3327, 1.7818], Current Cost = 69189.00, Rho = 0.872
(iter 186) [0.0, 1.3327, 1.7818] = 456.1860, sampling [0.0, 0.2804, 0.7259]. Recommendation = [0.0, 1.3327, 1.7818], Current Cost = 69190.00, Rho = 0.872
(iter 186) [0.0, 1.3327, 1.7818] = 456.1860, sampling [1.0, 1.4713, -0.2327]. Recommendation = [0.0, 1.3327, 1.7818], Current Cost = 70190.00, Rho = 0.872
(iter 186) [0.0, 1.3327, 1.7818] = 456.1860, sampling [1.0, 1.5090, 0.0627]. Recommendation = [0.0, 1.3327, 1.7818], Current Cost = 70191.00, Rho = 0.872
(iter 186) [0.0, 1.3327, 1.7818] = 456.1860, sampling [0.0, 0.5636, -0.2215]. Recommendation = [0.0, 1.3327, 1.7818], Current Cost = 70192.00, Rho = 0.872
(iter 186) [0.0, 1.3327, 1.7818] = 456.1860, sampling [0.0, -0.7291, 0.9346]. Recommendation = [0.0, 1.3327, 1.7818], Current Cost = 71192.00, Rho = 0.872
(iter 186) [0.0, 1.3327, 1.7818] = 456.1860, sampling [1.0, -0.6744, -1.8725]. Recommendation = [0.0, 1.3327, 1.7818], Current Cost = 72192.00, Rho = 0.872
(iter 186) [0.0, 1.3327, 1.7818] = 456.1860, sampling [0.0, 0.4219, 0.9208]. Recommendation = [0.0, 1.3327, 1.7818], Current Cost = 72193.00, Rho = 0.872
(iter 186) [0.0, 1.3327, 1.7818] = 456.1860, sampling [0.0, 0.3751, -0.5953]. Recommendation = [0.0, 1.3327, 1.7818], Current Cost = 73193.00, Rho = 0.872
(iter 186) [0.0, 1.3327, 1.7818] = 456.1860, sampling [0.0, -0.0521, 0.6608]. Recommendation = [0.0, 1.3327, 1.7818], Current Cost = 74193.00, Rho = 0.872
(iter 186) [0.0, 1.3327, 1.7818] = 456.1860, sampling [1.0, -1.6337, -0.7751]. Recommendation = [0.0, 1.3327, 1.7818], Current Cost = 75193.00, Rho = 0.872
(iter 186) [0.0, 1.3327, 1.7818] = 456.1860, sampling [0.0, 0.8303, 1.2819]. Recommendation = [0.0, 1.3327, 1.7818], Current Cost = 75194.00, Rho = 0.872
(iter 186) [0.0, 1.3327, 1.7818] = 456.1860, sampling [0.0, -1.0819, 1.9193]. Recommendation = [0.0, 1.3327, 1.7818], Current Cost = 76194.00, Rho = 0.872
(iter 186) [0.0, 1.3327, 1.7818] = 456.1860, sampling [0.0, 1.6587, 1.7931]. Recommendation = [0.0, 1.3327, 1.7818], Current Cost = 77194.00, Rho = 0.872
(iter 186) [0.0, 1.3327, 1.7818] = 456.1860, sampling [0.0, 0.1271, -0.7238]. Recommendation = [0.0, 1.3327, 1.7818], Current Cost = 78194.00, Rho = 0.872
(iter 186) [0.0, 1.3327, 1.7818] = 456.1860, sampling [0.0, -0.5567, -0.6919]. Recommendation = [0.0, 1.3327, 1.7818], Current Cost = 79194.00, Rho = 0.872
(iter 186) [0.0, 1.3327, 1.7818] = 456.1860, sampling [1.0, 1.9691, 0.1432]. Recommendation = [0.0, 1.3327, 1.7818], Current Cost = 80194.00, Rho = 0.872
(iter 186) [0.0, 1.3327, 1.7818] = 456.1860, sampling [0.0, 0.6306, 1.2017]. Recommendation = [0.0, 1.3327, 1.7818], Current Cost = 80195.00, Rho = 0.872
(iter 186) [0.0, 1.3327, 1.7818] = 456.1860, sampling [0.0, -0.8978, 1.5077]. Recommendation = [0.0, 1.3327, 1.7818], Current Cost = 81195.00, Rho = 0.872
(iter 186) [0.0, 1.3327, 1.7818] = 456.1860, sampling [0.0, 1.4831, 1.2673]. Recommendation = [0.0, 1.3327, 1.7818], Current Cost = 82195.00, Rho = 0.872
(iter 186) [0.0, 1.3327, 1.7818] = 456.1860, sampling [0.0, -0.8318, -0.2630]. Recommendation = [0.0, 1.3327, 1.7818], Current Cost = 83195.00, Rho = 0.872
(iter 186) [0.0, 1.3327, 1.7818] = 456.1860, sampling [1.0, 1.0741, -1.3455]. Recommendation = [0.0, 1.3327, 1.7818], Current Cost = 84195.00, Rho = 0.872
(iter 186) [0.0, 1.3327, 1.7818] = 456.1860, sampling [1.0, -1.6897, 0.1083]. Recommendation = [0.0, 1.3327, 1.7818], Current Cost = 84196.00, Rho = 0.872
(iter 186) [0.0, 1.3327, 1.7818] = 456.1860, sampling [1.0, -1.1987, -1.1669]. Recommendation = [0.0, 1.3327, 1.7818], Current Cost = 84197.00, Rho = 0.872
(iter 186) [0.0, 1.3327, 1.7818] = 456.1860, sampling [0.0, -0.0137, 0.7827]. Recommendation = [0.0, 1.3327, 1.7818], Current Cost = 84198.00, Rho = 0.872
(iter 186) [0.0, 1.3327, 1.7818] = 456.1860, sampling [0.0, -0.0339, -0.7370]. Recommendation = [0.0, 1.3327, 1.7818], Current Cost = 85198.00, Rho = 0.872
(iter 186) [0.0, 1.3327, 1.7818] = 456.1860, sampling [0.0, 0.7166, -0.4232]. Recommendation = [0.0, 1.3327, 1.7818], Current Cost = 86198.00, Rho = 0.872
(iter 186) [0.0, 1.3327, 1.7818] = 456.1860, sampling [0.0, -0.7948, 1.3541]. Recommendation = [0.0, 1.3327, 1.7818], Current Cost = 87198.00, Rho = 0.872
(iter 186) [0.0, 1.3327, 1.7818] = 456.1860, sampling [0.0, 0.8469, 1.7720]. Recommendation = [0.0, 1.3327, 1.7818], Current Cost = 88198.00, Rho = 0.872
(iter 186) [0.0, 1.3327, 1.7818] = 456.1860, sampling [0.0, -1.2051, 0.5232]. Recommendation = [0.0, 1.3327, 1.7818], Current Cost = 89198.00, Rho = 0.872
(iter 186) [0.0, 1.3327, 1.7818] = 456.1860, sampling [1.0, 1.9573, 0.9756]. Recommendation = [0.0, 1.3327, 1.7818], Current Cost = 90198.00, Rho = 0.872
(iter 186) [0.0, 1.3327, 1.7818] = 456.1860, sampling [0.0, 0.3646, -0.7968]. Recommendation = [0.0, 1.3327, 1.7818], Current Cost = 90199.00, Rho = 0.872
(iter 186) [0.0, 1.3327, 1.7818] = 456.1860, sampling [0.0, -0.2235, 1.0468]. Recommendation = [0.0, 1.3327, 1.7818], Current Cost = 91199.00, Rho = 0.872
(iter 186) [0.0, 1.3327, 1.7818] = 456.1860, sampling [0.0, -0.3303, -0.9180]. Recommendation = [0.0, 1.3327, 1.7818], Current Cost = 92199.00, Rho = 0.872
(iter 186) [0.0, 1.3327, 1.7818] = 456.1860, sampling [0.0, 0.5292, -0.5687]. Recommendation = [0.0, 1.3327, 1.7818], Current Cost = 93199.00, Rho = 0.872
(iter 186) [0.0, 1.3327, 1.7818] = 456.1860, sampling [0.0, 1.0273, 0.1245]. Recommendation = [0.0, 1.3327, 1.7818], Current Cost = 94199.00, Rho = 0.872
(iter 186) [0.0, 1.3327, 1.7818] = 456.1860, sampling [0.0, 0.2646, 0.9590]. Recommendation = [0.0, 1.3327, 1.7818], Current Cost = 95199.00, Rho = 0.872
(iter 186) [0.0, 1.3327, 1.7818] = 456.1860, sampling [0.0, 1.2473, 0.7016]. Recommendation = [0.0, 1.3327, 1.7818], Current Cost = 96199.00, Rho = 0.872
(iter 186) [0.0, 1.3327, 1.7818] = 456.1860, sampling [0.0, 0.6770, 1.4261]. Recommendation = [0.0, 1.3327, 1.7818], Current Cost = 97199.00, Rho = 0.872
(iter 186) [0.0, 1.3327, 1.7818] = 456.1860, sampling [1.0, -1.7347, -0.2911]. Recommendation = [0.0, 1.3327, 1.7818], Current Cost = 98199.00, Rho = 0.872
(iter 186) [0.0, 1.3327, 1.7818] = 456.1860, sampling [0.0, -1.5343, 1.3118]. Recommendation = [0.0, 1.3327, 1.7818], Current Cost = 98200.00, Rho = 0.872
(iter 186) [0.0, 1.3327, 1.7818] = 456.1860, sampling [1.0, 1.2491, -0.9638]. Recommendation = [0.0, 1.3327, 1.7818], Current Cost = 99200.00, Rho = 0.872
(iter 186) [0.0, 1.3327, 1.7818] = 456.1860, sampling [1.0, 1.5016, -0.3566]. Recommendation = [0.0, 1.3327, 1.7818], Current Cost = 99201.00, Rho = 0.872
(iter 186) [0.0, 1.3327, 1.7818] = 456.1860, sampling [1.0, -1.1145, -1.7843]. Recommendation = [0.0, 1.3327, 1.7818], Current Cost = 99202.00, Rho = 0.872
(iter 186) [0.0, 1.3327, 1.7818] = 456.1860, sampling [1.0, 1.1948, -1.2570]. Recommendation = [0.0, 1.3327, 1.7818], Current Cost = 99203.00, Rho = 0.872
(iter 186) [0.0, 1.3327, 1.7818] = 456.1860, sampling [1.0, 1.4512, -0.7064]. Recommendation = [0.0, 1.3327, 1.7818], Current Cost = 99204.00, Rho = 0.872
(iter 186) [0.0, 1.3327, 1.7818] = 456.1860, sampling [1.0, -1.3890, -1.0270]. Recommendation = [0.0, 1.3327, 1.7818], Current Cost = 99205.00, Rho = 0.872
(iter 186) [0.0, 1.3327, 1.7818] = 456.1860, sampling [0.0, -1.1784, 0.3315]. Recommendation = [0.0, 1.3327, 1.7818], Current Cost = 99206.00, Rho = 0.872
