(iter 10) [0.0, 0.3199, 0.3697] = 448.6910, sampling [1.0, 0.2162, 0.5784]. Recommendation = [0.0, 0.3199, 0.3697], Current Cost = 5005.00, Rho = 1.000
(iter 10) [0.0, 0.3199, 0.3697] = 448.6910, sampling [1.0, -0.0005, 0.4770]. Recommendation = [0.0, 0.3199, 0.3697], Current Cost = 5006.00, Rho = 1.000
(iter 10) [0.0, 0.3199, 0.3697] = 448.6910, sampling [1.0, -0.0253, 0.7341]. Recommendation = [0.0, 0.3199, 0.3697], Current Cost = 5007.00, Rho = 1.000
(iter 10) [0.0, 0.3199, 0.3697] = 448.6910, sampling [1.0, 0.4053, 0.4540]. Recommendation = [0.0, 0.3199, 0.3697], Current Cost = 5008.00, Rho = 1.000
(iter 10) [0.0, 0.3199, 0.3697] = 448.6910, sampling [1.0, 0.3773, 0.6158]. Recommendation = [0.0, 0.3199, 0.3697], Current Cost = 5009.00, Rho = 1.000
(iter 10) [0.0, 0.3199, 0.3697] = 448.6910, sampling [1.0, 0.3843, 0.8623]. Recommendation = [0.0, 0.3199, 0.3697], Current Cost = 5010.00, Rho = 1.000
(iter 10) [0.0, 0.3199, 0.3697] = 448.6910, sampling [1.0, 0.0750, 1.1824]. Recommendation = [0.0, 0.3199, 0.3697], Current Cost = 5011.00, Rho = 1.000
(iter 10) [0.0, 0.3199, 0.3697] = 448.6910, sampling [1.0, -0.2040, 0.4399]. Recommendation = [0.0, 0.3199, 0.3697], Current Cost = 5012.00, Rho = 1.000
(iter 10) [0.0, 0.3199, 0.3697] = 448.6910, sampling [1.0, -0.3503, 0.6656]. Recommendation = [0.0, 0.3199, 0.3697], Current Cost = 5013.00, Rho = 1.000
(iter 10) [0.0, 0.3199, 0.3697] = 448.6910, sampling [1.0, -0.2883, 0.4960]. Recommendation = [0.0, 0.3199, 0.3697], Current Cost = 5014.00, Rho = 1.000
(iter 10) [0.0, 0.3199, 0.3697] = 448.6910, sampling [1.0, -0.1916, 0.7937]. Recommendation = [0.0, 0.3199, 0.3697], Current Cost = 5015.00, Rho = 1.000
(iter 10) [0.0, 0.3199, 0.3697] = 448.6910, sampling [1.0, -0.2277, 0.2126]. Recommendation = [0.0, 0.3199, 0.3697], Current Cost = 5016.00, Rho = 1.000
(iter 10) [0.0, 0.3199, 0.3697] = 448.6910, sampling [1.0, -0.3935, 0.4210]. Recommendation = [0.0, -0.2277, 0.2126], Current Cost = 5017.00, Rho = 1.000
(iter 10) [0.0, 0.3199, 0.3697] = 448.6910, sampling [1.0, 0.2978, 0.1601]. Recommendation = [0.0, -0.2277, 0.2126], Current Cost = 5018.00, Rho = 1.000
(iter 10) [0.0, 0.3199, 0.3697] = 448.6910, sampling [1.0, -0.3746, 0.5372]. Recommendation = [0.0, 0.2978, 0.1601], Current Cost = 5019.00, Rho = 1.000
(iter 10) [0.0, 0.3199, 0.3697] = 448.6910, sampling [1.0, -0.5644, 0.5162]. Recommendation = [0.0, 0.2978, 0.1601], Current Cost = 5020.00, Rho = 1.000
(iter 10) [0.0, 0.3199, 0.3697] = 448.6910, sampling [1.0, -0.5102, 0.7147]. Recommendation = [0.0, 0.2978, 0.1601], Current Cost = 5021.00, Rho = 1.000
(iter 10) [0.0, 0.3199, 0.3697] = 448.6910, sampling [1.0, -0.6657, 0.3466]. Recommendation = [0.0, 0.2978, 0.1601], Current Cost = 5022.00, Rho = 1.000
(iter 10) [0.0, 0.3199, 0.3697] = 448.6910, sampling [1.0, -0.5167, 0.9180]. Recommendation = [0.0, 0.2978, 0.1601], Current Cost = 5023.00, Rho = 1.000
(iter 10) [0.0, 0.3199, 0.3697] = 448.6910, sampling [1.0, -0.4672, 0.8122]. Recommendation = [0.0, 0.2978, 0.1601], Current Cost = 5024.00, Rho = 1.000
(iter 10) [0.0, 0.3199, 0.3697] = 448.6910, sampling [1.0, -0.7408, 0.2296]. Recommendation = [0.0, 0.2978, 0.1601], Current Cost = 5025.00, Rho = 1.000
(iter 10) [0.0, 0.3199, 0.3697] = 448.6910, sampling [1.0, -0.7847, 0.2977]. Recommendation = [0.0, 0.2978, 0.1601], Current Cost = 5026.00, Rho = 1.000
(iter 10) [0.0, 0.3199, 0.3697] = 448.6910, sampling [1.0, -0.9842, 0.6790]. Recommendation = [0.0, 0.2978, 0.1601], Current Cost = 5027.00, Rho = 1.000
(iter 10) [0.0, 0.3199, 0.3697] = 448.6910, sampling [1.0, -0.8972, 0.3291]. Recommendation = [0.0, 0.2978, 0.1601], Current Cost = 5028.00, Rho = 1.000
(iter 10) [0.0, 0.3199, 0.3697] = 448.6910, sampling [1.0, -0.6541, 1.0120]. Recommendation = [0.0, 0.2978, 0.1601], Current Cost = 5029.00, Rho = 1.000
(iter 10) [0.0, 0.3199, 0.3697] = 448.6910, sampling [1.0, -0.9498, 1.0616]. Recommendation = [0.0, 0.2978, 0.1601], Current Cost = 5030.00, Rho = 1.000
(iter 10) [0.0, 0.3199, 0.3697] = 448.6910, sampling [1.0, -1.1541, 0.8290]. Recommendation = [0.0, 0.2978, 0.1601], Current Cost = 5031.00, Rho = 1.000
(iter 10) [0.0, 0.3199, 0.3697] = 448.6910, sampling [1.0, -0.9345, 1.2852]. Recommendation = [0.0, 0.2978, 0.1601], Current Cost = 5032.00, Rho = 1.000
(iter 10) [0.0, 0.3199, 0.3697] = 448.6910, sampling [1.0, -1.2047, 0.9699]. Recommendation = [0.0, 0.2978, 0.1601], Current Cost = 5033.00, Rho = 1.000
(iter 10) [0.0, 0.3199, 0.3697] = 448.6910, sampling [1.0, -0.5333, 1.1334]. Recommendation = [0.0, 0.2978, 0.1601], Current Cost = 5034.00, Rho = 1.000
(iter 10) [0.0, 0.3199, 0.3697] = 448.6910, sampling [1.0, -1.0221, 1.3274]. Recommendation = [0.0, 0.2978, 0.1601], Current Cost = 5035.00, Rho = 1.000
(iter 10) [0.0, 0.3199, 0.3697] = 448.6910, sampling [1.0, -1.2909, 1.1182]. Recommendation = [0.0, 0.2978, 0.1601], Current Cost = 5036.00, Rho = 1.000
(iter 10) [0.0, 0.3199, 0.3697] = 448.6910, sampling [1.0, -1.1342, 1.4004]. Recommendation = [0.0, 0.2978, 0.1601], Current Cost = 5037.00, Rho = 1.000
(iter 10) [0.0, 0.3199, 0.3697] = 448.6910, sampling [1.0, -1.1056, 1.5212]. Recommendation = [0.0, 0.2978, 0.1601], Current Cost = 5038.00, Rho = 1.000
(iter 10) [0.0, 0.3199, 0.3697] = 448.6910, sampling [1.0, 0.6385, 0.5663]. Recommendation = [0.0, 0.2978, 0.1601], Current Cost = 5039.00, Rho = 1.000
(iter 10) [0.0, 0.3199, 0.3697] = 448.6910, sampling [1.0, -1.2661, 1.6061]. Recommendation = [0.0, 0.2978, 0.1601], Current Cost = 5040.00, Rho = 1.000
(iter 10) [0.0, 0.3199, 0.3697] = 448.6910, sampling [1.0, -1.4576, 1.4661]. Recommendation = [0.0, 0.2978, 0.1601], Current Cost = 5041.00, Rho = 1.000
(iter 10) [0.0, 0.3199, 0.3697] = 448.6910, sampling [1.0, -1.4966, 1.2104]. Recommendation = [0.0, 0.2978, 0.1601], Current Cost = 5042.00, Rho = 1.000
(iter 10) [0.0, 0.3199, 0.3697] = 448.6910, sampling [1.0, -1.4124, 1.6162]. Recommendation = [0.0, 0.2978, 0.1601], Current Cost = 5043.00, Rho = 1.000
(iter 10) [0.0, 0.3199, 0.3697] = 448.6910, sampling [1.0, -1.2967, 0.7639]. Recommendation = [0.0, 0.2978, 0.1601], Current Cost = 5044.00, Rho = 1.000
(iter 10) [0.0, 0.3199, 0.3697] = 448.6910, sampling [1.0, 0.4494, -0.0249]. Recommendation = [0.0, 0.2978, 0.1601], Current Cost = 5045.00, Rho = 1.000
(iter 10) [0.0, 0.3199, 0.3697] = 448.6910, sampling [1.0, 0.3560, -0.0984]. Recommendation = [0.0, 0.2978, 0.1601], Current Cost = 5046.00, Rho = 1.000
(iter 10) [0.0, 0.3199, 0.3697] = 448.6910, sampling [1.0, -0.1300, -0.2484]. Recommendation = [0.0, 0.2978, 0.1601], Current Cost = 5047.00, Rho = 1.000
(iter 10) [0.0, 0.3199, 0.3697] = 448.6910, sampling [1.0, 0.2702, -0.3000]. Recommendation = [0.0, 0.2978, 0.1601], Current Cost = 5048.00, Rho = 1.000
(iter 10) [0.0, 0.3199, 0.3697] = 448.6910, sampling [1.0, -0.0640, -0.3546]. Recommendation = [0.0, 0.2978, 0.1601], Current Cost = 5049.00, Rho = 1.000
(iter 10) [0.0, 0.3199, 0.3697] = 448.6910, sampling [1.0, 0.8128, 0.2527]. Recommendation = [0.0, 0.2978, 0.1601], Current Cost = 5050.00, Rho = 1.000
(iter 10) [0.0, 0.3199, 0.3697] = 448.6910, sampling [1.0, 0.6889, 0.0019]. Recommendation = [0.0, 0.2978, 0.1601], Current Cost = 5051.00, Rho = 1.000
(iter 10) [0.0, 0.3199, 0.3697] = 448.6910, sampling [1.0, 0.8368, 0.7456]. Recommendation = [0.0, 0.2978, 0.1601], Current Cost = 5052.00, Rho = 1.000
(iter 10) [0.0, 0.3199, 0.3697] = 448.6910, sampling [1.0, 0.9599, 0.5478]. Recommendation = [0.0, 0.8368, 0.7456], Current Cost = 5053.00, Rho = 1.000
(iter 10) [0.0, 0.3199, 0.3697] = 448.6910, sampling [1.0, 0.5220, 0.9343]. Recommendation = [0.0, 0.8368, 0.7456], Current Cost = 5054.00, Rho = 1.000
(iter 10) [0.0, 0.3199, 0.3697] = 448.6910, sampling [1.0, 1.0133, 0.3849]. Recommendation = [0.0, 0.8368, 0.7456], Current Cost = 5055.00, Rho = 1.000
(iter 10) [0.0, 0.3199, 0.3697] = 448.6910, sampling [1.0, 0.8923, 1.0284]. Recommendation = [0.0, 0.8368, 0.7456], Current Cost = 5056.00, Rho = 1.000
(iter 10) [0.0, 0.3199, 0.3697] = 448.6910, sampling [1.0, 0.9345, 1.1377]. Recommendation = [0.0, 0.8368, 0.7456], Current Cost = 5057.00, Rho = 1.000
(iter 10) [0.0, 0.3199, 0.3697] = 448.6910, sampling [1.0, 0.5475, 1.1954]. Recommendation = [0.0, 0.8368, 0.7456], Current Cost = 5058.00, Rho = 1.000
(iter 10) [0.0, 0.3199, 0.3697] = 448.6910, sampling [1.0, 1.1996, 0.6372]. Recommendation = [0.0, 0.8368, 0.7456], Current Cost = 5059.00, Rho = 1.000
(iter 10) [0.0, 0.3199, 0.3697] = 448.6910, sampling [1.0, 1.2606, 0.9785]. Recommendation = [0.0, 0.8368, 0.7456], Current Cost = 5060.00, Rho = 1.000
(iter 10) [0.0, 0.3199, 0.3697] = 448.6910, sampling [1.0, 1.1262, 1.3561]. Recommendation = [0.0, 0.8368, 0.7456], Current Cost = 5061.00, Rho = 1.000
(iter 10) [0.0, 0.3199, 0.3697] = 448.6910, sampling [1.0, 1.2048, 1.4352]. Recommendation = [0.0, 0.8368, 0.7456], Current Cost = 5062.00, Rho = 1.000
(iter 10) [0.0, 0.3199, 0.3697] = 448.6910, sampling [1.0, 1.1568, 1.5794]. Recommendation = [0.0, 1.2048, 1.4352], Current Cost = 5063.00, Rho = 1.000
(iter 10) [0.0, 0.3199, 0.3697] = 448.6910, sampling [1.0, 1.0263, 1.7414]. Recommendation = [0.0, 1.2048, 1.4352], Current Cost = 5064.00, Rho = 1.000
(iter 10) [0.0, 0.3199, 0.3697] = 448.6910, sampling [1.0, 0.7116, 1.7032]. Recommendation = [0.0, 1.2048, 1.4352], Current Cost = 5065.00, Rho = 1.000
(iter 10) [0.0, 0.3199, 0.3697] = 448.6910, sampling [1.0, 1.4784, 1.2447]. Recommendation = [0.0, 1.2048, 1.4352], Current Cost = 5066.00, Rho = 1.000
(iter 10) [0.0, 0.3199, 0.3697] = 448.6910, sampling [1.0, -0.8520, 0.1299]. Recommendation = [0.0, 1.2048, 1.4352], Current Cost = 5067.00, Rho = 1.000
(iter 10) [0.0, 0.3199, 0.3697] = 448.6910, sampling [1.0, 1.3579, 1.7916]. Recommendation = [0.0, 1.2048, 1.4352], Current Cost = 5068.00, Rho = 1.000
(iter 10) [0.0, 0.3199, 0.3697] = 448.6910, sampling [1.0, 1.5149, 1.5189]. Recommendation = [0.0, 1.2048, 1.4352], Current Cost = 5069.00, Rho = 1.000
(iter 10) [0.0, 0.3199, 0.3697] = 448.6910, sampling [1.0, 0.2751, -0.4565]. Recommendation = [0.0, 1.2048, 1.4352], Current Cost = 5070.00, Rho = 1.000
(iter 10) [0.0, 0.3199, 0.3697] = 448.6910, sampling [1.0, -0.3304, -0.4791]. Recommendation = [0.0, 1.2048, 1.4352], Current Cost = 5071.00, Rho = 1.000
(iter 10) [0.0, 0.3199, 0.3697] = 448.6910, sampling [1.0, 0.0527, -0.6125]. Recommendation = [0.0, 1.2048, 1.4352], Current Cost = 5072.00, Rho = 1.000
(iter 10) [0.0, 0.3199, 0.3697] = 448.6910, sampling [1.0, 1.6199, 1.9269]. Recommendation = [0.0, 1.2048, 1.4352], Current Cost = 5073.00, Rho = 1.000
(iter 10) [0.0, 0.3199, 0.3697] = 448.6910, sampling [1.0, 0.5342, 1.0491]. Recommendation = [0.0, 1.2048, 1.4352], Current Cost = 5074.00, Rho = 1.000
(iter 10) [0.0, 0.3199, 0.3697] = 448.6910, sampling [1.0, -0.3527, 1.1029]. Recommendation = [0.0, 1.2048, 1.4352], Current Cost = 5075.00, Rho = 1.000
(iter 10) [0.0, 0.3199, 0.3697] = 448.6910, sampling [1.0, -0.8044, -0.1421]. Recommendation = [0.0, 1.2048, 1.4352], Current Cost = 5076.00, Rho = 1.000
(iter 10) [0.0, 0.3199, 0.3697] = 448.6910, sampling [1.0, 1.7064, 1.5019]. Recommendation = [0.0, 1.2048, 1.4352], Current Cost = 5077.00, Rho = 1.000
(iter 10) [0.0, 0.3199, 0.3697] = 448.6910, sampling [1.0, -0.4135, -0.5353]. Recommendation = [0.0, 1.2048, 1.4352], Current Cost = 5078.00, Rho = 1.000
(iter 10) [0.0, 0.3199, 0.3697] = 448.6910, sampling [1.0, 0.4347, 0.8464]. Recommendation = [0.0, 1.2048, 1.4352], Current Cost = 5079.00, Rho = 1.000
(iter 10) [0.0, 0.3199, 0.3697] = 448.6910, sampling [1.0, -1.5767, 1.8760]. Recommendation = [0.0, 1.2048, 1.4352], Current Cost = 5080.00, Rho = 1.000
(iter 10) [0.0, 0.3199, 0.3697] = 448.6910, sampling [1.0, -1.7145, 1.6958]. Recommendation = [0.0, 1.2048, 1.4352], Current Cost = 5081.00, Rho = 1.000
(iter 10) [0.0, 0.3199, 0.3697] = 448.6910, sampling [1.0, 0.8669, 1.9518]. Recommendation = [0.0, 1.2048, 1.4352], Current Cost = 5082.00, Rho = 1.000
(iter 10) [0.0, 0.3199, 0.3697] = 448.6910, sampling [1.0, 0.8552, -0.0624]. Recommendation = [0.0, 1.2048, 1.4352], Current Cost = 5083.00, Rho = 1.000
(iter 10) [0.0, 0.3199, 0.3697] = 448.6910, sampling [1.0, -0.4414, 0.9583]. Recommendation = [0.0, 1.2048, 1.4352], Current Cost = 5084.00, Rho = 1.000
(iter 10) [0.0, 0.3199, 0.3697] = 448.6910, sampling [1.0, -1.3447, 1.0742]. Recommendation = [0.0, 1.2048, 1.4352], Current Cost = 5085.00, Rho = 1.000
(iter 10) [0.0, 0.3199, 0.3697] = 448.6910, sampling [1.0, -0.9187, 0.0709]. Recommendation = [0.0, 1.2048, 1.4352], Current Cost = 5086.00, Rho = 1.000
(iter 10) [0.0, 0.3199, 0.3697] = 448.6910, sampling [1.0, 1.0761, 0.1071]. Recommendation = [0.0, 1.2048, 1.4352], Current Cost = 5087.00, Rho = 1.000
(iter 10) [0.0, 0.3199, 0.3697] = 448.6910, sampling [1.0, 0.5012, -0.5927]. Recommendation = [0.0, 1.2048, 1.4352], Current Cost = 5088.00, Rho = 1.000
(iter 10) [0.0, 0.3199, 0.3697] = 448.6910, sampling [1.0, 0.2258, -0.8040]. Recommendation = [0.0, 1.2048, 1.4352], Current Cost = 5089.00, Rho = 1.000
(iter 10) [0.0, 0.3199, 0.3697] = 448.6910, sampling [1.0, 1.3183, 0.6444]. Recommendation = [0.0, 1.2048, 1.4352], Current Cost = 5090.00, Rho = 1.000
(iter 10) [0.0, 0.3199, 0.3697] = 448.6910, sampling [1.0, -0.2137, 1.3614]. Recommendation = [0.0, 1.2048, 1.4352], Current Cost = 5091.00, Rho = 1.000
(iter 10) [0.0, 0.3199, 0.3697] = 448.6910, sampling [1.0, -0.4811, 0.8856]. Recommendation = [0.0, 1.2048, 1.4352], Current Cost = 5092.00, Rho = 1.000
(iter 10) [0.0, 0.3199, 0.3697] = 448.6910, sampling [1.0, -0.7083, 1.6515]. Recommendation = [0.0, 1.2048, 1.4352], Current Cost = 5093.00, Rho = 1.000
(iter 10) [0.0, 0.3199, 0.3697] = 448.6910, sampling [1.0, 1.7448, 1.9708]. Recommendation = [0.0, 1.2048, 1.4352], Current Cost = 5094.00, Rho = 1.000
(iter 10) [0.0, 0.3199, 0.3697] = 448.6910, sampling [1.0, 0.2059, 1.4184]. Recommendation = [0.0, 1.2048, 1.4352], Current Cost = 5095.00, Rho = 1.000
(iter 10) [0.0, 0.3199, 0.3697] = 448.6910, sampling [1.0, 0.1195, -0.9215]. Recommendation = [0.0, 1.2048, 1.4352], Current Cost = 5096.00, Rho = 1.000
(iter 10) [0.0, 0.3199, 0.3697] = 448.6910, sampling [1.0, -1.6250, 0.8659]. Recommendation = [0.0, 1.2048, 1.4352], Current Cost = 5097.00, Rho = 1.000
(iter 10) [0.0, 0.3199, 0.3697] = 448.6910, sampling [1.0, -1.0969, 0.0864]. Recommendation = [0.0, 1.2048, 1.4352], Current Cost = 5098.00, Rho = 1.000
(iter 10) [0.0, 0.3199, 0.3697] = 448.6910, sampling [1.0, -0.7005, -0.7427]. Recommendation = [0.0, 1.2048, 1.4352], Current Cost = 5099.00, Rho = 1.000
(iter 10) [0.0, 0.3199, 0.3697] = 448.6910, sampling [1.0, 1.7427, 0.9927]. Recommendation = [0.0, 1.2048, 1.4352], Current Cost = 5100.00, Rho = 1.000
(iter 10) [0.0, 0.3199, 0.3697] = 448.6910, sampling [1.0, 0.2445, 1.9130]. Recommendation = [0.0, 1.2048, 1.4352], Current Cost = 5101.00, Rho = 1.000
(iter 10) [0.0, 0.3199, 0.3697] = 448.6910, sampling [1.0, -0.1642, 0.7787]. Recommendation = [0.0, 1.2048, 1.4352], Current Cost = 5102.00, Rho = 1.000
(iter 10) [0.0, 0.3199, 0.3697] = 448.6910, sampling [1.0, -0.1522, -1.2756]. Recommendation = [0.0, 1.2048, 1.4352], Current Cost = 5103.00, Rho = 1.000
(iter 10) [0.0, 0.3199, 0.3697] = 448.6910, sampling [1.0, -0.2496, 1.1578]. Recommendation = [0.0, 1.2048, 1.4352], Current Cost = 5104.00, Rho = 1.000
(iter 10) [0.0, 0.3199, 0.3697] = 448.6910, sampling [1.0, 0.6505, -0.7323]. Recommendation = [0.0, 1.2048, 1.4352], Current Cost = 5105.00, Rho = 1.000
(iter 10) [0.0, 0.3199, 0.3697] = 448.6910, sampling [1.0, 0.9246, -0.3295]. Recommendation = [0.0, 1.2048, 1.4352], Current Cost = 5106.00, Rho = 1.000
(iter 10) [0.0, 0.3199, 0.3697] = 448.6910, sampling [1.0, -1.6966, 1.3426]. Recommendation = [0.0, 1.2048, 1.4352], Current Cost = 5107.00, Rho = 1.000
(iter 10) [0.0, 0.3199, 0.3697] = 448.6910, sampling [1.0, -0.8651, -0.5097]. Recommendation = [0.0, 1.2048, 1.4352], Current Cost = 5108.00, Rho = 1.000
(iter 10) [0.0, 0.3199, 0.3697] = 448.6910, sampling [1.0, -0.8471, -0.1573]. Recommendation = [0.0, 1.2048, 1.4352], Current Cost = 5109.00, Rho = 1.000
(iter 10) [0.0, 0.3199, 0.3697] = 448.6910, sampling [1.0, 1.2290, 0.5976]. Recommendation = [0.0, 1.2048, 1.4352], Current Cost = 5110.00, Rho = 1.000
(iter 10) [0.0, 0.3199, 0.3697] = 448.6910, sampling [1.0, 0.0324, -1.2315]. Recommendation = [0.0, 1.2048, 1.4352], Current Cost = 5111.00, Rho = 1.000
(iter 10) [0.0, 0.3199, 0.3697] = 448.6910, sampling [1.0, -0.5553, -1.3643]. Recommendation = [0.0, 1.2048, 1.4352], Current Cost = 5112.00, Rho = 1.000
(iter 10) [0.0, 0.3199, 0.3697] = 448.6910, sampling [1.0, -1.8567, 1.8508]. Recommendation = [0.0, 1.2048, 1.4352], Current Cost = 5113.00, Rho = 1.000
(iter 10) [0.0, 0.3199, 0.3697] = 448.6910, sampling [1.0, 1.5858, 1.3913]. Recommendation = [0.0, 1.2048, 1.4352], Current Cost = 5114.00, Rho = 1.000
(iter 10) [0.0, 0.3199, 0.3697] = 448.6910, sampling [1.0, 0.6159, 1.6328]. Recommendation = [0.0, 1.2048, 1.4352], Current Cost = 5115.00, Rho = 1.000
(iter 10) [0.0, 0.3199, 0.3697] = 448.6910, sampling [1.0, 1.2455, 0.1197]. Recommendation = [0.0, 1.2048, 1.4352], Current Cost = 5116.00, Rho = 1.000
(iter 10) [0.0, 0.3199, 0.3697] = 448.6910, sampling [1.0, -0.3101, 1.2693]. Recommendation = [0.0, 1.2048, 1.4352], Current Cost = 5117.00, Rho = 1.000
(iter 10) [0.0, 0.3199, 0.3697] = 448.6910, sampling [1.0, -0.6837, -0.8916]. Recommendation = [0.0, 1.2048, 1.4352], Current Cost = 5118.00, Rho = 1.000
(iter 10) [0.0, 0.3199, 0.3697] = 448.6910, sampling [1.0, -0.2612, 1.7760]. Recommendation = [0.0, 1.2048, 1.4352], Current Cost = 5119.00, Rho = 1.000
(iter 10) [0.0, 0.3199, 0.3697] = 448.6910, sampling [1.0, -1.0276, -0.2373]. Recommendation = [0.0, 1.2048, 1.4352], Current Cost = 5120.00, Rho = 1.000
(iter 10) [0.0, 0.3199, 0.3697] = 448.6910, sampling [1.0, 0.1628, -1.3404]. Recommendation = [0.0, 1.2048, 1.4352], Current Cost = 5121.00, Rho = 1.000
(iter 10) [0.0, 0.3199, 0.3697] = 448.6910, sampling [1.0, -1.5954, 0.2070]. Recommendation = [0.0, 1.2048, 1.4352], Current Cost = 5122.00, Rho = 1.000
(iter 10) [0.0, 0.3199, 0.3697] = 448.6910, sampling [1.0, 0.8997, -0.6647]. Recommendation = [0.0, 1.2048, 1.4352], Current Cost = 5123.00, Rho = 1.000
(iter 10) [0.0, 0.3199, 0.3697] = 448.6910, sampling [1.0, -0.0891, -1.5982]. Recommendation = [0.0, 1.2048, 1.4352], Current Cost = 5124.00, Rho = 1.000
(iter 10) [0.0, 0.3199, 0.3697] = 448.6910, sampling [1.0, -0.0682, 1.4499]. Recommendation = [0.0, 1.2048, 1.4352], Current Cost = 5125.00, Rho = 1.000
(iter 10) [0.0, 0.3199, 0.3697] = 448.6910, sampling [1.0, 1.4681, 0.2700]. Recommendation = [0.0, 1.2048, 1.4352], Current Cost = 5126.00, Rho = 1.000
(iter 10) [0.0, 0.3199, 0.3697] = 448.6910, sampling [1.0, 0.6862, -1.1102]. Recommendation = [0.0, 1.2048, 1.4352], Current Cost = 5127.00, Rho = 1.000
(iter 10) [0.0, 0.3199, 0.3697] = 448.6910, sampling [1.0, 0.7331, -0.8281]. Recommendation = [0.0, 1.2048, 1.4352], Current Cost = 5128.00, Rho = 1.000
(iter 10) [0.0, 0.3199, 0.3697] = 448.6910, sampling [1.0, -0.9648, -0.7999]. Recommendation = [0.0, 1.2048, 1.4352], Current Cost = 5129.00, Rho = 1.000
(iter 10) [0.0, 0.3199, 0.3697] = 448.6910, sampling [1.0, 1.0908, 0.0596]. Recommendation = [0.0, 1.2048, 1.4352], Current Cost = 5130.00, Rho = 1.000
(iter 10) [0.0, 0.3199, 0.3697] = 448.6910, sampling [1.0, 0.4772, -1.3047]. Recommendation = [0.0, 1.2048, 1.4352], Current Cost = 5131.00, Rho = 1.000
(iter 10) [0.0, 0.3199, 0.3697] = 448.6910, sampling [1.0, -1.7355, 1.8238]. Recommendation = [0.0, 1.2048, 1.4352], Current Cost = 5132.00, Rho = 1.000
(iter 10) [0.0, 0.3199, 0.3697] = 448.6910, sampling [1.0, -0.9925, -1.8299]. Recommendation = [0.0, 1.2048, 1.4352], Current Cost = 5133.00, Rho = 1.000
(iter 10) [0.0, 0.3199, 0.3697] = 448.6910, sampling [1.0, 0.1304, 1.5391]. Recommendation = [0.0, 1.2048, 1.4352], Current Cost = 5134.00, Rho = 1.000
(iter 10) [0.0, 0.3199, 0.3697] = 448.6910, sampling [1.0, -0.4558, 1.7562]. Recommendation = [0.0, 1.2048, 1.4352], Current Cost = 5135.00, Rho = 1.000
(iter 10) [0.0, 0.3199, 0.3697] = 448.6910, sampling [1.0, -0.2871, -1.5069]. Recommendation = [0.0, 1.2048, 1.4352], Current Cost = 5136.00, Rho = 1.000
(iter 10) [0.0, 0.3199, 0.3697] = 448.6910, sampling [1.0, 1.9035, 1.3002]. Recommendation = [0.0, 1.2048, 1.4352], Current Cost = 5137.00, Rho = 1.000
(iter 10) [0.0, 0.3199, 0.3697] = 448.6910, sampling [1.0, 0.5679, 1.6735]. Recommendation = [0.0, 1.2048, 1.4352], Current Cost = 5138.00, Rho = 1.000
(iter 10) [0.0, 0.3199, 0.3697] = 448.6910, sampling [1.0, 1.1137, -0.3192]. Recommendation = [0.0, 1.2048, 1.4352], Current Cost = 5139.00, Rho = 1.000
(iter 10) [0.0, 0.3199, 0.3697] = 448.6910, sampling [1.0, 0.3385, -1.7450]. Recommendation = [0.0, 1.2048, 1.4352], Current Cost = 5140.00, Rho = 1.000
(iter 10) [0.0, 0.3199, 0.3697] = 448.6910, sampling [1.0, -0.0966, 1.5881]. Recommendation = [0.0, 1.2048, 1.4352], Current Cost = 5141.00, Rho = 1.000
(iter 10) [0.0, 0.3199, 0.3697] = 448.6910, sampling [1.0, -1.6731, 1.2261]. Recommendation = [0.0, 1.2048, 1.4352], Current Cost = 5142.00, Rho = 1.000
(iter 10) [0.0, 0.3199, 0.3697] = 448.6910, sampling [1.0, 0.0097, 1.9964]. Recommendation = [0.0, 1.2048, 1.4352], Current Cost = 5143.00, Rho = 1.000
(iter 10) [0.0, 0.3199, 0.3697] = 448.6910, sampling [1.0, -1.9170, 1.7154]. Recommendation = [0.0, 1.2048, 1.4352], Current Cost = 5144.00, Rho = 1.000
(iter 10) [0.0, 0.3199, 0.3697] = 448.6910, sampling [1.0, 1.2927, -0.0879]. Recommendation = [0.0, 1.2048, 1.4352], Current Cost = 5145.00, Rho = 1.000
(iter 10) [0.0, 0.3199, 0.3697] = 448.6910, sampling [1.0, 0.9760, -0.5900]. Recommendation = [0.0, 1.2048, 1.4352], Current Cost = 5146.00, Rho = 1.000
(iter 10) [0.0, 0.3199, 0.3697] = 448.6910, sampling [1.0, 0.4172, -1.4062]. Recommendation = [0.0, 1.2048, 1.4352], Current Cost = 5147.00, Rho = 1.000
(iter 10) [0.0, 0.3199, 0.3697] = 448.6910, sampling [1.0, -0.7620, -0.8484]. Recommendation = [0.0, 1.2048, 1.4352], Current Cost = 5148.00, Rho = 1.000
(iter 10) [0.0, 0.3199, 0.3697] = 448.6910, sampling [1.0, -0.8803, -1.2052]. Recommendation = [0.0, 1.2048, 1.4352], Current Cost = 5149.00, Rho = 1.000
(iter 10) [0.0, 0.3199, 0.3697] = 448.6910, sampling [1.0, 1.9993, 0.4020]. Recommendation = [0.0, 1.2048, 1.4352], Current Cost = 5150.00, Rho = 1.000
(iter 10) [0.0, 0.3199, 0.3697] = 448.6910, sampling [1.0, 0.1549, -1.9319]. Recommendation = [0.0, 1.2048, 1.4352], Current Cost = 5151.00, Rho = 1.000
(iter 10) [0.0, 0.3199, 0.3697] = 448.6910, sampling [1.0, -0.6164, 1.7985]. Recommendation = [0.0, 1.2048, 1.4352], Current Cost = 5152.00, Rho = 1.000
(iter 10) [0.0, 0.3199, 0.3697] = 448.6910, sampling [1.0, 0.7373, -1.0295]. Recommendation = [0.0, 1.2048, 1.4352], Current Cost = 5153.00, Rho = 1.000
(iter 10) [0.0, 0.3199, 0.3697] = 448.6910, sampling [1.0, 1.1488, -0.9322]. Recommendation = [0.0, 1.2048, 1.4352], Current Cost = 5154.00, Rho = 1.000
(iter 10) [0.0, 0.3199, 0.3697] = 448.6910, sampling [1.0, -1.3646, 0.0433]. Recommendation = [0.0, 1.2048, 1.4352], Current Cost = 5155.00, Rho = 1.000
(iter 10) [0.0, 0.3199, 0.3697] = 448.6910, sampling [1.0, -0.4237, -1.8663]. Recommendation = [0.0, 1.2048, 1.4352], Current Cost = 5156.00, Rho = 1.000
(iter 10) [0.0, 0.3199, 0.3697] = 448.6910, sampling [1.0, 0.0985, 1.4753]. Recommendation = [0.0, 1.2048, 1.4352], Current Cost = 5157.00, Rho = 1.000
(iter 10) [0.0, 0.3199, 0.3697] = 448.6910, sampling [1.0, 0.5817, -1.2831]. Recommendation = [0.0, 1.2048, 1.4352], Current Cost = 5158.00, Rho = 1.000
(iter 10) [0.0, 0.3199, 0.3697] = 448.6910, sampling [1.0, -1.9698, -1.4188]. Recommendation = [0.0, 1.2048, 1.4352], Current Cost = 5159.00, Rho = 1.000
(iter 10) [0.0, 0.3199, 0.3697] = 448.6910, sampling [1.0, 0.4891, -1.5297]. Recommendation = [0.0, 1.2048, 1.4352], Current Cost = 5160.00, Rho = 1.000
(iter 10) [0.0, 0.3199, 0.3697] = 448.6910, sampling [1.0, 0.0208, 1.5553]. Recommendation = [0.0, 1.2048, 1.4352], Current Cost = 5161.00, Rho = 1.000
(iter 10) [0.0, 0.3199, 0.3697] = 448.6910, sampling [1.0, -0.5825, -1.6079]. Recommendation = [0.0, 1.2048, 1.4352], Current Cost = 5162.00, Rho = 1.000
(iter 10) [0.0, 0.3199, 0.3697] = 448.6910, sampling [1.0, 1.9461, -1.8427]. Recommendation = [0.0, 1.2048, 1.4352], Current Cost = 5163.00, Rho = 1.000
(iter 10) [0.0, 0.3199, 0.3697] = 448.6910, sampling [1.0, -1.7914, 0.8974]. Recommendation = [0.0, 1.2048, 1.4352], Current Cost = 5164.00, Rho = 1.000
(iter 10) [0.0, 0.3199, 0.3697] = 448.6910, sampling [1.0, -0.0421, -1.5689]. Recommendation = [0.0, 1.2048, 1.4352], Current Cost = 5165.00, Rho = 1.000
(iter 10) [0.0, 0.3199, 0.3697] = 448.6910, sampling [1.0, 0.9625, -0.7037]. Recommendation = [0.0, 1.2048, 1.4352], Current Cost = 5166.00, Rho = 1.000
(iter 10) [0.0, 0.3199, 0.3697] = 448.6910, sampling [1.0, -0.1239, 1.9018]. Recommendation = [0.0, 1.2048, 1.4352], Current Cost = 5167.00, Rho = 1.000
(iter 10) [0.0, 0.3199, 0.3697] = 448.6910, sampling [1.0, 0.1761, 1.8250]. Recommendation = [0.0, 1.2048, 1.4352], Current Cost = 5168.00, Rho = 1.000
(iter 10) [0.0, 0.3199, 0.3697] = 448.6910, sampling [1.0, 0.6693, -1.1894]. Recommendation = [0.0, 1.2048, 1.4352], Current Cost = 5169.00, Rho = 1.000
(iter 10) [0.0, 0.3199, 0.3697] = 448.6910, sampling [1.0, -0.7233, -1.3897]. Recommendation = [0.0, 1.2048, 1.4352], Current Cost = 5170.00, Rho = 1.000
(iter 10) [0.0, 0.3199, 0.3697] = 448.6910, sampling [1.0, 1.0526, -0.6278]. Recommendation = [0.0, 1.2048, 1.4352], Current Cost = 5171.00, Rho = 1.000
(iter 10) [0.0, 0.3199, 0.3697] = 448.6910, sampling [1.0, 0.5972, -1.7106]. Recommendation = [0.0, 1.2048, 1.4352], Current Cost = 5172.00, Rho = 1.000
(iter 10) [0.0, 0.3199, 0.3697] = 448.6910, sampling [1.0, 0.7808, -1.0985]. Recommendation = [0.0, 1.2048, 1.4352], Current Cost = 5173.00, Rho = 1.000
(iter 10) [0.0, 0.3199, 0.3697] = 448.6910, sampling [1.0, 1.3294, -0.0011]. Recommendation = [0.0, 1.2048, 1.4352], Current Cost = 5174.00, Rho = 1.000
(iter 10) [0.0, 0.3199, 0.3697] = 448.6910, sampling [1.0, 0.3244, -1.9143]. Recommendation = [0.0, 1.2048, 1.4352], Current Cost = 5175.00, Rho = 1.000
(iter 10) [0.0, 0.3199, 0.3697] = 448.6910, sampling [1.0, -1.9248, 0.4832]. Recommendation = [0.0, 1.2048, 1.4352], Current Cost = 5176.00, Rho = 1.000
(iter 10) [0.0, 0.3199, 0.3697] = 448.6910, sampling [1.0, -0.6299, -1.4621]. Recommendation = [0.0, 1.2048, 1.4352], Current Cost = 5177.00, Rho = 1.000
(iter 10) [0.0, 0.3199, 0.3697] = 448.6910, sampling [1.0, 1.3076, -0.1613]. Recommendation = [0.0, 1.2048, 1.4352], Current Cost = 5178.00, Rho = 1.000
(iter 10) [0.0, 0.3199, 0.3697] = 448.6910, sampling [1.0, -1.0794, -0.9039]. Recommendation = [0.0, 1.2048, 1.4352], Current Cost = 5179.00, Rho = 1.000
(iter 10) [0.0, 0.3199, 0.3697] = 448.6910, sampling [1.0, -1.2265, -0.7164]. Recommendation = [0.0, 1.2048, 1.4352], Current Cost = 5180.00, Rho = 1.000
(iter 10) [0.0, 0.3199, 0.3697] = 448.6910, sampling [1.0, 1.4485, -0.0652]. Recommendation = [0.0, 1.2048, 1.4352], Current Cost = 5181.00, Rho = 1.000
(iter 10) [0.0, 0.3199, 0.3697] = 448.6910, sampling [1.0, -1.4529, -0.2585]. Recommendation = [0.0, 1.2048, 1.4352], Current Cost = 5182.00, Rho = 1.000
(iter 10) [0.0, 0.3199, 0.3697] = 448.6910, sampling [1.0, 0.0936, 1.9638]. Recommendation = [0.0, 1.2048, 1.4352], Current Cost = 5183.00, Rho = 1.000
(iter 10) [0.0, 0.3199, 0.3697] = 448.6910, sampling [1.0, -0.8187, -1.2602]. Recommendation = [0.0, 1.2048, 1.4352], Current Cost = 5184.00, Rho = 1.000
(iter 10) [0.0, 0.3199, 0.3697] = 448.6910, sampling [1.0, 0.7524, -1.9859]. Recommendation = [0.0, 1.2048, 1.4352], Current Cost = 5185.00, Rho = 1.000
(iter 10) [0.0, 0.3199, 0.3697] = 448.6910, sampling [1.0, 1.0642, -0.6767]. Recommendation = [0.0, 1.2048, 1.4352], Current Cost = 5186.00, Rho = 1.000
(iter 10) [0.0, 0.3199, 0.3697] = 448.6910, sampling [1.0, -0.7772, -1.4548]. Recommendation = [0.0, 1.2048, 1.4352], Current Cost = 5187.00, Rho = 1.000
(iter 10) [0.0, 0.3199, 0.3697] = 448.6910, sampling [0.0, 1.2048, 1.4352]. Recommendation = [0.0, 1.2048, 1.4352], Current Cost = 5188.00, Rho = 1.000
(iter 193) [0.0, 1.2048, 1.4352] = 456.2317, sampling [1.0, 1.8130, 0.6898]. Recommendation = [0.0, 1.2048, 1.4352], Current Cost = 6188.00, Rho = 1.000
(iter 193) [0.0, 1.2048, 1.4352] = 456.2317, sampling [1.0, 1.5036, -0.2090]. Recommendation = [0.0, 1.2048, 1.4352], Current Cost = 6189.00, Rho = 1.000
(iter 193) [0.0, 1.2048, 1.4352] = 456.2317, sampling [1.0, -1.0548, -1.3520]. Recommendation = [0.0, 1.2048, 1.4352], Current Cost = 6190.00, Rho = 1.000
(iter 193) [0.0, 1.2048, 1.4352] = 456.2317, sampling [0.0, 0.8368, 0.7456]. Recommendation = [0.0, 1.2048, 1.4352], Current Cost = 6191.00, Rho = 1.000
(iter 193) [0.0, 1.2048, 1.4352] = 456.2317, sampling [1.0, 0.7861, -1.8113]. Recommendation = [0.0, 1.2048, 1.4352], Current Cost = 7191.00, Rho = 1.000
(iter 193) [0.0, 1.2048, 1.4352] = 456.2317, sampling [1.0, 1.4166, -0.8333]. Recommendation = [0.0, 1.2048, 1.4352], Current Cost = 7192.00, Rho = 1.000
(iter 193) [0.0, 1.2048, 1.4352] = 456.2317, sampling [1.0, -1.6863, -0.2032]. Recommendation = [0.0, 1.2048, 1.4352], Current Cost = 7193.00, Rho = 1.000
(iter 193) [0.0, 1.2048, 1.4352] = 456.2317, sampling [1.0, 1.1801, -1.3243]. Recommendation = [0.0, 1.2048, 1.4352], Current Cost = 7194.00, Rho = 1.000
(iter 193) [0.0, 1.2048, 1.4352] = 456.2317, sampling [1.0, -1.1962, -0.9733]. Recommendation = [0.0, 1.2048, 1.4352], Current Cost = 7195.00, Rho = 1.000
(iter 193) [0.0, 1.2048, 1.4352] = 456.2317, sampling [1.0, -1.3894, -0.5570]. Recommendation = [0.0, 1.2048, 1.4352], Current Cost = 7196.00, Rho = 1.000
(iter 193) [0.0, 1.2048, 1.4352] = 456.2317, sampling [1.0, 1.7691, -0.3959]. Recommendation = [0.0, 1.2048, 1.4352], Current Cost = 7197.00, Rho = 1.000
(iter 193) [0.0, 1.2048, 1.4352] = 456.2317, sampling [1.0, 1.9740, 1.2531]. Recommendation = [0.0, 1.2048, 1.4352], Current Cost = 7198.00, Rho = 1.000
(iter 193) [0.0, 1.2048, 1.4352] = 456.2317, sampling [1.0, -1.0693, -1.5023]. Recommendation = [0.0, 1.2048, 1.4352], Current Cost = 7199.00, Rho = 1.000
(iter 193) [0.0, 1.2048, 1.4352] = 456.2317, sampling [1.0, 1.7772, 0.1532]. Recommendation = [0.0, 1.2048, 1.4352], Current Cost = 7200.00, Rho = 1.000
(iter 193) [0.0, 1.2048, 1.4352] = 456.2317, sampling [1.0, -1.7618, 0.0168]. Recommendation = [0.0, 1.2048, 1.4352], Current Cost = 7201.00, Rho = 1.000
(iter 193) [0.0, 1.2048, 1.4352] = 456.2317, sampling [1.0, -1.1705, -1.9650]. Recommendation = [0.0, 1.2048, 1.4352], Current Cost = 7202.00, Rho = 1.000
(iter 193) [0.0, 1.2048, 1.4352] = 456.2317, sampling [1.0, 1.3736, -1.0694]. Recommendation = [0.0, 1.2048, 1.4352], Current Cost = 7203.00, Rho = 1.000
(iter 193) [0.0, 1.2048, 1.4352] = 456.2317, sampling [1.0, -1.6116, -0.5605]. Recommendation = [0.0, 1.2048, 1.4352], Current Cost = 7204.00, Rho = 1.000
(iter 193) [0.0, 1.2048, 1.4352] = 456.2317, sampling [0.0, 1.3579, 1.7916]. Recommendation = [0.0, 1.2048, 1.4352], Current Cost = 7205.00, Rho = 1.000
(iter 193) [0.0, 1.2048, 1.4352] = 456.2317, sampling [1.0, -1.3166, -1.0482]. Recommendation = [0.0, 1.2048, 1.4352], Current Cost = 8205.00, Rho = 1.000
(iter 193) [0.0, 1.2048, 1.4352] = 456.2317, sampling [1.0, -1.1369, -0.9482]. Recommendation = [0.0, 1.2048, 1.4352], Current Cost = 8206.00, Rho = 1.000
(iter 193) [0.0, 1.2048, 1.4352] = 456.2317, sampling [1.0, -1.8273, 0.3057]. Recommendation = [0.0, 1.2048, 1.4352], Current Cost = 8207.00, Rho = 1.000
(iter 193) [0.0, 1.2048, 1.4352] = 456.2317, sampling [1.0, 1.6138, -0.7589]. Recommendation = [0.0, 1.2048, 1.4352], Current Cost = 8208.00, Rho = 1.000
(iter 193) [0.0, 1.2048, 1.4352] = 456.2317, sampling [1.0, -1.2334, -1.5679]. Recommendation = [0.0, 1.2048, 1.4352], Current Cost = 8209.00, Rho = 1.000
(iter 193) [0.0, 1.2048, 1.4352] = 456.2317, sampling [1.0, 0.8277, -1.9767]. Recommendation = [0.0, 1.2048, 1.4352], Current Cost = 8210.00, Rho = 1.000
(iter 193) [0.0, 1.2048, 1.4352] = 456.2317, sampling [1.0, 1.9243, -0.0475]. Recommendation = [0.0, 1.2048, 1.4352], Current Cost = 8211.00, Rho = 1.000
(iter 193) [0.0, 1.2048, 1.4352] = 456.2317, sampling [1.0, -1.6611, 0.1762]. Recommendation = [0.0, 1.2048, 1.4352], Current Cost = 8212.00, Rho = 1.000
(iter 193) [0.0, 1.2048, 1.4352] = 456.2317, sampling [1.0, 1.2690, -1.4352]. Recommendation = [0.0, 1.2048, 1.4352], Current Cost = 8213.00, Rho = 1.000
(iter 193) [0.0, 1.2048, 1.4352] = 456.2317, sampling [1.0, -1.4752, -1.0095]. Recommendation = [0.0, 1.2048, 1.4352], Current Cost = 8214.00, Rho = 1.000
(iter 193) [0.0, 1.2048, 1.4352] = 456.2317, sampling [1.0, -1.9845, 0.2783]. Recommendation = [0.0, 1.2048, 1.4352], Current Cost = 8215.00, Rho = 1.000
(iter 193) [0.0, 1.2048, 1.4352] = 456.2317, sampling [1.0, -1.5536, -1.9420]. Recommendation = [0.0, 1.2048, 1.4352], Current Cost = 8216.00, Rho = 1.000
(iter 193) [0.0, 1.2048, 1.4352] = 456.2317, sampling [1.0, -1.5146, -0.5135]. Recommendation = [0.0, 1.2048, 1.4352], Current Cost = 8217.00, Rho = 1.000
(iter 193) [0.0, 1.2048, 1.4352] = 456.2317, sampling [1.0, -1.7451, -0.3498]. Recommendation = [0.0, 1.2048, 1.4352], Current Cost = 8218.00, Rho = 1.000
(iter 193) [0.0, 1.2048, 1.4352] = 456.2317, sampling [1.0, -1.3928, -1.1756]. Recommendation = [0.0, 1.2048, 1.4352], Current Cost = 8219.00, Rho = 1.000
(iter 193) [0.0, 1.2048, 1.4352] = 456.2317, sampling [1.0, 1.8546, 0.3527]. Recommendation = [0.0, 1.2048, 1.4352], Current Cost = 8220.00, Rho = 1.000
(iter 193) [0.0, 1.2048, 1.4352] = 456.2317, sampling [1.0, 1.6549, -1.0827]. Recommendation = [0.0, 1.2048, 1.4352], Current Cost = 8221.00, Rho = 1.000
(iter 193) [0.0, 1.2048, 1.4352] = 456.2317, sampling [1.0, 1.6414, -0.3683]. Recommendation = [0.0, 1.2048, 1.4352], Current Cost = 8222.00, Rho = 1.000
(iter 193) [0.0, 1.2048, 1.4352] = 456.2317, sampling [1.0, -1.8136, -0.6501]. Recommendation = [0.0, 1.2048, 1.4352], Current Cost = 8223.00, Rho = 1.000
(iter 193) [0.0, 1.2048, 1.4352] = 456.2317, sampling [1.0, 1.4028, -1.6566]. Recommendation = [0.0, 1.2048, 1.4352], Current Cost = 8224.00, Rho = 1.000
(iter 193) [0.0, 1.2048, 1.4352] = 456.2317, sampling [1.0, 1.9607, -0.4275]. Recommendation = [0.0, 1.2048, 1.4352], Current Cost = 8225.00, Rho = 1.000
(iter 193) [0.0, 1.2048, 1.4352] = 456.2317, sampling [1.0, -1.4350, -1.5391]. Recommendation = [0.0, 1.2048, 1.4352], Current Cost = 8226.00, Rho = 1.000
(iter 193) [0.0, 1.2048, 1.4352] = 456.2317, sampling [1.0, 1.4308, -1.8913]. Recommendation = [0.0, 1.2048, 1.4352], Current Cost = 8227.00, Rho = 1.000
(iter 193) [0.0, 1.2048, 1.4352] = 456.2317, sampling [1.0, -1.8035, -0.1917]. Recommendation = [0.0, 1.2048, 1.4352], Current Cost = 8228.00, Rho = 1.000
(iter 193) [0.0, 1.2048, 1.4352] = 456.2317, sampling [1.0, 1.6873, -0.2870]. Recommendation = [0.0, 1.2048, 1.4352], Current Cost = 8229.00, Rho = 1.000
(iter 193) [0.0, 1.2048, 1.4352] = 456.2317, sampling [1.0, 1.5300, -1.0004]. Recommendation = [0.0, 1.2048, 1.4352], Current Cost = 8230.00, Rho = 1.000
(iter 193) [0.0, 1.2048, 1.4352] = 456.2317, sampling [1.0, 1.8307, -0.8653]. Recommendation = [0.0, 1.2048, 1.4352], Current Cost = 8231.00, Rho = 1.000
(iter 193) [0.0, 1.2048, 1.4352] = 456.2317, sampling [1.0, -1.2483, -1.8856]. Recommendation = [0.0, 1.2048, 1.4352], Current Cost = 8232.00, Rho = 1.000
(iter 193) [0.0, 1.2048, 1.4352] = 456.2317, sampling [1.0, -1.6422, -1.2326]. Recommendation = [0.0, 1.2048, 1.4352], Current Cost = 8233.00, Rho = 1.000
(iter 193) [0.0, 1.2048, 1.4352] = 456.2317, sampling [1.0, 1.5534, -0.7840]. Recommendation = [0.0, 1.2048, 1.4352], Current Cost = 8234.00, Rho = 1.000
(iter 193) [0.0, 1.2048, 1.4352] = 456.2317, sampling [1.0, 1.8673, -1.1587]. Recommendation = [0.0, 1.2048, 1.4352], Current Cost = 8235.00, Rho = 1.000
(iter 193) [0.0, 1.2048, 1.4352] = 456.2317, sampling [1.0, -1.9532, -1.7740]. Recommendation = [0.0, 1.2048, 1.4352], Current Cost = 8236.00, Rho = 1.000
(iter 193) [0.0, 1.2048, 1.4352] = 456.2317, sampling [1.0, 1.8050, -0.4836]. Recommendation = [0.0, 1.2048, 1.4352], Current Cost = 8237.00, Rho = 1.000
(iter 193) [0.0, 1.2048, 1.4352] = 456.2317, sampling [1.0, 1.5761, -1.7204]. Recommendation = [0.0, 1.2048, 1.4352], Current Cost = 8238.00, Rho = 1.000
(iter 193) [0.0, 1.2048, 1.4352] = 456.2317, sampling [1.0, -1.5411, -1.7773]. Recommendation = [0.0, 1.2048, 1.4352], Current Cost = 8239.00, Rho = 1.000
(iter 193) [0.0, 1.2048, 1.4352] = 456.2317, sampling [1.0, 1.9143, -0.1163]. Recommendation = [0.0, 1.2048, 1.4352], Current Cost = 8240.00, Rho = 1.000
(iter 193) [0.0, 1.2048, 1.4352] = 456.2317, sampling [1.0, 1.6785, -1.1452]. Recommendation = [0.0, 1.2048, 1.4352], Current Cost = 8241.00, Rho = 1.000
(iter 193) [0.0, 1.2048, 1.4352] = 456.2317, sampling [1.0, 1.8788, -0.9816]. Recommendation = [0.0, 1.2048, 1.4352], Current Cost = 8242.00, Rho = 1.000
(iter 193) [0.0, 1.2048, 1.4352] = 456.2317, sampling [1.0, -1.8462, -1.4797]. Recommendation = [0.0, 1.2048, 1.4352], Current Cost = 8243.00, Rho = 1.000
(iter 193) [0.0, 1.2048, 1.4352] = 456.2317, sampling [1.0, 1.7279, -1.1356]. Recommendation = [0.0, 1.2048, 1.4352], Current Cost = 8244.00, Rho = 1.000
(iter 193) [0.0, 1.2048, 1.4352] = 456.2317, sampling [0.0, 1.1262, 1.3561]. Recommendation = [0.0, 1.2048, 1.4352], Current Cost = 8245.00, Rho = 1.000
(iter 193) [0.0, 1.2048, 1.4352] = 456.2317, sampling [1.0, -1.8900, -1.6294]. Recommendation = [0.0, 1.2048, 1.4352], Current Cost = 9245.00, Rho = 1.000
(iter 193) [0.0, 1.2048, 1.4352] = 456.2317, sampling [1.0, 1.5443, -1.7291]. Recommendation = [0.0, 1.2048, 1.4352], Current Cost = 9246.00, Rho = 1.000
(iter 193) [0.0, 1.2048, 1.4352] = 456.2317, sampling [1.0, -1.8861, -1.6652]. Recommendation = [0.0, 1.2048, 1.4352], Current Cost = 9247.00, Rho = 1.000
(iter 193) [0.0, 1.2048, 1.4352] = 456.2317, sampling [1.0, -1.5351, -1.8037]. Recommendation = [0.0, 1.2048, 1.4352], Current Cost = 9248.00, Rho = 1.000
(iter 193) [0.0, 1.2048, 1.4352] = 456.2317, sampling [1.0, -1.9497, -1.6883]. Recommendation = [0.0, 1.2048, 1.4352], Current Cost = 9249.00, Rho = 1.000
(iter 193) [0.0, 1.2048, 1.4352] = 456.2317, sampling [0.0, -0.6837, -0.8916]. Recommendation = [0.0, 1.2048, 1.4352], Current Cost = 9250.00, Rho = 1.000
(iter 193) [0.0, 1.2048, 1.4352] = 456.2317, sampling [0.0, -0.5167, 0.9180]. Recommendation = [0.0, 1.2048, 1.4352], Current Cost = 10250.00, Rho = 1.000
(iter 193) [0.0, 1.2048, 1.4352] = 456.2317, sampling [0.0, -0.3935, 0.4210]. Recommendation = [0.0, 1.2048, 1.4352], Current Cost = 11250.00, Rho = 1.000
(iter 193) [0.0, 1.2048, 1.4352] = 456.2317, sampling [0.0, -1.8462, -1.4797]. Recommendation = [0.0, 1.2048, 1.4352], Current Cost = 12250.00, Rho = 1.000
(iter 193) [0.0, 1.2048, 1.4352] = 456.2317, sampling [0.0, 0.8277, -1.9767]. Recommendation = [0.0, 1.2048, 1.4352], Current Cost = 13250.00, Rho = 1.000
(iter 193) [0.0, 1.2048, 1.4352] = 456.2317, sampling [0.0, 0.6889, 0.0019]. Recommendation = [0.0, 1.2048, 1.4352], Current Cost = 14250.00, Rho = 1.000
(iter 193) [0.0, 1.2048, 1.4352] = 456.2317, sampling [0.0, 0.2059, 1.4184]. Recommendation = [0.0, 1.2048, 1.4352], Current Cost = 15250.00, Rho = 1.000
(iter 193) [0.0, 1.2048, 1.4352] = 456.2317, sampling [0.0, 0.3773, 0.6158]. Recommendation = [0.0, 1.2048, 1.4352], Current Cost = 16250.00, Rho = 1.000
(iter 193) [0.0, 1.2048, 1.4352] = 456.2317, sampling [0.0, 0.5475, 1.1954]. Recommendation = [0.0, 1.2048, 1.4352], Current Cost = 17250.00, Rho = 1.000
(iter 193) [0.0, 1.2048, 1.4352] = 456.2317, sampling [0.0, 0.2751, -0.4565]. Recommendation = [0.0, 1.2048, 1.4352], Current Cost = 18250.00, Rho = 1.000
(iter 193) [0.0, 1.2048, 1.4352] = 456.2317, sampling [0.0, 0.5679, 1.6735]. Recommendation = [0.0, 1.2048, 1.4352], Current Cost = 19250.00, Rho = 1.000
(iter 193) [0.0, 1.2048, 1.4352] = 456.2317, sampling [0.0, -1.7355, 1.8238]. Recommendation = [0.0, 1.2048, 1.4352], Current Cost = 20250.00, Rho = 1.000
(iter 193) [0.0, 1.2048, 1.4352] = 456.2317, sampling [0.0, 1.1137, -0.3192]. Recommendation = [0.0, 1.2048, 1.4352], Current Cost = 21250.00, Rho = 1.000
(iter 193) [0.0, 1.2048, 1.4352] = 456.2317, sampling [0.0, 1.7691, -0.3959]. Recommendation = [0.0, 1.2048, 1.4352], Current Cost = 22250.00, Rho = 1.000
(iter 193) [0.0, 1.2048, 1.4352] = 456.2317, sampling [0.0, 0.0097, 1.9964]. Recommendation = [0.0, 1.2048, 1.4352], Current Cost = 23250.00, Rho = 1.000
(iter 193) [0.0, 1.2048, 1.4352] = 456.2317, sampling [0.0, -0.3503, 0.6656]. Recommendation = [0.0, 1.2048, 1.4352], Current Cost = 24250.00, Rho = 1.000
(iter 193) [0.0, 1.2048, 1.4352] = 456.2317, sampling [0.0, 1.6199, 1.9269]. Recommendation = [0.0, 1.2048, 1.4352], Current Cost = 25250.00, Rho = 1.000
(iter 193) [0.0, 1.2048, 1.4352] = 456.2317, sampling [0.0, -1.6116, -0.5605]. Recommendation = [0.0, 1.2048, 1.4352], Current Cost = 26250.00, Rho = 1.000
(iter 193) [0.0, 1.2048, 1.4352] = 456.2317, sampling [0.0, 1.2290, 0.5976]. Recommendation = [0.0, 1.2048, 1.4352], Current Cost = 27250.00, Rho = 1.000
(iter 193) [0.0, 1.2048, 1.4352] = 456.2317, sampling [0.0, -0.7847, 0.2977]. Recommendation = [0.0, 1.2048, 1.4352], Current Cost = 28250.00, Rho = 1.000
(iter 193) [0.0, 1.2048, 1.4352] = 456.2317, sampling [0.0, 0.3385, -1.7450]. Recommendation = [0.0, 1.2048, 1.4352], Current Cost = 29250.00, Rho = 1.000
(iter 193) [0.0, 1.2048, 1.4352] = 456.2317, sampling [0.0, -1.0276, -0.2373]. Recommendation = [0.0, 1.2048, 1.4352], Current Cost = 30250.00, Rho = 1.000
(iter 193) [0.0, 1.2048, 1.4352] = 456.2317, sampling [0.0, -1.3166, -1.0482]. Recommendation = [0.0, 1.2048, 1.4352], Current Cost = 31250.00, Rho = 1.000
(iter 193) [0.0, 1.2048, 1.4352] = 456.2317, sampling [0.0, -0.0253, 0.7341]. Recommendation = [0.0, 1.2048, 1.4352], Current Cost = 32250.00, Rho = 1.000
(iter 193) [0.0, 1.2048, 1.4352] = 456.2317, sampling [0.0, -1.0969, 0.0864]. Recommendation = [0.0, 1.2048, 1.4352], Current Cost = 33250.00, Rho = 1.000
(iter 193) [0.0, 1.2048, 1.4352] = 456.2317, sampling [0.0, -0.8972, 0.3291]. Recommendation = [0.0, 1.2048, 1.4352], Current Cost = 34250.00, Rho = 1.000
(iter 193) [0.0, 1.2048, 1.4352] = 456.2317, sampling [0.0, -1.2483, -1.8856]. Recommendation = [0.0, 1.2048, 1.4352], Current Cost = 35250.00, Rho = 1.000
(iter 193) [0.0, 1.2048, 1.4352] = 456.2317, sampling [0.0, 1.5443, -1.7291]. Recommendation = [0.0, 1.2048, 1.4352], Current Cost = 36250.00, Rho = 1.000
(iter 193) [0.0, 1.2048, 1.4352] = 456.2317, sampling [0.0, 1.0526, -0.6278]. Recommendation = [0.0, 1.2048, 1.4352], Current Cost = 37250.00, Rho = 1.000
(iter 193) [0.0, 1.2048, 1.4352] = 456.2317, sampling [0.0, -0.1522, -1.2756]. Recommendation = [0.0, 1.2048, 1.4352], Current Cost = 38250.00, Rho = 1.000
(iter 193) [0.0, 1.2048, 1.4352] = 456.2317, sampling [0.0, -0.5333, 1.1334]. Recommendation = [0.0, 1.2048, 1.4352], Current Cost = 39250.00, Rho = 1.000
(iter 193) [0.0, 1.2048, 1.4352] = 456.2317, sampling [0.0, 1.8788, -0.9816]. Recommendation = [0.0, 1.2048, 1.4352], Current Cost = 40250.00, Rho = 1.000
(iter 193) [0.0, 1.2048, 1.4352] = 456.2317, sampling [0.0, 1.6873, -0.2870]. Recommendation = [0.0, 1.2048, 1.4352], Current Cost = 41250.00, Rho = 1.000
(iter 193) [0.0, 1.2048, 1.4352] = 456.2317, sampling [0.0, 0.2978, 0.1601]. Recommendation = [0.0, 1.2048, 1.4352], Current Cost = 42250.00, Rho = 1.000
(iter 193) [0.0, 1.2048, 1.4352] = 456.2317, sampling [0.0, -1.7914, 0.8974]. Recommendation = [0.0, 1.2048, 1.4352], Current Cost = 43250.00, Rho = 1.000
(iter 193) [0.0, 1.2048, 1.4352] = 456.2317, sampling [0.0, 1.8546, 0.3527]. Recommendation = [0.0, 1.2048, 1.4352], Current Cost = 44250.00, Rho = 1.000
(iter 193) [0.0, 1.2048, 1.4352] = 456.2317, sampling [0.0, -1.6422, -1.2326]. Recommendation = [0.0, 1.2048, 1.4352], Current Cost = 45250.00, Rho = 1.000
(iter 193) [0.0, 1.2048, 1.4352] = 456.2317, sampling [0.0, 1.1801, -1.3243]. Recommendation = [0.0, 1.2048, 1.4352], Current Cost = 46250.00, Rho = 1.000
(iter 193) [0.0, 1.2048, 1.4352] = 456.2317, sampling [0.0, 0.8669, 1.9518]. Recommendation = [0.0, 1.2048, 1.4352], Current Cost = 47250.00, Rho = 1.000
(iter 193) [0.0, 1.2048, 1.4352] = 456.2317, sampling [0.0, -1.3894, -0.5570]. Recommendation = [0.0, 1.2048, 1.4352], Current Cost = 48250.00, Rho = 1.000
(iter 193) [0.0, 1.2048, 1.4352] = 456.2317, sampling [0.0, -1.1056, 1.5212]. Recommendation = [0.0, 1.2048, 1.4352], Current Cost = 49250.00, Rho = 1.000
(iter 193) [0.0, 1.2048, 1.4352] = 456.2317, sampling [0.0, -0.9842, 0.6790]. Recommendation = [0.0, 1.2048, 1.4352], Current Cost = 50250.00, Rho = 1.000
(iter 193) [0.0, 1.2048, 1.4352] = 456.2317, sampling [0.0, 0.6862, -1.1102]. Recommendation = [0.0, 1.2048, 1.4352], Current Cost = 51250.00, Rho = 1.000
(iter 193) [0.0, 1.2048, 1.4352] = 456.2317, sampling [0.0, 0.3244, -1.9143]. Recommendation = [0.0, 1.2048, 1.4352], Current Cost = 52250.00, Rho = 1.000
(iter 193) [0.0, 1.2048, 1.4352] = 456.2317, sampling [0.0, -1.6611, 0.1762]. Recommendation = [0.0, 1.2048, 1.4352], Current Cost = 53250.00, Rho = 1.000
(iter 193) [0.0, 1.2048, 1.4352] = 456.2317, sampling [0.0, 1.2690, -1.4352]. Recommendation = [0.0, 1.2048, 1.4352], Current Cost = 54250.00, Rho = 1.000
(iter 193) [0.0, 1.2048, 1.4352] = 456.2317, sampling [0.0, 0.2445, 1.9130]. Recommendation = [0.0, 1.2048, 1.4352], Current Cost = 55250.00, Rho = 1.000
(iter 193) [0.0, 1.2048, 1.4352] = 456.2317, sampling [0.0, -1.3646, 0.0433]. Recommendation = [0.0, 1.2048, 1.4352], Current Cost = 56250.00, Rho = 1.000
(iter 193) [0.0, 1.2048, 1.4352] = 456.2317, sampling [0.0, 0.7808, -1.0985]. Recommendation = [0.0, 1.2048, 1.4352], Current Cost = 57250.00, Rho = 1.000
(iter 193) [0.0, 1.2048, 1.4352] = 456.2317, sampling [0.0, -1.7618, 0.0168]. Recommendation = [0.0, 1.2048, 1.4352], Current Cost = 58250.00, Rho = 1.000
(iter 193) [0.0, 1.2048, 1.4352] = 456.2317, sampling [0.0, 1.4308, -1.8913]. Recommendation = [0.0, 1.2048, 1.4352], Current Cost = 59250.00, Rho = 1.000
(iter 193) [0.0, 1.2048, 1.4352] = 456.2317, sampling [0.0, 0.1628, -1.3404]. Recommendation = [0.0, 1.2048, 1.4352], Current Cost = 60250.00, Rho = 1.000
(iter 193) [0.0, 1.2048, 1.4352] = 456.2317, sampling [0.0, 0.7861, -1.8113]. Recommendation = [0.0, 1.2048, 1.4352], Current Cost = 61250.00, Rho = 1.000
(iter 193) [0.0, 1.2048, 1.4352] = 456.2317, sampling [0.0, 0.9345, 1.1377]. Recommendation = [0.0, 1.2048, 1.4352], Current Cost = 62250.00, Rho = 1.000
(iter 193) [0.0, 1.2048, 1.4352] = 456.2317, sampling [0.0, -1.0221, 1.3274]. Recommendation = [0.0, 1.2048, 1.4352], Current Cost = 63250.00, Rho = 1.000
(iter 193) [0.0, 1.2048, 1.4352] = 456.2317, sampling [0.0, 1.0761, 0.1071]. Recommendation = [0.0, 1.2048, 1.4352], Current Cost = 64250.00, Rho = 1.000
(iter 193) [0.0, 1.2048, 1.4352] = 456.2317, sampling [0.0, -1.2661, 1.6061]. Recommendation = [0.0, 1.2048, 1.4352], Current Cost = 65250.00, Rho = 1.000
(iter 193) [0.0, 1.2048, 1.4352] = 456.2317, sampling [0.0, 1.3183, 0.6444]. Recommendation = [0.0, 1.2048, 1.4352], Current Cost = 66250.00, Rho = 1.000
(iter 193) [0.0, 1.2048, 1.4352] = 456.2317, sampling [0.0, 0.5972, -1.7106]. Recommendation = [0.0, 1.2048, 1.4352], Current Cost = 67250.00, Rho = 1.000
(iter 193) [0.0, 1.2048, 1.4352] = 456.2317, sampling [0.0, -1.1541, 0.8290]. Recommendation = [0.0, 1.2048, 1.4352], Current Cost = 68250.00, Rho = 1.000
(iter 193) [0.0, 1.2048, 1.4352] = 456.2317, sampling [0.0, 1.1996, 0.6372]. Recommendation = [0.0, 1.2048, 1.4352], Current Cost = 69250.00, Rho = 1.000
(iter 193) [0.0, 1.2048, 1.4352] = 456.2317, sampling [0.0, -0.3304, -0.4791]. Recommendation = [0.0, 1.2048, 1.4352], Current Cost = 70250.00, Rho = 1.000
(iter 193) [0.0, 1.2048, 1.4352] = 456.2317, sampling [0.0, 1.9740, 1.2531]. Recommendation = [0.0, 1.2048, 1.4352], Current Cost = 71250.00, Rho = 1.000
(iter 193) [0.0, 1.2048, 1.4352] = 456.2317, sampling [0.0, -1.0548, -1.3520]. Recommendation = [0.0, 1.2048, 1.4352], Current Cost = 72250.00, Rho = 1.000
(iter 193) [0.0, 1.2048, 1.4352] = 456.2317, sampling [0.0, -0.0891, -1.5982]. Recommendation = [0.0, 1.2048, 1.4352], Current Cost = 73250.00, Rho = 1.000
(iter 193) [0.0, 1.2048, 1.4352] = 456.2317, sampling [0.0, -0.1916, 0.7937]. Recommendation = [0.0, 1.2048, 1.4352], Current Cost = 74250.00, Rho = 1.000
(iter 193) [0.0, 1.2048, 1.4352] = 456.2317, sampling [0.0, -0.0966, 1.5881]. Recommendation = [0.0, 1.2048, 1.4352], Current Cost = 75250.00, Rho = 1.000
(iter 193) [0.0, 1.2048, 1.4352] = 456.2317, sampling [0.0, 0.6693, -1.1894]. Recommendation = [0.0, 1.2048, 1.4352], Current Cost = 76250.00, Rho = 1.000
(iter 193) [0.0, 1.2048, 1.4352] = 456.2317, sampling [0.0, 1.8130, 0.6898]. Recommendation = [0.0, 1.2048, 1.4352], Current Cost = 77250.00, Rho = 1.000
(iter 193) [0.0, 1.2048, 1.4352] = 456.2317, sampling [0.0, -0.4414, 0.9583]. Recommendation = [0.0, 1.2048, 1.4352], Current Cost = 78250.00, Rho = 1.000
(iter 193) [0.0, 1.2048, 1.4352] = 456.2317, sampling [0.0, 1.4485, -0.0652]. Recommendation = [0.0, 1.2048, 1.4352], Current Cost = 79250.00, Rho = 1.000
(iter 193) [0.0, 1.2048, 1.4352] = 456.2317, sampling [0.0, -0.3746, 0.5372]. Recommendation = [0.0, 1.2048, 1.4352], Current Cost = 80250.00, Rho = 1.000
(iter 193) [0.0, 1.2048, 1.4352] = 456.2317, sampling [0.0, 0.7373, -1.0295]. Recommendation = [0.0, 1.2048, 1.4352], Current Cost = 81250.00, Rho = 1.000
(iter 193) [0.0, 1.2048, 1.4352] = 456.2317, sampling [0.0, -0.9187, 0.0709]. Recommendation = [0.0, 1.2048, 1.4352], Current Cost = 82250.00, Rho = 1.000
(iter 193) [0.0, 1.2048, 1.4352] = 456.2317, sampling [0.0, 1.3736, -1.0694]. Recommendation = [0.0, 1.2048, 1.4352], Current Cost = 83250.00, Rho = 1.000
(iter 193) [0.0, 1.2048, 1.4352] = 456.2317, sampling [0.0, 1.5534, -0.7840]. Recommendation = [0.0, 1.2048, 1.4352], Current Cost = 84250.00, Rho = 1.000
(iter 193) [0.0, 1.2048, 1.4352] = 456.2317, sampling [0.0, 0.6159, 1.6328]. Recommendation = [0.0, 1.2048, 1.4352], Current Cost = 85250.00, Rho = 1.000
(iter 193) [0.0, 1.2048, 1.4352] = 456.2317, sampling [0.0, -1.6966, 1.3426]. Recommendation = [0.0, 1.2048, 1.4352], Current Cost = 86250.00, Rho = 1.000
(iter 193) [0.0, 1.2048, 1.4352] = 456.2317, sampling [0.0, -0.6164, 1.7985]. Recommendation = [0.0, 1.2048, 1.4352], Current Cost = 87250.00, Rho = 1.000
(iter 193) [0.0, 1.2048, 1.4352] = 456.2317, sampling [0.0, 1.4784, 1.2447]. Recommendation = [0.0, 1.2048, 1.4352], Current Cost = 88250.00, Rho = 1.000
(iter 193) [0.0, 1.2048, 1.4352] = 456.2317, sampling [0.0, 0.4347, 0.8464]. Recommendation = [0.0, 1.2048, 1.4352], Current Cost = 89250.00, Rho = 1.000
(iter 193) [0.0, 1.2048, 1.4352] = 456.2317, sampling [0.0, 1.9035, 1.3002]. Recommendation = [0.0, 1.2048, 1.4352], Current Cost = 90250.00, Rho = 1.000
(iter 193) [0.0, 1.2048, 1.4352] = 456.2317, sampling [0.0, 0.5817, -1.2831]. Recommendation = [0.0, 1.2048, 1.4352], Current Cost = 91250.00, Rho = 1.000
(iter 193) [0.0, 1.2048, 1.4352] = 456.2317, sampling [0.0, -1.5536, -1.9420]. Recommendation = [0.0, 1.2048, 1.4352], Current Cost = 92250.00, Rho = 1.000
(iter 193) [0.0, 1.2048, 1.4352] = 456.2317, sampling [0.0, 0.0750, 1.1824]. Recommendation = [0.0, 1.2048, 1.4352], Current Cost = 93250.00, Rho = 1.000
(iter 193) [0.0, 1.2048, 1.4352] = 456.2317, sampling [0.0, -1.5411, -1.7773]. Recommendation = [0.0, 1.2048, 1.4352], Current Cost = 94250.00, Rho = 1.000
(iter 193) [0.0, 1.2048, 1.4352] = 456.2317, sampling [0.0, -1.2265, -0.7164]. Recommendation = [0.0, 1.2048, 1.4352], Current Cost = 95250.00, Rho = 1.000
(iter 193) [0.0, 1.2048, 1.4352] = 456.2317, sampling [0.0, -0.0005, 0.4770]. Recommendation = [0.0, 1.2048, 1.4352], Current Cost = 96250.00, Rho = 1.000
(iter 193) [0.0, 1.2048, 1.4352] = 456.2317, sampling [0.0, 0.0324, -1.2315]. Recommendation = [0.0, 1.2048, 1.4352], Current Cost = 97250.00, Rho = 1.000
(iter 193) [0.0, 1.2048, 1.4352] = 456.2317, sampling [0.0, -0.1239, 1.9018]. Recommendation = [0.0, 1.2048, 1.4352], Current Cost = 98250.00, Rho = 1.000
(iter 193) [0.0, 1.2048, 1.4352] = 456.2317, sampling [0.0, -1.8567, 1.8508]. Recommendation = [0.0, 1.2048, 1.4352], Current Cost = 99250.00, Rho = 1.000
