(iter 10) [0.0, -1.3508, 1.4700] = 438.2050, sampling [1.0, -0.5257, 1.1985]. Recommendation = [0.0, -1.3508, 1.4700], Current Cost = 5005.00, Rho = 1.000
(iter 10) [0.0, -1.3508, 1.4700] = 438.2050, sampling [1.0, -1.1209, 1.1462]. Recommendation = [0.0, -1.3508, 1.4700], Current Cost = 5006.00, Rho = 1.000
(iter 10) [0.0, -1.3508, 1.4700] = 438.2050, sampling [1.0, -0.7528, 0.7023]. Recommendation = [0.0, -1.1209, 1.1462], Current Cost = 5007.00, Rho = 1.000
(iter 10) [0.0, -1.3508, 1.4700] = 438.2050, sampling [1.0, -0.2535, 0.4728]. Recommendation = [0.0, -0.7528, 0.7023], Current Cost = 5008.00, Rho = 1.000
(iter 10) [0.0, -1.3508, 1.4700] = 438.2050, sampling [1.0, -0.6489, 0.9155]. Recommendation = [0.0, -0.7528, 0.7023], Current Cost = 5009.00, Rho = 1.000
(iter 10) [0.0, -1.3508, 1.4700] = 438.2050, sampling [1.0, -1.1884, 0.6330]. Recommendation = [0.0, -0.7528, 0.7023], Current Cost = 5010.00, Rho = 1.000
(iter 10) [0.0, -1.3508, 1.4700] = 438.2050, sampling [1.0, -0.9947, 1.0355]. Recommendation = [0.0, -0.7528, 0.7023], Current Cost = 5011.00, Rho = 1.000
(iter 10) [0.0, -1.3508, 1.4700] = 438.2050, sampling [1.0, -0.8489, 0.2906]. Recommendation = [0.0, -0.9947, 1.0355], Current Cost = 5012.00, Rho = 1.000
(iter 10) [0.0, -1.3508, 1.4700] = 438.2050, sampling [1.0, -0.3309, -0.0231]. Recommendation = [0.0, -0.9947, 1.0355], Current Cost = 5013.00, Rho = 1.000
(iter 10) [0.0, -1.3508, 1.4700] = 438.2050, sampling [1.0, -0.3113, 0.2850]. Recommendation = [0.0, -0.9947, 1.0355], Current Cost = 5014.00, Rho = 1.000
(iter 10) [0.0, -1.3508, 1.4700] = 438.2050, sampling [1.0, -0.9192, 0.5805]. Recommendation = [0.0, -0.9947, 1.0355], Current Cost = 5015.00, Rho = 1.000
(iter 10) [0.0, -1.3508, 1.4700] = 438.2050, sampling [1.0, 0.0077, 0.6120]. Recommendation = [0.0, -0.7876, 0.6490], Current Cost = 5016.00, Rho = 1.000
(iter 10) [0.0, -1.3508, 1.4700] = 438.2050, sampling [1.0, -1.0637, 1.5771]. Recommendation = [0.0, -0.7876, 0.6490], Current Cost = 5017.00, Rho = 1.000
(iter 10) [0.0, -1.3508, 1.4700] = 438.2050, sampling [1.0, -0.7684, 0.1234]. Recommendation = [0.0, -0.7876, 0.6490], Current Cost = 5018.00, Rho = 1.000
(iter 10) [0.0, -1.3508, 1.4700] = 438.2050, sampling [1.0, -1.4138, 0.9399]. Recommendation = [0.0, -0.7876, 0.6490], Current Cost = 5019.00, Rho = 1.000
(iter 10) [0.0, -1.3508, 1.4700] = 438.2050, sampling [1.0, -0.5982, -0.2943]. Recommendation = [0.0, -0.7876, 0.6490], Current Cost = 5020.00, Rho = 1.000
(iter 10) [0.0, -1.3508, 1.4700] = 438.2050, sampling [1.0, -0.3028, -0.4859]. Recommendation = [0.0, -0.9947, 1.0355], Current Cost = 5021.00, Rho = 1.000
(iter 10) [0.0, -1.3508, 1.4700] = 438.2050, sampling [1.0, 0.0454, -0.0420]. Recommendation = [0.0, -0.9947, 1.0355], Current Cost = 5022.00, Rho = 1.000
(iter 10) [0.0, -1.3508, 1.4700] = 438.2050, sampling [1.0, -0.1030, 0.3551]. Recommendation = [0.0, 0.0454, -0.0420], Current Cost = 5023.00, Rho = 1.000
(iter 10) [0.0, -1.3508, 1.4700] = 438.2050, sampling [1.0, -0.6716, 1.5061]. Recommendation = [0.0, 0.0454, -0.0420], Current Cost = 5024.00, Rho = 1.000
(iter 10) [0.0, -1.3508, 1.4700] = 438.2050, sampling [1.0, 0.0553, -0.6302]. Recommendation = [0.0, 0.0454, -0.0420], Current Cost = 5025.00, Rho = 1.000
(iter 10) [0.0, -1.3508, 1.4700] = 438.2050, sampling [1.0, -0.0690, 1.2178]. Recommendation = [0.0, 0.0454, -0.0420], Current Cost = 5026.00, Rho = 1.000
(iter 10) [0.0, -1.3508, 1.4700] = 438.2050, sampling [1.0, 0.1193, -0.1387]. Recommendation = [0.0, 0.0454, -0.0420], Current Cost = 5027.00, Rho = 1.000
(iter 10) [0.0, -1.3508, 1.4700] = 438.2050, sampling [1.0, -0.6810, 0.7710]. Recommendation = [0.0, 0.0454, -0.0420], Current Cost = 5028.00, Rho = 1.000
(iter 10) [0.0, -1.3508, 1.4700] = 438.2050, sampling [1.0, -1.0929, 0.3507]. Recommendation = [0.0, 0.0454, -0.0420], Current Cost = 5029.00, Rho = 1.000
(iter 10) [0.0, -1.3508, 1.4700] = 438.2050, sampling [1.0, -0.7876, 0.6490]. Recommendation = [0.0, 0.0454, -0.0420], Current Cost = 5030.00, Rho = 1.000
(iter 10) [0.0, -1.3508, 1.4700] = 438.2050, sampling [1.0, -1.1761, 1.7497]. Recommendation = [0.0, 0.0454, -0.0420], Current Cost = 5031.00, Rho = 1.000
(iter 10) [0.0, -1.3508, 1.4700] = 438.2050, sampling [1.0, -0.8273, 1.9682]. Recommendation = [0.0, 0.0454, -0.0420], Current Cost = 5032.00, Rho = 1.000
(iter 10) [0.0, -1.3508, 1.4700] = 438.2050, sampling [1.0, 0.2908, -0.2201]. Recommendation = [0.0, 0.0454, -0.0420], Current Cost = 5033.00, Rho = 1.000
(iter 10) [0.0, -1.3508, 1.4700] = 438.2050, sampling [1.0, 0.2821, -0.1153]. Recommendation = [0.0, 0.0454, -0.0420], Current Cost = 5034.00, Rho = 1.000
(iter 10) [0.0, -1.3508, 1.4700] = 438.2050, sampling [1.0, -1.0114, 0.0906]. Recommendation = [0.0, 0.0454, -0.0420], Current Cost = 5035.00, Rho = 1.000
(iter 10) [0.0, -1.3508, 1.4700] = 438.2050, sampling [1.0, 0.1446, 0.8541]. Recommendation = [0.0, 0.0454, -0.0420], Current Cost = 5036.00, Rho = 1.000
(iter 10) [0.0, -1.3508, 1.4700] = 438.2050, sampling [1.0, -1.7034, 1.9524]. Recommendation = [0.0, 0.0454, -0.0420], Current Cost = 5037.00, Rho = 1.000
(iter 10) [0.0, -1.3508, 1.4700] = 438.2050, sampling [1.0, -1.8550, 1.2644]. Recommendation = [0.0, 0.0454, -0.0420], Current Cost = 5038.00, Rho = 1.000
(iter 10) [0.0, -1.3508, 1.4700] = 438.2050, sampling [1.0, -0.3886, -0.7693]. Recommendation = [0.0, 0.0454, -0.0420], Current Cost = 5039.00, Rho = 1.000
(iter 10) [0.0, -1.3508, 1.4700] = 438.2050, sampling [1.0, -1.0351, 1.0682]. Recommendation = [0.0, 0.0454, -0.0420], Current Cost = 5040.00, Rho = 1.000
(iter 10) [0.0, -1.3508, 1.4700] = 438.2050, sampling [1.0, -0.5309, -0.3868]. Recommendation = [0.0, 0.0454, -0.0420], Current Cost = 5041.00, Rho = 1.000
(iter 10) [0.0, -1.3508, 1.4700] = 438.2050, sampling [1.0, -0.0576, -0.9141]. Recommendation = [0.0, 0.0454, -0.0420], Current Cost = 5042.00, Rho = 1.000
(iter 10) [0.0, -1.3508, 1.4700] = 438.2050, sampling [1.0, 0.5523, 0.5396]. Recommendation = [0.0, 0.0454, -0.0420], Current Cost = 5043.00, Rho = 1.000
(iter 10) [0.0, -1.3508, 1.4700] = 438.2050, sampling [1.0, 0.5410, 0.6574]. Recommendation = [0.0, 0.0454, -0.0420], Current Cost = 5044.00, Rho = 1.000
(iter 10) [0.0, -1.3508, 1.4700] = 438.2050, sampling [1.0, 0.4767, -0.0752]. Recommendation = [0.0, 0.0454, -0.0420], Current Cost = 5045.00, Rho = 1.000
(iter 10) [0.0, -1.3508, 1.4700] = 438.2050, sampling [1.0, 0.6399, 0.2627]. Recommendation = [0.0, 0.0454, -0.0420], Current Cost = 5046.00, Rho = 1.000
(iter 10) [0.0, -1.3508, 1.4700] = 438.2050, sampling [1.0, 0.4468, -0.3056]. Recommendation = [0.0, 0.0454, -0.0420], Current Cost = 5047.00, Rho = 1.000
(iter 10) [0.0, -1.3508, 1.4700] = 438.2050, sampling [1.0, 0.7151, 0.3843]. Recommendation = [0.0, 0.0454, -0.0420], Current Cost = 5048.00, Rho = 1.000
(iter 10) [0.0, -1.3508, 1.4700] = 438.2050, sampling [1.0, 0.1285, -0.7382]. Recommendation = [0.0, 0.0454, -0.0420], Current Cost = 5049.00, Rho = 1.000
(iter 10) [0.0, -1.3508, 1.4700] = 438.2050, sampling [1.0, -0.4515, 1.0851]. Recommendation = [0.0, 0.0454, -0.0420], Current Cost = 5050.00, Rho = 1.000
(iter 10) [0.0, -1.3508, 1.4700] = 438.2050, sampling [1.0, -0.4763, -0.5669]. Recommendation = [0.0, 0.0454, -0.0420], Current Cost = 5051.00, Rho = 1.000
(iter 10) [0.0, -1.3508, 1.4700] = 438.2050, sampling [1.0, -0.7339, 0.7565]. Recommendation = [0.0, 0.0454, -0.0420], Current Cost = 5052.00, Rho = 1.000
(iter 10) [0.0, -1.3508, 1.4700] = 438.2050, sampling [1.0, -0.8645, 1.7157]. Recommendation = [0.0, 0.0454, -0.0420], Current Cost = 5053.00, Rho = 1.000
(iter 10) [0.0, -1.3508, 1.4700] = 438.2050, sampling [1.0, 0.8665, 0.6006]. Recommendation = [0.0, 0.0454, -0.0420], Current Cost = 5054.00, Rho = 1.000
(iter 10) [0.0, -1.3508, 1.4700] = 438.2050, sampling [1.0, 0.5988, 1.3114]. Recommendation = [0.0, 0.0454, -0.0420], Current Cost = 5055.00, Rho = 1.000
(iter 10) [0.0, -1.3508, 1.4700] = 438.2050, sampling [1.0, 0.9610, 1.0124]. Recommendation = [0.0, 0.0454, -0.0420], Current Cost = 5056.00, Rho = 1.000
(iter 10) [0.0, -1.3508, 1.4700] = 438.2050, sampling [1.0, 0.9544, 1.3738]. Recommendation = [0.0, 0.0454, -0.0420], Current Cost = 5057.00, Rho = 1.000
(iter 10) [0.0, -1.3508, 1.4700] = 438.2050, sampling [1.0, 0.9781, 1.0947]. Recommendation = [0.0, 0.0454, -0.0420], Current Cost = 5058.00, Rho = 1.000
(iter 10) [0.0, -1.3508, 1.4700] = 438.2050, sampling [1.0, 0.6457, 1.7919]. Recommendation = [0.0, 0.0454, -0.0420], Current Cost = 5059.00, Rho = 1.000
(iter 10) [0.0, -1.3508, 1.4700] = 438.2050, sampling [1.0, 1.1879, 1.3438]. Recommendation = [0.0, 0.0454, -0.0420], Current Cost = 5060.00, Rho = 1.000
(iter 10) [0.0, -1.3508, 1.4700] = 438.2050, sampling [1.0, 1.1472, 0.7057]. Recommendation = [0.0, 0.0454, -0.0420], Current Cost = 5061.00, Rho = 1.000
(iter 10) [0.0, -1.3508, 1.4700] = 438.2050, sampling [1.0, 0.9165, 0.4441]. Recommendation = [0.0, 0.0454, -0.0420], Current Cost = 5062.00, Rho = 1.000
(iter 10) [0.0, -1.3508, 1.4700] = 438.2050, sampling [1.0, 1.0988, 1.7051]. Recommendation = [0.0, 0.0454, -0.0420], Current Cost = 5063.00, Rho = 1.000
(iter 10) [0.0, -1.3508, 1.4700] = 438.2050, sampling [1.0, 1.3876, 1.5550]. Recommendation = [0.0, 0.0454, -0.0420], Current Cost = 5064.00, Rho = 1.000
(iter 10) [0.0, -1.3508, 1.4700] = 438.2050, sampling [1.0, 1.2037, 1.7412]. Recommendation = [0.0, 0.0454, -0.0420], Current Cost = 5065.00, Rho = 1.000
(iter 10) [0.0, -1.3508, 1.4700] = 438.2050, sampling [1.0, 1.5962, 1.6362]. Recommendation = [0.0, 0.0454, -0.0420], Current Cost = 5066.00, Rho = 1.000
(iter 10) [0.0, -1.3508, 1.4700] = 438.2050, sampling [1.0, 0.8174, 0.1774]. Recommendation = [0.0, 0.0454, -0.0420], Current Cost = 5067.00, Rho = 1.000
(iter 10) [0.0, -1.3508, 1.4700] = 438.2050, sampling [1.0, 1.6121, 1.1206]. Recommendation = [0.0, 0.0454, -0.0420], Current Cost = 5068.00, Rho = 1.000
(iter 10) [0.0, -1.3508, 1.4700] = 438.2050, sampling [1.0, -0.1192, 1.8286]. Recommendation = [0.0, 0.0454, -0.0420], Current Cost = 5069.00, Rho = 1.000
(iter 10) [0.0, -1.3508, 1.4700] = 438.2050, sampling [1.0, 0.4503, 1.2026]. Recommendation = [0.0, 0.0454, -0.0420], Current Cost = 5070.00, Rho = 1.000
(iter 10) [0.0, -1.3508, 1.4700] = 438.2050, sampling [1.0, -1.0754, -0.1450]. Recommendation = [0.0, 0.0454, -0.0420], Current Cost = 5071.00, Rho = 1.000
(iter 10) [0.0, -1.3508, 1.4700] = 438.2050, sampling [1.0, 0.6207, -0.4333]. Recommendation = [0.0, 0.0454, -0.0420], Current Cost = 5072.00, Rho = 1.000
(iter 10) [0.0, -1.3508, 1.4700] = 438.2050, sampling [1.0, 0.8346, -0.1100]. Recommendation = [0.0, 0.0454, -0.0420], Current Cost = 5073.00, Rho = 1.000
(iter 10) [0.0, -1.3508, 1.4700] = 438.2050, sampling [1.0, 0.4930, -0.8789]. Recommendation = [0.0, 0.0454, -0.0420], Current Cost = 5074.00, Rho = 1.000
(iter 10) [0.0, -1.3508, 1.4700] = 438.2050, sampling [1.0, 1.6753, 1.8194]. Recommendation = [0.0, 0.0454, -0.0420], Current Cost = 5075.00, Rho = 1.000
(iter 10) [0.0, -1.3508, 1.4700] = 438.2050, sampling [1.0, -1.3234, 0.7235]. Recommendation = [0.0, 0.0454, -0.0420], Current Cost = 5076.00, Rho = 1.000
(iter 10) [0.0, -1.3508, 1.4700] = 438.2050, sampling [1.0, 0.8515, 1.8829]. Recommendation = [0.0, 0.0454, -0.0420], Current Cost = 5077.00, Rho = 1.000
(iter 10) [0.0, -1.3508, 1.4700] = 438.2050, sampling [1.0, 0.8885, 0.0042]. Recommendation = [0.0, 0.0454, -0.0420], Current Cost = 5078.00, Rho = 1.000
(iter 10) [0.0, -1.3508, 1.4700] = 438.2050, sampling [1.0, -1.2628, 0.3045]. Recommendation = [0.0, 0.0454, -0.0420], Current Cost = 5079.00, Rho = 1.000
(iter 10) [0.0, -1.3508, 1.4700] = 438.2050, sampling [1.0, 1.5780, 1.5220]. Recommendation = [0.0, 0.0454, -0.0420], Current Cost = 5080.00, Rho = 1.000
(iter 10) [0.0, -1.3508, 1.4700] = 438.2050, sampling [1.0, 0.1745, 1.2462]. Recommendation = [0.0, 0.0454, -0.0420], Current Cost = 5081.00, Rho = 1.000
(iter 10) [0.0, -1.3508, 1.4700] = 438.2050, sampling [1.0, 1.0306, 0.1658]. Recommendation = [0.0, 0.0454, -0.0420], Current Cost = 5082.00, Rho = 1.000
(iter 10) [0.0, -1.3508, 1.4700] = 438.2050, sampling [1.0, -0.9358, 0.5680]. Recommendation = [0.0, 0.0454, -0.0420], Current Cost = 5083.00, Rho = 1.000
(iter 10) [0.0, -1.3508, 1.4700] = 438.2050, sampling [1.0, -0.5822, -0.6632]. Recommendation = [0.0, 0.0454, -0.0420], Current Cost = 5084.00, Rho = 1.000
(iter 10) [0.0, -1.3508, 1.4700] = 438.2050, sampling [1.0, 0.5151, 1.4785]. Recommendation = [0.0, 0.0454, -0.0420], Current Cost = 5085.00, Rho = 1.000
(iter 10) [0.0, -1.3508, 1.4700] = 438.2050, sampling [1.0, -0.4316, 1.4447]. Recommendation = [0.0, 0.0454, -0.0420], Current Cost = 5086.00, Rho = 1.000
(iter 10) [0.0, -1.3508, 1.4700] = 438.2050, sampling [1.0, 1.2331, 0.4014]. Recommendation = [0.0, 0.0454, -0.0420], Current Cost = 5087.00, Rho = 1.000
(iter 10) [0.0, -1.3508, 1.4700] = 438.2050, sampling [1.0, -0.6398, -0.3238]. Recommendation = [0.0, 0.0454, -0.0420], Current Cost = 5088.00, Rho = 1.000
(iter 10) [0.0, -1.3508, 1.4700] = 438.2050, sampling [1.0, 1.8396, 1.6743]. Recommendation = [0.0, 0.0454, -0.0420], Current Cost = 5089.00, Rho = 1.000
(iter 10) [0.0, -1.3508, 1.4700] = 438.2050, sampling [1.0, -1.3348, 0.9017]. Recommendation = [0.0, 0.0454, -0.0420], Current Cost = 5090.00, Rho = 1.000
(iter 10) [0.0, -1.3508, 1.4700] = 438.2050, sampling [1.0, 0.3377, -1.2400]. Recommendation = [0.0, 0.0454, -0.0420], Current Cost = 5091.00, Rho = 1.000
(iter 10) [0.0, -1.3508, 1.4700] = 438.2050, sampling [1.0, -0.3449, -0.8617]. Recommendation = [0.0, 0.0454, -0.0420], Current Cost = 5092.00, Rho = 1.000
(iter 10) [0.0, -1.3508, 1.4700] = 438.2050, sampling [1.0, -0.9796, -0.6044]. Recommendation = [0.0, 0.0454, -0.0420], Current Cost = 5093.00, Rho = 1.000
(iter 10) [0.0, -1.3508, 1.4700] = 438.2050, sampling [1.0, 1.4080, 1.5520]. Recommendation = [0.0, 0.0454, -0.0420], Current Cost = 5094.00, Rho = 1.000
(iter 10) [0.0, -1.3508, 1.4700] = 438.2050, sampling [1.0, 0.2137, 1.0503]. Recommendation = [0.0, 0.0454, -0.0420], Current Cost = 5095.00, Rho = 1.000
(iter 10) [0.0, -1.3508, 1.4700] = 438.2050, sampling [1.0, 1.5338, 0.7934]. Recommendation = [0.0, 0.0454, -0.0420], Current Cost = 5096.00, Rho = 1.000
(iter 10) [0.0, -1.3508, 1.4700] = 438.2050, sampling [1.0, -0.6104, 1.8475]. Recommendation = [0.0, 0.0454, -0.0420], Current Cost = 5097.00, Rho = 1.000
(iter 10) [0.0, -1.3508, 1.4700] = 438.2050, sampling [1.0, -1.5202, 0.4316]. Recommendation = [0.0, 0.0454, -0.0420], Current Cost = 5098.00, Rho = 1.000
(iter 10) [0.0, -1.3508, 1.4700] = 438.2050, sampling [1.0, 0.3265, 1.3466]. Recommendation = [0.0, 0.0454, -0.0420], Current Cost = 5099.00, Rho = 1.000
(iter 10) [0.0, -1.3508, 1.4700] = 438.2050, sampling [1.0, -0.5751, -0.8098]. Recommendation = [0.0, 0.0454, -0.0420], Current Cost = 5100.00, Rho = 1.000
(iter 10) [0.0, -1.3508, 1.4700] = 438.2050, sampling [1.0, -0.3813, -1.1638]. Recommendation = [0.0, 0.0454, -0.0420], Current Cost = 5101.00, Rho = 1.000
(iter 10) [0.0, -1.3508, 1.4700] = 438.2050, sampling [1.0, -0.5443, -0.5806]. Recommendation = [0.0, 0.0454, -0.0420], Current Cost = 5102.00, Rho = 1.000
(iter 10) [0.0, -1.3508, 1.4700] = 438.2050, sampling [1.0, 0.3917, 1.9518]. Recommendation = [0.0, 0.0454, -0.0420], Current Cost = 5103.00, Rho = 1.000
(iter 10) [0.0, -1.3508, 1.4700] = 438.2050, sampling [1.0, 0.0217, -1.3056]. Recommendation = [0.0, 0.0454, -0.0420], Current Cost = 5104.00, Rho = 1.000
(iter 10) [0.0, -1.3508, 1.4700] = 438.2050, sampling [1.0, -0.1322, 1.3924]. Recommendation = [0.0, 0.0454, -0.0420], Current Cost = 5105.00, Rho = 1.000
(iter 10) [0.0, -1.3508, 1.4700] = 438.2050, sampling [1.0, -0.4373, -0.7327]. Recommendation = [0.0, 0.0454, -0.0420], Current Cost = 5106.00, Rho = 1.000
(iter 10) [0.0, -1.3508, 1.4700] = 438.2050, sampling [1.0, 1.3295, 0.5251]. Recommendation = [0.0, 0.0454, -0.0420], Current Cost = 5107.00, Rho = 1.000
(iter 10) [0.0, -1.3508, 1.4700] = 438.2050, sampling [1.0, -1.1464, 0.0343]. Recommendation = [0.0, 0.0454, -0.0420], Current Cost = 5108.00, Rho = 1.000
(iter 10) [0.0, -1.3508, 1.4700] = 438.2050, sampling [1.0, 0.6898, -1.1136]. Recommendation = [0.0, 0.0454, -0.0420], Current Cost = 5109.00, Rho = 1.000
(iter 10) [0.0, -1.3508, 1.4700] = 438.2050, sampling [1.0, 1.6550, 1.4400]. Recommendation = [0.0, 0.0454, -0.0420], Current Cost = 5110.00, Rho = 1.000
(iter 10) [0.0, -1.3508, 1.4700] = 438.2050, sampling [1.0, 0.1985, -1.2272]. Recommendation = [0.0, 0.0454, -0.0420], Current Cost = 5111.00, Rho = 1.000
(iter 10) [0.0, -1.3508, 1.4700] = 438.2050, sampling [1.0, 0.2498, -1.6400]. Recommendation = [0.0, 0.0454, -0.0420], Current Cost = 5112.00, Rho = 1.000
(iter 10) [0.0, -1.3508, 1.4700] = 438.2050, sampling [1.0, -0.5022, 1.6077]. Recommendation = [0.0, 0.0454, -0.0420], Current Cost = 5113.00, Rho = 1.000
(iter 10) [0.0, -1.3508, 1.4700] = 438.2050, sampling [1.0, -1.5882, 1.1719]. Recommendation = [0.0, 0.0454, -0.0420], Current Cost = 5114.00, Rho = 1.000
(iter 10) [0.0, -1.3508, 1.4700] = 438.2050, sampling [1.0, 1.1204, 0.1521]. Recommendation = [0.0, 0.0454, -0.0420], Current Cost = 5115.00, Rho = 1.000
(iter 10) [0.0, -1.3508, 1.4700] = 438.2050, sampling [1.0, -0.2355, -1.3826]. Recommendation = [0.0, 0.0454, -0.0420], Current Cost = 5116.00, Rho = 1.000
(iter 10) [0.0, -1.3508, 1.4700] = 438.2050, sampling [1.0, -0.0808, -1.0889]. Recommendation = [0.0, 0.0454, -0.0420], Current Cost = 5117.00, Rho = 1.000
(iter 10) [0.0, -1.3508, 1.4700] = 438.2050, sampling [1.0, -0.6889, -0.9026]. Recommendation = [0.0, 0.0454, -0.0420], Current Cost = 5118.00, Rho = 1.000
(iter 10) [0.0, -1.3508, 1.4700] = 438.2050, sampling [1.0, 0.1035, 1.5934]. Recommendation = [0.0, 0.0454, -0.0420], Current Cost = 5119.00, Rho = 1.000
(iter 10) [0.0, -1.3508, 1.4700] = 438.2050, sampling [1.0, -1.3003, -0.2853]. Recommendation = [0.0, 0.0454, -0.0420], Current Cost = 5120.00, Rho = 1.000
(iter 10) [0.0, -1.3508, 1.4700] = 438.2050, sampling [1.0, -1.9572, 1.6173]. Recommendation = [0.0, 0.0454, -0.0420], Current Cost = 5121.00, Rho = 1.000
(iter 10) [0.0, -1.3508, 1.4700] = 438.2050, sampling [1.0, -1.5131, 0.9831]. Recommendation = [0.0, 0.0454, -0.0420], Current Cost = 5122.00, Rho = 1.000
(iter 10) [0.0, -1.3508, 1.4700] = 438.2050, sampling [1.0, 0.7852, -1.8872]. Recommendation = [0.0, 0.0454, -0.0420], Current Cost = 5123.00, Rho = 1.000
(iter 10) [0.0, -1.3508, 1.4700] = 438.2050, sampling [1.0, 0.5617, -0.9413]. Recommendation = [0.0, 0.0454, -0.0420], Current Cost = 5124.00, Rho = 1.000
(iter 10) [0.0, -1.3508, 1.4700] = 438.2050, sampling [1.0, 1.0544, -0.4314]. Recommendation = [0.0, 0.0454, -0.0420], Current Cost = 5125.00, Rho = 1.000
(iter 10) [0.0, -1.3508, 1.4700] = 438.2050, sampling [1.0, 0.0845, 1.2854]. Recommendation = [0.0, 0.0454, -0.0420], Current Cost = 5126.00, Rho = 1.000
(iter 10) [0.0, -1.3508, 1.4700] = 438.2050, sampling [1.0, -1.4700, 0.6880]. Recommendation = [0.0, 0.0454, -0.0420], Current Cost = 5127.00, Rho = 1.000
(iter 10) [0.0, -1.3508, 1.4700] = 438.2050, sampling [1.0, 1.1790, -0.0606]. Recommendation = [0.0, 0.0454, -0.0420], Current Cost = 5128.00, Rho = 1.000
(iter 10) [0.0, -1.3508, 1.4700] = 438.2050, sampling [1.0, 1.5445, 1.0040]. Recommendation = [0.0, 0.0454, -0.0420], Current Cost = 5129.00, Rho = 1.000
(iter 10) [0.0, -1.3508, 1.4700] = 438.2050, sampling [1.0, -0.3525, -0.8221]. Recommendation = [0.0, 0.0454, -0.0420], Current Cost = 5130.00, Rho = 1.000
(iter 10) [0.0, -1.3508, 1.4700] = 438.2050, sampling [1.0, 1.8886, 1.3204]. Recommendation = [0.0, 0.0454, -0.0420], Current Cost = 5131.00, Rho = 1.000
(iter 10) [0.0, -1.3508, 1.4700] = 438.2050, sampling [1.0, -0.0125, -1.6210]. Recommendation = [0.0, 0.0454, -0.0420], Current Cost = 5132.00, Rho = 1.000
(iter 10) [0.0, -1.3508, 1.4700] = 438.2050, sampling [1.0, 0.4161, -1.3929]. Recommendation = [0.0, 0.0454, -0.0420], Current Cost = 5133.00, Rho = 1.000
(iter 10) [0.0, -1.3508, 1.4700] = 438.2050, sampling [1.0, -0.0391, -1.0633]. Recommendation = [0.0, 0.0454, -0.0420], Current Cost = 5134.00, Rho = 1.000
(iter 10) [0.0, -1.3508, 1.4700] = 438.2050, sampling [1.0, -0.8436, -0.8370]. Recommendation = [0.0, 0.0454, -0.0420], Current Cost = 5135.00, Rho = 1.000
(iter 10) [0.0, -1.3508, 1.4700] = 438.2050, sampling [1.0, -1.2433, 0.1043]. Recommendation = [0.0, 0.0454, -0.0420], Current Cost = 5136.00, Rho = 1.000
(iter 10) [0.0, -1.3508, 1.4700] = 438.2050, sampling [1.0, 1.0620, -0.7069]. Recommendation = [0.0, 0.0454, -0.0420], Current Cost = 5137.00, Rho = 1.000
(iter 10) [0.0, -1.3508, 1.4700] = 438.2050, sampling [1.0, -1.9302, -0.1654]. Recommendation = [0.0, 0.0454, -0.0420], Current Cost = 5138.00, Rho = 1.000
(iter 10) [0.0, -1.3508, 1.4700] = 438.2050, sampling [1.0, 1.3106, 0.3767]. Recommendation = [0.0, 0.0454, -0.0420], Current Cost = 5139.00, Rho = 1.000
(iter 10) [0.0, -1.3508, 1.4700] = 438.2050, sampling [1.0, -0.7483, -1.0775]. Recommendation = [0.0, 0.0454, -0.0420], Current Cost = 5140.00, Rho = 1.000
(iter 10) [0.0, -1.3508, 1.4700] = 438.2050, sampling [1.0, 0.2353, 1.7714]. Recommendation = [0.0, 0.0454, -0.0420], Current Cost = 5141.00, Rho = 1.000
(iter 10) [0.0, -1.3508, 1.4700] = 438.2050, sampling [1.0, -0.4095, -1.2531]. Recommendation = [0.0, 0.0454, -0.0420], Current Cost = 5142.00, Rho = 1.000
(iter 10) [0.0, -1.3508, 1.4700] = 438.2050, sampling [1.0, -1.4957, 0.8920]. Recommendation = [0.0, 0.0454, -0.0420], Current Cost = 5143.00, Rho = 1.000
(iter 10) [0.0, -1.3508, 1.4700] = 438.2050, sampling [1.0, -0.1574, 1.6622]. Recommendation = [0.0, 0.0454, -0.0420], Current Cost = 5144.00, Rho = 1.000
(iter 10) [0.0, -1.3508, 1.4700] = 438.2050, sampling [1.0, 0.9412, -1.0403]. Recommendation = [0.0, 0.0454, -0.0420], Current Cost = 5145.00, Rho = 1.000
(iter 10) [0.0, -1.3508, 1.4700] = 438.2050, sampling [1.0, -0.2151, -1.9376]. Recommendation = [0.0, 0.0454, -0.0420], Current Cost = 5146.00, Rho = 1.000
(iter 10) [0.0, -1.3508, 1.4700] = 438.2050, sampling [1.0, 0.5066, -0.9454]. Recommendation = [0.0, 0.0454, -0.0420], Current Cost = 5147.00, Rho = 1.000
(iter 10) [0.0, -1.3508, 1.4700] = 438.2050, sampling [1.0, 1.5560, 0.4953]. Recommendation = [0.0, 0.0454, -0.0420], Current Cost = 5148.00, Rho = 1.000
(iter 10) [0.0, -1.3508, 1.4700] = 438.2050, sampling [1.0, -0.4808, -1.5898]. Recommendation = [0.0, 0.0454, -0.0420], Current Cost = 5149.00, Rho = 1.000
(iter 10) [0.0, -1.3508, 1.4700] = 438.2050, sampling [1.0, -0.8923, -0.6960]. Recommendation = [0.0, 0.0454, -0.0420], Current Cost = 5150.00, Rho = 1.000
(iter 10) [0.0, -1.3508, 1.4700] = 438.2050, sampling [1.0, 0.6689, -1.2776]. Recommendation = [0.0, 0.0454, -0.0420], Current Cost = 5151.00, Rho = 1.000
(iter 10) [0.0, -1.3508, 1.4700] = 438.2050, sampling [1.0, -0.1889, -1.6694]. Recommendation = [0.0, 0.0454, -0.0420], Current Cost = 5152.00, Rho = 1.000
(iter 10) [0.0, -1.3508, 1.4700] = 438.2050, sampling [1.0, 1.3175, 0.4515]. Recommendation = [0.0, 0.0454, -0.0420], Current Cost = 5153.00, Rho = 1.000
(iter 10) [0.0, -1.3508, 1.4700] = 438.2050, sampling [1.0, 1.9650, -1.8882]. Recommendation = [0.0, 0.0454, -0.0420], Current Cost = 5154.00, Rho = 1.000
(iter 10) [0.0, -1.3508, 1.4700] = 438.2050, sampling [1.0, -0.2576, 1.8039]. Recommendation = [0.0, 0.0454, -0.0420], Current Cost = 5155.00, Rho = 1.000
(iter 10) [0.0, -1.3508, 1.4700] = 438.2050, sampling [1.0, -0.2756, -1.4625]. Recommendation = [0.0, 0.0454, -0.0420], Current Cost = 5156.00, Rho = 1.000
(iter 10) [0.0, -1.3508, 1.4700] = 438.2050, sampling [1.0, 1.7260, 0.8454]. Recommendation = [0.0, 0.0454, -0.0420], Current Cost = 5157.00, Rho = 1.000
(iter 10) [0.0, -1.3508, 1.4700] = 438.2050, sampling [1.0, 0.3751, -1.7799]. Recommendation = [0.0, 0.0454, -0.0420], Current Cost = 5158.00, Rho = 1.000
(iter 10) [0.0, -1.3508, 1.4700] = 438.2050, sampling [1.0, 0.1920, 1.9212]. Recommendation = [0.0, 0.0454, -0.0420], Current Cost = 5159.00, Rho = 1.000
(iter 10) [0.0, -1.3508, 1.4700] = 438.2050, sampling [1.0, -1.5666, 0.8660]. Recommendation = [0.0, 0.0454, -0.0420], Current Cost = 5160.00, Rho = 1.000
(iter 10) [0.0, -1.3508, 1.4700] = 438.2050, sampling [1.0, -1.1055, -0.9820]. Recommendation = [0.0, 0.0454, -0.0420], Current Cost = 5161.00, Rho = 1.000
(iter 10) [0.0, -1.3508, 1.4700] = 438.2050, sampling [1.0, 1.7043, 1.2480]. Recommendation = [0.0, 0.0454, -0.0420], Current Cost = 5162.00, Rho = 1.000
(iter 10) [0.0, -1.3508, 1.4700] = 438.2050, sampling [1.0, 1.3645, -0.0036]. Recommendation = [0.0, 0.0454, -0.0420], Current Cost = 5163.00, Rho = 1.000
(iter 10) [0.0, -1.3508, 1.4700] = 438.2050, sampling [1.0, 1.4754, 0.3360]. Recommendation = [0.0, 0.0454, -0.0420], Current Cost = 5164.00, Rho = 1.000
(iter 10) [0.0, -1.3508, 1.4700] = 438.2050, sampling [1.0, 0.0759, 1.6838]. Recommendation = [0.0, 0.0454, -0.0420], Current Cost = 5165.00, Rho = 1.000
(iter 10) [0.0, -1.3508, 1.4700] = 438.2050, sampling [1.0, -1.4383, 0.2415]. Recommendation = [0.0, 0.0454, -0.0420], Current Cost = 5166.00, Rho = 1.000
(iter 10) [0.0, -1.3508, 1.4700] = 438.2050, sampling [1.0, -0.9036, -1.0108]. Recommendation = [0.0, 0.0454, -0.0420], Current Cost = 5167.00, Rho = 1.000
(iter 10) [0.0, -1.3508, 1.4700] = 438.2050, sampling [1.0, 0.7286, -1.5113]. Recommendation = [0.0, 0.0454, -0.0420], Current Cost = 5168.00, Rho = 1.000
(iter 10) [0.0, -1.3508, 1.4700] = 438.2050, sampling [1.0, -0.8090, 1.9845]. Recommendation = [0.0, 0.0454, -0.0420], Current Cost = 5169.00, Rho = 1.000
(iter 10) [0.0, -1.3508, 1.4700] = 438.2050, sampling [1.0, -1.3653, 0.0609]. Recommendation = [0.0, 0.0454, -0.0420], Current Cost = 5170.00, Rho = 1.000
(iter 10) [0.0, -1.3508, 1.4700] = 438.2050, sampling [1.0, 1.8866, 1.4939]. Recommendation = [0.0, 0.0454, -0.0420], Current Cost = 5171.00, Rho = 1.000
(iter 10) [0.0, -1.3508, 1.4700] = 438.2050, sampling [1.0, -1.5434, 0.9592]. Recommendation = [0.0, 0.0454, -0.0420], Current Cost = 5172.00, Rho = 1.000
(iter 10) [0.0, -1.3508, 1.4700] = 438.2050, sampling [1.0, 0.7595, -1.2037]. Recommendation = [0.0, 0.0454, -0.0420], Current Cost = 5173.00, Rho = 1.000
(iter 10) [0.0, -1.3508, 1.4700] = 438.2050, sampling [1.0, -0.1695, 1.8968]. Recommendation = [0.0, 0.0454, -0.0420], Current Cost = 5174.00, Rho = 1.000
(iter 10) [0.0, -1.3508, 1.4700] = 438.2050, sampling [1.0, -0.2000, -1.7566]. Recommendation = [0.0, 0.0454, -0.0420], Current Cost = 5175.00, Rho = 1.000
(iter 10) [0.0, -1.3508, 1.4700] = 438.2050, sampling [1.0, 0.3115, 1.8648]. Recommendation = [0.0, 0.0454, -0.0420], Current Cost = 5176.00, Rho = 1.000
(iter 10) [0.0, -1.3508, 1.4700] = 438.2050, sampling [1.0, 1.2548, -0.4992]. Recommendation = [0.0, 0.0454, -0.0420], Current Cost = 5177.00, Rho = 1.000
(iter 10) [0.0, -1.3508, 1.4700] = 438.2050, sampling [1.0, -0.7147, -1.8241]. Recommendation = [0.0, 0.0454, -0.0420], Current Cost = 5178.00, Rho = 1.000
(iter 10) [0.0, -1.3508, 1.4700] = 438.2050, sampling [1.0, -0.9529, -1.4727]. Recommendation = [0.0, 0.0454, -0.0420], Current Cost = 5179.00, Rho = 1.000
(iter 10) [0.0, -1.3508, 1.4700] = 438.2050, sampling [1.0, 1.8420, 1.1178]. Recommendation = [0.0, 0.0454, -0.0420], Current Cost = 5180.00, Rho = 1.000
(iter 10) [0.0, -1.3508, 1.4700] = 438.2050, sampling [1.0, 1.3572, -0.2579]. Recommendation = [0.0, 0.0454, -0.0420], Current Cost = 5181.00, Rho = 1.000
(iter 10) [0.0, -1.3508, 1.4700] = 438.2050, sampling [1.0, 1.4932, 0.2254]. Recommendation = [0.0, 0.0454, -0.0420], Current Cost = 5182.00, Rho = 1.000
(iter 10) [0.0, -1.3508, 1.4700] = 438.2050, sampling [1.0, -1.9111, 0.5065]. Recommendation = [0.0, 0.0454, -0.0420], Current Cost = 5183.00, Rho = 1.000
(iter 10) [0.0, -1.3508, 1.4700] = 438.2050, sampling [1.0, 0.5867, -1.8119]. Recommendation = [0.0, 0.0454, -0.0420], Current Cost = 5184.00, Rho = 1.000
(iter 10) [0.0, -1.3508, 1.4700] = 438.2050, sampling [1.0, -1.3848, -0.5186]. Recommendation = [0.0, 0.0454, -0.0420], Current Cost = 5185.00, Rho = 1.000
(iter 10) [0.0, -1.3508, 1.4700] = 438.2050, sampling [1.0, 1.7851, 1.4091]. Recommendation = [0.0, 0.0454, -0.0420], Current Cost = 5186.00, Rho = 1.000
(iter 10) [0.0, -1.3508, 1.4700] = 438.2050, sampling [1.0, 1.6928, 0.5588]. Recommendation = [0.0, 0.0454, -0.0420], Current Cost = 5187.00, Rho = 1.000
(iter 10) [0.0, -1.3508, 1.4700] = 438.2050, sampling [1.0, -0.9685, -0.6500]. Recommendation = [0.0, 0.0454, -0.0420], Current Cost = 5188.00, Rho = 1.000
(iter 10) [0.0, -1.3508, 1.4700] = 438.2050, sampling [1.0, -1.8181, -1.8630]. Recommendation = [0.0, 0.0454, -0.0420], Current Cost = 5189.00, Rho = 1.000
(iter 10) [0.0, -1.3508, 1.4700] = 438.2050, sampling [1.0, 0.9022, -1.3425]. Recommendation = [0.0, 0.0454, -0.0420], Current Cost = 5190.00, Rho = 1.000
(iter 10) [0.0, -1.3508, 1.4700] = 438.2050, sampling [1.0, 1.6173, 0.8144]. Recommendation = [0.0, 0.0454, -0.0420], Current Cost = 5191.00, Rho = 1.000
(iter 10) [0.0, -1.3508, 1.4700] = 438.2050, sampling [1.0, 1.1153, -0.9700]. Recommendation = [0.0, 0.0454, -0.0420], Current Cost = 5192.00, Rho = 1.000
(iter 10) [0.0, -1.3508, 1.4700] = 438.2050, sampling [1.0, -1.9725, 1.1538]. Recommendation = [0.0, 0.0454, -0.0420], Current Cost = 5193.00, Rho = 1.000
(iter 10) [0.0, -1.3508, 1.4700] = 438.2050, sampling [1.0, 0.4071, -1.7291]. Recommendation = [0.0, 0.0454, -0.0420], Current Cost = 5194.00, Rho = 1.000
(iter 10) [0.0, -1.3508, 1.4700] = 438.2050, sampling [1.0, 1.6443, 0.1403]. Recommendation = [0.0, 0.0454, -0.0420], Current Cost = 5195.00, Rho = 1.000
(iter 10) [0.0, -1.3508, 1.4700] = 438.2050, sampling [1.0, 1.8704, 0.8208]. Recommendation = [0.0, 0.0454, -0.0420], Current Cost = 5196.00, Rho = 1.000
(iter 10) [0.0, -1.3508, 1.4700] = 438.2050, sampling [1.0, -1.4725, 0.0320]. Recommendation = [0.0, 0.0454, -0.0420], Current Cost = 5197.00, Rho = 1.000
(iter 10) [0.0, -1.3508, 1.4700] = 438.2050, sampling [1.0, -1.9857, 1.3908]. Recommendation = [0.0, 0.0454, -0.0420], Current Cost = 5198.00, Rho = 1.000
(iter 10) [0.0, -1.3508, 1.4700] = 438.2050, sampling [0.0, 1.1879, 1.3438]. Recommendation = [0.0, 0.0454, -0.0420], Current Cost = 5199.00, Rho = 1.000
(iter 204) [0.0, 1.1879, 1.3438] = 455.8115, sampling [0.0, 0.0454, -0.0420]. Recommendation = [0.0, 1.1879, 1.3438], Current Cost = 6199.00, Rho = 1.000
(iter 204) [0.0, 1.1879, 1.3438] = 455.8115, sampling [0.0, -0.7876, 0.6490]. Recommendation = [0.0, 1.1879, 1.3438], Current Cost = 7199.00, Rho = 1.000
(iter 204) [0.0, 1.1879, 1.3438] = 455.8115, sampling [1.0, 0.8084, -1.4281]. Recommendation = [0.0, 1.1879, 1.3438], Current Cost = 8199.00, Rho = 1.000
(iter 204) [0.0, 1.1879, 1.3438] = 455.8115, sampling [0.0, 0.7151, 0.3843]. Recommendation = [0.0, 1.1879, 1.3438], Current Cost = 8200.00, Rho = 1.000
(iter 204) [0.0, 1.1879, 1.3438] = 455.8115, sampling [0.0, 0.9610, 1.0124]. Recommendation = [0.0, 1.1879, 1.3438], Current Cost = 9200.00, Rho = 1.000
(iter 204) [0.0, 1.1879, 1.3438] = 455.8115, sampling [0.0, -0.3309, -0.0231]. Recommendation = [0.0, 1.1879, 1.3438], Current Cost = 10200.00, Rho = 1.000
(iter 204) [0.0, 1.1879, 1.3438] = 455.8115, sampling [0.0, -1.0351, 1.0682]. Recommendation = [0.0, 1.1879, 1.3438], Current Cost = 11200.00, Rho = 1.000
(iter 204) [0.0, 1.1879, 1.3438] = 455.8115, sampling [0.0, 1.2037, 1.7412]. Recommendation = [0.0, 1.1879, 1.3438], Current Cost = 12200.00, Rho = 1.000
(iter 204) [0.0, 1.1879, 1.3438] = 455.8115, sampling [0.0, 0.8665, 0.6006]. Recommendation = [0.0, 1.1879, 1.3438], Current Cost = 13200.00, Rho = 1.000
(iter 204) [0.0, 1.1879, 1.3438] = 455.8115, sampling [0.0, -0.3113, 0.2850]. Recommendation = [0.0, 1.1879, 1.3438], Current Cost = 14200.00, Rho = 1.000
(iter 204) [0.0, 1.1879, 1.3438] = 455.8115, sampling [0.0, 0.2821, -0.1153]. Recommendation = [0.0, 1.1879, 1.3438], Current Cost = 15200.00, Rho = 1.000
(iter 204) [0.0, 1.1879, 1.3438] = 455.8115, sampling [0.0, 0.6399, 0.2627]. Recommendation = [0.0, 1.1879, 1.3438], Current Cost = 16200.00, Rho = 1.000
(iter 204) [0.0, 1.1879, 1.3438] = 455.8115, sampling [1.0, 1.2879, -0.8877]. Recommendation = [0.0, 1.1879, 1.3438], Current Cost = 17200.00, Rho = 1.000
(iter 204) [0.0, 1.1879, 1.3438] = 455.8115, sampling [0.0, 0.5523, 0.5396]. Recommendation = [0.0, 1.1879, 1.3438], Current Cost = 17201.00, Rho = 1.000
(iter 204) [0.0, 1.1879, 1.3438] = 455.8115, sampling [1.0, 0.3640, 1.9174]. Recommendation = [0.0, 1.1879, 1.3438], Current Cost = 18201.00, Rho = 1.000
(iter 204) [0.0, 1.1879, 1.3438] = 455.8115, sampling [0.0, 0.9781, 1.0947]. Recommendation = [0.0, 1.1879, 1.3438], Current Cost = 18202.00, Rho = 1.000
(iter 204) [0.0, 1.1879, 1.3438] = 455.8115, sampling [0.0, 0.1193, -0.1387]. Recommendation = [0.0, 1.1879, 1.3438], Current Cost = 19202.00, Rho = 1.000
(iter 204) [0.0, 1.1879, 1.3438] = 455.8115, sampling [0.0, -1.1209, 1.1462]. Recommendation = [0.0, 1.1879, 1.3438], Current Cost = 20202.00, Rho = 1.000
(iter 204) [0.0, 1.1879, 1.3438] = 455.8115, sampling [0.0, 0.4767, -0.0752]. Recommendation = [0.0, 1.1879, 1.3438], Current Cost = 21202.00, Rho = 1.000
(iter 204) [0.0, 1.1879, 1.3438] = 455.8115, sampling [0.0, -1.1761, 1.7497]. Recommendation = [0.0, 1.1879, 1.3438], Current Cost = 22202.00, Rho = 1.000
(iter 204) [0.0, 1.1879, 1.3438] = 455.8115, sampling [1.0, -1.2929, -1.0066]. Recommendation = [0.0, 1.1879, 1.3438], Current Cost = 23202.00, Rho = 1.000
(iter 204) [0.0, 1.1879, 1.3438] = 455.8115, sampling [0.0, -0.7339, 0.7565]. Recommendation = [0.0, 1.1879, 1.3438], Current Cost = 23203.00, Rho = 1.000
(iter 204) [0.0, 1.1879, 1.3438] = 455.8115, sampling [0.0, -0.9192, 0.5805]. Recommendation = [0.0, 1.1879, 1.3438], Current Cost = 24203.00, Rho = 1.000
(iter 204) [0.0, 1.1879, 1.3438] = 455.8115, sampling [0.0, -0.1030, 0.3551]. Recommendation = [0.0, 1.1879, 1.3438], Current Cost = 25203.00, Rho = 1.000
(iter 204) [0.0, 1.1879, 1.3438] = 455.8115, sampling [0.0, 1.3876, 1.5550]. Recommendation = [0.0, 1.1879, 1.3438], Current Cost = 26203.00, Rho = 1.000
(iter 204) [0.0, 1.1879, 1.3438] = 455.8115, sampling [1.0, 1.4015, -0.4132]. Recommendation = [0.0, 1.1879, 1.3438], Current Cost = 27203.00, Rho = 1.000
(iter 204) [0.0, 1.1879, 1.3438] = 455.8115, sampling [0.0, -0.9947, 1.0355]. Recommendation = [0.0, 1.1879, 1.3438], Current Cost = 27204.00, Rho = 1.000
(iter 204) [0.0, 1.1879, 1.3438] = 455.8115, sampling [0.0, 0.2908, -0.2201]. Recommendation = [0.0, 1.1879, 1.3438], Current Cost = 28204.00, Rho = 1.000
(iter 204) [0.0, 1.1879, 1.3438] = 455.8115, sampling [0.0, -0.8489, 0.2906]. Recommendation = [0.0, 1.1879, 1.3438], Current Cost = 29204.00, Rho = 1.000
(iter 204) [0.0, 1.1879, 1.3438] = 455.8115, sampling [1.0, 1.0146, -1.4491]. Recommendation = [0.0, 1.1879, 1.3438], Current Cost = 30204.00, Rho = 1.000
(iter 204) [0.0, 1.1879, 1.3438] = 455.8115, sampling [0.0, -0.7528, 0.7023]. Recommendation = [0.0, 1.1879, 1.3438], Current Cost = 30205.00, Rho = 1.000
(iter 204) [0.0, 1.1879, 1.3438] = 455.8115, sampling [0.0, 0.5410, 0.6574]. Recommendation = [0.0, 1.1879, 1.3438], Current Cost = 31205.00, Rho = 1.000
(iter 204) [0.0, 1.1879, 1.3438] = 455.8115, sampling [1.0, 0.7475, -1.1760]. Recommendation = [0.0, 1.1879, 1.3438], Current Cost = 32205.00, Rho = 1.000
(iter 204) [0.0, 1.1879, 1.3438] = 455.8115, sampling [0.0, 0.9165, 0.4441]. Recommendation = [0.0, 1.1879, 1.3438], Current Cost = 32206.00, Rho = 1.000
(iter 204) [0.0, 1.1879, 1.3438] = 455.8115, sampling [0.0, 0.9544, 1.3738]. Recommendation = [0.0, 1.1879, 1.3438], Current Cost = 33206.00, Rho = 1.000
(iter 204) [0.0, 1.1879, 1.3438] = 455.8115, sampling [0.0, -0.2535, 0.4728]. Recommendation = [0.0, 1.1879, 1.3438], Current Cost = 34206.00, Rho = 1.000
(iter 204) [0.0, 1.1879, 1.3438] = 455.8115, sampling [1.0, 1.2183, -1.1464]. Recommendation = [0.0, 1.1879, 1.3438], Current Cost = 35206.00, Rho = 1.000
(iter 204) [0.0, 1.1879, 1.3438] = 455.8115, sampling [0.0, -0.3028, -0.4859]. Recommendation = [0.0, 1.1879, 1.3438], Current Cost = 35207.00, Rho = 1.000
(iter 204) [0.0, 1.1879, 1.3438] = 455.8115, sampling [0.0, -1.0637, 1.5771]. Recommendation = [0.0, 1.1879, 1.3438], Current Cost = 36207.00, Rho = 1.000
(iter 204) [0.0, 1.1879, 1.3438] = 455.8115, sampling [0.0, -0.6810, 0.7710]. Recommendation = [0.0, 1.1879, 1.3438], Current Cost = 37207.00, Rho = 1.000
(iter 204) [0.0, 1.1879, 1.3438] = 455.8115, sampling [1.0, 1.9442, 0.0661]. Recommendation = [0.0, 1.1879, 1.3438], Current Cost = 38207.00, Rho = 1.000
(iter 204) [0.0, 1.1879, 1.3438] = 455.8115, sampling [0.0, -0.7684, 0.1234]. Recommendation = [0.0, 1.1879, 1.3438], Current Cost = 38208.00, Rho = 1.000
(iter 204) [0.0, 1.1879, 1.3438] = 455.8115, sampling [0.0, 0.8174, 0.1774]. Recommendation = [0.0, 1.1879, 1.3438], Current Cost = 39208.00, Rho = 1.000
(iter 204) [0.0, 1.1879, 1.3438] = 455.8115, sampling [0.0, 0.4468, -0.3056]. Recommendation = [0.0, 1.1879, 1.3438], Current Cost = 40208.00, Rho = 1.000
(iter 204) [0.0, 1.1879, 1.3438] = 455.8115, sampling [1.0, 0.6796, -1.9220]. Recommendation = [0.0, 1.1879, 1.3438], Current Cost = 41208.00, Rho = 1.000
(iter 204) [0.0, 1.1879, 1.3438] = 455.8115, sampling [0.0, -0.6489, 0.9155]. Recommendation = [0.0, 1.1879, 1.3438], Current Cost = 41209.00, Rho = 1.000
(iter 204) [0.0, 1.1879, 1.3438] = 455.8115, sampling [0.0, 1.0988, 1.7051]. Recommendation = [0.0, 1.1879, 1.3438], Current Cost = 42209.00, Rho = 1.000
(iter 204) [0.0, 1.1879, 1.3438] = 455.8115, sampling [0.0, 1.1472, 0.7057]. Recommendation = [0.0, 1.1879, 1.3438], Current Cost = 43209.00, Rho = 1.000
(iter 204) [0.0, 1.1879, 1.3438] = 455.8115, sampling [1.0, 1.0833, -1.0358]. Recommendation = [0.0, 1.1879, 1.3438], Current Cost = 44209.00, Rho = 1.000
(iter 204) [0.0, 1.1879, 1.3438] = 455.8115, sampling [0.0, 0.0553, -0.6302]. Recommendation = [0.0, 1.1879, 1.3438], Current Cost = 44210.00, Rho = 1.000
(iter 204) [0.0, 1.1879, 1.3438] = 455.8115, sampling [1.0, 1.5145, -0.6736]. Recommendation = [0.0, 1.1879, 1.3438], Current Cost = 45210.00, Rho = 1.000
(iter 204) [0.0, 1.1879, 1.3438] = 455.8115, sampling [1.0, -1.5792, -0.3543]. Recommendation = [0.0, 1.1879, 1.3438], Current Cost = 45211.00, Rho = 1.000
(iter 204) [0.0, 1.1879, 1.3438] = 455.8115, sampling [0.0, 0.0077, 0.6120]. Recommendation = [0.0, 1.1879, 1.3438], Current Cost = 45212.00, Rho = 1.000
(iter 204) [0.0, 1.1879, 1.3438] = 455.8115, sampling [1.0, 1.0031, -1.7987]. Recommendation = [0.0, 1.1879, 1.3438], Current Cost = 46212.00, Rho = 1.000
(iter 204) [0.0, 1.1879, 1.3438] = 455.8115, sampling [0.0, -0.5982, -0.2943]. Recommendation = [0.0, 1.1879, 1.3438], Current Cost = 46213.00, Rho = 1.000
(iter 204) [0.0, 1.1879, 1.3438] = 455.8115, sampling [0.0, -0.9358, 0.5680]. Recommendation = [0.0, 1.1879, 1.3438], Current Cost = 47213.00, Rho = 1.000
(iter 204) [0.0, 1.1879, 1.3438] = 455.8115, sampling [1.0, -1.6910, -0.7554]. Recommendation = [0.0, 1.1879, 1.3438], Current Cost = 48213.00, Rho = 1.000
(iter 204) [0.0, 1.1879, 1.3438] = 455.8115, sampling [1.0, -1.0489, -1.5731]. Recommendation = [0.0, 1.1879, 1.3438], Current Cost = 48214.00, Rho = 1.000
(iter 204) [0.0, 1.1879, 1.3438] = 455.8115, sampling [1.0, 0.7776, -1.4955]. Recommendation = [0.0, 1.1879, 1.3438], Current Cost = 48215.00, Rho = 1.000
(iter 204) [0.0, 1.1879, 1.3438] = 455.8115, sampling [0.0, 1.4080, 1.5520]. Recommendation = [0.0, 1.1879, 1.3438], Current Cost = 48216.00, Rho = 1.000
(iter 204) [0.0, 1.1879, 1.3438] = 455.8115, sampling [0.0, -1.1884, 0.6330]. Recommendation = [0.0, 1.1879, 1.3438], Current Cost = 49216.00, Rho = 1.000
(iter 204) [0.0, 1.1879, 1.3438] = 455.8115, sampling [1.0, 1.8233, 0.7369]. Recommendation = [0.0, 1.1879, 1.3438], Current Cost = 50216.00, Rho = 1.000
(iter 204) [0.0, 1.1879, 1.3438] = 455.8115, sampling [0.0, -1.7034, 1.9524]. Recommendation = [0.0, 1.1879, 1.3438], Current Cost = 50217.00, Rho = 1.000
(iter 204) [0.0, 1.1879, 1.3438] = 455.8115, sampling [1.0, -1.8658, 0.2062]. Recommendation = [0.0, 1.1879, 1.3438], Current Cost = 51217.00, Rho = 1.000
(iter 204) [0.0, 1.1879, 1.3438] = 455.8115, sampling [0.0, 0.8346, -0.1100]. Recommendation = [0.0, 1.1879, 1.3438], Current Cost = 51218.00, Rho = 1.000
(iter 204) [0.0, 1.1879, 1.3438] = 455.8115, sampling [0.0, -0.5309, -0.3868]. Recommendation = [0.0, 1.1879, 1.3438], Current Cost = 52218.00, Rho = 1.000
(iter 204) [0.0, 1.1879, 1.3438] = 455.8115, sampling [0.0, 0.6207, -0.4333]. Recommendation = [0.0, 1.1879, 1.3438], Current Cost = 53218.00, Rho = 1.000
(iter 204) [0.0, 1.1879, 1.3438] = 455.8115, sampling [1.0, 1.4301, -1.1845]. Recommendation = [0.0, 1.1879, 1.3438], Current Cost = 54218.00, Rho = 1.000
(iter 204) [0.0, 1.1879, 1.3438] = 455.8115, sampling [0.0, 1.6753, 1.8194]. Recommendation = [0.0, 1.1879, 1.3438], Current Cost = 54219.00, Rho = 1.000
(iter 204) [0.0, 1.1879, 1.3438] = 455.8115, sampling [0.0, 0.1285, -0.7382]. Recommendation = [0.0, 1.1879, 1.3438], Current Cost = 55219.00, Rho = 1.000
(iter 204) [0.0, 1.1879, 1.3438] = 455.8115, sampling [0.0, -0.4515, 1.0851]. Recommendation = [0.0, 1.1879, 1.3438], Current Cost = 56219.00, Rho = 1.000
(iter 204) [0.0, 1.1879, 1.3438] = 455.8115, sampling [1.0, 1.1533, -1.6879]. Recommendation = [0.0, 1.1879, 1.3438], Current Cost = 57219.00, Rho = 1.000
(iter 204) [0.0, 1.1879, 1.3438] = 455.8115, sampling [1.0, -1.4543, -1.3478]. Recommendation = [0.0, 1.1879, 1.3438], Current Cost = 57220.00, Rho = 1.000
(iter 204) [0.0, 1.1879, 1.3438] = 455.8115, sampling [0.0, -0.4763, -0.5669]. Recommendation = [0.0, 1.1879, 1.3438], Current Cost = 57221.00, Rho = 1.000
(iter 204) [0.0, 1.1879, 1.3438] = 455.8115, sampling [0.0, -1.3348, 0.9017]. Recommendation = [0.0, 1.1879, 1.3438], Current Cost = 58221.00, Rho = 1.000
(iter 204) [0.0, 1.1879, 1.3438] = 455.8115, sampling [0.0, 0.5988, 1.3114]. Recommendation = [0.0, 1.1879, 1.3438], Current Cost = 59221.00, Rho = 1.000
(iter 204) [0.0, 1.1879, 1.3438] = 455.8115, sampling [0.0, -1.0929, 0.3507]. Recommendation = [0.0, 1.1879, 1.3438], Current Cost = 60221.00, Rho = 1.000
(iter 204) [0.0, 1.1879, 1.3438] = 455.8115, sampling [1.0, 1.4508, -0.7881]. Recommendation = [0.0, 1.1879, 1.3438], Current Cost = 61221.00, Rho = 1.000
(iter 204) [0.0, 1.1879, 1.3438] = 455.8115, sampling [1.0, -1.2183, -1.5573]. Recommendation = [0.0, 1.1879, 1.3438], Current Cost = 61222.00, Rho = 1.000
(iter 204) [0.0, 1.1879, 1.3438] = 455.8115, sampling [0.0, 1.0306, 0.1658]. Recommendation = [0.0, 1.1879, 1.3438], Current Cost = 61223.00, Rho = 1.000
(iter 204) [0.0, 1.1879, 1.3438] = 455.8115, sampling [0.0, 0.1446, 0.8541]. Recommendation = [0.0, 1.1879, 1.3438], Current Cost = 62223.00, Rho = 1.000
(iter 204) [0.0, 1.1879, 1.3438] = 455.8115, sampling [0.0, -0.3525, -0.8221]. Recommendation = [0.0, 1.1879, 1.3438], Current Cost = 63223.00, Rho = 1.000
(iter 204) [0.0, 1.1879, 1.3438] = 455.8115, sampling [0.0, -0.8645, 1.7157]. Recommendation = [0.0, 1.1879, 1.3438], Current Cost = 64223.00, Rho = 1.000
(iter 204) [0.0, 1.1879, 1.3438] = 455.8115, sampling [0.0, 0.8885, 0.0042]. Recommendation = [0.0, 1.1879, 1.3438], Current Cost = 65223.00, Rho = 1.000
(iter 204) [0.0, 1.1879, 1.3438] = 455.8115, sampling [0.0, -1.0114, 0.0906]. Recommendation = [0.0, 1.1879, 1.3438], Current Cost = 66223.00, Rho = 1.000
(iter 204) [0.0, 1.1879, 1.3438] = 455.8115, sampling [0.0, 1.5962, 1.6362]. Recommendation = [0.0, 1.1879, 1.3438], Current Cost = 67223.00, Rho = 1.000
(iter 204) [0.0, 1.1879, 1.3438] = 455.8115, sampling [1.0, -1.6495, -0.4775]. Recommendation = [0.0, 1.1879, 1.3438], Current Cost = 68223.00, Rho = 1.000
(iter 204) [0.0, 1.1879, 1.3438] = 455.8115, sampling [0.0, -0.0576, -0.9141]. Recommendation = [0.0, 1.1879, 1.3438], Current Cost = 68224.00, Rho = 1.000
(iter 204) [0.0, 1.1879, 1.3438] = 455.8115, sampling [0.0, 0.4930, -0.8789]. Recommendation = [0.0, 1.1879, 1.3438], Current Cost = 69224.00, Rho = 1.000
(iter 204) [0.0, 1.1879, 1.3438] = 455.8115, sampling [0.0, -0.5257, 1.1985]. Recommendation = [0.0, 1.1879, 1.3438], Current Cost = 70224.00, Rho = 1.000
(iter 204) [0.0, 1.1879, 1.3438] = 455.8115, sampling [0.0, -0.6398, -0.3238]. Recommendation = [0.0, 1.1879, 1.3438], Current Cost = 71224.00, Rho = 1.000
(iter 204) [0.0, 1.1879, 1.3438] = 455.8115, sampling [1.0, -1.9474, -0.5338]. Recommendation = [0.0, 1.1879, 1.3438], Current Cost = 72224.00, Rho = 1.000
(iter 204) [0.0, 1.1879, 1.3438] = 455.8115, sampling [0.0, 0.8515, 1.8829]. Recommendation = [0.0, 1.1879, 1.3438], Current Cost = 72225.00, Rho = 1.000
(iter 204) [0.0, 1.1879, 1.3438] = 455.8115, sampling [0.0, -0.6716, 1.5061]. Recommendation = [0.0, 1.1879, 1.3438], Current Cost = 73225.00, Rho = 1.000
(iter 204) [0.0, 1.1879, 1.3438] = 455.8115, sampling [1.0, 1.9887, -0.1787]. Recommendation = [0.0, 1.1879, 1.3438], Current Cost = 74225.00, Rho = 1.000
(iter 204) [0.0, 1.1879, 1.3438] = 455.8115, sampling [1.0, -1.7278, -0.2546]. Recommendation = [0.0, 1.1879, 1.3438], Current Cost = 74226.00, Rho = 1.000
(iter 204) [0.0, 1.1879, 1.3438] = 455.8115, sampling [0.0, 0.4503, 1.2026]. Recommendation = [0.0, 1.1879, 1.3438], Current Cost = 74227.00, Rho = 1.000
(iter 204) [0.0, 1.1879, 1.3438] = 455.8115, sampling [1.0, 1.7505, -1.2864]. Recommendation = [0.0, 1.1879, 1.3438], Current Cost = 75227.00, Rho = 1.000
(iter 204) [0.0, 1.1879, 1.3438] = 455.8115, sampling [1.0, 1.2688, -1.7004]. Recommendation = [0.0, 1.1879, 1.3438], Current Cost = 75228.00, Rho = 1.000
(iter 204) [0.0, 1.1879, 1.3438] = 455.8115, sampling [0.0, -0.5822, -0.6632]. Recommendation = [0.0, 1.1879, 1.3438], Current Cost = 75229.00, Rho = 1.000
(iter 204) [0.0, 1.1879, 1.3438] = 455.8115, sampling [1.0, -1.3994, -1.9692]. Recommendation = [0.0, 1.1879, 1.3438], Current Cost = 76229.00, Rho = 1.000
(iter 204) [0.0, 1.1879, 1.3438] = 455.8115, sampling [0.0, 1.2331, 0.4014]. Recommendation = [0.0, 1.1879, 1.3438], Current Cost = 76230.00, Rho = 1.000
(iter 204) [0.0, 1.1879, 1.3438] = 455.8115, sampling [1.0, -1.8830, -1.3274]. Recommendation = [0.0, 1.1879, 1.3438], Current Cost = 77230.00, Rho = 1.000
(iter 204) [0.0, 1.1879, 1.3438] = 455.8115, sampling [1.0, 1.4621, -1.9981]. Recommendation = [0.0, 1.1879, 1.3438], Current Cost = 77231.00, Rho = 1.000
(iter 204) [0.0, 1.1879, 1.3438] = 455.8115, sampling [0.0, 1.5780, 1.5220]. Recommendation = [0.0, 1.1879, 1.3438], Current Cost = 77232.00, Rho = 1.000
(iter 204) [0.0, 1.1879, 1.3438] = 455.8115, sampling [1.0, -1.2144, -1.7279]. Recommendation = [0.0, 1.1879, 1.3438], Current Cost = 78232.00, Rho = 1.000
(iter 204) [0.0, 1.1879, 1.3438] = 455.8115, sampling [0.0, -0.0690, 1.2178]. Recommendation = [0.0, 1.1879, 1.3438], Current Cost = 78233.00, Rho = 1.000
(iter 204) [0.0, 1.1879, 1.3438] = 455.8115, sampling [0.0, -0.4373, -0.7327]. Recommendation = [0.0, 1.1879, 1.3438], Current Cost = 79233.00, Rho = 1.000
(iter 204) [0.0, 1.1879, 1.3438] = 455.8115, sampling [0.0, -1.3234, 0.7235]. Recommendation = [0.0, 1.1879, 1.3438], Current Cost = 80233.00, Rho = 1.000
(iter 204) [0.0, 1.1879, 1.3438] = 455.8115, sampling [0.0, -0.8273, 1.9682]. Recommendation = [0.0, 1.1879, 1.3438], Current Cost = 81233.00, Rho = 1.000
(iter 204) [0.0, 1.1879, 1.3438] = 455.8115, sampling [0.0, 0.1985, -1.2272]. Recommendation = [0.0, 1.1879, 1.3438], Current Cost = 82233.00, Rho = 1.000
(iter 204) [0.0, 1.1879, 1.3438] = 455.8115, sampling [0.0, 0.2137, 1.0503]. Recommendation = [0.0, 1.1879, 1.3438], Current Cost = 83233.00, Rho = 1.000
(iter 204) [0.0, 1.1879, 1.3438] = 455.8115, sampling [0.0, 1.5445, 1.0040]. Recommendation = [0.0, 1.1879, 1.3438], Current Cost = 84233.00, Rho = 1.000
(iter 204) [0.0, 1.1879, 1.3438] = 455.8115, sampling [0.0, -0.5443, -0.5806]. Recommendation = [0.0, 1.1879, 1.3438], Current Cost = 85233.00, Rho = 1.000
(iter 204) [0.0, 1.1879, 1.3438] = 455.8115, sampling [0.0, -0.3813, -1.1638]. Recommendation = [0.0, 1.1879, 1.3438], Current Cost = 86233.00, Rho = 1.000
(iter 204) [0.0, 1.1879, 1.3438] = 455.8115, sampling [0.0, 0.5151, 1.4785]. Recommendation = [0.0, 1.1879, 1.3438], Current Cost = 87233.00, Rho = 1.000
(iter 204) [0.0, 1.1879, 1.3438] = 455.8115, sampling [0.0, -1.0754, -0.1450]. Recommendation = [0.0, 1.1879, 1.3438], Current Cost = 88233.00, Rho = 1.000
(iter 204) [0.0, 1.1879, 1.3438] = 455.8115, sampling [0.0, -1.5882, 1.1719]. Recommendation = [0.0, 1.1879, 1.3438], Current Cost = 89233.00, Rho = 1.000
(iter 204) [0.0, 1.1879, 1.3438] = 455.8115, sampling [1.0, -1.2661, -1.9194]. Recommendation = [0.0, 1.1879, 1.3438], Current Cost = 90233.00, Rho = 1.000
(iter 204) [0.0, 1.1879, 1.3438] = 455.8115, sampling [1.0, -1.6709, -0.5512]. Recommendation = [0.0, 1.1879, 1.3438], Current Cost = 90234.00, Rho = 1.000
(iter 204) [0.0, 1.1879, 1.3438] = 455.8115, sampling [0.0, -0.4316, 1.4447]. Recommendation = [0.0, 1.1879, 1.3438], Current Cost = 90235.00, Rho = 1.000
(iter 204) [0.0, 1.1879, 1.3438] = 455.8115, sampling [0.0, -0.5751, -0.8098]. Recommendation = [0.0, 1.1879, 1.3438], Current Cost = 91235.00, Rho = 1.000
(iter 204) [0.0, 1.1879, 1.3438] = 455.8115, sampling [1.0, -1.6179, -0.3838]. Recommendation = [0.0, 1.1879, 1.3438], Current Cost = 92235.00, Rho = 1.000
(iter 204) [0.0, 1.1879, 1.3438] = 455.8115, sampling [0.0, -1.4138, 0.9399]. Recommendation = [0.0, 1.1879, 1.3438], Current Cost = 92236.00, Rho = 1.000
(iter 204) [0.0, 1.1879, 1.3438] = 455.8115, sampling [0.0, 1.1204, 0.1521]. Recommendation = [0.0, 1.1879, 1.3438], Current Cost = 93236.00, Rho = 1.000
(iter 204) [0.0, 1.1879, 1.3438] = 455.8115, sampling [0.0, 0.1745, 1.2462]. Recommendation = [0.0, 1.1879, 1.3438], Current Cost = 94236.00, Rho = 1.000
(iter 204) [0.0, 1.1879, 1.3438] = 455.8115, sampling [1.0, -1.7862, -0.1962]. Recommendation = [0.0, 1.1879, 1.3438], Current Cost = 95236.00, Rho = 1.000
(iter 204) [0.0, 1.1879, 1.3438] = 455.8115, sampling [1.0, -1.7337, -0.4567]. Recommendation = [0.0, 1.1879, 1.3438], Current Cost = 95237.00, Rho = 1.000
(iter 204) [0.0, 1.1879, 1.3438] = 455.8115, sampling [0.0, 1.3295, 0.5251]. Recommendation = [0.0, 1.1879, 1.3438], Current Cost = 95238.00, Rho = 1.000
(iter 204) [0.0, 1.1879, 1.3438] = 455.8115, sampling [1.0, -1.6031, -1.6541]. Recommendation = [0.0, 1.1879, 1.3438], Current Cost = 96238.00, Rho = 1.000
(iter 204) [0.0, 1.1879, 1.3438] = 455.8115, sampling [0.0, -1.2628, 0.3045]. Recommendation = [0.0, 1.1879, 1.3438], Current Cost = 96239.00, Rho = 1.000
(iter 204) [0.0, 1.1879, 1.3438] = 455.8115, sampling [0.0, -0.3886, -0.7693]. Recommendation = [0.0, 1.1879, 1.3438], Current Cost = 97239.00, Rho = 1.000
(iter 204) [0.0, 1.1879, 1.3438] = 455.8115, sampling [0.0, -0.0125, -1.6210]. Recommendation = [0.0, 1.1879, 1.3438], Current Cost = 98239.00, Rho = 1.000
(iter 204) [0.0, 1.1879, 1.3438] = 455.8115, sampling [0.0, 0.6457, 1.7919]. Recommendation = [0.0, 1.1879, 1.3438], Current Cost = 99239.00, Rho = 1.000
