(iter 10) [0.0, -0.6403, 0.7214] = 443.9086, sampling [1.0, -0.2100, 0.0829]. Recommendation = [0.0, -0.6403, 0.7214], Current Cost = 5005.00, Rho = 1.000
(iter 10) [0.0, -0.6403, 0.7214] = 443.9086, sampling [1.0, -0.7245, 0.1324]. Recommendation = [0.0, -0.2100, 0.0829], Current Cost = 5006.00, Rho = 1.000
(iter 10) [0.0, -0.6403, 0.7214] = 443.9086, sampling [1.0, -1.0156, 0.7477]. Recommendation = [0.0, -0.2100, 0.0829], Current Cost = 5007.00, Rho = 1.000
(iter 10) [0.0, -0.6403, 0.7214] = 443.9086, sampling [1.0, 0.0836, -0.0600]. Recommendation = [0.0, -0.2100, 0.0829], Current Cost = 5008.00, Rho = 1.000
(iter 10) [0.0, -0.6403, 0.7214] = 443.9086, sampling [1.0, -0.1332, 0.3109]. Recommendation = [0.0, 0.0836, -0.0600], Current Cost = 5009.00, Rho = 1.000
(iter 10) [0.0, -0.6403, 0.7214] = 443.9086, sampling [1.0, -0.2248, -0.1906]. Recommendation = [0.0, 0.0836, -0.0600], Current Cost = 5010.00, Rho = 1.000
(iter 10) [0.0, -0.6403, 0.7214] = 443.9086, sampling [1.0, -1.1305, 1.0348]. Recommendation = [0.0, 0.0836, -0.0600], Current Cost = 5011.00, Rho = 1.000
(iter 10) [0.0, -0.6403, 0.7214] = 443.9086, sampling [1.0, -0.6907, 1.0635]. Recommendation = [0.0, 0.0836, -0.0600], Current Cost = 5012.00, Rho = 1.000
(iter 10) [0.0, -0.6403, 0.7214] = 443.9086, sampling [1.0, -0.5057, -0.1312]. Recommendation = [0.0, 0.0836, -0.0600], Current Cost = 5013.00, Rho = 1.000
(iter 10) [0.0, -0.6403, 0.7214] = 443.9086, sampling [1.0, -1.1487, 0.4057]. Recommendation = [0.0, 0.0836, -0.0600], Current Cost = 5014.00, Rho = 1.000
(iter 10) [0.0, -0.6403, 0.7214] = 443.9086, sampling [1.0, 0.0085, 0.0189]. Recommendation = [0.0, 0.0836, -0.0600], Current Cost = 5015.00, Rho = 1.000
(iter 10) [0.0, -0.6403, 0.7214] = 443.9086, sampling [1.0, -0.3036, 0.7979]. Recommendation = [0.0, 0.0085, 0.0189], Current Cost = 5016.00, Rho = 1.000
(iter 10) [0.0, -0.6403, 0.7214] = 443.9086, sampling [1.0, 0.2521, 0.2027]. Recommendation = [0.0, 0.0085, 0.0189], Current Cost = 5017.00, Rho = 1.000
(iter 10) [0.0, -0.6403, 0.7214] = 443.9086, sampling [1.0, -0.1449, 0.1796]. Recommendation = [0.0, 0.0085, 0.0189], Current Cost = 5018.00, Rho = 1.000
(iter 10) [0.0, -0.6403, 0.7214] = 443.9086, sampling [1.0, -0.9750, 0.8651]. Recommendation = [0.0, 0.0085, 0.0189], Current Cost = 5019.00, Rho = 1.000
(iter 10) [0.0, -0.6403, 0.7214] = 443.9086, sampling [1.0, -0.0023, 0.4932]. Recommendation = [0.0, 0.0085, 0.0189], Current Cost = 5020.00, Rho = 1.000
(iter 10) [0.0, -0.6403, 0.7214] = 443.9086, sampling [1.0, -1.4059, 1.0510]. Recommendation = [0.0, 0.0085, 0.0189], Current Cost = 5021.00, Rho = 1.000
(iter 10) [0.0, -0.6403, 0.7214] = 443.9086, sampling [1.0, 0.1506, -0.4620]. Recommendation = [0.0, 0.0085, 0.0189], Current Cost = 5022.00, Rho = 1.000
(iter 10) [0.0, -0.6403, 0.7214] = 443.9086, sampling [1.0, -0.3761, -0.3662]. Recommendation = [0.0, 0.0085, 0.0189], Current Cost = 5023.00, Rho = 1.000
(iter 10) [0.0, -0.6403, 0.7214] = 443.9086, sampling [1.0, -0.2695, -0.1532]. Recommendation = [0.0, 0.0085, 0.0189], Current Cost = 5024.00, Rho = 1.000
(iter 10) [0.0, -0.6403, 0.7214] = 443.9086, sampling [1.0, -0.6671, 1.5494]. Recommendation = [0.0, 0.0085, 0.0189], Current Cost = 5025.00, Rho = 1.000
(iter 10) [0.0, -0.6403, 0.7214] = 443.9086, sampling [1.0, -0.7507, -0.0894]. Recommendation = [0.0, 0.0085, 0.0189], Current Cost = 5026.00, Rho = 1.000
(iter 10) [0.0, -0.6403, 0.7214] = 443.9086, sampling [1.0, 0.1662, 0.6603]. Recommendation = [0.0, 0.0085, 0.0189], Current Cost = 5027.00, Rho = 1.000
(iter 10) [0.0, -0.6403, 0.7214] = 443.9086, sampling [1.0, -0.5501, -0.3016]. Recommendation = [0.0, 0.0085, 0.0189], Current Cost = 5028.00, Rho = 1.000
(iter 10) [0.0, -0.6403, 0.7214] = 443.9086, sampling [1.0, -1.2991, 1.2248]. Recommendation = [0.0, 0.0085, 0.0189], Current Cost = 5029.00, Rho = 1.000
(iter 10) [0.0, -0.6403, 0.7214] = 443.9086, sampling [1.0, -0.5345, -0.5618]. Recommendation = [0.0, 0.0085, 0.0189], Current Cost = 5030.00, Rho = 1.000
(iter 10) [0.0, -0.6403, 0.7214] = 443.9086, sampling [1.0, -0.0256, 0.8170]. Recommendation = [0.0, 0.0085, 0.0189], Current Cost = 5031.00, Rho = 1.000
(iter 10) [0.0, -0.6403, 0.7214] = 443.9086, sampling [1.0, -1.1849, 1.6125]. Recommendation = [0.0, 0.0085, 0.0189], Current Cost = 5032.00, Rho = 1.000
(iter 10) [0.0, -0.6403, 0.7214] = 443.9086, sampling [1.0, -1.4757, 1.7768]. Recommendation = [0.0, 0.0085, 0.0189], Current Cost = 5033.00, Rho = 1.000
(iter 10) [0.0, -0.6403, 0.7214] = 443.9086, sampling [1.0, -1.3893, 1.8240]. Recommendation = [0.0, 0.0085, 0.0189], Current Cost = 5034.00, Rho = 1.000
(iter 10) [0.0, -0.6403, 0.7214] = 443.9086, sampling [1.0, -1.8858, 1.7581]. Recommendation = [0.0, 0.0085, 0.0189], Current Cost = 5035.00, Rho = 1.000
(iter 10) [0.0, -0.6403, 0.7214] = 443.9086, sampling [1.0, -0.9281, 0.0680]. Recommendation = [0.0, 0.0085, 0.0189], Current Cost = 5036.00, Rho = 1.000
(iter 10) [0.0, -0.6403, 0.7214] = 443.9086, sampling [1.0, 0.5567, 0.5187]. Recommendation = [0.0, 0.0085, 0.0189], Current Cost = 5037.00, Rho = 1.000
(iter 10) [0.0, -0.6403, 0.7214] = 443.9086, sampling [1.0, 0.6155, 0.6435]. Recommendation = [0.0, 0.0085, 0.0189], Current Cost = 5038.00, Rho = 1.000
(iter 10) [0.0, -0.6403, 0.7214] = 443.9086, sampling [1.0, 0.4660, 0.9262]. Recommendation = [0.0, 0.0085, 0.0189], Current Cost = 5039.00, Rho = 1.000
(iter 10) [0.0, -0.6403, 0.7214] = 443.9086, sampling [1.0, 0.2758, 0.6860]. Recommendation = [0.0, 0.0085, 0.0189], Current Cost = 5040.00, Rho = 1.000
(iter 10) [0.0, -0.6403, 0.7214] = 443.9086, sampling [1.0, 0.6420, 0.7648]. Recommendation = [0.0, 0.0085, 0.0189], Current Cost = 5041.00, Rho = 1.000
(iter 10) [0.0, -0.6403, 0.7214] = 443.9086, sampling [1.0, 0.7731, 0.1195]. Recommendation = [0.0, 0.0085, 0.0189], Current Cost = 5042.00, Rho = 1.000
(iter 10) [0.0, -0.6403, 0.7214] = 443.9086, sampling [1.0, 0.9024, 0.6312]. Recommendation = [0.0, 0.0085, 0.0189], Current Cost = 5043.00, Rho = 1.000
(iter 10) [0.0, -0.6403, 0.7214] = 443.9086, sampling [1.0, 0.8708, 0.3253]. Recommendation = [0.0, 0.0085, 0.0189], Current Cost = 5044.00, Rho = 1.000
(iter 10) [0.0, -0.6403, 0.7214] = 443.9086, sampling [1.0, 0.9850, 0.7791]. Recommendation = [0.0, 0.0085, 0.0189], Current Cost = 5045.00, Rho = 1.000
(iter 10) [0.0, -0.6403, 0.7214] = 443.9086, sampling [1.0, 0.6731, 1.2977]. Recommendation = [0.0, 0.0085, 0.0189], Current Cost = 5046.00, Rho = 1.000
(iter 10) [0.0, -0.6403, 0.7214] = 443.9086, sampling [1.0, 1.1829, 0.8831]. Recommendation = [0.0, 0.0085, 0.0189], Current Cost = 5047.00, Rho = 1.000
(iter 10) [0.0, -0.6403, 0.7214] = 443.9086, sampling [1.0, 0.9952, 1.2779]. Recommendation = [0.0, 0.0085, 0.0189], Current Cost = 5048.00, Rho = 1.000
(iter 10) [0.0, -0.6403, 0.7214] = 443.9086, sampling [1.0, 1.2245, 1.2045]. Recommendation = [0.0, 0.0085, 0.0189], Current Cost = 5049.00, Rho = 1.000
(iter 10) [0.0, -0.6403, 0.7214] = 443.9086, sampling [1.0, 1.0514, 1.5298]. Recommendation = [0.0, 0.0085, 0.0189], Current Cost = 5050.00, Rho = 1.000
(iter 10) [0.0, -0.6403, 0.7214] = 443.9086, sampling [1.0, 1.4180, 1.5146]. Recommendation = [0.0, 0.0085, 0.0189], Current Cost = 5051.00, Rho = 1.000
(iter 10) [0.0, -0.6403, 0.7214] = 443.9086, sampling [1.0, 1.3989, 1.1552]. Recommendation = [0.0, 0.0085, 0.0189], Current Cost = 5052.00, Rho = 1.000
(iter 10) [0.0, -0.6403, 0.7214] = 443.9086, sampling [1.0, 1.0991, 1.6937]. Recommendation = [0.0, 0.0085, 0.0189], Current Cost = 5053.00, Rho = 1.000
(iter 10) [0.0, -0.6403, 0.7214] = 443.9086, sampling [1.0, 0.7192, 1.7149]. Recommendation = [0.0, 0.0085, 0.0189], Current Cost = 5054.00, Rho = 1.000
(iter 10) [0.0, -0.6403, 0.7214] = 443.9086, sampling [1.0, 1.3852, 1.6283]. Recommendation = [0.0, 0.0085, 0.0189], Current Cost = 5055.00, Rho = 1.000
(iter 10) [0.0, -0.6403, 0.7214] = 443.9086, sampling [1.0, 1.4880, 1.7324]. Recommendation = [0.0, 0.0085, 0.0189], Current Cost = 5056.00, Rho = 1.000
(iter 10) [0.0, -0.6403, 0.7214] = 443.9086, sampling [1.0, -0.4150, 1.1390]. Recommendation = [0.0, 0.0085, 0.0189], Current Cost = 5057.00, Rho = 1.000
(iter 10) [0.0, -0.6403, 0.7214] = 443.9086, sampling [1.0, 1.5829, 1.4556]. Recommendation = [0.0, 0.0085, 0.0189], Current Cost = 5058.00, Rho = 1.000
(iter 10) [0.0, -0.6403, 0.7214] = 443.9086, sampling [1.0, -0.7624, 1.9107]. Recommendation = [0.0, 0.0085, 0.0189], Current Cost = 5059.00, Rho = 1.000
(iter 10) [0.0, -0.6403, 0.7214] = 443.9086, sampling [1.0, -1.0802, 0.5458]. Recommendation = [0.0, 0.0085, 0.0189], Current Cost = 5060.00, Rho = 1.000
(iter 10) [0.0, -0.6403, 0.7214] = 443.9086, sampling [1.0, 1.0163, 0.2787]. Recommendation = [0.0, 0.0085, 0.0189], Current Cost = 5061.00, Rho = 1.000
(iter 10) [0.0, -0.6403, 0.7214] = 443.9086, sampling [1.0, 1.5331, 1.8617]. Recommendation = [0.0, 0.0085, 0.0189], Current Cost = 5062.00, Rho = 1.000
(iter 10) [0.0, -0.6403, 0.7214] = 443.9086, sampling [1.0, 1.0317, 1.9708]. Recommendation = [0.0, 0.0085, 0.0189], Current Cost = 5063.00, Rho = 1.000
(iter 10) [0.0, -0.6403, 0.7214] = 443.9086, sampling [1.0, 0.2238, 1.0025]. Recommendation = [0.0, 0.0085, 0.0189], Current Cost = 5064.00, Rho = 1.000
(iter 10) [0.0, -0.6403, 0.7214] = 443.9086, sampling [1.0, 0.3797, -0.5062]. Recommendation = [0.0, 0.0085, 0.0189], Current Cost = 5065.00, Rho = 1.000
(iter 10) [0.0, -0.6403, 0.7214] = 443.9086, sampling [1.0, -0.8084, -0.2858]. Recommendation = [0.0, 0.0085, 0.0189], Current Cost = 5066.00, Rho = 1.000
(iter 10) [0.0, -0.6403, 0.7214] = 443.9086, sampling [1.0, 1.3464, 0.8555]. Recommendation = [0.0, 0.0085, 0.0189], Current Cost = 5067.00, Rho = 1.000
(iter 10) [0.0, -0.6403, 0.7214] = 443.9086, sampling [1.0, -0.7818, 0.0359]. Recommendation = [0.0, 0.0085, 0.0189], Current Cost = 5068.00, Rho = 1.000
(iter 10) [0.0, -0.6403, 0.7214] = 443.9086, sampling [1.0, 0.7221, -0.1727]. Recommendation = [0.0, 0.0085, 0.0189], Current Cost = 5069.00, Rho = 1.000
(iter 10) [0.0, -0.6403, 0.7214] = 443.9086, sampling [1.0, -1.3626, 0.7066]. Recommendation = [0.0, 0.0085, 0.0189], Current Cost = 5070.00, Rho = 1.000
(iter 10) [0.0, -0.6403, 0.7214] = 443.9086, sampling [1.0, 0.5114, 1.0771]. Recommendation = [0.0, 0.0085, 0.0189], Current Cost = 5071.00, Rho = 1.000
(iter 10) [0.0, -0.6403, 0.7214] = 443.9086, sampling [1.0, -0.4193, -0.4390]. Recommendation = [0.0, 0.0085, 0.0189], Current Cost = 5072.00, Rho = 1.000
(iter 10) [0.0, -0.6403, 0.7214] = 443.9086, sampling [1.0, 0.9464, 1.6351]. Recommendation = [0.0, 0.0085, 0.0189], Current Cost = 5073.00, Rho = 1.000
(iter 10) [0.0, -0.6403, 0.7214] = 443.9086, sampling [1.0, -0.1633, -0.9568]. Recommendation = [0.0, 0.0085, 0.0189], Current Cost = 5074.00, Rho = 1.000
(iter 10) [0.0, -0.6403, 0.7214] = 443.9086, sampling [1.0, 0.2361, -0.7734]. Recommendation = [0.0, 0.0085, 0.0189], Current Cost = 5075.00, Rho = 1.000
(iter 10) [0.0, -0.6403, 0.7214] = 443.9086, sampling [1.0, 1.2035, 0.3992]. Recommendation = [0.0, 0.0085, 0.0189], Current Cost = 5076.00, Rho = 1.000
(iter 10) [0.0, -0.6403, 0.7214] = 443.9086, sampling [1.0, 0.1387, 1.5608]. Recommendation = [0.0, 0.0085, 0.0189], Current Cost = 5077.00, Rho = 1.000
(iter 10) [0.0, -0.6403, 0.7214] = 443.9086, sampling [1.0, -0.4914, -0.8925]. Recommendation = [0.0, 0.0085, 0.0189], Current Cost = 5078.00, Rho = 1.000
(iter 10) [0.0, -0.6403, 0.7214] = 443.9086, sampling [1.0, 1.6976, 1.6522]. Recommendation = [0.0, 0.0085, 0.0189], Current Cost = 5079.00, Rho = 1.000
(iter 10) [0.0, -0.6403, 0.7214] = 443.9086, sampling [1.0, -1.3197, -0.1082]. Recommendation = [0.0, 0.0085, 0.0189], Current Cost = 5080.00, Rho = 1.000
(iter 10) [0.0, -0.6403, 0.7214] = 443.9086, sampling [1.0, -0.6345, -0.3996]. Recommendation = [0.0, 0.0085, 0.0189], Current Cost = 5081.00, Rho = 1.000
(iter 10) [0.0, -0.6403, 0.7214] = 443.9086, sampling [1.0, -0.0609, 0.9588]. Recommendation = [0.0, 0.0085, 0.0189], Current Cost = 5082.00, Rho = 1.000
(iter 10) [0.0, -0.6403, 0.7214] = 443.9086, sampling [1.0, -0.7910, -0.0378]. Recommendation = [0.0, 0.0085, 0.0189], Current Cost = 5083.00, Rho = 1.000
(iter 10) [0.0, -0.6403, 0.7214] = 443.9086, sampling [1.0, 1.4919, 1.2402]. Recommendation = [0.0, 0.0085, 0.0189], Current Cost = 5084.00, Rho = 1.000
(iter 10) [0.0, -0.6403, 0.7214] = 443.9086, sampling [1.0, 0.5142, -0.5939]. Recommendation = [0.0, 0.0085, 0.0189], Current Cost = 5085.00, Rho = 1.000
(iter 10) [0.0, -0.6403, 0.7214] = 443.9086, sampling [1.0, 1.3737, 1.0945]. Recommendation = [0.0, 0.0085, 0.0189], Current Cost = 5086.00, Rho = 1.000
(iter 10) [0.0, -0.6403, 0.7214] = 443.9086, sampling [1.0, -0.4684, 1.3208]. Recommendation = [0.0, 0.0085, 0.0189], Current Cost = 5087.00, Rho = 1.000
(iter 10) [0.0, -0.6403, 0.7214] = 443.9086, sampling [1.0, 0.4025, 1.1873]. Recommendation = [0.0, 0.0085, 0.0189], Current Cost = 5088.00, Rho = 1.000
(iter 10) [0.0, -0.6403, 0.7214] = 443.9086, sampling [1.0, -1.6845, 1.2880]. Recommendation = [0.0, 0.0085, 0.0189], Current Cost = 5089.00, Rho = 1.000
(iter 10) [0.0, -0.6403, 0.7214] = 443.9086, sampling [1.0, -1.2230, 0.5327]. Recommendation = [0.0, 0.0085, 0.0189], Current Cost = 5090.00, Rho = 1.000
(iter 10) [0.0, -0.6403, 0.7214] = 443.9086, sampling [1.0, -0.7132, -0.3470]. Recommendation = [0.0, 0.0085, 0.0189], Current Cost = 5091.00, Rho = 1.000
(iter 10) [0.0, -0.6403, 0.7214] = 443.9086, sampling [1.0, -0.1027, 1.1177]. Recommendation = [0.0, 0.0085, 0.0189], Current Cost = 5092.00, Rho = 1.000
(iter 10) [0.0, -0.6403, 0.7214] = 443.9086, sampling [1.0, 1.6328, 0.8466]. Recommendation = [0.0, 0.0085, 0.0189], Current Cost = 5093.00, Rho = 1.000
(iter 10) [0.0, -0.6403, 0.7214] = 443.9086, sampling [1.0, 0.4314, 0.9329]. Recommendation = [0.0, 0.0085, 0.0189], Current Cost = 5094.00, Rho = 1.000
(iter 10) [0.0, -0.6403, 0.7214] = 443.9086, sampling [1.0, -0.9088, -0.0094]. Recommendation = [0.0, 0.0085, 0.0189], Current Cost = 5095.00, Rho = 1.000
(iter 10) [0.0, -0.6403, 0.7214] = 443.9086, sampling [1.0, -0.8434, -0.5325]. Recommendation = [0.0, 0.0085, 0.0189], Current Cost = 5096.00, Rho = 1.000
(iter 10) [0.0, -0.6403, 0.7214] = 443.9086, sampling [1.0, 0.0284, -1.1553]. Recommendation = [0.0, 0.0085, 0.0189], Current Cost = 5097.00, Rho = 1.000
(iter 10) [0.0, -0.6403, 0.7214] = 443.9086, sampling [1.0, 0.4578, 1.9472]. Recommendation = [0.0, 0.0085, 0.0189], Current Cost = 5098.00, Rho = 1.000
(iter 10) [0.0, -0.6403, 0.7214] = 443.9086, sampling [1.0, 0.9419, -0.2048]. Recommendation = [0.0, 0.0085, 0.0189], Current Cost = 5099.00, Rho = 1.000
(iter 10) [0.0, -0.6403, 0.7214] = 443.9086, sampling [1.0, 0.7985, -0.4073]. Recommendation = [0.0, 0.0085, 0.0189], Current Cost = 5100.00, Rho = 1.000
(iter 10) [0.0, -0.6403, 0.7214] = 443.9086, sampling [1.0, -0.3298, -1.0638]. Recommendation = [0.0, 0.0085, 0.0189], Current Cost = 5101.00, Rho = 1.000
(iter 10) [0.0, -0.6403, 0.7214] = 443.9086, sampling [1.0, -1.1167, 0.1734]. Recommendation = [0.0, 0.0085, 0.0189], Current Cost = 5102.00, Rho = 1.000
(iter 10) [0.0, -0.6403, 0.7214] = 443.9086, sampling [1.0, 0.1183, 1.1269]. Recommendation = [0.0, 0.0085, 0.0189], Current Cost = 5103.00, Rho = 1.000
(iter 10) [0.0, -0.6403, 0.7214] = 443.9086, sampling [1.0, 0.3393, -1.1261]. Recommendation = [0.0, 0.0085, 0.0189], Current Cost = 5104.00, Rho = 1.000
(iter 10) [0.0, -0.6403, 0.7214] = 443.9086, sampling [1.0, -0.8638, -1.1153]. Recommendation = [0.0, 0.0085, 0.0189], Current Cost = 5105.00, Rho = 1.000
(iter 10) [0.0, -0.6403, 0.7214] = 443.9086, sampling [1.0, 1.1931, 0.2715]. Recommendation = [0.0, 0.0085, 0.0189], Current Cost = 5106.00, Rho = 1.000
(iter 10) [0.0, -0.6403, 0.7214] = 443.9086, sampling [1.0, -0.2026, 1.3665]. Recommendation = [0.0, 0.0085, 0.0189], Current Cost = 5107.00, Rho = 1.000
(iter 10) [0.0, -0.6403, 0.7214] = 443.9086, sampling [1.0, -0.3588, 1.8974]. Recommendation = [0.0, 0.0085, 0.0189], Current Cost = 5108.00, Rho = 1.000
(iter 10) [0.0, -0.6403, 0.7214] = 443.9086, sampling [1.0, 0.5341, 1.5767]. Recommendation = [0.0, 0.0085, 0.0189], Current Cost = 5109.00, Rho = 1.000
(iter 10) [0.0, -0.6403, 0.7214] = 443.9086, sampling [1.0, -1.4669, 0.4574]. Recommendation = [0.0, 0.0085, 0.0189], Current Cost = 5110.00, Rho = 1.000
(iter 10) [0.0, -0.6403, 0.7214] = 443.9086, sampling [1.0, 1.9102, 1.4344]. Recommendation = [0.0, 0.0085, 0.0189], Current Cost = 5111.00, Rho = 1.000
(iter 10) [0.0, -0.6403, 0.7214] = 443.9086, sampling [1.0, 0.7489, -0.7099]. Recommendation = [0.0, 0.0085, 0.0189], Current Cost = 5112.00, Rho = 1.000
(iter 10) [0.0, -0.6403, 0.7214] = 443.9086, sampling [1.0, 0.2893, -1.3684]. Recommendation = [0.0, 0.0085, 0.0189], Current Cost = 5113.00, Rho = 1.000
(iter 10) [0.0, -0.6403, 0.7214] = 443.9086, sampling [1.0, -0.4638, 1.4704]. Recommendation = [0.0, 0.0085, 0.0189], Current Cost = 5114.00, Rho = 1.000
(iter 10) [0.0, -0.6403, 0.7214] = 443.9086, sampling [1.0, 0.6652, -0.9252]. Recommendation = [0.0, 0.0085, 0.0189], Current Cost = 5115.00, Rho = 1.000
(iter 10) [0.0, -0.6403, 0.7214] = 443.9086, sampling [1.0, 0.3960, 1.2495]. Recommendation = [0.0, 0.0085, 0.0189], Current Cost = 5116.00, Rho = 1.000
(iter 10) [0.0, -0.6403, 0.7214] = 443.9086, sampling [1.0, 1.2888, 0.0538]. Recommendation = [0.0, 0.0085, 0.0189], Current Cost = 5117.00, Rho = 1.000
(iter 10) [0.0, -0.6403, 0.7214] = 443.9086, sampling [1.0, -0.3067, -1.9719]. Recommendation = [0.0, 0.0085, 0.0189], Current Cost = 5118.00, Rho = 1.000
(iter 10) [0.0, -0.6403, 0.7214] = 443.9086, sampling [1.0, -1.0553, -0.2392]. Recommendation = [0.0, 0.0085, 0.0189], Current Cost = 5119.00, Rho = 1.000
(iter 10) [0.0, -0.6403, 0.7214] = 443.9086, sampling [1.0, -1.9032, -1.7330]. Recommendation = [0.0, 0.0085, 0.0189], Current Cost = 5120.00, Rho = 1.000
(iter 10) [0.0, -0.6403, 0.7214] = 443.9086, sampling [1.0, -0.6059, 1.6964]. Recommendation = [0.0, 0.0085, 0.0189], Current Cost = 5121.00, Rho = 1.000
(iter 10) [0.0, -0.6403, 0.7214] = 443.9086, sampling [1.0, -0.0430, -1.1910]. Recommendation = [0.0, 0.0085, 0.0189], Current Cost = 5122.00, Rho = 1.000
(iter 10) [0.0, -0.6403, 0.7214] = 443.9086, sampling [1.0, 0.2060, -1.2271]. Recommendation = [0.0, 0.0085, 0.0189], Current Cost = 5123.00, Rho = 1.000
(iter 10) [0.0, -0.6403, 0.7214] = 443.9086, sampling [1.0, -0.5856, -1.0368]. Recommendation = [0.0, 0.0085, 0.0189], Current Cost = 5124.00, Rho = 1.000
(iter 10) [0.0, -0.6403, 0.7214] = 443.9086, sampling [1.0, 0.3212, -1.7786]. Recommendation = [0.0, 0.0085, 0.0189], Current Cost = 5125.00, Rho = 1.000
(iter 10) [0.0, -0.6403, 0.7214] = 443.9086, sampling [1.0, 0.8339, -0.6100]. Recommendation = [0.0, 0.0085, 0.0189], Current Cost = 5126.00, Rho = 1.000
(iter 10) [0.0, -0.6403, 0.7214] = 443.9086, sampling [1.0, 1.5554, 0.3722]. Recommendation = [0.0, 0.0085, 0.0189], Current Cost = 5127.00, Rho = 1.000
(iter 10) [0.0, -0.6403, 0.7214] = 443.9086, sampling [1.0, 1.5165, 0.9833]. Recommendation = [0.0, 0.0085, 0.0189], Current Cost = 5128.00, Rho = 1.000
(iter 10) [0.0, -0.6403, 0.7214] = 443.9086, sampling [1.0, -1.7217, 0.9713]. Recommendation = [0.0, 0.0085, 0.0189], Current Cost = 5129.00, Rho = 1.000
(iter 10) [0.0, -0.6403, 0.7214] = 443.9086, sampling [1.0, 0.6965, -1.3075]. Recommendation = [0.0, 0.0085, 0.0189], Current Cost = 5130.00, Rho = 1.000
(iter 10) [0.0, -0.6403, 0.7214] = 443.9086, sampling [0.0, 0.9850, 0.7791]. Recommendation = [0.0, 0.0085, 0.0189], Current Cost = 5131.00, Rho = 1.000
(iter 136) [0.0, 0.9850, 0.7791] = 452.6473, sampling [0.0, 0.0085, 0.0189]. Recommendation = [0.0, 0.0085, 0.0189], Current Cost = 6131.00, Rho = 1.000
(iter 137) [0.0, 0.0085, 0.0189] = 455.2817, sampling [1.0, -0.3436, 1.4891]. Recommendation = [0.0, 0.0085, 0.0189], Current Cost = 7131.00, Rho = 1.000
(iter 137) [0.0, 0.0085, 0.0189] = 455.2817, sampling [0.0, -0.2100, 0.0829]. Recommendation = [0.0, 0.0085, 0.0189], Current Cost = 7132.00, Rho = 1.000
(iter 137) [0.0, 0.0085, 0.0189] = 455.2817, sampling [0.0, 0.2521, 0.2027]. Recommendation = [0.0, 0.0085, 0.0189], Current Cost = 8132.00, Rho = 1.000
(iter 137) [0.0, 0.0085, 0.0189] = 455.2817, sampling [0.0, 1.3852, 1.6283]. Recommendation = [0.0, 0.0085, 0.0189], Current Cost = 9132.00, Rho = 1.000
(iter 137) [0.0, 0.0085, 0.0189] = 455.2817, sampling [0.0, -1.3893, 1.8240]. Recommendation = [0.0, 0.0085, 0.0189], Current Cost = 10132.00, Rho = 1.000
(iter 137) [0.0, 0.0085, 0.0189] = 455.2817, sampling [0.0, 0.5567, 0.5187]. Recommendation = [0.0, 0.0085, 0.0189], Current Cost = 11132.00, Rho = 1.000
(iter 137) [0.0, 0.0085, 0.0189] = 455.2817, sampling [0.0, 0.0836, -0.0600]. Recommendation = [0.0, 0.0085, 0.0189], Current Cost = 12132.00, Rho = 1.000
(iter 137) [0.0, 0.0085, 0.0189] = 455.2817, sampling [1.0, -0.5670, -0.9283]. Recommendation = [0.0, 0.0085, 0.0189], Current Cost = 13132.00, Rho = 1.000
(iter 137) [0.0, 0.0085, 0.0189] = 455.2817, sampling [0.0, -0.9750, 0.8651]. Recommendation = [0.0, 0.0085, 0.0189], Current Cost = 13133.00, Rho = 1.000
(iter 137) [0.0, 0.0085, 0.0189] = 455.2817, sampling [1.0, 0.0765, 1.9268]. Recommendation = [0.0, 0.0085, 0.0189], Current Cost = 14133.00, Rho = 1.000
(iter 137) [0.0, 0.0085, 0.0189] = 455.2817, sampling [0.0, 0.9024, 0.6312]. Recommendation = [0.0, 0.0085, 0.0189], Current Cost = 14134.00, Rho = 1.000
(iter 137) [0.0, 0.0085, 0.0189] = 455.2817, sampling [0.0, 0.9952, 1.2779]. Recommendation = [0.0, 0.0085, 0.0189], Current Cost = 15134.00, Rho = 1.000
(iter 137) [0.0, 0.0085, 0.0189] = 455.2817, sampling [1.0, -1.9931, 1.9868]. Recommendation = [0.0, 0.0085, 0.0189], Current Cost = 16134.00, Rho = 1.000
(iter 137) [0.0, 0.0085, 0.0189] = 455.2817, sampling [0.0, -0.1449, 0.1796]. Recommendation = [0.0, 0.0085, 0.0189], Current Cost = 16135.00, Rho = 1.000
(iter 137) [0.0, 0.0085, 0.0189] = 455.2817, sampling [0.0, -0.2695, -0.1532]. Recommendation = [0.0, 0.0085, 0.0189], Current Cost = 17135.00, Rho = 1.000
(iter 137) [0.0, 0.0085, 0.0189] = 455.2817, sampling [1.0, -0.5231, -1.1501]. Recommendation = [0.0, 0.0085, 0.0189], Current Cost = 18135.00, Rho = 1.000
(iter 137) [0.0, 0.0085, 0.0189] = 455.2817, sampling [1.0, 1.0691, -0.4294]. Recommendation = [0.0, 0.0085, 0.0189], Current Cost = 18136.00, Rho = 1.000
(iter 137) [0.0, 0.0085, 0.0189] = 455.2817, sampling [0.0, 1.2245, 1.2045]. Recommendation = [0.0, 0.0085, 0.0189], Current Cost = 18137.00, Rho = 1.000
(iter 137) [0.0, 0.0085, 0.0189] = 455.2817, sampling [0.0, -1.1849, 1.6125]. Recommendation = [0.0, 0.0085, 0.0189], Current Cost = 19137.00, Rho = 1.000
(iter 137) [0.0, 0.0085, 0.0189] = 455.2817, sampling [1.0, 0.1014, -1.6528]. Recommendation = [0.0, 0.0085, 0.0189], Current Cost = 20137.00, Rho = 1.000
(iter 137) [0.0, 0.0085, 0.0189] = 455.2817, sampling [0.0, 0.6155, 0.6435]. Recommendation = [0.0, 0.0085, 0.0189], Current Cost = 20138.00, Rho = 1.000
(iter 137) [0.0, 0.0085, 0.0189] = 455.2817, sampling [1.0, 0.3092, 1.6790]. Recommendation = [0.0, 0.0085, 0.0189], Current Cost = 21138.00, Rho = 1.000
(iter 137) [0.0, 0.0085, 0.0189] = 455.2817, sampling [1.0, 1.7458, -1.9099]. Recommendation = [0.0, 0.0085, 0.0189], Current Cost = 21139.00, Rho = 1.000
(iter 137) [0.0, 0.0085, 0.0189] = 455.2817, sampling [0.0, -1.1305, 1.0348]. Recommendation = [0.0, 0.0085, 0.0189], Current Cost = 21140.00, Rho = 1.000
(iter 137) [0.0, 0.0085, 0.0189] = 455.2817, sampling [0.0, -0.1332, 0.3109]. Recommendation = [0.0, 0.0085, 0.0189], Current Cost = 22140.00, Rho = 1.000
(iter 137) [0.0, 0.0085, 0.0189] = 455.2817, sampling [1.0, 1.6887, 1.1759]. Recommendation = [0.0, 0.0085, 0.0189], Current Cost = 23140.00, Rho = 1.000
(iter 137) [0.0, 0.0085, 0.0189] = 455.2817, sampling [0.0, -0.7245, 0.1324]. Recommendation = [0.0, 0.0085, 0.0189], Current Cost = 23141.00, Rho = 1.000
(iter 137) [0.0, 0.0085, 0.0189] = 455.2817, sampling [0.0, -0.2248, -0.1906]. Recommendation = [0.0, 0.0085, 0.0189], Current Cost = 24141.00, Rho = 1.000
(iter 137) [0.0, 0.0085, 0.0189] = 455.2817, sampling [0.0, -1.0156, 0.7477]. Recommendation = [0.0, 0.0085, 0.0189], Current Cost = 25141.00, Rho = 1.000
(iter 137) [0.0, 0.0085, 0.0189] = 455.2817, sampling [0.0, 0.6420, 0.7648]. Recommendation = [0.0, 0.0085, 0.0189], Current Cost = 26141.00, Rho = 1.000
(iter 137) [0.0, 0.0085, 0.0189] = 455.2817, sampling [1.0, 0.8638, -0.7872]. Recommendation = [0.0, 0.0085, 0.0189], Current Cost = 27141.00, Rho = 1.000
(iter 137) [0.0, 0.0085, 0.0189] = 455.2817, sampling [0.0, 0.8708, 0.3253]. Recommendation = [0.0, 0.0085, 0.0189], Current Cost = 27142.00, Rho = 1.000
(iter 137) [0.0, 0.0085, 0.0189] = 455.2817, sampling [0.0, 1.0514, 1.5298]. Recommendation = [0.0, 0.0085, 0.0189], Current Cost = 28142.00, Rho = 1.000
(iter 137) [0.0, 0.0085, 0.0189] = 455.2817, sampling [0.0, -0.5057, -0.1312]. Recommendation = [0.0, 0.0085, 0.0189], Current Cost = 29142.00, Rho = 1.000
(iter 137) [0.0, 0.0085, 0.0189] = 455.2817, sampling [1.0, 0.4366, -1.4540]. Recommendation = [0.0, 0.0085, 0.0189], Current Cost = 30142.00, Rho = 1.000
(iter 137) [0.0, 0.0085, 0.0189] = 455.2817, sampling [1.0, -1.4402, 0.2294]. Recommendation = [0.0, 0.0085, 0.0189], Current Cost = 30143.00, Rho = 1.000
(iter 137) [0.0, 0.0085, 0.0189] = 455.2817, sampling [0.0, 1.5331, 1.8617]. Recommendation = [0.0, 0.0085, 0.0189], Current Cost = 30144.00, Rho = 1.000
(iter 137) [0.0, 0.0085, 0.0189] = 455.2817, sampling [1.0, -1.9551, 1.3845]. Recommendation = [0.0, 0.0085, 0.0189], Current Cost = 31144.00, Rho = 1.000
(iter 137) [0.0, 0.0085, 0.0189] = 455.2817, sampling [1.0, 1.2674, -0.0725]. Recommendation = [0.0, 0.0085, 0.0189], Current Cost = 31145.00, Rho = 1.000
(iter 137) [0.0, 0.0085, 0.0189] = 455.2817, sampling [1.0, -0.1209, -1.7587]. Recommendation = [0.0, 0.0085, 0.0189], Current Cost = 31146.00, Rho = 1.000
(iter 137) [0.0, 0.0085, 0.0189] = 455.2817, sampling [0.0, 0.1506, -0.4620]. Recommendation = [0.0, 0.0085, 0.0189], Current Cost = 31147.00, Rho = 1.000
(iter 137) [0.0, 0.0085, 0.0189] = 455.2817, sampling [1.0, -1.1019, -0.5549]. Recommendation = [0.0, 0.0085, 0.0189], Current Cost = 32147.00, Rho = 1.000
(iter 137) [0.0, 0.0085, 0.0189] = 455.2817, sampling [1.0, -0.2433, 1.7944]. Recommendation = [0.0, 0.0085, 0.0189], Current Cost = 32148.00, Rho = 1.000
(iter 137) [0.0, 0.0085, 0.0189] = 455.2817, sampling [1.0, -0.6218, -1.2905]. Recommendation = [0.0, 0.0085, 0.0189], Current Cost = 32149.00, Rho = 1.000
(iter 137) [0.0, 0.0085, 0.0189] = 455.2817, sampling [0.0, 0.7731, 0.1195]. Recommendation = [0.0, 0.0085, 0.0189], Current Cost = 32150.00, Rho = 1.000
(iter 137) [0.0, 0.0085, 0.0189] = 455.2817, sampling [0.0, -0.0023, 0.4932]. Recommendation = [0.0, 0.0085, 0.0189], Current Cost = 33150.00, Rho = 1.000
(iter 137) [0.0, 0.0085, 0.0189] = 455.2817, sampling [0.0, 1.0991, 1.6937]. Recommendation = [0.0, 0.0085, 0.0189], Current Cost = 34150.00, Rho = 1.000
(iter 137) [0.0, 0.0085, 0.0189] = 455.2817, sampling [1.0, -1.5167, 0.5677]. Recommendation = [0.0, 0.0085, 0.0189], Current Cost = 35150.00, Rho = 1.000
(iter 137) [0.0, 0.0085, 0.0189] = 455.2817, sampling [0.0, 1.1829, 0.8831]. Recommendation = [0.0, 0.0085, 0.0189], Current Cost = 35151.00, Rho = 1.000
(iter 137) [0.0, 0.0085, 0.0189] = 455.2817, sampling [1.0, 0.0387, 1.7669]. Recommendation = [0.0, 0.0085, 0.0189], Current Cost = 36151.00, Rho = 1.000
(iter 137) [0.0, 0.0085, 0.0189] = 455.2817, sampling [0.0, -0.3761, -0.3662]. Recommendation = [0.0, 0.0085, 0.0189], Current Cost = 36152.00, Rho = 1.000
(iter 137) [0.0, 0.0085, 0.0189] = 455.2817, sampling [0.0, -1.4757, 1.7768]. Recommendation = [0.0, 0.0085, 0.0189], Current Cost = 37152.00, Rho = 1.000
(iter 137) [0.0, 0.0085, 0.0189] = 455.2817, sampling [1.0, 1.0806, -0.6296]. Recommendation = [0.0, 0.0085, 0.0189], Current Cost = 38152.00, Rho = 1.000
(iter 137) [0.0, 0.0085, 0.0189] = 455.2817, sampling [1.0, 1.9569, 0.6903]. Recommendation = [0.0, 0.0085, 0.0189], Current Cost = 38153.00, Rho = 1.000
(iter 137) [0.0, 0.0085, 0.0189] = 455.2817, sampling [1.0, -0.6817, -1.1801]. Recommendation = [0.0, 0.0085, 0.0189], Current Cost = 38154.00, Rho = 1.000
(iter 137) [0.0, 0.0085, 0.0189] = 455.2817, sampling [1.0, 0.2657, 1.8157]. Recommendation = [0.0, 0.0085, 0.0189], Current Cost = 38155.00, Rho = 1.000
(iter 137) [0.0, 0.0085, 0.0189] = 455.2817, sampling [0.0, 1.4180, 1.5146]. Recommendation = [0.0, 0.0085, 0.0189], Current Cost = 38156.00, Rho = 1.000
(iter 137) [0.0, 0.0085, 0.0189] = 455.2817, sampling [1.0, -1.2844, -0.0199]. Recommendation = [0.0, 0.0085, 0.0189], Current Cost = 39156.00, Rho = 1.000
(iter 137) [0.0, 0.0085, 0.0189] = 455.2817, sampling [1.0, -0.0867, 1.9540]. Recommendation = [0.0, 0.0085, 0.0189], Current Cost = 39157.00, Rho = 1.000
(iter 137) [0.0, 0.0085, 0.0189] = 455.2817, sampling [0.0, -0.6907, 1.0635]. Recommendation = [0.0, 0.0085, 0.0189], Current Cost = 39158.00, Rho = 1.000
(iter 137) [0.0, 0.0085, 0.0189] = 455.2817, sampling [1.0, 0.8887, -0.8658]. Recommendation = [0.0, 0.0085, 0.0189], Current Cost = 40158.00, Rho = 1.000
(iter 137) [0.0, 0.0085, 0.0189] = 455.2817, sampling [0.0, -1.2991, 1.2248]. Recommendation = [0.0, 0.0085, 0.0189], Current Cost = 40159.00, Rho = 1.000
(iter 137) [0.0, 0.0085, 0.0189] = 455.2817, sampling [1.0, -1.8089, 0.5784]. Recommendation = [0.0, 0.0085, 0.0189], Current Cost = 41159.00, Rho = 1.000
(iter 137) [0.0, 0.0085, 0.0189] = 455.2817, sampling [0.0, 1.4880, 1.7324]. Recommendation = [0.0, 0.0085, 0.0189], Current Cost = 41160.00, Rho = 1.000
(iter 137) [0.0, 0.0085, 0.0189] = 455.2817, sampling [1.0, 1.4447, -0.2609]. Recommendation = [0.0, 0.0085, 0.0189], Current Cost = 42160.00, Rho = 1.000
(iter 137) [0.0, 0.0085, 0.0189] = 455.2817, sampling [1.0, 1.7710, 1.3358]. Recommendation = [0.0, 0.0085, 0.0189], Current Cost = 42161.00, Rho = 1.000
(iter 137) [0.0, 0.0085, 0.0189] = 455.2817, sampling [0.0, 0.2758, 0.6860]. Recommendation = [0.0, 0.0085, 0.0189], Current Cost = 42162.00, Rho = 1.000
(iter 137) [0.0, 0.0085, 0.0189] = 455.2817, sampling [1.0, -1.0641, -0.6518]. Recommendation = [0.0, 0.0085, 0.0189], Current Cost = 43162.00, Rho = 1.000
(iter 137) [0.0, 0.0085, 0.0189] = 455.2817, sampling [1.0, 0.4919, -1.5556]. Recommendation = [0.0, 0.0085, 0.0189], Current Cost = 43163.00, Rho = 1.000
(iter 137) [0.0, 0.0085, 0.0189] = 455.2817, sampling [1.0, 0.1805, 1.5919]. Recommendation = [0.0, 0.0085, 0.0189], Current Cost = 43164.00, Rho = 1.000
(iter 137) [0.0, 0.0085, 0.0189] = 455.2817, sampling [1.0, 1.7968, 1.4857]. Recommendation = [0.0, 0.0085, 0.0189], Current Cost = 43165.00, Rho = 1.000
(iter 137) [0.0, 0.0085, 0.0189] = 455.2817, sampling [1.0, -0.3964, -1.8301]. Recommendation = [0.0, 0.0085, 0.0189], Current Cost = 43166.00, Rho = 1.000
(iter 137) [0.0, 0.0085, 0.0189] = 455.2817, sampling [0.0, -1.0802, 0.5458]. Recommendation = [0.0, 0.0085, 0.0189], Current Cost = 43167.00, Rho = 1.000
(iter 137) [0.0, 0.0085, 0.0189] = 455.2817, sampling [1.0, 1.4606, 0.0158]. Recommendation = [0.0, 0.0085, 0.0189], Current Cost = 44167.00, Rho = 1.000
(iter 137) [0.0, 0.0085, 0.0189] = 455.2817, sampling [1.0, 0.3545, -1.9905]. Recommendation = [0.0, 0.0085, 0.0189], Current Cost = 44168.00, Rho = 1.000
(iter 137) [0.0, 0.0085, 0.0189] = 455.2817, sampling [1.0, -0.0661, -1.8039]. Recommendation = [0.0, 0.0085, 0.0189], Current Cost = 44169.00, Rho = 1.000
(iter 137) [0.0, 0.0085, 0.0189] = 455.2817, sampling [0.0, -0.7818, 0.0359]. Recommendation = [0.0, 0.0085, 0.0189], Current Cost = 44170.00, Rho = 1.000
(iter 137) [0.0, 0.0085, 0.0189] = 455.2817, sampling [0.0, 0.3797, -0.5062]. Recommendation = [0.0, 0.0085, 0.0189], Current Cost = 45170.00, Rho = 1.000
(iter 137) [0.0, 0.0085, 0.0189] = 455.2817, sampling [1.0, 0.6061, -1.6758]. Recommendation = [0.0, 0.0085, 0.0189], Current Cost = 46170.00, Rho = 1.000
(iter 137) [0.0, 0.0085, 0.0189] = 455.2817, sampling [1.0, -1.4368, -0.4700]. Recommendation = [0.0, 0.0085, 0.0189], Current Cost = 46171.00, Rho = 1.000
(iter 137) [0.0, 0.0085, 0.0189] = 455.2817, sampling [1.0, -1.9175, 1.8490]. Recommendation = [0.0, 0.0085, 0.0189], Current Cost = 46172.00, Rho = 1.000
(iter 137) [0.0, 0.0085, 0.0189] = 455.2817, sampling [0.0, -0.5501, -0.3016]. Recommendation = [0.0, 0.0085, 0.0189], Current Cost = 46173.00, Rho = 1.000
(iter 137) [0.0, 0.0085, 0.0189] = 455.2817, sampling [0.0, -0.3036, 0.7979]. Recommendation = [0.0, 0.0085, 0.0189], Current Cost = 47173.00, Rho = 1.000
(iter 137) [0.0, 0.0085, 0.0189] = 455.2817, sampling [1.0, -1.0362, -1.0223]. Recommendation = [0.0, 0.0085, 0.0189], Current Cost = 48173.00, Rho = 1.000
(iter 137) [0.0, 0.0085, 0.0189] = 455.2817, sampling [1.0, -1.6287, 0.1099]. Recommendation = [0.0, 0.0085, 0.0189], Current Cost = 48174.00, Rho = 1.000
(iter 137) [0.0, 0.0085, 0.0189] = 455.2817, sampling [1.0, 0.7658, -1.4080]. Recommendation = [0.0, 0.0085, 0.0189], Current Cost = 48175.00, Rho = 1.000
(iter 137) [0.0, 0.0085, 0.0189] = 455.2817, sampling [1.0, 1.6551, 0.5942]. Recommendation = [0.0, 0.0085, 0.0189], Current Cost = 48176.00, Rho = 1.000
(iter 137) [0.0, 0.0085, 0.0189] = 455.2817, sampling [0.0, 0.4660, 0.9262]. Recommendation = [0.0, 0.0085, 0.0189], Current Cost = 48177.00, Rho = 1.000
(iter 137) [0.0, 0.0085, 0.0189] = 455.2817, sampling [1.0, 1.5454, 0.2161]. Recommendation = [0.0, 0.0085, 0.0189], Current Cost = 49177.00, Rho = 1.000
(iter 137) [0.0, 0.0085, 0.0189] = 455.2817, sampling [1.0, -0.8677, -1.2386]. Recommendation = [0.0, 0.0085, 0.0189], Current Cost = 49178.00, Rho = 1.000
(iter 137) [0.0, 0.0085, 0.0189] = 455.2817, sampling [0.0, 0.7221, -0.1727]. Recommendation = [0.0, 0.0085, 0.0189], Current Cost = 49179.00, Rho = 1.000
(iter 137) [0.0, 0.0085, 0.0189] = 455.2817, sampling [1.0, -1.1676, -0.6972]. Recommendation = [0.0, 0.0085, 0.0189], Current Cost = 50179.00, Rho = 1.000
(iter 137) [0.0, 0.0085, 0.0189] = 455.2817, sampling [1.0, -0.8218, -1.7027]. Recommendation = [0.0, 0.0085, 0.0189], Current Cost = 50180.00, Rho = 1.000
(iter 137) [0.0, 0.0085, 0.0189] = 455.2817, sampling [1.0, -1.7325, 0.8142]. Recommendation = [0.0, 0.0085, 0.0189], Current Cost = 50181.00, Rho = 1.000
(iter 137) [0.0, 0.0085, 0.0189] = 455.2817, sampling [1.0, 1.3240, -0.1148]. Recommendation = [0.0, 0.0085, 0.0189], Current Cost = 50182.00, Rho = 1.000
(iter 137) [0.0, 0.0085, 0.0189] = 455.2817, sampling [1.0, 0.5762, -1.9387]. Recommendation = [0.0, 0.0085, 0.0189], Current Cost = 50183.00, Rho = 1.000
(iter 137) [0.0, 0.0085, 0.0189] = 455.2817, sampling [1.0, 1.1593, -0.8497]. Recommendation = [0.0, 0.0085, 0.0189], Current Cost = 50184.00, Rho = 1.000
(iter 137) [0.0, 0.0085, 0.0189] = 455.2817, sampling [0.0, 0.1662, 0.6603]. Recommendation = [0.0, 0.0085, 0.0189], Current Cost = 50185.00, Rho = 1.000
(iter 137) [0.0, 0.0085, 0.0189] = 455.2817, sampling [0.0, -0.4193, -0.4390]. Recommendation = [0.0, 0.0085, 0.0189], Current Cost = 51185.00, Rho = 1.000
(iter 137) [0.0, 0.0085, 0.0189] = 455.2817, sampling [1.0, 1.8361, -0.2183]. Recommendation = [0.0, 0.0085, 0.0189], Current Cost = 52185.00, Rho = 1.000
(iter 137) [0.0, 0.0085, 0.0189] = 455.2817, sampling [0.0, -0.7507, -0.0894]. Recommendation = [0.0, 0.0085, 0.0189], Current Cost = 52186.00, Rho = 1.000
(iter 137) [0.0, 0.0085, 0.0189] = 455.2817, sampling [1.0, 1.9887, 1.0230]. Recommendation = [0.0, 0.0085, 0.0189], Current Cost = 53186.00, Rho = 1.000
(iter 137) [0.0, 0.0085, 0.0189] = 455.2817, sampling [1.0, -0.9507, -1.4325]. Recommendation = [0.0, 0.0085, 0.0189], Current Cost = 53187.00, Rho = 1.000
(iter 137) [0.0, 0.0085, 0.0189] = 455.2817, sampling [0.0, 0.2361, -0.7734]. Recommendation = [0.0, 0.0085, 0.0189], Current Cost = 53188.00, Rho = 1.000
(iter 137) [0.0, 0.0085, 0.0189] = 455.2817, sampling [0.0, 1.0163, 0.2787]. Recommendation = [0.0, 0.0085, 0.0189], Current Cost = 54188.00, Rho = 1.000
(iter 137) [0.0, 0.0085, 0.0189] = 455.2817, sampling [1.0, -1.6583, 0.4460]. Recommendation = [0.0, 0.0085, 0.0189], Current Cost = 55188.00, Rho = 1.000
(iter 137) [0.0, 0.0085, 0.0189] = 455.2817, sampling [1.0, 1.1085, -1.3450]. Recommendation = [0.0, 0.0085, 0.0189], Current Cost = 55189.00, Rho = 1.000
(iter 137) [0.0, 0.0085, 0.0189] = 455.2817, sampling [1.0, 0.8037, -1.4933]. Recommendation = [0.0, 0.0085, 0.0189], Current Cost = 55190.00, Rho = 1.000
(iter 137) [0.0, 0.0085, 0.0189] = 455.2817, sampling [0.0, 0.6731, 1.2977]. Recommendation = [0.0, 0.0085, 0.0189], Current Cost = 55191.00, Rho = 1.000
(iter 137) [0.0, 0.0085, 0.0189] = 455.2817, sampling [1.0, -1.5907, -0.2471]. Recommendation = [0.0, 0.0085, 0.0189], Current Cost = 56191.00, Rho = 1.000
(iter 137) [0.0, 0.0085, 0.0189] = 455.2817, sampling [1.0, 0.0527, 1.8772]. Recommendation = [0.0, 0.0085, 0.0189], Current Cost = 56192.00, Rho = 1.000
(iter 137) [0.0, 0.0085, 0.0189] = 455.2817, sampling [1.0, -0.4472, -1.8811]. Recommendation = [0.0, 0.0085, 0.0189], Current Cost = 56193.00, Rho = 1.000
(iter 137) [0.0, 0.0085, 0.0189] = 455.2817, sampling [0.0, 1.0317, 1.9708]. Recommendation = [0.0, 0.0085, 0.0189], Current Cost = 56194.00, Rho = 1.000
(iter 137) [0.0, 0.0085, 0.0189] = 455.2817, sampling [1.0, 0.8265, -1.8475]. Recommendation = [0.0, 0.0085, 0.0189], Current Cost = 57194.00, Rho = 1.000
(iter 137) [0.0, 0.0085, 0.0189] = 455.2817, sampling [0.0, 1.3737, 1.0945]. Recommendation = [0.0, 0.0085, 0.0189], Current Cost = 57195.00, Rho = 1.000
(iter 137) [0.0, 0.0085, 0.0189] = 455.2817, sampling [1.0, -1.5775, 0.2546]. Recommendation = [0.0, 0.0085, 0.0189], Current Cost = 58195.00, Rho = 1.000
(iter 137) [0.0, 0.0085, 0.0189] = 455.2817, sampling [1.0, -0.9849, -1.0892]. Recommendation = [0.0, 0.0085, 0.0189], Current Cost = 58196.00, Rho = 1.000
(iter 137) [0.0, 0.0085, 0.0189] = 455.2817, sampling [0.0, 0.9464, 1.6351]. Recommendation = [0.0, 0.0085, 0.0189], Current Cost = 58197.00, Rho = 1.000
(iter 137) [0.0, 0.0085, 0.0189] = 455.2817, sampling [0.0, -0.0256, 0.8170]. Recommendation = [0.0, 0.0085, 0.0189], Current Cost = 59197.00, Rho = 1.000
(iter 137) [0.0, 0.0085, 0.0189] = 455.2817, sampling [1.0, -1.4120, -0.7490]. Recommendation = [0.0, 0.0085, 0.0189], Current Cost = 60197.00, Rho = 1.000
(iter 137) [0.0, 0.0085, 0.0189] = 455.2817, sampling [1.0, 0.9150, -1.6091]. Recommendation = [0.0, 0.0085, 0.0189], Current Cost = 60198.00, Rho = 1.000
(iter 137) [0.0, 0.0085, 0.0189] = 455.2817, sampling [1.0, 1.6734, 0.3379]. Recommendation = [0.0, 0.0085, 0.0189], Current Cost = 60199.00, Rho = 1.000
(iter 137) [0.0, 0.0085, 0.0189] = 455.2817, sampling [1.0, -0.9205, -1.3217]. Recommendation = [0.0, 0.0085, 0.0189], Current Cost = 60200.00, Rho = 1.000
(iter 137) [0.0, 0.0085, 0.0189] = 455.2817, sampling [0.0, -0.9281, 0.0680]. Recommendation = [0.0, 0.0085, 0.0189], Current Cost = 60201.00, Rho = 1.000
(iter 137) [0.0, 0.0085, 0.0189] = 455.2817, sampling [0.0, -0.5345, -0.5618]. Recommendation = [0.0, 0.0085, 0.0189], Current Cost = 61201.00, Rho = 1.000
(iter 137) [0.0, 0.0085, 0.0189] = 455.2817, sampling [1.0, 1.8536, 1.4187]. Recommendation = [0.0, 0.0085, 0.0189], Current Cost = 62201.00, Rho = 1.000
(iter 137) [0.0, 0.0085, 0.0189] = 455.2817, sampling [0.0, 0.5114, 1.0771]. Recommendation = [0.0, 0.0085, 0.0189], Current Cost = 62202.00, Rho = 1.000
(iter 137) [0.0, 0.0085, 0.0189] = 455.2817, sampling [1.0, 1.3015, -1.2139]. Recommendation = [0.0, 0.0085, 0.0189], Current Cost = 63202.00, Rho = 1.000
(iter 137) [0.0, 0.0085, 0.0189] = 455.2817, sampling [0.0, -0.1633, -0.9568]. Recommendation = [0.0, 0.0085, 0.0189], Current Cost = 63203.00, Rho = 1.000
(iter 137) [0.0, 0.0085, 0.0189] = 455.2817, sampling [0.0, -0.2721, -1.9579]. Recommendation = [0.0, 0.0085, 0.0189], Current Cost = 64203.00, Rho = 1.000
(iter 137) [0.0, 0.0085, 0.0189] = 455.2817, sampling [0.0, 0.5142, -0.5939]. Recommendation = [0.0, 0.0085, 0.0189], Current Cost = 65203.00, Rho = 1.000
(iter 137) [0.0, 0.0085, 0.0189] = 455.2817, sampling [1.0, -1.1802, -1.4063]. Recommendation = [0.0, 0.0085, 0.0189], Current Cost = 66203.00, Rho = 1.000
(iter 137) [0.0, 0.0085, 0.0189] = 455.2817, sampling [1.0, -1.8324, -0.5899]. Recommendation = [0.0, 0.0085, 0.0189], Current Cost = 66204.00, Rho = 1.000
(iter 137) [0.0, 0.0085, 0.0189] = 455.2817, sampling [1.0, 1.9729, 0.2974]. Recommendation = [0.0, 0.0085, 0.0189], Current Cost = 66205.00, Rho = 1.000
(iter 137) [0.0, 0.0085, 0.0189] = 455.2817, sampling [0.0, -0.4150, 1.1390]. Recommendation = [0.0, 0.0085, 0.0189], Current Cost = 66206.00, Rho = 1.000
(iter 137) [0.0, 0.0085, 0.0189] = 455.2817, sampling [0.0, -0.7132, -0.3470]. Recommendation = [0.0, 0.0085, 0.0189], Current Cost = 67206.00, Rho = 1.000
(iter 137) [0.0, 0.0085, 0.0189] = 455.2817, sampling [1.0, 1.5853, 0.1539]. Recommendation = [0.0, 0.0085, 0.0189], Current Cost = 68206.00, Rho = 1.000
(iter 137) [0.0, 0.0085, 0.0189] = 455.2817, sampling [0.0, -1.4059, 1.0510]. Recommendation = [0.0, 0.0085, 0.0189], Current Cost = 68207.00, Rho = 1.000
(iter 137) [0.0, 0.0085, 0.0189] = 455.2817, sampling [1.0, 1.8778, -0.8334]. Recommendation = [0.0, 0.0085, 0.0189], Current Cost = 69207.00, Rho = 1.000
(iter 137) [0.0, 0.0085, 0.0189] = 455.2817, sampling [1.0, 1.7861, 0.6122]. Recommendation = [0.0, 0.0085, 0.0189], Current Cost = 69208.00, Rho = 1.000
(iter 137) [0.0, 0.0085, 0.0189] = 455.2817, sampling [0.0, 0.6273, -1.9245]. Recommendation = [0.0, 0.0085, 0.0189], Current Cost = 69209.00, Rho = 1.000
(iter 137) [0.0, 0.0085, 0.0189] = 455.2817, sampling [0.0, -0.7910, -0.0378]. Recommendation = [0.0, 0.0085, 0.0189], Current Cost = 70209.00, Rho = 1.000
(iter 137) [0.0, 0.0085, 0.0189] = 455.2817, sampling [0.0, -0.6671, 1.5494]. Recommendation = [0.0, 0.0085, 0.0189], Current Cost = 71209.00, Rho = 1.000
(iter 137) [0.0, 0.0085, 0.0189] = 455.2817, sampling [0.0, 0.2238, 1.0025]. Recommendation = [0.0, 0.0085, 0.0189], Current Cost = 72209.00, Rho = 1.000
(iter 137) [0.0, 0.0085, 0.0189] = 455.2817, sampling [0.0, -1.1487, 0.4057]. Recommendation = [0.0, 0.0085, 0.0189], Current Cost = 73209.00, Rho = 1.000
(iter 137) [0.0, 0.0085, 0.0189] = 455.2817, sampling [1.0, 0.9730, -1.6943]. Recommendation = [0.0, 0.0085, 0.0189], Current Cost = 74209.00, Rho = 1.000
(iter 137) [0.0, 0.0085, 0.0189] = 455.2817, sampling [1.0, -1.3293, -1.2583]. Recommendation = [0.0, 0.0085, 0.0189], Current Cost = 74210.00, Rho = 1.000
(iter 137) [0.0, 0.0085, 0.0189] = 455.2817, sampling [0.0, -0.8843, -1.7158]. Recommendation = [0.0, 0.0085, 0.0189], Current Cost = 74211.00, Rho = 1.000
(iter 137) [0.0, 0.0085, 0.0189] = 455.2817, sampling [0.0, 1.3464, 0.8555]. Recommendation = [0.0, 0.0085, 0.0189], Current Cost = 75211.00, Rho = 1.000
(iter 137) [0.0, 0.0085, 0.0189] = 455.2817, sampling [1.0, 1.1386, -1.8934]. Recommendation = [0.0, 0.0085, 0.0189], Current Cost = 76211.00, Rho = 1.000
(iter 137) [0.0, 0.0085, 0.0189] = 455.2817, sampling [1.0, -1.7906, 0.4773]. Recommendation = [0.0, 0.0085, 0.0189], Current Cost = 76212.00, Rho = 1.000
(iter 137) [0.0, 0.0085, 0.0189] = 455.2817, sampling [0.0, -1.0020, -1.4720]. Recommendation = [0.0, 0.0085, 0.0189], Current Cost = 76213.00, Rho = 1.000
(iter 137) [0.0, 0.0085, 0.0189] = 455.2817, sampling [1.0, 1.2323, -1.5235]. Recommendation = [0.0, 0.0085, 0.0189], Current Cost = 77213.00, Rho = 1.000
(iter 137) [0.0, 0.0085, 0.0189] = 455.2817, sampling [0.0, 1.3989, 1.1552]. Recommendation = [0.0, 0.0085, 0.0189], Current Cost = 77214.00, Rho = 1.000
(iter 137) [0.0, 0.0085, 0.0189] = 455.2817, sampling [1.0, -1.2008, -1.6428]. Recommendation = [0.0, 0.0085, 0.0189], Current Cost = 78214.00, Rho = 1.000
(iter 137) [0.0, 0.0085, 0.0189] = 455.2817, sampling [0.0, 1.2035, 0.3992]. Recommendation = [0.0, 0.0085, 0.0189], Current Cost = 78215.00, Rho = 1.000
(iter 137) [0.0, 0.0085, 0.0189] = 455.2817, sampling [0.0, -0.6345, -0.3996]. Recommendation = [0.0, 0.0085, 0.0189], Current Cost = 79215.00, Rho = 1.000
(iter 137) [0.0, 0.0085, 0.0189] = 455.2817, sampling [1.0, -1.5033, -1.0493]. Recommendation = [0.0, 0.0085, 0.0189], Current Cost = 80215.00, Rho = 1.000
(iter 137) [0.0, 0.0085, 0.0189] = 455.2817, sampling [0.0, 0.7985, -0.4073]. Recommendation = [0.0, 0.0085, 0.0189], Current Cost = 80216.00, Rho = 1.000
(iter 137) [0.0, 0.0085, 0.0189] = 455.2817, sampling [1.0, 1.9513, 0.9063]. Recommendation = [0.0, 0.0085, 0.0189], Current Cost = 81216.00, Rho = 1.000
(iter 137) [0.0, 0.0085, 0.0189] = 455.2817, sampling [0.0, -0.0609, 0.9588]. Recommendation = [0.0, 0.0085, 0.0189], Current Cost = 81217.00, Rho = 1.000
(iter 137) [0.0, 0.0085, 0.0189] = 455.2817, sampling [0.0, 1.5829, 1.4556]. Recommendation = [0.0, 0.0085, 0.0189], Current Cost = 82217.00, Rho = 1.000
(iter 137) [0.0, 0.0085, 0.0189] = 455.2817, sampling [0.0, -1.5292, -0.4847]. Recommendation = [0.0, 0.0085, 0.0189], Current Cost = 83217.00, Rho = 1.000
(iter 137) [0.0, 0.0085, 0.0189] = 455.2817, sampling [0.0, -0.4914, -0.8925]. Recommendation = [0.0, 0.0085, 0.0189], Current Cost = 84217.00, Rho = 1.000
(iter 137) [0.0, 0.0085, 0.0189] = 455.2817, sampling [0.0, -0.9088, -0.0094]. Recommendation = [0.0, 0.0085, 0.0189], Current Cost = 85217.00, Rho = 1.000
(iter 137) [0.0, 0.0085, 0.0189] = 455.2817, sampling [0.0, -1.2230, 0.5327]. Recommendation = [0.0, 0.0085, 0.0189], Current Cost = 86217.00, Rho = 1.000
(iter 137) [0.0, 0.0085, 0.0189] = 455.2817, sampling [0.0, 0.4314, 0.9329]. Recommendation = [0.0, 0.0085, 0.0189], Current Cost = 87217.00, Rho = 1.000
(iter 137) [0.0, 0.0085, 0.0189] = 455.2817, sampling [0.0, 0.3393, -1.1261]. Recommendation = [0.0, 0.0085, 0.0189], Current Cost = 88217.00, Rho = 1.000
(iter 137) [0.0, 0.0085, 0.0189] = 455.2817, sampling [0.0, 1.8889, 0.5056]. Recommendation = [0.0, 0.0085, 0.0189], Current Cost = 89217.00, Rho = 1.000
(iter 137) [0.0, 0.0085, 0.0189] = 455.2817, sampling [0.0, -0.8084, -0.2858]. Recommendation = [0.0, 0.0085, 0.0189], Current Cost = 90217.00, Rho = 1.000
(iter 137) [0.0, 0.0085, 0.0189] = 455.2817, sampling [0.0, -1.6799, 0.4194]. Recommendation = [0.0, 0.0085, 0.0189], Current Cost = 91217.00, Rho = 1.000
(iter 137) [0.0, 0.0085, 0.0189] = 455.2817, sampling [0.0, -1.5371, -0.6628]. Recommendation = [0.0, 0.0085, 0.0189], Current Cost = 92217.00, Rho = 1.000
(iter 137) [0.0, 0.0085, 0.0189] = 455.2817, sampling [0.0, 0.4025, 1.1873]. Recommendation = [0.0, 0.0085, 0.0189], Current Cost = 93217.00, Rho = 1.000
(iter 137) [0.0, 0.0085, 0.0189] = 455.2817, sampling [0.0, 0.9419, -0.2048]. Recommendation = [0.0, 0.0085, 0.0189], Current Cost = 94217.00, Rho = 1.000
(iter 137) [0.0, 0.0085, 0.0189] = 455.2817, sampling [0.0, 1.4919, 1.2402]. Recommendation = [0.0, 0.0085, 0.0189], Current Cost = 95217.00, Rho = 1.000
(iter 137) [0.0, 0.0085, 0.0189] = 455.2817, sampling [0.0, -1.9807, 1.3967]. Recommendation = [0.0, 0.0085, 0.0189], Current Cost = 96217.00, Rho = 1.000
(iter 137) [0.0, 0.0085, 0.0189] = 455.2817, sampling [0.0, -1.7082, -0.3823]. Recommendation = [0.0, 0.0085, 0.0189], Current Cost = 97217.00, Rho = 1.000
(iter 137) [0.0, 0.0085, 0.0189] = 455.2817, sampling [0.0, -1.1167, 0.1734]. Recommendation = [0.0, 0.0085, 0.0189], Current Cost = 98217.00, Rho = 1.000
(iter 137) [0.0, 0.0085, 0.0189] = 455.2817, sampling [1.0, 1.7204, -0.3112]. Recommendation = [0.0, 0.0085, 0.0189], Current Cost = 99217.00, Rho = 1.000
(iter 137) [0.0, 0.0085, 0.0189] = 455.2817, sampling [0.0, -1.2469, -1.3367]. Recommendation = [0.0, 0.0085, 0.0189], Current Cost = 99218.00, Rho = 1.000
