(iter 10) [0.0, -0.7276, 1.0098] = 430.2281, sampling [1.0, -0.9061, 0.6563]. Recommendation = [0.0, -0.7276, 1.0098], Current Cost = 5005.00, Rho = 1.000
(iter 10) [0.0, -0.7276, 1.0098] = 430.2281, sampling [1.0, -0.7047, 0.3150]. Recommendation = [0.0, -0.9061, 0.6563], Current Cost = 5006.00, Rho = 1.000
(iter 10) [0.0, -0.7276, 1.0098] = 430.2281, sampling [1.0, -1.0152, 0.3542]. Recommendation = [0.0, -0.7047, 0.3150], Current Cost = 5007.00, Rho = 1.000
(iter 10) [0.0, -0.7276, 1.0098] = 430.2281, sampling [1.0, -0.7361, 0.5931]. Recommendation = [0.0, -0.7047, 0.3150], Current Cost = 5008.00, Rho = 1.000
(iter 10) [0.0, -0.7276, 1.0098] = 430.2281, sampling [1.0, -0.8123, -0.2990]. Recommendation = [0.0, -0.7361, 0.5931], Current Cost = 5009.00, Rho = 1.000
(iter 10) [0.0, -0.7276, 1.0098] = 430.2281, sampling [1.0, -0.4705, 0.2401]. Recommendation = [0.0, -0.7361, 0.5931], Current Cost = 5010.00, Rho = 1.000
(iter 10) [0.0, -0.7276, 1.0098] = 430.2281, sampling [1.0, -0.5888, 0.0725]. Recommendation = [0.0, -0.4705, 0.2401], Current Cost = 5011.00, Rho = 1.000
(iter 10) [0.0, -0.7276, 1.0098] = 430.2281, sampling [1.0, -0.2931, -0.2834]. Recommendation = [0.0, -0.4705, 0.2401], Current Cost = 5012.00, Rho = 1.000
(iter 10) [0.0, -0.7276, 1.0098] = 430.2281, sampling [1.0, -0.4133, -0.1179]. Recommendation = [0.0, -0.4705, 0.2401], Current Cost = 5013.00, Rho = 1.000
(iter 10) [0.0, -0.7276, 1.0098] = 430.2281, sampling [1.0, -0.2339, 0.1900]. Recommendation = [0.0, -0.4705, 0.2401], Current Cost = 5014.00, Rho = 1.000
(iter 10) [0.0, -0.7276, 1.0098] = 430.2281, sampling [1.0, -0.1883, 0.5254]. Recommendation = [0.0, -0.3668, 0.1400], Current Cost = 5015.00, Rho = 1.000
(iter 10) [0.0, -0.7276, 1.0098] = 430.2281, sampling [1.0, -0.6140, 0.8725]. Recommendation = [0.0, -0.3668, 0.1400], Current Cost = 5016.00, Rho = 1.000
(iter 10) [0.0, -0.7276, 1.0098] = 430.2281, sampling [1.0, -0.3410, 0.3349]. Recommendation = [0.0, -0.3668, 0.1400], Current Cost = 5017.00, Rho = 1.000
(iter 10) [0.0, -0.7276, 1.0098] = 430.2281, sampling [1.0, -0.3918, -0.7253]. Recommendation = [0.0, -0.3668, 0.1400], Current Cost = 5018.00, Rho = 1.000
(iter 10) [0.0, -0.7276, 1.0098] = 430.2281, sampling [1.0, -0.2182, -0.0540]. Recommendation = [0.0, -0.3668, 0.1400], Current Cost = 5019.00, Rho = 1.000
(iter 10) [0.0, -0.7276, 1.0098] = 430.2281, sampling [1.0, -0.3668, 0.1400]. Recommendation = [0.0, -0.3668, 0.1400], Current Cost = 5020.00, Rho = 1.000
(iter 10) [0.0, -0.7276, 1.0098] = 430.2281, sampling [1.0, -0.8268, 0.7520]. Recommendation = [0.0, -0.3668, 0.1400], Current Cost = 5021.00, Rho = 1.000
(iter 10) [0.0, -0.7276, 1.0098] = 430.2281, sampling [1.0, -0.4553, -0.4004]. Recommendation = [0.0, -0.3668, 0.1400], Current Cost = 5022.00, Rho = 1.000
(iter 10) [0.0, -0.7276, 1.0098] = 430.2281, sampling [1.0, -1.1747, 0.9653]. Recommendation = [0.0, -0.3668, 0.1400], Current Cost = 5023.00, Rho = 1.000
(iter 10) [0.0, -0.7276, 1.0098] = 430.2281, sampling [1.0, -0.9482, 1.0321]. Recommendation = [0.0, -0.3668, 0.1400], Current Cost = 5024.00, Rho = 1.000
(iter 10) [0.0, -0.7276, 1.0098] = 430.2281, sampling [1.0, -0.0376, -0.1759]. Recommendation = [0.0, -0.3668, 0.1400], Current Cost = 5025.00, Rho = 1.000
(iter 10) [0.0, -0.7276, 1.0098] = 430.2281, sampling [1.0, -0.0299, 0.0840]. Recommendation = [0.0, -0.3668, 0.1400], Current Cost = 5026.00, Rho = 1.000
(iter 10) [0.0, -0.7276, 1.0098] = 430.2281, sampling [1.0, 0.0148, -0.4406]. Recommendation = [0.0, -0.0299, 0.0840], Current Cost = 5027.00, Rho = 1.000
(iter 10) [0.0, -0.7276, 1.0098] = 430.2281, sampling [1.0, -1.3874, 0.7671]. Recommendation = [0.0, -0.0299, 0.0840], Current Cost = 5028.00, Rho = 1.000
(iter 10) [0.0, -0.7276, 1.0098] = 430.2281, sampling [1.0, -0.1386, 0.1664]. Recommendation = [0.0, -0.0299, 0.0840], Current Cost = 5029.00, Rho = 1.000
(iter 10) [0.0, -0.7276, 1.0098] = 430.2281, sampling [1.0, -0.8584, 0.5652]. Recommendation = [0.0, -0.0299, 0.0840], Current Cost = 5030.00, Rho = 1.000
(iter 10) [0.0, -0.7276, 1.0098] = 430.2281, sampling [1.0, -0.9720, 0.1190]. Recommendation = [0.0, -0.0299, 0.0840], Current Cost = 5031.00, Rho = 1.000
(iter 10) [0.0, -0.7276, 1.0098] = 430.2281, sampling [1.0, -0.4327, 1.2863]. Recommendation = [0.0, -0.0299, 0.0840], Current Cost = 5032.00, Rho = 1.000
(iter 10) [0.0, -0.7276, 1.0098] = 430.2281, sampling [1.0, -0.8902, 0.4012]. Recommendation = [0.0, -0.0299, 0.0840], Current Cost = 5033.00, Rho = 1.000
(iter 10) [0.0, -0.7276, 1.0098] = 430.2281, sampling [1.0, -0.2680, -0.2117]. Recommendation = [0.0, -0.0299, 0.0840], Current Cost = 5034.00, Rho = 1.000
(iter 10) [0.0, -0.7276, 1.0098] = 430.2281, sampling [1.0, 0.1702, -0.0001]. Recommendation = [0.0, -0.0299, 0.0840], Current Cost = 5035.00, Rho = 1.000
(iter 10) [0.0, -0.7276, 1.0098] = 430.2281, sampling [1.0, 0.2215, 0.3959]. Recommendation = [0.0, -0.0152, 0.0399], Current Cost = 5036.00, Rho = 1.000
(iter 10) [0.0, -0.7276, 1.0098] = 430.2281, sampling [1.0, 0.0332, 0.7311]. Recommendation = [0.0, -0.0152, 0.0399], Current Cost = 5037.00, Rho = 1.000
(iter 10) [0.0, -0.7276, 1.0098] = 430.2281, sampling [1.0, 0.2258, -0.1116]. Recommendation = [0.0, -0.0152, 0.0399], Current Cost = 5038.00, Rho = 1.000
(iter 10) [0.0, -0.7276, 1.0098] = 430.2281, sampling [1.0, 0.2542, -0.4316]. Recommendation = [0.0, -0.0152, 0.0399], Current Cost = 5039.00, Rho = 1.000
(iter 10) [0.0, -0.7276, 1.0098] = 430.2281, sampling [1.0, 0.1845, -0.7451]. Recommendation = [0.0, -0.0152, 0.0399], Current Cost = 5040.00, Rho = 1.000
(iter 10) [0.0, -0.7276, 1.0098] = 430.2281, sampling [1.0, -1.0286, 1.4026]. Recommendation = [0.0, -0.0152, 0.0399], Current Cost = 5041.00, Rho = 1.000
(iter 10) [0.0, -0.7276, 1.0098] = 430.2281, sampling [1.0, -0.7977, 1.0598]. Recommendation = [0.0, -0.0152, 0.0399], Current Cost = 5042.00, Rho = 1.000
(iter 10) [0.0, -0.7276, 1.0098] = 430.2281, sampling [1.0, 0.2860, -0.3155]. Recommendation = [0.0, -0.0152, 0.0399], Current Cost = 5043.00, Rho = 1.000
(iter 10) [0.0, -0.7276, 1.0098] = 430.2281, sampling [1.0, -0.0152, 0.0399]. Recommendation = [0.0, -0.0152, 0.0399], Current Cost = 5044.00, Rho = 1.000
(iter 10) [0.0, -0.7276, 1.0098] = 430.2281, sampling [1.0, 0.4303, 0.2357]. Recommendation = [0.0, 0.1702, -0.0001], Current Cost = 5045.00, Rho = 1.000
(iter 10) [0.0, -0.7276, 1.0098] = 430.2281, sampling [1.0, 0.3679, 0.4906]. Recommendation = [0.0, 0.4303, 0.2357], Current Cost = 5046.00, Rho = 1.000
(iter 10) [0.0, -0.7276, 1.0098] = 430.2281, sampling [1.0, 0.1550, 0.6282]. Recommendation = [0.0, 0.4303, 0.2357], Current Cost = 5047.00, Rho = 1.000
(iter 10) [0.0, -0.7276, 1.0098] = 430.2281, sampling [1.0, 0.4701, -0.0734]. Recommendation = [0.0, 0.4303, 0.2357], Current Cost = 5048.00, Rho = 1.000
(iter 10) [0.0, -0.7276, 1.0098] = 430.2281, sampling [1.0, 0.3076, -0.1829]. Recommendation = [0.0, 0.4303, 0.2357], Current Cost = 5049.00, Rho = 1.000
(iter 10) [0.0, -0.7276, 1.0098] = 430.2281, sampling [1.0, 0.3455, 0.7970]. Recommendation = [0.0, 0.4303, 0.2357], Current Cost = 5050.00, Rho = 1.000
(iter 10) [0.0, -0.7276, 1.0098] = 430.2281, sampling [1.0, 0.5144, 0.4423]. Recommendation = [0.0, 0.4303, 0.2357], Current Cost = 5051.00, Rho = 1.000
(iter 10) [0.0, -0.7276, 1.0098] = 430.2281, sampling [1.0, -0.1599, 1.1343]. Recommendation = [0.0, 0.4303, 0.2357], Current Cost = 5052.00, Rho = 1.000
(iter 10) [0.0, -0.7276, 1.0098] = 430.2281, sampling [1.0, 0.4906, 0.7023]. Recommendation = [0.0, 0.4303, 0.2357], Current Cost = 5053.00, Rho = 1.000
(iter 10) [0.0, -0.7276, 1.0098] = 430.2281, sampling [1.0, -0.6257, 1.1858]. Recommendation = [0.0, 0.4303, 0.2357], Current Cost = 5054.00, Rho = 1.000
(iter 10) [0.0, -0.7276, 1.0098] = 430.2281, sampling [1.0, -0.9221, 1.8215]. Recommendation = [0.0, 0.4303, 0.2357], Current Cost = 5055.00, Rho = 1.000
(iter 10) [0.0, -0.7276, 1.0098] = 430.2281, sampling [1.0, 0.3350, 1.1031]. Recommendation = [0.0, 0.4303, 0.2357], Current Cost = 5056.00, Rho = 1.000
(iter 10) [0.0, -0.7276, 1.0098] = 430.2281, sampling [1.0, 0.6834, 0.2758]. Recommendation = [0.0, 0.4303, 0.2357], Current Cost = 5057.00, Rho = 1.000
(iter 10) [0.0, -0.7276, 1.0098] = 430.2281, sampling [1.0, 0.5740, 0.4692]. Recommendation = [0.0, 0.4303, 0.2357], Current Cost = 5058.00, Rho = 1.000
(iter 10) [0.0, -0.7276, 1.0098] = 430.2281, sampling [1.0, 0.6027, 0.8970]. Recommendation = [0.0, 0.4303, 0.2357], Current Cost = 5059.00, Rho = 1.000
(iter 10) [0.0, -0.7276, 1.0098] = 430.2281, sampling [1.0, -0.0483, 0.6490]. Recommendation = [0.0, 0.4303, 0.2357], Current Cost = 5060.00, Rho = 1.000
(iter 10) [0.0, -0.7276, 1.0098] = 430.2281, sampling [1.0, -1.2280, 1.6685]. Recommendation = [0.0, 0.4303, 0.2357], Current Cost = 5061.00, Rho = 1.000
(iter 10) [0.0, -0.7276, 1.0098] = 430.2281, sampling [1.0, -1.2410, 1.8396]. Recommendation = [0.0, 0.4303, 0.2357], Current Cost = 5062.00, Rho = 1.000
(iter 10) [0.0, -0.7276, 1.0098] = 430.2281, sampling [1.0, -1.1920, 1.7333]. Recommendation = [0.0, 0.4303, 0.2357], Current Cost = 5063.00, Rho = 1.000
(iter 10) [0.0, -0.7276, 1.0098] = 430.2281, sampling [1.0, -1.3997, 1.7232]. Recommendation = [0.0, 0.4303, 0.2357], Current Cost = 5064.00, Rho = 1.000
(iter 10) [0.0, -0.7276, 1.0098] = 430.2281, sampling [1.0, -0.3148, 1.9749]. Recommendation = [0.0, 0.4303, 0.2357], Current Cost = 5065.00, Rho = 1.000
(iter 10) [0.0, -0.7276, 1.0098] = 430.2281, sampling [1.0, -0.1613, -1.0672]. Recommendation = [0.0, 0.4303, 0.2357], Current Cost = 5066.00, Rho = 1.000
(iter 10) [0.0, -0.7276, 1.0098] = 430.2281, sampling [1.0, -0.8423, -0.6619]. Recommendation = [0.0, 0.4303, 0.2357], Current Cost = 5067.00, Rho = 1.000
(iter 10) [0.0, -0.7276, 1.0098] = 430.2281, sampling [1.0, 0.0871, 0.8853]. Recommendation = [0.0, 0.4303, 0.2357], Current Cost = 5068.00, Rho = 1.000
(iter 10) [0.0, -0.7276, 1.0098] = 430.2281, sampling [1.0, 0.3787, -0.3922]. Recommendation = [0.0, 0.4303, 0.2357], Current Cost = 5069.00, Rho = 1.000
(iter 10) [0.0, -0.7276, 1.0098] = 430.2281, sampling [1.0, -1.5636, 1.8807]. Recommendation = [0.0, 0.4303, 0.2357], Current Cost = 5070.00, Rho = 1.000
(iter 10) [0.0, -0.7276, 1.0098] = 430.2281, sampling [1.0, -1.5246, 1.7598]. Recommendation = [0.0, 0.4303, 0.2357], Current Cost = 5071.00, Rho = 1.000
(iter 10) [0.0, -0.7276, 1.0098] = 430.2281, sampling [1.0, -1.4867, 0.1519]. Recommendation = [0.0, 0.4303, 0.2357], Current Cost = 5072.00, Rho = 1.000
(iter 10) [0.0, -0.7276, 1.0098] = 430.2281, sampling [1.0, 0.7530, 0.9286]. Recommendation = [0.0, 0.4303, 0.2357], Current Cost = 5073.00, Rho = 1.000
(iter 10) [0.0, -0.7276, 1.0098] = 430.2281, sampling [1.0, 0.7018, 1.1831]. Recommendation = [0.0, 0.4303, 0.2357], Current Cost = 5074.00, Rho = 1.000
(iter 10) [0.0, -0.7276, 1.0098] = 430.2281, sampling [1.0, 0.7354, 0.1992]. Recommendation = [0.0, 0.4303, 0.2357], Current Cost = 5075.00, Rho = 1.000
(iter 10) [0.0, -0.7276, 1.0098] = 430.2281, sampling [1.0, 1.0685, 1.0017]. Recommendation = [0.0, 0.4303, 0.2357], Current Cost = 5076.00, Rho = 1.000
(iter 10) [0.0, -0.7276, 1.0098] = 430.2281, sampling [1.0, 0.8488, 1.2276]. Recommendation = [0.0, 0.4303, 0.2357], Current Cost = 5077.00, Rho = 1.000
(iter 10) [0.0, -0.7276, 1.0098] = 430.2281, sampling [1.0, 0.9223, 1.4854]. Recommendation = [0.0, 0.4303, 0.2357], Current Cost = 5078.00, Rho = 1.000
(iter 10) [0.0, -0.7276, 1.0098] = 430.2281, sampling [1.0, 1.2877, 1.2523]. Recommendation = [0.0, 0.4303, 0.2357], Current Cost = 5079.00, Rho = 1.000
(iter 10) [0.0, -0.7276, 1.0098] = 430.2281, sampling [1.0, 1.2465, 1.5944]. Recommendation = [0.0, 0.4303, 0.2357], Current Cost = 5080.00, Rho = 1.000
(iter 10) [0.0, -0.7276, 1.0098] = 430.2281, sampling [1.0, 1.3351, 1.3686]. Recommendation = [0.0, 1.2465, 1.5944], Current Cost = 5081.00, Rho = 1.000
(iter 10) [0.0, -0.7276, 1.0098] = 430.2281, sampling [1.0, 0.9560, 1.8635]. Recommendation = [0.0, 1.2465, 1.5944], Current Cost = 5082.00, Rho = 1.000
(iter 10) [0.0, -0.7276, 1.0098] = 430.2281, sampling [1.0, 0.6177, 1.4541]. Recommendation = [0.0, 1.2465, 1.5944], Current Cost = 5083.00, Rho = 1.000
(iter 10) [0.0, -0.7276, 1.0098] = 430.2281, sampling [1.0, 1.3182, 0.8608]. Recommendation = [0.0, 1.2465, 1.5944], Current Cost = 5084.00, Rho = 1.000
(iter 10) [0.0, -0.7276, 1.0098] = 430.2281, sampling [1.0, 1.6375, 1.8516]. Recommendation = [0.0, 1.2465, 1.5944], Current Cost = 5085.00, Rho = 1.000
(iter 10) [0.0, -0.7276, 1.0098] = 430.2281, sampling [1.0, 1.2100, 1.6294]. Recommendation = [0.0, 1.2465, 1.5944], Current Cost = 5086.00, Rho = 1.000
(iter 10) [0.0, -0.7276, 1.0098] = 430.2281, sampling [1.0, 1.8047, 1.2737]. Recommendation = [0.0, 1.2465, 1.5944], Current Cost = 5087.00, Rho = 1.000
(iter 10) [0.0, -0.7276, 1.0098] = 430.2281, sampling [1.0, 0.8432, 1.6109]. Recommendation = [0.0, 1.2465, 1.5944], Current Cost = 5088.00, Rho = 1.000
(iter 10) [0.0, -0.7276, 1.0098] = 430.2281, sampling [1.0, -0.4914, -0.5859]. Recommendation = [0.0, 1.2465, 1.5944], Current Cost = 5089.00, Rho = 1.000
(iter 10) [0.0, -0.7276, 1.0098] = 430.2281, sampling [1.0, -0.6655, 1.0532]. Recommendation = [0.0, 1.2465, 1.5944], Current Cost = 5090.00, Rho = 1.000
(iter 10) [0.0, -0.7276, 1.0098] = 430.2281, sampling [1.0, -1.2147, 1.7629]. Recommendation = [0.0, 1.2465, 1.5944], Current Cost = 5091.00, Rho = 1.000
(iter 10) [0.0, -0.7276, 1.0098] = 430.2281, sampling [1.0, 1.0426, 0.3000]. Recommendation = [0.0, 1.2465, 1.5944], Current Cost = 5092.00, Rho = 1.000
(iter 10) [0.0, -0.7276, 1.0098] = 430.2281, sampling [1.0, 1.2197, 0.5459]. Recommendation = [0.0, 1.2465, 1.5944], Current Cost = 5093.00, Rho = 1.000
(iter 10) [0.0, -0.7276, 1.0098] = 430.2281, sampling [1.0, 0.4999, 1.9935]. Recommendation = [0.0, 1.2465, 1.5944], Current Cost = 5094.00, Rho = 1.000
(iter 10) [0.0, -0.7276, 1.0098] = 430.2281, sampling [1.0, 1.3889, 1.3151]. Recommendation = [0.0, 1.2465, 1.5944], Current Cost = 5095.00, Rho = 1.000
(iter 10) [0.0, -0.7276, 1.0098] = 430.2281, sampling [1.0, -0.5528, 1.1163]. Recommendation = [0.0, 1.2465, 1.5944], Current Cost = 5096.00, Rho = 1.000
(iter 10) [0.0, -0.7276, 1.0098] = 430.2281, sampling [1.0, -1.0012, 1.9132]. Recommendation = [0.0, 1.2465, 1.5944], Current Cost = 5097.00, Rho = 1.000
(iter 10) [0.0, -0.7276, 1.0098] = 430.2281, sampling [1.0, 0.1438, 1.4365]. Recommendation = [0.0, 1.2465, 1.5944], Current Cost = 5098.00, Rho = 1.000
(iter 10) [0.0, -0.7276, 1.0098] = 430.2281, sampling [1.0, -0.5197, 1.4934]. Recommendation = [0.0, 1.2465, 1.5944], Current Cost = 5099.00, Rho = 1.000
(iter 10) [0.0, -0.7276, 1.0098] = 430.2281, sampling [1.0, 0.6321, 0.9132]. Recommendation = [0.0, 1.2465, 1.5944], Current Cost = 5100.00, Rho = 1.000
(iter 10) [0.0, -0.7276, 1.0098] = 430.2281, sampling [1.0, -0.5688, -1.2679]. Recommendation = [0.0, 1.2465, 1.5944], Current Cost = 5101.00, Rho = 1.000
(iter 10) [0.0, -0.7276, 1.0098] = 430.2281, sampling [1.0, 0.4450, 1.3420]. Recommendation = [0.0, 1.2465, 1.5944], Current Cost = 5102.00, Rho = 1.000
(iter 10) [0.0, -0.7276, 1.0098] = 430.2281, sampling [1.0, 1.9728, 1.9658]. Recommendation = [0.0, 1.2465, 1.5944], Current Cost = 5103.00, Rho = 1.000
(iter 10) [0.0, -0.7276, 1.0098] = 430.2281, sampling [1.0, -1.9226, 1.7067]. Recommendation = [0.0, 1.2465, 1.5944], Current Cost = 5104.00, Rho = 1.000
(iter 10) [0.0, -0.7276, 1.0098] = 430.2281, sampling [1.0, -1.6166, 1.0865]. Recommendation = [0.0, 1.2465, 1.5944], Current Cost = 5105.00, Rho = 1.000
(iter 10) [0.0, -0.7276, 1.0098] = 430.2281, sampling [1.0, 0.4499, -0.9646]. Recommendation = [0.0, 1.2465, 1.5944], Current Cost = 5106.00, Rho = 1.000
(iter 10) [0.0, -0.7276, 1.0098] = 430.2281, sampling [1.0, -1.1649, -0.2521]. Recommendation = [0.0, 1.2465, 1.5944], Current Cost = 5107.00, Rho = 1.000
(iter 10) [0.0, -0.7276, 1.0098] = 430.2281, sampling [1.0, -0.0898, -1.3132]. Recommendation = [0.0, 1.2465, 1.5944], Current Cost = 5108.00, Rho = 1.000
(iter 10) [0.0, -0.7276, 1.0098] = 430.2281, sampling [1.0, 0.0747, -1.1257]. Recommendation = [0.0, 1.2465, 1.5944], Current Cost = 5109.00, Rho = 1.000
(iter 10) [0.0, -0.7276, 1.0098] = 430.2281, sampling [1.0, 0.0574, 0.8437]. Recommendation = [0.0, 1.2465, 1.5944], Current Cost = 5110.00, Rho = 1.000
(iter 10) [0.0, -0.7276, 1.0098] = 430.2281, sampling [1.0, 1.5207, 0.8218]. Recommendation = [0.0, 1.2465, 1.5944], Current Cost = 5111.00, Rho = 1.000
(iter 10) [0.0, -0.7276, 1.0098] = 430.2281, sampling [1.0, -0.5338, -0.6169]. Recommendation = [0.0, 1.2465, 1.5944], Current Cost = 5112.00, Rho = 1.000
(iter 10) [0.0, -0.7276, 1.0098] = 430.2281, sampling [1.0, 0.7864, 1.9250]. Recommendation = [0.0, 1.2465, 1.5944], Current Cost = 5113.00, Rho = 1.000
(iter 10) [0.0, -0.7276, 1.0098] = 430.2281, sampling [1.0, -1.3022, -1.3542]. Recommendation = [0.0, 1.2465, 1.5944], Current Cost = 5114.00, Rho = 1.000
(iter 10) [0.0, -0.7276, 1.0098] = 430.2281, sampling [1.0, -0.3340, 1.4640]. Recommendation = [0.0, 1.2465, 1.5944], Current Cost = 5115.00, Rho = 1.000
(iter 10) [0.0, -0.7276, 1.0098] = 430.2281, sampling [1.0, 0.2917, 1.1596]. Recommendation = [0.0, 1.2465, 1.5944], Current Cost = 5116.00, Rho = 1.000
(iter 10) [0.0, -0.7276, 1.0098] = 430.2281, sampling [1.0, 0.8209, -0.6073]. Recommendation = [0.0, 1.2465, 1.5944], Current Cost = 5117.00, Rho = 1.000
(iter 10) [0.0, -0.7276, 1.0098] = 430.2281, sampling [1.0, 0.6677, -0.9101]. Recommendation = [0.0, 1.2465, 1.5944], Current Cost = 5118.00, Rho = 1.000
(iter 10) [0.0, -0.7276, 1.0098] = 430.2281, sampling [1.0, 1.2693, 0.2683]. Recommendation = [0.0, 1.2465, 1.5944], Current Cost = 5119.00, Rho = 1.000
(iter 10) [0.0, -0.7276, 1.0098] = 430.2281, sampling [1.0, 0.2605, -1.2909]. Recommendation = [0.0, 1.2465, 1.5944], Current Cost = 5120.00, Rho = 1.000
(iter 10) [0.0, -0.7276, 1.0098] = 430.2281, sampling [1.0, -0.3769, -1.2265]. Recommendation = [0.0, 1.2465, 1.5944], Current Cost = 5121.00, Rho = 1.000
(iter 10) [0.0, -0.7276, 1.0098] = 430.2281, sampling [1.0, 0.9094, 1.9375]. Recommendation = [0.0, 1.2465, 1.5944], Current Cost = 5122.00, Rho = 1.000
(iter 10) [0.0, -0.7276, 1.0098] = 430.2281, sampling [1.0, 0.1223, 1.6813]. Recommendation = [0.0, 1.2465, 1.5944], Current Cost = 5123.00, Rho = 1.000
(iter 10) [0.0, -0.7276, 1.0098] = 430.2281, sampling [1.0, 1.7466, 1.8973]. Recommendation = [0.0, 1.2465, 1.5944], Current Cost = 5124.00, Rho = 1.000
(iter 10) [0.0, -0.7276, 1.0098] = 430.2281, sampling [1.0, -1.5984, 1.2992]. Recommendation = [0.0, 1.2465, 1.5944], Current Cost = 5125.00, Rho = 1.000
(iter 10) [0.0, -0.7276, 1.0098] = 430.2281, sampling [1.0, 1.4947, 0.5769]. Recommendation = [0.0, 1.2465, 1.5944], Current Cost = 5126.00, Rho = 1.000
(iter 10) [0.0, -0.7276, 1.0098] = 430.2281, sampling [1.0, -0.0717, -1.7035]. Recommendation = [0.0, 1.2465, 1.5944], Current Cost = 5127.00, Rho = 1.000
(iter 10) [0.0, -0.7276, 1.0098] = 430.2281, sampling [1.0, -1.4221, 0.4283]. Recommendation = [0.0, 1.2465, 1.5944], Current Cost = 5128.00, Rho = 1.000
(iter 10) [0.0, -0.7276, 1.0098] = 430.2281, sampling [1.0, -1.8571, 0.8064]. Recommendation = [0.0, 1.2465, 1.5944], Current Cost = 5129.00, Rho = 1.000
(iter 10) [0.0, -0.7276, 1.0098] = 430.2281, sampling [1.0, 1.1565, -0.1518]. Recommendation = [0.0, 1.2465, 1.5944], Current Cost = 5130.00, Rho = 1.000
(iter 10) [0.0, -0.7276, 1.0098] = 430.2281, sampling [1.0, -0.2805, -1.4968]. Recommendation = [0.0, 1.2465, 1.5944], Current Cost = 5131.00, Rho = 1.000
(iter 10) [0.0, -0.7276, 1.0098] = 430.2281, sampling [1.0, 0.5456, -1.0286]. Recommendation = [0.0, 1.2465, 1.5944], Current Cost = 5132.00, Rho = 1.000
(iter 10) [0.0, -0.7276, 1.0098] = 430.2281, sampling [1.0, 0.0294, 1.4150]. Recommendation = [0.0, 1.2465, 1.5944], Current Cost = 5133.00, Rho = 1.000
(iter 10) [0.0, -0.7276, 1.0098] = 430.2281, sampling [1.0, 0.4089, 1.7827]. Recommendation = [0.0, 1.2465, 1.5944], Current Cost = 5134.00, Rho = 1.000
(iter 10) [0.0, -0.7276, 1.0098] = 430.2281, sampling [1.0, -0.1923, 1.6588]. Recommendation = [0.0, 1.2465, 1.5944], Current Cost = 5135.00, Rho = 1.000
(iter 10) [0.0, -0.7276, 1.0098] = 430.2281, sampling [1.0, 1.0141, -0.4822]. Recommendation = [0.0, 1.2465, 1.5944], Current Cost = 5136.00, Rho = 1.000
(iter 10) [0.0, -0.7276, 1.0098] = 430.2281, sampling [1.0, -0.1061, -1.2356]. Recommendation = [0.0, 1.2465, 1.5944], Current Cost = 5137.00, Rho = 1.000
(iter 10) [0.0, -0.7276, 1.0098] = 430.2281, sampling [1.0, -0.6926, -1.0834]. Recommendation = [0.0, 1.2465, 1.5944], Current Cost = 5138.00, Rho = 1.000
(iter 10) [0.0, -0.7276, 1.0098] = 430.2281, sampling [1.0, 0.5911, -1.3281]. Recommendation = [0.0, 1.2465, 1.5944], Current Cost = 5139.00, Rho = 1.000
(iter 10) [0.0, -0.7276, 1.0098] = 430.2281, sampling [1.0, -0.4191, 1.5571]. Recommendation = [0.0, 1.2465, 1.5944], Current Cost = 5140.00, Rho = 1.000
(iter 10) [0.0, -0.7276, 1.0098] = 430.2281, sampling [1.0, 1.3103, 0.1119]. Recommendation = [0.0, 1.2465, 1.5944], Current Cost = 5141.00, Rho = 1.000
(iter 10) [0.0, -0.7276, 1.0098] = 430.2281, sampling [1.0, 0.7713, -1.0535]. Recommendation = [0.0, 1.2465, 1.5944], Current Cost = 5142.00, Rho = 1.000
(iter 10) [0.0, -0.7276, 1.0098] = 430.2281, sampling [1.0, -0.4972, -1.8215]. Recommendation = [0.0, 1.2465, 1.5944], Current Cost = 5143.00, Rho = 1.000
(iter 10) [0.0, -0.7276, 1.0098] = 430.2281, sampling [1.0, 1.9496, 1.5050]. Recommendation = [0.0, 1.2465, 1.5944], Current Cost = 5144.00, Rho = 1.000
(iter 10) [0.0, -0.7276, 1.0098] = 430.2281, sampling [1.0, -1.0408, -0.7599]. Recommendation = [0.0, 1.2465, 1.5944], Current Cost = 5145.00, Rho = 1.000
(iter 10) [0.0, -0.7276, 1.0098] = 430.2281, sampling [1.0, 1.7845, 0.7122]. Recommendation = [0.0, 1.2465, 1.5944], Current Cost = 5146.00, Rho = 1.000
(iter 10) [0.0, -0.7276, 1.0098] = 430.2281, sampling [1.0, 1.1324, -0.2603]. Recommendation = [0.0, 1.2465, 1.5944], Current Cost = 5147.00, Rho = 1.000
(iter 10) [0.0, -0.7276, 1.0098] = 430.2281, sampling [1.0, -1.2695, -0.5386]. Recommendation = [0.0, 1.2465, 1.5944], Current Cost = 5148.00, Rho = 1.000
(iter 10) [0.0, -0.7276, 1.0098] = 430.2281, sampling [1.0, -1.7862, 1.5479]. Recommendation = [0.0, 1.2465, 1.5944], Current Cost = 5149.00, Rho = 1.000
(iter 10) [0.0, -0.7276, 1.0098] = 430.2281, sampling [1.0, 0.9761, -0.5706]. Recommendation = [0.0, 1.2465, 1.5944], Current Cost = 5150.00, Rho = 1.000
(iter 10) [0.0, -0.7276, 1.0098] = 430.2281, sampling [1.0, 0.0961, 1.5266]. Recommendation = [0.0, 1.2465, 1.5944], Current Cost = 5151.00, Rho = 1.000
(iter 10) [0.0, -0.7276, 1.0098] = 430.2281, sampling [1.0, -0.2557, 1.5783]. Recommendation = [0.0, 1.2465, 1.5944], Current Cost = 5152.00, Rho = 1.000
(iter 10) [0.0, -0.7276, 1.0098] = 430.2281, sampling [1.0, -0.6025, -1.4179]. Recommendation = [0.0, 1.2465, 1.5944], Current Cost = 5153.00, Rho = 1.000
(iter 10) [0.0, -0.7276, 1.0098] = 430.2281, sampling [1.0, -1.9793, -0.3571]. Recommendation = [0.0, 1.2465, 1.5944], Current Cost = 5154.00, Rho = 1.000
(iter 10) [0.0, -0.7276, 1.0098] = 430.2281, sampling [1.0, 1.0917, -0.9325]. Recommendation = [0.0, 1.2465, 1.5944], Current Cost = 5155.00, Rho = 1.000
(iter 10) [0.0, -0.7276, 1.0098] = 430.2281, sampling [1.0, 0.5402, -1.8566]. Recommendation = [0.0, 1.2465, 1.5944], Current Cost = 5156.00, Rho = 1.000
(iter 10) [0.0, -0.7276, 1.0098] = 430.2281, sampling [1.0, -1.7539, 1.2116]. Recommendation = [0.0, 1.2465, 1.5944], Current Cost = 5157.00, Rho = 1.000
(iter 10) [0.0, -0.7276, 1.0098] = 430.2281, sampling [1.0, 0.8952, -1.2593]. Recommendation = [0.0, 1.2465, 1.5944], Current Cost = 5158.00, Rho = 1.000
(iter 10) [0.0, -0.7276, 1.0098] = 430.2281, sampling [1.0, -0.1125, 1.6429]. Recommendation = [0.0, 1.2465, 1.5944], Current Cost = 5159.00, Rho = 1.000
(iter 10) [0.0, -0.7276, 1.0098] = 430.2281, sampling [1.0, 1.6170, 0.2187]. Recommendation = [0.0, 1.2465, 1.5944], Current Cost = 5160.00, Rho = 1.000
(iter 10) [0.0, -0.7276, 1.0098] = 430.2281, sampling [1.0, 1.9896, -1.7708]. Recommendation = [0.0, 1.2465, 1.5944], Current Cost = 5161.00, Rho = 1.000
(iter 10) [0.0, -0.7276, 1.0098] = 430.2281, sampling [1.0, 0.7153, -1.5377]. Recommendation = [0.0, 1.2465, 1.5944], Current Cost = 5162.00, Rho = 1.000
(iter 10) [0.0, -0.7276, 1.0098] = 430.2281, sampling [1.0, -0.7639, -1.8877]. Recommendation = [0.0, 1.2465, 1.5944], Current Cost = 5163.00, Rho = 1.000
(iter 10) [0.0, -0.7276, 1.0098] = 430.2281, sampling [1.0, -1.2892, -0.1935]. Recommendation = [0.0, 1.2465, 1.5944], Current Cost = 5164.00, Rho = 1.000
(iter 10) [0.0, -0.7276, 1.0098] = 430.2281, sampling [1.0, 1.0819, -0.5213]. Recommendation = [0.0, 1.2465, 1.5944], Current Cost = 5165.00, Rho = 1.000
(iter 10) [0.0, -0.7276, 1.0098] = 430.2281, sampling [1.0, -0.9765, -1.1811]. Recommendation = [0.0, 1.2465, 1.5944], Current Cost = 5166.00, Rho = 1.000
(iter 10) [0.0, -0.7276, 1.0098] = 430.2281, sampling [1.0, -0.8708, -0.6519]. Recommendation = [0.0, 1.2465, 1.5944], Current Cost = 5167.00, Rho = 1.000
(iter 10) [0.0, -0.7276, 1.0098] = 430.2281, sampling [1.0, 1.8538, 0.9792]. Recommendation = [0.0, 1.2465, 1.5944], Current Cost = 5168.00, Rho = 1.000
(iter 10) [0.0, -0.7276, 1.0098] = 430.2281, sampling [1.0, -0.6844, -1.6293]. Recommendation = [0.0, 1.2465, 1.5944], Current Cost = 5169.00, Rho = 1.000
(iter 10) [0.0, -0.7276, 1.0098] = 430.2281, sampling [1.0, -1.6403, 0.4573]. Recommendation = [0.0, 1.2465, 1.5944], Current Cost = 5170.00, Rho = 1.000
(iter 10) [0.0, -0.7276, 1.0098] = 430.2281, sampling [1.0, 1.4171, 0.0627]. Recommendation = [0.0, 1.2465, 1.5944], Current Cost = 5171.00, Rho = 1.000
(iter 10) [0.0, -0.7276, 1.0098] = 430.2281, sampling [1.0, -1.9898, -1.9765]. Recommendation = [0.0, 1.2465, 1.5944], Current Cost = 5172.00, Rho = 1.000
(iter 10) [0.0, -0.7276, 1.0098] = 430.2281, sampling [1.0, 1.6006, 0.7749]. Recommendation = [0.0, 1.2465, 1.5944], Current Cost = 5173.00, Rho = 1.000
(iter 10) [0.0, -0.7276, 1.0098] = 430.2281, sampling [1.0, 0.6551, -1.3711]. Recommendation = [0.0, 1.2465, 1.5944], Current Cost = 5174.00, Rho = 1.000
(iter 10) [0.0, -0.7276, 1.0098] = 430.2281, sampling [1.0, -1.0873, -0.8838]. Recommendation = [0.0, 1.2465, 1.5944], Current Cost = 5175.00, Rho = 1.000
(iter 10) [0.0, -0.7276, 1.0098] = 430.2281, sampling [1.0, -1.4541, 0.3793]. Recommendation = [0.0, 1.2465, 1.5944], Current Cost = 5176.00, Rho = 1.000
(iter 10) [0.0, -0.7276, 1.0098] = 430.2281, sampling [1.0, -1.7115, 1.1423]. Recommendation = [0.0, 1.2465, 1.5944], Current Cost = 5177.00, Rho = 1.000
(iter 10) [0.0, -0.7276, 1.0098] = 430.2281, sampling [1.0, 1.1199, -0.8155]. Recommendation = [0.0, 1.2465, 1.5944], Current Cost = 5178.00, Rho = 1.000
(iter 10) [0.0, -0.7276, 1.0098] = 430.2281, sampling [1.0, -1.4607, 0.0035]. Recommendation = [0.0, 1.2465, 1.5944], Current Cost = 5179.00, Rho = 1.000
(iter 10) [0.0, -0.7276, 1.0098] = 430.2281, sampling [1.0, 0.8151, -1.4296]. Recommendation = [0.0, 1.2465, 1.5944], Current Cost = 5180.00, Rho = 1.000
(iter 10) [0.0, -0.7276, 1.0098] = 430.2281, sampling [1.0, -1.3202, -0.3773]. Recommendation = [0.0, 1.2465, 1.5944], Current Cost = 5181.00, Rho = 1.000
(iter 10) [0.0, -0.7276, 1.0098] = 430.2281, sampling [1.0, 1.0041, -0.5468]. Recommendation = [0.0, 1.2465, 1.5944], Current Cost = 5182.00, Rho = 1.000
(iter 10) [0.0, -0.7276, 1.0098] = 430.2281, sampling [1.0, -1.7734, 1.3586]. Recommendation = [0.0, 1.2465, 1.5944], Current Cost = 5183.00, Rho = 1.000
(iter 10) [0.0, -0.7276, 1.0098] = 430.2281, sampling [1.0, 1.8237, 0.5119]. Recommendation = [0.0, 1.2465, 1.5944], Current Cost = 5184.00, Rho = 1.000
(iter 10) [0.0, -0.7276, 1.0098] = 430.2281, sampling [1.0, -0.9426, -1.5904]. Recommendation = [0.0, 1.2465, 1.5944], Current Cost = 5185.00, Rho = 1.000
(iter 10) [0.0, -0.7276, 1.0098] = 430.2281, sampling [1.0, 1.5369, -0.2246]. Recommendation = [0.0, 1.2465, 1.5944], Current Cost = 5186.00, Rho = 1.000
(iter 10) [0.0, -0.7276, 1.0098] = 430.2281, sampling [1.0, 0.3982, 1.8044]. Recommendation = [0.0, 1.2465, 1.5944], Current Cost = 5187.00, Rho = 1.000
(iter 10) [0.0, -0.7276, 1.0098] = 430.2281, sampling [1.0, 0.7459, -1.6138]. Recommendation = [0.0, 1.2465, 1.5944], Current Cost = 5188.00, Rho = 1.000
(iter 10) [0.0, -0.7276, 1.0098] = 430.2281, sampling [1.0, 1.5106, 0.0243]. Recommendation = [0.0, 1.2465, 1.5944], Current Cost = 5189.00, Rho = 1.000
(iter 10) [0.0, -0.7276, 1.0098] = 430.2281, sampling [1.0, 1.8729, 1.2449]. Recommendation = [0.0, 1.2465, 1.5944], Current Cost = 5190.00, Rho = 1.000
(iter 10) [0.0, -0.7276, 1.0098] = 430.2281, sampling [1.0, 1.0297, -1.4403]. Recommendation = [0.0, 1.2465, 1.5944], Current Cost = 5191.00, Rho = 1.000
(iter 10) [0.0, -0.7276, 1.0098] = 430.2281, sampling [1.0, -1.8000, 0.3469]. Recommendation = [0.0, 1.2465, 1.5944], Current Cost = 5192.00, Rho = 1.000
(iter 10) [0.0, -0.7276, 1.0098] = 430.2281, sampling [1.0, 1.1980, -1.1378]. Recommendation = [0.0, 1.2465, 1.5944], Current Cost = 5193.00, Rho = 1.000
(iter 10) [0.0, -0.7276, 1.0098] = 430.2281, sampling [1.0, -0.6520, -1.9466]. Recommendation = [0.0, 1.2465, 1.5944], Current Cost = 5194.00, Rho = 1.000
(iter 10) [0.0, -0.7276, 1.0098] = 430.2281, sampling [1.0, -0.7761, -1.7200]. Recommendation = [0.0, 1.2465, 1.5944], Current Cost = 5195.00, Rho = 1.000
(iter 10) [0.0, -0.7276, 1.0098] = 430.2281, sampling [1.0, -1.4244, -0.7808]. Recommendation = [0.0, 1.2465, 1.5944], Current Cost = 5196.00, Rho = 1.000
(iter 10) [0.0, -0.7276, 1.0098] = 430.2281, sampling [1.0, 0.8725, -1.6661]. Recommendation = [0.0, 1.2465, 1.5944], Current Cost = 5197.00, Rho = 1.000
(iter 10) [0.0, -0.7276, 1.0098] = 430.2281, sampling [1.0, 1.8579, -0.0871]. Recommendation = [0.0, 1.2465, 1.5944], Current Cost = 5198.00, Rho = 1.000
(iter 10) [0.0, -0.7276, 1.0098] = 430.2281, sampling [1.0, 1.4552, -0.6764]. Recommendation = [0.0, 1.2465, 1.5944], Current Cost = 5199.00, Rho = 1.000
(iter 10) [0.0, -0.7276, 1.0098] = 430.2281, sampling [1.0, -1.4946, -0.3303]. Recommendation = [0.0, 1.2465, 1.5944], Current Cost = 5200.00, Rho = 1.000
(iter 10) [0.0, -0.7276, 1.0098] = 430.2281, sampling [1.0, 1.1793, -0.9260]. Recommendation = [0.0, 1.2465, 1.5944], Current Cost = 5201.00, Rho = 1.000
(iter 10) [0.0, -0.7276, 1.0098] = 430.2281, sampling [1.0, -1.9593, 0.6170]. Recommendation = [0.0, 1.2465, 1.5944], Current Cost = 5202.00, Rho = 1.000
(iter 10) [0.0, -0.7276, 1.0098] = 430.2281, sampling [1.0, 1.1369, -1.0153]. Recommendation = [0.0, 1.2465, 1.5944], Current Cost = 5203.00, Rho = 1.000
(iter 10) [0.0, -0.7276, 1.0098] = 430.2281, sampling [1.0, -1.0662, -1.5043]. Recommendation = [0.0, 1.2465, 1.5944], Current Cost = 5204.00, Rho = 1.000
(iter 10) [0.0, -0.7276, 1.0098] = 430.2281, sampling [1.0, -1.3519, -1.1013]. Recommendation = [0.0, 1.2465, 1.5944], Current Cost = 5205.00, Rho = 1.000
(iter 10) [0.0, -0.7276, 1.0098] = 430.2281, sampling [1.0, 1.9344, 0.9568]. Recommendation = [0.0, 1.2465, 1.5944], Current Cost = 5206.00, Rho = 1.000
(iter 10) [0.0, -0.7276, 1.0098] = 430.2281, sampling [1.0, -1.1073, -1.9141]. Recommendation = [0.0, 1.2465, 1.5944], Current Cost = 5207.00, Rho = 1.000
(iter 10) [0.0, -0.7276, 1.0098] = 430.2281, sampling [1.0, -1.6852, -0.1416]. Recommendation = [0.0, 1.2465, 1.5944], Current Cost = 5208.00, Rho = 1.000
(iter 10) [0.0, -0.7276, 1.0098] = 430.2281, sampling [1.0, 1.2595, -1.3045]. Recommendation = [0.0, 1.2465, 1.5944], Current Cost = 5209.00, Rho = 1.000
(iter 10) [0.0, -0.7276, 1.0098] = 430.2281, sampling [1.0, 1.4740, -0.8522]. Recommendation = [0.0, 1.2465, 1.5944], Current Cost = 5210.00, Rho = 1.000
(iter 10) [0.0, -0.7276, 1.0098] = 430.2281, sampling [1.0, 1.6768, -0.0310]. Recommendation = [0.0, 1.2465, 1.5944], Current Cost = 5211.00, Rho = 1.000
(iter 10) [0.0, -0.7276, 1.0098] = 430.2281, sampling [1.0, -1.6760, -0.6386]. Recommendation = [0.0, 1.2465, 1.5944], Current Cost = 5212.00, Rho = 1.000
(iter 10) [0.0, -0.7276, 1.0098] = 430.2281, sampling [1.0, -1.2568, -1.5712]. Recommendation = [0.0, 1.2465, 1.5944], Current Cost = 5213.00, Rho = 1.000
(iter 10) [0.0, -0.7276, 1.0098] = 430.2281, sampling [1.0, 1.3543, -1.9895]. Recommendation = [0.0, 1.2465, 1.5944], Current Cost = 5214.00, Rho = 1.000
(iter 10) [0.0, -0.7276, 1.0098] = 430.2281, sampling [1.0, 1.5978, -1.1581]. Recommendation = [0.0, 1.2465, 1.5944], Current Cost = 5215.00, Rho = 1.000
(iter 10) [0.0, -0.7276, 1.0098] = 430.2281, sampling [1.0, -1.9441, -0.0360]. Recommendation = [0.0, 1.2465, 1.5944], Current Cost = 5216.00, Rho = 1.000
(iter 10) [0.0, -0.7276, 1.0098] = 430.2281, sampling [1.0, 1.6507, -0.3496]. Recommendation = [0.0, 1.2465, 1.5944], Current Cost = 5217.00, Rho = 1.000
(iter 10) [0.0, -0.7276, 1.0098] = 430.2281, sampling [1.0, 1.7675, 0.6754]. Recommendation = [0.0, 1.2465, 1.5944], Current Cost = 5218.00, Rho = 1.000
(iter 10) [0.0, -0.7276, 1.0098] = 430.2281, sampling [1.0, 1.3655, -1.4830]. Recommendation = [0.0, 1.2465, 1.5944], Current Cost = 5219.00, Rho = 1.000
(iter 10) [0.0, -0.7276, 1.0098] = 430.2281, sampling [1.0, 1.8898, 0.5316]. Recommendation = [0.0, 1.2465, 1.5944], Current Cost = 5220.00, Rho = 1.000
(iter 10) [0.0, -0.7276, 1.0098] = 430.2281, sampling [1.0, -1.1238, -1.7971]. Recommendation = [0.0, 1.2465, 1.5944], Current Cost = 5221.00, Rho = 1.000
(iter 10) [0.0, -0.7276, 1.0098] = 430.2281, sampling [0.0, 1.2465, 1.5944]. Recommendation = [0.0, 1.2465, 1.5944], Current Cost = 5222.00, Rho = 1.000
(iter 227) [0.0, 1.2465, 1.5944] = 456.0734, sampling [1.0, -1.5120, -0.7110]. Recommendation = [0.0, 1.2465, 1.5944], Current Cost = 6222.00, Rho = 1.000
(iter 227) [0.0, 1.2465, 1.5944] = 456.0734, sampling [1.0, -1.6534, -0.4493]. Recommendation = [0.0, 1.2465, 1.5944], Current Cost = 6223.00, Rho = 1.000
(iter 227) [0.0, 1.2465, 1.5944] = 456.0734, sampling [1.0, 1.7078, -0.8437]. Recommendation = [0.0, 1.2465, 1.5944], Current Cost = 6224.00, Rho = 1.000
(iter 227) [0.0, 1.2465, 1.5944] = 456.0734, sampling [1.0, 0.9291, -1.8924]. Recommendation = [0.0, 1.2465, 1.5944], Current Cost = 6225.00, Rho = 1.000
(iter 227) [0.0, 1.2465, 1.5944] = 456.0734, sampling [1.0, -1.8177, -0.8766]. Recommendation = [0.0, 1.2465, 1.5944], Current Cost = 6226.00, Rho = 1.000
(iter 227) [0.0, 1.2465, 1.5944] = 456.0734, sampling [1.0, -1.6033, -1.3773]. Recommendation = [0.0, 1.2465, 1.5944], Current Cost = 6227.00, Rho = 1.000
(iter 227) [0.0, 1.2465, 1.5944] = 456.0734, sampling [1.0, -1.3304, -1.7552]. Recommendation = [0.0, 1.2465, 1.5944], Current Cost = 6228.00, Rho = 1.000
(iter 227) [0.0, 1.2465, 1.5944] = 456.0734, sampling [0.0, 0.4303, 0.2357]. Recommendation = [0.0, 1.2465, 1.5944], Current Cost = 6229.00, Rho = 1.000
(iter 227) [0.0, 1.2465, 1.5944] = 456.0734, sampling [1.0, 1.5579, -0.9781]. Recommendation = [0.0, 1.2465, 1.5944], Current Cost = 7229.00, Rho = 1.000
(iter 227) [0.0, 1.2465, 1.5944] = 456.0734, sampling [1.0, 1.9073, -1.0058]. Recommendation = [0.0, 1.2465, 1.5944], Current Cost = 7230.00, Rho = 1.000
(iter 227) [0.0, 1.2465, 1.5944] = 456.0734, sampling [1.0, -1.5820, -0.7893]. Recommendation = [0.0, 1.2465, 1.5944], Current Cost = 7231.00, Rho = 1.000
(iter 227) [0.0, 1.2465, 1.5944] = 456.0734, sampling [1.0, -1.0939, -1.5277]. Recommendation = [0.0, 1.2465, 1.5944], Current Cost = 7232.00, Rho = 1.000
(iter 227) [0.0, 1.2465, 1.5944] = 456.0734, sampling [1.0, 1.4245, -1.7769]. Recommendation = [0.0, 1.2465, 1.5944], Current Cost = 7233.00, Rho = 1.000
(iter 227) [0.0, 1.2465, 1.5944] = 456.0734, sampling [1.0, 1.7328, -0.6915]. Recommendation = [0.0, 1.2465, 1.5944], Current Cost = 7234.00, Rho = 1.000
(iter 227) [0.0, 1.2465, 1.5944] = 456.0734, sampling [1.0, -1.9167, -1.2052]. Recommendation = [0.0, 1.2465, 1.5944], Current Cost = 7235.00, Rho = 1.000
(iter 227) [0.0, 1.2465, 1.5944] = 456.0734, sampling [1.0, -1.5362, -1.5544]. Recommendation = [0.0, 1.2465, 1.5944], Current Cost = 7236.00, Rho = 1.000
(iter 227) [0.0, 1.2465, 1.5944] = 456.0734, sampling [1.0, -1.8542, -0.4718]. Recommendation = [0.0, 1.2465, 1.5944], Current Cost = 7237.00, Rho = 1.000
(iter 227) [0.0, 1.2465, 1.5944] = 456.0734, sampling [1.0, -1.3660, -1.6608]. Recommendation = [0.0, 1.2465, 1.5944], Current Cost = 7238.00, Rho = 1.000
(iter 227) [0.0, 1.2465, 1.5944] = 456.0734, sampling [1.0, 1.6950, -1.6871]. Recommendation = [0.0, 1.2465, 1.5944], Current Cost = 7239.00, Rho = 1.000
(iter 227) [0.0, 1.2465, 1.5944] = 456.0734, sampling [1.0, -1.7229, -1.6357]. Recommendation = [0.0, 1.2465, 1.5944], Current Cost = 7240.00, Rho = 1.000
(iter 227) [0.0, 1.2465, 1.5944] = 456.0734, sampling [1.0, -1.1409, -1.8245]. Recommendation = [0.0, 1.2465, 1.5944], Current Cost = 7241.00, Rho = 1.000
(iter 227) [0.0, 1.2465, 1.5944] = 456.0734, sampling [1.0, 1.9625, -1.4625]. Recommendation = [0.0, 1.2465, 1.5944], Current Cost = 7242.00, Rho = 1.000
(iter 227) [0.0, 1.2465, 1.5944] = 456.0734, sampling [1.0, 1.4022, -1.9358]. Recommendation = [0.0, 1.2465, 1.5944], Current Cost = 7243.00, Rho = 1.000
(iter 227) [0.0, 1.2465, 1.5944] = 456.0734, sampling [1.0, 1.5736, -1.1960]. Recommendation = [0.0, 1.2465, 1.5944], Current Cost = 7244.00, Rho = 1.000
(iter 227) [0.0, 1.2465, 1.5944] = 456.0734, sampling [1.0, -1.8934, -1.3946]. Recommendation = [0.0, 1.2465, 1.5944], Current Cost = 7245.00, Rho = 1.000
(iter 227) [0.0, 1.2465, 1.5944] = 456.0734, sampling [1.0, -1.8739, -0.8257]. Recommendation = [0.0, 1.2465, 1.5944], Current Cost = 7246.00, Rho = 1.000
(iter 227) [0.0, 1.2465, 1.5944] = 456.0734, sampling [1.0, 1.4714, -1.7439]. Recommendation = [0.0, 1.2465, 1.5944], Current Cost = 7247.00, Rho = 1.000
(iter 227) [0.0, 1.2465, 1.5944] = 456.0734, sampling [1.0, 1.8349, -0.9547]. Recommendation = [0.0, 1.2465, 1.5944], Current Cost = 7248.00, Rho = 1.000
(iter 227) [0.0, 1.2465, 1.5944] = 456.0734, sampling [1.0, -1.8325, -1.9540]. Recommendation = [0.0, 1.2465, 1.5944], Current Cost = 7249.00, Rho = 1.000
(iter 227) [0.0, 1.2465, 1.5944] = 456.0734, sampling [0.0, 0.1702, -0.0001]. Recommendation = [0.0, 1.2465, 1.5944], Current Cost = 7250.00, Rho = 1.000
(iter 227) [0.0, 1.2465, 1.5944] = 456.0734, sampling [0.0, 0.2605, -1.2909]. Recommendation = [0.0, 1.2465, 1.5944], Current Cost = 8250.00, Rho = 1.000
(iter 227) [0.0, 1.2465, 1.5944] = 456.0734, sampling [0.0, 1.8237, 0.5119]. Recommendation = [0.0, 1.2465, 1.5944], Current Cost = 9250.00, Rho = 1.000
(iter 227) [0.0, 1.2465, 1.5944] = 456.0734, sampling [0.0, 0.9291, -1.8924]. Recommendation = [0.0, 1.2465, 1.5944], Current Cost = 10250.00, Rho = 1.000
(iter 227) [0.0, 1.2465, 1.5944] = 456.0734, sampling [0.0, 0.9560, 1.8635]. Recommendation = [0.0, 1.2465, 1.5944], Current Cost = 11250.00, Rho = 1.000
(iter 227) [0.0, 1.2465, 1.5944] = 456.0734, sampling [0.0, -0.5528, 1.1163]. Recommendation = [0.0, 1.2465, 1.5944], Current Cost = 12250.00, Rho = 1.000
(iter 227) [0.0, 1.2465, 1.5944] = 456.0734, sampling [0.0, 1.2877, 1.2523]. Recommendation = [0.0, 1.2465, 1.5944], Current Cost = 13250.00, Rho = 1.000
(iter 227) [0.0, 1.2465, 1.5944] = 456.0734, sampling [0.0, 0.1550, 0.6282]. Recommendation = [0.0, 1.2465, 1.5944], Current Cost = 14250.00, Rho = 1.000
(iter 227) [0.0, 1.2465, 1.5944] = 456.0734, sampling [0.0, 1.1369, -1.0153]. Recommendation = [0.0, 1.2465, 1.5944], Current Cost = 15250.00, Rho = 1.000
(iter 227) [0.0, 1.2465, 1.5944] = 456.0734, sampling [0.0, -1.5246, 1.7598]. Recommendation = [0.0, 1.2465, 1.5944], Current Cost = 16250.00, Rho = 1.000
(iter 227) [0.0, 1.2465, 1.5944] = 456.0734, sampling [0.0, -0.2805, -1.4968]. Recommendation = [0.0, 1.2465, 1.5944], Current Cost = 17250.00, Rho = 1.000
(iter 227) [0.0, 1.2465, 1.5944] = 456.0734, sampling [0.0, 1.0685, 1.0017]. Recommendation = [0.0, 1.2465, 1.5944], Current Cost = 18250.00, Rho = 1.000
(iter 227) [0.0, 1.2465, 1.5944] = 456.0734, sampling [0.0, -1.4607, 0.0035]. Recommendation = [0.0, 1.2465, 1.5944], Current Cost = 19250.00, Rho = 1.000
(iter 227) [0.0, 1.2465, 1.5944] = 456.0734, sampling [0.0, -0.6140, 0.8725]. Recommendation = [0.0, 1.2465, 1.5944], Current Cost = 20250.00, Rho = 1.000
(iter 227) [0.0, 1.2465, 1.5944] = 456.0734, sampling [0.0, -0.4705, 0.2401]. Recommendation = [0.0, 1.2465, 1.5944], Current Cost = 21250.00, Rho = 1.000
(iter 227) [0.0, 1.2465, 1.5944] = 456.0734, sampling [0.0, 1.0297, -1.4403]. Recommendation = [0.0, 1.2465, 1.5944], Current Cost = 22250.00, Rho = 1.000
(iter 227) [0.0, 1.2465, 1.5944] = 456.0734, sampling [0.0, -0.4327, 1.2863]. Recommendation = [0.0, 1.2465, 1.5944], Current Cost = 23250.00, Rho = 1.000
(iter 227) [0.0, 1.2465, 1.5944] = 456.0734, sampling [0.0, 1.8349, -0.9547]. Recommendation = [0.0, 1.2465, 1.5944], Current Cost = 24250.00, Rho = 1.000
(iter 227) [0.0, 1.2465, 1.5944] = 456.0734, sampling [0.0, 1.4171, 0.0627]. Recommendation = [0.0, 1.2465, 1.5944], Current Cost = 25250.00, Rho = 1.000
(iter 227) [0.0, 1.2465, 1.5944] = 456.0734, sampling [0.0, -1.3202, -0.3773]. Recommendation = [0.0, 1.2465, 1.5944], Current Cost = 26250.00, Rho = 1.000
(iter 227) [0.0, 1.2465, 1.5944] = 456.0734, sampling [0.0, -0.4972, -1.8215]. Recommendation = [0.0, 1.2465, 1.5944], Current Cost = 27250.00, Rho = 1.000
(iter 227) [0.0, 1.2465, 1.5944] = 456.0734, sampling [0.0, 1.0141, -0.4822]. Recommendation = [0.0, 1.2465, 1.5944], Current Cost = 28250.00, Rho = 1.000
(iter 227) [0.0, 1.2465, 1.5944] = 456.0734, sampling [0.0, 1.1793, -0.9260]. Recommendation = [0.0, 1.2465, 1.5944], Current Cost = 29250.00, Rho = 1.000
(iter 227) [0.0, 1.2465, 1.5944] = 456.0734, sampling [0.0, -0.3918, -0.7253]. Recommendation = [0.0, 1.2465, 1.5944], Current Cost = 30250.00, Rho = 1.000
(iter 227) [0.0, 1.2465, 1.5944] = 456.0734, sampling [0.0, 1.6507, -0.3496]. Recommendation = [0.0, 1.2465, 1.5944], Current Cost = 31250.00, Rho = 1.000
(iter 227) [0.0, 1.2465, 1.5944] = 456.0734, sampling [0.0, -0.4191, 1.5571]. Recommendation = [0.0, 1.2465, 1.5944], Current Cost = 32250.00, Rho = 1.000
(iter 227) [0.0, 1.2465, 1.5944] = 456.0734, sampling [0.0, 0.7864, 1.9250]. Recommendation = [0.0, 1.2465, 1.5944], Current Cost = 33250.00, Rho = 1.000
(iter 227) [0.0, 1.2465, 1.5944] = 456.0734, sampling [0.0, 0.3455, 0.7970]. Recommendation = [0.0, 1.2465, 1.5944], Current Cost = 34250.00, Rho = 1.000
(iter 227) [0.0, 1.2465, 1.5944] = 456.0734, sampling [0.0, -1.3874, 0.7671]. Recommendation = [0.0, 1.2465, 1.5944], Current Cost = 35250.00, Rho = 1.000
(iter 227) [0.0, 1.2465, 1.5944] = 456.0734, sampling [0.0, -1.5362, -1.5544]. Recommendation = [0.0, 1.2465, 1.5944], Current Cost = 36250.00, Rho = 1.000
(iter 227) [0.0, 1.2465, 1.5944] = 456.0734, sampling [0.0, -1.5120, -0.7110]. Recommendation = [0.0, 1.2465, 1.5944], Current Cost = 37250.00, Rho = 1.000
(iter 227) [0.0, 1.2465, 1.5944] = 456.0734, sampling [0.0, 0.5740, 0.4692]. Recommendation = [0.0, 1.2465, 1.5944], Current Cost = 38250.00, Rho = 1.000
(iter 227) [0.0, 1.2465, 1.5944] = 456.0734, sampling [0.0, -0.2182, -0.0540]. Recommendation = [0.0, 1.2465, 1.5944], Current Cost = 39250.00, Rho = 1.000
(iter 227) [0.0, 1.2465, 1.5944] = 456.0734, sampling [0.0, -1.0286, 1.4026]. Recommendation = [0.0, 1.2465, 1.5944], Current Cost = 40250.00, Rho = 1.000
(iter 227) [0.0, 1.2465, 1.5944] = 456.0734, sampling [0.0, 0.5402, -1.8566]. Recommendation = [0.0, 1.2465, 1.5944], Current Cost = 41250.00, Rho = 1.000
(iter 227) [0.0, 1.2465, 1.5944] = 456.0734, sampling [0.0, -1.2892, -0.1935]. Recommendation = [0.0, 1.2465, 1.5944], Current Cost = 42250.00, Rho = 1.000
(iter 227) [0.0, 1.2465, 1.5944] = 456.0734, sampling [0.0, 1.1199, -0.8155]. Recommendation = [0.0, 1.2465, 1.5944], Current Cost = 43250.00, Rho = 1.000
(iter 227) [0.0, 1.2465, 1.5944] = 456.0734, sampling [0.0, -1.7229, -1.6357]. Recommendation = [0.0, 1.2465, 1.5944], Current Cost = 44250.00, Rho = 1.000
(iter 227) [0.0, 1.2465, 1.5944] = 456.0734, sampling [0.0, 1.3103, 0.1119]. Recommendation = [0.0, 1.2465, 1.5944], Current Cost = 45250.00, Rho = 1.000
(iter 227) [0.0, 1.2465, 1.5944] = 456.0734, sampling [0.0, -1.0939, -1.5277]. Recommendation = [0.0, 1.2465, 1.5944], Current Cost = 46250.00, Rho = 1.000
(iter 227) [0.0, 1.2465, 1.5944] = 456.0734, sampling [0.0, -1.9226, 1.7067]. Recommendation = [0.0, 1.2465, 1.5944], Current Cost = 47250.00, Rho = 1.000
(iter 227) [0.0, 1.2465, 1.5944] = 456.0734, sampling [0.0, 1.4022, -1.9358]. Recommendation = [0.0, 1.2465, 1.5944], Current Cost = 48250.00, Rho = 1.000
(iter 227) [0.0, 1.2465, 1.5944] = 456.0734, sampling [0.0, 0.9761, -0.5706]. Recommendation = [0.0, 1.2465, 1.5944], Current Cost = 49250.00, Rho = 1.000
(iter 227) [0.0, 1.2465, 1.5944] = 456.0734, sampling [0.0, 1.9496, 1.5050]. Recommendation = [0.0, 1.2465, 1.5944], Current Cost = 50250.00, Rho = 1.000
(iter 227) [0.0, 1.2465, 1.5944] = 456.0734, sampling [0.0, -1.3304, -1.7552]. Recommendation = [0.0, 1.2465, 1.5944], Current Cost = 51250.00, Rho = 1.000
(iter 227) [0.0, 1.2465, 1.5944] = 456.0734, sampling [0.0, 1.3655, -1.4830]. Recommendation = [0.0, 1.2465, 1.5944], Current Cost = 52250.00, Rho = 1.000
(iter 227) [0.0, 1.2465, 1.5944] = 456.0734, sampling [0.0, -1.2147, 1.7629]. Recommendation = [0.0, 1.2465, 1.5944], Current Cost = 53250.00, Rho = 1.000
(iter 227) [0.0, 1.2465, 1.5944] = 456.0734, sampling [0.0, 0.7530, 0.9286]. Recommendation = [0.0, 1.2465, 1.5944], Current Cost = 54250.00, Rho = 1.000
(iter 227) [0.0, 1.2465, 1.5944] = 456.0734, sampling [0.0, -1.2410, 1.8396]. Recommendation = [0.0, 1.2465, 1.5944], Current Cost = 55250.00, Rho = 1.000
(iter 227) [0.0, 1.2465, 1.5944] = 456.0734, sampling [0.0, -1.8542, -0.4718]. Recommendation = [0.0, 1.2465, 1.5944], Current Cost = 56250.00, Rho = 1.000
(iter 227) [0.0, 1.2465, 1.5944] = 456.0734, sampling [0.0, 1.9728, 1.9658]. Recommendation = [0.0, 1.2465, 1.5944], Current Cost = 57250.00, Rho = 1.000
(iter 227) [0.0, 1.2465, 1.5944] = 456.0734, sampling [0.0, -0.0152, 0.0399]. Recommendation = [0.0, 1.2465, 1.5944], Current Cost = 58250.00, Rho = 1.000
(iter 227) [0.0, 1.2465, 1.5944] = 456.0734, sampling [0.0, -1.9593, 0.6170]. Recommendation = [0.0, 1.2465, 1.5944], Current Cost = 59250.00, Rho = 1.000
(iter 227) [0.0, 1.2465, 1.5944] = 456.0734, sampling [0.0, 0.7354, 0.1992]. Recommendation = [0.0, 1.2465, 1.5944], Current Cost = 60250.00, Rho = 1.000
(iter 227) [0.0, 1.2465, 1.5944] = 456.0734, sampling [0.0, -1.3022, -1.3542]. Recommendation = [0.0, 1.2465, 1.5944], Current Cost = 61250.00, Rho = 1.000
(iter 227) [0.0, 1.2465, 1.5944] = 456.0734, sampling [0.0, -0.0717, -1.7035]. Recommendation = [0.0, 1.2465, 1.5944], Current Cost = 62250.00, Rho = 1.000
(iter 227) [0.0, 1.2465, 1.5944] = 456.0734, sampling [0.0, 1.2197, 0.5459]. Recommendation = [0.0, 1.2465, 1.5944], Current Cost = 63250.00, Rho = 1.000
(iter 227) [0.0, 1.2465, 1.5944] = 456.0734, sampling [0.0, -1.1409, -1.8245]. Recommendation = [0.0, 1.2465, 1.5944], Current Cost = 64250.00, Rho = 1.000
(iter 227) [0.0, 1.2465, 1.5944] = 456.0734, sampling [0.0, -1.6760, -0.6386]. Recommendation = [0.0, 1.2465, 1.5944], Current Cost = 65250.00, Rho = 1.000
(iter 227) [0.0, 1.2465, 1.5944] = 456.0734, sampling [0.0, 0.8952, -1.2593]. Recommendation = [0.0, 1.2465, 1.5944], Current Cost = 66250.00, Rho = 1.000
(iter 227) [0.0, 1.2465, 1.5944] = 456.0734, sampling [0.0, -1.3660, -1.6608]. Recommendation = [0.0, 1.2465, 1.5944], Current Cost = 67250.00, Rho = 1.000
(iter 227) [0.0, 1.2465, 1.5944] = 456.0734, sampling [0.0, 1.1565, -0.1518]. Recommendation = [0.0, 1.2465, 1.5944], Current Cost = 68250.00, Rho = 1.000
(iter 227) [0.0, 1.2465, 1.5944] = 456.0734, sampling [0.0, -1.0662, -1.5043]. Recommendation = [0.0, 1.2465, 1.5944], Current Cost = 69250.00, Rho = 1.000
(iter 227) [0.0, 1.2465, 1.5944] = 456.0734, sampling [0.0, -1.2280, 1.6685]. Recommendation = [0.0, 1.2465, 1.5944], Current Cost = 70250.00, Rho = 1.000
(iter 227) [0.0, 1.2465, 1.5944] = 456.0734, sampling [0.0, 1.4245, -1.7769]. Recommendation = [0.0, 1.2465, 1.5944], Current Cost = 71250.00, Rho = 1.000
(iter 227) [0.0, 1.2465, 1.5944] = 456.0734, sampling [0.0, -0.8268, 0.7520]. Recommendation = [0.0, 1.2465, 1.5944], Current Cost = 72250.00, Rho = 1.000
(iter 227) [0.0, 1.2465, 1.5944] = 456.0734, sampling [0.0, -1.8739, -0.8257]. Recommendation = [0.0, 1.2465, 1.5944], Current Cost = 73250.00, Rho = 1.000
(iter 227) [0.0, 1.2465, 1.5944] = 456.0734, sampling [0.0, 0.0871, 0.8853]. Recommendation = [0.0, 1.2465, 1.5944], Current Cost = 74250.00, Rho = 1.000
(iter 227) [0.0, 1.2465, 1.5944] = 456.0734, sampling [0.0, -0.7361, 0.5931]. Recommendation = [0.0, 1.2465, 1.5944], Current Cost = 75250.00, Rho = 1.000
(iter 227) [0.0, 1.2465, 1.5944] = 456.0734, sampling [0.0, 1.8579, -0.0871]. Recommendation = [0.0, 1.2465, 1.5944], Current Cost = 76250.00, Rho = 1.000
(iter 227) [0.0, 1.2465, 1.5944] = 456.0734, sampling [0.0, 1.4552, -0.6764]. Recommendation = [0.0, 1.2465, 1.5944], Current Cost = 77250.00, Rho = 1.000
(iter 227) [0.0, 1.2465, 1.5944] = 456.0734, sampling [0.0, -0.3769, -1.2265]. Recommendation = [0.0, 1.2465, 1.5944], Current Cost = 78250.00, Rho = 1.000
(iter 227) [0.0, 1.2465, 1.5944] = 456.0734, sampling [0.0, 1.8898, 0.5316]. Recommendation = [0.0, 1.2465, 1.5944], Current Cost = 79250.00, Rho = 1.000
(iter 227) [0.0, 1.2465, 1.5944] = 456.0734, sampling [0.0, 0.5144, 0.4423]. Recommendation = [0.0, 1.2465, 1.5944], Current Cost = 80250.00, Rho = 1.000
(iter 227) [0.0, 1.2465, 1.5944] = 456.0734, sampling [0.0, 1.3351, 1.3686]. Recommendation = [0.0, 1.2465, 1.5944], Current Cost = 81250.00, Rho = 1.000
(iter 227) [0.0, 1.2465, 1.5944] = 456.0734, sampling [0.0, -0.0299, 0.0840]. Recommendation = [0.0, 1.2465, 1.5944], Current Cost = 82250.00, Rho = 1.000
(iter 227) [0.0, 1.2465, 1.5944] = 456.0734, sampling [0.0, 0.4999, 1.9935]. Recommendation = [0.0, 1.2465, 1.5944], Current Cost = 83250.00, Rho = 1.000
(iter 227) [0.0, 1.2465, 1.5944] = 456.0734, sampling [0.0, 0.8488, 1.2276]. Recommendation = [0.0, 1.2465, 1.5944], Current Cost = 84250.00, Rho = 1.000
(iter 227) [0.0, 1.2465, 1.5944] = 456.0734, sampling [0.0, 1.7328, -0.6915]. Recommendation = [0.0, 1.2465, 1.5944], Current Cost = 85250.00, Rho = 1.000
(iter 227) [0.0, 1.2465, 1.5944] = 456.0734, sampling [0.0, 0.2215, 0.3959]. Recommendation = [0.0, 1.2465, 1.5944], Current Cost = 86250.00, Rho = 1.000
(iter 227) [0.0, 1.2465, 1.5944] = 456.0734, sampling [0.0, -0.5338, -0.6169]. Recommendation = [0.0, 1.2465, 1.5944], Current Cost = 87250.00, Rho = 1.000
(iter 227) [0.0, 1.2465, 1.5944] = 456.0734, sampling [0.0, -0.9765, -1.1811]. Recommendation = [0.0, 1.2465, 1.5944], Current Cost = 88250.00, Rho = 1.000
(iter 227) [0.0, 1.2465, 1.5944] = 456.0734, sampling [0.0, 0.8209, -0.6073]. Recommendation = [0.0, 1.2465, 1.5944], Current Cost = 89250.00, Rho = 1.000
(iter 227) [0.0, 1.2465, 1.5944] = 456.0734, sampling [0.0, 1.4740, -0.8522]. Recommendation = [0.0, 1.2465, 1.5944], Current Cost = 90250.00, Rho = 1.000
(iter 227) [0.0, 1.2465, 1.5944] = 456.0734, sampling [0.0, -0.8423, -0.6619]. Recommendation = [0.0, 1.2465, 1.5944], Current Cost = 91250.00, Rho = 1.000
(iter 227) [0.0, 1.2465, 1.5944] = 456.0734, sampling [0.0, -1.7734, 1.3586]. Recommendation = [0.0, 1.2465, 1.5944], Current Cost = 92250.00, Rho = 1.000
(iter 227) [0.0, 1.2465, 1.5944] = 456.0734, sampling [0.0, -1.1747, 0.9653]. Recommendation = [0.0, 1.2465, 1.5944], Current Cost = 93250.00, Rho = 1.000
(iter 227) [0.0, 1.2465, 1.5944] = 456.0734, sampling [0.0, 0.0148, -0.4406]. Recommendation = [0.0, 1.2465, 1.5944], Current Cost = 94250.00, Rho = 1.000
(iter 227) [0.0, 1.2465, 1.5944] = 456.0734, sampling [0.0, 1.5978, -1.1581]. Recommendation = [0.0, 1.2465, 1.5944], Current Cost = 95250.00, Rho = 1.000
(iter 227) [0.0, 1.2465, 1.5944] = 456.0734, sampling [0.0, -0.1386, 0.1664]. Recommendation = [0.0, 1.2465, 1.5944], Current Cost = 96250.00, Rho = 1.000
(iter 227) [0.0, 1.2465, 1.5944] = 456.0734, sampling [0.0, 1.5736, -1.1960]. Recommendation = [0.0, 1.2465, 1.5944], Current Cost = 97250.00, Rho = 1.000
(iter 227) [0.0, 1.2465, 1.5944] = 456.0734, sampling [0.0, 0.5456, -1.0286]. Recommendation = [0.0, 1.2465, 1.5944], Current Cost = 98250.00, Rho = 1.000
(iter 227) [0.0, 1.2465, 1.5944] = 456.0734, sampling [0.0, 0.7018, 1.1831]. Recommendation = [0.0, 1.2465, 1.5944], Current Cost = 99250.00, Rho = 1.000
