(iter 10) [0.0, -0.9317, 0.7913] = 451.9794, sampling [1.0, -0.4742, 0.6556]. Recommendation = [0.0, -0.9317, 0.7913], Current Cost = 5005.00, Rho = 1.000
(iter 10) [0.0, -0.9317, 0.7913] = 451.9794, sampling [1.0, -0.6018, 0.9439]. Recommendation = [0.0, -0.9317, 0.7913], Current Cost = 5006.00, Rho = 1.000
(iter 10) [0.0, -0.9317, 0.7913] = 451.9794, sampling [1.0, -0.1388, 0.4721]. Recommendation = [0.0, -0.9317, 0.7913], Current Cost = 5007.00, Rho = 1.000
(iter 10) [0.0, -0.9317, 0.7913] = 451.9794, sampling [1.0, -0.2803, 0.4849]. Recommendation = [0.0, -0.9317, 0.7913], Current Cost = 5008.00, Rho = 1.000
(iter 10) [0.0, -0.9317, 0.7913] = 451.9794, sampling [1.0, 0.1307, 0.3584]. Recommendation = [0.0, -0.9317, 0.7913], Current Cost = 5009.00, Rho = 1.000
(iter 10) [0.0, -0.9317, 0.7913] = 451.9794, sampling [1.0, 0.0608, 0.5433]. Recommendation = [0.0, -0.9317, 0.7913], Current Cost = 5010.00, Rho = 1.000
(iter 10) [0.0, -0.9317, 0.7913] = 451.9794, sampling [1.0, -0.1280, 0.1466]. Recommendation = [0.0, -0.9317, 0.7913], Current Cost = 5011.00, Rho = 1.000
(iter 10) [0.0, -0.9317, 0.7913] = 451.9794, sampling [1.0, -0.0404, 0.0046]. Recommendation = [0.0, -0.1280, 0.1466], Current Cost = 5012.00, Rho = 1.000
(iter 10) [0.0, -0.9317, 0.7913] = 451.9794, sampling [1.0, -0.1994, -0.0150]. Recommendation = [0.0, -0.0404, 0.0046], Current Cost = 5013.00, Rho = 1.000
(iter 10) [0.0, -0.9317, 0.7913] = 451.9794, sampling [1.0, -0.2223, 0.3777]. Recommendation = [0.0, -0.0404, 0.0046], Current Cost = 5014.00, Rho = 1.000
(iter 10) [0.0, -0.9317, 0.7913] = 451.9794, sampling [1.0, -0.1009, -0.2539]. Recommendation = [0.0, -0.0404, 0.0046], Current Cost = 5015.00, Rho = 1.000
(iter 10) [0.0, -0.9317, 0.7913] = 451.9794, sampling [1.0, 0.0037, -0.2848]. Recommendation = [0.0, -0.0404, 0.0046], Current Cost = 5016.00, Rho = 1.000
(iter 10) [0.0, -0.9317, 0.7913] = 451.9794, sampling [1.0, -0.5688, 0.2675]. Recommendation = [0.0, -0.0404, 0.0046], Current Cost = 5017.00, Rho = 1.000
(iter 10) [0.0, -0.9317, 0.7913] = 451.9794, sampling [1.0, 0.5713, 0.2357]. Recommendation = [0.0, -0.0404, 0.0046], Current Cost = 5018.00, Rho = 1.000
(iter 10) [0.0, -0.9317, 0.7913] = 451.9794, sampling [1.0, 0.5165, 0.4006]. Recommendation = [0.0, -0.0404, 0.0046], Current Cost = 5019.00, Rho = 1.000
(iter 10) [0.0, -0.9317, 0.7913] = 451.9794, sampling [1.0, 0.5921, 0.4427]. Recommendation = [0.0, -0.0404, 0.0046], Current Cost = 5020.00, Rho = 1.000
(iter 10) [0.0, -0.9317, 0.7913] = 451.9794, sampling [1.0, 0.4215, 0.5808]. Recommendation = [0.0, -0.0404, 0.0046], Current Cost = 5021.00, Rho = 1.000
(iter 10) [0.0, -0.9317, 0.7913] = 451.9794, sampling [1.0, 0.6671, 0.0417]. Recommendation = [0.0, -0.0404, 0.0046], Current Cost = 5022.00, Rho = 1.000
(iter 10) [0.0, -0.9317, 0.7913] = 451.9794, sampling [1.0, 0.8057, 0.5551]. Recommendation = [0.0, -0.0404, 0.0046], Current Cost = 5023.00, Rho = 1.000
(iter 10) [0.0, -0.9317, 0.7913] = 451.9794, sampling [1.0, 0.8856, 0.5212]. Recommendation = [0.0, 0.8057, 0.5551], Current Cost = 5024.00, Rho = 1.000
(iter 10) [0.0, -0.9317, 0.7913] = 451.9794, sampling [1.0, 0.9386, 0.3023]. Recommendation = [0.0, 0.8057, 0.5551], Current Cost = 5025.00, Rho = 1.000
(iter 10) [0.0, -0.9317, 0.7913] = 451.9794, sampling [1.0, 0.6190, 0.8400]. Recommendation = [0.0, 0.8057, 0.5551], Current Cost = 5026.00, Rho = 1.000
(iter 10) [0.0, -0.9317, 0.7913] = 451.9794, sampling [1.0, 0.8630, 0.7794]. Recommendation = [0.0, 0.8057, 0.5551], Current Cost = 5027.00, Rho = 1.000
(iter 10) [0.0, -0.9317, 0.7913] = 451.9794, sampling [1.0, 1.0086, 0.7088]. Recommendation = [0.0, 0.8630, 0.7794], Current Cost = 5028.00, Rho = 1.000
(iter 10) [0.0, -0.9317, 0.7913] = 451.9794, sampling [1.0, 0.7924, 0.8892]. Recommendation = [0.0, 0.8630, 0.7794], Current Cost = 5029.00, Rho = 1.000
(iter 10) [0.0, -0.9317, 0.7913] = 451.9794, sampling [1.0, 0.2608, 0.7276]. Recommendation = [0.0, 0.8630, 0.7794], Current Cost = 5030.00, Rho = 1.000
(iter 10) [0.0, -0.9317, 0.7913] = 451.9794, sampling [1.0, 0.8448, 0.9922]. Recommendation = [0.0, 0.8630, 0.7794], Current Cost = 5031.00, Rho = 1.000
(iter 10) [0.0, -0.9317, 0.7913] = 451.9794, sampling [1.0, 0.7514, 0.1071]. Recommendation = [0.0, 0.8630, 0.7794], Current Cost = 5032.00, Rho = 1.000
(iter 10) [0.0, -0.9317, 0.7913] = 451.9794, sampling [1.0, -0.3617, 0.6812]. Recommendation = [0.0, 0.8630, 0.7794], Current Cost = 5033.00, Rho = 1.000
(iter 10) [0.0, -0.9317, 0.7913] = 451.9794, sampling [1.0, 0.9765, 1.1222]. Recommendation = [0.0, 0.8630, 0.7794], Current Cost = 5034.00, Rho = 1.000
(iter 10) [0.0, -0.9317, 0.7913] = 451.9794, sampling [1.0, 0.7280, 1.2941]. Recommendation = [0.0, 0.8630, 0.7794], Current Cost = 5035.00, Rho = 1.000
(iter 10) [0.0, -0.9317, 0.7913] = 451.9794, sampling [1.0, 1.2425, 0.6992]. Recommendation = [0.0, 0.8630, 0.7794], Current Cost = 5036.00, Rho = 1.000
(iter 10) [0.0, -0.9317, 0.7913] = 451.9794, sampling [1.0, 0.4440, 0.6322]. Recommendation = [0.0, 0.8630, 0.7794], Current Cost = 5037.00, Rho = 1.000
(iter 10) [0.0, -0.9317, 0.7913] = 451.9794, sampling [1.0, 0.1149, 0.4619]. Recommendation = [0.0, 0.8630, 0.7794], Current Cost = 5038.00, Rho = 1.000
(iter 10) [0.0, -0.9317, 0.7913] = 451.9794, sampling [1.0, 0.6956, -0.0348]. Recommendation = [0.0, 0.8630, 0.7794], Current Cost = 5039.00, Rho = 1.000
(iter 10) [0.0, -0.9317, 0.7913] = 451.9794, sampling [1.0, -0.6289, -0.0821]. Recommendation = [0.0, 0.8630, 0.7794], Current Cost = 5040.00, Rho = 1.000
(iter 10) [0.0, -0.9317, 0.7913] = 451.9794, sampling [1.0, -0.7355, 0.2114]. Recommendation = [0.0, 0.8630, 0.7794], Current Cost = 5041.00, Rho = 1.000
(iter 10) [0.0, -0.9317, 0.7913] = 451.9794, sampling [1.0, -0.5547, -0.2299]. Recommendation = [0.0, 0.8630, 0.7794], Current Cost = 5042.00, Rho = 1.000
(iter 10) [0.0, -0.9317, 0.7913] = 451.9794, sampling [1.0, -0.3428, 0.9540]. Recommendation = [0.0, 0.8630, 0.7794], Current Cost = 5043.00, Rho = 1.000
(iter 10) [0.0, -0.9317, 0.7913] = 451.9794, sampling [1.0, 0.3271, 0.6171]. Recommendation = [0.0, 0.8630, 0.7794], Current Cost = 5044.00, Rho = 1.000
(iter 10) [0.0, -0.9317, 0.7913] = 451.9794, sampling [1.0, -0.7511, 0.9920]. Recommendation = [0.0, 0.8630, 0.7794], Current Cost = 5045.00, Rho = 1.000
(iter 10) [0.0, -0.9317, 0.7913] = 451.9794, sampling [1.0, 0.3880, 1.1185]. Recommendation = [0.0, 0.8630, 0.7794], Current Cost = 5046.00, Rho = 1.000
(iter 10) [0.0, -0.9317, 0.7913] = 451.9794, sampling [1.0, 0.2476, -0.5855]. Recommendation = [0.0, 0.8630, 0.7794], Current Cost = 5047.00, Rho = 1.000
(iter 10) [0.0, -0.9317, 0.7913] = 451.9794, sampling [1.0, -0.1722, -0.6649]. Recommendation = [0.0, 0.8630, 0.7794], Current Cost = 5048.00, Rho = 1.000
(iter 10) [0.0, -0.9317, 0.7913] = 451.9794, sampling [1.0, -0.5153, -0.4535]. Recommendation = [0.0, 0.8630, 0.7794], Current Cost = 5049.00, Rho = 1.000
(iter 10) [0.0, -0.9317, 0.7913] = 451.9794, sampling [1.0, 0.8716, -0.1039]. Recommendation = [0.0, 0.8630, 0.7794], Current Cost = 5050.00, Rho = 1.000
(iter 10) [0.0, -0.9317, 0.7913] = 451.9794, sampling [1.0, 1.2163, 1.2563]. Recommendation = [0.0, 0.8630, 0.7794], Current Cost = 5051.00, Rho = 1.000
(iter 10) [0.0, -0.9317, 0.7913] = 451.9794, sampling [1.0, 1.3058, 0.9251]. Recommendation = [0.0, 0.8630, 0.7794], Current Cost = 5052.00, Rho = 1.000
(iter 10) [0.0, -0.9317, 0.7913] = 451.9794, sampling [1.0, 0.9113, 1.4007]. Recommendation = [0.0, 0.8630, 0.7794], Current Cost = 5053.00, Rho = 1.000
(iter 10) [0.0, -0.9317, 0.7913] = 451.9794, sampling [1.0, 1.0617, 1.4982]. Recommendation = [0.0, 0.8630, 0.7794], Current Cost = 5054.00, Rho = 1.000
(iter 10) [0.0, -0.9317, 0.7913] = 451.9794, sampling [1.0, -0.9610, 1.0686]. Recommendation = [0.0, 0.8630, 0.7794], Current Cost = 5055.00, Rho = 1.000
(iter 10) [0.0, -0.9317, 0.7913] = 451.9794, sampling [1.0, -1.0662, 0.8258]. Recommendation = [0.0, 0.8630, 0.7794], Current Cost = 5056.00, Rho = 1.000
(iter 10) [0.0, -0.9317, 0.7913] = 451.9794, sampling [1.0, -1.0185, 1.2089]. Recommendation = [0.0, 0.8630, 0.7794], Current Cost = 5057.00, Rho = 1.000
(iter 10) [0.0, -0.9317, 0.7913] = 451.9794, sampling [1.0, -0.6418, 1.2277]. Recommendation = [0.0, 0.8630, 0.7794], Current Cost = 5058.00, Rho = 1.000
(iter 10) [0.0, -0.9317, 0.7913] = 451.9794, sampling [1.0, 0.9204, 1.4856]. Recommendation = [0.0, 0.8630, 0.7794], Current Cost = 5059.00, Rho = 1.000
(iter 10) [0.0, -0.9317, 0.7913] = 451.9794, sampling [1.0, -0.8273, 1.4114]. Recommendation = [0.0, 0.8630, 0.7794], Current Cost = 5060.00, Rho = 1.000
(iter 10) [0.0, -0.9317, 0.7913] = 451.9794, sampling [1.0, -1.2314, 1.3860]. Recommendation = [0.0, 0.8630, 0.7794], Current Cost = 5061.00, Rho = 1.000
(iter 10) [0.0, -0.9317, 0.7913] = 451.9794, sampling [1.0, -1.4566, 1.2987]. Recommendation = [0.0, 0.8630, 0.7794], Current Cost = 5062.00, Rho = 1.000
(iter 10) [0.0, -0.9317, 0.7913] = 451.9794, sampling [1.0, -0.9932, 1.5824]. Recommendation = [0.0, 0.8630, 0.7794], Current Cost = 5063.00, Rho = 1.000
(iter 10) [0.0, -0.9317, 0.7913] = 451.9794, sampling [1.0, -0.6561, -0.2198]. Recommendation = [0.0, 0.8630, 0.7794], Current Cost = 5064.00, Rho = 1.000
(iter 10) [0.0, -0.9317, 0.7913] = 451.9794, sampling [1.0, -1.2066, 1.7811]. Recommendation = [0.0, 0.8630, 0.7794], Current Cost = 5065.00, Rho = 1.000
(iter 10) [0.0, -0.9317, 0.7913] = 451.9794, sampling [1.0, -1.0723, 1.9531]. Recommendation = [0.0, 0.8630, 0.7794], Current Cost = 5066.00, Rho = 1.000
(iter 10) [0.0, -0.9317, 0.7913] = 451.9794, sampling [1.0, -1.3995, 1.8504]. Recommendation = [0.0, 0.8630, 0.7794], Current Cost = 5067.00, Rho = 1.000
(iter 10) [0.0, -0.9317, 0.7913] = 451.9794, sampling [1.0, -1.6436, 1.8269]. Recommendation = [0.0, 0.8630, 0.7794], Current Cost = 5068.00, Rho = 1.000
(iter 10) [0.0, -0.9317, 0.7913] = 451.9794, sampling [1.0, -0.5008, 1.7719]. Recommendation = [0.0, 0.8630, 0.7794], Current Cost = 5069.00, Rho = 1.000
(iter 10) [0.0, -0.9317, 0.7913] = 451.9794, sampling [1.0, 1.0068, 0.1239]. Recommendation = [0.0, 0.8630, 0.7794], Current Cost = 5070.00, Rho = 1.000
(iter 10) [0.0, -0.9317, 0.7913] = 451.9794, sampling [1.0, -0.6112, 1.0373]. Recommendation = [0.0, 0.8630, 0.7794], Current Cost = 5071.00, Rho = 1.000
(iter 10) [0.0, -0.9317, 0.7913] = 451.9794, sampling [1.0, 1.4579, 1.0991]. Recommendation = [0.0, 0.8630, 0.7794], Current Cost = 5072.00, Rho = 1.000
(iter 10) [0.0, -0.9317, 0.7913] = 451.9794, sampling [1.0, -1.4398, 1.0499]. Recommendation = [0.0, 0.8630, 0.7794], Current Cost = 5073.00, Rho = 1.000
(iter 10) [0.0, -0.9317, 0.7913] = 451.9794, sampling [1.0, -0.8786, -0.1919]. Recommendation = [0.0, 0.8630, 0.7794], Current Cost = 5074.00, Rho = 1.000
(iter 10) [0.0, -0.9317, 0.7913] = 451.9794, sampling [1.0, 0.6735, 1.7205]. Recommendation = [0.0, 0.8630, 0.7794], Current Cost = 5075.00, Rho = 1.000
(iter 10) [0.0, -0.9317, 0.7913] = 451.9794, sampling [1.0, 0.3487, -0.8404]. Recommendation = [0.0, 0.8630, 0.7794], Current Cost = 5076.00, Rho = 1.000
(iter 10) [0.0, -0.9317, 0.7913] = 451.9794, sampling [1.0, -0.3983, -0.8257]. Recommendation = [0.0, 0.8630, 0.7794], Current Cost = 5077.00, Rho = 1.000
(iter 10) [0.0, -0.9317, 0.7913] = 451.9794, sampling [1.0, -0.0109, 1.1554]. Recommendation = [0.0, 0.8630, 0.7794], Current Cost = 5078.00, Rho = 1.000
(iter 10) [0.0, -0.9317, 0.7913] = 451.9794, sampling [1.0, -0.9832, 1.6214]. Recommendation = [0.0, 0.8630, 0.7794], Current Cost = 5079.00, Rho = 1.000
(iter 10) [0.0, -0.9317, 0.7913] = 451.9794, sampling [1.0, -1.1454, 0.5716]. Recommendation = [0.0, 0.8630, 0.7794], Current Cost = 5080.00, Rho = 1.000
(iter 10) [0.0, -0.9317, 0.7913] = 451.9794, sampling [1.0, 1.2621, 0.1338]. Recommendation = [0.0, 0.8630, 0.7794], Current Cost = 5081.00, Rho = 1.000
(iter 10) [0.0, -0.9317, 0.7913] = 451.9794, sampling [1.0, 1.1856, 1.8639]. Recommendation = [0.0, 0.8630, 0.7794], Current Cost = 5082.00, Rho = 1.000
(iter 10) [0.0, -0.9317, 0.7913] = 451.9794, sampling [1.0, 1.4445, 1.6154]. Recommendation = [0.0, 0.8630, 0.7794], Current Cost = 5083.00, Rho = 1.000
(iter 10) [0.0, -0.9317, 0.7913] = 451.9794, sampling [1.0, 1.4190, 1.9492]. Recommendation = [0.0, 0.8630, 0.7794], Current Cost = 5084.00, Rho = 1.000
(iter 10) [0.0, -0.9317, 0.7913] = 451.9794, sampling [1.0, -0.7881, -0.6490]. Recommendation = [0.0, 0.8630, 0.7794], Current Cost = 5085.00, Rho = 1.000
(iter 10) [0.0, -0.9317, 0.7913] = 451.9794, sampling [1.0, -1.8300, 1.6575]. Recommendation = [0.0, 0.8630, 0.7794], Current Cost = 5086.00, Rho = 1.000
(iter 10) [0.0, -0.9317, 0.7913] = 451.9794, sampling [1.0, -0.8485, 1.4627]. Recommendation = [0.0, 0.8630, 0.7794], Current Cost = 5087.00, Rho = 1.000
(iter 10) [0.0, -0.9317, 0.7913] = 451.9794, sampling [1.0, -0.4324, 1.1920]. Recommendation = [0.0, 0.8630, 0.7794], Current Cost = 5088.00, Rho = 1.000
(iter 10) [0.0, -0.9317, 0.7913] = 451.9794, sampling [1.0, 0.8183, -0.7071]. Recommendation = [0.0, 0.8630, 0.7794], Current Cost = 5089.00, Rho = 1.000
(iter 10) [0.0, -0.9317, 0.7913] = 451.9794, sampling [1.0, -0.8837, 1.8113]. Recommendation = [0.0, 0.8630, 0.7794], Current Cost = 5090.00, Rho = 1.000
(iter 10) [0.0, -0.9317, 0.7913] = 451.9794, sampling [1.0, -1.3604, 0.7496]. Recommendation = [0.0, 0.8630, 0.7794], Current Cost = 5091.00, Rho = 1.000
(iter 10) [0.0, -0.9317, 0.7913] = 451.9794, sampling [1.0, 0.2207, -1.0232]. Recommendation = [0.0, 0.8630, 0.7794], Current Cost = 5092.00, Rho = 1.000
(iter 10) [0.0, -0.9317, 0.7913] = 451.9794, sampling [1.0, 0.6301, 1.4459]. Recommendation = [0.0, 0.8630, 0.7794], Current Cost = 5093.00, Rho = 1.000
(iter 10) [0.0, -0.9317, 0.7913] = 451.9794, sampling [1.0, 0.1709, 1.0833]. Recommendation = [0.0, 0.8630, 0.7794], Current Cost = 5094.00, Rho = 1.000
(iter 10) [0.0, -0.9317, 0.7913] = 451.9794, sampling [1.0, 1.5621, 0.8523]. Recommendation = [0.0, 0.8630, 0.7794], Current Cost = 5095.00, Rho = 1.000
(iter 10) [0.0, -0.9317, 0.7913] = 451.9794, sampling [1.0, -0.2577, -0.9744]. Recommendation = [0.0, 0.8630, 0.7794], Current Cost = 5096.00, Rho = 1.000
(iter 10) [0.0, -0.9317, 0.7913] = 451.9794, sampling [1.0, 0.4485, 1.3354]. Recommendation = [0.0, 0.8630, 0.7794], Current Cost = 5097.00, Rho = 1.000
(iter 10) [0.0, -0.9317, 0.7913] = 451.9794, sampling [1.0, -0.8352, -0.3569]. Recommendation = [0.0, 0.8630, 0.7794], Current Cost = 5098.00, Rho = 1.000
(iter 10) [0.0, -0.9317, 0.7913] = 451.9794, sampling [1.0, 0.4664, -0.7768]. Recommendation = [0.0, 0.8630, 0.7794], Current Cost = 5099.00, Rho = 1.000
(iter 10) [0.0, -0.9317, 0.7913] = 451.9794, sampling [1.0, 0.4098, 1.9721]. Recommendation = [0.0, 0.8630, 0.7794], Current Cost = 5100.00, Rho = 1.000
(iter 10) [0.0, -0.9317, 0.7913] = 451.9794, sampling [1.0, -0.0625, -1.0707]. Recommendation = [0.0, 0.8630, 0.7794], Current Cost = 5101.00, Rho = 1.000
(iter 10) [0.0, -0.9317, 0.7913] = 451.9794, sampling [1.0, -1.1529, 0.3195]. Recommendation = [0.0, 0.8630, 0.7794], Current Cost = 5102.00, Rho = 1.000
(iter 10) [0.0, -0.9317, 0.7913] = 451.9794, sampling [1.0, 1.0366, -0.2890]. Recommendation = [0.0, 0.8630, 0.7794], Current Cost = 5103.00, Rho = 1.000
(iter 10) [0.0, -0.9317, 0.7913] = 451.9794, sampling [1.0, -0.6865, -1.1425]. Recommendation = [0.0, 0.8630, 0.7794], Current Cost = 5104.00, Rho = 1.000
(iter 10) [0.0, -0.9317, 0.7913] = 451.9794, sampling [0.0, 0.8630, 0.7794]. Recommendation = [0.0, 0.8630, 0.7794], Current Cost = 5105.00, Rho = 1.000
(iter 110) [0.0, 0.8630, 0.7794] = 456.1615, sampling [0.0, 1.4190, 1.9492]. Recommendation = [0.0, 0.8630, 0.7794], Current Cost = 6105.00, Rho = 1.000
(iter 110) [0.0, 0.8630, 0.7794] = 456.1615, sampling [1.0, -0.3053, -0.8749]. Recommendation = [0.0, 0.8630, 0.7794], Current Cost = 7105.00, Rho = 1.000
(iter 110) [0.0, 0.8630, 0.7794] = 456.1615, sampling [1.0, 0.6416, -1.7549]. Recommendation = [0.0, 0.8630, 0.7794], Current Cost = 7106.00, Rho = 1.000
(iter 110) [0.0, 0.8630, 0.7794] = 456.1615, sampling [1.0, -1.5155, 1.2391]. Recommendation = [0.0, 0.8630, 0.7794], Current Cost = 7107.00, Rho = 1.000
(iter 110) [0.0, 0.8630, 0.7794] = 456.1615, sampling [1.0, 1.9492, 1.9003]. Recommendation = [0.0, 0.8630, 0.7794], Current Cost = 7108.00, Rho = 1.000
(iter 110) [0.0, 0.8630, 0.7794] = 456.1615, sampling [1.0, -0.6921, 1.6407]. Recommendation = [0.0, 0.8630, 0.7794], Current Cost = 7109.00, Rho = 1.000
(iter 110) [0.0, 0.8630, 0.7794] = 456.1615, sampling [1.0, -1.3798, -0.4020]. Recommendation = [0.0, 0.8630, 0.7794], Current Cost = 7110.00, Rho = 1.000
(iter 110) [0.0, 0.8630, 0.7794] = 456.1615, sampling [1.0, 0.0372, 1.4379]. Recommendation = [0.0, 0.8630, 0.7794], Current Cost = 7111.00, Rho = 1.000
(iter 110) [0.0, 0.8630, 0.7794] = 456.1615, sampling [1.0, 0.5027, -0.9292]. Recommendation = [0.0, 0.8630, 0.7794], Current Cost = 7112.00, Rho = 1.000
(iter 110) [0.0, 0.8630, 0.7794] = 456.1615, sampling [1.0, 0.5500, -0.7411]. Recommendation = [0.0, 0.8630, 0.7794], Current Cost = 7113.00, Rho = 1.000
(iter 110) [0.0, 0.8630, 0.7794] = 456.1615, sampling [1.0, 1.6550, 1.5894]. Recommendation = [0.0, 0.8630, 0.7794], Current Cost = 7114.00, Rho = 1.000
(iter 110) [0.0, 0.8630, 0.7794] = 456.1615, sampling [1.0, 0.1563, -1.1918]. Recommendation = [0.0, 0.8630, 0.7794], Current Cost = 7115.00, Rho = 1.000
(iter 110) [0.0, 0.8630, 0.7794] = 456.1615, sampling [1.0, -1.9301, 1.9975]. Recommendation = [0.0, 0.8630, 0.7794], Current Cost = 7116.00, Rho = 1.000
(iter 110) [0.0, 0.8630, 0.7794] = 456.1615, sampling [1.0, -0.4611, -0.8833]. Recommendation = [0.0, 0.8630, 0.7794], Current Cost = 7117.00, Rho = 1.000
(iter 110) [0.0, 0.8630, 0.7794] = 456.1615, sampling [1.0, 0.3568, 1.2742]. Recommendation = [0.0, 0.8630, 0.7794], Current Cost = 7118.00, Rho = 1.000
(iter 110) [0.0, 0.8630, 0.7794] = 456.1615, sampling [1.0, -1.7854, 1.0107]. Recommendation = [0.0, 0.8630, 0.7794], Current Cost = 7119.00, Rho = 1.000
(iter 110) [0.0, 0.8630, 0.7794] = 456.1615, sampling [1.0, 1.9107, -0.4806]. Recommendation = [0.0, 0.8630, 0.7794], Current Cost = 7120.00, Rho = 1.000
(iter 110) [0.0, 0.8630, 0.7794] = 456.1615, sampling [1.0, -0.0201, -1.3294]. Recommendation = [0.0, 0.8630, 0.7794], Current Cost = 7121.00, Rho = 1.000
(iter 110) [0.0, 0.8630, 0.7794] = 456.1615, sampling [1.0, 0.0978, 1.1801]. Recommendation = [0.0, 0.8630, 0.7794], Current Cost = 7122.00, Rho = 1.000
(iter 110) [0.0, 0.8630, 0.7794] = 456.1615, sampling [1.0, -0.4846, -1.6852]. Recommendation = [0.0, 0.8630, 0.7794], Current Cost = 7123.00, Rho = 1.000
(iter 110) [0.0, 0.8630, 0.7794] = 456.1615, sampling [1.0, -0.2475, 1.9225]. Recommendation = [0.0, 0.8630, 0.7794], Current Cost = 7124.00, Rho = 1.000
(iter 110) [0.0, 0.8630, 0.7794] = 456.1615, sampling [1.0, 0.3022, 1.3466]. Recommendation = [0.0, 0.8630, 0.7794], Current Cost = 7125.00, Rho = 1.000
(iter 110) [0.0, 0.8630, 0.7794] = 456.1615, sampling [1.0, -1.4222, 0.8134]. Recommendation = [0.0, 0.8630, 0.7794], Current Cost = 7126.00, Rho = 1.000
(iter 110) [0.0, 0.8630, 0.7794] = 456.1615, sampling [1.0, -0.3006, -0.9855]. Recommendation = [0.0, 0.8630, 0.7794], Current Cost = 7127.00, Rho = 1.000
(iter 110) [0.0, 0.8630, 0.7794] = 456.1615, sampling [1.0, -0.9111, -0.4262]. Recommendation = [0.0, 0.8630, 0.7794], Current Cost = 7128.00, Rho = 1.000
(iter 110) [0.0, 0.8630, 0.7794] = 456.1615, sampling [1.0, 0.2325, 1.5076]. Recommendation = [0.0, 0.8630, 0.7794], Current Cost = 7129.00, Rho = 1.000
(iter 110) [0.0, 0.8630, 0.7794] = 456.1615, sampling [1.0, -1.5210, 1.1431]. Recommendation = [0.0, 0.8630, 0.7794], Current Cost = 7130.00, Rho = 1.000
(iter 110) [0.0, 0.8630, 0.7794] = 456.1615, sampling [1.0, -0.3270, -1.3507]. Recommendation = [0.0, 0.8630, 0.7794], Current Cost = 7131.00, Rho = 1.000
(iter 110) [0.0, 0.8630, 0.7794] = 456.1615, sampling [1.0, -1.9758, -1.8783]. Recommendation = [0.0, 0.8630, 0.7794], Current Cost = 7132.00, Rho = 1.000
(iter 110) [0.0, 0.8630, 0.7794] = 456.1615, sampling [1.0, 0.7153, -0.9963]. Recommendation = [0.0, 0.8630, 0.7794], Current Cost = 7133.00, Rho = 1.000
(iter 110) [0.0, 0.8630, 0.7794] = 456.1615, sampling [1.0, -0.0729, -1.4686]. Recommendation = [0.0, 0.8630, 0.7794], Current Cost = 7134.00, Rho = 1.000
(iter 110) [0.0, 0.8630, 0.7794] = 456.1615, sampling [1.0, -0.0887, -1.2760]. Recommendation = [0.0, 0.8630, 0.7794], Current Cost = 7135.00, Rho = 1.000
(iter 110) [0.0, 0.8630, 0.7794] = 456.1615, sampling [1.0, 1.9630, 1.3144]. Recommendation = [0.0, 0.8630, 0.7794], Current Cost = 7136.00, Rho = 1.000
(iter 110) [0.0, 0.8630, 0.7794] = 456.1615, sampling [1.0, 1.1798, 0.0809]. Recommendation = [0.0, 0.8630, 0.7794], Current Cost = 7137.00, Rho = 1.000
(iter 110) [0.0, 0.8630, 0.7794] = 456.1615, sampling [0.0, -0.0404, 0.0046]. Recommendation = [0.0, 0.8630, 0.7794], Current Cost = 7138.00, Rho = 1.000
(iter 110) [0.0, 0.8630, 0.7794] = 456.1615, sampling [1.0, 0.4916, 1.7586]. Recommendation = [0.0, 0.8630, 0.7794], Current Cost = 8138.00, Rho = 1.000
(iter 110) [0.0, 0.8630, 0.7794] = 456.1615, sampling [1.0, -1.7561, 1.7930]. Recommendation = [0.0, 0.8630, 0.7794], Current Cost = 8139.00, Rho = 1.000
(iter 110) [0.0, 0.8630, 0.7794] = 456.1615, sampling [1.0, 0.3784, 1.3724]. Recommendation = [0.0, 0.8630, 0.7794], Current Cost = 8140.00, Rho = 1.000
(iter 110) [0.0, 0.8630, 0.7794] = 456.1615, sampling [1.0, -1.4820, 0.5009]. Recommendation = [0.0, 0.8630, 0.7794], Current Cost = 8141.00, Rho = 1.000
(iter 110) [0.0, 0.8630, 0.7794] = 456.1615, sampling [1.0, 0.0204, 1.7305]. Recommendation = [0.0, 0.8630, 0.7794], Current Cost = 8142.00, Rho = 1.000
(iter 110) [0.0, 0.8630, 0.7794] = 456.1615, sampling [0.0, 0.8057, 0.5551]. Recommendation = [0.0, 0.8630, 0.7794], Current Cost = 8143.00, Rho = 1.000
(iter 110) [0.0, 0.8630, 0.7794] = 456.1615, sampling [1.0, -0.1553, -1.3712]. Recommendation = [0.0, 0.8630, 0.7794], Current Cost = 9143.00, Rho = 1.000
(iter 110) [0.0, 0.8630, 0.7794] = 456.1615, sampling [1.0, -0.5424, 1.6939]. Recommendation = [0.0, 0.8630, 0.7794], Current Cost = 9144.00, Rho = 1.000
(iter 110) [0.0, 0.8630, 0.7794] = 456.1615, sampling [1.0, 0.0695, -1.7893]. Recommendation = [0.0, 0.8630, 0.7794], Current Cost = 9145.00, Rho = 1.000
(iter 110) [0.0, 0.8630, 0.7794] = 456.1615, sampling [1.0, 0.2729, 1.7079]. Recommendation = [0.0, 0.8630, 0.7794], Current Cost = 9146.00, Rho = 1.000
(iter 110) [0.0, 0.8630, 0.7794] = 456.1615, sampling [1.0, -1.0410, -0.4336]. Recommendation = [0.0, 0.8630, 0.7794], Current Cost = 9147.00, Rho = 1.000
(iter 110) [0.0, 0.8630, 0.7794] = 456.1615, sampling [1.0, -1.4423, 0.0521]. Recommendation = [0.0, 0.8630, 0.7794], Current Cost = 9148.00, Rho = 1.000
(iter 110) [0.0, 0.8630, 0.7794] = 456.1615, sampling [1.0, 1.6999, 1.5676]. Recommendation = [0.0, 0.8630, 0.7794], Current Cost = 9149.00, Rho = 1.000
(iter 110) [0.0, 0.8630, 0.7794] = 456.1615, sampling [0.0, 0.5713, 0.2357]. Recommendation = [0.0, 0.8630, 0.7794], Current Cost = 9150.00, Rho = 1.000
(iter 110) [0.0, 0.8630, 0.7794] = 456.1615, sampling [1.0, -0.4084, 1.9077]. Recommendation = [0.0, 0.8630, 0.7794], Current Cost = 10150.00, Rho = 1.000
(iter 110) [0.0, 0.8630, 0.7794] = 456.1615, sampling [1.0, -1.6169, 0.7594]. Recommendation = [0.0, 0.8630, 0.7794], Current Cost = 10151.00, Rho = 1.000
(iter 110) [0.0, 0.8630, 0.7794] = 456.1615, sampling [1.0, 1.0867, -0.3933]. Recommendation = [0.0, 0.8630, 0.7794], Current Cost = 10152.00, Rho = 1.000
(iter 110) [0.0, 0.8630, 0.7794] = 456.1615, sampling [1.0, 1.2034, 0.0305]. Recommendation = [0.0, 0.8630, 0.7794], Current Cost = 10153.00, Rho = 1.000
(iter 110) [0.0, 0.8630, 0.7794] = 456.1615, sampling [1.0, 1.6437, 0.6571]. Recommendation = [0.0, 0.8630, 0.7794], Current Cost = 10154.00, Rho = 1.000
(iter 110) [0.0, 0.8630, 0.7794] = 456.1615, sampling [1.0, -1.9180, 1.5291]. Recommendation = [0.0, 0.8630, 0.7794], Current Cost = 10155.00, Rho = 1.000
(iter 110) [0.0, 0.8630, 0.7794] = 456.1615, sampling [1.0, 0.0804, 1.8755]. Recommendation = [0.0, 0.8630, 0.7794], Current Cost = 10156.00, Rho = 1.000
(iter 110) [0.0, 0.8630, 0.7794] = 456.1615, sampling [1.0, 0.3045, -1.8954]. Recommendation = [0.0, 0.8630, 0.7794], Current Cost = 10157.00, Rho = 1.000
(iter 110) [0.0, 0.8630, 0.7794] = 456.1615, sampling [1.0, -1.3263, 0.2799]. Recommendation = [0.0, 0.8630, 0.7794], Current Cost = 10158.00, Rho = 1.000
(iter 110) [0.0, 0.8630, 0.7794] = 456.1615, sampling [1.0, -0.8115, -1.0533]. Recommendation = [0.0, 0.8630, 0.7794], Current Cost = 10159.00, Rho = 1.000
(iter 110) [0.0, 0.8630, 0.7794] = 456.1615, sampling [1.0, 1.1084, -0.5167]. Recommendation = [0.0, 0.8630, 0.7794], Current Cost = 10160.00, Rho = 1.000
(iter 110) [0.0, 0.8630, 0.7794] = 456.1615, sampling [1.0, -0.1780, -1.9894]. Recommendation = [0.0, 0.8630, 0.7794], Current Cost = 10161.00, Rho = 1.000
(iter 110) [0.0, 0.8630, 0.7794] = 456.1615, sampling [1.0, 1.0450, -1.5904]. Recommendation = [0.0, 0.8630, 0.7794], Current Cost = 10162.00, Rho = 1.000
(iter 110) [0.0, 0.8630, 0.7794] = 456.1615, sampling [1.0, 0.1995, 1.5419]. Recommendation = [0.0, 0.8630, 0.7794], Current Cost = 10163.00, Rho = 1.000
(iter 110) [0.0, 0.8630, 0.7794] = 456.1615, sampling [1.0, 1.6160, 0.3388]. Recommendation = [0.0, 0.8630, 0.7794], Current Cost = 10164.00, Rho = 1.000
(iter 110) [0.0, 0.8630, 0.7794] = 456.1615, sampling [1.0, 1.7744, 0.8745]. Recommendation = [0.0, 0.8630, 0.7794], Current Cost = 10165.00, Rho = 1.000
(iter 110) [0.0, 0.8630, 0.7794] = 456.1615, sampling [1.0, -1.7076, 0.2410]. Recommendation = [0.0, 0.8630, 0.7794], Current Cost = 10166.00, Rho = 1.000
(iter 110) [0.0, 0.8630, 0.7794] = 456.1615, sampling [1.0, -1.1162, -0.8093]. Recommendation = [0.0, 0.8630, 0.7794], Current Cost = 10167.00, Rho = 1.000
(iter 110) [0.0, 0.8630, 0.7794] = 456.1615, sampling [1.0, 1.2705, -0.3051]. Recommendation = [0.0, 0.8630, 0.7794], Current Cost = 10168.00, Rho = 1.000
(iter 110) [0.0, 0.8630, 0.7794] = 456.1615, sampling [1.0, -0.7751, -1.2417]. Recommendation = [0.0, 0.8630, 0.7794], Current Cost = 10169.00, Rho = 1.000
(iter 110) [0.0, 0.8630, 0.7794] = 456.1615, sampling [1.0, 0.1812, -1.9827]. Recommendation = [0.0, 0.8630, 0.7794], Current Cost = 10170.00, Rho = 1.000
(iter 110) [0.0, 0.8630, 0.7794] = 456.1615, sampling [0.0, 0.5921, 0.4427]. Recommendation = [0.0, 0.8630, 0.7794], Current Cost = 10171.00, Rho = 1.000
(iter 110) [0.0, 0.8630, 0.7794] = 456.1615, sampling [1.0, -0.3717, -1.9464]. Recommendation = [0.0, 0.8630, 0.7794], Current Cost = 11171.00, Rho = 1.000
(iter 110) [0.0, 0.8630, 0.7794] = 456.1615, sampling [1.0, 1.1677, -0.6025]. Recommendation = [0.0, 0.8630, 0.7794], Current Cost = 11172.00, Rho = 1.000
(iter 110) [0.0, 0.8630, 0.7794] = 456.1615, sampling [1.0, 1.9027, -1.8693]. Recommendation = [0.0, 0.8630, 0.7794], Current Cost = 11173.00, Rho = 1.000
(iter 110) [0.0, 0.8630, 0.7794] = 456.1615, sampling [1.0, -1.9610, 0.6080]. Recommendation = [0.0, 0.8630, 0.7794], Current Cost = 11174.00, Rho = 1.000
(iter 110) [0.0, 0.8630, 0.7794] = 456.1615, sampling [1.0, -0.7103, -1.6720]. Recommendation = [0.0, 0.8630, 0.7794], Current Cost = 11175.00, Rho = 1.000
(iter 110) [0.0, 0.8630, 0.7794] = 456.1615, sampling [1.0, 0.7832, -1.6594]. Recommendation = [0.0, 0.8630, 0.7794], Current Cost = 11176.00, Rho = 1.000
(iter 110) [0.0, 0.8630, 0.7794] = 456.1615, sampling [1.0, -0.5844, -1.8213]. Recommendation = [0.0, 0.8630, 0.7794], Current Cost = 11177.00, Rho = 1.000
(iter 110) [0.0, 0.8630, 0.7794] = 456.1615, sampling [1.0, -0.9529, -1.3229]. Recommendation = [0.0, 0.8630, 0.7794], Current Cost = 11178.00, Rho = 1.000
(iter 110) [0.0, 0.8630, 0.7794] = 456.1615, sampling [1.0, -1.5538, -0.1345]. Recommendation = [0.0, 0.8630, 0.7794], Current Cost = 11179.00, Rho = 1.000
(iter 110) [0.0, 0.8630, 0.7794] = 456.1615, sampling [1.0, 0.5799, -1.8534]. Recommendation = [0.0, 0.8630, 0.7794], Current Cost = 11180.00, Rho = 1.000
(iter 110) [0.0, 0.8630, 0.7794] = 456.1615, sampling [1.0, -1.2606, -0.7667]. Recommendation = [0.0, 0.8630, 0.7794], Current Cost = 11181.00, Rho = 1.000
(iter 110) [0.0, 0.8630, 0.7794] = 456.1615, sampling [1.0, 1.5260, -0.1923]. Recommendation = [0.0, 0.8630, 0.7794], Current Cost = 11182.00, Rho = 1.000
(iter 110) [0.0, 0.8630, 0.7794] = 456.1615, sampling [1.0, 1.8051, 0.3985]. Recommendation = [0.0, 0.8630, 0.7794], Current Cost = 11183.00, Rho = 1.000
(iter 110) [0.0, 0.8630, 0.7794] = 456.1615, sampling [1.0, -1.1285, -1.1815]. Recommendation = [0.0, 0.8630, 0.7794], Current Cost = 11184.00, Rho = 1.000
(iter 110) [0.0, 0.8630, 0.7794] = 456.1615, sampling [1.0, 1.2829, -1.0783]. Recommendation = [0.0, 0.8630, 0.7794], Current Cost = 11185.00, Rho = 1.000
(iter 110) [0.0, 0.8630, 0.7794] = 456.1615, sampling [0.0, -0.1994, -0.0150]. Recommendation = [0.0, 0.8630, 0.7794], Current Cost = 11186.00, Rho = 1.000
(iter 110) [0.0, 0.8630, 0.7794] = 456.1615, sampling [1.0, 1.3473, -0.7233]. Recommendation = [0.0, 0.8630, 0.7794], Current Cost = 12186.00, Rho = 1.000
(iter 110) [0.0, 0.8630, 0.7794] = 456.1615, sampling [1.0, -1.9464, 0.9680]. Recommendation = [0.0, 0.8630, 0.7794], Current Cost = 12187.00, Rho = 1.000
(iter 110) [0.0, 0.8630, 0.7794] = 456.1615, sampling [1.0, 1.1520, -0.5312]. Recommendation = [0.0, 0.8630, 0.7794], Current Cost = 12188.00, Rho = 1.000
(iter 110) [0.0, 0.8630, 0.7794] = 456.1615, sampling [1.0, -0.9234, -1.4207]. Recommendation = [0.0, 0.8630, 0.7794], Current Cost = 12189.00, Rho = 1.000
(iter 110) [0.0, 0.8630, 0.7794] = 456.1615, sampling [1.0, 1.8872, 0.9041]. Recommendation = [0.0, 0.8630, 0.7794], Current Cost = 12190.00, Rho = 1.000
(iter 110) [0.0, 0.8630, 0.7794] = 456.1615, sampling [1.0, -1.5926, 0.1902]. Recommendation = [0.0, 0.8630, 0.7794], Current Cost = 12191.00, Rho = 1.000
(iter 110) [0.0, 0.8630, 0.7794] = 456.1615, sampling [1.0, -0.7552, -1.2191]. Recommendation = [0.0, 0.8630, 0.7794], Current Cost = 12192.00, Rho = 1.000
(iter 110) [0.0, 0.8630, 0.7794] = 456.1615, sampling [1.0, -1.7680, -0.4786]. Recommendation = [0.0, 0.8630, 0.7794], Current Cost = 12193.00, Rho = 1.000
(iter 110) [0.0, 0.8630, 0.7794] = 456.1615, sampling [1.0, 1.6266, -0.0603]. Recommendation = [0.0, 0.8630, 0.7794], Current Cost = 12194.00, Rho = 1.000
(iter 110) [0.0, 0.8630, 0.7794] = 456.1615, sampling [1.0, 0.7669, -1.7741]. Recommendation = [0.0, 0.8630, 0.7794], Current Cost = 12195.00, Rho = 1.000
(iter 110) [0.0, 0.8630, 0.7794] = 456.1615, sampling [1.0, -1.2735, -0.9060]. Recommendation = [0.0, 0.8630, 0.7794], Current Cost = 12196.00, Rho = 1.000
(iter 110) [0.0, 0.8630, 0.7794] = 456.1615, sampling [1.0, -0.4252, -1.9538]. Recommendation = [0.0, 0.8630, 0.7794], Current Cost = 12197.00, Rho = 1.000
(iter 110) [0.0, 0.8630, 0.7794] = 456.1615, sampling [1.0, -1.0927, -1.5147]. Recommendation = [0.0, 0.8630, 0.7794], Current Cost = 12198.00, Rho = 1.000
(iter 110) [0.0, 0.8630, 0.7794] = 456.1615, sampling [1.0, 1.5000, -0.5440]. Recommendation = [0.0, 0.8630, 0.7794], Current Cost = 12199.00, Rho = 1.000
(iter 110) [0.0, 0.8630, 0.7794] = 456.1615, sampling [1.0, -1.0304, -1.2909]. Recommendation = [0.0, 0.8630, 0.7794], Current Cost = 12200.00, Rho = 1.000
(iter 110) [0.0, 0.8630, 0.7794] = 456.1615, sampling [1.0, 0.9441, -1.7396]. Recommendation = [0.0, 0.8630, 0.7794], Current Cost = 12201.00, Rho = 1.000
(iter 110) [0.0, 0.8630, 0.7794] = 456.1615, sampling [1.0, -1.5784, -1.1294]. Recommendation = [0.0, 0.8630, 0.7794], Current Cost = 12202.00, Rho = 1.000
(iter 110) [0.0, 0.8630, 0.7794] = 456.1615, sampling [1.0, 1.6941, 0.4297]. Recommendation = [0.0, 0.8630, 0.7794], Current Cost = 12203.00, Rho = 1.000
(iter 110) [0.0, 0.8630, 0.7794] = 456.1615, sampling [1.0, 1.6771, -1.4067]. Recommendation = [0.0, 0.8630, 0.7794], Current Cost = 12204.00, Rho = 1.000
(iter 110) [0.0, 0.8630, 0.7794] = 456.1615, sampling [1.0, 1.4273, -1.1646]. Recommendation = [0.0, 0.8630, 0.7794], Current Cost = 12205.00, Rho = 1.000
(iter 110) [0.0, 0.8630, 0.7794] = 456.1615, sampling [1.0, -1.5495, -1.4558]. Recommendation = [0.0, 0.8630, 0.7794], Current Cost = 12206.00, Rho = 1.000
(iter 110) [0.0, 0.8630, 0.7794] = 456.1615, sampling [1.0, 1.7900, -1.8393]. Recommendation = [0.0, 0.8630, 0.7794], Current Cost = 12207.00, Rho = 1.000
(iter 110) [0.0, 0.8630, 0.7794] = 456.1615, sampling [1.0, 1.7587, -0.7962]. Recommendation = [0.0, 0.8630, 0.7794], Current Cost = 12208.00, Rho = 1.000
(iter 110) [0.0, 0.8630, 0.7794] = 456.1615, sampling [1.0, 1.9749, -0.6832]. Recommendation = [0.0, 0.8630, 0.7794], Current Cost = 12209.00, Rho = 1.000
(iter 110) [0.0, 0.8630, 0.7794] = 456.1615, sampling [1.0, 1.1003, -1.5797]. Recommendation = [0.0, 0.8630, 0.7794], Current Cost = 12210.00, Rho = 1.000
(iter 110) [0.0, 0.8630, 0.7794] = 456.1615, sampling [1.0, 1.8233, -1.5214]. Recommendation = [0.0, 0.8630, 0.7794], Current Cost = 12211.00, Rho = 1.000
(iter 110) [0.0, 0.8630, 0.7794] = 456.1615, sampling [1.0, -1.7372, -1.6122]. Recommendation = [0.0, 0.8630, 0.7794], Current Cost = 12212.00, Rho = 1.000
(iter 110) [0.0, 0.8630, 0.7794] = 456.1615, sampling [1.0, -1.8221, 0.1963]. Recommendation = [0.0, 0.8630, 0.7794], Current Cost = 12213.00, Rho = 1.000
(iter 110) [0.0, 0.8630, 0.7794] = 456.1615, sampling [1.0, -1.2379, -1.4372]. Recommendation = [0.0, 0.8630, 0.7794], Current Cost = 12214.00, Rho = 1.000
(iter 110) [0.0, 0.8630, 0.7794] = 456.1615, sampling [1.0, 1.4021, -1.1172]. Recommendation = [0.0, 0.8630, 0.7794], Current Cost = 12215.00, Rho = 1.000
(iter 110) [0.0, 0.8630, 0.7794] = 456.1615, sampling [1.0, 1.3313, -1.6271]. Recommendation = [0.0, 0.8630, 0.7794], Current Cost = 12216.00, Rho = 1.000
(iter 110) [0.0, 0.8630, 0.7794] = 456.1615, sampling [1.0, 1.9915, -0.1257]. Recommendation = [0.0, 0.8630, 0.7794], Current Cost = 12217.00, Rho = 1.000
(iter 110) [0.0, 0.8630, 0.7794] = 456.1615, sampling [1.0, 1.1232, -1.5534]. Recommendation = [0.0, 0.8630, 0.7794], Current Cost = 12218.00, Rho = 1.000
(iter 110) [0.0, 0.8630, 0.7794] = 456.1615, sampling [1.0, 1.7270, -0.0310]. Recommendation = [0.0, 0.8630, 0.7794], Current Cost = 12219.00, Rho = 1.000
(iter 110) [0.0, 0.8630, 0.7794] = 456.1615, sampling [1.0, 1.5425, -0.5699]. Recommendation = [0.0, 0.8630, 0.7794], Current Cost = 12220.00, Rho = 1.000
(iter 110) [0.0, 0.8630, 0.7794] = 456.1615, sampling [1.0, -1.1990, -1.5508]. Recommendation = [0.0, 0.8630, 0.7794], Current Cost = 12221.00, Rho = 1.000
(iter 110) [0.0, 0.8630, 0.7794] = 456.1615, sampling [1.0, 1.3881, -1.5001]. Recommendation = [0.0, 0.8630, 0.7794], Current Cost = 12222.00, Rho = 1.000
(iter 110) [0.0, 0.8630, 0.7794] = 456.1615, sampling [1.0, -1.8848, -1.7220]. Recommendation = [0.0, 0.8630, 0.7794], Current Cost = 12223.00, Rho = 1.000
(iter 110) [0.0, 0.8630, 0.7794] = 456.1615, sampling [1.0, -1.7155, -1.3765]. Recommendation = [0.0, 0.8630, 0.7794], Current Cost = 12224.00, Rho = 1.000
(iter 110) [0.0, 0.8630, 0.7794] = 456.1615, sampling [1.0, -1.1753, -1.3049]. Recommendation = [0.0, 0.8630, 0.7794], Current Cost = 12225.00, Rho = 1.000
(iter 110) [0.0, 0.8630, 0.7794] = 456.1615, sampling [1.0, -1.6651, -0.3312]. Recommendation = [0.0, 0.8630, 0.7794], Current Cost = 12226.00, Rho = 1.000
(iter 110) [0.0, 0.8630, 0.7794] = 456.1615, sampling [1.0, 1.3602, -1.8057]. Recommendation = [0.0, 0.8630, 0.7794], Current Cost = 12227.00, Rho = 1.000
(iter 110) [0.0, 0.8630, 0.7794] = 456.1615, sampling [1.0, 1.8368, -1.1007]. Recommendation = [0.0, 0.8630, 0.7794], Current Cost = 12228.00, Rho = 1.000
(iter 110) [0.0, 0.8630, 0.7794] = 456.1615, sampling [1.0, 1.4876, -1.7004]. Recommendation = [0.0, 0.8630, 0.7794], Current Cost = 12229.00, Rho = 1.000
(iter 110) [0.0, 0.8630, 0.7794] = 456.1615, sampling [1.0, -1.4913, -0.9540]. Recommendation = [0.0, 0.8630, 0.7794], Current Cost = 12230.00, Rho = 1.000
(iter 110) [0.0, 0.8630, 0.7794] = 456.1615, sampling [1.0, -1.8032, -0.1514]. Recommendation = [0.0, 0.8630, 0.7794], Current Cost = 12231.00, Rho = 1.000
(iter 110) [0.0, 0.8630, 0.7794] = 456.1615, sampling [1.0, 1.5704, -0.5099]. Recommendation = [0.0, 0.8630, 0.7794], Current Cost = 12232.00, Rho = 1.000
(iter 110) [0.0, 0.8630, 0.7794] = 456.1615, sampling [1.0, -1.2908, -1.0309]. Recommendation = [0.0, 0.8630, 0.7794], Current Cost = 12233.00, Rho = 1.000
(iter 110) [0.0, 0.8630, 0.7794] = 456.1615, sampling [1.0, 1.5848, -0.6264]. Recommendation = [0.0, 0.8630, 0.7794], Current Cost = 12234.00, Rho = 1.000
(iter 110) [0.0, 0.8630, 0.7794] = 456.1615, sampling [1.0, 1.9205, 0.0651]. Recommendation = [0.0, 0.8630, 0.7794], Current Cost = 12235.00, Rho = 1.000
(iter 110) [0.0, 0.8630, 0.7794] = 456.1615, sampling [1.0, -1.8563, -0.3680]. Recommendation = [0.0, 0.8630, 0.7794], Current Cost = 12236.00, Rho = 1.000
(iter 110) [0.0, 0.8630, 0.7794] = 456.1615, sampling [1.0, 1.8467, 0.1728]. Recommendation = [0.0, 0.8630, 0.7794], Current Cost = 12237.00, Rho = 1.000
(iter 110) [0.0, 0.8630, 0.7794] = 456.1615, sampling [1.0, -1.8987, -0.2584]. Recommendation = [0.0, 0.8630, 0.7794], Current Cost = 12238.00, Rho = 1.000
(iter 110) [0.0, 0.8630, 0.7794] = 456.1615, sampling [1.0, -1.6141, -0.8613]. Recommendation = [0.0, 0.8630, 0.7794], Current Cost = 12239.00, Rho = 1.000
(iter 110) [0.0, 0.8630, 0.7794] = 456.1615, sampling [1.0, -1.3093, -0.9144]. Recommendation = [0.0, 0.8630, 0.7794], Current Cost = 12240.00, Rho = 1.000
(iter 110) [0.0, 0.8630, 0.7794] = 456.1615, sampling [1.0, -1.6806, -0.7006]. Recommendation = [0.0, 0.8630, 0.7794], Current Cost = 12241.00, Rho = 1.000
(iter 110) [0.0, 0.8630, 0.7794] = 456.1615, sampling [1.0, -1.8556, -0.3448]. Recommendation = [0.0, 0.8630, 0.7794], Current Cost = 12242.00, Rho = 1.000
(iter 110) [0.0, 0.8630, 0.7794] = 456.1615, sampling [1.0, 1.8570, -0.0757]. Recommendation = [0.0, 0.8630, 0.7794], Current Cost = 12243.00, Rho = 1.000
(iter 110) [0.0, 0.8630, 0.7794] = 456.1615, sampling [1.0, -1.6510, -0.1644]. Recommendation = [0.0, 0.8630, 0.7794], Current Cost = 12244.00, Rho = 1.000
(iter 110) [0.0, 0.8630, 0.7794] = 456.1615, sampling [1.0, 1.5042, -1.9267]. Recommendation = [0.0, 0.8630, 0.7794], Current Cost = 12245.00, Rho = 1.000
(iter 110) [0.0, 0.8630, 0.7794] = 456.1615, sampling [1.0, 0.9631, -1.6381]. Recommendation = [0.0, 0.8630, 0.7794], Current Cost = 12246.00, Rho = 1.000
(iter 110) [0.0, 0.8630, 0.7794] = 456.1615, sampling [1.0, 1.3167, -1.9131]. Recommendation = [0.0, 0.8630, 0.7794], Current Cost = 12247.00, Rho = 1.000
(iter 110) [0.0, 0.8630, 0.7794] = 456.1615, sampling [1.0, -1.3387, -1.2572]. Recommendation = [0.0, 0.8630, 0.7794], Current Cost = 12248.00, Rho = 1.000
(iter 110) [0.0, 0.8630, 0.7794] = 456.1615, sampling [1.0, -1.9880, -1.4740]. Recommendation = [0.0, 0.8630, 0.7794], Current Cost = 12249.00, Rho = 1.000
(iter 110) [0.0, 0.8630, 0.7794] = 456.1615, sampling [0.0, -1.5210, 1.1431]. Recommendation = [0.0, 0.8630, 0.7794], Current Cost = 12250.00, Rho = 1.000
(iter 110) [0.0, 0.8630, 0.7794] = 456.1615, sampling [0.0, 0.0037, -0.2848]. Recommendation = [0.0, 0.8630, 0.7794], Current Cost = 13250.00, Rho = 1.000
(iter 110) [0.0, 0.8630, 0.7794] = 456.1615, sampling [0.0, -1.5784, -1.1294]. Recommendation = [0.0, 0.8630, 0.7794], Current Cost = 14250.00, Rho = 1.000
(iter 110) [0.0, 0.8630, 0.7794] = 456.1615, sampling [0.0, 1.9027, -1.8693]. Recommendation = [0.0, 0.8630, 0.7794], Current Cost = 15250.00, Rho = 1.000
(iter 110) [0.0, 0.8630, 0.7794] = 456.1615, sampling [0.0, 0.0804, 1.8755]. Recommendation = [0.0, 0.8630, 0.7794], Current Cost = 16250.00, Rho = 1.000
(iter 110) [0.0, 0.8630, 0.7794] = 456.1615, sampling [0.0, -0.8837, 1.8113]. Recommendation = [0.0, 0.8630, 0.7794], Current Cost = 17250.00, Rho = 1.000
(iter 110) [0.0, 0.8630, 0.7794] = 456.1615, sampling [0.0, -0.8352, -0.3569]. Recommendation = [0.0, 0.8630, 0.7794], Current Cost = 18250.00, Rho = 1.000
(iter 110) [0.0, 0.8630, 0.7794] = 456.1615, sampling [0.0, 1.6941, 0.4297]. Recommendation = [0.0, 0.8630, 0.7794], Current Cost = 19250.00, Rho = 1.000
(iter 110) [0.0, 0.8630, 0.7794] = 456.1615, sampling [0.0, -0.2577, -0.9744]. Recommendation = [0.0, 0.8630, 0.7794], Current Cost = 20250.00, Rho = 1.000
(iter 110) [0.0, 0.8630, 0.7794] = 456.1615, sampling [0.0, -0.3717, -1.9464]. Recommendation = [0.0, 0.8630, 0.7794], Current Cost = 21250.00, Rho = 1.000
(iter 110) [0.0, 0.8630, 0.7794] = 456.1615, sampling [0.0, 0.9386, 0.3023]. Recommendation = [0.0, 0.8630, 0.7794], Current Cost = 22250.00, Rho = 1.000
(iter 110) [0.0, 0.8630, 0.7794] = 456.1615, sampling [0.0, 0.4098, 1.9721]. Recommendation = [0.0, 0.8630, 0.7794], Current Cost = 23250.00, Rho = 1.000
(iter 110) [0.0, 0.8630, 0.7794] = 456.1615, sampling [0.0, 1.6771, -1.4067]. Recommendation = [0.0, 0.8630, 0.7794], Current Cost = 24250.00, Rho = 1.000
(iter 110) [0.0, 0.8630, 0.7794] = 456.1615, sampling [0.0, 0.3271, 0.6171]. Recommendation = [0.0, 0.8630, 0.7794], Current Cost = 25250.00, Rho = 1.000
(iter 110) [0.0, 0.8630, 0.7794] = 456.1615, sampling [0.0, -0.0201, -1.3294]. Recommendation = [0.0, 0.8630, 0.7794], Current Cost = 26250.00, Rho = 1.000
(iter 110) [0.0, 0.8630, 0.7794] = 456.1615, sampling [0.0, 1.4273, -1.1646]. Recommendation = [0.0, 0.8630, 0.7794], Current Cost = 27250.00, Rho = 1.000
(iter 110) [0.0, 0.8630, 0.7794] = 456.1615, sampling [0.0, 1.5000, -0.5440]. Recommendation = [0.0, 0.8630, 0.7794], Current Cost = 28250.00, Rho = 1.000
(iter 110) [0.0, 0.8630, 0.7794] = 456.1615, sampling [0.0, -1.5495, -1.4558]. Recommendation = [0.0, 0.8630, 0.7794], Current Cost = 29250.00, Rho = 1.000
(iter 110) [0.0, 0.8630, 0.7794] = 456.1615, sampling [0.0, 0.2476, -0.5855]. Recommendation = [0.0, 0.8630, 0.7794], Current Cost = 30250.00, Rho = 1.000
(iter 110) [0.0, 0.8630, 0.7794] = 456.1615, sampling [0.0, 0.8448, 0.9922]. Recommendation = [0.0, 0.8630, 0.7794], Current Cost = 31250.00, Rho = 1.000
(iter 110) [0.0, 0.8630, 0.7794] = 456.1615, sampling [0.0, -1.5538, -0.1345]. Recommendation = [0.0, 0.8630, 0.7794], Current Cost = 32250.00, Rho = 1.000
(iter 110) [0.0, 0.8630, 0.7794] = 456.1615, sampling [0.0, -1.3798, -0.4020]. Recommendation = [0.0, 0.8630, 0.7794], Current Cost = 33250.00, Rho = 1.000
(iter 110) [0.0, 0.8630, 0.7794] = 456.1615, sampling [0.0, 1.9492, 1.9003]. Recommendation = [0.0, 0.8630, 0.7794], Current Cost = 34250.00, Rho = 1.000
(iter 110) [0.0, 0.8630, 0.7794] = 456.1615, sampling [0.0, -0.3617, 0.6812]. Recommendation = [0.0, 0.8630, 0.7794], Current Cost = 35250.00, Rho = 1.000
(iter 110) [0.0, 0.8630, 0.7794] = 456.1615, sampling [0.0, 1.4579, 1.0991]. Recommendation = [0.0, 0.8630, 0.7794], Current Cost = 36250.00, Rho = 1.000
(iter 110) [0.0, 0.8630, 0.7794] = 456.1615, sampling [0.0, 0.7514, 0.1071]. Recommendation = [0.0, 0.8630, 0.7794], Current Cost = 37250.00, Rho = 1.000
(iter 110) [0.0, 0.8630, 0.7794] = 456.1615, sampling [0.0, -0.5424, 1.6939]. Recommendation = [0.0, 0.8630, 0.7794], Current Cost = 38250.00, Rho = 1.000
(iter 110) [0.0, 0.8630, 0.7794] = 456.1615, sampling [0.0, 0.4916, 1.7586]. Recommendation = [0.0, 0.8630, 0.7794], Current Cost = 39250.00, Rho = 1.000
(iter 110) [0.0, 0.8630, 0.7794] = 456.1615, sampling [0.0, 1.7900, -1.8393]. Recommendation = [0.0, 0.8630, 0.7794], Current Cost = 40250.00, Rho = 1.000
(iter 110) [0.0, 0.8630, 0.7794] = 456.1615, sampling [0.0, 1.7587, -0.7962]. Recommendation = [0.0, 0.8630, 0.7794], Current Cost = 41250.00, Rho = 1.000
(iter 110) [0.0, 0.8630, 0.7794] = 456.1615, sampling [0.0, 1.9749, -0.6832]. Recommendation = [0.0, 0.8630, 0.7794], Current Cost = 42250.00, Rho = 1.000
(iter 110) [0.0, 0.8630, 0.7794] = 456.1615, sampling [0.0, 1.1003, -1.5797]. Recommendation = [0.0, 0.8630, 0.7794], Current Cost = 43250.00, Rho = 1.000
(iter 110) [0.0, 0.8630, 0.7794] = 456.1615, sampling [0.0, -0.5688, 0.2675]. Recommendation = [0.0, 0.8630, 0.7794], Current Cost = 44250.00, Rho = 1.000
(iter 110) [0.0, 0.8630, 0.7794] = 456.1615, sampling [0.0, -1.0410, -0.4336]. Recommendation = [0.0, 0.8630, 0.7794], Current Cost = 45250.00, Rho = 1.000
(iter 110) [0.0, 0.8630, 0.7794] = 456.1615, sampling [0.0, 1.8051, 0.3985]. Recommendation = [0.0, 0.8630, 0.7794], Current Cost = 46250.00, Rho = 1.000
(iter 110) [0.0, 0.8630, 0.7794] = 456.1615, sampling [0.0, 1.8233, -1.5214]. Recommendation = [0.0, 0.8630, 0.7794], Current Cost = 47250.00, Rho = 1.000
(iter 110) [0.0, 0.8630, 0.7794] = 456.1615, sampling [0.0, -1.0662, 0.8258]. Recommendation = [0.0, 0.8630, 0.7794], Current Cost = 48250.00, Rho = 1.000
(iter 110) [0.0, 0.8630, 0.7794] = 456.1615, sampling [0.0, -0.6921, 1.6407]. Recommendation = [0.0, 0.8630, 0.7794], Current Cost = 49250.00, Rho = 1.000
(iter 110) [0.0, 0.8630, 0.7794] = 456.1615, sampling [0.0, -0.9932, 1.5824]. Recommendation = [0.0, 0.8630, 0.7794], Current Cost = 50250.00, Rho = 1.000
(iter 110) [0.0, 0.8630, 0.7794] = 456.1615, sampling [0.0, -1.4820, 0.5009]. Recommendation = [0.0, 0.8630, 0.7794], Current Cost = 51250.00, Rho = 1.000
(iter 110) [0.0, 0.8630, 0.7794] = 456.1615, sampling [0.0, 0.6190, 0.8400]. Recommendation = [0.0, 0.8630, 0.7794], Current Cost = 52250.00, Rho = 1.000
(iter 110) [0.0, 0.8630, 0.7794] = 456.1615, sampling [0.0, -1.7854, 1.0107]. Recommendation = [0.0, 0.8630, 0.7794], Current Cost = 53250.00, Rho = 1.000
(iter 110) [0.0, 0.8630, 0.7794] = 456.1615, sampling [0.0, 1.5621, 0.8523]. Recommendation = [0.0, 0.8630, 0.7794], Current Cost = 54250.00, Rho = 1.000
(iter 110) [0.0, 0.8630, 0.7794] = 456.1615, sampling [0.0, -1.7372, -1.6122]. Recommendation = [0.0, 0.8630, 0.7794], Current Cost = 55250.00, Rho = 1.000
(iter 110) [0.0, 0.8630, 0.7794] = 456.1615, sampling [0.0, -1.8300, 1.6575]. Recommendation = [0.0, 0.8630, 0.7794], Current Cost = 56250.00, Rho = 1.000
(iter 110) [0.0, 0.8630, 0.7794] = 456.1615, sampling [0.0, -1.9758, -1.8783]. Recommendation = [0.0, 0.8630, 0.7794], Current Cost = 57250.00, Rho = 1.000
(iter 110) [0.0, 0.8630, 0.7794] = 456.1615, sampling [0.0, -0.0109, 1.1554]. Recommendation = [0.0, 0.8630, 0.7794], Current Cost = 58250.00, Rho = 1.000
(iter 110) [0.0, 0.8630, 0.7794] = 456.1615, sampling [0.0, -0.4252, -1.9538]. Recommendation = [0.0, 0.8630, 0.7794], Current Cost = 59250.00, Rho = 1.000
(iter 110) [0.0, 0.8630, 0.7794] = 456.1615, sampling [0.0, -1.9464, 0.9680]. Recommendation = [0.0, 0.8630, 0.7794], Current Cost = 60250.00, Rho = 1.000
(iter 110) [0.0, 0.8630, 0.7794] = 456.1615, sampling [0.0, -1.1285, -1.1815]. Recommendation = [0.0, 0.8630, 0.7794], Current Cost = 61250.00, Rho = 1.000
(iter 110) [0.0, 0.8630, 0.7794] = 456.1615, sampling [0.0, -0.1388, 0.4721]. Recommendation = [0.0, 0.8630, 0.7794], Current Cost = 62250.00, Rho = 1.000
(iter 110) [0.0, 0.8630, 0.7794] = 456.1615, sampling [0.0, 1.6266, -0.0603]. Recommendation = [0.0, 0.8630, 0.7794], Current Cost = 63250.00, Rho = 1.000
(iter 110) [0.0, 0.8630, 0.7794] = 456.1615, sampling [0.0, -1.8221, 0.1963]. Recommendation = [0.0, 0.8630, 0.7794], Current Cost = 64250.00, Rho = 1.000
(iter 110) [0.0, 0.8630, 0.7794] = 456.1615, sampling [0.0, -1.2379, -1.4372]. Recommendation = [0.0, 0.8630, 0.7794], Current Cost = 65250.00, Rho = 1.000
(iter 110) [0.0, 0.8630, 0.7794] = 456.1615, sampling [0.0, 1.1798, 0.0809]. Recommendation = [0.0, 0.8630, 0.7794], Current Cost = 66250.00, Rho = 1.000
(iter 110) [0.0, 0.8630, 0.7794] = 456.1615, sampling [0.0, -0.9529, -1.3229]. Recommendation = [0.0, 0.8630, 0.7794], Current Cost = 67250.00, Rho = 1.000
(iter 110) [0.0, 0.8630, 0.7794] = 456.1615, sampling [0.0, -0.2803, 0.4849]. Recommendation = [0.0, 0.8630, 0.7794], Current Cost = 68250.00, Rho = 1.000
(iter 110) [0.0, 0.8630, 0.7794] = 456.1615, sampling [0.0, -0.0729, -1.4686]. Recommendation = [0.0, 0.8630, 0.7794], Current Cost = 69250.00, Rho = 1.000
(iter 110) [0.0, 0.8630, 0.7794] = 456.1615, sampling [0.0, -0.6865, -1.1425]. Recommendation = [0.0, 0.8630, 0.7794], Current Cost = 70250.00, Rho = 1.000
(iter 110) [0.0, 0.8630, 0.7794] = 456.1615, sampling [0.0, -0.9610, 1.0686]. Recommendation = [0.0, 0.8630, 0.7794], Current Cost = 71250.00, Rho = 1.000
(iter 110) [0.0, 0.8630, 0.7794] = 456.1615, sampling [0.0, 1.4021, -1.1172]. Recommendation = [0.0, 0.8630, 0.7794], Current Cost = 72250.00, Rho = 1.000
(iter 110) [0.0, 0.8630, 0.7794] = 456.1615, sampling [0.0, 0.7153, -0.9963]. Recommendation = [0.0, 0.8630, 0.7794], Current Cost = 73250.00, Rho = 1.000
(iter 110) [0.0, 0.8630, 0.7794] = 456.1615, sampling [0.0, -0.0887, -1.2760]. Recommendation = [0.0, 0.8630, 0.7794], Current Cost = 74250.00, Rho = 1.000
(iter 110) [0.0, 0.8630, 0.7794] = 456.1615, sampling [0.0, 0.1709, 1.0833]. Recommendation = [0.0, 0.8630, 0.7794], Current Cost = 75250.00, Rho = 1.000
(iter 110) [0.0, 0.8630, 0.7794] = 456.1615, sampling [0.0, 0.7280, 1.2941]. Recommendation = [0.0, 0.8630, 0.7794], Current Cost = 76250.00, Rho = 1.000
(iter 110) [0.0, 0.8630, 0.7794] = 456.1615, sampling [0.0, -1.0185, 1.2089]. Recommendation = [0.0, 0.8630, 0.7794], Current Cost = 77250.00, Rho = 1.000
(iter 110) [0.0, 0.8630, 0.7794] = 456.1615, sampling [0.0, -0.3006, -0.9855]. Recommendation = [0.0, 0.8630, 0.7794], Current Cost = 78250.00, Rho = 1.000
(iter 110) [0.0, 0.8630, 0.7794] = 456.1615, sampling [0.0, -1.2606, -0.7667]. Recommendation = [0.0, 0.8630, 0.7794], Current Cost = 79250.00, Rho = 1.000
(iter 110) [0.0, 0.8630, 0.7794] = 456.1615, sampling [0.0, 1.3313, -1.6271]. Recommendation = [0.0, 0.8630, 0.7794], Current Cost = 80250.00, Rho = 1.000
(iter 110) [0.0, 0.8630, 0.7794] = 456.1615, sampling [0.0, 1.9915, -0.1257]. Recommendation = [0.0, 0.8630, 0.7794], Current Cost = 81250.00, Rho = 1.000
(iter 110) [0.0, 0.8630, 0.7794] = 456.1615, sampling [0.0, -1.0304, -1.2909]. Recommendation = [0.0, 0.8630, 0.7794], Current Cost = 82250.00, Rho = 1.000
(iter 110) [0.0, 0.8630, 0.7794] = 456.1615, sampling [0.0, 1.0450, -1.5904]. Recommendation = [0.0, 0.8630, 0.7794], Current Cost = 83250.00, Rho = 1.000
(iter 110) [0.0, 0.8630, 0.7794] = 456.1615, sampling [0.0, -1.0723, 1.9531]. Recommendation = [0.0, 0.8630, 0.7794], Current Cost = 84250.00, Rho = 1.000
(iter 110) [0.0, 0.8630, 0.7794] = 456.1615, sampling [0.0, 0.0372, 1.4379]. Recommendation = [0.0, 0.8630, 0.7794], Current Cost = 85250.00, Rho = 1.000
(iter 110) [0.0, 0.8630, 0.7794] = 456.1615, sampling [0.0, 1.0867, -0.3933]. Recommendation = [0.0, 0.8630, 0.7794], Current Cost = 86250.00, Rho = 1.000
(iter 110) [0.0, 0.8630, 0.7794] = 456.1615, sampling [0.0, 1.1232, -1.5534]. Recommendation = [0.0, 0.8630, 0.7794], Current Cost = 87250.00, Rho = 1.000
(iter 110) [0.0, 0.8630, 0.7794] = 456.1615, sampling [0.0, 0.1307, 0.3584]. Recommendation = [0.0, 0.8630, 0.7794], Current Cost = 88250.00, Rho = 1.000
(iter 110) [0.0, 0.8630, 0.7794] = 456.1615, sampling [0.0, 0.9441, -1.7396]. Recommendation = [0.0, 0.8630, 0.7794], Current Cost = 89250.00, Rho = 1.000
(iter 110) [0.0, 0.8630, 0.7794] = 456.1615, sampling [0.0, 1.2163, 1.2563]. Recommendation = [0.0, 0.8630, 0.7794], Current Cost = 90250.00, Rho = 1.000
(iter 110) [0.0, 0.8630, 0.7794] = 456.1615, sampling [0.0, -1.2314, 1.3860]. Recommendation = [0.0, 0.8630, 0.7794], Current Cost = 91250.00, Rho = 1.000
(iter 110) [0.0, 0.8630, 0.7794] = 456.1615, sampling [0.0, 1.7270, -0.0310]. Recommendation = [0.0, 0.8630, 0.7794], Current Cost = 92250.00, Rho = 1.000
(iter 110) [0.0, 0.8630, 0.7794] = 456.1615, sampling [0.0, 1.5425, -0.5699]. Recommendation = [0.0, 0.8630, 0.7794], Current Cost = 93250.00, Rho = 1.000
(iter 110) [0.0, 0.8630, 0.7794] = 456.1615, sampling [0.0, -0.9234, -1.4207]. Recommendation = [0.0, 0.8630, 0.7794], Current Cost = 94250.00, Rho = 1.000
(iter 110) [0.0, 0.8630, 0.7794] = 456.1615, sampling [0.0, -1.1990, -1.5508]. Recommendation = [0.0, 0.8630, 0.7794], Current Cost = 95250.00, Rho = 1.000
(iter 110) [0.0, 0.8630, 0.7794] = 456.1615, sampling [0.0, 1.2425, 0.6992]. Recommendation = [0.0, 0.8630, 0.7794], Current Cost = 96250.00, Rho = 1.000
(iter 110) [0.0, 0.8630, 0.7794] = 456.1615, sampling [0.0, 0.1812, -1.9827]. Recommendation = [0.0, 0.8630, 0.7794], Current Cost = 97250.00, Rho = 1.000
(iter 110) [0.0, 0.8630, 0.7794] = 456.1615, sampling [0.0, 0.5799, -1.8534]. Recommendation = [0.0, 0.8630, 0.7794], Current Cost = 98250.00, Rho = 1.000
(iter 110) [0.0, 0.8630, 0.7794] = 456.1615, sampling [0.0, 0.2608, 0.7276]. Recommendation = [0.0, 0.8630, 0.7794], Current Cost = 99250.00, Rho = 1.000
