(iter 10) [0.0, 1.2789, 1.7553] = 454.7895, sampling [1.0, 1.1705, 0.7015]. Recommendation = [0.0, 1.2789, 1.7553], Current Cost = 5005.00, Rho = 1.000
(iter 10) [0.0, 1.2789, 1.7553] = 454.7895, sampling [1.0, 1.1137, 1.3642]. Recommendation = [0.0, 1.2789, 1.7553], Current Cost = 5006.00, Rho = 1.000
(iter 10) [0.0, 1.2789, 1.7553] = 454.7895, sampling [1.0, 0.9156, -0.4178]. Recommendation = [0.0, 1.2789, 1.7553], Current Cost = 5007.00, Rho = 1.000
(iter 10) [0.0, 1.2789, 1.7553] = 454.7895, sampling [1.0, 1.5064, 1.3114]. Recommendation = [0.0, 1.2789, 1.7553], Current Cost = 5008.00, Rho = 1.000
(iter 10) [0.0, 1.2789, 1.7553] = 454.7895, sampling [1.0, 0.8541, 1.2297]. Recommendation = [0.0, 1.2789, 1.7553], Current Cost = 5009.00, Rho = 1.000
(iter 10) [0.0, 1.2789, 1.7553] = 454.7895, sampling [1.0, 0.7457, 0.5154]. Recommendation = [0.0, 1.2789, 1.7553], Current Cost = 5010.00, Rho = 1.000
(iter 10) [0.0, 1.2789, 1.7553] = 454.7895, sampling [1.0, 0.5850, 0.1875]. Recommendation = [0.0, 0.7457, 0.5154], Current Cost = 5011.00, Rho = 1.000
(iter 10) [0.0, 1.2789, 1.7553] = 454.7895, sampling [1.0, 0.7891, 1.6416]. Recommendation = [0.0, 0.7457, 0.5154], Current Cost = 5012.00, Rho = 1.000
(iter 10) [0.0, 1.2789, 1.7553] = 454.7895, sampling [1.0, 0.6862, 0.7129]. Recommendation = [0.0, 0.7457, 0.5154], Current Cost = 5013.00, Rho = 1.000
(iter 10) [0.0, 1.2789, 1.7553] = 454.7895, sampling [1.0, 1.0281, 0.4389]. Recommendation = [0.0, 0.7457, 0.5154], Current Cost = 5014.00, Rho = 1.000
(iter 10) [0.0, 1.2789, 1.7553] = 454.7895, sampling [1.0, 0.4350, 0.5060]. Recommendation = [0.0, 0.7457, 0.5154], Current Cost = 5015.00, Rho = 1.000
(iter 10) [0.0, 1.2789, 1.7553] = 454.7895, sampling [1.0, 0.2677, -0.1157]. Recommendation = [0.0, 0.7457, 0.5154], Current Cost = 5016.00, Rho = 1.000
(iter 10) [0.0, 1.2789, 1.7553] = 454.7895, sampling [1.0, 0.3952, -0.3933]. Recommendation = [0.0, 0.7457, 0.5154], Current Cost = 5017.00, Rho = 1.000
(iter 10) [0.0, 1.2789, 1.7553] = 454.7895, sampling [1.0, 0.3535, 0.2041]. Recommendation = [0.0, 0.7457, 0.5154], Current Cost = 5018.00, Rho = 1.000
(iter 10) [0.0, 1.2789, 1.7553] = 454.7895, sampling [1.0, 0.9608, 1.0912]. Recommendation = [0.0, 0.7457, 0.5154], Current Cost = 5019.00, Rho = 1.000
(iter 10) [0.0, 1.2789, 1.7553] = 454.7895, sampling [1.0, 0.9760, 0.7809]. Recommendation = [0.0, 0.7457, 0.5154], Current Cost = 5020.00, Rho = 1.000
(iter 10) [0.0, 1.2789, 1.7553] = 454.7895, sampling [1.0, 1.7915, 0.5861]. Recommendation = [0.0, 0.7457, 0.5154], Current Cost = 5021.00, Rho = 1.000
(iter 10) [0.0, 1.2789, 1.7553] = 454.7895, sampling [1.0, 0.8956, 0.6576]. Recommendation = [0.0, 0.8956, 0.6576], Current Cost = 5022.00, Rho = 1.000
(iter 10) [0.0, 1.2789, 1.7553] = 454.7895, sampling [1.0, 0.2901, 0.0868]. Recommendation = [0.0, 0.7457, 0.5154], Current Cost = 5023.00, Rho = 1.000
(iter 10) [0.0, 1.2789, 1.7553] = 454.7895, sampling [1.0, 0.4298, 0.2797]. Recommendation = [0.0, 0.7457, 0.5154], Current Cost = 5024.00, Rho = 1.000
(iter 10) [0.0, 1.2789, 1.7553] = 454.7895, sampling [1.0, 0.8266, 0.4295]. Recommendation = [0.0, 0.7457, 0.5154], Current Cost = 5025.00, Rho = 1.000
(iter 10) [0.0, 1.2789, 1.7553] = 454.7895, sampling [1.0, 1.1854, 1.4227]. Recommendation = [0.0, 0.7457, 0.5154], Current Cost = 5026.00, Rho = 1.000
(iter 10) [0.0, 1.2789, 1.7553] = 454.7895, sampling [1.0, 0.1358, 0.2654]. Recommendation = [0.0, 1.1854, 1.4227], Current Cost = 5027.00, Rho = 1.000
(iter 10) [0.0, 1.2789, 1.7553] = 454.7895, sampling [1.0, 0.1132, -0.1605]. Recommendation = [0.0, 1.1854, 1.4227], Current Cost = 5028.00, Rho = 1.000
(iter 10) [0.0, 1.2789, 1.7553] = 454.7895, sampling [1.0, 0.1863, 0.1348]. Recommendation = [0.0, 1.1854, 1.4227], Current Cost = 5029.00, Rho = 1.000
(iter 10) [0.0, 1.2789, 1.7553] = 454.7895, sampling [1.0, 1.4953, 1.9972]. Recommendation = [0.0, 1.1854, 1.4227], Current Cost = 5030.00, Rho = 1.000
(iter 10) [0.0, 1.2789, 1.7553] = 454.7895, sampling [1.0, 1.4719, 1.8098]. Recommendation = [0.0, 1.1854, 1.4227], Current Cost = 5031.00, Rho = 1.000
(iter 10) [0.0, 1.2789, 1.7553] = 454.7895, sampling [1.0, 0.9992, 1.9606]. Recommendation = [0.0, 1.1854, 1.4227], Current Cost = 5032.00, Rho = 1.000
(iter 10) [0.0, 1.2789, 1.7553] = 454.7895, sampling [1.0, 0.2199, -0.0180]. Recommendation = [0.0, 1.1854, 1.4227], Current Cost = 5033.00, Rho = 1.000
(iter 10) [0.0, 1.2789, 1.7553] = 454.7895, sampling [1.0, 0.2850, -0.4649]. Recommendation = [0.0, 1.1854, 1.4227], Current Cost = 5034.00, Rho = 1.000
(iter 10) [0.0, 1.2789, 1.7553] = 454.7895, sampling [1.0, 0.4125, 0.6081]. Recommendation = [0.0, 1.1854, 1.4227], Current Cost = 5035.00, Rho = 1.000
(iter 10) [0.0, 1.2789, 1.7553] = 454.7895, sampling [1.0, 0.6643, 1.3155]. Recommendation = [0.0, 1.1854, 1.4227], Current Cost = 5036.00, Rho = 1.000
(iter 10) [0.0, 1.2789, 1.7553] = 454.7895, sampling [1.0, 1.6553, 1.7161]. Recommendation = [0.0, 1.1854, 1.4227], Current Cost = 5037.00, Rho = 1.000
(iter 10) [0.0, 1.2789, 1.7553] = 454.7895, sampling [1.0, 0.4504, -0.7084]. Recommendation = [0.0, 1.1854, 1.4227], Current Cost = 5038.00, Rho = 1.000
(iter 10) [0.0, 1.2789, 1.7553] = 454.7895, sampling [1.0, 0.0009, 0.4904]. Recommendation = [0.0, 1.1854, 1.4227], Current Cost = 5039.00, Rho = 1.000
(iter 10) [0.0, 1.2789, 1.7553] = 454.7895, sampling [1.0, 0.0897, 0.7642]. Recommendation = [0.0, 1.1854, 1.4227], Current Cost = 5040.00, Rho = 1.000
(iter 10) [0.0, 1.2789, 1.7553] = 454.7895, sampling [1.0, 0.5953, -0.3766]. Recommendation = [0.0, 1.1854, 1.4227], Current Cost = 5041.00, Rho = 1.000
(iter 10) [0.0, 1.2789, 1.7553] = 454.7895, sampling [1.0, 0.6419, 0.7506]. Recommendation = [0.0, 1.1854, 1.4227], Current Cost = 5042.00, Rho = 1.000
(iter 10) [0.0, 1.2789, 1.7553] = 454.7895, sampling [1.0, 0.0583, 0.2464]. Recommendation = [0.0, 1.1854, 1.4227], Current Cost = 5043.00, Rho = 1.000
(iter 10) [0.0, 1.2789, 1.7553] = 454.7895, sampling [1.0, 0.1960, 1.3309]. Recommendation = [0.0, 1.1854, 1.4227], Current Cost = 5044.00, Rho = 1.000
(iter 10) [0.0, 1.2789, 1.7553] = 454.7895, sampling [1.0, 0.9361, 0.6329]. Recommendation = [0.0, 1.1854, 1.4227], Current Cost = 5045.00, Rho = 1.000
(iter 10) [0.0, 1.2789, 1.7553] = 454.7895, sampling [1.0, -0.1609, -0.0699]. Recommendation = [0.0, 1.1854, 1.4227], Current Cost = 5046.00, Rho = 1.000
(iter 10) [0.0, 1.2789, 1.7553] = 454.7895, sampling [1.0, -0.1155, -0.3420]. Recommendation = [0.0, 1.1854, 1.4227], Current Cost = 5047.00, Rho = 1.000
(iter 10) [0.0, 1.2789, 1.7553] = 454.7895, sampling [1.0, -0.0998, 0.3220]. Recommendation = [0.0, 1.1854, 1.4227], Current Cost = 5048.00, Rho = 1.000
(iter 10) [0.0, 1.2789, 1.7553] = 454.7895, sampling [1.0, -0.2068, -0.0033]. Recommendation = [0.0, 1.1854, 1.4227], Current Cost = 5049.00, Rho = 1.000
(iter 10) [0.0, 1.2789, 1.7553] = 454.7895, sampling [1.0, 0.2478, 0.7957]. Recommendation = [0.0, 1.1854, 1.4227], Current Cost = 5050.00, Rho = 1.000
(iter 10) [0.0, 1.2789, 1.7553] = 454.7895, sampling [1.0, 0.4705, 0.5652]. Recommendation = [0.0, 1.1854, 1.4227], Current Cost = 5051.00, Rho = 1.000
(iter 10) [0.0, 1.2789, 1.7553] = 454.7895, sampling [1.0, -0.0602, 0.3868]. Recommendation = [0.0, 1.1854, 1.4227], Current Cost = 5052.00, Rho = 1.000
(iter 10) [0.0, 1.2789, 1.7553] = 454.7895, sampling [1.0, 0.1474, -0.6127]. Recommendation = [0.0, 1.1854, 1.4227], Current Cost = 5053.00, Rho = 1.000
(iter 10) [0.0, 1.2789, 1.7553] = 454.7895, sampling [1.0, 1.0588, 0.0289]. Recommendation = [0.0, 1.1854, 1.4227], Current Cost = 5054.00, Rho = 1.000
(iter 10) [0.0, 1.2789, 1.7553] = 454.7895, sampling [1.0, 0.3410, 1.8853]. Recommendation = [0.0, 1.1854, 1.4227], Current Cost = 5055.00, Rho = 1.000
(iter 10) [0.0, 1.2789, 1.7553] = 454.7895, sampling [1.0, 1.8602, 1.8884]. Recommendation = [0.0, 1.1854, 1.4227], Current Cost = 5056.00, Rho = 1.000
(iter 10) [0.0, 1.2789, 1.7553] = 454.7895, sampling [1.0, 0.8437, -0.9928]. Recommendation = [0.0, 1.1854, 1.4227], Current Cost = 5057.00, Rho = 1.000
(iter 10) [0.0, 1.2789, 1.7553] = 454.7895, sampling [1.0, -0.2527, 0.8771]. Recommendation = [0.0, 1.1854, 1.4227], Current Cost = 5058.00, Rho = 1.000
(iter 10) [0.0, 1.2789, 1.7553] = 454.7895, sampling [1.0, -0.0941, 0.9527]. Recommendation = [0.0, 1.1854, 1.4227], Current Cost = 5059.00, Rho = 1.000
(iter 10) [0.0, 1.2789, 1.7553] = 454.7895, sampling [1.0, 0.3151, -0.5095]. Recommendation = [0.0, 1.1854, 1.4227], Current Cost = 5060.00, Rho = 1.000
(iter 10) [0.0, 1.2789, 1.7553] = 454.7895, sampling [1.0, -0.4835, 0.6450]. Recommendation = [0.0, 1.1854, 1.4227], Current Cost = 5061.00, Rho = 1.000
(iter 10) [0.0, 1.2789, 1.7553] = 454.7895, sampling [1.0, -0.5097, 0.8504]. Recommendation = [0.0, 1.1854, 1.4227], Current Cost = 5062.00, Rho = 1.000
(iter 10) [0.0, 1.2789, 1.7553] = 454.7895, sampling [1.0, -0.4282, 0.9892]. Recommendation = [0.0, 1.1854, 1.4227], Current Cost = 5063.00, Rho = 1.000
(iter 10) [0.0, 1.2789, 1.7553] = 454.7895, sampling [1.0, -0.6276, 0.3543]. Recommendation = [0.0, 1.1854, 1.4227], Current Cost = 5064.00, Rho = 1.000
(iter 10) [0.0, 1.2789, 1.7553] = 454.7895, sampling [1.0, -0.7626, 0.4554]. Recommendation = [0.0, 1.1854, 1.4227], Current Cost = 5065.00, Rho = 1.000
(iter 10) [0.0, 1.2789, 1.7553] = 454.7895, sampling [1.0, -0.7762, 0.9169]. Recommendation = [0.0, 1.1854, 1.4227], Current Cost = 5066.00, Rho = 1.000
(iter 10) [0.0, 1.2789, 1.7553] = 454.7895, sampling [1.0, -0.6776, 0.9987]. Recommendation = [0.0, 1.1854, 1.4227], Current Cost = 5067.00, Rho = 1.000
(iter 10) [0.0, 1.2789, 1.7553] = 454.7895, sampling [1.0, -0.6468, 1.2931]. Recommendation = [0.0, 1.1854, 1.4227], Current Cost = 5068.00, Rho = 1.000
(iter 10) [0.0, 1.2789, 1.7553] = 454.7895, sampling [1.0, -0.5222, 1.1863]. Recommendation = [0.0, 1.1854, 1.4227], Current Cost = 5069.00, Rho = 1.000
(iter 10) [0.0, 1.2789, 1.7553] = 454.7895, sampling [1.0, -0.9424, 1.1292]. Recommendation = [0.0, 1.1854, 1.4227], Current Cost = 5070.00, Rho = 1.000
(iter 10) [0.0, 1.2789, 1.7553] = 454.7895, sampling [1.0, -0.9832, 1.3812]. Recommendation = [0.0, 1.1854, 1.4227], Current Cost = 5071.00, Rho = 1.000
(iter 10) [0.0, 1.2789, 1.7553] = 454.7895, sampling [1.0, -0.6950, 1.9389]. Recommendation = [0.0, 1.1854, 1.4227], Current Cost = 5072.00, Rho = 1.000
(iter 10) [0.0, 1.2789, 1.7553] = 454.7895, sampling [1.0, -0.7372, 1.4676]. Recommendation = [0.0, 1.1854, 1.4227], Current Cost = 5073.00, Rho = 1.000
(iter 10) [0.0, 1.2789, 1.7553] = 454.7895, sampling [1.0, -1.0779, 0.8450]. Recommendation = [0.0, 1.1854, 1.4227], Current Cost = 5074.00, Rho = 1.000
(iter 10) [0.0, 1.2789, 1.7553] = 454.7895, sampling [1.0, -1.2825, 1.2697]. Recommendation = [0.0, 1.1854, 1.4227], Current Cost = 5075.00, Rho = 1.000
(iter 10) [0.0, 1.2789, 1.7553] = 454.7895, sampling [1.0, -1.1099, 1.4771]. Recommendation = [0.0, 1.1854, 1.4227], Current Cost = 5076.00, Rho = 1.000
(iter 10) [0.0, 1.2789, 1.7553] = 454.7895, sampling [1.0, -1.2416, 1.0239]. Recommendation = [0.0, 1.1854, 1.4227], Current Cost = 5077.00, Rho = 1.000
(iter 10) [0.0, 1.2789, 1.7553] = 454.7895, sampling [1.0, -1.1861, 1.7057]. Recommendation = [0.0, 1.1854, 1.4227], Current Cost = 5078.00, Rho = 1.000
(iter 10) [0.0, 1.2789, 1.7553] = 454.7895, sampling [1.0, -1.0164, 1.5577]. Recommendation = [0.0, 1.1854, 1.4227], Current Cost = 5079.00, Rho = 1.000
(iter 10) [0.0, 1.2789, 1.7553] = 454.7895, sampling [1.0, -1.3212, 1.8525]. Recommendation = [0.0, 1.1854, 1.4227], Current Cost = 5080.00, Rho = 1.000
(iter 10) [0.0, 1.2789, 1.7553] = 454.7895, sampling [1.0, -1.6306, 1.5966]. Recommendation = [0.0, 1.1854, 1.4227], Current Cost = 5081.00, Rho = 1.000
(iter 10) [0.0, 1.2789, 1.7553] = 454.7895, sampling [1.0, -0.7298, 0.3156]. Recommendation = [0.0, 1.1854, 1.4227], Current Cost = 5082.00, Rho = 1.000
(iter 10) [0.0, 1.2789, 1.7553] = 454.7895, sampling [1.0, -1.7999, 1.9280]. Recommendation = [0.0, 1.1854, 1.4227], Current Cost = 5083.00, Rho = 1.000
(iter 10) [0.0, 1.2789, 1.7553] = 454.7895, sampling [1.0, -0.2214, 1.1552]. Recommendation = [0.0, 1.1854, 1.4227], Current Cost = 5084.00, Rho = 1.000
(iter 10) [0.0, 1.2789, 1.7553] = 454.7895, sampling [1.0, -1.5456, 1.4463]. Recommendation = [0.0, 1.1854, 1.4227], Current Cost = 5085.00, Rho = 1.000
(iter 10) [0.0, 1.2789, 1.7553] = 454.7895, sampling [1.0, 0.1730, -0.7953]. Recommendation = [0.0, 1.1854, 1.4227], Current Cost = 5086.00, Rho = 1.000
(iter 10) [0.0, 1.2789, 1.7553] = 454.7895, sampling [1.0, -0.2586, -0.7229]. Recommendation = [0.0, 1.1854, 1.4227], Current Cost = 5087.00, Rho = 1.000
(iter 10) [0.0, 1.2789, 1.7553] = 454.7895, sampling [1.0, -0.9680, 0.4057]. Recommendation = [0.0, 1.1854, 1.4227], Current Cost = 5088.00, Rho = 1.000
(iter 10) [0.0, 1.2789, 1.7553] = 454.7895, sampling [1.0, -0.8748, 0.2246]. Recommendation = [0.0, 1.1854, 1.4227], Current Cost = 5089.00, Rho = 1.000
(iter 10) [0.0, 1.2789, 1.7553] = 454.7895, sampling [1.0, -0.7853, -0.0801]. Recommendation = [0.0, 1.1854, 1.4227], Current Cost = 5090.00, Rho = 1.000
(iter 10) [0.0, 1.2789, 1.7553] = 454.7895, sampling [1.0, -0.0326, -1.0328]. Recommendation = [0.0, 1.1854, 1.4227], Current Cost = 5091.00, Rho = 1.000
(iter 10) [0.0, 1.2789, 1.7553] = 454.7895, sampling [1.0, -0.5421, 1.0357]. Recommendation = [0.0, 1.1854, 1.4227], Current Cost = 5092.00, Rho = 1.000
(iter 10) [0.0, 1.2789, 1.7553] = 454.7895, sampling [1.0, -0.4387, 1.4898]. Recommendation = [0.0, 1.1854, 1.4227], Current Cost = 5093.00, Rho = 1.000
(iter 10) [0.0, 1.2789, 1.7553] = 454.7895, sampling [1.0, 1.6452, 1.5221]. Recommendation = [0.0, 1.1854, 1.4227], Current Cost = 5094.00, Rho = 1.000
(iter 10) [0.0, 1.2789, 1.7553] = 454.7895, sampling [1.0, -0.6115, 1.1487]. Recommendation = [0.0, 1.1854, 1.4227], Current Cost = 5095.00, Rho = 1.000
(iter 10) [0.0, 1.2789, 1.7553] = 454.7895, sampling [1.0, -0.9004, 0.0560]. Recommendation = [0.0, 1.1854, 1.4227], Current Cost = 5096.00, Rho = 1.000
(iter 10) [0.0, 1.2789, 1.7553] = 454.7895, sampling [1.0, 0.8731, 1.8668]. Recommendation = [0.0, 1.1854, 1.4227], Current Cost = 5097.00, Rho = 1.000
(iter 10) [0.0, 1.2789, 1.7553] = 454.7895, sampling [1.0, 0.7349, -0.5907]. Recommendation = [0.0, 1.1854, 1.4227], Current Cost = 5098.00, Rho = 1.000
(iter 10) [0.0, 1.2789, 1.7553] = 454.7895, sampling [1.0, -0.0245, 1.0689]. Recommendation = [0.0, 1.1854, 1.4227], Current Cost = 5099.00, Rho = 1.000
(iter 10) [0.0, 1.2789, 1.7553] = 454.7895, sampling [1.0, 0.3317, -1.5147]. Recommendation = [0.0, 1.1854, 1.4227], Current Cost = 5100.00, Rho = 1.000
(iter 10) [0.0, 1.2789, 1.7553] = 454.7895, sampling [1.0, -1.6574, 1.2493]. Recommendation = [0.0, 1.1854, 1.4227], Current Cost = 5101.00, Rho = 1.000
(iter 10) [0.0, 1.2789, 1.7553] = 454.7895, sampling [1.0, 0.5323, -0.9910]. Recommendation = [0.0, 1.1854, 1.4227], Current Cost = 5102.00, Rho = 1.000
(iter 10) [0.0, 1.2789, 1.7553] = 454.7895, sampling [1.0, 1.7216, -1.8903]. Recommendation = [0.0, 1.1854, 1.4227], Current Cost = 5103.00, Rho = 1.000
(iter 10) [0.0, 1.2789, 1.7553] = 454.7895, sampling [1.0, 0.0299, -1.1755]. Recommendation = [0.0, 1.1854, 1.4227], Current Cost = 5104.00, Rho = 1.000
(iter 10) [0.0, 1.2789, 1.7553] = 454.7895, sampling [1.0, -0.1577, 1.4264]. Recommendation = [0.0, 1.1854, 1.4227], Current Cost = 5105.00, Rho = 1.000
(iter 10) [0.0, 1.2789, 1.7553] = 454.7895, sampling [1.0, -0.5757, -0.8819]. Recommendation = [0.0, 1.1854, 1.4227], Current Cost = 5106.00, Rho = 1.000
(iter 10) [0.0, 1.2789, 1.7553] = 454.7895, sampling [1.0, 0.5061, 1.6275]. Recommendation = [0.0, 1.1854, 1.4227], Current Cost = 5107.00, Rho = 1.000
(iter 10) [0.0, 1.2789, 1.7553] = 454.7895, sampling [1.0, -0.8613, -0.0602]. Recommendation = [0.0, 1.1854, 1.4227], Current Cost = 5108.00, Rho = 1.000
(iter 10) [0.0, 1.2789, 1.7553] = 454.7895, sampling [1.0, -0.7088, 1.4015]. Recommendation = [0.0, 1.1854, 1.4227], Current Cost = 5109.00, Rho = 1.000
(iter 10) [0.0, 1.2789, 1.7553] = 454.7895, sampling [1.0, -0.1907, 1.7998]. Recommendation = [0.0, 1.1854, 1.4227], Current Cost = 5110.00, Rho = 1.000
(iter 10) [0.0, 1.2789, 1.7553] = 454.7895, sampling [1.0, 1.3685, 0.7306]. Recommendation = [0.0, 1.1854, 1.4227], Current Cost = 5111.00, Rho = 1.000
(iter 10) [0.0, 1.2789, 1.7553] = 454.7895, sampling [1.0, -0.3338, -1.2966]. Recommendation = [0.0, 1.1854, 1.4227], Current Cost = 5112.00, Rho = 1.000
(iter 10) [0.0, 1.2789, 1.7553] = 454.7895, sampling [1.0, 1.3093, 0.3376]. Recommendation = [0.0, 1.1854, 1.4227], Current Cost = 5113.00, Rho = 1.000
(iter 10) [0.0, 1.2789, 1.7553] = 454.7895, sampling [1.0, 0.7009, -0.8041]. Recommendation = [0.0, 1.1854, 1.4227], Current Cost = 5114.00, Rho = 1.000
(iter 10) [0.0, 1.2789, 1.7553] = 454.7895, sampling [1.0, -0.0655, 1.2156]. Recommendation = [0.0, 1.1854, 1.4227], Current Cost = 5115.00, Rho = 1.000
(iter 10) [0.0, 1.2789, 1.7553] = 454.7895, sampling [1.0, -0.1301, 1.0559]. Recommendation = [0.0, 1.1854, 1.4227], Current Cost = 5116.00, Rho = 1.000
(iter 10) [0.0, 1.2789, 1.7553] = 454.7895, sampling [1.0, -0.9466, -0.2301]. Recommendation = [0.0, 1.1854, 1.4227], Current Cost = 5117.00, Rho = 1.000
(iter 10) [0.0, 1.2789, 1.7553] = 454.7895, sampling [1.0, -1.3871, 0.5319]. Recommendation = [0.0, 1.1854, 1.4227], Current Cost = 5118.00, Rho = 1.000
(iter 10) [0.0, 1.2789, 1.7553] = 454.7895, sampling [1.0, -1.0990, 0.0722]. Recommendation = [0.0, 1.1854, 1.4227], Current Cost = 5119.00, Rho = 1.000
(iter 10) [0.0, 1.2789, 1.7553] = 454.7895, sampling [1.0, -1.9973, 1.9055]. Recommendation = [0.0, 1.1854, 1.4227], Current Cost = 5120.00, Rho = 1.000
(iter 10) [0.0, 1.2789, 1.7553] = 454.7895, sampling [1.0, -0.8257, -0.7642]. Recommendation = [0.0, 1.1854, 1.4227], Current Cost = 5121.00, Rho = 1.000
(iter 10) [0.0, 1.2789, 1.7553] = 454.7895, sampling [1.0, 1.7752, 1.2364]. Recommendation = [0.0, 1.1854, 1.4227], Current Cost = 5122.00, Rho = 1.000
(iter 10) [0.0, 1.2789, 1.7553] = 454.7895, sampling [1.0, -1.2687, 0.3028]. Recommendation = [0.0, 1.1854, 1.4227], Current Cost = 5123.00, Rho = 1.000
(iter 10) [0.0, 1.2789, 1.7553] = 454.7895, sampling [1.0, -0.6051, 1.1778]. Recommendation = [0.0, 1.1854, 1.4227], Current Cost = 5124.00, Rho = 1.000
(iter 10) [0.0, 1.2789, 1.7553] = 454.7895, sampling [1.0, 0.5710, 1.8259]. Recommendation = [0.0, 1.1854, 1.4227], Current Cost = 5125.00, Rho = 1.000
(iter 10) [0.0, 1.2789, 1.7553] = 454.7895, sampling [1.0, -0.4659, 1.7635]. Recommendation = [0.0, 1.1854, 1.4227], Current Cost = 5126.00, Rho = 1.000
(iter 10) [0.0, 1.2789, 1.7553] = 454.7895, sampling [1.0, 0.8032, -0.5445]. Recommendation = [0.0, 1.1854, 1.4227], Current Cost = 5127.00, Rho = 1.000
(iter 10) [0.0, 1.2789, 1.7553] = 454.7895, sampling [1.0, -1.6794, 0.8896]. Recommendation = [0.0, 1.1854, 1.4227], Current Cost = 5128.00, Rho = 1.000
(iter 10) [0.0, 1.2789, 1.7553] = 454.7895, sampling [1.0, 1.2134, -0.3134]. Recommendation = [0.0, 1.1854, 1.4227], Current Cost = 5129.00, Rho = 1.000
(iter 10) [0.0, 1.2789, 1.7553] = 454.7895, sampling [1.0, 0.0761, 1.3558]. Recommendation = [0.0, 1.1854, 1.4227], Current Cost = 5130.00, Rho = 1.000
(iter 10) [0.0, 1.2789, 1.7553] = 454.7895, sampling [1.0, 0.7547, -0.6887]. Recommendation = [0.0, 1.1854, 1.4227], Current Cost = 5131.00, Rho = 1.000
(iter 10) [0.0, 1.2789, 1.7553] = 454.7895, sampling [1.0, -1.7085, 1.5838]. Recommendation = [0.0, 1.1854, 1.4227], Current Cost = 5132.00, Rho = 1.000
(iter 10) [0.0, 1.2789, 1.7553] = 454.7895, sampling [1.0, -0.2377, -1.6672]. Recommendation = [0.0, 1.1854, 1.4227], Current Cost = 5133.00, Rho = 1.000
(iter 10) [0.0, 1.2789, 1.7553] = 454.7895, sampling [1.0, 0.0323, 1.9693]. Recommendation = [0.0, 1.1854, 1.4227], Current Cost = 5134.00, Rho = 1.000
(iter 10) [0.0, 1.2789, 1.7553] = 454.7895, sampling [1.0, 1.4193, 0.6059]. Recommendation = [0.0, 1.1854, 1.4227], Current Cost = 5135.00, Rho = 1.000
(iter 10) [0.0, 1.2789, 1.7553] = 454.7895, sampling [1.0, -0.2756, 1.5454]. Recommendation = [0.0, 1.1854, 1.4227], Current Cost = 5136.00, Rho = 1.000
(iter 10) [0.0, 1.2789, 1.7553] = 454.7895, sampling [1.0, 0.7739, 1.6687]. Recommendation = [0.0, 1.1854, 1.4227], Current Cost = 5137.00, Rho = 1.000
(iter 10) [0.0, 1.2789, 1.7553] = 454.7895, sampling [1.0, 1.8286, 1.7769]. Recommendation = [0.0, 1.1854, 1.4227], Current Cost = 5138.00, Rho = 1.000
(iter 10) [0.0, 1.2789, 1.7553] = 454.7895, sampling [1.0, -1.0608, -0.5286]. Recommendation = [0.0, 1.1854, 1.4227], Current Cost = 5139.00, Rho = 1.000
(iter 10) [0.0, 1.2789, 1.7553] = 454.7895, sampling [1.0, -0.8436, -0.9553]. Recommendation = [0.0, 1.1854, 1.4227], Current Cost = 5140.00, Rho = 1.000
(iter 10) [0.0, 1.2789, 1.7553] = 454.7895, sampling [1.0, 0.5469, -1.3801]. Recommendation = [0.0, 1.1854, 1.4227], Current Cost = 5141.00, Rho = 1.000
(iter 10) [0.0, 1.2789, 1.7553] = 454.7895, sampling [1.0, -0.0114, -1.8015]. Recommendation = [0.0, 1.1854, 1.4227], Current Cost = 5142.00, Rho = 1.000
(iter 10) [0.0, 1.2789, 1.7553] = 454.7895, sampling [1.0, 0.7147, -0.8749]. Recommendation = [0.0, 1.1854, 1.4227], Current Cost = 5143.00, Rho = 1.000
(iter 10) [0.0, 1.2789, 1.7553] = 454.7895, sampling [1.0, -0.4100, 1.6543]. Recommendation = [0.0, 1.1854, 1.4227], Current Cost = 5144.00, Rho = 1.000
(iter 10) [0.0, 1.2789, 1.7553] = 454.7895, sampling [1.0, -1.1257, 0.1014]. Recommendation = [0.0, 1.1854, 1.4227], Current Cost = 5145.00, Rho = 1.000
(iter 10) [0.0, 1.2789, 1.7553] = 454.7895, sampling [1.0, 1.5990, 0.8136]. Recommendation = [0.0, 1.1854, 1.4227], Current Cost = 5146.00, Rho = 1.000
(iter 10) [0.0, 1.2789, 1.7553] = 454.7895, sampling [1.0, 1.0837, 0.0326]. Recommendation = [0.0, 1.1854, 1.4227], Current Cost = 5147.00, Rho = 1.000
(iter 10) [0.0, 1.2789, 1.7553] = 454.7895, sampling [1.0, 1.4383, 0.3681]. Recommendation = [0.0, 1.1854, 1.4227], Current Cost = 5148.00, Rho = 1.000
(iter 10) [0.0, 1.2789, 1.7553] = 454.7895, sampling [1.0, -1.1540, -0.3248]. Recommendation = [0.0, 1.1854, 1.4227], Current Cost = 5149.00, Rho = 1.000
(iter 10) [0.0, 1.2789, 1.7553] = 454.7895, sampling [1.0, -0.5817, -1.5928]. Recommendation = [0.0, 1.1854, 1.4227], Current Cost = 5150.00, Rho = 1.000
(iter 10) [0.0, 1.2789, 1.7553] = 454.7895, sampling [1.0, 0.9055, -0.4572]. Recommendation = [0.0, 1.1854, 1.4227], Current Cost = 5151.00, Rho = 1.000
(iter 10) [0.0, 1.2789, 1.7553] = 454.7895, sampling [1.0, -0.3743, -1.9722]. Recommendation = [0.0, 1.1854, 1.4227], Current Cost = 5152.00, Rho = 1.000
(iter 10) [0.0, 1.2789, 1.7553] = 454.7895, sampling [1.0, -1.7792, 1.1135]. Recommendation = [0.0, 1.1854, 1.4227], Current Cost = 5153.00, Rho = 1.000
(iter 10) [0.0, 1.2789, 1.7553] = 454.7895, sampling [1.0, 1.5617, -0.2738]. Recommendation = [0.0, 1.1854, 1.4227], Current Cost = 5154.00, Rho = 1.000
(iter 10) [0.0, 1.2789, 1.7553] = 454.7895, sampling [1.0, 0.2313, -1.9933]. Recommendation = [0.0, 1.1854, 1.4227], Current Cost = 5155.00, Rho = 1.000
(iter 10) [0.0, 1.2789, 1.7553] = 454.7895, sampling [1.0, -1.6422, 0.6725]. Recommendation = [0.0, 1.1854, 1.4227], Current Cost = 5156.00, Rho = 1.000
(iter 10) [0.0, 1.2789, 1.7553] = 454.7895, sampling [1.0, -0.9994, -1.2401]. Recommendation = [0.0, 1.1854, 1.4227], Current Cost = 5157.00, Rho = 1.000
(iter 10) [0.0, 1.2789, 1.7553] = 454.7895, sampling [1.0, -1.4059, 0.1199]. Recommendation = [0.0, 1.1854, 1.4227], Current Cost = 5158.00, Rho = 1.000
(iter 10) [0.0, 1.2789, 1.7553] = 454.7895, sampling [1.0, -0.3552, 1.7339]. Recommendation = [0.0, 1.1854, 1.4227], Current Cost = 5159.00, Rho = 1.000
(iter 10) [0.0, 1.2789, 1.7553] = 454.7895, sampling [1.0, 0.5201, -1.7179]. Recommendation = [0.0, 1.1854, 1.4227], Current Cost = 5160.00, Rho = 1.000
(iter 10) [0.0, 1.2789, 1.7553] = 454.7895, sampling [1.0, 0.6387, -1.3294]. Recommendation = [0.0, 1.1854, 1.4227], Current Cost = 5161.00, Rho = 1.000
(iter 10) [0.0, 1.2789, 1.7553] = 454.7895, sampling [1.0, 1.0113, -0.9309]. Recommendation = [0.0, 1.1854, 1.4227], Current Cost = 5162.00, Rho = 1.000
(iter 10) [0.0, 1.2789, 1.7553] = 454.7895, sampling [1.0, -0.2933, 1.6120]. Recommendation = [0.0, 1.1854, 1.4227], Current Cost = 5163.00, Rho = 1.000
(iter 10) [0.0, 1.2789, 1.7553] = 454.7895, sampling [1.0, -0.4609, 1.5040]. Recommendation = [0.0, 1.1854, 1.4227], Current Cost = 5164.00, Rho = 1.000
(iter 10) [0.0, 1.2789, 1.7553] = 454.7895, sampling [1.0, 0.4822, -1.4169]. Recommendation = [0.0, 1.1854, 1.4227], Current Cost = 5165.00, Rho = 1.000
(iter 10) [0.0, 1.2789, 1.7553] = 454.7895, sampling [1.0, 1.9803, 0.9105]. Recommendation = [0.0, 1.1854, 1.4227], Current Cost = 5166.00, Rho = 1.000
(iter 10) [0.0, 1.2789, 1.7553] = 454.7895, sampling [1.0, 1.2243, -0.7439]. Recommendation = [0.0, 1.1854, 1.4227], Current Cost = 5167.00, Rho = 1.000
(iter 10) [0.0, 1.2789, 1.7553] = 454.7895, sampling [1.0, -1.9514, -1.8322]. Recommendation = [0.0, 1.1854, 1.4227], Current Cost = 5168.00, Rho = 1.000
(iter 10) [0.0, 1.2789, 1.7553] = 454.7895, sampling [1.0, -0.3117, -1.6470]. Recommendation = [0.0, 1.1854, 1.4227], Current Cost = 5169.00, Rho = 1.000
(iter 10) [0.0, 1.2789, 1.7553] = 454.7895, sampling [1.0, 0.6086, -1.5350]. Recommendation = [0.0, 1.1854, 1.4227], Current Cost = 5170.00, Rho = 1.000
(iter 10) [0.0, 1.2789, 1.7553] = 454.7895, sampling [1.0, 1.6227, 0.2088]. Recommendation = [0.0, 1.1854, 1.4227], Current Cost = 5171.00, Rho = 1.000
(iter 10) [0.0, 1.2789, 1.7553] = 454.7895, sampling [1.0, -0.9135, -1.0585]. Recommendation = [0.0, 1.1854, 1.4227], Current Cost = 5172.00, Rho = 1.000
(iter 10) [0.0, 1.2789, 1.7553] = 454.7895, sampling [1.0, -0.5505, -1.7423]. Recommendation = [0.0, 1.1854, 1.4227], Current Cost = 5173.00, Rho = 1.000
(iter 10) [0.0, 1.2789, 1.7553] = 454.7895, sampling [1.0, -1.3416, -0.2665]. Recommendation = [0.0, 1.1854, 1.4227], Current Cost = 5174.00, Rho = 1.000
(iter 10) [0.0, 1.2789, 1.7553] = 454.7895, sampling [1.0, -1.2622, -0.5258]. Recommendation = [0.0, 1.1854, 1.4227], Current Cost = 5175.00, Rho = 1.000
(iter 10) [0.0, 1.2789, 1.7553] = 454.7895, sampling [1.0, 1.6020, 0.4683]. Recommendation = [0.0, 1.1854, 1.4227], Current Cost = 5176.00, Rho = 1.000
(iter 10) [0.0, 1.2789, 1.7553] = 454.7895, sampling [0.0, -1.3212, 1.8525]. Recommendation = [0.0, 1.1854, 1.4227], Current Cost = 5177.00, Rho = 1.000
(iter 10) [0.0, 1.2789, 1.7553] = 454.7895, sampling [1.0, -1.8663, 0.9736]. Recommendation = [0.0, 1.1854, 1.4227], Current Cost = 6177.00, Rho = 1.000
(iter 10) [0.0, 1.2789, 1.7553] = 454.7895, sampling [0.0, 0.7457, 0.5154]. Recommendation = [0.0, 1.1854, 1.4227], Current Cost = 6178.00, Rho = 1.000
(iter 184) [0.0, 0.7457, 0.5154] = 456.0694, sampling [0.0, 0.2901, 0.0868]. Recommendation = [0.0, 1.1854, 1.4227], Current Cost = 7178.00, Rho = 1.000
(iter 184) [0.0, 0.7457, 0.5154] = 456.0694, sampling [0.0, -0.6276, 0.3543]. Recommendation = [0.0, 0.7457, 0.5154], Current Cost = 8178.00, Rho = 1.000
(iter 184) [0.0, 0.7457, 0.5154] = 456.0694, sampling [1.0, -0.3503, 1.6875]. Recommendation = [0.0, 0.7457, 0.5154], Current Cost = 9178.00, Rho = 1.000
(iter 184) [0.0, 0.7457, 0.5154] = 456.0694, sampling [0.0, 1.1854, 1.4227]. Recommendation = [0.0, 0.7457, 0.5154], Current Cost = 9179.00, Rho = 1.000
(iter 188) [0.0, 1.1854, 1.4227] = 456.2351, sampling [0.0, -0.2068, -0.0033]. Recommendation = [0.0, 1.1854, 1.4227], Current Cost = 10179.00, Rho = 1.000
(iter 188) [0.0, 1.1854, 1.4227] = 456.2351, sampling [0.0, 0.9608, 1.0912]. Recommendation = [0.0, 1.1854, 1.4227], Current Cost = 11179.00, Rho = 1.000
(iter 188) [0.0, 1.1854, 1.4227] = 456.2351, sampling [1.0, -0.3956, -1.8603]. Recommendation = [0.0, 1.1854, 1.4227], Current Cost = 12179.00, Rho = 1.000
(iter 188) [0.0, 1.1854, 1.4227] = 456.2351, sampling [0.0, 1.4953, 1.9972]. Recommendation = [0.0, 1.1854, 1.4227], Current Cost = 12180.00, Rho = 1.000
(iter 188) [0.0, 1.1854, 1.4227] = 456.2351, sampling [0.0, -0.9424, 1.1292]. Recommendation = [0.0, 1.1854, 1.4227], Current Cost = 13180.00, Rho = 1.000
(iter 188) [0.0, 1.1854, 1.4227] = 456.2351, sampling [0.0, 0.4298, 0.2797]. Recommendation = [0.0, 1.1854, 1.4227], Current Cost = 14180.00, Rho = 1.000
(iter 188) [0.0, 1.1854, 1.4227] = 456.2351, sampling [0.0, 0.9760, 0.7809]. Recommendation = [0.0, 1.1854, 1.4227], Current Cost = 15180.00, Rho = 1.000
(iter 188) [0.0, 1.1854, 1.4227] = 456.2351, sampling [1.0, 1.0992, -1.2143]. Recommendation = [0.0, 1.1854, 1.4227], Current Cost = 16180.00, Rho = 1.000
(iter 188) [0.0, 1.1854, 1.4227] = 456.2351, sampling [0.0, 0.1132, -0.1605]. Recommendation = [0.0, 1.1854, 1.4227], Current Cost = 16181.00, Rho = 1.000
(iter 188) [0.0, 1.1854, 1.4227] = 456.2351, sampling [0.0, 0.5850, 0.1875]. Recommendation = [0.0, 1.1854, 1.4227], Current Cost = 17181.00, Rho = 1.000
(iter 188) [0.0, 1.1854, 1.4227] = 456.2351, sampling [0.0, 0.1863, 0.1348]. Recommendation = [0.0, 1.1854, 1.4227], Current Cost = 18181.00, Rho = 1.000
(iter 188) [0.0, 1.1854, 1.4227] = 456.2351, sampling [0.0, 0.8956, 0.6576]. Recommendation = [0.0, 1.1854, 1.4227], Current Cost = 19181.00, Rho = 1.000
(iter 188) [0.0, 1.1854, 1.4227] = 456.2351, sampling [0.0, -0.7626, 0.4554]. Recommendation = [0.0, 1.1854, 1.4227], Current Cost = 20181.00, Rho = 1.000
(iter 188) [0.0, 1.1854, 1.4227] = 456.2351, sampling [0.0, 0.2199, -0.0180]. Recommendation = [0.0, 1.1854, 1.4227], Current Cost = 21181.00, Rho = 1.000
(iter 188) [0.0, 1.1854, 1.4227] = 456.2351, sampling [0.0, 1.1137, 1.3642]. Recommendation = [0.0, 1.1854, 1.4227], Current Cost = 22181.00, Rho = 1.000
(iter 188) [0.0, 1.1854, 1.4227] = 456.2351, sampling [0.0, 0.3535, 0.2041]. Recommendation = [0.0, 1.1854, 1.4227], Current Cost = 23181.00, Rho = 1.000
(iter 188) [0.0, 1.1854, 1.4227] = 456.2351, sampling [0.0, -1.1099, 1.4771]. Recommendation = [0.0, 1.1854, 1.4227], Current Cost = 24181.00, Rho = 1.000
(iter 188) [0.0, 1.1854, 1.4227] = 456.2351, sampling [0.0, 0.6862, 0.7129]. Recommendation = [0.0, 1.1854, 1.4227], Current Cost = 25181.00, Rho = 1.000
(iter 188) [0.0, 1.1854, 1.4227] = 456.2351, sampling [0.0, -0.1609, -0.0699]. Recommendation = [0.0, 1.1854, 1.4227], Current Cost = 26181.00, Rho = 1.000
(iter 188) [0.0, 1.1854, 1.4227] = 456.2351, sampling [0.0, 0.0583, 0.2464]. Recommendation = [0.0, 1.1854, 1.4227], Current Cost = 27181.00, Rho = 1.000
(iter 188) [0.0, 1.1854, 1.4227] = 456.2351, sampling [0.0, 0.2677, -0.1157]. Recommendation = [0.0, 1.1854, 1.4227], Current Cost = 28181.00, Rho = 1.000
(iter 188) [0.0, 1.1854, 1.4227] = 456.2351, sampling [0.0, 0.8266, 0.4295]. Recommendation = [0.0, 1.1854, 1.4227], Current Cost = 29181.00, Rho = 1.000
(iter 188) [0.0, 1.1854, 1.4227] = 456.2351, sampling [0.0, -0.7762, 0.9169]. Recommendation = [0.0, 1.1854, 1.4227], Current Cost = 30181.00, Rho = 1.000
(iter 188) [0.0, 1.1854, 1.4227] = 456.2351, sampling [0.0, 0.4350, 0.5060]. Recommendation = [0.0, 1.1854, 1.4227], Current Cost = 31181.00, Rho = 1.000
(iter 188) [0.0, 1.1854, 1.4227] = 456.2351, sampling [0.0, -1.0779, 0.8450]. Recommendation = [0.0, 1.1854, 1.4227], Current Cost = 32181.00, Rho = 1.000
(iter 188) [0.0, 1.1854, 1.4227] = 456.2351, sampling [0.0, -0.0998, 0.3220]. Recommendation = [0.0, 1.1854, 1.4227], Current Cost = 33181.00, Rho = 1.000
(iter 188) [0.0, 1.1854, 1.4227] = 456.2351, sampling [0.0, -0.1155, -0.3420]. Recommendation = [0.0, 1.1854, 1.4227], Current Cost = 34181.00, Rho = 1.000
(iter 188) [0.0, 1.1854, 1.4227] = 456.2351, sampling [0.0, -0.7298, 0.3156]. Recommendation = [0.0, 1.1854, 1.4227], Current Cost = 35181.00, Rho = 1.000
(iter 188) [0.0, 1.1854, 1.4227] = 456.2351, sampling [1.0, -0.6600, -1.6887]. Recommendation = [0.0, 1.1854, 1.4227], Current Cost = 36181.00, Rho = 1.000
(iter 188) [0.0, 1.1854, 1.4227] = 456.2351, sampling [1.0, -1.4513, -0.1322]. Recommendation = [0.0, 1.1854, 1.4227], Current Cost = 36182.00, Rho = 1.000
(iter 188) [0.0, 1.1854, 1.4227] = 456.2351, sampling [0.0, 0.1358, 0.2654]. Recommendation = [0.0, 1.1854, 1.4227], Current Cost = 36183.00, Rho = 1.000
(iter 188) [0.0, 1.1854, 1.4227] = 456.2351, sampling [0.0, 1.4719, 1.8098]. Recommendation = [0.0, 1.1854, 1.4227], Current Cost = 37183.00, Rho = 1.000
(iter 188) [0.0, 1.1854, 1.4227] = 456.2351, sampling [0.0, -0.4835, 0.6450]. Recommendation = [0.0, 1.1854, 1.4227], Current Cost = 38183.00, Rho = 1.000
(iter 188) [0.0, 1.1854, 1.4227] = 456.2351, sampling [0.0, -1.1861, 1.7057]. Recommendation = [0.0, 1.1854, 1.4227], Current Cost = 39183.00, Rho = 1.000
(iter 188) [0.0, 1.1854, 1.4227] = 456.2351, sampling [0.0, -1.2825, 1.2697]. Recommendation = [0.0, 1.1854, 1.4227], Current Cost = 40183.00, Rho = 1.000
(iter 188) [0.0, 1.1854, 1.4227] = 456.2351, sampling [0.0, 0.9361, 0.6329]. Recommendation = [0.0, 1.1854, 1.4227], Current Cost = 41183.00, Rho = 1.000
(iter 188) [0.0, 1.1854, 1.4227] = 456.2351, sampling [1.0, 1.1364, -0.9131]. Recommendation = [0.0, 1.1854, 1.4227], Current Cost = 42183.00, Rho = 1.000
(iter 188) [0.0, 1.1854, 1.4227] = 456.2351, sampling [1.0, 1.2844, -0.6457]. Recommendation = [0.0, 1.1854, 1.4227], Current Cost = 42184.00, Rho = 1.000
(iter 188) [0.0, 1.1854, 1.4227] = 456.2351, sampling [1.0, -1.4569, 0.1491]. Recommendation = [0.0, 1.1854, 1.4227], Current Cost = 42185.00, Rho = 1.000
(iter 188) [0.0, 1.1854, 1.4227] = 456.2351, sampling [1.0, 1.7403, 0.8231]. Recommendation = [0.0, 1.1854, 1.4227], Current Cost = 42186.00, Rho = 1.000
(iter 188) [0.0, 1.1854, 1.4227] = 456.2351, sampling [0.0, 0.4705, 0.5652]. Recommendation = [0.0, 1.1854, 1.4227], Current Cost = 42187.00, Rho = 1.000
(iter 188) [0.0, 1.1854, 1.4227] = 456.2351, sampling [1.0, 1.9454, -0.6344]. Recommendation = [0.0, 1.1854, 1.4227], Current Cost = 43187.00, Rho = 1.000
(iter 188) [0.0, 1.1854, 1.4227] = 456.2351, sampling [0.0, 0.6419, 0.7506]. Recommendation = [0.0, 1.1854, 1.4227], Current Cost = 43188.00, Rho = 1.000
(iter 188) [0.0, 1.1854, 1.4227] = 456.2351, sampling [1.0, -0.8143, -1.9257]. Recommendation = [0.0, 1.1854, 1.4227], Current Cost = 44188.00, Rho = 1.000
(iter 188) [0.0, 1.1854, 1.4227] = 456.2351, sampling [0.0, 0.3952, -0.3933]. Recommendation = [0.0, 1.1854, 1.4227], Current Cost = 44189.00, Rho = 1.000
(iter 188) [0.0, 1.1854, 1.4227] = 456.2351, sampling [0.0, -0.9832, 1.3812]. Recommendation = [0.0, 1.1854, 1.4227], Current Cost = 45189.00, Rho = 1.000
(iter 188) [0.0, 1.1854, 1.4227] = 456.2351, sampling [0.0, -0.0602, 0.3868]. Recommendation = [0.0, 1.1854, 1.4227], Current Cost = 46189.00, Rho = 1.000
(iter 188) [0.0, 1.1854, 1.4227] = 456.2351, sampling [0.0, 0.8541, 1.2297]. Recommendation = [0.0, 1.1854, 1.4227], Current Cost = 47189.00, Rho = 1.000
(iter 188) [0.0, 1.1854, 1.4227] = 456.2351, sampling [1.0, 0.9506, -1.9621]. Recommendation = [0.0, 1.1854, 1.4227], Current Cost = 48189.00, Rho = 1.000
(iter 188) [0.0, 1.1854, 1.4227] = 456.2351, sampling [1.0, 1.0552, -1.4713]. Recommendation = [0.0, 1.1854, 1.4227], Current Cost = 48190.00, Rho = 1.000
(iter 188) [0.0, 1.1854, 1.4227] = 456.2351, sampling [0.0, -0.9680, 0.4057]. Recommendation = [0.0, 1.1854, 1.4227], Current Cost = 48191.00, Rho = 1.000
(iter 188) [0.0, 1.1854, 1.4227] = 456.2351, sampling [0.0, 0.0009, 0.4904]. Recommendation = [0.0, 1.1854, 1.4227], Current Cost = 49191.00, Rho = 1.000
(iter 188) [0.0, 1.1854, 1.4227] = 456.2351, sampling [0.0, 0.4125, 0.6081]. Recommendation = [0.0, 1.1854, 1.4227], Current Cost = 50191.00, Rho = 1.000
(iter 188) [0.0, 1.1854, 1.4227] = 456.2351, sampling [0.0, -1.2416, 1.0239]. Recommendation = [0.0, 1.1854, 1.4227], Current Cost = 51191.00, Rho = 1.000
(iter 188) [0.0, 1.1854, 1.4227] = 456.2351, sampling [1.0, -1.2058, -1.1672]. Recommendation = [0.0, 1.1854, 1.4227], Current Cost = 52191.00, Rho = 1.000
(iter 188) [0.0, 1.1854, 1.4227] = 456.2351, sampling [0.0, -0.8748, 0.2246]. Recommendation = [0.0, 1.1854, 1.4227], Current Cost = 52192.00, Rho = 1.000
(iter 188) [0.0, 1.1854, 1.4227] = 456.2351, sampling [0.0, -0.6776, 0.9987]. Recommendation = [0.0, 1.1854, 1.4227], Current Cost = 53192.00, Rho = 1.000
(iter 188) [0.0, 1.1854, 1.4227] = 456.2351, sampling [0.0, 1.0281, 0.4389]. Recommendation = [0.0, 1.1854, 1.4227], Current Cost = 54192.00, Rho = 1.000
(iter 188) [0.0, 1.1854, 1.4227] = 456.2351, sampling [0.0, 0.2850, -0.4649]. Recommendation = [0.0, 1.1854, 1.4227], Current Cost = 55192.00, Rho = 1.000
(iter 188) [0.0, 1.1854, 1.4227] = 456.2351, sampling [0.0, -1.0164, 1.5577]. Recommendation = [0.0, 1.1854, 1.4227], Current Cost = 56192.00, Rho = 1.000
(iter 188) [0.0, 1.1854, 1.4227] = 456.2351, sampling [1.0, -1.4085, -0.3623]. Recommendation = [0.0, 1.1854, 1.4227], Current Cost = 57192.00, Rho = 1.000
(iter 188) [0.0, 1.1854, 1.4227] = 456.2351, sampling [0.0, -0.5097, 0.8504]. Recommendation = [0.0, 1.1854, 1.4227], Current Cost = 57193.00, Rho = 1.000
(iter 188) [0.0, 1.1854, 1.4227] = 456.2351, sampling [0.0, -0.7853, -0.0801]. Recommendation = [0.0, 1.1854, 1.4227], Current Cost = 58193.00, Rho = 1.000
(iter 188) [0.0, 1.1854, 1.4227] = 456.2351, sampling [0.0, 1.1705, 0.7015]. Recommendation = [0.0, 1.1854, 1.4227], Current Cost = 59193.00, Rho = 1.000
(iter 188) [0.0, 1.1854, 1.4227] = 456.2351, sampling [1.0, -1.3495, -0.5731]. Recommendation = [0.0, 1.1854, 1.4227], Current Cost = 60193.00, Rho = 1.000
(iter 188) [0.0, 1.1854, 1.4227] = 456.2351, sampling [0.0, 0.5953, -0.3766]. Recommendation = [0.0, 1.1854, 1.4227], Current Cost = 60194.00, Rho = 1.000
(iter 188) [0.0, 1.1854, 1.4227] = 456.2351, sampling [0.0, -0.2586, -0.7229]. Recommendation = [0.0, 1.1854, 1.4227], Current Cost = 61194.00, Rho = 1.000
(iter 188) [0.0, 1.1854, 1.4227] = 456.2351, sampling [1.0, 1.3565, -0.9752]. Recommendation = [0.0, 1.1854, 1.4227], Current Cost = 62194.00, Rho = 1.000
(iter 188) [0.0, 1.1854, 1.4227] = 456.2351, sampling [1.0, -1.1475, -1.4037]. Recommendation = [0.0, 1.1854, 1.4227], Current Cost = 62195.00, Rho = 1.000
(iter 188) [0.0, 1.1854, 1.4227] = 456.2351, sampling [1.0, 1.7495, 0.1647]. Recommendation = [0.0, 1.1854, 1.4227], Current Cost = 62196.00, Rho = 1.000
(iter 188) [0.0, 1.1854, 1.4227] = 456.2351, sampling [0.0, 0.0897, 0.7642]. Recommendation = [0.0, 1.1854, 1.4227], Current Cost = 62197.00, Rho = 1.000
(iter 188) [0.0, 1.1854, 1.4227] = 456.2351, sampling [1.0, 1.9606, 0.5443]. Recommendation = [0.0, 1.1854, 1.4227], Current Cost = 63197.00, Rho = 1.000
(iter 188) [0.0, 1.1854, 1.4227] = 456.2351, sampling [0.0, 0.1474, -0.6127]. Recommendation = [0.0, 1.1854, 1.4227], Current Cost = 63198.00, Rho = 1.000
(iter 188) [0.0, 1.1854, 1.4227] = 456.2351, sampling [1.0, -1.7626, 1.0804]. Recommendation = [0.0, 1.1854, 1.4227], Current Cost = 64198.00, Rho = 1.000
(iter 188) [0.0, 1.1854, 1.4227] = 456.2351, sampling [1.0, -1.6043, -0.1507]. Recommendation = [0.0, 1.1854, 1.4227], Current Cost = 64199.00, Rho = 1.000
(iter 188) [0.0, 1.1854, 1.4227] = 456.2351, sampling [0.0, -0.2527, 0.8771]. Recommendation = [0.0, 1.1854, 1.4227], Current Cost = 64200.00, Rho = 1.000
(iter 188) [0.0, 1.1854, 1.4227] = 456.2351, sampling [0.0, 0.9992, 1.9606]. Recommendation = [0.0, 1.1854, 1.4227], Current Cost = 65200.00, Rho = 1.000
(iter 188) [0.0, 1.1854, 1.4227] = 456.2351, sampling [0.0, -0.6115, 1.1487]. Recommendation = [0.0, 1.1854, 1.4227], Current Cost = 66200.00, Rho = 1.000
(iter 188) [0.0, 1.1854, 1.4227] = 456.2351, sampling [1.0, -1.8964, 0.0155]. Recommendation = [0.0, 1.1854, 1.4227], Current Cost = 67200.00, Rho = 1.000
(iter 188) [0.0, 1.1854, 1.4227] = 456.2351, sampling [0.0, 0.3151, -0.5095]. Recommendation = [0.0, 1.1854, 1.4227], Current Cost = 67201.00, Rho = 1.000
(iter 188) [0.0, 1.1854, 1.4227] = 456.2351, sampling [1.0, 1.3179, -1.2561]. Recommendation = [0.0, 1.1854, 1.4227], Current Cost = 68201.00, Rho = 1.000
(iter 188) [0.0, 1.1854, 1.4227] = 456.2351, sampling [0.0, 1.5064, 1.3114]. Recommendation = [0.0, 1.1854, 1.4227], Current Cost = 68202.00, Rho = 1.000
(iter 188) [0.0, 1.1854, 1.4227] = 456.2351, sampling [1.0, -1.4798, -0.2148]. Recommendation = [0.0, 1.1854, 1.4227], Current Cost = 69202.00, Rho = 1.000
(iter 188) [0.0, 1.1854, 1.4227] = 456.2351, sampling [0.0, 0.2478, 0.7957]. Recommendation = [0.0, 1.1854, 1.4227], Current Cost = 69203.00, Rho = 1.000
(iter 188) [0.0, 1.1854, 1.4227] = 456.2351, sampling [0.0, 0.6643, 1.3155]. Recommendation = [0.0, 1.1854, 1.4227], Current Cost = 70203.00, Rho = 1.000
(iter 188) [0.0, 1.1854, 1.4227] = 456.2351, sampling [1.0, -1.6843, -0.7831]. Recommendation = [0.0, 1.1854, 1.4227], Current Cost = 71203.00, Rho = 1.000
(iter 188) [0.0, 1.1854, 1.4227] = 456.2351, sampling [0.0, 0.4504, -0.7084]. Recommendation = [0.0, 1.1854, 1.4227], Current Cost = 71204.00, Rho = 1.000
(iter 188) [0.0, 1.1854, 1.4227] = 456.2351, sampling [0.0, -0.9004, 0.0560]. Recommendation = [0.0, 1.1854, 1.4227], Current Cost = 72204.00, Rho = 1.000
(iter 188) [0.0, 1.1854, 1.4227] = 456.2351, sampling [0.0, -1.5456, 1.4463]. Recommendation = [0.0, 1.1854, 1.4227], Current Cost = 73204.00, Rho = 1.000
(iter 188) [0.0, 1.1854, 1.4227] = 456.2351, sampling [1.0, 1.6737, -0.1978]. Recommendation = [0.0, 1.1854, 1.4227], Current Cost = 74204.00, Rho = 1.000
(iter 188) [0.0, 1.1854, 1.4227] = 456.2351, sampling [1.0, -1.5836, -0.4442]. Recommendation = [0.0, 1.1854, 1.4227], Current Cost = 74205.00, Rho = 1.000
(iter 188) [0.0, 1.1854, 1.4227] = 456.2351, sampling [0.0, 0.1730, -0.7953]. Recommendation = [0.0, 1.1854, 1.4227], Current Cost = 74206.00, Rho = 1.000
(iter 188) [0.0, 1.1854, 1.4227] = 456.2351, sampling [0.0, -0.7088, 1.4015]. Recommendation = [0.0, 1.1854, 1.4227], Current Cost = 75206.00, Rho = 1.000
(iter 188) [0.0, 1.1854, 1.4227] = 456.2351, sampling [0.0, -0.5421, 1.0357]. Recommendation = [0.0, 1.1854, 1.4227], Current Cost = 76206.00, Rho = 1.000
(iter 188) [0.0, 1.1854, 1.4227] = 456.2351, sampling [1.0, 1.1640, -1.8458]. Recommendation = [0.0, 1.1854, 1.4227], Current Cost = 77206.00, Rho = 1.000
(iter 188) [0.0, 1.1854, 1.4227] = 456.2351, sampling [1.0, 1.2467, -1.4812]. Recommendation = [0.0, 1.1854, 1.4227], Current Cost = 77207.00, Rho = 1.000
(iter 188) [0.0, 1.1854, 1.4227] = 456.2351, sampling [1.0, 1.5271, -0.8621]. Recommendation = [0.0, 1.1854, 1.4227], Current Cost = 77208.00, Rho = 1.000
(iter 188) [0.0, 1.1854, 1.4227] = 456.2351, sampling [0.0, -0.0326, -1.0328]. Recommendation = [0.0, 1.1854, 1.4227], Current Cost = 77209.00, Rho = 1.000
(iter 188) [0.0, 1.1854, 1.4227] = 456.2351, sampling [0.0, 1.0588, 0.0289]. Recommendation = [0.0, 1.1854, 1.4227], Current Cost = 78209.00, Rho = 1.000
(iter 188) [0.0, 1.1854, 1.4227] = 456.2351, sampling [1.0, -1.5014, -1.1512]. Recommendation = [0.0, 1.1854, 1.4227], Current Cost = 79209.00, Rho = 1.000
(iter 188) [0.0, 1.1854, 1.4227] = 456.2351, sampling [0.0, 0.7891, 1.6416]. Recommendation = [0.0, 1.1854, 1.4227], Current Cost = 79210.00, Rho = 1.000
(iter 188) [0.0, 1.1854, 1.4227] = 456.2351, sampling [0.0, -0.4282, 0.9892]. Recommendation = [0.0, 1.1854, 1.4227], Current Cost = 80210.00, Rho = 1.000
(iter 188) [0.0, 1.1854, 1.4227] = 456.2351, sampling [1.0, -1.1762, -1.3145]. Recommendation = [0.0, 1.1854, 1.4227], Current Cost = 81210.00, Rho = 1.000
(iter 188) [0.0, 1.1854, 1.4227] = 456.2351, sampling [1.0, -0.8817, -1.9512]. Recommendation = [0.0, 1.1854, 1.4227], Current Cost = 81211.00, Rho = 1.000
(iter 188) [0.0, 1.1854, 1.4227] = 456.2351, sampling [1.0, 1.1354, -1.1847]. Recommendation = [0.0, 1.1854, 1.4227], Current Cost = 81212.00, Rho = 1.000
(iter 188) [0.0, 1.1854, 1.4227] = 456.2351, sampling [1.0, -1.2217, -1.9095]. Recommendation = [0.0, 1.1854, 1.4227], Current Cost = 81213.00, Rho = 1.000
(iter 188) [0.0, 1.1854, 1.4227] = 456.2351, sampling [0.0, 1.6553, 1.7161]. Recommendation = [0.0, 1.1854, 1.4227], Current Cost = 81214.00, Rho = 1.000
(iter 188) [0.0, 1.1854, 1.4227] = 456.2351, sampling [0.0, -0.0941, 0.9527]. Recommendation = [0.0, 1.1854, 1.4227], Current Cost = 82214.00, Rho = 1.000
(iter 188) [0.0, 1.1854, 1.4227] = 456.2351, sampling [1.0, 1.5781, -1.1059]. Recommendation = [0.0, 1.1854, 1.4227], Current Cost = 83214.00, Rho = 1.000
(iter 188) [0.0, 1.1854, 1.4227] = 456.2351, sampling [1.0, -1.2992, -1.2823]. Recommendation = [0.0, 1.1854, 1.4227], Current Cost = 83215.00, Rho = 1.000
(iter 188) [0.0, 1.1854, 1.4227] = 456.2351, sampling [1.0, -1.0275, -1.2308]. Recommendation = [0.0, 1.1854, 1.4227], Current Cost = 83216.00, Rho = 1.000
(iter 188) [0.0, 1.1854, 1.4227] = 456.2351, sampling [1.0, -1.3753, -1.5494]. Recommendation = [0.0, 1.1854, 1.4227], Current Cost = 83217.00, Rho = 1.000
(iter 188) [0.0, 1.1854, 1.4227] = 456.2351, sampling [1.0, 1.8511, -0.2421]. Recommendation = [0.0, 1.1854, 1.4227], Current Cost = 83218.00, Rho = 1.000
(iter 188) [0.0, 1.1854, 1.4227] = 456.2351, sampling [0.0, -0.8613, -0.0602]. Recommendation = [0.0, 1.1854, 1.4227], Current Cost = 83219.00, Rho = 1.000
(iter 188) [0.0, 1.1854, 1.4227] = 456.2351, sampling [0.0, -0.6468, 1.2931]. Recommendation = [0.0, 1.1854, 1.4227], Current Cost = 84219.00, Rho = 1.000
(iter 188) [0.0, 1.1854, 1.4227] = 456.2351, sampling [0.0, -1.7999, 1.9280]. Recommendation = [0.0, 1.1854, 1.4227], Current Cost = 85219.00, Rho = 1.000
(iter 188) [0.0, 1.1854, 1.4227] = 456.2351, sampling [0.0, -0.5757, -0.8819]. Recommendation = [0.0, 1.1854, 1.4227], Current Cost = 86219.00, Rho = 1.000
(iter 188) [0.0, 1.1854, 1.4227] = 456.2351, sampling [0.0, 0.7349, -0.5907]. Recommendation = [0.0, 1.1854, 1.4227], Current Cost = 87219.00, Rho = 1.000
(iter 188) [0.0, 1.1854, 1.4227] = 456.2351, sampling [1.0, 1.3950, -1.0900]. Recommendation = [0.0, 1.1854, 1.4227], Current Cost = 88219.00, Rho = 1.000
(iter 188) [0.0, 1.1854, 1.4227] = 456.2351, sampling [1.0, 1.4486, -1.3726]. Recommendation = [0.0, 1.1854, 1.4227], Current Cost = 88220.00, Rho = 1.000
(iter 188) [0.0, 1.1854, 1.4227] = 456.2351, sampling [1.0, -1.9800, -0.9044]. Recommendation = [0.0, 1.1854, 1.4227], Current Cost = 88221.00, Rho = 1.000
(iter 188) [0.0, 1.1854, 1.4227] = 456.2351, sampling [0.0, 1.3685, 0.7306]. Recommendation = [0.0, 1.1854, 1.4227], Current Cost = 88222.00, Rho = 1.000
(iter 188) [0.0, 1.1854, 1.4227] = 456.2351, sampling [1.0, 1.3366, -1.7000]. Recommendation = [0.0, 1.1854, 1.4227], Current Cost = 89222.00, Rho = 1.000
(iter 188) [0.0, 1.1854, 1.4227] = 456.2351, sampling [0.0, -0.2214, 1.1552]. Recommendation = [0.0, 1.1854, 1.4227], Current Cost = 89223.00, Rho = 1.000
(iter 188) [0.0, 1.1854, 1.4227] = 456.2351, sampling [1.0, 1.9958, -1.4891]. Recommendation = [0.0, 1.1854, 1.4227], Current Cost = 90223.00, Rho = 1.000
(iter 188) [0.0, 1.1854, 1.4227] = 456.2351, sampling [1.0, -1.5632, -0.1822]. Recommendation = [0.0, 1.1854, 1.4227], Current Cost = 90224.00, Rho = 1.000
(iter 188) [0.0, 1.1854, 1.4227] = 456.2351, sampling [0.0, -0.5222, 1.1863]. Recommendation = [0.0, 1.1854, 1.4227], Current Cost = 90225.00, Rho = 1.000
(iter 188) [0.0, 1.1854, 1.4227] = 456.2351, sampling [0.0, -0.9466, -0.2301]. Recommendation = [0.0, 1.1854, 1.4227], Current Cost = 91225.00, Rho = 1.000
(iter 188) [0.0, 1.1854, 1.4227] = 456.2351, sampling [0.0, -1.6306, 1.5966]. Recommendation = [0.0, 1.1854, 1.4227], Current Cost = 92225.00, Rho = 1.000
(iter 188) [0.0, 1.1854, 1.4227] = 456.2351, sampling [0.0, 0.5323, -0.9910]. Recommendation = [0.0, 1.1854, 1.4227], Current Cost = 93225.00, Rho = 1.000
(iter 188) [0.0, 1.1854, 1.4227] = 456.2351, sampling [0.0, -0.7372, 1.4676]. Recommendation = [0.0, 1.1854, 1.4227], Current Cost = 94225.00, Rho = 1.000
(iter 188) [0.0, 1.1854, 1.4227] = 456.2351, sampling [0.0, -1.0990, 0.0722]. Recommendation = [0.0, 1.1854, 1.4227], Current Cost = 95225.00, Rho = 1.000
(iter 188) [0.0, 1.1854, 1.4227] = 456.2351, sampling [0.0, 0.1960, 1.3309]. Recommendation = [0.0, 1.1854, 1.4227], Current Cost = 96225.00, Rho = 1.000
(iter 188) [0.0, 1.1854, 1.4227] = 456.2351, sampling [1.0, -1.8099, -0.0983]. Recommendation = [0.0, 1.1854, 1.4227], Current Cost = 97225.00, Rho = 1.000
(iter 188) [0.0, 1.1854, 1.4227] = 456.2351, sampling [0.0, 0.0299, -1.1755]. Recommendation = [0.0, 1.1854, 1.4227], Current Cost = 97226.00, Rho = 1.000
(iter 188) [0.0, 1.1854, 1.4227] = 456.2351, sampling [0.0, 0.8731, 1.8668]. Recommendation = [0.0, 1.1854, 1.4227], Current Cost = 98226.00, Rho = 1.000
(iter 188) [0.0, 1.1854, 1.4227] = 456.2351, sampling [1.0, 1.2550, -1.5558]. Recommendation = [0.0, 1.1854, 1.4227], Current Cost = 99226.00, Rho = 1.000
(iter 188) [0.0, 1.1854, 1.4227] = 456.2351, sampling [0.0, -0.6950, 1.9389]. Recommendation = [0.0, 1.1854, 1.4227], Current Cost = 99227.00, Rho = 1.000
