(iter 10) [0.0, -0.3488, 1.3266] = 309.2933, sampling [1.0, 0.4979, 0.6797]. Recommendation = [0.0, -0.3488, 1.3266], Current Cost = 5005.00, Rho = 1.000
(iter 10) [0.0, -0.3488, 1.3266] = 309.2933, sampling [1.0, 0.2062, 0.6522]. Recommendation = [0.0, 0.4979, 0.6797], Current Cost = 5006.00, Rho = 1.000
(iter 10) [0.0, -0.3488, 1.3266] = 309.2933, sampling [1.0, 0.2650, 0.9380]. Recommendation = [0.0, 0.4979, 0.6797], Current Cost = 5007.00, Rho = 1.000
(iter 10) [0.0, -0.3488, 1.3266] = 309.2933, sampling [1.0, 0.6409, 0.4178]. Recommendation = [0.0, 0.4979, 0.6797], Current Cost = 5008.00, Rho = 1.000
(iter 10) [0.0, -0.3488, 1.3266] = 309.2933, sampling [1.0, 0.8531, 0.6988]. Recommendation = [0.0, 0.6409, 0.4178], Current Cost = 5009.00, Rho = 1.000
(iter 10) [0.0, -0.3488, 1.3266] = 309.2933, sampling [1.0, 0.3728, 0.2074]. Recommendation = [0.0, 0.7942, 0.6229], Current Cost = 5010.00, Rho = 1.000
(iter 10) [0.0, -0.3488, 1.3266] = 309.2933, sampling [1.0, 0.9320, 0.3077]. Recommendation = [0.0, 0.6579, 0.4483], Current Cost = 5011.00, Rho = 1.000
(iter 10) [0.0, -0.3488, 1.3266] = 309.2933, sampling [1.0, 0.6934, 0.2554]. Recommendation = [0.0, 0.7942, 0.6229], Current Cost = 5012.00, Rho = 1.000
(iter 10) [0.0, -0.3488, 1.3266] = 309.2933, sampling [1.0, -0.1176, 0.5777]. Recommendation = [0.0, 0.7293, 0.4700], Current Cost = 5013.00, Rho = 1.000
(iter 10) [0.0, -0.3488, 1.3266] = 309.2933, sampling [1.0, -0.0353, 0.1182]. Recommendation = [0.0, 0.7293, 0.4700], Current Cost = 5014.00, Rho = 1.000
(iter 10) [0.0, -0.3488, 1.3266] = 309.2933, sampling [1.0, -0.3235, 0.2569]. Recommendation = [0.0, 0.7293, 0.4700], Current Cost = 5015.00, Rho = 1.000
(iter 10) [0.0, -0.3488, 1.3266] = 309.2933, sampling [1.0, -0.6117, 0.5654]. Recommendation = [0.0, 0.7293, 0.4700], Current Cost = 5016.00, Rho = 1.000
(iter 10) [0.0, -0.3488, 1.3266] = 309.2933, sampling [1.0, -0.3118, 0.5971]. Recommendation = [0.0, 0.7293, 0.4700], Current Cost = 5017.00, Rho = 1.000
(iter 10) [0.0, -0.3488, 1.3266] = 309.2933, sampling [1.0, -0.1814, 0.9539]. Recommendation = [0.0, 0.7293, 0.4700], Current Cost = 5018.00, Rho = 1.000
(iter 10) [0.0, -0.3488, 1.3266] = 309.2933, sampling [1.0, -0.5227, 0.3979]. Recommendation = [0.0, 0.7293, 0.4700], Current Cost = 5019.00, Rho = 1.000
(iter 10) [0.0, -0.3488, 1.3266] = 309.2933, sampling [1.0, 0.7293, 0.4700]. Recommendation = [0.0, 0.7293, 0.4700], Current Cost = 5020.00, Rho = 1.000
(iter 10) [0.0, -0.3488, 1.3266] = 309.2933, sampling [1.0, 0.6167, 0.6350]. Recommendation = [0.0, 0.7942, 0.6229], Current Cost = 5021.00, Rho = 1.000
(iter 10) [0.0, -0.3488, 1.3266] = 309.2933, sampling [1.0, 0.3948, -0.0287]. Recommendation = [0.0, 0.7942, 0.6229], Current Cost = 5022.00, Rho = 1.000
(iter 10) [0.0, -0.3488, 1.3266] = 309.2933, sampling [1.0, 0.4653, 0.1473]. Recommendation = [0.0, 0.7942, 0.6229], Current Cost = 5023.00, Rho = 1.000
(iter 10) [0.0, -0.3488, 1.3266] = 309.2933, sampling [1.0, -0.6025, 0.9086]. Recommendation = [0.0, 0.7942, 0.6229], Current Cost = 5024.00, Rho = 1.000
(iter 10) [0.0, -0.3488, 1.3266] = 309.2933, sampling [1.0, -0.5400, 0.1381]. Recommendation = [0.0, 0.7942, 0.6229], Current Cost = 5025.00, Rho = 1.000
(iter 10) [0.0, -0.3488, 1.3266] = 309.2933, sampling [1.0, -0.0822, -0.1972]. Recommendation = [0.0, 0.7942, 0.6229], Current Cost = 5026.00, Rho = 1.000
(iter 10) [0.0, -0.3488, 1.3266] = 309.2933, sampling [1.0, 0.2283, -0.1185]. Recommendation = [0.0, 0.7942, 0.6229], Current Cost = 5027.00, Rho = 1.000
(iter 10) [0.0, -0.3488, 1.3266] = 309.2933, sampling [1.0, -0.7715, 0.2772]. Recommendation = [0.0, 0.7942, 0.6229], Current Cost = 5028.00, Rho = 1.000
(iter 10) [0.0, -0.3488, 1.3266] = 309.2933, sampling [1.0, -0.8219, 0.7066]. Recommendation = [0.0, -0.4970, 0.2260], Current Cost = 5029.00, Rho = 1.000
(iter 10) [0.0, -0.3488, 1.3266] = 309.2933, sampling [1.0, -0.7858, 0.4923]. Recommendation = [0.0, -0.4970, 0.2260], Current Cost = 5030.00, Rho = 1.000
(iter 10) [0.0, -0.3488, 1.3266] = 309.2933, sampling [1.0, 1.1277, 0.9824]. Recommendation = [0.0, -0.4970, 0.2260], Current Cost = 5031.00, Rho = 1.000
(iter 10) [0.0, -0.3488, 1.3266] = 309.2933, sampling [1.0, 1.1910, 0.5068]. Recommendation = [0.0, -0.4970, 0.2260], Current Cost = 5032.00, Rho = 1.000
(iter 10) [0.0, -0.3488, 1.3266] = 309.2933, sampling [1.0, 1.0320, 1.2595]. Recommendation = [0.0, -0.4970, 0.2260], Current Cost = 5033.00, Rho = 1.000
(iter 10) [0.0, -0.3488, 1.3266] = 309.2933, sampling [1.0, 1.0573, 1.1144]. Recommendation = [0.0, -0.4970, 0.2260], Current Cost = 5034.00, Rho = 1.000
(iter 10) [0.0, -0.3488, 1.3266] = 309.2933, sampling [1.0, 0.4889, 0.8302]. Recommendation = [0.0, -0.4970, 0.2260], Current Cost = 5035.00, Rho = 1.000
(iter 10) [0.0, -0.3488, 1.3266] = 309.2933, sampling [1.0, -0.7308, 0.6647]. Recommendation = [0.0, -0.4970, 0.2260], Current Cost = 5036.00, Rho = 1.000
(iter 10) [0.0, -0.3488, 1.3266] = 309.2933, sampling [1.0, -0.4970, 0.2260]. Recommendation = [0.0, -0.4970, 0.2260], Current Cost = 5037.00, Rho = 1.000
(iter 10) [0.0, -0.3488, 1.3266] = 309.2933, sampling [1.0, 1.3810, 0.9267]. Recommendation = [0.0, 1.0573, 1.1144], Current Cost = 5038.00, Rho = 1.000
(iter 10) [0.0, -0.3488, 1.3266] = 309.2933, sampling [1.0, 0.7942, 0.6229]. Recommendation = [0.0, 1.0573, 1.1144], Current Cost = 5039.00, Rho = 1.000
(iter 10) [0.0, -0.3488, 1.3266] = 309.2933, sampling [1.0, 0.0577, -0.2174]. Recommendation = [0.0, 0.7942, 0.6229], Current Cost = 5040.00, Rho = 1.000
(iter 10) [0.0, -0.3488, 1.3266] = 309.2933, sampling [1.0, -0.8707, 1.0576]. Recommendation = [0.0, 0.7942, 0.6229], Current Cost = 5041.00, Rho = 1.000
(iter 10) [0.0, -0.3488, 1.3266] = 309.2933, sampling [1.0, -0.8119, 0.8471]. Recommendation = [0.0, 0.7942, 0.6229], Current Cost = 5042.00, Rho = 1.000
(iter 10) [0.0, -0.3488, 1.3266] = 309.2933, sampling [1.0, -1.1628, 1.0410]. Recommendation = [0.0, 0.7942, 0.6229], Current Cost = 5043.00, Rho = 1.000
(iter 10) [0.0, -0.3488, 1.3266] = 309.2933, sampling [1.0, -1.3267, 0.8803]. Recommendation = [0.0, 0.7942, 0.6229], Current Cost = 5044.00, Rho = 1.000
(iter 10) [0.0, -0.3488, 1.3266] = 309.2933, sampling [1.0, -0.8897, 0.5202]. Recommendation = [0.0, 0.7942, 0.6229], Current Cost = 5045.00, Rho = 1.000
(iter 10) [0.0, -0.3488, 1.3266] = 309.2933, sampling [1.0, -1.2244, 1.3032]. Recommendation = [0.0, 0.7942, 0.6229], Current Cost = 5046.00, Rho = 1.000
(iter 10) [0.0, -0.3488, 1.3266] = 309.2933, sampling [1.0, -0.8384, 1.1917]. Recommendation = [0.0, 0.7942, 0.6229], Current Cost = 5047.00, Rho = 1.000
(iter 10) [0.0, -0.3488, 1.3266] = 309.2933, sampling [1.0, -1.1504, 1.5507]. Recommendation = [0.0, 0.7942, 0.6229], Current Cost = 5048.00, Rho = 1.000
(iter 10) [0.0, -0.3488, 1.3266] = 309.2933, sampling [1.0, -1.5638, 1.4505]. Recommendation = [0.0, 0.7942, 0.6229], Current Cost = 5049.00, Rho = 1.000
(iter 10) [0.0, -0.3488, 1.3266] = 309.2933, sampling [1.0, -0.9935, 1.8848]. Recommendation = [0.0, 0.7942, 0.6229], Current Cost = 5050.00, Rho = 1.000
(iter 10) [0.0, -0.3488, 1.3266] = 309.2933, sampling [1.0, -0.5858, 1.5978]. Recommendation = [0.0, 0.7942, 0.6229], Current Cost = 5051.00, Rho = 1.000
(iter 10) [0.0, -0.3488, 1.3266] = 309.2933, sampling [1.0, 1.2523, 1.4202]. Recommendation = [0.0, 0.7942, 0.6229], Current Cost = 5052.00, Rho = 1.000
(iter 10) [0.0, -0.3488, 1.3266] = 309.2933, sampling [1.0, 0.8670, 1.5801]. Recommendation = [0.0, 0.7942, 0.6229], Current Cost = 5053.00, Rho = 1.000
(iter 10) [0.0, -0.3488, 1.3266] = 309.2933, sampling [1.0, 1.0467, 1.3979]. Recommendation = [0.0, 0.7942, 0.6229], Current Cost = 5054.00, Rho = 1.000
(iter 10) [0.0, -0.3488, 1.3266] = 309.2933, sampling [1.0, 1.4392, 1.6762]. Recommendation = [0.0, 0.7942, 0.6229], Current Cost = 5055.00, Rho = 1.000
(iter 10) [0.0, -0.3488, 1.3266] = 309.2933, sampling [1.0, 1.3657, 1.3745]. Recommendation = [0.0, 0.7942, 0.6229], Current Cost = 5056.00, Rho = 1.000
(iter 10) [0.0, -0.3488, 1.3266] = 309.2933, sampling [1.0, 1.0962, 1.9727]. Recommendation = [0.0, 0.7942, 0.6229], Current Cost = 5057.00, Rho = 1.000
(iter 10) [0.0, -0.3488, 1.3266] = 309.2933, sampling [1.0, 1.4146, 1.9479]. Recommendation = [0.0, 0.7942, 0.6229], Current Cost = 5058.00, Rho = 1.000
(iter 10) [0.0, -0.3488, 1.3266] = 309.2933, sampling [1.0, 1.6845, 1.5095]. Recommendation = [0.0, 0.7942, 0.6229], Current Cost = 5059.00, Rho = 1.000
(iter 10) [0.0, -0.3488, 1.3266] = 309.2933, sampling [1.0, 1.2757, 1.4950]. Recommendation = [0.0, 0.7942, 0.6229], Current Cost = 5060.00, Rho = 1.000
(iter 10) [0.0, -0.3488, 1.3266] = 309.2933, sampling [1.0, 0.5872, -0.1391]. Recommendation = [0.0, 0.7942, 0.6229], Current Cost = 5061.00, Rho = 1.000
(iter 10) [0.0, -0.3488, 1.3266] = 309.2933, sampling [1.0, -0.2590, -0.3223]. Recommendation = [0.0, 0.7942, 0.6229], Current Cost = 5062.00, Rho = 1.000
(iter 10) [0.0, -0.3488, 1.3266] = 309.2933, sampling [1.0, -0.6527, 0.0579]. Recommendation = [0.0, 0.7942, 0.6229], Current Cost = 5063.00, Rho = 1.000
(iter 10) [0.0, -0.3488, 1.3266] = 309.2933, sampling [1.0, -0.6712, 0.2092]. Recommendation = [0.0, 0.7942, 0.6229], Current Cost = 5064.00, Rho = 1.000
(iter 10) [0.0, -0.3488, 1.3266] = 309.2933, sampling [1.0, -1.3916, 1.7044]. Recommendation = [0.0, 0.7942, 0.6229], Current Cost = 5065.00, Rho = 1.000
(iter 10) [0.0, -0.3488, 1.3266] = 309.2933, sampling [1.0, -1.0796, 1.0344]. Recommendation = [0.0, 0.7942, 0.6229], Current Cost = 5066.00, Rho = 1.000
(iter 10) [0.0, -0.3488, 1.3266] = 309.2933, sampling [1.0, -1.4122, 1.9220]. Recommendation = [0.0, 0.7942, 0.6229], Current Cost = 5067.00, Rho = 1.000
(iter 10) [0.0, -0.3488, 1.3266] = 309.2933, sampling [1.0, -1.6188, 1.9011]. Recommendation = [0.0, 0.7942, 0.6229], Current Cost = 5068.00, Rho = 1.000
(iter 10) [0.0, -0.3488, 1.3266] = 309.2933, sampling [1.0, -0.4550, -0.3412]. Recommendation = [0.0, 0.7942, 0.6229], Current Cost = 5069.00, Rho = 1.000
(iter 10) [0.0, -0.3488, 1.3266] = 309.2933, sampling [1.0, 1.2054, 1.3591]. Recommendation = [0.0, 0.7942, 0.6229], Current Cost = 5070.00, Rho = 1.000
(iter 10) [0.0, -0.3488, 1.3266] = 309.2933, sampling [1.0, -1.4451, 1.2123]. Recommendation = [0.0, 0.7942, 0.6229], Current Cost = 5071.00, Rho = 1.000
(iter 10) [0.0, -0.3488, 1.3266] = 309.2933, sampling [1.0, 0.7659, 1.8472]. Recommendation = [0.0, 0.7942, 0.6229], Current Cost = 5072.00, Rho = 1.000
(iter 10) [0.0, -0.3488, 1.3266] = 309.2933, sampling [1.0, 0.8812, 0.0351]. Recommendation = [0.0, 0.7942, 0.6229], Current Cost = 5073.00, Rho = 1.000
(iter 10) [0.0, -0.3488, 1.3266] = 309.2933, sampling [1.0, 1.5613, 1.8115]. Recommendation = [0.0, 0.7942, 0.6229], Current Cost = 5074.00, Rho = 1.000
(iter 10) [0.0, -0.3488, 1.3266] = 309.2933, sampling [1.0, -0.2305, 0.7720]. Recommendation = [0.0, 0.7942, 0.6229], Current Cost = 5075.00, Rho = 1.000
(iter 10) [0.0, -0.3488, 1.3266] = 309.2933, sampling [1.0, -1.0385, 0.1636]. Recommendation = [0.0, 0.7942, 0.6229], Current Cost = 5076.00, Rho = 1.000
(iter 10) [0.0, -0.3488, 1.3266] = 309.2933, sampling [1.0, 0.4028, -0.3928]. Recommendation = [0.0, 0.7942, 0.6229], Current Cost = 5077.00, Rho = 1.000
(iter 10) [0.0, -0.3488, 1.3266] = 309.2933, sampling [1.0, 0.1320, -0.5482]. Recommendation = [0.0, 0.7942, 0.6229], Current Cost = 5078.00, Rho = 1.000
(iter 10) [0.0, -0.3488, 1.3266] = 309.2933, sampling [1.0, -1.4382, 0.5527]. Recommendation = [0.0, 0.7942, 0.6229], Current Cost = 5079.00, Rho = 1.000
(iter 10) [0.0, -0.3488, 1.3266] = 309.2933, sampling [1.0, -0.2777, -0.7379]. Recommendation = [0.0, 0.7942, 0.6229], Current Cost = 5080.00, Rho = 1.000
(iter 10) [0.0, -0.3488, 1.3266] = 309.2933, sampling [1.0, -0.4405, -0.6060]. Recommendation = [0.0, 0.7942, 0.6229], Current Cost = 5081.00, Rho = 1.000
(iter 10) [0.0, -0.3488, 1.3266] = 309.2933, sampling [1.0, -1.1068, 1.9589]. Recommendation = [0.0, 0.7942, 0.6229], Current Cost = 5082.00, Rho = 1.000
(iter 10) [0.0, -0.3488, 1.3266] = 309.2933, sampling [1.0, 0.0005, -0.2335]. Recommendation = [0.0, 0.7942, 0.6229], Current Cost = 5083.00, Rho = 1.000
(iter 10) [0.0, -0.3488, 1.3266] = 309.2933, sampling [1.0, 1.2356, 0.9625]. Recommendation = [0.0, 0.7942, 0.6229], Current Cost = 5084.00, Rho = 1.000
(iter 10) [0.0, -0.3488, 1.3266] = 309.2933, sampling [1.0, -1.7260, 1.7447]. Recommendation = [0.0, 0.7942, 0.6229], Current Cost = 5085.00, Rho = 1.000
(iter 10) [0.0, -0.3488, 1.3266] = 309.2933, sampling [1.0, -0.7633, 1.9875]. Recommendation = [0.0, 0.7942, 0.6229], Current Cost = 5086.00, Rho = 1.000
(iter 10) [0.0, -0.3488, 1.3266] = 309.2933, sampling [1.0, -0.0039, 1.0070]. Recommendation = [0.0, 0.7942, 0.6229], Current Cost = 5087.00, Rho = 1.000
(iter 10) [0.0, -0.3488, 1.3266] = 309.2933, sampling [1.0, -0.6908, -0.4943]. Recommendation = [0.0, 0.7942, 0.6229], Current Cost = 5088.00, Rho = 1.000
(iter 10) [0.0, -0.3488, 1.3266] = 309.2933, sampling [1.0, 0.7811, -0.2820]. Recommendation = [0.0, 0.7942, 0.6229], Current Cost = 5089.00, Rho = 1.000
(iter 10) [0.0, -0.3488, 1.3266] = 309.2933, sampling [1.0, 0.3290, -0.5845]. Recommendation = [0.0, 0.7942, 0.6229], Current Cost = 5090.00, Rho = 1.000
(iter 10) [0.0, -0.3488, 1.3266] = 309.2933, sampling [1.0, 0.8229, -0.0616]. Recommendation = [0.0, 0.7942, 0.6229], Current Cost = 5091.00, Rho = 1.000
(iter 10) [0.0, -0.3488, 1.3266] = 309.2933, sampling [1.0, 0.9980, 1.3819]. Recommendation = [0.0, 0.7942, 0.6229], Current Cost = 5092.00, Rho = 1.000
(iter 10) [0.0, -0.3488, 1.3266] = 309.2933, sampling [1.0, 1.4488, 1.9196]. Recommendation = [0.0, 0.7942, 0.6229], Current Cost = 5093.00, Rho = 1.000
(iter 10) [0.0, -0.3488, 1.3266] = 309.2933, sampling [1.0, 1.7590, 1.8713]. Recommendation = [0.0, 0.7942, 0.6229], Current Cost = 5094.00, Rho = 1.000
(iter 10) [0.0, -0.3488, 1.3266] = 309.2933, sampling [1.0, 0.2462, -0.0872]. Recommendation = [0.0, 0.7942, 0.6229], Current Cost = 5095.00, Rho = 1.000
(iter 10) [0.0, -0.3488, 1.3266] = 309.2933, sampling [1.0, 0.1826, 1.8372]. Recommendation = [0.0, 0.7942, 0.6229], Current Cost = 5096.00, Rho = 1.000
(iter 10) [0.0, -0.3488, 1.3266] = 309.2933, sampling [1.0, 0.9150, 1.7229]. Recommendation = [0.0, 0.7942, 0.6229], Current Cost = 5097.00, Rho = 1.000
(iter 10) [0.0, -0.3488, 1.3266] = 309.2933, sampling [1.0, 1.6254, 0.7360]. Recommendation = [0.0, 0.7942, 0.6229], Current Cost = 5098.00, Rho = 1.000
(iter 10) [0.0, -0.3488, 1.3266] = 309.2933, sampling [1.0, 0.2160, 1.2182]. Recommendation = [0.0, 0.7942, 0.6229], Current Cost = 5099.00, Rho = 1.000
(iter 10) [0.0, -0.3488, 1.3266] = 309.2933, sampling [1.0, 0.6579, 0.4483]. Recommendation = [0.0, 0.7942, 0.6229], Current Cost = 5100.00, Rho = 1.000
(iter 10) [0.0, -0.3488, 1.3266] = 309.2933, sampling [1.0, 0.6750, 1.5621]. Recommendation = [0.0, 0.7942, 0.6229], Current Cost = 5101.00, Rho = 1.000
(iter 10) [0.0, -0.3488, 1.3266] = 309.2933, sampling [1.0, -0.9549, -0.1650]. Recommendation = [0.0, 0.7942, 0.6229], Current Cost = 5102.00, Rho = 1.000
(iter 10) [0.0, -0.3488, 1.3266] = 309.2933, sampling [1.0, 1.1532, 1.0117]. Recommendation = [0.0, 0.7942, 0.6229], Current Cost = 5103.00, Rho = 1.000
(iter 10) [0.0, -0.3488, 1.3266] = 309.2933, sampling [1.0, 0.4259, -0.4686]. Recommendation = [0.0, 0.7942, 0.6229], Current Cost = 5104.00, Rho = 1.000
(iter 10) [0.0, -0.3488, 1.3266] = 309.2933, sampling [1.0, -1.6474, 1.1732]. Recommendation = [0.0, 0.7942, 0.6229], Current Cost = 5105.00, Rho = 1.000
(iter 10) [0.0, -0.3488, 1.3266] = 309.2933, sampling [1.0, -0.2155, -0.9170]. Recommendation = [0.0, 0.7942, 0.6229], Current Cost = 5106.00, Rho = 1.000
(iter 10) [0.0, -0.3488, 1.3266] = 309.2933, sampling [1.0, -0.4276, -0.8264]. Recommendation = [0.0, 0.7942, 0.6229], Current Cost = 5107.00, Rho = 1.000
(iter 10) [0.0, -0.3488, 1.3266] = 309.2933, sampling [1.0, 0.3037, -0.8985]. Recommendation = [0.0, 0.7942, 0.6229], Current Cost = 5108.00, Rho = 1.000
(iter 10) [0.0, -0.3488, 1.3266] = 309.2933, sampling [1.0, 0.5227, -0.6489]. Recommendation = [0.0, 0.7942, 0.6229], Current Cost = 5109.00, Rho = 1.000
(iter 10) [0.0, -0.3488, 1.3266] = 309.2933, sampling [1.0, 0.7422, -0.4034]. Recommendation = [0.0, 0.7942, 0.6229], Current Cost = 5110.00, Rho = 1.000
(iter 10) [0.0, -0.3488, 1.3266] = 309.2933, sampling [1.0, -0.1086, 1.2764]. Recommendation = [0.0, 0.7942, 0.6229], Current Cost = 5111.00, Rho = 1.000
(iter 10) [0.0, -0.3488, 1.3266] = 309.2933, sampling [1.0, 1.1405, 0.4436]. Recommendation = [0.0, 0.7942, 0.6229], Current Cost = 5112.00, Rho = 1.000
(iter 10) [0.0, -0.3488, 1.3266] = 309.2933, sampling [1.0, -0.7144, -1.1530]. Recommendation = [0.0, 0.7942, 0.6229], Current Cost = 5113.00, Rho = 1.000
(iter 10) [0.0, -0.3488, 1.3266] = 309.2933, sampling [1.0, -0.1467, -1.1803]. Recommendation = [0.0, 0.7942, 0.6229], Current Cost = 5114.00, Rho = 1.000
(iter 10) [0.0, -0.3488, 1.3266] = 309.2933, sampling [1.0, 0.9546, -0.2650]. Recommendation = [0.0, 0.7942, 0.6229], Current Cost = 5115.00, Rho = 1.000
(iter 10) [0.0, -0.3488, 1.3266] = 309.2933, sampling [1.0, -0.2058, 0.7317]. Recommendation = [0.0, 0.7942, 0.6229], Current Cost = 5116.00, Rho = 1.000
(iter 10) [0.0, -0.3488, 1.3266] = 309.2933, sampling [1.0, -0.2964, 1.7802]. Recommendation = [0.0, 0.7942, 0.6229], Current Cost = 5117.00, Rho = 1.000
(iter 10) [0.0, -0.3488, 1.3266] = 309.2933, sampling [1.0, -0.9104, -0.3144]. Recommendation = [0.0, 0.7942, 0.6229], Current Cost = 5118.00, Rho = 1.000
(iter 10) [0.0, -0.3488, 1.3266] = 309.2933, sampling [1.0, -0.6376, -0.5623]. Recommendation = [0.0, 0.7942, 0.6229], Current Cost = 5119.00, Rho = 1.000
(iter 10) [0.0, -0.3488, 1.3266] = 309.2933, sampling [1.0, 0.4454, -0.8568]. Recommendation = [0.0, 0.7942, 0.6229], Current Cost = 5120.00, Rho = 1.000
(iter 10) [0.0, -0.3488, 1.3266] = 309.2933, sampling [1.0, -0.4652, -0.6777]. Recommendation = [0.0, 0.7942, 0.6229], Current Cost = 5121.00, Rho = 1.000
(iter 10) [0.0, -0.3488, 1.3266] = 309.2933, sampling [1.0, 1.7835, 1.2824]. Recommendation = [0.0, 0.7942, 0.6229], Current Cost = 5122.00, Rho = 1.000
(iter 10) [0.0, -0.3488, 1.3266] = 309.2933, sampling [1.0, -0.2466, -0.7876]. Recommendation = [0.0, 0.7942, 0.6229], Current Cost = 5123.00, Rho = 1.000
(iter 10) [0.0, -0.3488, 1.3266] = 309.2933, sampling [1.0, -1.4884, 1.0808]. Recommendation = [0.0, 0.7942, 0.6229], Current Cost = 5124.00, Rho = 1.000
(iter 10) [0.0, -0.3488, 1.3266] = 309.2933, sampling [1.0, -0.9658, -0.7526]. Recommendation = [0.0, 0.7942, 0.6229], Current Cost = 5125.00, Rho = 1.000
(iter 10) [0.0, -0.3488, 1.3266] = 309.2933, sampling [1.0, -1.6584, 1.5202]. Recommendation = [0.0, 0.7942, 0.6229], Current Cost = 5126.00, Rho = 1.000
(iter 10) [0.0, -0.3488, 1.3266] = 309.2933, sampling [1.0, 1.3977, 0.7524]. Recommendation = [0.0, 0.7942, 0.6229], Current Cost = 5127.00, Rho = 1.000
(iter 10) [0.0, -0.3488, 1.3266] = 309.2933, sampling [1.0, -0.0652, 1.0897]. Recommendation = [0.0, 0.7942, 0.6229], Current Cost = 5128.00, Rho = 1.000
(iter 10) [0.0, -0.3488, 1.3266] = 309.2933, sampling [1.0, -1.7975, 0.8078]. Recommendation = [0.0, 0.7942, 0.6229], Current Cost = 5129.00, Rho = 1.000
(iter 10) [0.0, -0.3488, 1.3266] = 309.2933, sampling [1.0, 0.0205, -1.2691]. Recommendation = [0.0, 0.7942, 0.6229], Current Cost = 5130.00, Rho = 1.000
(iter 10) [0.0, -0.3488, 1.3266] = 309.2933, sampling [1.0, -0.3715, -1.3712]. Recommendation = [0.0, 0.7942, 0.6229], Current Cost = 5131.00, Rho = 1.000
(iter 10) [0.0, -0.3488, 1.3266] = 309.2933, sampling [1.0, 1.4781, 0.0252]. Recommendation = [0.0, 0.7942, 0.6229], Current Cost = 5132.00, Rho = 1.000
(iter 10) [0.0, -0.3488, 1.3266] = 309.2933, sampling [1.0, 0.5292, 1.8023]. Recommendation = [0.0, 0.7942, 0.6229], Current Cost = 5133.00, Rho = 1.000
(iter 10) [0.0, -0.3488, 1.3266] = 309.2933, sampling [1.0, -1.1954, -1.7594]. Recommendation = [0.0, 0.7942, 0.6229], Current Cost = 5134.00, Rho = 1.000
(iter 10) [0.0, -0.3488, 1.3266] = 309.2933, sampling [1.0, 0.9649, -0.4991]. Recommendation = [0.0, 0.7942, 0.6229], Current Cost = 5135.00, Rho = 1.000
(iter 10) [0.0, -0.3488, 1.3266] = 309.2933, sampling [1.0, -0.3969, 1.4264]. Recommendation = [0.0, 0.7942, 0.6229], Current Cost = 5136.00, Rho = 1.000
(iter 10) [0.0, -0.3488, 1.3266] = 309.2933, sampling [1.0, 0.0478, 1.6030]. Recommendation = [0.0, 0.7942, 0.6229], Current Cost = 5137.00, Rho = 1.000
(iter 10) [0.0, -0.3488, 1.3266] = 309.2933, sampling [1.0, 0.6069, -1.0314]. Recommendation = [0.0, 0.7942, 0.6229], Current Cost = 5138.00, Rho = 1.000
(iter 10) [0.0, -0.3488, 1.3266] = 309.2933, sampling [1.0, 0.3057, -1.3767]. Recommendation = [0.0, 0.7942, 0.6229], Current Cost = 5139.00, Rho = 1.000
(iter 10) [0.0, -0.3488, 1.3266] = 309.2933, sampling [1.0, -0.5578, 1.7403]. Recommendation = [0.0, 0.7942, 0.6229], Current Cost = 5140.00, Rho = 1.000
(iter 10) [0.0, -0.3488, 1.3266] = 309.2933, sampling [1.0, -0.1293, -1.5322]. Recommendation = [0.0, 0.7942, 0.6229], Current Cost = 5141.00, Rho = 1.000
(iter 10) [0.0, -0.3488, 1.3266] = 309.2933, sampling [1.0, -1.4768, 0.2888]. Recommendation = [0.0, 0.7942, 0.6229], Current Cost = 5142.00, Rho = 1.000
(iter 10) [0.0, -0.3488, 1.3266] = 309.2933, sampling [1.0, -1.0568, -0.1502]. Recommendation = [0.0, 0.7942, 0.6229], Current Cost = 5143.00, Rho = 1.000
(iter 10) [0.0, -0.3488, 1.3266] = 309.2933, sampling [1.0, 0.1273, -1.4946]. Recommendation = [0.0, 0.7942, 0.6229], Current Cost = 5144.00, Rho = 1.000
(iter 10) [0.0, -0.3488, 1.3266] = 309.2933, sampling [1.0, -0.1615, 1.3346]. Recommendation = [0.0, 0.7942, 0.6229], Current Cost = 5145.00, Rho = 1.000
(iter 10) [0.0, -0.3488, 1.3266] = 309.2933, sampling [1.0, 0.5696, -1.2455]. Recommendation = [0.0, 0.7942, 0.6229], Current Cost = 5146.00, Rho = 1.000
(iter 10) [0.0, -0.3488, 1.3266] = 309.2933, sampling [1.0, -0.3671, 1.6314]. Recommendation = [0.0, 0.7942, 0.6229], Current Cost = 5147.00, Rho = 1.000
(iter 10) [0.0, -0.3488, 1.3266] = 309.2933, sampling [1.0, 0.7099, -0.9756]. Recommendation = [0.0, 0.7942, 0.6229], Current Cost = 5148.00, Rho = 1.000
(iter 10) [0.0, -0.3488, 1.3266] = 309.2933, sampling [1.0, 0.1579, -1.8737]. Recommendation = [0.0, 0.7942, 0.6229], Current Cost = 5149.00, Rho = 1.000
(iter 10) [0.0, -0.3488, 1.3266] = 309.2933, sampling [1.0, 1.0790, -0.7248]. Recommendation = [0.0, 0.7942, 0.6229], Current Cost = 5150.00, Rho = 1.000
(iter 10) [0.0, -0.3488, 1.3266] = 309.2933, sampling [1.0, 1.9989, 0.3821]. Recommendation = [0.0, 0.7942, 0.6229], Current Cost = 5151.00, Rho = 1.000
(iter 10) [0.0, -0.3488, 1.3266] = 309.2933, sampling [1.0, -1.5953, 1.2375]. Recommendation = [0.0, 0.7942, 0.6229], Current Cost = 5152.00, Rho = 1.000
(iter 10) [0.0, -0.3488, 1.3266] = 309.2933, sampling [1.0, -0.5738, -1.2854]. Recommendation = [0.0, 0.7942, 0.6229], Current Cost = 5153.00, Rho = 1.000
(iter 10) [0.0, -0.3488, 1.3266] = 309.2933, sampling [1.0, 1.0083, -0.4167]. Recommendation = [0.0, 0.7942, 0.6229], Current Cost = 5154.00, Rho = 1.000
(iter 10) [0.0, -0.3488, 1.3266] = 309.2933, sampling [1.0, -1.5367, 1.1497]. Recommendation = [0.0, 0.7942, 0.6229], Current Cost = 5155.00, Rho = 1.000
(iter 10) [0.0, -0.3488, 1.3266] = 309.2933, sampling [1.0, -1.9770, -0.5373]. Recommendation = [0.0, 0.7942, 0.6229], Current Cost = 5156.00, Rho = 1.000
(iter 10) [0.0, -0.3488, 1.3266] = 309.2933, sampling [1.0, 0.0820, -1.6957]. Recommendation = [0.0, 0.7942, 0.6229], Current Cost = 5157.00, Rho = 1.000
(iter 10) [0.0, -0.3488, 1.3266] = 309.2933, sampling [1.0, -1.6875, 1.4762]. Recommendation = [0.0, 0.7942, 0.6229], Current Cost = 5158.00, Rho = 1.000
(iter 10) [0.0, -0.3488, 1.3266] = 309.2933, sampling [1.0, -0.0480, 1.6803]. Recommendation = [0.0, 0.7942, 0.6229], Current Cost = 5159.00, Rho = 1.000
(iter 10) [0.0, -0.3488, 1.3266] = 309.2933, sampling [1.0, 0.3639, -1.7829]. Recommendation = [0.0, 0.7942, 0.6229], Current Cost = 5160.00, Rho = 1.000
(iter 10) [0.0, -0.3488, 1.3266] = 309.2933, sampling [1.0, -0.9157, -0.8476]. Recommendation = [0.0, 0.7942, 0.6229], Current Cost = 5161.00, Rho = 1.000
(iter 10) [0.0, -0.3488, 1.3266] = 309.2933, sampling [1.0, 0.8994, -1.1107]. Recommendation = [0.0, 0.7942, 0.6229], Current Cost = 5162.00, Rho = 1.000
(iter 10) [0.0, -0.3488, 1.3266] = 309.2933, sampling [1.0, -0.4852, -1.4052]. Recommendation = [0.0, 0.7942, 0.6229], Current Cost = 5163.00, Rho = 1.000
(iter 10) [0.0, -0.3488, 1.3266] = 309.2933, sampling [1.0, 0.6273, -1.6451]. Recommendation = [0.0, 0.7942, 0.6229], Current Cost = 5164.00, Rho = 1.000
(iter 10) [0.0, -0.3488, 1.3266] = 309.2933, sampling [1.0, 0.5563, -1.3318]. Recommendation = [0.0, 0.7942, 0.6229], Current Cost = 5165.00, Rho = 1.000
(iter 10) [0.0, -0.3488, 1.3266] = 309.2933, sampling [1.0, 0.1675, -1.5701]. Recommendation = [0.0, 0.7942, 0.6229], Current Cost = 5166.00, Rho = 1.000
(iter 10) [0.0, -0.3488, 1.3266] = 309.2933, sampling [1.0, 1.2999, -0.6123]. Recommendation = [0.0, 0.7942, 0.6229], Current Cost = 5167.00, Rho = 1.000
(iter 10) [0.0, -0.3488, 1.3266] = 309.2933, sampling [1.0, -0.6822, -1.4560]. Recommendation = [0.0, 0.7942, 0.6229], Current Cost = 5168.00, Rho = 1.000
(iter 10) [0.0, -0.3488, 1.3266] = 309.2933, sampling [1.0, 1.6497, 0.8555]. Recommendation = [0.0, 0.7942, 0.6229], Current Cost = 5169.00, Rho = 1.000
(iter 10) [0.0, -0.3488, 1.3266] = 309.2933, sampling [1.0, 0.4560, -1.9974]. Recommendation = [0.0, 0.7942, 0.6229], Current Cost = 5170.00, Rho = 1.000
(iter 10) [0.0, -0.3488, 1.3266] = 309.2933, sampling [1.0, -1.5793, 1.1226]. Recommendation = [0.0, 0.7942, 0.6229], Current Cost = 5171.00, Rho = 1.000
(iter 10) [0.0, -0.3488, 1.3266] = 309.2933, sampling [1.0, 0.0995, 1.7678]. Recommendation = [0.0, 0.7942, 0.6229], Current Cost = 5172.00, Rho = 1.000
(iter 10) [0.0, -0.3488, 1.3266] = 309.2933, sampling [1.0, 0.8074, -1.4382]. Recommendation = [0.0, 0.7942, 0.6229], Current Cost = 5173.00, Rho = 1.000
(iter 10) [0.0, -0.3488, 1.3266] = 309.2933, sampling [1.0, 1.8663, 1.1536]. Recommendation = [0.0, 0.7942, 0.6229], Current Cost = 5174.00, Rho = 1.000
(iter 10) [0.0, -0.3488, 1.3266] = 309.2933, sampling [1.0, -0.4030, 1.6579]. Recommendation = [0.0, 0.7942, 0.6229], Current Cost = 5175.00, Rho = 1.000
(iter 10) [0.0, -0.3488, 1.3266] = 309.2933, sampling [1.0, -1.0135, -0.6980]. Recommendation = [0.0, 0.7942, 0.6229], Current Cost = 5176.00, Rho = 1.000
(iter 10) [0.0, -0.3488, 1.3266] = 309.2933, sampling [1.0, -1.1264, -0.8914]. Recommendation = [0.0, 0.7942, 0.6229], Current Cost = 5177.00, Rho = 1.000
(iter 10) [0.0, -0.3488, 1.3266] = 309.2933, sampling [1.0, 1.5370, -0.3753]. Recommendation = [0.0, 0.7942, 0.6229], Current Cost = 5178.00, Rho = 1.000
(iter 10) [0.0, -0.3488, 1.3266] = 309.2933, sampling [1.0, -0.8570, -1.9713]. Recommendation = [0.0, 0.7942, 0.6229], Current Cost = 5179.00, Rho = 1.000
(iter 10) [0.0, -0.3488, 1.3266] = 309.2933, sampling [1.0, -1.6754, 0.8665]. Recommendation = [0.0, 0.7942, 0.6229], Current Cost = 5180.00, Rho = 1.000
(iter 10) [0.0, -0.3488, 1.3266] = 309.2933, sampling [1.0, -1.0986, -1.2230]. Recommendation = [0.0, 0.7942, 0.6229], Current Cost = 5181.00, Rho = 1.000
(iter 10) [0.0, -0.3488, 1.3266] = 309.2933, sampling [1.0, -1.7624, 0.3394]. Recommendation = [0.0, 0.7942, 0.6229], Current Cost = 5182.00, Rho = 1.000
(iter 10) [0.0, -0.3488, 1.3266] = 309.2933, sampling [1.0, 0.2805, -1.8139]. Recommendation = [0.0, 0.7942, 0.6229], Current Cost = 5183.00, Rho = 1.000
(iter 10) [0.0, -0.3488, 1.3266] = 309.2933, sampling [1.0, -0.7400, -1.5433]. Recommendation = [0.0, 0.7942, 0.6229], Current Cost = 5184.00, Rho = 1.000
(iter 10) [0.0, -0.3488, 1.3266] = 309.2933, sampling [1.0, -1.9889, -1.8343]. Recommendation = [0.0, 0.7942, 0.6229], Current Cost = 5185.00, Rho = 1.000
(iter 10) [0.0, -0.3488, 1.3266] = 309.2933, sampling [1.0, 1.3530, -1.0443]. Recommendation = [0.0, 0.7942, 0.6229], Current Cost = 5186.00, Rho = 1.000
(iter 10) [0.0, -0.3488, 1.3266] = 309.2933, sampling [1.0, 1.6788, 0.5431]. Recommendation = [0.0, 0.7942, 0.6229], Current Cost = 5187.00, Rho = 1.000
(iter 10) [0.0, -0.3488, 1.3266] = 309.2933, sampling [1.0, -0.0257, 1.6436]. Recommendation = [0.0, 0.7942, 0.6229], Current Cost = 5188.00, Rho = 1.000
(iter 10) [0.0, -0.3488, 1.3266] = 309.2933, sampling [1.0, 0.8340, -1.6552]. Recommendation = [0.0, 0.7942, 0.6229], Current Cost = 5189.00, Rho = 1.000
(iter 10) [0.0, -0.3488, 1.3266] = 309.2933, sampling [1.0, 1.9007, -0.7123]. Recommendation = [0.0, 0.7942, 0.6229], Current Cost = 5190.00, Rho = 1.000
(iter 10) [0.0, -0.3488, 1.3266] = 309.2933, sampling [1.0, -0.9378, -1.6241]. Recommendation = [0.0, 0.7942, 0.6229], Current Cost = 5191.00, Rho = 1.000
(iter 10) [0.0, -0.3488, 1.3266] = 309.2933, sampling [1.0, 1.9655, 0.7842]. Recommendation = [0.0, 0.7942, 0.6229], Current Cost = 5192.00, Rho = 1.000
(iter 10) [0.0, -0.3488, 1.3266] = 309.2933, sampling [1.0, 1.5076, -0.1869]. Recommendation = [0.0, 0.7942, 0.6229], Current Cost = 5193.00, Rho = 1.000
(iter 10) [0.0, -0.3488, 1.3266] = 309.2933, sampling [1.0, -1.7083, 0.0844]. Recommendation = [0.0, 0.7942, 0.6229], Current Cost = 5194.00, Rho = 1.000
(iter 10) [0.0, -0.3488, 1.3266] = 309.2933, sampling [1.0, 0.9893, -1.6015]. Recommendation = [0.0, 0.7942, 0.6229], Current Cost = 5195.00, Rho = 1.000
(iter 10) [0.0, -0.3488, 1.3266] = 309.2933, sampling [1.0, 1.7156, 0.0762]. Recommendation = [0.0, 0.7942, 0.6229], Current Cost = 5196.00, Rho = 1.000
(iter 10) [0.0, -0.3488, 1.3266] = 309.2933, sampling [1.0, -1.2821, -0.9369]. Recommendation = [0.0, 0.7942, 0.6229], Current Cost = 5197.00, Rho = 1.000
(iter 10) [0.0, -0.3488, 1.3266] = 309.2933, sampling [1.0, 0.0654, -1.7104]. Recommendation = [0.0, 0.7942, 0.6229], Current Cost = 5198.00, Rho = 1.000
(iter 10) [0.0, -0.3488, 1.3266] = 309.2933, sampling [1.0, 1.1752, -1.9010]. Recommendation = [0.0, 0.7942, 0.6229], Current Cost = 5199.00, Rho = 1.000
(iter 10) [0.0, -0.3488, 1.3266] = 309.2933, sampling [1.0, -1.4588, -0.4407]. Recommendation = [0.0, 0.7942, 0.6229], Current Cost = 5200.00, Rho = 1.000
(iter 10) [0.0, -0.3488, 1.3266] = 309.2933, sampling [1.0, -1.2481, -1.0998]. Recommendation = [0.0, 0.7942, 0.6229], Current Cost = 5201.00, Rho = 1.000
(iter 10) [0.0, -0.3488, 1.3266] = 309.2933, sampling [1.0, 1.2872, -1.2027]. Recommendation = [0.0, 0.7942, 0.6229], Current Cost = 5202.00, Rho = 1.000
(iter 10) [0.0, -0.3488, 1.3266] = 309.2933, sampling [1.0, -1.2002, -1.4083]. Recommendation = [0.0, 0.7942, 0.6229], Current Cost = 5203.00, Rho = 1.000
(iter 10) [0.0, -0.3488, 1.3266] = 309.2933, sampling [1.0, -1.9587, 0.1797]. Recommendation = [0.0, 0.7942, 0.6229], Current Cost = 5204.00, Rho = 1.000
(iter 10) [0.0, -0.3488, 1.3266] = 309.2933, sampling [1.0, -1.0455, -1.5597]. Recommendation = [0.0, 0.7942, 0.6229], Current Cost = 5205.00, Rho = 1.000
(iter 10) [0.0, -0.3488, 1.3266] = 309.2933, sampling [1.0, 1.6442, -0.2490]. Recommendation = [0.0, 0.7942, 0.6229], Current Cost = 5206.00, Rho = 1.000
(iter 10) [0.0, -0.3488, 1.3266] = 309.2933, sampling [1.0, -1.5174, -1.0031]. Recommendation = [0.0, 0.7942, 0.6229], Current Cost = 5207.00, Rho = 1.000
(iter 10) [0.0, -0.3488, 1.3266] = 309.2933, sampling [1.0, -1.6030, -0.6672]. Recommendation = [0.0, 0.7942, 0.6229], Current Cost = 5208.00, Rho = 1.000
(iter 10) [0.0, -0.3488, 1.3266] = 309.2933, sampling [1.0, -1.1705, -1.2594]. Recommendation = [0.0, 0.7942, 0.6229], Current Cost = 5209.00, Rho = 1.000
(iter 10) [0.0, -0.3488, 1.3266] = 309.2933, sampling [1.0, 1.8318, -1.5086]. Recommendation = [0.0, 0.7942, 0.6229], Current Cost = 5210.00, Rho = 1.000
(iter 10) [0.0, -0.3488, 1.3266] = 309.2933, sampling [1.0, -1.7766, -0.0723]. Recommendation = [0.0, 0.7942, 0.6229], Current Cost = 5211.00, Rho = 1.000
(iter 10) [0.0, -0.3488, 1.3266] = 309.2933, sampling [1.0, 1.2226, -1.6765]. Recommendation = [0.0, 0.7942, 0.6229], Current Cost = 5212.00, Rho = 1.000
(iter 10) [0.0, -0.3488, 1.3266] = 309.2933, sampling [1.0, 1.8833, -0.2902]. Recommendation = [0.0, 0.7942, 0.6229], Current Cost = 5213.00, Rho = 1.000
(iter 10) [0.0, -0.3488, 1.3266] = 309.2933, sampling [1.0, -1.3396, -1.1917]. Recommendation = [0.0, 0.7942, 0.6229], Current Cost = 5214.00, Rho = 1.000
(iter 10) [0.0, -0.3488, 1.3266] = 309.2933, sampling [1.0, -1.2411, -1.9639]. Recommendation = [0.0, 0.7942, 0.6229], Current Cost = 5215.00, Rho = 1.000
(iter 10) [0.0, -0.3488, 1.3266] = 309.2933, sampling [1.0, 1.5875, -0.4618]. Recommendation = [0.0, 0.7942, 0.6229], Current Cost = 5216.00, Rho = 1.000
(iter 10) [0.0, -0.3488, 1.3266] = 309.2933, sampling [0.0, 1.0573, 1.1144]. Recommendation = [0.0, 0.7942, 0.6229], Current Cost = 5217.00, Rho = 1.000
(iter 222) [0.0, 1.0573, 1.1144] = 456.2954, sampling [0.0, 0.7942, 0.6229]. Recommendation = [0.0, 1.0573, 1.1144], Current Cost = 6217.00, Rho = 1.000
(iter 222) [0.0, 1.0573, 1.1144] = 456.2954, sampling [1.0, -1.3624, -1.4817]. Recommendation = [0.0, 1.0573, 1.1144], Current Cost = 7217.00, Rho = 1.000
(iter 222) [0.0, 1.0573, 1.1144] = 456.2954, sampling [1.0, 1.6980, 0.0030]. Recommendation = [0.0, 1.0573, 1.1144], Current Cost = 7218.00, Rho = 1.000
(iter 222) [0.0, 1.0573, 1.1144] = 456.2954, sampling [1.0, -1.9176, 0.3329]. Recommendation = [0.0, 1.0573, 1.1144], Current Cost = 7219.00, Rho = 1.000
(iter 222) [0.0, 1.0573, 1.1144] = 456.2954, sampling [1.0, 1.4887, -1.1282]. Recommendation = [0.0, 1.0573, 1.1144], Current Cost = 7220.00, Rho = 1.000
(iter 222) [0.0, 1.0573, 1.1144] = 456.2954, sampling [1.0, 1.8094, 0.1002]. Recommendation = [0.0, 1.0573, 1.1144], Current Cost = 7221.00, Rho = 1.000
(iter 222) [0.0, 1.0573, 1.1144] = 456.2954, sampling [1.0, -1.4079, -1.0123]. Recommendation = [0.0, 1.0573, 1.1144], Current Cost = 7222.00, Rho = 1.000
(iter 222) [0.0, 1.0573, 1.1144] = 456.2954, sampling [1.0, -0.9902, -1.5960]. Recommendation = [0.0, 1.0573, 1.1144], Current Cost = 7223.00, Rho = 1.000
(iter 222) [0.0, 1.0573, 1.1144] = 456.2954, sampling [1.0, -1.3104, -1.3052]. Recommendation = [0.0, 1.0573, 1.1144], Current Cost = 7224.00, Rho = 1.000
(iter 222) [0.0, 1.0573, 1.1144] = 456.2954, sampling [1.0, 1.3177, -1.9420]. Recommendation = [0.0, 1.0573, 1.1144], Current Cost = 7225.00, Rho = 1.000
(iter 222) [0.0, 1.0573, 1.1144] = 456.2954, sampling [1.0, -1.8602, -1.1511]. Recommendation = [0.0, 1.0573, 1.1144], Current Cost = 7226.00, Rho = 1.000
(iter 222) [0.0, 1.0573, 1.1144] = 456.2954, sampling [1.0, -1.8964, -0.0331]. Recommendation = [0.0, 1.0573, 1.1144], Current Cost = 7227.00, Rho = 1.000
(iter 222) [0.0, 1.0573, 1.1144] = 456.2954, sampling [1.0, 1.7281, -0.7811]. Recommendation = [0.0, 1.0573, 1.1144], Current Cost = 7228.00, Rho = 1.000
(iter 222) [0.0, 1.0573, 1.1144] = 456.2954, sampling [1.0, 1.9471, -0.9863]. Recommendation = [0.0, 1.0573, 1.1144], Current Cost = 7229.00, Rho = 1.000
(iter 222) [0.0, 1.0573, 1.1144] = 456.2954, sampling [1.0, -1.5237, -1.8593]. Recommendation = [0.0, 1.0573, 1.1144], Current Cost = 7230.00, Rho = 1.000
(iter 222) [0.0, 1.0573, 1.1144] = 456.2954, sampling [1.0, -1.8086, -0.8049]. Recommendation = [0.0, 1.0573, 1.1144], Current Cost = 7231.00, Rho = 1.000
(iter 222) [0.0, 1.0573, 1.1144] = 456.2954, sampling [1.0, 1.9302, 0.4146]. Recommendation = [0.0, 1.0573, 1.1144], Current Cost = 7232.00, Rho = 1.000
(iter 222) [0.0, 1.0573, 1.1144] = 456.2954, sampling [1.0, 1.7666, -0.6285]. Recommendation = [0.0, 1.0573, 1.1144], Current Cost = 7233.00, Rho = 1.000
(iter 222) [0.0, 1.0573, 1.1144] = 456.2954, sampling [1.0, 1.4638, -1.0739]. Recommendation = [0.0, 1.0573, 1.1144], Current Cost = 7234.00, Rho = 1.000
(iter 222) [0.0, 1.0573, 1.1144] = 456.2954, sampling [1.0, -1.7440, -1.3511]. Recommendation = [0.0, 1.0573, 1.1144], Current Cost = 7235.00, Rho = 1.000
(iter 222) [0.0, 1.0573, 1.1144] = 456.2954, sampling [1.0, 1.3376, -1.0642]. Recommendation = [0.0, 1.0573, 1.1144], Current Cost = 7236.00, Rho = 1.000
(iter 222) [0.0, 1.0573, 1.1144] = 456.2954, sampling [1.0, -1.8352, -0.1083]. Recommendation = [0.0, 1.0573, 1.1144], Current Cost = 7237.00, Rho = 1.000
(iter 222) [0.0, 1.0573, 1.1144] = 456.2954, sampling [1.0, 1.6004, -1.7968]. Recommendation = [0.0, 1.0573, 1.1144], Current Cost = 7238.00, Rho = 1.000
(iter 222) [0.0, 1.0573, 1.1144] = 456.2954, sampling [1.0, -1.2673, -1.9045]. Recommendation = [0.0, 1.0573, 1.1144], Current Cost = 7239.00, Rho = 1.000
(iter 222) [0.0, 1.0573, 1.1144] = 456.2954, sampling [1.0, -1.7451, -1.9233]. Recommendation = [0.0, 1.0573, 1.1144], Current Cost = 7240.00, Rho = 1.000
(iter 222) [0.0, 1.0573, 1.1144] = 456.2954, sampling [1.0, 1.9728, 0.3573]. Recommendation = [0.0, 1.0573, 1.1144], Current Cost = 7241.00, Rho = 1.000
(iter 222) [0.0, 1.0573, 1.1144] = 456.2954, sampling [1.0, 1.8557, -0.9586]. Recommendation = [0.0, 1.0573, 1.1144], Current Cost = 7242.00, Rho = 1.000
(iter 222) [0.0, 1.0573, 1.1144] = 456.2954, sampling [1.0, -1.8462, -1.3176]. Recommendation = [0.0, 1.0573, 1.1144], Current Cost = 7243.00, Rho = 1.000
(iter 222) [0.0, 1.0573, 1.1144] = 456.2954, sampling [1.0, 1.9059, -0.8650]. Recommendation = [0.0, 1.0573, 1.1144], Current Cost = 7244.00, Rho = 1.000
(iter 222) [0.0, 1.0573, 1.1144] = 456.2954, sampling [0.0, 0.8531, 0.6988]. Recommendation = [0.0, 1.0573, 1.1144], Current Cost = 7245.00, Rho = 1.000
(iter 222) [0.0, 1.0573, 1.1144] = 456.2954, sampling [0.0, 1.4146, 1.9479]. Recommendation = [0.0, 1.0573, 1.1144], Current Cost = 8245.00, Rho = 1.000
(iter 222) [0.0, 1.0573, 1.1144] = 456.2954, sampling [1.0, -1.8847, -1.7426]. Recommendation = [0.0, 1.0573, 1.1144], Current Cost = 9245.00, Rho = 1.000
(iter 222) [0.0, 1.0573, 1.1144] = 456.2954, sampling [1.0, 1.7922, -1.4707]. Recommendation = [0.0, 1.0573, 1.1144], Current Cost = 9246.00, Rho = 1.000
(iter 222) [0.0, 1.0573, 1.1144] = 456.2954, sampling [1.0, -1.9475, -0.5189]. Recommendation = [0.0, 1.0573, 1.1144], Current Cost = 9247.00, Rho = 1.000
(iter 222) [0.0, 1.0573, 1.1144] = 456.2954, sampling [0.0, 0.6409, 0.4178]. Recommendation = [0.0, 1.0573, 1.1144], Current Cost = 9248.00, Rho = 1.000
(iter 222) [0.0, 1.0573, 1.1144] = 456.2954, sampling [1.0, 1.5831, -1.7642]. Recommendation = [0.0, 1.0573, 1.1144], Current Cost = 10248.00, Rho = 1.000
(iter 222) [0.0, 1.0573, 1.1144] = 456.2954, sampling [0.0, 0.6579, 0.4483]. Recommendation = [0.0, 1.0573, 1.1144], Current Cost = 10249.00, Rho = 1.000
(iter 222) [0.0, 1.0573, 1.1144] = 456.2954, sampling [1.0, -1.9243, -1.8448]. Recommendation = [0.0, 1.0573, 1.1144], Current Cost = 11249.00, Rho = 1.000
(iter 222) [0.0, 1.0573, 1.1144] = 456.2954, sampling [0.0, 0.4653, 0.1473]. Recommendation = [0.0, 1.0573, 1.1144], Current Cost = 11250.00, Rho = 1.000
(iter 222) [0.0, 1.0573, 1.1144] = 456.2954, sampling [0.0, -0.7858, 0.4923]. Recommendation = [0.0, 1.0573, 1.1144], Current Cost = 12250.00, Rho = 1.000
(iter 222) [0.0, 1.0573, 1.1144] = 456.2954, sampling [0.0, -1.2481, -1.0998]. Recommendation = [0.0, 1.0573, 1.1144], Current Cost = 13250.00, Rho = 1.000
(iter 222) [0.0, 1.0573, 1.1144] = 456.2954, sampling [0.0, -1.9889, -1.8343]. Recommendation = [0.0, 1.0573, 1.1144], Current Cost = 14250.00, Rho = 1.000
(iter 222) [0.0, 1.0573, 1.1144] = 456.2954, sampling [0.0, -1.4079, -1.0123]. Recommendation = [0.0, 1.0573, 1.1144], Current Cost = 15250.00, Rho = 1.000
(iter 222) [0.0, 1.0573, 1.1144] = 456.2954, sampling [0.0, -0.7400, -1.5433]. Recommendation = [0.0, 1.0573, 1.1144], Current Cost = 16250.00, Rho = 1.000
(iter 222) [0.0, 1.0573, 1.1144] = 456.2954, sampling [0.0, -1.8964, -0.0331]. Recommendation = [0.0, 1.0573, 1.1144], Current Cost = 17250.00, Rho = 1.000
(iter 222) [0.0, 1.0573, 1.1144] = 456.2954, sampling [0.0, 0.7811, -0.2820]. Recommendation = [0.0, 1.0573, 1.1144], Current Cost = 18250.00, Rho = 1.000
(iter 222) [0.0, 1.0573, 1.1144] = 456.2954, sampling [0.0, -0.9549, -0.1650]. Recommendation = [0.0, 1.0573, 1.1144], Current Cost = 19250.00, Rho = 1.000
(iter 222) [0.0, 1.0573, 1.1144] = 456.2954, sampling [0.0, -0.9658, -0.7526]. Recommendation = [0.0, 1.0573, 1.1144], Current Cost = 20250.00, Rho = 1.000
(iter 222) [0.0, 1.0573, 1.1144] = 456.2954, sampling [0.0, -1.9770, -0.5373]. Recommendation = [0.0, 1.0573, 1.1144], Current Cost = 21250.00, Rho = 1.000
(iter 222) [0.0, 1.0573, 1.1144] = 456.2954, sampling [0.0, -1.3916, 1.7044]. Recommendation = [0.0, 1.0573, 1.1144], Current Cost = 22250.00, Rho = 1.000
(iter 222) [0.0, 1.0573, 1.1144] = 456.2954, sampling [0.0, -1.8847, -1.7426]. Recommendation = [0.0, 1.0573, 1.1144], Current Cost = 23250.00, Rho = 1.000
(iter 222) [0.0, 1.0573, 1.1144] = 456.2954, sampling [0.0, 1.3376, -1.0642]. Recommendation = [0.0, 1.0573, 1.1144], Current Cost = 24250.00, Rho = 1.000
(iter 222) [0.0, 1.0573, 1.1144] = 456.2954, sampling [0.0, 0.0577, -0.2174]. Recommendation = [0.0, 1.0573, 1.1144], Current Cost = 25250.00, Rho = 1.000
(iter 222) [0.0, 1.0573, 1.1144] = 456.2954, sampling [0.0, 1.2523, 1.4202]. Recommendation = [0.0, 1.0573, 1.1144], Current Cost = 26250.00, Rho = 1.000
(iter 222) [0.0, 1.0573, 1.1144] = 456.2954, sampling [0.0, 1.3977, 0.7524]. Recommendation = [0.0, 1.0573, 1.1144], Current Cost = 27250.00, Rho = 1.000
(iter 222) [0.0, 1.0573, 1.1144] = 456.2954, sampling [0.0, -0.6376, -0.5623]. Recommendation = [0.0, 1.0573, 1.1144], Current Cost = 28250.00, Rho = 1.000
(iter 222) [0.0, 1.0573, 1.1144] = 456.2954, sampling [0.0, 0.1826, 1.8372]. Recommendation = [0.0, 1.0573, 1.1144], Current Cost = 29250.00, Rho = 1.000
(iter 222) [0.0, 1.0573, 1.1144] = 456.2954, sampling [0.0, 0.2160, 1.2182]. Recommendation = [0.0, 1.0573, 1.1144], Current Cost = 30250.00, Rho = 1.000
(iter 222) [0.0, 1.0573, 1.1144] = 456.2954, sampling [0.0, 1.0320, 1.2595]. Recommendation = [0.0, 1.0573, 1.1144], Current Cost = 31250.00, Rho = 1.000
(iter 222) [0.0, 1.0573, 1.1144] = 456.2954, sampling [0.0, 0.6750, 1.5621]. Recommendation = [0.0, 1.0573, 1.1144], Current Cost = 32250.00, Rho = 1.000
(iter 222) [0.0, 1.0573, 1.1144] = 456.2954, sampling [0.0, 1.8094, 0.1002]. Recommendation = [0.0, 1.0573, 1.1144], Current Cost = 33250.00, Rho = 1.000
(iter 222) [0.0, 1.0573, 1.1144] = 456.2954, sampling [0.0, 1.2226, -1.6765]. Recommendation = [0.0, 1.0573, 1.1144], Current Cost = 34250.00, Rho = 1.000
(iter 222) [0.0, 1.0573, 1.1144] = 456.2954, sampling [0.0, -1.6754, 0.8665]. Recommendation = [0.0, 1.0573, 1.1144], Current Cost = 35250.00, Rho = 1.000
(iter 222) [0.0, 1.0573, 1.1144] = 456.2954, sampling [0.0, -0.0652, 1.0897]. Recommendation = [0.0, 1.0573, 1.1144], Current Cost = 36250.00, Rho = 1.000
(iter 222) [0.0, 1.0573, 1.1144] = 456.2954, sampling [0.0, 1.9728, 0.3573]. Recommendation = [0.0, 1.0573, 1.1144], Current Cost = 37250.00, Rho = 1.000
(iter 222) [0.0, 1.0573, 1.1144] = 456.2954, sampling [0.0, -1.5793, 1.1226]. Recommendation = [0.0, 1.0573, 1.1144], Current Cost = 38250.00, Rho = 1.000
(iter 222) [0.0, 1.0573, 1.1144] = 456.2954, sampling [0.0, -0.5858, 1.5978]. Recommendation = [0.0, 1.0573, 1.1144], Current Cost = 39250.00, Rho = 1.000
(iter 222) [0.0, 1.0573, 1.1144] = 456.2954, sampling [0.0, 1.1405, 0.4436]. Recommendation = [0.0, 1.0573, 1.1144], Current Cost = 40250.00, Rho = 1.000
(iter 222) [0.0, 1.0573, 1.1144] = 456.2954, sampling [0.0, -0.0039, 1.0070]. Recommendation = [0.0, 1.0573, 1.1144], Current Cost = 41250.00, Rho = 1.000
(iter 222) [0.0, 1.0573, 1.1144] = 456.2954, sampling [0.0, -0.2466, -0.7876]. Recommendation = [0.0, 1.0573, 1.1144], Current Cost = 42250.00, Rho = 1.000
(iter 222) [0.0, 1.0573, 1.1144] = 456.2954, sampling [0.0, -0.9157, -0.8476]. Recommendation = [0.0, 1.0573, 1.1144], Current Cost = 43250.00, Rho = 1.000
(iter 222) [0.0, 1.0573, 1.1144] = 456.2954, sampling [0.0, 1.8557, -0.9586]. Recommendation = [0.0, 1.0573, 1.1144], Current Cost = 44250.00, Rho = 1.000
(iter 222) [0.0, 1.0573, 1.1144] = 456.2954, sampling [0.0, 1.7835, 1.2824]. Recommendation = [0.0, 1.0573, 1.1144], Current Cost = 45250.00, Rho = 1.000
(iter 222) [0.0, 1.0573, 1.1144] = 456.2954, sampling [0.0, -0.8707, 1.0576]. Recommendation = [0.0, 1.0573, 1.1144], Current Cost = 46250.00, Rho = 1.000
(iter 222) [0.0, 1.0573, 1.1144] = 456.2954, sampling [0.0, 0.2062, 0.6522]. Recommendation = [0.0, 1.0573, 1.1144], Current Cost = 47250.00, Rho = 1.000
(iter 222) [0.0, 1.0573, 1.1144] = 456.2954, sampling [0.0, 1.6442, -0.2490]. Recommendation = [0.0, 1.0573, 1.1144], Current Cost = 48250.00, Rho = 1.000
(iter 222) [0.0, 1.0573, 1.1144] = 456.2954, sampling [0.0, 0.5563, -1.3318]. Recommendation = [0.0, 1.0573, 1.1144], Current Cost = 49250.00, Rho = 1.000
(iter 222) [0.0, 1.0573, 1.1144] = 456.2954, sampling [0.0, -0.2155, -0.9170]. Recommendation = [0.0, 1.0573, 1.1144], Current Cost = 50250.00, Rho = 1.000
(iter 222) [0.0, 1.0573, 1.1144] = 456.2954, sampling [0.0, 0.3948, -0.0287]. Recommendation = [0.0, 1.0573, 1.1144], Current Cost = 51250.00, Rho = 1.000
(iter 222) [0.0, 1.0573, 1.1144] = 456.2954, sampling [0.0, -0.4652, -0.6777]. Recommendation = [0.0, 1.0573, 1.1144], Current Cost = 52250.00, Rho = 1.000
(iter 222) [0.0, 1.0573, 1.1144] = 456.2954, sampling [0.0, -0.1467, -1.1803]. Recommendation = [0.0, 1.0573, 1.1144], Current Cost = 53250.00, Rho = 1.000
(iter 222) [0.0, 1.0573, 1.1144] = 456.2954, sampling [0.0, -1.7766, -0.0723]. Recommendation = [0.0, 1.0573, 1.1144], Current Cost = 54250.00, Rho = 1.000
(iter 222) [0.0, 1.0573, 1.1144] = 456.2954, sampling [0.0, 0.9150, 1.7229]. Recommendation = [0.0, 1.0573, 1.1144], Current Cost = 55250.00, Rho = 1.000
(iter 222) [0.0, 1.0573, 1.1144] = 456.2954, sampling [0.0, 1.9655, 0.7842]. Recommendation = [0.0, 1.0573, 1.1144], Current Cost = 56250.00, Rho = 1.000
(iter 222) [0.0, 1.0573, 1.1144] = 456.2954, sampling [0.0, 0.0005, -0.2335]. Recommendation = [0.0, 1.0573, 1.1144], Current Cost = 57250.00, Rho = 1.000
(iter 222) [0.0, 1.0573, 1.1144] = 456.2954, sampling [0.0, -0.5578, 1.7403]. Recommendation = [0.0, 1.0573, 1.1144], Current Cost = 58250.00, Rho = 1.000
(iter 222) [0.0, 1.0573, 1.1144] = 456.2954, sampling [0.0, 1.1532, 1.0117]. Recommendation = [0.0, 1.0573, 1.1144], Current Cost = 59250.00, Rho = 1.000
(iter 222) [0.0, 1.0573, 1.1144] = 456.2954, sampling [0.0, -0.1176, 0.5777]. Recommendation = [0.0, 1.0573, 1.1144], Current Cost = 60250.00, Rho = 1.000
(iter 222) [0.0, 1.0573, 1.1144] = 456.2954, sampling [0.0, -1.9587, 0.1797]. Recommendation = [0.0, 1.0573, 1.1144], Current Cost = 61250.00, Rho = 1.000
(iter 222) [0.0, 1.0573, 1.1144] = 456.2954, sampling [0.0, -0.6908, -0.4943]. Recommendation = [0.0, 1.0573, 1.1144], Current Cost = 62250.00, Rho = 1.000
(iter 222) [0.0, 1.0573, 1.1144] = 456.2954, sampling [0.0, -1.5367, 1.1497]. Recommendation = [0.0, 1.0573, 1.1144], Current Cost = 63250.00, Rho = 1.000
(iter 222) [0.0, 1.0573, 1.1144] = 456.2954, sampling [0.0, -1.7624, 0.3394]. Recommendation = [0.0, 1.0573, 1.1144], Current Cost = 64250.00, Rho = 1.000
(iter 222) [0.0, 1.0573, 1.1144] = 456.2954, sampling [0.0, 0.2462, -0.0872]. Recommendation = [0.0, 1.0573, 1.1144], Current Cost = 65250.00, Rho = 1.000
(iter 222) [0.0, 1.0573, 1.1144] = 456.2954, sampling [0.0, -1.1264, -0.8914]. Recommendation = [0.0, 1.0573, 1.1144], Current Cost = 66250.00, Rho = 1.000
(iter 222) [0.0, 1.0573, 1.1144] = 456.2954, sampling [0.0, -0.3715, -1.3712]. Recommendation = [0.0, 1.0573, 1.1144], Current Cost = 67250.00, Rho = 1.000
(iter 222) [0.0, 1.0573, 1.1144] = 456.2954, sampling [0.0, 1.5875, -0.4618]. Recommendation = [0.0, 1.0573, 1.1144], Current Cost = 68250.00, Rho = 1.000
(iter 222) [0.0, 1.0573, 1.1144] = 456.2954, sampling [0.0, -0.2964, 1.7802]. Recommendation = [0.0, 1.0573, 1.1144], Current Cost = 69250.00, Rho = 1.000
(iter 222) [0.0, 1.0573, 1.1144] = 456.2954, sampling [0.0, 1.9302, 0.4146]. Recommendation = [0.0, 1.0573, 1.1144], Current Cost = 70250.00, Rho = 1.000
(iter 222) [0.0, 1.0573, 1.1144] = 456.2954, sampling [0.0, -1.6474, 1.1732]. Recommendation = [0.0, 1.0573, 1.1144], Current Cost = 71250.00, Rho = 1.000
(iter 222) [0.0, 1.0573, 1.1144] = 456.2954, sampling [0.0, 1.0467, 1.3979]. Recommendation = [0.0, 1.0573, 1.1144], Current Cost = 72250.00, Rho = 1.000
(iter 222) [0.0, 1.0573, 1.1144] = 456.2954, sampling [0.0, -0.3235, 0.2569]. Recommendation = [0.0, 1.0573, 1.1144], Current Cost = 73250.00, Rho = 1.000
(iter 222) [0.0, 1.0573, 1.1144] = 456.2954, sampling [0.0, 1.3810, 0.9267]. Recommendation = [0.0, 1.0573, 1.1144], Current Cost = 74250.00, Rho = 1.000
(iter 222) [0.0, 1.0573, 1.1144] = 456.2954, sampling [0.0, 1.7156, 0.0762]. Recommendation = [0.0, 1.0573, 1.1144], Current Cost = 75250.00, Rho = 1.000
(iter 222) [0.0, 1.0573, 1.1144] = 456.2954, sampling [0.0, -0.5738, -1.2854]. Recommendation = [0.0, 1.0573, 1.1144], Current Cost = 76250.00, Rho = 1.000
(iter 222) [0.0, 1.0573, 1.1144] = 456.2954, sampling [0.0, 0.5227, -0.6489]. Recommendation = [0.0, 1.0573, 1.1144], Current Cost = 77250.00, Rho = 1.000
(iter 222) [0.0, 1.0573, 1.1144] = 456.2954, sampling [0.0, 1.1910, 0.5068]. Recommendation = [0.0, 1.0573, 1.1144], Current Cost = 78250.00, Rho = 1.000
(iter 222) [0.0, 1.0573, 1.1144] = 456.2954, sampling [0.0, 0.2283, -0.1185]. Recommendation = [0.0, 1.0573, 1.1144], Current Cost = 79250.00, Rho = 1.000
(iter 222) [0.0, 1.0573, 1.1144] = 456.2954, sampling [0.0, 1.6254, 0.7360]. Recommendation = [0.0, 1.0573, 1.1144], Current Cost = 80250.00, Rho = 1.000
(iter 222) [0.0, 1.0573, 1.1144] = 456.2954, sampling [0.0, 0.0820, -1.6957]. Recommendation = [0.0, 1.0573, 1.1144], Current Cost = 81250.00, Rho = 1.000
(iter 222) [0.0, 1.0573, 1.1144] = 456.2954, sampling [0.0, -0.8897, 0.5202]. Recommendation = [0.0, 1.0573, 1.1144], Current Cost = 82250.00, Rho = 1.000
(iter 222) [0.0, 1.0573, 1.1144] = 456.2954, sampling [0.0, 0.5872, -0.1391]. Recommendation = [0.0, 1.0573, 1.1144], Current Cost = 83250.00, Rho = 1.000
(iter 222) [0.0, 1.0573, 1.1144] = 456.2954, sampling [0.0, 1.9007, -0.7123]. Recommendation = [0.0, 1.0573, 1.1144], Current Cost = 84250.00, Rho = 1.000
(iter 222) [0.0, 1.0573, 1.1144] = 456.2954, sampling [0.0, -1.8602, -1.1511]. Recommendation = [0.0, 1.0573, 1.1144], Current Cost = 85250.00, Rho = 1.000
(iter 222) [0.0, 1.0573, 1.1144] = 456.2954, sampling [0.0, -1.7260, 1.7447]. Recommendation = [0.0, 1.0573, 1.1144], Current Cost = 86250.00, Rho = 1.000
(iter 222) [0.0, 1.0573, 1.1144] = 456.2954, sampling [0.0, -1.7083, 0.0844]. Recommendation = [0.0, 1.0573, 1.1144], Current Cost = 87250.00, Rho = 1.000
(iter 222) [0.0, 1.0573, 1.1144] = 456.2954, sampling [0.0, 1.6004, -1.7968]. Recommendation = [0.0, 1.0573, 1.1144], Current Cost = 88250.00, Rho = 1.000
(iter 222) [0.0, 1.0573, 1.1144] = 456.2954, sampling [0.0, 0.1675, -1.5701]. Recommendation = [0.0, 1.0573, 1.1144], Current Cost = 89250.00, Rho = 1.000
(iter 222) [0.0, 1.0573, 1.1144] = 456.2954, sampling [0.0, -1.4122, 1.9220]. Recommendation = [0.0, 1.0573, 1.1144], Current Cost = 90250.00, Rho = 1.000
(iter 222) [0.0, 1.0573, 1.1144] = 456.2954, sampling [0.0, -0.6712, 0.2092]. Recommendation = [0.0, 1.0573, 1.1144], Current Cost = 91250.00, Rho = 1.000
(iter 222) [0.0, 1.0573, 1.1144] = 456.2954, sampling [0.0, -0.5400, 0.1381]. Recommendation = [0.0, 1.0573, 1.1144], Current Cost = 92250.00, Rho = 1.000
(iter 222) [0.0, 1.0573, 1.1144] = 456.2954, sampling [0.0, -0.0353, 0.1182]. Recommendation = [0.0, 1.0573, 1.1144], Current Cost = 93250.00, Rho = 1.000
(iter 222) [0.0, 1.0573, 1.1144] = 456.2954, sampling [0.0, 0.8812, 0.0351]. Recommendation = [0.0, 1.0573, 1.1144], Current Cost = 94250.00, Rho = 1.000
(iter 222) [0.0, 1.0573, 1.1144] = 456.2954, sampling [0.0, 0.4560, -1.9974]. Recommendation = [0.0, 1.0573, 1.1144], Current Cost = 95250.00, Rho = 1.000
(iter 222) [0.0, 1.0573, 1.1144] = 456.2954, sampling [0.0, -0.3671, 1.6314]. Recommendation = [0.0, 1.0573, 1.1144], Current Cost = 96250.00, Rho = 1.000
(iter 222) [0.0, 1.0573, 1.1144] = 456.2954, sampling [0.0, -1.9243, -1.8448]. Recommendation = [0.0, 1.0573, 1.1144], Current Cost = 97250.00, Rho = 1.000
(iter 222) [0.0, 1.0573, 1.1144] = 456.2954, sampling [0.0, 0.6167, 0.6350]. Recommendation = [0.0, 1.0573, 1.1144], Current Cost = 98250.00, Rho = 1.000
(iter 222) [0.0, 1.0573, 1.1144] = 456.2954, sampling [0.0, 1.9989, 0.3821]. Recommendation = [0.0, 1.0573, 1.1144], Current Cost = 99250.00, Rho = 1.000
