(iter 10) [0.0, 1.3751, 1.8694] = 456.1132, sampling [0.0, 0.9650, 1.4944]. Recommendation = [0.0, 1.3751, 1.8694], Current Cost = 5005.00, Rho = 0.117
(iter 10) [0.0, 1.3751, 1.8694] = 456.1132, sampling [0.0, 0.1685, 0.4247]. Recommendation = [0.0, 1.3751, 1.8694], Current Cost = 6005.00, Rho = 0.117
(iter 10) [0.0, 1.3751, 1.8694] = 456.1132, sampling [0.0, -0.0750, 0.7316]. Recommendation = [0.0, 1.3751, 1.8694], Current Cost = 7005.00, Rho = 0.117
(iter 10) [0.0, 1.3751, 1.8694] = 456.1132, sampling [0.0, -0.4502, 0.1174]. Recommendation = [0.0, 1.3751, 1.8694], Current Cost = 8005.00, Rho = 0.117
(iter 10) [0.0, 1.3751, 1.8694] = 456.1132, sampling [0.0, -0.2574, -0.0981]. Recommendation = [0.0, 1.3751, 1.8694], Current Cost = 9005.00, Rho = 0.117
(iter 10) [0.0, 1.3751, 1.8694] = 456.1132, sampling [0.0, 0.1389, 0.1996]. Recommendation = [0.0, 1.3751, 1.8694], Current Cost = 10005.00, Rho = 0.117
(iter 10) [0.0, 1.3751, 1.8694] = 456.1132, sampling [0.0, 0.0174, -0.1583]. Recommendation = [0.0, 1.3751, 1.8694], Current Cost = 11005.00, Rho = 0.117
(iter 10) [0.0, 1.3751, 1.8694] = 456.1132, sampling [0.0, 0.2111, 0.0996]. Recommendation = [0.0, 1.3751, 1.8694], Current Cost = 12005.00, Rho = 0.117
(iter 10) [0.0, 1.3751, 1.8694] = 456.1132, sampling [0.0, -0.0860, -0.2381]. Recommendation = [0.0, 1.3751, 1.8694], Current Cost = 13005.00, Rho = 0.117
(iter 10) [0.0, 1.3751, 1.8694] = 456.1132, sampling [0.0, 0.0476, -0.2075]. Recommendation = [0.0, 1.3751, 1.8694], Current Cost = 14005.00, Rho = 0.117
(iter 10) [0.0, 1.3751, 1.8694] = 456.1132, sampling [0.0, -0.4652, -0.1363]. Recommendation = [0.0, 1.3751, 1.8694], Current Cost = 15005.00, Rho = 0.117
(iter 10) [0.0, 1.3751, 1.8694] = 456.1132, sampling [0.0, 0.6254, 0.3164]. Recommendation = [0.0, 1.3751, 1.8694], Current Cost = 16005.00, Rho = 0.117
(iter 10) [0.0, 1.3751, 1.8694] = 456.1132, sampling [0.0, 0.6703, 0.5108]. Recommendation = [0.0, 1.3751, 1.8694], Current Cost = 17005.00, Rho = 0.117
(iter 10) [0.0, 1.3751, 1.8694] = 456.1132, sampling [0.0, 0.3668, 0.5370]. Recommendation = [0.0, 1.3751, 1.8694], Current Cost = 18005.00, Rho = 0.117
(iter 10) [0.0, 1.3751, 1.8694] = 456.1132, sampling [0.0, 0.5280, 0.8204]. Recommendation = [0.0, 1.3751, 1.8694], Current Cost = 19005.00, Rho = 0.117
(iter 10) [0.0, 1.3751, 1.8694] = 456.1132, sampling [0.0, 0.7114, 0.1482]. Recommendation = [0.0, 1.3751, 1.8694], Current Cost = 20005.00, Rho = 0.117
(iter 10) [0.0, 1.3751, 1.8694] = 456.1132, sampling [0.0, 0.5459, -0.0813]. Recommendation = [0.0, 1.3751, 1.8694], Current Cost = 21005.00, Rho = 0.117
(iter 10) [0.0, 1.3751, 1.8694] = 456.1132, sampling [0.0, 1.0085, 1.0320]. Recommendation = [0.0, 1.3751, 1.8694], Current Cost = 22005.00, Rho = 0.117
(iter 27) [0.0, 1.0085, 1.0320] = 456.2776, sampling [0.0, 1.2101, 1.1607]. Recommendation = [0.0, 1.0085, 1.0320], Current Cost = 23005.00, Rho = 0.117
(iter 27) [0.0, 1.0085, 1.0320] = 456.2776, sampling [0.0, 1.1380, 0.7492]. Recommendation = [0.0, 1.0085, 1.0320], Current Cost = 24005.00, Rho = 0.117
(iter 27) [0.0, 1.0085, 1.0320] = 456.2776, sampling [0.0, 1.4205, 1.5672]. Recommendation = [0.0, 1.0085, 1.0320], Current Cost = 25005.00, Rho = 0.117
(iter 27) [0.0, 1.0085, 1.0320] = 456.2776, sampling [0.0, 0.7947, 1.2130]. Recommendation = [0.0, 1.0085, 1.0320], Current Cost = 26005.00, Rho = 0.117
(iter 27) [0.0, 1.0085, 1.0320] = 456.2776, sampling [0.0, 1.1712, 1.4469]. Recommendation = [0.0, 1.0085, 1.0320], Current Cost = 27005.00, Rho = 0.117
(iter 27) [0.0, 1.0085, 1.0320] = 456.2776, sampling [0.0, 1.3059, 1.1911]. Recommendation = [0.0, 1.0085, 1.0320], Current Cost = 28005.00, Rho = 0.117
(iter 27) [0.0, 1.0085, 1.0320] = 456.2776, sampling [0.0, -0.3133, -0.2646]. Recommendation = [0.0, 1.0085, 1.0320], Current Cost = 29005.00, Rho = 0.117
(iter 27) [0.0, 1.0085, 1.0320] = 456.2776, sampling [0.0, 0.3858, -0.2971]. Recommendation = [0.0, 1.0085, 1.0320], Current Cost = 30005.00, Rho = 0.117
(iter 27) [0.0, 1.0085, 1.0320] = 456.2776, sampling [0.0, -0.4191, 0.5576]. Recommendation = [0.0, 1.0085, 1.0320], Current Cost = 31005.00, Rho = 0.117
(iter 27) [0.0, 1.0085, 1.0320] = 456.2776, sampling [0.0, 1.0775, 0.4901]. Recommendation = [0.0, 1.0085, 1.0320], Current Cost = 32005.00, Rho = 0.117
(iter 27) [0.0, 1.0085, 1.0320] = 456.2776, sampling [0.0, -0.6678, 0.6230]. Recommendation = [0.0, 1.0085, 1.0320], Current Cost = 33005.00, Rho = 0.117
(iter 27) [0.0, 1.0085, 1.0320] = 456.2776, sampling [0.0, -0.8027, 0.5193]. Recommendation = [0.0, 1.0085, 1.0320], Current Cost = 34005.00, Rho = 0.117
(iter 27) [0.0, 1.0085, 1.0320] = 456.2776, sampling [0.0, -0.8622, 0.2396]. Recommendation = [0.0, 1.0085, 1.0320], Current Cost = 35005.00, Rho = 0.117
(iter 27) [0.0, 1.0085, 1.0320] = 456.2776, sampling [0.0, -0.5007, 0.8144]. Recommendation = [0.0, 1.0085, 1.0320], Current Cost = 36005.00, Rho = 0.117
(iter 27) [0.0, 1.0085, 1.0320] = 456.2776, sampling [0.0, 0.7656, -0.0302]. Recommendation = [0.0, 1.0085, 1.0320], Current Cost = 37005.00, Rho = 0.117
(iter 27) [0.0, 1.0085, 1.0320] = 456.2776, sampling [0.0, 0.3097, 0.5999]. Recommendation = [0.0, 1.0085, 1.0320], Current Cost = 38005.00, Rho = 0.117
(iter 27) [0.0, 1.0085, 1.0320] = 456.2776, sampling [0.0, -0.9321, 0.3939]. Recommendation = [0.0, 1.0085, 1.0320], Current Cost = 39005.00, Rho = 0.117
(iter 27) [0.0, 1.0085, 1.0320] = 456.2776, sampling [0.0, 0.5792, 1.0892]. Recommendation = [0.0, 1.0085, 1.0320], Current Cost = 40005.00, Rho = 0.117
(iter 27) [0.0, 1.0085, 1.0320] = 456.2776, sampling [0.0, 1.5049, 1.6281]. Recommendation = [0.0, 1.0085, 1.0320], Current Cost = 41005.00, Rho = 0.117
(iter 27) [0.0, 1.0085, 1.0320] = 456.2776, sampling [0.0, -0.4927, -0.2792]. Recommendation = [0.0, 1.0085, 1.0320], Current Cost = 42005.00, Rho = 0.117
(iter 27) [0.0, 1.0085, 1.0320] = 456.2776, sampling [0.0, -0.7183, 0.8381]. Recommendation = [0.0, 1.0085, 1.0320], Current Cost = 43005.00, Rho = 0.117
(iter 27) [0.0, 1.0085, 1.0320] = 456.2776, sampling [0.0, 0.9480, 1.6124]. Recommendation = [0.0, 1.0085, 1.0320], Current Cost = 44005.00, Rho = 0.117
(iter 27) [0.0, 1.0085, 1.0320] = 456.2776, sampling [0.0, 0.3301, -0.4054]. Recommendation = [0.0, 1.0085, 1.0320], Current Cost = 45005.00, Rho = 0.117
(iter 27) [0.0, 1.0085, 1.0320] = 456.2776, sampling [0.0, -0.3782, -0.3860]. Recommendation = [0.0, 1.0085, 1.0320], Current Cost = 46005.00, Rho = 0.117
(iter 27) [0.0, 1.0085, 1.0320] = 456.2776, sampling [0.0, 0.3460, 0.7620]. Recommendation = [0.0, 1.0085, 1.0320], Current Cost = 47005.00, Rho = 0.117
(iter 27) [0.0, 1.0085, 1.0320] = 456.2776, sampling [0.0, -0.4358, 0.5775]. Recommendation = [0.0, 1.0085, 1.0320], Current Cost = 48005.00, Rho = 0.117
(iter 27) [0.0, 1.0085, 1.0320] = 456.2776, sampling [0.0, -0.6035, 1.0149]. Recommendation = [0.0, 1.0085, 1.0320], Current Cost = 49005.00, Rho = 0.117
(iter 27) [0.0, 1.0085, 1.0320] = 456.2776, sampling [0.0, 0.9885, 0.1342]. Recommendation = [0.0, 1.0085, 1.0320], Current Cost = 50005.00, Rho = 0.117
(iter 27) [0.0, 1.0085, 1.0320] = 456.2776, sampling [0.0, 1.5846, 1.2331]. Recommendation = [0.0, 1.0085, 1.0320], Current Cost = 51005.00, Rho = 0.117
(iter 27) [0.0, 1.0085, 1.0320] = 456.2776, sampling [0.0, -0.3306, -0.5378]. Recommendation = [0.0, 1.0085, 1.0320], Current Cost = 52005.00, Rho = 0.117
(iter 27) [0.0, 1.0085, 1.0320] = 456.2776, sampling [0.0, -0.8451, 0.0826]. Recommendation = [0.0, 1.0085, 1.0320], Current Cost = 53005.00, Rho = 0.117
(iter 27) [0.0, 1.0085, 1.0320] = 456.2776, sampling [0.0, -0.2056, 1.1246]. Recommendation = [0.0, 1.0085, 1.0320], Current Cost = 54005.00, Rho = 0.117
(iter 27) [0.0, 1.0085, 1.0320] = 456.2776, sampling [0.0, -0.5875, -0.3084]. Recommendation = [0.0, 1.0085, 1.0320], Current Cost = 55005.00, Rho = 0.117
(iter 27) [0.0, 1.0085, 1.0320] = 456.2776, sampling [0.0, 0.8406, 1.8831]. Recommendation = [0.0, 1.0085, 1.0320], Current Cost = 56005.00, Rho = 0.117
(iter 27) [0.0, 1.0085, 1.0320] = 456.2776, sampling [0.0, 0.6530, -0.4200]. Recommendation = [0.0, 1.0085, 1.0320], Current Cost = 57005.00, Rho = 0.117
(iter 27) [0.0, 1.0085, 1.0320] = 456.2776, sampling [0.0, -1.1084, 0.3590]. Recommendation = [0.0, 1.0085, 1.0320], Current Cost = 58005.00, Rho = 0.117
(iter 27) [0.0, 1.0085, 1.0320] = 456.2776, sampling [0.0, -0.7335, 0.0007]. Recommendation = [0.0, 1.0085, 1.0320], Current Cost = 59005.00, Rho = 0.117
(iter 27) [0.0, 1.0085, 1.0320] = 456.2776, sampling [0.0, -0.8710, 1.1064]. Recommendation = [0.0, 1.0085, 1.0320], Current Cost = 60005.00, Rho = 0.117
(iter 27) [0.0, 1.0085, 1.0320] = 456.2776, sampling [0.0, -1.0771, 0.9747]. Recommendation = [0.0, 1.0085, 1.0320], Current Cost = 61005.00, Rho = 0.117
(iter 27) [0.0, 1.0085, 1.0320] = 456.2776, sampling [0.0, -1.1348, 1.1794]. Recommendation = [0.0, 1.0085, 1.0320], Current Cost = 62005.00, Rho = 0.117
(iter 27) [0.0, 1.0085, 1.0320] = 456.2776, sampling [0.0, -0.9865, 1.4105]. Recommendation = [0.0, 1.0085, 1.0320], Current Cost = 63005.00, Rho = 0.117
(iter 27) [0.0, 1.0085, 1.0320] = 456.2776, sampling [0.0, -1.1514, 1.3682]. Recommendation = [0.0, 1.0085, 1.0320], Current Cost = 64005.00, Rho = 0.117
(iter 27) [0.0, 1.0085, 1.0320] = 456.2776, sampling [0.0, -1.0571, 1.4313]. Recommendation = [0.0, 1.0085, 1.0320], Current Cost = 65005.00, Rho = 0.117
(iter 27) [0.0, 1.0085, 1.0320] = 456.2776, sampling [0.0, -1.1720, 0.9515]. Recommendation = [0.0, 1.0085, 1.0320], Current Cost = 66005.00, Rho = 0.117
(iter 27) [0.0, 1.0085, 1.0320] = 456.2776, sampling [0.0, -0.9136, 1.4562]. Recommendation = [0.0, 1.0085, 1.0320], Current Cost = 67005.00, Rho = 0.117
(iter 27) [0.0, 1.0085, 1.0320] = 456.2776, sampling [0.0, -1.4441, 1.3572]. Recommendation = [0.0, 1.0085, 1.0320], Current Cost = 68005.00, Rho = 0.117
(iter 27) [0.0, 1.0085, 1.0320] = 456.2776, sampling [0.0, -0.9595, 1.5732]. Recommendation = [0.0, 1.0085, 1.0320], Current Cost = 69005.00, Rho = 0.117
(iter 27) [0.0, 1.0085, 1.0320] = 456.2776, sampling [0.0, 0.7035, 1.3040]. Recommendation = [0.0, 1.0085, 1.0320], Current Cost = 70005.00, Rho = 0.117
(iter 27) [0.0, 1.0085, 1.0320] = 456.2776, sampling [0.0, -0.6531, 1.0748]. Recommendation = [0.0, 1.0085, 1.0320], Current Cost = 71005.00, Rho = 0.117
(iter 27) [0.0, 1.0085, 1.0320] = 456.2776, sampling [0.0, 0.2449, 0.9406]. Recommendation = [0.0, 1.0085, 1.0320], Current Cost = 72005.00, Rho = 0.117
(iter 27) [0.0, 1.0085, 1.0320] = 456.2776, sampling [0.0, 1.6401, 1.9878]. Recommendation = [0.0, 1.0085, 1.0320], Current Cost = 73005.00, Rho = 0.117
(iter 27) [0.0, 1.0085, 1.0320] = 456.2776, sampling [0.0, 1.1952, 0.5621]. Recommendation = [0.0, 1.0085, 1.0320], Current Cost = 74005.00, Rho = 0.117
(iter 27) [0.0, 1.0085, 1.0320] = 456.2776, sampling [0.0, -0.6338, 1.5935]. Recommendation = [0.0, 1.0085, 1.0320], Current Cost = 75005.00, Rho = 0.117
(iter 27) [0.0, 1.0085, 1.0320] = 456.2776, sampling [0.0, 1.7145, 1.7848]. Recommendation = [0.0, 1.0085, 1.0320], Current Cost = 76005.00, Rho = 0.117
(iter 27) [0.0, 1.0085, 1.0320] = 456.2776, sampling [0.0, -0.2732, -0.7964]. Recommendation = [0.0, 1.0085, 1.0320], Current Cost = 77005.00, Rho = 0.117
(iter 27) [0.0, 1.0085, 1.0320] = 456.2776, sampling [0.0, -0.8188, -0.5038]. Recommendation = [0.0, 1.0085, 1.0320], Current Cost = 78005.00, Rho = 0.117
(iter 27) [0.0, 1.0085, 1.0320] = 456.2776, sampling [0.0, -1.3742, 1.7250]. Recommendation = [0.0, 1.0085, 1.0320], Current Cost = 79005.00, Rho = 0.117
(iter 27) [0.0, 1.0085, 1.0320] = 456.2776, sampling [0.0, -1.3889, 1.9313]. Recommendation = [0.0, 1.0085, 1.0320], Current Cost = 80005.00, Rho = 0.117
(iter 27) [0.0, 1.0085, 1.0320] = 456.2776, sampling [0.0, -1.5629, 1.7728]. Recommendation = [0.0, 1.0085, 1.0320], Current Cost = 81005.00, Rho = 0.117
(iter 27) [0.0, 1.0085, 1.0320] = 456.2776, sampling [0.0, -1.0135, 1.8200]. Recommendation = [0.0, 1.0085, 1.0320], Current Cost = 82005.00, Rho = 0.117
(iter 27) [0.0, 1.0085, 1.0320] = 456.2776, sampling [0.0, -1.6181, 1.8923]. Recommendation = [0.0, 1.0085, 1.0320], Current Cost = 83005.00, Rho = 0.117
(iter 27) [0.0, 1.0085, 1.0320] = 456.2776, sampling [0.0, 0.8487, 1.5061]. Recommendation = [0.0, 1.0085, 1.0320], Current Cost = 84005.00, Rho = 0.117
(iter 27) [0.0, 1.0085, 1.0320] = 456.2776, sampling [0.0, -1.7427, 1.5262]. Recommendation = [0.0, 1.0085, 1.0320], Current Cost = 85005.00, Rho = 0.117
(iter 27) [0.0, 1.0085, 1.0320] = 456.2776, sampling [0.0, -0.9749, 0.3765]. Recommendation = [0.0, 1.0085, 1.0320], Current Cost = 86005.00, Rho = 0.117
(iter 27) [0.0, 1.0085, 1.0320] = 456.2776, sampling [0.0, -0.7763, -0.0042]. Recommendation = [0.0, 1.0085, 1.0320], Current Cost = 87005.00, Rho = 0.117
(iter 27) [0.0, 1.0085, 1.0320] = 456.2776, sampling [0.0, -1.2126, 0.6855]. Recommendation = [0.0, 1.0085, 1.0320], Current Cost = 88005.00, Rho = 0.117
(iter 27) [0.0, 1.0085, 1.0320] = 456.2776, sampling [0.0, -0.6118, 1.1405]. Recommendation = [0.0, 1.0085, 1.0320], Current Cost = 89005.00, Rho = 0.117
(iter 27) [0.0, 1.0085, 1.0320] = 456.2776, sampling [0.0, -1.0356, -0.0733]. Recommendation = [0.0, 1.0085, 1.0320], Current Cost = 90005.00, Rho = 0.117
(iter 27) [0.0, 1.0085, 1.0320] = 456.2776, sampling [0.0, 0.2635, 1.2756]. Recommendation = [0.0, 1.0085, 1.0320], Current Cost = 91005.00, Rho = 0.117
(iter 27) [0.0, 1.0085, 1.0320] = 456.2776, sampling [0.0, -1.3149, 0.9207]. Recommendation = [0.0, 1.0085, 1.0320], Current Cost = 92005.00, Rho = 0.117
(iter 27) [0.0, 1.0085, 1.0320] = 456.2776, sampling [0.0, 1.4279, 0.2652]. Recommendation = [0.0, 1.0085, 1.0320], Current Cost = 93005.00, Rho = 0.117
(iter 27) [0.0, 1.0085, 1.0320] = 456.2776, sampling [0.0, -0.7589, 1.9426]. Recommendation = [0.0, 1.0085, 1.0320], Current Cost = 94005.00, Rho = 0.117
(iter 27) [0.0, 1.0085, 1.0320] = 456.2776, sampling [0.0, -0.5570, -0.7036]. Recommendation = [0.0, 1.0085, 1.0320], Current Cost = 95005.00, Rho = 0.117
(iter 27) [0.0, 1.0085, 1.0320] = 456.2776, sampling [0.0, -0.1737, -0.8572]. Recommendation = [0.0, 1.0085, 1.0320], Current Cost = 96005.00, Rho = 0.117
(iter 27) [0.0, 1.0085, 1.0320] = 456.2776, sampling [0.0, 0.6170, -0.5202]. Recommendation = [0.0, 1.0085, 1.0320], Current Cost = 97005.00, Rho = 0.117
(iter 27) [0.0, 1.0085, 1.0320] = 456.2776, sampling [0.0, 0.5358, 1.2540]. Recommendation = [0.0, 1.0085, 1.0320], Current Cost = 98005.00, Rho = 0.117
(iter 27) [0.0, 1.0085, 1.0320] = 456.2776, sampling [0.0, 1.5788, 1.4823]. Recommendation = [0.0, 1.0085, 1.0320], Current Cost = 99005.00, Rho = 0.117
