(iter 10) [0.0, 0.6126, 0.6716] = 447.3748, sampling [1.0, -0.2468, 0.5939]. Recommendation = [0.0, 0.6126, 0.6716], Current Cost = 5005.00, Rho = 1.000
(iter 10) [0.0, 0.6126, 0.6716] = 447.3748, sampling [1.0, -0.2187, 1.2603]. Recommendation = [0.0, 0.6126, 0.6716], Current Cost = 5006.00, Rho = 1.000
(iter 10) [0.0, 0.6126, 0.6716] = 447.3748, sampling [1.0, 0.1041, 0.5286]. Recommendation = [0.0, 0.6126, 0.6716], Current Cost = 5007.00, Rho = 1.000
(iter 10) [0.0, 0.6126, 0.6716] = 447.3748, sampling [1.0, -0.0977, 0.1120]. Recommendation = [0.0, 0.6126, 0.6716], Current Cost = 5008.00, Rho = 1.000
(iter 10) [0.0, 0.6126, 0.6716] = 447.3748, sampling [1.0, -0.6927, 0.9476]. Recommendation = [0.0, -0.0977, 0.1120], Current Cost = 5009.00, Rho = 1.000
(iter 10) [0.0, 0.6126, 0.6716] = 447.3748, sampling [1.0, -0.5137, 0.2989]. Recommendation = [0.0, -0.0977, 0.1120], Current Cost = 5010.00, Rho = 1.000
(iter 10) [0.0, 0.6126, 0.6716] = 447.3748, sampling [1.0, 0.3902, 0.8312]. Recommendation = [0.0, -0.3740, 0.1673], Current Cost = 5011.00, Rho = 1.000
(iter 10) [0.0, 0.6126, 0.6716] = 447.3748, sampling [1.0, -1.1591, 1.3325]. Recommendation = [0.0, -0.3740, 0.1673], Current Cost = 5012.00, Rho = 1.000
(iter 10) [0.0, 0.6126, 0.6716] = 447.3748, sampling [1.0, -0.6192, 1.1992]. Recommendation = [0.0, -0.3740, 0.1673], Current Cost = 5013.00, Rho = 1.000
(iter 10) [0.0, 0.6126, 0.6716] = 447.3748, sampling [1.0, 0.1748, 0.1837]. Recommendation = [0.0, -0.3740, 0.1673], Current Cost = 5014.00, Rho = 1.000
(iter 10) [0.0, 0.6126, 0.6716] = 447.3748, sampling [1.0, -0.3181, 0.3371]. Recommendation = [0.0, -0.3181, 0.3371], Current Cost = 5015.00, Rho = 1.000
(iter 10) [0.0, 0.6126, 0.6716] = 447.3748, sampling [1.0, -0.3512, 0.8433]. Recommendation = [0.0, -0.3740, 0.1673], Current Cost = 5016.00, Rho = 1.000
(iter 10) [0.0, 0.6126, 0.6716] = 447.3748, sampling [1.0, -0.8640, 0.7701]. Recommendation = [0.0, -0.3740, 0.1673], Current Cost = 5017.00, Rho = 1.000
(iter 10) [0.0, 0.6126, 0.6716] = 447.3748, sampling [1.0, -0.4516, 1.8785]. Recommendation = [0.0, -0.3740, 0.1673], Current Cost = 5018.00, Rho = 1.000
(iter 10) [0.0, 0.6126, 0.6716] = 447.3748, sampling [1.0, 0.3328, 0.6363]. Recommendation = [0.0, -0.3740, 0.1673], Current Cost = 5019.00, Rho = 1.000
(iter 10) [0.0, 0.6126, 0.6716] = 447.3748, sampling [1.0, -0.3740, 0.1673]. Recommendation = [0.0, -0.3740, 0.1673], Current Cost = 5020.00, Rho = 1.000
(iter 10) [0.0, 0.6126, 0.6716] = 447.3748, sampling [1.0, -1.3212, 0.8925]. Recommendation = [0.0, -0.3740, 0.1673], Current Cost = 5021.00, Rho = 1.000
(iter 10) [0.0, 0.6126, 0.6716] = 447.3748, sampling [1.0, -1.3623, 1.5224]. Recommendation = [0.0, -0.3740, 0.1673], Current Cost = 5022.00, Rho = 1.000
(iter 10) [0.0, 0.6126, 0.6716] = 447.3748, sampling [1.0, -1.3507, 1.2042]. Recommendation = [0.0, -0.3740, 0.1673], Current Cost = 5023.00, Rho = 1.000
(iter 10) [0.0, 0.6126, 0.6716] = 447.3748, sampling [1.0, 0.5059, 1.2910]. Recommendation = [0.0, -0.3740, 0.1673], Current Cost = 5024.00, Rho = 1.000
(iter 10) [0.0, 0.6126, 0.6716] = 447.3748, sampling [1.0, -0.5561, 0.8065]. Recommendation = [0.0, -0.3740, 0.1673], Current Cost = 5025.00, Rho = 1.000
(iter 10) [0.0, 0.6126, 0.6716] = 447.3748, sampling [1.0, 0.0589, 1.1161]. Recommendation = [0.0, -0.3740, 0.1673], Current Cost = 5026.00, Rho = 1.000
(iter 10) [0.0, 0.6126, 0.6716] = 447.3748, sampling [1.0, -0.7708, 0.2107]. Recommendation = [0.0, -0.3740, 0.1673], Current Cost = 5027.00, Rho = 1.000
(iter 10) [0.0, 0.6126, 0.6716] = 447.3748, sampling [1.0, -0.5397, 0.1305]. Recommendation = [0.0, -0.3740, 0.1673], Current Cost = 5028.00, Rho = 1.000
(iter 10) [0.0, 0.6126, 0.6716] = 447.3748, sampling [1.0, 0.5336, 0.0795]. Recommendation = [0.0, -0.3740, 0.1673], Current Cost = 5029.00, Rho = 1.000
(iter 10) [0.0, 0.6126, 0.6716] = 447.3748, sampling [1.0, 0.1330, -0.2079]. Recommendation = [0.0, 0.1813, 0.2713], Current Cost = 5030.00, Rho = 1.000
(iter 10) [0.0, 0.6126, 0.6716] = 447.3748, sampling [1.0, 0.8167, 0.4186]. Recommendation = [0.0, -0.0165, 0.0017], Current Cost = 5031.00, Rho = 1.000
(iter 10) [0.0, 0.6126, 0.6716] = 447.3748, sampling [1.0, 0.3085, 0.0191]. Recommendation = [0.0, -0.0165, 0.0017], Current Cost = 5032.00, Rho = 1.000
(iter 10) [0.0, 0.6126, 0.6716] = 447.3748, sampling [1.0, 1.0125, 1.0657]. Recommendation = [0.0, 0.2510, 0.0610], Current Cost = 5033.00, Rho = 1.000
(iter 10) [0.0, 0.6126, 0.6716] = 447.3748, sampling [1.0, 1.0838, 0.6924]. Recommendation = [0.0, 0.2510, 0.0610], Current Cost = 5034.00, Rho = 1.000
(iter 10) [0.0, 0.6126, 0.6716] = 447.3748, sampling [1.0, 0.6493, 1.0889]. Recommendation = [0.0, 0.2510, 0.0610], Current Cost = 5035.00, Rho = 1.000
(iter 10) [0.0, 0.6126, 0.6716] = 447.3748, sampling [1.0, -0.0165, 0.0017]. Recommendation = [0.0, 0.2510, 0.0610], Current Cost = 5036.00, Rho = 1.000
(iter 10) [0.0, 0.6126, 0.6716] = 447.3748, sampling [1.0, 1.1140, 1.4686]. Recommendation = [0.0, 0.2510, 0.0610], Current Cost = 5037.00, Rho = 1.000
(iter 10) [0.0, 0.6126, 0.6716] = 447.3748, sampling [1.0, 0.9070, 1.3135]. Recommendation = [0.0, 0.2510, 0.0610], Current Cost = 5038.00, Rho = 1.000
(iter 10) [0.0, 0.6126, 0.6716] = 447.3748, sampling [1.0, 1.6685, 1.0871]. Recommendation = [0.0, 0.2510, 0.0610], Current Cost = 5039.00, Rho = 1.000
(iter 10) [0.0, 0.6126, 0.6716] = 447.3748, sampling [1.0, 0.8092, 1.9806]. Recommendation = [0.0, 0.2510, 0.0610], Current Cost = 5040.00, Rho = 1.000
(iter 10) [0.0, 0.6126, 0.6716] = 447.3748, sampling [1.0, 0.9225, 0.1974]. Recommendation = [0.0, 0.2510, 0.0610], Current Cost = 5041.00, Rho = 1.000
(iter 10) [0.0, 0.6126, 0.6716] = 447.3748, sampling [1.0, 0.7464, 0.5182]. Recommendation = [0.0, 0.2510, 0.0610], Current Cost = 5042.00, Rho = 1.000
(iter 10) [0.0, 0.6126, 0.6716] = 447.3748, sampling [1.0, 0.7161, 1.5540]. Recommendation = [0.0, 0.2510, 0.0610], Current Cost = 5043.00, Rho = 1.000
(iter 10) [0.0, 0.6126, 0.6716] = 447.3748, sampling [1.0, 1.0563, 1.2421]. Recommendation = [0.0, 0.2510, 0.0610], Current Cost = 5044.00, Rho = 1.000
(iter 10) [0.0, 0.6126, 0.6716] = 447.3748, sampling [1.0, -1.7878, 1.6066]. Recommendation = [0.0, 0.2510, 0.0610], Current Cost = 5045.00, Rho = 1.000
(iter 10) [0.0, 0.6126, 0.6716] = 447.3748, sampling [1.0, 0.9981, 0.5536]. Recommendation = [0.0, 0.2510, 0.0610], Current Cost = 5046.00, Rho = 1.000
(iter 10) [0.0, 0.6126, 0.6716] = 447.3748, sampling [1.0, 1.4758, 1.7428]. Recommendation = [0.0, 0.2510, 0.0610], Current Cost = 5047.00, Rho = 1.000
(iter 10) [0.0, 0.6126, 0.6716] = 447.3748, sampling [1.0, 1.1038, 1.7650]. Recommendation = [0.0, 0.2510, 0.0610], Current Cost = 5048.00, Rho = 1.000
(iter 10) [0.0, 0.6126, 0.6716] = 447.3748, sampling [1.0, 1.4361, 1.5951]. Recommendation = [0.0, 0.2510, 0.0610], Current Cost = 5049.00, Rho = 1.000
(iter 10) [0.0, 0.6126, 0.6716] = 447.3748, sampling [1.0, 1.7766, 1.9251]. Recommendation = [0.0, 0.2510, 0.0610], Current Cost = 5050.00, Rho = 1.000
(iter 10) [0.0, 0.6126, 0.6716] = 447.3748, sampling [1.0, -1.0215, 1.9986]. Recommendation = [0.0, 0.2510, 0.0610], Current Cost = 5051.00, Rho = 1.000
(iter 10) [0.0, 0.6126, 0.6716] = 447.3748, sampling [1.0, -0.0923, -0.4499]. Recommendation = [0.0, 0.2510, 0.0610], Current Cost = 5052.00, Rho = 1.000
(iter 10) [0.0, 0.6126, 0.6716] = 447.3748, sampling [1.0, 0.2833, -0.3359]. Recommendation = [0.0, 0.2510, 0.0610], Current Cost = 5053.00, Rho = 1.000
(iter 10) [0.0, 0.6126, 0.6716] = 447.3748, sampling [1.0, 0.2956, -0.1035]. Recommendation = [0.0, 0.2510, 0.0610], Current Cost = 5054.00, Rho = 1.000
(iter 10) [0.0, 0.6126, 0.6716] = 447.3748, sampling [1.0, 0.7920, -0.2150]. Recommendation = [0.0, 0.2510, 0.0610], Current Cost = 5055.00, Rho = 1.000
(iter 10) [0.0, 0.6126, 0.6716] = 447.3748, sampling [1.0, 1.2126, 0.4640]. Recommendation = [0.0, 0.2510, 0.0610], Current Cost = 5056.00, Rho = 1.000
(iter 10) [0.0, 0.6126, 0.6716] = 447.3748, sampling [1.0, -0.3210, -0.4278]. Recommendation = [0.0, 0.2510, 0.0610], Current Cost = 5057.00, Rho = 1.000
(iter 10) [0.0, 0.6126, 0.6716] = 447.3748, sampling [1.0, -1.2072, 0.6545]. Recommendation = [0.0, 0.2510, 0.0610], Current Cost = 5058.00, Rho = 1.000
(iter 10) [0.0, 0.6126, 0.6716] = 447.3748, sampling [1.0, 0.1813, 0.2713]. Recommendation = [0.0, 0.2510, 0.0610], Current Cost = 5059.00, Rho = 1.000
(iter 10) [0.0, 0.6126, 0.6716] = 447.3748, sampling [1.0, 1.3025, 0.7859]. Recommendation = [0.0, 0.2510, 0.0610], Current Cost = 5060.00, Rho = 1.000
(iter 10) [0.0, 0.6126, 0.6716] = 447.3748, sampling [1.0, 0.1166, -0.5598]. Recommendation = [0.0, 0.2510, 0.0610], Current Cost = 5061.00, Rho = 1.000
(iter 10) [0.0, 0.6126, 0.6716] = 447.3748, sampling [1.0, 1.1905, 1.4833]. Recommendation = [0.0, 0.7464, 0.5182], Current Cost = 5062.00, Rho = 1.000
(iter 10) [0.0, 0.6126, 0.6716] = 447.3748, sampling [1.0, -1.3039, 1.4426]. Recommendation = [0.0, 0.7464, 0.5182], Current Cost = 5063.00, Rho = 1.000
(iter 10) [0.0, 0.6126, 0.6716] = 447.3748, sampling [1.0, 0.3766, 1.7805]. Recommendation = [0.0, 0.7464, 0.5182], Current Cost = 5064.00, Rho = 1.000
(iter 10) [0.0, 0.6126, 0.6716] = 447.3748, sampling [1.0, 0.7531, 1.1792]. Recommendation = [0.0, 0.7464, 0.5182], Current Cost = 5065.00, Rho = 1.000
(iter 10) [0.0, 0.6126, 0.6716] = 447.3748, sampling [1.0, 0.4951, 1.0026]. Recommendation = [0.0, 0.7464, 0.5182], Current Cost = 5066.00, Rho = 1.000
(iter 10) [0.0, 0.6126, 0.6716] = 447.3748, sampling [1.0, -0.7128, -0.2645]. Recommendation = [0.0, 0.7464, 0.5182], Current Cost = 5067.00, Rho = 1.000
(iter 10) [0.0, 0.6126, 0.6716] = 447.3748, sampling [1.0, -1.1243, 0.3792]. Recommendation = [0.0, 0.7464, 0.5182], Current Cost = 5068.00, Rho = 1.000
(iter 10) [0.0, 0.6126, 0.6716] = 447.3748, sampling [1.0, 0.9475, 0.0385]. Recommendation = [0.0, 0.7464, 0.5182], Current Cost = 5069.00, Rho = 1.000
(iter 10) [0.0, 0.6126, 0.6716] = 447.3748, sampling [1.0, 0.7020, 0.5882]. Recommendation = [0.0, 0.7464, 0.5182], Current Cost = 5070.00, Rho = 1.000
(iter 10) [0.0, 0.6126, 0.6716] = 447.3748, sampling [1.0, 0.2510, 0.0610]. Recommendation = [0.0, 0.7464, 0.5182], Current Cost = 5071.00, Rho = 1.000
(iter 10) [0.0, 0.6126, 0.6716] = 447.3748, sampling [1.0, 0.8893, 0.3229]. Recommendation = [0.0, 0.7464, 0.5182], Current Cost = 5072.00, Rho = 1.000
(iter 10) [0.0, 0.6126, 0.6716] = 447.3748, sampling [1.0, -0.7309, 0.8684]. Recommendation = [0.0, 0.7464, 0.5182], Current Cost = 5073.00, Rho = 1.000
(iter 10) [0.0, 0.6126, 0.6716] = 447.3748, sampling [1.0, -0.2359, 0.9787]. Recommendation = [0.0, 0.7464, 0.5182], Current Cost = 5074.00, Rho = 1.000
(iter 10) [0.0, 0.6126, 0.6716] = 447.3748, sampling [1.0, -0.4903, 1.4125]. Recommendation = [0.0, 0.7464, 0.5182], Current Cost = 5075.00, Rho = 1.000
(iter 10) [0.0, 0.6126, 0.6716] = 447.3748, sampling [1.0, -0.5721, 1.0200]. Recommendation = [0.0, 0.7464, 0.5182], Current Cost = 5076.00, Rho = 1.000
(iter 10) [0.0, 0.6126, 0.6716] = 447.3748, sampling [1.0, -1.5340, 1.1258]. Recommendation = [0.0, 0.7464, 0.5182], Current Cost = 5077.00, Rho = 1.000
(iter 10) [0.0, 0.6126, 0.6716] = 447.3748, sampling [1.0, 1.8323, 1.5741]. Recommendation = [0.0, 0.7464, 0.5182], Current Cost = 5078.00, Rho = 1.000
(iter 10) [0.0, 0.6126, 0.6716] = 447.3748, sampling [1.0, -0.8440, 0.2516]. Recommendation = [0.0, 0.7464, 0.5182], Current Cost = 5079.00, Rho = 1.000
(iter 10) [0.0, 0.6126, 0.6716] = 447.3748, sampling [1.0, -0.5764, -0.5915]. Recommendation = [0.0, 0.7464, 0.5182], Current Cost = 5080.00, Rho = 1.000
(iter 10) [0.0, 0.6126, 0.6716] = 447.3748, sampling [1.0, -0.1648, -0.9168]. Recommendation = [0.0, 0.7464, 0.5182], Current Cost = 5081.00, Rho = 1.000
(iter 10) [0.0, 0.6126, 0.6716] = 447.3748, sampling [1.0, 0.5632, -0.5962]. Recommendation = [0.0, 0.7464, 0.5182], Current Cost = 5082.00, Rho = 1.000
(iter 10) [0.0, 0.6126, 0.6716] = 447.3748, sampling [1.0, -0.9325, -0.0280]. Recommendation = [0.0, 0.7464, 0.5182], Current Cost = 5083.00, Rho = 1.000
(iter 10) [0.0, 0.6126, 0.6716] = 447.3748, sampling [1.0, 1.0532, 1.1613]. Recommendation = [0.0, 0.7464, 0.5182], Current Cost = 5084.00, Rho = 1.000
(iter 10) [0.0, 0.6126, 0.6716] = 447.3748, sampling [1.0, 1.2658, 0.1154]. Recommendation = [0.0, 0.7464, 0.5182], Current Cost = 5085.00, Rho = 1.000
(iter 10) [0.0, 0.6126, 0.6716] = 447.3748, sampling [1.0, -0.0355, 0.0811]. Recommendation = [0.0, 0.7464, 0.5182], Current Cost = 5086.00, Rho = 1.000
(iter 10) [0.0, 0.6126, 0.6716] = 447.3748, sampling [1.0, 0.2197, -1.0303]. Recommendation = [0.0, 0.7464, 0.5182], Current Cost = 5087.00, Rho = 1.000
(iter 10) [0.0, 0.6126, 0.6716] = 447.3748, sampling [1.0, 0.4578, -0.7861]. Recommendation = [0.0, 0.7464, 0.5182], Current Cost = 5088.00, Rho = 1.000
(iter 10) [0.0, 0.6126, 0.6716] = 447.3748, sampling [1.0, -0.0005, -0.9773]. Recommendation = [0.0, 0.7464, 0.5182], Current Cost = 5089.00, Rho = 1.000
(iter 10) [0.0, 0.6126, 0.6716] = 447.3748, sampling [1.0, 0.8326, -0.4054]. Recommendation = [0.0, 0.7464, 0.5182], Current Cost = 5090.00, Rho = 1.000
(iter 10) [0.0, 0.6126, 0.6716] = 447.3748, sampling [1.0, -0.6517, -1.1223]. Recommendation = [0.0, 0.7464, 0.5182], Current Cost = 5091.00, Rho = 1.000
(iter 10) [0.0, 0.6126, 0.6716] = 447.3748, sampling [1.0, 0.2570, 1.4350]. Recommendation = [0.0, 0.7464, 0.5182], Current Cost = 5092.00, Rho = 1.000
(iter 10) [0.0, 0.6126, 0.6716] = 447.3748, sampling [1.0, -0.4335, 1.1487]. Recommendation = [0.0, 0.7464, 0.5182], Current Cost = 5093.00, Rho = 1.000
(iter 10) [0.0, 0.6126, 0.6716] = 447.3748, sampling [1.0, 1.6409, 0.4487]. Recommendation = [0.0, 0.7464, 0.5182], Current Cost = 5094.00, Rho = 1.000
(iter 10) [0.0, 0.6126, 0.6716] = 447.3748, sampling [1.0, -1.4932, 0.7444]. Recommendation = [0.0, 0.7464, 0.5182], Current Cost = 5095.00, Rho = 1.000
(iter 10) [0.0, 0.6126, 0.6716] = 447.3748, sampling [1.0, -1.1979, 0.7345]. Recommendation = [0.0, 0.7464, 0.5182], Current Cost = 5096.00, Rho = 1.000
(iter 10) [0.0, 0.6126, 0.6716] = 447.3748, sampling [1.0, -0.8180, -0.4659]. Recommendation = [0.0, 0.7464, 0.5182], Current Cost = 5097.00, Rho = 1.000
(iter 10) [0.0, 0.6126, 0.6716] = 447.3748, sampling [1.0, -1.8769, 1.9403]. Recommendation = [0.0, 0.7464, 0.5182], Current Cost = 5098.00, Rho = 1.000
(iter 10) [0.0, 0.6126, 0.6716] = 447.3748, sampling [1.0, -0.2752, -1.3165]. Recommendation = [0.0, 0.7464, 0.5182], Current Cost = 5099.00, Rho = 1.000
(iter 10) [0.0, 0.6126, 0.6716] = 447.3748, sampling [1.0, 1.0273, -0.1498]. Recommendation = [0.0, 0.7464, 0.5182], Current Cost = 5100.00, Rho = 1.000
(iter 10) [0.0, 0.6126, 0.6716] = 447.3748, sampling [1.0, -0.6388, 0.9108]. Recommendation = [0.0, 0.7464, 0.5182], Current Cost = 5101.00, Rho = 1.000
(iter 10) [0.0, 0.6126, 0.6716] = 447.3748, sampling [1.0, 0.6657, -0.5208]. Recommendation = [0.0, 0.7464, 0.5182], Current Cost = 5102.00, Rho = 1.000
(iter 10) [0.0, 0.6126, 0.6716] = 447.3748, sampling [1.0, -0.1817, -1.1102]. Recommendation = [0.0, 0.7464, 0.5182], Current Cost = 5103.00, Rho = 1.000
(iter 10) [0.0, 0.6126, 0.6716] = 447.3748, sampling [1.0, -0.6809, -0.8593]. Recommendation = [0.0, 0.7464, 0.5182], Current Cost = 5104.00, Rho = 1.000
(iter 10) [0.0, 0.6126, 0.6716] = 447.3748, sampling [1.0, -0.0688, 1.6794]. Recommendation = [0.0, 0.7464, 0.5182], Current Cost = 5105.00, Rho = 1.000
(iter 10) [0.0, 0.6126, 0.6716] = 447.3748, sampling [1.0, -1.9693, 1.0340]. Recommendation = [0.0, 0.7464, 0.5182], Current Cost = 5106.00, Rho = 1.000
(iter 10) [0.0, 0.6126, 0.6716] = 447.3748, sampling [1.0, 0.5560, 1.4067]. Recommendation = [0.0, 0.7464, 0.5182], Current Cost = 5107.00, Rho = 1.000
(iter 10) [0.0, 0.6126, 0.6716] = 447.3748, sampling [1.0, 0.0261, -1.2655]. Recommendation = [0.0, 0.7464, 0.5182], Current Cost = 5108.00, Rho = 1.000
(iter 10) [0.0, 0.6126, 0.6716] = 447.3748, sampling [1.0, -0.6635, -1.8057]. Recommendation = [0.0, 0.7464, 0.5182], Current Cost = 5109.00, Rho = 1.000
(iter 10) [0.0, 0.6126, 0.6716] = 447.3748, sampling [1.0, 0.7282, -0.6870]. Recommendation = [0.0, 0.7464, 0.5182], Current Cost = 5110.00, Rho = 1.000
(iter 10) [0.0, 0.6126, 0.6716] = 447.3748, sampling [1.0, 0.4074, -1.0925]. Recommendation = [0.0, 0.7464, 0.5182], Current Cost = 5111.00, Rho = 1.000
(iter 10) [0.0, 0.6126, 0.6716] = 447.3748, sampling [1.0, 0.6331, 1.8299]. Recommendation = [0.0, 0.7464, 0.5182], Current Cost = 5112.00, Rho = 1.000
(iter 10) [0.0, 0.6126, 0.6716] = 447.3748, sampling [1.0, 1.1827, 0.2380]. Recommendation = [0.0, 0.7464, 0.5182], Current Cost = 5113.00, Rho = 1.000
(iter 10) [0.0, 0.6126, 0.6716] = 447.3748, sampling [1.0, -0.7610, -0.3805]. Recommendation = [0.0, 0.7464, 0.5182], Current Cost = 5114.00, Rho = 1.000
(iter 10) [0.0, 0.6126, 0.6716] = 447.3748, sampling [1.0, 1.3486, 0.6142]. Recommendation = [0.0, 0.7464, 0.5182], Current Cost = 5115.00, Rho = 1.000
(iter 10) [0.0, 0.6126, 0.6716] = 447.3748, sampling [1.0, 0.0801, 1.2310]. Recommendation = [0.0, 0.7464, 0.5182], Current Cost = 5116.00, Rho = 1.000
(iter 10) [0.0, 0.6126, 0.6716] = 447.3748, sampling [1.0, -0.7865, -0.6091]. Recommendation = [0.0, 0.7464, 0.5182], Current Cost = 5117.00, Rho = 1.000
(iter 10) [0.0, 0.6126, 0.6716] = 447.3748, sampling [1.0, 1.2218, -0.3135]. Recommendation = [0.0, 0.7464, 0.5182], Current Cost = 5118.00, Rho = 1.000
(iter 10) [0.0, 0.6126, 0.6716] = 447.3748, sampling [1.0, 1.7168, 1.8402]. Recommendation = [0.0, 0.7464, 0.5182], Current Cost = 5119.00, Rho = 1.000
(iter 10) [0.0, 0.6126, 0.6716] = 447.3748, sampling [1.0, -1.0310, -0.3393]. Recommendation = [0.0, 0.7464, 0.5182], Current Cost = 5120.00, Rho = 1.000
(iter 10) [0.0, 0.6126, 0.6716] = 447.3748, sampling [1.0, 0.1569, -1.5031]. Recommendation = [0.0, 0.7464, 0.5182], Current Cost = 5121.00, Rho = 1.000
(iter 10) [0.0, 0.6126, 0.6716] = 447.3748, sampling [1.0, -0.1328, 1.3494]. Recommendation = [0.0, 0.7464, 0.5182], Current Cost = 5122.00, Rho = 1.000
(iter 10) [0.0, 0.6126, 0.6716] = 447.3748, sampling [1.0, 1.9680, 1.8129]. Recommendation = [0.0, 0.7464, 0.5182], Current Cost = 5123.00, Rho = 1.000
(iter 10) [0.0, 0.6126, 0.6716] = 447.3748, sampling [1.0, -1.2535, -0.0024]. Recommendation = [0.0, 0.7464, 0.5182], Current Cost = 5124.00, Rho = 1.000
(iter 10) [0.0, 0.6126, 0.6716] = 447.3748, sampling [1.0, -0.9829, -1.0221]. Recommendation = [0.0, 0.7464, 0.5182], Current Cost = 5125.00, Rho = 1.000
(iter 10) [0.0, 0.6126, 0.6716] = 447.3748, sampling [1.0, 0.9778, -0.6929]. Recommendation = [0.0, 0.7464, 0.5182], Current Cost = 5126.00, Rho = 1.000
(iter 10) [0.0, 0.6126, 0.6716] = 447.3748, sampling [1.0, -0.2694, -1.5774]. Recommendation = [0.0, 0.7464, 0.5182], Current Cost = 5127.00, Rho = 1.000
(iter 10) [0.0, 0.6126, 0.6716] = 447.3748, sampling [1.0, -0.5023, -1.2926]. Recommendation = [0.0, 0.7464, 0.5182], Current Cost = 5128.00, Rho = 1.000
(iter 10) [0.0, 0.6126, 0.6716] = 447.3748, sampling [1.0, 0.4435, 1.3734]. Recommendation = [0.0, 0.7464, 0.5182], Current Cost = 5129.00, Rho = 1.000
(iter 10) [0.0, 0.6126, 0.6716] = 447.3748, sampling [1.0, 1.5410, 0.7649]. Recommendation = [0.0, 0.7464, 0.5182], Current Cost = 5130.00, Rho = 1.000
(iter 10) [0.0, 0.6126, 0.6716] = 447.3748, sampling [1.0, -0.0573, -1.3634]. Recommendation = [0.0, 0.7464, 0.5182], Current Cost = 5131.00, Rho = 1.000
(iter 10) [0.0, 0.6126, 0.6716] = 447.3748, sampling [1.0, 1.1625, -0.0515]. Recommendation = [0.0, 0.7464, 0.5182], Current Cost = 5132.00, Rho = 1.000
(iter 10) [0.0, 0.6126, 0.6716] = 447.3748, sampling [1.0, -1.5093, -1.9268]. Recommendation = [0.0, 0.7464, 0.5182], Current Cost = 5133.00, Rho = 1.000
(iter 10) [0.0, 0.6126, 0.6716] = 447.3748, sampling [1.0, 1.7360, 1.3001]. Recommendation = [0.0, 0.7464, 0.5182], Current Cost = 5134.00, Rho = 1.000
(iter 10) [0.0, 0.6126, 0.6716] = 447.3748, sampling [1.0, -1.0940, -0.1898]. Recommendation = [0.0, 0.7464, 0.5182], Current Cost = 5135.00, Rho = 1.000
(iter 10) [0.0, 0.6126, 0.6716] = 447.3748, sampling [1.0, 0.7754, -1.1435]. Recommendation = [0.0, 0.7464, 0.5182], Current Cost = 5136.00, Rho = 1.000
(iter 10) [0.0, 0.6126, 0.6716] = 447.3748, sampling [1.0, 0.4308, -1.2088]. Recommendation = [0.0, 0.7464, 0.5182], Current Cost = 5137.00, Rho = 1.000
(iter 10) [0.0, 0.6126, 0.6716] = 447.3748, sampling [1.0, -1.7069, 1.4954]. Recommendation = [0.0, 0.7464, 0.5182], Current Cost = 5138.00, Rho = 1.000
(iter 10) [0.0, 0.6126, 0.6716] = 447.3748, sampling [1.0, 1.7043, 1.9052]. Recommendation = [0.0, 0.7464, 0.5182], Current Cost = 5139.00, Rho = 1.000
(iter 10) [0.0, 0.6126, 0.6716] = 447.3748, sampling [1.0, 0.0684, -1.9543]. Recommendation = [0.0, 0.7464, 0.5182], Current Cost = 5140.00, Rho = 1.000
(iter 10) [0.0, 0.6126, 0.6716] = 447.3748, sampling [1.0, 0.6847, -0.5738]. Recommendation = [0.0, 0.7464, 0.5182], Current Cost = 5141.00, Rho = 1.000
(iter 10) [0.0, 0.6126, 0.6716] = 447.3748, sampling [1.0, -1.5889, 0.5020]. Recommendation = [0.0, 0.7464, 0.5182], Current Cost = 5142.00, Rho = 1.000
(iter 10) [0.0, 0.6126, 0.6716] = 447.3748, sampling [1.0, -0.8977, -0.4384]. Recommendation = [0.0, 0.7464, 0.5182], Current Cost = 5143.00, Rho = 1.000
(iter 10) [0.0, 0.6126, 0.6716] = 447.3748, sampling [1.0, 1.7457, -0.2273]. Recommendation = [0.0, 0.7464, 0.5182], Current Cost = 5144.00, Rho = 1.000
(iter 10) [0.0, 0.6126, 0.6716] = 447.3748, sampling [1.0, 0.4790, 1.7087]. Recommendation = [0.0, 0.7464, 0.5182], Current Cost = 5145.00, Rho = 1.000
(iter 10) [0.0, 0.6126, 0.6716] = 447.3748, sampling [1.0, 0.3438, 1.3890]. Recommendation = [0.0, 0.7464, 0.5182], Current Cost = 5146.00, Rho = 1.000
(iter 10) [0.0, 0.6126, 0.6716] = 447.3748, sampling [1.0, 0.5194, 1.8898]. Recommendation = [0.0, 0.7464, 0.5182], Current Cost = 5147.00, Rho = 1.000
(iter 10) [0.0, 0.6126, 0.6716] = 447.3748, sampling [1.0, -1.9926, 1.8008]. Recommendation = [0.0, 0.7464, 0.5182], Current Cost = 5148.00, Rho = 1.000
(iter 10) [0.0, 0.6126, 0.6716] = 447.3748, sampling [1.0, 1.9100, 0.9728]. Recommendation = [0.0, 0.7464, 0.5182], Current Cost = 5149.00, Rho = 1.000
(iter 10) [0.0, 0.6126, 0.6716] = 447.3748, sampling [1.0, 0.3567, -1.1599]. Recommendation = [0.0, 0.7464, 0.5182], Current Cost = 5150.00, Rho = 1.000
(iter 10) [0.0, 0.6126, 0.6716] = 447.3748, sampling [1.0, 1.4037, 0.3143]. Recommendation = [0.0, 0.7464, 0.5182], Current Cost = 5151.00, Rho = 1.000
(iter 10) [0.0, 0.6126, 0.6716] = 447.3748, sampling [1.0, -0.4664, -1.5282]. Recommendation = [0.0, 0.7464, 0.5182], Current Cost = 5152.00, Rho = 1.000
(iter 10) [0.0, 0.6126, 0.6716] = 447.3748, sampling [1.0, -0.2040, -1.3780]. Recommendation = [0.0, 0.7464, 0.5182], Current Cost = 5153.00, Rho = 1.000
(iter 10) [0.0, 0.6126, 0.6716] = 447.3748, sampling [1.0, -0.7403, -0.9057]. Recommendation = [0.0, 0.7464, 0.5182], Current Cost = 5154.00, Rho = 1.000
(iter 10) [0.0, 0.6126, 0.6716] = 447.3748, sampling [1.0, 0.0342, 1.6845]. Recommendation = [0.0, 0.7464, 0.5182], Current Cost = 5155.00, Rho = 1.000
(iter 10) [0.0, 0.6126, 0.6716] = 447.3748, sampling [1.0, 0.5840, 1.7557]. Recommendation = [0.0, 0.7464, 0.5182], Current Cost = 5156.00, Rho = 1.000
(iter 10) [0.0, 0.6126, 0.6716] = 447.3748, sampling [1.0, -0.4245, 1.9666]. Recommendation = [0.0, 0.7464, 0.5182], Current Cost = 5157.00, Rho = 1.000
(iter 10) [0.0, 0.6126, 0.6716] = 447.3748, sampling [1.0, -0.1232, -1.9913]. Recommendation = [0.0, 0.7464, 0.5182], Current Cost = 5158.00, Rho = 1.000
(iter 10) [0.0, 0.6126, 0.6716] = 447.3748, sampling [1.0, 0.2292, -1.8504]. Recommendation = [0.0, 0.7464, 0.5182], Current Cost = 5159.00, Rho = 1.000
(iter 10) [0.0, 0.6126, 0.6716] = 447.3748, sampling [1.0, -0.2916, -1.4366]. Recommendation = [0.0, 0.7464, 0.5182], Current Cost = 5160.00, Rho = 1.000
(iter 10) [0.0, 0.6126, 0.6716] = 447.3748, sampling [1.0, -0.1500, 1.7197]. Recommendation = [0.0, 0.7464, 0.5182], Current Cost = 5161.00, Rho = 1.000
(iter 10) [0.0, 0.6126, 0.6716] = 447.3748, sampling [1.0, 0.6037, -1.8129]. Recommendation = [0.0, 0.7464, 0.5182], Current Cost = 5162.00, Rho = 1.000
(iter 10) [0.0, 0.6126, 0.6716] = 447.3748, sampling [1.0, 1.2423, -0.6385]. Recommendation = [0.0, 0.7464, 0.5182], Current Cost = 5163.00, Rho = 1.000
(iter 10) [0.0, 0.6126, 0.6716] = 447.3748, sampling [1.0, 1.1410, -0.2889]. Recommendation = [0.0, 0.7464, 0.5182], Current Cost = 5164.00, Rho = 1.000
(iter 10) [0.0, 0.6126, 0.6716] = 447.3748, sampling [1.0, 0.1967, -1.4625]. Recommendation = [0.0, 0.7464, 0.5182], Current Cost = 5165.00, Rho = 1.000
(iter 10) [0.0, 0.6126, 0.6716] = 447.3748, sampling [1.0, -0.6031, -1.4863]. Recommendation = [0.0, 0.7464, 0.5182], Current Cost = 5166.00, Rho = 1.000
(iter 10) [0.0, 0.6126, 0.6716] = 447.3748, sampling [1.0, -1.2223, -0.8030]. Recommendation = [0.0, 0.7464, 0.5182], Current Cost = 5167.00, Rho = 1.000
(iter 10) [0.0, 0.6126, 0.6716] = 447.3748, sampling [1.0, -1.1041, -0.2745]. Recommendation = [0.0, 0.7464, 0.5182], Current Cost = 5168.00, Rho = 1.000
(iter 10) [0.0, 0.6126, 0.6716] = 447.3748, sampling [1.0, -0.4101, -1.6518]. Recommendation = [0.0, 0.7464, 0.5182], Current Cost = 5169.00, Rho = 1.000
(iter 10) [0.0, 0.6126, 0.6716] = 447.3748, sampling [1.0, -1.2831, -0.1294]. Recommendation = [0.0, 0.7464, 0.5182], Current Cost = 5170.00, Rho = 1.000
(iter 10) [0.0, 0.6126, 0.6716] = 447.3748, sampling [1.0, 0.8796, -1.3334]. Recommendation = [0.0, 0.7464, 0.5182], Current Cost = 5171.00, Rho = 1.000
(iter 10) [0.0, 0.6126, 0.6716] = 447.3748, sampling [1.0, -1.7201, 0.9151]. Recommendation = [0.0, 0.7464, 0.5182], Current Cost = 5172.00, Rho = 1.000
(iter 10) [0.0, 0.6126, 0.6716] = 447.3748, sampling [1.0, -0.8549, -1.4203]. Recommendation = [0.0, 0.7464, 0.5182], Current Cost = 5173.00, Rho = 1.000
(iter 10) [0.0, 0.6126, 0.6716] = 447.3748, sampling [1.0, -0.3672, 1.8686]. Recommendation = [0.0, 0.7464, 0.5182], Current Cost = 5174.00, Rho = 1.000
(iter 10) [0.0, 0.6126, 0.6716] = 447.3748, sampling [1.0, -1.9129, 0.1469]. Recommendation = [0.0, 0.7464, 0.5182], Current Cost = 5175.00, Rho = 1.000
(iter 10) [0.0, 0.6126, 0.6716] = 447.3748, sampling [1.0, 1.9496, 1.5104]. Recommendation = [0.0, 0.7464, 0.5182], Current Cost = 5176.00, Rho = 1.000
(iter 10) [0.0, 0.6126, 0.6716] = 447.3748, sampling [1.0, 0.0097, 1.6223]. Recommendation = [0.0, 0.7464, 0.5182], Current Cost = 5177.00, Rho = 1.000
(iter 10) [0.0, 0.6126, 0.6716] = 447.3748, sampling [1.0, 1.2557, -1.0686]. Recommendation = [0.0, 0.7464, 0.5182], Current Cost = 5178.00, Rho = 1.000
(iter 10) [0.0, 0.6126, 0.6716] = 447.3748, sampling [1.0, -1.9274, 1.6447]. Recommendation = [0.0, 0.7464, 0.5182], Current Cost = 5179.00, Rho = 1.000
(iter 10) [0.0, 0.6126, 0.6716] = 447.3748, sampling [1.0, -1.7307, 1.5378]. Recommendation = [0.0, 0.7464, 0.5182], Current Cost = 5180.00, Rho = 1.000
(iter 10) [0.0, 0.6126, 0.6716] = 447.3748, sampling [1.0, -0.9575, -1.2493]. Recommendation = [0.0, 0.7464, 0.5182], Current Cost = 5181.00, Rho = 1.000
(iter 10) [0.0, 0.6126, 0.6716] = 447.3748, sampling [1.0, -1.5405, 0.5722]. Recommendation = [0.0, 0.7464, 0.5182], Current Cost = 5182.00, Rho = 1.000
(iter 10) [0.0, 0.6126, 0.6716] = 447.3748, sampling [1.0, 1.7712, 0.6875]. Recommendation = [0.0, 0.7464, 0.5182], Current Cost = 5183.00, Rho = 1.000
(iter 10) [0.0, 0.6126, 0.6716] = 447.3748, sampling [1.0, 1.4499, 0.3614]. Recommendation = [0.0, 0.7464, 0.5182], Current Cost = 5184.00, Rho = 1.000
(iter 10) [0.0, 0.6126, 0.6716] = 447.3748, sampling [1.0, 1.4960, -0.0386]. Recommendation = [0.0, 0.7464, 0.5182], Current Cost = 5185.00, Rho = 1.000
(iter 10) [0.0, 0.6126, 0.6716] = 447.3748, sampling [1.0, 0.8588, -1.1686]. Recommendation = [0.0, 0.7464, 0.5182], Current Cost = 5186.00, Rho = 1.000
(iter 10) [0.0, 0.6126, 0.6716] = 447.3748, sampling [1.0, 1.8610, 1.2719]. Recommendation = [0.0, 0.7464, 0.5182], Current Cost = 5187.00, Rho = 1.000
(iter 10) [0.0, 0.6126, 0.6716] = 447.3748, sampling [1.0, 1.5676, 0.7126]. Recommendation = [0.0, 0.7464, 0.5182], Current Cost = 5188.00, Rho = 1.000
(iter 10) [0.0, 0.6126, 0.6716] = 447.3748, sampling [1.0, -1.3825, -0.4915]. Recommendation = [0.0, 0.7464, 0.5182], Current Cost = 5189.00, Rho = 1.000
(iter 10) [0.0, 0.6126, 0.6716] = 447.3748, sampling [1.0, 1.9313, 0.4023]. Recommendation = [0.0, 0.7464, 0.5182], Current Cost = 5190.00, Rho = 1.000
(iter 10) [0.0, 0.6126, 0.6716] = 447.3748, sampling [1.0, -0.8149, -1.6329]. Recommendation = [0.0, 0.7464, 0.5182], Current Cost = 5191.00, Rho = 1.000
(iter 10) [0.0, 0.6126, 0.6716] = 447.3748, sampling [1.0, 1.3804, -0.5316]. Recommendation = [0.0, 0.7464, 0.5182], Current Cost = 5192.00, Rho = 1.000
(iter 10) [0.0, 0.6126, 0.6716] = 447.3748, sampling [1.0, -1.1833, -1.2171]. Recommendation = [0.0, 0.7464, 0.5182], Current Cost = 5193.00, Rho = 1.000
(iter 10) [0.0, 0.6126, 0.6716] = 447.3748, sampling [1.0, 1.8955, -0.8262]. Recommendation = [0.0, 0.7464, 0.5182], Current Cost = 5194.00, Rho = 1.000
(iter 10) [0.0, 0.6126, 0.6716] = 447.3748, sampling [1.0, 0.9420, -1.7545]. Recommendation = [0.0, 0.7464, 0.5182], Current Cost = 5195.00, Rho = 1.000
(iter 10) [0.0, 0.6126, 0.6716] = 447.3748, sampling [1.0, -1.8928, -0.8881]. Recommendation = [0.0, 0.7464, 0.5182], Current Cost = 5196.00, Rho = 1.000
(iter 10) [0.0, 0.6126, 0.6716] = 447.3748, sampling [1.0, -0.8901, -1.8971]. Recommendation = [0.0, 0.7464, 0.5182], Current Cost = 5197.00, Rho = 1.000
(iter 10) [0.0, 0.6126, 0.6716] = 447.3748, sampling [1.0, 0.9726, -1.4010]. Recommendation = [0.0, 0.7464, 0.5182], Current Cost = 5198.00, Rho = 1.000
(iter 10) [0.0, 0.6126, 0.6716] = 447.3748, sampling [1.0, -1.8331, 0.8503]. Recommendation = [0.0, 0.7464, 0.5182], Current Cost = 5199.00, Rho = 1.000
(iter 10) [0.0, 0.6126, 0.6716] = 447.3748, sampling [1.0, -1.0666, -1.0508]. Recommendation = [0.0, 0.7464, 0.5182], Current Cost = 5200.00, Rho = 1.000
(iter 10) [0.0, 0.6126, 0.6716] = 447.3748, sampling [1.0, -1.6168, -0.0921]. Recommendation = [0.0, 0.7464, 0.5182], Current Cost = 5201.00, Rho = 1.000
(iter 10) [0.0, 0.6126, 0.6716] = 447.3748, sampling [1.0, -1.7618, 0.4351]. Recommendation = [0.0, 0.7464, 0.5182], Current Cost = 5202.00, Rho = 1.000
(iter 10) [0.0, 0.6126, 0.6716] = 447.3748, sampling [1.0, 1.6883, 0.2875]. Recommendation = [0.0, 0.7464, 0.5182], Current Cost = 5203.00, Rho = 1.000
(iter 10) [0.0, 0.6126, 0.6716] = 447.3748, sampling [1.0, 1.3609, -0.8720]. Recommendation = [0.0, 0.7464, 0.5182], Current Cost = 5204.00, Rho = 1.000
(iter 10) [0.0, 0.6126, 0.6716] = 447.3748, sampling [1.0, -1.4838, -0.3667]. Recommendation = [0.0, 0.7464, 0.5182], Current Cost = 5205.00, Rho = 1.000
(iter 10) [0.0, 0.6126, 0.6716] = 447.3748, sampling [1.0, -0.9665, -1.3096]. Recommendation = [0.0, 0.7464, 0.5182], Current Cost = 5206.00, Rho = 1.000
(iter 10) [0.0, 0.6126, 0.6716] = 447.3748, sampling [1.0, -1.4218, -0.7835]. Recommendation = [0.0, 0.7464, 0.5182], Current Cost = 5207.00, Rho = 1.000
(iter 10) [0.0, 0.6126, 0.6716] = 447.3748, sampling [1.0, -1.2448, -1.5638]. Recommendation = [0.0, 0.7464, 0.5182], Current Cost = 5208.00, Rho = 1.000
(iter 10) [0.0, 0.6126, 0.6716] = 447.3748, sampling [1.0, -1.0755, -1.7826]. Recommendation = [0.0, 0.7464, 0.5182], Current Cost = 5209.00, Rho = 1.000
(iter 10) [0.0, 0.6126, 0.6716] = 447.3748, sampling [1.0, 1.5775, -0.0796]. Recommendation = [0.0, 0.7464, 0.5182], Current Cost = 5210.00, Rho = 1.000
(iter 10) [0.0, 0.6126, 0.6716] = 447.3748, sampling [1.0, 1.1297, -1.7279]. Recommendation = [0.0, 0.7464, 0.5182], Current Cost = 5211.00, Rho = 1.000
(iter 10) [0.0, 0.6126, 0.6716] = 447.3748, sampling [1.0, 1.4716, -1.1940]. Recommendation = [0.0, 0.7464, 0.5182], Current Cost = 5212.00, Rho = 1.000
(iter 10) [0.0, 0.6126, 0.6716] = 447.3748, sampling [1.0, -1.0426, -1.0872]. Recommendation = [0.0, 0.7464, 0.5182], Current Cost = 5213.00, Rho = 1.000
(iter 10) [0.0, 0.6126, 0.6716] = 447.3748, sampling [1.0, 1.2860, -0.9344]. Recommendation = [0.0, 0.7464, 0.5182], Current Cost = 5214.00, Rho = 1.000
(iter 10) [0.0, 0.6126, 0.6716] = 447.3748, sampling [1.0, -1.4419, -0.9757]. Recommendation = [0.0, 0.7464, 0.5182], Current Cost = 5215.00, Rho = 1.000
(iter 10) [0.0, 0.6126, 0.6716] = 447.3748, sampling [1.0, 1.5125, -0.7062]. Recommendation = [0.0, 0.7464, 0.5182], Current Cost = 5216.00, Rho = 1.000
(iter 10) [0.0, 0.6126, 0.6716] = 447.3748, sampling [1.0, 1.9799, -1.9795]. Recommendation = [0.0, 0.7464, 0.5182], Current Cost = 5217.00, Rho = 1.000
(iter 10) [0.0, 0.6126, 0.6716] = 447.3748, sampling [1.0, -1.3406, -1.3545]. Recommendation = [0.0, 0.7464, 0.5182], Current Cost = 5218.00, Rho = 1.000
(iter 10) [0.0, 0.6126, 0.6716] = 447.3748, sampling [1.0, 1.8228, 0.4806]. Recommendation = [0.0, 0.7464, 0.5182], Current Cost = 5219.00, Rho = 1.000
(iter 10) [0.0, 0.6126, 0.6716] = 447.3748, sampling [1.0, -1.9665, 0.9413]. Recommendation = [0.0, 0.7464, 0.5182], Current Cost = 5220.00, Rho = 1.000
(iter 10) [0.0, 0.6126, 0.6716] = 447.3748, sampling [1.0, -1.8082, -1.6067]. Recommendation = [0.0, 0.7464, 0.5182], Current Cost = 5221.00, Rho = 1.000
(iter 10) [0.0, 0.6126, 0.6716] = 447.3748, sampling [1.0, -1.7973, -0.2481]. Recommendation = [0.0, 0.7464, 0.5182], Current Cost = 5222.00, Rho = 1.000
(iter 10) [0.0, 0.6126, 0.6716] = 447.3748, sampling [1.0, -1.6053, -0.1618]. Recommendation = [0.0, 0.7464, 0.5182], Current Cost = 5223.00, Rho = 1.000
(iter 10) [0.0, 0.6126, 0.6716] = 447.3748, sampling [1.0, -1.0030, -1.8598]. Recommendation = [0.0, 0.7464, 0.5182], Current Cost = 5224.00, Rho = 1.000
(iter 10) [0.0, 0.6126, 0.6716] = 447.3748, sampling [1.0, -1.2673, -1.7646]. Recommendation = [0.0, 0.7464, 0.5182], Current Cost = 5225.00, Rho = 1.000
(iter 10) [0.0, 0.6126, 0.6716] = 447.3748, sampling [1.0, -1.6836, -0.7333]. Recommendation = [0.0, 0.7464, 0.5182], Current Cost = 5226.00, Rho = 1.000
(iter 10) [0.0, 0.6126, 0.6716] = 447.3748, sampling [1.0, 1.4219, -1.6991]. Recommendation = [0.0, 0.7464, 0.5182], Current Cost = 5227.00, Rho = 1.000
(iter 10) [0.0, 0.6126, 0.6716] = 447.3748, sampling [1.0, 1.3408, -0.9473]. Recommendation = [0.0, 0.7464, 0.5182], Current Cost = 5228.00, Rho = 1.000
(iter 10) [0.0, 0.6126, 0.6716] = 447.3748, sampling [1.0, 1.3204, -1.9078]. Recommendation = [0.0, 0.7464, 0.5182], Current Cost = 5229.00, Rho = 1.000
(iter 10) [0.0, 0.6126, 0.6716] = 447.3748, sampling [1.0, 1.8406, 0.3876]. Recommendation = [0.0, 0.7464, 0.5182], Current Cost = 5230.00, Rho = 1.000
(iter 10) [0.0, 0.6126, 0.6716] = 447.3748, sampling [1.0, -1.4612, -0.8468]. Recommendation = [0.0, 0.7464, 0.5182], Current Cost = 5231.00, Rho = 1.000
(iter 10) [0.0, 0.6126, 0.6716] = 447.3748, sampling [1.0, -1.4050, -0.5042]. Recommendation = [0.0, 0.7464, 0.5182], Current Cost = 5232.00, Rho = 1.000
(iter 10) [0.0, 0.6126, 0.6716] = 447.3748, sampling [1.0, -1.9384, 1.0539]. Recommendation = [0.0, 0.7464, 0.5182], Current Cost = 5233.00, Rho = 1.000
(iter 10) [0.0, 0.6126, 0.6716] = 447.3748, sampling [1.0, 1.6557, -1.2361]. Recommendation = [0.0, 0.7464, 0.5182], Current Cost = 5234.00, Rho = 1.000
(iter 10) [0.0, 0.6126, 0.6716] = 447.3748, sampling [1.0, -1.4373, -1.5118]. Recommendation = [0.0, 0.7464, 0.5182], Current Cost = 5235.00, Rho = 1.000
(iter 10) [0.0, 0.6126, 0.6716] = 447.3748, sampling [1.0, -1.6412, -0.9929]. Recommendation = [0.0, 0.7464, 0.5182], Current Cost = 5236.00, Rho = 1.000
(iter 10) [0.0, 0.6126, 0.6716] = 447.3748, sampling [1.0, 1.9978, -0.6719]. Recommendation = [0.0, 0.7464, 0.5182], Current Cost = 5237.00, Rho = 1.000
(iter 10) [0.0, 0.6126, 0.6716] = 447.3748, sampling [1.0, -0.9275, -1.8858]. Recommendation = [0.0, 0.7464, 0.5182], Current Cost = 5238.00, Rho = 1.000
(iter 10) [0.0, 0.6126, 0.6716] = 447.3748, sampling [1.0, 1.5891, -1.5993]. Recommendation = [0.0, 0.7464, 0.5182], Current Cost = 5239.00, Rho = 1.000
(iter 10) [0.0, 0.6126, 0.6716] = 447.3748, sampling [1.0, -1.7450, -0.6552]. Recommendation = [0.0, 0.7464, 0.5182], Current Cost = 5240.00, Rho = 1.000
(iter 10) [0.0, 0.6126, 0.6716] = 447.3748, sampling [0.0, 1.0125, 1.0657]. Recommendation = [0.0, 0.7464, 0.5182], Current Cost = 5241.00, Rho = 1.000
(iter 246) [0.0, 1.0125, 1.0657] = 456.1359, sampling [0.0, 0.7464, 0.5182]. Recommendation = [0.0, 0.7464, 0.5182], Current Cost = 6241.00, Rho = 1.000
(iter 246) [0.0, 1.0125, 1.0657] = 456.1359, sampling [1.0, -1.5649, -1.4455]. Recommendation = [0.0, 1.0125, 1.0657], Current Cost = 7241.00, Rho = 1.000
(iter 246) [0.0, 1.0125, 1.0657] = 456.1359, sampling [0.0, 1.0532, 1.1613]. Recommendation = [0.0, 1.0125, 1.0657], Current Cost = 7242.00, Rho = 1.000
(iter 246) [0.0, 1.0125, 1.0657] = 456.1359, sampling [1.0, -1.5743, -1.6836]. Recommendation = [0.0, 1.0125, 1.0657], Current Cost = 8242.00, Rho = 1.000
(iter 246) [0.0, 1.0125, 1.0657] = 456.1359, sampling [1.0, 1.7938, -1.5426]. Recommendation = [0.0, 1.0125, 1.0657], Current Cost = 8243.00, Rho = 1.000
(iter 246) [0.0, 1.0125, 1.0657] = 456.1359, sampling [1.0, -1.8565, -0.7491]. Recommendation = [0.0, 1.0125, 1.0657], Current Cost = 8244.00, Rho = 1.000
(iter 246) [0.0, 1.0125, 1.0657] = 456.1359, sampling [1.0, 1.6258, -1.7289]. Recommendation = [0.0, 1.0125, 1.0657], Current Cost = 8245.00, Rho = 1.000
(iter 246) [0.0, 1.0125, 1.0657] = 456.1359, sampling [1.0, -1.6580, -1.6210]. Recommendation = [0.0, 1.0125, 1.0657], Current Cost = 8246.00, Rho = 1.000
(iter 246) [0.0, 1.0125, 1.0657] = 456.1359, sampling [1.0, 1.8801, -1.8257]. Recommendation = [0.0, 1.0125, 1.0657], Current Cost = 8247.00, Rho = 1.000
(iter 246) [0.0, 1.0125, 1.0657] = 456.1359, sampling [1.0, 1.6099, -1.6795]. Recommendation = [0.0, 1.0125, 1.0657], Current Cost = 8248.00, Rho = 1.000
(iter 246) [0.0, 1.0125, 1.0657] = 456.1359, sampling [0.0, 0.2510, 0.0610]. Recommendation = [0.0, 1.0125, 1.0657], Current Cost = 8249.00, Rho = 1.000
(iter 246) [0.0, 1.0125, 1.0657] = 456.1359, sampling [0.0, 1.1905, 1.4833]. Recommendation = [0.0, 1.0125, 1.0657], Current Cost = 9249.00, Rho = 1.000
(iter 246) [0.0, 1.0125, 1.0657] = 456.1359, sampling [1.0, -1.8555, -0.7566]. Recommendation = [0.0, 1.0125, 1.0657], Current Cost = 10249.00, Rho = 1.000
(iter 246) [0.0, 1.0125, 1.0657] = 456.1359, sampling [0.0, -0.3181, 0.3371]. Recommendation = [0.0, 1.0125, 1.0657], Current Cost = 10250.00, Rho = 1.000
(iter 246) [0.0, 1.0125, 1.0657] = 456.1359, sampling [0.0, -0.5764, -0.5915]. Recommendation = [0.0, 1.0125, 1.0657], Current Cost = 11250.00, Rho = 1.000
(iter 246) [0.0, 1.0125, 1.0657] = 456.1359, sampling [0.0, -0.5397, 0.1305]. Recommendation = [0.0, 1.0125, 1.0657], Current Cost = 12250.00, Rho = 1.000
(iter 246) [0.0, 1.0125, 1.0657] = 456.1359, sampling [0.0, 1.7712, 0.6875]. Recommendation = [0.0, 1.0125, 1.0657], Current Cost = 13250.00, Rho = 1.000
(iter 246) [0.0, 1.0125, 1.0657] = 456.1359, sampling [0.0, 1.9799, -1.9795]. Recommendation = [0.0, 1.0125, 1.0657], Current Cost = 14250.00, Rho = 1.000
(iter 246) [0.0, 1.0125, 1.0657] = 456.1359, sampling [0.0, -1.8555, -0.7566]. Recommendation = [0.0, 1.0125, 1.0657], Current Cost = 15250.00, Rho = 1.000
(iter 246) [0.0, 1.0125, 1.0657] = 456.1359, sampling [0.0, -1.7878, 1.6066]. Recommendation = [0.0, 1.0125, 1.0657], Current Cost = 16250.00, Rho = 1.000
(iter 246) [0.0, 1.0125, 1.0657] = 456.1359, sampling [0.0, 1.2658, 0.1154]. Recommendation = [0.0, 1.0125, 1.0657], Current Cost = 17250.00, Rho = 1.000
(iter 246) [0.0, 1.0125, 1.0657] = 456.1359, sampling [0.0, 0.1967, -1.4625]. Recommendation = [0.0, 1.0125, 1.0657], Current Cost = 18250.00, Rho = 1.000
(iter 246) [0.0, 1.0125, 1.0657] = 456.1359, sampling [0.0, 1.4037, 0.3143]. Recommendation = [0.0, 1.0125, 1.0657], Current Cost = 19250.00, Rho = 1.000
(iter 246) [0.0, 1.0125, 1.0657] = 456.1359, sampling [0.0, 0.1041, 0.5286]. Recommendation = [0.0, 1.0125, 1.0657], Current Cost = 20250.00, Rho = 1.000
(iter 246) [0.0, 1.0125, 1.0657] = 456.1359, sampling [0.0, -0.9575, -1.2493]. Recommendation = [0.0, 1.0125, 1.0657], Current Cost = 21250.00, Rho = 1.000
(iter 246) [0.0, 1.0125, 1.0657] = 456.1359, sampling [0.0, 1.1038, 1.7650]. Recommendation = [0.0, 1.0125, 1.0657], Current Cost = 22250.00, Rho = 1.000
(iter 246) [0.0, 1.0125, 1.0657] = 456.1359, sampling [0.0, -0.1328, 1.3494]. Recommendation = [0.0, 1.0125, 1.0657], Current Cost = 23250.00, Rho = 1.000
(iter 246) [0.0, 1.0125, 1.0657] = 456.1359, sampling [0.0, 1.3804, -0.5316]. Recommendation = [0.0, 1.0125, 1.0657], Current Cost = 24250.00, Rho = 1.000
(iter 246) [0.0, 1.0125, 1.0657] = 456.1359, sampling [0.0, 1.9978, -0.6719]. Recommendation = [0.0, 1.0125, 1.0657], Current Cost = 25250.00, Rho = 1.000
(iter 246) [0.0, 1.0125, 1.0657] = 456.1359, sampling [0.0, -0.9325, -0.0280]. Recommendation = [0.0, 1.0125, 1.0657], Current Cost = 26250.00, Rho = 1.000
(iter 246) [0.0, 1.0125, 1.0657] = 456.1359, sampling [0.0, -1.8565, -0.7491]. Recommendation = [0.0, 1.0125, 1.0657], Current Cost = 27250.00, Rho = 1.000
(iter 246) [0.0, 1.0125, 1.0657] = 456.1359, sampling [0.0, -0.2468, 0.5939]. Recommendation = [0.0, 1.0125, 1.0657], Current Cost = 28250.00, Rho = 1.000
(iter 246) [0.0, 1.0125, 1.0657] = 456.1359, sampling [0.0, 0.0097, 1.6223]. Recommendation = [0.0, 1.0125, 1.0657], Current Cost = 29250.00, Rho = 1.000
(iter 246) [0.0, 1.0125, 1.0657] = 456.1359, sampling [0.0, 0.5560, 1.4067]. Recommendation = [0.0, 1.0125, 1.0657], Current Cost = 30250.00, Rho = 1.000
(iter 246) [0.0, 1.0125, 1.0657] = 456.1359, sampling [0.0, 0.3902, 0.8312]. Recommendation = [0.0, 1.0125, 1.0657], Current Cost = 31250.00, Rho = 1.000
(iter 246) [0.0, 1.0125, 1.0657] = 456.1359, sampling [0.0, 0.7282, -0.6870]. Recommendation = [0.0, 1.0125, 1.0657], Current Cost = 32250.00, Rho = 1.000
(iter 246) [0.0, 1.0125, 1.0657] = 456.1359, sampling [0.0, 0.7754, -1.1435]. Recommendation = [0.0, 1.0125, 1.0657], Current Cost = 33250.00, Rho = 1.000
(iter 246) [0.0, 1.0125, 1.0657] = 456.1359, sampling [0.0, -1.9384, 1.0539]. Recommendation = [0.0, 1.0125, 1.0657], Current Cost = 34250.00, Rho = 1.000
(iter 246) [0.0, 1.0125, 1.0657] = 456.1359, sampling [0.0, 0.5194, 1.8898]. Recommendation = [0.0, 1.0125, 1.0657], Current Cost = 35250.00, Rho = 1.000
(iter 246) [0.0, 1.0125, 1.0657] = 456.1359, sampling [0.0, 0.9420, -1.7545]. Recommendation = [0.0, 1.0125, 1.0657], Current Cost = 36250.00, Rho = 1.000
(iter 246) [0.0, 1.0125, 1.0657] = 456.1359, sampling [0.0, -1.0666, -1.0508]. Recommendation = [0.0, 1.0125, 1.0657], Current Cost = 37250.00, Rho = 1.000
(iter 246) [0.0, 1.0125, 1.0657] = 456.1359, sampling [0.0, -1.8769, 1.9403]. Recommendation = [0.0, 1.0125, 1.0657], Current Cost = 38250.00, Rho = 1.000
(iter 246) [0.0, 1.0125, 1.0657] = 456.1359, sampling [0.0, -1.1833, -1.2171]. Recommendation = [0.0, 1.0125, 1.0657], Current Cost = 39250.00, Rho = 1.000
(iter 246) [0.0, 1.0125, 1.0657] = 456.1359, sampling [0.0, -0.4245, 1.9666]. Recommendation = [0.0, 1.0125, 1.0657], Current Cost = 40250.00, Rho = 1.000
(iter 246) [0.0, 1.0125, 1.0657] = 456.1359, sampling [0.0, 0.4790, 1.7087]. Recommendation = [0.0, 1.0125, 1.0657], Current Cost = 41250.00, Rho = 1.000
(iter 246) [0.0, 1.0125, 1.0657] = 456.1359, sampling [0.0, 1.8955, -0.8262]. Recommendation = [0.0, 1.0125, 1.0657], Current Cost = 42250.00, Rho = 1.000
(iter 246) [0.0, 1.0125, 1.0657] = 456.1359, sampling [0.0, -1.8331, 0.8503]. Recommendation = [0.0, 1.0125, 1.0657], Current Cost = 43250.00, Rho = 1.000
(iter 246) [0.0, 1.0125, 1.0657] = 456.1359, sampling [0.0, 0.5059, 1.2910]. Recommendation = [0.0, 1.0125, 1.0657], Current Cost = 44250.00, Rho = 1.000
(iter 246) [0.0, 1.0125, 1.0657] = 456.1359, sampling [0.0, -1.0755, -1.7826]. Recommendation = [0.0, 1.0125, 1.0657], Current Cost = 45250.00, Rho = 1.000
(iter 246) [0.0, 1.0125, 1.0657] = 456.1359, sampling [0.0, -0.8149, -1.6329]. Recommendation = [0.0, 1.0125, 1.0657], Current Cost = 46250.00, Rho = 1.000
(iter 246) [0.0, 1.0125, 1.0657] = 456.1359, sampling [0.0, 0.8092, 1.9806]. Recommendation = [0.0, 1.0125, 1.0657], Current Cost = 47250.00, Rho = 1.000
(iter 246) [0.0, 1.0125, 1.0657] = 456.1359, sampling [0.0, -1.3507, 1.2042]. Recommendation = [0.0, 1.0125, 1.0657], Current Cost = 48250.00, Rho = 1.000
(iter 246) [0.0, 1.0125, 1.0657] = 456.1359, sampling [0.0, 1.2126, 0.4640]. Recommendation = [0.0, 1.0125, 1.0657], Current Cost = 49250.00, Rho = 1.000
(iter 246) [0.0, 1.0125, 1.0657] = 456.1359, sampling [0.0, 0.6331, 1.8299]. Recommendation = [0.0, 1.0125, 1.0657], Current Cost = 50250.00, Rho = 1.000
(iter 246) [0.0, 1.0125, 1.0657] = 456.1359, sampling [0.0, -1.4612, -0.8468]. Recommendation = [0.0, 1.0125, 1.0657], Current Cost = 51250.00, Rho = 1.000
(iter 246) [0.0, 1.0125, 1.0657] = 456.1359, sampling [0.0, 0.1748, 0.1837]. Recommendation = [0.0, 1.0125, 1.0657], Current Cost = 52250.00, Rho = 1.000
(iter 246) [0.0, 1.0125, 1.0657] = 456.1359, sampling [0.0, -1.5743, -1.6836]. Recommendation = [0.0, 1.0125, 1.0657], Current Cost = 53250.00, Rho = 1.000
(iter 246) [0.0, 1.0125, 1.0657] = 456.1359, sampling [0.0, 0.0801, 1.2310]. Recommendation = [0.0, 1.0125, 1.0657], Current Cost = 54250.00, Rho = 1.000
(iter 246) [0.0, 1.0125, 1.0657] = 456.1359, sampling [0.0, -1.9693, 1.0340]. Recommendation = [0.0, 1.0125, 1.0657], Current Cost = 55250.00, Rho = 1.000
(iter 246) [0.0, 1.0125, 1.0657] = 456.1359, sampling [0.0, 0.6037, -1.8129]. Recommendation = [0.0, 1.0125, 1.0657], Current Cost = 56250.00, Rho = 1.000
(iter 246) [0.0, 1.0125, 1.0657] = 456.1359, sampling [0.0, -0.1232, -1.9913]. Recommendation = [0.0, 1.0125, 1.0657], Current Cost = 57250.00, Rho = 1.000
(iter 246) [0.0, 1.0125, 1.0657] = 456.1359, sampling [0.0, 1.8228, 0.4806]. Recommendation = [0.0, 1.0125, 1.0657], Current Cost = 58250.00, Rho = 1.000
(iter 246) [0.0, 1.0125, 1.0657] = 456.1359, sampling [0.0, -1.2673, -1.7646]. Recommendation = [0.0, 1.0125, 1.0657], Current Cost = 59250.00, Rho = 1.000
(iter 246) [0.0, 1.0125, 1.0657] = 456.1359, sampling [0.0, 1.2557, -1.0686]. Recommendation = [0.0, 1.0125, 1.0657], Current Cost = 60250.00, Rho = 1.000
(iter 246) [0.0, 1.0125, 1.0657] = 456.1359, sampling [0.0, -0.4903, 1.4125]. Recommendation = [0.0, 1.0125, 1.0657], Current Cost = 61250.00, Rho = 1.000
(iter 246) [0.0, 1.0125, 1.0657] = 456.1359, sampling [0.0, -0.8977, -0.4384]. Recommendation = [0.0, 1.0125, 1.0657], Current Cost = 62250.00, Rho = 1.000
(iter 246) [0.0, 1.0125, 1.0657] = 456.1359, sampling [0.0, 0.1813, 0.2713]. Recommendation = [0.0, 1.0125, 1.0657], Current Cost = 63250.00, Rho = 1.000
(iter 246) [0.0, 1.0125, 1.0657] = 456.1359, sampling [0.0, -0.1648, -0.9168]. Recommendation = [0.0, 1.0125, 1.0657], Current Cost = 64250.00, Rho = 1.000
(iter 246) [0.0, 1.0125, 1.0657] = 456.1359, sampling [0.0, -1.7450, -0.6552]. Recommendation = [0.0, 1.0125, 1.0657], Current Cost = 65250.00, Rho = 1.000
(iter 246) [0.0, 1.0125, 1.0657] = 456.1359, sampling [0.0, 1.8323, 1.5741]. Recommendation = [0.0, 1.0125, 1.0657], Current Cost = 66250.00, Rho = 1.000
(iter 246) [0.0, 1.0125, 1.0657] = 456.1359, sampling [0.0, -0.0573, -1.3634]. Recommendation = [0.0, 1.0125, 1.0657], Current Cost = 67250.00, Rho = 1.000
(iter 246) [0.0, 1.0125, 1.0657] = 456.1359, sampling [0.0, 0.2956, -0.1035]. Recommendation = [0.0, 1.0125, 1.0657], Current Cost = 68250.00, Rho = 1.000
(iter 246) [0.0, 1.0125, 1.0657] = 456.1359, sampling [0.0, -0.8180, -0.4659]. Recommendation = [0.0, 1.0125, 1.0657], Current Cost = 69250.00, Rho = 1.000
(iter 246) [0.0, 1.0125, 1.0657] = 456.1359, sampling [0.0, 0.6847, -0.5738]. Recommendation = [0.0, 1.0125, 1.0657], Current Cost = 70250.00, Rho = 1.000
(iter 246) [0.0, 1.0125, 1.0657] = 456.1359, sampling [0.0, 1.8801, -1.8257]. Recommendation = [0.0, 1.0125, 1.0657], Current Cost = 71250.00, Rho = 1.000
(iter 246) [0.0, 1.0125, 1.0657] = 456.1359, sampling [0.0, 0.8588, -1.1686]. Recommendation = [0.0, 1.0125, 1.0657], Current Cost = 72250.00, Rho = 1.000
(iter 246) [0.0, 1.0125, 1.0657] = 456.1359, sampling [0.0, 1.2423, -0.6385]. Recommendation = [0.0, 1.0125, 1.0657], Current Cost = 73250.00, Rho = 1.000
(iter 246) [0.0, 1.0125, 1.0657] = 456.1359, sampling [0.0, -1.1591, 1.3325]. Recommendation = [0.0, 1.0125, 1.0657], Current Cost = 74250.00, Rho = 1.000
(iter 246) [0.0, 1.0125, 1.0657] = 456.1359, sampling [0.0, -0.7403, -0.9057]. Recommendation = [0.0, 1.0125, 1.0657], Current Cost = 75250.00, Rho = 1.000
(iter 246) [0.0, 1.0125, 1.0657] = 456.1359, sampling [0.0, -0.5137, 0.2989]. Recommendation = [0.0, 1.0125, 1.0657], Current Cost = 76250.00, Rho = 1.000
(iter 246) [0.0, 1.0125, 1.0657] = 456.1359, sampling [0.0, 0.2570, 1.4350]. Recommendation = [0.0, 1.0125, 1.0657], Current Cost = 77250.00, Rho = 1.000
(iter 246) [0.0, 1.0125, 1.0657] = 456.1359, sampling [0.0, -0.6635, -1.8057]. Recommendation = [0.0, 1.0125, 1.0657], Current Cost = 78250.00, Rho = 1.000
(iter 246) [0.0, 1.0125, 1.0657] = 456.1359, sampling [0.0, 1.8610, 1.2719]. Recommendation = [0.0, 1.0125, 1.0657], Current Cost = 79250.00, Rho = 1.000
(iter 246) [0.0, 1.0125, 1.0657] = 456.1359, sampling [0.0, 1.7766, 1.9251]. Recommendation = [0.0, 1.0125, 1.0657], Current Cost = 80250.00, Rho = 1.000
(iter 246) [0.0, 1.0125, 1.0657] = 456.1359, sampling [0.0, -0.3512, 0.8433]. Recommendation = [0.0, 1.0125, 1.0657], Current Cost = 81250.00, Rho = 1.000
(iter 246) [0.0, 1.0125, 1.0657] = 456.1359, sampling [0.0, -0.4335, 1.1487]. Recommendation = [0.0, 1.0125, 1.0657], Current Cost = 82250.00, Rho = 1.000
(iter 246) [0.0, 1.0125, 1.0657] = 456.1359, sampling [0.0, -0.3740, 0.1673]. Recommendation = [0.0, 1.0125, 1.0657], Current Cost = 83250.00, Rho = 1.000
(iter 246) [0.0, 1.0125, 1.0657] = 456.1359, sampling [0.0, 1.4960, -0.0386]. Recommendation = [0.0, 1.0125, 1.0657], Current Cost = 84250.00, Rho = 1.000
(iter 246) [0.0, 1.0125, 1.0657] = 456.1359, sampling [0.0, 0.7020, 0.5882]. Recommendation = [0.0, 1.0125, 1.0657], Current Cost = 85250.00, Rho = 1.000
(iter 246) [0.0, 1.0125, 1.0657] = 456.1359, sampling [0.0, 1.1297, -1.7279]. Recommendation = [0.0, 1.0125, 1.0657], Current Cost = 86250.00, Rho = 1.000
(iter 246) [0.0, 1.0125, 1.0657] = 456.1359, sampling [0.0, -1.6053, -0.1618]. Recommendation = [0.0, 1.0125, 1.0657], Current Cost = 87250.00, Rho = 1.000
(iter 246) [0.0, 1.0125, 1.0657] = 456.1359, sampling [0.0, -0.6517, -1.1223]. Recommendation = [0.0, 1.0125, 1.0657], Current Cost = 88250.00, Rho = 1.000
(iter 246) [0.0, 1.0125, 1.0657] = 456.1359, sampling [0.0, 0.7161, 1.5540]. Recommendation = [0.0, 1.0125, 1.0657], Current Cost = 89250.00, Rho = 1.000
(iter 246) [0.0, 1.0125, 1.0657] = 456.1359, sampling [0.0, 1.8406, 0.3876]. Recommendation = [0.0, 1.0125, 1.0657], Current Cost = 90250.00, Rho = 1.000
(iter 246) [0.0, 1.0125, 1.0657] = 456.1359, sampling [0.0, 0.8796, -1.3334]. Recommendation = [0.0, 1.0125, 1.0657], Current Cost = 91250.00, Rho = 1.000
(iter 246) [0.0, 1.0125, 1.0657] = 456.1359, sampling [0.0, -1.9274, 1.6447]. Recommendation = [0.0, 1.0125, 1.0657], Current Cost = 92250.00, Rho = 1.000
(iter 246) [0.0, 1.0125, 1.0657] = 456.1359, sampling [0.0, 1.7043, 1.9052]. Recommendation = [0.0, 1.0125, 1.0657], Current Cost = 93250.00, Rho = 1.000
(iter 246) [0.0, 1.0125, 1.0657] = 456.1359, sampling [0.0, -0.0355, 0.0811]. Recommendation = [0.0, 1.0125, 1.0657], Current Cost = 94250.00, Rho = 1.000
(iter 246) [0.0, 1.0125, 1.0657] = 456.1359, sampling [0.0, -0.4516, 1.8785]. Recommendation = [0.0, 1.0125, 1.0657], Current Cost = 95250.00, Rho = 1.000
(iter 246) [0.0, 1.0125, 1.0657] = 456.1359, sampling [0.0, -1.9129, 0.1469]. Recommendation = [0.0, 1.0125, 1.0657], Current Cost = 96250.00, Rho = 1.000
(iter 246) [0.0, 1.0125, 1.0657] = 456.1359, sampling [0.0, 0.5632, -0.5962]. Recommendation = [0.0, 1.0125, 1.0657], Current Cost = 97250.00, Rho = 1.000
(iter 246) [0.0, 1.0125, 1.0657] = 456.1359, sampling [0.0, 0.1166, -0.5598]. Recommendation = [0.0, 1.0125, 1.0657], Current Cost = 98250.00, Rho = 1.000
(iter 246) [0.0, 1.0125, 1.0657] = 456.1359, sampling [0.0, 1.1625, -0.0515]. Recommendation = [0.0, 1.0125, 1.0657], Current Cost = 99250.00, Rho = 1.000
