(iter 10) [0.0, -0.1273, 0.1835] = 452.2307, sampling [1.0, 0.5171, 0.6518]. Recommendation = [0.0, -0.1273, 0.1835], Current Cost = 5005.00, Rho = 1.000
(iter 10) [0.0, -0.1273, 0.1835] = 452.2307, sampling [1.0, -0.0885, 0.5955]. Recommendation = [0.0, -0.1273, 0.1835], Current Cost = 5006.00, Rho = 1.000
(iter 10) [0.0, -0.1273, 0.1835] = 452.2307, sampling [1.0, 0.3780, 0.1689]. Recommendation = [0.0, -0.1273, 0.1835], Current Cost = 5007.00, Rho = 1.000
(iter 10) [0.0, -0.1273, 0.1835] = 452.2307, sampling [1.0, -0.0362, 0.1245]. Recommendation = [0.0, -0.1273, 0.1835], Current Cost = 5008.00, Rho = 1.000
(iter 10) [0.0, -0.1273, 0.1835] = 452.2307, sampling [1.0, -0.2341, 0.2621]. Recommendation = [0.0, -0.1273, 0.1835], Current Cost = 5009.00, Rho = 1.000
(iter 10) [0.0, -0.1273, 0.1835] = 452.2307, sampling [1.0, 0.6565, 0.9256]. Recommendation = [0.0, -0.1273, 0.1835], Current Cost = 5010.00, Rho = 1.000
(iter 10) [0.0, -0.1273, 0.1835] = 452.2307, sampling [1.0, 0.1974, 0.9692]. Recommendation = [0.0, -0.1273, 0.1835], Current Cost = 5011.00, Rho = 1.000
(iter 10) [0.0, -0.1273, 0.1835] = 452.2307, sampling [1.0, 0.7212, 0.4919]. Recommendation = [0.0, -0.1273, 0.1835], Current Cost = 5012.00, Rho = 1.000
(iter 10) [0.0, -0.1273, 0.1835] = 452.2307, sampling [1.0, -0.2505, -0.0797]. Recommendation = [0.0, -0.1273, 0.1835], Current Cost = 5013.00, Rho = 1.000
(iter 10) [0.0, -0.1273, 0.1835] = 452.2307, sampling [1.0, -0.3373, 0.3691]. Recommendation = [0.0, -0.1273, 0.1835], Current Cost = 5014.00, Rho = 1.000
(iter 10) [0.0, -0.1273, 0.1835] = 452.2307, sampling [1.0, 0.4987, 0.3215]. Recommendation = [0.0, -0.1273, 0.1835], Current Cost = 5015.00, Rho = 1.000
(iter 10) [0.0, -0.1273, 0.1835] = 452.2307, sampling [1.0, 0.1608, -0.0385]. Recommendation = [0.0, -0.1273, 0.1835], Current Cost = 5016.00, Rho = 1.000
(iter 10) [0.0, -0.1273, 0.1835] = 452.2307, sampling [1.0, 0.9707, 0.7918]. Recommendation = [0.0, -0.1273, 0.1835], Current Cost = 5017.00, Rho = 1.000
(iter 10) [0.0, -0.1273, 0.1835] = 452.2307, sampling [1.0, -0.0113, 0.0768]. Recommendation = [0.0, -0.1273, 0.1835], Current Cost = 5018.00, Rho = 1.000
(iter 10) [0.0, -0.1273, 0.1835] = 452.2307, sampling [1.0, 0.8361, 1.1795]. Recommendation = [0.0, -0.1273, 0.1835], Current Cost = 5019.00, Rho = 1.000
(iter 10) [0.0, -0.1273, 0.1835] = 452.2307, sampling [1.0, -0.6509, 0.0483]. Recommendation = [0.0, -0.1273, 0.1835], Current Cost = 5020.00, Rho = 1.000
(iter 10) [0.0, -0.1273, 0.1835] = 452.2307, sampling [1.0, 0.9934, 0.4531]. Recommendation = [0.0, -0.1273, 0.1835], Current Cost = 5021.00, Rho = 1.000
(iter 10) [0.0, -0.1273, 0.1835] = 452.2307, sampling [1.0, -0.3957, 0.7747]. Recommendation = [0.0, -0.1273, 0.1835], Current Cost = 5022.00, Rho = 1.000
(iter 10) [0.0, -0.1273, 0.1835] = 452.2307, sampling [1.0, 0.4899, 1.1449]. Recommendation = [0.0, -0.1273, 0.1835], Current Cost = 5023.00, Rho = 1.000
(iter 10) [0.0, -0.1273, 0.1835] = 452.2307, sampling [1.0, 0.5924, 0.0081]. Recommendation = [0.0, -0.1273, 0.1835], Current Cost = 5024.00, Rho = 1.000
(iter 10) [0.0, -0.1273, 0.1835] = 452.2307, sampling [1.0, 0.0161, -0.1544]. Recommendation = [0.0, -0.1273, 0.1835], Current Cost = 5025.00, Rho = 1.000
(iter 10) [0.0, -0.1273, 0.1835] = 452.2307, sampling [1.0, -0.5551, -0.1282]. Recommendation = [0.0, -0.1273, 0.1835], Current Cost = 5026.00, Rho = 1.000
(iter 10) [0.0, -0.1273, 0.1835] = 452.2307, sampling [1.0, 0.7500, 0.9930]. Recommendation = [0.0, -0.1273, 0.1835], Current Cost = 5027.00, Rho = 1.000
(iter 10) [0.0, -0.1273, 0.1835] = 452.2307, sampling [1.0, -0.0761, 0.9011]. Recommendation = [0.0, -0.1273, 0.1835], Current Cost = 5028.00, Rho = 1.000
(iter 10) [0.0, -0.1273, 0.1835] = 452.2307, sampling [1.0, 0.8165, 0.4120]. Recommendation = [0.0, -0.1273, 0.1835], Current Cost = 5029.00, Rho = 1.000
(iter 10) [0.0, -0.1273, 0.1835] = 452.2307, sampling [1.0, -0.8205, 0.4263]. Recommendation = [0.0, -0.1273, 0.1835], Current Cost = 5030.00, Rho = 1.000
(iter 10) [0.0, -0.1273, 0.1835] = 452.2307, sampling [1.0, 1.3491, 1.0184]. Recommendation = [0.0, -0.1273, 0.1835], Current Cost = 5031.00, Rho = 1.000
(iter 10) [0.0, -0.1273, 0.1835] = 452.2307, sampling [1.0, -0.2636, -0.2168]. Recommendation = [0.0, -0.1273, 0.1835], Current Cost = 5032.00, Rho = 1.000
(iter 10) [0.0, -0.1273, 0.1835] = 452.2307, sampling [1.0, 0.0768, 1.4260]. Recommendation = [0.0, -0.1273, 0.1835], Current Cost = 5033.00, Rho = 1.000
(iter 10) [0.0, -0.1273, 0.1835] = 452.2307, sampling [1.0, 1.1046, 0.2509]. Recommendation = [0.0, -0.1273, 0.1835], Current Cost = 5034.00, Rho = 1.000
(iter 10) [0.0, -0.1273, 0.1835] = 452.2307, sampling [1.0, 0.5427, 0.6226]. Recommendation = [0.0, -0.1273, 0.1835], Current Cost = 5035.00, Rho = 1.000
(iter 10) [0.0, -0.1273, 0.1835] = 452.2307, sampling [1.0, 0.2363, -0.0556]. Recommendation = [0.0, -0.1273, 0.1835], Current Cost = 5036.00, Rho = 1.000
(iter 10) [0.0, -0.1273, 0.1835] = 452.2307, sampling [1.0, 0.6231, 1.3401]. Recommendation = [0.0, -0.1273, 0.1835], Current Cost = 5037.00, Rho = 1.000
(iter 10) [0.0, -0.1273, 0.1835] = 452.2307, sampling [1.0, -0.6868, 0.7420]. Recommendation = [0.0, -0.1273, 0.1835], Current Cost = 5038.00, Rho = 1.000
(iter 10) [0.0, -0.1273, 0.1835] = 452.2307, sampling [1.0, 0.4686, 0.2996]. Recommendation = [0.0, -0.1273, 0.1835], Current Cost = 5039.00, Rho = 1.000
(iter 10) [0.0, -0.1273, 0.1835] = 452.2307, sampling [1.0, 1.2761, 1.6161]. Recommendation = [0.0, -0.1273, 0.1835], Current Cost = 5040.00, Rho = 1.000
(iter 10) [0.0, -0.1273, 0.1835] = 452.2307, sampling [1.0, -0.0283, -0.2734]. Recommendation = [0.0, -0.1273, 0.1835], Current Cost = 5041.00, Rho = 1.000
(iter 10) [0.0, -0.1273, 0.1835] = 452.2307, sampling [1.0, 0.6814, -0.3336]. Recommendation = [0.0, -0.1273, 0.1835], Current Cost = 5042.00, Rho = 1.000
(iter 10) [0.0, -0.1273, 0.1835] = 452.2307, sampling [1.0, 1.1735, 0.5760]. Recommendation = [0.0, -0.1273, 0.1835], Current Cost = 5043.00, Rho = 1.000
(iter 10) [0.0, -0.1273, 0.1835] = 452.2307, sampling [1.0, -0.7029, 1.2231]. Recommendation = [0.0, -0.1273, 0.1835], Current Cost = 5044.00, Rho = 1.000
(iter 10) [0.0, -0.1273, 0.1835] = 452.2307, sampling [1.0, -0.8767, 0.1576]. Recommendation = [0.0, -0.1273, 0.1835], Current Cost = 5045.00, Rho = 1.000
(iter 10) [0.0, -0.1273, 0.1835] = 452.2307, sampling [1.0, 1.7364, 0.8098]. Recommendation = [0.0, -0.1273, 0.1835], Current Cost = 5046.00, Rho = 1.000
(iter 10) [0.0, -0.1273, 0.1835] = 452.2307, sampling [1.0, 0.7834, 1.2594]. Recommendation = [0.0, -0.1273, 0.1835], Current Cost = 5047.00, Rho = 1.000
(iter 10) [0.0, -0.1273, 0.1835] = 452.2307, sampling [1.0, 0.5603, 1.0885]. Recommendation = [0.0, -0.1273, 0.1835], Current Cost = 5048.00, Rho = 1.000
(iter 10) [0.0, -0.1273, 0.1835] = 452.2307, sampling [1.0, -1.2655, 0.9294]. Recommendation = [0.0, -0.1273, 0.1835], Current Cost = 5049.00, Rho = 1.000
(iter 10) [0.0, -0.1273, 0.1835] = 452.2307, sampling [1.0, -0.4232, 1.9223]. Recommendation = [0.0, -0.1273, 0.1835], Current Cost = 5050.00, Rho = 1.000
(iter 10) [0.0, -0.1273, 0.1835] = 452.2307, sampling [1.0, -0.5767, -0.3810]. Recommendation = [0.0, -0.1273, 0.1835], Current Cost = 5051.00, Rho = 1.000
(iter 10) [0.0, -0.1273, 0.1835] = 452.2307, sampling [1.0, -0.5010, 1.0359]. Recommendation = [0.0, -0.1273, 0.1835], Current Cost = 5052.00, Rho = 1.000
(iter 10) [0.0, -0.1273, 0.1835] = 452.2307, sampling [1.0, 1.0133, 1.6383]. Recommendation = [0.0, -0.1273, 0.1835], Current Cost = 5053.00, Rho = 1.000
(iter 10) [0.0, -0.1273, 0.1835] = 452.2307, sampling [1.0, 0.7613, 1.3818]. Recommendation = [0.0, -0.1273, 0.1835], Current Cost = 5054.00, Rho = 1.000
(iter 10) [0.0, -0.1273, 0.1835] = 452.2307, sampling [1.0, 0.1566, -0.5149]. Recommendation = [0.0, -0.1273, 0.1835], Current Cost = 5055.00, Rho = 1.000
(iter 10) [0.0, -0.1273, 0.1835] = 452.2307, sampling [1.0, 0.5763, 1.8468]. Recommendation = [0.0, -0.1273, 0.1835], Current Cost = 5056.00, Rho = 1.000
(iter 10) [0.0, -0.1273, 0.1835] = 452.2307, sampling [1.0, 0.1182, 1.0509]. Recommendation = [0.0, -0.1273, 0.1835], Current Cost = 5057.00, Rho = 1.000
(iter 10) [0.0, -0.1273, 0.1835] = 452.2307, sampling [1.0, -0.9480, 0.6864]. Recommendation = [0.0, -0.1273, 0.1835], Current Cost = 5058.00, Rho = 1.000
(iter 10) [0.0, -0.1273, 0.1835] = 452.2307, sampling [1.0, 0.4244, 1.2470]. Recommendation = [0.0, -0.1273, 0.1835], Current Cost = 5059.00, Rho = 1.000
(iter 10) [0.0, -0.1273, 0.1835] = 452.2307, sampling [1.0, 0.0140, 0.9535]. Recommendation = [0.0, -0.1273, 0.1835], Current Cost = 5060.00, Rho = 1.000
(iter 10) [0.0, -0.1273, 0.1835] = 452.2307, sampling [1.0, 1.4240, 1.4455]. Recommendation = [0.0, -0.1273, 0.1835], Current Cost = 5061.00, Rho = 1.000
(iter 10) [0.0, -0.1273, 0.1835] = 452.2307, sampling [1.0, 1.2064, 1.9471]. Recommendation = [0.0, -0.1273, 0.1835], Current Cost = 5062.00, Rho = 1.000
(iter 10) [0.0, -0.1273, 0.1835] = 452.2307, sampling [1.0, -1.2332, 0.1401]. Recommendation = [0.0, -0.1273, 0.1835], Current Cost = 5063.00, Rho = 1.000
(iter 10) [0.0, -0.1273, 0.1835] = 452.2307, sampling [1.0, 1.7526, 1.8308]. Recommendation = [0.0, -0.1273, 0.1835], Current Cost = 5064.00, Rho = 1.000
(iter 10) [0.0, -0.1273, 0.1835] = 452.2307, sampling [1.0, 1.1352, -0.5491]. Recommendation = [0.0, -0.1273, 0.1835], Current Cost = 5065.00, Rho = 1.000
(iter 10) [0.0, -0.1273, 0.1835] = 452.2307, sampling [1.0, -1.5917, 1.7543]. Recommendation = [0.0, -0.1273, 0.1835], Current Cost = 5066.00, Rho = 1.000
(iter 10) [0.0, -0.1273, 0.1835] = 452.2307, sampling [1.0, -0.7919, 0.6634]. Recommendation = [0.0, -0.1273, 0.1835], Current Cost = 5067.00, Rho = 1.000
(iter 10) [0.0, -0.1273, 0.1835] = 452.2307, sampling [1.0, -0.9760, 1.1594]. Recommendation = [0.0, -0.1273, 0.1835], Current Cost = 5068.00, Rho = 1.000
(iter 10) [0.0, -0.1273, 0.1835] = 452.2307, sampling [1.0, 0.6524, 1.4670]. Recommendation = [0.0, -0.1273, 0.1835], Current Cost = 5069.00, Rho = 1.000
(iter 10) [0.0, -0.1273, 0.1835] = 452.2307, sampling [1.0, 1.0430, 0.3678]. Recommendation = [0.0, -0.1273, 0.1835], Current Cost = 5070.00, Rho = 1.000
(iter 10) [0.0, -0.1273, 0.1835] = 452.2307, sampling [1.0, -0.4703, 1.1999]. Recommendation = [0.0, -0.1273, 0.1835], Current Cost = 5071.00, Rho = 1.000
(iter 10) [0.0, -0.1273, 0.1835] = 452.2307, sampling [1.0, -0.2754, -0.6489]. Recommendation = [0.0, -0.1273, 0.1835], Current Cost = 5072.00, Rho = 1.000
(iter 10) [0.0, -0.1273, 0.1835] = 452.2307, sampling [1.0, -1.9831, 0.8817]. Recommendation = [0.0, -0.1273, 0.1835], Current Cost = 5073.00, Rho = 1.000
(iter 10) [0.0, -0.1273, 0.1835] = 452.2307, sampling [1.0, 1.2963, 0.5186]. Recommendation = [0.0, -0.1273, 0.1835], Current Cost = 5074.00, Rho = 1.000
(iter 10) [0.0, -0.1273, 0.1835] = 452.2307, sampling [1.0, 1.3823, 0.8652]. Recommendation = [0.0, -0.1273, 0.1835], Current Cost = 5075.00, Rho = 1.000
(iter 10) [0.0, -0.1273, 0.1835] = 452.2307, sampling [1.0, -0.5601, -0.5087]. Recommendation = [0.0, -0.1273, 0.1835], Current Cost = 5076.00, Rho = 1.000
(iter 10) [0.0, -0.1273, 0.1835] = 452.2307, sampling [1.0, 1.2593, 0.1105]. Recommendation = [0.0, -0.1273, 0.1835], Current Cost = 5077.00, Rho = 1.000
(iter 10) [0.0, -0.1273, 0.1835] = 452.2307, sampling [1.0, 1.4471, 1.1090]. Recommendation = [0.0, -0.1273, 0.1835], Current Cost = 5078.00, Rho = 1.000
(iter 10) [0.0, -0.1273, 0.1835] = 452.2307, sampling [1.0, 0.3986, 1.6778]. Recommendation = [0.0, -0.1273, 0.1835], Current Cost = 5079.00, Rho = 1.000
(iter 10) [0.0, -0.1273, 0.1835] = 452.2307, sampling [1.0, -1.0001, 0.3475]. Recommendation = [0.0, -0.1273, 0.1835], Current Cost = 5080.00, Rho = 1.000
(iter 10) [0.0, -0.1273, 0.1835] = 452.2307, sampling [1.0, -1.0397, 1.9611]. Recommendation = [0.0, -0.1273, 0.1835], Current Cost = 5081.00, Rho = 1.000
(iter 10) [0.0, -0.1273, 0.1835] = 452.2307, sampling [1.0, -0.1672, 1.5090]. Recommendation = [0.0, -0.1273, 0.1835], Current Cost = 5082.00, Rho = 1.000
(iter 10) [0.0, -0.1273, 0.1835] = 452.2307, sampling [1.0, 0.4556, 1.3043]. Recommendation = [0.0, -0.1273, 0.1835], Current Cost = 5083.00, Rho = 1.000
(iter 10) [0.0, -0.1273, 0.1835] = 452.2307, sampling [1.0, -0.8345, 1.4223]. Recommendation = [0.0, -0.1273, 0.1835], Current Cost = 5084.00, Rho = 1.000
(iter 10) [0.0, -0.1273, 0.1835] = 452.2307, sampling [1.0, 0.1285, -0.8909]. Recommendation = [0.0, -0.1273, 0.1835], Current Cost = 5085.00, Rho = 1.000
(iter 10) [0.0, -0.1273, 0.1835] = 452.2307, sampling [0.0, 0.5427, 0.6226]. Recommendation = [0.0, -0.1273, 0.1835], Current Cost = 5086.00, Rho = 1.000
(iter 10) [0.0, -0.1273, 0.1835] = 452.2307, sampling [1.0, 0.8623, -0.2591]. Recommendation = [0.0, -0.1273, 0.1835], Current Cost = 6086.00, Rho = 1.000
(iter 10) [0.0, -0.1273, 0.1835] = 452.2307, sampling [1.0, 0.0562, 1.3121]. Recommendation = [0.0, -0.1273, 0.1835], Current Cost = 6087.00, Rho = 1.000
(iter 10) [0.0, -0.1273, 0.1835] = 452.2307, sampling [1.0, 1.9052, -1.6167]. Recommendation = [0.0, -0.1273, 0.1835], Current Cost = 6088.00, Rho = 1.000
(iter 10) [0.0, -0.1273, 0.1835] = 452.2307, sampling [1.0, 0.6976, 1.5228]. Recommendation = [0.0, -0.1273, 0.1835], Current Cost = 6089.00, Rho = 1.000
(iter 10) [0.0, -0.1273, 0.1835] = 452.2307, sampling [0.0, -0.0885, 0.5955]. Recommendation = [0.0, -0.1273, 0.1835], Current Cost = 6090.00, Rho = 1.000
(iter 10) [0.0, -0.1273, 0.1835] = 452.2307, sampling [1.0, 0.2178, 1.8864]. Recommendation = [0.0, -0.1273, 0.1835], Current Cost = 7090.00, Rho = 1.000
(iter 10) [0.0, -0.1273, 0.1835] = 452.2307, sampling [0.0, 0.7500, 0.9930]. Recommendation = [0.0, -0.1273, 0.1835], Current Cost = 7091.00, Rho = 1.000
(iter 10) [0.0, -0.1273, 0.1835] = 452.2307, sampling [1.0, -1.1007, -0.0941]. Recommendation = [0.0, -0.1273, 0.1835], Current Cost = 8091.00, Rho = 1.000
(iter 10) [0.0, -0.1273, 0.1835] = 452.2307, sampling [0.0, 0.4686, 0.2996]. Recommendation = [0.0, -0.1273, 0.1835], Current Cost = 8092.00, Rho = 1.000
(iter 100) [0.0, 0.4686, 0.2996] = 455.3780, sampling [0.0, 0.7212, 0.4919]. Recommendation = [0.0, 0.4686, 0.2996], Current Cost = 9092.00, Rho = 1.000
(iter 101) [0.0, 0.7212, 0.4919] = 456.1423, sampling [0.0, -0.3373, 0.3691]. Recommendation = [0.0, 0.7212, 0.4919], Current Cost = 10092.00, Rho = 1.000
(iter 101) [0.0, 0.7212, 0.4919] = 456.1423, sampling [0.0, 0.1608, -0.0385]. Recommendation = [0.0, 0.7212, 0.4919], Current Cost = 11092.00, Rho = 1.000
(iter 101) [0.0, 0.7212, 0.4919] = 456.1423, sampling [0.0, -0.2505, -0.0797]. Recommendation = [0.0, 0.7212, 0.4919], Current Cost = 12092.00, Rho = 1.000
(iter 101) [0.0, 0.7212, 0.4919] = 456.1423, sampling [0.0, -0.0113, 0.0768]. Recommendation = [0.0, -0.0113, 0.0768], Current Cost = 13092.00, Rho = 1.000
(iter 101) [0.0, 0.7212, 0.4919] = 456.1423, sampling [0.0, 0.3780, 0.1689]. Recommendation = [0.0, 0.7212, 0.4919], Current Cost = 14092.00, Rho = 1.000
(iter 101) [0.0, 0.7212, 0.4919] = 456.1423, sampling [0.0, 0.9707, 0.7918]. Recommendation = [0.0, 0.7212, 0.4919], Current Cost = 15092.00, Rho = 1.000
(iter 101) [0.0, 0.7212, 0.4919] = 456.1423, sampling [0.0, -0.6687, 0.7555]. Recommendation = [0.0, 0.7212, 0.4919], Current Cost = 16092.00, Rho = 1.000
(iter 101) [0.0, 0.7212, 0.4919] = 456.1423, sampling [1.0, -0.6687, 0.7555]. Recommendation = [0.0, 0.7212, 0.4919], Current Cost = 17092.00, Rho = 1.000
(iter 101) [0.0, 0.7212, 0.4919] = 456.1423, sampling [1.0, -0.5925, 1.3564]. Recommendation = [0.0, 0.7212, 0.4919], Current Cost = 17093.00, Rho = 1.000
(iter 101) [0.0, 0.7212, 0.4919] = 456.1423, sampling [1.0, -1.0880, 1.4735]. Recommendation = [0.0, 0.7212, 0.4919], Current Cost = 17094.00, Rho = 1.000
(iter 101) [0.0, 0.7212, 0.4919] = 456.1423, sampling [1.0, -0.8563, 1.2799]. Recommendation = [0.0, 0.7212, 0.4919], Current Cost = 17095.00, Rho = 1.000
(iter 101) [0.0, 0.7212, 0.4919] = 456.1423, sampling [1.0, -0.4919, 1.5846]. Recommendation = [0.0, 0.7212, 0.4919], Current Cost = 17096.00, Rho = 1.000
(iter 101) [0.0, 0.7212, 0.4919] = 456.1423, sampling [0.0, -0.6509, 0.0483]. Recommendation = [0.0, 0.7212, 0.4919], Current Cost = 17097.00, Rho = 1.000
(iter 101) [0.0, 0.7212, 0.4919] = 456.1423, sampling [0.0, -0.8205, 0.4263]. Recommendation = [0.0, 0.7212, 0.4919], Current Cost = 18097.00, Rho = 1.000
(iter 101) [0.0, 0.7212, 0.4919] = 456.1423, sampling [1.0, -1.0536, 0.0443]. Recommendation = [0.0, 0.7212, 0.4919], Current Cost = 19097.00, Rho = 1.000
(iter 101) [0.0, 0.7212, 0.4919] = 456.1423, sampling [0.0, -0.3957, 0.7747]. Recommendation = [0.0, 0.7212, 0.4919], Current Cost = 19098.00, Rho = 1.000
(iter 101) [0.0, 0.7212, 0.4919] = 456.1423, sampling [0.0, -0.2341, 0.2621]. Recommendation = [0.0, 0.7212, 0.4919], Current Cost = 20098.00, Rho = 1.000
(iter 101) [0.0, 0.7212, 0.4919] = 456.1423, sampling [0.0, 0.0161, -0.1544]. Recommendation = [0.0, 0.7212, 0.4919], Current Cost = 21098.00, Rho = 1.000
(iter 101) [0.0, 0.7212, 0.4919] = 456.1423, sampling [0.0, 0.1974, 0.9692]. Recommendation = [0.0, 0.7212, 0.4919], Current Cost = 22098.00, Rho = 1.000
(iter 101) [0.0, 0.7212, 0.4919] = 456.1423, sampling [0.0, -0.7919, 0.6634]. Recommendation = [0.0, 0.7212, 0.4919], Current Cost = 23098.00, Rho = 1.000
(iter 101) [0.0, 0.7212, 0.4919] = 456.1423, sampling [0.0, 0.8165, 0.4120]. Recommendation = [0.0, 0.7212, 0.4919], Current Cost = 24098.00, Rho = 1.000
(iter 101) [0.0, 0.7212, 0.4919] = 456.1423, sampling [0.0, -0.9792, 1.2152]. Recommendation = [0.0, 0.7212, 0.4919], Current Cost = 25098.00, Rho = 1.000
(iter 101) [0.0, 0.7212, 0.4919] = 456.1423, sampling [1.0, -0.9792, 1.2152]. Recommendation = [0.0, 0.7212, 0.4919], Current Cost = 26098.00, Rho = 1.000
(iter 101) [0.0, 0.7212, 0.4919] = 456.1423, sampling [1.0, -0.8895, 1.2942]. Recommendation = [0.0, 0.7212, 0.4919], Current Cost = 26099.00, Rho = 1.000
(iter 101) [0.0, 0.7212, 0.4919] = 456.1423, sampling [1.0, -1.2923, 1.0686]. Recommendation = [0.0, 0.7212, 0.4919], Current Cost = 26100.00, Rho = 1.000
(iter 101) [0.0, 0.7212, 0.4919] = 456.1423, sampling [1.0, -1.2977, 1.4924]. Recommendation = [0.0, 0.7212, 0.4919], Current Cost = 26101.00, Rho = 1.000
(iter 101) [0.0, 0.7212, 0.4919] = 456.1423, sampling [1.0, -1.1426, 1.8101]. Recommendation = [0.0, 0.7212, 0.4919], Current Cost = 26102.00, Rho = 1.000
(iter 101) [0.0, 0.7212, 0.4919] = 456.1423, sampling [1.0, -0.8013, 1.8906]. Recommendation = [0.0, 0.7212, 0.4919], Current Cost = 26103.00, Rho = 1.000
(iter 101) [0.0, 0.7212, 0.4919] = 456.1423, sampling [1.0, -1.3492, 0.8352]. Recommendation = [0.0, 0.7212, 0.4919], Current Cost = 26104.00, Rho = 1.000
(iter 101) [0.0, 0.7212, 0.4919] = 456.1423, sampling [1.0, -1.3939, 0.5070]. Recommendation = [0.0, 0.7212, 0.4919], Current Cost = 26105.00, Rho = 1.000
(iter 101) [0.0, 0.7212, 0.4919] = 456.1423, sampling [1.0, -1.4784, 1.9686]. Recommendation = [0.0, 0.7212, 0.4919], Current Cost = 26106.00, Rho = 1.000
(iter 101) [0.0, 0.7212, 0.4919] = 456.1423, sampling [1.0, -0.6172, 1.7346]. Recommendation = [0.0, 0.7212, 0.4919], Current Cost = 26107.00, Rho = 1.000
(iter 101) [0.0, 0.7212, 0.4919] = 456.1423, sampling [0.0, -0.9480, 0.6864]. Recommendation = [0.0, 0.7212, 0.4919], Current Cost = 26108.00, Rho = 1.000
(iter 101) [0.0, 0.7212, 0.4919] = 456.1423, sampling [0.0, -0.7029, 1.2231]. Recommendation = [0.0, 0.7212, 0.4919], Current Cost = 27108.00, Rho = 1.000
(iter 101) [0.0, 0.7212, 0.4919] = 456.1423, sampling [0.0, 0.5924, 0.0081]. Recommendation = [0.0, 0.7212, 0.4919], Current Cost = 28108.00, Rho = 1.000
(iter 101) [0.0, 0.7212, 0.4919] = 456.1423, sampling [0.0, 0.2363, -0.0556]. Recommendation = [0.0, 0.7212, 0.4919], Current Cost = 29108.00, Rho = 1.000
(iter 101) [0.0, 0.7212, 0.4919] = 456.1423, sampling [0.0, -0.5551, -0.1282]. Recommendation = [0.0, 0.7212, 0.4919], Current Cost = 30108.00, Rho = 1.000
(iter 101) [0.0, 0.7212, 0.4919] = 456.1423, sampling [0.0, -0.2636, -0.2168]. Recommendation = [0.0, 0.7212, 0.4919], Current Cost = 31108.00, Rho = 1.000
(iter 101) [0.0, 0.7212, 0.4919] = 456.1423, sampling [0.0, -1.0880, 1.4735]. Recommendation = [0.0, 0.7212, 0.4919], Current Cost = 32108.00, Rho = 1.000
(iter 101) [0.0, 0.7212, 0.4919] = 456.1423, sampling [1.0, -1.5303, 1.1325]. Recommendation = [0.0, 0.7212, 0.4919], Current Cost = 33108.00, Rho = 1.000
(iter 101) [0.0, 0.7212, 0.4919] = 456.1423, sampling [1.0, -1.8544, 1.7240]. Recommendation = [0.0, 0.7212, 0.4919], Current Cost = 33109.00, Rho = 1.000
(iter 101) [0.0, 0.7212, 0.4919] = 456.1423, sampling [0.0, -1.2923, 1.0686]. Recommendation = [0.0, 0.7212, 0.4919], Current Cost = 33110.00, Rho = 1.000
(iter 101) [0.0, 0.7212, 0.4919] = 456.1423, sampling [0.0, -1.2977, 1.4924]. Recommendation = [0.0, 0.7212, 0.4919], Current Cost = 34110.00, Rho = 1.000
(iter 101) [0.0, 0.7212, 0.4919] = 456.1423, sampling [0.0, -1.1426, 1.8101]. Recommendation = [0.0, 0.7212, 0.4919], Current Cost = 35110.00, Rho = 1.000
(iter 101) [0.0, 0.7212, 0.4919] = 456.1423, sampling [1.0, -0.7452, 1.9959]. Recommendation = [0.0, 0.7212, 0.4919], Current Cost = 36110.00, Rho = 1.000
(iter 101) [0.0, 0.7212, 0.4919] = 456.1423, sampling [1.0, -1.5482, 1.8055]. Recommendation = [0.0, 0.7212, 0.4919], Current Cost = 36111.00, Rho = 1.000
(iter 101) [0.0, 0.7212, 0.4919] = 456.1423, sampling [1.0, 0.6245, 1.6927]. Recommendation = [0.0, 0.7212, 0.4919], Current Cost = 36112.00, Rho = 1.000
(iter 101) [0.0, 0.7212, 0.4919] = 456.1423, sampling [0.0, 0.8361, 1.1795]. Recommendation = [0.0, 0.7212, 0.4919], Current Cost = 36113.00, Rho = 1.000
(iter 101) [0.0, 0.7212, 0.4919] = 456.1423, sampling [0.0, -0.8767, 0.1576]. Recommendation = [0.0, 0.7212, 0.4919], Current Cost = 37113.00, Rho = 1.000
(iter 101) [0.0, 0.7212, 0.4919] = 456.1423, sampling [0.0, 0.9934, 0.4531]. Recommendation = [0.0, 0.7212, 0.4919], Current Cost = 38113.00, Rho = 1.000
(iter 101) [0.0, 0.7212, 0.4919] = 456.1423, sampling [0.0, -0.0283, -0.2734]. Recommendation = [0.0, 0.7212, 0.4919], Current Cost = 39113.00, Rho = 1.000
(iter 101) [0.0, 0.7212, 0.4919] = 456.1423, sampling [0.0, 0.6565, 0.9256]. Recommendation = [0.0, 0.7212, 0.4919], Current Cost = 40113.00, Rho = 1.000
(iter 101) [0.0, 0.7212, 0.4919] = 456.1423, sampling [0.0, -0.0362, 0.1245]. Recommendation = [0.0, 0.7212, 0.4919], Current Cost = 41113.00, Rho = 1.000
(iter 101) [0.0, 0.7212, 0.4919] = 456.1423, sampling [0.0, -1.4784, 1.9686]. Recommendation = [0.0, 0.7212, 0.4919], Current Cost = 42113.00, Rho = 1.000
(iter 101) [0.0, 0.7212, 0.4919] = 456.1423, sampling [0.0, -1.5482, 1.8055]. Recommendation = [0.0, 0.7212, 0.4919], Current Cost = 43113.00, Rho = 1.000
(iter 101) [0.0, 0.7212, 0.4919] = 456.1423, sampling [0.0, 0.4987, 0.3215]. Recommendation = [0.0, 0.7212, 0.4919], Current Cost = 44113.00, Rho = 1.000
(iter 101) [0.0, 0.7212, 0.4919] = 456.1423, sampling [0.0, 1.3332, 1.6484]. Recommendation = [0.0, 0.7212, 0.4919], Current Cost = 45113.00, Rho = 1.000
(iter 101) [0.0, 0.7212, 0.4919] = 456.1423, sampling [1.0, 1.3332, 1.6484]. Recommendation = [0.0, 0.7212, 0.4919], Current Cost = 46113.00, Rho = 1.000
(iter 101) [0.0, 0.7212, 0.4919] = 456.1423, sampling [1.0, 1.5405, 1.6114]. Recommendation = [0.0, 0.7212, 0.4919], Current Cost = 46114.00, Rho = 1.000
(iter 101) [0.0, 0.7212, 0.4919] = 456.1423, sampling [1.0, 1.1530, 1.9111]. Recommendation = [0.0, 0.7212, 0.4919], Current Cost = 46115.00, Rho = 1.000
(iter 101) [0.0, 0.7212, 0.4919] = 456.1423, sampling [1.0, 1.6441, 1.3653]. Recommendation = [0.0, 0.7212, 0.4919], Current Cost = 46116.00, Rho = 1.000
(iter 101) [0.0, 0.7212, 0.4919] = 456.1423, sampling [1.0, 1.8963, 1.5666]. Recommendation = [0.0, 0.7212, 0.4919], Current Cost = 46117.00, Rho = 1.000
(iter 101) [0.0, 0.7212, 0.4919] = 456.1423, sampling [0.0, 1.4240, 1.4455]. Recommendation = [0.0, 0.7212, 0.4919], Current Cost = 46118.00, Rho = 1.000
(iter 101) [0.0, 0.7212, 0.4919] = 456.1423, sampling [0.0, 1.2761, 1.6161]. Recommendation = [0.0, 0.7212, 0.4919], Current Cost = 47118.00, Rho = 1.000
(iter 165) [0.0, 1.2761, 1.6161] = 456.2086, sampling [0.0, 1.2064, 1.9471]. Recommendation = [0.0, 1.2761, 1.6161], Current Cost = 48118.00, Rho = 1.000
(iter 165) [0.0, 1.2761, 1.6161] = 456.2086, sampling [1.0, 1.2309, 0.3056]. Recommendation = [0.0, 1.2761, 1.6161], Current Cost = 49118.00, Rho = 1.000
(iter 165) [0.0, 1.2761, 1.6161] = 456.2086, sampling [0.0, 1.0133, 1.6383]. Recommendation = [0.0, 1.2761, 1.6161], Current Cost = 49119.00, Rho = 1.000
(iter 165) [0.0, 1.2761, 1.6161] = 456.2086, sampling [0.0, -0.9760, 1.1594]. Recommendation = [0.0, 1.2761, 1.6161], Current Cost = 50119.00, Rho = 1.000
(iter 165) [0.0, 1.2761, 1.6161] = 456.2086, sampling [0.0, -0.8345, 1.4223]. Recommendation = [0.0, 1.2761, 1.6161], Current Cost = 51119.00, Rho = 1.000
(iter 165) [0.0, 1.2761, 1.6161] = 456.2086, sampling [0.0, 1.3491, 1.0184]. Recommendation = [0.0, 1.2761, 1.6161], Current Cost = 52119.00, Rho = 1.000
(iter 165) [0.0, 1.2761, 1.6161] = 456.2086, sampling [0.0, -1.0001, 0.3475]. Recommendation = [0.0, 1.2761, 1.6161], Current Cost = 53119.00, Rho = 1.000
(iter 165) [0.0, 1.2761, 1.6161] = 456.2086, sampling [0.0, -0.5010, 1.0359]. Recommendation = [0.0, 1.2761, 1.6161], Current Cost = 54119.00, Rho = 1.000
(iter 165) [0.0, 1.2761, 1.6161] = 456.2086, sampling [0.0, -1.0397, 1.9611]. Recommendation = [0.0, 1.2761, 1.6161], Current Cost = 55119.00, Rho = 1.000
(iter 165) [0.0, 1.2761, 1.6161] = 456.2086, sampling [1.0, -1.8061, 1.3991]. Recommendation = [0.0, 1.2761, 1.6161], Current Cost = 56119.00, Rho = 1.000
(iter 165) [0.0, 1.2761, 1.6161] = 456.2086, sampling [0.0, 1.5405, 1.6114]. Recommendation = [0.0, 1.2761, 1.6161], Current Cost = 56120.00, Rho = 1.000
(iter 165) [0.0, 1.2761, 1.6161] = 456.2086, sampling [1.0, -1.4646, 0.7223]. Recommendation = [0.0, 1.2761, 1.6161], Current Cost = 57120.00, Rho = 1.000
(iter 165) [0.0, 1.2761, 1.6161] = 456.2086, sampling [0.0, 0.5603, 1.0885]. Recommendation = [0.0, 1.2761, 1.6161], Current Cost = 57121.00, Rho = 1.000
(iter 165) [0.0, 1.2761, 1.6161] = 456.2086, sampling [0.0, -1.2655, 0.9294]. Recommendation = [0.0, 1.2761, 1.6161], Current Cost = 58121.00, Rho = 1.000
(iter 165) [0.0, 1.2761, 1.6161] = 456.2086, sampling [0.0, 0.1566, -0.5149]. Recommendation = [0.0, 1.2761, 1.6161], Current Cost = 59121.00, Rho = 1.000
(iter 165) [0.0, 1.2761, 1.6161] = 456.2086, sampling [0.0, 0.6814, -0.3336]. Recommendation = [0.0, 1.2761, 1.6161], Current Cost = 60121.00, Rho = 1.000
(iter 165) [0.0, 1.2761, 1.6161] = 456.2086, sampling [0.0, 0.5171, 0.6518]. Recommendation = [0.0, 1.2761, 1.6161], Current Cost = 61121.00, Rho = 1.000
(iter 165) [0.0, 1.2761, 1.6161] = 456.2086, sampling [0.0, -0.8895, 1.2942]. Recommendation = [0.0, 1.2761, 1.6161], Current Cost = 62121.00, Rho = 1.000
(iter 165) [0.0, 1.2761, 1.6161] = 456.2086, sampling [0.0, 1.1530, 1.9111]. Recommendation = [0.0, 1.2761, 1.6161], Current Cost = 63121.00, Rho = 1.000
(iter 165) [0.0, 1.2761, 1.6161] = 456.2086, sampling [1.0, -0.4022, -0.7381]. Recommendation = [0.0, 1.2761, 1.6161], Current Cost = 64121.00, Rho = 1.000
(iter 165) [0.0, 1.2761, 1.6161] = 456.2086, sampling [0.0, 0.7834, 1.2594]. Recommendation = [0.0, 1.2761, 1.6161], Current Cost = 64122.00, Rho = 1.000
(iter 165) [0.0, 1.2761, 1.6161] = 456.2086, sampling [0.0, -0.0761, 0.9011]. Recommendation = [0.0, 1.2761, 1.6161], Current Cost = 65122.00, Rho = 1.000
(iter 165) [0.0, 1.2761, 1.6161] = 456.2086, sampling [0.0, -0.6868, 0.7420]. Recommendation = [0.0, 1.2761, 1.6161], Current Cost = 66122.00, Rho = 1.000
(iter 165) [0.0, 1.2761, 1.6161] = 456.2086, sampling [0.0, 1.1046, 0.2509]. Recommendation = [0.0, 1.2761, 1.6161], Current Cost = 67122.00, Rho = 1.000
(iter 165) [0.0, 1.2761, 1.6161] = 456.2086, sampling [0.0, -0.5767, -0.3810]. Recommendation = [0.0, 1.2761, 1.6161], Current Cost = 68122.00, Rho = 1.000
(iter 165) [0.0, 1.2761, 1.6161] = 456.2086, sampling [0.0, -0.2754, -0.6489]. Recommendation = [0.0, 1.2761, 1.6161], Current Cost = 69122.00, Rho = 1.000
(iter 165) [0.0, 1.2761, 1.6161] = 456.2086, sampling [1.0, -0.3153, -0.7262]. Recommendation = [0.0, 1.2761, 1.6161], Current Cost = 70122.00, Rho = 1.000
(iter 165) [0.0, 1.2761, 1.6161] = 456.2086, sampling [1.0, -0.1118, -0.9303]. Recommendation = [0.0, 1.2761, 1.6161], Current Cost = 70123.00, Rho = 1.000
(iter 165) [0.0, 1.2761, 1.6161] = 456.2086, sampling [1.0, 0.0404, 1.7691]. Recommendation = [0.0, 1.2761, 1.6161], Current Cost = 70124.00, Rho = 1.000
(iter 165) [0.0, 1.2761, 1.6161] = 456.2086, sampling [0.0, -0.1489, 1.5461]. Recommendation = [0.0, 1.2761, 1.6161], Current Cost = 70125.00, Rho = 1.000
(iter 165) [0.0, 1.2761, 1.6161] = 456.2086, sampling [0.0, 1.1735, 0.5760]. Recommendation = [0.0, 1.2761, 1.6161], Current Cost = 71125.00, Rho = 1.000
(iter 165) [0.0, 1.2761, 1.6161] = 456.2086, sampling [0.0, -1.5303, 1.1325]. Recommendation = [0.0, 1.2761, 1.6161], Current Cost = 72125.00, Rho = 1.000
(iter 165) [0.0, 1.2761, 1.6161] = 456.2086, sampling [0.0, 0.7613, 1.3818]. Recommendation = [0.0, 1.2761, 1.6161], Current Cost = 73125.00, Rho = 1.000
(iter 165) [0.0, 1.2761, 1.6161] = 456.2086, sampling [0.0, 1.7526, 1.8308]. Recommendation = [0.0, 1.2761, 1.6161], Current Cost = 74125.00, Rho = 1.000
(iter 165) [0.0, 1.2761, 1.6161] = 456.2086, sampling [0.0, -1.0536, 0.0443]. Recommendation = [0.0, 1.2761, 1.6161], Current Cost = 75125.00, Rho = 1.000
(iter 165) [0.0, 1.2761, 1.6161] = 456.2086, sampling [0.0, 1.0430, 0.3678]. Recommendation = [0.0, 1.2761, 1.6161], Current Cost = 76125.00, Rho = 1.000
(iter 165) [0.0, 1.2761, 1.6161] = 456.2086, sampling [0.0, -0.7295, 1.8665]. Recommendation = [0.0, 1.2761, 1.6161], Current Cost = 77125.00, Rho = 1.000
(iter 165) [0.0, 1.2761, 1.6161] = 456.2086, sampling [0.0, 0.8623, -0.2591]. Recommendation = [0.0, 1.2761, 1.6161], Current Cost = 78125.00, Rho = 1.000
(iter 165) [0.0, 1.2761, 1.6161] = 456.2086, sampling [0.0, -0.8563, 1.2799]. Recommendation = [0.0, 1.2761, 1.6161], Current Cost = 79125.00, Rho = 1.000
(iter 165) [0.0, 1.2761, 1.6161] = 456.2086, sampling [0.0, 1.4471, 1.1090]. Recommendation = [0.0, 1.2761, 1.6161], Current Cost = 80125.00, Rho = 1.000
(iter 165) [0.0, 1.2761, 1.6161] = 456.2086, sampling [0.0, 0.1285, -0.8909]. Recommendation = [0.0, 1.2761, 1.6161], Current Cost = 81125.00, Rho = 1.000
(iter 165) [0.0, 1.2761, 1.6161] = 456.2086, sampling [1.0, 0.2576, -1.0362]. Recommendation = [0.0, 1.2761, 1.6161], Current Cost = 82125.00, Rho = 1.000
(iter 165) [0.0, 1.2761, 1.6161] = 456.2086, sampling [1.0, -0.0483, -0.9179]. Recommendation = [0.0, 1.2761, 1.6161], Current Cost = 82126.00, Rho = 1.000
(iter 165) [0.0, 1.2761, 1.6161] = 456.2086, sampling [0.0, 0.4556, 1.3043]. Recommendation = [0.0, 1.2761, 1.6161], Current Cost = 82127.00, Rho = 1.000
(iter 165) [0.0, 1.2761, 1.6161] = 456.2086, sampling [1.0, 0.9075, -0.4947]. Recommendation = [0.0, 1.2761, 1.6161], Current Cost = 83127.00, Rho = 1.000
(iter 165) [0.0, 1.2761, 1.6161] = 456.2086, sampling [0.0, -1.5917, 1.7543]. Recommendation = [0.0, 1.2761, 1.6161], Current Cost = 83128.00, Rho = 1.000
(iter 165) [0.0, 1.2761, 1.6161] = 456.2086, sampling [0.0, -0.5601, -0.5087]. Recommendation = [0.0, 1.2761, 1.6161], Current Cost = 84128.00, Rho = 1.000
(iter 165) [0.0, 1.2761, 1.6161] = 456.2086, sampling [0.0, -1.3492, 0.8352]. Recommendation = [0.0, 1.2761, 1.6161], Current Cost = 85128.00, Rho = 1.000
(iter 165) [0.0, 1.2761, 1.6161] = 456.2086, sampling [0.0, -0.4703, 1.1999]. Recommendation = [0.0, 1.2761, 1.6161], Current Cost = 86128.00, Rho = 1.000
(iter 165) [0.0, 1.2761, 1.6161] = 456.2086, sampling [0.0, -0.1118, -0.9303]. Recommendation = [0.0, 1.2761, 1.6161], Current Cost = 87128.00, Rho = 1.000
(iter 165) [0.0, 1.2761, 1.6161] = 456.2086, sampling [1.0, -0.5383, -0.8980]. Recommendation = [0.0, 1.2761, 1.6161], Current Cost = 88128.00, Rho = 1.000
(iter 165) [0.0, 1.2761, 1.6161] = 456.2086, sampling [0.0, -0.4022, -0.7381]. Recommendation = [0.0, 1.2761, 1.6161], Current Cost = 88129.00, Rho = 1.000
(iter 165) [0.0, 1.2761, 1.6161] = 456.2086, sampling [1.0, -0.9186, -0.6008]. Recommendation = [0.0, 1.2761, 1.6161], Current Cost = 89129.00, Rho = 1.000
(iter 165) [0.0, 1.2761, 1.6161] = 456.2086, sampling [0.0, 1.4156, 0.8533]. Recommendation = [0.0, 1.2761, 1.6161], Current Cost = 89130.00, Rho = 1.000
(iter 165) [0.0, 1.2761, 1.6161] = 456.2086, sampling [0.0, 0.5763, 1.8468]. Recommendation = [0.0, 1.2761, 1.6161], Current Cost = 90130.00, Rho = 1.000
(iter 165) [0.0, 1.2761, 1.6161] = 456.2086, sampling [0.0, -0.5925, 1.3564]. Recommendation = [0.0, 1.2761, 1.6161], Current Cost = 91130.00, Rho = 1.000
(iter 165) [0.0, 1.2761, 1.6161] = 456.2086, sampling [0.0, 0.6231, 1.3401]. Recommendation = [0.0, 1.2761, 1.6161], Current Cost = 92130.00, Rho = 1.000
(iter 165) [0.0, 1.2761, 1.6161] = 456.2086, sampling [0.0, 1.6441, 1.3653]. Recommendation = [0.0, 1.2761, 1.6161], Current Cost = 93130.00, Rho = 1.000
(iter 165) [0.0, 1.2761, 1.6161] = 456.2086, sampling [0.0, -1.3939, 0.5070]. Recommendation = [0.0, 1.2761, 1.6161], Current Cost = 94130.00, Rho = 1.000
(iter 165) [0.0, 1.2761, 1.6161] = 456.2086, sampling [0.0, 0.4899, 1.1449]. Recommendation = [0.0, 1.2761, 1.6161], Current Cost = 95130.00, Rho = 1.000
(iter 165) [0.0, 1.2761, 1.6161] = 456.2086, sampling [0.0, -0.3153, -0.7262]. Recommendation = [0.0, 1.2761, 1.6161], Current Cost = 96130.00, Rho = 1.000
(iter 165) [0.0, 1.2761, 1.6161] = 456.2086, sampling [0.0, 0.0140, 0.9535]. Recommendation = [0.0, 1.2761, 1.6161], Current Cost = 97130.00, Rho = 1.000
(iter 165) [0.0, 1.2761, 1.6161] = 456.2086, sampling [0.0, 0.9416, -0.4097]. Recommendation = [0.0, 1.2761, 1.6161], Current Cost = 98130.00, Rho = 1.000
(iter 165) [0.0, 1.2761, 1.6161] = 456.2086, sampling [1.0, 0.0905, -1.1819]. Recommendation = [0.0, 1.2761, 1.6161], Current Cost = 99130.00, Rho = 1.000
(iter 165) [0.0, 1.2761, 1.6161] = 456.2086, sampling [0.0, 0.2576, -1.0362]. Recommendation = [0.0, 1.2761, 1.6161], Current Cost = 99131.00, Rho = 1.000
