(iter 10) [0.0, -1.2886, 1.2236] = 431.9702, sampling [1.0, -1.1178, 1.0876]. Recommendation = [0.0, -1.2886, 1.2236], Current Cost = 5005.00, Rho = 1.000
(iter 10) [0.0, -1.2886, 1.2236] = 431.9702, sampling [1.0, -1.0493, 1.0431]. Recommendation = [0.0, -1.1178, 1.0876], Current Cost = 5006.00, Rho = 1.000
(iter 10) [0.0, -1.2886, 1.2236] = 431.9702, sampling [1.0, -0.9095, 0.9451]. Recommendation = [0.0, -1.0493, 1.0431], Current Cost = 5007.00, Rho = 1.000
(iter 10) [0.0, -1.2886, 1.2236] = 431.9702, sampling [1.0, -0.7342, 0.8219]. Recommendation = [0.0, -1.0493, 1.0431], Current Cost = 5008.00, Rho = 1.000
(iter 10) [0.0, -1.2886, 1.2236] = 431.9702, sampling [1.0, -0.7662, 1.0179]. Recommendation = [0.0, -1.0493, 1.0431], Current Cost = 5009.00, Rho = 1.000
(iter 10) [0.0, -1.2886, 1.2236] = 431.9702, sampling [1.0, -0.9402, 0.8169]. Recommendation = [0.0, -1.0493, 1.0431], Current Cost = 5010.00, Rho = 1.000
(iter 10) [0.0, -1.2886, 1.2236] = 431.9702, sampling [1.0, -0.9336, 0.9005]. Recommendation = [0.0, -0.9336, 0.9005], Current Cost = 5011.00, Rho = 1.000
(iter 10) [0.0, -1.2886, 1.2236] = 431.9702, sampling [1.0, -0.8031, 0.6452]. Recommendation = [0.0, -0.9336, 0.9005], Current Cost = 5012.00, Rho = 1.000
(iter 10) [0.0, -1.2886, 1.2236] = 431.9702, sampling [1.0, -0.5513, 0.5843]. Recommendation = [0.0, -0.8031, 0.6452], Current Cost = 5013.00, Rho = 1.000
(iter 10) [0.0, -1.2886, 1.2236] = 431.9702, sampling [1.0, -0.7091, 0.7089]. Recommendation = [0.0, -0.8031, 0.6452], Current Cost = 5014.00, Rho = 1.000
(iter 10) [0.0, -1.2886, 1.2236] = 431.9702, sampling [1.0, -0.7701, 0.4509]. Recommendation = [0.0, -0.8031, 0.6452], Current Cost = 5015.00, Rho = 1.000
(iter 10) [0.0, -1.2886, 1.2236] = 431.9702, sampling [1.0, -0.5765, 0.4797]. Recommendation = [0.0, -0.8031, 0.6452], Current Cost = 5016.00, Rho = 1.000
(iter 10) [0.0, -1.2886, 1.2236] = 431.9702, sampling [1.0, -0.4337, 0.3914]. Recommendation = [0.0, -0.8031, 0.6452], Current Cost = 5017.00, Rho = 1.000
(iter 10) [0.0, -1.2886, 1.2236] = 431.9702, sampling [1.0, -0.4741, 0.4685]. Recommendation = [0.0, -0.8031, 0.6452], Current Cost = 5018.00, Rho = 1.000
(iter 10) [0.0, -1.2886, 1.2236] = 431.9702, sampling [1.0, -1.0758, 0.6938]. Recommendation = [0.0, -0.8031, 0.6452], Current Cost = 5019.00, Rho = 1.000
(iter 10) [0.0, -1.2886, 1.2236] = 431.9702, sampling [1.0, -0.3120, 0.5637]. Recommendation = [0.0, -0.8031, 0.6452], Current Cost = 5020.00, Rho = 1.000
(iter 10) [0.0, -1.2886, 1.2236] = 431.9702, sampling [1.0, -0.7254, 0.3250]. Recommendation = [0.0, -0.8031, 0.6452], Current Cost = 5021.00, Rho = 1.000
(iter 10) [0.0, -1.2886, 1.2236] = 431.9702, sampling [1.0, -0.5980, 0.2175]. Recommendation = [0.0, -0.8031, 0.6452], Current Cost = 5022.00, Rho = 1.000
(iter 10) [0.0, -1.2886, 1.2236] = 431.9702, sampling [1.0, -0.4272, 0.1872]. Recommendation = [0.0, -0.8031, 0.6452], Current Cost = 5023.00, Rho = 1.000
(iter 10) [0.0, -1.2886, 1.2236] = 431.9702, sampling [1.0, -0.5354, 0.1935]. Recommendation = [0.0, -0.4272, 0.1872], Current Cost = 5024.00, Rho = 1.000
(iter 10) [0.0, -1.2886, 1.2236] = 431.9702, sampling [1.0, -0.2680, 0.2150]. Recommendation = [0.0, -0.4272, 0.1872], Current Cost = 5025.00, Rho = 1.000
(iter 10) [0.0, -1.2886, 1.2236] = 431.9702, sampling [1.0, -0.3310, 0.3319]. Recommendation = [0.0, -0.4272, 0.1872], Current Cost = 5026.00, Rho = 1.000
(iter 10) [0.0, -1.2886, 1.2236] = 431.9702, sampling [1.0, -0.3921, 0.1521]. Recommendation = [0.0, -0.4272, 0.1872], Current Cost = 5027.00, Rho = 1.000
(iter 10) [0.0, -1.2886, 1.2236] = 431.9702, sampling [1.0, -0.5472, 0.0943]. Recommendation = [0.0, -0.3921, 0.1521], Current Cost = 5028.00, Rho = 1.000
(iter 10) [0.0, -1.2886, 1.2236] = 431.9702, sampling [1.0, -0.4008, -0.0009]. Recommendation = [0.0, -0.3921, 0.1521], Current Cost = 5029.00, Rho = 1.000
(iter 10) [0.0, -1.2886, 1.2236] = 431.9702, sampling [1.0, -0.1694, 0.0529]. Recommendation = [0.0, -0.3921, 0.1521], Current Cost = 5030.00, Rho = 1.000
(iter 10) [0.0, -1.2886, 1.2236] = 431.9702, sampling [1.0, -0.0012, 0.1898]. Recommendation = [0.0, -0.1694, 0.0529], Current Cost = 5031.00, Rho = 1.000
(iter 10) [0.0, -1.2886, 1.2236] = 431.9702, sampling [1.0, -0.0198, 0.0685]. Recommendation = [0.0, -0.1694, 0.0529], Current Cost = 5032.00, Rho = 1.000
(iter 10) [0.0, -1.2886, 1.2236] = 431.9702, sampling [1.0, -0.0445, 0.3498]. Recommendation = [0.0, -0.1694, 0.0529], Current Cost = 5033.00, Rho = 1.000
(iter 10) [0.0, -1.2886, 1.2236] = 431.9702, sampling [1.0, 0.0665, 0.2017]. Recommendation = [0.0, -0.1694, 0.0529], Current Cost = 5034.00, Rho = 1.000
(iter 10) [0.0, -1.2886, 1.2236] = 431.9702, sampling [1.0, 0.0122, 0.2343]. Recommendation = [0.0, -0.1694, 0.0529], Current Cost = 5035.00, Rho = 1.000
(iter 10) [0.0, -1.2886, 1.2236] = 431.9702, sampling [1.0, 0.1831, 0.0577]. Recommendation = [0.0, -0.1694, 0.0529], Current Cost = 5036.00, Rho = 1.000
(iter 10) [0.0, -1.2886, 1.2236] = 431.9702, sampling [1.0, 0.2035, 0.1694]. Recommendation = [0.0, 0.1831, 0.0577], Current Cost = 5037.00, Rho = 1.000
(iter 10) [0.0, -1.2886, 1.2236] = 431.9702, sampling [1.0, 0.2156, 0.0722]. Recommendation = [0.0, 0.1831, 0.0577], Current Cost = 5038.00, Rho = 1.000
(iter 10) [0.0, -1.2886, 1.2236] = 431.9702, sampling [1.0, 0.1943, 0.2063]. Recommendation = [0.0, 0.2156, 0.0722], Current Cost = 5039.00, Rho = 1.000
(iter 10) [0.0, -1.2886, 1.2236] = 431.9702, sampling [1.0, 0.0406, -0.1459]. Recommendation = [0.0, 0.2156, 0.0722], Current Cost = 5040.00, Rho = 1.000
(iter 10) [0.0, -1.2886, 1.2236] = 431.9702, sampling [1.0, 0.1706, -0.1011]. Recommendation = [0.0, 0.2156, 0.0722], Current Cost = 5041.00, Rho = 1.000
(iter 10) [0.0, -1.2886, 1.2236] = 431.9702, sampling [1.0, 0.1264, -0.1243]. Recommendation = [0.0, 0.2156, 0.0722], Current Cost = 5042.00, Rho = 1.000
(iter 10) [0.0, -1.2886, 1.2236] = 431.9702, sampling [1.0, -0.0112, -0.1637]. Recommendation = [0.0, 0.2156, 0.0722], Current Cost = 5043.00, Rho = 1.000
(iter 10) [0.0, -1.2886, 1.2236] = 431.9702, sampling [1.0, -0.2840, -0.2012]. Recommendation = [0.0, 0.2156, 0.0722], Current Cost = 5044.00, Rho = 1.000
(iter 10) [0.0, -1.2886, 1.2236] = 431.9702, sampling [1.0, 0.2497, 0.2559]. Recommendation = [0.0, 0.2156, 0.0722], Current Cost = 5045.00, Rho = 1.000
(iter 10) [0.0, -1.2886, 1.2236] = 431.9702, sampling [1.0, -0.4107, -0.0732]. Recommendation = [0.0, 0.2156, 0.0722], Current Cost = 5046.00, Rho = 1.000
(iter 10) [0.0, -1.2886, 1.2236] = 431.9702, sampling [1.0, 0.1407, 0.4155]. Recommendation = [0.0, 0.2156, 0.0722], Current Cost = 5047.00, Rho = 1.000
(iter 10) [0.0, -1.2886, 1.2236] = 431.9702, sampling [1.0, -0.6988, 0.1452]. Recommendation = [0.0, 0.2156, 0.0722], Current Cost = 5048.00, Rho = 1.000
(iter 10) [0.0, -1.2886, 1.2236] = 431.9702, sampling [1.0, -0.5261, -0.0326]. Recommendation = [0.0, 0.2156, 0.0722], Current Cost = 5049.00, Rho = 1.000
(iter 10) [0.0, -1.2886, 1.2236] = 431.9702, sampling [1.0, 0.3195, -0.0850]. Recommendation = [0.0, 0.2156, 0.0722], Current Cost = 5050.00, Rho = 1.000
(iter 10) [0.0, -1.2886, 1.2236] = 431.9702, sampling [1.0, 0.2051, -0.1926]. Recommendation = [0.0, 0.2156, 0.0722], Current Cost = 5051.00, Rho = 1.000
(iter 10) [0.0, -1.2886, 1.2236] = 431.9702, sampling [1.0, 0.4040, 0.2952]. Recommendation = [0.0, 0.2156, 0.0722], Current Cost = 5052.00, Rho = 1.000
(iter 10) [0.0, -1.2886, 1.2236] = 431.9702, sampling [1.0, 0.4103, 0.4573]. Recommendation = [0.0, 0.2156, 0.0722], Current Cost = 5053.00, Rho = 1.000
(iter 10) [0.0, -1.2886, 1.2236] = 431.9702, sampling [1.0, 0.5075, 0.3372]. Recommendation = [0.0, 0.2156, 0.0722], Current Cost = 5054.00, Rho = 1.000
(iter 10) [0.0, -1.2886, 1.2236] = 431.9702, sampling [1.0, 0.5416, 0.1757]. Recommendation = [0.0, 0.2156, 0.0722], Current Cost = 5055.00, Rho = 1.000
(iter 10) [0.0, -1.2886, 1.2236] = 431.9702, sampling [1.0, 0.4929, 0.0518]. Recommendation = [0.0, 0.2156, 0.0722], Current Cost = 5056.00, Rho = 1.000
(iter 10) [0.0, -1.2886, 1.2236] = 431.9702, sampling [1.0, 0.4027, -0.0461]. Recommendation = [0.0, 0.2156, 0.0722], Current Cost = 5057.00, Rho = 1.000
(iter 10) [0.0, -1.2886, 1.2236] = 431.9702, sampling [1.0, 0.4573, -0.0063]. Recommendation = [0.0, 0.2156, 0.0722], Current Cost = 5058.00, Rho = 1.000
(iter 10) [0.0, -1.2886, 1.2236] = 431.9702, sampling [1.0, 0.4689, 0.4416]. Recommendation = [0.0, 0.2156, 0.0722], Current Cost = 5059.00, Rho = 1.000
(iter 10) [0.0, -1.2886, 1.2236] = 431.9702, sampling [1.0, -0.5726, 0.6601]. Recommendation = [0.0, 0.2156, 0.0722], Current Cost = 5060.00, Rho = 1.000
(iter 10) [0.0, -1.2886, 1.2236] = 431.9702, sampling [1.0, -0.5549, 0.5122]. Recommendation = [0.0, 0.2156, 0.0722], Current Cost = 5061.00, Rho = 1.000
(iter 10) [0.0, -1.2886, 1.2236] = 431.9702, sampling [1.0, 0.5097, 0.5410]. Recommendation = [0.0, 0.2156, 0.0722], Current Cost = 5062.00, Rho = 1.000
(iter 10) [0.0, -1.2886, 1.2236] = 431.9702, sampling [1.0, 0.6670, 0.4260]. Recommendation = [0.0, 0.2156, 0.0722], Current Cost = 5063.00, Rho = 1.000
(iter 10) [0.0, -1.2886, 1.2236] = 431.9702, sampling [1.0, 0.6882, 0.2506]. Recommendation = [0.0, 0.6670, 0.4260], Current Cost = 5064.00, Rho = 1.000
(iter 10) [0.0, -1.2886, 1.2236] = 431.9702, sampling [1.0, 0.6509, 0.5488]. Recommendation = [0.0, 0.6670, 0.4260], Current Cost = 5065.00, Rho = 1.000
(iter 10) [0.0, -1.2886, 1.2236] = 431.9702, sampling [1.0, 0.6853, 0.5550]. Recommendation = [0.0, 0.6670, 0.4260], Current Cost = 5066.00, Rho = 1.000
(iter 10) [0.0, -1.2886, 1.2236] = 431.9702, sampling [1.0, 0.6554, 0.6392]. Recommendation = [0.0, 0.6670, 0.4260], Current Cost = 5067.00, Rho = 1.000
(iter 10) [0.0, -1.2886, 1.2236] = 431.9702, sampling [1.0, 0.4507, 0.6757]. Recommendation = [0.0, 0.6670, 0.4260], Current Cost = 5068.00, Rho = 1.000
(iter 10) [0.0, -1.2886, 1.2236] = 431.9702, sampling [1.0, 0.8264, 0.5179]. Recommendation = [0.0, 0.6670, 0.4260], Current Cost = 5069.00, Rho = 1.000
(iter 10) [0.0, -1.2886, 1.2236] = 431.9702, sampling [1.0, 0.7283, 0.6569]. Recommendation = [0.0, 0.6670, 0.4260], Current Cost = 5070.00, Rho = 1.000
(iter 10) [0.0, -1.2886, 1.2236] = 431.9702, sampling [1.0, 0.8322, 0.5653]. Recommendation = [0.0, 0.6670, 0.4260], Current Cost = 5071.00, Rho = 1.000
(iter 10) [0.0, -1.2886, 1.2236] = 431.9702, sampling [1.0, 0.6718, 0.6831]. Recommendation = [0.0, 0.6670, 0.4260], Current Cost = 5072.00, Rho = 1.000
(iter 10) [0.0, -1.2886, 1.2236] = 431.9702, sampling [1.0, 0.8812, 0.6501]. Recommendation = [0.0, 0.6670, 0.4260], Current Cost = 5073.00, Rho = 1.000
(iter 10) [0.0, -1.2886, 1.2236] = 431.9702, sampling [1.0, 0.9196, 0.6145]. Recommendation = [0.0, 0.6670, 0.4260], Current Cost = 5074.00, Rho = 1.000
(iter 10) [0.0, -1.2886, 1.2236] = 431.9702, sampling [1.0, 0.8526, 0.3341]. Recommendation = [0.0, 0.6670, 0.4260], Current Cost = 5075.00, Rho = 1.000
(iter 10) [0.0, -1.2886, 1.2236] = 431.9702, sampling [1.0, 0.7545, 0.8258]. Recommendation = [0.0, 0.6670, 0.4260], Current Cost = 5076.00, Rho = 1.000
(iter 10) [0.0, -1.2886, 1.2236] = 431.9702, sampling [1.0, 0.5464, 0.0305]. Recommendation = [0.0, 0.6670, 0.4260], Current Cost = 5077.00, Rho = 1.000
(iter 10) [0.0, -1.2886, 1.2236] = 431.9702, sampling [1.0, -1.0388, 1.1842]. Recommendation = [0.0, 0.6670, 0.4260], Current Cost = 5078.00, Rho = 1.000
(iter 10) [0.0, -1.2886, 1.2236] = 431.9702, sampling [1.0, 0.7444, 0.2627]. Recommendation = [0.0, 0.6670, 0.4260], Current Cost = 5079.00, Rho = 1.000
(iter 10) [0.0, -1.2886, 1.2236] = 431.9702, sampling [1.0, 0.1310, -0.2732]. Recommendation = [0.0, 0.6670, 0.4260], Current Cost = 5080.00, Rho = 1.000
(iter 10) [0.0, -1.2886, 1.2236] = 431.9702, sampling [1.0, 0.9445, 0.5211]. Recommendation = [0.0, 0.6670, 0.4260], Current Cost = 5081.00, Rho = 1.000
(iter 10) [0.0, -1.2886, 1.2236] = 431.9702, sampling [1.0, 0.5779, 0.7408]. Recommendation = [0.0, 0.6670, 0.4260], Current Cost = 5082.00, Rho = 1.000
(iter 10) [0.0, -1.2886, 1.2236] = 431.9702, sampling [1.0, -0.3600, 0.4343]. Recommendation = [0.0, 0.6670, 0.4260], Current Cost = 5083.00, Rho = 1.000
(iter 10) [0.0, -1.2886, 1.2236] = 431.9702, sampling [1.0, -0.7305, 0.2447]. Recommendation = [0.0, 0.6670, 0.4260], Current Cost = 5084.00, Rho = 1.000
(iter 10) [0.0, -1.2886, 1.2236] = 431.9702, sampling [1.0, 0.0202, 0.7297]. Recommendation = [0.0, 0.6670, 0.4260], Current Cost = 5085.00, Rho = 1.000
(iter 10) [0.0, -1.2886, 1.2236] = 431.9702, sampling [1.0, -0.8468, 0.3149]. Recommendation = [0.0, 0.6670, 0.4260], Current Cost = 5086.00, Rho = 1.000
(iter 10) [0.0, -1.2886, 1.2236] = 431.9702, sampling [1.0, -1.1560, 1.0947]. Recommendation = [0.0, 0.6670, 0.4260], Current Cost = 5087.00, Rho = 1.000
(iter 10) [0.0, -1.2886, 1.2236] = 431.9702, sampling [1.0, -0.6508, 0.7819]. Recommendation = [0.0, 0.6670, 0.4260], Current Cost = 5088.00, Rho = 1.000
(iter 10) [0.0, -1.2886, 1.2236] = 431.9702, sampling [1.0, -0.5610, 0.0430]. Recommendation = [0.0, 0.6670, 0.4260], Current Cost = 5089.00, Rho = 1.000
(iter 10) [0.0, -1.2886, 1.2236] = 431.9702, sampling [1.0, 0.9424, 0.8384]. Recommendation = [0.0, 0.6670, 0.4260], Current Cost = 5090.00, Rho = 1.000
(iter 10) [0.0, -1.2886, 1.2236] = 431.9702, sampling [1.0, 0.7933, 0.9345]. Recommendation = [0.0, 0.6670, 0.4260], Current Cost = 5091.00, Rho = 1.000
(iter 10) [0.0, -1.2886, 1.2236] = 431.9702, sampling [1.0, 1.0062, 0.6327]. Recommendation = [0.0, 0.6670, 0.4260], Current Cost = 5092.00, Rho = 1.000
(iter 10) [0.0, -1.2886, 1.2236] = 431.9702, sampling [1.0, 0.7273, 0.8558]. Recommendation = [0.0, 0.6670, 0.4260], Current Cost = 5093.00, Rho = 1.000
(iter 10) [0.0, -1.2886, 1.2236] = 431.9702, sampling [1.0, 0.0918, 0.3539]. Recommendation = [0.0, 0.6670, 0.4260], Current Cost = 5094.00, Rho = 1.000
(iter 10) [0.0, -1.2886, 1.2236] = 431.9702, sampling [1.0, 0.3410, -0.2157]. Recommendation = [0.0, 0.6670, 0.4260], Current Cost = 5095.00, Rho = 1.000
(iter 10) [0.0, -1.2886, 1.2236] = 431.9702, sampling [1.0, -0.4434, 0.4098]. Recommendation = [0.0, 0.6670, 0.4260], Current Cost = 5096.00, Rho = 1.000
(iter 10) [0.0, -1.2886, 1.2236] = 431.9702, sampling [1.0, 0.8962, 0.9887]. Recommendation = [0.0, 0.6670, 0.4260], Current Cost = 5097.00, Rho = 1.000
(iter 10) [0.0, -1.2886, 1.2236] = 431.9702, sampling [1.0, 0.8505, 0.9732]. Recommendation = [0.0, 0.6670, 0.4260], Current Cost = 5098.00, Rho = 1.000
(iter 10) [0.0, -1.2886, 1.2236] = 431.9702, sampling [1.0, 1.0192, 0.9660]. Recommendation = [0.0, 0.6670, 0.4260], Current Cost = 5099.00, Rho = 1.000
(iter 10) [0.0, -1.2886, 1.2236] = 431.9702, sampling [1.0, 0.8576, 1.0341]. Recommendation = [0.0, 0.6670, 0.4260], Current Cost = 5100.00, Rho = 1.000
(iter 10) [0.0, -1.2886, 1.2236] = 431.9702, sampling [1.0, 1.1107, 0.9428]. Recommendation = [0.0, 0.6670, 0.4260], Current Cost = 5101.00, Rho = 1.000
(iter 10) [0.0, -1.2886, 1.2236] = 431.9702, sampling [1.0, -0.8433, 1.2430]. Recommendation = [0.0, 0.6670, 0.4260], Current Cost = 5102.00, Rho = 1.000
(iter 10) [0.0, -1.2886, 1.2236] = 431.9702, sampling [1.0, -0.4213, 0.4929]. Recommendation = [0.0, 0.6670, 0.4260], Current Cost = 5103.00, Rho = 1.000
(iter 10) [0.0, -1.2886, 1.2236] = 431.9702, sampling [1.0, -0.4865, -0.1434]. Recommendation = [0.0, 0.6670, 0.4260], Current Cost = 5104.00, Rho = 1.000
(iter 10) [0.0, -1.2886, 1.2236] = 431.9702, sampling [1.0, 0.7489, 0.1232]. Recommendation = [0.0, 0.6670, 0.4260], Current Cost = 5105.00, Rho = 1.000
(iter 10) [0.0, -1.2886, 1.2236] = 431.9702, sampling [1.0, -1.1787, 0.8481]. Recommendation = [0.0, 0.6670, 0.4260], Current Cost = 5106.00, Rho = 1.000
(iter 10) [0.0, -1.2886, 1.2236] = 431.9702, sampling [1.0, 0.6041, 0.9318]. Recommendation = [0.0, 0.6670, 0.4260], Current Cost = 5107.00, Rho = 1.000
(iter 10) [0.0, -1.2886, 1.2236] = 431.9702, sampling [1.0, 1.0982, 1.0258]. Recommendation = [0.0, 0.6670, 0.4260], Current Cost = 5108.00, Rho = 1.000
(iter 10) [0.0, -1.2886, 1.2236] = 431.9702, sampling [1.0, -0.2862, -0.2567]. Recommendation = [0.0, 0.6670, 0.4260], Current Cost = 5109.00, Rho = 1.000
(iter 10) [0.0, -1.2886, 1.2236] = 431.9702, sampling [1.0, -0.7124, 0.9102]. Recommendation = [0.0, 0.6670, 0.4260], Current Cost = 5110.00, Rho = 1.000
(iter 10) [0.0, -1.2886, 1.2236] = 431.9702, sampling [1.0, -0.1849, 0.4863]. Recommendation = [0.0, 0.6670, 0.4260], Current Cost = 5111.00, Rho = 1.000
(iter 10) [0.0, -1.2886, 1.2236] = 431.9702, sampling [1.0, 0.9617, 0.5939]. Recommendation = [0.0, 0.6670, 0.4260], Current Cost = 5112.00, Rho = 1.000
(iter 10) [0.0, -1.2886, 1.2236] = 431.9702, sampling [1.0, -0.5097, 0.8049]. Recommendation = [0.0, 0.6670, 0.4260], Current Cost = 5113.00, Rho = 1.000
(iter 10) [0.0, -1.2886, 1.2236] = 431.9702, sampling [1.0, -0.3727, -0.2694]. Recommendation = [0.0, 0.6670, 0.4260], Current Cost = 5114.00, Rho = 1.000
(iter 10) [0.0, -1.2886, 1.2236] = 431.9702, sampling [1.0, 1.1284, 0.9229]. Recommendation = [0.0, 0.6670, 0.4260], Current Cost = 5115.00, Rho = 1.000
(iter 10) [0.0, -1.2886, 1.2236] = 431.9702, sampling [1.0, -0.0680, -0.4476]. Recommendation = [0.0, 0.6670, 0.4260], Current Cost = 5116.00, Rho = 1.000
(iter 10) [0.0, -1.2886, 1.2236] = 431.9702, sampling [1.0, 0.1058, -0.4156]. Recommendation = [0.0, 0.6670, 0.4260], Current Cost = 5117.00, Rho = 1.000
(iter 10) [0.0, -1.2886, 1.2236] = 431.9702, sampling [1.0, -0.5594, 0.0883]. Recommendation = [0.0, 0.6670, 0.4260], Current Cost = 5118.00, Rho = 1.000
(iter 10) [0.0, -1.2886, 1.2236] = 431.9702, sampling [1.0, -1.1485, 1.0729]. Recommendation = [0.0, 0.6670, 0.4260], Current Cost = 5119.00, Rho = 1.000
(iter 10) [0.0, -1.2886, 1.2236] = 431.9702, sampling [1.0, -0.5704, -0.0286]. Recommendation = [0.0, 0.6670, 0.4260], Current Cost = 5120.00, Rho = 1.000
(iter 10) [0.0, -1.2886, 1.2236] = 431.9702, sampling [1.0, 0.1741, 0.4964]. Recommendation = [0.0, 0.6670, 0.4260], Current Cost = 5121.00, Rho = 1.000
(iter 10) [0.0, -1.2886, 1.2236] = 431.9702, sampling [1.0, -0.2996, -0.3405]. Recommendation = [0.0, 0.6670, 0.4260], Current Cost = 5122.00, Rho = 1.000
(iter 10) [0.0, -1.2886, 1.2236] = 431.9702, sampling [1.0, -0.7755, 0.1420]. Recommendation = [0.0, 0.6670, 0.4260], Current Cost = 5123.00, Rho = 1.000
(iter 10) [0.0, -1.2886, 1.2236] = 431.9702, sampling [1.0, -0.5422, 0.5696]. Recommendation = [0.0, 0.6670, 0.4260], Current Cost = 5124.00, Rho = 1.000
(iter 10) [0.0, -1.2886, 1.2236] = 431.9702, sampling [1.0, 0.3489, -0.3136]. Recommendation = [0.0, 0.6670, 0.4260], Current Cost = 5125.00, Rho = 1.000
(iter 10) [0.0, -1.2886, 1.2236] = 431.9702, sampling [1.0, 0.6812, -0.0202]. Recommendation = [0.0, 0.6670, 0.4260], Current Cost = 5126.00, Rho = 1.000
(iter 10) [0.0, -1.2886, 1.2236] = 431.9702, sampling [1.0, -0.3623, 0.5020]. Recommendation = [0.0, 0.6670, 0.4260], Current Cost = 5127.00, Rho = 1.000
(iter 10) [0.0, -1.2886, 1.2236] = 431.9702, sampling [1.0, 0.8686, 0.2247]. Recommendation = [0.0, 0.6670, 0.4260], Current Cost = 5128.00, Rho = 1.000
(iter 10) [0.0, -1.2886, 1.2236] = 431.9702, sampling [1.0, 0.3880, -0.2543]. Recommendation = [0.0, 0.6670, 0.4260], Current Cost = 5129.00, Rho = 1.000
(iter 10) [0.0, -1.2886, 1.2236] = 431.9702, sampling [1.0, -0.6938, -0.0948]. Recommendation = [0.0, 0.6670, 0.4260], Current Cost = 5130.00, Rho = 1.000
(iter 10) [0.0, -1.2886, 1.2236] = 431.9702, sampling [1.0, -0.0575, 0.3769]. Recommendation = [0.0, 0.6670, 0.4260], Current Cost = 5131.00, Rho = 1.000
(iter 10) [0.0, -1.2886, 1.2236] = 431.9702, sampling [1.0, 1.1046, 1.1740]. Recommendation = [0.0, 0.6670, 0.4260], Current Cost = 5132.00, Rho = 1.000
(iter 10) [0.0, -1.2886, 1.2236] = 431.9702, sampling [1.0, 1.1426, 1.1306]. Recommendation = [0.0, 0.6670, 0.4260], Current Cost = 5133.00, Rho = 1.000
(iter 10) [0.0, -1.2886, 1.2236] = 431.9702, sampling [1.0, 0.9322, 1.2863]. Recommendation = [0.0, 0.6670, 0.4260], Current Cost = 5134.00, Rho = 1.000
(iter 10) [0.0, -1.2886, 1.2236] = 431.9702, sampling [1.0, 1.1957, 1.0692]. Recommendation = [0.0, 0.6670, 0.4260], Current Cost = 5135.00, Rho = 1.000
(iter 10) [0.0, -1.2886, 1.2236] = 431.9702, sampling [1.0, 0.6568, 1.2692]. Recommendation = [0.0, 0.6670, 0.4260], Current Cost = 5136.00, Rho = 1.000
(iter 10) [0.0, -1.2886, 1.2236] = 431.9702, sampling [1.0, 1.1606, 1.2570]. Recommendation = [0.0, 0.6670, 0.4260], Current Cost = 5137.00, Rho = 1.000
(iter 10) [0.0, -1.2886, 1.2236] = 431.9702, sampling [1.0, 1.2009, 1.2061]. Recommendation = [0.0, 0.6670, 0.4260], Current Cost = 5138.00, Rho = 1.000
(iter 10) [0.0, -1.2886, 1.2236] = 431.9702, sampling [1.0, 1.0722, 1.3268]. Recommendation = [0.0, 0.6670, 0.4260], Current Cost = 5139.00, Rho = 1.000
(iter 10) [0.0, -1.2886, 1.2236] = 431.9702, sampling [1.0, 1.2081, 1.3058]. Recommendation = [0.0, 0.6670, 0.4260], Current Cost = 5140.00, Rho = 1.000
(iter 10) [0.0, -1.2886, 1.2236] = 431.9702, sampling [1.0, 1.2394, 1.2480]. Recommendation = [0.0, 0.6670, 0.4260], Current Cost = 5141.00, Rho = 1.000
(iter 10) [0.0, -1.2886, 1.2236] = 431.9702, sampling [1.0, 1.1975, 1.3679]. Recommendation = [0.0, 0.6670, 0.4260], Current Cost = 5142.00, Rho = 1.000
(iter 10) [0.0, -1.2886, 1.2236] = 431.9702, sampling [1.0, 1.0135, 1.3925]. Recommendation = [0.0, 0.6670, 0.4260], Current Cost = 5143.00, Rho = 1.000
(iter 10) [0.0, -1.2886, 1.2236] = 431.9702, sampling [1.0, 0.2463, 0.5968]. Recommendation = [0.0, 0.6670, 0.4260], Current Cost = 5144.00, Rho = 1.000
(iter 10) [0.0, -1.2886, 1.2236] = 431.9702, sampling [1.0, -1.0907, 0.5590]. Recommendation = [0.0, 0.6670, 0.4260], Current Cost = 5145.00, Rho = 1.000
(iter 10) [0.0, -1.2886, 1.2236] = 431.9702, sampling [1.0, -0.2128, -0.4499]. Recommendation = [0.0, 0.6670, 0.4260], Current Cost = 5146.00, Rho = 1.000
(iter 10) [0.0, -1.2886, 1.2236] = 431.9702, sampling [1.0, -0.5395, 1.1043]. Recommendation = [0.0, 0.6670, 0.4260], Current Cost = 5147.00, Rho = 1.000
(iter 10) [0.0, -1.2886, 1.2236] = 431.9702, sampling [1.0, 1.1661, 0.6172]. Recommendation = [0.0, 0.6670, 0.4260], Current Cost = 5148.00, Rho = 1.000
(iter 10) [0.0, -1.2886, 1.2236] = 431.9702, sampling [1.0, 0.0721, 0.3636]. Recommendation = [0.0, 0.6670, 0.4260], Current Cost = 5149.00, Rho = 1.000
(iter 10) [0.0, -1.2886, 1.2236] = 431.9702, sampling [1.0, -1.0189, 1.3897]. Recommendation = [0.0, 0.6670, 0.4260], Current Cost = 5150.00, Rho = 1.000
(iter 10) [0.0, -1.2886, 1.2236] = 431.9702, sampling [1.0, -1.2241, 1.3853]. Recommendation = [0.0, 0.6670, 0.4260], Current Cost = 5151.00, Rho = 1.000
(iter 10) [0.0, -1.2886, 1.2236] = 431.9702, sampling [1.0, -1.2046, 1.4869]. Recommendation = [0.0, 0.6670, 0.4260], Current Cost = 5152.00, Rho = 1.000
(iter 10) [0.0, -1.2886, 1.2236] = 431.9702, sampling [1.0, -1.0093, 1.4575]. Recommendation = [0.0, 0.6670, 0.4260], Current Cost = 5153.00, Rho = 1.000
(iter 10) [0.0, -1.2886, 1.2236] = 431.9702, sampling [1.0, -1.2172, 1.6056]. Recommendation = [0.0, 0.6670, 0.4260], Current Cost = 5154.00, Rho = 1.000
(iter 10) [0.0, -1.2886, 1.2236] = 431.9702, sampling [1.0, -1.0407, 1.6005]. Recommendation = [0.0, 0.6670, 0.4260], Current Cost = 5155.00, Rho = 1.000
(iter 10) [0.0, -1.2886, 1.2236] = 431.9702, sampling [1.0, -1.4043, 1.5155]. Recommendation = [0.0, 0.6670, 0.4260], Current Cost = 5156.00, Rho = 1.000
(iter 10) [0.0, -1.2886, 1.2236] = 431.9702, sampling [1.0, -1.3858, 1.3545]. Recommendation = [0.0, 0.6670, 0.4260], Current Cost = 5157.00, Rho = 1.000
(iter 10) [0.0, -1.2886, 1.2236] = 431.9702, sampling [1.0, 1.0772, 1.5212]. Recommendation = [0.0, 0.6670, 0.4260], Current Cost = 5158.00, Rho = 1.000
(iter 10) [0.0, -1.2886, 1.2236] = 431.9702, sampling [1.0, 0.9712, 1.4721]. Recommendation = [0.0, 0.6670, 0.4260], Current Cost = 5159.00, Rho = 1.000
(iter 10) [0.0, -1.2886, 1.2236] = 431.9702, sampling [1.0, -1.1870, 1.7214]. Recommendation = [0.0, 0.6670, 0.4260], Current Cost = 5160.00, Rho = 1.000
(iter 10) [0.0, -1.2886, 1.2236] = 431.9702, sampling [1.0, -1.3733, 1.6269]. Recommendation = [0.0, 0.6670, 0.4260], Current Cost = 5161.00, Rho = 1.000
(iter 10) [0.0, -1.2886, 1.2236] = 431.9702, sampling [1.0, -1.3937, 1.7329]. Recommendation = [0.0, 0.6670, 0.4260], Current Cost = 5162.00, Rho = 1.000
(iter 10) [0.0, -1.2886, 1.2236] = 431.9702, sampling [1.0, -1.2679, 1.8234]. Recommendation = [0.0, 0.6670, 0.4260], Current Cost = 5163.00, Rho = 1.000
(iter 10) [0.0, -1.2886, 1.2236] = 431.9702, sampling [1.0, -1.2004, 1.7909]. Recommendation = [0.0, 0.6670, 0.4260], Current Cost = 5164.00, Rho = 1.000
(iter 10) [0.0, -1.2886, 1.2236] = 431.9702, sampling [1.0, -1.4270, 1.6784]. Recommendation = [0.0, 0.6670, 0.4260], Current Cost = 5165.00, Rho = 1.000
(iter 10) [0.0, -1.2886, 1.2236] = 431.9702, sampling [1.0, -1.0702, 1.7737]. Recommendation = [0.0, 0.6670, 0.4260], Current Cost = 5166.00, Rho = 1.000
(iter 10) [0.0, -1.2886, 1.2236] = 431.9702, sampling [1.0, -0.6606, 0.8654]. Recommendation = [0.0, 0.6670, 0.4260], Current Cost = 5167.00, Rho = 1.000
(iter 10) [0.0, -1.2886, 1.2236] = 431.9702, sampling [1.0, 1.2131, 1.5414]. Recommendation = [0.0, 0.6670, 0.4260], Current Cost = 5168.00, Rho = 1.000
(iter 10) [0.0, -1.2886, 1.2236] = 431.9702, sampling [1.0, 1.1138, 1.5491]. Recommendation = [0.0, 0.6670, 0.4260], Current Cost = 5169.00, Rho = 1.000
(iter 10) [0.0, -1.2886, 1.2236] = 431.9702, sampling [1.0, -0.5311, -0.1332]. Recommendation = [0.0, 0.6670, 0.4260], Current Cost = 5170.00, Rho = 1.000
(iter 10) [0.0, -1.2886, 1.2236] = 431.9702, sampling [1.0, -0.4562, -0.3209]. Recommendation = [0.0, 0.6670, 0.4260], Current Cost = 5171.00, Rho = 1.000
(iter 10) [0.0, -1.2886, 1.2236] = 431.9702, sampling [1.0, 1.3063, 1.5852]. Recommendation = [0.0, 0.6670, 0.4260], Current Cost = 5172.00, Rho = 1.000
(iter 10) [0.0, -1.2886, 1.2236] = 431.9702, sampling [1.0, 1.2863, 1.6972]. Recommendation = [0.0, 0.6670, 0.4260], Current Cost = 5173.00, Rho = 1.000
(iter 10) [0.0, -1.2886, 1.2236] = 431.9702, sampling [1.0, 1.3421, 1.6818]. Recommendation = [0.0, 0.6670, 0.4260], Current Cost = 5174.00, Rho = 1.000
(iter 10) [0.0, -1.2886, 1.2236] = 431.9702, sampling [1.0, 1.3530, 1.5958]. Recommendation = [0.0, 0.6670, 0.4260], Current Cost = 5175.00, Rho = 1.000
(iter 10) [0.0, -1.2886, 1.2236] = 431.9702, sampling [1.0, 1.0313, 1.7574]. Recommendation = [0.0, 0.6670, 0.4260], Current Cost = 5176.00, Rho = 1.000
(iter 10) [0.0, -1.2886, 1.2236] = 431.9702, sampling [1.0, 1.4070, 1.6440]. Recommendation = [0.0, 0.6670, 0.4260], Current Cost = 5177.00, Rho = 1.000
(iter 10) [0.0, -1.2886, 1.2236] = 431.9702, sampling [1.0, 1.3846, 1.5387]. Recommendation = [0.0, 0.6670, 0.4260], Current Cost = 5178.00, Rho = 1.000
(iter 10) [0.0, -1.2886, 1.2236] = 431.9702, sampling [1.0, 1.3799, 1.7380]. Recommendation = [0.0, 0.6670, 0.4260], Current Cost = 5179.00, Rho = 1.000
(iter 10) [0.0, -1.2886, 1.2236] = 431.9702, sampling [1.0, 1.2304, 1.8284]. Recommendation = [0.0, 0.6670, 0.4260], Current Cost = 5180.00, Rho = 1.000
(iter 10) [0.0, -1.2886, 1.2236] = 431.9702, sampling [1.0, 1.4436, 1.7293]. Recommendation = [0.0, 0.6670, 0.4260], Current Cost = 5181.00, Rho = 1.000
(iter 10) [0.0, -1.2886, 1.2236] = 431.9702, sampling [1.0, -0.8365, 0.2650]. Recommendation = [0.0, 0.6670, 0.4260], Current Cost = 5182.00, Rho = 1.000
(iter 10) [0.0, -1.2886, 1.2236] = 431.9702, sampling [1.0, 1.4469, 1.6504]. Recommendation = [0.0, 0.6670, 0.4260], Current Cost = 5183.00, Rho = 1.000
(iter 10) [0.0, -1.2886, 1.2236] = 431.9702, sampling [1.0, 0.3954, 0.7907]. Recommendation = [0.0, 0.6670, 0.4260], Current Cost = 5184.00, Rho = 1.000
(iter 10) [0.0, -1.2886, 1.2236] = 431.9702, sampling [1.0, -1.3586, 1.0283]. Recommendation = [0.0, 0.6670, 0.4260], Current Cost = 5185.00, Rho = 1.000
(iter 10) [0.0, -1.2886, 1.2236] = 431.9702, sampling [1.0, -0.0948, 0.5798]. Recommendation = [0.0, 0.6670, 0.4260], Current Cost = 5186.00, Rho = 1.000
(iter 10) [0.0, -1.2886, 1.2236] = 431.9702, sampling [1.0, 0.4391, -0.2857]. Recommendation = [0.0, 0.6670, 0.4260], Current Cost = 5187.00, Rho = 1.000
(iter 10) [0.0, -1.2886, 1.2236] = 431.9702, sampling [1.0, -1.1973, 1.8884]. Recommendation = [0.0, 0.6670, 0.4260], Current Cost = 5188.00, Rho = 1.000
(iter 10) [0.0, -1.2886, 1.2236] = 431.9702, sampling [1.0, 0.2820, -0.4990]. Recommendation = [0.0, 0.6670, 0.4260], Current Cost = 5189.00, Rho = 1.000
(iter 10) [0.0, -1.2886, 1.2236] = 431.9702, sampling [1.0, 0.0363, -0.5514]. Recommendation = [0.0, 0.6670, 0.4260], Current Cost = 5190.00, Rho = 1.000
(iter 10) [0.0, -1.2886, 1.2236] = 431.9702, sampling [1.0, -0.7509, 1.4540]. Recommendation = [0.0, 0.6670, 0.4260], Current Cost = 5191.00, Rho = 1.000
(iter 10) [0.0, -1.2886, 1.2236] = 431.9702, sampling [1.0, -0.2702, 0.7549]. Recommendation = [0.0, 0.6670, 0.4260], Current Cost = 5192.00, Rho = 1.000
(iter 10) [0.0, -1.2886, 1.2236] = 431.9702, sampling [1.0, -1.5076, 1.8390]. Recommendation = [0.0, 0.6670, 0.4260], Current Cost = 5193.00, Rho = 1.000
(iter 10) [0.0, -1.2886, 1.2236] = 431.9702, sampling [1.0, -1.5025, 1.6887]. Recommendation = [0.0, 0.6670, 0.4260], Current Cost = 5194.00, Rho = 1.000
(iter 10) [0.0, -1.2886, 1.2236] = 431.9702, sampling [1.0, -1.2482, 1.9584]. Recommendation = [0.0, 0.6670, 0.4260], Current Cost = 5195.00, Rho = 1.000
(iter 10) [0.0, -1.2886, 1.2236] = 431.9702, sampling [1.0, -1.4827, 1.9673]. Recommendation = [0.0, 0.6670, 0.4260], Current Cost = 5196.00, Rho = 1.000
(iter 10) [0.0, -1.2886, 1.2236] = 431.9702, sampling [1.0, 1.1732, 1.9728]. Recommendation = [0.0, 0.6670, 0.4260], Current Cost = 5197.00, Rho = 1.000
(iter 10) [0.0, -1.2886, 1.2236] = 431.9702, sampling [1.0, 1.4786, 1.7528]. Recommendation = [0.0, 0.6670, 0.4260], Current Cost = 5198.00, Rho = 1.000
(iter 10) [0.0, -1.2886, 1.2236] = 431.9702, sampling [1.0, 0.8904, 1.3188]. Recommendation = [0.0, 0.6670, 0.4260], Current Cost = 5199.00, Rho = 1.000
(iter 10) [0.0, -1.2886, 1.2236] = 431.9702, sampling [1.0, -0.3679, -0.3399]. Recommendation = [0.0, 0.6670, 0.4260], Current Cost = 5200.00, Rho = 1.000
(iter 10) [0.0, -1.2886, 1.2236] = 431.9702, sampling [1.0, -0.8515, 0.0385]. Recommendation = [0.0, 0.6670, 0.4260], Current Cost = 5201.00, Rho = 1.000
(iter 10) [0.0, -1.2886, 1.2236] = 431.9702, sampling [1.0, -0.6106, -0.1793]. Recommendation = [0.0, 0.6670, 0.4260], Current Cost = 5202.00, Rho = 1.000
(iter 10) [0.0, -1.2886, 1.2236] = 431.9702, sampling [1.0, -0.2265, 0.5823]. Recommendation = [0.0, 0.6670, 0.4260], Current Cost = 5203.00, Rho = 1.000
(iter 10) [0.0, -1.2886, 1.2236] = 431.9702, sampling [1.0, 0.3991, 0.6711]. Recommendation = [0.0, 0.6670, 0.4260], Current Cost = 5204.00, Rho = 1.000
(iter 10) [0.0, -1.2886, 1.2236] = 431.9702, sampling [1.0, 1.4149, 1.5010]. Recommendation = [0.0, 0.6670, 0.4260], Current Cost = 5205.00, Rho = 1.000
(iter 10) [0.0, -1.2886, 1.2236] = 431.9702, sampling [1.0, 0.4144, -0.3787]. Recommendation = [0.0, 0.6670, 0.4260], Current Cost = 5206.00, Rho = 1.000
(iter 10) [0.0, -1.2886, 1.2236] = 431.9702, sampling [1.0, 0.8145, 0.0140]. Recommendation = [0.0, 0.6670, 0.4260], Current Cost = 5207.00, Rho = 1.000
(iter 10) [0.0, -1.2886, 1.2236] = 431.9702, sampling [1.0, -0.1363, -0.5751]. Recommendation = [0.0, 0.6670, 0.4260], Current Cost = 5208.00, Rho = 1.000
(iter 10) [0.0, -1.2886, 1.2236] = 431.9702, sampling [0.0, 0.6670, 0.4260]. Recommendation = [0.0, 0.6670, 0.4260], Current Cost = 5209.00, Rho = 1.000
(iter 214) [0.0, 0.6670, 0.4260] = 456.1534, sampling [0.0, 0.9424, 0.8384]. Recommendation = [0.0, 0.6670, 0.4260], Current Cost = 6209.00, Rho = 1.000
(iter 214) [0.0, 0.6670, 0.4260] = 456.1534, sampling [1.0, 1.2637, 0.8639]. Recommendation = [0.0, 0.6670, 0.4260], Current Cost = 7209.00, Rho = 1.000
(iter 214) [0.0, 0.6670, 0.4260] = 456.1534, sampling [0.0, 0.2156, 0.0722]. Recommendation = [0.0, 0.6670, 0.4260], Current Cost = 7210.00, Rho = 1.000
(iter 214) [0.0, 0.6670, 0.4260] = 456.1534, sampling [0.0, 1.1046, 1.1740]. Recommendation = [0.0, 0.6670, 0.4260], Current Cost = 8210.00, Rho = 1.000
(iter 214) [0.0, 0.6670, 0.4260] = 456.1534, sampling [1.0, 0.6266, -0.2254]. Recommendation = [0.0, 0.6670, 0.4260], Current Cost = 9210.00, Rho = 1.000
(iter 214) [0.0, 0.6670, 0.4260] = 456.1534, sampling [1.0, 1.0921, 0.3818]. Recommendation = [0.0, 0.6670, 0.4260], Current Cost = 9211.00, Rho = 1.000
(iter 214) [0.0, 0.6670, 0.4260] = 456.1534, sampling [1.0, -1.0642, 0.2912]. Recommendation = [0.0, 0.6670, 0.4260], Current Cost = 9212.00, Rho = 1.000
(iter 214) [0.0, 0.6670, 0.4260] = 456.1534, sampling [0.0, 1.2863, 1.6972]. Recommendation = [0.0, 0.6670, 0.4260], Current Cost = 9213.00, Rho = 1.000
(iter 214) [0.0, 0.6670, 0.4260] = 456.1534, sampling [0.0, -0.1694, 0.0529]. Recommendation = [0.0, 0.6670, 0.4260], Current Cost = 10213.00, Rho = 1.000
(iter 214) [0.0, 0.6670, 0.4260] = 456.1534, sampling [0.0, 1.1975, 1.3679]. Recommendation = [0.0, 0.6670, 0.4260], Current Cost = 11213.00, Rho = 1.000
(iter 214) [0.0, 0.6670, 0.4260] = 456.1534, sampling [1.0, 0.6343, 1.7514]. Recommendation = [0.0, 0.6670, 0.4260], Current Cost = 12213.00, Rho = 1.000
(iter 214) [0.0, 0.6670, 0.4260] = 456.1534, sampling [1.0, 0.1198, 0.6264]. Recommendation = [0.0, 0.6670, 0.4260], Current Cost = 12214.00, Rho = 1.000
(iter 214) [0.0, 0.6670, 0.4260] = 456.1534, sampling [1.0, -1.4392, 1.5688]. Recommendation = [0.0, 0.6670, 0.4260], Current Cost = 12215.00, Rho = 1.000
(iter 214) [0.0, 0.6670, 0.4260] = 456.1534, sampling [1.0, 0.2936, 0.6543]. Recommendation = [0.0, 0.6670, 0.4260], Current Cost = 12216.00, Rho = 1.000
(iter 214) [0.0, 0.6670, 0.4260] = 456.1534, sampling [0.0, 1.2131, 1.5414]. Recommendation = [0.0, 0.6670, 0.4260], Current Cost = 12217.00, Rho = 1.000
(iter 214) [0.0, 0.6670, 0.4260] = 456.1534, sampling [0.0, 0.5075, 0.3372]. Recommendation = [0.0, 0.6670, 0.4260], Current Cost = 13217.00, Rho = 1.000
(iter 214) [0.0, 0.6670, 0.4260] = 456.1534, sampling [1.0, -1.6512, 1.9769]. Recommendation = [0.0, 0.6670, 0.4260], Current Cost = 14217.00, Rho = 1.000
(iter 214) [0.0, 0.6670, 0.4260] = 456.1534, sampling [0.0, 1.0192, 0.9660]. Recommendation = [0.0, 0.6670, 0.4260], Current Cost = 14218.00, Rho = 1.000
(iter 214) [0.0, 0.6670, 0.4260] = 456.1534, sampling [0.0, 0.6853, 0.5550]. Recommendation = [0.0, 0.6670, 0.4260], Current Cost = 15218.00, Rho = 1.000
(iter 214) [0.0, 0.6670, 0.4260] = 456.1534, sampling [0.0, -0.4272, 0.1872]. Recommendation = [0.0, 0.6670, 0.4260], Current Cost = 16218.00, Rho = 1.000
(iter 214) [0.0, 0.6670, 0.4260] = 456.1534, sampling [1.0, -0.6008, 0.9581]. Recommendation = [0.0, 0.6670, 0.4260], Current Cost = 17218.00, Rho = 1.000
(iter 214) [0.0, 0.6670, 0.4260] = 456.1534, sampling [1.0, -1.1059, 0.7246]. Recommendation = [0.0, 0.6670, 0.4260], Current Cost = 17219.00, Rho = 1.000
(iter 214) [0.0, 0.6670, 0.4260] = 456.1534, sampling [0.0, 1.1606, 1.2570]. Recommendation = [0.0, 0.6670, 0.4260], Current Cost = 17220.00, Rho = 1.000
(iter 214) [0.0, 0.6670, 0.4260] = 456.1534, sampling [1.0, -1.0807, 1.9506]. Recommendation = [0.0, 0.6670, 0.4260], Current Cost = 18220.00, Rho = 1.000
(iter 214) [0.0, 0.6670, 0.4260] = 456.1534, sampling [1.0, 1.5886, 1.9143]. Recommendation = [0.0, 0.6670, 0.4260], Current Cost = 18221.00, Rho = 1.000
(iter 214) [0.0, 0.6670, 0.4260] = 456.1534, sampling [1.0, -0.5922, -0.3680]. Recommendation = [0.0, 0.6670, 0.4260], Current Cost = 18222.00, Rho = 1.000
(iter 214) [0.0, 0.6670, 0.4260] = 456.1534, sampling [0.0, 0.8812, 0.6501]. Recommendation = [0.0, 0.6670, 0.4260], Current Cost = 18223.00, Rho = 1.000
(iter 214) [0.0, 0.6670, 0.4260] = 456.1534, sampling [0.0, 0.5416, 0.1757]. Recommendation = [0.0, 0.6670, 0.4260], Current Cost = 19223.00, Rho = 1.000
(iter 214) [0.0, 0.6670, 0.4260] = 456.1534, sampling [1.0, 1.3608, 1.2969]. Recommendation = [0.0, 0.6670, 0.4260], Current Cost = 20223.00, Rho = 1.000
(iter 214) [0.0, 0.6670, 0.4260] = 456.1534, sampling [0.0, -0.8031, 0.6452]. Recommendation = [0.0, 0.6670, 0.4260], Current Cost = 20224.00, Rho = 1.000
(iter 214) [0.0, 0.6670, 0.4260] = 456.1534, sampling [0.0, -0.0198, 0.0685]. Recommendation = [0.0, 0.6670, 0.4260], Current Cost = 21224.00, Rho = 1.000
(iter 214) [0.0, 0.6670, 0.4260] = 456.1534, sampling [0.0, 0.1831, 0.0577]. Recommendation = [0.0, 0.6670, 0.4260], Current Cost = 22224.00, Rho = 1.000
(iter 214) [0.0, 0.6670, 0.4260] = 456.1534, sampling [1.0, 1.6147, 1.6600]. Recommendation = [0.0, 0.6670, 0.4260], Current Cost = 23224.00, Rho = 1.000
(iter 214) [0.0, 0.6670, 0.4260] = 456.1534, sampling [0.0, 0.7283, 0.6569]. Recommendation = [0.0, 0.6670, 0.4260], Current Cost = 23225.00, Rho = 1.000
(iter 214) [0.0, 0.6670, 0.4260] = 456.1534, sampling [1.0, 0.0976, -0.6027]. Recommendation = [0.0, 0.6670, 0.4260], Current Cost = 24225.00, Rho = 1.000
(iter 214) [0.0, 0.6670, 0.4260] = 456.1534, sampling [1.0, 0.2302, 0.9996]. Recommendation = [0.0, 0.6670, 0.4260], Current Cost = 24226.00, Rho = 1.000
(iter 214) [0.0, 0.6670, 0.4260] = 456.1534, sampling [0.0, 0.8322, 0.5653]. Recommendation = [0.0, 0.6670, 0.4260], Current Cost = 24227.00, Rho = 1.000
(iter 214) [0.0, 0.6670, 0.4260] = 456.1534, sampling [0.0, 0.4040, 0.2952]. Recommendation = [0.0, 0.6670, 0.4260], Current Cost = 25227.00, Rho = 1.000
(iter 214) [0.0, 0.6670, 0.4260] = 456.1534, sampling [1.0, -0.3238, -0.3562]. Recommendation = [0.0, 0.6670, 0.4260], Current Cost = 26227.00, Rho = 1.000
(iter 214) [0.0, 0.6670, 0.4260] = 456.1534, sampling [0.0, 1.3063, 1.5852]. Recommendation = [0.0, 0.6670, 0.4260], Current Cost = 26228.00, Rho = 1.000
(iter 214) [0.0, 0.6670, 0.4260] = 456.1534, sampling [0.0, 0.1706, -0.1011]. Recommendation = [0.0, 0.6670, 0.4260], Current Cost = 27228.00, Rho = 1.000
(iter 214) [0.0, 0.6670, 0.4260] = 456.1534, sampling [1.0, 1.3255, 1.0577]. Recommendation = [0.0, 0.6670, 0.4260], Current Cost = 28228.00, Rho = 1.000
(iter 214) [0.0, 0.6670, 0.4260] = 456.1534, sampling [1.0, -0.3891, -0.5589]. Recommendation = [0.0, 0.6670, 0.4260], Current Cost = 28229.00, Rho = 1.000
(iter 214) [0.0, 0.6670, 0.4260] = 456.1534, sampling [1.0, 0.3872, -0.4316]. Recommendation = [0.0, 0.6670, 0.4260], Current Cost = 28230.00, Rho = 1.000
(iter 214) [0.0, 0.6670, 0.4260] = 456.1534, sampling [1.0, -0.4388, 0.8761]. Recommendation = [0.0, 0.6670, 0.4260], Current Cost = 28231.00, Rho = 1.000
(iter 214) [0.0, 0.6670, 0.4260] = 456.1534, sampling [0.0, 1.3421, 1.6818]. Recommendation = [0.0, 0.6670, 0.4260], Current Cost = 28232.00, Rho = 1.000
(iter 214) [0.0, 0.6670, 0.4260] = 456.1534, sampling [1.0, -1.3718, 1.2615]. Recommendation = [0.0, 0.6670, 0.4260], Current Cost = 29232.00, Rho = 1.000
(iter 214) [0.0, 0.6670, 0.4260] = 456.1534, sampling [1.0, -0.0237, -0.6043]. Recommendation = [0.0, 0.6670, 0.4260], Current Cost = 29233.00, Rho = 1.000
(iter 214) [0.0, 0.6670, 0.4260] = 456.1534, sampling [0.0, 0.2035, 0.1694]. Recommendation = [0.0, 0.6670, 0.4260], Current Cost = 29234.00, Rho = 1.000
(iter 214) [0.0, 0.6670, 0.4260] = 456.1534, sampling [1.0, -1.5493, 1.5071]. Recommendation = [0.0, 0.6670, 0.4260], Current Cost = 30234.00, Rho = 1.000
(iter 214) [0.0, 0.6670, 0.4260] = 456.1534, sampling [0.0, -0.9336, 0.9005]. Recommendation = [0.0, 0.6670, 0.4260], Current Cost = 30235.00, Rho = 1.000
(iter 214) [0.0, 0.6670, 0.4260] = 456.1534, sampling [1.0, 1.0712, 1.8691]. Recommendation = [0.0, 0.6670, 0.4260], Current Cost = 31235.00, Rho = 1.000
(iter 214) [0.0, 0.6670, 0.4260] = 456.1534, sampling [1.0, 0.2229, 0.7013]. Recommendation = [0.0, 0.6670, 0.4260], Current Cost = 31236.00, Rho = 1.000
(iter 214) [0.0, 0.6670, 0.4260] = 456.1534, sampling [0.0, -0.3921, 0.1521]. Recommendation = [0.0, 0.6670, 0.4260], Current Cost = 31237.00, Rho = 1.000
(iter 214) [0.0, 0.6670, 0.4260] = 456.1534, sampling [1.0, -1.1642, 0.7066]. Recommendation = [0.0, 0.6670, 0.4260], Current Cost = 32237.00, Rho = 1.000
(iter 214) [0.0, 0.6670, 0.4260] = 456.1534, sampling [0.0, 0.0406, -0.1459]. Recommendation = [0.0, 0.6670, 0.4260], Current Cost = 32238.00, Rho = 1.000
(iter 214) [0.0, 0.6670, 0.4260] = 456.1534, sampling [1.0, 0.3154, -0.5958]. Recommendation = [0.0, 0.6670, 0.4260], Current Cost = 33238.00, Rho = 1.000
(iter 214) [0.0, 0.6670, 0.4260] = 456.1534, sampling [0.0, 0.6509, 0.5488]. Recommendation = [0.0, 0.6670, 0.4260], Current Cost = 33239.00, Rho = 1.000
(iter 214) [0.0, 0.6670, 0.4260] = 456.1534, sampling [1.0, -1.0141, 1.6670]. Recommendation = [0.0, 0.6670, 0.4260], Current Cost = 34239.00, Rho = 1.000
(iter 214) [0.0, 0.6670, 0.4260] = 456.1534, sampling [1.0, 0.9641, 0.0869]. Recommendation = [0.0, 0.6670, 0.4260], Current Cost = 34240.00, Rho = 1.000
(iter 214) [0.0, 0.6670, 0.4260] = 456.1534, sampling [1.0, -1.4556, 1.6342]. Recommendation = [0.0, 0.6670, 0.4260], Current Cost = 34241.00, Rho = 1.000
(iter 214) [0.0, 0.6670, 0.4260] = 456.1534, sampling [1.0, -1.1562, 1.8617]. Recommendation = [0.0, 0.6670, 0.4260], Current Cost = 34242.00, Rho = 1.000
(iter 214) [0.0, 0.6670, 0.4260] = 456.1534, sampling [1.0, 0.4984, -0.4279]. Recommendation = [0.0, 0.6670, 0.4260], Current Cost = 34243.00, Rho = 1.000
(iter 214) [0.0, 0.6670, 0.4260] = 456.1534, sampling [1.0, -0.6786, 1.1998]. Recommendation = [0.0, 0.6670, 0.4260], Current Cost = 34244.00, Rho = 1.000
(iter 214) [0.0, 0.6670, 0.4260] = 456.1534, sampling [0.0, 1.0722, 1.3268]. Recommendation = [0.0, 0.6670, 0.4260], Current Cost = 34245.00, Rho = 1.000
(iter 214) [0.0, 0.6670, 0.4260] = 456.1534, sampling [0.0, -1.2046, 1.4869]. Recommendation = [0.0, 0.6670, 0.4260], Current Cost = 35245.00, Rho = 1.000
(iter 214) [0.0, 0.6670, 0.4260] = 456.1534, sampling [0.0, -0.5354, 0.1935]. Recommendation = [0.0, 0.6670, 0.4260], Current Cost = 36245.00, Rho = 1.000
(iter 214) [0.0, 0.6670, 0.4260] = 456.1534, sampling [1.0, 0.5235, 1.0786]. Recommendation = [0.0, 0.6670, 0.4260], Current Cost = 37245.00, Rho = 1.000
(iter 214) [0.0, 0.6670, 0.4260] = 456.1534, sampling [1.0, -0.7237, -0.2463]. Recommendation = [0.0, 0.6670, 0.4260], Current Cost = 37246.00, Rho = 1.000
(iter 214) [0.0, 0.6670, 0.4260] = 456.1534, sampling [0.0, 0.8962, 0.9887]. Recommendation = [0.0, 0.6670, 0.4260], Current Cost = 37247.00, Rho = 1.000
(iter 214) [0.0, 0.6670, 0.4260] = 456.1534, sampling [0.0, -0.5765, 0.4797]. Recommendation = [0.0, 0.6670, 0.4260], Current Cost = 38247.00, Rho = 1.000
(iter 214) [0.0, 0.6670, 0.4260] = 456.1534, sampling [1.0, -1.5342, 1.8188]. Recommendation = [0.0, 0.6670, 0.4260], Current Cost = 39247.00, Rho = 1.000
(iter 214) [0.0, 0.6670, 0.4260] = 456.1534, sampling [1.0, 0.9265, 1.4785]. Recommendation = [0.0, 0.6670, 0.4260], Current Cost = 39248.00, Rho = 1.000
(iter 214) [0.0, 0.6670, 0.4260] = 456.1534, sampling [0.0, -0.2680, 0.2150]. Recommendation = [0.0, 0.6670, 0.4260], Current Cost = 39249.00, Rho = 1.000
(iter 214) [0.0, 0.6670, 0.4260] = 456.1534, sampling [0.0, 1.3799, 1.7380]. Recommendation = [0.0, 0.6670, 0.4260], Current Cost = 40249.00, Rho = 1.000
(iter 214) [0.0, 0.6670, 0.4260] = 456.1534, sampling [1.0, 0.7899, -0.1236]. Recommendation = [0.0, 0.6670, 0.4260], Current Cost = 41249.00, Rho = 1.000
(iter 214) [0.0, 0.6670, 0.4260] = 456.1534, sampling [1.0, -0.2199, -0.6587]. Recommendation = [0.0, 0.6670, 0.4260], Current Cost = 41250.00, Rho = 1.000
(iter 214) [0.0, 0.6670, 0.4260] = 456.1534, sampling [1.0, -0.1429, 0.8720]. Recommendation = [0.0, 0.6670, 0.4260], Current Cost = 41251.00, Rho = 1.000
(iter 214) [0.0, 0.6670, 0.4260] = 456.1534, sampling [0.0, 0.4929, 0.0518]. Recommendation = [0.0, 0.6670, 0.4260], Current Cost = 41252.00, Rho = 1.000
(iter 214) [0.0, 0.6670, 0.4260] = 456.1534, sampling [1.0, 0.8182, 1.3808]. Recommendation = [0.0, 0.6670, 0.4260], Current Cost = 42252.00, Rho = 1.000
(iter 214) [0.0, 0.6670, 0.4260] = 456.1534, sampling [0.0, 1.0982, 1.0258]. Recommendation = [0.0, 0.6670, 0.4260], Current Cost = 42253.00, Rho = 1.000
(iter 214) [0.0, 0.6670, 0.4260] = 456.1534, sampling [1.0, -1.0204, 1.5785]. Recommendation = [0.0, 0.6670, 0.4260], Current Cost = 43253.00, Rho = 1.000
(iter 214) [0.0, 0.6670, 0.4260] = 456.1534, sampling [1.0, 0.5975, -0.2648]. Recommendation = [0.0, 0.6670, 0.4260], Current Cost = 43254.00, Rho = 1.000
(iter 214) [0.0, 0.6670, 0.4260] = 456.1534, sampling [0.0, 1.2081, 1.3058]. Recommendation = [0.0, 0.6670, 0.4260], Current Cost = 43255.00, Rho = 1.000
(iter 214) [0.0, 0.6670, 0.4260] = 456.1534, sampling [1.0, 0.4278, -0.2771]. Recommendation = [0.0, 0.6670, 0.4260], Current Cost = 44255.00, Rho = 1.000
(iter 214) [0.0, 0.6670, 0.4260] = 456.1534, sampling [1.0, 0.0332, -0.7877]. Recommendation = [0.0, 0.6670, 0.4260], Current Cost = 44256.00, Rho = 1.000
(iter 214) [0.0, 0.6670, 0.4260] = 456.1534, sampling [0.0, -1.0493, 1.0431]. Recommendation = [0.0, 0.6670, 0.4260], Current Cost = 44257.00, Rho = 1.000
(iter 214) [0.0, 0.6670, 0.4260] = 456.1534, sampling [0.0, 0.3195, -0.0850]. Recommendation = [0.0, 0.6670, 0.4260], Current Cost = 45257.00, Rho = 1.000
(iter 214) [0.0, 0.6670, 0.4260] = 456.1534, sampling [1.0, -0.8826, 1.5547]. Recommendation = [0.0, 0.6670, 0.4260], Current Cost = 46257.00, Rho = 1.000
(iter 214) [0.0, 0.6670, 0.4260] = 456.1534, sampling [0.0, 0.8264, 0.5179]. Recommendation = [0.0, 0.6670, 0.4260], Current Cost = 46258.00, Rho = 1.000
(iter 214) [0.0, 0.6670, 0.4260] = 456.1534, sampling [0.0, -0.4008, -0.0009]. Recommendation = [0.0, 0.6670, 0.4260], Current Cost = 47258.00, Rho = 1.000
(iter 214) [0.0, 0.6670, 0.4260] = 456.1534, sampling [1.0, -0.7930, -0.1049]. Recommendation = [0.0, 0.6670, 0.4260], Current Cost = 48258.00, Rho = 1.000
(iter 214) [0.0, 0.6670, 0.4260] = 456.1534, sampling [1.0, 0.2537, 0.7921]. Recommendation = [0.0, 0.6670, 0.4260], Current Cost = 48259.00, Rho = 1.000
(iter 214) [0.0, 0.6670, 0.4260] = 456.1534, sampling [1.0, -0.6598, 1.9325]. Recommendation = [0.0, 0.6670, 0.4260], Current Cost = 48260.00, Rho = 1.000
(iter 214) [0.0, 0.6670, 0.4260] = 456.1534, sampling [1.0, -1.3125, 0.5115]. Recommendation = [0.0, 0.6670, 0.4260], Current Cost = 48261.00, Rho = 1.000
(iter 214) [0.0, 0.6670, 0.4260] = 456.1534, sampling [0.0, 0.1264, -0.1243]. Recommendation = [0.0, 0.6670, 0.4260], Current Cost = 48262.00, Rho = 1.000
(iter 214) [0.0, 0.6670, 0.4260] = 456.1534, sampling [0.0, -0.7701, 0.4509]. Recommendation = [0.0, 0.6670, 0.4260], Current Cost = 49262.00, Rho = 1.000
(iter 214) [0.0, 0.6670, 0.4260] = 456.1534, sampling [0.0, 1.1426, 1.1306]. Recommendation = [0.0, 0.6670, 0.4260], Current Cost = 50262.00, Rho = 1.000
(iter 214) [0.0, 0.6670, 0.4260] = 456.1534, sampling [1.0, 0.2676, -0.6839]. Recommendation = [0.0, 0.6670, 0.4260], Current Cost = 51262.00, Rho = 1.000
(iter 214) [0.0, 0.6670, 0.4260] = 456.1534, sampling [1.0, 1.4367, 1.3623]. Recommendation = [0.0, 0.6670, 0.4260], Current Cost = 51263.00, Rho = 1.000
(iter 214) [0.0, 0.6670, 0.4260] = 456.1534, sampling [1.0, -0.4942, 0.9162]. Recommendation = [0.0, 0.6670, 0.4260], Current Cost = 51264.00, Rho = 1.000
(iter 214) [0.0, 0.6670, 0.4260] = 456.1534, sampling [1.0, -0.1333, -0.6958]. Recommendation = [0.0, 0.6670, 0.4260], Current Cost = 51265.00, Rho = 1.000
(iter 214) [0.0, 0.6670, 0.4260] = 456.1534, sampling [1.0, 0.2591, -0.5149]. Recommendation = [0.0, 0.6670, 0.4260], Current Cost = 51266.00, Rho = 1.000
(iter 214) [0.0, 0.6670, 0.4260] = 456.1534, sampling [0.0, -0.0012, 0.1898]. Recommendation = [0.0, 0.6670, 0.4260], Current Cost = 51267.00, Rho = 1.000
(iter 214) [0.0, 0.6670, 0.4260] = 456.1534, sampling [1.0, 1.2574, 0.7143]. Recommendation = [0.0, 0.6670, 0.4260], Current Cost = 52267.00, Rho = 1.000
(iter 214) [0.0, 0.6670, 0.4260] = 456.1534, sampling [0.0, -1.0388, 1.1842]. Recommendation = [0.0, 0.6670, 0.4260], Current Cost = 52268.00, Rho = 1.000
(iter 214) [0.0, 0.6670, 0.4260] = 456.1534, sampling [0.0, 0.2497, 0.2559]. Recommendation = [0.0, 0.6670, 0.4260], Current Cost = 53268.00, Rho = 1.000
(iter 214) [0.0, 0.6670, 0.4260] = 456.1534, sampling [0.0, -0.9402, 0.8169]. Recommendation = [0.0, 0.6670, 0.4260], Current Cost = 54268.00, Rho = 1.000
(iter 214) [0.0, 0.6670, 0.4260] = 456.1534, sampling [0.0, -0.0112, -0.1637]. Recommendation = [0.0, 0.6670, 0.4260], Current Cost = 55268.00, Rho = 1.000
(iter 214) [0.0, 0.6670, 0.4260] = 456.1534, sampling [0.0, 0.6882, 0.2506]. Recommendation = [0.0, 0.6670, 0.4260], Current Cost = 56268.00, Rho = 1.000
(iter 214) [0.0, 0.6670, 0.4260] = 456.1534, sampling [1.0, 1.1339, 0.5472]. Recommendation = [0.0, 0.6670, 0.4260], Current Cost = 57268.00, Rho = 1.000
(iter 214) [0.0, 0.6670, 0.4260] = 456.1534, sampling [1.0, -0.9944, 0.1125]. Recommendation = [0.0, 0.6670, 0.4260], Current Cost = 57269.00, Rho = 1.000
(iter 214) [0.0, 0.6670, 0.4260] = 456.1534, sampling [1.0, -0.3181, 0.5722]. Recommendation = [0.0, 0.6670, 0.4260], Current Cost = 57270.00, Rho = 1.000
(iter 214) [0.0, 0.6670, 0.4260] = 456.1534, sampling [1.0, 0.5299, -0.6121]. Recommendation = [0.0, 0.6670, 0.4260], Current Cost = 57271.00, Rho = 1.000
(iter 214) [0.0, 0.6670, 0.4260] = 456.1534, sampling [1.0, -0.2327, 0.6003]. Recommendation = [0.0, 0.6670, 0.4260], Current Cost = 57272.00, Rho = 1.000
(iter 214) [0.0, 0.6670, 0.4260] = 456.1534, sampling [0.0, -1.4827, 1.9673]. Recommendation = [0.0, 0.6670, 0.4260], Current Cost = 57273.00, Rho = 1.000
(iter 214) [0.0, 0.6670, 0.4260] = 456.1534, sampling [1.0, -0.5197, -0.5838]. Recommendation = [0.0, 0.6670, 0.4260], Current Cost = 58273.00, Rho = 1.000
(iter 214) [0.0, 0.6670, 0.4260] = 456.1534, sampling [1.0, -1.7461, 1.7861]. Recommendation = [0.0, 0.6670, 0.4260], Current Cost = 58274.00, Rho = 1.000
(iter 214) [0.0, 0.6670, 0.4260] = 456.1534, sampling [1.0, -0.2740, 1.0021]. Recommendation = [0.0, 0.6670, 0.4260], Current Cost = 58275.00, Rho = 1.000
(iter 214) [0.0, 0.6670, 0.4260] = 456.1534, sampling [1.0, 1.6619, 1.8876]. Recommendation = [0.0, 0.6670, 0.4260], Current Cost = 58276.00, Rho = 1.000
(iter 214) [0.0, 0.6670, 0.4260] = 456.1534, sampling [1.0, 1.3886, 1.1957]. Recommendation = [0.0, 0.6670, 0.4260], Current Cost = 58277.00, Rho = 1.000
(iter 214) [0.0, 0.6670, 0.4260] = 456.1534, sampling [0.0, 0.4689, 0.4416]. Recommendation = [0.0, 0.6670, 0.4260], Current Cost = 58278.00, Rho = 1.000
(iter 214) [0.0, 0.6670, 0.4260] = 456.1534, sampling [0.0, -0.5980, 0.2175]. Recommendation = [0.0, 0.6670, 0.4260], Current Cost = 59278.00, Rho = 1.000
(iter 214) [0.0, 0.6670, 0.4260] = 456.1534, sampling [0.0, 0.4027, -0.0461]. Recommendation = [0.0, 0.6670, 0.4260], Current Cost = 60278.00, Rho = 1.000
(iter 214) [0.0, 0.6670, 0.4260] = 456.1534, sampling [1.0, 0.1646, -0.7751]. Recommendation = [0.0, 0.6670, 0.4260], Current Cost = 61278.00, Rho = 1.000
(iter 214) [0.0, 0.6670, 0.4260] = 456.1534, sampling [0.0, -0.4337, 0.3914]. Recommendation = [0.0, 0.6670, 0.4260], Current Cost = 61279.00, Rho = 1.000
(iter 214) [0.0, 0.6670, 0.4260] = 456.1534, sampling [1.0, 1.0419, 0.1801]. Recommendation = [0.0, 0.6670, 0.4260], Current Cost = 62279.00, Rho = 1.000
(iter 214) [0.0, 0.6670, 0.4260] = 456.1534, sampling [1.0, 0.1502, 0.8453]. Recommendation = [0.0, 0.6670, 0.4260], Current Cost = 62280.00, Rho = 1.000
(iter 214) [0.0, 0.6670, 0.4260] = 456.1534, sampling [0.0, -1.2172, 1.6056]. Recommendation = [0.0, 0.6670, 0.4260], Current Cost = 62281.00, Rho = 1.000
(iter 214) [0.0, 0.6670, 0.4260] = 456.1534, sampling [1.0, -0.8212, -0.4738]. Recommendation = [0.0, 0.6670, 0.4260], Current Cost = 63281.00, Rho = 1.000
(iter 214) [0.0, 0.6670, 0.4260] = 456.1534, sampling [1.0, -0.6716, -0.2119]. Recommendation = [0.0, 0.6670, 0.4260], Current Cost = 63282.00, Rho = 1.000
(iter 214) [0.0, 0.6670, 0.4260] = 456.1534, sampling [0.0, 0.6554, 0.6392]. Recommendation = [0.0, 0.6670, 0.4260], Current Cost = 63283.00, Rho = 1.000
(iter 214) [0.0, 0.6670, 0.4260] = 456.1534, sampling [0.0, 0.1943, 0.2063]. Recommendation = [0.0, 0.6670, 0.4260], Current Cost = 64283.00, Rho = 1.000
(iter 214) [0.0, 0.6670, 0.4260] = 456.1534, sampling [1.0, -0.0514, 0.7877]. Recommendation = [0.0, 0.6670, 0.4260], Current Cost = 65283.00, Rho = 1.000
(iter 214) [0.0, 0.6670, 0.4260] = 456.1534, sampling [1.0, 0.8727, 1.6524]. Recommendation = [0.0, 0.6670, 0.4260], Current Cost = 65284.00, Rho = 1.000
(iter 214) [0.0, 0.6670, 0.4260] = 456.1534, sampling [0.0, 0.7545, 0.8258]. Recommendation = [0.0, 0.6670, 0.4260], Current Cost = 65285.00, Rho = 1.000
(iter 214) [0.0, 0.6670, 0.4260] = 456.1534, sampling [1.0, -1.1295, 0.6892]. Recommendation = [0.0, 0.6670, 0.4260], Current Cost = 66285.00, Rho = 1.000
(iter 214) [0.0, 0.6670, 0.4260] = 456.1534, sampling [1.0, -1.4973, 1.6386]. Recommendation = [0.0, 0.6670, 0.4260], Current Cost = 66286.00, Rho = 1.000
(iter 214) [0.0, 0.6670, 0.4260] = 456.1534, sampling [1.0, -0.2049, -0.8033]. Recommendation = [0.0, 0.6670, 0.4260], Current Cost = 66287.00, Rho = 1.000
(iter 214) [0.0, 0.6670, 0.4260] = 456.1534, sampling [1.0, 0.9922, 1.9446]. Recommendation = [0.0, 0.6670, 0.4260], Current Cost = 66288.00, Rho = 1.000
(iter 214) [0.0, 0.6670, 0.4260] = 456.1534, sampling [1.0, 1.3998, 0.9487]. Recommendation = [0.0, 0.6670, 0.4260], Current Cost = 66289.00, Rho = 1.000
(iter 214) [0.0, 0.6670, 0.4260] = 456.1534, sampling [1.0, 0.9294, -0.0622]. Recommendation = [0.0, 0.6670, 0.4260], Current Cost = 66290.00, Rho = 1.000
(iter 214) [0.0, 0.6670, 0.4260] = 456.1534, sampling [0.0, 0.0665, 0.2017]. Recommendation = [0.0, 0.6670, 0.4260], Current Cost = 66291.00, Rho = 1.000
(iter 214) [0.0, 0.6670, 0.4260] = 456.1534, sampling [1.0, -0.2084, 0.7968]. Recommendation = [0.0, 0.6670, 0.4260], Current Cost = 67291.00, Rho = 1.000
(iter 214) [0.0, 0.6670, 0.4260] = 456.1534, sampling [1.0, 0.3689, -0.7301]. Recommendation = [0.0, 0.6670, 0.4260], Current Cost = 67292.00, Rho = 1.000
(iter 214) [0.0, 0.6670, 0.4260] = 456.1534, sampling [1.0, -0.0853, -0.7558]. Recommendation = [0.0, 0.6670, 0.4260], Current Cost = 67293.00, Rho = 1.000
(iter 214) [0.0, 0.6670, 0.4260] = 456.1534, sampling [1.0, -0.3829, 1.2904]. Recommendation = [0.0, 0.6670, 0.4260], Current Cost = 67294.00, Rho = 1.000
(iter 214) [0.0, 0.6670, 0.4260] = 456.1534, sampling [1.0, -1.5280, 1.1146]. Recommendation = [0.0, 0.6670, 0.4260], Current Cost = 67295.00, Rho = 1.000
(iter 214) [0.0, 0.6670, 0.4260] = 456.1534, sampling [1.0, 0.3794, 0.7736]. Recommendation = [0.0, 0.6670, 0.4260], Current Cost = 67296.00, Rho = 1.000
(iter 214) [0.0, 0.6670, 0.4260] = 456.1534, sampling [0.0, -0.7091, 0.7089]. Recommendation = [0.0, 0.6670, 0.4260], Current Cost = 67297.00, Rho = 1.000
(iter 214) [0.0, 0.6670, 0.4260] = 456.1534, sampling [1.0, 1.3381, 0.4530]. Recommendation = [0.0, 0.6670, 0.4260], Current Cost = 68297.00, Rho = 1.000
(iter 214) [0.0, 0.6670, 0.4260] = 456.1534, sampling [0.0, 0.2051, -0.1926]. Recommendation = [0.0, 0.6670, 0.4260], Current Cost = 68298.00, Rho = 1.000
(iter 214) [0.0, 0.6670, 0.4260] = 456.1534, sampling [0.0, -0.9095, 0.9451]. Recommendation = [0.0, 0.6670, 0.4260], Current Cost = 69298.00, Rho = 1.000
(iter 214) [0.0, 0.6670, 0.4260] = 456.1534, sampling [1.0, -0.7558, 1.3733]. Recommendation = [0.0, 0.6670, 0.4260], Current Cost = 70298.00, Rho = 1.000
(iter 214) [0.0, 0.6670, 0.4260] = 456.1534, sampling [1.0, -0.8780, -0.0652]. Recommendation = [0.0, 0.6670, 0.4260], Current Cost = 70299.00, Rho = 1.000
(iter 214) [0.0, 0.6670, 0.4260] = 456.1534, sampling [0.0, -1.2241, 1.3853]. Recommendation = [0.0, 0.6670, 0.4260], Current Cost = 70300.00, Rho = 1.000
(iter 214) [0.0, 0.6670, 0.4260] = 456.1534, sampling [1.0, -1.4566, 1.5585]. Recommendation = [0.0, 0.6670, 0.4260], Current Cost = 71300.00, Rho = 1.000
(iter 214) [0.0, 0.6670, 0.4260] = 456.1534, sampling [1.0, -1.4608, 1.6195]. Recommendation = [0.0, 0.6670, 0.4260], Current Cost = 71301.00, Rho = 1.000
(iter 214) [0.0, 0.6670, 0.4260] = 456.1534, sampling [0.0, -0.7254, 0.3250]. Recommendation = [0.0, 0.6670, 0.4260], Current Cost = 71302.00, Rho = 1.000
(iter 214) [0.0, 0.6670, 0.4260] = 456.1534, sampling [1.0, -0.0417, -0.9822]. Recommendation = [0.0, 0.6670, 0.4260], Current Cost = 72302.00, Rho = 1.000
(iter 214) [0.0, 0.6670, 0.4260] = 456.1534, sampling [1.0, -0.0277, 1.0131]. Recommendation = [0.0, 0.6670, 0.4260], Current Cost = 72303.00, Rho = 1.000
(iter 214) [0.0, 0.6670, 0.4260] = 456.1534, sampling [0.0, -0.5472, 0.0943]. Recommendation = [0.0, 0.6670, 0.4260], Current Cost = 72304.00, Rho = 1.000
(iter 214) [0.0, 0.6670, 0.4260] = 456.1534, sampling [1.0, 0.6736, -0.4059]. Recommendation = [0.0, 0.6670, 0.4260], Current Cost = 73304.00, Rho = 1.000
(iter 214) [0.0, 0.6670, 0.4260] = 456.1534, sampling [1.0, 0.4459, 1.3322]. Recommendation = [0.0, 0.6670, 0.4260], Current Cost = 73305.00, Rho = 1.000
(iter 214) [0.0, 0.6670, 0.4260] = 456.1534, sampling [1.0, 0.7828, -0.1812]. Recommendation = [0.0, 0.6670, 0.4260], Current Cost = 73306.00, Rho = 1.000
(iter 214) [0.0, 0.6670, 0.4260] = 456.1534, sampling [0.0, 0.9196, 0.6145]. Recommendation = [0.0, 0.6670, 0.4260], Current Cost = 73307.00, Rho = 1.000
(iter 214) [0.0, 0.6670, 0.4260] = 456.1534, sampling [1.0, 0.8022, -0.0795]. Recommendation = [0.0, 0.6670, 0.4260], Current Cost = 74307.00, Rho = 1.000
(iter 214) [0.0, 0.6670, 0.4260] = 456.1534, sampling [0.0, 0.4573, -0.0063]. Recommendation = [0.0, 0.6670, 0.4260], Current Cost = 74308.00, Rho = 1.000
(iter 214) [0.0, 0.6670, 0.4260] = 456.1534, sampling [0.0, -0.3310, 0.3319]. Recommendation = [0.0, 0.6670, 0.4260], Current Cost = 75308.00, Rho = 1.000
(iter 214) [0.0, 0.6670, 0.4260] = 456.1534, sampling [1.0, -0.8940, 1.6841]. Recommendation = [0.0, 0.6670, 0.4260], Current Cost = 76308.00, Rho = 1.000
(iter 214) [0.0, 0.6670, 0.4260] = 456.1534, sampling [0.0, -0.2840, -0.2012]. Recommendation = [0.0, 0.6670, 0.4260], Current Cost = 76309.00, Rho = 1.000
(iter 214) [0.0, 0.6670, 0.4260] = 456.1534, sampling [0.0, -1.2679, 1.8234]. Recommendation = [0.0, 0.6670, 0.4260], Current Cost = 77309.00, Rho = 1.000
(iter 214) [0.0, 0.6670, 0.4260] = 456.1534, sampling [1.0, 0.8429, 0.0217]. Recommendation = [0.0, 0.6670, 0.4260], Current Cost = 78309.00, Rho = 1.000
(iter 214) [0.0, 0.6670, 0.4260] = 456.1534, sampling [1.0, -0.9870, 1.8582]. Recommendation = [0.0, 0.6670, 0.4260], Current Cost = 78310.00, Rho = 1.000
(iter 214) [0.0, 0.6670, 0.4260] = 456.1534, sampling [1.0, -0.5679, -0.3925]. Recommendation = [0.0, 0.6670, 0.4260], Current Cost = 78311.00, Rho = 1.000
(iter 214) [0.0, 0.6670, 0.4260] = 456.1534, sampling [0.0, 1.2009, 1.2061]. Recommendation = [0.0, 0.6670, 0.4260], Current Cost = 78312.00, Rho = 1.000
(iter 214) [0.0, 0.6670, 0.4260] = 456.1534, sampling [1.0, 1.9975, 1.8723]. Recommendation = [0.0, 0.6670, 0.4260], Current Cost = 79312.00, Rho = 1.000
(iter 214) [0.0, 0.6670, 0.4260] = 456.1534, sampling [1.0, 0.9771, 1.7712]. Recommendation = [0.0, 0.6670, 0.4260], Current Cost = 79313.00, Rho = 1.000
(iter 214) [0.0, 0.6670, 0.4260] = 456.1534, sampling [1.0, 0.0073, 0.8422]. Recommendation = [0.0, 0.6670, 0.4260], Current Cost = 79314.00, Rho = 1.000
(iter 214) [0.0, 0.6670, 0.4260] = 456.1534, sampling [1.0, 0.6000, -0.8469]. Recommendation = [0.0, 0.6670, 0.4260], Current Cost = 79315.00, Rho = 1.000
(iter 214) [0.0, 0.6670, 0.4260] = 456.1534, sampling [1.0, 0.7605, 1.5320]. Recommendation = [0.0, 0.6670, 0.4260], Current Cost = 79316.00, Rho = 1.000
(iter 214) [0.0, 0.6670, 0.4260] = 456.1534, sampling [1.0, -1.1207, 0.3716]. Recommendation = [0.0, 0.6670, 0.4260], Current Cost = 79317.00, Rho = 1.000
(iter 214) [0.0, 0.6670, 0.4260] = 456.1534, sampling [0.0, 1.2304, 1.8284]. Recommendation = [0.0, 0.6670, 0.4260], Current Cost = 79318.00, Rho = 1.000
(iter 214) [0.0, 0.6670, 0.4260] = 456.1534, sampling [1.0, -0.0285, -0.6202]. Recommendation = [0.0, 0.6670, 0.4260], Current Cost = 80318.00, Rho = 1.000
(iter 214) [0.0, 0.6670, 0.4260] = 456.1534, sampling [1.0, -0.6386, 1.1767]. Recommendation = [0.0, 0.6670, 0.4260], Current Cost = 80319.00, Rho = 1.000
(iter 214) [0.0, 0.6670, 0.4260] = 456.1534, sampling [1.0, 1.2654, 0.8014]. Recommendation = [0.0, 0.6670, 0.4260], Current Cost = 80320.00, Rho = 1.000
(iter 214) [0.0, 0.6670, 0.4260] = 456.1534, sampling [1.0, -0.9605, -0.2214]. Recommendation = [0.0, 0.6670, 0.4260], Current Cost = 80321.00, Rho = 1.000
(iter 214) [0.0, 0.6670, 0.4260] = 456.1534, sampling [0.0, 1.3530, 1.5958]. Recommendation = [0.0, 0.6670, 0.4260], Current Cost = 80322.00, Rho = 1.000
(iter 214) [0.0, 0.6670, 0.4260] = 456.1534, sampling [1.0, -0.5850, 1.3227]. Recommendation = [0.0, 0.6670, 0.4260], Current Cost = 81322.00, Rho = 1.000
(iter 214) [0.0, 0.6670, 0.4260] = 456.1534, sampling [0.0, -1.1178, 1.0876]. Recommendation = [0.0, 0.6670, 0.4260], Current Cost = 81323.00, Rho = 1.000
(iter 214) [0.0, 0.6670, 0.4260] = 456.1534, sampling [1.0, -0.2622, -1.0403]. Recommendation = [0.0, 0.6670, 0.4260], Current Cost = 82323.00, Rho = 1.000
(iter 214) [0.0, 0.6670, 0.4260] = 456.1534, sampling [0.0, 0.6718, 0.6831]. Recommendation = [0.0, 0.6670, 0.4260], Current Cost = 82324.00, Rho = 1.000
(iter 214) [0.0, 0.6670, 0.4260] = 456.1534, sampling [1.0, 0.2093, 0.8135]. Recommendation = [0.0, 0.6670, 0.4260], Current Cost = 83324.00, Rho = 1.000
(iter 214) [0.0, 0.6670, 0.4260] = 456.1534, sampling [1.0, 0.1216, -0.9978]. Recommendation = [0.0, 0.6670, 0.4260], Current Cost = 83325.00, Rho = 1.000
(iter 214) [0.0, 0.6670, 0.4260] = 456.1534, sampling [0.0, 0.8505, 0.9732]. Recommendation = [0.0, 0.6670, 0.4260], Current Cost = 83326.00, Rho = 1.000
(iter 214) [0.0, 0.6670, 0.4260] = 456.1534, sampling [1.0, 1.0671, 1.9111]. Recommendation = [0.0, 0.6670, 0.4260], Current Cost = 84326.00, Rho = 1.000
(iter 214) [0.0, 0.6670, 0.4260] = 456.1534, sampling [1.0, 0.1001, 1.2266]. Recommendation = [0.0, 0.6670, 0.4260], Current Cost = 84327.00, Rho = 1.000
(iter 214) [0.0, 0.6670, 0.4260] = 456.1534, sampling [1.0, 0.8938, -0.1900]. Recommendation = [0.0, 0.6670, 0.4260], Current Cost = 84328.00, Rho = 1.000
(iter 214) [0.0, 0.6670, 0.4260] = 456.1534, sampling [0.0, -1.3937, 1.7329]. Recommendation = [0.0, 0.6670, 0.4260], Current Cost = 84329.00, Rho = 1.000
(iter 214) [0.0, 0.6670, 0.4260] = 456.1534, sampling [1.0, -0.7580, -0.9888]. Recommendation = [0.0, 0.6670, 0.4260], Current Cost = 85329.00, Rho = 1.000
(iter 214) [0.0, 0.6670, 0.4260] = 456.1534, sampling [0.0, 0.5097, 0.5410]. Recommendation = [0.0, 0.6670, 0.4260], Current Cost = 85330.00, Rho = 1.000
(iter 214) [0.0, 0.6670, 0.4260] = 456.1534, sampling [1.0, -1.4504, 0.8106]. Recommendation = [0.0, 0.6670, 0.4260], Current Cost = 86330.00, Rho = 1.000
(iter 214) [0.0, 0.6670, 0.4260] = 456.1534, sampling [1.0, 1.0513, 1.8463]. Recommendation = [0.0, 0.6670, 0.4260], Current Cost = 86331.00, Rho = 1.000
(iter 214) [0.0, 0.6670, 0.4260] = 456.1534, sampling [1.0, -0.6284, -0.3744]. Recommendation = [0.0, 0.6670, 0.4260], Current Cost = 86332.00, Rho = 1.000
(iter 214) [0.0, 0.6670, 0.4260] = 456.1534, sampling [1.0, 0.2425, 0.7680]. Recommendation = [0.0, 0.6670, 0.4260], Current Cost = 86333.00, Rho = 1.000
(iter 214) [0.0, 0.6670, 0.4260] = 456.1534, sampling [0.0, 0.1310, -0.2732]. Recommendation = [0.0, 0.6670, 0.4260], Current Cost = 86334.00, Rho = 1.000
(iter 214) [0.0, 0.6670, 0.4260] = 456.1534, sampling [1.0, 1.1796, -0.0555]. Recommendation = [0.0, 0.6670, 0.4260], Current Cost = 87334.00, Rho = 1.000
(iter 214) [0.0, 0.6670, 0.4260] = 456.1534, sampling [0.0, -0.4107, -0.0732]. Recommendation = [0.0, 0.6670, 0.4260], Current Cost = 87335.00, Rho = 1.000
(iter 214) [0.0, 0.6670, 0.4260] = 456.1534, sampling [1.0, -1.1888, 0.1282]. Recommendation = [0.0, 0.6670, 0.4260], Current Cost = 88335.00, Rho = 1.000
(iter 214) [0.0, 0.6670, 0.4260] = 456.1534, sampling [0.0, 1.1138, 1.5491]. Recommendation = [0.0, 0.6670, 0.4260], Current Cost = 88336.00, Rho = 1.000
(iter 214) [0.0, 0.6670, 0.4260] = 456.1534, sampling [0.0, 0.5464, 0.0305]. Recommendation = [0.0, 0.6670, 0.4260], Current Cost = 89336.00, Rho = 1.000
(iter 214) [0.0, 0.6670, 0.4260] = 456.1534, sampling [1.0, -0.9520, 0.0767]. Recommendation = [0.0, 0.6670, 0.4260], Current Cost = 90336.00, Rho = 1.000
(iter 214) [0.0, 0.6670, 0.4260] = 456.1534, sampling [0.0, 0.0122, 0.2343]. Recommendation = [0.0, 0.6670, 0.4260], Current Cost = 90337.00, Rho = 1.000
(iter 214) [0.0, 0.6670, 0.4260] = 456.1534, sampling [1.0, 1.1480, 0.4309]. Recommendation = [0.0, 0.6670, 0.4260], Current Cost = 91337.00, Rho = 1.000
(iter 214) [0.0, 0.6670, 0.4260] = 456.1534, sampling [1.0, -0.8751, -0.0106]. Recommendation = [0.0, 0.6670, 0.4260], Current Cost = 91338.00, Rho = 1.000
(iter 214) [0.0, 0.6670, 0.4260] = 456.1534, sampling [0.0, -0.5549, 0.5122]. Recommendation = [0.0, 0.6670, 0.4260], Current Cost = 91339.00, Rho = 1.000
(iter 214) [0.0, 0.6670, 0.4260] = 456.1534, sampling [1.0, 0.6793, 1.3029]. Recommendation = [0.0, 0.6670, 0.4260], Current Cost = 92339.00, Rho = 1.000
(iter 214) [0.0, 0.6670, 0.4260] = 456.1534, sampling [0.0, 1.1107, 0.9428]. Recommendation = [0.0, 0.6670, 0.4260], Current Cost = 92340.00, Rho = 1.000
(iter 214) [0.0, 0.6670, 0.4260] = 456.1534, sampling [1.0, -0.2897, 1.1256]. Recommendation = [0.0, 0.6670, 0.4260], Current Cost = 93340.00, Rho = 1.000
(iter 214) [0.0, 0.6670, 0.4260] = 456.1534, sampling [1.0, -0.9569, 1.9875]. Recommendation = [0.0, 0.6670, 0.4260], Current Cost = 93341.00, Rho = 1.000
(iter 214) [0.0, 0.6670, 0.4260] = 456.1534, sampling [1.0, 0.4306, -0.9090]. Recommendation = [0.0, 0.6670, 0.4260], Current Cost = 93342.00, Rho = 1.000
(iter 214) [0.0, 0.6670, 0.4260] = 456.1534, sampling [1.0, 0.8853, 1.7993]. Recommendation = [0.0, 0.6670, 0.4260], Current Cost = 93343.00, Rho = 1.000
(iter 214) [0.0, 0.6670, 0.4260] = 456.1534, sampling [1.0, -0.6809, -0.5663]. Recommendation = [0.0, 0.6670, 0.4260], Current Cost = 93344.00, Rho = 1.000
(iter 214) [0.0, 0.6670, 0.4260] = 456.1534, sampling [1.0, -0.4456, 0.8951]. Recommendation = [0.0, 0.6670, 0.4260], Current Cost = 93345.00, Rho = 1.000
(iter 214) [0.0, 0.6670, 0.4260] = 456.1534, sampling [1.0, 1.1243, 0.2600]. Recommendation = [0.0, 0.6670, 0.4260], Current Cost = 93346.00, Rho = 1.000
(iter 214) [0.0, 0.6670, 0.4260] = 456.1534, sampling [1.0, 0.0094, 1.7149]. Recommendation = [0.0, 0.6670, 0.4260], Current Cost = 93347.00, Rho = 1.000
(iter 214) [0.0, 0.6670, 0.4260] = 456.1534, sampling [1.0, -0.0657, 0.8354]. Recommendation = [0.0, 0.6670, 0.4260], Current Cost = 93348.00, Rho = 1.000
(iter 214) [0.0, 0.6670, 0.4260] = 456.1534, sampling [0.0, -0.4741, 0.4685]. Recommendation = [0.0, 0.6670, 0.4260], Current Cost = 93349.00, Rho = 1.000
(iter 214) [0.0, 0.6670, 0.4260] = 456.1534, sampling [1.0, 1.6424, 1.4345]. Recommendation = [0.0, 0.6670, 0.4260], Current Cost = 94349.00, Rho = 1.000
(iter 214) [0.0, 0.6670, 0.4260] = 456.1534, sampling [1.0, -1.5979, 1.4219]. Recommendation = [0.0, 0.6670, 0.4260], Current Cost = 94350.00, Rho = 1.000
(iter 214) [0.0, 0.6670, 0.4260] = 456.1534, sampling [1.0, 0.8281, -0.2489]. Recommendation = [0.0, 0.6670, 0.4260], Current Cost = 94351.00, Rho = 1.000
(iter 214) [0.0, 0.6670, 0.4260] = 456.1534, sampling [1.0, 0.7216, -0.4952]. Recommendation = [0.0, 0.6670, 0.4260], Current Cost = 94352.00, Rho = 1.000
(iter 214) [0.0, 0.6670, 0.4260] = 456.1534, sampling [0.0, 0.7444, 0.2627]. Recommendation = [0.0, 0.6670, 0.4260], Current Cost = 94353.00, Rho = 1.000
(iter 214) [0.0, 0.6670, 0.4260] = 456.1534, sampling [0.0, 1.5959, 1.9235]. Recommendation = [0.0, 0.6670, 0.4260], Current Cost = 95353.00, Rho = 1.000
(iter 214) [0.0, 0.6670, 0.4260] = 456.1534, sampling [1.0, -0.6266, 1.4891]. Recommendation = [0.0, 0.6670, 0.4260], Current Cost = 96353.00, Rho = 1.000
(iter 214) [0.0, 0.6670, 0.4260] = 456.1534, sampling [1.0, 1.0029, 1.8655]. Recommendation = [0.0, 0.6670, 0.4260], Current Cost = 96354.00, Rho = 1.000
(iter 214) [0.0, 0.6670, 0.4260] = 456.1534, sampling [1.0, -0.1284, 1.0062]. Recommendation = [0.0, 0.6670, 0.4260], Current Cost = 96355.00, Rho = 1.000
(iter 214) [0.0, 0.6670, 0.4260] = 456.1534, sampling [0.0, -0.7342, 0.8219]. Recommendation = [0.0, 0.6670, 0.4260], Current Cost = 96356.00, Rho = 1.000
(iter 214) [0.0, 0.6670, 0.4260] = 456.1534, sampling [1.0, 1.2344, 0.6795]. Recommendation = [0.0, 0.6670, 0.4260], Current Cost = 97356.00, Rho = 1.000
(iter 214) [0.0, 0.6670, 0.4260] = 456.1534, sampling [1.0, -1.8922, 1.9607]. Recommendation = [0.0, 0.6670, 0.4260], Current Cost = 97357.00, Rho = 1.000
(iter 214) [0.0, 0.6670, 0.4260] = 456.1534, sampling [1.0, 0.9977, -0.6965]. Recommendation = [0.0, 0.6670, 0.4260], Current Cost = 97358.00, Rho = 1.000
(iter 214) [0.0, 0.6670, 0.4260] = 456.1534, sampling [0.0, 0.4103, 0.4573]. Recommendation = [0.0, 0.6670, 0.4260], Current Cost = 97359.00, Rho = 1.000
(iter 214) [0.0, 0.6670, 0.4260] = 456.1534, sampling [1.0, 0.5256, -0.7158]. Recommendation = [0.0, 0.6670, 0.4260], Current Cost = 98359.00, Rho = 1.000
(iter 214) [0.0, 0.6670, 0.4260] = 456.1534, sampling [1.0, -0.7165, -0.4361]. Recommendation = [0.0, 0.6670, 0.4260], Current Cost = 98360.00, Rho = 1.000
(iter 214) [0.0, 0.6670, 0.4260] = 456.1534, sampling [1.0, -0.2430, -0.7992]. Recommendation = [0.0, 0.6670, 0.4260], Current Cost = 98361.00, Rho = 1.000
(iter 214) [0.0, 0.6670, 0.4260] = 456.1534, sampling [1.0, -0.4294, 1.1900]. Recommendation = [0.0, 0.6670, 0.4260], Current Cost = 98362.00, Rho = 1.000
(iter 214) [0.0, 0.6670, 0.4260] = 456.1534, sampling [1.0, -1.6526, 1.6211]. Recommendation = [0.0, 0.6670, 0.4260], Current Cost = 98363.00, Rho = 1.000
(iter 214) [0.0, 0.6670, 0.4260] = 456.1534, sampling [1.0, -1.0631, 0.2299]. Recommendation = [0.0, 0.6670, 0.4260], Current Cost = 98364.00, Rho = 1.000
(iter 214) [0.0, 0.6670, 0.4260] = 456.1534, sampling [1.0, -0.1111, -1.2922]. Recommendation = [0.0, 0.6670, 0.4260], Current Cost = 98365.00, Rho = 1.000
(iter 214) [0.0, 0.6670, 0.4260] = 456.1534, sampling [1.0, 1.4631, 1.1686]. Recommendation = [0.0, 0.6670, 0.4260], Current Cost = 98366.00, Rho = 1.000
(iter 214) [0.0, 0.6670, 0.4260] = 456.1534, sampling [1.0, 1.3145, 0.7504]. Recommendation = [0.0, 0.6670, 0.4260], Current Cost = 98367.00, Rho = 1.000
(iter 214) [0.0, 0.6670, 0.4260] = 456.1534, sampling [0.0, 0.3410, -0.2157]. Recommendation = [0.0, 0.6670, 0.4260], Current Cost = 98368.00, Rho = 1.000
(iter 214) [0.0, 0.6670, 0.4260] = 456.1534, sampling [1.0, 0.3049, -1.0443]. Recommendation = [0.0, 0.6670, 0.4260], Current Cost = 99368.00, Rho = 1.000
(iter 214) [0.0, 0.6670, 0.4260] = 456.1534, sampling [1.0, 1.2179, 0.5254]. Recommendation = [0.0, 0.6670, 0.4260], Current Cost = 99369.00, Rho = 1.000
(iter 214) [0.0, 0.6670, 0.4260] = 456.1534, sampling [1.0, 0.7397, 1.9829]. Recommendation = [0.0, 0.6670, 0.4260], Current Cost = 99370.00, Rho = 1.000
(iter 214) [0.0, 0.6670, 0.4260] = 456.1534, sampling [1.0, -0.7367, 1.6730]. Recommendation = [0.0, 0.6670, 0.4260], Current Cost = 99371.00, Rho = 1.000
(iter 214) [0.0, 0.6670, 0.4260] = 456.1534, sampling [0.0, 0.8576, 1.0341]. Recommendation = [0.0, 0.6670, 0.4260], Current Cost = 99372.00, Rho = 1.000
