(iter 10) [0.0, -1.3507, 1.1471] = 404.9171, sampling [1.0, -1.2891, 1.0948]. Recommendation = [0.0, -1.3507, 1.1471], Current Cost = 5005.00, Rho = 0.052
(iter 10) [0.0, -1.3507, 1.1471] = 404.9171, sampling [0.0, -0.8670, 1.1585]. Recommendation = [0.0, -1.3507, 1.1471], Current Cost = 5006.00, Rho = 0.052
(iter 11) [0.0, -0.8670, 1.1585] = 436.2710, sampling [1.0, -1.0302, 1.1484]. Recommendation = [0.0, -0.8670, 1.1585], Current Cost = 6006.00, Rho = 0.052
(iter 11) [0.0, -0.8670, 1.1585] = 436.2710, sampling [1.0, -0.8670, 1.1585]. Recommendation = [0.0, -0.8670, 1.1585], Current Cost = 6007.00, Rho = 0.052
(iter 11) [0.0, -0.8670, 1.1585] = 436.2710, sampling [1.0, -0.9357, 1.0658]. Recommendation = [0.0, -0.8670, 1.1585], Current Cost = 6008.00, Rho = 0.052
(iter 11) [0.0, -0.8670, 1.1585] = 436.2710, sampling [1.0, -1.0356, 1.0545]. Recommendation = [0.0, -0.8670, 1.1585], Current Cost = 6009.00, Rho = 0.052
(iter 11) [0.0, -0.8670, 1.1585] = 436.2710, sampling [1.0, -1.1138, 1.1900]. Recommendation = [0.0, -0.8670, 1.1585], Current Cost = 6010.00, Rho = 0.052
(iter 11) [0.0, -0.8670, 1.1585] = 436.2710, sampling [1.0, -1.0127, 1.1312]. Recommendation = [0.0, -0.8670, 1.1585], Current Cost = 6011.00, Rho = 0.052
(iter 11) [0.0, -0.8670, 1.1585] = 436.2710, sampling [1.0, -1.0558, 1.2608]. Recommendation = [0.0, -0.8670, 1.1585], Current Cost = 6012.00, Rho = 0.052
(iter 11) [0.0, -0.8670, 1.1585] = 436.2710, sampling [1.0, -0.7819, 1.2031]. Recommendation = [0.0, -0.8670, 1.1585], Current Cost = 6013.00, Rho = 0.052
(iter 11) [0.0, -0.8670, 1.1585] = 436.2710, sampling [1.0, -1.1824, 1.1548]. Recommendation = [0.0, -0.8670, 1.1585], Current Cost = 6014.00, Rho = 0.052
(iter 11) [0.0, -0.8670, 1.1585] = 436.2710, sampling [1.0, -0.8459, 1.0079]. Recommendation = [0.0, -0.8670, 1.1585], Current Cost = 6015.00, Rho = 0.052
(iter 11) [0.0, -0.8670, 1.1585] = 436.2710, sampling [0.0, -1.0227, 0.8568]. Recommendation = [0.0, -0.8670, 1.1585], Current Cost = 6016.00, Rho = 0.052
(iter 22) [0.0, -1.0227, 0.8568] = 448.6309, sampling [1.0, -0.9889, 0.9202]. Recommendation = [0.0, -0.9889, 0.9202], Current Cost = 7016.00, Rho = 0.052
(iter 22) [0.0, -1.0227, 0.8568] = 448.6309, sampling [1.0, -1.0227, 0.8568]. Recommendation = [0.0, -0.9889, 0.9202], Current Cost = 7017.00, Rho = 0.052
(iter 22) [0.0, -1.0227, 0.8568] = 448.6309, sampling [0.0, -0.6424, 0.8403]. Recommendation = [0.0, -1.0227, 0.8568], Current Cost = 7018.00, Rho = 0.052
(iter 22) [0.0, -1.0227, 0.8568] = 448.6309, sampling [1.0, -0.8117, 0.8620]. Recommendation = [0.0, -0.9889, 0.9202], Current Cost = 8018.00, Rho = 0.052
(iter 22) [0.0, -1.0227, 0.8568] = 448.6309, sampling [1.0, -0.6424, 0.8403]. Recommendation = [0.0, -0.9889, 0.9202], Current Cost = 8019.00, Rho = 0.052
(iter 22) [0.0, -1.0227, 0.8568] = 448.6309, sampling [1.0, -0.7433, 0.8718]. Recommendation = [0.0, -0.9889, 0.9202], Current Cost = 8020.00, Rho = 0.052
(iter 22) [0.0, -1.0227, 0.8568] = 448.6309, sampling [1.0, -0.6909, 0.9288]. Recommendation = [0.0, -0.9889, 0.9202], Current Cost = 8021.00, Rho = 0.052
(iter 22) [0.0, -1.0227, 0.8568] = 448.6309, sampling [1.0, -0.8616, 0.6735]. Recommendation = [0.0, -0.9889, 0.9202], Current Cost = 8022.00, Rho = 0.052
(iter 22) [0.0, -1.0227, 0.8568] = 448.6309, sampling [0.0, -0.9054, 0.5758]. Recommendation = [0.0, -0.9889, 0.9202], Current Cost = 8023.00, Rho = 0.052
(iter 22) [0.0, -1.0227, 0.8568] = 448.6309, sampling [1.0, -0.9054, 0.5758]. Recommendation = [0.0, -0.8616, 0.6735], Current Cost = 9023.00, Rho = 0.052
(iter 22) [0.0, -1.0227, 0.8568] = 448.6309, sampling [1.0, -1.0365, 0.7031]. Recommendation = [0.0, -0.8117, 0.8620], Current Cost = 9024.00, Rho = 0.052
(iter 22) [0.0, -1.0227, 0.8568] = 448.6309, sampling [1.0, -0.8181, 0.6567]. Recommendation = [0.0, -0.8117, 0.8620], Current Cost = 9025.00, Rho = 0.052
(iter 22) [0.0, -1.0227, 0.8568] = 448.6309, sampling [1.0, -0.9588, 0.5962]. Recommendation = [0.0, -0.8117, 0.8620], Current Cost = 9026.00, Rho = 0.052
(iter 22) [0.0, -1.0227, 0.8568] = 448.6309, sampling [1.0, -0.9832, 0.6017]. Recommendation = [0.0, -0.8117, 0.8620], Current Cost = 9027.00, Rho = 0.052
(iter 22) [0.0, -1.0227, 0.8568] = 448.6309, sampling [0.0, -1.2605, 0.6486]. Recommendation = [0.0, -0.8117, 0.8620], Current Cost = 9028.00, Rho = 0.052
(iter 22) [0.0, -1.0227, 0.8568] = 448.6309, sampling [0.0, -0.4671, 1.4781]. Recommendation = [0.0, -0.8117, 0.8620], Current Cost = 10028.00, Rho = 0.052
(iter 22) [0.0, -1.0227, 0.8568] = 448.6309, sampling [0.0, -0.8117, 0.8620]. Recommendation = [0.0, -0.8117, 0.8620], Current Cost = 11028.00, Rho = 0.052
(iter 39) [0.0, -0.8117, 0.8620] = 448.8885, sampling [0.0, -1.0356, 1.0545]. Recommendation = [0.0, -0.9889, 0.9202], Current Cost = 12028.00, Rho = 0.052
(iter 40) [0.0, -1.0356, 1.0545] = 452.1244, sampling [0.0, -0.5906, 0.4495]. Recommendation = [0.0, -0.9889, 0.9202], Current Cost = 13028.00, Rho = 0.052
(iter 41) [0.0, -0.5906, 0.4495] = 452.7562, sampling [1.0, -0.6399, 0.5394]. Recommendation = [0.0, -0.8181, 0.6567], Current Cost = 14028.00, Rho = 0.052
(iter 41) [0.0, -0.5906, 0.4495] = 452.7562, sampling [1.0, -0.5906, 0.4495]. Recommendation = [0.0, -0.6399, 0.5394], Current Cost = 14029.00, Rho = 0.052
(iter 41) [0.0, -0.5906, 0.4495] = 452.7562, sampling [1.0, -0.6593, 0.4544]. Recommendation = [0.0, -0.8181, 0.6567], Current Cost = 14030.00, Rho = 0.052
(iter 41) [0.0, -0.5906, 0.4495] = 452.7562, sampling [1.0, -0.5772, 0.4774]. Recommendation = [0.0, -0.8181, 0.6567], Current Cost = 14031.00, Rho = 0.052
(iter 41) [0.0, -0.5906, 0.4495] = 452.7562, sampling [1.0, -0.6769, 0.4323]. Recommendation = [0.0, -0.8181, 0.6567], Current Cost = 14032.00, Rho = 0.052
(iter 41) [0.0, -0.5906, 0.4495] = 452.7562, sampling [1.0, -0.5753, 0.7178]. Recommendation = [0.0, -0.8181, 0.6567], Current Cost = 14033.00, Rho = 0.052
(iter 41) [0.0, -0.5906, 0.4495] = 452.7562, sampling [1.0, -0.6463, 0.3652]. Recommendation = [0.0, -0.8181, 0.6567], Current Cost = 14034.00, Rho = 0.052
(iter 41) [0.0, -0.5906, 0.4495] = 452.7562, sampling [0.0, -0.7592, 0.2003]. Recommendation = [0.0, -0.8181, 0.6567], Current Cost = 14035.00, Rho = 0.052
(iter 41) [0.0, -0.5906, 0.4495] = 452.7562, sampling [1.0, -0.7195, 0.3425]. Recommendation = [0.0, -0.6769, 0.4323], Current Cost = 15035.00, Rho = 0.052
(iter 41) [0.0, -0.5906, 0.4495] = 452.7562, sampling [1.0, -0.7592, 0.2003]. Recommendation = [0.0, -0.6593, 0.4544], Current Cost = 15036.00, Rho = 0.052
(iter 41) [0.0, -0.5906, 0.4495] = 452.7562, sampling [1.0, -0.8547, 0.3179]. Recommendation = [0.0, -0.6593, 0.4544], Current Cost = 15037.00, Rho = 0.052
(iter 41) [0.0, -0.5906, 0.4495] = 452.7562, sampling [1.0, -0.5972, 0.2899]. Recommendation = [0.0, -0.6593, 0.4544], Current Cost = 15038.00, Rho = 0.052
(iter 41) [0.0, -0.5906, 0.4495] = 452.7562, sampling [0.0, -0.3520, 0.5919]. Recommendation = [0.0, -0.6593, 0.4544], Current Cost = 15039.00, Rho = 0.052
(iter 41) [0.0, -0.5906, 0.4495] = 452.7562, sampling [1.0, -0.4875, 0.5597]. Recommendation = [0.0, -0.6399, 0.5394], Current Cost = 16039.00, Rho = 0.052
(iter 41) [0.0, -0.5906, 0.4495] = 452.7562, sampling [1.0, -0.3520, 0.5919]. Recommendation = [0.0, -0.6399, 0.5394], Current Cost = 16040.00, Rho = 0.052
(iter 41) [0.0, -0.5906, 0.4495] = 452.7562, sampling [1.0, -0.5227, 0.3783]. Recommendation = [0.0, -0.6399, 0.5394], Current Cost = 16041.00, Rho = 0.052
(iter 41) [0.0, -0.5906, 0.4495] = 452.7562, sampling [1.0, -0.4337, 0.7216]. Recommendation = [0.0, -0.6399, 0.5394], Current Cost = 16042.00, Rho = 0.052
(iter 41) [0.0, -0.5906, 0.4495] = 452.7562, sampling [1.0, -0.5557, 0.7747]. Recommendation = [0.0, -0.6399, 0.5394], Current Cost = 16043.00, Rho = 0.052
(iter 41) [0.0, -0.5906, 0.4495] = 452.7562, sampling [0.0, -0.3937, 0.2524]. Recommendation = [0.0, -0.6399, 0.5394], Current Cost = 16044.00, Rho = 0.052
(iter 60) [0.0, -0.3937, 0.2524] = 453.4093, sampling [1.0, -0.6015, 0.2604]. Recommendation = [0.0, -0.5227, 0.3783], Current Cost = 17044.00, Rho = 0.052
(iter 60) [0.0, -0.3937, 0.2524] = 453.4093, sampling [1.0, -0.3937, 0.2524]. Recommendation = [0.0, -0.5227, 0.3783], Current Cost = 17045.00, Rho = 0.052
(iter 60) [0.0, -0.3937, 0.2524] = 453.4093, sampling [1.0, -0.6153, 0.1818]. Recommendation = [0.0, -0.5227, 0.3783], Current Cost = 17046.00, Rho = 0.052
(iter 60) [0.0, -0.3937, 0.2524] = 453.4093, sampling [1.0, -0.3179, 0.3510]. Recommendation = [0.0, -0.5227, 0.3783], Current Cost = 17047.00, Rho = 0.052
(iter 60) [0.0, -0.3937, 0.2524] = 453.4093, sampling [0.0, -0.6672, -0.1419]. Recommendation = [0.0, -0.5227, 0.3783], Current Cost = 17048.00, Rho = 0.052
(iter 60) [0.0, -0.3937, 0.2524] = 453.4093, sampling [1.0, -0.6862, 0.1262]. Recommendation = [0.0, -0.5227, 0.3783], Current Cost = 18048.00, Rho = 0.052
(iter 60) [0.0, -0.3937, 0.2524] = 453.4093, sampling [1.0, -0.6672, -0.1419]. Recommendation = [0.0, -0.5227, 0.3783], Current Cost = 18049.00, Rho = 0.052
(iter 60) [0.0, -0.3937, 0.2524] = 453.4093, sampling [1.0, -0.7343, 0.0549]. Recommendation = [0.0, -0.5227, 0.3783], Current Cost = 18050.00, Rho = 0.052
(iter 60) [0.0, -0.3937, 0.2524] = 453.4093, sampling [0.0, -0.6015, 0.2604]. Recommendation = [0.0, -0.5227, 0.3783], Current Cost = 18051.00, Rho = 0.052
(iter 60) [0.0, -0.3937, 0.2524] = 453.4093, sampling [0.0, -1.0459, 0.2113]. Recommendation = [0.0, -0.5227, 0.3783], Current Cost = 19051.00, Rho = 0.052
(iter 60) [0.0, -0.3937, 0.2524] = 453.4093, sampling [0.0, -0.8181, 0.6567]. Recommendation = [0.0, -0.5227, 0.3783], Current Cost = 20051.00, Rho = 0.052
(iter 60) [0.0, -0.3937, 0.2524] = 453.4093, sampling [0.0, -0.6399, 0.5394]. Recommendation = [0.0, -0.5227, 0.3783], Current Cost = 21051.00, Rho = 0.052
(iter 60) [0.0, -0.3937, 0.2524] = 453.4093, sampling [0.0, -0.3447, 0.9753]. Recommendation = [0.0, -0.5227, 0.3783], Current Cost = 22051.00, Rho = 0.052
(iter 60) [0.0, -0.3937, 0.2524] = 453.4093, sampling [0.0, -0.2927, -0.1790]. Recommendation = [0.0, -0.5227, 0.3783], Current Cost = 23051.00, Rho = 0.052
(iter 60) [0.0, -0.3937, 0.2524] = 453.4093, sampling [1.0, -0.4013, -0.1834]. Recommendation = [0.0, -0.5227, 0.3783], Current Cost = 24051.00, Rho = 0.052
(iter 60) [0.0, -0.3937, 0.2524] = 453.4093, sampling [1.0, -0.2927, -0.1790]. Recommendation = [0.0, -0.5227, 0.3783], Current Cost = 24052.00, Rho = 0.052
(iter 60) [0.0, -0.3937, 0.2524] = 453.4093, sampling [1.0, -0.2901, 0.2723]. Recommendation = [0.0, -0.5227, 0.3783], Current Cost = 24053.00, Rho = 0.052
(iter 60) [0.0, -0.3937, 0.2524] = 453.4093, sampling [1.0, -0.2274, 0.0647]. Recommendation = [0.0, -0.5227, 0.3783], Current Cost = 24054.00, Rho = 0.052
(iter 60) [0.0, -0.3937, 0.2524] = 453.4093, sampling [0.0, -0.2274, 0.0647]. Recommendation = [0.0, -0.5227, 0.3783], Current Cost = 24055.00, Rho = 0.052
(iter 79) [0.0, -0.2274, 0.0647] = 454.7765, sampling [1.0, -0.2522, 0.1959]. Recommendation = [0.0, -0.2274, 0.0647], Current Cost = 25055.00, Rho = 0.052
(iter 79) [0.0, -0.2274, 0.0647] = 454.7765, sampling [0.0, -1.0558, 1.2608]. Recommendation = [0.0, -0.2274, 0.0647], Current Cost = 25056.00, Rho = 0.052
(iter 79) [0.0, -0.2274, 0.0647] = 454.7765, sampling [1.0, -1.0919, 1.2413]. Recommendation = [0.0, -0.2274, 0.0647], Current Cost = 26056.00, Rho = 0.052
(iter 79) [0.0, -0.2274, 0.0647] = 454.7765, sampling [0.0, -0.3179, 0.3510]. Recommendation = [0.0, -0.2274, 0.0647], Current Cost = 26057.00, Rho = 0.052
(iter 79) [0.0, -0.2274, 0.0647] = 454.7765, sampling [1.0, -0.1974, 0.1965]. Recommendation = [0.0, -0.2274, 0.0647], Current Cost = 27057.00, Rho = 0.052
(iter 79) [0.0, -0.2274, 0.0647] = 454.7765, sampling [0.0, -0.4887, -0.2440]. Recommendation = [0.0, -0.2274, 0.0647], Current Cost = 27058.00, Rho = 0.052
(iter 79) [0.0, -0.2274, 0.0647] = 454.7765, sampling [1.0, -0.4887, -0.2440]. Recommendation = [0.0, -0.2274, 0.0647], Current Cost = 28058.00, Rho = 0.052
(iter 79) [0.0, -0.2274, 0.0647] = 454.7765, sampling [0.0, -0.2522, 0.1959]. Recommendation = [0.0, -0.2274, 0.0647], Current Cost = 28059.00, Rho = 0.052
(iter 79) [0.0, -0.2274, 0.0647] = 454.7765, sampling [1.0, -0.2969, 0.5245]. Recommendation = [0.0, -0.2274, 0.0647], Current Cost = 29059.00, Rho = 0.052
(iter 79) [0.0, -0.2274, 0.0647] = 454.7765, sampling [0.0, -0.7195, 0.3425]. Recommendation = [0.0, -0.2274, 0.0647], Current Cost = 29060.00, Rho = 0.052
(iter 79) [0.0, -0.2274, 0.0647] = 454.7765, sampling [0.0, -0.4875, 0.5597]. Recommendation = [0.0, -0.2274, 0.0647], Current Cost = 30060.00, Rho = 0.052
(iter 79) [0.0, -0.2274, 0.0647] = 454.7765, sampling [0.0, -0.8459, 1.0079]. Recommendation = [0.0, -0.2274, 0.0647], Current Cost = 31060.00, Rho = 0.052
(iter 79) [0.0, -0.2274, 0.0647] = 454.7765, sampling [0.0, -0.0518, 0.4677]. Recommendation = [0.0, -0.2274, 0.0647], Current Cost = 32060.00, Rho = 0.052
(iter 79) [0.0, -0.2274, 0.0647] = 454.7765, sampling [1.0, -0.1644, 0.1545]. Recommendation = [0.0, -0.2274, 0.0647], Current Cost = 33060.00, Rho = 0.052
(iter 79) [0.0, -0.2274, 0.0647] = 454.7765, sampling [1.0, -0.1500, 0.0220]. Recommendation = [0.0, -0.2274, 0.0647], Current Cost = 33061.00, Rho = 0.052
(iter 79) [0.0, -0.2274, 0.0647] = 454.7765, sampling [1.0, -0.2422, 0.5211]. Recommendation = [0.0, -0.2274, 0.0647], Current Cost = 33062.00, Rho = 0.052
(iter 79) [0.0, -0.2274, 0.0647] = 454.7765, sampling [1.0, -0.1569, 0.1896]. Recommendation = [0.0, -0.2274, 0.0647], Current Cost = 33063.00, Rho = 0.052
(iter 79) [0.0, -0.2274, 0.0647] = 454.7765, sampling [0.0, -0.0542, -0.0438]. Recommendation = [0.0, -0.2274, 0.0647], Current Cost = 33064.00, Rho = 0.052
(iter 97) [0.0, -0.0542, -0.0438] = 454.9704, sampling [1.0, -0.1297, 0.0789]. Recommendation = [0.0, -0.1500, 0.0220], Current Cost = 34064.00, Rho = 0.052
(iter 97) [0.0, -0.0542, -0.0438] = 454.9704, sampling [1.0, -0.1434, -0.1086]. Recommendation = [0.0, -0.1500, 0.0220], Current Cost = 34065.00, Rho = 0.052
(iter 97) [0.0, -0.0542, -0.0438] = 454.9704, sampling [1.0, -0.1745, -0.1264]. Recommendation = [0.0, -0.1500, 0.0220], Current Cost = 34066.00, Rho = 0.052
(iter 97) [0.0, -0.0542, -0.0438] = 454.9704, sampling [1.0, -0.0542, -0.0438]. Recommendation = [0.0, -0.1500, 0.0220], Current Cost = 34067.00, Rho = 0.052
(iter 97) [0.0, -0.0542, -0.0438] = 454.9704, sampling [1.0, -0.1897, -0.1603]. Recommendation = [0.0, -0.1500, 0.0220], Current Cost = 34068.00, Rho = 0.052
(iter 97) [0.0, -0.0542, -0.0438] = 454.9704, sampling [1.0, -0.2109, -0.1881]. Recommendation = [0.0, -0.1500, 0.0220], Current Cost = 34069.00, Rho = 0.052
(iter 97) [0.0, -0.0542, -0.0438] = 454.9704, sampling [0.0, -0.3013, -0.5614]. Recommendation = [0.0, -0.1500, 0.0220], Current Cost = 34070.00, Rho = 0.052
(iter 97) [0.0, -0.0542, -0.0438] = 454.9704, sampling [1.0, -0.3717, -0.3327]. Recommendation = [0.0, -0.1500, 0.0220], Current Cost = 35070.00, Rho = 0.052
(iter 97) [0.0, -0.0542, -0.0438] = 454.9704, sampling [0.0, -0.0591, -0.2571]. Recommendation = [0.0, -0.1500, 0.0220], Current Cost = 35071.00, Rho = 0.052
(iter 97) [0.0, -0.0542, -0.0438] = 454.9704, sampling [1.0, -0.1929, -0.1847]. Recommendation = [0.0, -0.1434, -0.1086], Current Cost = 36071.00, Rho = 0.052
(iter 97) [0.0, -0.0542, -0.0438] = 454.9704, sampling [1.0, -0.0591, -0.2571]. Recommendation = [0.0, -0.1434, -0.1086], Current Cost = 36072.00, Rho = 0.052
(iter 97) [0.0, -0.0542, -0.0438] = 454.9704, sampling [1.0, -0.0248, -0.0875]. Recommendation = [0.0, -0.1434, -0.1086], Current Cost = 36073.00, Rho = 0.052
(iter 97) [0.0, -0.0542, -0.0438] = 454.9704, sampling [0.0, 0.0210, 0.2654]. Recommendation = [0.0, -0.1434, -0.1086], Current Cost = 36074.00, Rho = 0.052
(iter 97) [0.0, -0.0542, -0.0438] = 454.9704, sampling [1.0, 0.0210, 0.2654]. Recommendation = [0.0, -0.1569, 0.1896], Current Cost = 37074.00, Rho = 0.052
(iter 97) [0.0, -0.0542, -0.0438] = 454.9704, sampling [0.0, -0.1745, -0.1264]. Recommendation = [0.0, -0.1500, 0.0220], Current Cost = 37075.00, Rho = 0.052
(iter 97) [0.0, -0.0542, -0.0438] = 454.9704, sampling [0.0, -0.1569, 0.1896]. Recommendation = [0.0, -0.1500, 0.0220], Current Cost = 38075.00, Rho = 0.052
(iter 97) [0.0, -0.0542, -0.0438] = 454.9704, sampling [0.0, -0.3717, -0.3327]. Recommendation = [0.0, -0.1500, 0.0220], Current Cost = 39075.00, Rho = 0.052
(iter 97) [0.0, -0.0542, -0.0438] = 454.9704, sampling [0.0, -0.0213, 0.7588]. Recommendation = [0.0, -0.1500, 0.0220], Current Cost = 40075.00, Rho = 0.052
(iter 97) [0.0, -0.0542, -0.0438] = 454.9704, sampling [0.0, -1.1824, 1.1548]. Recommendation = [0.0, -0.1500, 0.0220], Current Cost = 41075.00, Rho = 0.052
(iter 97) [0.0, -0.0542, -0.0438] = 454.9704, sampling [0.0, -0.7106, -0.4634]. Recommendation = [0.0, -0.1500, 0.0220], Current Cost = 42075.00, Rho = 0.052
(iter 97) [0.0, -0.0542, -0.0438] = 454.9704, sampling [0.0, -0.5227, 0.3783]. Recommendation = [0.0, -0.1500, 0.0220], Current Cost = 43075.00, Rho = 0.052
(iter 97) [0.0, -0.0542, -0.0438] = 454.9704, sampling [0.0, -0.5753, 0.7178]. Recommendation = [0.0, -0.1500, 0.0220], Current Cost = 44075.00, Rho = 0.052
(iter 97) [0.0, -0.0542, -0.0438] = 454.9704, sampling [0.0, -0.2422, 0.5211]. Recommendation = [0.0, -0.1500, 0.0220], Current Cost = 45075.00, Rho = 0.052
(iter 97) [0.0, -0.0542, -0.0438] = 454.9704, sampling [0.0, -0.1297, 0.0789]. Recommendation = [0.0, -0.1500, 0.0220], Current Cost = 46075.00, Rho = 0.052
(iter 97) [0.0, -0.0542, -0.0438] = 454.9704, sampling [0.0, -0.7343, 0.0549]. Recommendation = [0.0, -0.1500, 0.0220], Current Cost = 47075.00, Rho = 0.052
(iter 97) [0.0, -0.0542, -0.0438] = 454.9704, sampling [0.0, 0.1042, 0.0176]. Recommendation = [0.0, -0.1500, 0.0220], Current Cost = 48075.00, Rho = 0.052
(iter 123) [0.0, 0.1042, 0.0176] = 455.4930, sampling [1.0, 0.1042, 0.0176]. Recommendation = [0.0, -0.1500, 0.0220], Current Cost = 49075.00, Rho = 0.052
(iter 123) [0.0, 0.1042, 0.0176] = 455.4930, sampling [1.0, 0.0765, -0.0753]. Recommendation = [0.0, -0.1500, 0.0220], Current Cost = 49076.00, Rho = 0.052
(iter 123) [0.0, 0.1042, 0.0176] = 455.4930, sampling [0.0, -0.0751, -0.4100]. Recommendation = [0.0, -0.1500, 0.0220], Current Cost = 49077.00, Rho = 0.052
(iter 123) [0.0, 0.1042, 0.0176] = 455.4930, sampling [0.0, 0.0765, -0.0753]. Recommendation = [0.0, -0.1500, 0.0220], Current Cost = 50077.00, Rho = 0.052
(iter 123) [0.0, 0.1042, 0.0176] = 455.4930, sampling [1.0, 0.0097, -0.2816]. Recommendation = [0.0, -0.0248, -0.0875], Current Cost = 51077.00, Rho = 0.052
(iter 123) [0.0, 0.1042, 0.0176] = 455.4930, sampling [0.0, -1.1544, 1.4084]. Recommendation = [0.0, -0.0248, -0.0875], Current Cost = 51078.00, Rho = 0.052
(iter 123) [0.0, 0.1042, 0.0176] = 455.4930, sampling [1.0, -1.1771, 1.3007]. Recommendation = [0.0, -0.0248, -0.0875], Current Cost = 52078.00, Rho = 0.052
(iter 123) [0.0, 0.1042, 0.0176] = 455.4930, sampling [1.0, -1.1544, 1.4084]. Recommendation = [0.0, -0.0248, -0.0875], Current Cost = 52079.00, Rho = 0.052
(iter 123) [0.0, 0.1042, 0.0176] = 455.4930, sampling [1.0, -1.0843, 1.3875]. Recommendation = [0.0, -0.0248, -0.0875], Current Cost = 52080.00, Rho = 0.052
(iter 123) [0.0, 0.1042, 0.0176] = 455.4930, sampling [1.0, -1.1908, 1.3606]. Recommendation = [0.0, -0.0248, -0.0875], Current Cost = 52081.00, Rho = 0.052
(iter 123) [0.0, 0.1042, 0.0176] = 455.4930, sampling [1.0, -1.2049, 1.3284]. Recommendation = [0.0, -0.0248, -0.0875], Current Cost = 52082.00, Rho = 0.052
(iter 123) [0.0, 0.1042, 0.0176] = 455.4930, sampling [0.0, -0.9424, 1.6373]. Recommendation = [0.0, -0.0248, -0.0875], Current Cost = 52083.00, Rho = 0.052
(iter 123) [0.0, 0.1042, 0.0176] = 455.4930, sampling [0.0, -1.4228, 1.5300]. Recommendation = [0.0, -0.0248, -0.0875], Current Cost = 53083.00, Rho = 0.052
(iter 123) [0.0, 0.1042, 0.0176] = 455.4930, sampling [1.0, -1.2469, 1.3714]. Recommendation = [0.0, -0.0248, -0.0875], Current Cost = 54083.00, Rho = 0.052
(iter 123) [0.0, 0.1042, 0.0176] = 455.4930, sampling [1.0, -1.2536, 1.2980]. Recommendation = [0.0, -0.0248, -0.0875], Current Cost = 54084.00, Rho = 0.052
(iter 123) [0.0, 0.1042, 0.0176] = 455.4930, sampling [0.0, -1.3186, 1.3336]. Recommendation = [0.0, -0.0248, -0.0875], Current Cost = 54085.00, Rho = 0.052
(iter 123) [0.0, 0.1042, 0.0176] = 455.4930, sampling [1.0, -1.3186, 1.3336]. Recommendation = [0.0, -0.0248, -0.0875], Current Cost = 55085.00, Rho = 0.052
(iter 123) [0.0, 0.1042, 0.0176] = 455.4930, sampling [0.0, -1.2491, 1.8097]. Recommendation = [0.0, -0.0248, -0.0875], Current Cost = 55086.00, Rho = 0.052
(iter 123) [0.0, 0.1042, 0.0176] = 455.4930, sampling [0.0, -1.3414, 1.6107]. Recommendation = [0.0, -0.0248, -0.0875], Current Cost = 56086.00, Rho = 0.052
(iter 123) [0.0, 0.1042, 0.0176] = 455.4930, sampling [0.0, -1.6408, 1.8371]. Recommendation = [0.0, -0.0248, -0.0875], Current Cost = 57086.00, Rho = 0.052
(iter 123) [0.0, 0.1042, 0.0176] = 455.4930, sampling [0.0, -0.9923, 1.9993]. Recommendation = [0.0, -0.0248, -0.0875], Current Cost = 58086.00, Rho = 0.052
(iter 123) [0.0, 0.1042, 0.0176] = 455.4930, sampling [0.0, -1.3749, 1.7488]. Recommendation = [0.0, -0.0248, -0.0875], Current Cost = 59086.00, Rho = 0.052
(iter 123) [0.0, 0.1042, 0.0176] = 455.4930, sampling [0.0, -1.7657, 1.2395]. Recommendation = [0.0, -0.0248, -0.0875], Current Cost = 60086.00, Rho = 0.052
(iter 123) [0.0, 0.1042, 0.0176] = 455.4930, sampling [0.0, -1.0365, 0.7031]. Recommendation = [0.0, -0.0248, -0.0875], Current Cost = 61086.00, Rho = 0.052
(iter 123) [0.0, 0.1042, 0.0176] = 455.4930, sampling [0.0, -0.6153, 0.1818]. Recommendation = [0.0, -0.0248, -0.0875], Current Cost = 62086.00, Rho = 0.052
(iter 123) [0.0, 0.1042, 0.0176] = 455.4930, sampling [0.0, -1.1771, 1.3007]. Recommendation = [0.0, -0.0248, -0.0875], Current Cost = 63086.00, Rho = 0.052
(iter 123) [0.0, 0.1042, 0.0176] = 455.4930, sampling [0.0, 0.0896, -0.2286]. Recommendation = [0.0, -0.0248, -0.0875], Current Cost = 64086.00, Rho = 0.052
(iter 123) [0.0, 0.1042, 0.0176] = 455.4930, sampling [0.0, 0.1813, 0.3378]. Recommendation = [0.0, -0.0248, -0.0875], Current Cost = 65086.00, Rho = 0.052
(iter 123) [0.0, 0.1042, 0.0176] = 455.4930, sampling [1.0, 0.1280, 0.2238]. Recommendation = [0.0, -0.0248, -0.0875], Current Cost = 66086.00, Rho = 0.052
(iter 123) [0.0, 0.1042, 0.0176] = 455.4930, sampling [1.0, 0.1813, 0.3378]. Recommendation = [0.0, -0.0248, -0.0875], Current Cost = 66087.00, Rho = 0.052
(iter 123) [0.0, 0.1042, 0.0176] = 455.4930, sampling [1.0, 0.1277, 0.3010]. Recommendation = [0.0, -0.0248, -0.0875], Current Cost = 66088.00, Rho = 0.052
(iter 123) [0.0, 0.1042, 0.0176] = 455.4930, sampling [1.0, 0.1027, 0.3620]. Recommendation = [0.0, -0.0248, -0.0875], Current Cost = 66089.00, Rho = 0.052
(iter 123) [0.0, 0.1042, 0.0176] = 455.4930, sampling [1.0, 0.1528, 0.0750]. Recommendation = [0.0, -0.0248, -0.0875], Current Cost = 66090.00, Rho = 0.052
(iter 123) [0.0, 0.1042, 0.0176] = 455.4930, sampling [0.0, 0.1280, 0.2238]. Recommendation = [0.0, -0.0248, -0.0875], Current Cost = 66091.00, Rho = 0.052
(iter 123) [0.0, 0.1042, 0.0176] = 455.4930, sampling [1.0, 0.1320, -0.1581]. Recommendation = [0.0, -0.0248, -0.0875], Current Cost = 67091.00, Rho = 0.052
(iter 123) [0.0, 0.1042, 0.0176] = 455.4930, sampling [0.0, -0.8547, 0.3179]. Recommendation = [0.0, -0.0248, -0.0875], Current Cost = 67092.00, Rho = 0.052
(iter 123) [0.0, 0.1042, 0.0176] = 455.4930, sampling [0.0, -1.0302, 1.1484]. Recommendation = [0.0, -0.0248, -0.0875], Current Cost = 68092.00, Rho = 0.052
(iter 123) [0.0, 0.1042, 0.0176] = 455.4930, sampling [0.0, -1.3704, 1.9217]. Recommendation = [0.0, -0.0248, -0.0875], Current Cost = 69092.00, Rho = 0.052
(iter 123) [0.0, 0.1042, 0.0176] = 455.4930, sampling [0.0, -0.7156, 1.1321]. Recommendation = [0.0, -0.0248, -0.0875], Current Cost = 70092.00, Rho = 0.052
(iter 123) [0.0, 0.1042, 0.0176] = 455.4930, sampling [0.0, 0.1528, 0.0750]. Recommendation = [0.0, -0.0248, -0.0875], Current Cost = 71092.00, Rho = 0.052
(iter 123) [0.0, 0.1042, 0.0176] = 455.4930, sampling [0.0, -0.6769, 0.4323]. Recommendation = [0.0, -0.0248, -0.0875], Current Cost = 72092.00, Rho = 0.052
(iter 123) [0.0, 0.1042, 0.0176] = 455.4930, sampling [0.0, 0.1785, -0.0895]. Recommendation = [0.0, -0.0248, -0.0875], Current Cost = 73092.00, Rho = 0.052
(iter 123) [0.0, 0.1042, 0.0176] = 455.4930, sampling [1.0, 0.1785, -0.0895]. Recommendation = [0.0, -0.0248, -0.0875], Current Cost = 74092.00, Rho = 0.052
(iter 123) [0.0, 0.1042, 0.0176] = 455.4930, sampling [1.0, 0.0896, -0.2286]. Recommendation = [0.0, -0.0248, -0.0875], Current Cost = 74093.00, Rho = 0.052
(iter 123) [0.0, 0.1042, 0.0176] = 455.4930, sampling [0.0, -0.9889, 0.9202]. Recommendation = [0.0, -0.0248, -0.0875], Current Cost = 74094.00, Rho = 0.052
(iter 123) [0.0, 0.1042, 0.0176] = 455.4930, sampling [0.0, 0.1433, 1.1836]. Recommendation = [0.0, -0.0248, -0.0875], Current Cost = 75094.00, Rho = 0.052
(iter 123) [0.0, 0.1042, 0.0176] = 455.4930, sampling [0.0, -1.0843, 1.3875]. Recommendation = [0.0, -0.0248, -0.0875], Current Cost = 76094.00, Rho = 0.052
(iter 123) [0.0, 0.1042, 0.0176] = 455.4930, sampling [0.0, -0.4013, -0.1834]. Recommendation = [0.0, -0.0248, -0.0875], Current Cost = 77094.00, Rho = 0.052
(iter 123) [0.0, 0.1042, 0.0176] = 455.4930, sampling [0.0, -0.0789, -0.6300]. Recommendation = [0.0, -0.0248, -0.0875], Current Cost = 78094.00, Rho = 0.052
(iter 123) [0.0, 0.1042, 0.0176] = 455.4930, sampling [0.0, 0.2906, 0.5716]. Recommendation = [0.0, -0.0248, -0.0875], Current Cost = 79094.00, Rho = 0.052
(iter 123) [0.0, 0.1042, 0.0176] = 455.4930, sampling [1.0, 0.1691, 0.4088]. Recommendation = [0.0, -0.0248, -0.0875], Current Cost = 80094.00, Rho = 0.052
(iter 123) [0.0, 0.1042, 0.0176] = 455.4930, sampling [1.0, -0.0751, -0.4100]. Recommendation = [0.0, -0.0248, -0.0875], Current Cost = 80095.00, Rho = 0.052
(iter 123) [0.0, 0.1042, 0.0176] = 455.4930, sampling [0.0, 0.0391, 0.4971]. Recommendation = [0.0, -0.0248, -0.0875], Current Cost = 80096.00, Rho = 0.052
(iter 123) [0.0, 0.1042, 0.0176] = 455.4930, sampling [0.0, 0.2942, 0.1115]. Recommendation = [0.0, -0.0248, -0.0875], Current Cost = 81096.00, Rho = 0.052
(iter 177) [0.0, 0.2942, 0.1115] = 455.7394, sampling [1.0, 0.2411, 0.3351]. Recommendation = [0.0, 0.2942, 0.1115], Current Cost = 82096.00, Rho = 0.052
(iter 177) [0.0, 0.2942, 0.1115] = 455.7394, sampling [1.0, 0.2594, -0.0561]. Recommendation = [0.0, 0.2942, 0.1115], Current Cost = 82097.00, Rho = 0.052
(iter 177) [0.0, 0.2942, 0.1115] = 455.7394, sampling [0.0, 0.2594, -0.0561]. Recommendation = [0.0, 0.2942, 0.1115], Current Cost = 82098.00, Rho = 0.052
(iter 177) [0.0, 0.2942, 0.1115] = 455.7394, sampling [1.0, 0.2330, -0.1506]. Recommendation = [0.0, 0.2942, 0.1115], Current Cost = 83098.00, Rho = 0.052
(iter 177) [0.0, 0.2942, 0.1115] = 455.7394, sampling [0.0, 0.0288, -0.3856]. Recommendation = [0.0, 0.2942, 0.1115], Current Cost = 83099.00, Rho = 0.052
(iter 177) [0.0, 0.2942, 0.1115] = 455.7394, sampling [0.0, 0.3522, 0.1879]. Recommendation = [0.0, 0.2942, 0.1115], Current Cost = 84099.00, Rho = 0.052
(iter 177) [0.0, 0.2942, 0.1115] = 455.7394, sampling [1.0, 0.3301, 0.1738]. Recommendation = [0.0, 0.3301, 0.1738], Current Cost = 85099.00, Rho = 0.052
(iter 177) [0.0, 0.2942, 0.1115] = 455.7394, sampling [1.0, 0.3522, 0.1879]. Recommendation = [0.0, 0.3301, 0.1738], Current Cost = 85100.00, Rho = 0.052
(iter 177) [0.0, 0.2942, 0.1115] = 455.7394, sampling [1.0, 0.2942, 0.1115]. Recommendation = [0.0, 0.3301, 0.1738], Current Cost = 85101.00, Rho = 0.052
(iter 177) [0.0, 0.2942, 0.1115] = 455.7394, sampling [1.0, 0.3425, 0.1347]. Recommendation = [0.0, 0.3301, 0.1738], Current Cost = 85102.00, Rho = 0.052
(iter 177) [0.0, 0.2942, 0.1115] = 455.7394, sampling [1.0, 0.3264, 0.0977]. Recommendation = [0.0, 0.3301, 0.1738], Current Cost = 85103.00, Rho = 0.052
(iter 177) [0.0, 0.2942, 0.1115] = 455.7394, sampling [0.0, -0.9357, 1.0658]. Recommendation = [0.0, 0.3301, 0.1738], Current Cost = 85104.00, Rho = 0.052
(iter 177) [0.0, 0.2942, 0.1115] = 455.7394, sampling [0.0, -0.4337, 0.7216]. Recommendation = [0.0, 0.3301, 0.1738], Current Cost = 86104.00, Rho = 0.052
(iter 177) [0.0, 0.2942, 0.1115] = 455.7394, sampling [0.0, -1.2565, 0.9808]. Recommendation = [0.0, 0.3301, 0.1738], Current Cost = 87104.00, Rho = 0.052
(iter 177) [0.0, 0.2942, 0.1115] = 455.7394, sampling [0.0, 0.1725, 0.6792]. Recommendation = [0.0, 0.3301, 0.1738], Current Cost = 88104.00, Rho = 0.052
(iter 177) [0.0, 0.2942, 0.1115] = 455.7394, sampling [0.0, 0.1669, -0.2680]. Recommendation = [0.0, 0.3301, 0.1738], Current Cost = 89104.00, Rho = 0.052
(iter 177) [0.0, 0.2942, 0.1115] = 455.7394, sampling [0.0, 0.2330, -0.1506]. Recommendation = [0.0, 0.3301, 0.1738], Current Cost = 90104.00, Rho = 0.052
(iter 177) [0.0, 0.2942, 0.1115] = 455.7394, sampling [0.0, 0.1691, 0.4088]. Recommendation = [0.0, 0.3301, 0.1738], Current Cost = 91104.00, Rho = 0.052
(iter 177) [0.0, 0.2942, 0.1115] = 455.7394, sampling [0.0, -1.0580, 0.4870]. Recommendation = [0.0, 0.3301, 0.1738], Current Cost = 92104.00, Rho = 0.052
(iter 177) [0.0, 0.2942, 0.1115] = 455.7394, sampling [0.0, 0.4422, 0.4719]. Recommendation = [0.0, 0.3301, 0.1738], Current Cost = 93104.00, Rho = 0.052
(iter 177) [0.0, 0.2942, 0.1115] = 455.7394, sampling [1.0, 0.4422, 0.4719]. Recommendation = [0.0, 0.3301, 0.1738], Current Cost = 94104.00, Rho = 0.052
(iter 177) [0.0, 0.2942, 0.1115] = 455.7394, sampling [0.0, 0.2411, 0.3351]. Recommendation = [0.0, 0.3301, 0.1738], Current Cost = 94105.00, Rho = 0.052
(iter 177) [0.0, 0.2942, 0.1115] = 455.7394, sampling [0.0, 0.4009, 0.7946]. Recommendation = [0.0, 0.3301, 0.1738], Current Cost = 95105.00, Rho = 0.052
(iter 177) [0.0, 0.2942, 0.1115] = 455.7394, sampling [0.0, -0.1500, 0.0220]. Recommendation = [0.0, 0.3301, 0.1738], Current Cost = 96105.00, Rho = 0.052
(iter 177) [0.0, 0.2942, 0.1115] = 455.7394, sampling [0.0, -0.8333, 1.4660]. Recommendation = [0.0, 0.3301, 0.1738], Current Cost = 97105.00, Rho = 0.052
(iter 177) [0.0, 0.2942, 0.1115] = 455.7394, sampling [0.0, 0.4078, 0.6105]. Recommendation = [0.0, 0.3301, 0.1738], Current Cost = 98105.00, Rho = 0.052
(iter 177) [0.0, 0.2942, 0.1115] = 455.7394, sampling [0.0, 0.1320, -0.1581]. Recommendation = [0.0, 0.3301, 0.1738], Current Cost = 99105.00, Rho = 0.052
