(iter 10) [0.0, 1.6357, 1.7222] = 365.0372, sampling [1.0, 1.2364, 1.5191]. Recommendation = [0.0, 1.6357, 1.7222], Current Cost = 5005.00, Rho = 1.000
(iter 10) [0.0, 1.6357, 1.7222] = 365.0372, sampling [1.0, 1.0309, 1.3773]. Recommendation = [0.0, 1.2364, 1.5191], Current Cost = 5006.00, Rho = 1.000
(iter 10) [0.0, 1.6357, 1.7222] = 365.0372, sampling [1.0, 1.1153, 1.5825]. Recommendation = [0.0, 1.2364, 1.5191], Current Cost = 5007.00, Rho = 1.000
(iter 10) [0.0, 1.6357, 1.7222] = 365.0372, sampling [1.0, 1.0778, 1.2913]. Recommendation = [0.0, 1.2364, 1.5191], Current Cost = 5008.00, Rho = 1.000
(iter 10) [0.0, 1.6357, 1.7222] = 365.0372, sampling [1.0, 0.9976, 1.2679]. Recommendation = [0.0, 1.2364, 1.5191], Current Cost = 5009.00, Rho = 1.000
(iter 10) [0.0, 1.6357, 1.7222] = 365.0372, sampling [1.0, 1.1672, 1.1132]. Recommendation = [0.0, 1.2364, 1.5191], Current Cost = 5010.00, Rho = 1.000
(iter 10) [0.0, 1.6357, 1.7222] = 365.0372, sampling [1.0, 1.3536, 1.2210]. Recommendation = [0.0, 1.2364, 1.5191], Current Cost = 5011.00, Rho = 1.000
(iter 10) [0.0, 1.6357, 1.7222] = 365.0372, sampling [1.0, 0.8884, 1.1808]. Recommendation = [0.0, 1.2364, 1.5191], Current Cost = 5012.00, Rho = 1.000
(iter 10) [0.0, 1.6357, 1.7222] = 365.0372, sampling [1.0, 1.0459, 0.9564]. Recommendation = [0.0, 1.2364, 1.5191], Current Cost = 5013.00, Rho = 1.000
(iter 10) [0.0, 1.6357, 1.7222] = 365.0372, sampling [1.0, 0.9356, 0.9844]. Recommendation = [0.0, 1.2364, 1.5191], Current Cost = 5014.00, Rho = 1.000
(iter 10) [0.0, 1.6357, 1.7222] = 365.0372, sampling [1.0, 1.0027, 0.8973]. Recommendation = [0.0, 1.2364, 1.5191], Current Cost = 5015.00, Rho = 1.000
(iter 10) [0.0, 1.6357, 1.7222] = 365.0372, sampling [1.0, 0.8202, 0.8096]. Recommendation = [0.0, 1.2364, 1.5191], Current Cost = 5016.00, Rho = 1.000
(iter 10) [0.0, 1.6357, 1.7222] = 365.0372, sampling [1.0, 0.9669, 0.7552]. Recommendation = [0.0, 1.2364, 1.5191], Current Cost = 5017.00, Rho = 1.000
(iter 10) [0.0, 1.6357, 1.7222] = 365.0372, sampling [1.0, 1.0665, 0.7843]. Recommendation = [0.0, 1.2364, 1.5191], Current Cost = 5018.00, Rho = 1.000
(iter 10) [0.0, 1.6357, 1.7222] = 365.0372, sampling [1.0, 0.7425, 0.8801]. Recommendation = [0.0, 1.2364, 1.5191], Current Cost = 5019.00, Rho = 1.000
(iter 10) [0.0, 1.6357, 1.7222] = 365.0372, sampling [1.0, 0.9394, 0.7445]. Recommendation = [0.0, 1.2364, 1.5191], Current Cost = 5020.00, Rho = 1.000
(iter 10) [0.0, 1.6357, 1.7222] = 365.0372, sampling [1.0, 0.9091, 0.6417]. Recommendation = [0.0, 1.2364, 1.5191], Current Cost = 5021.00, Rho = 1.000
(iter 10) [0.0, 1.6357, 1.7222] = 365.0372, sampling [1.0, 0.6985, 0.7343]. Recommendation = [0.0, 1.2364, 1.5191], Current Cost = 5022.00, Rho = 1.000
(iter 10) [0.0, 1.6357, 1.7222] = 365.0372, sampling [1.0, 0.7315, 0.5862]. Recommendation = [0.0, 1.2364, 1.5191], Current Cost = 5023.00, Rho = 1.000
(iter 10) [0.0, 1.6357, 1.7222] = 365.0372, sampling [1.0, 0.7939, 0.5499]. Recommendation = [0.0, 1.2364, 1.5191], Current Cost = 5024.00, Rho = 1.000
(iter 10) [0.0, 1.6357, 1.7222] = 365.0372, sampling [1.0, 0.7875, 0.5029]. Recommendation = [0.0, 1.2364, 1.5191], Current Cost = 5025.00, Rho = 1.000
(iter 10) [0.0, 1.6357, 1.7222] = 365.0372, sampling [1.0, 0.9440, 0.5817]. Recommendation = [0.0, 1.2364, 1.5191], Current Cost = 5026.00, Rho = 1.000
(iter 10) [0.0, 1.6357, 1.7222] = 365.0372, sampling [1.0, 0.6111, 0.5767]. Recommendation = [0.0, 1.2364, 1.5191], Current Cost = 5027.00, Rho = 1.000
(iter 10) [0.0, 1.6357, 1.7222] = 365.0372, sampling [1.0, 0.7251, 0.4582]. Recommendation = [0.0, 1.2364, 1.5191], Current Cost = 5028.00, Rho = 1.000
(iter 10) [0.0, 1.6357, 1.7222] = 365.0372, sampling [1.0, 0.6903, 0.4364]. Recommendation = [0.0, 1.2364, 1.5191], Current Cost = 5029.00, Rho = 1.000
(iter 10) [0.0, 1.6357, 1.7222] = 365.0372, sampling [1.0, 0.7492, 0.4472]. Recommendation = [0.0, 1.2364, 1.5191], Current Cost = 5030.00, Rho = 1.000
(iter 10) [0.0, 1.6357, 1.7222] = 365.0372, sampling [1.0, 0.8175, 0.4316]. Recommendation = [0.0, 1.2364, 1.5191], Current Cost = 5031.00, Rho = 1.000
(iter 10) [0.0, 1.6357, 1.7222] = 365.0372, sampling [1.0, 0.6325, 0.7091]. Recommendation = [0.0, 1.2364, 1.5191], Current Cost = 5032.00, Rho = 1.000
(iter 10) [0.0, 1.6357, 1.7222] = 365.0372, sampling [1.0, 0.6669, 0.3164]. Recommendation = [0.0, 1.2364, 1.5191], Current Cost = 5033.00, Rho = 1.000
(iter 10) [0.0, 1.6357, 1.7222] = 365.0372, sampling [1.0, 0.4500, 0.5061]. Recommendation = [0.0, 1.2364, 1.5191], Current Cost = 5034.00, Rho = 1.000
(iter 10) [0.0, 1.6357, 1.7222] = 365.0372, sampling [1.0, 0.5690, 0.2279]. Recommendation = [0.0, 1.2364, 1.5191], Current Cost = 5035.00, Rho = 1.000
(iter 10) [0.0, 1.6357, 1.7222] = 365.0372, sampling [1.0, 0.6078, 0.2352]. Recommendation = [0.0, 1.2364, 1.5191], Current Cost = 5036.00, Rho = 1.000
(iter 10) [0.0, 1.6357, 1.7222] = 365.0372, sampling [1.0, 0.3906, 0.3594]. Recommendation = [0.0, 1.2364, 1.5191], Current Cost = 5037.00, Rho = 1.000
(iter 10) [0.0, 1.6357, 1.7222] = 365.0372, sampling [1.0, 0.3783, 0.2602]. Recommendation = [0.0, 1.2364, 1.5191], Current Cost = 5038.00, Rho = 1.000
(iter 10) [0.0, 1.6357, 1.7222] = 365.0372, sampling [1.0, 0.4350, 0.0862]. Recommendation = [0.0, 1.2364, 1.5191], Current Cost = 5039.00, Rho = 1.000
(iter 10) [0.0, 1.6357, 1.7222] = 365.0372, sampling [1.0, 0.6166, 0.1339]. Recommendation = [0.0, 1.2364, 1.5191], Current Cost = 5040.00, Rho = 1.000
(iter 10) [0.0, 1.6357, 1.7222] = 365.0372, sampling [1.0, 0.3116, 0.1453]. Recommendation = [0.0, 1.2364, 1.5191], Current Cost = 5041.00, Rho = 1.000
(iter 10) [0.0, 1.6357, 1.7222] = 365.0372, sampling [1.0, 0.7367, 0.1940]. Recommendation = [0.0, 1.2364, 1.5191], Current Cost = 5042.00, Rho = 1.000
(iter 10) [0.0, 1.6357, 1.7222] = 365.0372, sampling [1.0, 0.4143, 0.0254]. Recommendation = [0.0, 1.2364, 1.5191], Current Cost = 5043.00, Rho = 1.000
(iter 10) [0.0, 1.6357, 1.7222] = 365.0372, sampling [1.0, 0.4581, 0.0505]. Recommendation = [0.0, 1.2364, 1.5191], Current Cost = 5044.00, Rho = 1.000
(iter 10) [0.0, 1.6357, 1.7222] = 365.0372, sampling [1.0, 0.2096, 0.1844]. Recommendation = [0.0, 1.2364, 1.5191], Current Cost = 5045.00, Rho = 1.000
(iter 10) [0.0, 1.6357, 1.7222] = 365.0372, sampling [1.0, 0.2937, 0.4158]. Recommendation = [0.0, 1.2364, 1.5191], Current Cost = 5046.00, Rho = 1.000
(iter 10) [0.0, 1.6357, 1.7222] = 365.0372, sampling [1.0, 0.5142, 0.0068]. Recommendation = [0.0, 1.2364, 1.5191], Current Cost = 5047.00, Rho = 1.000
(iter 10) [0.0, 1.6357, 1.7222] = 365.0372, sampling [1.0, 0.1690, -0.0339]. Recommendation = [0.0, 1.2364, 1.5191], Current Cost = 5048.00, Rho = 1.000
(iter 10) [0.0, 1.6357, 1.7222] = 365.0372, sampling [1.0, 0.1093, 0.0751]. Recommendation = [0.0, 1.2364, 1.5191], Current Cost = 5049.00, Rho = 1.000
(iter 10) [0.0, 1.6357, 1.7222] = 365.0372, sampling [1.0, 0.3852, -0.0965]. Recommendation = [0.0, 1.2364, 1.5191], Current Cost = 5050.00, Rho = 1.000
(iter 10) [0.0, 1.6357, 1.7222] = 365.0372, sampling [1.0, 0.0456, 0.0361]. Recommendation = [0.0, 1.2364, 1.5191], Current Cost = 5051.00, Rho = 1.000
(iter 10) [0.0, 1.6357, 1.7222] = 365.0372, sampling [1.0, 0.0599, 0.2545]. Recommendation = [0.0, 1.2364, 1.5191], Current Cost = 5052.00, Rho = 1.000
(iter 10) [0.0, 1.6357, 1.7222] = 365.0372, sampling [1.0, -0.0195, -0.0571]. Recommendation = [0.0, 1.2364, 1.5191], Current Cost = 5053.00, Rho = 1.000
(iter 10) [0.0, 1.6357, 1.7222] = 365.0372, sampling [1.0, -0.0647, 0.1304]. Recommendation = [0.0, 1.2364, 1.5191], Current Cost = 5054.00, Rho = 1.000
(iter 10) [0.0, 1.6357, 1.7222] = 365.0372, sampling [1.0, -0.1003, 0.0605]. Recommendation = [0.0, 1.2364, 1.5191], Current Cost = 5055.00, Rho = 1.000
(iter 10) [0.0, 1.6357, 1.7222] = 365.0372, sampling [1.0, -0.1470, -0.0237]. Recommendation = [0.0, 1.2364, 1.5191], Current Cost = 5056.00, Rho = 1.000
(iter 10) [0.0, 1.6357, 1.7222] = 365.0372, sampling [1.0, -0.0011, -0.2187]. Recommendation = [0.0, 1.2364, 1.5191], Current Cost = 5057.00, Rho = 1.000
(iter 10) [0.0, 1.6357, 1.7222] = 365.0372, sampling [1.0, 0.1340, -0.2415]. Recommendation = [0.0, 1.2364, 1.5191], Current Cost = 5058.00, Rho = 1.000
(iter 10) [0.0, 1.6357, 1.7222] = 365.0372, sampling [1.0, 0.5838, 0.6612]. Recommendation = [0.0, 1.2364, 1.5191], Current Cost = 5059.00, Rho = 1.000
(iter 10) [0.0, 1.6357, 1.7222] = 365.0372, sampling [1.0, 0.4705, 0.0316]. Recommendation = [0.0, 1.2364, 1.5191], Current Cost = 5060.00, Rho = 1.000
(iter 10) [0.0, 1.6357, 1.7222] = 365.0372, sampling [1.0, -0.1886, 0.1064]. Recommendation = [0.0, 1.2364, 1.5191], Current Cost = 5061.00, Rho = 1.000
(iter 10) [0.0, 1.6357, 1.7222] = 365.0372, sampling [1.0, -0.1371, 0.2171]. Recommendation = [0.0, 1.2364, 1.5191], Current Cost = 5062.00, Rho = 1.000
(iter 10) [0.0, 1.6357, 1.7222] = 365.0372, sampling [1.0, -0.0551, 0.3126]. Recommendation = [0.0, 1.2364, 1.5191], Current Cost = 5063.00, Rho = 1.000
(iter 10) [0.0, 1.6357, 1.7222] = 365.0372, sampling [1.0, -0.2064, -0.1618]. Recommendation = [0.0, 1.2364, 1.5191], Current Cost = 5064.00, Rho = 1.000
(iter 10) [0.0, 1.6357, 1.7222] = 365.0372, sampling [1.0, -0.0851, -0.2922]. Recommendation = [0.0, 1.2364, 1.5191], Current Cost = 5065.00, Rho = 1.000
(iter 10) [0.0, 1.6357, 1.7222] = 365.0372, sampling [1.0, 0.4306, 0.0211]. Recommendation = [0.0, 1.2364, 1.5191], Current Cost = 5066.00, Rho = 1.000
(iter 10) [0.0, 1.6357, 1.7222] = 365.0372, sampling [1.0, 0.9689, 0.4821]. Recommendation = [0.0, 1.2364, 1.5191], Current Cost = 5067.00, Rho = 1.000
(iter 10) [0.0, 1.6357, 1.7222] = 365.0372, sampling [1.0, 0.6202, 0.0117]. Recommendation = [0.0, 1.2364, 1.5191], Current Cost = 5068.00, Rho = 1.000
(iter 10) [0.0, 1.6357, 1.7222] = 365.0372, sampling [1.0, -0.2469, 0.1535]. Recommendation = [0.0, 1.2364, 1.5191], Current Cost = 5069.00, Rho = 1.000
(iter 10) [0.0, 1.6357, 1.7222] = 365.0372, sampling [1.0, -0.2379, 0.1772]. Recommendation = [0.0, 1.2364, 1.5191], Current Cost = 5070.00, Rho = 1.000
(iter 10) [0.0, 1.6357, 1.7222] = 365.0372, sampling [1.0, -0.0158, -0.2600]. Recommendation = [0.0, 1.2364, 1.5191], Current Cost = 5071.00, Rho = 1.000
(iter 10) [0.0, 1.6357, 1.7222] = 365.0372, sampling [1.0, 1.2222, 1.0605]. Recommendation = [0.0, 1.2364, 1.5191], Current Cost = 5072.00, Rho = 1.000
(iter 10) [0.0, 1.6357, 1.7222] = 365.0372, sampling [1.0, 0.4616, 0.6471]. Recommendation = [0.0, 1.2364, 1.5191], Current Cost = 5073.00, Rho = 1.000
(iter 10) [0.0, 1.6357, 1.7222] = 365.0372, sampling [1.0, -0.1500, -0.2741]. Recommendation = [0.0, 1.2364, 1.5191], Current Cost = 5074.00, Rho = 1.000
(iter 10) [0.0, 1.6357, 1.7222] = 365.0372, sampling [1.0, 0.9580, 1.3487]. Recommendation = [0.0, 1.2364, 1.5191], Current Cost = 5075.00, Rho = 1.000
(iter 10) [0.0, 1.6357, 1.7222] = 365.0372, sampling [1.0, 0.5219, -0.1145]. Recommendation = [0.0, 1.2364, 1.5191], Current Cost = 5076.00, Rho = 1.000
(iter 10) [0.0, 1.6357, 1.7222] = 365.0372, sampling [1.0, 0.3325, -0.2829]. Recommendation = [0.0, 1.2364, 1.5191], Current Cost = 5077.00, Rho = 1.000
(iter 10) [0.0, 1.6357, 1.7222] = 365.0372, sampling [1.0, -0.1348, 0.3074]. Recommendation = [0.0, 1.2364, 1.5191], Current Cost = 5078.00, Rho = 1.000
(iter 10) [0.0, 1.6357, 1.7222] = 365.0372, sampling [1.0, 0.0297, 0.4517]. Recommendation = [0.0, 1.2364, 1.5191], Current Cost = 5079.00, Rho = 1.000
(iter 10) [0.0, 1.6357, 1.7222] = 365.0372, sampling [1.0, 0.3287, 0.5318]. Recommendation = [0.0, 1.2364, 1.5191], Current Cost = 5080.00, Rho = 1.000
(iter 10) [0.0, 1.6357, 1.7222] = 365.0372, sampling [1.0, 1.2506, 1.6076]. Recommendation = [0.0, 1.2364, 1.5191], Current Cost = 5081.00, Rho = 1.000
(iter 10) [0.0, 1.6357, 1.7222] = 365.0372, sampling [1.0, 1.3222, 1.6145]. Recommendation = [0.0, 1.2364, 1.5191], Current Cost = 5082.00, Rho = 1.000
(iter 10) [0.0, 1.6357, 1.7222] = 365.0372, sampling [1.0, 0.7053, 0.9494]. Recommendation = [0.0, 1.2364, 1.5191], Current Cost = 5083.00, Rho = 1.000
(iter 10) [0.0, 1.6357, 1.7222] = 365.0372, sampling [1.0, 0.8536, 0.2313]. Recommendation = [0.0, 1.2364, 1.5191], Current Cost = 5084.00, Rho = 1.000
(iter 10) [0.0, 1.6357, 1.7222] = 365.0372, sampling [1.0, -0.3000, 0.2001]. Recommendation = [0.0, 1.2364, 1.5191], Current Cost = 5085.00, Rho = 1.000
(iter 10) [0.0, 1.6357, 1.7222] = 365.0372, sampling [1.0, -0.2631, 0.2858]. Recommendation = [0.0, 1.2364, 1.5191], Current Cost = 5086.00, Rho = 1.000
(iter 10) [0.0, 1.6357, 1.7222] = 365.0372, sampling [1.0, 1.1989, 0.8346]. Recommendation = [0.0, 1.2364, 1.5191], Current Cost = 5087.00, Rho = 1.000
(iter 10) [0.0, 1.6357, 1.7222] = 365.0372, sampling [1.0, 0.1249, -0.3697]. Recommendation = [0.0, 1.2364, 1.5191], Current Cost = 5088.00, Rho = 1.000
(iter 10) [0.0, 1.6357, 1.7222] = 365.0372, sampling [1.0, 0.6811, 0.7506]. Recommendation = [0.0, 1.2364, 1.5191], Current Cost = 5089.00, Rho = 1.000
(iter 10) [0.0, 1.6357, 1.7222] = 365.0372, sampling [1.0, -0.4150, 0.0687]. Recommendation = [0.0, 1.2364, 1.5191], Current Cost = 5090.00, Rho = 1.000
(iter 10) [0.0, 1.6357, 1.7222] = 365.0372, sampling [1.0, -0.4396, -0.1373]. Recommendation = [0.0, 1.2364, 1.5191], Current Cost = 5091.00, Rho = 1.000
(iter 10) [0.0, 1.6357, 1.7222] = 365.0372, sampling [1.0, -0.3120, -0.2913]. Recommendation = [0.0, 1.2364, 1.5191], Current Cost = 5092.00, Rho = 1.000
(iter 10) [0.0, 1.6357, 1.7222] = 365.0372, sampling [1.0, 1.3894, 1.3920]. Recommendation = [0.0, 1.2364, 1.5191], Current Cost = 5093.00, Rho = 1.000
(iter 10) [0.0, 1.6357, 1.7222] = 365.0372, sampling [1.0, 0.5423, 0.7772]. Recommendation = [0.0, 1.2364, 1.5191], Current Cost = 5094.00, Rho = 1.000
(iter 10) [0.0, 1.6357, 1.7222] = 365.0372, sampling [1.0, -0.0943, -0.4211]. Recommendation = [0.0, 1.2364, 1.5191], Current Cost = 5095.00, Rho = 1.000
(iter 10) [0.0, 1.6357, 1.7222] = 365.0372, sampling [1.0, 0.8001, 1.1652]. Recommendation = [0.0, 1.2364, 1.5191], Current Cost = 5096.00, Rho = 1.000
(iter 10) [0.0, 1.6357, 1.7222] = 365.0372, sampling [1.0, 1.0577, 1.5897]. Recommendation = [0.0, 1.2364, 1.5191], Current Cost = 5097.00, Rho = 1.000
(iter 10) [0.0, 1.6357, 1.7222] = 365.0372, sampling [1.0, -0.0335, 0.3245]. Recommendation = [0.0, 1.2364, 1.5191], Current Cost = 5098.00, Rho = 1.000
(iter 10) [0.0, 1.6357, 1.7222] = 365.0372, sampling [1.0, 0.4999, -0.1640]. Recommendation = [0.0, 1.2364, 1.5191], Current Cost = 5099.00, Rho = 1.000
(iter 10) [0.0, 1.6357, 1.7222] = 365.0372, sampling [1.0, 0.6306, -0.0787]. Recommendation = [0.0, 1.2364, 1.5191], Current Cost = 5100.00, Rho = 1.000
(iter 10) [0.0, 1.6357, 1.7222] = 365.0372, sampling [1.0, -0.1173, 0.4900]. Recommendation = [0.0, 1.2364, 1.5191], Current Cost = 5101.00, Rho = 1.000
(iter 10) [0.0, 1.6357, 1.7222] = 365.0372, sampling [1.0, 1.3246, 1.7257]. Recommendation = [0.0, 1.2364, 1.5191], Current Cost = 5102.00, Rho = 1.000
(iter 10) [0.0, 1.6357, 1.7222] = 365.0372, sampling [1.0, 1.1496, 1.7773]. Recommendation = [0.0, 1.2364, 1.5191], Current Cost = 5103.00, Rho = 1.000
(iter 10) [0.0, 1.6357, 1.7222] = 365.0372, sampling [1.0, 1.3810, 1.7325]. Recommendation = [0.0, 1.2364, 1.5191], Current Cost = 5104.00, Rho = 1.000
(iter 10) [0.0, 1.6357, 1.7222] = 365.0372, sampling [1.0, 1.1180, 1.6092]. Recommendation = [0.0, 1.2364, 1.5191], Current Cost = 5105.00, Rho = 1.000
(iter 10) [0.0, 1.6357, 1.7222] = 365.0372, sampling [1.0, 0.2534, 0.5702]. Recommendation = [0.0, 1.2364, 1.5191], Current Cost = 5106.00, Rho = 1.000
(iter 10) [0.0, 1.6357, 1.7222] = 365.0372, sampling [1.0, -0.1860, -0.4192]. Recommendation = [0.0, 1.2364, 1.5191], Current Cost = 5107.00, Rho = 1.000
(iter 10) [0.0, 1.6357, 1.7222] = 365.0372, sampling [1.0, 0.9024, 1.2152]. Recommendation = [0.0, 1.2364, 1.5191], Current Cost = 5108.00, Rho = 1.000
(iter 10) [0.0, 1.6357, 1.7222] = 365.0372, sampling [1.0, 0.8780, 1.4980]. Recommendation = [0.0, 1.2364, 1.5191], Current Cost = 5109.00, Rho = 1.000
(iter 10) [0.0, 1.6357, 1.7222] = 365.0372, sampling [1.0, -0.5220, 0.2072]. Recommendation = [0.0, 1.2364, 1.5191], Current Cost = 5110.00, Rho = 1.000
(iter 10) [0.0, 1.6357, 1.7222] = 365.0372, sampling [1.0, -0.5148, 0.2486]. Recommendation = [0.0, 1.2364, 1.5191], Current Cost = 5111.00, Rho = 1.000
(iter 10) [0.0, 1.6357, 1.7222] = 365.0372, sampling [1.0, -0.5478, 0.1517]. Recommendation = [0.0, 1.2364, 1.5191], Current Cost = 5112.00, Rho = 1.000
(iter 10) [0.0, 1.6357, 1.7222] = 365.0372, sampling [1.0, -0.5118, 0.3203]. Recommendation = [0.0, 1.2364, 1.5191], Current Cost = 5113.00, Rho = 1.000
(iter 10) [0.0, 1.6357, 1.7222] = 365.0372, sampling [1.0, -0.4010, 0.4343]. Recommendation = [0.0, 1.2364, 1.5191], Current Cost = 5114.00, Rho = 1.000
(iter 10) [0.0, 1.6357, 1.7222] = 365.0372, sampling [1.0, -0.5686, 0.2561]. Recommendation = [0.0, 1.2364, 1.5191], Current Cost = 5115.00, Rho = 1.000
(iter 10) [0.0, 1.6357, 1.7222] = 365.0372, sampling [1.0, -0.5930, 0.1886]. Recommendation = [0.0, 1.2364, 1.5191], Current Cost = 5116.00, Rho = 1.000
(iter 10) [0.0, 1.6357, 1.7222] = 365.0372, sampling [1.0, -0.5899, 0.3454]. Recommendation = [0.0, 1.2364, 1.5191], Current Cost = 5117.00, Rho = 1.000
(iter 10) [0.0, 1.6357, 1.7222] = 365.0372, sampling [1.0, -0.5783, 0.4244]. Recommendation = [0.0, 1.2364, 1.5191], Current Cost = 5118.00, Rho = 1.000
(iter 10) [0.0, 1.6357, 1.7222] = 365.0372, sampling [1.0, -0.4742, 0.5478]. Recommendation = [0.0, 1.2364, 1.5191], Current Cost = 5119.00, Rho = 1.000
(iter 10) [0.0, 1.6357, 1.7222] = 365.0372, sampling [1.0, -0.2523, 0.6014]. Recommendation = [0.0, 1.2364, 1.5191], Current Cost = 5120.00, Rho = 1.000
(iter 10) [0.0, 1.6357, 1.7222] = 365.0372, sampling [1.0, -0.6727, 0.2142]. Recommendation = [0.0, 1.2364, 1.5191], Current Cost = 5121.00, Rho = 1.000
(iter 10) [0.0, 1.6357, 1.7222] = 365.0372, sampling [1.0, 0.5846, 0.8508]. Recommendation = [0.0, 1.2364, 1.5191], Current Cost = 5122.00, Rho = 1.000
(iter 10) [0.0, 1.6357, 1.7222] = 365.0372, sampling [1.0, -0.7032, 0.1279]. Recommendation = [0.0, 1.2364, 1.5191], Current Cost = 5123.00, Rho = 1.000
(iter 10) [0.0, 1.6357, 1.7222] = 365.0372, sampling [1.0, -0.7176, 0.4091]. Recommendation = [0.0, 1.2364, 1.5191], Current Cost = 5124.00, Rho = 1.000
(iter 10) [0.0, 1.6357, 1.7222] = 365.0372, sampling [1.0, -0.6304, 0.5609]. Recommendation = [0.0, 1.2364, 1.5191], Current Cost = 5125.00, Rho = 1.000
(iter 10) [0.0, 1.6357, 1.7222] = 365.0372, sampling [1.0, -0.5817, 0.6055]. Recommendation = [0.0, 1.2364, 1.5191], Current Cost = 5126.00, Rho = 1.000
(iter 10) [0.0, 1.6357, 1.7222] = 365.0372, sampling [1.0, -0.5261, 0.7245]. Recommendation = [0.0, 1.2364, 1.5191], Current Cost = 5127.00, Rho = 1.000
(iter 10) [0.0, 1.6357, 1.7222] = 365.0372, sampling [1.0, -0.7896, 0.4420]. Recommendation = [0.0, 1.2364, 1.5191], Current Cost = 5128.00, Rho = 1.000
(iter 10) [0.0, 1.6357, 1.7222] = 365.0372, sampling [1.0, 0.3989, -0.3350]. Recommendation = [0.0, 1.2364, 1.5191], Current Cost = 5129.00, Rho = 1.000
(iter 10) [0.0, 1.6357, 1.7222] = 365.0372, sampling [1.0, 0.8668, 0.0184]. Recommendation = [0.0, 1.2364, 1.5191], Current Cost = 5130.00, Rho = 1.000
(iter 10) [0.0, 1.6357, 1.7222] = 365.0372, sampling [1.0, 0.7335, 0.9258]. Recommendation = [0.0, 1.2364, 1.5191], Current Cost = 5131.00, Rho = 1.000
(iter 10) [0.0, 1.6357, 1.7222] = 365.0372, sampling [1.0, 0.0931, 0.6251]. Recommendation = [0.0, 1.2364, 1.5191], Current Cost = 5132.00, Rho = 1.000
(iter 10) [0.0, 1.6357, 1.7222] = 365.0372, sampling [1.0, -0.3869, -0.3784]. Recommendation = [0.0, 1.2364, 1.5191], Current Cost = 5133.00, Rho = 1.000
(iter 10) [0.0, 1.6357, 1.7222] = 365.0372, sampling [1.0, 1.1028, 0.4012]. Recommendation = [0.0, 1.2364, 1.5191], Current Cost = 5134.00, Rho = 1.000
(iter 10) [0.0, 1.6357, 1.7222] = 365.0372, sampling [1.0, 1.0637, 1.6549]. Recommendation = [0.0, 1.2364, 1.5191], Current Cost = 5135.00, Rho = 1.000
(iter 10) [0.0, 1.6357, 1.7222] = 365.0372, sampling [1.0, 0.3957, 0.7221]. Recommendation = [0.0, 1.2364, 1.5191], Current Cost = 5136.00, Rho = 1.000
(iter 10) [0.0, 1.6357, 1.7222] = 365.0372, sampling [1.0, -0.0371, -0.5253]. Recommendation = [0.0, 1.2364, 1.5191], Current Cost = 5137.00, Rho = 1.000
(iter 10) [0.0, 1.6357, 1.7222] = 365.0372, sampling [1.0, 0.5639, -0.1959]. Recommendation = [0.0, 1.2364, 1.5191], Current Cost = 5138.00, Rho = 1.000
(iter 10) [0.0, 1.6357, 1.7222] = 365.0372, sampling [1.0, 0.2374, -0.5126]. Recommendation = [0.0, 1.2364, 1.5191], Current Cost = 5139.00, Rho = 1.000
(iter 10) [0.0, 1.6357, 1.7222] = 365.0372, sampling [1.0, 0.8596, 1.2577]. Recommendation = [0.0, 1.2364, 1.5191], Current Cost = 5140.00, Rho = 1.000
(iter 10) [0.0, 1.6357, 1.7222] = 365.0372, sampling [1.0, -0.8488, 0.5090]. Recommendation = [0.0, 1.2364, 1.5191], Current Cost = 5141.00, Rho = 1.000
(iter 10) [0.0, 1.6357, 1.7222] = 365.0372, sampling [1.0, -0.3922, 0.7951]. Recommendation = [0.0, 1.2364, 1.5191], Current Cost = 5142.00, Rho = 1.000
(iter 10) [0.0, 1.6357, 1.7222] = 365.0372, sampling [1.0, 0.5986, 0.9894]. Recommendation = [0.0, 1.2364, 1.5191], Current Cost = 5143.00, Rho = 1.000
(iter 10) [0.0, 1.6357, 1.7222] = 365.0372, sampling [1.0, 1.2976, 1.0460]. Recommendation = [0.0, 1.2364, 1.5191], Current Cost = 5144.00, Rho = 1.000
(iter 10) [0.0, 1.6357, 1.7222] = 365.0372, sampling [1.0, 1.4921, 1.6433]. Recommendation = [0.0, 1.2364, 1.5191], Current Cost = 5145.00, Rho = 1.000
(iter 10) [0.0, 1.6357, 1.7222] = 365.0372, sampling [1.0, -0.3144, -0.4289]. Recommendation = [0.0, 1.2364, 1.5191], Current Cost = 5146.00, Rho = 1.000
(iter 10) [0.0, 1.6357, 1.7222] = 365.0372, sampling [1.0, -0.5619, -0.3018]. Recommendation = [0.0, 1.2364, 1.5191], Current Cost = 5147.00, Rho = 1.000
(iter 10) [0.0, 1.6357, 1.7222] = 365.0372, sampling [1.0, 1.2636, 1.9498]. Recommendation = [0.0, 1.2364, 1.5191], Current Cost = 5148.00, Rho = 1.000
(iter 10) [0.0, 1.6357, 1.7222] = 365.0372, sampling [1.0, 1.0931, 1.9167]. Recommendation = [0.0, 1.2364, 1.5191], Current Cost = 5149.00, Rho = 1.000
(iter 10) [0.0, 1.6357, 1.7222] = 365.0372, sampling [1.0, 1.3674, 1.9642]. Recommendation = [0.0, 1.2364, 1.5191], Current Cost = 5150.00, Rho = 1.000
(iter 10) [0.0, 1.6357, 1.7222] = 365.0372, sampling [1.0, 1.4812, 1.7498]. Recommendation = [0.0, 1.2364, 1.5191], Current Cost = 5151.00, Rho = 1.000
(iter 10) [0.0, 1.6357, 1.7222] = 365.0372, sampling [1.0, -0.9014, 0.4549]. Recommendation = [0.0, 1.2364, 1.5191], Current Cost = 5152.00, Rho = 1.000
(iter 10) [0.0, 1.6357, 1.7222] = 365.0372, sampling [1.0, -0.9085, 0.5647]. Recommendation = [0.0, 1.2364, 1.5191], Current Cost = 5153.00, Rho = 1.000
(iter 10) [0.0, 1.6357, 1.7222] = 365.0372, sampling [1.0, -0.0590, 0.6360]. Recommendation = [0.0, 1.2364, 1.5191], Current Cost = 5154.00, Rho = 1.000
(iter 10) [0.0, 1.6357, 1.7222] = 365.0372, sampling [1.0, 0.3426, -0.4606]. Recommendation = [0.0, 1.2364, 1.5191], Current Cost = 5155.00, Rho = 1.000
(iter 10) [0.0, 1.6357, 1.7222] = 365.0372, sampling [1.0, -0.5520, 0.8727]. Recommendation = [0.0, 1.2364, 1.5191], Current Cost = 5156.00, Rho = 1.000
(iter 10) [0.0, 1.6357, 1.7222] = 365.0372, sampling [1.0, -0.2998, -0.3085]. Recommendation = [0.0, 1.2364, 1.5191], Current Cost = 5157.00, Rho = 1.000
(iter 10) [0.0, 1.6357, 1.7222] = 365.0372, sampling [1.0, -0.9319, 0.8224]. Recommendation = [0.0, 1.2364, 1.5191], Current Cost = 5158.00, Rho = 1.000
(iter 10) [0.0, 1.6357, 1.7222] = 365.0372, sampling [1.0, -0.9721, 0.7662]. Recommendation = [0.0, 1.2364, 1.5191], Current Cost = 5159.00, Rho = 1.000
(iter 10) [0.0, 1.6357, 1.7222] = 365.0372, sampling [1.0, -0.8535, 0.9463]. Recommendation = [0.0, 1.2364, 1.5191], Current Cost = 5160.00, Rho = 1.000
(iter 10) [0.0, 1.6357, 1.7222] = 365.0372, sampling [1.0, -0.9881, 0.6393]. Recommendation = [0.0, 1.2364, 1.5191], Current Cost = 5161.00, Rho = 1.000
(iter 10) [0.0, 1.6357, 1.7222] = 365.0372, sampling [1.0, -0.6611, 0.9777]. Recommendation = [0.0, 1.2364, 1.5191], Current Cost = 5162.00, Rho = 1.000
(iter 10) [0.0, 1.6357, 1.7222] = 365.0372, sampling [1.0, -1.0313, 0.9374]. Recommendation = [0.0, 1.2364, 1.5191], Current Cost = 5163.00, Rho = 1.000
(iter 10) [0.0, 1.6357, 1.7222] = 365.0372, sampling [1.0, -0.9861, 1.0197]. Recommendation = [0.0, 1.2364, 1.5191], Current Cost = 5164.00, Rho = 1.000
(iter 10) [0.0, 1.6357, 1.7222] = 365.0372, sampling [1.0, -0.9149, 1.0654]. Recommendation = [0.0, 1.2364, 1.5191], Current Cost = 5165.00, Rho = 1.000
(iter 10) [0.0, 1.6357, 1.7222] = 365.0372, sampling [1.0, -1.0025, 1.0375]. Recommendation = [0.0, 1.2364, 1.5191], Current Cost = 5166.00, Rho = 1.000
(iter 10) [0.0, 1.6357, 1.7222] = 365.0372, sampling [1.0, -0.9173, 1.1548]. Recommendation = [0.0, 1.2364, 1.5191], Current Cost = 5167.00, Rho = 1.000
(iter 10) [0.0, 1.6357, 1.7222] = 365.0372, sampling [1.0, -1.0701, 1.1348]. Recommendation = [0.0, 1.2364, 1.5191], Current Cost = 5168.00, Rho = 1.000
(iter 10) [0.0, 1.6357, 1.7222] = 365.0372, sampling [1.0, -1.0988, 1.1732]. Recommendation = [0.0, 1.2364, 1.5191], Current Cost = 5169.00, Rho = 1.000
(iter 10) [0.0, 1.6357, 1.7222] = 365.0372, sampling [1.0, -0.9691, 1.3046]. Recommendation = [0.0, 1.2364, 1.5191], Current Cost = 5170.00, Rho = 1.000
(iter 10) [0.0, 1.6357, 1.7222] = 365.0372, sampling [1.0, -0.8560, 1.2528]. Recommendation = [0.0, 1.2364, 1.5191], Current Cost = 5171.00, Rho = 1.000
(iter 10) [0.0, 1.6357, 1.7222] = 365.0372, sampling [1.0, -1.1793, 1.1939]. Recommendation = [0.0, 1.2364, 1.5191], Current Cost = 5172.00, Rho = 1.000
(iter 10) [0.0, 1.6357, 1.7222] = 365.0372, sampling [1.0, -1.1730, 1.2259]. Recommendation = [0.0, 1.2364, 1.5191], Current Cost = 5173.00, Rho = 1.000
(iter 10) [0.0, 1.6357, 1.7222] = 365.0372, sampling [1.0, -1.0784, 0.7383]. Recommendation = [0.0, 1.2364, 1.5191], Current Cost = 5174.00, Rho = 1.000
(iter 10) [0.0, 1.6357, 1.7222] = 365.0372, sampling [1.0, -1.2284, 1.2819]. Recommendation = [0.0, 1.2364, 1.5191], Current Cost = 5175.00, Rho = 1.000
(iter 10) [0.0, 1.6357, 1.7222] = 365.0372, sampling [1.0, -1.2048, 1.2083]. Recommendation = [0.0, 1.2364, 1.5191], Current Cost = 5176.00, Rho = 1.000
(iter 10) [0.0, 1.6357, 1.7222] = 365.0372, sampling [1.0, -1.1485, 1.4369]. Recommendation = [0.0, 1.2364, 1.5191], Current Cost = 5177.00, Rho = 1.000
(iter 10) [0.0, 1.6357, 1.7222] = 365.0372, sampling [1.0, -0.9997, 1.4014]. Recommendation = [0.0, 1.2364, 1.5191], Current Cost = 5178.00, Rho = 1.000
(iter 10) [0.0, 1.6357, 1.7222] = 365.0372, sampling [1.0, -1.2335, 1.4669]. Recommendation = [0.0, 1.2364, 1.5191], Current Cost = 5179.00, Rho = 1.000
(iter 10) [0.0, 1.6357, 1.7222] = 365.0372, sampling [1.0, -1.2470, 1.5447]. Recommendation = [0.0, 1.2364, 1.5191], Current Cost = 5180.00, Rho = 1.000
(iter 10) [0.0, 1.6357, 1.7222] = 365.0372, sampling [1.0, -0.9943, 1.5653]. Recommendation = [0.0, 1.2364, 1.5191], Current Cost = 5181.00, Rho = 1.000
(iter 10) [0.0, 1.6357, 1.7222] = 365.0372, sampling [1.0, -1.2971, 1.0864]. Recommendation = [0.0, 1.2364, 1.5191], Current Cost = 5182.00, Rho = 1.000
(iter 10) [0.0, 1.6357, 1.7222] = 365.0372, sampling [1.0, -1.3995, 1.4203]. Recommendation = [0.0, 1.2364, 1.5191], Current Cost = 5183.00, Rho = 1.000
(iter 10) [0.0, 1.6357, 1.7222] = 365.0372, sampling [1.0, -0.6787, 1.3640]. Recommendation = [0.0, 1.2364, 1.5191], Current Cost = 5184.00, Rho = 1.000
(iter 10) [0.0, 1.6357, 1.7222] = 365.0372, sampling [1.0, -1.3580, 1.2476]. Recommendation = [0.0, 1.2364, 1.5191], Current Cost = 5185.00, Rho = 1.000
(iter 10) [0.0, 1.6357, 1.7222] = 365.0372, sampling [1.0, -1.2701, 1.7568]. Recommendation = [0.0, 1.2364, 1.5191], Current Cost = 5186.00, Rho = 1.000
(iter 10) [0.0, 1.6357, 1.7222] = 365.0372, sampling [1.0, -1.0942, 1.8498]. Recommendation = [0.0, 1.2364, 1.5191], Current Cost = 5187.00, Rho = 1.000
(iter 10) [0.0, 1.6357, 1.7222] = 365.0372, sampling [1.0, -1.3193, 1.8281]. Recommendation = [0.0, 1.2364, 1.5191], Current Cost = 5188.00, Rho = 1.000
(iter 10) [0.0, 1.6357, 1.7222] = 365.0372, sampling [1.0, -1.3927, 1.8241]. Recommendation = [0.0, 1.2364, 1.5191], Current Cost = 5189.00, Rho = 1.000
(iter 10) [0.0, 1.6357, 1.7222] = 365.0372, sampling [1.0, -1.4340, 1.8108]. Recommendation = [0.0, 1.2364, 1.5191], Current Cost = 5190.00, Rho = 1.000
(iter 10) [0.0, 1.6357, 1.7222] = 365.0372, sampling [1.0, -1.2425, 1.9021]. Recommendation = [0.0, 1.2364, 1.5191], Current Cost = 5191.00, Rho = 1.000
(iter 10) [0.0, 1.6357, 1.7222] = 365.0372, sampling [1.0, -1.3357, 1.9750]. Recommendation = [0.0, 1.2364, 1.5191], Current Cost = 5192.00, Rho = 1.000
(iter 10) [0.0, 1.6357, 1.7222] = 365.0372, sampling [1.0, -1.5744, 1.8800]. Recommendation = [0.0, 1.2364, 1.5191], Current Cost = 5193.00, Rho = 1.000
(iter 10) [0.0, 1.6357, 1.7222] = 365.0372, sampling [1.0, 1.4537, 1.4515]. Recommendation = [0.0, 1.2364, 1.5191], Current Cost = 5194.00, Rho = 1.000
(iter 10) [0.0, 1.6357, 1.7222] = 365.0372, sampling [1.0, -0.2237, -0.5616]. Recommendation = [0.0, 1.2364, 1.5191], Current Cost = 5195.00, Rho = 1.000
(iter 10) [0.0, 1.6357, 1.7222] = 365.0372, sampling [1.0, -0.9810, 1.3702]. Recommendation = [0.0, 1.2364, 1.5191], Current Cost = 5196.00, Rho = 1.000
(iter 10) [0.0, 1.6357, 1.7222] = 365.0372, sampling [1.0, -0.7393, -0.0482]. Recommendation = [0.0, 1.2364, 1.5191], Current Cost = 5197.00, Rho = 1.000
(iter 10) [0.0, 1.6357, 1.7222] = 365.0372, sampling [1.0, -1.6373, 1.5945]. Recommendation = [0.0, 1.2364, 1.5191], Current Cost = 5198.00, Rho = 1.000
(iter 10) [0.0, 1.6357, 1.7222] = 365.0372, sampling [1.0, 0.6535, 1.1496]. Recommendation = [0.0, 1.2364, 1.5191], Current Cost = 5199.00, Rho = 1.000
(iter 10) [0.0, 1.6357, 1.7222] = 365.0372, sampling [1.0, 0.3038, 0.6929]. Recommendation = [0.0, 1.2364, 1.5191], Current Cost = 5200.00, Rho = 1.000
(iter 10) [0.0, 1.6357, 1.7222] = 365.0372, sampling [1.0, -1.2092, 1.9267]. Recommendation = [0.0, 1.2364, 1.5191], Current Cost = 5201.00, Rho = 1.000
(iter 10) [0.0, 1.6357, 1.7222] = 365.0372, sampling [1.0, -0.7921, 0.1111]. Recommendation = [0.0, 1.2364, 1.5191], Current Cost = 5202.00, Rho = 1.000
(iter 10) [0.0, 1.6357, 1.7222] = 365.0372, sampling [1.0, 0.6772, -0.1314]. Recommendation = [0.0, 1.2364, 1.5191], Current Cost = 5203.00, Rho = 1.000
(iter 10) [0.0, 1.6357, 1.7222] = 365.0372, sampling [1.0, 1.2241, 0.6512]. Recommendation = [0.0, 1.2364, 1.5191], Current Cost = 5204.00, Rho = 1.000
(iter 10) [0.0, 1.6357, 1.7222] = 365.0372, sampling [1.0, 0.5776, 1.8863]. Recommendation = [0.0, 1.2364, 1.5191], Current Cost = 5205.00, Rho = 1.000
(iter 10) [0.0, 1.6357, 1.7222] = 365.0372, sampling [1.0, 0.4930, 0.7825]. Recommendation = [0.0, 1.2364, 1.5191], Current Cost = 5206.00, Rho = 1.000
(iter 10) [0.0, 1.6357, 1.7222] = 365.0372, sampling [1.0, -1.0817, 0.6161]. Recommendation = [0.0, 1.2364, 1.5191], Current Cost = 5207.00, Rho = 1.000
(iter 10) [0.0, 1.6357, 1.7222] = 365.0372, sampling [1.0, -0.9562, 1.4574]. Recommendation = [0.0, 1.2364, 1.5191], Current Cost = 5208.00, Rho = 1.000
(iter 10) [0.0, 1.6357, 1.7222] = 365.0372, sampling [1.0, -0.1059, -0.5439]. Recommendation = [0.0, 1.2364, 1.5191], Current Cost = 5209.00, Rho = 1.000
(iter 10) [0.0, 1.6357, 1.7222] = 365.0372, sampling [1.0, 0.4390, -0.3964]. Recommendation = [0.0, 1.2364, 1.5191], Current Cost = 5210.00, Rho = 1.000
(iter 10) [0.0, 1.6357, 1.7222] = 365.0372, sampling [1.0, -0.6527, 1.1172]. Recommendation = [0.0, 1.2364, 1.5191], Current Cost = 5211.00, Rho = 1.000
(iter 10) [0.0, 1.6357, 1.7222] = 365.0372, sampling [1.0, 0.0084, -0.5707]. Recommendation = [0.0, 1.2364, 1.5191], Current Cost = 5212.00, Rho = 1.000
(iter 10) [0.0, 1.6357, 1.7222] = 365.0372, sampling [1.0, -0.1990, 0.6988]. Recommendation = [0.0, 1.2364, 1.5191], Current Cost = 5213.00, Rho = 1.000
(iter 10) [0.0, 1.6357, 1.7222] = 365.0372, sampling [1.0, 0.0330, 0.4768]. Recommendation = [0.0, 1.2364, 1.5191], Current Cost = 5214.00, Rho = 1.000
(iter 10) [0.0, 1.6357, 1.7222] = 365.0372, sampling [1.0, 0.8743, 1.2184]. Recommendation = [0.0, 1.2364, 1.5191], Current Cost = 5215.00, Rho = 1.000
(iter 10) [0.0, 1.6357, 1.7222] = 365.0372, sampling [1.0, 1.1588, 1.7925]. Recommendation = [0.0, 1.2364, 1.5191], Current Cost = 5216.00, Rho = 1.000
(iter 10) [0.0, 1.6357, 1.7222] = 365.0372, sampling [1.0, 0.2255, 0.6303]. Recommendation = [0.0, 1.2364, 1.5191], Current Cost = 5217.00, Rho = 1.000
(iter 10) [0.0, 1.6357, 1.7222] = 365.0372, sampling [1.0, 0.6944, -0.2596]. Recommendation = [0.0, 1.2364, 1.5191], Current Cost = 5218.00, Rho = 1.000
(iter 10) [0.0, 1.6357, 1.7222] = 365.0372, sampling [1.0, -0.4401, -0.4502]. Recommendation = [0.0, 1.2364, 1.5191], Current Cost = 5219.00, Rho = 1.000
(iter 10) [0.0, 1.6357, 1.7222] = 365.0372, sampling [1.0, 0.6708, -0.0728]. Recommendation = [0.0, 1.2364, 1.5191], Current Cost = 5220.00, Rho = 1.000
(iter 10) [0.0, 1.6357, 1.7222] = 365.0372, sampling [1.0, 0.4081, 0.8308]. Recommendation = [0.0, 1.2364, 1.5191], Current Cost = 5221.00, Rho = 1.000
(iter 10) [0.0, 1.6357, 1.7222] = 365.0372, sampling [1.0, 1.3285, 1.1300]. Recommendation = [0.0, 1.2364, 1.5191], Current Cost = 5222.00, Rho = 1.000
(iter 10) [0.0, 1.6357, 1.7222] = 365.0372, sampling [1.0, -0.9226, 1.7145]. Recommendation = [0.0, 1.2364, 1.5191], Current Cost = 5223.00, Rho = 1.000
(iter 10) [0.0, 1.6357, 1.7222] = 365.0372, sampling [1.0, 0.3825, -0.3939]. Recommendation = [0.0, 1.2364, 1.5191], Current Cost = 5224.00, Rho = 1.000
(iter 10) [0.0, 1.6357, 1.7222] = 365.0372, sampling [1.0, -0.7676, 0.0331]. Recommendation = [0.0, 1.2364, 1.5191], Current Cost = 5225.00, Rho = 1.000
(iter 10) [0.0, 1.6357, 1.7222] = 365.0372, sampling [1.0, -0.8750, 1.3083]. Recommendation = [0.0, 1.2364, 1.5191], Current Cost = 5226.00, Rho = 1.000
(iter 10) [0.0, 1.6357, 1.7222] = 365.0372, sampling [1.0, 0.4460, 0.7424]. Recommendation = [0.0, 1.2364, 1.5191], Current Cost = 5227.00, Rho = 1.000
(iter 10) [0.0, 1.6357, 1.7222] = 365.0372, sampling [1.0, -0.7145, -0.1324]. Recommendation = [0.0, 1.2364, 1.5191], Current Cost = 5228.00, Rho = 1.000
(iter 10) [0.0, 1.6357, 1.7222] = 365.0372, sampling [1.0, -0.4228, 0.9638]. Recommendation = [0.0, 1.2364, 1.5191], Current Cost = 5229.00, Rho = 1.000
(iter 10) [0.0, 1.6357, 1.7222] = 365.0372, sampling [1.0, -0.9445, 0.2805]. Recommendation = [0.0, 1.2364, 1.5191], Current Cost = 5230.00, Rho = 1.000
(iter 10) [0.0, 1.6357, 1.7222] = 365.0372, sampling [1.0, 1.0189, 0.1989]. Recommendation = [0.0, 1.2364, 1.5191], Current Cost = 5231.00, Rho = 1.000
(iter 10) [0.0, 1.6357, 1.7222] = 365.0372, sampling [1.0, 0.1649, 0.7581]. Recommendation = [0.0, 1.2364, 1.5191], Current Cost = 5232.00, Rho = 1.000
(iter 10) [0.0, 1.6357, 1.7222] = 365.0372, sampling [1.0, 0.0751, -0.6860]. Recommendation = [0.0, 1.2364, 1.5191], Current Cost = 5233.00, Rho = 1.000
(iter 10) [0.0, 1.6357, 1.7222] = 365.0372, sampling [1.0, -1.1239, 0.6715]. Recommendation = [0.0, 1.2364, 1.5191], Current Cost = 5234.00, Rho = 1.000
(iter 10) [0.0, 1.6357, 1.7222] = 365.0372, sampling [1.0, 1.4719, 1.1994]. Recommendation = [0.0, 1.2364, 1.5191], Current Cost = 5235.00, Rho = 1.000
(iter 10) [0.0, 1.6357, 1.7222] = 365.0372, sampling [1.0, -1.1908, 1.8992]. Recommendation = [0.0, 1.2364, 1.5191], Current Cost = 5236.00, Rho = 1.000
(iter 10) [0.0, 1.6357, 1.7222] = 365.0372, sampling [1.0, -0.3838, -0.5508]. Recommendation = [0.0, 1.2364, 1.5191], Current Cost = 5237.00, Rho = 1.000
(iter 10) [0.0, 1.6357, 1.7222] = 365.0372, sampling [1.0, -0.5731, 0.9425]. Recommendation = [0.0, 1.2364, 1.5191], Current Cost = 5238.00, Rho = 1.000
(iter 10) [0.0, 1.6357, 1.7222] = 365.0372, sampling [1.0, -0.0267, -0.6633]. Recommendation = [0.0, 1.2364, 1.5191], Current Cost = 5239.00, Rho = 1.000
(iter 10) [0.0, 1.6357, 1.7222] = 365.0372, sampling [1.0, 0.4643, -0.5575]. Recommendation = [0.0, 1.2364, 1.5191], Current Cost = 5240.00, Rho = 1.000
(iter 10) [0.0, 1.6357, 1.7222] = 365.0372, sampling [1.0, 0.5167, 0.9697]. Recommendation = [0.0, 1.2364, 1.5191], Current Cost = 5241.00, Rho = 1.000
(iter 10) [0.0, 1.6357, 1.7222] = 365.0372, sampling [0.0, 0.6903, 0.4364]. Recommendation = [0.0, 1.2364, 1.5191], Current Cost = 5242.00, Rho = 1.000
(iter 247) [0.0, 0.6903, 0.4364] = 456.0431, sampling [1.0, 0.7539, 1.3600]. Recommendation = [0.0, 0.6903, 0.4364], Current Cost = 6242.00, Rho = 1.000
(iter 247) [0.0, 0.6903, 0.4364] = 456.0431, sampling [1.0, -0.0512, 0.8038]. Recommendation = [0.0, 0.6903, 0.4364], Current Cost = 6243.00, Rho = 1.000
(iter 247) [0.0, 0.6903, 0.4364] = 456.0431, sampling [0.0, 1.2364, 1.5191]. Recommendation = [0.0, 0.6903, 0.4364], Current Cost = 6244.00, Rho = 1.000
(iter 250) [0.0, 1.2364, 1.5191] = 456.2351, sampling [1.0, 0.9626, 1.6518]. Recommendation = [0.0, 1.2364, 1.5191], Current Cost = 7244.00, Rho = 1.000
(iter 250) [0.0, 1.2364, 1.5191] = 456.2351, sampling [0.0, 0.3116, 0.1453]. Recommendation = [0.0, 1.2364, 1.5191], Current Cost = 7245.00, Rho = 1.000
(iter 250) [0.0, 1.2364, 1.5191] = 456.2351, sampling [1.0, 0.9846, 0.4747]. Recommendation = [0.0, 1.2364, 1.5191], Current Cost = 8245.00, Rho = 1.000
(iter 250) [0.0, 1.2364, 1.5191] = 456.2351, sampling [0.0, 0.7315, 0.5862]. Recommendation = [0.0, 1.2364, 1.5191], Current Cost = 8246.00, Rho = 1.000
(iter 250) [0.0, 1.2364, 1.5191] = 456.2351, sampling [0.0, 1.0027, 0.8973]. Recommendation = [0.0, 1.2364, 1.5191], Current Cost = 9246.00, Rho = 1.000
(iter 250) [0.0, 1.2364, 1.5191] = 456.2351, sampling [0.0, 1.3246, 1.7257]. Recommendation = [0.0, 1.2364, 1.5191], Current Cost = 10246.00, Rho = 1.000
(iter 250) [0.0, 1.2364, 1.5191] = 456.2351, sampling [1.0, -0.3611, -0.4447]. Recommendation = [0.0, 1.2364, 1.5191], Current Cost = 11246.00, Rho = 1.000
(iter 250) [0.0, 1.2364, 1.5191] = 456.2351, sampling [0.0, -0.1470, -0.0237]. Recommendation = [0.0, 1.2364, 1.5191], Current Cost = 11247.00, Rho = 1.000
(iter 250) [0.0, 1.2364, 1.5191] = 456.2351, sampling [1.0, -1.0135, 0.3670]. Recommendation = [0.0, 1.2364, 1.5191], Current Cost = 12247.00, Rho = 1.000
(iter 250) [0.0, 1.2364, 1.5191] = 456.2351, sampling [1.0, -1.0856, 0.5577]. Recommendation = [0.0, 1.2364, 1.5191], Current Cost = 12248.00, Rho = 1.000
(iter 250) [0.0, 1.2364, 1.5191] = 456.2351, sampling [1.0, -0.5983, -0.4109]. Recommendation = [0.0, 1.2364, 1.5191], Current Cost = 12249.00, Rho = 1.000
(iter 250) [0.0, 1.2364, 1.5191] = 456.2351, sampling [0.0, 1.3674, 1.9642]. Recommendation = [0.0, 1.2364, 1.5191], Current Cost = 12250.00, Rho = 1.000
(iter 250) [0.0, 1.2364, 1.5191] = 456.2351, sampling [0.0, 1.2506, 1.6076]. Recommendation = [0.0, 1.2364, 1.5191], Current Cost = 13250.00, Rho = 1.000
(iter 250) [0.0, 1.2364, 1.5191] = 456.2351, sampling [1.0, -0.2662, -0.6923]. Recommendation = [0.0, 1.2364, 1.5191], Current Cost = 14250.00, Rho = 1.000
(iter 250) [0.0, 1.2364, 1.5191] = 456.2351, sampling [0.0, 0.5690, 0.2279]. Recommendation = [0.0, 1.2364, 1.5191], Current Cost = 14251.00, Rho = 1.000
(iter 250) [0.0, 1.2364, 1.5191] = 456.2351, sampling [0.0, 1.0778, 1.2913]. Recommendation = [0.0, 1.2364, 1.5191], Current Cost = 15251.00, Rho = 1.000
(iter 250) [0.0, 1.2364, 1.5191] = 456.2351, sampling [0.0, 0.1690, -0.0339]. Recommendation = [0.0, 1.2364, 1.5191], Current Cost = 16251.00, Rho = 1.000
(iter 250) [0.0, 1.2364, 1.5191] = 456.2351, sampling [1.0, 0.8516, -0.1836]. Recommendation = [0.0, 1.2364, 1.5191], Current Cost = 17251.00, Rho = 1.000
(iter 250) [0.0, 1.2364, 1.5191] = 456.2351, sampling [1.0, -1.2396, 0.6913]. Recommendation = [0.0, 1.2364, 1.5191], Current Cost = 17252.00, Rho = 1.000
(iter 250) [0.0, 1.2364, 1.5191] = 456.2351, sampling [0.0, 0.7939, 0.5499]. Recommendation = [0.0, 1.2364, 1.5191], Current Cost = 17253.00, Rho = 1.000
(iter 250) [0.0, 1.2364, 1.5191] = 456.2351, sampling [0.0, 0.0456, 0.0361]. Recommendation = [0.0, 1.2364, 1.5191], Current Cost = 18253.00, Rho = 1.000
(iter 250) [0.0, 1.2364, 1.5191] = 456.2351, sampling [1.0, -0.2144, 0.8244]. Recommendation = [0.0, 1.2364, 1.5191], Current Cost = 19253.00, Rho = 1.000
(iter 250) [0.0, 1.2364, 1.5191] = 456.2351, sampling [1.0, -0.8667, 0.0921]. Recommendation = [0.0, 1.2364, 1.5191], Current Cost = 19254.00, Rho = 1.000
(iter 250) [0.0, 1.2364, 1.5191] = 456.2351, sampling [0.0, 0.9356, 0.9844]. Recommendation = [0.0, 1.2364, 1.5191], Current Cost = 19255.00, Rho = 1.000
(iter 250) [0.0, 1.2364, 1.5191] = 456.2351, sampling [1.0, 1.3144, 0.8069]. Recommendation = [0.0, 1.2364, 1.5191], Current Cost = 20255.00, Rho = 1.000
(iter 250) [0.0, 1.2364, 1.5191] = 456.2351, sampling [0.0, -0.5148, 0.2486]. Recommendation = [0.0, 1.2364, 1.5191], Current Cost = 20256.00, Rho = 1.000
(iter 250) [0.0, 1.2364, 1.5191] = 456.2351, sampling [1.0, 0.1402, 0.6590]. Recommendation = [0.0, 1.2364, 1.5191], Current Cost = 21256.00, Rho = 1.000
(iter 250) [0.0, 1.2364, 1.5191] = 456.2351, sampling [0.0, 0.4350, 0.0862]. Recommendation = [0.0, 1.2364, 1.5191], Current Cost = 21257.00, Rho = 1.000
(iter 250) [0.0, 1.2364, 1.5191] = 456.2351, sampling [0.0, 0.7251, 0.4582]. Recommendation = [0.0, 1.2364, 1.5191], Current Cost = 22257.00, Rho = 1.000
(iter 250) [0.0, 1.2364, 1.5191] = 456.2351, sampling [1.0, -0.6120, 1.0201]. Recommendation = [0.0, 1.2364, 1.5191], Current Cost = 23257.00, Rho = 1.000
(iter 250) [0.0, 1.2364, 1.5191] = 456.2351, sampling [1.0, 0.4268, -0.4767]. Recommendation = [0.0, 1.2364, 1.5191], Current Cost = 23258.00, Rho = 1.000
(iter 250) [0.0, 1.2364, 1.5191] = 456.2351, sampling [1.0, -0.8299, 1.4916]. Recommendation = [0.0, 1.2364, 1.5191], Current Cost = 23259.00, Rho = 1.000
(iter 250) [0.0, 1.2364, 1.5191] = 456.2351, sampling [0.0, 0.8202, 0.8096]. Recommendation = [0.0, 1.2364, 1.5191], Current Cost = 23260.00, Rho = 1.000
(iter 250) [0.0, 1.2364, 1.5191] = 456.2351, sampling [0.0, -0.1886, 0.1064]. Recommendation = [0.0, 1.2364, 1.5191], Current Cost = 24260.00, Rho = 1.000
(iter 250) [0.0, 1.2364, 1.5191] = 456.2351, sampling [0.0, 0.3783, 0.2602]. Recommendation = [0.0, 1.2364, 1.5191], Current Cost = 25260.00, Rho = 1.000
(iter 250) [0.0, 1.2364, 1.5191] = 456.2351, sampling [0.0, -0.0195, -0.0571]. Recommendation = [0.0, 1.2364, 1.5191], Current Cost = 26260.00, Rho = 1.000
(iter 250) [0.0, 1.2364, 1.5191] = 456.2351, sampling [1.0, -0.4341, 0.8137]. Recommendation = [0.0, 1.2364, 1.5191], Current Cost = 27260.00, Rho = 1.000
(iter 250) [0.0, 1.2364, 1.5191] = 456.2351, sampling [0.0, -1.0701, 1.1348]. Recommendation = [0.0, 1.2364, 1.5191], Current Cost = 27261.00, Rho = 1.000
(iter 250) [0.0, 1.2364, 1.5191] = 456.2351, sampling [1.0, -1.3847, 1.0959]. Recommendation = [0.0, 1.2364, 1.5191], Current Cost = 28261.00, Rho = 1.000
(iter 250) [0.0, 1.2364, 1.5191] = 456.2351, sampling [1.0, -1.0581, 1.9152]. Recommendation = [0.0, 1.2364, 1.5191], Current Cost = 28262.00, Rho = 1.000
(iter 250) [0.0, 1.2364, 1.5191] = 456.2351, sampling [0.0, 0.1093, 0.0751]. Recommendation = [0.0, 1.2364, 1.5191], Current Cost = 28263.00, Rho = 1.000
(iter 250) [0.0, 1.2364, 1.5191] = 456.2351, sampling [1.0, 0.5953, -0.4989]. Recommendation = [0.0, 1.2364, 1.5191], Current Cost = 29263.00, Rho = 1.000
(iter 250) [0.0, 1.2364, 1.5191] = 456.2351, sampling [0.0, 0.9394, 0.7445]. Recommendation = [0.0, 1.2364, 1.5191], Current Cost = 29264.00, Rho = 1.000
(iter 250) [0.0, 1.2364, 1.5191] = 456.2351, sampling [0.0, -0.1003, 0.0605]. Recommendation = [0.0, 1.2364, 1.5191], Current Cost = 30264.00, Rho = 1.000
(iter 250) [0.0, 1.2364, 1.5191] = 456.2351, sampling [0.0, 0.6669, 0.3164]. Recommendation = [0.0, 1.2364, 1.5191], Current Cost = 31264.00, Rho = 1.000
(iter 250) [0.0, 1.2364, 1.5191] = 456.2351, sampling [1.0, 0.2131, -0.7793]. Recommendation = [0.0, 1.2364, 1.5191], Current Cost = 32264.00, Rho = 1.000
(iter 250) [0.0, 1.2364, 1.5191] = 456.2351, sampling [0.0, -1.3193, 1.8281]. Recommendation = [0.0, 1.2364, 1.5191], Current Cost = 32265.00, Rho = 1.000
(iter 250) [0.0, 1.2364, 1.5191] = 456.2351, sampling [1.0, -1.0339, 1.7904]. Recommendation = [0.0, 1.2364, 1.5191], Current Cost = 33265.00, Rho = 1.000
(iter 250) [0.0, 1.2364, 1.5191] = 456.2351, sampling [1.0, -0.0996, -0.8177]. Recommendation = [0.0, 1.2364, 1.5191], Current Cost = 33266.00, Rho = 1.000
(iter 250) [0.0, 1.2364, 1.5191] = 456.2351, sampling [0.0, -0.9319, 0.8224]. Recommendation = [0.0, 1.2364, 1.5191], Current Cost = 33267.00, Rho = 1.000
(iter 250) [0.0, 1.2364, 1.5191] = 456.2351, sampling [1.0, 1.6573, 1.8720]. Recommendation = [0.0, 1.2364, 1.5191], Current Cost = 34267.00, Rho = 1.000
(iter 250) [0.0, 1.2364, 1.5191] = 456.2351, sampling [0.0, -0.5899, 0.3454]. Recommendation = [0.0, 1.2364, 1.5191], Current Cost = 34268.00, Rho = 1.000
(iter 250) [0.0, 1.2364, 1.5191] = 456.2351, sampling [0.0, 1.0459, 0.9564]. Recommendation = [0.0, 1.2364, 1.5191], Current Cost = 35268.00, Rho = 1.000
(iter 250) [0.0, 1.2364, 1.5191] = 456.2351, sampling [1.0, -1.4268, 1.2688]. Recommendation = [0.0, 1.2364, 1.5191], Current Cost = 36268.00, Rho = 1.000
(iter 250) [0.0, 1.2364, 1.5191] = 456.2351, sampling [1.0, -0.3453, 1.2871]. Recommendation = [0.0, 1.2364, 1.5191], Current Cost = 36269.00, Rho = 1.000
(iter 250) [0.0, 1.2364, 1.5191] = 456.2351, sampling [0.0, 0.7875, 0.5029]. Recommendation = [0.0, 1.2364, 1.5191], Current Cost = 36270.00, Rho = 1.000
(iter 250) [0.0, 1.2364, 1.5191] = 456.2351, sampling [0.0, -0.3000, 0.2001]. Recommendation = [0.0, 1.2364, 1.5191], Current Cost = 37270.00, Rho = 1.000
(iter 250) [0.0, 1.2364, 1.5191] = 456.2351, sampling [0.0, 1.3222, 1.6145]. Recommendation = [0.0, 1.2364, 1.5191], Current Cost = 38270.00, Rho = 1.000
(iter 250) [0.0, 1.2364, 1.5191] = 456.2351, sampling [0.0, -0.4150, 0.0687]. Recommendation = [0.0, 1.2364, 1.5191], Current Cost = 39270.00, Rho = 1.000
(iter 250) [0.0, 1.2364, 1.5191] = 456.2351, sampling [1.0, 0.4776, 1.0504]. Recommendation = [0.0, 1.2364, 1.5191], Current Cost = 40270.00, Rho = 1.000
(iter 250) [0.0, 1.2364, 1.5191] = 456.2351, sampling [1.0, -0.2104, 0.6646]. Recommendation = [0.0, 1.2364, 1.5191], Current Cost = 40271.00, Rho = 1.000
(iter 250) [0.0, 1.2364, 1.5191] = 456.2351, sampling [0.0, 0.2096, 0.1844]. Recommendation = [0.0, 1.2364, 1.5191], Current Cost = 40272.00, Rho = 1.000
(iter 250) [0.0, 1.2364, 1.5191] = 456.2351, sampling [1.0, 1.4256, 1.4248]. Recommendation = [0.0, 1.2364, 1.5191], Current Cost = 41272.00, Rho = 1.000
(iter 250) [0.0, 1.2364, 1.5191] = 456.2351, sampling [0.0, 0.7492, 0.4472]. Recommendation = [0.0, 1.2364, 1.5191], Current Cost = 41273.00, Rho = 1.000
(iter 250) [0.0, 1.2364, 1.5191] = 456.2351, sampling [1.0, -0.4879, -0.5317]. Recommendation = [0.0, 1.2364, 1.5191], Current Cost = 42273.00, Rho = 1.000
(iter 250) [0.0, 1.2364, 1.5191] = 456.2351, sampling [1.0, -0.8257, -0.1978]. Recommendation = [0.0, 1.2364, 1.5191], Current Cost = 42274.00, Rho = 1.000
(iter 250) [0.0, 1.2364, 1.5191] = 456.2351, sampling [0.0, 0.4143, 0.0254]. Recommendation = [0.0, 1.2364, 1.5191], Current Cost = 42275.00, Rho = 1.000
(iter 250) [0.0, 1.2364, 1.5191] = 456.2351, sampling [0.0, -1.2470, 1.5447]. Recommendation = [0.0, 1.2364, 1.5191], Current Cost = 43275.00, Rho = 1.000
(iter 250) [0.0, 1.2364, 1.5191] = 456.2351, sampling [1.0, -1.7690, 1.9200]. Recommendation = [0.0, 1.2364, 1.5191], Current Cost = 44275.00, Rho = 1.000
(iter 250) [0.0, 1.2364, 1.5191] = 456.2351, sampling [1.0, 1.5446, 1.6903]. Recommendation = [0.0, 1.2364, 1.5191], Current Cost = 44276.00, Rho = 1.000
(iter 250) [0.0, 1.2364, 1.5191] = 456.2351, sampling [1.0, -0.0282, 0.6533]. Recommendation = [0.0, 1.2364, 1.5191], Current Cost = 44277.00, Rho = 1.000
(iter 250) [0.0, 1.2364, 1.5191] = 456.2351, sampling [0.0, -0.0647, 0.1304]. Recommendation = [0.0, 1.2364, 1.5191], Current Cost = 44278.00, Rho = 1.000
(iter 250) [0.0, 1.2364, 1.5191] = 456.2351, sampling [0.0, 0.6078, 0.2352]. Recommendation = [0.0, 1.2364, 1.5191], Current Cost = 45278.00, Rho = 1.000
(iter 250) [0.0, 1.2364, 1.5191] = 456.2351, sampling [0.0, -0.5783, 0.4244]. Recommendation = [0.0, 1.2364, 1.5191], Current Cost = 46278.00, Rho = 1.000
(iter 250) [0.0, 1.2364, 1.5191] = 456.2351, sampling [1.0, 1.5101, 1.3829]. Recommendation = [0.0, 1.2364, 1.5191], Current Cost = 47278.00, Rho = 1.000
(iter 250) [0.0, 1.2364, 1.5191] = 456.2351, sampling [1.0, 1.0054, 1.8659]. Recommendation = [0.0, 1.2364, 1.5191], Current Cost = 47279.00, Rho = 1.000
(iter 250) [0.0, 1.2364, 1.5191] = 456.2351, sampling [1.0, 0.6376, 1.2316]. Recommendation = [0.0, 1.2364, 1.5191], Current Cost = 47280.00, Rho = 1.000
(iter 250) [0.0, 1.2364, 1.5191] = 456.2351, sampling [1.0, 0.4169, -0.3843]. Recommendation = [0.0, 1.2364, 1.5191], Current Cost = 47281.00, Rho = 1.000
(iter 250) [0.0, 1.2364, 1.5191] = 456.2351, sampling [0.0, -0.5118, 0.3203]. Recommendation = [0.0, 1.2364, 1.5191], Current Cost = 47282.00, Rho = 1.000
(iter 250) [0.0, 1.2364, 1.5191] = 456.2351, sampling [1.0, -0.9394, 1.4453]. Recommendation = [0.0, 1.2364, 1.5191], Current Cost = 48282.00, Rho = 1.000
(iter 250) [0.0, 1.2364, 1.5191] = 456.2351, sampling [0.0, -0.2469, 0.1535]. Recommendation = [0.0, 1.2364, 1.5191], Current Cost = 48283.00, Rho = 1.000
(iter 250) [0.0, 1.2364, 1.5191] = 456.2351, sampling [1.0, -0.3505, -0.6351]. Recommendation = [0.0, 1.2364, 1.5191], Current Cost = 49283.00, Rho = 1.000
(iter 250) [0.0, 1.2364, 1.5191] = 456.2351, sampling [0.0, -0.7176, 0.4091]. Recommendation = [0.0, 1.2364, 1.5191], Current Cost = 49284.00, Rho = 1.000
(iter 250) [0.0, 1.2364, 1.5191] = 456.2351, sampling [0.0, 0.9091, 0.6417]. Recommendation = [0.0, 1.2364, 1.5191], Current Cost = 50284.00, Rho = 1.000
(iter 250) [0.0, 1.2364, 1.5191] = 456.2351, sampling [1.0, 1.1374, -0.0107]. Recommendation = [0.0, 1.2364, 1.5191], Current Cost = 51284.00, Rho = 1.000
(iter 250) [0.0, 1.2364, 1.5191] = 456.2351, sampling [1.0, -0.3798, -0.4742]. Recommendation = [0.0, 1.2364, 1.5191], Current Cost = 51285.00, Rho = 1.000
(iter 250) [0.0, 1.2364, 1.5191] = 456.2351, sampling [1.0, 0.4406, -0.7028]. Recommendation = [0.0, 1.2364, 1.5191], Current Cost = 51286.00, Rho = 1.000
(iter 250) [0.0, 1.2364, 1.5191] = 456.2351, sampling [1.0, -0.7209, 1.8381]. Recommendation = [0.0, 1.2364, 1.5191], Current Cost = 51287.00, Rho = 1.000
(iter 250) [0.0, 1.2364, 1.5191] = 456.2351, sampling [0.0, -0.9861, 1.0197]. Recommendation = [0.0, 1.2364, 1.5191], Current Cost = 51288.00, Rho = 1.000
(iter 250) [0.0, 1.2364, 1.5191] = 456.2351, sampling [1.0, -0.2254, -0.5937]. Recommendation = [0.0, 1.2364, 1.5191], Current Cost = 52288.00, Rho = 1.000
(iter 250) [0.0, 1.2364, 1.5191] = 456.2351, sampling [1.0, 1.5789, 1.7838]. Recommendation = [0.0, 1.2364, 1.5191], Current Cost = 52289.00, Rho = 1.000
(iter 250) [0.0, 1.2364, 1.5191] = 456.2351, sampling [0.0, 0.6111, 0.5767]. Recommendation = [0.0, 1.2364, 1.5191], Current Cost = 52290.00, Rho = 1.000
(iter 250) [0.0, 1.2364, 1.5191] = 456.2351, sampling [1.0, 0.8314, 1.4545]. Recommendation = [0.0, 1.2364, 1.5191], Current Cost = 53290.00, Rho = 1.000
(iter 250) [0.0, 1.2364, 1.5191] = 456.2351, sampling [1.0, 0.1071, -0.7563]. Recommendation = [0.0, 1.2364, 1.5191], Current Cost = 53291.00, Rho = 1.000
(iter 250) [0.0, 1.2364, 1.5191] = 456.2351, sampling [0.0, -0.5220, 0.2072]. Recommendation = [0.0, 1.2364, 1.5191], Current Cost = 53292.00, Rho = 1.000
(iter 250) [0.0, 1.2364, 1.5191] = 456.2351, sampling [0.0, 1.3810, 1.7325]. Recommendation = [0.0, 1.2364, 1.5191], Current Cost = 54292.00, Rho = 1.000
(iter 250) [0.0, 1.2364, 1.5191] = 456.2351, sampling [0.0, -0.0011, -0.2187]. Recommendation = [0.0, 1.2364, 1.5191], Current Cost = 55292.00, Rho = 1.000
(iter 250) [0.0, 1.2364, 1.5191] = 456.2351, sampling [0.0, -0.5686, 0.2561]. Recommendation = [0.0, 1.2364, 1.5191], Current Cost = 56292.00, Rho = 1.000
(iter 250) [0.0, 1.2364, 1.5191] = 456.2351, sampling [0.0, -0.6304, 0.5609]. Recommendation = [0.0, 1.2364, 1.5191], Current Cost = 57292.00, Rho = 1.000
(iter 250) [0.0, 1.2364, 1.5191] = 456.2351, sampling [1.0, -0.7356, -0.4388]. Recommendation = [0.0, 1.2364, 1.5191], Current Cost = 58292.00, Rho = 1.000
(iter 250) [0.0, 1.2364, 1.5191] = 456.2351, sampling [1.0, 0.8816, 1.5964]. Recommendation = [0.0, 1.2364, 1.5191], Current Cost = 58293.00, Rho = 1.000
(iter 250) [0.0, 1.2364, 1.5191] = 456.2351, sampling [1.0, -0.8076, 1.4195]. Recommendation = [0.0, 1.2364, 1.5191], Current Cost = 58294.00, Rho = 1.000
(iter 250) [0.0, 1.2364, 1.5191] = 456.2351, sampling [1.0, -0.9335, 0.1167]. Recommendation = [0.0, 1.2364, 1.5191], Current Cost = 58295.00, Rho = 1.000
(iter 250) [0.0, 1.2364, 1.5191] = 456.2351, sampling [0.0, 0.3906, 0.3594]. Recommendation = [0.0, 1.2364, 1.5191], Current Cost = 58296.00, Rho = 1.000
(iter 250) [0.0, 1.2364, 1.5191] = 456.2351, sampling [1.0, 0.8844, 0.0586]. Recommendation = [0.0, 1.2364, 1.5191], Current Cost = 59296.00, Rho = 1.000
(iter 250) [0.0, 1.2364, 1.5191] = 456.2351, sampling [1.0, 1.4313, 1.0414]. Recommendation = [0.0, 1.2364, 1.5191], Current Cost = 59297.00, Rho = 1.000
(iter 250) [0.0, 1.2364, 1.5191] = 456.2351, sampling [1.0, 0.3739, 1.0270]. Recommendation = [0.0, 1.2364, 1.5191], Current Cost = 59298.00, Rho = 1.000
(iter 250) [0.0, 1.2364, 1.5191] = 456.2351, sampling [0.0, 0.4581, 0.0505]. Recommendation = [0.0, 1.2364, 1.5191], Current Cost = 59299.00, Rho = 1.000
(iter 250) [0.0, 1.2364, 1.5191] = 456.2351, sampling [1.0, -1.4856, 0.9345]. Recommendation = [0.0, 1.2364, 1.5191], Current Cost = 60299.00, Rho = 1.000
(iter 250) [0.0, 1.2364, 1.5191] = 456.2351, sampling [1.0, -0.9077, -0.0056]. Recommendation = [0.0, 1.2364, 1.5191], Current Cost = 60300.00, Rho = 1.000
(iter 250) [0.0, 1.2364, 1.5191] = 456.2351, sampling [1.0, -0.1762, 0.7697]. Recommendation = [0.0, 1.2364, 1.5191], Current Cost = 60301.00, Rho = 1.000
(iter 250) [0.0, 1.2364, 1.5191] = 456.2351, sampling [1.0, 1.9311, 1.9939]. Recommendation = [0.0, 1.2364, 1.5191], Current Cost = 60302.00, Rho = 1.000
(iter 250) [0.0, 1.2364, 1.5191] = 456.2351, sampling [1.0, -0.1247, 0.8943]. Recommendation = [0.0, 1.2364, 1.5191], Current Cost = 60303.00, Rho = 1.000
(iter 250) [0.0, 1.2364, 1.5191] = 456.2351, sampling [1.0, 0.7222, -0.3255]. Recommendation = [0.0, 1.2364, 1.5191], Current Cost = 60304.00, Rho = 1.000
(iter 250) [0.0, 1.2364, 1.5191] = 456.2351, sampling [0.0, -0.2064, -0.1618]. Recommendation = [0.0, 1.2364, 1.5191], Current Cost = 60305.00, Rho = 1.000
(iter 250) [0.0, 1.2364, 1.5191] = 456.2351, sampling [0.0, 1.1672, 1.1132]. Recommendation = [0.0, 1.2364, 1.5191], Current Cost = 61305.00, Rho = 1.000
(iter 250) [0.0, 1.2364, 1.5191] = 456.2351, sampling [0.0, -1.1485, 1.4369]. Recommendation = [0.0, 1.2364, 1.5191], Current Cost = 62305.00, Rho = 1.000
(iter 250) [0.0, 1.2364, 1.5191] = 456.2351, sampling [1.0, -0.7728, -0.1240]. Recommendation = [0.0, 1.2364, 1.5191], Current Cost = 63305.00, Rho = 1.000
(iter 250) [0.0, 1.2364, 1.5191] = 456.2351, sampling [1.0, -1.0107, 0.2689]. Recommendation = [0.0, 1.2364, 1.5191], Current Cost = 63306.00, Rho = 1.000
(iter 250) [0.0, 1.2364, 1.5191] = 456.2351, sampling [1.0, -0.5391, -0.6084]. Recommendation = [0.0, 1.2364, 1.5191], Current Cost = 63307.00, Rho = 1.000
(iter 250) [0.0, 1.2364, 1.5191] = 456.2351, sampling [1.0, -0.2947, -0.8064]. Recommendation = [0.0, 1.2364, 1.5191], Current Cost = 63308.00, Rho = 1.000
(iter 250) [0.0, 1.2364, 1.5191] = 456.2351, sampling [0.0, -0.1371, 0.2171]. Recommendation = [0.0, 1.2364, 1.5191], Current Cost = 63309.00, Rho = 1.000
(iter 250) [0.0, 1.2364, 1.5191] = 456.2351, sampling [0.0, 0.9669, 0.7552]. Recommendation = [0.0, 1.2364, 1.5191], Current Cost = 64309.00, Rho = 1.000
(iter 250) [0.0, 1.2364, 1.5191] = 456.2351, sampling [1.0, 1.3016, 0.5325]. Recommendation = [0.0, 1.2364, 1.5191], Current Cost = 65309.00, Rho = 1.000
(iter 250) [0.0, 1.2364, 1.5191] = 456.2351, sampling [1.0, -0.4294, 1.0332]. Recommendation = [0.0, 1.2364, 1.5191], Current Cost = 65310.00, Rho = 1.000
(iter 250) [0.0, 1.2364, 1.5191] = 456.2351, sampling [0.0, 0.3852, -0.0965]. Recommendation = [0.0, 1.2364, 1.5191], Current Cost = 65311.00, Rho = 1.000
(iter 250) [0.0, 1.2364, 1.5191] = 456.2351, sampling [1.0, 0.5342, 1.3998]. Recommendation = [0.0, 1.2364, 1.5191], Current Cost = 66311.00, Rho = 1.000
(iter 250) [0.0, 1.2364, 1.5191] = 456.2351, sampling [1.0, 0.0967, -0.8269]. Recommendation = [0.0, 1.2364, 1.5191], Current Cost = 66312.00, Rho = 1.000
(iter 250) [0.0, 1.2364, 1.5191] = 456.2351, sampling [0.0, -0.5478, 0.1517]. Recommendation = [0.0, 1.2364, 1.5191], Current Cost = 66313.00, Rho = 1.000
(iter 250) [0.0, 1.2364, 1.5191] = 456.2351, sampling [0.0, -0.2379, 0.1772]. Recommendation = [0.0, 1.2364, 1.5191], Current Cost = 67313.00, Rho = 1.000
(iter 250) [0.0, 1.2364, 1.5191] = 456.2351, sampling [1.0, -1.6347, 1.7694]. Recommendation = [0.0, 1.2364, 1.5191], Current Cost = 68313.00, Rho = 1.000
(iter 250) [0.0, 1.2364, 1.5191] = 456.2351, sampling [0.0, 0.6985, 0.7343]. Recommendation = [0.0, 1.2364, 1.5191], Current Cost = 68314.00, Rho = 1.000
(iter 250) [0.0, 1.2364, 1.5191] = 456.2351, sampling [0.0, -1.0988, 1.1732]. Recommendation = [0.0, 1.2364, 1.5191], Current Cost = 69314.00, Rho = 1.000
(iter 250) [0.0, 1.2364, 1.5191] = 456.2351, sampling [1.0, 0.0006, 0.9730]. Recommendation = [0.0, 1.2364, 1.5191], Current Cost = 70314.00, Rho = 1.000
(iter 250) [0.0, 1.2364, 1.5191] = 456.2351, sampling [0.0, -1.0313, 0.9374]. Recommendation = [0.0, 1.2364, 1.5191], Current Cost = 70315.00, Rho = 1.000
(iter 250) [0.0, 1.2364, 1.5191] = 456.2351, sampling [1.0, 0.0066, -1.0481]. Recommendation = [0.0, 1.2364, 1.5191], Current Cost = 71315.00, Rho = 1.000
(iter 250) [0.0, 1.2364, 1.5191] = 456.2351, sampling [1.0, 1.0970, 0.2882]. Recommendation = [0.0, 1.2364, 1.5191], Current Cost = 71316.00, Rho = 1.000
(iter 250) [0.0, 1.2364, 1.5191] = 456.2351, sampling [1.0, 0.7181, -0.6293]. Recommendation = [0.0, 1.2364, 1.5191], Current Cost = 71317.00, Rho = 1.000
(iter 250) [0.0, 1.2364, 1.5191] = 456.2351, sampling [1.0, 0.2492, 0.9926]. Recommendation = [0.0, 1.2364, 1.5191], Current Cost = 71318.00, Rho = 1.000
(iter 250) [0.0, 1.2364, 1.5191] = 456.2351, sampling [0.0, 0.6166, 0.1339]. Recommendation = [0.0, 1.2364, 1.5191], Current Cost = 71319.00, Rho = 1.000
(iter 250) [0.0, 1.2364, 1.5191] = 456.2351, sampling [1.0, 1.0404, 1.9535]. Recommendation = [0.0, 1.2364, 1.5191], Current Cost = 72319.00, Rho = 1.000
(iter 250) [0.0, 1.2364, 1.5191] = 456.2351, sampling [0.0, -1.3357, 1.9750]. Recommendation = [0.0, 1.2364, 1.5191], Current Cost = 72320.00, Rho = 1.000
(iter 250) [0.0, 1.2364, 1.5191] = 456.2351, sampling [0.0, -0.8488, 0.5090]. Recommendation = [0.0, 1.2364, 1.5191], Current Cost = 73320.00, Rho = 1.000
(iter 250) [0.0, 1.2364, 1.5191] = 456.2351, sampling [0.0, -1.2335, 1.4669]. Recommendation = [0.0, 1.2364, 1.5191], Current Cost = 74320.00, Rho = 1.000
(iter 250) [0.0, 1.2364, 1.5191] = 456.2351, sampling [0.0, 0.0599, 0.2545]. Recommendation = [0.0, 1.2364, 1.5191], Current Cost = 75320.00, Rho = 1.000
(iter 250) [0.0, 1.2364, 1.5191] = 456.2351, sampling [1.0, 1.5961, 1.6373]. Recommendation = [0.0, 1.2364, 1.5191], Current Cost = 76320.00, Rho = 1.000
(iter 250) [0.0, 1.2364, 1.5191] = 456.2351, sampling [1.0, 0.1958, -0.9006]. Recommendation = [0.0, 1.2364, 1.5191], Current Cost = 76321.00, Rho = 1.000
(iter 250) [0.0, 1.2364, 1.5191] = 456.2351, sampling [0.0, -0.2631, 0.2858]. Recommendation = [0.0, 1.2364, 1.5191], Current Cost = 76322.00, Rho = 1.000
(iter 250) [0.0, 1.2364, 1.5191] = 456.2351, sampling [0.0, 0.1340, -0.2415]. Recommendation = [0.0, 1.2364, 1.5191], Current Cost = 77322.00, Rho = 1.000
(iter 250) [0.0, 1.2364, 1.5191] = 456.2351, sampling [0.0, 0.8175, 0.4316]. Recommendation = [0.0, 1.2364, 1.5191], Current Cost = 78322.00, Rho = 1.000
(iter 250) [0.0, 1.2364, 1.5191] = 456.2351, sampling [1.0, -0.4524, -0.7487]. Recommendation = [0.0, 1.2364, 1.5191], Current Cost = 79322.00, Rho = 1.000
(iter 250) [0.0, 1.2364, 1.5191] = 456.2351, sampling [1.0, -0.1525, 1.0977]. Recommendation = [0.0, 1.2364, 1.5191], Current Cost = 79323.00, Rho = 1.000
(iter 250) [0.0, 1.2364, 1.5191] = 456.2351, sampling [1.0, -0.4458, -0.5657]. Recommendation = [0.0, 1.2364, 1.5191], Current Cost = 79324.00, Rho = 1.000
(iter 250) [0.0, 1.2364, 1.5191] = 456.2351, sampling [1.0, 0.3639, 1.1593]. Recommendation = [0.0, 1.2364, 1.5191], Current Cost = 79325.00, Rho = 1.000
(iter 250) [0.0, 1.2364, 1.5191] = 456.2351, sampling [1.0, -0.5354, 1.3040]. Recommendation = [0.0, 1.2364, 1.5191], Current Cost = 79326.00, Rho = 1.000
(iter 250) [0.0, 1.2364, 1.5191] = 456.2351, sampling [1.0, 0.7766, 1.4153]. Recommendation = [0.0, 1.2364, 1.5191], Current Cost = 79327.00, Rho = 1.000
(iter 250) [0.0, 1.2364, 1.5191] = 456.2351, sampling [1.0, -0.4197, 0.9301]. Recommendation = [0.0, 1.2364, 1.5191], Current Cost = 79328.00, Rho = 1.000
(iter 250) [0.0, 1.2364, 1.5191] = 456.2351, sampling [0.0, -1.1730, 1.2259]. Recommendation = [0.0, 1.2364, 1.5191], Current Cost = 79329.00, Rho = 1.000
(iter 250) [0.0, 1.2364, 1.5191] = 456.2351, sampling [0.0, -0.8535, 0.9463]. Recommendation = [0.0, 1.2364, 1.5191], Current Cost = 80329.00, Rho = 1.000
(iter 250) [0.0, 1.2364, 1.5191] = 456.2351, sampling [1.0, 0.9180, 1.8194]. Recommendation = [0.0, 1.2364, 1.5191], Current Cost = 81329.00, Rho = 1.000
(iter 250) [0.0, 1.2364, 1.5191] = 456.2351, sampling [0.0, 0.4306, 0.0211]. Recommendation = [0.0, 1.2364, 1.5191], Current Cost = 81330.00, Rho = 1.000
(iter 250) [0.0, 1.2364, 1.5191] = 456.2351, sampling [1.0, -0.7602, -0.6761]. Recommendation = [0.0, 1.2364, 1.5191], Current Cost = 82330.00, Rho = 1.000
(iter 250) [0.0, 1.2364, 1.5191] = 456.2351, sampling [1.0, 0.8684, -0.3628]. Recommendation = [0.0, 1.2364, 1.5191], Current Cost = 82331.00, Rho = 1.000
(iter 250) [0.0, 1.2364, 1.5191] = 456.2351, sampling [0.0, -0.5930, 0.1886]. Recommendation = [0.0, 1.2364, 1.5191], Current Cost = 82332.00, Rho = 1.000
(iter 250) [0.0, 1.2364, 1.5191] = 456.2351, sampling [1.0, -0.7402, 1.5273]. Recommendation = [0.0, 1.2364, 1.5191], Current Cost = 83332.00, Rho = 1.000
(iter 250) [0.0, 1.2364, 1.5191] = 456.2351, sampling [1.0, 0.7961, 1.5790]. Recommendation = [0.0, 1.2364, 1.5191], Current Cost = 83333.00, Rho = 1.000
(iter 250) [0.0, 1.2364, 1.5191] = 456.2351, sampling [1.0, -0.8957, -0.1041]. Recommendation = [0.0, 1.2364, 1.5191], Current Cost = 83334.00, Rho = 1.000
(iter 250) [0.0, 1.2364, 1.5191] = 456.2351, sampling [0.0, 0.9976, 1.2679]. Recommendation = [0.0, 1.2364, 1.5191], Current Cost = 83335.00, Rho = 1.000
(iter 250) [0.0, 1.2364, 1.5191] = 456.2351, sampling [0.0, -1.3927, 1.8241]. Recommendation = [0.0, 1.2364, 1.5191], Current Cost = 84335.00, Rho = 1.000
(iter 250) [0.0, 1.2364, 1.5191] = 456.2351, sampling [1.0, -0.2517, -1.0417]. Recommendation = [0.0, 1.2364, 1.5191], Current Cost = 85335.00, Rho = 1.000
(iter 250) [0.0, 1.2364, 1.5191] = 456.2351, sampling [0.0, -1.2701, 1.7568]. Recommendation = [0.0, 1.2364, 1.5191], Current Cost = 85336.00, Rho = 1.000
(iter 250) [0.0, 1.2364, 1.5191] = 456.2351, sampling [1.0, -1.5372, 1.1893]. Recommendation = [0.0, 1.2364, 1.5191], Current Cost = 86336.00, Rho = 1.000
(iter 250) [0.0, 1.2364, 1.5191] = 456.2351, sampling [1.0, 1.6680, 1.4091]. Recommendation = [0.0, 1.2364, 1.5191], Current Cost = 86337.00, Rho = 1.000
(iter 250) [0.0, 1.2364, 1.5191] = 456.2351, sampling [0.0, 0.4705, 0.0316]. Recommendation = [0.0, 1.2364, 1.5191], Current Cost = 86338.00, Rho = 1.000
(iter 250) [0.0, 1.2364, 1.5191] = 456.2351, sampling [1.0, -1.0361, 0.3090]. Recommendation = [0.0, 1.2364, 1.5191], Current Cost = 87338.00, Rho = 1.000
(iter 250) [0.0, 1.2364, 1.5191] = 456.2351, sampling [0.0, -1.0025, 1.0375]. Recommendation = [0.0, 1.2364, 1.5191], Current Cost = 87339.00, Rho = 1.000
(iter 250) [0.0, 1.2364, 1.5191] = 456.2351, sampling [1.0, -1.0667, 1.8438]. Recommendation = [0.0, 1.2364, 1.5191], Current Cost = 88339.00, Rho = 1.000
(iter 250) [0.0, 1.2364, 1.5191] = 456.2351, sampling [1.0, 1.3925, 1.1051]. Recommendation = [0.0, 1.2364, 1.5191], Current Cost = 88340.00, Rho = 1.000
(iter 250) [0.0, 1.2364, 1.5191] = 456.2351, sampling [0.0, -0.9721, 0.7662]. Recommendation = [0.0, 1.2364, 1.5191], Current Cost = 88341.00, Rho = 1.000
(iter 250) [0.0, 1.2364, 1.5191] = 456.2351, sampling [1.0, 0.4751, -0.8139]. Recommendation = [0.0, 1.2364, 1.5191], Current Cost = 89341.00, Rho = 1.000
(iter 250) [0.0, 1.2364, 1.5191] = 456.2351, sampling [1.0, -1.1025, 0.5539]. Recommendation = [0.0, 1.2364, 1.5191], Current Cost = 89342.00, Rho = 1.000
(iter 250) [0.0, 1.2364, 1.5191] = 456.2351, sampling [1.0, 1.2775, 0.7624]. Recommendation = [0.0, 1.2364, 1.5191], Current Cost = 89343.00, Rho = 1.000
(iter 250) [0.0, 1.2364, 1.5191] = 456.2351, sampling [1.0, -0.1237, 1.6268]. Recommendation = [0.0, 1.2364, 1.5191], Current Cost = 89344.00, Rho = 1.000
(iter 250) [0.0, 1.2364, 1.5191] = 456.2351, sampling [1.0, 1.4223, 0.8766]. Recommendation = [0.0, 1.2364, 1.5191], Current Cost = 89345.00, Rho = 1.000
(iter 250) [0.0, 1.2364, 1.5191] = 456.2351, sampling [1.0, 0.1123, -0.7277]. Recommendation = [0.0, 1.2364, 1.5191], Current Cost = 89346.00, Rho = 1.000
(iter 250) [0.0, 1.2364, 1.5191] = 456.2351, sampling [0.0, -0.4010, 0.4343]. Recommendation = [0.0, 1.2364, 1.5191], Current Cost = 89347.00, Rho = 1.000
(iter 250) [0.0, 1.2364, 1.5191] = 456.2351, sampling [1.0, -1.1821, 0.3550]. Recommendation = [0.0, 1.2364, 1.5191], Current Cost = 90347.00, Rho = 1.000
(iter 250) [0.0, 1.2364, 1.5191] = 456.2351, sampling [0.0, -0.7896, 0.4420]. Recommendation = [0.0, 1.2364, 1.5191], Current Cost = 90348.00, Rho = 1.000
(iter 250) [0.0, 1.2364, 1.5191] = 456.2351, sampling [1.0, -0.8790, -0.3550]. Recommendation = [0.0, 1.2364, 1.5191], Current Cost = 91348.00, Rho = 1.000
(iter 250) [0.0, 1.2364, 1.5191] = 456.2351, sampling [1.0, -0.4628, -0.5160]. Recommendation = [0.0, 1.2364, 1.5191], Current Cost = 91349.00, Rho = 1.000
(iter 250) [0.0, 1.2364, 1.5191] = 456.2351, sampling [0.0, 0.4500, 0.5061]. Recommendation = [0.0, 1.2364, 1.5191], Current Cost = 91350.00, Rho = 1.000
(iter 250) [0.0, 1.2364, 1.5191] = 456.2351, sampling [1.0, 1.1892, 0.3941]. Recommendation = [0.0, 1.2364, 1.5191], Current Cost = 92350.00, Rho = 1.000
(iter 250) [0.0, 1.2364, 1.5191] = 456.2351, sampling [1.0, 1.0395, 1.8780]. Recommendation = [0.0, 1.2364, 1.5191], Current Cost = 92351.00, Rho = 1.000
(iter 250) [0.0, 1.2364, 1.5191] = 456.2351, sampling [1.0, 0.9228, 1.9825]. Recommendation = [0.0, 1.2364, 1.5191], Current Cost = 92352.00, Rho = 1.000
(iter 250) [0.0, 1.2364, 1.5191] = 456.2351, sampling [1.0, -0.4811, -1.4182]. Recommendation = [0.0, 1.2364, 1.5191], Current Cost = 92353.00, Rho = 1.000
(iter 250) [0.0, 1.2364, 1.5191] = 456.2351, sampling [1.0, 0.7082, 1.5200]. Recommendation = [0.0, 1.2364, 1.5191], Current Cost = 92354.00, Rho = 1.000
(iter 250) [0.0, 1.2364, 1.5191] = 456.2351, sampling [0.0, 0.5142, 0.0068]. Recommendation = [0.0, 1.2364, 1.5191], Current Cost = 92355.00, Rho = 1.000
(iter 250) [0.0, 1.2364, 1.5191] = 456.2351, sampling [1.0, 0.2990, -1.0070]. Recommendation = [0.0, 1.2364, 1.5191], Current Cost = 93355.00, Rho = 1.000
(iter 250) [0.0, 1.2364, 1.5191] = 456.2351, sampling [1.0, -1.0887, 0.6209]. Recommendation = [0.0, 1.2364, 1.5191], Current Cost = 93356.00, Rho = 1.000
(iter 250) [0.0, 1.2364, 1.5191] = 456.2351, sampling [1.0, -0.8035, 1.6668]. Recommendation = [0.0, 1.2364, 1.5191], Current Cost = 93357.00, Rho = 1.000
(iter 250) [0.0, 1.2364, 1.5191] = 456.2351, sampling [1.0, -0.7252, 1.4055]. Recommendation = [0.0, 1.2364, 1.5191], Current Cost = 93358.00, Rho = 1.000
(iter 250) [0.0, 1.2364, 1.5191] = 456.2351, sampling [1.0, -0.2868, -0.9158]. Recommendation = [0.0, 1.2364, 1.5191], Current Cost = 93359.00, Rho = 1.000
(iter 250) [0.0, 1.2364, 1.5191] = 456.2351, sampling [0.0, -0.6727, 0.2142]. Recommendation = [0.0, 1.2364, 1.5191], Current Cost = 93360.00, Rho = 1.000
(iter 250) [0.0, 1.2364, 1.5191] = 456.2351, sampling [1.0, 1.0141, 0.1596]. Recommendation = [0.0, 1.2364, 1.5191], Current Cost = 94360.00, Rho = 1.000
(iter 250) [0.0, 1.2364, 1.5191] = 456.2351, sampling [1.0, 0.1392, -0.9884]. Recommendation = [0.0, 1.2364, 1.5191], Current Cost = 94361.00, Rho = 1.000
(iter 250) [0.0, 1.2364, 1.5191] = 456.2351, sampling [0.0, -0.1500, -0.2741]. Recommendation = [0.0, 1.2364, 1.5191], Current Cost = 94362.00, Rho = 1.000
(iter 250) [0.0, 1.2364, 1.5191] = 456.2351, sampling [1.0, 1.7778, 0.1619]. Recommendation = [0.0, 1.2364, 1.5191], Current Cost = 95362.00, Rho = 1.000
(iter 250) [0.0, 1.2364, 1.5191] = 456.2351, sampling [1.0, -0.2022, 0.8531]. Recommendation = [0.0, 1.2364, 1.5191], Current Cost = 95363.00, Rho = 1.000
(iter 250) [0.0, 1.2364, 1.5191] = 456.2351, sampling [1.0, -0.6035, -0.5826]. Recommendation = [0.0, 1.2364, 1.5191], Current Cost = 95364.00, Rho = 1.000
(iter 250) [0.0, 1.2364, 1.5191] = 456.2351, sampling [1.0, -1.9242, 1.4333]. Recommendation = [0.0, 1.2364, 1.5191], Current Cost = 95365.00, Rho = 1.000
(iter 250) [0.0, 1.2364, 1.5191] = 456.2351, sampling [0.0, -0.9149, 1.0654]. Recommendation = [0.0, 1.2364, 1.5191], Current Cost = 95366.00, Rho = 1.000
(iter 250) [0.0, 1.2364, 1.5191] = 456.2351, sampling [1.0, 0.5020, -0.6999]. Recommendation = [0.0, 1.2364, 1.5191], Current Cost = 96366.00, Rho = 1.000
(iter 250) [0.0, 1.2364, 1.5191] = 456.2351, sampling [0.0, 1.1153, 1.5825]. Recommendation = [0.0, 1.2364, 1.5191], Current Cost = 96367.00, Rho = 1.000
(iter 250) [0.0, 1.2364, 1.5191] = 456.2351, sampling [0.0, -0.4396, -0.1373]. Recommendation = [0.0, 1.2364, 1.5191], Current Cost = 97367.00, Rho = 1.000
(iter 250) [0.0, 1.2364, 1.5191] = 456.2351, sampling [1.0, 0.2894, 1.3399]. Recommendation = [0.0, 1.2364, 1.5191], Current Cost = 98367.00, Rho = 1.000
(iter 250) [0.0, 1.2364, 1.5191] = 456.2351, sampling [0.0, 1.0309, 1.3773]. Recommendation = [0.0, 1.2364, 1.5191], Current Cost = 98368.00, Rho = 1.000
(iter 250) [0.0, 1.2364, 1.5191] = 456.2351, sampling [1.0, 0.0761, -1.2402]. Recommendation = [0.0, 1.2364, 1.5191], Current Cost = 99368.00, Rho = 1.000
(iter 250) [0.0, 1.2364, 1.5191] = 456.2351, sampling [1.0, -1.3666, 0.4980]. Recommendation = [0.0, 1.2364, 1.5191], Current Cost = 99369.00, Rho = 1.000
(iter 250) [0.0, 1.2364, 1.5191] = 456.2351, sampling [0.0, -0.1348, 0.3074]. Recommendation = [0.0, 1.2364, 1.5191], Current Cost = 99370.00, Rho = 1.000
