(iter 10) [0.0, -0.6456, -0.2516] = 408.9245, sampling [1.0, -0.1976, 0.0449]. Recommendation = [0.0, -0.6456, -0.2516], Current Cost = 5005.00, Rho = 1.000
(iter 10) [0.0, -0.6456, -0.2516] = 408.9245, sampling [1.0, 0.0555, 0.3330]. Recommendation = [0.0, -0.1976, 0.0449], Current Cost = 5006.00, Rho = 1.000
(iter 10) [0.0, -0.6456, -0.2516] = 408.9245, sampling [1.0, -0.1910, 0.3267]. Recommendation = [0.0, -0.1976, 0.0449], Current Cost = 5007.00, Rho = 1.000
(iter 10) [0.0, -0.6456, -0.2516] = 408.9245, sampling [1.0, -0.4458, -0.0754]. Recommendation = [0.0, -0.1976, 0.0449], Current Cost = 5008.00, Rho = 1.000
(iter 10) [0.0, -0.6456, -0.2516] = 408.9245, sampling [1.0, 0.1370, -0.0335]. Recommendation = [0.0, -0.1976, 0.0449], Current Cost = 5009.00, Rho = 1.000
(iter 10) [0.0, -0.6456, -0.2516] = 408.9245, sampling [1.0, -0.0091, 0.0943]. Recommendation = [0.0, -0.0091, 0.0943], Current Cost = 5010.00, Rho = 1.000
(iter 10) [0.0, -0.6456, -0.2516] = 408.9245, sampling [1.0, -0.2164, -0.1368]. Recommendation = [0.0, -0.1976, 0.0449], Current Cost = 5011.00, Rho = 1.000
(iter 10) [0.0, -0.6456, -0.2516] = 408.9245, sampling [1.0, 0.3700, 0.4074]. Recommendation = [0.0, -0.1976, 0.0449], Current Cost = 5012.00, Rho = 1.000
(iter 10) [0.0, -0.6456, -0.2516] = 408.9245, sampling [1.0, 0.2535, 0.2436]. Recommendation = [0.0, -0.1976, 0.0449], Current Cost = 5013.00, Rho = 1.000
(iter 10) [0.0, -0.6456, -0.2516] = 408.9245, sampling [1.0, 0.1404, 0.5503]. Recommendation = [0.0, -0.1976, 0.0449], Current Cost = 5014.00, Rho = 1.000
(iter 10) [0.0, -0.6456, -0.2516] = 408.9245, sampling [1.0, -0.3523, 0.1971]. Recommendation = [0.0, -0.1976, 0.0449], Current Cost = 5015.00, Rho = 1.000
(iter 10) [0.0, -0.6456, -0.2516] = 408.9245, sampling [1.0, -0.1088, -0.0507]. Recommendation = [0.0, -0.2664, 0.1412], Current Cost = 5016.00, Rho = 1.000
(iter 10) [0.0, -0.6456, -0.2516] = 408.9245, sampling [1.0, -0.1386, 0.5281]. Recommendation = [0.0, -0.2664, 0.1412], Current Cost = 5017.00, Rho = 1.000
(iter 10) [0.0, -0.6456, -0.2516] = 408.9245, sampling [1.0, 0.0975, 0.1633]. Recommendation = [0.0, -0.2664, 0.1412], Current Cost = 5018.00, Rho = 1.000
(iter 10) [0.0, -0.6456, -0.2516] = 408.9245, sampling [1.0, 0.0286, -0.2300]. Recommendation = [0.0, -0.2664, 0.1412], Current Cost = 5019.00, Rho = 1.000
(iter 10) [0.0, -0.6456, -0.2516] = 408.9245, sampling [1.0, 0.5490, -0.0604]. Recommendation = [0.0, -0.2664, 0.1412], Current Cost = 5020.00, Rho = 1.000
(iter 10) [0.0, -0.6456, -0.2516] = 408.9245, sampling [1.0, 0.2573, 0.0087]. Recommendation = [0.0, -0.2664, 0.1412], Current Cost = 5021.00, Rho = 1.000
(iter 10) [0.0, -0.6456, -0.2516] = 408.9245, sampling [1.0, 0.5109, 0.2953]. Recommendation = [0.0, -0.2664, 0.1412], Current Cost = 5022.00, Rho = 1.000
(iter 10) [0.0, -0.6456, -0.2516] = 408.9245, sampling [1.0, -0.3731, -0.2747]. Recommendation = [0.0, -0.2664, 0.1412], Current Cost = 5023.00, Rho = 1.000
(iter 10) [0.0, -0.6456, -0.2516] = 408.9245, sampling [1.0, 0.6726, 0.5099]. Recommendation = [0.0, -0.2664, 0.1412], Current Cost = 5024.00, Rho = 1.000
(iter 10) [0.0, -0.6456, -0.2516] = 408.9245, sampling [1.0, 0.4087, 0.5799]. Recommendation = [0.0, -0.2664, 0.1412], Current Cost = 5025.00, Rho = 1.000
(iter 10) [0.0, -0.6456, -0.2516] = 408.9245, sampling [1.0, 0.7374, 0.2481]. Recommendation = [0.0, -0.2664, 0.1412], Current Cost = 5026.00, Rho = 1.000
(iter 10) [0.0, -0.6456, -0.2516] = 408.9245, sampling [1.0, -0.2664, 0.1412]. Recommendation = [0.0, -0.2664, 0.1412], Current Cost = 5027.00, Rho = 1.000
(iter 10) [0.0, -0.6456, -0.2516] = 408.9245, sampling [1.0, -0.0356, 0.2133]. Recommendation = [0.0, -0.1976, 0.0449], Current Cost = 5028.00, Rho = 1.000
(iter 10) [0.0, -0.6456, -0.2516] = 408.9245, sampling [1.0, -0.3274, -0.1523]. Recommendation = [0.0, -0.1976, 0.0449], Current Cost = 5029.00, Rho = 1.000
(iter 10) [0.0, -0.6456, -0.2516] = 408.9245, sampling [1.0, 0.3231, -0.2830]. Recommendation = [0.0, -0.1976, 0.0449], Current Cost = 5030.00, Rho = 1.000
(iter 10) [0.0, -0.6456, -0.2516] = 408.9245, sampling [1.0, -0.1552, -0.2651]. Recommendation = [0.0, -0.1976, 0.0449], Current Cost = 5031.00, Rho = 1.000
(iter 10) [0.0, -0.6456, -0.2516] = 408.9245, sampling [1.0, -0.5196, 0.0585]. Recommendation = [0.0, -0.1976, 0.0449], Current Cost = 5032.00, Rho = 1.000
(iter 10) [0.0, -0.6456, -0.2516] = 408.9245, sampling [1.0, 0.5966, 0.7420]. Recommendation = [0.0, -0.1976, 0.0449], Current Cost = 5033.00, Rho = 1.000
(iter 10) [0.0, -0.6456, -0.2516] = 408.9245, sampling [1.0, 0.3005, 0.7575]. Recommendation = [0.0, -0.1976, 0.0449], Current Cost = 5034.00, Rho = 1.000
(iter 10) [0.0, -0.6456, -0.2516] = 408.9245, sampling [1.0, -0.3819, 0.3884]. Recommendation = [0.0, -0.1976, 0.0449], Current Cost = 5035.00, Rho = 1.000
(iter 10) [0.0, -0.6456, -0.2516] = 408.9245, sampling [1.0, -0.4406, 0.1676]. Recommendation = [0.0, -0.1976, 0.0449], Current Cost = 5036.00, Rho = 1.000
(iter 10) [0.0, -0.6456, -0.2516] = 408.9245, sampling [1.0, 0.1787, -0.2242]. Recommendation = [0.0, -0.1976, 0.0449], Current Cost = 5037.00, Rho = 1.000
(iter 10) [0.0, -0.6456, -0.2516] = 408.9245, sampling [1.0, 0.1865, 0.4260]. Recommendation = [0.0, -0.1976, 0.0449], Current Cost = 5038.00, Rho = 1.000
(iter 10) [0.0, -0.6456, -0.2516] = 408.9245, sampling [1.0, -0.0526, 0.3548]. Recommendation = [0.0, -0.1976, 0.0449], Current Cost = 5039.00, Rho = 1.000
(iter 10) [0.0, -0.6456, -0.2516] = 408.9245, sampling [1.0, 0.8767, 0.5358]. Recommendation = [0.0, -0.1976, 0.0449], Current Cost = 5040.00, Rho = 1.000
(iter 10) [0.0, -0.6456, -0.2516] = 408.9245, sampling [1.0, -0.5699, -0.1655]. Recommendation = [0.0, -0.1976, 0.0449], Current Cost = 5041.00, Rho = 1.000
(iter 10) [0.0, -0.6456, -0.2516] = 408.9245, sampling [1.0, 0.3989, -0.1572]. Recommendation = [0.0, -0.1976, 0.0449], Current Cost = 5042.00, Rho = 1.000
(iter 10) [0.0, -0.6456, -0.2516] = 408.9245, sampling [1.0, 0.8433, -0.0878]. Recommendation = [0.0, -0.1976, 0.0449], Current Cost = 5043.00, Rho = 1.000
(iter 10) [0.0, -0.6456, -0.2516] = 408.9245, sampling [1.0, 0.7516, 0.3978]. Recommendation = [0.0, -0.1976, 0.0449], Current Cost = 5044.00, Rho = 1.000
(iter 10) [0.0, -0.6456, -0.2516] = 408.9245, sampling [1.0, 0.4668, 0.4018]. Recommendation = [0.0, -0.1976, 0.0449], Current Cost = 5045.00, Rho = 1.000
(iter 10) [0.0, -0.6456, -0.2516] = 408.9245, sampling [1.0, 0.7218, 0.6540]. Recommendation = [0.0, -0.1976, 0.0449], Current Cost = 5046.00, Rho = 1.000
(iter 10) [0.0, -0.6456, -0.2516] = 408.9245, sampling [1.0, -0.1216, 0.2699]. Recommendation = [0.0, -0.1976, 0.0449], Current Cost = 5047.00, Rho = 1.000
(iter 10) [0.0, -0.6456, -0.2516] = 408.9245, sampling [1.0, -0.4389, -0.2168]. Recommendation = [0.0, -0.1976, 0.0449], Current Cost = 5048.00, Rho = 1.000
(iter 10) [0.0, -0.6456, -0.2516] = 408.9245, sampling [1.0, -0.3795, 0.2601]. Recommendation = [0.0, -0.1976, 0.0449], Current Cost = 5049.00, Rho = 1.000
(iter 10) [0.0, -0.6456, -0.2516] = 408.9245, sampling [1.0, 0.6558, 0.1905]. Recommendation = [0.0, -0.1976, 0.0449], Current Cost = 5050.00, Rho = 1.000
(iter 10) [0.0, -0.6456, -0.2516] = 408.9245, sampling [1.0, 0.0715, -0.3837]. Recommendation = [0.0, -0.1976, 0.0449], Current Cost = 5051.00, Rho = 1.000
(iter 10) [0.0, -0.6456, -0.2516] = 408.9245, sampling [1.0, -0.0238, 0.6119]. Recommendation = [0.0, -0.1976, 0.0449], Current Cost = 5052.00, Rho = 1.000
(iter 10) [0.0, -0.6456, -0.2516] = 408.9245, sampling [1.0, -0.4917, -0.0242]. Recommendation = [0.0, -0.1976, 0.0449], Current Cost = 5053.00, Rho = 1.000
(iter 10) [0.0, -0.6456, -0.2516] = 408.9245, sampling [1.0, 0.8343, 0.8372]. Recommendation = [0.0, -0.1976, 0.0449], Current Cost = 5054.00, Rho = 1.000
(iter 10) [0.0, -0.6456, -0.2516] = 408.9245, sampling [1.0, 0.6294, 0.9417]. Recommendation = [0.0, -0.1976, 0.0449], Current Cost = 5055.00, Rho = 1.000
(iter 10) [0.0, -0.6456, -0.2516] = 408.9245, sampling [1.0, 0.9660, 0.3318]. Recommendation = [0.0, -0.1976, 0.0449], Current Cost = 5056.00, Rho = 1.000
(iter 10) [0.0, -0.6456, -0.2516] = 408.9245, sampling [1.0, -0.5428, 0.3011]. Recommendation = [0.0, -0.1976, 0.0449], Current Cost = 5057.00, Rho = 1.000
(iter 10) [0.0, -0.6456, -0.2516] = 408.9245, sampling [1.0, -0.4258, 0.5169]. Recommendation = [0.0, -0.1976, 0.0449], Current Cost = 5058.00, Rho = 1.000
(iter 10) [0.0, -0.6456, -0.2516] = 408.9245, sampling [1.0, -0.2445, 0.6200]. Recommendation = [0.0, -0.1976, 0.0449], Current Cost = 5059.00, Rho = 1.000
(iter 10) [0.0, -0.6456, -0.2516] = 408.9245, sampling [1.0, -0.5118, 0.2250]. Recommendation = [0.0, -0.1976, 0.0449], Current Cost = 5060.00, Rho = 1.000
(iter 10) [0.0, -0.6456, -0.2516] = 408.9245, sampling [1.0, -0.1271, -0.0994]. Recommendation = [0.0, -0.1976, 0.0449], Current Cost = 5061.00, Rho = 1.000
(iter 10) [0.0, -0.6456, -0.2516] = 408.9245, sampling [1.0, 0.2642, 0.3747]. Recommendation = [0.0, -0.1976, 0.0449], Current Cost = 5062.00, Rho = 1.000
(iter 10) [0.0, -0.6456, -0.2516] = 408.9245, sampling [1.0, 0.2625, 0.5472]. Recommendation = [0.0, -0.1976, 0.0449], Current Cost = 5063.00, Rho = 1.000
(iter 10) [0.0, -0.6456, -0.2516] = 408.9245, sampling [1.0, -0.2070, 0.4795]. Recommendation = [0.0, -0.1976, 0.0449], Current Cost = 5064.00, Rho = 1.000
(iter 10) [0.0, -0.6456, -0.2516] = 408.9245, sampling [1.0, 1.0124, 0.6121]. Recommendation = [0.0, -0.1976, 0.0449], Current Cost = 5065.00, Rho = 1.000
(iter 10) [0.0, -0.6456, -0.2516] = 408.9245, sampling [1.0, -0.5918, -0.0565]. Recommendation = [0.0, -0.1976, 0.0449], Current Cost = 5066.00, Rho = 1.000
(iter 10) [0.0, -0.6456, -0.2516] = 408.9245, sampling [1.0, -0.2331, -0.3260]. Recommendation = [0.0, -0.1976, 0.0449], Current Cost = 5067.00, Rho = 1.000
(iter 10) [0.0, -0.6456, -0.2516] = 408.9245, sampling [1.0, -0.5256, 0.4132]. Recommendation = [0.0, -0.1976, 0.0449], Current Cost = 5068.00, Rho = 1.000
(iter 10) [0.0, -0.6456, -0.2516] = 408.9245, sampling [1.0, 0.0893, 0.4553]. Recommendation = [0.0, -0.1976, 0.0449], Current Cost = 5069.00, Rho = 1.000
(iter 10) [0.0, -0.6456, -0.2516] = 408.9245, sampling [1.0, -0.1580, -0.0651]. Recommendation = [0.0, -0.1976, 0.0449], Current Cost = 5070.00, Rho = 1.000
(iter 10) [0.0, -0.6456, -0.2516] = 408.9245, sampling [1.0, -0.3446, 0.4483]. Recommendation = [0.0, -0.1976, 0.0449], Current Cost = 5071.00, Rho = 1.000
(iter 10) [0.0, -0.6456, -0.2516] = 408.9245, sampling [1.0, 0.3915, -0.4824]. Recommendation = [0.0, -0.1976, 0.0449], Current Cost = 5072.00, Rho = 1.000
(iter 10) [0.0, -0.6456, -0.2516] = 408.9245, sampling [1.0, 0.9602, 0.7954]. Recommendation = [0.0, -0.1976, 0.0449], Current Cost = 5073.00, Rho = 1.000
(iter 10) [0.0, -0.6456, -0.2516] = 408.9245, sampling [1.0, 0.1354, 0.1772]. Recommendation = [0.0, -0.1976, 0.0449], Current Cost = 5074.00, Rho = 1.000
(iter 10) [0.0, -0.6456, -0.2516] = 408.9245, sampling [1.0, -0.0313, -0.3768]. Recommendation = [0.0, -0.1976, 0.0449], Current Cost = 5075.00, Rho = 1.000
(iter 10) [0.0, -0.6456, -0.2516] = 408.9245, sampling [1.0, 0.4890, -0.2476]. Recommendation = [0.0, -0.1976, 0.0449], Current Cost = 5076.00, Rho = 1.000
(iter 10) [0.0, -0.6456, -0.2516] = 408.9245, sampling [1.0, 0.4456, 0.4691]. Recommendation = [0.0, -0.1976, 0.0449], Current Cost = 5077.00, Rho = 1.000
(iter 10) [0.0, -0.6456, -0.2516] = 408.9245, sampling [1.0, 0.4169, 1.1244]. Recommendation = [0.0, -0.1976, 0.0449], Current Cost = 5078.00, Rho = 1.000
(iter 10) [0.0, -0.6456, -0.2516] = 408.9245, sampling [1.0, 0.0957, 0.7068]. Recommendation = [0.0, -0.1976, 0.0449], Current Cost = 5079.00, Rho = 1.000
(iter 10) [0.0, -0.6456, -0.2516] = 408.9245, sampling [1.0, -0.3925, 0.7556]. Recommendation = [0.0, -0.1976, 0.0449], Current Cost = 5080.00, Rho = 1.000
(iter 10) [0.0, -0.6456, -0.2516] = 408.9245, sampling [1.0, 0.5068, 0.7671]. Recommendation = [0.0, -0.1976, 0.0449], Current Cost = 5081.00, Rho = 1.000
(iter 10) [0.0, -0.6456, -0.2516] = 408.9245, sampling [1.0, 0.7883, 0.5078]. Recommendation = [0.0, -0.1976, 0.0449], Current Cost = 5082.00, Rho = 1.000
(iter 10) [0.0, -0.6456, -0.2516] = 408.9245, sampling [1.0, 0.9201, 1.0864]. Recommendation = [0.0, -0.1976, 0.0449], Current Cost = 5083.00, Rho = 1.000
(iter 10) [0.0, -0.6456, -0.2516] = 408.9245, sampling [1.0, 1.0026, 0.9606]. Recommendation = [0.0, -0.1976, 0.0449], Current Cost = 5084.00, Rho = 1.000
(iter 10) [0.0, -0.6456, -0.2516] = 408.9245, sampling [1.0, 0.8539, 0.9252]. Recommendation = [0.0, -0.1976, 0.0449], Current Cost = 5085.00, Rho = 1.000
(iter 10) [0.0, -0.6456, -0.2516] = 408.9245, sampling [1.0, 1.1523, 0.7869]. Recommendation = [0.0, -0.1976, 0.0449], Current Cost = 5086.00, Rho = 1.000
(iter 10) [0.0, -0.6456, -0.2516] = 408.9245, sampling [1.0, -0.3142, -0.1902]. Recommendation = [0.0, -0.1976, 0.0449], Current Cost = 5087.00, Rho = 1.000
(iter 10) [0.0, -0.6456, -0.2516] = 408.9245, sampling [1.0, -0.7133, 0.1312]. Recommendation = [0.0, -0.1976, 0.0449], Current Cost = 5088.00, Rho = 1.000
(iter 10) [0.0, -0.6456, -0.2516] = 408.9245, sampling [1.0, -0.6413, 0.3072]. Recommendation = [0.0, -0.1976, 0.0449], Current Cost = 5089.00, Rho = 1.000
(iter 10) [0.0, -0.6456, -0.2516] = 408.9245, sampling [1.0, -0.5624, 0.6438]. Recommendation = [0.0, -0.1976, 0.0449], Current Cost = 5090.00, Rho = 1.000
(iter 10) [0.0, -0.6456, -0.2516] = 408.9245, sampling [1.0, -0.6930, 0.5366]. Recommendation = [0.0, -0.1976, 0.0449], Current Cost = 5091.00, Rho = 1.000
(iter 10) [0.0, -0.6456, -0.2516] = 408.9245, sampling [1.0, -0.5874, 0.4472]. Recommendation = [0.0, -0.1976, 0.0449], Current Cost = 5092.00, Rho = 1.000
(iter 10) [0.0, -0.6456, -0.2516] = 408.9245, sampling [1.0, 0.0789, 0.2986]. Recommendation = [0.0, -0.1976, 0.0449], Current Cost = 5093.00, Rho = 1.000
(iter 10) [0.0, -0.6456, -0.2516] = 408.9245, sampling [1.0, 0.7053, 1.0911]. Recommendation = [0.0, -0.1976, 0.0449], Current Cost = 5094.00, Rho = 1.000
(iter 10) [0.0, -0.6456, -0.2516] = 408.9245, sampling [1.0, 0.6765, 0.7449]. Recommendation = [0.0, -0.1976, 0.0449], Current Cost = 5095.00, Rho = 1.000
(iter 10) [0.0, -0.6456, -0.2516] = 408.9245, sampling [1.0, -0.2535, 0.9477]. Recommendation = [0.0, -0.1976, 0.0449], Current Cost = 5096.00, Rho = 1.000
(iter 10) [0.0, -0.6456, -0.2516] = 408.9245, sampling [1.0, -0.1328, 0.6821]. Recommendation = [0.0, -0.1976, 0.0449], Current Cost = 5097.00, Rho = 1.000
(iter 10) [0.0, -0.6456, -0.2516] = 408.9245, sampling [1.0, -0.3067, -0.2719]. Recommendation = [0.0, -0.1976, 0.0449], Current Cost = 5098.00, Rho = 1.000
(iter 10) [0.0, -0.6456, -0.2516] = 408.9245, sampling [1.0, -0.1784, -0.1103]. Recommendation = [0.0, -0.1976, 0.0449], Current Cost = 5099.00, Rho = 1.000
(iter 10) [0.0, -0.6456, -0.2516] = 408.9245, sampling [1.0, -0.1189, -0.4874]. Recommendation = [0.0, -0.1976, 0.0449], Current Cost = 5100.00, Rho = 1.000
(iter 10) [0.0, -0.6456, -0.2516] = 408.9245, sampling [1.0, 0.8226, 0.0905]. Recommendation = [0.0, -0.1976, 0.0449], Current Cost = 5101.00, Rho = 1.000
(iter 10) [0.0, -0.6456, -0.2516] = 408.9245, sampling [1.0, -0.6156, 0.3819]. Recommendation = [0.0, -0.1976, 0.0449], Current Cost = 5102.00, Rho = 1.000
(iter 10) [0.0, -0.6456, -0.2516] = 408.9245, sampling [1.0, -0.1726, 0.3624]. Recommendation = [0.0, -0.1976, 0.0449], Current Cost = 5103.00, Rho = 1.000
(iter 10) [0.0, -0.6456, -0.2516] = 408.9245, sampling [1.0, 1.2492, 0.3206]. Recommendation = [0.0, -0.1976, 0.0449], Current Cost = 5104.00, Rho = 1.000
(iter 10) [0.0, -0.6456, -0.2516] = 408.9245, sampling [1.0, -0.5135, 0.3661]. Recommendation = [0.0, -0.1976, 0.0449], Current Cost = 5105.00, Rho = 1.000
(iter 10) [0.0, -0.6456, -0.2516] = 408.9245, sampling [1.0, 0.2210, -0.5916]. Recommendation = [0.0, -0.1976, 0.0449], Current Cost = 5106.00, Rho = 1.000
(iter 10) [0.0, -0.6456, -0.2516] = 408.9245, sampling [1.0, -0.2399, -0.1268]. Recommendation = [0.0, -0.1976, 0.0449], Current Cost = 5107.00, Rho = 1.000
(iter 10) [0.0, -0.6456, -0.2516] = 408.9245, sampling [1.0, 0.6329, -0.3929]. Recommendation = [0.0, -0.1976, 0.0449], Current Cost = 5108.00, Rho = 1.000
(iter 10) [0.0, -0.6456, -0.2516] = 408.9245, sampling [1.0, -0.4991, 0.0072]. Recommendation = [0.0, -0.1976, 0.0449], Current Cost = 5109.00, Rho = 1.000
(iter 10) [0.0, -0.6456, -0.2516] = 408.9245, sampling [1.0, 0.2711, 0.6298]. Recommendation = [0.0, -0.1976, 0.0449], Current Cost = 5110.00, Rho = 1.000
(iter 10) [0.0, -0.6456, -0.2516] = 408.9245, sampling [1.0, -0.4226, -0.3165]. Recommendation = [0.0, -0.1976, 0.0449], Current Cost = 5111.00, Rho = 1.000
(iter 10) [0.0, -0.6456, -0.2516] = 408.9245, sampling [1.0, -0.8150, 0.4435]. Recommendation = [0.0, -0.1976, 0.0449], Current Cost = 5112.00, Rho = 1.000
(iter 10) [0.0, -0.6456, -0.2516] = 408.9245, sampling [1.0, -0.7294, 0.6863]. Recommendation = [0.0, -0.1976, 0.0449], Current Cost = 5113.00, Rho = 1.000
(iter 10) [0.0, -0.6456, -0.2516] = 408.9245, sampling [1.0, -0.6191, 0.9987]. Recommendation = [0.0, -0.1976, 0.0449], Current Cost = 5114.00, Rho = 1.000
(iter 10) [0.0, -0.6456, -0.2516] = 408.9245, sampling [1.0, -0.5222, 0.8487]. Recommendation = [0.0, -0.1976, 0.0449], Current Cost = 5115.00, Rho = 1.000
(iter 10) [0.0, -0.6456, -0.2516] = 408.9245, sampling [1.0, 0.8938, 1.2891]. Recommendation = [0.0, -0.1976, 0.0449], Current Cost = 5116.00, Rho = 1.000
(iter 10) [0.0, -0.6456, -0.2516] = 408.9245, sampling [1.0, 1.0894, 1.0254]. Recommendation = [0.0, -0.1976, 0.0449], Current Cost = 5117.00, Rho = 1.000
(iter 10) [0.0, -0.6456, -0.2516] = 408.9245, sampling [1.0, 1.0472, 1.1872]. Recommendation = [0.0, -0.1976, 0.0449], Current Cost = 5118.00, Rho = 1.000
(iter 10) [0.0, -0.6456, -0.2516] = 408.9245, sampling [1.0, -0.1408, 1.4169]. Recommendation = [0.0, -0.1976, 0.0449], Current Cost = 5119.00, Rho = 1.000
(iter 10) [0.0, -0.6456, -0.2516] = 408.9245, sampling [1.0, 1.0398, 0.8632]. Recommendation = [0.0, -0.1976, 0.0449], Current Cost = 5120.00, Rho = 1.000
(iter 10) [0.0, -0.6456, -0.2516] = 408.9245, sampling [1.0, -0.2639, -0.3869]. Recommendation = [0.0, -0.1976, 0.0449], Current Cost = 5121.00, Rho = 1.000
(iter 10) [0.0, -0.6456, -0.2516] = 408.9245, sampling [1.0, 0.4490, 0.3704]. Recommendation = [0.0, -0.1976, 0.0449], Current Cost = 5122.00, Rho = 1.000
(iter 10) [0.0, -0.6456, -0.2516] = 408.9245, sampling [1.0, 0.6006, -0.1627]. Recommendation = [0.0, -0.1976, 0.0449], Current Cost = 5123.00, Rho = 1.000
(iter 10) [0.0, -0.6456, -0.2516] = 408.9245, sampling [1.0, -0.8420, 0.7698]. Recommendation = [0.0, -0.1976, 0.0449], Current Cost = 5124.00, Rho = 1.000
(iter 10) [0.0, -0.6456, -0.2516] = 408.9245, sampling [1.0, -0.8325, 0.6323]. Recommendation = [0.0, -0.1976, 0.0449], Current Cost = 5125.00, Rho = 1.000
(iter 10) [0.0, -0.6456, -0.2516] = 408.9245, sampling [1.0, 0.2352, 0.9500]. Recommendation = [0.0, -0.1976, 0.0449], Current Cost = 5126.00, Rho = 1.000
(iter 10) [0.0, -0.6456, -0.2516] = 408.9245, sampling [1.0, 0.4014, 0.4847]. Recommendation = [0.0, -0.1976, 0.0449], Current Cost = 5127.00, Rho = 1.000
(iter 10) [0.0, -0.6456, -0.2516] = 408.9245, sampling [1.0, 0.0397, -0.4611]. Recommendation = [0.0, -0.1976, 0.0449], Current Cost = 5128.00, Rho = 1.000
(iter 10) [0.0, -0.6456, -0.2516] = 408.9245, sampling [1.0, 0.0013, 0.5551]. Recommendation = [0.0, -0.1976, 0.0449], Current Cost = 5129.00, Rho = 1.000
(iter 10) [0.0, -0.6456, -0.2516] = 408.9245, sampling [1.0, -0.7730, 0.5214]. Recommendation = [0.0, -0.1976, 0.0449], Current Cost = 5130.00, Rho = 1.000
(iter 10) [0.0, -0.6456, -0.2516] = 408.9245, sampling [1.0, 0.4148, 0.8202]. Recommendation = [0.0, -0.1976, 0.0449], Current Cost = 5131.00, Rho = 1.000
(iter 10) [0.0, -0.6456, -0.2516] = 408.9245, sampling [1.0, 0.6876, 1.3026]. Recommendation = [0.0, -0.1976, 0.0449], Current Cost = 5132.00, Rho = 1.000
(iter 10) [0.0, -0.6456, -0.2516] = 408.9245, sampling [1.0, 0.4946, -0.1354]. Recommendation = [0.0, -0.1976, 0.0449], Current Cost = 5133.00, Rho = 1.000
(iter 10) [0.0, -0.6456, -0.2516] = 408.9245, sampling [1.0, -0.1858, -0.3125]. Recommendation = [0.0, -0.1976, 0.0449], Current Cost = 5134.00, Rho = 1.000
(iter 10) [0.0, -0.6456, -0.2516] = 408.9245, sampling [1.0, 0.9771, 1.1646]. Recommendation = [0.0, -0.1976, 0.0449], Current Cost = 5135.00, Rho = 1.000
(iter 10) [0.0, -0.6456, -0.2516] = 408.9245, sampling [1.0, -0.2206, 0.7357]. Recommendation = [0.0, -0.1976, 0.0449], Current Cost = 5136.00, Rho = 1.000
(iter 10) [0.0, -0.6456, -0.2516] = 408.9245, sampling [1.0, 0.7334, 0.4363]. Recommendation = [0.0, -0.1976, 0.0449], Current Cost = 5137.00, Rho = 1.000
(iter 10) [0.0, -0.6456, -0.2516] = 408.9245, sampling [1.0, -0.8974, 0.9832]. Recommendation = [0.0, -0.1976, 0.0449], Current Cost = 5138.00, Rho = 1.000
(iter 10) [0.0, -0.6456, -0.2516] = 408.9245, sampling [1.0, -0.8377, 0.8727]. Recommendation = [0.0, -0.1976, 0.0449], Current Cost = 5139.00, Rho = 1.000
(iter 10) [0.0, -0.6456, -0.2516] = 408.9245, sampling [1.0, -1.0777, 0.7919]. Recommendation = [0.0, -0.1976, 0.0449], Current Cost = 5140.00, Rho = 1.000
(iter 10) [0.0, -0.6456, -0.2516] = 408.9245, sampling [1.0, -0.9452, 0.8191]. Recommendation = [0.0, -0.1976, 0.0449], Current Cost = 5141.00, Rho = 1.000
(iter 10) [0.0, -0.6456, -0.2516] = 408.9245, sampling [1.0, -0.8668, 0.1358]. Recommendation = [0.0, -0.1976, 0.0449], Current Cost = 5142.00, Rho = 1.000
(iter 10) [0.0, -0.6456, -0.2516] = 408.9245, sampling [1.0, -0.7327, 1.2464]. Recommendation = [0.0, -0.1976, 0.0449], Current Cost = 5143.00, Rho = 1.000
(iter 10) [0.0, -0.6456, -0.2516] = 408.9245, sampling [1.0, -0.7377, 0.9877]. Recommendation = [0.0, -0.1976, 0.0449], Current Cost = 5144.00, Rho = 1.000
(iter 10) [0.0, -0.6456, -0.2516] = 408.9245, sampling [1.0, 1.2527, 0.9693]. Recommendation = [0.0, -0.1976, 0.0449], Current Cost = 5145.00, Rho = 1.000
(iter 10) [0.0, -0.6456, -0.2516] = 408.9245, sampling [1.0, -1.0960, 1.0603]. Recommendation = [0.0, -0.1976, 0.0449], Current Cost = 5146.00, Rho = 1.000
(iter 10) [0.0, -0.6456, -0.2516] = 408.9245, sampling [1.0, -0.9509, 1.2282]. Recommendation = [0.0, -0.1976, 0.0449], Current Cost = 5147.00, Rho = 1.000
(iter 10) [0.0, -0.6456, -0.2516] = 408.9245, sampling [1.0, -0.9666, 1.0787]. Recommendation = [0.0, -0.1976, 0.0449], Current Cost = 5148.00, Rho = 1.000
(iter 10) [0.0, -0.6456, -0.2516] = 408.9245, sampling [1.0, 1.0267, 1.0342]. Recommendation = [0.0, -0.1976, 0.0449], Current Cost = 5149.00, Rho = 1.000
(iter 10) [0.0, -0.6456, -0.2516] = 408.9245, sampling [1.0, 0.7562, 0.1562]. Recommendation = [0.0, -0.1976, 0.0449], Current Cost = 5150.00, Rho = 1.000
(iter 10) [0.0, -0.6456, -0.2516] = 408.9245, sampling [1.0, 0.9156, 0.8035]. Recommendation = [0.0, -0.1976, 0.0449], Current Cost = 5151.00, Rho = 1.000
(iter 10) [0.0, -0.6456, -0.2516] = 408.9245, sampling [1.0, -0.0036, -0.6594]. Recommendation = [0.0, -0.1976, 0.0449], Current Cost = 5152.00, Rho = 1.000
(iter 10) [0.0, -0.6456, -0.2516] = 408.9245, sampling [1.0, -1.0220, 0.3175]. Recommendation = [0.0, -0.1976, 0.0449], Current Cost = 5153.00, Rho = 1.000
(iter 10) [0.0, -0.6456, -0.2516] = 408.9245, sampling [1.0, 0.2156, 0.6948]. Recommendation = [0.0, -0.1976, 0.0449], Current Cost = 5154.00, Rho = 1.000
(iter 10) [0.0, -0.6456, -0.2516] = 408.9245, sampling [1.0, -0.0694, 0.8065]. Recommendation = [0.0, -0.1976, 0.0449], Current Cost = 5155.00, Rho = 1.000
(iter 10) [0.0, -0.6456, -0.2516] = 408.9245, sampling [1.0, 1.0322, 1.3150]. Recommendation = [0.0, -0.1976, 0.0449], Current Cost = 5156.00, Rho = 1.000
(iter 10) [0.0, -0.6456, -0.2516] = 408.9245, sampling [1.0, 0.7941, 1.6832]. Recommendation = [0.0, -0.1976, 0.0449], Current Cost = 5157.00, Rho = 1.000
(iter 10) [0.0, -0.6456, -0.2516] = 408.9245, sampling [1.0, -0.6875, 0.6723]. Recommendation = [0.0, -0.1976, 0.0449], Current Cost = 5158.00, Rho = 1.000
(iter 10) [0.0, -0.6456, -0.2516] = 408.9245, sampling [1.0, 0.1123, 0.6022]. Recommendation = [0.0, -0.1976, 0.0449], Current Cost = 5159.00, Rho = 1.000
(iter 10) [0.0, -0.6456, -0.2516] = 408.9245, sampling [1.0, 0.9755, 0.5419]. Recommendation = [0.0, -0.1976, 0.0449], Current Cost = 5160.00, Rho = 1.000
(iter 10) [0.0, -0.6456, -0.2516] = 408.9245, sampling [1.0, -0.4334, 1.1430]. Recommendation = [0.0, -0.1976, 0.0449], Current Cost = 5161.00, Rho = 1.000
(iter 10) [0.0, -0.6456, -0.2516] = 408.9245, sampling [1.0, 1.1301, 1.5044]. Recommendation = [0.0, -0.1976, 0.0449], Current Cost = 5162.00, Rho = 1.000
(iter 10) [0.0, -0.6456, -0.2516] = 408.9245, sampling [1.0, 1.2939, 1.3440]. Recommendation = [0.0, -0.1976, 0.0449], Current Cost = 5163.00, Rho = 1.000
(iter 10) [0.0, -0.6456, -0.2516] = 408.9245, sampling [1.0, 1.0782, 1.2503]. Recommendation = [0.0, -0.1976, 0.0449], Current Cost = 5164.00, Rho = 1.000
(iter 10) [0.0, -0.6456, -0.2516] = 408.9245, sampling [1.0, -1.0959, 0.6708]. Recommendation = [0.0, -0.1976, 0.0449], Current Cost = 5165.00, Rho = 1.000
(iter 10) [0.0, -0.6456, -0.2516] = 408.9245, sampling [1.0, -1.2172, 1.3836]. Recommendation = [0.0, -0.1976, 0.0449], Current Cost = 5166.00, Rho = 1.000
(iter 10) [0.0, -0.6456, -0.2516] = 408.9245, sampling [1.0, -0.9927, 1.4804]. Recommendation = [0.0, -0.1976, 0.0449], Current Cost = 5167.00, Rho = 1.000
(iter 10) [0.0, -0.6456, -0.2516] = 408.9245, sampling [1.0, -1.2134, 1.2178]. Recommendation = [0.0, -0.1976, 0.0449], Current Cost = 5168.00, Rho = 1.000
(iter 10) [0.0, -0.6456, -0.2516] = 408.9245, sampling [1.0, -1.0678, 1.2756]. Recommendation = [0.0, -0.1976, 0.0449], Current Cost = 5169.00, Rho = 1.000
(iter 10) [0.0, -0.6456, -0.2516] = 408.9245, sampling [1.0, -1.3767, 1.0509]. Recommendation = [0.0, -0.1976, 0.0449], Current Cost = 5170.00, Rho = 1.000
(iter 10) [0.0, -0.6456, -0.2516] = 408.9245, sampling [1.0, -0.6903, 1.6175]. Recommendation = [0.0, -0.1976, 0.0449], Current Cost = 5171.00, Rho = 1.000
(iter 10) [0.0, -0.6456, -0.2516] = 408.9245, sampling [1.0, -0.8114, 0.6972]. Recommendation = [0.0, -0.1976, 0.0449], Current Cost = 5172.00, Rho = 1.000
(iter 10) [0.0, -0.6456, -0.2516] = 408.9245, sampling [1.0, 0.8691, 1.2088]. Recommendation = [0.0, -0.1976, 0.0449], Current Cost = 5173.00, Rho = 1.000
(iter 10) [0.0, -0.6456, -0.2516] = 408.9245, sampling [1.0, 0.6045, 0.8876]. Recommendation = [0.0, -0.1976, 0.0449], Current Cost = 5174.00, Rho = 1.000
(iter 10) [0.0, -0.6456, -0.2516] = 408.9245, sampling [1.0, 0.5299, -0.6843]. Recommendation = [0.0, -0.1976, 0.0449], Current Cost = 5175.00, Rho = 1.000
(iter 10) [0.0, -0.6456, -0.2516] = 408.9245, sampling [1.0, -0.7709, 0.1397]. Recommendation = [0.0, -0.1976, 0.0449], Current Cost = 5176.00, Rho = 1.000
(iter 10) [0.0, -0.6456, -0.2516] = 408.9245, sampling [1.0, 0.7182, 0.2759]. Recommendation = [0.0, -0.1976, 0.0449], Current Cost = 5177.00, Rho = 1.000
(iter 10) [0.0, -0.6456, -0.2516] = 408.9245, sampling [1.0, -1.0804, 0.8891]. Recommendation = [0.0, -0.1976, 0.0449], Current Cost = 5178.00, Rho = 1.000
(iter 10) [0.0, -0.6456, -0.2516] = 408.9245, sampling [1.0, 1.1460, 0.6201]. Recommendation = [0.0, -0.1976, 0.0449], Current Cost = 5179.00, Rho = 1.000
(iter 10) [0.0, -0.6456, -0.2516] = 408.9245, sampling [1.0, -0.5382, -0.4416]. Recommendation = [0.0, -0.1976, 0.0449], Current Cost = 5180.00, Rho = 1.000
(iter 10) [0.0, -0.6456, -0.2516] = 408.9245, sampling [1.0, -0.2402, -0.6671]. Recommendation = [0.0, -0.1976, 0.0449], Current Cost = 5181.00, Rho = 1.000
(iter 10) [0.0, -0.6456, -0.2516] = 408.9245, sampling [1.0, 1.2026, 1.6792]. Recommendation = [0.0, -0.1976, 0.0449], Current Cost = 5182.00, Rho = 1.000
(iter 10) [0.0, -0.6456, -0.2516] = 408.9245, sampling [1.0, 1.0848, 1.5800]. Recommendation = [0.0, -0.1976, 0.0449], Current Cost = 5183.00, Rho = 1.000
(iter 10) [0.0, -0.6456, -0.2516] = 408.9245, sampling [1.0, 1.3768, 1.5292]. Recommendation = [0.0, -0.1976, 0.0449], Current Cost = 5184.00, Rho = 1.000
(iter 10) [0.0, -0.6456, -0.2516] = 408.9245, sampling [1.0, 1.1742, 1.9437]. Recommendation = [0.0, -0.1976, 0.0449], Current Cost = 5185.00, Rho = 1.000
(iter 10) [0.0, -0.6456, -0.2516] = 408.9245, sampling [1.0, 1.4261, 1.8304]. Recommendation = [0.0, -0.1976, 0.0449], Current Cost = 5186.00, Rho = 1.000
(iter 10) [0.0, -0.6456, -0.2516] = 408.9245, sampling [1.0, 1.3513, 1.6333]. Recommendation = [0.0, -0.1976, 0.0449], Current Cost = 5187.00, Rho = 1.000
(iter 10) [0.0, -0.6456, -0.2516] = 408.9245, sampling [1.0, 1.2566, 1.8329]. Recommendation = [0.0, -0.1976, 0.0449], Current Cost = 5188.00, Rho = 1.000
(iter 10) [0.0, -0.6456, -0.2516] = 408.9245, sampling [1.0, 1.0726, 1.7939]. Recommendation = [0.0, -0.1976, 0.0449], Current Cost = 5189.00, Rho = 1.000
(iter 10) [0.0, -0.6456, -0.2516] = 408.9245, sampling [1.0, 0.4255, 1.9740]. Recommendation = [0.0, -0.1976, 0.0449], Current Cost = 5190.00, Rho = 1.000
(iter 10) [0.0, -0.6456, -0.2516] = 408.9245, sampling [1.0, 1.0514, -0.3581]. Recommendation = [0.0, -0.1976, 0.0449], Current Cost = 5191.00, Rho = 1.000
(iter 10) [0.0, -0.6456, -0.2516] = 408.9245, sampling [1.0, 0.1677, 0.5998]. Recommendation = [0.0, -0.1976, 0.0449], Current Cost = 5192.00, Rho = 1.000
(iter 10) [0.0, -0.6456, -0.2516] = 408.9245, sampling [1.0, -0.4527, 0.9004]. Recommendation = [0.0, -0.1976, 0.0449], Current Cost = 5193.00, Rho = 1.000
(iter 10) [0.0, -0.6456, -0.2516] = 408.9245, sampling [1.0, -1.3149, 1.6407]. Recommendation = [0.0, -0.1976, 0.0449], Current Cost = 5194.00, Rho = 1.000
(iter 10) [0.0, -0.6456, -0.2516] = 408.9245, sampling [1.0, -1.1036, 1.7146]. Recommendation = [0.0, -0.1976, 0.0449], Current Cost = 5195.00, Rho = 1.000
(iter 10) [0.0, -0.6456, -0.2516] = 408.9245, sampling [1.0, -1.5163, 1.4449]. Recommendation = [0.0, -0.1976, 0.0449], Current Cost = 5196.00, Rho = 1.000
(iter 10) [0.0, -0.6456, -0.2516] = 408.9245, sampling [1.0, -1.1554, 1.4541]. Recommendation = [0.0, -0.1976, 0.0449], Current Cost = 5197.00, Rho = 1.000
(iter 10) [0.0, -0.6456, -0.2516] = 408.9245, sampling [1.0, 0.9935, 1.2354]. Recommendation = [0.0, -0.1976, 0.0449], Current Cost = 5198.00, Rho = 1.000
(iter 10) [0.0, -0.6456, -0.2516] = 408.9245, sampling [1.0, 0.6376, 0.7241]. Recommendation = [0.0, -0.1976, 0.0449], Current Cost = 5199.00, Rho = 1.000
(iter 10) [0.0, -0.6456, -0.2516] = 408.9245, sampling [1.0, -0.2970, 0.8354]. Recommendation = [0.0, -0.1976, 0.0449], Current Cost = 5200.00, Rho = 1.000
(iter 10) [0.0, -0.6456, -0.2516] = 408.9245, sampling [1.0, 1.4625, 1.6663]. Recommendation = [0.0, -0.1976, 0.0449], Current Cost = 5201.00, Rho = 1.000
(iter 10) [0.0, -0.6456, -0.2516] = 408.9245, sampling [1.0, 0.3820, 0.7639]. Recommendation = [0.0, -0.1976, 0.0449], Current Cost = 5202.00, Rho = 1.000
(iter 10) [0.0, -0.6456, -0.2516] = 408.9245, sampling [1.0, 0.9682, 0.4085]. Recommendation = [0.0, -0.1976, 0.0449], Current Cost = 5203.00, Rho = 1.000
(iter 10) [0.0, -0.6456, -0.2516] = 408.9245, sampling [1.0, -0.9027, 1.3612]. Recommendation = [0.0, -0.1976, 0.0449], Current Cost = 5204.00, Rho = 1.000
(iter 10) [0.0, -0.6456, -0.2516] = 408.9245, sampling [1.0, 1.3556, 1.0971]. Recommendation = [0.0, -0.1976, 0.0449], Current Cost = 5205.00, Rho = 1.000
(iter 10) [0.0, -0.6456, -0.2516] = 408.9245, sampling [1.0, 1.4938, 1.9805]. Recommendation = [0.0, -0.1976, 0.0449], Current Cost = 5206.00, Rho = 1.000
(iter 10) [0.0, -0.6456, -0.2516] = 408.9245, sampling [1.0, -1.4338, 1.9442]. Recommendation = [0.0, -0.1976, 0.0449], Current Cost = 5207.00, Rho = 1.000
(iter 10) [0.0, -0.6456, -0.2516] = 408.9245, sampling [1.0, -1.2705, 1.8718]. Recommendation = [0.0, -0.1976, 0.0449], Current Cost = 5208.00, Rho = 1.000
(iter 10) [0.0, -0.6456, -0.2516] = 408.9245, sampling [1.0, -0.9722, 1.9504]. Recommendation = [0.0, -0.1976, 0.0449], Current Cost = 5209.00, Rho = 1.000
(iter 10) [0.0, -0.6456, -0.2516] = 408.9245, sampling [1.0, -1.7078, 1.8006]. Recommendation = [0.0, -0.1976, 0.0449], Current Cost = 5210.00, Rho = 1.000
(iter 10) [0.0, -0.6456, -0.2516] = 408.9245, sampling [1.0, -1.1192, 1.1522]. Recommendation = [0.0, -0.1976, 0.0449], Current Cost = 5211.00, Rho = 1.000
(iter 10) [0.0, -0.6456, -0.2516] = 408.9245, sampling [1.0, -0.9169, 0.8688]. Recommendation = [0.0, -0.1976, 0.0449], Current Cost = 5212.00, Rho = 1.000
(iter 10) [0.0, -0.6456, -0.2516] = 408.9245, sampling [1.0, 1.6820, 1.8482]. Recommendation = [0.0, -0.1976, 0.0449], Current Cost = 5213.00, Rho = 1.000
(iter 10) [0.0, -0.6456, -0.2516] = 408.9245, sampling [1.0, 0.0185, 1.0737]. Recommendation = [0.0, -0.1976, 0.0449], Current Cost = 5214.00, Rho = 1.000
(iter 10) [0.0, -0.6456, -0.2516] = 408.9245, sampling [1.0, 0.1971, -0.8790]. Recommendation = [0.0, -0.1976, 0.0449], Current Cost = 5215.00, Rho = 1.000
(iter 10) [0.0, -0.6456, -0.2516] = 408.9245, sampling [1.0, -0.6517, 1.1167]. Recommendation = [0.0, -0.1976, 0.0449], Current Cost = 5216.00, Rho = 1.000
(iter 10) [0.0, -0.6456, -0.2516] = 408.9245, sampling [1.0, 1.3339, 1.8578]. Recommendation = [0.0, -0.1976, 0.0449], Current Cost = 5217.00, Rho = 1.000
(iter 10) [0.0, -0.6456, -0.2516] = 408.9245, sampling [1.0, 0.8561, 1.3551]. Recommendation = [0.0, -0.1976, 0.0449], Current Cost = 5218.00, Rho = 1.000
(iter 10) [0.0, -0.6456, -0.2516] = 408.9245, sampling [1.0, -1.1988, 0.8655]. Recommendation = [0.0, -0.1976, 0.0449], Current Cost = 5219.00, Rho = 1.000
(iter 10) [0.0, -0.6456, -0.2516] = 408.9245, sampling [1.0, 0.7429, -0.2439]. Recommendation = [0.0, -0.1976, 0.0449], Current Cost = 5220.00, Rho = 1.000
(iter 10) [0.0, -0.6456, -0.2516] = 408.9245, sampling [1.0, 0.3273, -0.6008]. Recommendation = [0.0, -0.1976, 0.0449], Current Cost = 5221.00, Rho = 1.000
(iter 10) [0.0, -0.6456, -0.2516] = 408.9245, sampling [1.0, 0.9521, 1.1104]. Recommendation = [0.0, -0.1976, 0.0449], Current Cost = 5222.00, Rho = 1.000
(iter 10) [0.0, -0.6456, -0.2516] = 408.9245, sampling [1.0, 0.3048, 0.7100]. Recommendation = [0.0, -0.1976, 0.0449], Current Cost = 5223.00, Rho = 1.000
(iter 10) [0.0, -0.6456, -0.2516] = 408.9245, sampling [1.0, -0.1687, 0.3494]. Recommendation = [0.0, -0.1976, 0.0449], Current Cost = 5224.00, Rho = 1.000
(iter 10) [0.0, -0.6456, -0.2516] = 408.9245, sampling [1.0, -0.8940, 0.0035]. Recommendation = [0.0, -0.1976, 0.0449], Current Cost = 5225.00, Rho = 1.000
(iter 10) [0.0, -0.6456, -0.2516] = 408.9245, sampling [1.0, -1.2449, 1.7113]. Recommendation = [0.0, -0.1976, 0.0449], Current Cost = 5226.00, Rho = 1.000
(iter 10) [0.0, -0.6456, -0.2516] = 408.9245, sampling [1.0, 1.0433, 0.4956]. Recommendation = [0.0, -0.1976, 0.0449], Current Cost = 5227.00, Rho = 1.000
(iter 10) [0.0, -0.6456, -0.2516] = 408.9245, sampling [1.0, 1.2448, 0.8532]. Recommendation = [0.0, -0.1976, 0.0449], Current Cost = 5228.00, Rho = 1.000
(iter 10) [0.0, -0.6456, -0.2516] = 408.9245, sampling [1.0, -1.3380, 1.3254]. Recommendation = [0.0, -0.1976, 0.0449], Current Cost = 5229.00, Rho = 1.000
(iter 10) [0.0, -0.6456, -0.2516] = 408.9245, sampling [1.0, -0.2146, 0.6783]. Recommendation = [0.0, -0.1976, 0.0449], Current Cost = 5230.00, Rho = 1.000
(iter 10) [0.0, -0.6456, -0.2516] = 408.9245, sampling [1.0, -0.9088, 1.0408]. Recommendation = [0.0, -0.1976, 0.0449], Current Cost = 5231.00, Rho = 1.000
(iter 10) [0.0, -0.6456, -0.2516] = 408.9245, sampling [1.0, -0.4562, -0.6107]. Recommendation = [0.0, -0.1976, 0.0449], Current Cost = 5232.00, Rho = 1.000
(iter 10) [0.0, -0.6456, -0.2516] = 408.9245, sampling [1.0, -0.6718, -0.3341]. Recommendation = [0.0, -0.1976, 0.0449], Current Cost = 5233.00, Rho = 1.000
(iter 10) [0.0, -0.6456, -0.2516] = 408.9245, sampling [1.0, -0.0961, -0.8056]. Recommendation = [0.0, -0.1976, 0.0449], Current Cost = 5234.00, Rho = 1.000
(iter 10) [0.0, -0.6456, -0.2516] = 408.9245, sampling [1.0, 0.1465, 0.7238]. Recommendation = [0.0, -0.1976, 0.0449], Current Cost = 5235.00, Rho = 1.000
(iter 10) [0.0, -0.6456, -0.2516] = 408.9245, sampling [1.0, -1.2564, 1.4585]. Recommendation = [0.0, -0.1976, 0.0449], Current Cost = 5236.00, Rho = 1.000
(iter 10) [0.0, -0.6456, -0.2516] = 408.9245, sampling [1.0, 0.2106, -0.6896]. Recommendation = [0.0, -0.1976, 0.0449], Current Cost = 5237.00, Rho = 1.000
(iter 10) [0.0, -0.6456, -0.2516] = 408.9245, sampling [1.0, -0.1067, 0.9092]. Recommendation = [0.0, -0.1976, 0.0449], Current Cost = 5238.00, Rho = 1.000
(iter 10) [0.0, -0.6456, -0.2516] = 408.9245, sampling [1.0, -0.4830, 0.9936]. Recommendation = [0.0, -0.1976, 0.0449], Current Cost = 5239.00, Rho = 1.000
(iter 10) [0.0, -0.6456, -0.2516] = 408.9245, sampling [1.0, 0.2899, 1.3049]. Recommendation = [0.0, -0.1976, 0.0449], Current Cost = 5240.00, Rho = 1.000
(iter 10) [0.0, -0.6456, -0.2516] = 408.9245, sampling [1.0, 1.3619, 1.3223]. Recommendation = [0.0, -0.1976, 0.0449], Current Cost = 5241.00, Rho = 1.000
(iter 10) [0.0, -0.6456, -0.2516] = 408.9245, sampling [1.0, 1.0666, 0.1848]. Recommendation = [0.0, -0.1976, 0.0449], Current Cost = 5242.00, Rho = 1.000
(iter 10) [0.0, -0.6456, -0.2516] = 408.9245, sampling [1.0, -1.2329, 0.6471]. Recommendation = [0.0, -0.1976, 0.0449], Current Cost = 5243.00, Rho = 1.000
(iter 10) [0.0, -0.6456, -0.2516] = 408.9245, sampling [1.0, 0.0115, 0.5867]. Recommendation = [0.0, -0.1976, 0.0449], Current Cost = 5244.00, Rho = 1.000
(iter 10) [0.0, -0.6456, -0.2516] = 408.9245, sampling [1.0, 1.1363, 0.7131]. Recommendation = [0.0, -0.1976, 0.0449], Current Cost = 5245.00, Rho = 1.000
(iter 10) [0.0, -0.6456, -0.2516] = 408.9245, sampling [1.0, 0.4819, -0.2110]. Recommendation = [0.0, -0.1976, 0.0449], Current Cost = 5246.00, Rho = 1.000
(iter 10) [0.0, -0.6456, -0.2516] = 408.9245, sampling [1.0, 0.4695, 1.0640]. Recommendation = [0.0, -0.1976, 0.0449], Current Cost = 5247.00, Rho = 1.000
(iter 10) [0.0, -0.6456, -0.2516] = 408.9245, sampling [1.0, 1.4004, 0.6636]. Recommendation = [0.0, -0.1976, 0.0449], Current Cost = 5248.00, Rho = 1.000
(iter 10) [0.0, -0.6456, -0.2516] = 408.9245, sampling [1.0, -0.5461, 1.3932]. Recommendation = [0.0, -0.1976, 0.0449], Current Cost = 5249.00, Rho = 1.000
(iter 10) [0.0, -0.6456, -0.2516] = 408.9245, sampling [1.0, -1.0247, 1.5542]. Recommendation = [0.0, -0.1976, 0.0449], Current Cost = 5250.00, Rho = 1.000
(iter 10) [0.0, -0.6456, -0.2516] = 408.9245, sampling [1.0, 0.2363, 0.6591]. Recommendation = [0.0, -0.1976, 0.0449], Current Cost = 5251.00, Rho = 1.000
(iter 10) [0.0, -0.6456, -0.2516] = 408.9245, sampling [1.0, 1.4853, 1.7967]. Recommendation = [0.0, -0.1976, 0.0449], Current Cost = 5252.00, Rho = 1.000
(iter 10) [0.0, -0.6456, -0.2516] = 408.9245, sampling [1.0, 0.0408, -0.7755]. Recommendation = [0.0, -0.1976, 0.0449], Current Cost = 5253.00, Rho = 1.000
(iter 10) [0.0, -0.6456, -0.2516] = 408.9245, sampling [1.0, -0.4663, 0.8412]. Recommendation = [0.0, -0.1976, 0.0449], Current Cost = 5254.00, Rho = 1.000
(iter 10) [0.0, -0.6456, -0.2516] = 408.9245, sampling [1.0, 1.0217, 1.9681]. Recommendation = [0.0, -0.1976, 0.0449], Current Cost = 5255.00, Rho = 1.000
(iter 10) [0.0, -0.6456, -0.2516] = 408.9245, sampling [1.0, 0.5474, 1.3786]. Recommendation = [0.0, -0.1976, 0.0449], Current Cost = 5256.00, Rho = 1.000
(iter 10) [0.0, -0.6456, -0.2516] = 408.9245, sampling [1.0, -0.1503, 1.1043]. Recommendation = [0.0, -0.1976, 0.0449], Current Cost = 5257.00, Rho = 1.000
(iter 10) [0.0, -0.6456, -0.2516] = 408.9245, sampling [1.0, 0.9841, -0.0003]. Recommendation = [0.0, -0.1976, 0.0449], Current Cost = 5258.00, Rho = 1.000
(iter 10) [0.0, -0.6456, -0.2516] = 408.9245, sampling [1.0, -0.1468, 0.5156]. Recommendation = [0.0, -0.1976, 0.0449], Current Cost = 5259.00, Rho = 1.000
(iter 10) [0.0, -0.6456, -0.2516] = 408.9245, sampling [1.0, -0.8259, -0.2605]. Recommendation = [0.0, -0.1976, 0.0449], Current Cost = 5260.00, Rho = 1.000
(iter 10) [0.0, -0.6456, -0.2516] = 408.9245, sampling [1.0, -0.9788, 0.1555]. Recommendation = [0.0, -0.1976, 0.0449], Current Cost = 5261.00, Rho = 1.000
(iter 10) [0.0, -0.6456, -0.2516] = 408.9245, sampling [1.0, -0.6103, -0.4111]. Recommendation = [0.0, -0.1976, 0.0449], Current Cost = 5262.00, Rho = 1.000
(iter 10) [0.0, -0.6456, -0.2516] = 408.9245, sampling [1.0, 0.7131, 1.2392]. Recommendation = [0.0, -0.1976, 0.0449], Current Cost = 5263.00, Rho = 1.000
(iter 10) [0.0, -0.6456, -0.2516] = 408.9245, sampling [1.0, -0.0453, 0.3563]. Recommendation = [0.0, -0.1976, 0.0449], Current Cost = 5264.00, Rho = 1.000
(iter 10) [0.0, -0.6456, -0.2516] = 408.9245, sampling [1.0, 0.6169, -0.4989]. Recommendation = [0.0, -0.1976, 0.0449], Current Cost = 5265.00, Rho = 1.000
(iter 10) [0.0, -0.6456, -0.2516] = 408.9245, sampling [1.0, 0.3857, -0.8575]. Recommendation = [0.0, -0.1976, 0.0449], Current Cost = 5266.00, Rho = 1.000
(iter 10) [0.0, -0.6456, -0.2516] = 408.9245, sampling [1.0, -0.6033, 1.9617]. Recommendation = [0.0, -0.1976, 0.0449], Current Cost = 5267.00, Rho = 1.000
(iter 10) [0.0, -0.6456, -0.2516] = 408.9245, sampling [1.0, 1.5728, 1.6698]. Recommendation = [0.0, -0.1976, 0.0449], Current Cost = 5268.00, Rho = 1.000
(iter 10) [0.0, -0.6456, -0.2516] = 408.9245, sampling [1.0, 1.2195, 1.9894]. Recommendation = [0.0, -0.1976, 0.0449], Current Cost = 5269.00, Rho = 1.000
(iter 10) [0.0, -0.6456, -0.2516] = 408.9245, sampling [1.0, -0.7229, 1.4078]. Recommendation = [0.0, -0.1976, 0.0449], Current Cost = 5270.00, Rho = 1.000
(iter 10) [0.0, -0.6456, -0.2516] = 408.9245, sampling [1.0, -1.7208, 1.2143]. Recommendation = [0.0, -0.1976, 0.0449], Current Cost = 5271.00, Rho = 1.000
(iter 10) [0.0, -0.6456, -0.2516] = 408.9245, sampling [1.0, 1.3672, 1.5955]. Recommendation = [0.0, -0.1976, 0.0449], Current Cost = 5272.00, Rho = 1.000
(iter 10) [0.0, -0.6456, -0.2516] = 408.9245, sampling [1.0, 1.1211, 0.4908]. Recommendation = [0.0, -0.1976, 0.0449], Current Cost = 5273.00, Rho = 1.000
(iter 10) [0.0, -0.6456, -0.2516] = 408.9245, sampling [1.0, 0.1553, 1.1477]. Recommendation = [0.0, -0.1976, 0.0449], Current Cost = 5274.00, Rho = 1.000
(iter 10) [0.0, -0.6456, -0.2516] = 408.9245, sampling [1.0, -0.9984, 1.7516]. Recommendation = [0.0, -0.1976, 0.0449], Current Cost = 5275.00, Rho = 1.000
(iter 10) [0.0, -0.6456, -0.2516] = 408.9245, sampling [1.0, 0.7821, -0.7272]. Recommendation = [0.0, -0.1976, 0.0449], Current Cost = 5276.00, Rho = 1.000
(iter 10) [0.0, -0.6456, -0.2516] = 408.9245, sampling [1.0, -0.6659, 1.0557]. Recommendation = [0.0, -0.1976, 0.0449], Current Cost = 5277.00, Rho = 1.000
(iter 10) [0.0, -0.6456, -0.2516] = 408.9245, sampling [1.0, -0.0403, -1.0772]. Recommendation = [0.0, -0.1976, 0.0449], Current Cost = 5278.00, Rho = 1.000
(iter 10) [0.0, -0.6456, -0.2516] = 408.9245, sampling [1.0, -0.2564, -0.7513]. Recommendation = [0.0, -0.1976, 0.0449], Current Cost = 5279.00, Rho = 1.000
(iter 10) [0.0, -0.6456, -0.2516] = 408.9245, sampling [1.0, -0.5301, 0.4166]. Recommendation = [0.0, -0.1976, 0.0449], Current Cost = 5280.00, Rho = 1.000
(iter 10) [0.0, -0.6456, -0.2516] = 408.9245, sampling [1.0, 0.3121, 0.7825]. Recommendation = [0.0, -0.1976, 0.0449], Current Cost = 5281.00, Rho = 1.000
(iter 10) [0.0, -0.6456, -0.2516] = 408.9245, sampling [1.0, 1.9757, 1.9665]. Recommendation = [0.0, -0.1976, 0.0449], Current Cost = 5282.00, Rho = 1.000
(iter 10) [0.0, -0.6456, -0.2516] = 408.9245, sampling [1.0, -1.1445, 0.3376]. Recommendation = [0.0, -0.1976, 0.0449], Current Cost = 5283.00, Rho = 1.000
(iter 10) [0.0, -0.6456, -0.2516] = 408.9245, sampling [1.0, 0.8974, 1.3414]. Recommendation = [0.0, -0.1976, 0.0449], Current Cost = 5284.00, Rho = 1.000
(iter 10) [0.0, -0.6456, -0.2516] = 408.9245, sampling [1.0, -0.3284, 1.1223]. Recommendation = [0.0, -0.1976, 0.0449], Current Cost = 5285.00, Rho = 1.000
(iter 10) [0.0, -0.6456, -0.2516] = 408.9245, sampling [1.0, 0.7002, 1.3865]. Recommendation = [0.0, -0.1976, 0.0449], Current Cost = 5286.00, Rho = 1.000
(iter 10) [0.0, -0.6456, -0.2516] = 408.9245, sampling [1.0, 1.0096, 1.7656]. Recommendation = [0.0, -0.1976, 0.0449], Current Cost = 5287.00, Rho = 1.000
(iter 10) [0.0, -0.6456, -0.2516] = 408.9245, sampling [1.0, -0.7178, 1.1883]. Recommendation = [0.0, -0.1976, 0.0449], Current Cost = 5288.00, Rho = 1.000
(iter 10) [0.0, -0.6456, -0.2516] = 408.9245, sampling [1.0, 1.1243, 0.7796]. Recommendation = [0.0, -0.1976, 0.0449], Current Cost = 5289.00, Rho = 1.000
(iter 10) [0.0, -0.6456, -0.2516] = 408.9245, sampling [1.0, -1.1660, 1.7398]. Recommendation = [0.0, -0.1976, 0.0449], Current Cost = 5290.00, Rho = 1.000
(iter 10) [0.0, -0.6456, -0.2516] = 408.9245, sampling [1.0, -0.7021, -0.3069]. Recommendation = [0.0, -0.1976, 0.0449], Current Cost = 5291.00, Rho = 1.000
(iter 10) [0.0, -0.6456, -0.2516] = 408.9245, sampling [1.0, -0.4190, -0.8727]. Recommendation = [0.0, -0.1976, 0.0449], Current Cost = 5292.00, Rho = 1.000
(iter 10) [0.0, -0.6456, -0.2516] = 408.9245, sampling [1.0, 1.5846, 1.5085]. Recommendation = [0.0, -0.1976, 0.0449], Current Cost = 5293.00, Rho = 1.000
(iter 10) [0.0, -0.6456, -0.2516] = 408.9245, sampling [1.0, -0.6358, 1.2761]. Recommendation = [0.0, -0.1976, 0.0449], Current Cost = 5294.00, Rho = 1.000
(iter 10) [0.0, -0.6456, -0.2516] = 408.9245, sampling [1.0, -1.6599, 1.9985]. Recommendation = [0.0, -0.1976, 0.0449], Current Cost = 5295.00, Rho = 1.000
(iter 10) [0.0, -0.6456, -0.2516] = 408.9245, sampling [1.0, -0.2819, 0.8982]. Recommendation = [0.0, -0.1976, 0.0449], Current Cost = 5296.00, Rho = 1.000
(iter 10) [0.0, -0.6456, -0.2516] = 408.9245, sampling [1.0, -0.6075, 1.0567]. Recommendation = [0.0, -0.1976, 0.0449], Current Cost = 5297.00, Rho = 1.000
(iter 10) [0.0, -0.6456, -0.2516] = 408.9245, sampling [1.0, 1.5643, -0.0437]. Recommendation = [0.0, -0.1976, 0.0449], Current Cost = 5298.00, Rho = 1.000
(iter 10) [0.0, -0.6456, -0.2516] = 408.9245, sampling [1.0, 0.8286, -0.4035]. Recommendation = [0.0, -0.1976, 0.0449], Current Cost = 5299.00, Rho = 1.000
(iter 10) [0.0, -0.6456, -0.2516] = 408.9245, sampling [1.0, 0.3456, -1.1396]. Recommendation = [0.0, -0.1976, 0.0449], Current Cost = 5300.00, Rho = 1.000
(iter 10) [0.0, -0.6456, -0.2516] = 408.9245, sampling [1.0, -0.6775, -0.4294]. Recommendation = [0.0, -0.1976, 0.0449], Current Cost = 5301.00, Rho = 1.000
(iter 10) [0.0, -0.6456, -0.2516] = 408.9245, sampling [1.0, 1.4502, 1.7829]. Recommendation = [0.0, -0.1976, 0.0449], Current Cost = 5302.00, Rho = 1.000
(iter 10) [0.0, -0.6456, -0.2516] = 408.9245, sampling [1.0, 0.6801, 1.5874]. Recommendation = [0.0, -0.1976, 0.0449], Current Cost = 5303.00, Rho = 1.000
(iter 10) [0.0, -0.6456, -0.2516] = 408.9245, sampling [1.0, -1.5320, 1.5585]. Recommendation = [0.0, -0.1976, 0.0449], Current Cost = 5304.00, Rho = 1.000
(iter 10) [0.0, -0.6456, -0.2516] = 408.9245, sampling [1.0, 1.1861, 1.6947]. Recommendation = [0.0, -0.1976, 0.0449], Current Cost = 5305.00, Rho = 1.000
(iter 10) [0.0, -0.6456, -0.2516] = 408.9245, sampling [1.0, -1.2735, 0.8576]. Recommendation = [0.0, -0.1976, 0.0449], Current Cost = 5306.00, Rho = 1.000
(iter 10) [0.0, -0.6456, -0.2516] = 408.9245, sampling [1.0, -1.2532, 1.3720]. Recommendation = [0.0, -0.1976, 0.0449], Current Cost = 5307.00, Rho = 1.000
(iter 10) [0.0, -0.6456, -0.2516] = 408.9245, sampling [1.0, 1.4118, 1.0289]. Recommendation = [0.0, -0.1976, 0.0449], Current Cost = 5308.00, Rho = 1.000
(iter 10) [0.0, -0.6456, -0.2516] = 408.9245, sampling [1.0, 1.2415, 0.6362]. Recommendation = [0.0, -0.1976, 0.0449], Current Cost = 5309.00, Rho = 1.000
(iter 10) [0.0, -0.6456, -0.2516] = 408.9245, sampling [1.0, 1.5002, 1.2532]. Recommendation = [0.0, -0.1976, 0.0449], Current Cost = 5310.00, Rho = 1.000
(iter 10) [0.0, -0.6456, -0.2516] = 408.9245, sampling [1.0, 0.5906, 1.2939]. Recommendation = [0.0, -0.1976, 0.0449], Current Cost = 5311.00, Rho = 1.000
(iter 10) [0.0, -0.6456, -0.2516] = 408.9245, sampling [1.0, -1.2774, 1.7244]. Recommendation = [0.0, -0.1976, 0.0449], Current Cost = 5312.00, Rho = 1.000
(iter 10) [0.0, -0.6456, -0.2516] = 408.9245, sampling [1.0, 0.1268, -0.9481]. Recommendation = [0.0, -0.1976, 0.0449], Current Cost = 5313.00, Rho = 1.000
(iter 10) [0.0, -0.6456, -0.2516] = 408.9245, sampling [1.0, -0.2695, 1.0004]. Recommendation = [0.0, -0.1976, 0.0449], Current Cost = 5314.00, Rho = 1.000
(iter 10) [0.0, -0.6456, -0.2516] = 408.9245, sampling [1.0, 1.2709, 0.9172]. Recommendation = [0.0, -0.1976, 0.0449], Current Cost = 5315.00, Rho = 1.000
(iter 10) [0.0, -0.6456, -0.2516] = 408.9245, sampling [1.0, 0.8874, -0.2066]. Recommendation = [0.0, -0.1976, 0.0449], Current Cost = 5316.00, Rho = 1.000
(iter 10) [0.0, -0.6456, -0.2516] = 408.9245, sampling [1.0, -0.3861, 1.3575]. Recommendation = [0.0, -0.1976, 0.0449], Current Cost = 5317.00, Rho = 1.000
(iter 10) [0.0, -0.6456, -0.2516] = 408.9245, sampling [1.0, -0.9835, -0.1124]. Recommendation = [0.0, -0.1976, 0.0449], Current Cost = 5318.00, Rho = 1.000
(iter 10) [0.0, -0.6456, -0.2516] = 408.9245, sampling [1.0, -0.5769, -0.7350]. Recommendation = [0.0, -0.1976, 0.0449], Current Cost = 5319.00, Rho = 1.000
(iter 10) [0.0, -0.6456, -0.2516] = 408.9245, sampling [1.0, 0.1628, 1.5630]. Recommendation = [0.0, -0.1976, 0.0449], Current Cost = 5320.00, Rho = 1.000
(iter 10) [0.0, -0.6456, -0.2516] = 408.9245, sampling [1.0, 0.5547, -0.9448]. Recommendation = [0.0, -0.1976, 0.0449], Current Cost = 5321.00, Rho = 1.000
(iter 10) [0.0, -0.6456, -0.2516] = 408.9245, sampling [1.0, -0.5068, 1.0222]. Recommendation = [0.0, -0.1976, 0.0449], Current Cost = 5322.00, Rho = 1.000
(iter 10) [0.0, -0.6456, -0.2516] = 408.9245, sampling [1.0, -0.0183, 1.1925]. Recommendation = [0.0, -0.1976, 0.0449], Current Cost = 5323.00, Rho = 1.000
(iter 10) [0.0, -0.6456, -0.2516] = 408.9245, sampling [1.0, -1.3650, 0.4835]. Recommendation = [0.0, -0.1976, 0.0449], Current Cost = 5324.00, Rho = 1.000
(iter 10) [0.0, -0.6456, -0.2516] = 408.9245, sampling [1.0, 0.8654, 1.7724]. Recommendation = [0.0, -0.1976, 0.0449], Current Cost = 5325.00, Rho = 1.000
(iter 10) [0.0, -0.6456, -0.2516] = 408.9245, sampling [1.0, 0.3654, 1.1984]. Recommendation = [0.0, -0.1976, 0.0449], Current Cost = 5326.00, Rho = 1.000
(iter 10) [0.0, -0.6456, -0.2516] = 408.9245, sampling [1.0, -1.2279, 0.7305]. Recommendation = [0.0, -0.1976, 0.0449], Current Cost = 5327.00, Rho = 1.000
(iter 10) [0.0, -0.6456, -0.2516] = 408.9245, sampling [1.0, -1.9326, 1.9398]. Recommendation = [0.0, -0.1976, 0.0449], Current Cost = 5328.00, Rho = 1.000
(iter 10) [0.0, -0.6456, -0.2516] = 408.9245, sampling [1.0, -0.7246, -0.3686]. Recommendation = [0.0, -0.1976, 0.0449], Current Cost = 5329.00, Rho = 1.000
(iter 10) [0.0, -0.6456, -0.2516] = 408.9245, sampling [1.0, 1.4196, 1.1309]. Recommendation = [0.0, -0.1976, 0.0449], Current Cost = 5330.00, Rho = 1.000
(iter 10) [0.0, -0.6456, -0.2516] = 408.9245, sampling [1.0, -0.1929, -1.2093]. Recommendation = [0.0, -0.1976, 0.0449], Current Cost = 5331.00, Rho = 1.000
(iter 10) [0.0, -0.6456, -0.2516] = 408.9245, sampling [1.0, -1.4234, 1.1623]. Recommendation = [0.0, -0.1976, 0.0449], Current Cost = 5332.00, Rho = 1.000
(iter 10) [0.0, -0.6456, -0.2516] = 408.9245, sampling [1.0, -1.0572, 1.9539]. Recommendation = [0.0, -0.1976, 0.0449], Current Cost = 5333.00, Rho = 1.000
(iter 10) [0.0, -0.6456, -0.2516] = 408.9245, sampling [1.0, 1.3924, 1.5448]. Recommendation = [0.0, -0.1976, 0.0449], Current Cost = 5334.00, Rho = 1.000
(iter 10) [0.0, -0.6456, -0.2516] = 408.9245, sampling [1.0, -1.3956, 1.3374]. Recommendation = [0.0, -0.1976, 0.0449], Current Cost = 5335.00, Rho = 1.000
(iter 10) [0.0, -0.6456, -0.2516] = 408.9245, sampling [1.0, 1.1600, 0.5752]. Recommendation = [0.0, -0.1976, 0.0449], Current Cost = 5336.00, Rho = 1.000
(iter 10) [0.0, -0.6456, -0.2516] = 408.9245, sampling [1.0, -0.3999, 1.6122]. Recommendation = [0.0, -0.1976, 0.0449], Current Cost = 5337.00, Rho = 1.000
(iter 10) [0.0, -0.6456, -0.2516] = 408.9245, sampling [1.0, 0.6961, -0.5541]. Recommendation = [0.0, -0.1976, 0.0449], Current Cost = 5338.00, Rho = 1.000
(iter 10) [0.0, -0.6456, -0.2516] = 408.9245, sampling [1.0, -1.2505, 1.4129]. Recommendation = [0.0, -0.1976, 0.0449], Current Cost = 5339.00, Rho = 1.000
(iter 10) [0.0, -0.6456, -0.2516] = 408.9245, sampling [1.0, 0.1751, -1.1928]. Recommendation = [0.0, -0.1976, 0.0449], Current Cost = 5340.00, Rho = 1.000
(iter 10) [0.0, -0.6456, -0.2516] = 408.9245, sampling [1.0, -0.1646, 1.2064]. Recommendation = [0.0, -0.1976, 0.0449], Current Cost = 5341.00, Rho = 1.000
(iter 10) [0.0, -0.6456, -0.2516] = 408.9245, sampling [1.0, -0.7848, -0.5236]. Recommendation = [0.0, -0.1976, 0.0449], Current Cost = 5342.00, Rho = 1.000
(iter 10) [0.0, -0.6456, -0.2516] = 408.9245, sampling [1.0, 0.9271, 1.9564]. Recommendation = [0.0, -0.1976, 0.0449], Current Cost = 5343.00, Rho = 1.000
(iter 10) [0.0, -0.6456, -0.2516] = 408.9245, sampling [1.0, 0.5826, -0.6284]. Recommendation = [0.0, -0.1976, 0.0449], Current Cost = 5344.00, Rho = 1.000
(iter 10) [0.0, -0.6456, -0.2516] = 408.9245, sampling [1.0, 1.2916, 0.9531]. Recommendation = [0.0, -0.1976, 0.0449], Current Cost = 5345.00, Rho = 1.000
(iter 10) [0.0, -0.6456, -0.2516] = 408.9245, sampling [1.0, 0.5272, 1.4893]. Recommendation = [0.0, -0.1976, 0.0449], Current Cost = 5346.00, Rho = 1.000
(iter 10) [0.0, -0.6456, -0.2516] = 408.9245, sampling [1.0, 0.3174, -1.0072]. Recommendation = [0.0, -0.1976, 0.0449], Current Cost = 5347.00, Rho = 1.000
(iter 10) [0.0, -0.6456, -0.2516] = 408.9245, sampling [1.0, 1.5163, 0.8465]. Recommendation = [0.0, -0.1976, 0.0449], Current Cost = 5348.00, Rho = 1.000
(iter 10) [0.0, -0.6456, -0.2516] = 408.9245, sampling [1.0, -0.7552, 1.7546]. Recommendation = [0.0, -0.1976, 0.0449], Current Cost = 5349.00, Rho = 1.000
(iter 10) [0.0, -0.6456, -0.2516] = 408.9245, sampling [1.0, 0.1197, 1.2978]. Recommendation = [0.0, -0.1976, 0.0449], Current Cost = 5350.00, Rho = 1.000
(iter 10) [0.0, -0.6456, -0.2516] = 408.9245, sampling [1.0, -1.5332, 0.8292]. Recommendation = [0.0, -0.1976, 0.0449], Current Cost = 5351.00, Rho = 1.000
(iter 10) [0.0, -0.6456, -0.2516] = 408.9245, sampling [1.0, -0.0934, 1.9942]. Recommendation = [0.0, -0.1976, 0.0449], Current Cost = 5352.00, Rho = 1.000
(iter 10) [0.0, -0.6456, -0.2516] = 408.9245, sampling [1.0, -1.1710, 0.0323]. Recommendation = [0.0, -0.1976, 0.0449], Current Cost = 5353.00, Rho = 1.000
(iter 10) [0.0, -0.6456, -0.2516] = 408.9245, sampling [1.0, -0.0603, -1.5284]. Recommendation = [0.0, -0.1976, 0.0449], Current Cost = 5354.00, Rho = 1.000
(iter 10) [0.0, -0.6456, -0.2516] = 408.9245, sampling [1.0, -0.5022, -1.0562]. Recommendation = [0.0, -0.1976, 0.0449], Current Cost = 5355.00, Rho = 1.000
(iter 10) [0.0, -0.6456, -0.2516] = 408.9245, sampling [1.0, -1.1774, 0.6676]. Recommendation = [0.0, -0.1976, 0.0449], Current Cost = 5356.00, Rho = 1.000
(iter 10) [0.0, -0.6456, -0.2516] = 408.9245, sampling [1.0, 1.6717, 1.6493]. Recommendation = [0.0, -0.1976, 0.0449], Current Cost = 5357.00, Rho = 1.000
(iter 10) [0.0, -0.6456, -0.2516] = 408.9245, sampling [1.0, -0.9406, -0.0374]. Recommendation = [0.0, -0.1976, 0.0449], Current Cost = 5358.00, Rho = 1.000
(iter 10) [0.0, -0.6456, -0.2516] = 408.9245, sampling [1.0, 0.3958, 1.2715]. Recommendation = [0.0, -0.1976, 0.0449], Current Cost = 5359.00, Rho = 1.000
(iter 10) [0.0, -0.6456, -0.2516] = 408.9245, sampling [1.0, 0.1240, -1.0507]. Recommendation = [0.0, -0.1976, 0.0449], Current Cost = 5360.00, Rho = 1.000
(iter 10) [0.0, -0.6456, -0.2516] = 408.9245, sampling [1.0, -1.0723, 0.8781]. Recommendation = [0.0, -0.1976, 0.0449], Current Cost = 5361.00, Rho = 1.000
(iter 10) [0.0, -0.6456, -0.2516] = 408.9245, sampling [1.0, -0.9546, 1.8524]. Recommendation = [0.0, -0.1976, 0.0449], Current Cost = 5362.00, Rho = 1.000
(iter 10) [0.0, -0.6456, -0.2516] = 408.9245, sampling [1.0, 0.6702, 1.8049]. Recommendation = [0.0, -0.1976, 0.0449], Current Cost = 5363.00, Rho = 1.000
(iter 10) [0.0, -0.6456, -0.2516] = 408.9245, sampling [1.0, 1.1070, -0.9654]. Recommendation = [0.0, -0.1976, 0.0449], Current Cost = 5364.00, Rho = 1.000
(iter 10) [0.0, -0.6456, -0.2516] = 408.9245, sampling [1.0, 1.0621, 0.0427]. Recommendation = [0.0, -0.1976, 0.0449], Current Cost = 5365.00, Rho = 1.000
(iter 10) [0.0, -0.6456, -0.2516] = 408.9245, sampling [1.0, -0.0860, -0.7776]. Recommendation = [0.0, -0.1976, 0.0449], Current Cost = 5366.00, Rho = 1.000
(iter 10) [0.0, -0.6456, -0.2516] = 408.9245, sampling [1.0, 1.3035, 0.5616]. Recommendation = [0.0, -0.1976, 0.0449], Current Cost = 5367.00, Rho = 1.000
(iter 10) [0.0, -0.6456, -0.2516] = 408.9245, sampling [1.0, 1.5374, 1.6527]. Recommendation = [0.0, -0.1976, 0.0449], Current Cost = 5368.00, Rho = 1.000
(iter 10) [0.0, -0.6456, -0.2516] = 408.9245, sampling [1.0, 0.3544, 1.4222]. Recommendation = [0.0, -0.1976, 0.0449], Current Cost = 5369.00, Rho = 1.000
(iter 10) [0.0, -0.6456, -0.2516] = 408.9245, sampling [1.0, 1.0543, -0.1213]. Recommendation = [0.0, -0.1976, 0.0449], Current Cost = 5370.00, Rho = 1.000
(iter 10) [0.0, -0.6456, -0.2516] = 408.9245, sampling [1.0, 0.7536, -0.4959]. Recommendation = [0.0, -0.1976, 0.0449], Current Cost = 5371.00, Rho = 1.000
(iter 10) [0.0, -0.6456, -0.2516] = 408.9245, sampling [1.0, -1.4753, 1.3499]. Recommendation = [0.0, -0.1976, 0.0449], Current Cost = 5372.00, Rho = 1.000
(iter 10) [0.0, -0.6456, -0.2516] = 408.9245, sampling [1.0, -0.6384, -0.4169]. Recommendation = [0.0, -0.1976, 0.0449], Current Cost = 5373.00, Rho = 1.000
(iter 10) [0.0, -0.6456, -0.2516] = 408.9245, sampling [1.0, -0.9047, -0.4122]. Recommendation = [0.0, -0.1976, 0.0449], Current Cost = 5374.00, Rho = 1.000
(iter 10) [0.0, -0.6456, -0.2516] = 408.9245, sampling [1.0, -0.7460, -0.6503]. Recommendation = [0.0, -0.1976, 0.0449], Current Cost = 5375.00, Rho = 1.000
(iter 10) [0.0, -0.6456, -0.2516] = 408.9245, sampling [1.0, -0.5667, 1.5501]. Recommendation = [0.0, -0.1976, 0.0449], Current Cost = 5376.00, Rho = 1.000
(iter 10) [0.0, -0.6456, -0.2516] = 408.9245, sampling [1.0, -1.6627, 1.5371]. Recommendation = [0.0, -0.1976, 0.0449], Current Cost = 5377.00, Rho = 1.000
(iter 10) [0.0, -0.6456, -0.2516] = 408.9245, sampling [1.0, -1.1845, 0.2539]. Recommendation = [0.0, -0.1976, 0.0449], Current Cost = 5378.00, Rho = 1.000
(iter 10) [0.0, -0.6456, -0.2516] = 408.9245, sampling [1.0, -0.0247, 1.0927]. Recommendation = [0.0, -0.1976, 0.0449], Current Cost = 5379.00, Rho = 1.000
(iter 10) [0.0, -0.6456, -0.2516] = 408.9245, sampling [1.0, -0.3503, -1.9991]. Recommendation = [0.0, -0.1976, 0.0449], Current Cost = 5380.00, Rho = 1.000
(iter 10) [0.0, -0.6456, -0.2516] = 408.9245, sampling [1.0, 0.2306, -1.3943]. Recommendation = [0.0, -0.1976, 0.0449], Current Cost = 5381.00, Rho = 1.000
(iter 10) [0.0, -0.6456, -0.2516] = 408.9245, sampling [1.0, -0.9223, 0.0164]. Recommendation = [0.0, -0.1976, 0.0449], Current Cost = 5382.00, Rho = 1.000
(iter 10) [0.0, -0.6456, -0.2516] = 408.9245, sampling [1.0, 0.6595, -0.6749]. Recommendation = [0.0, -0.1976, 0.0449], Current Cost = 5383.00, Rho = 1.000
(iter 10) [0.0, -0.6456, -0.2516] = 408.9245, sampling [1.0, 1.6147, 1.3657]. Recommendation = [0.0, -0.1976, 0.0449], Current Cost = 5384.00, Rho = 1.000
(iter 10) [0.0, -0.6456, -0.2516] = 408.9245, sampling [1.0, -0.7778, -0.4509]. Recommendation = [0.0, -0.1976, 0.0449], Current Cost = 5385.00, Rho = 1.000
(iter 10) [0.0, -0.6456, -0.2516] = 408.9245, sampling [1.0, -0.6261, 1.0108]. Recommendation = [0.0, -0.1976, 0.0449], Current Cost = 5386.00, Rho = 1.000
(iter 10) [0.0, -0.6456, -0.2516] = 408.9245, sampling [1.0, 1.1619, 0.1454]. Recommendation = [0.0, -0.1976, 0.0449], Current Cost = 5387.00, Rho = 1.000
(iter 10) [0.0, -0.6456, -0.2516] = 408.9245, sampling [1.0, 0.4305, -0.9393]. Recommendation = [0.0, -0.1976, 0.0449], Current Cost = 5388.00, Rho = 1.000
(iter 10) [0.0, -0.6456, -0.2516] = 408.9245, sampling [1.0, 0.5922, -0.8543]. Recommendation = [0.0, -0.1976, 0.0449], Current Cost = 5389.00, Rho = 1.000
(iter 10) [0.0, -0.6456, -0.2516] = 408.9245, sampling [1.0, -0.0387, -1.1763]. Recommendation = [0.0, -0.1976, 0.0449], Current Cost = 5390.00, Rho = 1.000
(iter 10) [0.0, -0.6456, -0.2516] = 408.9245, sampling [1.0, 0.9292, -0.2779]. Recommendation = [0.0, -0.1976, 0.0449], Current Cost = 5391.00, Rho = 1.000
(iter 10) [0.0, -0.6456, -0.2516] = 408.9245, sampling [1.0, 0.0634, 1.2038]. Recommendation = [0.0, -0.1976, 0.0449], Current Cost = 5392.00, Rho = 1.000
(iter 10) [0.0, -0.6456, -0.2516] = 408.9245, sampling [1.0, -0.7980, 1.9183]. Recommendation = [0.0, -0.1976, 0.0449], Current Cost = 5393.00, Rho = 1.000
(iter 10) [0.0, -0.6456, -0.2516] = 408.9245, sampling [1.0, -0.4122, -0.9907]. Recommendation = [0.0, -0.1976, 0.0449], Current Cost = 5394.00, Rho = 1.000
(iter 10) [0.0, -0.6456, -0.2516] = 408.9245, sampling [1.0, 0.5576, 1.6976]. Recommendation = [0.0, -0.1976, 0.0449], Current Cost = 5395.00, Rho = 1.000
(iter 10) [0.0, -0.6456, -0.2516] = 408.9245, sampling [1.0, 1.5599, 1.0394]. Recommendation = [0.0, -0.1976, 0.0449], Current Cost = 5396.00, Rho = 1.000
(iter 10) [0.0, -0.6456, -0.2516] = 408.9245, sampling [1.0, 0.9085, -0.5316]. Recommendation = [0.0, -0.1976, 0.0449], Current Cost = 5397.00, Rho = 1.000
(iter 10) [0.0, -0.6456, -0.2516] = 408.9245, sampling [1.0, 0.5365, -1.1021]. Recommendation = [0.0, -0.1976, 0.0449], Current Cost = 5398.00, Rho = 1.000
(iter 10) [0.0, -0.6456, -0.2516] = 408.9245, sampling [1.0, -0.5566, -0.9120]. Recommendation = [0.0, -0.1976, 0.0449], Current Cost = 5399.00, Rho = 1.000
(iter 10) [0.0, -0.6456, -0.2516] = 408.9245, sampling [1.0, -0.3370, -1.4090]. Recommendation = [0.0, -0.1976, 0.0449], Current Cost = 5400.00, Rho = 1.000
(iter 10) [0.0, -0.6456, -0.2516] = 408.9245, sampling [1.0, 0.4061, 1.1736]. Recommendation = [0.0, -0.1976, 0.0449], Current Cost = 5401.00, Rho = 1.000
(iter 10) [0.0, -0.6456, -0.2516] = 408.9245, sampling [1.0, -1.3713, 0.6509]. Recommendation = [0.0, -0.1976, 0.0449], Current Cost = 5402.00, Rho = 1.000
(iter 10) [0.0, -0.6456, -0.2516] = 408.9245, sampling [1.0, 1.8262, 1.5128]. Recommendation = [0.0, -0.1976, 0.0449], Current Cost = 5403.00, Rho = 1.000
(iter 10) [0.0, -0.6456, -0.2516] = 408.9245, sampling [1.0, 1.4773, 1.6602]. Recommendation = [0.0, -0.1976, 0.0449], Current Cost = 5404.00, Rho = 1.000
(iter 10) [0.0, -0.6456, -0.2516] = 408.9245, sampling [1.0, 0.2455, 1.2605]. Recommendation = [0.0, -0.1976, 0.0449], Current Cost = 5405.00, Rho = 1.000
(iter 10) [0.0, -0.6456, -0.2516] = 408.9245, sampling [1.0, 0.3599, 1.6096]. Recommendation = [0.0, -0.1976, 0.0449], Current Cost = 5406.00, Rho = 1.000
(iter 10) [0.0, -0.6456, -0.2516] = 408.9245, sampling [1.0, 1.7989, -1.9610]. Recommendation = [0.0, -0.1976, 0.0449], Current Cost = 5407.00, Rho = 1.000
(iter 10) [0.0, -0.6456, -0.2516] = 408.9245, sampling [1.0, -1.4938, 1.2823]. Recommendation = [0.0, -0.1976, 0.0449], Current Cost = 5408.00, Rho = 1.000
(iter 10) [0.0, -0.6456, -0.2516] = 408.9245, sampling [1.0, -0.2890, 1.4940]. Recommendation = [0.0, -0.1976, 0.0449], Current Cost = 5409.00, Rho = 1.000
(iter 10) [0.0, -0.6456, -0.2516] = 408.9245, sampling [1.0, -1.6769, 1.8809]. Recommendation = [0.0, -0.1976, 0.0449], Current Cost = 5410.00, Rho = 1.000
(iter 10) [0.0, -0.6456, -0.2516] = 408.9245, sampling [1.0, -0.0483, -1.3363]. Recommendation = [0.0, -0.1976, 0.0449], Current Cost = 5411.00, Rho = 1.000
(iter 10) [0.0, -0.6456, -0.2516] = 408.9245, sampling [1.0, 1.6887, 1.7405]. Recommendation = [0.0, -0.1976, 0.0449], Current Cost = 5412.00, Rho = 1.000
(iter 10) [0.0, -0.6456, -0.2516] = 408.9245, sampling [1.0, -0.3595, 1.1339]. Recommendation = [0.0, -0.1976, 0.0449], Current Cost = 5413.00, Rho = 1.000
(iter 10) [0.0, -0.6456, -0.2516] = 408.9245, sampling [1.0, 0.0267, 1.1389]. Recommendation = [0.0, -0.1976, 0.0449], Current Cost = 5414.00, Rho = 1.000
(iter 10) [0.0, -0.6456, -0.2516] = 408.9245, sampling [1.0, -0.0675, 1.6045]. Recommendation = [0.0, -0.1976, 0.0449], Current Cost = 5415.00, Rho = 1.000
(iter 10) [0.0, -0.6456, -0.2516] = 408.9245, sampling [1.0, -0.4693, 1.4265]. Recommendation = [0.0, -0.1976, 0.0449], Current Cost = 5416.00, Rho = 1.000
(iter 10) [0.0, -0.6456, -0.2516] = 408.9245, sampling [1.0, 0.1082, 1.3899]. Recommendation = [0.0, -0.1976, 0.0449], Current Cost = 5417.00, Rho = 1.000
(iter 10) [0.0, -0.6456, -0.2516] = 408.9245, sampling [1.0, -0.2308, -0.6766]. Recommendation = [0.0, -0.1976, 0.0449], Current Cost = 5418.00, Rho = 1.000
(iter 10) [0.0, -0.6456, -0.2516] = 408.9245, sampling [1.0, 1.4133, 0.4359]. Recommendation = [0.0, -0.1976, 0.0449], Current Cost = 5419.00, Rho = 1.000
(iter 10) [0.0, -0.6456, -0.2516] = 408.9245, sampling [1.0, -1.9277, 0.6243]. Recommendation = [0.0, -0.1976, 0.0449], Current Cost = 5420.00, Rho = 1.000
(iter 10) [0.0, -0.6456, -0.2516] = 408.9245, sampling [1.0, -0.4309, -1.2148]. Recommendation = [0.0, -0.1976, 0.0449], Current Cost = 5421.00, Rho = 1.000
(iter 10) [0.0, -0.6456, -0.2516] = 408.9245, sampling [1.0, 0.4330, -1.2332]. Recommendation = [0.0, -0.1976, 0.0449], Current Cost = 5422.00, Rho = 1.000
(iter 10) [0.0, -0.6456, -0.2516] = 408.9245, sampling [1.0, -1.0064, -0.1724]. Recommendation = [0.0, -0.1976, 0.0449], Current Cost = 5423.00, Rho = 1.000
(iter 10) [0.0, -0.6456, -0.2516] = 408.9245, sampling [1.0, -0.9866, -0.0446]. Recommendation = [0.0, -0.1976, 0.0449], Current Cost = 5424.00, Rho = 1.000
(iter 10) [0.0, -0.6456, -0.2516] = 408.9245, sampling [1.0, 1.6267, 1.5672]. Recommendation = [0.0, -0.1976, 0.0449], Current Cost = 5425.00, Rho = 1.000
(iter 10) [0.0, -0.6456, -0.2516] = 408.9245, sampling [1.0, 1.6072, 1.6894]. Recommendation = [0.0, -0.1976, 0.0449], Current Cost = 5426.00, Rho = 1.000
(iter 10) [0.0, -0.6456, -0.2516] = 408.9245, sampling [1.0, 0.7757, -0.5921]. Recommendation = [0.0, -0.1976, 0.0449], Current Cost = 5427.00, Rho = 1.000
(iter 10) [0.0, -0.6456, -0.2516] = 408.9245, sampling [1.0, -0.8055, -0.9742]. Recommendation = [0.0, -0.1976, 0.0449], Current Cost = 5428.00, Rho = 1.000
(iter 10) [0.0, -0.6456, -0.2516] = 408.9245, sampling [1.0, -1.5250, 1.1028]. Recommendation = [0.0, -0.1976, 0.0449], Current Cost = 5429.00, Rho = 1.000
(iter 10) [0.0, -0.6456, -0.2516] = 408.9245, sampling [1.0, 1.9324, 0.7963]. Recommendation = [0.0, -0.1976, 0.0449], Current Cost = 5430.00, Rho = 1.000
(iter 10) [0.0, -0.6456, -0.2516] = 408.9245, sampling [1.0, 0.6608, 1.9057]. Recommendation = [0.0, -0.1976, 0.0449], Current Cost = 5431.00, Rho = 1.000
(iter 10) [0.0, -0.6456, -0.2516] = 408.9245, sampling [1.0, 1.4882, 0.9562]. Recommendation = [0.0, -0.1976, 0.0449], Current Cost = 5432.00, Rho = 1.000
(iter 10) [0.0, -0.6456, -0.2516] = 408.9245, sampling [1.0, 0.7864, -0.9689]. Recommendation = [0.0, -0.1976, 0.0449], Current Cost = 5433.00, Rho = 1.000
(iter 10) [0.0, -0.6456, -0.2516] = 408.9245, sampling [1.0, 0.8389, -0.3621]. Recommendation = [0.0, -0.1976, 0.0449], Current Cost = 5434.00, Rho = 1.000
(iter 10) [0.0, -0.6456, -0.2516] = 408.9245, sampling [1.0, -0.3325, 1.7799]. Recommendation = [0.0, -0.1976, 0.0449], Current Cost = 5435.00, Rho = 1.000
(iter 10) [0.0, -0.6456, -0.2516] = 408.9245, sampling [1.0, -0.6975, -1.3289]. Recommendation = [0.0, -0.1976, 0.0449], Current Cost = 5436.00, Rho = 1.000
(iter 10) [0.0, -0.6456, -0.2516] = 408.9245, sampling [1.0, -1.3040, 0.3467]. Recommendation = [0.0, -0.1976, 0.0449], Current Cost = 5437.00, Rho = 1.000
(iter 10) [0.0, -0.6456, -0.2516] = 408.9245, sampling [1.0, -1.0483, 1.9233]. Recommendation = [0.0, -0.1976, 0.0449], Current Cost = 5438.00, Rho = 1.000
(iter 10) [0.0, -0.6456, -0.2516] = 408.9245, sampling [1.0, 0.1691, -1.6457]. Recommendation = [0.0, -0.1976, 0.0449], Current Cost = 5439.00, Rho = 1.000
(iter 10) [0.0, -0.6456, -0.2516] = 408.9245, sampling [1.0, -0.5952, -0.7828]. Recommendation = [0.0, -0.1976, 0.0449], Current Cost = 5440.00, Rho = 1.000
(iter 10) [0.0, -0.6456, -0.2516] = 408.9245, sampling [1.0, 0.2784, 1.4607]. Recommendation = [0.0, -0.1976, 0.0449], Current Cost = 5441.00, Rho = 1.000
(iter 10) [0.0, -0.6456, -0.2516] = 408.9245, sampling [1.0, 0.1803, 1.7876]. Recommendation = [0.0, -0.1976, 0.0449], Current Cost = 5442.00, Rho = 1.000
(iter 10) [0.0, -0.6456, -0.2516] = 408.9245, sampling [1.0, -1.4857, 0.9395]. Recommendation = [0.0, -0.1976, 0.0449], Current Cost = 5443.00, Rho = 1.000
(iter 10) [0.0, -0.6456, -0.2516] = 408.9245, sampling [1.0, 0.2484, -1.2320]. Recommendation = [0.0, -0.1976, 0.0449], Current Cost = 5444.00, Rho = 1.000
(iter 10) [0.0, -0.6456, -0.2516] = 408.9245, sampling [1.0, -1.8010, 1.6219]. Recommendation = [0.0, -0.1976, 0.0449], Current Cost = 5445.00, Rho = 1.000
(iter 10) [0.0, -0.6456, -0.2516] = 408.9245, sampling [1.0, -1.1106, -0.0292]. Recommendation = [0.0, -0.1976, 0.0449], Current Cost = 5446.00, Rho = 1.000
(iter 10) [0.0, -0.6456, -0.2516] = 408.9245, sampling [1.0, -0.8517, -0.6836]. Recommendation = [0.0, -0.1976, 0.0449], Current Cost = 5447.00, Rho = 1.000
(iter 10) [0.0, -0.6456, -0.2516] = 408.9245, sampling [1.0, -0.9565, -0.3658]. Recommendation = [0.0, -0.1976, 0.0449], Current Cost = 5448.00, Rho = 1.000
(iter 10) [0.0, -0.6456, -0.2516] = 408.9245, sampling [1.0, -0.4036, 1.4879]. Recommendation = [0.0, -0.1976, 0.0449], Current Cost = 5449.00, Rho = 1.000
(iter 10) [0.0, -0.6456, -0.2516] = 408.9245, sampling [1.0, 0.3779, -1.3609]. Recommendation = [0.0, -0.1976, 0.0449], Current Cost = 5450.00, Rho = 1.000
(iter 10) [0.0, -0.6456, -0.2516] = 408.9245, sampling [1.0, -0.4776, -0.9168]. Recommendation = [0.0, -0.1976, 0.0449], Current Cost = 5451.00, Rho = 1.000
(iter 10) [0.0, -0.6456, -0.2516] = 408.9245, sampling [1.0, 1.1178, 0.0622]. Recommendation = [0.0, -0.1976, 0.0449], Current Cost = 5452.00, Rho = 1.000
(iter 10) [0.0, -0.6456, -0.2516] = 408.9245, sampling [1.0, 1.4530, 0.7516]. Recommendation = [0.0, -0.1976, 0.0449], Current Cost = 5453.00, Rho = 1.000
(iter 10) [0.0, -0.6456, -0.2516] = 408.9245, sampling [1.0, 0.3636, 1.2585]. Recommendation = [0.0, -0.1976, 0.0449], Current Cost = 5454.00, Rho = 1.000
(iter 10) [0.0, -0.6456, -0.2516] = 408.9245, sampling [1.0, 1.6495, 1.4392]. Recommendation = [0.0, -0.1976, 0.0449], Current Cost = 5455.00, Rho = 1.000
(iter 10) [0.0, -0.6456, -0.2516] = 408.9245, sampling [1.0, -0.6307, 1.5974]. Recommendation = [0.0, -0.1976, 0.0449], Current Cost = 5456.00, Rho = 1.000
(iter 10) [0.0, -0.6456, -0.2516] = 408.9245, sampling [1.0, 0.4741, -0.9789]. Recommendation = [0.0, -0.1976, 0.0449], Current Cost = 5457.00, Rho = 1.000
(iter 10) [0.0, -0.6456, -0.2516] = 408.9245, sampling [1.0, -1.1126, -0.1691]. Recommendation = [0.0, -0.1976, 0.0449], Current Cost = 5458.00, Rho = 1.000
(iter 10) [0.0, -0.6456, -0.2516] = 408.9245, sampling [1.0, 1.1652, -0.2029]. Recommendation = [0.0, -0.1976, 0.0449], Current Cost = 5459.00, Rho = 1.000
(iter 10) [0.0, -0.6456, -0.2516] = 408.9245, sampling [1.0, -1.4452, 1.1143]. Recommendation = [0.0, -0.1976, 0.0449], Current Cost = 5460.00, Rho = 1.000
(iter 10) [0.0, -0.6456, -0.2516] = 408.9245, sampling [1.0, 1.7933, 1.7337]. Recommendation = [0.0, -0.1976, 0.0449], Current Cost = 5461.00, Rho = 1.000
(iter 10) [0.0, -0.6456, -0.2516] = 408.9245, sampling [1.0, -1.6168, 1.3170]. Recommendation = [0.0, -0.1976, 0.0449], Current Cost = 5462.00, Rho = 1.000
(iter 10) [0.0, -0.6456, -0.2516] = 408.9245, sampling [1.0, 0.0570, -1.4578]. Recommendation = [0.0, -0.1976, 0.0449], Current Cost = 5463.00, Rho = 1.000
(iter 10) [0.0, -0.6456, -0.2516] = 408.9245, sampling [1.0, 0.4389, 1.7564]. Recommendation = [0.0, -0.1976, 0.0449], Current Cost = 5464.00, Rho = 1.000
(iter 10) [0.0, -0.6456, -0.2516] = 408.9245, sampling [1.0, 0.9460, -0.7104]. Recommendation = [0.0, -0.1976, 0.0449], Current Cost = 5465.00, Rho = 1.000
(iter 10) [0.0, -0.6456, -0.2516] = 408.9245, sampling [1.0, -1.2405, 0.1228]. Recommendation = [0.0, -0.1976, 0.0449], Current Cost = 5466.00, Rho = 1.000
(iter 10) [0.0, -0.6456, -0.2516] = 408.9245, sampling [1.0, 0.5708, -1.2964]. Recommendation = [0.0, -0.1976, 0.0449], Current Cost = 5467.00, Rho = 1.000
(iter 10) [0.0, -0.6456, -0.2516] = 408.9245, sampling [1.0, 0.8916, -0.4539]. Recommendation = [0.0, -0.1976, 0.0449], Current Cost = 5468.00, Rho = 1.000
(iter 10) [0.0, -0.6456, -0.2516] = 408.9245, sampling [1.0, 1.5279, 1.2433]. Recommendation = [0.0, -0.1976, 0.0449], Current Cost = 5469.00, Rho = 1.000
(iter 10) [0.0, -0.6456, -0.2516] = 408.9245, sampling [1.0, -0.9637, -0.5447]. Recommendation = [0.0, -0.1976, 0.0449], Current Cost = 5470.00, Rho = 1.000
(iter 10) [0.0, -0.6456, -0.2516] = 408.9245, sampling [1.0, -0.0884, -1.2402]. Recommendation = [0.0, -0.1976, 0.0449], Current Cost = 5471.00, Rho = 1.000
(iter 10) [0.0, -0.6456, -0.2516] = 408.9245, sampling [1.0, -0.4075, -1.6280]. Recommendation = [0.0, -0.1976, 0.0449], Current Cost = 5472.00, Rho = 1.000
(iter 10) [0.0, -0.6456, -0.2516] = 408.9245, sampling [1.0, 1.1136, 0.1516]. Recommendation = [0.0, -0.1976, 0.0449], Current Cost = 5473.00, Rho = 1.000
(iter 10) [0.0, -0.6456, -0.2516] = 408.9245, sampling [1.0, 0.0864, 1.4771]. Recommendation = [0.0, -0.1976, 0.0449], Current Cost = 5474.00, Rho = 1.000
(iter 10) [0.0, -0.6456, -0.2516] = 408.9245, sampling [1.0, -1.5586, 1.4517]. Recommendation = [0.0, -0.1976, 0.0449], Current Cost = 5475.00, Rho = 1.000
(iter 10) [0.0, -0.6456, -0.2516] = 408.9245, sampling [1.0, 0.6672, -1.0527]. Recommendation = [0.0, -0.1976, 0.0449], Current Cost = 5476.00, Rho = 1.000
(iter 10) [0.0, -0.6456, -0.2516] = 408.9245, sampling [1.0, -1.0364, -1.9049]. Recommendation = [0.0, -0.1976, 0.0449], Current Cost = 5477.00, Rho = 1.000
(iter 10) [0.0, -0.6456, -0.2516] = 408.9245, sampling [1.0, 0.7317, -0.7605]. Recommendation = [0.0, -0.1976, 0.0449], Current Cost = 5478.00, Rho = 1.000
(iter 10) [0.0, -0.6456, -0.2516] = 408.9245, sampling [1.0, -0.8682, -0.4450]. Recommendation = [0.0, -0.1976, 0.0449], Current Cost = 5479.00, Rho = 1.000
(iter 10) [0.0, -0.6456, -0.2516] = 408.9245, sampling [1.0, -0.2018, 1.6587]. Recommendation = [0.0, -0.1976, 0.0449], Current Cost = 5480.00, Rho = 1.000
(iter 10) [0.0, -0.6456, -0.2516] = 408.9245, sampling [1.0, 0.6881, -0.5824]. Recommendation = [0.0, -0.1976, 0.0449], Current Cost = 5481.00, Rho = 1.000
(iter 10) [0.0, -0.6456, -0.2516] = 408.9245, sampling [1.0, 0.3742, 1.5415]. Recommendation = [0.0, -0.1976, 0.0449], Current Cost = 5482.00, Rho = 1.000
(iter 10) [0.0, -0.6456, -0.2516] = 408.9245, sampling [1.0, 1.0840, -0.0766]. Recommendation = [0.0, -0.1976, 0.0449], Current Cost = 5483.00, Rho = 1.000
(iter 10) [0.0, -0.6456, -0.2516] = 408.9245, sampling [1.0, -1.7520, 1.8983]. Recommendation = [0.0, -0.1976, 0.0449], Current Cost = 5484.00, Rho = 1.000
(iter 10) [0.0, -0.6456, -0.2516] = 408.9245, sampling [1.0, -0.6597, -1.1133]. Recommendation = [0.0, -0.1976, 0.0449], Current Cost = 5485.00, Rho = 1.000
(iter 10) [0.0, -0.6456, -0.2516] = 408.9245, sampling [1.0, 0.3355, -1.5502]. Recommendation = [0.0, -0.1976, 0.0449], Current Cost = 5486.00, Rho = 1.000
(iter 10) [0.0, -0.6456, -0.2516] = 408.9245, sampling [1.0, -0.9680, 1.9110]. Recommendation = [0.0, -0.1976, 0.0449], Current Cost = 5487.00, Rho = 1.000
(iter 10) [0.0, -0.6456, -0.2516] = 408.9245, sampling [1.0, 1.7253, 1.8273]. Recommendation = [0.0, -0.1976, 0.0449], Current Cost = 5488.00, Rho = 1.000
(iter 10) [0.0, -0.6456, -0.2516] = 408.9245, sampling [1.0, 0.6087, 1.6866]. Recommendation = [0.0, -0.1976, 0.0449], Current Cost = 5489.00, Rho = 1.000
(iter 10) [0.0, -0.6456, -0.2516] = 408.9245, sampling [1.0, 1.1917, 0.0800]. Recommendation = [0.0, -0.1976, 0.0449], Current Cost = 5490.00, Rho = 1.000
(iter 10) [0.0, -0.6456, -0.2516] = 408.9245, sampling [1.0, 1.0977, -0.5384]. Recommendation = [0.0, -0.1976, 0.0449], Current Cost = 5491.00, Rho = 1.000
(iter 10) [0.0, -0.6456, -0.2516] = 408.9245, sampling [1.0, -0.4603, 1.5732]. Recommendation = [0.0, -0.1976, 0.0449], Current Cost = 5492.00, Rho = 1.000
(iter 10) [0.0, -0.6456, -0.2516] = 408.9245, sampling [1.0, 0.2065, 1.4647]. Recommendation = [0.0, -0.1976, 0.0449], Current Cost = 5493.00, Rho = 1.000
(iter 10) [0.0, -0.6456, -0.2516] = 408.9245, sampling [1.0, -0.2279, 1.4706]. Recommendation = [0.0, -0.1976, 0.0449], Current Cost = 5494.00, Rho = 1.000
(iter 10) [0.0, -0.6456, -0.2516] = 408.9245, sampling [1.0, 0.0468, 1.2252]. Recommendation = [0.0, -0.1976, 0.0449], Current Cost = 5495.00, Rho = 1.000
(iter 10) [0.0, -0.6456, -0.2516] = 408.9245, sampling [1.0, 0.1518, -1.8854]. Recommendation = [0.0, -0.1976, 0.0449], Current Cost = 5496.00, Rho = 1.000
(iter 10) [0.0, -0.6456, -0.2516] = 408.9245, sampling [1.0, -0.0153, -1.6861]. Recommendation = [0.0, -0.1976, 0.0449], Current Cost = 5497.00, Rho = 1.000
(iter 10) [0.0, -0.6456, -0.2516] = 408.9245, sampling [1.0, 0.5672, 1.7899]. Recommendation = [0.0, -0.1976, 0.0449], Current Cost = 5498.00, Rho = 1.000
(iter 10) [0.0, -0.6456, -0.2516] = 408.9245, sampling [1.0, 0.8138, -0.6606]. Recommendation = [0.0, -0.1976, 0.0449], Current Cost = 5499.00, Rho = 1.000
(iter 10) [0.0, -0.6456, -0.2516] = 408.9245, sampling [1.0, -0.0046, 1.5334]. Recommendation = [0.0, -0.1976, 0.0449], Current Cost = 5500.00, Rho = 1.000
(iter 10) [0.0, -0.6456, -0.2516] = 408.9245, sampling [1.0, -1.4772, 1.1502]. Recommendation = [0.0, -0.1976, 0.0449], Current Cost = 5501.00, Rho = 1.000
(iter 10) [0.0, -0.6456, -0.2516] = 408.9245, sampling [1.0, 0.0326, 1.7015]. Recommendation = [0.0, -0.1976, 0.0449], Current Cost = 5502.00, Rho = 1.000
(iter 10) [0.0, -0.6456, -0.2516] = 408.9245, sampling [1.0, -1.4098, 0.2168]. Recommendation = [0.0, -0.1976, 0.0449], Current Cost = 5503.00, Rho = 1.000
(iter 10) [0.0, -0.6456, -0.2516] = 408.9245, sampling [1.0, -1.6983, 1.3972]. Recommendation = [0.0, -0.1976, 0.0449], Current Cost = 5504.00, Rho = 1.000
(iter 10) [0.0, -0.6456, -0.2516] = 408.9245, sampling [1.0, 0.3382, -1.0260]. Recommendation = [0.0, -0.1976, 0.0449], Current Cost = 5505.00, Rho = 1.000
(iter 10) [0.0, -0.6456, -0.2516] = 408.9245, sampling [0.0, 0.5109, 0.2953]. Recommendation = [0.0, -0.1976, 0.0449], Current Cost = 5506.00, Rho = 1.000
(iter 511) [0.0, 0.5109, 0.2953] = 455.9425, sampling [0.0, -0.0091, 0.0943]. Recommendation = [0.0, 0.5109, 0.2953], Current Cost = 6506.00, Rho = 1.000
(iter 511) [0.0, 0.5109, 0.2953] = 455.9425, sampling [0.0, -0.3795, 0.2601]. Recommendation = [0.0, 0.5109, 0.2953], Current Cost = 7506.00, Rho = 1.000
(iter 511) [0.0, 0.5109, 0.2953] = 455.9425, sampling [0.0, 0.7218, 0.6540]. Recommendation = [0.0, 0.5109, 0.2953], Current Cost = 8506.00, Rho = 1.000
(iter 511) [0.0, 0.5109, 0.2953] = 455.9425, sampling [0.0, 0.2573, 0.0087]. Recommendation = [0.0, 0.5109, 0.2953], Current Cost = 9506.00, Rho = 1.000
(iter 511) [0.0, 0.5109, 0.2953] = 455.9425, sampling [0.0, -0.1784, -0.1103]. Recommendation = [0.0, 0.5109, 0.2953], Current Cost = 10506.00, Rho = 1.000
(iter 511) [0.0, 0.5109, 0.2953] = 455.9425, sampling [0.0, 0.2535, 0.2436]. Recommendation = [0.0, -0.1976, 0.0449], Current Cost = 11506.00, Rho = 1.000
(iter 511) [0.0, 0.5109, 0.2953] = 455.9425, sampling [0.0, 1.0267, 1.0342]. Recommendation = [0.0, -0.1976, 0.0449], Current Cost = 12506.00, Rho = 1.000
(iter 518) [0.0, 1.0267, 1.0342] = 456.2600, sampling [0.0, 0.9156, 0.8035]. Recommendation = [0.0, 1.0267, 1.0342], Current Cost = 13506.00, Rho = 1.000
(iter 518) [0.0, 1.0267, 1.0342] = 456.2600, sampling [0.0, -0.6930, 0.5366]. Recommendation = [0.0, 1.0267, 1.0342], Current Cost = 14506.00, Rho = 1.000
(iter 518) [0.0, 1.0267, 1.0342] = 456.2600, sampling [0.0, 0.7516, 0.3978]. Recommendation = [0.0, 1.0267, 1.0342], Current Cost = 15506.00, Rho = 1.000
(iter 518) [0.0, 1.0267, 1.0342] = 456.2600, sampling [1.0, 1.3099, 0.5834]. Recommendation = [0.0, 0.6726, 0.5099], Current Cost = 16506.00, Rho = 1.000
(iter 518) [0.0, 1.0267, 1.0342] = 456.2600, sampling [1.0, 1.3263, 0.0370]. Recommendation = [0.0, 0.6726, 0.5099], Current Cost = 16507.00, Rho = 1.000
(iter 518) [0.0, 1.0267, 1.0342] = 456.2600, sampling [0.0, -0.9666, 1.0787]. Recommendation = [0.0, 0.6726, 0.5099], Current Cost = 16508.00, Rho = 1.000
(iter 518) [0.0, 1.0267, 1.0342] = 456.2600, sampling [1.0, -0.6228, 1.0070]. Recommendation = [0.0, 0.6726, 0.5099], Current Cost = 17508.00, Rho = 1.000
(iter 518) [0.0, 1.0267, 1.0342] = 456.2600, sampling [1.0, -0.6833, 1.9328]. Recommendation = [0.0, 0.6726, 0.5099], Current Cost = 17509.00, Rho = 1.000
(iter 518) [0.0, 1.0267, 1.0342] = 456.2600, sampling [1.0, -1.9738, 1.5682]. Recommendation = [0.0, 0.6726, 0.5099], Current Cost = 17510.00, Rho = 1.000
(iter 518) [0.0, 1.0267, 1.0342] = 456.2600, sampling [0.0, -0.8420, 0.7698]. Recommendation = [0.0, 0.6726, 0.5099], Current Cost = 17511.00, Rho = 1.000
(iter 518) [0.0, 1.0267, 1.0342] = 456.2600, sampling [0.0, 1.1301, 1.5044]. Recommendation = [0.0, 0.6726, 0.5099], Current Cost = 18511.00, Rho = 1.000
(iter 518) [0.0, 1.0267, 1.0342] = 456.2600, sampling [1.0, 0.3503, 1.7070]. Recommendation = [0.0, 0.6726, 0.5099], Current Cost = 19511.00, Rho = 1.000
(iter 518) [0.0, 1.0267, 1.0342] = 456.2600, sampling [0.0, 1.0782, 1.2503]. Recommendation = [0.0, 0.6726, 0.5099], Current Cost = 19512.00, Rho = 1.000
(iter 518) [0.0, 1.0267, 1.0342] = 456.2600, sampling [0.0, 0.1787, -0.2242]. Recommendation = [0.0, 0.6726, 0.5099], Current Cost = 20512.00, Rho = 1.000
(iter 518) [0.0, 1.0267, 1.0342] = 456.2600, sampling [0.0, -1.2774, 1.7244]. Recommendation = [0.0, 0.6726, 0.5099], Current Cost = 21512.00, Rho = 1.000
(iter 518) [0.0, 1.0267, 1.0342] = 456.2600, sampling [1.0, -1.5877, 1.2842]. Recommendation = [0.0, 0.6726, 0.5099], Current Cost = 22512.00, Rho = 1.000
(iter 518) [0.0, 1.0267, 1.0342] = 456.2600, sampling [1.0, -0.4108, 1.6728]. Recommendation = [0.0, 0.6726, 0.5099], Current Cost = 22513.00, Rho = 1.000
(iter 518) [0.0, 1.0267, 1.0342] = 456.2600, sampling [1.0, -0.2507, 1.8953]. Recommendation = [0.0, 0.6726, 0.5099], Current Cost = 22514.00, Rho = 1.000
(iter 518) [0.0, 1.0267, 1.0342] = 456.2600, sampling [1.0, -0.2735, 1.6261]. Recommendation = [0.0, 0.6726, 0.5099], Current Cost = 22515.00, Rho = 1.000
(iter 518) [0.0, 1.0267, 1.0342] = 456.2600, sampling [1.0, -0.3675, 1.3688]. Recommendation = [0.0, 0.6726, 0.5099], Current Cost = 22516.00, Rho = 1.000
(iter 518) [0.0, 1.0267, 1.0342] = 456.2600, sampling [1.0, 0.0482, 1.1821]. Recommendation = [0.0, 0.6726, 0.5099], Current Cost = 22517.00, Rho = 1.000
(iter 518) [0.0, 1.0267, 1.0342] = 456.2600, sampling [0.0, -1.1554, 1.4541]. Recommendation = [0.0, 0.6726, 0.5099], Current Cost = 22518.00, Rho = 1.000
(iter 518) [0.0, 1.0267, 1.0342] = 456.2600, sampling [1.0, 0.5140, 1.8743]. Recommendation = [0.0, 0.6726, 0.5099], Current Cost = 23518.00, Rho = 1.000
(iter 518) [0.0, 1.0267, 1.0342] = 456.2600, sampling [0.0, 1.3339, 1.8578]. Recommendation = [0.0, 0.6726, 0.5099], Current Cost = 23519.00, Rho = 1.000
(iter 518) [0.0, 1.0267, 1.0342] = 456.2600, sampling [1.0, 0.1030, 1.9012]. Recommendation = [0.0, 0.6726, 0.5099], Current Cost = 24519.00, Rho = 1.000
(iter 518) [0.0, 1.0267, 1.0342] = 456.2600, sampling [0.0, -0.6413, 0.3072]. Recommendation = [0.0, 0.6726, 0.5099], Current Cost = 24520.00, Rho = 1.000
(iter 518) [0.0, 1.0267, 1.0342] = 456.2600, sampling [0.0, -0.2664, 0.1412]. Recommendation = [0.0, 0.6726, 0.5099], Current Cost = 25520.00, Rho = 1.000
(iter 518) [0.0, 1.0267, 1.0342] = 456.2600, sampling [1.0, 0.8442, -0.8679]. Recommendation = [0.0, 0.6726, 0.5099], Current Cost = 26520.00, Rho = 1.000
(iter 518) [0.0, 1.0267, 1.0342] = 456.2600, sampling [0.0, 0.4456, 0.4691]. Recommendation = [0.0, 0.6726, 0.5099], Current Cost = 26521.00, Rho = 1.000
(iter 518) [0.0, 1.0267, 1.0342] = 456.2600, sampling [0.0, -0.4258, 0.5169]. Recommendation = [0.0, 1.0267, 1.0342], Current Cost = 27521.00, Rho = 1.000
(iter 518) [0.0, 1.0267, 1.0342] = 456.2600, sampling [0.0, 0.8539, 0.9252]. Recommendation = [0.0, 1.0267, 1.0342], Current Cost = 28521.00, Rho = 1.000
(iter 518) [0.0, 1.0267, 1.0342] = 456.2600, sampling [0.0, 0.5490, -0.0604]. Recommendation = [0.0, 1.0267, 1.0342], Current Cost = 29521.00, Rho = 1.000
(iter 518) [0.0, 1.0267, 1.0342] = 456.2600, sampling [1.0, 0.8624, -0.4785]. Recommendation = [0.0, 1.0267, 1.0342], Current Cost = 30521.00, Rho = 1.000
(iter 518) [0.0, 1.0267, 1.0342] = 456.2600, sampling [1.0, 1.8403, 1.8084]. Recommendation = [0.0, 1.0267, 1.0342], Current Cost = 30522.00, Rho = 1.000
(iter 518) [0.0, 1.0267, 1.0342] = 456.2600, sampling [0.0, -0.5196, 0.0585]. Recommendation = [0.0, 1.0267, 1.0342], Current Cost = 30523.00, Rho = 1.000
(iter 518) [0.0, 1.0267, 1.0342] = 456.2600, sampling [0.0, 1.2026, 1.6792]. Recommendation = [0.0, 1.0267, 1.0342], Current Cost = 31523.00, Rho = 1.000
(iter 518) [0.0, 1.0267, 1.0342] = 456.2600, sampling [0.0, -0.0526, 0.3548]. Recommendation = [0.0, 1.0267, 1.0342], Current Cost = 32523.00, Rho = 1.000
(iter 518) [0.0, 1.0267, 1.0342] = 456.2600, sampling [0.0, -1.0678, 1.2756]. Recommendation = [0.0, 1.0267, 1.0342], Current Cost = 33523.00, Rho = 1.000
(iter 518) [0.0, 1.0267, 1.0342] = 456.2600, sampling [1.0, -0.7592, 1.9248]. Recommendation = [0.0, 1.0267, 1.0342], Current Cost = 34523.00, Rho = 1.000
(iter 518) [0.0, 1.0267, 1.0342] = 456.2600, sampling [0.0, -1.4338, 1.9442]. Recommendation = [0.0, 1.0267, 1.0342], Current Cost = 34524.00, Rho = 1.000
(iter 518) [0.0, 1.0267, 1.0342] = 456.2600, sampling [1.0, -1.8304, 1.9285]. Recommendation = [0.0, 1.0267, 1.0342], Current Cost = 35524.00, Rho = 1.000
(iter 518) [0.0, 1.0267, 1.0342] = 456.2600, sampling [0.0, 0.1370, -0.0335]. Recommendation = [0.0, 1.0267, 1.0342], Current Cost = 35525.00, Rho = 1.000
(iter 518) [0.0, 1.0267, 1.0342] = 456.2600, sampling [0.0, 0.6558, 0.1905]. Recommendation = [0.0, 1.0267, 1.0342], Current Cost = 36525.00, Rho = 1.000
(iter 518) [0.0, 1.0267, 1.0342] = 456.2600, sampling [0.0, 0.6726, 0.5099]. Recommendation = [0.0, 1.0267, 1.0342], Current Cost = 37525.00, Rho = 1.000
(iter 518) [0.0, 1.0267, 1.0342] = 456.2600, sampling [1.0, 0.1059, 1.3282]. Recommendation = [0.0, 1.0267, 1.0342], Current Cost = 38525.00, Rho = 1.000
(iter 518) [0.0, 1.0267, 1.0342] = 456.2600, sampling [0.0, 0.8767, 0.5358]. Recommendation = [0.0, 1.0267, 1.0342], Current Cost = 38526.00, Rho = 1.000
(iter 518) [0.0, 1.0267, 1.0342] = 456.2600, sampling [0.0, 0.9771, 1.1646]. Recommendation = [0.0, 1.0267, 1.0342], Current Cost = 39526.00, Rho = 1.000
(iter 518) [0.0, 1.0267, 1.0342] = 456.2600, sampling [0.0, -0.0313, -0.3768]. Recommendation = [0.0, 1.0267, 1.0342], Current Cost = 40526.00, Rho = 1.000
(iter 518) [0.0, 1.0267, 1.0342] = 456.2600, sampling [1.0, 0.5764, -0.9981]. Recommendation = [0.0, 1.0267, 1.0342], Current Cost = 41526.00, Rho = 1.000
(iter 518) [0.0, 1.0267, 1.0342] = 456.2600, sampling [0.0, -0.3274, -0.1523]. Recommendation = [0.0, 1.0267, 1.0342], Current Cost = 41527.00, Rho = 1.000
(iter 518) [0.0, 1.0267, 1.0342] = 456.2600, sampling [1.0, -1.2606, -0.2398]. Recommendation = [0.0, 1.0267, 1.0342], Current Cost = 42527.00, Rho = 1.000
(iter 518) [0.0, 1.0267, 1.0342] = 456.2600, sampling [0.0, -0.7377, 0.9877]. Recommendation = [0.0, 1.0267, 1.0342], Current Cost = 42528.00, Rho = 1.000
(iter 518) [0.0, 1.0267, 1.0342] = 456.2600, sampling [0.0, 1.3513, 1.6333]. Recommendation = [0.0, 1.0267, 1.0342], Current Cost = 43528.00, Rho = 1.000
(iter 518) [0.0, 1.0267, 1.0342] = 456.2600, sampling [0.0, -1.0723, 0.8781]. Recommendation = [0.0, 1.0267, 1.0342], Current Cost = 44528.00, Rho = 1.000
(iter 518) [0.0, 1.0267, 1.0342] = 456.2600, sampling [1.0, -1.5617, 0.9282]. Recommendation = [0.0, 1.0267, 1.0342], Current Cost = 45528.00, Rho = 1.000
(iter 518) [0.0, 1.0267, 1.0342] = 456.2600, sampling [1.0, -1.5384, 0.6076]. Recommendation = [0.0, 1.0267, 1.0342], Current Cost = 45529.00, Rho = 1.000
(iter 518) [0.0, 1.0267, 1.0342] = 456.2600, sampling [0.0, -0.1976, 0.0449]. Recommendation = [0.0, 1.0267, 1.0342], Current Cost = 45530.00, Rho = 1.000
(iter 518) [0.0, 1.0267, 1.0342] = 456.2600, sampling [0.0, 1.4938, 1.9805]. Recommendation = [0.0, 1.0267, 1.0342], Current Cost = 46530.00, Rho = 1.000
(iter 518) [0.0, 1.0267, 1.0342] = 456.2600, sampling [1.0, 1.9826, 1.6445]. Recommendation = [0.0, 1.0267, 1.0342], Current Cost = 47530.00, Rho = 1.000
(iter 518) [0.0, 1.0267, 1.0342] = 456.2600, sampling [1.0, 1.7396, 1.5253]. Recommendation = [0.0, 1.0267, 1.0342], Current Cost = 47531.00, Rho = 1.000
(iter 518) [0.0, 1.0267, 1.0342] = 456.2600, sampling [0.0, -0.8325, 0.6323]. Recommendation = [0.0, 1.0267, 1.0342], Current Cost = 47532.00, Rho = 1.000
(iter 518) [0.0, 1.0267, 1.0342] = 456.2600, sampling [0.0, -0.5135, 0.3661]. Recommendation = [0.0, 1.0267, 1.0342], Current Cost = 48532.00, Rho = 1.000
(iter 518) [0.0, 1.0267, 1.0342] = 456.2600, sampling [0.0, 0.1354, 0.1772]. Recommendation = [0.0, 1.0267, 1.0342], Current Cost = 49532.00, Rho = 1.000
(iter 518) [0.0, 1.0267, 1.0342] = 456.2600, sampling [0.0, 1.0398, 0.8632]. Recommendation = [0.0, 1.0267, 1.0342], Current Cost = 50532.00, Rho = 1.000
(iter 518) [0.0, 1.0267, 1.0342] = 456.2600, sampling [0.0, -0.6875, 0.6723]. Recommendation = [0.0, 1.0267, 1.0342], Current Cost = 51532.00, Rho = 1.000
(iter 518) [0.0, 1.0267, 1.0342] = 456.2600, sampling [0.0, -1.1192, 1.1522]. Recommendation = [0.0, 1.0267, 1.0342], Current Cost = 52532.00, Rho = 1.000
(iter 518) [0.0, 1.0267, 1.0342] = 456.2600, sampling [0.0, 0.5966, 0.7420]. Recommendation = [0.0, 1.0267, 1.0342], Current Cost = 53532.00, Rho = 1.000
(iter 518) [0.0, 1.0267, 1.0342] = 456.2600, sampling [0.0, 0.0286, -0.2300]. Recommendation = [0.0, 1.0267, 1.0342], Current Cost = 54532.00, Rho = 1.000
(iter 518) [0.0, 1.0267, 1.0342] = 456.2600, sampling [0.0, -0.5118, 0.2250]. Recommendation = [0.0, 1.0267, 1.0342], Current Cost = 55532.00, Rho = 1.000
(iter 518) [0.0, 1.0267, 1.0342] = 456.2600, sampling [0.0, 0.3989, -0.1572]. Recommendation = [0.0, 1.0267, 1.0342], Current Cost = 56532.00, Rho = 1.000
(iter 518) [0.0, 1.0267, 1.0342] = 456.2600, sampling [0.0, -0.9169, 0.8688]. Recommendation = [0.0, 1.0267, 1.0342], Current Cost = 57532.00, Rho = 1.000
(iter 518) [0.0, 1.0267, 1.0342] = 456.2600, sampling [0.0, -0.8150, 0.4435]. Recommendation = [0.0, 1.0267, 1.0342], Current Cost = 58532.00, Rho = 1.000
(iter 518) [0.0, 1.0267, 1.0342] = 456.2600, sampling [0.0, -1.2532, 1.3720]. Recommendation = [0.0, 1.0267, 1.0342], Current Cost = 59532.00, Rho = 1.000
(iter 518) [0.0, 1.0267, 1.0342] = 456.2600, sampling [0.0, -0.1088, -0.0507]. Recommendation = [0.0, 1.0267, 1.0342], Current Cost = 60532.00, Rho = 1.000
(iter 518) [0.0, 1.0267, 1.0342] = 456.2600, sampling [0.0, -1.2705, 1.8718]. Recommendation = [0.0, 1.0267, 1.0342], Current Cost = 61532.00, Rho = 1.000
(iter 518) [0.0, 1.0267, 1.0342] = 456.2600, sampling [0.0, 1.2939, 1.3440]. Recommendation = [0.0, 1.0267, 1.0342], Current Cost = 62532.00, Rho = 1.000
(iter 518) [0.0, 1.0267, 1.0342] = 456.2600, sampling [1.0, 1.4962, 0.9900]. Recommendation = [0.0, 1.0267, 1.0342], Current Cost = 63532.00, Rho = 1.000
(iter 518) [0.0, 1.0267, 1.0342] = 456.2600, sampling [0.0, 0.2642, 0.3747]. Recommendation = [0.0, 1.0267, 1.0342], Current Cost = 63533.00, Rho = 1.000
(iter 518) [0.0, 1.0267, 1.0342] = 456.2600, sampling [0.0, 1.4261, 1.8304]. Recommendation = [0.0, 1.0267, 1.0342], Current Cost = 64533.00, Rho = 1.000
(iter 518) [0.0, 1.0267, 1.0342] = 456.2600, sampling [0.0, -0.5874, 0.4472]. Recommendation = [0.0, 1.0267, 1.0342], Current Cost = 65533.00, Rho = 1.000
(iter 518) [0.0, 1.0267, 1.0342] = 456.2600, sampling [0.0, -1.3149, 1.6407]. Recommendation = [0.0, 1.0267, 1.0342], Current Cost = 66533.00, Rho = 1.000
(iter 518) [0.0, 1.0267, 1.0342] = 456.2600, sampling [0.0, -0.1910, 0.3267]. Recommendation = [0.0, 1.0267, 1.0342], Current Cost = 67533.00, Rho = 1.000
(iter 518) [0.0, 1.0267, 1.0342] = 456.2600, sampling [0.0, 1.0322, 1.3150]. Recommendation = [0.0, 1.0267, 1.0342], Current Cost = 68533.00, Rho = 1.000
(iter 518) [0.0, 1.0267, 1.0342] = 456.2600, sampling [0.0, 1.0026, 0.9606]. Recommendation = [0.0, 1.0267, 1.0342], Current Cost = 69533.00, Rho = 1.000
(iter 518) [0.0, 1.0267, 1.0342] = 456.2600, sampling [0.0, -0.0356, 0.2133]. Recommendation = [0.0, 1.0267, 1.0342], Current Cost = 70533.00, Rho = 1.000
(iter 518) [0.0, 1.0267, 1.0342] = 456.2600, sampling [0.0, -0.4406, 0.1676]. Recommendation = [0.0, 1.0267, 1.0342], Current Cost = 71533.00, Rho = 1.000
(iter 518) [0.0, 1.0267, 1.0342] = 456.2600, sampling [0.0, 0.8343, 0.8372]. Recommendation = [0.0, 1.0267, 1.0342], Current Cost = 72533.00, Rho = 1.000
(iter 518) [0.0, 1.0267, 1.0342] = 456.2600, sampling [1.0, 0.7275, -0.7152]. Recommendation = [0.0, 1.0267, 1.0342], Current Cost = 73533.00, Rho = 1.000
(iter 518) [0.0, 1.0267, 1.0342] = 456.2600, sampling [0.0, 0.7883, 0.5078]. Recommendation = [0.0, 1.0267, 1.0342], Current Cost = 73534.00, Rho = 1.000
(iter 518) [0.0, 1.0267, 1.0342] = 456.2600, sampling [0.0, 0.9201, 1.0864]. Recommendation = [0.0, 1.0267, 1.0342], Current Cost = 74534.00, Rho = 1.000
(iter 518) [0.0, 1.0267, 1.0342] = 456.2600, sampling [0.0, -0.1552, -0.2651]. Recommendation = [0.0, 1.0267, 1.0342], Current Cost = 75534.00, Rho = 1.000
(iter 518) [0.0, 1.0267, 1.0342] = 456.2600, sampling [0.0, -0.4458, -0.0754]. Recommendation = [0.0, 1.0267, 1.0342], Current Cost = 76534.00, Rho = 1.000
(iter 518) [0.0, 1.0267, 1.0342] = 456.2600, sampling [1.0, 0.0814, 1.6017]. Recommendation = [0.0, 1.0267, 1.0342], Current Cost = 77534.00, Rho = 1.000
(iter 518) [0.0, 1.0267, 1.0342] = 456.2600, sampling [0.0, 1.2195, 1.9894]. Recommendation = [0.0, 1.0267, 1.0342], Current Cost = 77535.00, Rho = 1.000
(iter 518) [0.0, 1.0267, 1.0342] = 456.2600, sampling [1.0, -0.8723, -0.8207]. Recommendation = [0.0, 1.0267, 1.0342], Current Cost = 78535.00, Rho = 1.000
(iter 518) [0.0, 1.0267, 1.0342] = 456.2600, sampling [1.0, -0.1148, -1.3028]. Recommendation = [0.0, 1.0267, 1.0342], Current Cost = 78536.00, Rho = 1.000
(iter 518) [0.0, 1.0267, 1.0342] = 456.2600, sampling [0.0, 0.4490, 0.3704]. Recommendation = [0.0, 1.0267, 1.0342], Current Cost = 78537.00, Rho = 1.000
(iter 518) [0.0, 1.0267, 1.0342] = 456.2600, sampling [0.0, 0.7182, 0.2759]. Recommendation = [0.0, 1.0267, 1.0342], Current Cost = 79537.00, Rho = 1.000
(iter 518) [0.0, 1.0267, 1.0342] = 456.2600, sampling [0.0, 1.0894, 1.0254]. Recommendation = [0.0, 1.0267, 1.0342], Current Cost = 80537.00, Rho = 1.000
(iter 518) [0.0, 1.0267, 1.0342] = 456.2600, sampling [1.0, 1.6988, 1.7212]. Recommendation = [0.0, 1.0267, 1.0342], Current Cost = 81537.00, Rho = 1.000
(iter 518) [0.0, 1.0267, 1.0342] = 456.2600, sampling [0.0, -0.9509, 1.2282]. Recommendation = [0.0, 1.0267, 1.0342], Current Cost = 81538.00, Rho = 1.000
(iter 518) [0.0, 1.0267, 1.0342] = 456.2600, sampling [0.0, -0.7133, 0.1312]. Recommendation = [0.0, 1.0267, 1.0342], Current Cost = 82538.00, Rho = 1.000
(iter 518) [0.0, 1.0267, 1.0342] = 456.2600, sampling [0.0, -0.3819, 0.3884]. Recommendation = [0.0, 1.0267, 1.0342], Current Cost = 83538.00, Rho = 1.000
(iter 518) [0.0, 1.0267, 1.0342] = 456.2600, sampling [0.0, 1.2566, 1.8329]. Recommendation = [0.0, 1.0267, 1.0342], Current Cost = 84538.00, Rho = 1.000
(iter 518) [0.0, 1.0267, 1.0342] = 456.2600, sampling [0.0, -1.0960, 1.0603]. Recommendation = [0.0, 1.0267, 1.0342], Current Cost = 85538.00, Rho = 1.000
(iter 518) [0.0, 1.0267, 1.0342] = 456.2600, sampling [0.0, -0.8974, 0.9832]. Recommendation = [0.0, 1.0267, 1.0342], Current Cost = 86538.00, Rho = 1.000
(iter 518) [0.0, 1.0267, 1.0342] = 456.2600, sampling [0.0, -0.5624, 0.6438]. Recommendation = [0.0, 1.0267, 1.0342], Current Cost = 87538.00, Rho = 1.000
(iter 518) [0.0, 1.0267, 1.0342] = 456.2600, sampling [0.0, 1.0124, 0.6121]. Recommendation = [0.0, 1.0267, 1.0342], Current Cost = 88538.00, Rho = 1.000
(iter 518) [0.0, 1.0267, 1.0342] = 456.2600, sampling [0.0, 1.0472, 1.1872]. Recommendation = [0.0, 1.0267, 1.0342], Current Cost = 89538.00, Rho = 1.000
(iter 518) [0.0, 1.0267, 1.0342] = 456.2600, sampling [0.0, 0.0789, 0.2986]. Recommendation = [0.0, 1.0267, 1.0342], Current Cost = 90538.00, Rho = 1.000
(iter 518) [0.0, 1.0267, 1.0342] = 456.2600, sampling [1.0, 1.4730, 0.3428]. Recommendation = [0.0, 1.0267, 1.0342], Current Cost = 91538.00, Rho = 1.000
(iter 518) [0.0, 1.0267, 1.0342] = 456.2600, sampling [1.0, 0.8103, -1.1898]. Recommendation = [0.0, 1.0267, 1.0342], Current Cost = 91539.00, Rho = 1.000
(iter 518) [0.0, 1.0267, 1.0342] = 456.2600, sampling [0.0, -1.0247, 1.5542]. Recommendation = [0.0, 1.0267, 1.0342], Current Cost = 91540.00, Rho = 1.000
(iter 518) [0.0, 1.0267, 1.0342] = 456.2600, sampling [0.0, 0.3231, -0.2830]. Recommendation = [0.0, 1.0267, 1.0342], Current Cost = 92540.00, Rho = 1.000
(iter 518) [0.0, 1.0267, 1.0342] = 456.2600, sampling [0.0, -0.3523, 0.1971]. Recommendation = [0.0, 1.0267, 1.0342], Current Cost = 93540.00, Rho = 1.000
(iter 518) [0.0, 1.0267, 1.0342] = 456.2600, sampling [0.0, -1.2134, 1.2178]. Recommendation = [0.0, 1.0267, 1.0342], Current Cost = 94540.00, Rho = 1.000
(iter 518) [0.0, 1.0267, 1.0342] = 456.2600, sampling [1.0, -1.0480, -0.1443]. Recommendation = [0.0, 1.0267, 1.0342], Current Cost = 95540.00, Rho = 1.000
(iter 518) [0.0, 1.0267, 1.0342] = 456.2600, sampling [0.0, -1.2564, 1.4585]. Recommendation = [0.0, 1.0267, 1.0342], Current Cost = 95541.00, Rho = 1.000
(iter 518) [0.0, 1.0267, 1.0342] = 456.2600, sampling [0.0, -0.7730, 0.5214]. Recommendation = [0.0, 1.0267, 1.0342], Current Cost = 96541.00, Rho = 1.000
(iter 518) [0.0, 1.0267, 1.0342] = 456.2600, sampling [0.0, 0.4087, 0.5799]. Recommendation = [0.0, 1.0267, 1.0342], Current Cost = 97541.00, Rho = 1.000
(iter 518) [0.0, 1.0267, 1.0342] = 456.2600, sampling [0.0, -0.5428, 0.3011]. Recommendation = [0.0, 1.0267, 1.0342], Current Cost = 98541.00, Rho = 1.000
(iter 518) [0.0, 1.0267, 1.0342] = 456.2600, sampling [0.0, -0.6156, 0.3819]. Recommendation = [0.0, 1.0267, 1.0342], Current Cost = 99541.00, Rho = 1.000
