(iter 10) [0.0, -0.1451, 0.6129] = 419.9562, sampling [1.0, -0.2768, 1.1709]. Recommendation = [0.0, -0.1451, 0.6129], Current Cost = 5005.00, Rho = 0.491
(iter 10) [0.0, -0.1451, 0.6129] = 419.9562, sampling [1.0, -0.1315, 0.7683]. Recommendation = [0.0, -0.1451, 0.6129], Current Cost = 5006.00, Rho = 0.491
(iter 10) [0.0, -0.1451, 0.6129] = 419.9562, sampling [1.0, -0.8298, 1.6042]. Recommendation = [0.0, -0.1451, 0.6129], Current Cost = 5007.00, Rho = 0.491
(iter 10) [0.0, -0.1451, 0.6129] = 419.9562, sampling [1.0, -0.3910, 0.6720]. Recommendation = [0.0, -0.1451, 0.6129], Current Cost = 5008.00, Rho = 0.491
(iter 10) [0.0, -0.1451, 0.6129] = 419.9562, sampling [1.0, -0.5452, 0.8175]. Recommendation = [0.0, -0.3910, 0.6720], Current Cost = 5009.00, Rho = 0.491
(iter 10) [0.0, -0.1451, 0.6129] = 419.9562, sampling [1.0, -0.4283, 0.7423]. Recommendation = [0.0, -0.3910, 0.6720], Current Cost = 5010.00, Rho = 0.491
(iter 10) [0.0, -0.1451, 0.6129] = 419.9562, sampling [1.0, -0.5335, 0.6451]. Recommendation = [0.0, -0.3910, 0.6720], Current Cost = 5011.00, Rho = 0.491
(iter 10) [0.0, -0.1451, 0.6129] = 419.9562, sampling [1.0, -0.7330, 0.8641]. Recommendation = [0.0, -0.5335, 0.6451], Current Cost = 5012.00, Rho = 0.491
(iter 10) [0.0, -0.1451, 0.6129] = 419.9562, sampling [1.0, -0.8770, 0.9089]. Recommendation = [0.0, -0.7330, 0.8641], Current Cost = 5013.00, Rho = 0.491
(iter 10) [0.0, -0.1451, 0.6129] = 419.9562, sampling [1.0, -0.9857, 1.0368]. Recommendation = [0.0, -0.8770, 0.9089], Current Cost = 5014.00, Rho = 0.491
(iter 10) [0.0, -0.1451, 0.6129] = 419.9562, sampling [1.0, -0.8017, 1.1308]. Recommendation = [0.0, -0.9857, 1.0368], Current Cost = 5015.00, Rho = 0.491
(iter 10) [0.0, -0.1451, 0.6129] = 419.9562, sampling [1.0, -0.9457, 0.9548]. Recommendation = [0.0, -0.9857, 1.0368], Current Cost = 5016.00, Rho = 0.491
(iter 10) [0.0, -0.1451, 0.6129] = 419.9562, sampling [1.0, -1.0366, 0.8483]. Recommendation = [0.0, -0.9457, 0.9548], Current Cost = 5017.00, Rho = 0.491
(iter 10) [0.0, -0.1451, 0.6129] = 419.9562, sampling [1.0, -1.0262, 0.9468]. Recommendation = [0.0, -0.9397, 0.9194], Current Cost = 5018.00, Rho = 0.491
(iter 10) [0.0, -0.1451, 0.6129] = 419.9562, sampling [1.0, -0.8258, 0.6435]. Recommendation = [0.0, -0.9932, 0.9599], Current Cost = 5019.00, Rho = 0.491
(iter 10) [0.0, -0.1451, 0.6129] = 419.9562, sampling [1.0, -1.1611, 1.0650]. Recommendation = [0.0, -0.8258, 0.6435], Current Cost = 5020.00, Rho = 0.491
(iter 10) [0.0, -0.1451, 0.6129] = 419.9562, sampling [1.0, -1.0315, 1.1481]. Recommendation = [0.0, -0.8258, 0.6435], Current Cost = 5021.00, Rho = 0.491
(iter 10) [0.0, -0.1451, 0.6129] = 419.9562, sampling [1.0, -1.0419, 1.0529]. Recommendation = [0.0, -0.8258, 0.6435], Current Cost = 5022.00, Rho = 0.491
(iter 10) [0.0, -0.1451, 0.6129] = 419.9562, sampling [1.0, -0.9576, 0.6201]. Recommendation = [0.0, -0.8258, 0.6435], Current Cost = 5023.00, Rho = 0.491
(iter 10) [0.0, -0.1451, 0.6129] = 419.9562, sampling [1.0, -1.0193, 1.2597]. Recommendation = [0.0, -0.8258, 0.6435], Current Cost = 5024.00, Rho = 0.491
(iter 10) [0.0, -0.1451, 0.6129] = 419.9562, sampling [1.0, -1.1990, 0.8027]. Recommendation = [0.0, -0.8258, 0.6435], Current Cost = 5025.00, Rho = 0.491
(iter 10) [0.0, -0.1451, 0.6129] = 419.9562, sampling [1.0, -0.8215, 0.8921]. Recommendation = [0.0, -0.8258, 0.6435], Current Cost = 5026.00, Rho = 0.491
(iter 10) [0.0, -0.1451, 0.6129] = 419.9562, sampling [1.0, -0.9397, 0.9194]. Recommendation = [0.0, -0.8258, 0.6435], Current Cost = 5027.00, Rho = 0.491
(iter 10) [0.0, -0.1451, 0.6129] = 419.9562, sampling [1.0, -1.3382, 1.3959]. Recommendation = [0.0, -0.8258, 0.6435], Current Cost = 5028.00, Rho = 0.491
(iter 10) [0.0, -0.1451, 0.6129] = 419.9562, sampling [1.0, -1.0838, 1.4122]. Recommendation = [0.0, -0.8258, 0.6435], Current Cost = 5029.00, Rho = 0.491
(iter 10) [0.0, -0.1451, 0.6129] = 419.9562, sampling [1.0, -1.2636, 1.1011]. Recommendation = [0.0, -0.8258, 0.6435], Current Cost = 5030.00, Rho = 0.491
(iter 10) [0.0, -0.1451, 0.6129] = 419.9562, sampling [1.0, -1.1506, 1.5113]. Recommendation = [0.0, -0.8258, 0.6435], Current Cost = 5031.00, Rho = 0.491
(iter 10) [0.0, -0.1451, 0.6129] = 419.9562, sampling [1.0, -1.0127, 1.0104]. Recommendation = [0.0, -0.8258, 0.6435], Current Cost = 5032.00, Rho = 0.491
(iter 10) [0.0, -0.1451, 0.6129] = 419.9562, sampling [1.0, -1.2295, 1.5690]. Recommendation = [0.0, -0.8258, 0.6435], Current Cost = 5033.00, Rho = 0.491
(iter 10) [0.0, -0.1451, 0.6129] = 419.9562, sampling [1.0, -1.3491, 1.6365]. Recommendation = [0.0, -0.8258, 0.6435], Current Cost = 5034.00, Rho = 0.491
(iter 10) [0.0, -0.1451, 0.6129] = 419.9562, sampling [1.0, -1.1814, 1.6343]. Recommendation = [0.0, -0.8258, 0.6435], Current Cost = 5035.00, Rho = 0.491
(iter 10) [0.0, -0.1451, 0.6129] = 419.9562, sampling [1.0, -0.9932, 0.9599]. Recommendation = [0.0, -0.8258, 0.6435], Current Cost = 5036.00, Rho = 0.491
(iter 10) [0.0, -0.1451, 0.6129] = 419.9562, sampling [1.0, -1.0070, 1.1748]. Recommendation = [0.0, -0.8258, 0.6435], Current Cost = 5037.00, Rho = 0.491
(iter 10) [0.0, -0.1451, 0.6129] = 419.9562, sampling [1.0, -1.2530, 1.7123]. Recommendation = [0.0, -0.8258, 0.6435], Current Cost = 5038.00, Rho = 0.491
(iter 10) [0.0, -0.1451, 0.6129] = 419.9562, sampling [1.0, -1.0114, 1.3606]. Recommendation = [0.0, -0.8258, 0.6435], Current Cost = 5039.00, Rho = 0.491
(iter 10) [0.0, -0.1451, 0.6129] = 419.9562, sampling [1.0, -0.7511, 0.4421]. Recommendation = [0.0, -0.8258, 0.6435], Current Cost = 5040.00, Rho = 0.491
(iter 10) [0.0, -0.1451, 0.6129] = 419.9562, sampling [1.0, -0.6160, 0.4277]. Recommendation = [0.0, -0.8258, 0.6435], Current Cost = 5041.00, Rho = 0.491
(iter 10) [0.0, -0.1451, 0.6129] = 419.9562, sampling [1.0, -0.4997, 0.5458]. Recommendation = [0.0, -0.6160, 0.4277], Current Cost = 5042.00, Rho = 0.491
(iter 10) [0.0, -0.1451, 0.6129] = 419.9562, sampling [1.0, -0.8573, 0.3971]. Recommendation = [0.0, -0.6160, 0.4277], Current Cost = 5043.00, Rho = 0.491
(iter 10) [0.0, -0.1451, 0.6129] = 419.9562, sampling [1.0, -0.6362, 0.3298]. Recommendation = [0.0, -0.6160, 0.4277], Current Cost = 5044.00, Rho = 0.491
(iter 10) [0.0, -0.1451, 0.6129] = 419.9562, sampling [1.0, -0.3555, 0.5015]. Recommendation = [0.0, -0.6362, 0.3298], Current Cost = 5045.00, Rho = 0.491
(iter 10) [0.0, -0.1451, 0.6129] = 419.9562, sampling [1.0, -0.7849, 0.3399]. Recommendation = [0.0, -0.6362, 0.3298], Current Cost = 5046.00, Rho = 0.491
(iter 10) [0.0, -0.1451, 0.6129] = 419.9562, sampling [1.0, -0.5900, 0.3004]. Recommendation = [0.0, -0.6362, 0.3298], Current Cost = 5047.00, Rho = 0.491
(iter 10) [0.0, -0.1451, 0.6129] = 419.9562, sampling [1.0, -1.0676, 0.6756]. Recommendation = [0.0, -0.5900, 0.3004], Current Cost = 5048.00, Rho = 0.491
(iter 10) [0.0, -0.1451, 0.6129] = 419.9562, sampling [1.0, -1.5487, 1.4070]. Recommendation = [0.0, -0.5900, 0.3004], Current Cost = 5049.00, Rho = 0.491
(iter 10) [0.0, -0.1451, 0.6129] = 419.9562, sampling [1.0, -0.8973, 1.2448]. Recommendation = [0.0, -0.5900, 0.3004], Current Cost = 5050.00, Rho = 0.491
(iter 10) [0.0, -0.1451, 0.6129] = 419.9562, sampling [1.0, -1.0586, 1.5636]. Recommendation = [0.0, -0.5900, 0.3004], Current Cost = 5051.00, Rho = 0.491
(iter 10) [0.0, -0.1451, 0.6129] = 419.9562, sampling [1.0, -0.2459, 0.3261]. Recommendation = [0.0, -0.5900, 0.3004], Current Cost = 5052.00, Rho = 0.491
(iter 10) [0.0, -0.1451, 0.6129] = 419.9562, sampling [1.0, -0.4060, 0.1758]. Recommendation = [0.0, -0.5900, 0.3004], Current Cost = 5053.00, Rho = 0.491
(iter 10) [0.0, -0.1451, 0.6129] = 419.9562, sampling [1.0, -0.5928, 0.1716]. Recommendation = [0.0, -0.4060, 0.1758], Current Cost = 5054.00, Rho = 0.491
(iter 10) [0.0, -0.1451, 0.6129] = 419.9562, sampling [1.0, -0.5130, 0.1402]. Recommendation = [0.0, -0.4060, 0.1758], Current Cost = 5055.00, Rho = 0.491
(iter 10) [0.0, -0.1451, 0.6129] = 419.9562, sampling [1.0, -0.7156, 0.2040]. Recommendation = [0.0, -0.4060, 0.1758], Current Cost = 5056.00, Rho = 0.491
(iter 10) [0.0, -0.1451, 0.6129] = 419.9562, sampling [1.0, -0.1974, 0.2378]. Recommendation = [0.0, -0.4060, 0.1758], Current Cost = 5057.00, Rho = 0.491
(iter 10) [0.0, -0.1451, 0.6129] = 419.9562, sampling [1.0, -0.4126, 0.0937]. Recommendation = [0.0, -0.4060, 0.1758], Current Cost = 5058.00, Rho = 0.491
(iter 10) [0.0, -0.1451, 0.6129] = 419.9562, sampling [1.0, -0.5678, 0.1013]. Recommendation = [0.0, -0.4126, 0.0937], Current Cost = 5059.00, Rho = 0.491
(iter 10) [0.0, -0.1451, 0.6129] = 419.9562, sampling [1.0, -0.6322, 0.1452]. Recommendation = [0.0, -0.4126, 0.0937], Current Cost = 5060.00, Rho = 0.491
(iter 10) [0.0, -0.1451, 0.6129] = 419.9562, sampling [1.0, -0.1364, 0.1494]. Recommendation = [0.0, -0.4126, 0.0937], Current Cost = 5061.00, Rho = 0.491
(iter 10) [0.0, -0.1451, 0.6129] = 419.9562, sampling [1.0, -0.0332, 0.2130]. Recommendation = [0.0, -0.4126, 0.0937], Current Cost = 5062.00, Rho = 0.491
(iter 10) [0.0, -0.1451, 0.6129] = 419.9562, sampling [1.0, -0.0391, 0.4001]. Recommendation = [0.0, -0.4126, 0.0937], Current Cost = 5063.00, Rho = 0.491
(iter 10) [0.0, -0.1451, 0.6129] = 419.9562, sampling [1.0, -0.8071, 0.2426]. Recommendation = [0.0, -0.4126, 0.0937], Current Cost = 5064.00, Rho = 0.491
(iter 10) [0.0, -0.1451, 0.6129] = 419.9562, sampling [1.0, -0.0445, 0.1915]. Recommendation = [0.0, -0.4126, 0.0937], Current Cost = 5065.00, Rho = 0.491
(iter 10) [0.0, -0.1451, 0.6129] = 419.9562, sampling [1.0, -0.2570, -0.0530]. Recommendation = [0.0, -0.4126, 0.0937], Current Cost = 5066.00, Rho = 0.491
(iter 10) [0.0, -0.1451, 0.6129] = 419.9562, sampling [1.0, -0.1201, -0.0261]. Recommendation = [0.0, -0.2570, -0.0530], Current Cost = 5067.00, Rho = 0.491
(iter 10) [0.0, -0.1451, 0.6129] = 419.9562, sampling [1.0, 0.0643, 0.0685]. Recommendation = [0.0, -0.1201, -0.0261], Current Cost = 5068.00, Rho = 0.491
(iter 10) [0.0, -0.1451, 0.6129] = 419.9562, sampling [1.0, 0.0303, -0.0161]. Recommendation = [0.0, -0.1201, -0.0261], Current Cost = 5069.00, Rho = 0.491
(iter 10) [0.0, -0.1451, 0.6129] = 419.9562, sampling [1.0, -0.0943, -0.1081]. Recommendation = [0.0, 0.0303, -0.0161], Current Cost = 5070.00, Rho = 0.491
(iter 10) [0.0, -0.1451, 0.6129] = 419.9562, sampling [1.0, 0.1574, 0.0661]. Recommendation = [0.0, 0.0303, -0.0161], Current Cost = 5071.00, Rho = 0.491
(iter 10) [0.0, -0.1451, 0.6129] = 419.9562, sampling [1.0, 0.1064, 0.0548]. Recommendation = [0.0, 0.0303, -0.0161], Current Cost = 5072.00, Rho = 0.491
(iter 10) [0.0, -0.1451, 0.6129] = 419.9562, sampling [1.0, 0.1740, 0.3773]. Recommendation = [0.0, 0.0303, -0.0161], Current Cost = 5073.00, Rho = 0.491
(iter 10) [0.0, -0.1451, 0.6129] = 419.9562, sampling [1.0, 0.2718, 0.2210]. Recommendation = [0.0, 0.0303, -0.0161], Current Cost = 5074.00, Rho = 0.491
(iter 10) [0.0, -0.1451, 0.6129] = 419.9562, sampling [1.0, 0.1671, -0.0662]. Recommendation = [0.0, 0.0303, -0.0161], Current Cost = 5075.00, Rho = 0.491
(iter 10) [0.0, -0.1451, 0.6129] = 419.9562, sampling [1.0, 0.2776, 0.0148]. Recommendation = [0.0, 0.1671, -0.0662], Current Cost = 5076.00, Rho = 0.491
(iter 10) [0.0, -0.1451, 0.6129] = 419.9562, sampling [1.0, 0.3098, 0.0427]. Recommendation = [0.0, 0.2776, 0.0148], Current Cost = 5077.00, Rho = 0.491
(iter 10) [0.0, -0.1451, 0.6129] = 419.9562, sampling [1.0, 0.3856, 0.2665]. Recommendation = [0.0, 0.3098, 0.0427], Current Cost = 5078.00, Rho = 0.491
(iter 10) [0.0, -0.1451, 0.6129] = 419.9562, sampling [1.0, 0.3416, 0.3469]. Recommendation = [0.0, 0.3098, 0.0427], Current Cost = 5079.00, Rho = 0.491
(iter 10) [0.0, -0.1451, 0.6129] = 419.9562, sampling [1.0, 0.4738, 0.1947]. Recommendation = [0.0, 0.3098, 0.0427], Current Cost = 5080.00, Rho = 0.491
(iter 10) [0.0, -0.1451, 0.6129] = 419.9562, sampling [1.0, 0.4482, 0.2732]. Recommendation = [0.0, 0.3098, 0.0427], Current Cost = 5081.00, Rho = 0.491
(iter 10) [0.0, -0.1451, 0.6129] = 419.9562, sampling [1.0, 0.3055, 0.4622]. Recommendation = [0.0, 0.3098, 0.0427], Current Cost = 5082.00, Rho = 0.491
(iter 10) [0.0, -0.1451, 0.6129] = 419.9562, sampling [1.0, -0.1604, -0.1447]. Recommendation = [0.0, 0.3098, 0.0427], Current Cost = 5083.00, Rho = 0.491
(iter 10) [0.0, -0.1451, 0.6129] = 419.9562, sampling [1.0, -0.0283, -0.1817]. Recommendation = [0.0, 0.3098, 0.0427], Current Cost = 5084.00, Rho = 0.491
(iter 10) [0.0, -0.1451, 0.6129] = 419.9562, sampling [1.0, 0.1947, -0.1313]. Recommendation = [0.0, 0.3098, 0.0427], Current Cost = 5085.00, Rho = 0.491
(iter 10) [0.0, -0.1451, 0.6129] = 419.9562, sampling [1.0, 0.4367, -0.0437]. Recommendation = [0.0, 0.3098, 0.0427], Current Cost = 5086.00, Rho = 0.491
(iter 10) [0.0, -0.1451, 0.6129] = 419.9562, sampling [1.0, 0.5216, 0.0209]. Recommendation = [0.0, 0.3098, 0.0427], Current Cost = 5087.00, Rho = 0.491
(iter 10) [0.0, -0.1451, 0.6129] = 419.9562, sampling [1.0, 0.5192, 0.2881]. Recommendation = [0.0, 0.3098, 0.0427], Current Cost = 5088.00, Rho = 0.491
(iter 10) [0.0, -0.1451, 0.6129] = 419.9562, sampling [1.0, 0.2439, -0.1559]. Recommendation = [0.0, 0.3098, 0.0427], Current Cost = 5089.00, Rho = 0.491
(iter 10) [0.0, -0.1451, 0.6129] = 419.9562, sampling [1.0, -0.4879, -0.0493]. Recommendation = [0.0, 0.3098, 0.0427], Current Cost = 5090.00, Rho = 0.491
(iter 10) [0.0, -0.1451, 0.6129] = 419.9562, sampling [1.0, 0.6337, 0.1765]. Recommendation = [0.0, 0.3098, 0.0427], Current Cost = 5091.00, Rho = 0.491
(iter 10) [0.0, -0.1451, 0.6129] = 419.9562, sampling [1.0, 0.6069, 0.3933]. Recommendation = [0.0, 0.3098, 0.0427], Current Cost = 5092.00, Rho = 0.491
(iter 10) [0.0, -0.1451, 0.6129] = 419.9562, sampling [1.0, 0.4200, 0.5932]. Recommendation = [0.0, 0.3098, 0.0427], Current Cost = 5093.00, Rho = 0.491
(iter 10) [0.0, -0.1451, 0.6129] = 419.9562, sampling [1.0, 0.2352, 0.5915]. Recommendation = [0.0, 0.3098, 0.0427], Current Cost = 5094.00, Rho = 0.491
(iter 10) [0.0, -0.1451, 0.6129] = 419.9562, sampling [1.0, 0.2963, -0.1799]. Recommendation = [0.0, 0.3098, 0.0427], Current Cost = 5095.00, Rho = 0.491
(iter 10) [0.0, -0.1451, 0.6129] = 419.9562, sampling [1.0, 0.0230, -0.2644]. Recommendation = [0.0, 0.3098, 0.0427], Current Cost = 5096.00, Rho = 0.491
(iter 10) [0.0, -0.1451, 0.6129] = 419.9562, sampling [1.0, 0.5110, -0.0561]. Recommendation = [0.0, 0.3098, 0.0427], Current Cost = 5097.00, Rho = 0.491
(iter 10) [0.0, -0.1451, 0.6129] = 419.9562, sampling [1.0, 0.6554, 0.1057]. Recommendation = [0.0, 0.3098, 0.0427], Current Cost = 5098.00, Rho = 0.491
(iter 10) [0.0, -0.1451, 0.6129] = 419.9562, sampling [1.0, 0.7240, 0.2795]. Recommendation = [0.0, 0.3098, 0.0427], Current Cost = 5099.00, Rho = 0.491
(iter 10) [0.0, -0.1451, 0.6129] = 419.9562, sampling [1.0, 0.6615, 0.5777]. Recommendation = [0.0, 0.3098, 0.0427], Current Cost = 5100.00, Rho = 0.491
(iter 10) [0.0, -0.1451, 0.6129] = 419.9562, sampling [1.0, 0.5485, 0.6335]. Recommendation = [0.0, 0.3098, 0.0427], Current Cost = 5101.00, Rho = 0.491
(iter 10) [0.0, -0.1451, 0.6129] = 419.9562, sampling [1.0, 0.7985, 0.4237]. Recommendation = [0.0, 0.3098, 0.0427], Current Cost = 5102.00, Rho = 0.491
(iter 10) [0.0, -0.1451, 0.6129] = 419.9562, sampling [1.0, 0.7357, 0.5863]. Recommendation = [0.0, 0.3098, 0.0427], Current Cost = 5103.00, Rho = 0.491
(iter 10) [0.0, -0.1451, 0.6129] = 419.9562, sampling [1.0, 0.6947, 0.7241]. Recommendation = [0.0, 0.3098, 0.0427], Current Cost = 5104.00, Rho = 0.491
(iter 10) [0.0, -0.1451, 0.6129] = 419.9562, sampling [1.0, 0.5947, 0.6886]. Recommendation = [0.0, 0.3098, 0.0427], Current Cost = 5105.00, Rho = 0.491
(iter 10) [0.0, -0.1451, 0.6129] = 419.9562, sampling [1.0, 0.5784, 0.8385]. Recommendation = [0.0, 0.3098, 0.0427], Current Cost = 5106.00, Rho = 0.491
(iter 10) [0.0, -0.1451, 0.6129] = 419.9562, sampling [1.0, 0.8538, 0.5336]. Recommendation = [0.0, 0.3098, 0.0427], Current Cost = 5107.00, Rho = 0.491
(iter 10) [0.0, -0.1451, 0.6129] = 419.9562, sampling [1.0, 0.6159, 0.0013]. Recommendation = [0.0, 0.3098, 0.0427], Current Cost = 5108.00, Rho = 0.491
(iter 10) [0.0, -0.1451, 0.6129] = 419.9562, sampling [1.0, 0.1986, -0.1493]. Recommendation = [0.0, 0.3098, 0.0427], Current Cost = 5109.00, Rho = 0.491
(iter 10) [0.0, -0.1451, 0.6129] = 419.9562, sampling [1.0, 0.4854, -0.1332]. Recommendation = [0.0, 0.3098, 0.0427], Current Cost = 5110.00, Rho = 0.491
(iter 10) [0.0, -0.1451, 0.6129] = 419.9562, sampling [1.0, 0.2757, -0.2397]. Recommendation = [0.0, 0.3098, 0.0427], Current Cost = 5111.00, Rho = 0.491
(iter 10) [0.0, -0.1451, 0.6129] = 419.9562, sampling [1.0, 0.1416, -0.3283]. Recommendation = [0.0, 0.3098, 0.0427], Current Cost = 5112.00, Rho = 0.491
(iter 10) [0.0, -0.1451, 0.6129] = 419.9562, sampling [1.0, 0.0804, 0.4457]. Recommendation = [0.0, 0.3098, 0.0427], Current Cost = 5113.00, Rho = 0.491
(iter 10) [0.0, -0.1451, 0.6129] = 419.9562, sampling [1.0, -0.4472, -0.1234]. Recommendation = [0.0, 0.3098, 0.0427], Current Cost = 5114.00, Rho = 0.491
(iter 10) [0.0, -0.1451, 0.6129] = 419.9562, sampling [1.0, -0.3191, -0.2478]. Recommendation = [0.0, 0.3098, 0.0427], Current Cost = 5115.00, Rho = 0.491
(iter 10) [0.0, -0.1451, 0.6129] = 419.9562, sampling [1.0, -0.2396, -0.2862]. Recommendation = [0.0, 0.3098, 0.0427], Current Cost = 5116.00, Rho = 0.491
(iter 10) [0.0, -0.1451, 0.6129] = 419.9562, sampling [1.0, -0.0122, -0.2773]. Recommendation = [0.0, 0.3098, 0.0427], Current Cost = 5117.00, Rho = 0.491
(iter 10) [0.0, -0.1451, 0.6129] = 419.9562, sampling [1.0, 0.6669, 0.1678]. Recommendation = [0.0, 0.3098, 0.0427], Current Cost = 5118.00, Rho = 0.491
(iter 10) [0.0, -0.1451, 0.6129] = 419.9562, sampling [1.0, 0.3758, 0.7952]. Recommendation = [0.0, 0.3098, 0.0427], Current Cost = 5119.00, Rho = 0.491
(iter 10) [0.0, -0.1451, 0.6129] = 419.9562, sampling [1.0, -0.6677, 0.0517]. Recommendation = [0.0, 0.3098, 0.0427], Current Cost = 5120.00, Rho = 0.491
(iter 10) [0.0, -0.1451, 0.6129] = 419.9562, sampling [1.0, 0.3185, 0.3736]. Recommendation = [0.0, 0.3098, 0.0427], Current Cost = 5121.00, Rho = 0.491
(iter 10) [0.0, -0.1451, 0.6129] = 419.9562, sampling [1.0, -0.1248, -0.3740]. Recommendation = [0.0, 0.3098, 0.0427], Current Cost = 5122.00, Rho = 0.491
(iter 10) [0.0, -0.1451, 0.6129] = 419.9562, sampling [1.0, 0.8090, 0.8588]. Recommendation = [0.0, 0.3098, 0.0427], Current Cost = 5123.00, Rho = 0.491
(iter 10) [0.0, -0.1451, 0.6129] = 419.9562, sampling [1.0, 0.7043, 0.7567]. Recommendation = [0.0, 0.3098, 0.0427], Current Cost = 5124.00, Rho = 0.491
(iter 10) [0.0, -0.1451, 0.6129] = 419.9562, sampling [1.0, 0.7363, 1.0625]. Recommendation = [0.0, 0.3098, 0.0427], Current Cost = 5125.00, Rho = 0.491
(iter 10) [0.0, -0.1451, 0.6129] = 419.9562, sampling [1.0, 0.9361, 0.9293]. Recommendation = [0.0, 0.3098, 0.0427], Current Cost = 5126.00, Rho = 0.491
(iter 10) [0.0, -0.1451, 0.6129] = 419.9562, sampling [1.0, 0.8380, 0.8693]. Recommendation = [0.0, 0.3098, 0.0427], Current Cost = 5127.00, Rho = 0.491
(iter 10) [0.0, -0.1451, 0.6129] = 419.9562, sampling [1.0, 0.8660, 1.0776]. Recommendation = [0.0, 0.3098, 0.0427], Current Cost = 5128.00, Rho = 0.491
(iter 10) [0.0, -0.1451, 0.6129] = 419.9562, sampling [1.0, 1.0127, 0.9482]. Recommendation = [0.0, 0.3098, 0.0427], Current Cost = 5129.00, Rho = 0.491
(iter 10) [0.0, -0.1451, 0.6129] = 419.9562, sampling [1.0, 1.0632, 0.8981]. Recommendation = [0.0, 0.3098, 0.0427], Current Cost = 5130.00, Rho = 0.491
(iter 10) [0.0, -0.1451, 0.6129] = 419.9562, sampling [1.0, 1.0785, 1.0568]. Recommendation = [0.0, 0.3098, 0.0427], Current Cost = 5131.00, Rho = 0.491
(iter 10) [0.0, -0.1451, 0.6129] = 419.9562, sampling [1.0, 0.9093, 1.2236]. Recommendation = [0.0, 0.3098, 0.0427], Current Cost = 5132.00, Rho = 0.491
(iter 10) [0.0, -0.1451, 0.6129] = 419.9562, sampling [1.0, 1.1297, 1.0998]. Recommendation = [0.0, 0.3098, 0.0427], Current Cost = 5133.00, Rho = 0.491
(iter 10) [0.0, -0.1451, 0.6129] = 419.9562, sampling [1.0, 1.0830, 0.8091]. Recommendation = [0.0, 0.3098, 0.0427], Current Cost = 5134.00, Rho = 0.491
(iter 10) [0.0, -0.1451, 0.6129] = 419.9562, sampling [1.0, 1.1821, 1.2328]. Recommendation = [0.0, 0.3098, 0.0427], Current Cost = 5135.00, Rho = 0.491
(iter 10) [0.0, -0.1451, 0.6129] = 419.9562, sampling [1.0, 0.9608, 1.3126]. Recommendation = [0.0, 0.3098, 0.0427], Current Cost = 5136.00, Rho = 0.491
(iter 10) [0.0, -0.1451, 0.6129] = 419.9562, sampling [1.0, 1.1865, 1.1041]. Recommendation = [0.0, 0.3098, 0.0427], Current Cost = 5137.00, Rho = 0.491
(iter 10) [0.0, -0.1451, 0.6129] = 419.9562, sampling [1.0, 0.7120, 1.4324]. Recommendation = [0.0, 0.3098, 0.0427], Current Cost = 5138.00, Rho = 0.491
(iter 10) [0.0, -0.1451, 0.6129] = 419.9562, sampling [1.0, 1.1456, 0.8896]. Recommendation = [0.0, 0.3098, 0.0427], Current Cost = 5139.00, Rho = 0.491
(iter 10) [0.0, -0.1451, 0.6129] = 419.9562, sampling [1.0, 1.2370, 1.2379]. Recommendation = [0.0, 0.3098, 0.0427], Current Cost = 5140.00, Rho = 0.491
(iter 10) [0.0, -0.1451, 0.6129] = 419.9562, sampling [1.0, 0.9494, 0.9322]. Recommendation = [0.0, 0.3098, 0.0427], Current Cost = 5141.00, Rho = 0.491
(iter 10) [0.0, -0.1451, 0.6129] = 419.9562, sampling [1.0, 1.2615, 1.3814]. Recommendation = [0.0, 0.3098, 0.0427], Current Cost = 5142.00, Rho = 0.491
(iter 10) [0.0, -0.1451, 0.6129] = 419.9562, sampling [1.0, 1.2964, 1.3338]. Recommendation = [0.0, 0.3098, 0.0427], Current Cost = 5143.00, Rho = 0.491
(iter 10) [0.0, -0.1451, 0.6129] = 419.9562, sampling [1.0, 1.2100, 1.5789]. Recommendation = [0.0, 0.3098, 0.0427], Current Cost = 5144.00, Rho = 0.491
(iter 10) [0.0, -0.1451, 0.6129] = 419.9562, sampling [1.0, 1.3121, 1.5668]. Recommendation = [0.0, 1.2100, 1.5789], Current Cost = 5145.00, Rho = 0.491
(iter 10) [0.0, -0.1451, 0.6129] = 419.9562, sampling [1.0, 1.3467, 1.4745]. Recommendation = [0.0, 1.2100, 1.5789], Current Cost = 5146.00, Rho = 0.491
(iter 10) [0.0, -0.1451, 0.6129] = 419.9562, sampling [1.0, 1.1987, 1.7452]. Recommendation = [0.0, 1.2100, 1.5789], Current Cost = 5147.00, Rho = 0.491
(iter 10) [0.0, -0.1451, 0.6129] = 419.9562, sampling [1.0, 1.3232, 1.6884]. Recommendation = [0.0, 1.2100, 1.5789], Current Cost = 5148.00, Rho = 0.491
(iter 10) [0.0, -0.1451, 0.6129] = 419.9562, sampling [1.0, 1.4101, 1.6218]. Recommendation = [0.0, 1.3232, 1.6884], Current Cost = 5149.00, Rho = 0.491
(iter 10) [0.0, -0.1451, 0.6129] = 419.9562, sampling [1.0, 1.0537, 1.7301]. Recommendation = [0.0, 1.3232, 1.6884], Current Cost = 5150.00, Rho = 0.491
(iter 10) [0.0, -0.1451, 0.6129] = 419.9562, sampling [1.0, 1.3965, 1.8917]. Recommendation = [0.0, 1.3232, 1.6884], Current Cost = 5151.00, Rho = 0.491
(iter 10) [0.0, -0.1451, 0.6129] = 419.9562, sampling [1.0, 1.2827, 1.9034]. Recommendation = [0.0, 1.3965, 1.8917], Current Cost = 5152.00, Rho = 0.491
(iter 10) [0.0, -0.1451, 0.6129] = 419.9562, sampling [1.0, 1.5949, 1.8268]. Recommendation = [0.0, 1.3965, 1.8917], Current Cost = 5153.00, Rho = 0.491
(iter 10) [0.0, -0.1451, 0.6129] = 419.9562, sampling [1.0, 1.3078, 1.9705]. Recommendation = [0.0, 1.3965, 1.8917], Current Cost = 5154.00, Rho = 0.491
(iter 10) [0.0, -0.1451, 0.6129] = 419.9562, sampling [1.0, 1.4454, 1.9626]. Recommendation = [0.0, 1.3965, 1.8917], Current Cost = 5155.00, Rho = 0.491
(iter 10) [0.0, -0.1451, 0.6129] = 419.9562, sampling [1.0, 1.3102, 1.9289]. Recommendation = [0.0, 1.3965, 1.8917], Current Cost = 5156.00, Rho = 0.491
(iter 10) [0.0, -0.1451, 0.6129] = 419.9562, sampling [1.0, 0.9810, 1.9834]. Recommendation = [0.0, 1.3965, 1.8917], Current Cost = 5157.00, Rho = 0.491
(iter 10) [0.0, -0.1451, 0.6129] = 419.9562, sampling [1.0, 1.3297, 1.1912]. Recommendation = [0.0, 1.3965, 1.8917], Current Cost = 5158.00, Rho = 0.491
(iter 10) [0.0, -0.1451, 0.6129] = 419.9562, sampling [1.0, 1.4607, 1.5199]. Recommendation = [0.0, 1.3965, 1.8917], Current Cost = 5159.00, Rho = 0.491
(iter 10) [0.0, -0.1451, 0.6129] = 419.9562, sampling [1.0, 1.5269, 1.9649]. Recommendation = [0.0, 1.3965, 1.8917], Current Cost = 5160.00, Rho = 0.491
(iter 10) [0.0, -0.1451, 0.6129] = 419.9562, sampling [1.0, 1.3421, 1.3743]. Recommendation = [0.0, 1.3965, 1.8917], Current Cost = 5161.00, Rho = 0.491
(iter 10) [0.0, -0.1451, 0.6129] = 419.9562, sampling [1.0, 0.9643, 0.5124]. Recommendation = [0.0, 1.3965, 1.8917], Current Cost = 5162.00, Rho = 0.491
(iter 10) [0.0, -0.1451, 0.6129] = 419.9562, sampling [1.0, 0.8323, 0.2540]. Recommendation = [0.0, 1.3965, 1.8917], Current Cost = 5163.00, Rho = 0.491
(iter 10) [0.0, -0.1451, 0.6129] = 419.9562, sampling [1.0, 0.7497, 0.2586]. Recommendation = [0.0, 1.3965, 1.8917], Current Cost = 5164.00, Rho = 0.491
(iter 10) [0.0, -0.1451, 0.6129] = 419.9562, sampling [1.0, 1.0923, 0.6765]. Recommendation = [0.0, 1.3965, 1.8917], Current Cost = 5165.00, Rho = 0.491
(iter 10) [0.0, -0.1451, 0.6129] = 419.9562, sampling [1.0, -0.5497, -0.1037]. Recommendation = [0.0, 1.3965, 1.8917], Current Cost = 5166.00, Rho = 0.491
(iter 10) [0.0, -0.1451, 0.6129] = 419.9562, sampling [1.0, 0.0140, -0.4223]. Recommendation = [0.0, 1.3965, 1.8917], Current Cost = 5167.00, Rho = 0.491
(iter 10) [0.0, -0.1451, 0.6129] = 419.9562, sampling [1.0, 0.8123, 1.0468]. Recommendation = [0.0, 1.3965, 1.8917], Current Cost = 5168.00, Rho = 0.491
(iter 10) [0.0, -0.1451, 0.6129] = 419.9562, sampling [1.0, -1.0960, 0.4554]. Recommendation = [0.0, 1.3965, 1.8917], Current Cost = 5169.00, Rho = 0.491
(iter 10) [0.0, -0.1451, 0.6129] = 419.9562, sampling [1.0, 0.0875, -0.4166]. Recommendation = [0.0, 1.3965, 1.8917], Current Cost = 5170.00, Rho = 0.491
(iter 10) [0.0, -0.1451, 0.6129] = 419.9562, sampling [1.0, 1.5184, 1.6537]. Recommendation = [0.0, 1.3965, 1.8917], Current Cost = 5171.00, Rho = 0.491
(iter 10) [0.0, -0.1451, 0.6129] = 419.9562, sampling [1.0, 0.5888, -0.1248]. Recommendation = [0.0, 1.3965, 1.8917], Current Cost = 5172.00, Rho = 0.491
(iter 10) [0.0, -0.1451, 0.6129] = 419.9562, sampling [1.0, 0.7557, 0.0635]. Recommendation = [0.0, 1.3965, 1.8917], Current Cost = 5173.00, Rho = 0.491
(iter 10) [0.0, -0.1451, 0.6129] = 419.9562, sampling [1.0, 0.9434, 0.4199]. Recommendation = [0.0, 1.3965, 1.8917], Current Cost = 5174.00, Rho = 0.491
(iter 10) [0.0, -0.1451, 0.6129] = 419.9562, sampling [1.0, -1.4022, 1.8033]. Recommendation = [0.0, 1.3965, 1.8917], Current Cost = 5175.00, Rho = 0.491
(iter 10) [0.0, -0.1451, 0.6129] = 419.9562, sampling [1.0, -1.4445, 1.9125]. Recommendation = [0.0, 1.3965, 1.8917], Current Cost = 5176.00, Rho = 0.491
(iter 10) [0.0, -0.1451, 0.6129] = 419.9562, sampling [1.0, -1.4548, 1.7903]. Recommendation = [0.0, 1.3965, 1.8917], Current Cost = 5177.00, Rho = 0.491
(iter 10) [0.0, -0.1451, 0.6129] = 419.9562, sampling [1.0, -1.4346, 1.9960]. Recommendation = [0.0, 1.3965, 1.8917], Current Cost = 5178.00, Rho = 0.491
(iter 10) [0.0, -0.1451, 0.6129] = 419.9562, sampling [1.0, -1.6671, 1.9079]. Recommendation = [0.0, 1.3965, 1.8917], Current Cost = 5179.00, Rho = 0.491
(iter 10) [0.0, -0.1451, 0.6129] = 419.9562, sampling [1.0, -1.2102, 1.7256]. Recommendation = [0.0, 1.3965, 1.8917], Current Cost = 5180.00, Rho = 0.491
(iter 10) [0.0, -0.1451, 0.6129] = 419.9562, sampling [1.0, 0.4550, 0.2810]. Recommendation = [0.0, 1.3965, 1.8917], Current Cost = 5181.00, Rho = 0.491
(iter 10) [0.0, -0.1451, 0.6129] = 419.9562, sampling [1.0, 0.4906, 0.7065]. Recommendation = [0.0, 1.3965, 1.8917], Current Cost = 5182.00, Rho = 0.491
(iter 10) [0.0, -0.1451, 0.6129] = 419.9562, sampling [1.0, -0.6013, 0.7792]. Recommendation = [0.0, 1.3965, 1.8917], Current Cost = 5183.00, Rho = 0.491
(iter 10) [0.0, -0.1451, 0.6129] = 419.9562, sampling [1.0, 0.4665, 1.0160]. Recommendation = [0.0, 1.3965, 1.8917], Current Cost = 5184.00, Rho = 0.491
(iter 10) [0.0, -0.1451, 0.6129] = 419.9562, sampling [1.0, 0.5130, 0.6176]. Recommendation = [0.0, 1.3965, 1.8917], Current Cost = 5185.00, Rho = 0.491
(iter 10) [0.0, -0.1451, 0.6129] = 419.9562, sampling [1.0, -0.3226, -0.3201]. Recommendation = [0.0, 1.3965, 1.8917], Current Cost = 5186.00, Rho = 0.491
(iter 10) [0.0, -0.1451, 0.6129] = 419.9562, sampling [1.0, -0.2253, -0.4117]. Recommendation = [0.0, 1.3965, 1.8917], Current Cost = 5187.00, Rho = 0.491
(iter 10) [0.0, -0.1451, 0.6129] = 419.9562, sampling [1.0, -0.1545, -0.3682]. Recommendation = [0.0, 1.3965, 1.8917], Current Cost = 5188.00, Rho = 0.491
(iter 10) [0.0, -0.1451, 0.6129] = 419.9562, sampling [1.0, 1.5398, 1.9320]. Recommendation = [0.0, 1.3965, 1.8917], Current Cost = 5189.00, Rho = 0.491
(iter 10) [0.0, -0.1451, 0.6129] = 419.9562, sampling [1.0, 0.0056, 0.3829]. Recommendation = [0.0, 1.3965, 1.8917], Current Cost = 5190.00, Rho = 0.491
(iter 10) [0.0, -0.1451, 0.6129] = 419.9562, sampling [1.0, -0.8125, 0.0832]. Recommendation = [0.0, 1.3965, 1.8917], Current Cost = 5191.00, Rho = 0.491
(iter 10) [0.0, -0.1451, 0.6129] = 419.9562, sampling [1.0, -0.3974, 0.5732]. Recommendation = [0.0, 1.3965, 1.8917], Current Cost = 5192.00, Rho = 0.491
(iter 10) [0.0, -0.1451, 0.6129] = 419.9562, sampling [1.0, -0.0254, 0.5494]. Recommendation = [0.0, 1.3965, 1.8917], Current Cost = 5193.00, Rho = 0.491
(iter 10) [0.0, -0.1451, 0.6129] = 419.9562, sampling [1.0, 0.7013, -0.0005]. Recommendation = [0.0, 1.3965, 1.8917], Current Cost = 5194.00, Rho = 0.491
(iter 10) [0.0, -0.1451, 0.6129] = 419.9562, sampling [1.0, 0.5276, -0.0715]. Recommendation = [0.0, 1.3965, 1.8917], Current Cost = 5195.00, Rho = 0.491
(iter 10) [0.0, -0.1451, 0.6129] = 419.9562, sampling [1.0, 1.3826, 1.4370]. Recommendation = [0.0, 1.3965, 1.8917], Current Cost = 5196.00, Rho = 0.491
(iter 10) [0.0, -0.1451, 0.6129] = 419.9562, sampling [1.0, -1.1236, 1.6654]. Recommendation = [0.0, 1.3965, 1.8917], Current Cost = 5197.00, Rho = 0.491
(iter 10) [0.0, -0.1451, 0.6129] = 419.9562, sampling [1.0, -1.1091, 0.8159]. Recommendation = [0.0, 1.3965, 1.8917], Current Cost = 5198.00, Rho = 0.491
(iter 10) [0.0, -0.1451, 0.6129] = 419.9562, sampling [1.0, 0.7745, 1.1358]. Recommendation = [0.0, 1.3965, 1.8917], Current Cost = 5199.00, Rho = 0.491
(iter 10) [0.0, -0.1451, 0.6129] = 419.9562, sampling [1.0, -0.8604, 0.3521]. Recommendation = [0.0, 1.3965, 1.8917], Current Cost = 5200.00, Rho = 0.491
(iter 10) [0.0, -0.1451, 0.6129] = 419.9562, sampling [1.0, -0.6683, -0.0983]. Recommendation = [0.0, 1.3965, 1.8917], Current Cost = 5201.00, Rho = 0.491
(iter 10) [0.0, -0.1451, 0.6129] = 419.9562, sampling [1.0, -0.5704, 0.9845]. Recommendation = [0.0, 1.3965, 1.8917], Current Cost = 5202.00, Rho = 0.491
(iter 10) [0.0, -0.1451, 0.6129] = 419.9562, sampling [1.0, 1.0450, 0.5606]. Recommendation = [0.0, 1.3965, 1.8917], Current Cost = 5203.00, Rho = 0.491
(iter 10) [0.0, -0.1451, 0.6129] = 419.9562, sampling [1.0, 0.5391, -0.3134]. Recommendation = [0.0, 1.3965, 1.8917], Current Cost = 5204.00, Rho = 0.491
(iter 10) [0.0, -0.1451, 0.6129] = 419.9562, sampling [1.0, 0.2552, -0.4906]. Recommendation = [0.0, 1.3965, 1.8917], Current Cost = 5205.00, Rho = 0.491
(iter 10) [0.0, -0.1451, 0.6129] = 419.9562, sampling [1.0, 0.0556, -0.5048]. Recommendation = [0.0, 1.3965, 1.8917], Current Cost = 5206.00, Rho = 0.491
(iter 10) [0.0, -0.1451, 0.6129] = 419.9562, sampling [1.0, 1.2079, 0.8327]. Recommendation = [0.0, 1.3965, 1.8917], Current Cost = 5207.00, Rho = 0.491
(iter 10) [0.0, -0.1451, 0.6129] = 419.9562, sampling [1.0, -0.0656, 1.9840]. Recommendation = [0.0, 1.3965, 1.8917], Current Cost = 5208.00, Rho = 0.491
(iter 10) [0.0, -0.1451, 0.6129] = 419.9562, sampling [1.0, -1.3189, 1.4229]. Recommendation = [0.0, 1.3965, 1.8917], Current Cost = 5209.00, Rho = 0.491
(iter 10) [0.0, -0.1451, 0.6129] = 419.9562, sampling [1.0, -0.3044, -0.3560]. Recommendation = [0.0, 1.3965, 1.8917], Current Cost = 5210.00, Rho = 0.491
(iter 10) [0.0, -0.1451, 0.6129] = 419.9562, sampling [1.0, 0.0912, 0.7141]. Recommendation = [0.0, 1.3965, 1.8917], Current Cost = 5211.00, Rho = 0.491
(iter 10) [0.0, -0.1451, 0.6129] = 419.9562, sampling [1.0, -0.7068, 0.1843]. Recommendation = [0.0, 1.3965, 1.8917], Current Cost = 5212.00, Rho = 0.491
(iter 10) [0.0, -0.1451, 0.6129] = 419.9562, sampling [1.0, 0.6499, -0.1870]. Recommendation = [0.0, 1.3965, 1.8917], Current Cost = 5213.00, Rho = 0.491
(iter 10) [0.0, -0.1451, 0.6129] = 419.9562, sampling [1.0, 1.4764, 1.1966]. Recommendation = [0.0, 1.3965, 1.8917], Current Cost = 5214.00, Rho = 0.491
(iter 10) [0.0, -0.1451, 0.6129] = 419.9562, sampling [1.0, -0.9736, 0.2348]. Recommendation = [0.0, 1.3965, 1.8917], Current Cost = 5215.00, Rho = 0.491
(iter 10) [0.0, -0.1451, 0.6129] = 419.9562, sampling [1.0, -0.1925, -0.4509]. Recommendation = [0.0, 1.3965, 1.8917], Current Cost = 5216.00, Rho = 0.491
(iter 10) [0.0, -0.1451, 0.6129] = 419.9562, sampling [1.0, -1.3355, 0.9940]. Recommendation = [0.0, 1.3965, 1.8917], Current Cost = 5217.00, Rho = 0.491
(iter 10) [0.0, -0.1451, 0.6129] = 419.9562, sampling [1.0, 0.4332, 0.6549]. Recommendation = [0.0, 1.3965, 1.8917], Current Cost = 5218.00, Rho = 0.491
(iter 10) [0.0, -0.1451, 0.6129] = 419.9562, sampling [1.0, -0.4350, -0.3795]. Recommendation = [0.0, 1.3965, 1.8917], Current Cost = 5219.00, Rho = 0.491
(iter 10) [0.0, -0.1451, 0.6129] = 419.9562, sampling [1.0, -0.6115, -0.2143]. Recommendation = [0.0, 1.3965, 1.8917], Current Cost = 5220.00, Rho = 0.491
(iter 10) [0.0, -0.1451, 0.6129] = 419.9562, sampling [1.0, 1.6116, 1.9516]. Recommendation = [0.0, 1.3965, 1.8917], Current Cost = 5221.00, Rho = 0.491
(iter 10) [0.0, -0.1451, 0.6129] = 419.9562, sampling [1.0, -1.0607, 0.8522]. Recommendation = [0.0, 1.3965, 1.8917], Current Cost = 5222.00, Rho = 0.491
(iter 10) [0.0, -0.1451, 0.6129] = 419.9562, sampling [1.0, 0.5061, -0.0721]. Recommendation = [0.0, 1.3965, 1.8917], Current Cost = 5223.00, Rho = 0.491
(iter 10) [0.0, -0.1451, 0.6129] = 419.9562, sampling [1.0, 0.8796, 0.1626]. Recommendation = [0.0, 1.3965, 1.8917], Current Cost = 5224.00, Rho = 0.491
(iter 10) [0.0, -0.1451, 0.6129] = 419.9562, sampling [1.0, 0.1907, -0.5325]. Recommendation = [0.0, 1.3965, 1.8917], Current Cost = 5225.00, Rho = 0.491
(iter 10) [0.0, -0.1451, 0.6129] = 419.9562, sampling [1.0, 0.3797, 0.5989]. Recommendation = [0.0, 1.3965, 1.8917], Current Cost = 5226.00, Rho = 0.491
(iter 10) [0.0, -0.1451, 0.6129] = 419.9562, sampling [1.0, -1.1121, 1.8095]. Recommendation = [0.0, 1.3965, 1.8917], Current Cost = 5227.00, Rho = 0.491
(iter 10) [0.0, -0.1451, 0.6129] = 419.9562, sampling [1.0, 0.0594, 0.5255]. Recommendation = [0.0, 1.3965, 1.8917], Current Cost = 5228.00, Rho = 0.491
(iter 10) [0.0, -0.1451, 0.6129] = 419.9562, sampling [1.0, -0.9981, 0.9700]. Recommendation = [0.0, 1.3965, 1.8917], Current Cost = 5229.00, Rho = 0.491
(iter 10) [0.0, -0.1451, 0.6129] = 419.9562, sampling [1.0, 0.8504, 1.4532]. Recommendation = [0.0, 1.3965, 1.8917], Current Cost = 5230.00, Rho = 0.491
(iter 10) [0.0, -0.1451, 0.6129] = 419.9562, sampling [1.0, 0.3653, -0.5248]. Recommendation = [0.0, 1.3965, 1.8917], Current Cost = 5231.00, Rho = 0.491
(iter 10) [0.0, -0.1451, 0.6129] = 419.9562, sampling [1.0, -0.7002, 1.2296]. Recommendation = [0.0, 1.3965, 1.8917], Current Cost = 5232.00, Rho = 0.491
(iter 10) [0.0, -0.1451, 0.6129] = 419.9562, sampling [1.0, 1.4012, 1.4672]. Recommendation = [0.0, 1.3965, 1.8917], Current Cost = 5233.00, Rho = 0.491
(iter 10) [0.0, -0.1451, 0.6129] = 419.9562, sampling [1.0, 0.1267, -0.5709]. Recommendation = [0.0, 1.3965, 1.8917], Current Cost = 5234.00, Rho = 0.491
(iter 10) [0.0, -0.1451, 0.6129] = 419.9562, sampling [1.0, 0.6275, 1.1420]. Recommendation = [0.0, 1.3965, 1.8917], Current Cost = 5235.00, Rho = 0.491
(iter 10) [0.0, -0.1451, 0.6129] = 419.9562, sampling [1.0, -1.0201, 1.5341]. Recommendation = [0.0, 1.3965, 1.8917], Current Cost = 5236.00, Rho = 0.491
(iter 10) [0.0, -0.1451, 0.6129] = 419.9562, sampling [1.0, -0.0918, -0.6479]. Recommendation = [0.0, 1.3965, 1.8917], Current Cost = 5237.00, Rho = 0.491
(iter 10) [0.0, -0.1451, 0.6129] = 419.9562, sampling [1.0, -0.3827, -0.5114]. Recommendation = [0.0, 1.3965, 1.8917], Current Cost = 5238.00, Rho = 0.491
(iter 10) [0.0, -0.1451, 0.6129] = 419.9562, sampling [1.0, -0.7631, -0.0841]. Recommendation = [0.0, 1.3965, 1.8917], Current Cost = 5239.00, Rho = 0.491
(iter 10) [0.0, -0.1451, 0.6129] = 419.9562, sampling [1.0, -1.1714, 0.6865]. Recommendation = [0.0, 1.3965, 1.8917], Current Cost = 5240.00, Rho = 0.491
(iter 10) [0.0, -0.1451, 0.6129] = 419.9562, sampling [1.0, -0.5818, 0.8749]. Recommendation = [0.0, 1.3965, 1.8917], Current Cost = 5241.00, Rho = 0.491
(iter 10) [0.0, -0.1451, 0.6129] = 419.9562, sampling [1.0, 0.5752, 0.8829]. Recommendation = [0.0, 1.3965, 1.8917], Current Cost = 5242.00, Rho = 0.491
(iter 10) [0.0, -0.1451, 0.6129] = 419.9562, sampling [1.0, -0.4766, 0.7187]. Recommendation = [0.0, 1.3965, 1.8917], Current Cost = 5243.00, Rho = 0.491
(iter 10) [0.0, -0.1451, 0.6129] = 419.9562, sampling [1.0, 0.8915, 1.6517]. Recommendation = [0.0, 1.3965, 1.8917], Current Cost = 5244.00, Rho = 0.491
(iter 10) [0.0, -0.1451, 0.6129] = 419.9562, sampling [1.0, -0.5116, -0.3802]. Recommendation = [0.0, 1.3965, 1.8917], Current Cost = 5245.00, Rho = 0.491
(iter 10) [0.0, -0.1451, 0.6129] = 419.9562, sampling [1.0, 1.9353, 1.9446]. Recommendation = [0.0, 1.3965, 1.8917], Current Cost = 5246.00, Rho = 0.491
(iter 10) [0.0, -0.1451, 0.6129] = 419.9562, sampling [1.0, 0.7839, 1.3190]. Recommendation = [0.0, 1.3965, 1.8917], Current Cost = 5247.00, Rho = 0.491
(iter 10) [0.0, -0.1451, 0.6129] = 419.9562, sampling [1.0, -1.4193, 1.1795]. Recommendation = [0.0, 1.3965, 1.8917], Current Cost = 5248.00, Rho = 0.491
(iter 10) [0.0, -0.1451, 0.6129] = 419.9562, sampling [1.0, 0.1525, 0.9018]. Recommendation = [0.0, 1.3965, 1.8917], Current Cost = 5249.00, Rho = 0.491
(iter 10) [0.0, -0.1451, 0.6129] = 419.9562, sampling [1.0, 1.1560, 0.6944]. Recommendation = [0.0, 1.3965, 1.8917], Current Cost = 5250.00, Rho = 0.491
(iter 10) [0.0, -0.1451, 0.6129] = 419.9562, sampling [1.0, 0.1873, 0.6675]. Recommendation = [0.0, 1.3965, 1.8917], Current Cost = 5251.00, Rho = 0.491
(iter 10) [0.0, -0.1451, 0.6129] = 419.9562, sampling [1.0, 1.0842, 0.6396]. Recommendation = [0.0, 1.3965, 1.8917], Current Cost = 5252.00, Rho = 0.491
(iter 10) [0.0, -0.1451, 0.6129] = 419.9562, sampling [1.0, -1.5842, 1.8325]. Recommendation = [0.0, 1.3965, 1.8917], Current Cost = 5253.00, Rho = 0.491
(iter 10) [0.0, -0.1451, 0.6129] = 419.9562, sampling [1.0, 0.8712, 0.2098]. Recommendation = [0.0, 1.3965, 1.8917], Current Cost = 5254.00, Rho = 0.491
(iter 10) [0.0, -0.1451, 0.6129] = 419.9562, sampling [1.0, 0.1343, -0.6383]. Recommendation = [0.0, 1.3965, 1.8917], Current Cost = 5255.00, Rho = 0.491
(iter 10) [0.0, -0.1451, 0.6129] = 419.9562, sampling [1.0, -0.3761, 0.6275]. Recommendation = [0.0, 1.3965, 1.8917], Current Cost = 5256.00, Rho = 0.491
(iter 10) [0.0, -0.1451, 0.6129] = 419.9562, sampling [1.0, 0.5687, -0.4957]. Recommendation = [0.0, 1.3965, 1.8917], Current Cost = 5257.00, Rho = 0.491
(iter 10) [0.0, -0.1451, 0.6129] = 419.9562, sampling [1.0, 0.6825, -0.2630]. Recommendation = [0.0, 1.3965, 1.8917], Current Cost = 5258.00, Rho = 0.491
(iter 10) [0.0, -0.1451, 0.6129] = 419.9562, sampling [1.0, -0.7185, 0.1819]. Recommendation = [0.0, 1.3965, 1.8917], Current Cost = 5259.00, Rho = 0.491
(iter 10) [0.0, -0.1451, 0.6129] = 419.9562, sampling [1.0, 1.0199, 0.3077]. Recommendation = [0.0, 1.3965, 1.8917], Current Cost = 5260.00, Rho = 0.491
(iter 10) [0.0, -0.1451, 0.6129] = 419.9562, sampling [1.0, -1.3858, 1.3559]. Recommendation = [0.0, 1.3965, 1.8917], Current Cost = 5261.00, Rho = 0.491
(iter 10) [0.0, -0.1451, 0.6129] = 419.9562, sampling [1.0, 0.5999, -0.3513]. Recommendation = [0.0, 1.3965, 1.8917], Current Cost = 5262.00, Rho = 0.491
(iter 10) [0.0, -0.1451, 0.6129] = 419.9562, sampling [1.0, -0.9341, 0.0562]. Recommendation = [0.0, 1.3965, 1.8917], Current Cost = 5263.00, Rho = 0.491
(iter 10) [0.0, -0.1451, 0.6129] = 419.9562, sampling [1.0, -1.0441, 0.3599]. Recommendation = [0.0, 1.3965, 1.8917], Current Cost = 5264.00, Rho = 0.491
(iter 10) [0.0, -0.1451, 0.6129] = 419.9562, sampling [1.0, -0.4097, 0.6002]. Recommendation = [0.0, 1.3965, 1.8917], Current Cost = 5265.00, Rho = 0.491
(iter 10) [0.0, -0.1451, 0.6129] = 419.9562, sampling [1.0, -0.9901, 1.5994]. Recommendation = [0.0, 1.3965, 1.8917], Current Cost = 5266.00, Rho = 0.491
(iter 10) [0.0, -0.1451, 0.6129] = 419.9562, sampling [1.0, -0.0109, 0.6814]. Recommendation = [0.0, 1.3965, 1.8917], Current Cost = 5267.00, Rho = 0.491
(iter 10) [0.0, -0.1451, 0.6129] = 419.9562, sampling [1.0, -1.3601, 0.6594]. Recommendation = [0.0, 1.3965, 1.8917], Current Cost = 5268.00, Rho = 0.491
(iter 10) [0.0, -0.1451, 0.6129] = 419.9562, sampling [1.0, 0.0445, -0.7493]. Recommendation = [0.0, 1.3965, 1.8917], Current Cost = 5269.00, Rho = 0.491
(iter 10) [0.0, -0.1451, 0.6129] = 419.9562, sampling [1.0, -0.7398, -0.2032]. Recommendation = [0.0, 1.3965, 1.8917], Current Cost = 5270.00, Rho = 0.491
(iter 10) [0.0, -0.1451, 0.6129] = 419.9562, sampling [1.0, -0.5727, 1.1107]. Recommendation = [0.0, 1.3965, 1.8917], Current Cost = 5271.00, Rho = 0.491
(iter 10) [0.0, -0.1451, 0.6129] = 419.9562, sampling [1.0, -0.3626, -0.5828]. Recommendation = [0.0, 1.3965, 1.8917], Current Cost = 5272.00, Rho = 0.491
(iter 10) [0.0, -0.1451, 0.6129] = 419.9562, sampling [1.0, -0.4734, -0.5031]. Recommendation = [0.0, 1.3965, 1.8917], Current Cost = 5273.00, Rho = 0.491
(iter 10) [0.0, -0.1451, 0.6129] = 419.9562, sampling [1.0, 1.4314, 0.9142]. Recommendation = [0.0, 1.3965, 1.8917], Current Cost = 5274.00, Rho = 0.491
(iter 10) [0.0, -0.1451, 0.6129] = 419.9562, sampling [1.0, -0.5290, 0.9202]. Recommendation = [0.0, 1.3965, 1.8917], Current Cost = 5275.00, Rho = 0.491
(iter 10) [0.0, -0.1451, 0.6129] = 419.9562, sampling [1.0, 0.8990, -0.2273]. Recommendation = [0.0, 1.3965, 1.8917], Current Cost = 5276.00, Rho = 0.491
(iter 10) [0.0, -0.1451, 0.6129] = 419.9562, sampling [1.0, 0.4167, -0.6996]. Recommendation = [0.0, 1.3965, 1.8917], Current Cost = 5277.00, Rho = 0.491
(iter 10) [0.0, -0.1451, 0.6129] = 419.9562, sampling [1.0, -1.7833, 1.6744]. Recommendation = [0.0, 1.3965, 1.8917], Current Cost = 5278.00, Rho = 0.491
(iter 10) [0.0, -0.1451, 0.6129] = 419.9562, sampling [1.0, 1.5864, 1.4618]. Recommendation = [0.0, 1.3965, 1.8917], Current Cost = 5279.00, Rho = 0.491
(iter 10) [0.0, -0.1451, 0.6129] = 419.9562, sampling [1.0, 0.2835, 0.8867]. Recommendation = [0.0, 1.3965, 1.8917], Current Cost = 5280.00, Rho = 0.491
(iter 10) [0.0, -0.1451, 0.6129] = 419.9562, sampling [1.0, -0.0806, -0.8099]. Recommendation = [0.0, 1.3965, 1.8917], Current Cost = 5281.00, Rho = 0.491
(iter 10) [0.0, -0.1451, 0.6129] = 419.9562, sampling [1.0, 1.0035, 1.7199]. Recommendation = [0.0, 1.3965, 1.8917], Current Cost = 5282.00, Rho = 0.491
(iter 10) [0.0, -0.1451, 0.6129] = 419.9562, sampling [1.0, 1.2207, 0.7466]. Recommendation = [0.0, 1.3965, 1.8917], Current Cost = 5283.00, Rho = 0.491
(iter 10) [0.0, -0.1451, 0.6129] = 419.9562, sampling [1.0, -0.0527, 0.9045]. Recommendation = [0.0, 1.3965, 1.8917], Current Cost = 5284.00, Rho = 0.491
(iter 10) [0.0, -0.1451, 0.6129] = 419.9562, sampling [1.0, 0.9989, 0.1340]. Recommendation = [0.0, 1.3965, 1.8917], Current Cost = 5285.00, Rho = 0.491
(iter 10) [0.0, -0.1451, 0.6129] = 419.9562, sampling [1.0, 0.6432, 1.2769]. Recommendation = [0.0, 1.3965, 1.8917], Current Cost = 5286.00, Rho = 0.491
(iter 10) [0.0, -0.1451, 0.6129] = 419.9562, sampling [1.0, 0.3216, 0.3706]. Recommendation = [0.0, 1.3965, 1.8917], Current Cost = 5287.00, Rho = 0.491
(iter 10) [0.0, -0.1451, 0.6129] = 419.9562, sampling [1.0, 0.3138, 1.1450]. Recommendation = [0.0, 1.3965, 1.8917], Current Cost = 5288.00, Rho = 0.491
(iter 10) [0.0, -0.1451, 0.6129] = 419.9562, sampling [1.0, -0.8183, -0.0631]. Recommendation = [0.0, 1.3965, 1.8917], Current Cost = 5289.00, Rho = 0.491
(iter 10) [0.0, -0.1451, 0.6129] = 419.9562, sampling [1.0, 0.9769, 1.8303]. Recommendation = [0.0, 1.3965, 1.8917], Current Cost = 5290.00, Rho = 0.491
(iter 10) [0.0, -0.1451, 0.6129] = 419.9562, sampling [1.0, -0.9164, 1.7066]. Recommendation = [0.0, 1.3965, 1.8917], Current Cost = 5291.00, Rho = 0.491
(iter 10) [0.0, -0.1451, 0.6129] = 419.9562, sampling [1.0, -0.6446, 1.4578]. Recommendation = [0.0, 1.3965, 1.8917], Current Cost = 5292.00, Rho = 0.491
(iter 10) [0.0, -0.1451, 0.6129] = 419.9562, sampling [1.0, 0.2146, -0.8805]. Recommendation = [0.0, 1.3965, 1.8917], Current Cost = 5293.00, Rho = 0.491
(iter 10) [0.0, -0.1451, 0.6129] = 419.9562, sampling [1.0, -0.2661, -0.8466]. Recommendation = [0.0, 1.3965, 1.8917], Current Cost = 5294.00, Rho = 0.491
(iter 10) [0.0, -0.1451, 0.6129] = 419.9562, sampling [1.0, 0.4074, 0.8042]. Recommendation = [0.0, 1.3965, 1.8917], Current Cost = 5295.00, Rho = 0.491
(iter 10) [0.0, -0.1451, 0.6129] = 419.9562, sampling [1.0, 0.7621, -0.3451]. Recommendation = [0.0, 1.3965, 1.8917], Current Cost = 5296.00, Rho = 0.491
(iter 10) [0.0, -0.1451, 0.6129] = 419.9562, sampling [1.0, 0.3533, -0.7796]. Recommendation = [0.0, 1.3965, 1.8917], Current Cost = 5297.00, Rho = 0.491
(iter 10) [0.0, -0.1451, 0.6129] = 419.9562, sampling [1.0, -0.5242, -0.5979]. Recommendation = [0.0, 1.3965, 1.8917], Current Cost = 5298.00, Rho = 0.491
(iter 10) [0.0, -0.1451, 0.6129] = 419.9562, sampling [1.0, 0.0373, -0.9283]. Recommendation = [0.0, 1.3965, 1.8917], Current Cost = 5299.00, Rho = 0.491
(iter 10) [0.0, -0.1451, 0.6129] = 419.9562, sampling [1.0, 0.3304, 0.7997]. Recommendation = [0.0, 1.3965, 1.8917], Current Cost = 5300.00, Rho = 0.491
(iter 10) [0.0, -0.1451, 0.6129] = 419.9562, sampling [1.0, -1.1926, 0.5711]. Recommendation = [0.0, 1.3965, 1.8917], Current Cost = 5301.00, Rho = 0.491
(iter 10) [0.0, -0.1451, 0.6129] = 419.9562, sampling [1.0, 0.6744, -0.2099]. Recommendation = [0.0, 1.3965, 1.8917], Current Cost = 5302.00, Rho = 0.491
(iter 10) [0.0, -0.1451, 0.6129] = 419.9562, sampling [1.0, -1.4249, 1.2680]. Recommendation = [0.0, 1.3965, 1.8917], Current Cost = 5303.00, Rho = 0.491
(iter 10) [0.0, -0.1451, 0.6129] = 419.9562, sampling [1.0, 0.4439, 0.6520]. Recommendation = [0.0, 1.3965, 1.8917], Current Cost = 5304.00, Rho = 0.491
(iter 10) [0.0, -0.1451, 0.6129] = 419.9562, sampling [1.0, 1.5563, 1.6135]. Recommendation = [0.0, 1.3965, 1.8917], Current Cost = 5305.00, Rho = 0.491
(iter 10) [0.0, -0.1451, 0.6129] = 419.9562, sampling [1.0, -1.1286, 0.3155]. Recommendation = [0.0, 1.3965, 1.8917], Current Cost = 5306.00, Rho = 0.491
(iter 10) [0.0, -0.1451, 0.6129] = 419.9562, sampling [1.0, -0.8373, 0.0777]. Recommendation = [0.0, 1.3965, 1.8917], Current Cost = 5307.00, Rho = 0.491
(iter 10) [0.0, -0.1451, 0.6129] = 419.9562, sampling [1.0, -0.8671, -0.1753]. Recommendation = [0.0, 1.3965, 1.8917], Current Cost = 5308.00, Rho = 0.491
(iter 10) [0.0, -0.1451, 0.6129] = 419.9562, sampling [1.0, -0.6412, -0.5223]. Recommendation = [0.0, 1.3965, 1.8917], Current Cost = 5309.00, Rho = 0.491
(iter 10) [0.0, -0.1451, 0.6129] = 419.9562, sampling [1.0, 0.4692, -0.6532]. Recommendation = [0.0, 1.3965, 1.8917], Current Cost = 5310.00, Rho = 0.491
(iter 10) [0.0, -0.1451, 0.6129] = 419.9562, sampling [1.0, 0.0276, 0.8319]. Recommendation = [0.0, 1.3965, 1.8917], Current Cost = 5311.00, Rho = 0.491
(iter 10) [0.0, -0.1451, 0.6129] = 419.9562, sampling [1.0, 0.6790, -0.5772]. Recommendation = [0.0, 1.3965, 1.8917], Current Cost = 5312.00, Rho = 0.491
(iter 10) [0.0, -0.1451, 0.6129] = 419.9562, sampling [1.0, -1.3088, 1.0339]. Recommendation = [0.0, 1.3965, 1.8917], Current Cost = 5313.00, Rho = 0.491
(iter 10) [0.0, -0.1451, 0.6129] = 419.9562, sampling [1.0, -0.6823, -0.1057]. Recommendation = [0.0, 1.3965, 1.8917], Current Cost = 5314.00, Rho = 0.491
(iter 10) [0.0, -0.1451, 0.6129] = 419.9562, sampling [1.0, 1.0060, 0.0190]. Recommendation = [0.0, 1.3965, 1.8917], Current Cost = 5315.00, Rho = 0.491
(iter 10) [0.0, -0.1451, 0.6129] = 419.9562, sampling [1.0, 0.7655, 1.5403]. Recommendation = [0.0, 1.3965, 1.8917], Current Cost = 5316.00, Rho = 0.491
(iter 10) [0.0, -0.1451, 0.6129] = 419.9562, sampling [1.0, -0.9257, 1.5950]. Recommendation = [0.0, 1.3965, 1.8917], Current Cost = 5317.00, Rho = 0.491
(iter 10) [0.0, -0.1451, 0.6129] = 419.9562, sampling [1.0, 1.0885, 0.3329]. Recommendation = [0.0, 1.3965, 1.8917], Current Cost = 5318.00, Rho = 0.491
(iter 10) [0.0, -0.1451, 0.6129] = 419.9562, sampling [1.0, 1.2741, 0.6108]. Recommendation = [0.0, 1.3965, 1.8917], Current Cost = 5319.00, Rho = 0.491
(iter 10) [0.0, -0.1451, 0.6129] = 419.9562, sampling [1.0, 0.3488, 1.0047]. Recommendation = [0.0, 1.3965, 1.8917], Current Cost = 5320.00, Rho = 0.491
(iter 10) [0.0, -0.1451, 0.6129] = 419.9562, sampling [1.0, -0.7415, -0.1642]. Recommendation = [0.0, 1.3965, 1.8917], Current Cost = 5321.00, Rho = 0.491
(iter 10) [0.0, -0.1451, 0.6129] = 419.9562, sampling [1.0, -1.3831, 1.1206]. Recommendation = [0.0, 1.3965, 1.8917], Current Cost = 5322.00, Rho = 0.491
(iter 10) [0.0, -0.1451, 0.6129] = 419.9562, sampling [1.0, -0.5845, 1.2864]. Recommendation = [0.0, 1.3965, 1.8917], Current Cost = 5323.00, Rho = 0.491
(iter 10) [0.0, -0.1451, 0.6129] = 419.9562, sampling [1.0, -0.4175, -0.8322]. Recommendation = [0.0, 1.3965, 1.8917], Current Cost = 5324.00, Rho = 0.491
(iter 10) [0.0, -0.1451, 0.6129] = 419.9562, sampling [1.0, -0.1844, -0.9078]. Recommendation = [0.0, 1.3965, 1.8917], Current Cost = 5325.00, Rho = 0.491
(iter 10) [0.0, -0.1451, 0.6129] = 419.9562, sampling [1.0, -0.0018, 1.1534]. Recommendation = [0.0, 1.3965, 1.8917], Current Cost = 5326.00, Rho = 0.491
(iter 10) [0.0, -0.1451, 0.6129] = 419.9562, sampling [1.0, 0.5339, 1.3318]. Recommendation = [0.0, 1.3965, 1.8917], Current Cost = 5327.00, Rho = 0.491
(iter 10) [0.0, -0.1451, 0.6129] = 419.9562, sampling [1.0, -1.6301, 1.0283]. Recommendation = [0.0, 1.3965, 1.8917], Current Cost = 5328.00, Rho = 0.491
(iter 10) [0.0, -0.1451, 0.6129] = 419.9562, sampling [1.0, 0.0349, 0.7088]. Recommendation = [0.0, 1.3965, 1.8917], Current Cost = 5329.00, Rho = 0.491
(iter 10) [0.0, -0.1451, 0.6129] = 419.9562, sampling [1.0, 0.8480, 1.8215]. Recommendation = [0.0, 1.3965, 1.8917], Current Cost = 5330.00, Rho = 0.491
(iter 10) [0.0, -0.1451, 0.6129] = 419.9562, sampling [0.0, 1.4454, 1.9626]. Recommendation = [0.0, 1.3965, 1.8917], Current Cost = 5331.00, Rho = 0.491
(iter 336) [0.0, 1.4454, 1.9626] = 454.4961, sampling [1.0, -1.1263, 0.4920]. Recommendation = [0.0, 0.2776, 0.0148], Current Cost = 6331.00, Rho = 0.491
(iter 336) [0.0, 1.4454, 1.9626] = 454.4961, sampling [1.0, 0.7162, -0.2963]. Recommendation = [0.0, 0.2776, 0.0148], Current Cost = 6332.00, Rho = 0.491
(iter 336) [0.0, 1.4454, 1.9626] = 454.4961, sampling [1.0, -0.6852, 1.2926]. Recommendation = [0.0, 0.2776, 0.0148], Current Cost = 6333.00, Rho = 0.491
(iter 336) [0.0, 1.4454, 1.9626] = 454.4961, sampling [1.0, -0.7690, 1.8466]. Recommendation = [0.0, 0.2776, 0.0148], Current Cost = 6334.00, Rho = 0.491
(iter 336) [0.0, 1.4454, 1.9626] = 454.4961, sampling [1.0, -0.0592, -1.0075]. Recommendation = [0.0, 0.2776, 0.0148], Current Cost = 6335.00, Rho = 0.491
(iter 336) [0.0, 1.4454, 1.9626] = 454.4961, sampling [1.0, -1.2895, 0.7676]. Recommendation = [0.0, 0.2776, 0.0148], Current Cost = 6336.00, Rho = 0.491
(iter 336) [0.0, 1.4454, 1.9626] = 454.4961, sampling [1.0, -0.4703, 1.2090]. Recommendation = [0.0, 0.2776, 0.0148], Current Cost = 6337.00, Rho = 0.491
(iter 336) [0.0, 1.4454, 1.9626] = 454.4961, sampling [1.0, 0.7691, -0.4575]. Recommendation = [0.0, 0.2776, 0.0148], Current Cost = 6338.00, Rho = 0.491
(iter 336) [0.0, 1.4454, 1.9626] = 454.4961, sampling [1.0, -1.4877, 1.4010]. Recommendation = [0.0, 0.2776, 0.0148], Current Cost = 6339.00, Rho = 0.491
(iter 336) [0.0, 1.4454, 1.9626] = 454.4961, sampling [1.0, 0.4588, -0.9014]. Recommendation = [0.0, 0.2776, 0.0148], Current Cost = 6340.00, Rho = 0.491
(iter 336) [0.0, 1.4454, 1.9626] = 454.4961, sampling [1.0, 0.1472, -1.0389]. Recommendation = [0.0, 0.2776, 0.0148], Current Cost = 6341.00, Rho = 0.491
(iter 336) [0.0, 1.4454, 1.9626] = 454.4961, sampling [1.0, 0.6172, -0.6907]. Recommendation = [0.0, 0.2776, 0.0148], Current Cost = 6342.00, Rho = 0.491
(iter 336) [0.0, 1.4454, 1.9626] = 454.4961, sampling [1.0, 0.3030, -0.9231]. Recommendation = [0.0, 0.2776, 0.0148], Current Cost = 6343.00, Rho = 0.491
(iter 336) [0.0, 1.4454, 1.9626] = 454.4961, sampling [1.0, -1.2158, -0.0351]. Recommendation = [0.0, 0.2776, 0.0148], Current Cost = 6344.00, Rho = 0.491
(iter 336) [0.0, 1.4454, 1.9626] = 454.4961, sampling [1.0, -1.8494, 1.9886]. Recommendation = [0.0, 0.2776, 0.0148], Current Cost = 6345.00, Rho = 0.491
(iter 336) [0.0, 1.4454, 1.9626] = 454.4961, sampling [0.0, -0.9932, 0.9599]. Recommendation = [0.0, 0.2776, 0.0148], Current Cost = 6346.00, Rho = 0.491
(iter 336) [0.0, 1.4454, 1.9626] = 454.4961, sampling [0.0, -0.0283, -0.1817]. Recommendation = [0.0, 0.2776, 0.0148], Current Cost = 7346.00, Rho = 0.491
(iter 336) [0.0, 1.4454, 1.9626] = 454.4961, sampling [1.0, -0.3870, 0.6621]. Recommendation = [0.0, 0.7357, 0.5863], Current Cost = 8346.00, Rho = 0.491
(iter 336) [0.0, 1.4454, 1.9626] = 454.4961, sampling [1.0, 1.3161, 0.7301]. Recommendation = [0.0, 0.7357, 0.5863], Current Cost = 8347.00, Rho = 0.491
(iter 336) [0.0, 1.4454, 1.9626] = 454.4961, sampling [1.0, 0.1206, 1.0183]. Recommendation = [0.0, 0.7357, 0.5863], Current Cost = 8348.00, Rho = 0.491
(iter 336) [0.0, 1.4454, 1.9626] = 454.4961, sampling [1.0, 0.7892, 1.4458]. Recommendation = [0.0, 0.7357, 0.5863], Current Cost = 8349.00, Rho = 0.491
(iter 336) [0.0, 1.4454, 1.9626] = 454.4961, sampling [1.0, 0.6220, 1.2251]. Recommendation = [0.0, 0.7357, 0.5863], Current Cost = 8350.00, Rho = 0.491
(iter 336) [0.0, 1.4454, 1.9626] = 454.4961, sampling [1.0, 0.9448, 1.7347]. Recommendation = [0.0, 0.7357, 0.5863], Current Cost = 8351.00, Rho = 0.491
(iter 336) [0.0, 1.4454, 1.9626] = 454.4961, sampling [0.0, 0.9494, 0.9322]. Recommendation = [0.0, 0.7357, 0.5863], Current Cost = 8352.00, Rho = 0.491
(iter 360) [0.0, 0.9494, 0.9322] = 456.2026, sampling [1.0, -0.2680, -1.0098]. Recommendation = [0.0, 0.4738, 0.1947], Current Cost = 9352.00, Rho = 0.491
(iter 360) [0.0, 0.9494, 0.9322] = 456.2026, sampling [1.0, 1.6675, 1.6433]. Recommendation = [0.0, 0.4738, 0.1947], Current Cost = 9353.00, Rho = 0.491
(iter 360) [0.0, 0.9494, 0.9322] = 456.2026, sampling [0.0, 0.5192, 0.2881]. Recommendation = [0.0, 0.4738, 0.1947], Current Cost = 9354.00, Rho = 0.491
(iter 360) [0.0, 0.9494, 0.9322] = 456.2026, sampling [1.0, 0.6849, 1.3104]. Recommendation = [0.0, 0.7357, 0.5863], Current Cost = 10354.00, Rho = 0.491
(iter 360) [0.0, 0.9494, 0.9322] = 456.2026, sampling [1.0, -0.7563, 1.5447]. Recommendation = [0.0, 0.7357, 0.5863], Current Cost = 10355.00, Rho = 0.491
(iter 360) [0.0, 0.9494, 0.9322] = 456.2026, sampling [0.0, -1.4346, 1.9960]. Recommendation = [0.0, 0.7357, 0.5863], Current Cost = 10356.00, Rho = 0.491
(iter 360) [0.0, 0.9494, 0.9322] = 456.2026, sampling [0.0, -0.6362, 0.3298]. Recommendation = [0.0, 0.7357, 0.5863], Current Cost = 11356.00, Rho = 0.491
(iter 360) [0.0, 0.9494, 0.9322] = 456.2026, sampling [1.0, 1.0754, 0.1545]. Recommendation = [0.0, 0.7357, 0.5863], Current Cost = 12356.00, Rho = 0.491
(iter 360) [0.0, 0.9494, 0.9322] = 456.2026, sampling [0.0, 1.2100, 1.5789]. Recommendation = [0.0, 0.7357, 0.5863], Current Cost = 12357.00, Rho = 0.491
(iter 360) [0.0, 0.9494, 0.9322] = 456.2026, sampling [1.0, 0.6562, -0.1983]. Recommendation = [0.0, 0.7357, 0.5863], Current Cost = 13357.00, Rho = 0.491
(iter 360) [0.0, 0.9494, 0.9322] = 456.2026, sampling [1.0, -0.3597, 1.1251]. Recommendation = [0.0, 0.7357, 0.5863], Current Cost = 13358.00, Rho = 0.491
(iter 360) [0.0, 0.9494, 0.9322] = 456.2026, sampling [1.0, -1.3680, 1.0682]. Recommendation = [0.0, 0.7357, 0.5863], Current Cost = 13359.00, Rho = 0.491
(iter 360) [0.0, 0.9494, 0.9322] = 456.2026, sampling [0.0, -1.2295, 1.5690]. Recommendation = [0.0, 0.7357, 0.5863], Current Cost = 13360.00, Rho = 0.491
(iter 360) [0.0, 0.9494, 0.9322] = 456.2026, sampling [0.0, 0.7357, 0.5863]. Recommendation = [0.0, 0.7357, 0.5863], Current Cost = 14360.00, Rho = 0.491
(iter 360) [0.0, 0.9494, 0.9322] = 456.2026, sampling [1.0, 0.5286, 1.6782]. Recommendation = [0.0, 0.4738, 0.1947], Current Cost = 15360.00, Rho = 0.491
(iter 360) [0.0, 0.9494, 0.9322] = 456.2026, sampling [0.0, 0.4367, -0.0437]. Recommendation = [0.0, 0.4738, 0.1947], Current Cost = 15361.00, Rho = 0.491
(iter 360) [0.0, 0.9494, 0.9322] = 456.2026, sampling [1.0, 0.8230, 1.4912]. Recommendation = [0.0, 1.0127, 0.9482], Current Cost = 16361.00, Rho = 0.491
(iter 360) [0.0, 0.9494, 0.9322] = 456.2026, sampling [0.0, -0.4126, 0.0937]. Recommendation = [0.0, 1.0127, 0.9482], Current Cost = 16362.00, Rho = 0.491
(iter 360) [0.0, 0.9494, 0.9322] = 456.2026, sampling [0.0, 1.1821, 1.2328]. Recommendation = [0.0, 1.0127, 0.9482], Current Cost = 17362.00, Rho = 0.491
(iter 360) [0.0, 0.9494, 0.9322] = 456.2026, sampling [0.0, -0.8258, 0.6435]. Recommendation = [0.0, 0.6069, 0.3933], Current Cost = 18362.00, Rho = 0.491
(iter 360) [0.0, 0.9494, 0.9322] = 456.2026, sampling [1.0, 1.0438, -0.1154]. Recommendation = [0.0, 0.6069, 0.3933], Current Cost = 19362.00, Rho = 0.491
(iter 360) [0.0, 0.9494, 0.9322] = 456.2026, sampling [1.0, -1.1740, 0.4708]. Recommendation = [0.0, 0.6069, 0.3933], Current Cost = 19363.00, Rho = 0.491
(iter 360) [0.0, 0.9494, 0.9322] = 456.2026, sampling [1.0, 1.0569, 0.2968]. Recommendation = [0.0, 0.6069, 0.3933], Current Cost = 19364.00, Rho = 0.491
(iter 360) [0.0, 0.9494, 0.9322] = 456.2026, sampling [0.0, 0.1574, 0.0661]. Recommendation = [0.0, 0.6069, 0.3933], Current Cost = 19365.00, Rho = 0.491
(iter 360) [0.0, 0.9494, 0.9322] = 456.2026, sampling [0.0, 0.0556, -0.5048]. Recommendation = [0.0, 0.6069, 0.3933], Current Cost = 20365.00, Rho = 0.491
(iter 360) [0.0, 0.9494, 0.9322] = 456.2026, sampling [1.0, 0.2858, 1.0034]. Recommendation = [0.0, 0.6069, 0.3933], Current Cost = 21365.00, Rho = 0.491
(iter 360) [0.0, 0.9494, 0.9322] = 456.2026, sampling [1.0, 1.6348, 1.0953]. Recommendation = [0.0, 0.6069, 0.3933], Current Cost = 21366.00, Rho = 0.491
(iter 360) [0.0, 0.9494, 0.9322] = 456.2026, sampling [0.0, -1.0193, 1.2597]. Recommendation = [0.0, 0.6069, 0.3933], Current Cost = 21367.00, Rho = 0.491
(iter 360) [0.0, 0.9494, 0.9322] = 456.2026, sampling [0.0, -0.1364, 0.1494]. Recommendation = [0.0, 0.6069, 0.3933], Current Cost = 22367.00, Rho = 0.491
(iter 360) [0.0, 0.9494, 0.9322] = 456.2026, sampling [0.0, 0.7240, 0.2795]. Recommendation = [0.0, 0.6069, 0.3933], Current Cost = 23367.00, Rho = 0.491
(iter 360) [0.0, 0.9494, 0.9322] = 456.2026, sampling [1.0, -0.0183, 0.8425]. Recommendation = [0.0, 0.9494, 0.9322], Current Cost = 24367.00, Rho = 0.491
(iter 360) [0.0, 0.9494, 0.9322] = 456.2026, sampling [0.0, -0.3191, -0.2478]. Recommendation = [0.0, 0.9494, 0.9322], Current Cost = 24368.00, Rho = 0.491
(iter 360) [0.0, 0.9494, 0.9322] = 456.2026, sampling [0.0, 1.3232, 1.6884]. Recommendation = [0.0, 0.9494, 0.9322], Current Cost = 25368.00, Rho = 0.491
(iter 360) [0.0, 0.9494, 0.9322] = 456.2026, sampling [0.0, 0.2718, 0.2210]. Recommendation = [0.0, 0.9494, 0.9322], Current Cost = 26368.00, Rho = 0.491
(iter 360) [0.0, 0.9494, 0.9322] = 456.2026, sampling [1.0, -0.4438, 1.3849]. Recommendation = [0.0, 0.9494, 0.9322], Current Cost = 27368.00, Rho = 0.491
(iter 360) [0.0, 0.9494, 0.9322] = 456.2026, sampling [0.0, 1.0785, 1.0568]. Recommendation = [0.0, 0.9494, 0.9322], Current Cost = 27369.00, Rho = 0.491
(iter 360) [0.0, 0.9494, 0.9322] = 456.2026, sampling [0.0, 1.2827, 1.9034]. Recommendation = [0.0, 0.9494, 0.9322], Current Cost = 28369.00, Rho = 0.491
(iter 360) [0.0, 0.9494, 0.9322] = 456.2026, sampling [0.0, 0.8090, 0.8588]. Recommendation = [0.0, 0.9494, 0.9322], Current Cost = 29369.00, Rho = 0.491
(iter 360) [0.0, 0.9494, 0.9322] = 456.2026, sampling [0.0, 0.2439, -0.1559]. Recommendation = [0.0, 0.9494, 0.9322], Current Cost = 30369.00, Rho = 0.491
(iter 360) [0.0, 0.9494, 0.9322] = 456.2026, sampling [0.0, 0.8538, 0.5336]. Recommendation = [0.0, 0.9494, 0.9322], Current Cost = 31369.00, Rho = 0.491
(iter 360) [0.0, 0.9494, 0.9322] = 456.2026, sampling [0.0, -0.4997, 0.5458]. Recommendation = [0.0, 0.9494, 0.9322], Current Cost = 32369.00, Rho = 0.491
(iter 360) [0.0, 0.9494, 0.9322] = 456.2026, sampling [0.0, -1.4022, 1.8033]. Recommendation = [0.0, 0.9494, 0.9322], Current Cost = 33369.00, Rho = 0.491
(iter 360) [0.0, 0.9494, 0.9322] = 456.2026, sampling [0.0, 0.5130, 0.6176]. Recommendation = [0.0, 0.9494, 0.9322], Current Cost = 34369.00, Rho = 0.491
(iter 360) [0.0, 0.9494, 0.9322] = 456.2026, sampling [1.0, 0.4025, 1.2897]. Recommendation = [0.0, 0.9494, 0.9322], Current Cost = 35369.00, Rho = 0.491
(iter 360) [0.0, 0.9494, 0.9322] = 456.2026, sampling [0.0, 0.9608, 1.3126]. Recommendation = [0.0, 0.9494, 0.9322], Current Cost = 35370.00, Rho = 0.491
(iter 360) [0.0, 0.9494, 0.9322] = 456.2026, sampling [0.0, -0.1201, -0.0261]. Recommendation = [0.0, 0.9494, 0.9322], Current Cost = 36370.00, Rho = 0.491
(iter 360) [0.0, 0.9494, 0.9322] = 456.2026, sampling [0.0, 1.2615, 1.3814]. Recommendation = [0.0, 0.9494, 0.9322], Current Cost = 37370.00, Rho = 0.491
(iter 360) [0.0, 0.9494, 0.9322] = 456.2026, sampling [1.0, -0.1493, 1.1149]. Recommendation = [0.0, 0.9494, 0.9322], Current Cost = 38370.00, Rho = 0.491
(iter 360) [0.0, 0.9494, 0.9322] = 456.2026, sampling [0.0, -0.8215, 0.8921]. Recommendation = [0.0, 0.9494, 0.9322], Current Cost = 38371.00, Rho = 0.491
(iter 360) [0.0, 0.9494, 0.9322] = 456.2026, sampling [1.0, -0.6488, -0.7171]. Recommendation = [0.0, 0.9494, 0.9322], Current Cost = 39371.00, Rho = 0.491
(iter 360) [0.0, 0.9494, 0.9322] = 456.2026, sampling [1.0, -0.8698, -0.4456]. Recommendation = [0.0, 0.9494, 0.9322], Current Cost = 39372.00, Rho = 0.491
(iter 360) [0.0, 0.9494, 0.9322] = 456.2026, sampling [0.0, -0.6322, 0.1452]. Recommendation = [0.0, 0.9494, 0.9322], Current Cost = 39373.00, Rho = 0.491
(iter 360) [0.0, 0.9494, 0.9322] = 456.2026, sampling [0.0, 0.6069, 0.3933]. Recommendation = [0.0, 0.9494, 0.9322], Current Cost = 40373.00, Rho = 0.491
(iter 360) [0.0, 0.9494, 0.9322] = 456.2026, sampling [0.0, -0.7511, 0.4421]. Recommendation = [0.0, 0.9494, 0.9322], Current Cost = 41373.00, Rho = 0.491
(iter 360) [0.0, 0.9494, 0.9322] = 456.2026, sampling [0.0, -1.1611, 1.0650]. Recommendation = [0.0, 0.9494, 0.9322], Current Cost = 42373.00, Rho = 0.491
(iter 360) [0.0, 0.9494, 0.9322] = 456.2026, sampling [0.0, -0.2459, 0.3261]. Recommendation = [0.0, 0.9494, 0.9322], Current Cost = 43373.00, Rho = 0.491
(iter 360) [0.0, 0.9494, 0.9322] = 456.2026, sampling [0.0, 0.3098, 0.0427]. Recommendation = [0.0, 0.9494, 0.9322], Current Cost = 44373.00, Rho = 0.491
(iter 360) [0.0, 0.9494, 0.9322] = 456.2026, sampling [0.0, 1.0830, 0.8091]. Recommendation = [0.0, 0.9494, 0.9322], Current Cost = 45373.00, Rho = 0.491
(iter 360) [0.0, 0.9494, 0.9322] = 456.2026, sampling [0.0, -0.2570, -0.0530]. Recommendation = [0.0, 0.9494, 0.9322], Current Cost = 46373.00, Rho = 0.491
(iter 360) [0.0, 0.9494, 0.9322] = 456.2026, sampling [0.0, 0.6554, 0.1057]. Recommendation = [0.0, 0.9494, 0.9322], Current Cost = 47373.00, Rho = 0.491
(iter 360) [0.0, 0.9494, 0.9322] = 456.2026, sampling [0.0, 0.0303, -0.0161]. Recommendation = [0.0, 0.9494, 0.9322], Current Cost = 48373.00, Rho = 0.491
(iter 360) [0.0, 0.9494, 0.9322] = 456.2026, sampling [0.0, 0.3185, 0.3736]. Recommendation = [0.0, 0.9494, 0.9322], Current Cost = 49373.00, Rho = 0.491
(iter 360) [0.0, 0.9494, 0.9322] = 456.2026, sampling [0.0, 0.4738, 0.1947]. Recommendation = [0.0, 0.9494, 0.9322], Current Cost = 50373.00, Rho = 0.491
(iter 360) [0.0, 0.9494, 0.9322] = 456.2026, sampling [0.0, -1.3189, 1.4229]. Recommendation = [0.0, 0.9494, 0.9322], Current Cost = 51373.00, Rho = 0.491
(iter 360) [0.0, 0.9494, 0.9322] = 456.2026, sampling [1.0, -0.0210, -1.1942]. Recommendation = [0.0, 0.9494, 0.9322], Current Cost = 52373.00, Rho = 0.491
(iter 360) [0.0, 0.9494, 0.9322] = 456.2026, sampling [0.0, -0.4879, -0.0493]. Recommendation = [0.0, 0.9494, 0.9322], Current Cost = 52374.00, Rho = 0.491
(iter 360) [0.0, 0.9494, 0.9322] = 456.2026, sampling [0.0, -0.0332, 0.2130]. Recommendation = [0.0, 0.9494, 0.9322], Current Cost = 53374.00, Rho = 0.491
(iter 360) [0.0, 0.9494, 0.9322] = 456.2026, sampling [0.0, -0.9576, 0.6201]. Recommendation = [0.0, 0.9494, 0.9322], Current Cost = 54374.00, Rho = 0.491
(iter 360) [0.0, 0.9494, 0.9322] = 456.2026, sampling [0.0, 0.6947, 0.7241]. Recommendation = [0.0, 0.9494, 0.9322], Current Cost = 55374.00, Rho = 0.491
(iter 360) [0.0, 0.9494, 0.9322] = 456.2026, sampling [0.0, -1.0838, 1.4122]. Recommendation = [0.0, 0.9494, 0.9322], Current Cost = 56374.00, Rho = 0.491
(iter 360) [0.0, 0.9494, 0.9322] = 456.2026, sampling [0.0, 1.3121, 1.5668]. Recommendation = [0.0, 0.9494, 0.9322], Current Cost = 57374.00, Rho = 0.491
(iter 360) [0.0, 0.9494, 0.9322] = 456.2026, sampling [0.0, -1.2530, 1.7123]. Recommendation = [0.0, 0.9494, 0.9322], Current Cost = 58374.00, Rho = 0.491
(iter 360) [0.0, 0.9494, 0.9322] = 456.2026, sampling [0.0, 0.8660, 1.0776]. Recommendation = [0.0, 0.9494, 0.9322], Current Cost = 59374.00, Rho = 0.491
(iter 360) [0.0, 0.9494, 0.9322] = 456.2026, sampling [0.0, -0.4060, 0.1758]. Recommendation = [0.0, 0.9494, 0.9322], Current Cost = 60374.00, Rho = 0.491
(iter 360) [0.0, 0.9494, 0.9322] = 456.2026, sampling [0.0, 1.3965, 1.8917]. Recommendation = [0.0, 0.9494, 0.9322], Current Cost = 61374.00, Rho = 0.491
(iter 360) [0.0, 0.9494, 0.9322] = 456.2026, sampling [0.0, 0.7985, 0.4237]. Recommendation = [0.0, 0.9494, 0.9322], Current Cost = 62374.00, Rho = 0.491
(iter 360) [0.0, 0.9494, 0.9322] = 456.2026, sampling [0.0, 0.1671, -0.0662]. Recommendation = [0.0, 0.9494, 0.9322], Current Cost = 63374.00, Rho = 0.491
(iter 360) [0.0, 0.9494, 0.9322] = 456.2026, sampling [1.0, 0.2000, -0.9546]. Recommendation = [0.0, 0.9494, 0.9322], Current Cost = 64374.00, Rho = 0.491
(iter 360) [0.0, 0.9494, 0.9322] = 456.2026, sampling [0.0, -1.0366, 0.8483]. Recommendation = [0.0, 0.9494, 0.9322], Current Cost = 64375.00, Rho = 0.491
(iter 360) [0.0, 0.9494, 0.9322] = 456.2026, sampling [0.0, -0.6160, 0.4277]. Recommendation = [0.0, 0.9494, 0.9322], Current Cost = 65375.00, Rho = 0.491
(iter 360) [0.0, 0.9494, 0.9322] = 456.2026, sampling [0.0, -1.0315, 1.1481]. Recommendation = [0.0, 0.9494, 0.9322], Current Cost = 66375.00, Rho = 0.491
(iter 360) [0.0, 0.9494, 0.9322] = 456.2026, sampling [1.0, -0.1581, -1.0215]. Recommendation = [0.0, 0.9494, 0.9322], Current Cost = 67375.00, Rho = 0.491
(iter 360) [0.0, 0.9494, 0.9322] = 456.2026, sampling [0.0, 0.3856, 0.2665]. Recommendation = [0.0, 0.9494, 0.9322], Current Cost = 67376.00, Rho = 0.491
(iter 360) [0.0, 0.9494, 0.9322] = 456.2026, sampling [0.0, 0.1416, -0.3283]. Recommendation = [0.0, 0.9494, 0.9322], Current Cost = 68376.00, Rho = 0.491
(iter 360) [0.0, 0.9494, 0.9322] = 456.2026, sampling [0.0, 1.1987, 1.7452]. Recommendation = [0.0, 0.9494, 0.9322], Current Cost = 69376.00, Rho = 0.491
(iter 360) [0.0, 0.9494, 0.9322] = 456.2026, sampling [0.0, -0.1604, -0.1447]. Recommendation = [0.0, 0.9494, 0.9322], Current Cost = 70376.00, Rho = 0.491
(iter 360) [0.0, 0.9494, 0.9322] = 456.2026, sampling [0.0, -0.6013, 0.7792]. Recommendation = [0.0, 0.9494, 0.9322], Current Cost = 71376.00, Rho = 0.491
(iter 360) [0.0, 0.9494, 0.9322] = 456.2026, sampling [0.0, 0.5391, -0.3134]. Recommendation = [0.0, 0.9494, 0.9322], Current Cost = 72376.00, Rho = 0.491
(iter 360) [0.0, 0.9494, 0.9322] = 456.2026, sampling [0.0, 0.0643, 0.0685]. Recommendation = [0.0, 0.9494, 0.9322], Current Cost = 73376.00, Rho = 0.491
(iter 360) [0.0, 0.9494, 0.9322] = 456.2026, sampling [1.0, 1.6980, 1.8548]. Recommendation = [0.0, 0.9494, 0.9322], Current Cost = 74376.00, Rho = 0.491
(iter 360) [0.0, 0.9494, 0.9322] = 456.2026, sampling [0.0, 0.1740, 0.3773]. Recommendation = [0.0, 0.9494, 0.9322], Current Cost = 74377.00, Rho = 0.491
(iter 360) [0.0, 0.9494, 0.9322] = 456.2026, sampling [0.0, 1.0127, 0.9482]. Recommendation = [0.0, 0.9494, 0.9322], Current Cost = 75377.00, Rho = 0.491
(iter 360) [0.0, 0.9494, 0.9322] = 456.2026, sampling [0.0, 0.6615, 0.5777]. Recommendation = [0.0, 0.9494, 0.9322], Current Cost = 76377.00, Rho = 0.491
(iter 360) [0.0, 0.9494, 0.9322] = 456.2026, sampling [0.0, -0.1545, -0.3682]. Recommendation = [0.0, 0.9494, 0.9322], Current Cost = 77377.00, Rho = 0.491
(iter 360) [0.0, 0.9494, 0.9322] = 456.2026, sampling [1.0, -0.9622, 0.0748]. Recommendation = [0.0, 0.9494, 0.9322], Current Cost = 78377.00, Rho = 0.491
(iter 360) [0.0, 0.9494, 0.9322] = 456.2026, sampling [0.0, -0.5130, 0.1402]. Recommendation = [0.0, 0.9494, 0.9322], Current Cost = 78378.00, Rho = 0.491
(iter 360) [0.0, 0.9494, 0.9322] = 456.2026, sampling [0.0, -0.8071, 0.2426]. Recommendation = [0.0, 0.9494, 0.9322], Current Cost = 79378.00, Rho = 0.491
(iter 360) [0.0, 0.9494, 0.9322] = 456.2026, sampling [0.0, 0.5216, 0.0209]. Recommendation = [0.0, 0.9494, 0.9322], Current Cost = 80378.00, Rho = 0.491
(iter 360) [0.0, 0.9494, 0.9322] = 456.2026, sampling [0.0, -1.3491, 1.6365]. Recommendation = [0.0, 0.9494, 0.9322], Current Cost = 81378.00, Rho = 0.491
(iter 360) [0.0, 0.9494, 0.9322] = 456.2026, sampling [0.0, 1.1865, 1.1041]. Recommendation = [0.0, 0.9494, 0.9322], Current Cost = 82378.00, Rho = 0.491
(iter 360) [0.0, 0.9494, 0.9322] = 456.2026, sampling [1.0, 1.2247, 0.3899]. Recommendation = [0.0, 0.9494, 0.9322], Current Cost = 83378.00, Rho = 0.491
(iter 360) [0.0, 0.9494, 0.9322] = 456.2026, sampling [1.0, 0.9233, -0.5169]. Recommendation = [0.0, 0.9494, 0.9322], Current Cost = 83379.00, Rho = 0.491
(iter 360) [0.0, 0.9494, 0.9322] = 456.2026, sampling [0.0, -0.9857, 1.0368]. Recommendation = [0.0, 0.9494, 0.9322], Current Cost = 83380.00, Rho = 0.491
(iter 360) [0.0, 0.9494, 0.9322] = 456.2026, sampling [0.0, -0.1974, 0.2378]. Recommendation = [0.0, 0.9494, 0.9322], Current Cost = 84380.00, Rho = 0.491
(iter 360) [0.0, 0.9494, 0.9322] = 456.2026, sampling [0.0, 1.5269, 1.9649]. Recommendation = [0.0, 0.9494, 0.9322], Current Cost = 85380.00, Rho = 0.491
(iter 360) [0.0, 0.9494, 0.9322] = 456.2026, sampling [0.0, 1.3078, 1.9705]. Recommendation = [0.0, 0.9494, 0.9322], Current Cost = 86380.00, Rho = 0.491
(iter 360) [0.0, 0.9494, 0.9322] = 456.2026, sampling [0.0, -0.5900, 0.3004]. Recommendation = [0.0, 0.9494, 0.9322], Current Cost = 87380.00, Rho = 0.491
(iter 360) [0.0, 0.9494, 0.9322] = 456.2026, sampling [0.0, 0.0056, 0.3829]. Recommendation = [0.0, 0.9494, 0.9322], Current Cost = 88380.00, Rho = 0.491
(iter 360) [0.0, 0.9494, 0.9322] = 456.2026, sampling [0.0, 0.0230, -0.2644]. Recommendation = [0.0, 0.9494, 0.9322], Current Cost = 89380.00, Rho = 0.491
(iter 360) [0.0, 0.9494, 0.9322] = 456.2026, sampling [0.0, -0.9397, 0.9194]. Recommendation = [0.0, 0.9494, 0.9322], Current Cost = 90380.00, Rho = 0.491
(iter 360) [0.0, 0.9494, 0.9322] = 456.2026, sampling [0.0, 0.4550, 0.2810]. Recommendation = [0.0, 0.9494, 0.9322], Current Cost = 91380.00, Rho = 0.491
(iter 360) [0.0, 0.9494, 0.9322] = 456.2026, sampling [0.0, -1.1506, 1.5113]. Recommendation = [0.0, 0.9494, 0.9322], Current Cost = 92380.00, Rho = 0.491
(iter 360) [0.0, 0.9494, 0.9322] = 456.2026, sampling [0.0, 0.9643, 0.5124]. Recommendation = [0.0, 0.9494, 0.9322], Current Cost = 93380.00, Rho = 0.491
(iter 360) [0.0, 0.9494, 0.9322] = 456.2026, sampling [0.0, -0.3555, 0.5015]. Recommendation = [0.0, 0.9494, 0.9322], Current Cost = 94380.00, Rho = 0.491
(iter 360) [0.0, 0.9494, 0.9322] = 456.2026, sampling [0.0, 0.6337, 0.1765]. Recommendation = [0.0, 0.9494, 0.9322], Current Cost = 95380.00, Rho = 0.491
(iter 360) [0.0, 0.9494, 0.9322] = 456.2026, sampling [0.0, -0.0943, -0.1081]. Recommendation = [0.0, 0.9494, 0.9322], Current Cost = 96380.00, Rho = 0.491
(iter 360) [0.0, 0.9494, 0.9322] = 456.2026, sampling [0.0, 1.4101, 1.6218]. Recommendation = [0.0, 0.9494, 0.9322], Current Cost = 97380.00, Rho = 0.491
(iter 360) [0.0, 0.9494, 0.9322] = 456.2026, sampling [0.0, 0.2776, 0.0148]. Recommendation = [0.0, 0.9494, 0.9322], Current Cost = 98380.00, Rho = 0.491
(iter 360) [0.0, 0.9494, 0.9322] = 456.2026, sampling [0.0, 0.2757, -0.2397]. Recommendation = [0.0, 0.9494, 0.9322], Current Cost = 99380.00, Rho = 0.491
