(iter 10) [0.0, -0.4480, 0.5805] = 439.7821, sampling [1.0, -0.0821, 0.1321]. Recommendation = [0.0, -0.4480, 0.5805], Current Cost = 5005.00, Rho = 1.000
(iter 10) [0.0, -0.4480, 0.5805] = 439.7821, sampling [1.0, -0.3074, 0.2100]. Recommendation = [0.0, -0.0821, 0.1321], Current Cost = 5006.00, Rho = 1.000
(iter 10) [0.0, -0.4480, 0.5805] = 439.7821, sampling [1.0, -0.0741, -0.1556]. Recommendation = [0.0, -0.0821, 0.1321], Current Cost = 5007.00, Rho = 1.000
(iter 10) [0.0, -0.4480, 0.5805] = 439.7821, sampling [1.0, 0.1792, -0.0457]. Recommendation = [0.0, -0.1905, 0.0999], Current Cost = 5008.00, Rho = 1.000
(iter 10) [0.0, -0.4480, 0.5805] = 439.7821, sampling [1.0, -0.1493, 0.4905]. Recommendation = [0.0, 0.0221, 0.0166], Current Cost = 5009.00, Rho = 1.000
(iter 10) [0.0, -0.4480, 0.5805] = 439.7821, sampling [1.0, -0.2341, 0.0040]. Recommendation = [0.0, 0.0221, 0.0166], Current Cost = 5010.00, Rho = 1.000
(iter 10) [0.0, -0.4480, 0.5805] = 439.7821, sampling [1.0, -0.3632, 0.3903]. Recommendation = [0.0, 0.0221, 0.0166], Current Cost = 5011.00, Rho = 1.000
(iter 10) [0.0, -0.4480, 0.5805] = 439.7821, sampling [1.0, 0.0221, 0.0166]. Recommendation = [0.0, 0.0221, 0.0166], Current Cost = 5012.00, Rho = 1.000
(iter 10) [0.0, -0.4480, 0.5805] = 439.7821, sampling [1.0, 0.0663, -0.2548]. Recommendation = [0.0, -0.1905, 0.0999], Current Cost = 5013.00, Rho = 1.000
(iter 10) [0.0, -0.4480, 0.5805] = 439.7821, sampling [1.0, -0.0903, 0.2670]. Recommendation = [0.0, 0.1380, -0.1326], Current Cost = 5014.00, Rho = 1.000
(iter 10) [0.0, -0.4480, 0.5805] = 439.7821, sampling [1.0, -0.4708, 0.1520]. Recommendation = [0.0, 0.1380, -0.1326], Current Cost = 5015.00, Rho = 1.000
(iter 10) [0.0, -0.4480, 0.5805] = 439.7821, sampling [1.0, 0.1380, -0.1326]. Recommendation = [0.0, 0.1380, -0.1326], Current Cost = 5016.00, Rho = 1.000
(iter 10) [0.0, -0.4480, 0.5805] = 439.7821, sampling [1.0, 0.1506, 0.2527]. Recommendation = [0.0, -0.1905, 0.0999], Current Cost = 5017.00, Rho = 1.000
(iter 10) [0.0, -0.4480, 0.5805] = 439.7821, sampling [1.0, -0.5289, 0.3348]. Recommendation = [0.0, -0.1905, 0.0999], Current Cost = 5018.00, Rho = 1.000
(iter 10) [0.0, -0.4480, 0.5805] = 439.7821, sampling [1.0, -0.3912, -0.1040]. Recommendation = [0.0, -0.1905, 0.0999], Current Cost = 5019.00, Rho = 1.000
(iter 10) [0.0, -0.4480, 0.5805] = 439.7821, sampling [1.0, -0.1905, 0.0999]. Recommendation = [0.0, 0.0987, 0.0137], Current Cost = 5020.00, Rho = 1.000
(iter 10) [0.0, -0.4480, 0.5805] = 439.7821, sampling [1.0, -0.3874, 0.0816]. Recommendation = [0.0, 0.0987, 0.0137], Current Cost = 5021.00, Rho = 1.000
(iter 10) [0.0, -0.4480, 0.5805] = 439.7821, sampling [1.0, 0.0397, 0.1023]. Recommendation = [0.0, 0.0987, 0.0137], Current Cost = 5022.00, Rho = 1.000
(iter 10) [0.0, -0.4480, 0.5805] = 439.7821, sampling [1.0, -0.4079, 0.2472]. Recommendation = [0.0, 0.0987, 0.0137], Current Cost = 5023.00, Rho = 1.000
(iter 10) [0.0, -0.4480, 0.5805] = 439.7821, sampling [1.0, -0.2639, 0.2975]. Recommendation = [0.0, 0.0987, 0.0137], Current Cost = 5024.00, Rho = 1.000
(iter 10) [0.0, -0.4480, 0.5805] = 439.7821, sampling [1.0, -0.2180, -0.1865]. Recommendation = [0.0, 0.0987, 0.0137], Current Cost = 5025.00, Rho = 1.000
(iter 10) [0.0, -0.4480, 0.5805] = 439.7821, sampling [1.0, 0.2832, -0.2314]. Recommendation = [0.0, 0.0221, 0.0166], Current Cost = 5026.00, Rho = 1.000
(iter 10) [0.0, -0.4480, 0.5805] = 439.7821, sampling [1.0, 0.2130, 0.1261]. Recommendation = [0.0, 0.0221, 0.0166], Current Cost = 5027.00, Rho = 1.000
(iter 10) [0.0, -0.4480, 0.5805] = 439.7821, sampling [1.0, -0.2048, -0.0799]. Recommendation = [0.0, 0.0987, 0.0137], Current Cost = 5028.00, Rho = 1.000
(iter 10) [0.0, -0.4480, 0.5805] = 439.7821, sampling [1.0, -0.0014, 0.2275]. Recommendation = [0.0, 0.0987, 0.0137], Current Cost = 5029.00, Rho = 1.000
(iter 10) [0.0, -0.4480, 0.5805] = 439.7821, sampling [1.0, 0.0987, 0.0137]. Recommendation = [0.0, 0.0987, 0.0137], Current Cost = 5030.00, Rho = 1.000
(iter 10) [0.0, -0.4480, 0.5805] = 439.7821, sampling [1.0, -0.5501, 0.4768]. Recommendation = [0.0, 0.0221, 0.0166], Current Cost = 5031.00, Rho = 1.000
(iter 10) [0.0, -0.4480, 0.5805] = 439.7821, sampling [1.0, -0.5949, 0.1462]. Recommendation = [0.0, 0.0221, 0.0166], Current Cost = 5032.00, Rho = 1.000
(iter 10) [0.0, -0.4480, 0.5805] = 439.7821, sampling [1.0, -0.3583, 0.4742]. Recommendation = [0.0, 0.0221, 0.0166], Current Cost = 5033.00, Rho = 1.000
(iter 10) [0.0, -0.4480, 0.5805] = 439.7821, sampling [1.0, -0.2715, 0.1563]. Recommendation = [0.0, 0.0221, 0.0166], Current Cost = 5034.00, Rho = 1.000
(iter 10) [0.0, -0.4480, 0.5805] = 439.7821, sampling [1.0, -0.5158, 0.2516]. Recommendation = [0.0, 0.0221, 0.0166], Current Cost = 5035.00, Rho = 1.000
(iter 10) [0.0, -0.4480, 0.5805] = 439.7821, sampling [1.0, -0.3432, -0.0206]. Recommendation = [0.0, 0.0221, 0.0166], Current Cost = 5036.00, Rho = 1.000
(iter 10) [0.0, -0.4480, 0.5805] = 439.7821, sampling [1.0, 0.0463, 0.3440]. Recommendation = [0.0, 0.0221, 0.0166], Current Cost = 5037.00, Rho = 1.000
(iter 10) [0.0, -0.4480, 0.5805] = 439.7821, sampling [1.0, -0.8076, 0.2742]. Recommendation = [0.0, 0.0221, 0.0166], Current Cost = 5038.00, Rho = 1.000
(iter 10) [0.0, -0.4480, 0.5805] = 439.7821, sampling [1.0, -0.6503, -0.0503]. Recommendation = [0.0, 0.0221, 0.0166], Current Cost = 5039.00, Rho = 1.000
(iter 10) [0.0, -0.4480, 0.5805] = 439.7821, sampling [1.0, -0.1462, -0.3731]. Recommendation = [0.0, 0.0221, 0.0166], Current Cost = 5040.00, Rho = 1.000
(iter 10) [0.0, -0.4480, 0.5805] = 439.7821, sampling [1.0, -0.4599, -0.0064]. Recommendation = [0.0, 0.0221, 0.0166], Current Cost = 5041.00, Rho = 1.000
(iter 10) [0.0, -0.4480, 0.5805] = 439.7821, sampling [1.0, -0.0990, -0.1108]. Recommendation = [0.0, 0.0221, 0.0166], Current Cost = 5042.00, Rho = 1.000
(iter 10) [0.0, -0.4480, 0.5805] = 439.7821, sampling [1.0, -0.6173, 0.6132]. Recommendation = [0.0, 0.0221, 0.0166], Current Cost = 5043.00, Rho = 1.000
(iter 10) [0.0, -0.4480, 0.5805] = 439.7821, sampling [1.0, -0.2542, 0.7372]. Recommendation = [0.0, 0.0221, 0.0166], Current Cost = 5044.00, Rho = 1.000
(iter 10) [0.0, -0.4480, 0.5805] = 439.7821, sampling [1.0, 0.3852, -0.0111]. Recommendation = [0.0, 0.0221, 0.0166], Current Cost = 5045.00, Rho = 1.000
(iter 10) [0.0, -0.4480, 0.5805] = 439.7821, sampling [1.0, 0.2263, -0.0275]. Recommendation = [0.0, 0.0221, 0.0166], Current Cost = 5046.00, Rho = 1.000
(iter 10) [0.0, -0.4480, 0.5805] = 439.7821, sampling [1.0, 0.3223, 0.0915]. Recommendation = [0.0, 0.0221, 0.0166], Current Cost = 5047.00, Rho = 1.000
(iter 10) [0.0, -0.4480, 0.5805] = 439.7821, sampling [1.0, 0.2722, 0.3925]. Recommendation = [0.0, 0.0221, 0.0166], Current Cost = 5048.00, Rho = 1.000
(iter 10) [0.0, -0.4480, 0.5805] = 439.7821, sampling [1.0, 0.2796, 0.2314]. Recommendation = [0.0, 0.0221, 0.0166], Current Cost = 5049.00, Rho = 1.000
(iter 10) [0.0, -0.4480, 0.5805] = 439.7821, sampling [1.0, 0.1168, 0.5236]. Recommendation = [0.0, 0.0221, 0.0166], Current Cost = 5050.00, Rho = 1.000
(iter 10) [0.0, -0.4480, 0.5805] = 439.7821, sampling [1.0, 0.3592, -0.1234]. Recommendation = [0.0, 0.0221, 0.0166], Current Cost = 5051.00, Rho = 1.000
(iter 10) [0.0, -0.4480, 0.5805] = 439.7821, sampling [1.0, -0.4668, 0.2874]. Recommendation = [0.0, 0.0221, 0.0166], Current Cost = 5052.00, Rho = 1.000
(iter 10) [0.0, -0.4480, 0.5805] = 439.7821, sampling [1.0, -0.7491, 0.5907]. Recommendation = [0.0, 0.0221, 0.0166], Current Cost = 5053.00, Rho = 1.000
(iter 10) [0.0, -0.4480, 0.5805] = 439.7821, sampling [1.0, -0.4875, -0.2927]. Recommendation = [0.0, 0.0221, 0.0166], Current Cost = 5054.00, Rho = 1.000
(iter 10) [0.0, -0.4480, 0.5805] = 439.7821, sampling [1.0, -0.2892, -0.1141]. Recommendation = [0.0, 0.0221, 0.0166], Current Cost = 5055.00, Rho = 1.000
(iter 10) [0.0, -0.4480, 0.5805] = 439.7821, sampling [1.0, -0.1712, -0.2510]. Recommendation = [0.0, 0.0221, 0.0166], Current Cost = 5056.00, Rho = 1.000
(iter 10) [0.0, -0.4480, 0.5805] = 439.7821, sampling [1.0, -0.5262, 0.5496]. Recommendation = [0.0, 0.0221, 0.0166], Current Cost = 5057.00, Rho = 1.000
(iter 10) [0.0, -0.4480, 0.5805] = 439.7821, sampling [1.0, 0.0952, 0.0549]. Recommendation = [0.0, 0.0221, 0.0166], Current Cost = 5058.00, Rho = 1.000
(iter 10) [0.0, -0.4480, 0.5805] = 439.7821, sampling [1.0, -0.5841, 0.7500]. Recommendation = [0.0, 0.0221, 0.0166], Current Cost = 5059.00, Rho = 1.000
(iter 10) [0.0, -0.4480, 0.5805] = 439.7821, sampling [1.0, -0.9013, 0.4705]. Recommendation = [0.0, 0.0221, 0.0166], Current Cost = 5060.00, Rho = 1.000
(iter 10) [0.0, -0.4480, 0.5805] = 439.7821, sampling [1.0, 0.4251, 0.2380]. Recommendation = [0.0, 0.0221, 0.0166], Current Cost = 5061.00, Rho = 1.000
(iter 10) [0.0, -0.4480, 0.5805] = 439.7821, sampling [1.0, -0.2852, 0.5251]. Recommendation = [0.0, 0.0221, 0.0166], Current Cost = 5062.00, Rho = 1.000
(iter 10) [0.0, -0.4480, 0.5805] = 439.7821, sampling [1.0, -0.0563, 0.3176]. Recommendation = [0.0, 0.0221, 0.0166], Current Cost = 5063.00, Rho = 1.000
(iter 10) [0.0, -0.4480, 0.5805] = 439.7821, sampling [1.0, 0.1568, 0.3257]. Recommendation = [0.0, 0.0221, 0.0166], Current Cost = 5064.00, Rho = 1.000
(iter 10) [0.0, -0.4480, 0.5805] = 439.7821, sampling [1.0, -0.3124, 0.1658]. Recommendation = [0.0, 0.0221, 0.0166], Current Cost = 5065.00, Rho = 1.000
(iter 10) [0.0, -0.4480, 0.5805] = 439.7821, sampling [1.0, -0.5707, 0.0598]. Recommendation = [0.0, 0.0221, 0.0166], Current Cost = 5066.00, Rho = 1.000
(iter 10) [0.0, -0.4480, 0.5805] = 439.7821, sampling [1.0, 0.4685, 0.0776]. Recommendation = [0.0, 0.0221, 0.0166], Current Cost = 5067.00, Rho = 1.000
(iter 10) [0.0, -0.4480, 0.5805] = 439.7821, sampling [1.0, 0.3776, 0.0734]. Recommendation = [0.0, 0.0221, 0.0166], Current Cost = 5068.00, Rho = 1.000
(iter 10) [0.0, -0.4480, 0.5805] = 439.7821, sampling [1.0, -0.8334, 0.0849]. Recommendation = [0.0, 0.0221, 0.0166], Current Cost = 5069.00, Rho = 1.000
(iter 10) [0.0, -0.4480, 0.5805] = 439.7821, sampling [1.0, -0.3949, 0.4114]. Recommendation = [0.0, 0.0221, 0.0166], Current Cost = 5070.00, Rho = 1.000
(iter 10) [0.0, -0.4480, 0.5805] = 439.7821, sampling [1.0, 0.4130, 0.5853]. Recommendation = [0.0, 0.0221, 0.0166], Current Cost = 5071.00, Rho = 1.000
(iter 10) [0.0, -0.4480, 0.5805] = 439.7821, sampling [1.0, 0.4833, 0.3560]. Recommendation = [0.0, 0.0221, 0.0166], Current Cost = 5072.00, Rho = 1.000
(iter 10) [0.0, -0.4480, 0.5805] = 439.7821, sampling [1.0, 0.3477, 0.3399]. Recommendation = [0.0, 0.0221, 0.0166], Current Cost = 5073.00, Rho = 1.000
(iter 10) [0.0, -0.4480, 0.5805] = 439.7821, sampling [1.0, 0.0694, 0.8544]. Recommendation = [0.0, 0.0221, 0.0166], Current Cost = 5074.00, Rho = 1.000
(iter 10) [0.0, -0.4480, 0.5805] = 439.7821, sampling [1.0, -0.0550, 0.1288]. Recommendation = [0.0, 0.0221, 0.0166], Current Cost = 5075.00, Rho = 1.000
(iter 10) [0.0, -0.4480, 0.5805] = 439.7821, sampling [1.0, -0.7609, 0.7297]. Recommendation = [0.0, 0.0221, 0.0166], Current Cost = 5076.00, Rho = 1.000
(iter 10) [0.0, -0.4480, 0.5805] = 439.7821, sampling [1.0, -0.3244, -0.1730]. Recommendation = [0.0, 0.0221, 0.0166], Current Cost = 5077.00, Rho = 1.000
(iter 10) [0.0, -0.4480, 0.5805] = 439.7821, sampling [1.0, -0.5074, -0.0996]. Recommendation = [0.0, 0.0221, 0.0166], Current Cost = 5078.00, Rho = 1.000
(iter 10) [0.0, -0.4480, 0.5805] = 439.7821, sampling [1.0, 0.5749, 0.2058]. Recommendation = [0.0, 0.0221, 0.0166], Current Cost = 5079.00, Rho = 1.000
(iter 10) [0.0, -0.4480, 0.5805] = 439.7821, sampling [1.0, -0.8304, 0.3792]. Recommendation = [0.0, 0.0221, 0.0166], Current Cost = 5080.00, Rho = 1.000
(iter 10) [0.0, -0.4480, 0.5805] = 439.7821, sampling [1.0, 0.3513, 0.4372]. Recommendation = [0.0, 0.0221, 0.0166], Current Cost = 5081.00, Rho = 1.000
(iter 10) [0.0, -0.4480, 0.5805] = 439.7821, sampling [1.0, 0.4552, -0.0430]. Recommendation = [0.0, 0.0221, 0.0166], Current Cost = 5082.00, Rho = 1.000
(iter 10) [0.0, -0.4480, 0.5805] = 439.7821, sampling [1.0, -0.4408, 0.7674]. Recommendation = [0.0, 0.0221, 0.0166], Current Cost = 5083.00, Rho = 1.000
(iter 10) [0.0, -0.4480, 0.5805] = 439.7821, sampling [1.0, 0.5022, 0.1364]. Recommendation = [0.0, 0.0221, 0.0166], Current Cost = 5084.00, Rho = 1.000
(iter 10) [0.0, -0.4480, 0.5805] = 439.7821, sampling [1.0, 0.4464, -0.2218]. Recommendation = [0.0, 0.0221, 0.0166], Current Cost = 5085.00, Rho = 1.000
(iter 10) [0.0, -0.4480, 0.5805] = 439.7821, sampling [1.0, -0.5417, 0.2635]. Recommendation = [0.0, 0.0221, 0.0166], Current Cost = 5086.00, Rho = 1.000
(iter 10) [0.0, -0.4480, 0.5805] = 439.7821, sampling [1.0, 0.6043, 0.4850]. Recommendation = [0.0, 0.0221, 0.0166], Current Cost = 5087.00, Rho = 1.000
(iter 10) [0.0, -0.4480, 0.5805] = 439.7821, sampling [1.0, 0.5611, 0.3238]. Recommendation = [0.0, 0.0221, 0.0166], Current Cost = 5088.00, Rho = 1.000
(iter 10) [0.0, -0.4480, 0.5805] = 439.7821, sampling [1.0, -0.0654, 0.6318]. Recommendation = [0.0, 0.0221, 0.0166], Current Cost = 5089.00, Rho = 1.000
(iter 10) [0.0, -0.4480, 0.5805] = 439.7821, sampling [1.0, -0.9481, 0.6405]. Recommendation = [0.0, 0.0221, 0.0166], Current Cost = 5090.00, Rho = 1.000
(iter 10) [0.0, -0.4480, 0.5805] = 439.7821, sampling [1.0, -0.2795, 0.1893]. Recommendation = [0.0, 0.0221, 0.0166], Current Cost = 5091.00, Rho = 1.000
(iter 10) [0.0, -0.4480, 0.5805] = 439.7821, sampling [1.0, -0.0162, 0.2035]. Recommendation = [0.0, 0.0221, 0.0166], Current Cost = 5092.00, Rho = 1.000
(iter 10) [0.0, -0.4480, 0.5805] = 439.7821, sampling [1.0, -0.1869, -0.1649]. Recommendation = [0.0, 0.0221, 0.0166], Current Cost = 5093.00, Rho = 1.000
(iter 10) [0.0, -0.4480, 0.5805] = 439.7821, sampling [1.0, 0.5336, 0.4359]. Recommendation = [0.0, 0.0221, 0.0166], Current Cost = 5094.00, Rho = 1.000
(iter 10) [0.0, -0.4480, 0.5805] = 439.7821, sampling [1.0, -0.8110, 0.8733]. Recommendation = [0.0, 0.0221, 0.0166], Current Cost = 5095.00, Rho = 1.000
(iter 10) [0.0, -0.4480, 0.5805] = 439.7821, sampling [1.0, 0.2368, 0.4921]. Recommendation = [0.0, 0.0221, 0.0166], Current Cost = 5096.00, Rho = 1.000
(iter 10) [0.0, -0.4480, 0.5805] = 439.7821, sampling [1.0, -0.4357, 1.1515]. Recommendation = [0.0, 0.0221, 0.0166], Current Cost = 5097.00, Rho = 1.000
(iter 10) [0.0, -0.4480, 0.5805] = 439.7821, sampling [1.0, -0.6086, 0.6753]. Recommendation = [0.0, 0.0221, 0.0166], Current Cost = 5098.00, Rho = 1.000
(iter 10) [0.0, -0.4480, 0.5805] = 439.7821, sampling [1.0, 0.6006, 0.0924]. Recommendation = [0.0, 0.0221, 0.0166], Current Cost = 5099.00, Rho = 1.000
(iter 10) [0.0, -0.4480, 0.5805] = 439.7821, sampling [1.0, 0.7126, 0.3684]. Recommendation = [0.0, 0.0221, 0.0166], Current Cost = 5100.00, Rho = 1.000
(iter 10) [0.0, -0.4480, 0.5805] = 439.7821, sampling [1.0, 0.6576, 0.7454]. Recommendation = [0.0, 0.0221, 0.0166], Current Cost = 5101.00, Rho = 1.000
(iter 10) [0.0, -0.4480, 0.5805] = 439.7821, sampling [1.0, 0.4586, 0.8305]. Recommendation = [0.0, 0.0221, 0.0166], Current Cost = 5102.00, Rho = 1.000
(iter 10) [0.0, -0.4480, 0.5805] = 439.7821, sampling [1.0, 0.6383, 0.5621]. Recommendation = [0.0, 0.0221, 0.0166], Current Cost = 5103.00, Rho = 1.000
(iter 10) [0.0, -0.4480, 0.5805] = 439.7821, sampling [1.0, 0.1064, 0.3114]. Recommendation = [0.0, 0.0221, 0.0166], Current Cost = 5104.00, Rho = 1.000
(iter 10) [0.0, -0.4480, 0.5805] = 439.7821, sampling [1.0, 0.4953, 0.5287]. Recommendation = [0.0, 0.0221, 0.0166], Current Cost = 5105.00, Rho = 1.000
(iter 10) [0.0, -0.4480, 0.5805] = 439.7821, sampling [1.0, 0.5663, -0.0611]. Recommendation = [0.0, 0.0221, 0.0166], Current Cost = 5106.00, Rho = 1.000
(iter 10) [0.0, -0.4480, 0.5805] = 439.7821, sampling [1.0, 0.0005, -0.5288]. Recommendation = [0.0, 0.0221, 0.0166], Current Cost = 5107.00, Rho = 1.000
(iter 10) [0.0, -0.4480, 0.5805] = 439.7821, sampling [1.0, -0.2574, -0.4329]. Recommendation = [0.0, 0.0221, 0.0166], Current Cost = 5108.00, Rho = 1.000
(iter 10) [0.0, -0.4480, 0.5805] = 439.7821, sampling [1.0, -0.0861, -0.4001]. Recommendation = [0.0, 0.0221, 0.0166], Current Cost = 5109.00, Rho = 1.000
(iter 10) [0.0, -0.4480, 0.5805] = 439.7821, sampling [1.0, -1.0861, 0.3040]. Recommendation = [0.0, 0.0221, 0.0166], Current Cost = 5110.00, Rho = 1.000
(iter 10) [0.0, -0.4480, 0.5805] = 439.7821, sampling [1.0, -0.7238, 0.7740]. Recommendation = [0.0, 0.0221, 0.0166], Current Cost = 5111.00, Rho = 1.000
(iter 10) [0.0, -0.4480, 0.5805] = 439.7821, sampling [1.0, 0.8896, 0.6565]. Recommendation = [0.0, 0.0221, 0.0166], Current Cost = 5112.00, Rho = 1.000
(iter 10) [0.0, -0.4480, 0.5805] = 439.7821, sampling [1.0, 0.7716, 0.2358]. Recommendation = [0.0, 0.0221, 0.0166], Current Cost = 5113.00, Rho = 1.000
(iter 10) [0.0, -0.4480, 0.5805] = 439.7821, sampling [1.0, 0.8107, 0.9492]. Recommendation = [0.0, 0.0221, 0.0166], Current Cost = 5114.00, Rho = 1.000
(iter 10) [0.0, -0.4480, 0.5805] = 439.7821, sampling [1.0, 0.5279, 1.2684]. Recommendation = [0.0, 0.0221, 0.0166], Current Cost = 5115.00, Rho = 1.000
(iter 10) [0.0, -0.4480, 0.5805] = 439.7821, sampling [1.0, 0.8693, 0.8039]. Recommendation = [0.0, 0.0221, 0.0166], Current Cost = 5116.00, Rho = 1.000
(iter 10) [0.0, -0.4480, 0.5805] = 439.7821, sampling [1.0, 0.8335, 0.3726]. Recommendation = [0.0, 0.0221, 0.0166], Current Cost = 5117.00, Rho = 1.000
(iter 10) [0.0, -0.4480, 0.5805] = 439.7821, sampling [1.0, 0.5043, -0.0036]. Recommendation = [0.0, 0.0221, 0.0166], Current Cost = 5118.00, Rho = 1.000
(iter 10) [0.0, -0.4480, 0.5805] = 439.7821, sampling [1.0, 0.6703, 0.1689]. Recommendation = [0.0, 0.0221, 0.0166], Current Cost = 5119.00, Rho = 1.000
(iter 10) [0.0, -0.4480, 0.5805] = 439.7821, sampling [1.0, 0.5432, 0.6990]. Recommendation = [0.0, 0.0221, 0.0166], Current Cost = 5120.00, Rho = 1.000
(iter 10) [0.0, -0.4480, 0.5805] = 439.7821, sampling [1.0, 0.0432, 0.5146]. Recommendation = [0.0, 0.0221, 0.0166], Current Cost = 5121.00, Rho = 1.000
(iter 10) [0.0, -0.4480, 0.5805] = 439.7821, sampling [1.0, 0.3325, 0.7040]. Recommendation = [0.0, 0.0221, 0.0166], Current Cost = 5122.00, Rho = 1.000
(iter 10) [0.0, -0.4480, 0.5805] = 439.7821, sampling [1.0, -0.7387, 0.6236]. Recommendation = [0.0, 0.0221, 0.0166], Current Cost = 5123.00, Rho = 1.000
(iter 10) [0.0, -0.4480, 0.5805] = 439.7821, sampling [1.0, 1.0606, 0.7570]. Recommendation = [0.0, 0.0221, 0.0166], Current Cost = 5124.00, Rho = 1.000
(iter 10) [0.0, -0.4480, 0.5805] = 439.7821, sampling [1.0, 0.3309, 0.5085]. Recommendation = [0.0, 0.0221, 0.0166], Current Cost = 5125.00, Rho = 1.000
(iter 10) [0.0, -0.4480, 0.5805] = 439.7821, sampling [1.0, 0.1415, -0.5241]. Recommendation = [0.0, 0.0221, 0.0166], Current Cost = 5126.00, Rho = 1.000
(iter 10) [0.0, -0.4480, 0.5805] = 439.7821, sampling [1.0, -0.7787, -0.4097]. Recommendation = [0.0, 0.0221, 0.0166], Current Cost = 5127.00, Rho = 1.000
(iter 10) [0.0, -0.4480, 0.5805] = 439.7821, sampling [1.0, 0.6418, 0.6613]. Recommendation = [0.0, 0.0221, 0.0166], Current Cost = 5128.00, Rho = 1.000
(iter 10) [0.0, -0.4480, 0.5805] = 439.7821, sampling [1.0, 0.7016, 0.9303]. Recommendation = [0.0, 0.0221, 0.0166], Current Cost = 5129.00, Rho = 1.000
(iter 10) [0.0, -0.4480, 0.5805] = 439.7821, sampling [1.0, 1.1126, 0.5354]. Recommendation = [0.0, 0.0221, 0.0166], Current Cost = 5130.00, Rho = 1.000
(iter 10) [0.0, -0.4480, 0.5805] = 439.7821, sampling [1.0, 0.9806, 0.9248]. Recommendation = [0.0, 0.0221, 0.0166], Current Cost = 5131.00, Rho = 1.000
(iter 10) [0.0, -0.4480, 0.5805] = 439.7821, sampling [1.0, 0.1157, 0.6366]. Recommendation = [0.0, 0.0221, 0.0166], Current Cost = 5132.00, Rho = 1.000
(iter 10) [0.0, -0.4480, 0.5805] = 439.7821, sampling [1.0, -1.0504, 0.8669]. Recommendation = [0.0, 0.0221, 0.0166], Current Cost = 5133.00, Rho = 1.000
(iter 10) [0.0, -0.4480, 0.5805] = 439.7821, sampling [1.0, -0.8963, 0.9686]. Recommendation = [0.0, 0.0221, 0.0166], Current Cost = 5134.00, Rho = 1.000
(iter 10) [0.0, -0.4480, 0.5805] = 439.7821, sampling [1.0, -0.8780, 0.8927]. Recommendation = [0.0, 0.0221, 0.0166], Current Cost = 5135.00, Rho = 1.000
(iter 10) [0.0, -0.4480, 0.5805] = 439.7821, sampling [1.0, -1.0825, 0.6513]. Recommendation = [0.0, 0.0221, 0.0166], Current Cost = 5136.00, Rho = 1.000
(iter 10) [0.0, -0.4480, 0.5805] = 439.7821, sampling [1.0, 0.9602, 1.1674]. Recommendation = [0.0, 0.0221, 0.0166], Current Cost = 5137.00, Rho = 1.000
(iter 10) [0.0, -0.4480, 0.5805] = 439.7821, sampling [1.0, 1.1435, 1.0439]. Recommendation = [0.0, 0.0987, 0.0137], Current Cost = 5138.00, Rho = 1.000
(iter 10) [0.0, -0.4480, 0.5805] = 439.7821, sampling [1.0, 0.5707, 0.2936]. Recommendation = [0.0, 0.0987, 0.0137], Current Cost = 5139.00, Rho = 1.000
(iter 10) [0.0, -0.4480, 0.5805] = 439.7821, sampling [1.0, 0.6648, -0.0177]. Recommendation = [0.0, 0.0987, 0.0137], Current Cost = 5140.00, Rho = 1.000
(iter 10) [0.0, -0.4480, 0.5805] = 439.7821, sampling [1.0, 0.9360, 0.9893]. Recommendation = [0.0, 0.0987, 0.0137], Current Cost = 5141.00, Rho = 1.000
(iter 10) [0.0, -0.4480, 0.5805] = 439.7821, sampling [1.0, 0.5367, 0.3993]. Recommendation = [0.0, 0.0987, 0.0137], Current Cost = 5142.00, Rho = 1.000
(iter 10) [0.0, -0.4480, 0.5805] = 439.7821, sampling [1.0, -0.8274, 1.1315]. Recommendation = [0.0, 0.0987, 0.0137], Current Cost = 5143.00, Rho = 1.000
(iter 10) [0.0, -0.4480, 0.5805] = 439.7821, sampling [1.0, -0.4618, 0.8709]. Recommendation = [0.0, 0.0987, 0.0137], Current Cost = 5144.00, Rho = 1.000
(iter 10) [0.0, -0.4480, 0.5805] = 439.7821, sampling [1.0, 1.2434, 1.2545]. Recommendation = [0.0, 0.0987, 0.0137], Current Cost = 5145.00, Rho = 1.000
(iter 10) [0.0, -0.4480, 0.5805] = 439.7821, sampling [1.0, 0.9731, 1.4912]. Recommendation = [0.0, 0.0987, 0.0137], Current Cost = 5146.00, Rho = 1.000
(iter 10) [0.0, -0.4480, 0.5805] = 439.7821, sampling [1.0, 1.0924, 1.2238]. Recommendation = [0.0, 0.0987, 0.0137], Current Cost = 5147.00, Rho = 1.000
(iter 10) [0.0, -0.4480, 0.5805] = 439.7821, sampling [1.0, 1.2812, 0.9146]. Recommendation = [0.0, 0.0987, 0.0137], Current Cost = 5148.00, Rho = 1.000
(iter 10) [0.0, -0.4480, 0.5805] = 439.7821, sampling [1.0, 0.7819, 1.1768]. Recommendation = [0.0, 0.0987, 0.0137], Current Cost = 5149.00, Rho = 1.000
(iter 10) [0.0, -0.4480, 0.5805] = 439.7821, sampling [1.0, 0.7762, 0.8584]. Recommendation = [0.0, 0.0987, 0.0137], Current Cost = 5150.00, Rho = 1.000
(iter 10) [0.0, -0.4480, 0.5805] = 439.7821, sampling [1.0, 0.9487, 0.7545]. Recommendation = [0.0, 0.0987, 0.0137], Current Cost = 5151.00, Rho = 1.000
(iter 10) [0.0, -0.4480, 0.5805] = 439.7821, sampling [1.0, 1.3076, 1.5467]. Recommendation = [0.0, 0.0987, 0.0137], Current Cost = 5152.00, Rho = 1.000
(iter 10) [0.0, -0.4480, 0.5805] = 439.7821, sampling [1.0, 0.9125, 1.9045]. Recommendation = [0.0, 0.0987, 0.0137], Current Cost = 5153.00, Rho = 1.000
(iter 10) [0.0, -0.4480, 0.5805] = 439.7821, sampling [1.0, 1.4560, 1.3289]. Recommendation = [0.0, 0.0987, 0.0137], Current Cost = 5154.00, Rho = 1.000
(iter 10) [0.0, -0.4480, 0.5805] = 439.7821, sampling [1.0, 1.0573, 1.3112]. Recommendation = [0.0, 0.0987, 0.0137], Current Cost = 5155.00, Rho = 1.000
(iter 10) [0.0, -0.4480, 0.5805] = 439.7821, sampling [1.0, 1.1658, 1.5350]. Recommendation = [0.0, 0.0987, 0.0137], Current Cost = 5156.00, Rho = 1.000
(iter 10) [0.0, -0.4480, 0.5805] = 439.7821, sampling [1.0, 0.2436, 0.4008]. Recommendation = [0.0, 0.0987, 0.0137], Current Cost = 5157.00, Rho = 1.000
(iter 10) [0.0, -0.4480, 0.5805] = 439.7821, sampling [1.0, 0.5473, -0.2050]. Recommendation = [0.0, 0.0987, 0.0137], Current Cost = 5158.00, Rho = 1.000
(iter 10) [0.0, -0.4480, 0.5805] = 439.7821, sampling [1.0, 0.3022, 0.4456]. Recommendation = [0.0, 0.0987, 0.0137], Current Cost = 5159.00, Rho = 1.000
(iter 10) [0.0, -0.4480, 0.5805] = 439.7821, sampling [1.0, 0.9404, 0.8408]. Recommendation = [0.0, 0.0987, 0.0137], Current Cost = 5160.00, Rho = 1.000
(iter 10) [0.0, -0.4480, 0.5805] = 439.7821, sampling [1.0, -0.8401, 1.0040]. Recommendation = [0.0, 0.0987, 0.0137], Current Cost = 5161.00, Rho = 1.000
(iter 10) [0.0, -0.4480, 0.5805] = 439.7821, sampling [1.0, -0.0203, 1.4758]. Recommendation = [0.0, 0.0987, 0.0137], Current Cost = 5162.00, Rho = 1.000
(iter 10) [0.0, -0.4480, 0.5805] = 439.7821, sampling [1.0, 0.8278, 0.1150]. Recommendation = [0.0, 0.0987, 0.0137], Current Cost = 5163.00, Rho = 1.000
(iter 10) [0.0, -0.4480, 0.5805] = 439.7821, sampling [1.0, 1.0836, 0.9407]. Recommendation = [0.0, 0.0987, 0.0137], Current Cost = 5164.00, Rho = 1.000
(iter 10) [0.0, -0.4480, 0.5805] = 439.7821, sampling [1.0, -0.5110, -0.0567]. Recommendation = [0.0, 0.0987, 0.0137], Current Cost = 5165.00, Rho = 1.000
(iter 10) [0.0, -0.4480, 0.5805] = 439.7821, sampling [1.0, -0.9777, 0.9649]. Recommendation = [0.0, 0.0987, 0.0137], Current Cost = 5166.00, Rho = 1.000
(iter 10) [0.0, -0.4480, 0.5805] = 439.7821, sampling [1.0, 0.6893, 0.7933]. Recommendation = [0.0, 0.0987, 0.0137], Current Cost = 5167.00, Rho = 1.000
(iter 10) [0.0, -0.4480, 0.5805] = 439.7821, sampling [1.0, -0.6419, -0.1456]. Recommendation = [0.0, 0.0987, 0.0137], Current Cost = 5168.00, Rho = 1.000
(iter 10) [0.0, -0.4480, 0.5805] = 439.7821, sampling [1.0, -0.1679, -0.4772]. Recommendation = [0.0, 0.0987, 0.0137], Current Cost = 5169.00, Rho = 1.000
(iter 10) [0.0, -0.4480, 0.5805] = 439.7821, sampling [1.0, 0.9021, 1.3477]. Recommendation = [0.0, 0.0987, 0.0137], Current Cost = 5170.00, Rho = 1.000
(iter 10) [0.0, -0.4480, 0.5805] = 439.7821, sampling [1.0, 0.4624, -0.2741]. Recommendation = [0.0, 0.0987, 0.0137], Current Cost = 5171.00, Rho = 1.000
(iter 10) [0.0, -0.4480, 0.5805] = 439.7821, sampling [1.0, 0.4780, 0.5658]. Recommendation = [0.0, 0.0987, 0.0137], Current Cost = 5172.00, Rho = 1.000
(iter 10) [0.0, -0.4480, 0.5805] = 439.7821, sampling [1.0, 1.1315, 1.1378]. Recommendation = [0.0, 0.0987, 0.0137], Current Cost = 5173.00, Rho = 1.000
(iter 10) [0.0, -0.4480, 0.5805] = 439.7821, sampling [1.0, -0.9533, 1.0795]. Recommendation = [0.0, 0.0987, 0.0137], Current Cost = 5174.00, Rho = 1.000
(iter 10) [0.0, -0.4480, 0.5805] = 439.7821, sampling [1.0, 0.0109, 0.5746]. Recommendation = [0.0, 0.0987, 0.0137], Current Cost = 5175.00, Rho = 1.000
(iter 10) [0.0, -0.4480, 0.5805] = 439.7821, sampling [1.0, -1.0666, 1.0284]. Recommendation = [0.0, 0.0987, 0.0137], Current Cost = 5176.00, Rho = 1.000
(iter 10) [0.0, -0.4480, 0.5805] = 439.7821, sampling [1.0, -0.3351, -0.5423]. Recommendation = [0.0, 0.0987, 0.0137], Current Cost = 5177.00, Rho = 1.000
(iter 10) [0.0, -0.4480, 0.5805] = 439.7821, sampling [1.0, -1.1737, 0.8190]. Recommendation = [0.0, 0.0987, 0.0137], Current Cost = 5178.00, Rho = 1.000
(iter 10) [0.0, -0.4480, 0.5805] = 439.7821, sampling [1.0, -0.5200, 0.7992]. Recommendation = [0.0, 0.0987, 0.0137], Current Cost = 5179.00, Rho = 1.000
(iter 10) [0.0, -0.4480, 0.5805] = 439.7821, sampling [1.0, 0.2573, -0.5232]. Recommendation = [0.0, 0.0987, 0.0137], Current Cost = 5180.00, Rho = 1.000
(iter 10) [0.0, -0.4480, 0.5805] = 439.7821, sampling [1.0, 1.3731, 1.7969]. Recommendation = [0.0, 0.0987, 0.0137], Current Cost = 5181.00, Rho = 1.000
(iter 10) [0.0, -0.4480, 0.5805] = 439.7821, sampling [1.0, 1.1941, 1.6964]. Recommendation = [0.0, 0.0987, 0.0137], Current Cost = 5182.00, Rho = 1.000
(iter 10) [0.0, -0.4480, 0.5805] = 439.7821, sampling [1.0, 1.4864, 1.6346]. Recommendation = [0.0, 0.0987, 0.0137], Current Cost = 5183.00, Rho = 1.000
(iter 10) [0.0, -0.4480, 0.5805] = 439.7821, sampling [1.0, 1.3242, 1.6850]. Recommendation = [0.0, 0.0987, 0.0137], Current Cost = 5184.00, Rho = 1.000
(iter 10) [0.0, -0.4480, 0.5805] = 439.7821, sampling [1.0, 1.6433, 1.9832]. Recommendation = [0.0, 0.0987, 0.0137], Current Cost = 5185.00, Rho = 1.000
(iter 10) [0.0, -0.4480, 0.5805] = 439.7821, sampling [1.0, 1.3166, 1.9562]. Recommendation = [0.0, 0.0987, 0.0137], Current Cost = 5186.00, Rho = 1.000
(iter 10) [0.0, -0.4480, 0.5805] = 439.7821, sampling [1.0, 0.9225, 0.7070]. Recommendation = [0.0, 0.0987, 0.0137], Current Cost = 5187.00, Rho = 1.000
(iter 10) [0.0, -0.4480, 0.5805] = 439.7821, sampling [1.0, -0.2482, 0.8490]. Recommendation = [0.0, 0.0987, 0.0137], Current Cost = 5188.00, Rho = 1.000
(iter 10) [0.0, -0.4480, 0.5805] = 439.7821, sampling [1.0, 1.0734, 0.2810]. Recommendation = [0.0, 0.0987, 0.0137], Current Cost = 5189.00, Rho = 1.000
(iter 10) [0.0, -0.4480, 0.5805] = 439.7821, sampling [1.0, 1.2846, 1.8453]. Recommendation = [0.0, 0.0987, 0.0137], Current Cost = 5190.00, Rho = 1.000
(iter 10) [0.0, -0.4480, 0.5805] = 439.7821, sampling [1.0, 0.3652, 0.9076]. Recommendation = [0.0, 0.0987, 0.0137], Current Cost = 5191.00, Rho = 1.000
(iter 10) [0.0, -0.4480, 0.5805] = 439.7821, sampling [1.0, 0.5222, 0.7719]. Recommendation = [0.0, 0.0987, 0.0137], Current Cost = 5192.00, Rho = 1.000
(iter 10) [0.0, -0.4480, 0.5805] = 439.7821, sampling [1.0, 1.2772, 1.1326]. Recommendation = [0.0, 0.0987, 0.0137], Current Cost = 5193.00, Rho = 1.000
(iter 10) [0.0, -0.4480, 0.5805] = 439.7821, sampling [1.0, 1.0437, 0.6480]. Recommendation = [0.0, 0.0987, 0.0137], Current Cost = 5194.00, Rho = 1.000
(iter 10) [0.0, -0.4480, 0.5805] = 439.7821, sampling [1.0, 1.0450, 0.8210]. Recommendation = [0.0, 0.0987, 0.0137], Current Cost = 5195.00, Rho = 1.000
(iter 10) [0.0, -0.4480, 0.5805] = 439.7821, sampling [1.0, -1.0214, 1.2124]. Recommendation = [0.0, 0.0987, 0.0137], Current Cost = 5196.00, Rho = 1.000
(iter 10) [0.0, -0.4480, 0.5805] = 439.7821, sampling [1.0, -0.7859, 1.3610]. Recommendation = [0.0, 0.0987, 0.0137], Current Cost = 5197.00, Rho = 1.000
(iter 10) [0.0, -0.4480, 0.5805] = 439.7821, sampling [1.0, -1.1226, 1.1082]. Recommendation = [0.0, 0.0987, 0.0137], Current Cost = 5198.00, Rho = 1.000
(iter 10) [0.0, -0.4480, 0.5805] = 439.7821, sampling [1.0, 0.4001, 0.7086]. Recommendation = [0.0, 0.0987, 0.0137], Current Cost = 5199.00, Rho = 1.000
(iter 10) [0.0, -0.4480, 0.5805] = 439.7821, sampling [1.0, -1.1490, 0.9751]. Recommendation = [0.0, 0.0987, 0.0137], Current Cost = 5200.00, Rho = 1.000
(iter 10) [0.0, -0.4480, 0.5805] = 439.7821, sampling [1.0, 0.4850, -0.4134]. Recommendation = [0.0, 0.0987, 0.0137], Current Cost = 5201.00, Rho = 1.000
(iter 10) [0.0, -0.4480, 0.5805] = 439.7821, sampling [1.0, 0.6743, -0.1719]. Recommendation = [0.0, 0.0987, 0.0137], Current Cost = 5202.00, Rho = 1.000
(iter 10) [0.0, -0.4480, 0.5805] = 439.7821, sampling [1.0, 0.2930, 0.4821]. Recommendation = [0.0, 0.0987, 0.0137], Current Cost = 5203.00, Rho = 1.000
(iter 10) [0.0, -0.4480, 0.5805] = 439.7821, sampling [1.0, 1.8968, 1.5516]. Recommendation = [0.0, 0.0987, 0.0137], Current Cost = 5204.00, Rho = 1.000
(iter 10) [0.0, -0.4480, 0.5805] = 439.7821, sampling [1.0, -0.7106, -0.0371]. Recommendation = [0.0, 0.0987, 0.0137], Current Cost = 5205.00, Rho = 1.000
(iter 10) [0.0, -0.4480, 0.5805] = 439.7821, sampling [1.0, -0.0477, -0.6294]. Recommendation = [0.0, 0.0987, 0.0137], Current Cost = 5206.00, Rho = 1.000
(iter 10) [0.0, -0.4480, 0.5805] = 439.7821, sampling [1.0, 0.0134, 0.6785]. Recommendation = [0.0, 0.0987, 0.0137], Current Cost = 5207.00, Rho = 1.000
(iter 10) [0.0, -0.4480, 0.5805] = 439.7821, sampling [1.0, -0.9192, -0.1435]. Recommendation = [0.0, 0.0987, 0.0137], Current Cost = 5208.00, Rho = 1.000
(iter 10) [0.0, -0.4480, 0.5805] = 439.7821, sampling [1.0, -0.3305, 0.7808]. Recommendation = [0.0, 0.0987, 0.0137], Current Cost = 5209.00, Rho = 1.000
(iter 10) [0.0, -0.4480, 0.5805] = 439.7821, sampling [1.0, -0.9365, 0.4404]. Recommendation = [0.0, 0.0987, 0.0137], Current Cost = 5210.00, Rho = 1.000
(iter 10) [0.0, -0.4480, 0.5805] = 439.7821, sampling [1.0, -0.9838, 1.3124]. Recommendation = [0.0, 0.0987, 0.0137], Current Cost = 5211.00, Rho = 1.000
(iter 10) [0.0, -0.4480, 0.5805] = 439.7821, sampling [1.0, 0.9089, 1.2183]. Recommendation = [0.0, 0.0987, 0.0137], Current Cost = 5212.00, Rho = 1.000
(iter 10) [0.0, -0.4480, 0.5805] = 439.7821, sampling [1.0, -0.5602, -0.4468]. Recommendation = [0.0, 0.0987, 0.0137], Current Cost = 5213.00, Rho = 1.000
(iter 10) [0.0, -0.4480, 0.5805] = 439.7821, sampling [1.0, 1.0527, 1.5850]. Recommendation = [0.0, 0.0987, 0.0137], Current Cost = 5214.00, Rho = 1.000
(iter 10) [0.0, -0.4480, 0.5805] = 439.7821, sampling [1.0, 0.6180, 1.1186]. Recommendation = [0.0, 0.0987, 0.0137], Current Cost = 5215.00, Rho = 1.000
(iter 10) [0.0, -0.4480, 0.5805] = 439.7821, sampling [1.0, -0.8804, 1.0997]. Recommendation = [0.0, 0.0987, 0.0137], Current Cost = 5216.00, Rho = 1.000
(iter 10) [0.0, -0.4480, 0.5805] = 439.7821, sampling [1.0, -1.3087, 0.6051]. Recommendation = [0.0, 0.0987, 0.0137], Current Cost = 5217.00, Rho = 1.000
(iter 10) [0.0, -0.4480, 0.5805] = 439.7821, sampling [1.0, 0.5956, -0.1590]. Recommendation = [0.0, 0.0987, 0.0137], Current Cost = 5218.00, Rho = 1.000
(iter 10) [0.0, -0.4480, 0.5805] = 439.7821, sampling [1.0, 1.2399, 1.6102]. Recommendation = [0.0, 0.0987, 0.0137], Current Cost = 5219.00, Rho = 1.000
(iter 10) [0.0, -0.4480, 0.5805] = 439.7821, sampling [1.0, -1.0929, 0.8058]. Recommendation = [0.0, 0.0987, 0.0137], Current Cost = 5220.00, Rho = 1.000
(iter 10) [0.0, -0.4480, 0.5805] = 439.7821, sampling [1.0, -0.6315, -0.2330]. Recommendation = [0.0, 0.0987, 0.0137], Current Cost = 5221.00, Rho = 1.000
(iter 10) [0.0, -0.4480, 0.5805] = 439.7821, sampling [1.0, -1.1887, 1.2496]. Recommendation = [0.0, 0.0987, 0.0137], Current Cost = 5222.00, Rho = 1.000
(iter 10) [0.0, -0.4480, 0.5805] = 439.7821, sampling [1.0, -1.0997, 1.4361]. Recommendation = [0.0, 0.0987, 0.0137], Current Cost = 5223.00, Rho = 1.000
(iter 10) [0.0, -0.4480, 0.5805] = 439.7821, sampling [1.0, -0.8917, 1.5709]. Recommendation = [0.0, 0.0987, 0.0137], Current Cost = 5224.00, Rho = 1.000
(iter 10) [0.0, -0.4480, 0.5805] = 439.7821, sampling [1.0, -1.1525, 1.3059]. Recommendation = [0.0, 0.0987, 0.0137], Current Cost = 5225.00, Rho = 1.000
(iter 10) [0.0, -0.4480, 0.5805] = 439.7821, sampling [1.0, 0.7432, 1.4481]. Recommendation = [0.0, 0.0987, 0.0137], Current Cost = 5226.00, Rho = 1.000
(iter 10) [0.0, -0.4480, 0.5805] = 439.7821, sampling [1.0, 1.1740, 1.9981]. Recommendation = [0.0, 0.0987, 0.0137], Current Cost = 5227.00, Rho = 1.000
(iter 10) [0.0, -0.4480, 0.5805] = 439.7821, sampling [1.0, 0.1285, -0.6136]. Recommendation = [0.0, 0.0987, 0.0137], Current Cost = 5228.00, Rho = 1.000
(iter 10) [0.0, -0.4480, 0.5805] = 439.7821, sampling [1.0, 0.8664, 0.1993]. Recommendation = [0.0, 0.0987, 0.0137], Current Cost = 5229.00, Rho = 1.000
(iter 10) [0.0, -0.4480, 0.5805] = 439.7821, sampling [1.0, 1.4277, 1.8681]. Recommendation = [0.0, 0.0987, 0.0137], Current Cost = 5230.00, Rho = 1.000
(iter 10) [0.0, -0.4480, 0.5805] = 439.7821, sampling [1.0, 1.1877, 1.2301]. Recommendation = [0.0, 0.0987, 0.0137], Current Cost = 5231.00, Rho = 1.000
(iter 10) [0.0, -0.4480, 0.5805] = 439.7821, sampling [1.0, 0.1237, 0.5561]. Recommendation = [0.0, 0.0987, 0.0137], Current Cost = 5232.00, Rho = 1.000
(iter 10) [0.0, -0.4480, 0.5805] = 439.7821, sampling [1.0, 0.7955, 0.8896]. Recommendation = [0.0, 0.0987, 0.0137], Current Cost = 5233.00, Rho = 1.000
(iter 10) [0.0, -0.4480, 0.5805] = 439.7821, sampling [1.0, -0.4009, -0.7249]. Recommendation = [0.0, 0.0987, 0.0137], Current Cost = 5234.00, Rho = 1.000
(iter 10) [0.0, -0.4480, 0.5805] = 439.7821, sampling [1.0, -1.3120, 1.1201]. Recommendation = [0.0, 0.0987, 0.0137], Current Cost = 5235.00, Rho = 1.000
(iter 10) [0.0, -0.4480, 0.5805] = 439.7821, sampling [1.0, 1.1785, 0.7190]. Recommendation = [0.0, 0.0987, 0.0137], Current Cost = 5236.00, Rho = 1.000
(iter 10) [0.0, -0.4480, 0.5805] = 439.7821, sampling [1.0, -0.6015, 1.2673]. Recommendation = [0.0, 0.0987, 0.0137], Current Cost = 5237.00, Rho = 1.000
(iter 10) [0.0, -0.4480, 0.5805] = 439.7821, sampling [1.0, 1.0762, 0.8774]. Recommendation = [0.0, 0.0987, 0.0137], Current Cost = 5238.00, Rho = 1.000
(iter 10) [0.0, -0.4480, 0.5805] = 439.7821, sampling [1.0, -0.0336, 1.0198]. Recommendation = [0.0, 0.0987, 0.0137], Current Cost = 5239.00, Rho = 1.000
(iter 10) [0.0, -0.4480, 0.5805] = 439.7821, sampling [1.0, 0.6772, 0.7345]. Recommendation = [0.0, 0.0987, 0.0137], Current Cost = 5240.00, Rho = 1.000
(iter 10) [0.0, -0.4480, 0.5805] = 439.7821, sampling [1.0, 1.1089, 1.0076]. Recommendation = [0.0, 0.0987, 0.0137], Current Cost = 5241.00, Rho = 1.000
(iter 10) [0.0, -0.4480, 0.5805] = 439.7821, sampling [1.0, -0.9852, 0.3512]. Recommendation = [0.0, 0.0987, 0.0137], Current Cost = 5242.00, Rho = 1.000
(iter 10) [0.0, -0.4480, 0.5805] = 439.7821, sampling [1.0, -0.5881, 1.8974]. Recommendation = [0.0, 0.0987, 0.0137], Current Cost = 5243.00, Rho = 1.000
(iter 10) [0.0, -0.4480, 0.5805] = 439.7821, sampling [1.0, -1.0112, 0.1434]. Recommendation = [0.0, 0.0987, 0.0137], Current Cost = 5244.00, Rho = 1.000
(iter 10) [0.0, -0.4480, 0.5805] = 439.7821, sampling [1.0, -0.5524, -0.2983]. Recommendation = [0.0, 0.0987, 0.0137], Current Cost = 5245.00, Rho = 1.000
(iter 10) [0.0, -0.4480, 0.5805] = 439.7821, sampling [1.0, -1.2725, 0.9467]. Recommendation = [0.0, 0.0987, 0.0137], Current Cost = 5246.00, Rho = 1.000
(iter 10) [0.0, -0.4480, 0.5805] = 439.7821, sampling [1.0, 0.2033, 0.9838]. Recommendation = [0.0, 0.0987, 0.0137], Current Cost = 5247.00, Rho = 1.000
(iter 10) [0.0, -0.4480, 0.5805] = 439.7821, sampling [1.0, 0.8936, 0.0240]. Recommendation = [0.0, 0.0987, 0.0137], Current Cost = 5248.00, Rho = 1.000
(iter 10) [0.0, -0.4480, 0.5805] = 439.7821, sampling [1.0, 0.2900, -0.6210]. Recommendation = [0.0, 0.0987, 0.0137], Current Cost = 5249.00, Rho = 1.000
(iter 10) [0.0, -0.4480, 0.5805] = 439.7821, sampling [1.0, 0.6236, -0.2417]. Recommendation = [0.0, 0.0987, 0.0137], Current Cost = 5250.00, Rho = 1.000
(iter 10) [0.0, -0.4480, 0.5805] = 439.7821, sampling [1.0, -0.3029, 1.0137]. Recommendation = [0.0, 0.0987, 0.0137], Current Cost = 5251.00, Rho = 1.000
(iter 10) [0.0, -0.4480, 0.5805] = 439.7821, sampling [1.0, 1.1628, 1.7512]. Recommendation = [0.0, 0.0987, 0.0137], Current Cost = 5252.00, Rho = 1.000
(iter 10) [0.0, -0.4480, 0.5805] = 439.7821, sampling [1.0, -1.2254, 1.1923]. Recommendation = [0.0, 0.0987, 0.0137], Current Cost = 5253.00, Rho = 1.000
(iter 10) [0.0, -0.4480, 0.5805] = 439.7821, sampling [1.0, 0.4643, -0.5037]. Recommendation = [0.0, 0.0987, 0.0137], Current Cost = 5254.00, Rho = 1.000
(iter 10) [0.0, -0.4480, 0.5805] = 439.7821, sampling [1.0, -0.1371, -0.8543]. Recommendation = [0.0, 0.0987, 0.0137], Current Cost = 5255.00, Rho = 1.000
(iter 10) [0.0, -0.4480, 0.5805] = 439.7821, sampling [1.0, -1.2700, 1.3411]. Recommendation = [0.0, 0.0987, 0.0137], Current Cost = 5256.00, Rho = 1.000
(iter 10) [0.0, -0.4480, 0.5805] = 439.7821, sampling [1.0, -0.8193, -0.0159]. Recommendation = [0.0, 0.0987, 0.0137], Current Cost = 5257.00, Rho = 1.000
(iter 10) [0.0, -0.4480, 0.5805] = 439.7821, sampling [1.0, 0.2184, -0.5666]. Recommendation = [0.0, 0.0987, 0.0137], Current Cost = 5258.00, Rho = 1.000
(iter 10) [0.0, -0.4480, 0.5805] = 439.7821, sampling [1.0, 1.1064, 1.0521]. Recommendation = [0.0, 0.0987, 0.0137], Current Cost = 5259.00, Rho = 1.000
(iter 10) [0.0, -0.4480, 0.5805] = 439.7821, sampling [1.0, 0.1095, -0.7806]. Recommendation = [0.0, 0.0987, 0.0137], Current Cost = 5260.00, Rho = 1.000
(iter 10) [0.0, -0.4480, 0.5805] = 439.7821, sampling [1.0, -0.3240, -0.4890]. Recommendation = [0.0, 0.0987, 0.0137], Current Cost = 5261.00, Rho = 1.000
(iter 10) [0.0, -0.4480, 0.5805] = 439.7821, sampling [1.0, 1.2032, 1.0480]. Recommendation = [0.0, 0.0987, 0.0137], Current Cost = 5262.00, Rho = 1.000
(iter 10) [0.0, -0.4480, 0.5805] = 439.7821, sampling [1.0, 1.3872, 1.6709]. Recommendation = [0.0, 0.0987, 0.0137], Current Cost = 5263.00, Rho = 1.000
(iter 10) [0.0, -0.4480, 0.5805] = 439.7821, sampling [1.0, 0.9330, 1.6583]. Recommendation = [0.0, 0.0987, 0.0137], Current Cost = 5264.00, Rho = 1.000
(iter 10) [0.0, -0.4480, 0.5805] = 439.7821, sampling [1.0, 0.9559, 0.9766]. Recommendation = [0.0, 0.0987, 0.0137], Current Cost = 5265.00, Rho = 1.000
(iter 10) [0.0, -0.4480, 0.5805] = 439.7821, sampling [1.0, -0.7752, -0.8163]. Recommendation = [0.0, 0.0987, 0.0137], Current Cost = 5266.00, Rho = 1.000
(iter 10) [0.0, -0.4480, 0.5805] = 439.7821, sampling [1.0, 0.8583, 1.2636]. Recommendation = [0.0, 0.0987, 0.0137], Current Cost = 5267.00, Rho = 1.000
(iter 10) [0.0, -0.4480, 0.5805] = 439.7821, sampling [1.0, -1.1762, 1.6480]. Recommendation = [0.0, 0.0987, 0.0137], Current Cost = 5268.00, Rho = 1.000
(iter 10) [0.0, -0.4480, 0.5805] = 439.7821, sampling [1.0, -1.2781, 1.4831]. Recommendation = [0.0, 0.0987, 0.0137], Current Cost = 5269.00, Rho = 1.000
(iter 10) [0.0, -0.4480, 0.5805] = 439.7821, sampling [1.0, -1.0605, 1.4690]. Recommendation = [0.0, 0.0987, 0.0137], Current Cost = 5270.00, Rho = 1.000
(iter 10) [0.0, -0.4480, 0.5805] = 439.7821, sampling [1.0, 1.2576, 1.6656]. Recommendation = [0.0, 0.0987, 0.0137], Current Cost = 5271.00, Rho = 1.000
(iter 10) [0.0, -0.4480, 0.5805] = 439.7821, sampling [1.0, -0.7698, -0.1776]. Recommendation = [0.0, 0.0987, 0.0137], Current Cost = 5272.00, Rho = 1.000
(iter 10) [0.0, -0.4480, 0.5805] = 439.7821, sampling [1.0, -0.0415, -0.7015]. Recommendation = [0.0, 0.0987, 0.0137], Current Cost = 5273.00, Rho = 1.000
(iter 10) [0.0, -0.4480, 0.5805] = 439.7821, sampling [1.0, 0.6618, -0.3662]. Recommendation = [0.0, 0.0987, 0.0137], Current Cost = 5274.00, Rho = 1.000
(iter 10) [0.0, -0.4480, 0.5805] = 439.7821, sampling [1.0, -0.9962, 1.6889]. Recommendation = [0.0, 0.0987, 0.0137], Current Cost = 5275.00, Rho = 1.000
(iter 10) [0.0, -0.4480, 0.5805] = 439.7821, sampling [1.0, 0.3536, 0.8448]. Recommendation = [0.0, 0.0987, 0.0137], Current Cost = 5276.00, Rho = 1.000
(iter 10) [0.0, -0.4480, 0.5805] = 439.7821, sampling [1.0, -1.0892, 0.4187]. Recommendation = [0.0, 0.0987, 0.0137], Current Cost = 5277.00, Rho = 1.000
(iter 10) [0.0, -0.4480, 0.5805] = 439.7821, sampling [1.0, 1.5016, 1.7878]. Recommendation = [0.0, 0.0987, 0.0137], Current Cost = 5278.00, Rho = 1.000
(iter 10) [0.0, -0.4480, 0.5805] = 439.7821, sampling [1.0, 0.0856, -0.6740]. Recommendation = [0.0, 0.0987, 0.0137], Current Cost = 5279.00, Rho = 1.000
(iter 10) [0.0, -0.4480, 0.5805] = 439.7821, sampling [1.0, 0.4088, 1.8939]. Recommendation = [0.0, 0.0987, 0.0137], Current Cost = 5280.00, Rho = 1.000
(iter 10) [0.0, -0.4480, 0.5805] = 439.7821, sampling [1.0, -1.3580, -0.0857]. Recommendation = [0.0, 0.0987, 0.0137], Current Cost = 5281.00, Rho = 1.000
(iter 10) [0.0, -0.4480, 0.5805] = 439.7821, sampling [1.0, 1.3391, 0.6348]. Recommendation = [0.0, 0.0987, 0.0137], Current Cost = 5282.00, Rho = 1.000
(iter 10) [0.0, -0.4480, 0.5805] = 439.7821, sampling [1.0, 0.8196, 0.0470]. Recommendation = [0.0, 0.0987, 0.0137], Current Cost = 5283.00, Rho = 1.000
(iter 10) [0.0, -0.4480, 0.5805] = 439.7821, sampling [1.0, -1.1971, 1.8740]. Recommendation = [0.0, 0.0987, 0.0137], Current Cost = 5284.00, Rho = 1.000
(iter 10) [0.0, -0.4480, 0.5805] = 439.7821, sampling [1.0, -1.1436, 1.7411]. Recommendation = [0.0, 0.0987, 0.0137], Current Cost = 5285.00, Rho = 1.000
(iter 10) [0.0, -0.4480, 0.5805] = 439.7821, sampling [1.0, -1.2964, 1.8202]. Recommendation = [0.0, 0.0987, 0.0137], Current Cost = 5286.00, Rho = 1.000
(iter 10) [0.0, -0.4480, 0.5805] = 439.7821, sampling [1.0, 1.5406, 1.9633]. Recommendation = [0.0, 0.0987, 0.0137], Current Cost = 5287.00, Rho = 1.000
(iter 10) [0.0, -0.4480, 0.5805] = 439.7821, sampling [1.0, 1.0331, 1.5162]. Recommendation = [0.0, 0.0987, 0.0137], Current Cost = 5288.00, Rho = 1.000
(iter 10) [0.0, -0.4480, 0.5805] = 439.7821, sampling [1.0, -1.3741, 1.3885]. Recommendation = [0.0, 0.0987, 0.0137], Current Cost = 5289.00, Rho = 1.000
(iter 10) [0.0, -0.4480, 0.5805] = 439.7821, sampling [1.0, -1.2005, 1.2923]. Recommendation = [0.0, 0.0987, 0.0137], Current Cost = 5290.00, Rho = 1.000
(iter 10) [0.0, -0.4480, 0.5805] = 439.7821, sampling [1.0, 0.1759, -0.5460]. Recommendation = [0.0, 0.0987, 0.0137], Current Cost = 5291.00, Rho = 1.000
(iter 10) [0.0, -0.4480, 0.5805] = 439.7821, sampling [1.0, -1.0257, 1.9219]. Recommendation = [0.0, 0.0987, 0.0137], Current Cost = 5292.00, Rho = 1.000
(iter 10) [0.0, -0.4480, 0.5805] = 439.7821, sampling [1.0, -0.9406, 1.0950]. Recommendation = [0.0, 0.0987, 0.0137], Current Cost = 5293.00, Rho = 1.000
(iter 10) [0.0, -0.4480, 0.5805] = 439.7821, sampling [1.0, 0.6862, 1.1803]. Recommendation = [0.0, 0.0987, 0.0137], Current Cost = 5294.00, Rho = 1.000
(iter 10) [0.0, -0.4480, 0.5805] = 439.7821, sampling [1.0, 0.2064, -0.6693]. Recommendation = [0.0, 0.0987, 0.0137], Current Cost = 5295.00, Rho = 1.000
(iter 10) [0.0, -0.4480, 0.5805] = 439.7821, sampling [1.0, -1.3462, 1.4875]. Recommendation = [0.0, 0.0987, 0.0137], Current Cost = 5296.00, Rho = 1.000
(iter 10) [0.0, -0.4480, 0.5805] = 439.7821, sampling [1.0, -1.1019, 1.1060]. Recommendation = [0.0, 0.0987, 0.0137], Current Cost = 5297.00, Rho = 1.000
(iter 10) [0.0, -0.4480, 0.5805] = 439.7821, sampling [1.0, 0.9590, 0.7408]. Recommendation = [0.0, 0.0987, 0.0137], Current Cost = 5298.00, Rho = 1.000
(iter 10) [0.0, -0.4480, 0.5805] = 439.7821, sampling [1.0, 1.4375, 1.4428]. Recommendation = [0.0, 0.0987, 0.0137], Current Cost = 5299.00, Rho = 1.000
(iter 10) [0.0, -0.4480, 0.5805] = 439.7821, sampling [1.0, -1.4732, 1.7076]. Recommendation = [0.0, 0.0987, 0.0137], Current Cost = 5300.00, Rho = 1.000
(iter 10) [0.0, -0.4480, 0.5805] = 439.7821, sampling [1.0, -1.3027, 1.8918]. Recommendation = [0.0, 0.0987, 0.0137], Current Cost = 5301.00, Rho = 1.000
(iter 10) [0.0, -0.4480, 0.5805] = 439.7821, sampling [1.0, 0.4215, -0.6478]. Recommendation = [0.0, 0.0987, 0.0137], Current Cost = 5302.00, Rho = 1.000
(iter 10) [0.0, -0.4480, 0.5805] = 439.7821, sampling [1.0, 0.5876, -0.2119]. Recommendation = [0.0, 0.0987, 0.0137], Current Cost = 5303.00, Rho = 1.000
(iter 10) [0.0, -0.4480, 0.5805] = 439.7821, sampling [1.0, 1.3307, 1.0601]. Recommendation = [0.0, 0.0987, 0.0137], Current Cost = 5304.00, Rho = 1.000
(iter 10) [0.0, -0.4480, 0.5805] = 439.7821, sampling [1.0, 1.4427, 1.7156]. Recommendation = [0.0, 0.0987, 0.0137], Current Cost = 5305.00, Rho = 1.000
(iter 10) [0.0, -0.4480, 0.5805] = 439.7821, sampling [1.0, 1.1806, 1.5594]. Recommendation = [0.0, 0.0987, 0.0137], Current Cost = 5306.00, Rho = 1.000
(iter 10) [0.0, -0.4480, 0.5805] = 439.7821, sampling [1.0, 0.7521, 1.2363]. Recommendation = [0.0, 0.0987, 0.0137], Current Cost = 5307.00, Rho = 1.000
(iter 10) [0.0, -0.4480, 0.5805] = 439.7821, sampling [1.0, -1.2949, 1.3791]. Recommendation = [0.0, 0.0987, 0.0137], Current Cost = 5308.00, Rho = 1.000
(iter 10) [0.0, -0.4480, 0.5805] = 439.7821, sampling [1.0, 0.1925, 1.1570]. Recommendation = [0.0, 0.0987, 0.0137], Current Cost = 5309.00, Rho = 1.000
(iter 10) [0.0, -0.4480, 0.5805] = 439.7821, sampling [1.0, -1.1373, 0.9976]. Recommendation = [0.0, 0.0987, 0.0137], Current Cost = 5310.00, Rho = 1.000
(iter 10) [0.0, -0.4480, 0.5805] = 439.7821, sampling [1.0, -0.9203, 1.5071]. Recommendation = [0.0, 0.0987, 0.0137], Current Cost = 5311.00, Rho = 1.000
(iter 10) [0.0, -0.4480, 0.5805] = 439.7821, sampling [1.0, -1.6327, 1.9843]. Recommendation = [0.0, 0.0987, 0.0137], Current Cost = 5312.00, Rho = 1.000
(iter 10) [0.0, -0.4480, 0.5805] = 439.7821, sampling [1.0, -1.4849, 1.7802]. Recommendation = [0.0, 0.0987, 0.0137], Current Cost = 5313.00, Rho = 1.000
(iter 10) [0.0, -0.4480, 0.5805] = 439.7821, sampling [1.0, -0.6859, 1.4464]. Recommendation = [0.0, 0.0987, 0.0137], Current Cost = 5314.00, Rho = 1.000
(iter 10) [0.0, -0.4480, 0.5805] = 439.7821, sampling [1.0, 0.8457, 1.4981]. Recommendation = [0.0, 0.0987, 0.0137], Current Cost = 5315.00, Rho = 1.000
(iter 10) [0.0, -0.4480, 0.5805] = 439.7821, sampling [1.0, 1.5051, 1.8638]. Recommendation = [0.0, 0.0987, 0.0137], Current Cost = 5316.00, Rho = 1.000
(iter 10) [0.0, -0.4480, 0.5805] = 439.7821, sampling [1.0, 1.1328, 0.0428]. Recommendation = [0.0, 0.0987, 0.0137], Current Cost = 5317.00, Rho = 1.000
(iter 10) [0.0, -0.4480, 0.5805] = 439.7821, sampling [1.0, 1.0719, 0.8996]. Recommendation = [0.0, 0.0987, 0.0137], Current Cost = 5318.00, Rho = 1.000
(iter 10) [0.0, -0.4480, 0.5805] = 439.7821, sampling [1.0, -0.1723, 1.1445]. Recommendation = [0.0, 0.0987, 0.0137], Current Cost = 5319.00, Rho = 1.000
(iter 10) [0.0, -0.4480, 0.5805] = 439.7821, sampling [1.0, 0.2665, -0.7794]. Recommendation = [0.0, 0.0987, 0.0137], Current Cost = 5320.00, Rho = 1.000
(iter 10) [0.0, -0.4480, 0.5805] = 439.7821, sampling [1.0, -1.1252, 0.6529]. Recommendation = [0.0, 0.0987, 0.0137], Current Cost = 5321.00, Rho = 1.000
(iter 10) [0.0, -0.4480, 0.5805] = 439.7821, sampling [1.0, 1.0094, 1.6609]. Recommendation = [0.0, 0.0987, 0.0137], Current Cost = 5322.00, Rho = 1.000
(iter 10) [0.0, -0.4480, 0.5805] = 439.7821, sampling [1.0, 1.1388, 0.4151]. Recommendation = [0.0, 0.0987, 0.0137], Current Cost = 5323.00, Rho = 1.000
(iter 10) [0.0, -0.4480, 0.5805] = 439.7821, sampling [1.0, 0.5766, -0.5620]. Recommendation = [0.0, 0.0987, 0.0137], Current Cost = 5324.00, Rho = 1.000
(iter 10) [0.0, -0.4480, 0.5805] = 439.7821, sampling [1.0, -0.5760, -0.3917]. Recommendation = [0.0, 0.0987, 0.0137], Current Cost = 5325.00, Rho = 1.000
(iter 10) [0.0, -0.4480, 0.5805] = 439.7821, sampling [1.0, -1.3633, 1.3272]. Recommendation = [0.0, 0.0987, 0.0137], Current Cost = 5326.00, Rho = 1.000
(iter 10) [0.0, -0.4480, 0.5805] = 439.7821, sampling [1.0, 0.0182, -0.9430]. Recommendation = [0.0, 0.0987, 0.0137], Current Cost = 5327.00, Rho = 1.000
(iter 10) [0.0, -0.4480, 0.5805] = 439.7821, sampling [1.0, -0.2656, -0.8709]. Recommendation = [0.0, 0.0987, 0.0137], Current Cost = 5328.00, Rho = 1.000
(iter 10) [0.0, -0.4480, 0.5805] = 439.7821, sampling [1.0, -1.2314, 0.9084]. Recommendation = [0.0, 0.0987, 0.0137], Current Cost = 5329.00, Rho = 1.000
(iter 10) [0.0, -0.4480, 0.5805] = 439.7821, sampling [1.0, 0.8801, -0.3260]. Recommendation = [0.0, 0.0987, 0.0137], Current Cost = 5330.00, Rho = 1.000
(iter 10) [0.0, -0.4480, 0.5805] = 439.7821, sampling [1.0, -1.0572, 1.0221]. Recommendation = [0.0, 0.0987, 0.0137], Current Cost = 5331.00, Rho = 1.000
(iter 10) [0.0, -0.4480, 0.5805] = 439.7821, sampling [1.0, -0.2208, 0.8338]. Recommendation = [0.0, 0.0987, 0.0137], Current Cost = 5332.00, Rho = 1.000
(iter 10) [0.0, -0.4480, 0.5805] = 439.7821, sampling [1.0, 0.4340, 1.2110]. Recommendation = [0.0, 0.0987, 0.0137], Current Cost = 5333.00, Rho = 1.000
(iter 10) [0.0, -0.4480, 0.5805] = 439.7821, sampling [1.0, 1.2602, 1.6068]. Recommendation = [0.0, 0.0987, 0.0137], Current Cost = 5334.00, Rho = 1.000
(iter 10) [0.0, -0.4480, 0.5805] = 439.7821, sampling [1.0, 0.1030, 0.9576]. Recommendation = [0.0, 0.0987, 0.0137], Current Cost = 5335.00, Rho = 1.000
(iter 10) [0.0, -0.4480, 0.5805] = 439.7821, sampling [1.0, -0.3660, 1.0378]. Recommendation = [0.0, 0.0987, 0.0137], Current Cost = 5336.00, Rho = 1.000
(iter 10) [0.0, -0.4480, 0.5805] = 439.7821, sampling [1.0, -0.3698, 1.3026]. Recommendation = [0.0, 0.0987, 0.0137], Current Cost = 5337.00, Rho = 1.000
(iter 10) [0.0, -0.4480, 0.5805] = 439.7821, sampling [1.0, 1.4653, 1.1967]. Recommendation = [0.0, 0.0987, 0.0137], Current Cost = 5338.00, Rho = 1.000
(iter 10) [0.0, -0.4480, 0.5805] = 439.7821, sampling [1.0, -0.6564, -0.5114]. Recommendation = [0.0, 0.0987, 0.0137], Current Cost = 5339.00, Rho = 1.000
(iter 10) [0.0, -0.4480, 0.5805] = 439.7821, sampling [1.0, 0.7183, 1.3651]. Recommendation = [0.0, 0.0987, 0.0137], Current Cost = 5340.00, Rho = 1.000
(iter 10) [0.0, -0.4480, 0.5805] = 439.7821, sampling [1.0, -1.3655, 0.9534]. Recommendation = [0.0, 0.0987, 0.0137], Current Cost = 5341.00, Rho = 1.000
(iter 10) [0.0, -0.4480, 0.5805] = 439.7821, sampling [1.0, 0.1468, -0.6911]. Recommendation = [0.0, 0.0987, 0.0137], Current Cost = 5342.00, Rho = 1.000
(iter 10) [0.0, -0.4480, 0.5805] = 439.7821, sampling [1.0, -0.9913, 1.8034]. Recommendation = [0.0, 0.0987, 0.0137], Current Cost = 5343.00, Rho = 1.000
(iter 10) [0.0, -0.4480, 0.5805] = 439.7821, sampling [1.0, 0.4996, -0.4816]. Recommendation = [0.0, 0.0987, 0.0137], Current Cost = 5344.00, Rho = 1.000
(iter 10) [0.0, -0.4480, 0.5805] = 439.7821, sampling [1.0, -0.3746, -1.1455]. Recommendation = [0.0, 0.0987, 0.0137], Current Cost = 5345.00, Rho = 1.000
(iter 10) [0.0, -0.4480, 0.5805] = 439.7821, sampling [1.0, 1.1598, 1.9544]. Recommendation = [0.0, 0.0987, 0.0137], Current Cost = 5346.00, Rho = 1.000
(iter 10) [0.0, -0.4480, 0.5805] = 439.7821, sampling [1.0, 1.4900, 0.8867]. Recommendation = [0.0, 0.0987, 0.0137], Current Cost = 5347.00, Rho = 1.000
(iter 10) [0.0, -0.4480, 0.5805] = 439.7821, sampling [1.0, -1.4562, 1.2871]. Recommendation = [0.0, 0.0987, 0.0137], Current Cost = 5348.00, Rho = 1.000
(iter 10) [0.0, -0.4480, 0.5805] = 439.7821, sampling [1.0, -0.6706, -0.4049]. Recommendation = [0.0, 0.0987, 0.0137], Current Cost = 5349.00, Rho = 1.000
(iter 10) [0.0, -0.4480, 0.5805] = 439.7821, sampling [1.0, -1.5382, 1.5734]. Recommendation = [0.0, 0.0987, 0.0137], Current Cost = 5350.00, Rho = 1.000
(iter 10) [0.0, -0.4480, 0.5805] = 439.7821, sampling [1.0, -0.8506, 1.7257]. Recommendation = [0.0, 0.0987, 0.0137], Current Cost = 5351.00, Rho = 1.000
(iter 10) [0.0, -0.4480, 0.5805] = 439.7821, sampling [1.0, 0.8019, 1.7204]. Recommendation = [0.0, 0.0987, 0.0137], Current Cost = 5352.00, Rho = 1.000
(iter 10) [0.0, -0.4480, 0.5805] = 439.7821, sampling [1.0, 0.2310, -0.9319]. Recommendation = [0.0, 0.0987, 0.0137], Current Cost = 5353.00, Rho = 1.000
(iter 10) [0.0, -0.4480, 0.5805] = 439.7821, sampling [1.0, 0.4363, 1.4096]. Recommendation = [0.0, 0.0987, 0.0137], Current Cost = 5354.00, Rho = 1.000
(iter 10) [0.0, -0.4480, 0.5805] = 439.7821, sampling [1.0, -1.3513, 1.1532]. Recommendation = [0.0, 0.0987, 0.0137], Current Cost = 5355.00, Rho = 1.000
(iter 10) [0.0, -0.4480, 0.5805] = 439.7821, sampling [1.0, -1.6579, 1.8392]. Recommendation = [0.0, 0.0987, 0.0137], Current Cost = 5356.00, Rho = 1.000
(iter 10) [0.0, -0.4480, 0.5805] = 439.7821, sampling [1.0, 0.4896, -0.5499]. Recommendation = [0.0, 0.0987, 0.0137], Current Cost = 5357.00, Rho = 1.000
(iter 10) [0.0, -0.4480, 0.5805] = 439.7821, sampling [1.0, -1.2084, 0.5972]. Recommendation = [0.0, 0.0987, 0.0137], Current Cost = 5358.00, Rho = 1.000
(iter 10) [0.0, -0.4480, 0.5805] = 439.7821, sampling [1.0, 1.5103, 1.5017]. Recommendation = [0.0, 0.0987, 0.0137], Current Cost = 5359.00, Rho = 1.000
(iter 10) [0.0, -0.4480, 0.5805] = 439.7821, sampling [1.0, -0.4748, -0.8030]. Recommendation = [0.0, 0.0987, 0.0137], Current Cost = 5360.00, Rho = 1.000
(iter 10) [0.0, -0.4480, 0.5805] = 439.7821, sampling [1.0, -0.7308, 1.5548]. Recommendation = [0.0, 0.0987, 0.0137], Current Cost = 5361.00, Rho = 1.000
(iter 10) [0.0, -0.4480, 0.5805] = 439.7821, sampling [1.0, 0.1863, -0.8107]. Recommendation = [0.0, 0.0987, 0.0137], Current Cost = 5362.00, Rho = 1.000
(iter 10) [0.0, -0.4480, 0.5805] = 439.7821, sampling [1.0, -1.3962, -1.5691]. Recommendation = [0.0, 0.0987, 0.0137], Current Cost = 5363.00, Rho = 1.000
(iter 10) [0.0, -0.4480, 0.5805] = 439.7821, sampling [1.0, 1.0234, 1.5991]. Recommendation = [0.0, 0.0987, 0.0137], Current Cost = 5364.00, Rho = 1.000
(iter 10) [0.0, -0.4480, 0.5805] = 439.7821, sampling [1.0, 1.3917, 0.3836]. Recommendation = [0.0, 0.0987, 0.0137], Current Cost = 5365.00, Rho = 1.000
(iter 10) [0.0, -0.4480, 0.5805] = 439.7821, sampling [1.0, -0.9345, 1.9747]. Recommendation = [0.0, 0.0987, 0.0137], Current Cost = 5366.00, Rho = 1.000
(iter 10) [0.0, -0.4480, 0.5805] = 439.7821, sampling [1.0, -0.4180, 1.5837]. Recommendation = [0.0, 0.0987, 0.0137], Current Cost = 5367.00, Rho = 1.000
(iter 10) [0.0, -0.4480, 0.5805] = 439.7821, sampling [1.0, 0.6309, -0.2247]. Recommendation = [0.0, 0.0987, 0.0137], Current Cost = 5368.00, Rho = 1.000
(iter 10) [0.0, -0.4480, 0.5805] = 439.7821, sampling [1.0, 0.0533, 1.0353]. Recommendation = [0.0, 0.0987, 0.0137], Current Cost = 5369.00, Rho = 1.000
(iter 10) [0.0, -0.4480, 0.5805] = 439.7821, sampling [1.0, 0.0898, 0.9025]. Recommendation = [0.0, 0.0987, 0.0137], Current Cost = 5370.00, Rho = 1.000
(iter 10) [0.0, -0.4480, 0.5805] = 439.7821, sampling [1.0, -1.4986, 1.0684]. Recommendation = [0.0, 0.0987, 0.0137], Current Cost = 5371.00, Rho = 1.000
(iter 10) [0.0, -0.4480, 0.5805] = 439.7821, sampling [1.0, -1.2522, 0.4204]. Recommendation = [0.0, 0.0987, 0.0137], Current Cost = 5372.00, Rho = 1.000
(iter 10) [0.0, -0.4480, 0.5805] = 439.7821, sampling [1.0, 0.7484, -0.5541]. Recommendation = [0.0, 0.0987, 0.0137], Current Cost = 5373.00, Rho = 1.000
(iter 10) [0.0, -0.4480, 0.5805] = 439.7821, sampling [1.0, -1.5210, 1.4540]. Recommendation = [0.0, 0.0987, 0.0137], Current Cost = 5374.00, Rho = 1.000
(iter 10) [0.0, -0.4480, 0.5805] = 439.7821, sampling [1.0, 0.9698, 1.6201]. Recommendation = [0.0, 0.0987, 0.0137], Current Cost = 5375.00, Rho = 1.000
(iter 10) [0.0, -0.4480, 0.5805] = 439.7821, sampling [1.0, 1.1526, 1.7359]. Recommendation = [0.0, 0.0987, 0.0137], Current Cost = 5376.00, Rho = 1.000
(iter 10) [0.0, -0.4480, 0.5805] = 439.7821, sampling [1.0, 1.4225, 1.3560]. Recommendation = [0.0, 0.0987, 0.0137], Current Cost = 5377.00, Rho = 1.000
(iter 10) [0.0, -0.4480, 0.5805] = 439.7821, sampling [1.0, 0.3834, -0.9057]. Recommendation = [0.0, 0.0987, 0.0137], Current Cost = 5378.00, Rho = 1.000
(iter 10) [0.0, -0.4480, 0.5805] = 439.7821, sampling [1.0, 1.5328, 1.8108]. Recommendation = [0.0, 0.0987, 0.0137], Current Cost = 5379.00, Rho = 1.000
(iter 10) [0.0, -0.4480, 0.5805] = 439.7821, sampling [1.0, 0.6549, 1.6451]. Recommendation = [0.0, 0.0987, 0.0137], Current Cost = 5380.00, Rho = 1.000
(iter 10) [0.0, -0.4480, 0.5805] = 439.7821, sampling [1.0, 1.0244, -0.0333]. Recommendation = [0.0, 0.0987, 0.0137], Current Cost = 5381.00, Rho = 1.000
(iter 10) [0.0, -0.4480, 0.5805] = 439.7821, sampling [1.0, 0.5155, -0.6085]. Recommendation = [0.0, 0.0987, 0.0137], Current Cost = 5382.00, Rho = 1.000
(iter 10) [0.0, -0.4480, 0.5805] = 439.7821, sampling [1.0, -0.3469, 1.1916]. Recommendation = [0.0, 0.0987, 0.0137], Current Cost = 5383.00, Rho = 1.000
(iter 10) [0.0, -0.4480, 0.5805] = 439.7821, sampling [1.0, 1.5870, 1.6430]. Recommendation = [0.0, 0.0987, 0.0137], Current Cost = 5384.00, Rho = 1.000
(iter 10) [0.0, -0.4480, 0.5805] = 439.7821, sampling [1.0, 1.9137, 1.9925]. Recommendation = [0.0, 0.0987, 0.0137], Current Cost = 5385.00, Rho = 1.000
(iter 10) [0.0, -0.4480, 0.5805] = 439.7821, sampling [1.0, -0.1931, -1.0061]. Recommendation = [0.0, 0.0987, 0.0137], Current Cost = 5386.00, Rho = 1.000
(iter 10) [0.0, -0.4480, 0.5805] = 439.7821, sampling [1.0, -1.4710, 0.7889]. Recommendation = [0.0, 0.0987, 0.0137], Current Cost = 5387.00, Rho = 1.000
(iter 10) [0.0, -0.4480, 0.5805] = 439.7821, sampling [1.0, -0.7440, 1.3865]. Recommendation = [0.0, 0.0987, 0.0137], Current Cost = 5388.00, Rho = 1.000
(iter 10) [0.0, -0.4480, 0.5805] = 439.7821, sampling [1.0, -0.1131, 1.0825]. Recommendation = [0.0, 0.0987, 0.0137], Current Cost = 5389.00, Rho = 1.000
(iter 10) [0.0, -0.4480, 0.5805] = 439.7821, sampling [1.0, -1.1575, 1.7291]. Recommendation = [0.0, 0.0987, 0.0137], Current Cost = 5390.00, Rho = 1.000
(iter 10) [0.0, -0.4480, 0.5805] = 439.7821, sampling [1.0, 0.1354, 1.2800]. Recommendation = [0.0, 0.0987, 0.0137], Current Cost = 5391.00, Rho = 1.000
(iter 10) [0.0, -0.4480, 0.5805] = 439.7821, sampling [1.0, 0.7589, 1.9884]. Recommendation = [0.0, 0.0987, 0.0137], Current Cost = 5392.00, Rho = 1.000
(iter 10) [0.0, -0.4480, 0.5805] = 439.7821, sampling [1.0, -0.1321, 1.9691]. Recommendation = [0.0, 0.0987, 0.0137], Current Cost = 5393.00, Rho = 1.000
(iter 10) [0.0, -0.4480, 0.5805] = 439.7821, sampling [1.0, -0.8447, -0.1969]. Recommendation = [0.0, 0.0987, 0.0137], Current Cost = 5394.00, Rho = 1.000
(iter 10) [0.0, -0.4480, 0.5805] = 439.7821, sampling [1.0, 1.1466, 0.5034]. Recommendation = [0.0, 0.0987, 0.0137], Current Cost = 5395.00, Rho = 1.000
(iter 10) [0.0, -0.4480, 0.5805] = 439.7821, sampling [1.0, 0.1665, -1.1017]. Recommendation = [0.0, 0.0987, 0.0137], Current Cost = 5396.00, Rho = 1.000
(iter 10) [0.0, -0.4480, 0.5805] = 439.7821, sampling [1.0, -0.8205, 1.6156]. Recommendation = [0.0, 0.0987, 0.0137], Current Cost = 5397.00, Rho = 1.000
(iter 10) [0.0, -0.4480, 0.5805] = 439.7821, sampling [1.0, 0.8134, -0.4267]. Recommendation = [0.0, 0.0987, 0.0137], Current Cost = 5398.00, Rho = 1.000
(iter 10) [0.0, -0.4480, 0.5805] = 439.7821, sampling [1.0, 1.0517, -0.2586]. Recommendation = [0.0, 0.0987, 0.0137], Current Cost = 5399.00, Rho = 1.000
(iter 10) [0.0, -0.4480, 0.5805] = 439.7821, sampling [1.0, -0.8841, -0.3098]. Recommendation = [0.0, 0.0987, 0.0137], Current Cost = 5400.00, Rho = 1.000
(iter 10) [0.0, -0.4480, 0.5805] = 439.7821, sampling [1.0, -0.7013, -0.6161]. Recommendation = [0.0, 0.0987, 0.0137], Current Cost = 5401.00, Rho = 1.000
(iter 10) [0.0, -0.4480, 0.5805] = 439.7821, sampling [1.0, 0.4162, -0.6812]. Recommendation = [0.0, 0.0987, 0.0137], Current Cost = 5402.00, Rho = 1.000
(iter 10) [0.0, -0.4480, 0.5805] = 439.7821, sampling [1.0, 0.3438, 1.3332]. Recommendation = [0.0, 0.0987, 0.0137], Current Cost = 5403.00, Rho = 1.000
(iter 10) [0.0, -0.4480, 0.5805] = 439.7821, sampling [1.0, 1.1515, 0.3002]. Recommendation = [0.0, 0.0987, 0.0137], Current Cost = 5404.00, Rho = 1.000
(iter 10) [0.0, -0.4480, 0.5805] = 439.7821, sampling [1.0, 1.5828, 1.3524]. Recommendation = [0.0, 0.0987, 0.0137], Current Cost = 5405.00, Rho = 1.000
(iter 10) [0.0, -0.4480, 0.5805] = 439.7821, sampling [1.0, 0.3081, -0.8145]. Recommendation = [0.0, 0.0987, 0.0137], Current Cost = 5406.00, Rho = 1.000
(iter 10) [0.0, -0.4480, 0.5805] = 439.7821, sampling [1.0, -0.8928, 1.5114]. Recommendation = [0.0, 0.0987, 0.0137], Current Cost = 5407.00, Rho = 1.000
(iter 10) [0.0, -0.4480, 0.5805] = 439.7821, sampling [1.0, 0.0055, -1.0441]. Recommendation = [0.0, 0.0987, 0.0137], Current Cost = 5408.00, Rho = 1.000
(iter 10) [0.0, -0.4480, 0.5805] = 439.7821, sampling [1.0, -1.7484, 1.9002]. Recommendation = [0.0, 0.0987, 0.0137], Current Cost = 5409.00, Rho = 1.000
(iter 10) [0.0, -0.4480, 0.5805] = 439.7821, sampling [1.0, -0.0071, -0.8962]. Recommendation = [0.0, 0.0987, 0.0137], Current Cost = 5410.00, Rho = 1.000
(iter 10) [0.0, -0.4480, 0.5805] = 439.7821, sampling [1.0, 1.3794, 0.8398]. Recommendation = [0.0, 0.0987, 0.0137], Current Cost = 5411.00, Rho = 1.000
(iter 10) [0.0, -0.4480, 0.5805] = 439.7821, sampling [1.0, 1.9623, 0.4508]. Recommendation = [0.0, 0.0987, 0.0137], Current Cost = 5412.00, Rho = 1.000
(iter 10) [0.0, -0.4480, 0.5805] = 439.7821, sampling [1.0, 0.5114, -0.9102]. Recommendation = [0.0, 0.0987, 0.0137], Current Cost = 5413.00, Rho = 1.000
(iter 10) [0.0, -0.4480, 0.5805] = 439.7821, sampling [1.0, -0.6974, 1.6785]. Recommendation = [0.0, 0.0987, 0.0137], Current Cost = 5414.00, Rho = 1.000
(iter 10) [0.0, -0.4480, 0.5805] = 439.7821, sampling [1.0, -0.6078, -0.4630]. Recommendation = [0.0, 0.0987, 0.0137], Current Cost = 5415.00, Rho = 1.000
(iter 10) [0.0, -0.4480, 0.5805] = 439.7821, sampling [1.0, -1.2066, 0.2918]. Recommendation = [0.0, 0.0987, 0.0137], Current Cost = 5416.00, Rho = 1.000
(iter 10) [0.0, -0.4480, 0.5805] = 439.7821, sampling [1.0, -0.1267, -0.9361]. Recommendation = [0.0, 0.0987, 0.0137], Current Cost = 5417.00, Rho = 1.000
(iter 10) [0.0, -0.4480, 0.5805] = 439.7821, sampling [1.0, -0.0104, 1.0744]. Recommendation = [0.0, 0.0987, 0.0137], Current Cost = 5418.00, Rho = 1.000
(iter 10) [0.0, -0.4480, 0.5805] = 439.7821, sampling [1.0, -1.0168, 1.8664]. Recommendation = [0.0, 0.0987, 0.0137], Current Cost = 5419.00, Rho = 1.000
(iter 10) [0.0, -0.4480, 0.5805] = 439.7821, sampling [1.0, -0.1522, 1.3950]. Recommendation = [0.0, 0.0987, 0.0137], Current Cost = 5420.00, Rho = 1.000
(iter 10) [0.0, -0.4480, 0.5805] = 439.7821, sampling [1.0, 0.7301, -0.7221]. Recommendation = [0.0, 0.0987, 0.0137], Current Cost = 5421.00, Rho = 1.000
(iter 10) [0.0, -0.4480, 0.5805] = 439.7821, sampling [1.0, -1.0415, 0.1721]. Recommendation = [0.0, 0.0987, 0.0137], Current Cost = 5422.00, Rho = 1.000
(iter 10) [0.0, -0.4480, 0.5805] = 439.7821, sampling [1.0, 0.2474, -0.7577]. Recommendation = [0.0, 0.0987, 0.0137], Current Cost = 5423.00, Rho = 1.000
(iter 10) [0.0, -0.4480, 0.5805] = 439.7821, sampling [1.0, 0.3000, 1.5127]. Recommendation = [0.0, 0.0987, 0.0137], Current Cost = 5424.00, Rho = 1.000
(iter 10) [0.0, -0.4480, 0.5805] = 439.7821, sampling [1.0, 0.3398, -1.0642]. Recommendation = [0.0, 0.0987, 0.0137], Current Cost = 5425.00, Rho = 1.000
(iter 10) [0.0, -0.4480, 0.5805] = 439.7821, sampling [1.0, -0.0769, -1.3300]. Recommendation = [0.0, 0.0987, 0.0137], Current Cost = 5426.00, Rho = 1.000
(iter 10) [0.0, -0.4480, 0.5805] = 439.7821, sampling [1.0, -1.5155, 1.2270]. Recommendation = [0.0, 0.0987, 0.0137], Current Cost = 5427.00, Rho = 1.000
(iter 10) [0.0, -0.4480, 0.5805] = 439.7821, sampling [1.0, -0.1818, -1.1334]. Recommendation = [0.0, 0.0987, 0.0137], Current Cost = 5428.00, Rho = 1.000
(iter 10) [0.0, -0.4480, 0.5805] = 439.7821, sampling [1.0, -0.5676, -0.4752]. Recommendation = [0.0, 0.0987, 0.0137], Current Cost = 5429.00, Rho = 1.000
(iter 10) [0.0, -0.4480, 0.5805] = 439.7821, sampling [1.0, -0.4935, -0.9956]. Recommendation = [0.0, 0.0987, 0.0137], Current Cost = 5430.00, Rho = 1.000
(iter 10) [0.0, -0.4480, 0.5805] = 439.7821, sampling [1.0, -0.6470, 1.4324]. Recommendation = [0.0, 0.0987, 0.0137], Current Cost = 5431.00, Rho = 1.000
(iter 10) [0.0, -0.4480, 0.5805] = 439.7821, sampling [1.0, 0.1835, -0.8463]. Recommendation = [0.0, 0.0987, 0.0137], Current Cost = 5432.00, Rho = 1.000
(iter 10) [0.0, -0.4480, 0.5805] = 439.7821, sampling [1.0, -1.9048, 0.5934]. Recommendation = [0.0, 0.0987, 0.0137], Current Cost = 5433.00, Rho = 1.000
(iter 10) [0.0, -0.4480, 0.5805] = 439.7821, sampling [1.0, -1.0355, -0.1929]. Recommendation = [0.0, 0.0987, 0.0137], Current Cost = 5434.00, Rho = 1.000
(iter 10) [0.0, -0.4480, 0.5805] = 439.7821, sampling [1.0, -0.1961, -0.8904]. Recommendation = [0.0, 0.0987, 0.0137], Current Cost = 5435.00, Rho = 1.000
(iter 10) [0.0, -0.4480, 0.5805] = 439.7821, sampling [0.0, 0.2130, 0.1261]. Recommendation = [0.0, 0.0987, 0.0137], Current Cost = 5436.00, Rho = 1.000
(iter 441) [0.0, 0.2130, 0.1261] = 455.0289, sampling [0.0, -0.1905, 0.0999]. Recommendation = [0.0, 0.2130, 0.1261], Current Cost = 6436.00, Rho = 1.000
(iter 441) [0.0, 0.2130, 0.1261] = 455.0289, sampling [0.0, 0.6043, 0.4850]. Recommendation = [0.0, 0.0952, 0.0549], Current Cost = 7436.00, Rho = 1.000
(iter 441) [0.0, 0.2130, 0.1261] = 455.0289, sampling [1.0, 1.1274, 0.4551]. Recommendation = [0.0, 0.0952, 0.0549], Current Cost = 8436.00, Rho = 1.000
(iter 441) [0.0, 0.2130, 0.1261] = 455.0289, sampling [1.0, 1.1888, 0.4572]. Recommendation = [0.0, 0.0952, 0.0549], Current Cost = 8437.00, Rho = 1.000
(iter 441) [0.0, 0.2130, 0.1261] = 455.0289, sampling [1.0, 0.4417, 1.2721]. Recommendation = [0.0, 0.0952, 0.0549], Current Cost = 8438.00, Rho = 1.000
(iter 441) [0.0, 0.2130, 0.1261] = 455.0289, sampling [0.0, 0.4251, 0.2380]. Recommendation = [0.0, 0.0952, 0.0549], Current Cost = 8439.00, Rho = 1.000
(iter 447) [0.0, 0.4251, 0.2380] = 455.6410, sampling [0.0, 0.0221, 0.0166]. Recommendation = [0.0, 0.0952, 0.0549], Current Cost = 9439.00, Rho = 1.000
(iter 447) [0.0, 0.4251, 0.2380] = 455.6410, sampling [0.0, 0.9559, 0.9766]. Recommendation = [0.0, 0.0952, 0.0549], Current Cost = 10439.00, Rho = 1.000
(iter 449) [0.0, 0.9559, 0.9766] = 455.9037, sampling [1.0, 1.3971, 0.9170]. Recommendation = [0.0, 0.9559, 0.9766], Current Cost = 11439.00, Rho = 1.000
(iter 449) [0.0, 0.9559, 0.9766] = 455.9037, sampling [1.0, 0.6943, 1.7904]. Recommendation = [0.0, 0.9559, 0.9766], Current Cost = 11440.00, Rho = 1.000
(iter 449) [0.0, 0.9559, 0.9766] = 455.9037, sampling [1.0, 1.6013, 1.5636]. Recommendation = [0.0, 0.9559, 0.9766], Current Cost = 11441.00, Rho = 1.000
(iter 449) [0.0, 0.9559, 0.9766] = 455.9037, sampling [1.0, 1.5500, 1.4297]. Recommendation = [0.0, 0.9559, 0.9766], Current Cost = 11442.00, Rho = 1.000
(iter 449) [0.0, 0.9559, 0.9766] = 455.9037, sampling [1.0, 1.7506, 1.8529]. Recommendation = [0.0, 0.9559, 0.9766], Current Cost = 11443.00, Rho = 1.000
(iter 449) [0.0, 0.9559, 0.9766] = 455.9037, sampling [0.0, 0.8693, 0.8039]. Recommendation = [0.0, 0.9559, 0.9766], Current Cost = 11444.00, Rho = 1.000
(iter 455) [0.0, 0.8693, 0.8039] = 456.0505, sampling [0.0, 0.1064, 0.3114]. Recommendation = [0.0, 0.8693, 0.8039], Current Cost = 12444.00, Rho = 1.000
(iter 455) [0.0, 0.8693, 0.8039] = 456.0505, sampling [0.0, 1.0924, 1.2238]. Recommendation = [0.0, 0.8693, 0.8039], Current Cost = 13444.00, Rho = 1.000
(iter 457) [0.0, 1.0924, 1.2238] = 456.1978, sampling [1.0, 1.5665, 1.1030]. Recommendation = [0.0, 1.0924, 1.2238], Current Cost = 14444.00, Rho = 1.000
(iter 457) [0.0, 1.0924, 1.2238] = 456.1978, sampling [1.0, -0.7345, 1.8861]. Recommendation = [0.0, 1.0924, 1.2238], Current Cost = 14445.00, Rho = 1.000
(iter 457) [0.0, 1.0924, 1.2238] = 456.1978, sampling [1.0, -0.6135, 1.6290]. Recommendation = [0.0, 1.0924, 1.2238], Current Cost = 14446.00, Rho = 1.000
(iter 457) [0.0, 1.0924, 1.2238] = 456.1978, sampling [1.0, 1.6176, 1.6728]. Recommendation = [0.0, 1.0924, 1.2238], Current Cost = 14447.00, Rho = 1.000
(iter 457) [0.0, 1.0924, 1.2238] = 456.1978, sampling [0.0, 1.2399, 1.6102]. Recommendation = [0.0, 1.0924, 1.2238], Current Cost = 14448.00, Rho = 1.000
(iter 457) [0.0, 1.0924, 1.2238] = 456.1978, sampling [1.0, 0.3611, 1.6531]. Recommendation = [0.0, 1.0924, 1.2238], Current Cost = 15448.00, Rho = 1.000
(iter 457) [0.0, 1.0924, 1.2238] = 456.1978, sampling [0.0, -0.5158, 0.2516]. Recommendation = [0.0, 1.0924, 1.2238], Current Cost = 15449.00, Rho = 1.000
(iter 457) [0.0, 1.0924, 1.2238] = 456.1978, sampling [0.0, 0.3852, -0.0111]. Recommendation = [0.0, 1.0924, 1.2238], Current Cost = 16449.00, Rho = 1.000
(iter 457) [0.0, 1.0924, 1.2238] = 456.1978, sampling [0.0, 0.6772, 0.7345]. Recommendation = [0.0, 1.0924, 1.2238], Current Cost = 17449.00, Rho = 1.000
(iter 457) [0.0, 1.0924, 1.2238] = 456.1978, sampling [0.0, -0.0741, -0.1556]. Recommendation = [0.0, 1.0924, 1.2238], Current Cost = 18449.00, Rho = 1.000
(iter 457) [0.0, 1.0924, 1.2238] = 456.1978, sampling [0.0, -0.8780, 0.8927]. Recommendation = [0.0, 1.0924, 1.2238], Current Cost = 19449.00, Rho = 1.000
(iter 457) [0.0, 1.0924, 1.2238] = 456.1978, sampling [1.0, -0.2289, 1.5282]. Recommendation = [0.0, 1.0924, 1.2238], Current Cost = 20449.00, Rho = 1.000
(iter 457) [0.0, 1.0924, 1.2238] = 456.1978, sampling [1.0, -0.8543, -0.4569]. Recommendation = [0.0, 1.0924, 1.2238], Current Cost = 20450.00, Rho = 1.000
(iter 457) [0.0, 1.0924, 1.2238] = 456.1978, sampling [0.0, -0.7491, 0.5907]. Recommendation = [0.0, 1.0924, 1.2238], Current Cost = 20451.00, Rho = 1.000
(iter 457) [0.0, 1.0924, 1.2238] = 456.1978, sampling [0.0, 0.1792, -0.0457]. Recommendation = [0.0, 1.0924, 1.2238], Current Cost = 21451.00, Rho = 1.000
(iter 457) [0.0, 1.0924, 1.2238] = 456.1978, sampling [0.0, 1.3166, 1.9562]. Recommendation = [0.0, 1.0924, 1.2238], Current Cost = 22451.00, Rho = 1.000
(iter 457) [0.0, 1.0924, 1.2238] = 456.1978, sampling [0.0, -0.3074, 0.2100]. Recommendation = [0.0, 1.0924, 1.2238], Current Cost = 23451.00, Rho = 1.000
(iter 457) [0.0, 1.0924, 1.2238] = 456.1978, sampling [0.0, 0.5707, 0.2936]. Recommendation = [0.0, 1.0924, 1.2238], Current Cost = 24451.00, Rho = 1.000
(iter 457) [0.0, 1.0924, 1.2238] = 456.1978, sampling [1.0, 1.0882, 0.2567]. Recommendation = [0.0, 0.5611, 0.3238], Current Cost = 25451.00, Rho = 1.000
(iter 457) [0.0, 1.0924, 1.2238] = 456.1978, sampling [0.0, 1.3731, 1.7969]. Recommendation = [0.0, 0.5611, 0.3238], Current Cost = 25452.00, Rho = 1.000
(iter 457) [0.0, 1.0924, 1.2238] = 456.1978, sampling [0.0, -0.3432, -0.0206]. Recommendation = [0.0, 0.5611, 0.3238], Current Cost = 26452.00, Rho = 1.000
(iter 457) [0.0, 1.0924, 1.2238] = 456.1978, sampling [1.0, -0.6339, -0.4367]. Recommendation = [0.0, 0.5611, 0.3238], Current Cost = 27452.00, Rho = 1.000
(iter 457) [0.0, 1.0924, 1.2238] = 456.1978, sampling [0.0, 0.9602, 1.1674]. Recommendation = [0.0, 0.5611, 0.3238], Current Cost = 27453.00, Rho = 1.000
(iter 457) [0.0, 1.0924, 1.2238] = 456.1978, sampling [0.0, 0.8896, 0.6565]. Recommendation = [0.0, 0.5611, 0.3238], Current Cost = 28453.00, Rho = 1.000
(iter 457) [0.0, 1.0924, 1.2238] = 456.1978, sampling [0.0, 1.1658, 1.5350]. Recommendation = [0.0, 0.5611, 0.3238], Current Cost = 29453.00, Rho = 1.000
(iter 457) [0.0, 1.0924, 1.2238] = 456.1978, sampling [0.0, 0.7126, 0.3684]. Recommendation = [0.0, 0.5611, 0.3238], Current Cost = 30453.00, Rho = 1.000
(iter 457) [0.0, 1.0924, 1.2238] = 456.1978, sampling [0.0, -1.0214, 1.2124]. Recommendation = [0.0, 0.5611, 0.3238], Current Cost = 31453.00, Rho = 1.000
(iter 457) [0.0, 1.0924, 1.2238] = 456.1978, sampling [1.0, 0.1633, 1.1855]. Recommendation = [0.0, 0.5611, 0.3238], Current Cost = 32453.00, Rho = 1.000
(iter 457) [0.0, 1.0924, 1.2238] = 456.1978, sampling [0.0, 0.5022, 0.1364]. Recommendation = [0.0, 0.5611, 0.3238], Current Cost = 32454.00, Rho = 1.000
(iter 457) [0.0, 1.0924, 1.2238] = 456.1978, sampling [0.0, 0.3513, 0.4372]. Recommendation = [0.0, 0.5611, 0.3238], Current Cost = 33454.00, Rho = 1.000
(iter 457) [0.0, 1.0924, 1.2238] = 456.1978, sampling [1.0, -1.7120, 1.7607]. Recommendation = [0.0, 1.0924, 1.2238], Current Cost = 34454.00, Rho = 1.000
(iter 457) [0.0, 1.0924, 1.2238] = 456.1978, sampling [1.0, 0.1261, 1.6393]. Recommendation = [0.0, 1.0924, 1.2238], Current Cost = 34455.00, Rho = 1.000
(iter 457) [0.0, 1.0924, 1.2238] = 456.1978, sampling [0.0, 1.1064, 1.0521]. Recommendation = [0.0, 1.0924, 1.2238], Current Cost = 34456.00, Rho = 1.000
(iter 457) [0.0, 1.0924, 1.2238] = 456.1978, sampling [1.0, 1.7404, 1.9139]. Recommendation = [0.0, 1.0924, 1.2238], Current Cost = 35456.00, Rho = 1.000
(iter 457) [0.0, 1.0924, 1.2238] = 456.1978, sampling [0.0, -0.0550, 0.1288]. Recommendation = [0.0, 1.0924, 1.2238], Current Cost = 35457.00, Rho = 1.000
(iter 457) [0.0, 1.0924, 1.2238] = 456.1978, sampling [0.0, -0.7609, 0.7297]. Recommendation = [0.0, 1.0924, 1.2238], Current Cost = 36457.00, Rho = 1.000
(iter 457) [0.0, 1.0924, 1.2238] = 456.1978, sampling [0.0, 0.3223, 0.0915]. Recommendation = [0.0, 1.0924, 1.2238], Current Cost = 37457.00, Rho = 1.000
(iter 457) [0.0, 1.0924, 1.2238] = 456.1978, sampling [0.0, 1.3242, 1.6850]. Recommendation = [0.0, 1.0924, 1.2238], Current Cost = 38457.00, Rho = 1.000
(iter 457) [0.0, 1.0924, 1.2238] = 456.1978, sampling [1.0, 1.9984, 1.2981]. Recommendation = [0.0, 1.0924, 1.2238], Current Cost = 39457.00, Rho = 1.000
(iter 457) [0.0, 1.0924, 1.2238] = 456.1978, sampling [1.0, 0.1685, -1.3466]. Recommendation = [0.0, 1.2576, 1.6656], Current Cost = 39458.00, Rho = 1.000
(iter 457) [0.0, 1.0924, 1.2238] = 456.1978, sampling [0.0, 1.0573, 1.3112]. Recommendation = [0.0, 1.2576, 1.6656], Current Cost = 39459.00, Rho = 1.000
(iter 457) [0.0, 1.0924, 1.2238] = 456.1978, sampling [0.0, -0.2048, -0.0799]. Recommendation = [0.0, 1.2576, 1.6656], Current Cost = 40459.00, Rho = 1.000
(iter 457) [0.0, 1.0924, 1.2238] = 456.1978, sampling [0.0, 0.1380, -0.1326]. Recommendation = [0.0, 1.2576, 1.6656], Current Cost = 41459.00, Rho = 1.000
(iter 457) [0.0, 1.0924, 1.2238] = 456.1978, sampling [0.0, -1.0572, 1.0221]. Recommendation = [0.0, 1.2576, 1.6656], Current Cost = 42459.00, Rho = 1.000
(iter 457) [0.0, 1.0924, 1.2238] = 456.1978, sampling [0.0, 1.2846, 1.8453]. Recommendation = [0.0, 1.2576, 1.6656], Current Cost = 43459.00, Rho = 1.000
(iter 457) [0.0, 1.0924, 1.2238] = 456.1978, sampling [0.0, -0.5501, 0.4768]. Recommendation = [0.0, 1.0924, 1.2238], Current Cost = 44459.00, Rho = 1.000
(iter 457) [0.0, 1.0924, 1.2238] = 456.1978, sampling [0.0, 0.9404, 0.8408]. Recommendation = [0.0, 1.0924, 1.2238], Current Cost = 45459.00, Rho = 1.000
(iter 457) [0.0, 1.0924, 1.2238] = 456.1978, sampling [0.0, -0.4708, 0.1520]. Recommendation = [0.0, 1.0924, 1.2238], Current Cost = 46459.00, Rho = 1.000
(iter 457) [0.0, 1.0924, 1.2238] = 456.1978, sampling [0.0, 0.8107, 0.9492]. Recommendation = [0.0, 1.0924, 1.2238], Current Cost = 47459.00, Rho = 1.000
(iter 457) [0.0, 1.0924, 1.2238] = 456.1978, sampling [0.0, 0.5367, 0.3993]. Recommendation = [0.0, 1.0924, 1.2238], Current Cost = 48459.00, Rho = 1.000
(iter 457) [0.0, 1.0924, 1.2238] = 456.1978, sampling [0.0, 0.2796, 0.2314]. Recommendation = [0.0, 1.0924, 1.2238], Current Cost = 49459.00, Rho = 1.000
(iter 457) [0.0, 1.0924, 1.2238] = 456.1978, sampling [0.0, 1.3076, 1.5467]. Recommendation = [0.0, 1.0924, 1.2238], Current Cost = 50459.00, Rho = 1.000
(iter 457) [0.0, 1.0924, 1.2238] = 456.1978, sampling [0.0, -0.3632, 0.3903]. Recommendation = [0.0, 1.0924, 1.2238], Current Cost = 51459.00, Rho = 1.000
(iter 457) [0.0, 1.0924, 1.2238] = 456.1978, sampling [0.0, 1.1877, 1.2301]. Recommendation = [0.0, 1.0924, 1.2238], Current Cost = 52459.00, Rho = 1.000
(iter 457) [0.0, 1.0924, 1.2238] = 456.1978, sampling [0.0, 0.6383, 0.5621]. Recommendation = [0.0, 1.0924, 1.2238], Current Cost = 53459.00, Rho = 1.000
(iter 457) [0.0, 1.0924, 1.2238] = 456.1978, sampling [0.0, -0.9533, 1.0795]. Recommendation = [0.0, 1.0924, 1.2238], Current Cost = 54459.00, Rho = 1.000
(iter 457) [0.0, 1.0924, 1.2238] = 456.1978, sampling [0.0, 0.0952, 0.0549]. Recommendation = [0.0, 1.0924, 1.2238], Current Cost = 55459.00, Rho = 1.000
(iter 457) [0.0, 1.0924, 1.2238] = 456.1978, sampling [0.0, -1.0997, 1.4361]. Recommendation = [0.0, 1.0924, 1.2238], Current Cost = 56459.00, Rho = 1.000
(iter 457) [0.0, 1.0924, 1.2238] = 456.1978, sampling [1.0, -1.5505, 1.4153]. Recommendation = [0.0, 1.0924, 1.2238], Current Cost = 57459.00, Rho = 1.000
(iter 457) [0.0, 1.0924, 1.2238] = 456.1978, sampling [1.0, -0.9152, 1.9348]. Recommendation = [0.0, 1.0924, 1.2238], Current Cost = 57460.00, Rho = 1.000
(iter 457) [0.0, 1.0924, 1.2238] = 456.1978, sampling [0.0, -0.0903, 0.2670]. Recommendation = [0.0, 1.0924, 1.2238], Current Cost = 57461.00, Rho = 1.000
(iter 457) [0.0, 1.0924, 1.2238] = 456.1978, sampling [0.0, -1.2964, 1.8202]. Recommendation = [0.0, 1.0924, 1.2238], Current Cost = 58461.00, Rho = 1.000
(iter 457) [0.0, 1.0924, 1.2238] = 456.1978, sampling [1.0, -0.5773, 1.7444]. Recommendation = [0.0, 1.0924, 1.2238], Current Cost = 59461.00, Rho = 1.000
(iter 457) [0.0, 1.0924, 1.2238] = 456.1978, sampling [1.0, -1.7049, 1.9416]. Recommendation = [0.0, 1.0924, 1.2238], Current Cost = 59462.00, Rho = 1.000
(iter 457) [0.0, 1.0924, 1.2238] = 456.1978, sampling [0.0, -1.1762, 1.6480]. Recommendation = [0.0, 1.0924, 1.2238], Current Cost = 59463.00, Rho = 1.000
(iter 457) [0.0, 1.0924, 1.2238] = 456.1978, sampling [0.0, -0.3874, 0.0816]. Recommendation = [0.0, 1.0924, 1.2238], Current Cost = 60463.00, Rho = 1.000
(iter 457) [0.0, 1.0924, 1.2238] = 456.1978, sampling [0.0, 0.5749, 0.2058]. Recommendation = [0.0, 1.0924, 1.2238], Current Cost = 61463.00, Rho = 1.000
(iter 457) [0.0, 1.0924, 1.2238] = 456.1978, sampling [0.0, 0.0663, -0.2548]. Recommendation = [0.0, 1.0924, 1.2238], Current Cost = 62463.00, Rho = 1.000
(iter 457) [0.0, 1.0924, 1.2238] = 456.1978, sampling [0.0, -0.2341, 0.0040]. Recommendation = [0.0, 1.0924, 1.2238], Current Cost = 63463.00, Rho = 1.000
(iter 457) [0.0, 1.0924, 1.2238] = 456.1978, sampling [0.0, -0.8304, 0.3792]. Recommendation = [0.0, 1.0924, 1.2238], Current Cost = 64463.00, Rho = 1.000
(iter 457) [0.0, 1.0924, 1.2238] = 456.1978, sampling [0.0, -0.5289, 0.3348]. Recommendation = [0.0, 1.0924, 1.2238], Current Cost = 65463.00, Rho = 1.000
(iter 457) [0.0, 1.0924, 1.2238] = 456.1978, sampling [0.0, 1.1941, 1.6964]. Recommendation = [0.0, 1.0924, 1.2238], Current Cost = 66463.00, Rho = 1.000
(iter 457) [0.0, 1.0924, 1.2238] = 456.1978, sampling [0.0, 0.3592, -0.1234]. Recommendation = [0.0, 1.0924, 1.2238], Current Cost = 67463.00, Rho = 1.000
(iter 457) [0.0, 1.0924, 1.2238] = 456.1978, sampling [0.0, -0.9481, 0.6405]. Recommendation = [0.0, 1.0924, 1.2238], Current Cost = 68463.00, Rho = 1.000
(iter 457) [0.0, 1.0924, 1.2238] = 456.1978, sampling [0.0, -0.5949, 0.1462]. Recommendation = [0.0, 1.0924, 1.2238], Current Cost = 69463.00, Rho = 1.000
(iter 457) [0.0, 1.0924, 1.2238] = 456.1978, sampling [1.0, -0.5452, -0.8656]. Recommendation = [0.0, 1.0924, 1.2238], Current Cost = 70463.00, Rho = 1.000
(iter 457) [0.0, 1.0924, 1.2238] = 456.1978, sampling [0.0, 1.0719, 0.8996]. Recommendation = [0.0, 1.0924, 1.2238], Current Cost = 70464.00, Rho = 1.000
(iter 457) [0.0, 1.0924, 1.2238] = 456.1978, sampling [0.0, -1.1525, 1.3059]. Recommendation = [0.0, 1.0924, 1.2238], Current Cost = 71464.00, Rho = 1.000
(iter 457) [0.0, 1.0924, 1.2238] = 456.1978, sampling [0.0, 0.9487, 0.7545]. Recommendation = [0.0, 1.0924, 1.2238], Current Cost = 72464.00, Rho = 1.000
(iter 457) [0.0, 1.0924, 1.2238] = 456.1978, sampling [0.0, -0.4079, 0.2472]. Recommendation = [0.0, 1.0924, 1.2238], Current Cost = 73464.00, Rho = 1.000
(iter 457) [0.0, 1.0924, 1.2238] = 456.1978, sampling [0.0, 1.4277, 1.8681]. Recommendation = [0.0, 1.0924, 1.2238], Current Cost = 74464.00, Rho = 1.000
(iter 457) [0.0, 1.0924, 1.2238] = 456.1978, sampling [1.0, 1.6385, 1.5947]. Recommendation = [0.0, 1.0924, 1.2238], Current Cost = 75464.00, Rho = 1.000
(iter 457) [0.0, 1.0924, 1.2238] = 456.1978, sampling [0.0, 0.4833, 0.3560]. Recommendation = [0.0, 1.0924, 1.2238], Current Cost = 75465.00, Rho = 1.000
(iter 457) [0.0, 1.0924, 1.2238] = 456.1978, sampling [0.0, 1.1315, 1.1378]. Recommendation = [0.0, 1.0924, 1.2238], Current Cost = 76465.00, Rho = 1.000
(iter 457) [0.0, 1.0924, 1.2238] = 456.1978, sampling [0.0, 0.9806, 0.9248]. Recommendation = [0.0, 1.0924, 1.2238], Current Cost = 77465.00, Rho = 1.000
(iter 457) [0.0, 1.0924, 1.2238] = 456.1978, sampling [0.0, 0.4953, 0.5287]. Recommendation = [0.0, 1.0924, 1.2238], Current Cost = 78465.00, Rho = 1.000
(iter 457) [0.0, 1.0924, 1.2238] = 456.1978, sampling [0.0, 0.4685, 0.0776]. Recommendation = [0.0, 1.0924, 1.2238], Current Cost = 79465.00, Rho = 1.000
(iter 457) [0.0, 1.0924, 1.2238] = 456.1978, sampling [0.0, 0.0397, 0.1023]. Recommendation = [0.0, 1.0924, 1.2238], Current Cost = 80465.00, Rho = 1.000
(iter 457) [0.0, 1.0924, 1.2238] = 456.1978, sampling [0.0, -0.1712, -0.2510]. Recommendation = [0.0, 1.0924, 1.2238], Current Cost = 81465.00, Rho = 1.000
(iter 457) [0.0, 1.0924, 1.2238] = 456.1978, sampling [0.0, 0.2263, -0.0275]. Recommendation = [0.0, 1.0924, 1.2238], Current Cost = 82465.00, Rho = 1.000
(iter 457) [0.0, 1.0924, 1.2238] = 456.1978, sampling [0.0, -0.6173, 0.6132]. Recommendation = [0.0, 1.0924, 1.2238], Current Cost = 83465.00, Rho = 1.000
(iter 457) [0.0, 1.0924, 1.2238] = 456.1978, sampling [0.0, -0.9777, 0.9649]. Recommendation = [0.0, 1.0924, 1.2238], Current Cost = 84465.00, Rho = 1.000
(iter 457) [0.0, 1.0924, 1.2238] = 456.1978, sampling [0.0, 0.3776, 0.0734]. Recommendation = [0.0, 1.0924, 1.2238], Current Cost = 85465.00, Rho = 1.000
(iter 457) [0.0, 1.0924, 1.2238] = 456.1978, sampling [0.0, -0.4599, -0.0064]. Recommendation = [0.0, 1.0924, 1.2238], Current Cost = 86465.00, Rho = 1.000
(iter 457) [0.0, 1.0924, 1.2238] = 456.1978, sampling [0.0, 0.8335, 0.3726]. Recommendation = [0.0, 1.0924, 1.2238], Current Cost = 87465.00, Rho = 1.000
(iter 457) [0.0, 1.0924, 1.2238] = 456.1978, sampling [0.0, -1.2781, 1.4831]. Recommendation = [0.0, 1.0924, 1.2238], Current Cost = 88465.00, Rho = 1.000
(iter 457) [0.0, 1.0924, 1.2238] = 456.1978, sampling [0.0, -0.2715, 0.1563]. Recommendation = [0.0, 1.0924, 1.2238], Current Cost = 89465.00, Rho = 1.000
(iter 457) [0.0, 1.0924, 1.2238] = 456.1978, sampling [0.0, 0.6703, 0.1689]. Recommendation = [0.0, 1.0924, 1.2238], Current Cost = 90465.00, Rho = 1.000
(iter 457) [0.0, 1.0924, 1.2238] = 456.1978, sampling [1.0, 0.8990, -0.5365]. Recommendation = [0.0, 1.0924, 1.2238], Current Cost = 91465.00, Rho = 1.000
(iter 457) [0.0, 1.0924, 1.2238] = 456.1978, sampling [0.0, -0.2639, 0.2975]. Recommendation = [0.0, 1.0924, 1.2238], Current Cost = 91466.00, Rho = 1.000
(iter 457) [0.0, 1.0924, 1.2238] = 456.1978, sampling [0.0, -0.3244, -0.1730]. Recommendation = [0.0, 1.0924, 1.2238], Current Cost = 92466.00, Rho = 1.000
(iter 457) [0.0, 1.0924, 1.2238] = 456.1978, sampling [0.0, -1.1019, 1.1060]. Recommendation = [0.0, 1.0924, 1.2238], Current Cost = 93466.00, Rho = 1.000
(iter 457) [0.0, 1.0924, 1.2238] = 456.1978, sampling [0.0, 0.3477, 0.3399]. Recommendation = [0.0, 1.0924, 1.2238], Current Cost = 94466.00, Rho = 1.000
(iter 457) [0.0, 1.0924, 1.2238] = 456.1978, sampling [0.0, -0.0990, -0.1108]. Recommendation = [0.0, 1.0924, 1.2238], Current Cost = 95466.00, Rho = 1.000
(iter 457) [0.0, 1.0924, 1.2238] = 456.1978, sampling [0.0, 1.2576, 1.6656]. Recommendation = [0.0, 1.0924, 1.2238], Current Cost = 96466.00, Rho = 1.000
(iter 457) [0.0, 1.0924, 1.2238] = 456.1978, sampling [0.0, -1.0504, 0.8669]. Recommendation = [0.0, 1.0924, 1.2238], Current Cost = 97466.00, Rho = 1.000
(iter 457) [0.0, 1.0924, 1.2238] = 456.1978, sampling [0.0, 0.5043, -0.0036]. Recommendation = [0.0, 1.0924, 1.2238], Current Cost = 98466.00, Rho = 1.000
(iter 457) [0.0, 1.0924, 1.2238] = 456.1978, sampling [0.0, 0.7762, 0.8584]. Recommendation = [0.0, 1.0924, 1.2238], Current Cost = 99466.00, Rho = 1.000
