(iter 10) [0.0, -0.2869, 0.2154] = 452.8738, sampling [1.0, 0.5110, 0.8027]. Recommendation = [0.0, -0.2869, 0.2154], Current Cost = 5005.00, Rho = 0.620
(iter 10) [0.0, -0.2869, 0.2154] = 452.8738, sampling [1.0, 0.9788, 1.1477]. Recommendation = [0.0, -0.2869, 0.2154], Current Cost = 5006.00, Rho = 0.620
(iter 10) [0.0, -0.2869, 0.2154] = 452.8738, sampling [1.0, -0.0219, 0.4978]. Recommendation = [0.0, -0.2869, 0.2154], Current Cost = 5007.00, Rho = 0.620
(iter 10) [0.0, -0.2869, 0.2154] = 452.8738, sampling [1.0, 1.1997, 1.2742]. Recommendation = [0.0, -0.2869, 0.2154], Current Cost = 5008.00, Rho = 0.620
(iter 10) [0.0, -0.2869, 0.2154] = 452.8738, sampling [1.0, 0.8669, 0.9089]. Recommendation = [0.0, -0.2869, 0.2154], Current Cost = 5009.00, Rho = 0.620
(iter 10) [0.0, -0.2869, 0.2154] = 452.8738, sampling [1.0, 0.6965, 1.2642]. Recommendation = [0.0, -0.2869, 0.2154], Current Cost = 5010.00, Rho = 0.620
(iter 10) [0.0, -0.2869, 0.2154] = 452.8738, sampling [1.0, -0.0991, 0.2368]. Recommendation = [0.0, -0.2869, 0.2154], Current Cost = 5011.00, Rho = 0.620
(iter 10) [0.0, -0.2869, 0.2154] = 452.8738, sampling [1.0, 0.3521, 0.5009]. Recommendation = [0.0, -0.2869, 0.2154], Current Cost = 5012.00, Rho = 0.620
(iter 10) [0.0, -0.2869, 0.2154] = 452.8738, sampling [1.0, 0.8286, 0.6929]. Recommendation = [0.0, -0.2869, 0.2154], Current Cost = 5013.00, Rho = 0.620
(iter 10) [0.0, -0.2869, 0.2154] = 452.8738, sampling [1.0, 1.3604, 1.1180]. Recommendation = [0.0, -0.2869, 0.2154], Current Cost = 5014.00, Rho = 0.620
(iter 10) [0.0, -0.2869, 0.2154] = 452.8738, sampling [1.0, 1.1429, 1.4646]. Recommendation = [0.0, -0.2869, 0.2154], Current Cost = 5015.00, Rho = 0.620
(iter 10) [0.0, -0.2869, 0.2154] = 452.8738, sampling [1.0, 1.0395, 1.2847]. Recommendation = [0.0, -0.2869, 0.2154], Current Cost = 5016.00, Rho = 0.620
(iter 10) [0.0, -0.2869, 0.2154] = 452.8738, sampling [1.0, -0.1056, 0.3375]. Recommendation = [0.0, -0.2869, 0.2154], Current Cost = 5017.00, Rho = 0.620
(iter 10) [0.0, -0.2869, 0.2154] = 452.8738, sampling [1.0, 0.9311, 0.8146]. Recommendation = [0.0, -0.2869, 0.2154], Current Cost = 5018.00, Rho = 0.620
(iter 10) [0.0, -0.2869, 0.2154] = 452.8738, sampling [1.0, 0.7200, 0.8459]. Recommendation = [0.0, -0.2869, 0.2154], Current Cost = 5019.00, Rho = 0.620
(iter 10) [0.0, -0.2869, 0.2154] = 452.8738, sampling [1.0, 0.8939, 1.0082]. Recommendation = [0.0, -0.2869, 0.2154], Current Cost = 5020.00, Rho = 0.620
(iter 10) [0.0, -0.2869, 0.2154] = 452.8738, sampling [1.0, 0.6867, 0.5436]. Recommendation = [0.0, -0.2869, 0.2154], Current Cost = 5021.00, Rho = 0.620
(iter 10) [0.0, -0.2869, 0.2154] = 452.8738, sampling [1.0, 0.2158, 0.3517]. Recommendation = [0.0, -0.2869, 0.2154], Current Cost = 5022.00, Rho = 0.620
(iter 10) [0.0, -0.2869, 0.2154] = 452.8738, sampling [1.0, 1.3455, 1.3941]. Recommendation = [0.0, -0.2869, 0.2154], Current Cost = 5023.00, Rho = 0.620
(iter 10) [0.0, -0.2869, 0.2154] = 452.8738, sampling [1.0, 0.1396, 0.7781]. Recommendation = [0.0, -0.2869, 0.2154], Current Cost = 5024.00, Rho = 0.620
(iter 10) [0.0, -0.2869, 0.2154] = 452.8738, sampling [1.0, 0.7085, 0.7045]. Recommendation = [0.0, -0.2869, 0.2154], Current Cost = 5025.00, Rho = 0.620
(iter 10) [0.0, -0.2869, 0.2154] = 452.8738, sampling [1.0, -0.2512, 0.1941]. Recommendation = [0.0, -0.2869, 0.2154], Current Cost = 5026.00, Rho = 0.620
(iter 10) [0.0, -0.2869, 0.2154] = 452.8738, sampling [1.0, -0.0046, 0.3410]. Recommendation = [0.0, -0.2869, 0.2154], Current Cost = 5027.00, Rho = 0.620
(iter 10) [0.0, -0.2869, 0.2154] = 452.8738, sampling [1.0, 1.3038, 1.5510]. Recommendation = [0.0, -0.2869, 0.2154], Current Cost = 5028.00, Rho = 0.620
(iter 10) [0.0, -0.2869, 0.2154] = 452.8738, sampling [1.0, 1.2282, 1.4098]. Recommendation = [0.0, -0.2869, 0.2154], Current Cost = 5029.00, Rho = 0.620
(iter 10) [0.0, -0.2869, 0.2154] = 452.8738, sampling [1.0, -0.3264, 0.4179]. Recommendation = [0.0, -0.2869, 0.2154], Current Cost = 5030.00, Rho = 0.620
(iter 10) [0.0, -0.2869, 0.2154] = 452.8738, sampling [1.0, 0.5598, 0.6256]. Recommendation = [0.0, -0.2869, 0.2154], Current Cost = 5031.00, Rho = 0.620
(iter 10) [0.0, -0.2869, 0.2154] = 452.8738, sampling [1.0, 0.5861, 0.3937]. Recommendation = [0.0, -0.2869, 0.2154], Current Cost = 5032.00, Rho = 0.620
(iter 10) [0.0, -0.2869, 0.2154] = 452.8738, sampling [1.0, 0.8077, 1.0177]. Recommendation = [0.0, -0.2869, 0.2154], Current Cost = 5033.00, Rho = 0.620
(iter 10) [0.0, -0.2869, 0.2154] = 452.8738, sampling [1.0, 1.0338, 1.6140]. Recommendation = [0.0, -0.2869, 0.2154], Current Cost = 5034.00, Rho = 0.620
(iter 10) [0.0, -0.2869, 0.2154] = 452.8738, sampling [1.0, 0.8732, 0.4138]. Recommendation = [0.0, -0.2869, 0.2154], Current Cost = 5035.00, Rho = 0.620
(iter 10) [0.0, -0.2869, 0.2154] = 452.8738, sampling [1.0, 0.8856, 1.1231]. Recommendation = [0.0, -0.2869, 0.2154], Current Cost = 5036.00, Rho = 0.620
(iter 10) [0.0, -0.2869, 0.2154] = 452.8738, sampling [1.0, -0.0035, 0.1796]. Recommendation = [0.0, -0.2869, 0.2154], Current Cost = 5037.00, Rho = 0.620
(iter 10) [0.0, -0.2869, 0.2154] = 452.8738, sampling [1.0, 0.1102, 0.4698]. Recommendation = [0.0, -0.2869, 0.2154], Current Cost = 5038.00, Rho = 0.620
(iter 10) [0.0, -0.2869, 0.2154] = 452.8738, sampling [1.0, -0.2194, 0.5300]. Recommendation = [0.0, -0.2869, 0.2154], Current Cost = 5039.00, Rho = 0.620
(iter 10) [0.0, -0.2869, 0.2154] = 452.8738, sampling [1.0, 0.4519, 0.2898]. Recommendation = [0.0, -0.2869, 0.2154], Current Cost = 5040.00, Rho = 0.620
(iter 10) [0.0, -0.2869, 0.2154] = 452.8738, sampling [1.0, 0.4986, 0.4890]. Recommendation = [0.0, -0.2869, 0.2154], Current Cost = 5041.00, Rho = 0.620
(iter 10) [0.0, -0.2869, 0.2154] = 452.8738, sampling [1.0, 0.8609, 0.8668]. Recommendation = [0.0, -0.2869, 0.2154], Current Cost = 5042.00, Rho = 0.620
(iter 10) [0.0, -0.2869, 0.2154] = 452.8738, sampling [1.0, 1.0822, 1.3000]. Recommendation = [0.0, -0.2869, 0.2154], Current Cost = 5043.00, Rho = 0.620
(iter 10) [0.0, -0.2869, 0.2154] = 452.8738, sampling [1.0, 1.2707, 1.3396]. Recommendation = [0.0, -0.2869, 0.2154], Current Cost = 5044.00, Rho = 0.620
(iter 10) [0.0, -0.2869, 0.2154] = 452.8738, sampling [1.0, 0.9249, 1.4558]. Recommendation = [0.0, -0.2869, 0.2154], Current Cost = 5045.00, Rho = 0.620
(iter 10) [0.0, -0.2869, 0.2154] = 452.8738, sampling [1.0, 0.6694, 1.0448]. Recommendation = [0.0, -0.2869, 0.2154], Current Cost = 5046.00, Rho = 0.620
(iter 10) [0.0, -0.2869, 0.2154] = 452.8738, sampling [1.0, 1.1522, 0.5709]. Recommendation = [0.0, -0.2869, 0.2154], Current Cost = 5047.00, Rho = 0.620
(iter 10) [0.0, -0.2869, 0.2154] = 452.8738, sampling [1.0, 0.2880, 0.6333]. Recommendation = [0.0, -0.2869, 0.2154], Current Cost = 5048.00, Rho = 0.620
(iter 10) [0.0, -0.2869, 0.2154] = 452.8738, sampling [1.0, 0.3042, 0.2620]. Recommendation = [0.0, -0.2869, 0.2154], Current Cost = 5049.00, Rho = 0.620
(iter 10) [0.0, -0.2869, 0.2154] = 452.8738, sampling [1.0, -0.2373, 0.1250]. Recommendation = [0.0, -0.2869, 0.2154], Current Cost = 5050.00, Rho = 0.620
(iter 10) [0.0, -0.2869, 0.2154] = 452.8738, sampling [1.0, -0.0794, 0.1459]. Recommendation = [0.0, -0.2869, 0.2154], Current Cost = 5051.00, Rho = 0.620
(iter 10) [0.0, -0.2869, 0.2154] = 452.8738, sampling [1.0, -0.2911, 0.1848]. Recommendation = [0.0, -0.2869, 0.2154], Current Cost = 5052.00, Rho = 0.620
(iter 10) [0.0, -0.2869, 0.2154] = 452.8738, sampling [1.0, 0.8960, 0.8220]. Recommendation = [0.0, -0.2869, 0.2154], Current Cost = 5053.00, Rho = 0.620
(iter 10) [0.0, -0.2869, 0.2154] = 452.8738, sampling [1.0, 0.6833, 0.6315]. Recommendation = [0.0, -0.2869, 0.2154], Current Cost = 5054.00, Rho = 0.620
(iter 10) [0.0, -0.2869, 0.2154] = 452.8738, sampling [1.0, 0.0040, 0.2323]. Recommendation = [0.0, -0.2869, 0.2154], Current Cost = 5055.00, Rho = 0.620
(iter 10) [0.0, -0.2869, 0.2154] = 452.8738, sampling [1.0, 1.2798, 1.2264]. Recommendation = [0.0, -0.2869, 0.2154], Current Cost = 5056.00, Rho = 0.620
(iter 10) [0.0, -0.2869, 0.2154] = 452.8738, sampling [1.0, 0.3735, 1.0202]. Recommendation = [0.0, -0.2869, 0.2154], Current Cost = 5057.00, Rho = 0.620
(iter 10) [0.0, -0.2869, 0.2154] = 452.8738, sampling [1.0, 0.6882, 0.7994]. Recommendation = [0.0, -0.2869, 0.2154], Current Cost = 5058.00, Rho = 0.620
(iter 10) [0.0, -0.2869, 0.2154] = 452.8738, sampling [1.0, 1.3409, 1.5351]. Recommendation = [0.0, -0.2869, 0.2154], Current Cost = 5059.00, Rho = 0.620
(iter 10) [0.0, -0.2869, 0.2154] = 452.8738, sampling [1.0, 1.1797, 1.4712]. Recommendation = [0.0, -0.2869, 0.2154], Current Cost = 5060.00, Rho = 0.620
(iter 10) [0.0, -0.2869, 0.2154] = 452.8738, sampling [1.0, 0.6755, 0.4339]. Recommendation = [0.0, -0.2869, 0.2154], Current Cost = 5061.00, Rho = 0.620
(iter 10) [0.0, -0.2869, 0.2154] = 452.8738, sampling [1.0, 0.1972, 0.4416]. Recommendation = [0.0, -0.2869, 0.2154], Current Cost = 5062.00, Rho = 0.620
(iter 10) [0.0, -0.2869, 0.2154] = 452.8738, sampling [1.0, 1.1718, 1.6985]. Recommendation = [0.0, -0.2869, 0.2154], Current Cost = 5063.00, Rho = 0.620
(iter 10) [0.0, -0.2869, 0.2154] = 452.8738, sampling [1.0, 0.1710, 0.0105]. Recommendation = [0.0, -0.2869, 0.2154], Current Cost = 5064.00, Rho = 0.620
(iter 10) [0.0, -0.2869, 0.2154] = 452.8738, sampling [1.0, 0.6174, 0.2268]. Recommendation = [0.0, -0.2869, 0.2154], Current Cost = 5065.00, Rho = 0.620
(iter 10) [0.0, -0.2869, 0.2154] = 452.8738, sampling [1.0, 0.0225, 0.3869]. Recommendation = [0.0, -0.2869, 0.2154], Current Cost = 5066.00, Rho = 0.620
(iter 10) [0.0, -0.2869, 0.2154] = 452.8738, sampling [1.0, 1.5460, 1.3651]. Recommendation = [0.0, -0.2869, 0.2154], Current Cost = 5067.00, Rho = 0.620
(iter 10) [0.0, -0.2869, 0.2154] = 452.8738, sampling [1.0, 0.3349, 0.1557]. Recommendation = [0.0, -0.2869, 0.2154], Current Cost = 5068.00, Rho = 0.620
(iter 10) [0.0, -0.2869, 0.2154] = 452.8738, sampling [1.0, 0.4883, 0.7135]. Recommendation = [0.0, -0.2869, 0.2154], Current Cost = 5069.00, Rho = 0.620
(iter 10) [0.0, -0.2869, 0.2154] = 452.8738, sampling [1.0, -0.0159, 0.6147]. Recommendation = [0.0, -0.2869, 0.2154], Current Cost = 5070.00, Rho = 0.620
(iter 10) [0.0, -0.2869, 0.2154] = 452.8738, sampling [1.0, 0.6146, 0.5929]. Recommendation = [0.0, -0.2869, 0.2154], Current Cost = 5071.00, Rho = 0.620
(iter 10) [0.0, -0.2869, 0.2154] = 452.8738, sampling [1.0, -0.0447, 0.0453]. Recommendation = [0.0, -0.2869, 0.2154], Current Cost = 5072.00, Rho = 0.620
(iter 10) [0.0, -0.2869, 0.2154] = 452.8738, sampling [1.0, 1.3190, 1.7739]. Recommendation = [0.0, -0.2869, 0.2154], Current Cost = 5073.00, Rho = 0.620
(iter 10) [0.0, -0.2869, 0.2154] = 452.8738, sampling [1.0, 0.7957, 1.1742]. Recommendation = [0.0, -0.2869, 0.2154], Current Cost = 5074.00, Rho = 0.620
(iter 10) [0.0, -0.2869, 0.2154] = 452.8738, sampling [1.0, 0.5764, 0.7934]. Recommendation = [0.0, -0.2869, 0.2154], Current Cost = 5075.00, Rho = 0.620
(iter 10) [0.0, -0.2869, 0.2154] = 452.8738, sampling [1.0, -0.1692, 0.9254]. Recommendation = [0.0, -0.2869, 0.2154], Current Cost = 5076.00, Rho = 0.620
(iter 10) [0.0, -0.2869, 0.2154] = 452.8738, sampling [1.0, -0.3341, 0.0918]. Recommendation = [0.0, -0.2869, 0.2154], Current Cost = 5077.00, Rho = 0.620
(iter 10) [0.0, -0.2869, 0.2154] = 452.8738, sampling [1.0, -0.4474, 0.4282]. Recommendation = [0.0, -0.2869, 0.2154], Current Cost = 5078.00, Rho = 0.620
(iter 10) [0.0, -0.2869, 0.2154] = 452.8738, sampling [1.0, -0.3112, 0.4767]. Recommendation = [0.0, -0.2869, 0.2154], Current Cost = 5079.00, Rho = 0.620
(iter 10) [0.0, -0.2869, 0.2154] = 452.8738, sampling [1.0, 0.5272, 0.9376]. Recommendation = [0.0, -0.2869, 0.2154], Current Cost = 5080.00, Rho = 0.620
(iter 10) [0.0, -0.2869, 0.2154] = 452.8738, sampling [1.0, 0.5471, 0.6819]. Recommendation = [0.0, -0.2869, 0.2154], Current Cost = 5081.00, Rho = 0.620
(iter 10) [0.0, -0.2869, 0.2154] = 452.8738, sampling [1.0, 0.4789, 0.1585]. Recommendation = [0.0, -0.2869, 0.2154], Current Cost = 5082.00, Rho = 0.620
(iter 10) [0.0, -0.2869, 0.2154] = 452.8738, sampling [1.0, 0.7865, 0.2647]. Recommendation = [0.0, -0.2869, 0.2154], Current Cost = 5083.00, Rho = 0.620
(iter 10) [0.0, -0.2869, 0.2154] = 452.8738, sampling [1.0, 1.0188, 1.8430]. Recommendation = [0.0, -0.2869, 0.2154], Current Cost = 5084.00, Rho = 0.620
(iter 10) [0.0, -0.2869, 0.2154] = 452.8738, sampling [1.0, 0.0440, 0.5248]. Recommendation = [0.0, -0.2869, 0.2154], Current Cost = 5085.00, Rho = 0.620
(iter 10) [0.0, -0.2869, 0.2154] = 452.8738, sampling [1.0, -0.2349, 0.6459]. Recommendation = [0.0, -0.2869, 0.2154], Current Cost = 5086.00, Rho = 0.620
(iter 10) [0.0, -0.2869, 0.2154] = 452.8738, sampling [1.0, 1.3577, 0.7445]. Recommendation = [0.0, -0.2869, 0.2154], Current Cost = 5087.00, Rho = 0.620
(iter 10) [0.0, -0.2869, 0.2154] = 452.8738, sampling [1.0, 0.5354, 0.4833]. Recommendation = [0.0, -0.2869, 0.2154], Current Cost = 5088.00, Rho = 0.620
(iter 10) [0.0, -0.2869, 0.2154] = 452.8738, sampling [1.0, 0.1346, 0.6676]. Recommendation = [0.0, -0.2869, 0.2154], Current Cost = 5089.00, Rho = 0.620
(iter 10) [0.0, -0.2869, 0.2154] = 452.8738, sampling [1.0, 0.4735, 1.4727]. Recommendation = [0.0, -0.2869, 0.2154], Current Cost = 5090.00, Rho = 0.620
(iter 10) [0.0, -0.2869, 0.2154] = 452.8738, sampling [1.0, -0.1335, -0.0519]. Recommendation = [0.0, -0.2869, 0.2154], Current Cost = 5091.00, Rho = 0.620
(iter 10) [0.0, -0.2869, 0.2154] = 452.8738, sampling [1.0, -0.5466, 0.2075]. Recommendation = [0.0, -0.2869, 0.2154], Current Cost = 5092.00, Rho = 0.620
(iter 10) [0.0, -0.2869, 0.2154] = 452.8738, sampling [1.0, -0.4587, 0.5633]. Recommendation = [0.0, -0.2869, 0.2154], Current Cost = 5093.00, Rho = 0.620
(iter 10) [0.0, -0.2869, 0.2154] = 452.8738, sampling [1.0, 0.4381, 0.0421]. Recommendation = [0.0, -0.2869, 0.2154], Current Cost = 5094.00, Rho = 0.620
(iter 10) [0.0, -0.2869, 0.2154] = 452.8738, sampling [1.0, 1.3898, 1.8922]. Recommendation = [0.0, -0.2869, 0.2154], Current Cost = 5095.00, Rho = 0.620
(iter 10) [0.0, -0.2869, 0.2154] = 452.8738, sampling [1.0, 1.5867, 1.6739]. Recommendation = [0.0, -0.2869, 0.2154], Current Cost = 5096.00, Rho = 0.620
(iter 10) [0.0, -0.2869, 0.2154] = 452.8738, sampling [1.0, 0.8211, 1.0290]. Recommendation = [0.0, -0.2869, 0.2154], Current Cost = 5097.00, Rho = 0.620
(iter 10) [0.0, -0.2869, 0.2154] = 452.8738, sampling [1.0, -0.0656, 0.7391]. Recommendation = [0.0, -0.2869, 0.2154], Current Cost = 5098.00, Rho = 0.620
(iter 10) [0.0, -0.2869, 0.2154] = 452.8738, sampling [1.0, 1.0253, 0.3529]. Recommendation = [0.0, -0.2869, 0.2154], Current Cost = 5099.00, Rho = 0.620
(iter 10) [0.0, -0.2869, 0.2154] = 452.8738, sampling [1.0, 0.7177, 1.1539]. Recommendation = [0.0, -0.2869, 0.2154], Current Cost = 5100.00, Rho = 0.620
(iter 10) [0.0, -0.2869, 0.2154] = 452.8738, sampling [1.0, 0.6208, 0.0848]. Recommendation = [0.0, -0.2869, 0.2154], Current Cost = 5101.00, Rho = 0.620
(iter 10) [0.0, -0.2869, 0.2154] = 452.8738, sampling [1.0, 0.2617, 0.0130]. Recommendation = [0.0, -0.2869, 0.2154], Current Cost = 5102.00, Rho = 0.620
(iter 10) [0.0, -0.2869, 0.2154] = 452.8738, sampling [1.0, -0.4243, 0.0573]. Recommendation = [0.0, -0.2869, 0.2154], Current Cost = 5103.00, Rho = 0.620
(iter 10) [0.0, -0.2869, 0.2154] = 452.8738, sampling [1.0, 1.1739, 1.8270]. Recommendation = [0.0, -0.2869, 0.2154], Current Cost = 5104.00, Rho = 0.620
(iter 10) [0.0, -0.2869, 0.2154] = 452.8738, sampling [1.0, -0.3497, 0.4738]. Recommendation = [0.0, -0.2869, 0.2154], Current Cost = 5105.00, Rho = 0.620
(iter 10) [0.0, -0.2869, 0.2154] = 452.8738, sampling [1.0, 0.2807, 0.2746]. Recommendation = [0.0, -0.2869, 0.2154], Current Cost = 5106.00, Rho = 0.620
(iter 10) [0.0, -0.2869, 0.2154] = 452.8738, sampling [1.0, -0.4062, 0.7166]. Recommendation = [0.0, -0.2869, 0.2154], Current Cost = 5107.00, Rho = 0.620
(iter 10) [0.0, -0.2869, 0.2154] = 452.8738, sampling [1.0, -0.6303, 0.4933]. Recommendation = [0.0, -0.2869, 0.2154], Current Cost = 5108.00, Rho = 0.620
(iter 10) [0.0, -0.2869, 0.2154] = 452.8738, sampling [1.0, 1.1262, 1.6839]. Recommendation = [0.0, -0.2869, 0.2154], Current Cost = 5109.00, Rho = 0.620
(iter 10) [0.0, -0.2869, 0.2154] = 452.8738, sampling [1.0, 0.7776, 1.4823]. Recommendation = [0.0, -0.2869, 0.2154], Current Cost = 5110.00, Rho = 0.620
(iter 10) [0.0, -0.2869, 0.2154] = 452.8738, sampling [1.0, 0.2163, -0.1829]. Recommendation = [0.0, -0.2869, 0.2154], Current Cost = 5111.00, Rho = 0.620
(iter 10) [0.0, -0.2869, 0.2154] = 452.8738, sampling [1.0, 1.4224, 1.2146]. Recommendation = [0.0, -0.2869, 0.2154], Current Cost = 5112.00, Rho = 0.620
(iter 10) [0.0, -0.2869, 0.2154] = 452.8738, sampling [1.0, 0.2767, 0.9410]. Recommendation = [0.0, -0.2869, 0.2154], Current Cost = 5113.00, Rho = 0.620
(iter 10) [0.0, -0.2869, 0.2154] = 452.8738, sampling [1.0, 1.2872, 1.9118]. Recommendation = [0.0, -0.2869, 0.2154], Current Cost = 5114.00, Rho = 0.620
(iter 10) [0.0, -0.2869, 0.2154] = 452.8738, sampling [1.0, 0.8413, 0.0793]. Recommendation = [0.0, -0.2869, 0.2154], Current Cost = 5115.00, Rho = 0.620
(iter 10) [0.0, -0.2869, 0.2154] = 452.8738, sampling [1.0, 0.0357, 0.6694]. Recommendation = [0.0, -0.2869, 0.2154], Current Cost = 5116.00, Rho = 0.620
(iter 10) [0.0, -0.2869, 0.2154] = 452.8738, sampling [1.0, -0.6158, 0.3477]. Recommendation = [0.0, -0.2869, 0.2154], Current Cost = 5117.00, Rho = 0.620
(iter 10) [0.0, -0.2869, 0.2154] = 452.8738, sampling [1.0, -0.0637, -0.0977]. Recommendation = [0.0, -0.2869, 0.2154], Current Cost = 5118.00, Rho = 0.620
(iter 10) [0.0, -0.2869, 0.2154] = 452.8738, sampling [1.0, 0.5054, 0.7698]. Recommendation = [0.0, -0.2869, 0.2154], Current Cost = 5119.00, Rho = 0.620
(iter 10) [0.0, -0.2869, 0.2154] = 452.8738, sampling [1.0, -0.3147, -0.1044]. Recommendation = [0.0, -0.2869, 0.2154], Current Cost = 5120.00, Rho = 0.620
(iter 10) [0.0, -0.2869, 0.2154] = 452.8738, sampling [1.0, 1.5528, 1.9345]. Recommendation = [0.0, -0.2869, 0.2154], Current Cost = 5121.00, Rho = 0.620
(iter 10) [0.0, -0.2869, 0.2154] = 452.8738, sampling [1.0, 0.0774, 0.9910]. Recommendation = [0.0, -0.2869, 0.2154], Current Cost = 5122.00, Rho = 0.620
(iter 10) [0.0, -0.2869, 0.2154] = 452.8738, sampling [1.0, 0.4139, -0.1512]. Recommendation = [0.0, -0.2869, 0.2154], Current Cost = 5123.00, Rho = 0.620
(iter 10) [0.0, -0.2869, 0.2154] = 452.8738, sampling [1.0, -0.6353, 1.0135]. Recommendation = [0.0, -0.2869, 0.2154], Current Cost = 5124.00, Rho = 0.620
(iter 10) [0.0, -0.2869, 0.2154] = 452.8738, sampling [1.0, 0.8549, 1.6519]. Recommendation = [0.0, -0.2869, 0.2154], Current Cost = 5125.00, Rho = 0.620
(iter 10) [0.0, -0.2869, 0.2154] = 452.8738, sampling [1.0, -0.7245, 0.6583]. Recommendation = [0.0, -0.2869, 0.2154], Current Cost = 5126.00, Rho = 0.620
(iter 10) [0.0, -0.2869, 0.2154] = 452.8738, sampling [1.0, -0.4637, 0.8589]. Recommendation = [0.0, -0.2869, 0.2154], Current Cost = 5127.00, Rho = 0.620
(iter 10) [0.0, -0.2869, 0.2154] = 452.8738, sampling [1.0, -0.0323, 1.3562]. Recommendation = [0.0, -0.2869, 0.2154], Current Cost = 5128.00, Rho = 0.620
(iter 10) [0.0, -0.2869, 0.2154] = 452.8738, sampling [1.0, 0.7431, 1.3542]. Recommendation = [0.0, -0.2869, 0.2154], Current Cost = 5129.00, Rho = 0.620
(iter 10) [0.0, -0.2869, 0.2154] = 452.8738, sampling [1.0, 0.5211, 0.1059]. Recommendation = [0.0, -0.2869, 0.2154], Current Cost = 5130.00, Rho = 0.620
(iter 10) [0.0, -0.2869, 0.2154] = 452.8738, sampling [1.0, -0.5842, 0.5790]. Recommendation = [0.0, -0.2869, 0.2154], Current Cost = 5131.00, Rho = 0.620
(iter 10) [0.0, -0.2869, 0.2154] = 452.8738, sampling [1.0, 0.7280, 0.1519]. Recommendation = [0.0, -0.2869, 0.2154], Current Cost = 5132.00, Rho = 0.620
(iter 10) [0.0, -0.2869, 0.2154] = 452.8738, sampling [1.0, -0.1925, -0.0711]. Recommendation = [0.0, -0.2869, 0.2154], Current Cost = 5133.00, Rho = 0.620
(iter 10) [0.0, -0.2869, 0.2154] = 452.8738, sampling [1.0, 1.5171, 1.0422]. Recommendation = [0.0, -0.2869, 0.2154], Current Cost = 5134.00, Rho = 0.620
(iter 10) [0.0, -0.2869, 0.2154] = 452.8738, sampling [1.0, 0.4833, 0.9692]. Recommendation = [0.0, -0.2869, 0.2154], Current Cost = 5135.00, Rho = 0.620
(iter 10) [0.0, -0.2869, 0.2154] = 452.8738, sampling [1.0, 1.4521, 1.3450]. Recommendation = [0.0, -0.2869, 0.2154], Current Cost = 5136.00, Rho = 0.620
(iter 10) [0.0, -0.2869, 0.2154] = 452.8738, sampling [1.0, 0.8706, 0.2541]. Recommendation = [0.0, -0.2869, 0.2154], Current Cost = 5137.00, Rho = 0.620
(iter 10) [0.0, -0.2869, 0.2154] = 452.8738, sampling [1.0, 0.4072, 1.1399]. Recommendation = [0.0, -0.2869, 0.2154], Current Cost = 5138.00, Rho = 0.620
(iter 10) [0.0, -0.2869, 0.2154] = 452.8738, sampling [1.0, 0.7367, -0.1944]. Recommendation = [0.0, -0.2869, 0.2154], Current Cost = 5139.00, Rho = 0.620
(iter 10) [0.0, -0.2869, 0.2154] = 452.8738, sampling [1.0, 1.2914, 0.2714]. Recommendation = [0.0, -0.2869, 0.2154], Current Cost = 5140.00, Rho = 0.620
(iter 10) [0.0, -0.2869, 0.2154] = 452.8738, sampling [1.0, -0.0373, -0.2386]. Recommendation = [0.0, -0.2869, 0.2154], Current Cost = 5141.00, Rho = 0.620
(iter 10) [0.0, -0.2869, 0.2154] = 452.8738, sampling [1.0, 1.0912, 1.7682]. Recommendation = [0.0, -0.2869, 0.2154], Current Cost = 5142.00, Rho = 0.620
(iter 10) [0.0, -0.2869, 0.2154] = 452.8738, sampling [1.0, -0.4025, -0.0034]. Recommendation = [0.0, -0.2869, 0.2154], Current Cost = 5143.00, Rho = 0.620
(iter 10) [0.0, -0.2869, 0.2154] = 452.8738, sampling [1.0, 0.9444, 0.3723]. Recommendation = [0.0, -0.2869, 0.2154], Current Cost = 5144.00, Rho = 0.620
(iter 10) [0.0, -0.2869, 0.2154] = 452.8738, sampling [1.0, 0.7462, 1.9763]. Recommendation = [0.0, -0.2869, 0.2154], Current Cost = 5145.00, Rho = 0.620
(iter 10) [0.0, -0.2869, 0.2154] = 452.8738, sampling [1.0, -0.6682, 0.1315]. Recommendation = [0.0, -0.2869, 0.2154], Current Cost = 5146.00, Rho = 0.620
(iter 10) [0.0, -0.2869, 0.2154] = 452.8738, sampling [1.0, 1.2225, 0.6548]. Recommendation = [0.0, -0.2869, 0.2154], Current Cost = 5147.00, Rho = 0.620
(iter 10) [0.0, -0.2869, 0.2154] = 452.8738, sampling [1.0, -0.7554, 0.3771]. Recommendation = [0.0, -0.2869, 0.2154], Current Cost = 5148.00, Rho = 0.620
(iter 10) [0.0, -0.2869, 0.2154] = 452.8738, sampling [1.0, -0.0259, 0.6918]. Recommendation = [0.0, -0.2869, 0.2154], Current Cost = 5149.00, Rho = 0.620
(iter 10) [0.0, -0.2869, 0.2154] = 452.8738, sampling [1.0, 1.8728, 1.8328]. Recommendation = [0.0, -0.2869, 0.2154], Current Cost = 5150.00, Rho = 0.620
(iter 10) [0.0, -0.2869, 0.2154] = 452.8738, sampling [1.0, 0.9664, 1.6602]. Recommendation = [0.0, -0.2869, 0.2154], Current Cost = 5151.00, Rho = 0.620
(iter 10) [0.0, -0.2869, 0.2154] = 452.8738, sampling [1.0, -0.3425, 0.8897]. Recommendation = [0.0, -0.2869, 0.2154], Current Cost = 5152.00, Rho = 0.620
(iter 10) [0.0, -0.2869, 0.2154] = 452.8738, sampling [1.0, -0.9079, 0.8195]. Recommendation = [0.0, -0.2869, 0.2154], Current Cost = 5153.00, Rho = 0.620
(iter 10) [0.0, -0.2869, 0.2154] = 452.8738, sampling [1.0, 0.3313, -0.1329]. Recommendation = [0.0, -0.2869, 0.2154], Current Cost = 5154.00, Rho = 0.620
(iter 10) [0.0, -0.2869, 0.2154] = 452.8738, sampling [1.0, 0.5972, 0.0376]. Recommendation = [0.0, -0.2869, 0.2154], Current Cost = 5155.00, Rho = 0.620
(iter 10) [0.0, -0.2869, 0.2154] = 452.8738, sampling [1.0, -0.5577, -0.0761]. Recommendation = [0.0, -0.2869, 0.2154], Current Cost = 5156.00, Rho = 0.620
(iter 10) [0.0, -0.2869, 0.2154] = 452.8738, sampling [1.0, -0.8286, 0.5577]. Recommendation = [0.0, -0.2869, 0.2154], Current Cost = 5157.00, Rho = 0.620
(iter 10) [0.0, -0.2869, 0.2154] = 452.8738, sampling [1.0, 0.2471, -0.3604]. Recommendation = [0.0, -0.2869, 0.2154], Current Cost = 5158.00, Rho = 0.620
(iter 10) [0.0, -0.2869, 0.2154] = 452.8738, sampling [1.0, -0.1454, -0.2234]. Recommendation = [0.0, -0.2869, 0.2154], Current Cost = 5159.00, Rho = 0.620
(iter 10) [0.0, -0.2869, 0.2154] = 452.8738, sampling [1.0, 1.3852, 1.0551]. Recommendation = [0.0, -0.2869, 0.2154], Current Cost = 5160.00, Rho = 0.620
(iter 10) [0.0, -0.2869, 0.2154] = 452.8738, sampling [1.0, -0.7238, 0.7633]. Recommendation = [0.0, -0.2869, 0.2154], Current Cost = 5161.00, Rho = 0.620
(iter 10) [0.0, -0.2869, 0.2154] = 452.8738, sampling [1.0, -0.3962, 1.1339]. Recommendation = [0.0, -0.2869, 0.2154], Current Cost = 5162.00, Rho = 0.620
(iter 10) [0.0, -0.2869, 0.2154] = 452.8738, sampling [1.0, 0.2309, 0.0066]. Recommendation = [0.0, -0.2869, 0.2154], Current Cost = 5163.00, Rho = 0.620
(iter 10) [0.0, -0.2869, 0.2154] = 452.8738, sampling [1.0, -0.8916, 1.3156]. Recommendation = [0.0, -0.2869, 0.2154], Current Cost = 5164.00, Rho = 0.620
(iter 10) [0.0, -0.2869, 0.2154] = 452.8738, sampling [1.0, 1.1365, 1.8673]. Recommendation = [0.0, -0.2869, 0.2154], Current Cost = 5165.00, Rho = 0.620
(iter 10) [0.0, -0.2869, 0.2154] = 452.8738, sampling [1.0, 0.6268, 1.3806]. Recommendation = [0.0, -0.2869, 0.2154], Current Cost = 5166.00, Rho = 0.620
(iter 10) [0.0, -0.2869, 0.2154] = 452.8738, sampling [1.0, 0.7306, -0.0350]. Recommendation = [0.0, -0.2869, 0.2154], Current Cost = 5167.00, Rho = 0.620
(iter 10) [0.0, -0.2869, 0.2154] = 452.8738, sampling [1.0, 0.9707, 0.2410]. Recommendation = [0.0, -0.2869, 0.2154], Current Cost = 5168.00, Rho = 0.620
(iter 10) [0.0, -0.2869, 0.2154] = 452.8738, sampling [1.0, 0.0162, 0.7004]. Recommendation = [0.0, -0.2869, 0.2154], Current Cost = 5169.00, Rho = 0.620
(iter 10) [0.0, -0.2869, 0.2154] = 452.8738, sampling [1.0, 0.8253, 0.1744]. Recommendation = [0.0, -0.2869, 0.2154], Current Cost = 5170.00, Rho = 0.620
(iter 10) [0.0, -0.2869, 0.2154] = 452.8738, sampling [1.0, 0.0550, 0.9180]. Recommendation = [0.0, -0.2869, 0.2154], Current Cost = 5171.00, Rho = 0.620
(iter 10) [0.0, -0.2869, 0.2154] = 452.8738, sampling [1.0, -0.5110, 1.8784]. Recommendation = [0.0, -0.2869, 0.2154], Current Cost = 5172.00, Rho = 0.620
(iter 10) [0.0, -0.2869, 0.2154] = 452.8738, sampling [1.0, -0.3777, 0.7887]. Recommendation = [0.0, -0.2869, 0.2154], Current Cost = 5173.00, Rho = 0.620
(iter 10) [0.0, -0.2869, 0.2154] = 452.8738, sampling [1.0, -1.1166, 0.5723]. Recommendation = [0.0, -0.2869, 0.2154], Current Cost = 5174.00, Rho = 0.620
(iter 10) [0.0, -0.2869, 0.2154] = 452.8738, sampling [1.0, -0.3316, -0.2557]. Recommendation = [0.0, -0.2869, 0.2154], Current Cost = 5175.00, Rho = 0.620
(iter 10) [0.0, -0.2869, 0.2154] = 452.8738, sampling [1.0, 0.2335, 1.2387]. Recommendation = [0.0, -0.2869, 0.2154], Current Cost = 5176.00, Rho = 0.620
(iter 10) [0.0, -0.2869, 0.2154] = 452.8738, sampling [1.0, 0.4275, -0.3122]. Recommendation = [0.0, -0.2869, 0.2154], Current Cost = 5177.00, Rho = 0.620
(iter 10) [0.0, -0.2869, 0.2154] = 452.8738, sampling [1.0, -0.8633, 1.0010]. Recommendation = [0.0, -0.2869, 0.2154], Current Cost = 5178.00, Rho = 0.620
(iter 10) [0.0, -0.2869, 0.2154] = 452.8738, sampling [1.0, -0.0828, 1.0328]. Recommendation = [0.0, -0.2869, 0.2154], Current Cost = 5179.00, Rho = 0.620
(iter 10) [0.0, -0.2869, 0.2154] = 452.8738, sampling [1.0, -0.9089, 0.2299]. Recommendation = [0.0, -0.2869, 0.2154], Current Cost = 5180.00, Rho = 0.620
(iter 10) [0.0, -0.2869, 0.2154] = 452.8738, sampling [1.0, 1.5010, 1.2480]. Recommendation = [0.0, -0.2869, 0.2154], Current Cost = 5181.00, Rho = 0.620
(iter 10) [0.0, -0.2869, 0.2154] = 452.8738, sampling [1.0, 0.9943, -0.0118]. Recommendation = [0.0, -0.2869, 0.2154], Current Cost = 5182.00, Rho = 0.620
(iter 10) [0.0, -0.2869, 0.2154] = 452.8738, sampling [0.0, 0.4986, 0.4890]. Recommendation = [0.0, -0.2869, 0.2154], Current Cost = 5183.00, Rho = 0.620
(iter 10) [0.0, -0.2869, 0.2154] = 452.8738, sampling [1.0, 0.5923, -0.2306]. Recommendation = [0.0, -0.2869, 0.2154], Current Cost = 6183.00, Rho = 0.620
(iter 10) [0.0, -0.2869, 0.2154] = 452.8738, sampling [1.0, 0.1453, 1.0694]. Recommendation = [0.0, -0.2869, 0.2154], Current Cost = 6184.00, Rho = 0.620
(iter 10) [0.0, -0.2869, 0.2154] = 452.8738, sampling [1.0, 0.0867, -0.4475]. Recommendation = [0.0, -0.2869, 0.2154], Current Cost = 6185.00, Rho = 0.620
(iter 10) [0.0, -0.2869, 0.2154] = 452.8738, sampling [1.0, 0.4340, 1.3231]. Recommendation = [0.0, -0.2869, 0.2154], Current Cost = 6186.00, Rho = 0.620
(iter 10) [0.0, -0.2869, 0.2154] = 452.8738, sampling [1.0, 0.2653, -0.2342]. Recommendation = [0.0, -0.2869, 0.2154], Current Cost = 6187.00, Rho = 0.620
(iter 10) [0.0, -0.2869, 0.2154] = 452.8738, sampling [1.0, 0.6920, 1.4961]. Recommendation = [0.0, -0.2869, 0.2154], Current Cost = 6188.00, Rho = 0.620
(iter 10) [0.0, -0.2869, 0.2154] = 452.8738, sampling [0.0, 1.0395, 1.2847]. Recommendation = [0.0, -0.2869, 0.2154], Current Cost = 6189.00, Rho = 0.620
(iter 10) [0.0, -0.2869, 0.2154] = 452.8738, sampling [1.0, -1.1432, 1.0274]. Recommendation = [0.0, -0.2869, 0.2154], Current Cost = 7189.00, Rho = 0.620
(iter 10) [0.0, -0.2869, 0.2154] = 452.8738, sampling [0.0, 0.7200, 0.8459]. Recommendation = [0.0, -0.2869, 0.2154], Current Cost = 7190.00, Rho = 0.620
(iter 10) [0.0, -0.2869, 0.2154] = 452.8738, sampling [1.0, -0.3733, -0.1466]. Recommendation = [0.0, -0.2869, 0.2154], Current Cost = 8190.00, Rho = 0.620
(iter 10) [0.0, -0.2869, 0.2154] = 452.8738, sampling [0.0, 0.0225, 0.3869]. Recommendation = [0.0, -0.2869, 0.2154], Current Cost = 8191.00, Rho = 0.620
(iter 10) [0.0, -0.2869, 0.2154] = 452.8738, sampling [1.0, 0.6427, -0.4821]. Recommendation = [0.0, -0.2869, 0.2154], Current Cost = 9191.00, Rho = 0.620
(iter 10) [0.0, -0.2869, 0.2154] = 452.8738, sampling [1.0, -0.1604, -0.3809]. Recommendation = [0.0, -0.2869, 0.2154], Current Cost = 9192.00, Rho = 0.620
(iter 10) [0.0, -0.2869, 0.2154] = 452.8738, sampling [1.0, -0.6844, 0.6204]. Recommendation = [0.0, -0.2869, 0.2154], Current Cost = 9193.00, Rho = 0.620
(iter 10) [0.0, -0.2869, 0.2154] = 452.8738, sampling [0.0, 0.4789, 0.1585]. Recommendation = [0.0, -0.2869, 0.2154], Current Cost = 9194.00, Rho = 0.620
(iter 203) [0.0, 0.4789, 0.1585] = 455.5262, sampling [1.0, 0.8195, 0.1206]. Recommendation = [0.0, 0.4789, 0.1585], Current Cost = 10194.00, Rho = 0.620
(iter 203) [0.0, 0.4789, 0.1585] = 455.5262, sampling [1.0, 0.8024, -0.0144]. Recommendation = [0.0, 0.4789, 0.1585], Current Cost = 10195.00, Rho = 0.620
(iter 203) [0.0, 0.4789, 0.1585] = 455.5262, sampling [1.0, 0.2105, -0.2841]. Recommendation = [0.0, 0.4789, 0.1585], Current Cost = 10196.00, Rho = 0.620
(iter 203) [0.0, 0.4789, 0.1585] = 455.5262, sampling [1.0, 0.9634, 0.0989]. Recommendation = [0.0, 0.4789, 0.1585], Current Cost = 10197.00, Rho = 0.620
(iter 203) [0.0, 0.4789, 0.1585] = 455.5262, sampling [1.0, 0.3109, -0.2617]. Recommendation = [0.0, 0.4789, 0.1585], Current Cost = 10198.00, Rho = 0.620
(iter 203) [0.0, 0.4789, 0.1585] = 455.5262, sampling [1.0, 0.2736, -0.1971]. Recommendation = [0.0, 0.4789, 0.1585], Current Cost = 10199.00, Rho = 0.620
(iter 203) [0.0, 0.4789, 0.1585] = 455.5262, sampling [1.0, 1.0051, -0.2941]. Recommendation = [0.0, 0.4789, 0.1585], Current Cost = 10200.00, Rho = 0.620
(iter 203) [0.0, 0.4789, 0.1585] = 455.5262, sampling [0.0, 0.8732, 0.4138]. Recommendation = [0.0, 0.4789, 0.1585], Current Cost = 10201.00, Rho = 0.620
(iter 203) [0.0, 0.4789, 0.1585] = 455.5262, sampling [1.0, 1.2182, 0.4104]. Recommendation = [0.0, 0.4519, 0.2898], Current Cost = 11201.00, Rho = 0.620
(iter 203) [0.0, 0.4789, 0.1585] = 455.5262, sampling [1.0, 0.3157, -0.5593]. Recommendation = [0.0, 0.4519, 0.2898], Current Cost = 11202.00, Rho = 0.620
(iter 203) [0.0, 0.4789, 0.1585] = 455.5262, sampling [1.0, 1.7226, 0.6970]. Recommendation = [0.0, 0.4519, 0.2898], Current Cost = 11203.00, Rho = 0.620
(iter 203) [0.0, 0.4789, 0.1585] = 455.5262, sampling [0.0, 0.1710, 0.0105]. Recommendation = [0.0, 0.4519, 0.2898], Current Cost = 11204.00, Rho = 0.620
(iter 215) [0.0, 0.1710, 0.0105] = 455.5777, sampling [1.0, 0.1771, -0.3418]. Recommendation = [0.0, 0.3349, 0.1557], Current Cost = 12204.00, Rho = 0.620
(iter 215) [0.0, 0.1710, 0.0105] = 455.5777, sampling [1.0, 0.2890, -0.3095]. Recommendation = [0.0, 0.3349, 0.1557], Current Cost = 12205.00, Rho = 0.620
(iter 215) [0.0, 0.1710, 0.0105] = 455.5777, sampling [1.0, 0.3361, -0.4368]. Recommendation = [0.0, 0.3349, 0.1557], Current Cost = 12206.00, Rho = 0.620
(iter 215) [0.0, 0.1710, 0.0105] = 455.5777, sampling [0.0, 0.2807, 0.2746]. Recommendation = [0.0, 0.3349, 0.1557], Current Cost = 12207.00, Rho = 0.620
(iter 215) [0.0, 0.1710, 0.0105] = 455.5777, sampling [1.0, -0.1158, -0.2491]. Recommendation = [0.0, 0.3349, 0.1557], Current Cost = 13207.00, Rho = 0.620
(iter 215) [0.0, 0.1710, 0.0105] = 455.5777, sampling [1.0, -0.2409, -0.3010]. Recommendation = [0.0, 0.3349, 0.1557], Current Cost = 13208.00, Rho = 0.620
(iter 215) [0.0, 0.1710, 0.0105] = 455.5777, sampling [0.0, 1.1797, 1.4712]. Recommendation = [0.0, 0.3349, 0.1557], Current Cost = 13209.00, Rho = 0.620
(iter 222) [0.0, 1.1797, 1.4712] = 455.6356, sampling [0.0, 0.8939, 1.0082]. Recommendation = [0.0, 1.1797, 1.4712], Current Cost = 14209.00, Rho = 0.620
(iter 222) [0.0, 1.1797, 1.4712] = 455.6356, sampling [0.0, -0.0794, 0.1459]. Recommendation = [0.0, 1.1797, 1.4712], Current Cost = 15209.00, Rho = 0.620
(iter 222) [0.0, 1.1797, 1.4712] = 455.6356, sampling [1.0, 0.2487, -0.2690]. Recommendation = [0.0, 1.1797, 1.4712], Current Cost = 16209.00, Rho = 0.620
(iter 222) [0.0, 1.1797, 1.4712] = 455.6356, sampling [0.0, 0.6867, 0.5436]. Recommendation = [0.0, 1.1797, 1.4712], Current Cost = 16210.00, Rho = 0.620
(iter 226) [0.0, 0.6867, 0.5436] = 455.6831, sampling [0.0, 1.1997, 1.2742]. Recommendation = [0.0, 0.6867, 0.5436], Current Cost = 17210.00, Rho = 0.620
(iter 226) [0.0, 0.6867, 0.5436] = 455.6831, sampling [0.0, -0.7438, 0.8495]. Recommendation = [0.0, 0.6867, 0.5436], Current Cost = 18210.00, Rho = 0.620
(iter 226) [0.0, 0.6867, 0.5436] = 455.6831, sampling [1.0, -0.7438, 0.8495]. Recommendation = [0.0, 0.6867, 0.5436], Current Cost = 19210.00, Rho = 0.620
(iter 226) [0.0, 0.6867, 0.5436] = 455.6831, sampling [1.0, -0.7785, 0.9299]. Recommendation = [0.0, 0.6867, 0.5436], Current Cost = 19211.00, Rho = 0.620
(iter 226) [0.0, 0.6867, 0.5436] = 455.6831, sampling [1.0, -0.8144, 0.8979]. Recommendation = [0.0, 0.6867, 0.5436], Current Cost = 19212.00, Rho = 0.620
(iter 226) [0.0, 0.6867, 0.5436] = 455.6831, sampling [1.0, -0.4392, 0.9524]. Recommendation = [0.0, 0.6867, 0.5436], Current Cost = 19213.00, Rho = 0.620
(iter 226) [0.0, 0.6867, 0.5436] = 455.6831, sampling [1.0, -0.8582, 1.0885]. Recommendation = [0.0, 0.6867, 0.5436], Current Cost = 19214.00, Rho = 0.620
(iter 226) [0.0, 0.6867, 0.5436] = 455.6831, sampling [1.0, -0.7071, 0.6081]. Recommendation = [0.0, 0.6867, 0.5436], Current Cost = 19215.00, Rho = 0.620
(iter 226) [0.0, 0.6867, 0.5436] = 455.6831, sampling [1.0, -0.7150, 0.7545]. Recommendation = [0.0, 0.6867, 0.5436], Current Cost = 19216.00, Rho = 0.620
(iter 226) [0.0, 0.6867, 0.5436] = 455.6831, sampling [1.0, -0.5826, 1.1791]. Recommendation = [0.0, 0.6867, 0.5436], Current Cost = 19217.00, Rho = 0.620
(iter 226) [0.0, 0.6867, 0.5436] = 455.6831, sampling [1.0, -0.6534, 0.4841]. Recommendation = [0.0, 0.6867, 0.5436], Current Cost = 19218.00, Rho = 0.620
(iter 226) [0.0, 0.6867, 0.5436] = 455.6831, sampling [1.0, -0.8080, 1.0049]. Recommendation = [0.0, 0.6867, 0.5436], Current Cost = 19219.00, Rho = 0.620
(iter 226) [0.0, 0.6867, 0.5436] = 455.6831, sampling [1.0, -1.0178, 0.9490]. Recommendation = [0.0, 0.6867, 0.5436], Current Cost = 19220.00, Rho = 0.620
(iter 226) [0.0, 0.6867, 0.5436] = 455.6831, sampling [1.0, -0.9652, 0.6376]. Recommendation = [0.0, 0.6867, 0.5436], Current Cost = 19221.00, Rho = 0.620
(iter 226) [0.0, 0.6867, 0.5436] = 455.6831, sampling [1.0, -0.8347, 0.4389]. Recommendation = [0.0, 0.6867, 0.5436], Current Cost = 19222.00, Rho = 0.620
(iter 226) [0.0, 0.6867, 0.5436] = 455.6831, sampling [1.0, -0.9766, 0.8395]. Recommendation = [0.0, 0.6867, 0.5436], Current Cost = 19223.00, Rho = 0.620
(iter 226) [0.0, 0.6867, 0.5436] = 455.6831, sampling [1.0, -0.8177, 0.5849]. Recommendation = [0.0, 0.6867, 0.5436], Current Cost = 19224.00, Rho = 0.620
(iter 226) [0.0, 0.6867, 0.5436] = 455.6831, sampling [1.0, -1.0484, 1.2188]. Recommendation = [0.0, 0.6867, 0.5436], Current Cost = 19225.00, Rho = 0.620
(iter 226) [0.0, 0.6867, 0.5436] = 455.6831, sampling [1.0, -0.2457, 1.1123]. Recommendation = [0.0, 0.6867, 0.5436], Current Cost = 19226.00, Rho = 0.620
(iter 226) [0.0, 0.6867, 0.5436] = 455.6831, sampling [1.0, -0.6957, 1.3438]. Recommendation = [0.0, 0.6867, 0.5436], Current Cost = 19227.00, Rho = 0.620
(iter 226) [0.0, 0.6867, 0.5436] = 455.6831, sampling [1.0, -1.1295, 0.7644]. Recommendation = [0.0, 0.6867, 0.5436], Current Cost = 19228.00, Rho = 0.620
(iter 226) [0.0, 0.6867, 0.5436] = 455.6831, sampling [1.0, -1.0596, 1.1101]. Recommendation = [0.0, 0.6867, 0.5436], Current Cost = 19229.00, Rho = 0.620
(iter 226) [0.0, 0.6867, 0.5436] = 455.6831, sampling [1.0, -0.9242, 0.4262]. Recommendation = [0.0, 0.6867, 0.5436], Current Cost = 19230.00, Rho = 0.620
(iter 226) [0.0, 0.6867, 0.5436] = 455.6831, sampling [1.0, -1.2334, 1.3163]. Recommendation = [0.0, 0.6867, 0.5436], Current Cost = 19231.00, Rho = 0.620
(iter 226) [0.0, 0.6867, 0.5436] = 455.6831, sampling [1.0, -0.4354, 1.3615]. Recommendation = [0.0, 0.6867, 0.5436], Current Cost = 19232.00, Rho = 0.620
(iter 226) [0.0, 0.6867, 0.5436] = 455.6831, sampling [1.0, -1.4162, 0.9781]. Recommendation = [0.0, 0.6867, 0.5436], Current Cost = 19233.00, Rho = 0.620
(iter 226) [0.0, 0.6867, 0.5436] = 455.6831, sampling [1.0, -1.0091, 1.4591]. Recommendation = [0.0, 0.6867, 0.5436], Current Cost = 19234.00, Rho = 0.620
(iter 226) [0.0, 0.6867, 0.5436] = 455.6831, sampling [1.0, -1.0530, 0.8533]. Recommendation = [0.0, 0.6867, 0.5436], Current Cost = 19235.00, Rho = 0.620
(iter 226) [0.0, 0.6867, 0.5436] = 455.6831, sampling [1.0, -0.7581, 0.1626]. Recommendation = [0.0, 0.6867, 0.5436], Current Cost = 19236.00, Rho = 0.620
(iter 226) [0.0, 0.6867, 0.5436] = 455.6831, sampling [1.0, -0.4147, 1.0832]. Recommendation = [0.0, 0.6867, 0.5436], Current Cost = 19237.00, Rho = 0.620
(iter 226) [0.0, 0.6867, 0.5436] = 455.6831, sampling [1.0, -0.6658, 0.0006]. Recommendation = [0.0, 0.6867, 0.5436], Current Cost = 19238.00, Rho = 0.620
(iter 226) [0.0, 0.6867, 0.5436] = 455.6831, sampling [1.0, 0.0714, 1.1636]. Recommendation = [0.0, 0.6867, 0.5436], Current Cost = 19239.00, Rho = 0.620
(iter 226) [0.0, 0.6867, 0.5436] = 455.6831, sampling [1.0, 0.0923, 0.9321]. Recommendation = [0.0, 0.6867, 0.5436], Current Cost = 19240.00, Rho = 0.620
(iter 226) [0.0, 0.6867, 0.5436] = 455.6831, sampling [1.0, -1.0051, 1.3019]. Recommendation = [0.0, 0.6867, 0.5436], Current Cost = 19241.00, Rho = 0.620
(iter 226) [0.0, 0.6867, 0.5436] = 455.6831, sampling [1.0, 0.2261, 1.7331]. Recommendation = [0.0, 0.6867, 0.5436], Current Cost = 19242.00, Rho = 0.620
(iter 226) [0.0, 0.6867, 0.5436] = 455.6831, sampling [1.0, -1.2948, 1.7365]. Recommendation = [0.0, 0.6867, 0.5436], Current Cost = 19243.00, Rho = 0.620
(iter 226) [0.0, 0.6867, 0.5436] = 455.6831, sampling [1.0, -0.8507, 1.5639]. Recommendation = [0.0, 0.6867, 0.5436], Current Cost = 19244.00, Rho = 0.620
(iter 226) [0.0, 0.6867, 0.5436] = 455.6831, sampling [1.0, -1.2058, 1.5284]. Recommendation = [0.0, 0.6867, 0.5436], Current Cost = 19245.00, Rho = 0.620
(iter 226) [0.0, 0.6867, 0.5436] = 455.6831, sampling [1.0, -1.0662, 0.9847]. Recommendation = [0.0, 0.6867, 0.5436], Current Cost = 19246.00, Rho = 0.620
(iter 226) [0.0, 0.6867, 0.5436] = 455.6831, sampling [1.0, 1.0455, 1.8010]. Recommendation = [0.0, 0.6867, 0.5436], Current Cost = 19247.00, Rho = 0.620
(iter 226) [0.0, 0.6867, 0.5436] = 455.6831, sampling [1.0, -1.0688, 0.7108]. Recommendation = [0.0, 0.6867, 0.5436], Current Cost = 19248.00, Rho = 0.620
(iter 226) [0.0, 0.6867, 0.5436] = 455.6831, sampling [1.0, -1.5491, 1.5001]. Recommendation = [0.0, 0.6867, 0.5436], Current Cost = 19249.00, Rho = 0.620
(iter 226) [0.0, 0.6867, 0.5436] = 455.6831, sampling [1.0, -0.5252, 1.1876]. Recommendation = [0.0, 0.6867, 0.5436], Current Cost = 19250.00, Rho = 0.620
(iter 226) [0.0, 0.6867, 0.5436] = 455.6831, sampling [1.0, -0.0897, 1.2082]. Recommendation = [0.0, 0.6867, 0.5436], Current Cost = 19251.00, Rho = 0.620
(iter 226) [0.0, 0.6867, 0.5436] = 455.6831, sampling [1.0, 0.3781, 1.1893]. Recommendation = [0.0, 0.6867, 0.5436], Current Cost = 19252.00, Rho = 0.620
(iter 226) [0.0, 0.6867, 0.5436] = 455.6831, sampling [0.0, -0.4587, 0.5633]. Recommendation = [0.0, 0.6867, 0.5436], Current Cost = 19253.00, Rho = 0.620
(iter 226) [0.0, 0.6867, 0.5436] = 455.6831, sampling [1.0, -1.1727, 1.1285]. Recommendation = [0.0, 0.6867, 0.5436], Current Cost = 20253.00, Rho = 0.620
(iter 226) [0.0, 0.6867, 0.5436] = 455.6831, sampling [0.0, 1.2872, 1.9118]. Recommendation = [0.0, 0.6867, 0.5436], Current Cost = 20254.00, Rho = 0.620
(iter 226) [0.0, 0.6867, 0.5436] = 455.6831, sampling [1.0, 1.6164, 1.8696]. Recommendation = [0.0, 0.6867, 0.5436], Current Cost = 21254.00, Rho = 0.620
(iter 226) [0.0, 0.6867, 0.5436] = 455.6831, sampling [1.0, 0.8386, 1.6224]. Recommendation = [0.0, 0.6867, 0.5436], Current Cost = 21255.00, Rho = 0.620
(iter 226) [0.0, 0.6867, 0.5436] = 455.6831, sampling [1.0, 0.5904, 1.7503]. Recommendation = [0.0, 0.6867, 0.5436], Current Cost = 21256.00, Rho = 0.620
(iter 226) [0.0, 0.6867, 0.5436] = 455.6831, sampling [1.0, -1.0472, 1.6330]. Recommendation = [0.0, 0.6867, 0.5436], Current Cost = 21257.00, Rho = 0.620
(iter 226) [0.0, 0.6867, 0.5436] = 455.6831, sampling [1.0, -0.3708, 1.2576]. Recommendation = [0.0, 0.6867, 0.5436], Current Cost = 21258.00, Rho = 0.620
(iter 226) [0.0, 0.6867, 0.5436] = 455.6831, sampling [0.0, -1.1013, 1.2554]. Recommendation = [0.0, 0.6867, 0.5436], Current Cost = 21259.00, Rho = 0.620
(iter 226) [0.0, 0.6867, 0.5436] = 455.6831, sampling [1.0, -1.1013, 1.2554]. Recommendation = [0.0, 0.6867, 0.5436], Current Cost = 22259.00, Rho = 0.620
(iter 226) [0.0, 0.6867, 0.5436] = 455.6831, sampling [1.0, -1.1106, 1.2353]. Recommendation = [0.0, 0.6867, 0.5436], Current Cost = 22260.00, Rho = 0.620
(iter 226) [0.0, 0.6867, 0.5436] = 455.6831, sampling [1.0, -0.8869, 1.2775]. Recommendation = [0.0, 0.6867, 0.5436], Current Cost = 22261.00, Rho = 0.620
(iter 226) [0.0, 0.6867, 0.5436] = 455.6831, sampling [1.0, -0.9683, 1.4039]. Recommendation = [0.0, 0.6867, 0.5436], Current Cost = 22262.00, Rho = 0.620
(iter 226) [0.0, 0.6867, 0.5436] = 455.6831, sampling [1.0, -1.0858, 1.0963]. Recommendation = [0.0, 0.6867, 0.5436], Current Cost = 22263.00, Rho = 0.620
(iter 226) [0.0, 0.6867, 0.5436] = 455.6831, sampling [1.0, -0.8674, 1.3740]. Recommendation = [0.0, 0.6867, 0.5436], Current Cost = 22264.00, Rho = 0.620
(iter 226) [0.0, 0.6867, 0.5436] = 455.6831, sampling [1.0, -0.8776, 1.4458]. Recommendation = [0.0, 0.6867, 0.5436], Current Cost = 22265.00, Rho = 0.620
(iter 226) [0.0, 0.6867, 0.5436] = 455.6831, sampling [1.0, -1.0951, 0.9942]. Recommendation = [0.0, 0.6867, 0.5436], Current Cost = 22266.00, Rho = 0.620
(iter 226) [0.0, 0.6867, 0.5436] = 455.6831, sampling [1.0, -1.2427, 1.1052]. Recommendation = [0.0, 0.6867, 0.5436], Current Cost = 22267.00, Rho = 0.620
(iter 226) [0.0, 0.6867, 0.5436] = 455.6831, sampling [1.0, -0.9499, 1.4491]. Recommendation = [0.0, 0.6867, 0.5436], Current Cost = 22268.00, Rho = 0.620
(iter 226) [0.0, 0.6867, 0.5436] = 455.6831, sampling [1.0, -1.2802, 1.5172]. Recommendation = [0.0, 0.6867, 0.5436], Current Cost = 22269.00, Rho = 0.620
(iter 226) [0.0, 0.6867, 0.5436] = 455.6831, sampling [1.0, -1.1557, 0.9809]. Recommendation = [0.0, 0.6867, 0.5436], Current Cost = 22270.00, Rho = 0.620
(iter 226) [0.0, 0.6867, 0.5436] = 455.6831, sampling [1.0, -1.3640, 1.3044]. Recommendation = [0.0, 0.6867, 0.5436], Current Cost = 22271.00, Rho = 0.620
(iter 226) [0.0, 0.6867, 0.5436] = 455.6831, sampling [1.0, -1.1576, 1.1249]. Recommendation = [0.0, 0.6867, 0.5436], Current Cost = 22272.00, Rho = 0.620
(iter 226) [0.0, 0.6867, 0.5436] = 455.6831, sampling [1.0, -0.9866, 1.4245]. Recommendation = [0.0, 0.6867, 0.5436], Current Cost = 22273.00, Rho = 0.620
(iter 226) [0.0, 0.6867, 0.5436] = 455.6831, sampling [1.0, -1.0631, 1.8454]. Recommendation = [0.0, 0.6867, 0.5436], Current Cost = 22274.00, Rho = 0.620
(iter 226) [0.0, 0.6867, 0.5436] = 455.6831, sampling [1.0, -1.3089, 1.1684]. Recommendation = [0.0, 0.6867, 0.5436], Current Cost = 22275.00, Rho = 0.620
(iter 226) [0.0, 0.6867, 0.5436] = 455.6831, sampling [1.0, -0.9456, 1.4140]. Recommendation = [0.0, 0.6867, 0.5436], Current Cost = 22276.00, Rho = 0.620
(iter 226) [0.0, 0.6867, 0.5436] = 455.6831, sampling [1.0, -1.2082, 0.9019]. Recommendation = [0.0, 0.6867, 0.5436], Current Cost = 22277.00, Rho = 0.620
(iter 226) [0.0, 0.6867, 0.5436] = 455.6831, sampling [1.0, -0.9531, 1.6669]. Recommendation = [0.0, 0.6867, 0.5436], Current Cost = 22278.00, Rho = 0.620
(iter 226) [0.0, 0.6867, 0.5436] = 455.6831, sampling [1.0, -0.6485, 1.3967]. Recommendation = [0.0, 0.6867, 0.5436], Current Cost = 22279.00, Rho = 0.620
(iter 226) [0.0, 0.6867, 0.5436] = 455.6831, sampling [1.0, -1.3386, 1.6300]. Recommendation = [0.0, 0.6867, 0.5436], Current Cost = 22280.00, Rho = 0.620
(iter 226) [0.0, 0.6867, 0.5436] = 455.6831, sampling [1.0, -0.7917, 1.5124]. Recommendation = [0.0, 0.6867, 0.5436], Current Cost = 22281.00, Rho = 0.620
(iter 226) [0.0, 0.6867, 0.5436] = 455.6831, sampling [1.0, -1.3047, 1.9960]. Recommendation = [0.0, 0.6867, 0.5436], Current Cost = 22282.00, Rho = 0.620
(iter 226) [0.0, 0.6867, 0.5436] = 455.6831, sampling [1.0, -1.1978, 1.8155]. Recommendation = [0.0, 0.6867, 0.5436], Current Cost = 22283.00, Rho = 0.620
(iter 226) [0.0, 0.6867, 0.5436] = 455.6831, sampling [1.0, -1.5319, 1.7651]. Recommendation = [0.0, 0.6867, 0.5436], Current Cost = 22284.00, Rho = 0.620
(iter 226) [0.0, 0.6867, 0.5436] = 455.6831, sampling [1.0, -0.5419, 1.5067]. Recommendation = [0.0, 0.6867, 0.5436], Current Cost = 22285.00, Rho = 0.620
(iter 226) [0.0, 0.6867, 0.5436] = 455.6831, sampling [1.0, -1.0421, 0.6510]. Recommendation = [0.0, 0.6867, 0.5436], Current Cost = 22286.00, Rho = 0.620
(iter 226) [0.0, 0.6867, 0.5436] = 455.6831, sampling [1.0, -0.8448, 1.7320]. Recommendation = [0.0, 0.6867, 0.5436], Current Cost = 22287.00, Rho = 0.620
(iter 226) [0.0, 0.6867, 0.5436] = 455.6831, sampling [1.0, -1.2965, 1.0561]. Recommendation = [0.0, 0.6867, 0.5436], Current Cost = 22288.00, Rho = 0.620
(iter 226) [0.0, 0.6867, 0.5436] = 455.6831, sampling [1.0, -1.2371, 0.7809]. Recommendation = [0.0, 0.6867, 0.5436], Current Cost = 22289.00, Rho = 0.620
(iter 226) [0.0, 0.6867, 0.5436] = 455.6831, sampling [1.0, -1.0331, 0.4223]. Recommendation = [0.0, 0.6867, 0.5436], Current Cost = 22290.00, Rho = 0.620
(iter 226) [0.0, 0.6867, 0.5436] = 455.6831, sampling [1.0, -0.9014, 1.6009]. Recommendation = [0.0, 0.6867, 0.5436], Current Cost = 22291.00, Rho = 0.620
(iter 226) [0.0, 0.6867, 0.5436] = 455.6831, sampling [1.0, -1.3165, 1.5252]. Recommendation = [0.0, 0.6867, 0.5436], Current Cost = 22292.00, Rho = 0.620
(iter 226) [0.0, 0.6867, 0.5436] = 455.6831, sampling [1.0, -1.3014, 1.8827]. Recommendation = [0.0, 0.6867, 0.5436], Current Cost = 22293.00, Rho = 0.620
(iter 226) [0.0, 0.6867, 0.5436] = 455.6831, sampling [1.0, -1.9230, 1.9759]. Recommendation = [0.0, 0.6867, 0.5436], Current Cost = 22294.00, Rho = 0.620
(iter 226) [0.0, 0.6867, 0.5436] = 455.6831, sampling [1.0, -0.3191, 1.5204]. Recommendation = [0.0, 0.6867, 0.5436], Current Cost = 22295.00, Rho = 0.620
(iter 226) [0.0, 0.6867, 0.5436] = 455.6831, sampling [1.0, 0.2073, 1.3773]. Recommendation = [0.0, 0.6867, 0.5436], Current Cost = 22296.00, Rho = 0.620
(iter 226) [0.0, 0.6867, 0.5436] = 455.6831, sampling [1.0, -1.4535, 1.4057]. Recommendation = [0.0, 0.6867, 0.5436], Current Cost = 22297.00, Rho = 0.620
(iter 226) [0.0, 0.6867, 0.5436] = 455.6831, sampling [1.0, -1.0252, 1.9378]. Recommendation = [0.0, 0.6867, 0.5436], Current Cost = 22298.00, Rho = 0.620
(iter 226) [0.0, 0.6867, 0.5436] = 455.6831, sampling [1.0, -1.3942, 0.6076]. Recommendation = [0.0, 0.6867, 0.5436], Current Cost = 22299.00, Rho = 0.620
(iter 226) [0.0, 0.6867, 0.5436] = 455.6831, sampling [0.0, -1.2200, 1.7882]. Recommendation = [0.0, 0.6867, 0.5436], Current Cost = 22300.00, Rho = 0.620
(iter 226) [0.0, 0.6867, 0.5436] = 455.6831, sampling [1.0, -1.2200, 1.7882]. Recommendation = [0.0, 0.6867, 0.5436], Current Cost = 23300.00, Rho = 0.620
(iter 226) [0.0, 0.6867, 0.5436] = 455.6831, sampling [1.0, -1.4203, 1.8919]. Recommendation = [0.0, 0.6867, 0.5436], Current Cost = 23301.00, Rho = 0.620
(iter 226) [0.0, 0.6867, 0.5436] = 455.6831, sampling [1.0, -0.9289, 1.7275]. Recommendation = [0.0, 0.6867, 0.5436], Current Cost = 23302.00, Rho = 0.620
(iter 226) [0.0, 0.6867, 0.5436] = 455.6831, sampling [1.0, -1.3841, 1.9284]. Recommendation = [0.0, 0.6867, 0.5436], Current Cost = 23303.00, Rho = 0.620
(iter 226) [0.0, 0.6867, 0.5436] = 455.6831, sampling [1.0, -0.9236, 1.8557]. Recommendation = [0.0, 0.6867, 0.5436], Current Cost = 23304.00, Rho = 0.620
(iter 226) [0.0, 0.6867, 0.5436] = 455.6831, sampling [1.0, -0.7302, 1.7214]. Recommendation = [0.0, 0.6867, 0.5436], Current Cost = 23305.00, Rho = 0.620
(iter 226) [0.0, 0.6867, 0.5436] = 455.6831, sampling [1.0, -1.5124, 1.5919]. Recommendation = [0.0, 0.6867, 0.5436], Current Cost = 23306.00, Rho = 0.620
(iter 226) [0.0, 0.6867, 0.5436] = 455.6831, sampling [1.0, -0.7758, 1.9900]. Recommendation = [0.0, 0.6867, 0.5436], Current Cost = 23307.00, Rho = 0.620
(iter 226) [0.0, 0.6867, 0.5436] = 455.6831, sampling [1.0, -0.5046, 1.3892]. Recommendation = [0.0, 0.6867, 0.5436], Current Cost = 23308.00, Rho = 0.620
(iter 226) [0.0, 0.6867, 0.5436] = 455.6831, sampling [1.0, -1.6055, 1.1937]. Recommendation = [0.0, 0.6867, 0.5436], Current Cost = 23309.00, Rho = 0.620
(iter 226) [0.0, 0.6867, 0.5436] = 455.6831, sampling [1.0, 0.3256, 1.2618]. Recommendation = [0.0, 0.6867, 0.5436], Current Cost = 23310.00, Rho = 0.620
(iter 226) [0.0, 0.6867, 0.5436] = 455.6831, sampling [1.0, 0.5481, 1.4919]. Recommendation = [0.0, 0.6867, 0.5436], Current Cost = 23311.00, Rho = 0.620
(iter 226) [0.0, 0.6867, 0.5436] = 455.6831, sampling [0.0, -0.8869, 1.2775]. Recommendation = [0.0, 0.6867, 0.5436], Current Cost = 23312.00, Rho = 0.620
(iter 226) [0.0, 0.6867, 0.5436] = 455.6831, sampling [1.0, -1.2714, 0.9041]. Recommendation = [0.0, 0.6867, 0.5436], Current Cost = 24312.00, Rho = 0.620
(iter 226) [0.0, 0.6867, 0.5436] = 455.6831, sampling [0.0, 1.1718, 1.6985]. Recommendation = [0.0, 0.6867, 0.5436], Current Cost = 24313.00, Rho = 0.620
(iter 226) [0.0, 0.6867, 0.5436] = 455.6831, sampling [0.0, -1.2058, 1.5284]. Recommendation = [0.0, 0.6867, 0.5436], Current Cost = 25313.00, Rho = 0.620
(iter 226) [0.0, 0.6867, 0.5436] = 455.6831, sampling [0.0, 0.1396, 0.7781]. Recommendation = [0.0, 0.6867, 0.5436], Current Cost = 26313.00, Rho = 0.620
(iter 226) [0.0, 0.6867, 0.5436] = 455.6831, sampling [1.0, 1.6755, 1.9850]. Recommendation = [0.0, 0.6867, 0.5436], Current Cost = 27313.00, Rho = 0.620
(iter 226) [0.0, 0.6867, 0.5436] = 455.6831, sampling [1.0, -1.5601, 1.6479]. Recommendation = [0.0, 0.6867, 0.5436], Current Cost = 27314.00, Rho = 0.620
(iter 226) [0.0, 0.6867, 0.5436] = 455.6831, sampling [0.0, 0.8286, 0.6929]. Recommendation = [0.0, 0.6867, 0.5436], Current Cost = 27315.00, Rho = 0.620
(iter 342) [0.0, 0.8286, 0.6929] = 456.2666, sampling [0.0, -1.0178, 0.9490]. Recommendation = [0.0, 0.8286, 0.6929], Current Cost = 28315.00, Rho = 0.620
(iter 342) [0.0, 0.8286, 0.6929] = 456.2666, sampling [1.0, -0.8237, 0.5679]. Recommendation = [0.0, 0.8286, 0.6929], Current Cost = 29315.00, Rho = 0.620
(iter 342) [0.0, 0.8286, 0.6929] = 456.2666, sampling [0.0, -0.8177, 0.5849]. Recommendation = [0.0, 0.8286, 0.6929], Current Cost = 29316.00, Rho = 0.620
(iter 342) [0.0, 0.8286, 0.6929] = 456.2666, sampling [1.0, -1.0818, 0.5045]. Recommendation = [0.0, 0.8286, 0.6929], Current Cost = 30316.00, Rho = 0.620
(iter 342) [0.0, 0.8286, 0.6929] = 456.2666, sampling [1.0, -1.0150, 0.2491]. Recommendation = [0.0, 0.8286, 0.6929], Current Cost = 30317.00, Rho = 0.620
(iter 342) [0.0, 0.8286, 0.6929] = 456.2666, sampling [1.0, -0.9125, 0.0238]. Recommendation = [0.0, 0.8286, 0.6929], Current Cost = 30318.00, Rho = 0.620
(iter 342) [0.0, 0.8286, 0.6929] = 456.2666, sampling [0.0, 0.6174, 0.2268]. Recommendation = [0.0, 0.8286, 0.6929], Current Cost = 30319.00, Rho = 0.620
(iter 342) [0.0, 0.8286, 0.6929] = 456.2666, sampling [0.0, -0.6158, 0.3477]. Recommendation = [0.0, 0.8286, 0.6929], Current Cost = 31319.00, Rho = 0.620
(iter 342) [0.0, 0.8286, 0.6929] = 456.2666, sampling [1.0, -0.8745, 0.1663]. Recommendation = [0.0, 0.8286, 0.6929], Current Cost = 32319.00, Rho = 0.620
(iter 342) [0.0, 0.8286, 0.6929] = 456.2666, sampling [1.0, -0.6615, -0.1770]. Recommendation = [0.0, 0.8286, 0.6929], Current Cost = 32320.00, Rho = 0.620
(iter 342) [0.0, 0.8286, 0.6929] = 456.2666, sampling [1.0, -1.1126, 0.3639]. Recommendation = [0.0, 0.8286, 0.6929], Current Cost = 32321.00, Rho = 0.620
(iter 342) [0.0, 0.8286, 0.6929] = 456.2666, sampling [0.0, 0.4139, -0.1512]. Recommendation = [0.0, 0.8286, 0.6929], Current Cost = 32322.00, Rho = 0.620
(iter 342) [0.0, 0.8286, 0.6929] = 456.2666, sampling [1.0, 0.4585, -0.4860]. Recommendation = [0.0, 0.3349, 0.1557], Current Cost = 33322.00, Rho = 0.620
(iter 342) [0.0, 0.8286, 0.6929] = 456.2666, sampling [1.0, 0.8332, -0.1893]. Recommendation = [0.0, 0.3349, 0.1557], Current Cost = 33323.00, Rho = 0.620
(iter 342) [0.0, 0.8286, 0.6929] = 456.2666, sampling [1.0, 0.9227, 0.0547]. Recommendation = [0.0, 0.3349, 0.1557], Current Cost = 33324.00, Rho = 0.620
(iter 342) [0.0, 0.8286, 0.6929] = 456.2666, sampling [1.0, 0.0062, -0.5670]. Recommendation = [0.0, 0.3349, 0.1557], Current Cost = 33325.00, Rho = 0.620
(iter 342) [0.0, 0.8286, 0.6929] = 456.2666, sampling [0.0, -0.0637, -0.0977]. Recommendation = [0.0, 0.3349, 0.1557], Current Cost = 33326.00, Rho = 0.620
(iter 342) [0.0, 0.8286, 0.6929] = 456.2666, sampling [1.0, 0.2593, -0.3278]. Recommendation = [0.0, 0.3349, 0.1557], Current Cost = 34326.00, Rho = 0.620
(iter 342) [0.0, 0.8286, 0.6929] = 456.2666, sampling [1.0, -0.3361, -0.4270]. Recommendation = [0.0, 0.3349, 0.1557], Current Cost = 34327.00, Rho = 0.620
(iter 342) [0.0, 0.8286, 0.6929] = 456.2666, sampling [1.0, 0.3011, -0.4041]. Recommendation = [0.0, 0.3349, 0.1557], Current Cost = 34328.00, Rho = 0.620
(iter 342) [0.0, 0.8286, 0.6929] = 456.2666, sampling [1.0, -0.1864, -0.5083]. Recommendation = [0.0, 0.3349, 0.1557], Current Cost = 34329.00, Rho = 0.620
(iter 342) [0.0, 0.8286, 0.6929] = 456.2666, sampling [1.0, 1.1082, 0.1099]. Recommendation = [0.0, 0.3349, 0.1557], Current Cost = 34330.00, Rho = 0.620
(iter 342) [0.0, 0.8286, 0.6929] = 456.2666, sampling [0.0, 0.3349, 0.1557]. Recommendation = [0.0, 0.3349, 0.1557], Current Cost = 34331.00, Rho = 0.620
(iter 342) [0.0, 0.8286, 0.6929] = 456.2666, sampling [0.0, 0.4519, 0.2898]. Recommendation = [0.0, 0.8286, 0.6929], Current Cost = 35331.00, Rho = 0.620
(iter 342) [0.0, 0.8286, 0.6929] = 456.2666, sampling [0.0, -0.4243, 0.0573]. Recommendation = [0.0, 0.8286, 0.6929], Current Cost = 36331.00, Rho = 0.620
(iter 342) [0.0, 0.8286, 0.6929] = 456.2666, sampling [1.0, -0.5972, -0.1275]. Recommendation = [0.0, 0.8286, 0.6929], Current Cost = 37331.00, Rho = 0.620
(iter 342) [0.0, 0.8286, 0.6929] = 456.2666, sampling [1.0, -0.2833, -0.2977]. Recommendation = [0.0, 0.8286, 0.6929], Current Cost = 37332.00, Rho = 0.620
(iter 342) [0.0, 0.8286, 0.6929] = 456.2666, sampling [0.0, 0.9311, 0.8146]. Recommendation = [0.0, 0.8286, 0.6929], Current Cost = 37333.00, Rho = 0.620
(iter 342) [0.0, 0.8286, 0.6929] = 456.2666, sampling [0.0, 0.9788, 1.1477]. Recommendation = [0.0, 0.8286, 0.6929], Current Cost = 38333.00, Rho = 0.620
(iter 342) [0.0, 0.8286, 0.6929] = 456.2666, sampling [0.0, -0.6844, 0.6204]. Recommendation = [0.0, 0.8286, 0.6929], Current Cost = 39333.00, Rho = 0.620
(iter 342) [0.0, 0.8286, 0.6929] = 456.2666, sampling [0.0, -0.3264, 0.4179]. Recommendation = [0.0, 0.8286, 0.6929], Current Cost = 40333.00, Rho = 0.620
(iter 342) [0.0, 0.8286, 0.6929] = 456.2666, sampling [0.0, 0.6755, 0.4339]. Recommendation = [0.0, 0.8286, 0.6929], Current Cost = 41333.00, Rho = 0.620
(iter 342) [0.0, 0.8286, 0.6929] = 456.2666, sampling [0.0, -0.5466, 0.2075]. Recommendation = [0.0, 0.8286, 0.6929], Current Cost = 42333.00, Rho = 0.620
(iter 342) [0.0, 0.8286, 0.6929] = 456.2666, sampling [0.0, 0.4381, 0.0421]. Recommendation = [0.0, 0.8286, 0.6929], Current Cost = 43333.00, Rho = 0.620
(iter 342) [0.0, 0.8286, 0.6929] = 456.2666, sampling [0.0, -0.9079, 0.8195]. Recommendation = [0.0, 0.8286, 0.6929], Current Cost = 44333.00, Rho = 0.620
(iter 342) [0.0, 0.8286, 0.6929] = 456.2666, sampling [0.0, -0.0447, 0.0453]. Recommendation = [0.0, 0.8286, 0.6929], Current Cost = 45333.00, Rho = 0.620
(iter 342) [0.0, 0.8286, 0.6929] = 456.2666, sampling [0.0, -1.3841, 1.9284]. Recommendation = [0.0, 0.8286, 0.6929], Current Cost = 46333.00, Rho = 0.620
(iter 342) [0.0, 0.8286, 0.6929] = 456.2666, sampling [1.0, -1.5239, 1.7420]. Recommendation = [0.0, 0.8286, 0.6929], Current Cost = 47333.00, Rho = 0.620
(iter 342) [0.0, 0.8286, 0.6929] = 456.2666, sampling [1.0, -1.6826, 1.6574]. Recommendation = [0.0, 0.8286, 0.6929], Current Cost = 47334.00, Rho = 0.620
(iter 342) [0.0, 0.8286, 0.6929] = 456.2666, sampling [1.0, -1.3262, 0.8708]. Recommendation = [0.0, 0.8286, 0.6929], Current Cost = 47335.00, Rho = 0.620
(iter 342) [0.0, 0.8286, 0.6929] = 456.2666, sampling [0.0, -1.3386, 1.6300]. Recommendation = [0.0, 0.8286, 0.6929], Current Cost = 47336.00, Rho = 0.620
(iter 342) [0.0, 0.8286, 0.6929] = 456.2666, sampling [0.0, -1.2334, 1.3163]. Recommendation = [0.0, 0.8286, 0.6929], Current Cost = 48336.00, Rho = 0.620
(iter 342) [0.0, 0.8286, 0.6929] = 456.2666, sampling [0.0, 0.9249, 1.4558]. Recommendation = [0.0, 0.8286, 0.6929], Current Cost = 49336.00, Rho = 0.620
(iter 342) [0.0, 0.8286, 0.6929] = 456.2666, sampling [0.0, 0.2163, -0.1829]. Recommendation = [0.0, 0.8286, 0.6929], Current Cost = 50336.00, Rho = 0.620
(iter 342) [0.0, 0.8286, 0.6929] = 456.2666, sampling [1.0, -0.2270, -0.4034]. Recommendation = [0.0, 0.2617, 0.0130], Current Cost = 51336.00, Rho = 0.620
(iter 342) [0.0, 0.8286, 0.6929] = 456.2666, sampling [0.0, -0.1925, -0.0711]. Recommendation = [0.0, 0.2617, 0.0130], Current Cost = 51337.00, Rho = 0.620
(iter 342) [0.0, 0.8286, 0.6929] = 456.2666, sampling [0.0, -1.0858, 1.0963]. Recommendation = [0.0, 0.2617, 0.0130], Current Cost = 52337.00, Rho = 0.620
(iter 342) [0.0, 0.8286, 0.6929] = 456.2666, sampling [0.0, -0.2373, 0.1250]. Recommendation = [0.0, 0.2617, 0.0130], Current Cost = 53337.00, Rho = 0.620
(iter 342) [0.0, 0.8286, 0.6929] = 456.2666, sampling [0.0, 0.5972, 0.0376]. Recommendation = [0.0, 0.2617, 0.0130], Current Cost = 54337.00, Rho = 0.620
(iter 342) [0.0, 0.8286, 0.6929] = 456.2666, sampling [1.0, 0.7825, -0.3694]. Recommendation = [0.0, 0.8286, 0.6929], Current Cost = 55337.00, Rho = 0.620
(iter 342) [0.0, 0.8286, 0.6929] = 456.2666, sampling [0.0, 1.3190, 1.7739]. Recommendation = [0.0, 0.8286, 0.6929], Current Cost = 55338.00, Rho = 0.620
(iter 342) [0.0, 0.8286, 0.6929] = 456.2666, sampling [0.0, 0.2617, 0.0130]. Recommendation = [0.0, 0.8286, 0.6929], Current Cost = 56338.00, Rho = 0.620
(iter 342) [0.0, 0.8286, 0.6929] = 456.2666, sampling [0.0, 1.3038, 1.5510]. Recommendation = [0.0, 0.8286, 0.6929], Current Cost = 57338.00, Rho = 0.620
(iter 342) [0.0, 0.8286, 0.6929] = 456.2666, sampling [1.0, -0.6025, -0.3588]. Recommendation = [0.0, 0.8286, 0.6929], Current Cost = 58338.00, Rho = 0.620
(iter 342) [0.0, 0.8286, 0.6929] = 456.2666, sampling [0.0, -0.6534, 0.4841]. Recommendation = [0.0, 0.8286, 0.6929], Current Cost = 58339.00, Rho = 0.620
(iter 342) [0.0, 0.8286, 0.6929] = 456.2666, sampling [0.0, -0.8633, 1.0010]. Recommendation = [0.0, 0.8286, 0.6929], Current Cost = 59339.00, Rho = 0.620
(iter 342) [0.0, 0.8286, 0.6929] = 456.2666, sampling [0.0, 0.5471, 0.6819]. Recommendation = [0.0, 0.8286, 0.6929], Current Cost = 60339.00, Rho = 0.620
(iter 342) [0.0, 0.8286, 0.6929] = 456.2666, sampling [0.0, 0.5861, 0.3937]. Recommendation = [0.0, 0.8286, 0.6929], Current Cost = 61339.00, Rho = 0.620
(iter 342) [0.0, 0.8286, 0.6929] = 456.2666, sampling [0.0, -0.9652, 0.6376]. Recommendation = [0.0, 0.8286, 0.6929], Current Cost = 62339.00, Rho = 0.620
(iter 342) [0.0, 0.8286, 0.6929] = 456.2666, sampling [0.0, -0.7554, 0.3771]. Recommendation = [0.0, 0.8286, 0.6929], Current Cost = 63339.00, Rho = 0.620
(iter 342) [0.0, 0.8286, 0.6929] = 456.2666, sampling [1.0, -0.7086, -0.1221]. Recommendation = [0.0, 0.8286, 0.6929], Current Cost = 64339.00, Rho = 0.620
(iter 342) [0.0, 0.8286, 0.6929] = 456.2666, sampling [0.0, 1.5528, 1.9345]. Recommendation = [0.0, 0.8286, 0.6929], Current Cost = 64340.00, Rho = 0.620
(iter 342) [0.0, 0.8286, 0.6929] = 456.2666, sampling [1.0, 1.6799, 1.7833]. Recommendation = [0.0, 0.8286, 0.6929], Current Cost = 65340.00, Rho = 0.620
(iter 342) [0.0, 0.8286, 0.6929] = 456.2666, sampling [0.0, 0.0040, 0.2323]. Recommendation = [0.0, 0.8286, 0.6929], Current Cost = 65341.00, Rho = 0.620
(iter 342) [0.0, 0.8286, 0.6929] = 456.2666, sampling [1.0, -1.3546, 0.9760]. Recommendation = [0.0, 0.8286, 0.6929], Current Cost = 66341.00, Rho = 0.620
(iter 342) [0.0, 0.8286, 0.6929] = 456.2666, sampling [0.0, 1.2282, 1.4098]. Recommendation = [0.0, 0.8286, 0.6929], Current Cost = 66342.00, Rho = 0.620
(iter 342) [0.0, 0.8286, 0.6929] = 456.2666, sampling [0.0, 0.7865, 0.2647]. Recommendation = [0.0, 0.8286, 0.6929], Current Cost = 67342.00, Rho = 0.620
(iter 342) [0.0, 0.8286, 0.6929] = 456.2666, sampling [0.0, 1.3898, 1.8922]. Recommendation = [0.0, 0.8286, 0.6929], Current Cost = 68342.00, Rho = 0.620
(iter 342) [0.0, 0.8286, 0.6929] = 456.2666, sampling [0.0, -0.3341, 0.0918]. Recommendation = [0.0, 0.8286, 0.6929], Current Cost = 69342.00, Rho = 0.620
(iter 342) [0.0, 0.8286, 0.6929] = 456.2666, sampling [0.0, -1.0091, 1.4591]. Recommendation = [0.0, 0.8286, 0.6929], Current Cost = 70342.00, Rho = 0.620
(iter 342) [0.0, 0.8286, 0.6929] = 456.2666, sampling [0.0, 0.8609, 0.8668]. Recommendation = [0.0, 0.8286, 0.6929], Current Cost = 71342.00, Rho = 0.620
(iter 342) [0.0, 0.8286, 0.6929] = 456.2666, sampling [0.0, 0.7085, 0.7045]. Recommendation = [0.0, 0.8286, 0.6929], Current Cost = 72342.00, Rho = 0.620
(iter 342) [0.0, 0.8286, 0.6929] = 456.2666, sampling [0.0, -0.0373, -0.2386]. Recommendation = [0.0, 0.8286, 0.6929], Current Cost = 73342.00, Rho = 0.620
(iter 342) [0.0, 0.8286, 0.6929] = 456.2666, sampling [1.0, 0.0978, -0.7879]. Recommendation = [0.0, 0.8286, 0.6929], Current Cost = 74342.00, Rho = 0.620
(iter 342) [0.0, 0.8286, 0.6929] = 456.2666, sampling [0.0, -0.3147, -0.1044]. Recommendation = [0.0, 0.8286, 0.6929], Current Cost = 74343.00, Rho = 0.620
(iter 342) [0.0, 0.8286, 0.6929] = 456.2666, sampling [1.0, -0.2794, -0.3174]. Recommendation = [0.0, 0.8286, 0.6929], Current Cost = 75343.00, Rho = 0.620
(iter 342) [0.0, 0.8286, 0.6929] = 456.2666, sampling [1.0, -0.4211, -0.4208]. Recommendation = [0.0, 0.8286, 0.6929], Current Cost = 75344.00, Rho = 0.620
(iter 342) [0.0, 0.8286, 0.6929] = 456.2666, sampling [0.0, 0.3521, 0.5009]. Recommendation = [0.0, 0.8286, 0.6929], Current Cost = 75345.00, Rho = 0.620
(iter 342) [0.0, 0.8286, 0.6929] = 456.2666, sampling [1.0, -1.0973, 0.4466]. Recommendation = [0.0, 0.8286, 0.6929], Current Cost = 76345.00, Rho = 0.620
(iter 342) [0.0, 0.8286, 0.6929] = 456.2666, sampling [0.0, -0.4637, 0.8589]. Recommendation = [0.0, 0.8286, 0.6929], Current Cost = 76346.00, Rho = 0.620
(iter 342) [0.0, 0.8286, 0.6929] = 456.2666, sampling [0.0, -0.4474, 0.4282]. Recommendation = [0.0, 0.8286, 0.6929], Current Cost = 77346.00, Rho = 0.620
(iter 342) [0.0, 0.8286, 0.6929] = 456.2666, sampling [0.0, -1.2427, 1.1052]. Recommendation = [0.0, 0.8286, 0.6929], Current Cost = 78346.00, Rho = 0.620
(iter 342) [0.0, 0.8286, 0.6929] = 456.2666, sampling [0.0, 0.7957, 1.1742]. Recommendation = [0.0, 0.8286, 0.6929], Current Cost = 79346.00, Rho = 0.620
(iter 342) [0.0, 0.8286, 0.6929] = 456.2666, sampling [0.0, -1.3047, 1.9960]. Recommendation = [0.0, 0.8286, 0.6929], Current Cost = 80346.00, Rho = 0.620
(iter 342) [0.0, 0.8286, 0.6929] = 456.2666, sampling [0.0, 1.2798, 1.2264]. Recommendation = [0.0, 0.8286, 0.6929], Current Cost = 81346.00, Rho = 0.620
(iter 342) [0.0, 0.8286, 0.6929] = 456.2666, sampling [0.0, -0.1056, 0.3375]. Recommendation = [0.0, 0.8286, 0.6929], Current Cost = 82346.00, Rho = 0.620
(iter 342) [0.0, 0.8286, 0.6929] = 456.2666, sampling [0.0, -0.6682, 0.1315]. Recommendation = [0.0, 0.8286, 0.6929], Current Cost = 83346.00, Rho = 0.620
(iter 342) [0.0, 0.8286, 0.6929] = 456.2666, sampling [1.0, -0.5653, -0.0875]. Recommendation = [0.0, 0.8286, 0.6929], Current Cost = 84346.00, Rho = 0.620
(iter 342) [0.0, 0.8286, 0.6929] = 456.2666, sampling [0.0, -1.0530, 0.8533]. Recommendation = [0.0, 0.8286, 0.6929], Current Cost = 84347.00, Rho = 0.620
(iter 342) [0.0, 0.8286, 0.6929] = 456.2666, sampling [0.0, 0.2158, 0.3517]. Recommendation = [0.0, 0.8286, 0.6929], Current Cost = 85347.00, Rho = 0.620
(iter 342) [0.0, 0.8286, 0.6929] = 456.2666, sampling [0.0, 0.1771, -0.3418]. Recommendation = [0.0, 0.8286, 0.6929], Current Cost = 86347.00, Rho = 0.620
(iter 342) [0.0, 0.8286, 0.6929] = 456.2666, sampling [1.0, 0.4454, -0.5939]. Recommendation = [0.0, 0.8286, 0.6929], Current Cost = 87347.00, Rho = 0.620
(iter 342) [0.0, 0.8286, 0.6929] = 456.2666, sampling [1.0, -0.1191, -0.6142]. Recommendation = [0.0, 0.8286, 0.6929], Current Cost = 87348.00, Rho = 0.620
(iter 342) [0.0, 0.8286, 0.6929] = 456.2666, sampling [0.0, -1.3165, 1.5252]. Recommendation = [0.0, 0.8286, 0.6929], Current Cost = 87349.00, Rho = 0.620
(iter 342) [0.0, 0.8286, 0.6929] = 456.2666, sampling [0.0, -0.1454, -0.2234]. Recommendation = [0.0, 0.8286, 0.6929], Current Cost = 88349.00, Rho = 0.620
(iter 342) [0.0, 0.8286, 0.6929] = 456.2666, sampling [0.0, 0.6146, 0.5929]. Recommendation = [0.0, 0.8286, 0.6929], Current Cost = 89349.00, Rho = 0.620
(iter 342) [0.0, 0.8286, 0.6929] = 456.2666, sampling [0.0, -0.8347, 0.4389]. Recommendation = [0.0, 0.8286, 0.6929], Current Cost = 90349.00, Rho = 0.620
(iter 342) [0.0, 0.8286, 0.6929] = 456.2666, sampling [1.0, -0.8983, 0.1401]. Recommendation = [0.0, 0.8286, 0.6929], Current Cost = 91349.00, Rho = 0.620
(iter 342) [0.0, 0.8286, 0.6929] = 456.2666, sampling [0.0, 0.3313, -0.1329]. Recommendation = [0.0, 0.8286, 0.6929], Current Cost = 91350.00, Rho = 0.620
(iter 342) [0.0, 0.8286, 0.6929] = 456.2666, sampling [0.0, -0.1335, -0.0519]. Recommendation = [0.0, 0.8286, 0.6929], Current Cost = 92350.00, Rho = 0.620
(iter 342) [0.0, 0.8286, 0.6929] = 456.2666, sampling [0.0, -1.2948, 1.7365]. Recommendation = [0.0, 0.8286, 0.6929], Current Cost = 93350.00, Rho = 0.620
(iter 342) [0.0, 0.8286, 0.6929] = 456.2666, sampling [0.0, -0.7150, 0.7545]. Recommendation = [0.0, 0.8286, 0.6929], Current Cost = 94350.00, Rho = 0.620
(iter 342) [0.0, 0.8286, 0.6929] = 456.2666, sampling [0.0, 1.3455, 1.3941]. Recommendation = [0.0, 0.8286, 0.6929], Current Cost = 95350.00, Rho = 0.620
(iter 342) [0.0, 0.8286, 0.6929] = 456.2666, sampling [0.0, 0.5211, 0.1059]. Recommendation = [0.0, 0.8286, 0.6929], Current Cost = 96350.00, Rho = 0.620
(iter 342) [0.0, 0.8286, 0.6929] = 456.2666, sampling [0.0, -0.5842, 0.5790]. Recommendation = [0.0, 0.8286, 0.6929], Current Cost = 97350.00, Rho = 0.620
(iter 342) [0.0, 0.8286, 0.6929] = 456.2666, sampling [0.0, -1.5319, 1.7651]. Recommendation = [0.0, 0.8286, 0.6929], Current Cost = 98350.00, Rho = 0.620
(iter 342) [0.0, 0.8286, 0.6929] = 456.2666, sampling [0.0, 0.7280, 0.1519]. Recommendation = [0.0, 0.8286, 0.6929], Current Cost = 99350.00, Rho = 0.620
