(iter 20) CsPbBrClI_THTO_0 = 10.1378, sampling MAPbIII_THTO_1. Recommendation = CsPbBrClI_THTO_0, Current Cost = 70.00, Rho = 0.603
(iter 20) CsPbBrClI_THTO_0 = 10.1378, sampling FAPbIII_THTO_1. Recommendation = CsPbBrClI_THTO_0, Current Cost = 71.00, Rho = 0.603
(iter 20) CsPbBrClI_THTO_0 = 10.1378, sampling FAPbIII_THTO_0. Recommendation = FAPbIII_THTO_0, Current Cost = 72.00, Rho = 0.603
(iter 22) FAPbIII_THTO_0 = 11.2683, sampling CsPbIII_THTO_0. Recommendation = FAPbIII_THTO_0, Current Cost = 78.00, Rho = 0.603
(iter 22) FAPbIII_THTO_0 = 11.2683, sampling FAPbBrII_THTO_1. Recommendation = FAPbIII_THTO_0, Current Cost = 84.00, Rho = 0.603
(iter 22) FAPbIII_THTO_0 = 11.2683, sampling MAPbBrII_THTO_1. Recommendation = FAPbIII_THTO_0, Current Cost = 85.00, Rho = 0.603
(iter 22) FAPbIII_THTO_0 = 11.2683, sampling MAPbBrII_THTO_0. Recommendation = FAPbIII_THTO_0, Current Cost = 86.00, Rho = 0.603
(iter 22) FAPbIII_THTO_0 = 11.2683, sampling MAPbClII_THTO_1. Recommendation = FAPbIII_THTO_0, Current Cost = 92.00, Rho = 0.603
(iter 22) FAPbIII_THTO_0 = 11.2683, sampling MAPbClII_THTO_0. Recommendation = FAPbIII_THTO_0, Current Cost = 93.00, Rho = 0.603
(iter 22) FAPbIII_THTO_0 = 11.2683, sampling FAPbClII_THTO_1. Recommendation = FAPbIII_THTO_0, Current Cost = 99.00, Rho = 0.603
(iter 22) FAPbIII_THTO_0 = 11.2683, sampling MAPbBrBrI_THTO_1. Recommendation = FAPbIII_THTO_0, Current Cost = 100.00, Rho = 0.603
(iter 22) FAPbIII_THTO_0 = 11.2683, sampling MAPbClClI_THTO_1. Recommendation = FAPbIII_THTO_0, Current Cost = 101.00, Rho = 0.603
(iter 22) FAPbIII_THTO_0 = 11.2683, sampling MAPbBrClI_THTO_1. Recommendation = FAPbIII_THTO_0, Current Cost = 102.00, Rho = 0.603
(iter 22) FAPbIII_THTO_0 = 11.2683, sampling MAPbBrBrBr_THTO_1. Recommendation = FAPbIII_THTO_0, Current Cost = 103.00, Rho = 0.603
(iter 22) FAPbIII_THTO_0 = 11.2683, sampling MAPbBrBrCl_THTO_1. Recommendation = FAPbIII_THTO_0, Current Cost = 104.00, Rho = 0.603
(iter 22) FAPbIII_THTO_0 = 11.2683, sampling FAPbBrBrI_THTO_1. Recommendation = FAPbIII_THTO_0, Current Cost = 105.00, Rho = 0.603
(iter 22) FAPbIII_THTO_0 = 11.2683, sampling MAPbClClCl_THTO_1. Recommendation = FAPbIII_THTO_0, Current Cost = 106.00, Rho = 0.603
(iter 22) FAPbIII_THTO_0 = 11.2683, sampling MAPbBrClCl_THTO_1. Recommendation = FAPbIII_THTO_0, Current Cost = 107.00, Rho = 0.603
(iter 22) FAPbIII_THTO_0 = 11.2683, sampling FAPbClClI_THTO_1. Recommendation = FAPbIII_THTO_0, Current Cost = 108.00, Rho = 0.603
(iter 22) FAPbIII_THTO_0 = 11.2683, sampling FAPbBrClI_THTO_1. Recommendation = FAPbIII_THTO_0, Current Cost = 109.00, Rho = 0.603
(iter 22) FAPbIII_THTO_0 = 11.2683, sampling CsPbClII_THTO_1. Recommendation = FAPbIII_THTO_0, Current Cost = 110.00, Rho = 0.603
(iter 22) FAPbIII_THTO_0 = 11.2683, sampling FAPbBrBrCl_THTO_1. Recommendation = FAPbIII_THTO_0, Current Cost = 111.00, Rho = 0.603
(iter 22) FAPbIII_THTO_0 = 11.2683, sampling FAPbBrClCl_THTO_1. Recommendation = FAPbIII_THTO_0, Current Cost = 112.00, Rho = 0.603
(iter 22) FAPbIII_THTO_0 = 11.2683, sampling CsPbBrBrI_THTO_1. Recommendation = FAPbIII_THTO_0, Current Cost = 113.00, Rho = 0.603
(iter 22) FAPbIII_THTO_0 = 11.2683, sampling CsPbBrII_THTO_1. Recommendation = FAPbIII_THTO_0, Current Cost = 114.00, Rho = 0.603
(iter 22) FAPbIII_THTO_0 = 11.2683, sampling FAPbClClCl_THTO_1. Recommendation = FAPbIII_THTO_0, Current Cost = 115.00, Rho = 0.603
(iter 22) FAPbIII_THTO_0 = 11.2683, sampling CsPbBrBrBr_THTO_1. Recommendation = FAPbIII_THTO_0, Current Cost = 116.00, Rho = 0.603
(iter 22) FAPbIII_THTO_0 = 11.2683, sampling CsPbBrBrCl_THTO_1. Recommendation = FAPbIII_THTO_0, Current Cost = 117.00, Rho = 0.603
(iter 22) FAPbIII_THTO_0 = 11.2683, sampling CsPbClClI_THTO_1. Recommendation = FAPbIII_THTO_0, Current Cost = 118.00, Rho = 0.603
(iter 22) FAPbIII_THTO_0 = 11.2683, sampling CsPbClClCl_THTO_1. Recommendation = FAPbIII_THTO_0, Current Cost = 119.00, Rho = 0.603
(iter 22) FAPbIII_THTO_0 = 11.2683, sampling CsPbBrClCl_THTO_1. Recommendation = FAPbIII_THTO_0, Current Cost = 120.00, Rho = 0.603
(iter 22) FAPbIII_THTO_0 = 11.2683, sampling FAPbBrBrCl_THTO_0. Recommendation = FAPbIII_THTO_0, Current Cost = 121.00, Rho = 0.603
(iter 51) FAPbBrBrCl_THTO_0 = 11.5203, sampling MAPbBrClI_THTO_0. Recommendation = FAPbBrBrCl_THTO_0, Current Cost = 127.00, Rho = 0.603
(iter 51) FAPbBrBrCl_THTO_0 = 11.5203, sampling MAPbClClI_THTO_0. Recommendation = FAPbBrBrCl_THTO_0, Current Cost = 133.00, Rho = 0.603
(iter 51) FAPbBrBrCl_THTO_0 = 11.5203, sampling MAPbBrBrI_THTO_0. Recommendation = FAPbBrBrCl_THTO_0, Current Cost = 139.00, Rho = 0.603
(iter 51) FAPbBrBrCl_THTO_0 = 11.5203, sampling MAPbClClCl_THTO_0. Recommendation = FAPbBrBrCl_THTO_0, Current Cost = 145.00, Rho = 0.603
(iter 51) FAPbBrBrCl_THTO_0 = 11.5203, sampling MAPbBrClCl_THTO_0. Recommendation = FAPbBrBrCl_THTO_0, Current Cost = 151.00, Rho = 0.603
(iter 51) FAPbBrBrCl_THTO_0 = 11.5203, sampling MAPbBrBrCl_THTO_0. Recommendation = FAPbBrBrCl_THTO_0, Current Cost = 157.00, Rho = 0.603
(iter 51) FAPbBrBrCl_THTO_0 = 11.5203, sampling MAPbBrBrBr_THTO_0. Recommendation = FAPbBrBrCl_THTO_0, Current Cost = 163.00, Rho = 0.603
(iter 51) FAPbBrBrCl_THTO_0 = 11.5203, sampling FAPbClClI_THTO_0. Recommendation = FAPbBrBrCl_THTO_0, Current Cost = 169.00, Rho = 0.603
(iter 51) FAPbBrBrCl_THTO_0 = 11.5203, sampling FAPbBrBrI_THTO_0. Recommendation = FAPbBrBrCl_THTO_0, Current Cost = 175.00, Rho = 0.603
(iter 51) FAPbBrBrCl_THTO_0 = 11.5203, sampling CsPbBrBrI_THTO_0. Recommendation = FAPbBrBrCl_THTO_0, Current Cost = 181.00, Rho = 0.603
(iter 51) FAPbBrBrCl_THTO_0 = 11.5203, sampling CsPbClClI_THTO_0. Recommendation = FAPbBrBrCl_THTO_0, Current Cost = 187.00, Rho = 0.603
(iter 51) FAPbBrBrCl_THTO_0 = 11.5203, sampling FAPbClII_THTO_0. Recommendation = FAPbBrBrCl_THTO_0, Current Cost = 193.00, Rho = 0.603
(iter 51) FAPbBrBrCl_THTO_0 = 11.5203, sampling MAPbIII_THTO_0. Recommendation = FAPbBrBrCl_THTO_0, Current Cost = 199.00, Rho = 0.603
(iter 51) FAPbBrBrCl_THTO_0 = 11.5203, sampling CsPbBrBrBr_THTO_0. Recommendation = FAPbBrBrCl_THTO_0, Current Cost = 205.00, Rho = 0.603
(iter 51) FAPbBrBrCl_THTO_0 = 11.5203, sampling CsPbBrClCl_THTO_0. Recommendation = FAPbBrBrCl_THTO_0, Current Cost = 211.00, Rho = 0.603
(iter 51) FAPbBrBrCl_THTO_0 = 11.5203, sampling FAPbBrClI_THTO_0. Recommendation = FAPbBrBrCl_THTO_0, Current Cost = 217.00, Rho = 0.603
(iter 51) FAPbBrBrCl_THTO_0 = 11.5203, sampling CsPbClII_THTO_0. Recommendation = FAPbBrBrCl_THTO_0, Current Cost = 223.00, Rho = 0.603
(iter 51) FAPbBrBrCl_THTO_0 = 11.5203, sampling FAPbClClCl_THTO_0. Recommendation = FAPbBrBrCl_THTO_0, Current Cost = 229.00, Rho = 0.603
(iter 51) FAPbBrBrCl_THTO_0 = 11.5203, sampling MAPbIII_GBL_0. Recommendation = FAPbBrBrCl_THTO_0, Current Cost = 235.00, Rho = 0.603
(iter 51) FAPbBrBrCl_THTO_0 = 11.5203, sampling FAPbBrII_THTO_0. Recommendation = FAPbBrBrCl_THTO_0, Current Cost = 241.00, Rho = 0.603
(iter 51) FAPbBrBrCl_THTO_0 = 11.5203, sampling CsPbBrII_THTO_0. Recommendation = FAPbBrBrCl_THTO_0, Current Cost = 247.00, Rho = 0.603
(iter 51) FAPbBrBrCl_THTO_0 = 11.5203, sampling CsPbBrBrCl_THTO_0. Recommendation = FAPbBrBrCl_THTO_0, Current Cost = 253.00, Rho = 0.603
(iter 51) FAPbBrBrCl_THTO_0 = 11.5203, sampling CsPbClClCl_THTO_0. Recommendation = FAPbBrBrCl_THTO_0, Current Cost = 259.00, Rho = 0.603
(iter 51) FAPbBrBrCl_THTO_0 = 11.5203, sampling MAPbBrBrI_MCR_0. Recommendation = FAPbBrBrCl_THTO_0, Current Cost = 265.00, Rho = 0.603
(iter 51) FAPbBrBrCl_THTO_0 = 11.5203, sampling MAPbBrBrBr_MCR_0. Recommendation = FAPbBrBrCl_THTO_0, Current Cost = 271.00, Rho = 0.603
(iter 51) FAPbBrBrCl_THTO_0 = 11.5203, sampling MAPbBrBrI_DMSO_0. Recommendation = FAPbBrBrCl_THTO_0, Current Cost = 277.00, Rho = 0.603
(iter 51) FAPbBrBrCl_THTO_0 = 11.5203, sampling MAPbIII_DMSO_0. Recommendation = FAPbBrBrCl_THTO_0, Current Cost = 283.00, Rho = 0.603
(iter 51) FAPbBrBrCl_THTO_0 = 11.5203, sampling MAPbBrClI_DMSO_0. Recommendation = FAPbBrBrCl_THTO_0, Current Cost = 289.00, Rho = 0.603
(iter 51) FAPbBrBrCl_THTO_0 = 11.5203, sampling MAPbClClI_DMSO_0. Recommendation = FAPbBrBrCl_THTO_0, Current Cost = 295.00, Rho = 0.603
(iter 51) FAPbBrBrCl_THTO_0 = 11.5203, sampling MAPbClII_DMSO_0. Recommendation = FAPbBrBrCl_THTO_0, Current Cost = 301.00, Rho = 0.603
(iter 51) FAPbBrBrCl_THTO_0 = 11.5203, sampling MAPbBrII_DMSO_0. Recommendation = FAPbBrBrCl_THTO_0, Current Cost = 307.00, Rho = 0.603
(iter 51) FAPbBrBrCl_THTO_0 = 11.5203, sampling MAPbBrBrCl_DMSO_0. Recommendation = FAPbBrBrCl_THTO_0, Current Cost = 313.00, Rho = 0.603
(iter 51) FAPbBrBrCl_THTO_0 = 11.5203, sampling MAPbClClCl_DMSO_0. Recommendation = FAPbBrBrCl_THTO_0, Current Cost = 319.00, Rho = 0.603
(iter 51) FAPbBrBrCl_THTO_0 = 11.5203, sampling MAPbBrClCl_DMSO_1. Recommendation = FAPbBrBrCl_THTO_0, Current Cost = 325.00, Rho = 0.603
(iter 51) FAPbBrBrCl_THTO_0 = 11.5203, sampling MAPbBrBrBr_DMSO_1. Recommendation = FAPbBrBrCl_THTO_0, Current Cost = 326.00, Rho = 0.603
(iter 51) FAPbBrBrCl_THTO_0 = 11.5203, sampling FAPbBrBrI_DMSO_1. Recommendation = FAPbBrBrCl_THTO_0, Current Cost = 327.00, Rho = 0.603
(iter 51) FAPbBrBrCl_THTO_0 = 11.5203, sampling FAPbClClI_DMSO_1. Recommendation = FAPbBrBrCl_THTO_0, Current Cost = 328.00, Rho = 0.603
(iter 51) FAPbBrBrCl_THTO_0 = 11.5203, sampling FAPbBrBrCl_DMSO_1. Recommendation = FAPbBrBrCl_THTO_0, Current Cost = 329.00, Rho = 0.603
(iter 51) FAPbBrBrCl_THTO_0 = 11.5203, sampling FAPbBrClI_DMSO_1. Recommendation = FAPbBrBrCl_THTO_0, Current Cost = 330.00, Rho = 0.603
(iter 51) FAPbBrBrCl_THTO_0 = 11.5203, sampling FAPbIII_DMSO_1. Recommendation = FAPbBrBrCl_THTO_0, Current Cost = 331.00, Rho = 0.603
(iter 51) FAPbBrBrCl_THTO_0 = 11.5203, sampling FAPbClClCl_DMSO_1. Recommendation = FAPbBrBrCl_THTO_0, Current Cost = 332.00, Rho = 0.603
(iter 51) FAPbBrBrCl_THTO_0 = 11.5203, sampling CsPbBrBrI_DMSO_1. Recommendation = FAPbBrBrCl_THTO_0, Current Cost = 333.00, Rho = 0.603
(iter 51) FAPbBrBrCl_THTO_0 = 11.5203, sampling FAPbBrClCl_DMSO_1. Recommendation = FAPbBrBrCl_THTO_0, Current Cost = 334.00, Rho = 0.603
(iter 51) FAPbBrBrCl_THTO_0 = 11.5203, sampling CsPbBrBrCl_DMSO_1. Recommendation = FAPbBrBrCl_THTO_0, Current Cost = 335.00, Rho = 0.603
(iter 51) FAPbBrBrCl_THTO_0 = 11.5203, sampling FAPbBrII_DMSO_1. Recommendation = FAPbBrBrCl_THTO_0, Current Cost = 336.00, Rho = 0.603
(iter 51) FAPbBrBrCl_THTO_0 = 11.5203, sampling FAPbClII_DMSO_1. Recommendation = FAPbBrBrCl_THTO_0, Current Cost = 337.00, Rho = 0.603
(iter 51) FAPbBrBrCl_THTO_0 = 11.5203, sampling FAPbBrBrBr_DMSO_1. Recommendation = FAPbBrBrCl_THTO_0, Current Cost = 338.00, Rho = 0.603
(iter 51) FAPbBrBrCl_THTO_0 = 11.5203, sampling CsPbBrClI_DMSO_1. Recommendation = FAPbBrBrCl_THTO_0, Current Cost = 339.00, Rho = 0.603
(iter 51) FAPbBrBrCl_THTO_0 = 11.5203, sampling CsPbClClI_DMSO_1. Recommendation = FAPbBrBrCl_THTO_0, Current Cost = 340.00, Rho = 0.603
(iter 51) FAPbBrBrCl_THTO_0 = 11.5203, sampling CsPbIII_DMSO_1. Recommendation = FAPbBrBrCl_THTO_0, Current Cost = 341.00, Rho = 0.603
(iter 51) FAPbBrBrCl_THTO_0 = 11.5203, sampling CsPbClClCl_DMSO_1. Recommendation = FAPbBrBrCl_THTO_0, Current Cost = 342.00, Rho = 0.603
(iter 51) FAPbBrBrCl_THTO_0 = 11.5203, sampling CsPbBrClCl_DMSO_1. Recommendation = FAPbBrBrCl_THTO_0, Current Cost = 343.00, Rho = 0.603
(iter 51) FAPbBrBrCl_THTO_0 = 11.5203, sampling CsPbClII_DMSO_1. Recommendation = FAPbBrBrCl_THTO_0, Current Cost = 344.00, Rho = 0.603
(iter 51) FAPbBrBrCl_THTO_0 = 11.5203, sampling CsPbBrII_DMSO_1. Recommendation = FAPbBrBrCl_THTO_0, Current Cost = 345.00, Rho = 0.603
(iter 51) FAPbBrBrCl_THTO_0 = 11.5203, sampling CsPbBrBrBr_DMSO_1. Recommendation = FAPbBrBrCl_THTO_0, Current Cost = 346.00, Rho = 0.603
(iter 51) FAPbBrBrCl_THTO_0 = 11.5203, sampling FAPbBrClCl_DMSO_0. Recommendation = FAPbBrBrCl_THTO_0, Current Cost = 347.00, Rho = 0.603
(iter 51) FAPbBrBrCl_THTO_0 = 11.5203, sampling MAPbBrClCl_DMSO_0. Recommendation = FAPbBrBrCl_THTO_0, Current Cost = 353.00, Rho = 0.603
(iter 51) FAPbBrBrCl_THTO_0 = 11.5203, sampling MAPbBrBrBr_DMSO_0. Recommendation = FAPbBrBrCl_THTO_0, Current Cost = 359.00, Rho = 0.603
(iter 51) FAPbBrBrCl_THTO_0 = 11.5203, sampling CsPbBrII_DMSO_0. Recommendation = FAPbBrBrCl_THTO_0, Current Cost = 365.00, Rho = 0.603
(iter 51) FAPbBrBrCl_THTO_0 = 11.5203, sampling CsPbIII_DMSO_0. Recommendation = FAPbBrBrCl_THTO_0, Current Cost = 371.00, Rho = 0.603
(iter 51) FAPbBrBrCl_THTO_0 = 11.5203, sampling CsPbClII_DMSO_0. Recommendation = FAPbBrBrCl_THTO_0, Current Cost = 377.00, Rho = 0.603
(iter 51) FAPbBrBrCl_THTO_0 = 11.5203, sampling FAPbBrBrBr_DMSO_0. Recommendation = FAPbBrBrCl_THTO_0, Current Cost = 383.00, Rho = 0.603
(iter 51) FAPbBrBrCl_THTO_0 = 11.5203, sampling CsPbClClCl_DMSO_0. Recommendation = FAPbBrBrCl_THTO_0, Current Cost = 389.00, Rho = 0.603
(iter 51) FAPbBrBrCl_THTO_0 = 11.5203, sampling CsPbBrBrI_DMSO_0. Recommendation = FAPbBrBrCl_THTO_0, Current Cost = 395.00, Rho = 0.603
(iter 51) FAPbBrBrCl_THTO_0 = 11.5203, sampling CsPbClClI_DMSO_0. Recommendation = FAPbBrBrCl_THTO_0, Current Cost = 401.00, Rho = 0.603
(iter 51) FAPbBrBrCl_THTO_0 = 11.5203, sampling CsPbBrClCl_DMSO_0. Recommendation = FAPbBrBrCl_THTO_0, Current Cost = 407.00, Rho = 0.603
(iter 51) FAPbBrBrCl_THTO_0 = 11.5203, sampling FAPbClII_DMSO_0. Recommendation = FAPbBrBrCl_THTO_0, Current Cost = 413.00, Rho = 0.603
(iter 51) FAPbBrBrCl_THTO_0 = 11.5203, sampling CsPbBrClI_DMSO_0. Recommendation = FAPbBrBrCl_THTO_0, Current Cost = 419.00, Rho = 0.603
(iter 51) FAPbBrBrCl_THTO_0 = 11.5203, sampling CsPbBrBrBr_DMSO_0. Recommendation = FAPbBrBrCl_THTO_0, Current Cost = 425.00, Rho = 0.603
(iter 51) FAPbBrBrCl_THTO_0 = 11.5203, sampling FAPbClClCl_DMSO_0. Recommendation = FAPbBrBrCl_THTO_0, Current Cost = 431.00, Rho = 0.603
(iter 51) FAPbBrBrCl_THTO_0 = 11.5203, sampling FAPbBrII_DMSO_0. Recommendation = FAPbBrBrCl_THTO_0, Current Cost = 437.00, Rho = 0.603
(iter 51) FAPbBrBrCl_THTO_0 = 11.5203, sampling FAPbIII_DMSO_0. Recommendation = FAPbBrBrCl_THTO_0, Current Cost = 443.00, Rho = 0.603
(iter 51) FAPbBrBrCl_THTO_0 = 11.5203, sampling MAPbClClCl_CHCl3_0. Recommendation = FAPbBrBrCl_THTO_0, Current Cost = 449.00, Rho = 0.603
(iter 51) FAPbBrBrCl_THTO_0 = 11.5203, sampling CsPbBrBrCl_DMSO_0. Recommendation = FAPbBrBrCl_THTO_0, Current Cost = 455.00, Rho = 0.603
(iter 51) FAPbBrBrCl_THTO_0 = 11.5203, sampling FAPbBrBrCl_DMSO_0. Recommendation = FAPbBrBrCl_THTO_0, Current Cost = 461.00, Rho = 0.603
(iter 51) FAPbBrBrCl_THTO_0 = 11.5203, sampling FAPbBrBrI_DMSO_0. Recommendation = FAPbBrBrCl_THTO_0, Current Cost = 467.00, Rho = 0.603
(iter 51) FAPbBrBrCl_THTO_0 = 11.5203, sampling MAPbBrBrI_H2O_0. Recommendation = FAPbBrBrCl_THTO_0, Current Cost = 473.00, Rho = 0.603
(iter 51) FAPbBrBrCl_THTO_0 = 11.5203, sampling FAPbBrClCl_THTO_0. Recommendation = FAPbBrBrCl_THTO_0, Current Cost = 479.00, Rho = 0.603
(iter 51) FAPbBrBrCl_THTO_0 = 11.5203, sampling FAPbBrClI_DMSO_0. Recommendation = FAPbBrBrCl_THTO_0, Current Cost = 485.00, Rho = 0.603
(iter 51) FAPbBrBrCl_THTO_0 = 11.5203, sampling MAPbBrBrI_ETH_0. Recommendation = FAPbBrBrCl_THTO_0, Current Cost = 491.00, Rho = 0.603
(iter 51) FAPbBrBrCl_THTO_0 = 11.5203, sampling FAPbClClI_DMSO_0. Recommendation = FAPbBrBrCl_THTO_0, Current Cost = 497.00, Rho = 0.603
(iter 51) FAPbBrBrCl_THTO_0 = 11.5203, sampling MAPbBrClCl_NM_0. Recommendation = FAPbBrBrCl_THTO_0, Current Cost = 503.00, Rho = 0.603
(iter 51) FAPbBrBrCl_THTO_0 = 11.5203, sampling MAPbIII_ACE_0. Recommendation = FAPbBrBrCl_THTO_0, Current Cost = 509.00, Rho = 0.603
(iter 51) FAPbBrBrCl_THTO_0 = 11.5203, sampling MAPbIII_CH3OH_0. Recommendation = FAPbBrBrCl_THTO_0, Current Cost = 515.00, Rho = 0.603
(iter 51) FAPbBrBrCl_THTO_0 = 11.5203, sampling MAPbBrClCl_MCR_0. Recommendation = FAPbBrBrCl_THTO_0, Current Cost = 521.00, Rho = 0.603
(iter 51) FAPbBrBrCl_THTO_0 = 11.5203, sampling MAPbBrBrI_DMA_0. Recommendation = FAPbBrBrCl_THTO_0, Current Cost = 527.00, Rho = 0.603
(iter 51) FAPbBrBrCl_THTO_0 = 11.5203, sampling MAPbBrClI_DMA_0. Recommendation = FAPbBrBrCl_THTO_0, Current Cost = 533.00, Rho = 0.603
(iter 51) FAPbBrBrCl_THTO_0 = 11.5203, sampling MAPbBrBrCl_DMA_0. Recommendation = FAPbBrBrCl_THTO_0, Current Cost = 539.00, Rho = 0.603
(iter 51) FAPbBrBrCl_THTO_0 = 11.5203, sampling MAPbClClI_DMA_0. Recommendation = FAPbBrBrCl_THTO_0, Current Cost = 545.00, Rho = 0.603
(iter 51) FAPbBrBrCl_THTO_0 = 11.5203, sampling MAPbIII_DMA_0. Recommendation = FAPbBrBrCl_THTO_0, Current Cost = 551.00, Rho = 0.603
(iter 51) FAPbBrBrCl_THTO_0 = 11.5203, sampling MAPbBrBrBr_DMA_0. Recommendation = FAPbBrBrCl_THTO_0, Current Cost = 557.00, Rho = 0.603
(iter 51) FAPbBrBrCl_THTO_0 = 11.5203, sampling MAPbBrClCl_DMA_0. Recommendation = FAPbBrBrCl_THTO_0, Current Cost = 563.00, Rho = 0.603
(iter 51) FAPbBrBrCl_THTO_0 = 11.5203, sampling MAPbBrII_DMA_0. Recommendation = FAPbBrBrCl_THTO_0, Current Cost = 569.00, Rho = 0.603
(iter 51) FAPbBrBrCl_THTO_0 = 11.5203, sampling MAPbClII_DMA_0. Recommendation = FAPbBrBrCl_THTO_0, Current Cost = 575.00, Rho = 0.603
(iter 51) FAPbBrBrCl_THTO_0 = 11.5203, sampling MAPbClClCl_DMA_0. Recommendation = FAPbBrBrCl_THTO_0, Current Cost = 581.00, Rho = 0.603
(iter 51) FAPbBrBrCl_THTO_0 = 11.5203, sampling CsPbBrBrI_DMA_0. Recommendation = FAPbBrBrCl_THTO_0, Current Cost = 587.00, Rho = 0.603
(iter 51) FAPbBrBrCl_THTO_0 = 11.5203, sampling FAPbBrBrI_DMA_0. Recommendation = FAPbBrBrCl_THTO_0, Current Cost = 593.00, Rho = 0.603
(iter 51) FAPbBrBrCl_THTO_0 = 11.5203, sampling CsPbClClI_DMA_0. Recommendation = FAPbBrBrCl_THTO_0, Current Cost = 599.00, Rho = 0.603
(iter 51) FAPbBrBrCl_THTO_0 = 11.5203, sampling FAPbClClI_DMA_0. Recommendation = FAPbBrBrCl_THTO_0, Current Cost = 605.00, Rho = 0.603
(iter 51) FAPbBrBrCl_THTO_0 = 11.5203, sampling CsPbBrBrCl_DMA_0. Recommendation = FAPbBrBrCl_THTO_0, Current Cost = 611.00, Rho = 0.603
(iter 51) FAPbBrBrCl_THTO_0 = 11.5203, sampling CsPbIII_DMA_0. Recommendation = FAPbBrBrCl_THTO_0, Current Cost = 617.00, Rho = 0.603
(iter 51) FAPbBrBrCl_THTO_0 = 11.5203, sampling CsPbBrClI_DMA_0. Recommendation = FAPbBrBrCl_THTO_0, Current Cost = 623.00, Rho = 0.603
(iter 153) CsPbBrClI_DMA_0 = 12.9686, sampling CsPbBrClCl_DMA_0. Recommendation = CsPbBrClI_DMA_0, Current Cost = 629.00, Rho = 0.603
