(iter 20) FAPbBrBrCl_THTO_0 = 11.5203, sampling FAPbBrClCl_GBL_1. Recommendation = FAPbBrBrCl_THTO_0, Current Cost = 70.00, Rho = 0.933
(iter 20) FAPbBrBrCl_THTO_0 = 11.5203, sampling FAPbClClCl_H2O_1. Recommendation = FAPbBrBrCl_THTO_0, Current Cost = 71.00, Rho = 0.933
(iter 20) FAPbBrBrCl_THTO_0 = 11.5203, sampling FAPbBrClCl_THTO_1. Recommendation = FAPbBrBrCl_THTO_0, Current Cost = 72.00, Rho = 0.933
(iter 20) FAPbBrBrCl_THTO_0 = 11.5203, sampling MAPbClII_CHCl3_1. Recommendation = FAPbBrBrCl_THTO_0, Current Cost = 73.00, Rho = 0.933
(iter 20) FAPbBrBrCl_THTO_0 = 11.5203, sampling MAPbClII_IPA_1. Recommendation = FAPbBrBrCl_THTO_0, Current Cost = 74.00, Rho = 0.933
(iter 20) FAPbBrBrCl_THTO_0 = 11.5203, sampling MAPbClII_PYR_1. Recommendation = FAPbBrBrCl_THTO_0, Current Cost = 75.00, Rho = 0.933
(iter 20) FAPbBrBrCl_THTO_0 = 11.5203, sampling MAPbBrBrI_MCR_1. Recommendation = FAPbBrBrCl_THTO_0, Current Cost = 76.00, Rho = 0.933
(iter 20) FAPbBrBrCl_THTO_0 = 11.5203, sampling MAPbClII_ACE_1. Recommendation = FAPbBrBrCl_THTO_0, Current Cost = 77.00, Rho = 0.933
(iter 20) FAPbBrBrCl_THTO_0 = 11.5203, sampling MAPbIII_THTO_1. Recommendation = FAPbBrBrCl_THTO_0, Current Cost = 78.00, Rho = 0.933
(iter 20) FAPbBrBrCl_THTO_0 = 11.5203, sampling CsPbClII_THTO_1. Recommendation = FAPbBrBrCl_THTO_0, Current Cost = 79.00, Rho = 0.933
(iter 20) FAPbBrBrCl_THTO_0 = 11.5203, sampling MAPbBrBrCl_DMSO_1. Recommendation = FAPbBrBrCl_THTO_0, Current Cost = 80.00, Rho = 0.933
(iter 20) FAPbBrBrCl_THTO_0 = 11.5203, sampling MAPbClClCl_DMSO_1. Recommendation = FAPbBrBrCl_THTO_0, Current Cost = 81.00, Rho = 0.933
(iter 20) FAPbBrBrCl_THTO_0 = 11.5203, sampling MAPbIII_DMSO_1. Recommendation = FAPbBrBrCl_THTO_0, Current Cost = 82.00, Rho = 0.933
(iter 20) FAPbBrBrCl_THTO_0 = 11.5203, sampling MAPbBrBrBr_DMSO_1. Recommendation = FAPbBrBrCl_THTO_0, Current Cost = 83.00, Rho = 0.933
(iter 20) FAPbBrBrCl_THTO_0 = 11.5203, sampling MAPbClII_DMSO_1. Recommendation = FAPbBrBrCl_THTO_0, Current Cost = 84.00, Rho = 0.933
(iter 20) FAPbBrBrCl_THTO_0 = 11.5203, sampling FAPbClClCl_DMSO_1. Recommendation = FAPbBrBrCl_THTO_0, Current Cost = 85.00, Rho = 0.933
(iter 20) FAPbBrBrCl_THTO_0 = 11.5203, sampling MAPbBrBrI_DMSO_1. Recommendation = FAPbBrBrCl_THTO_0, Current Cost = 86.00, Rho = 0.933
(iter 20) FAPbBrBrCl_THTO_0 = 11.5203, sampling MAPbBrII_DMSO_1. Recommendation = FAPbBrBrCl_THTO_0, Current Cost = 87.00, Rho = 0.933
(iter 20) FAPbBrBrCl_THTO_0 = 11.5203, sampling FAPbIII_DMSO_1. Recommendation = FAPbBrBrCl_THTO_0, Current Cost = 88.00, Rho = 0.933
(iter 20) FAPbBrBrCl_THTO_0 = 11.5203, sampling MAPbBrClCl_DMSO_1. Recommendation = FAPbBrBrCl_THTO_0, Current Cost = 89.00, Rho = 0.933
(iter 20) FAPbBrBrCl_THTO_0 = 11.5203, sampling MAPbBrClI_DMSO_1. Recommendation = FAPbBrBrCl_THTO_0, Current Cost = 90.00, Rho = 0.933
(iter 20) FAPbBrBrCl_THTO_0 = 11.5203, sampling MAPbClClI_DMSO_1. Recommendation = FAPbBrBrCl_THTO_0, Current Cost = 91.00, Rho = 0.933
(iter 20) FAPbBrBrCl_THTO_0 = 11.5203, sampling FAPbBrBrCl_DMSO_1. Recommendation = FAPbBrBrCl_THTO_0, Current Cost = 92.00, Rho = 0.933
(iter 20) FAPbBrBrCl_THTO_0 = 11.5203, sampling MAPbBrBrI_THTO_1. Recommendation = FAPbBrBrCl_THTO_0, Current Cost = 93.00, Rho = 0.933
(iter 20) FAPbBrBrCl_THTO_0 = 11.5203, sampling MAPbBrBrBr_THTO_1. Recommendation = FAPbBrBrCl_THTO_0, Current Cost = 94.00, Rho = 0.933
(iter 20) FAPbBrBrCl_THTO_0 = 11.5203, sampling MAPbBrBrCl_THTO_1. Recommendation = FAPbBrBrCl_THTO_0, Current Cost = 95.00, Rho = 0.933
(iter 20) FAPbBrBrCl_THTO_0 = 11.5203, sampling MAPbBrClI_THTO_1. Recommendation = FAPbBrBrCl_THTO_0, Current Cost = 96.00, Rho = 0.933
(iter 20) FAPbBrBrCl_THTO_0 = 11.5203, sampling MAPbClClI_THTO_1. Recommendation = FAPbBrBrCl_THTO_0, Current Cost = 97.00, Rho = 0.933
(iter 20) FAPbBrBrCl_THTO_0 = 11.5203, sampling MAPbBrII_THTO_1. Recommendation = FAPbBrBrCl_THTO_0, Current Cost = 98.00, Rho = 0.933
(iter 20) FAPbBrBrCl_THTO_0 = 11.5203, sampling MAPbBrClCl_THTO_1. Recommendation = FAPbBrBrCl_THTO_0, Current Cost = 99.00, Rho = 0.933
(iter 20) FAPbBrBrCl_THTO_0 = 11.5203, sampling MAPbClClCl_THTO_1. Recommendation = FAPbBrBrCl_THTO_0, Current Cost = 100.00, Rho = 0.933
(iter 20) FAPbBrBrCl_THTO_0 = 11.5203, sampling CsPbBrBrI_THTO_1. Recommendation = FAPbBrBrCl_THTO_0, Current Cost = 101.00, Rho = 0.933
(iter 20) FAPbBrBrCl_THTO_0 = 11.5203, sampling CsPbBrClI_THTO_1. Recommendation = FAPbBrBrCl_THTO_0, Current Cost = 102.00, Rho = 0.933
(iter 20) FAPbBrBrCl_THTO_0 = 11.5203, sampling FAPbBrBrI_THTO_1. Recommendation = FAPbBrBrCl_THTO_0, Current Cost = 103.00, Rho = 0.933
(iter 20) FAPbBrBrCl_THTO_0 = 11.5203, sampling FAPbClClI_THTO_1. Recommendation = FAPbBrBrCl_THTO_0, Current Cost = 104.00, Rho = 0.933
(iter 20) FAPbBrBrCl_THTO_0 = 11.5203, sampling CsPbBrBrBr_THTO_1. Recommendation = FAPbBrBrCl_THTO_0, Current Cost = 105.00, Rho = 0.933
(iter 20) FAPbBrBrCl_THTO_0 = 11.5203, sampling FAPbBrClI_THTO_1. Recommendation = FAPbBrBrCl_THTO_0, Current Cost = 106.00, Rho = 0.933
(iter 20) FAPbBrBrCl_THTO_0 = 11.5203, sampling CsPbBrBrCl_THTO_1. Recommendation = FAPbBrBrCl_THTO_0, Current Cost = 107.00, Rho = 0.933
(iter 20) FAPbBrBrCl_THTO_0 = 11.5203, sampling MAPbBrII_THTO_0. Recommendation = FAPbBrBrCl_THTO_0, Current Cost = 108.00, Rho = 0.933
(iter 20) FAPbBrBrCl_THTO_0 = 11.5203, sampling FAPbClII_DMSO_1. Recommendation = FAPbBrBrCl_THTO_0, Current Cost = 114.00, Rho = 0.933
(iter 20) FAPbBrBrCl_THTO_0 = 11.5203, sampling FAPbClClI_DMSO_1. Recommendation = FAPbBrBrCl_THTO_0, Current Cost = 115.00, Rho = 0.933
(iter 20) FAPbBrBrCl_THTO_0 = 11.5203, sampling CsPbBrII_THTO_1. Recommendation = FAPbBrBrCl_THTO_0, Current Cost = 116.00, Rho = 0.933
(iter 20) FAPbBrBrCl_THTO_0 = 11.5203, sampling FAPbClClCl_THTO_1. Recommendation = FAPbBrBrCl_THTO_0, Current Cost = 117.00, Rho = 0.933
(iter 20) FAPbBrBrCl_THTO_0 = 11.5203, sampling FAPbBrBrI_DMSO_1. Recommendation = FAPbBrBrCl_THTO_0, Current Cost = 118.00, Rho = 0.933
(iter 20) FAPbBrBrCl_THTO_0 = 11.5203, sampling MAPbBrBrI_PYR_0. Recommendation = FAPbBrBrCl_THTO_0, Current Cost = 119.00, Rho = 0.933
(iter 20) FAPbBrBrCl_THTO_0 = 11.5203, sampling CsPbIII_THTO_1. Recommendation = FAPbBrBrCl_THTO_0, Current Cost = 125.00, Rho = 0.933
(iter 20) FAPbBrBrCl_THTO_0 = 11.5203, sampling CsPbClClI_THTO_1. Recommendation = FAPbBrBrCl_THTO_0, Current Cost = 126.00, Rho = 0.933
(iter 20) FAPbBrBrCl_THTO_0 = 11.5203, sampling FAPbIII_THTO_1. Recommendation = FAPbBrBrCl_THTO_0, Current Cost = 127.00, Rho = 0.933
(iter 20) FAPbBrBrCl_THTO_0 = 11.5203, sampling FAPbIII_THTO_0. Recommendation = FAPbIII_THTO_0, Current Cost = 128.00, Rho = 0.933
(iter 20) FAPbBrBrCl_THTO_0 = 11.5203, sampling CsPbIII_DMSO_1. Recommendation = FAPbBrBrCl_THTO_0, Current Cost = 134.00, Rho = 0.933
(iter 20) FAPbBrBrCl_THTO_0 = 11.5203, sampling FAPbClII_THTO_1. Recommendation = FAPbBrBrCl_THTO_0, Current Cost = 135.00, Rho = 0.933
(iter 20) FAPbBrBrCl_THTO_0 = 11.5203, sampling FAPbBrII_THTO_1. Recommendation = FAPbBrBrCl_THTO_0, Current Cost = 136.00, Rho = 0.933
(iter 20) FAPbBrBrCl_THTO_0 = 11.5203, sampling CsPbClII_DMSO_1. Recommendation = FAPbBrBrCl_THTO_0, Current Cost = 137.00, Rho = 0.933
(iter 20) FAPbBrBrCl_THTO_0 = 11.5203, sampling CsPbBrBrBr_DMSO_1. Recommendation = FAPbBrBrCl_THTO_0, Current Cost = 138.00, Rho = 0.933
(iter 20) FAPbBrBrCl_THTO_0 = 11.5203, sampling CsPbClClCl_THTO_1. Recommendation = FAPbBrBrCl_THTO_0, Current Cost = 139.00, Rho = 0.933
(iter 20) FAPbBrBrCl_THTO_0 = 11.5203, sampling FAPbBrII_DMSO_1. Recommendation = FAPbBrBrCl_THTO_0, Current Cost = 140.00, Rho = 0.933
(iter 20) FAPbBrBrCl_THTO_0 = 11.5203, sampling FAPbBrBrBr_DMSO_1. Recommendation = FAPbBrBrCl_THTO_0, Current Cost = 141.00, Rho = 0.933
(iter 20) FAPbBrBrCl_THTO_0 = 11.5203, sampling FAPbBrBrBr_THTO_1. Recommendation = FAPbBrBrCl_THTO_0, Current Cost = 142.00, Rho = 0.933
(iter 20) FAPbBrBrCl_THTO_0 = 11.5203, sampling CsPbBrII_DMSO_1. Recommendation = FAPbBrBrCl_THTO_0, Current Cost = 143.00, Rho = 0.933
(iter 20) FAPbBrBrCl_THTO_0 = 11.5203, sampling CsPbClClI_DMSO_1. Recommendation = FAPbBrBrCl_THTO_0, Current Cost = 144.00, Rho = 0.933
(iter 20) FAPbBrBrCl_THTO_0 = 11.5203, sampling CsPbBrClI_DMSO_1. Recommendation = FAPbBrBrCl_THTO_0, Current Cost = 145.00, Rho = 0.933
(iter 20) FAPbBrBrCl_THTO_0 = 11.5203, sampling CsPbBrBrCl_DMSO_1. Recommendation = FAPbBrBrCl_THTO_0, Current Cost = 146.00, Rho = 0.933
(iter 20) FAPbBrBrCl_THTO_0 = 11.5203, sampling FAPbBrClI_DMSO_1. Recommendation = FAPbBrBrCl_THTO_0, Current Cost = 147.00, Rho = 0.933
(iter 20) FAPbBrBrCl_THTO_0 = 11.5203, sampling CsPbClClCl_DMSO_1. Recommendation = FAPbBrBrCl_THTO_0, Current Cost = 148.00, Rho = 0.933
(iter 20) FAPbBrBrCl_THTO_0 = 11.5203, sampling CsPbBrClCl_THTO_1. Recommendation = FAPbBrBrCl_THTO_0, Current Cost = 149.00, Rho = 0.933
(iter 20) FAPbBrBrCl_THTO_0 = 11.5203, sampling CsPbBrClCl_DMSO_1. Recommendation = FAPbBrBrCl_THTO_0, Current Cost = 150.00, Rho = 0.933
(iter 20) FAPbBrBrCl_THTO_0 = 11.5203, sampling FAPbBrClCl_DMSO_1. Recommendation = FAPbBrBrCl_THTO_0, Current Cost = 151.00, Rho = 0.933
(iter 20) FAPbBrBrCl_THTO_0 = 11.5203, sampling FAPbBrClCl_DMSO_0. Recommendation = FAPbBrBrCl_THTO_0, Current Cost = 152.00, Rho = 0.933
(iter 20) FAPbBrBrCl_THTO_0 = 11.5203, sampling MAPbBrII_DMSO_0. Recommendation = FAPbBrBrCl_THTO_0, Current Cost = 158.00, Rho = 0.933
(iter 20) FAPbBrBrCl_THTO_0 = 11.5203, sampling MAPbBrClI_THTO_0. Recommendation = FAPbBrBrCl_THTO_0, Current Cost = 164.00, Rho = 0.933
(iter 20) FAPbBrBrCl_THTO_0 = 11.5203, sampling MAPbClClI_THTO_0. Recommendation = FAPbBrBrCl_THTO_0, Current Cost = 170.00, Rho = 0.933
(iter 20) FAPbBrBrCl_THTO_0 = 11.5203, sampling MAPbBrBrI_THTO_0. Recommendation = FAPbBrBrCl_THTO_0, Current Cost = 176.00, Rho = 0.933
(iter 20) FAPbBrBrCl_THTO_0 = 11.5203, sampling MAPbIII_NM_1. Recommendation = FAPbBrBrCl_THTO_0, Current Cost = 182.00, Rho = 0.933
(iter 20) FAPbBrBrCl_THTO_0 = 11.5203, sampling MAPbIII_DMA_1. Recommendation = FAPbBrBrCl_THTO_0, Current Cost = 183.00, Rho = 0.933
(iter 20) FAPbBrBrCl_THTO_0 = 11.5203, sampling MAPbClClCl_DMSO_0. Recommendation = FAPbBrBrCl_THTO_0, Current Cost = 184.00, Rho = 0.933
(iter 20) FAPbBrBrCl_THTO_0 = 11.5203, sampling MAPbClClI_DMSO_0. Recommendation = FAPbBrBrCl_THTO_0, Current Cost = 190.00, Rho = 0.933
(iter 20) FAPbBrBrCl_THTO_0 = 11.5203, sampling MAPbClII_DMSO_0. Recommendation = FAPbBrBrCl_THTO_0, Current Cost = 196.00, Rho = 0.933
(iter 20) FAPbBrBrCl_THTO_0 = 11.5203, sampling MAPbClClCl_THTO_0. Recommendation = FAPbBrBrCl_THTO_0, Current Cost = 202.00, Rho = 0.933
(iter 20) FAPbBrBrCl_THTO_0 = 11.5203, sampling MAPbClClCl_DMA_1. Recommendation = FAPbBrBrCl_THTO_0, Current Cost = 208.00, Rho = 0.933
(iter 20) FAPbBrBrCl_THTO_0 = 11.5203, sampling MAPbClClCl_ACE_0. Recommendation = FAPbBrBrCl_THTO_0, Current Cost = 209.00, Rho = 0.933
(iter 20) FAPbBrBrCl_THTO_0 = 11.5203, sampling MAPbBrClCl_THTO_0. Recommendation = FAPbBrBrCl_THTO_0, Current Cost = 215.00, Rho = 0.933
(iter 20) FAPbBrBrCl_THTO_0 = 11.5203, sampling MAPbClClCl_GBL_0. Recommendation = FAPbBrBrCl_THTO_0, Current Cost = 221.00, Rho = 0.933
(iter 20) FAPbBrBrCl_THTO_0 = 11.5203, sampling MAPbBrBrCl_THTO_0. Recommendation = FAPbBrBrCl_THTO_0, Current Cost = 227.00, Rho = 0.933
(iter 20) FAPbBrBrCl_THTO_0 = 11.5203, sampling MAPbBrClCl_DMSO_0. Recommendation = FAPbBrBrCl_THTO_0, Current Cost = 233.00, Rho = 0.933
(iter 20) FAPbBrBrCl_THTO_0 = 11.5203, sampling MAPbBrBrCl_DMSO_0. Recommendation = FAPbBrBrCl_THTO_0, Current Cost = 239.00, Rho = 0.933
(iter 20) FAPbBrBrCl_THTO_0 = 11.5203, sampling MAPbBrBrCl_DMA_0. Recommendation = FAPbBrBrCl_THTO_0, Current Cost = 245.00, Rho = 0.933
(iter 20) FAPbBrBrCl_THTO_0 = 11.5203, sampling MAPbClClCl_FAM_1. Recommendation = FAPbBrBrCl_THTO_0, Current Cost = 251.00, Rho = 0.933
(iter 20) FAPbBrBrCl_THTO_0 = 11.5203, sampling MAPbIII_DMSO_0. Recommendation = FAPbBrBrCl_THTO_0, Current Cost = 252.00, Rho = 0.933
(iter 20) FAPbBrBrCl_THTO_0 = 11.5203, sampling MAPbBrBrCl_H2O_0. Recommendation = FAPbBrBrCl_THTO_0, Current Cost = 258.00, Rho = 0.933
(iter 20) FAPbBrBrCl_THTO_0 = 11.5203, sampling MAPbBrBrBr_THTO_0. Recommendation = FAPbBrBrCl_THTO_0, Current Cost = 264.00, Rho = 0.933
(iter 20) FAPbBrBrCl_THTO_0 = 11.5203, sampling MAPbBrBrBr_DMA_0. Recommendation = FAPbBrBrCl_THTO_0, Current Cost = 270.00, Rho = 0.933
(iter 20) FAPbBrBrCl_THTO_0 = 11.5203, sampling MAPbBrBrCl_IPA_0. Recommendation = FAPbBrBrCl_THTO_0, Current Cost = 276.00, Rho = 0.933
(iter 20) FAPbBrBrCl_THTO_0 = 11.5203, sampling MAPbBrBrI_DMSO_0. Recommendation = FAPbBrBrCl_THTO_0, Current Cost = 282.00, Rho = 0.933
(iter 20) FAPbBrBrCl_THTO_0 = 11.5203, sampling MAPbClClCl_MCR_0. Recommendation = FAPbBrBrCl_THTO_0, Current Cost = 288.00, Rho = 0.933
(iter 20) FAPbBrBrCl_THTO_0 = 11.5203, sampling MAPbClClI_DMA_0. Recommendation = FAPbBrBrCl_THTO_0, Current Cost = 294.00, Rho = 0.933
(iter 20) FAPbBrBrCl_THTO_0 = 11.5203, sampling MAPbBrClI_DMSO_0. Recommendation = FAPbBrBrCl_THTO_0, Current Cost = 300.00, Rho = 0.933
(iter 20) FAPbBrBrCl_THTO_0 = 11.5203, sampling MAPbClII_DMA_0. Recommendation = FAPbBrBrCl_THTO_0, Current Cost = 306.00, Rho = 0.933
(iter 20) FAPbBrBrCl_THTO_0 = 11.5203, sampling MAPbBrBrI_DMA_0. Recommendation = FAPbBrBrCl_THTO_0, Current Cost = 312.00, Rho = 0.933
(iter 20) FAPbBrBrCl_THTO_0 = 11.5203, sampling MAPbBrClI_DMA_0. Recommendation = FAPbBrBrCl_THTO_0, Current Cost = 318.00, Rho = 0.933
(iter 20) FAPbBrBrCl_THTO_0 = 11.5203, sampling MAPbBrII_DMA_0. Recommendation = FAPbBrBrCl_THTO_0, Current Cost = 324.00, Rho = 0.933
(iter 20) FAPbBrBrCl_THTO_0 = 11.5203, sampling MAPbBrBrCl_MCR_0. Recommendation = FAPbBrBrCl_THTO_0, Current Cost = 330.00, Rho = 0.933
(iter 20) FAPbBrBrCl_THTO_0 = 11.5203, sampling CsPbClClCl_DMA_0. Recommendation = FAPbBrBrCl_THTO_0, Current Cost = 336.00, Rho = 0.933
(iter 20) FAPbBrBrCl_THTO_0 = 11.5203, sampling FAPbClClI_THTO_0. Recommendation = FAPbBrBrCl_THTO_0, Current Cost = 342.00, Rho = 0.933
(iter 20) FAPbBrBrCl_THTO_0 = 11.5203, sampling FAPbClClCl_DMA_0. Recommendation = FAPbBrBrCl_THTO_0, Current Cost = 348.00, Rho = 0.933
(iter 20) FAPbBrBrCl_THTO_0 = 11.5203, sampling CsPbIII_THTO_0. Recommendation = FAPbBrBrCl_THTO_0, Current Cost = 354.00, Rho = 0.933
(iter 20) FAPbBrBrCl_THTO_0 = 11.5203, sampling FAPbClClI_DMA_0. Recommendation = FAPbBrBrCl_THTO_0, Current Cost = 360.00, Rho = 0.933
(iter 20) FAPbBrBrCl_THTO_0 = 11.5203, sampling MAPbClClCl_PYR_0. Recommendation = FAPbBrBrCl_THTO_0, Current Cost = 366.00, Rho = 0.933
(iter 20) FAPbBrBrCl_THTO_0 = 11.5203, sampling FAPbBrBrI_THTO_0. Recommendation = FAPbBrBrCl_THTO_0, Current Cost = 372.00, Rho = 0.933
(iter 20) FAPbBrBrCl_THTO_0 = 11.5203, sampling MAPbBrBrBr_DMSO_0. Recommendation = FAPbBrBrCl_THTO_0, Current Cost = 378.00, Rho = 0.933
(iter 20) FAPbBrBrCl_THTO_0 = 11.5203, sampling MAPbClClI_FAM_0. Recommendation = FAPbBrBrCl_THTO_0, Current Cost = 384.00, Rho = 0.933
(iter 20) FAPbBrBrCl_THTO_0 = 11.5203, sampling MAPbBrClCl_FAM_0. Recommendation = FAPbBrBrCl_THTO_0, Current Cost = 390.00, Rho = 0.933
(iter 20) FAPbBrBrCl_THTO_0 = 11.5203, sampling MAPbIII_FAM_0. Recommendation = FAPbBrBrCl_THTO_0, Current Cost = 396.00, Rho = 0.933
(iter 20) FAPbBrBrCl_THTO_0 = 11.5203, sampling MAPbBrClI_FAM_0. Recommendation = FAPbBrBrCl_THTO_0, Current Cost = 402.00, Rho = 0.933
(iter 20) FAPbBrBrCl_THTO_0 = 11.5203, sampling MAPbBrBrCl_FAM_0. Recommendation = FAPbBrBrCl_THTO_0, Current Cost = 408.00, Rho = 0.933
(iter 20) FAPbBrBrCl_THTO_0 = 11.5203, sampling MAPbClClI_H2O_0. Recommendation = FAPbBrBrCl_THTO_0, Current Cost = 414.00, Rho = 0.933
(iter 20) FAPbBrBrCl_THTO_0 = 11.5203, sampling CsPbBrClCl_DMA_0. Recommendation = FAPbBrBrCl_THTO_0, Current Cost = 420.00, Rho = 0.933
(iter 20) FAPbBrBrCl_THTO_0 = 11.5203, sampling CsPbClClI_DMA_0. Recommendation = FAPbBrBrCl_THTO_0, Current Cost = 426.00, Rho = 0.933
(iter 20) FAPbBrBrCl_THTO_0 = 11.5203, sampling FAPbBrClCl_DMA_0. Recommendation = FAPbBrBrCl_THTO_0, Current Cost = 432.00, Rho = 0.933
(iter 20) FAPbBrBrCl_THTO_0 = 11.5203, sampling MAPbClII_FAM_0. Recommendation = FAPbBrBrCl_THTO_0, Current Cost = 438.00, Rho = 0.933
(iter 20) FAPbBrBrCl_THTO_0 = 11.5203, sampling MAPbBrClI_GBL_0. Recommendation = FAPbBrBrCl_THTO_0, Current Cost = 444.00, Rho = 0.933
(iter 20) FAPbBrBrCl_THTO_0 = 11.5203, sampling CsPbBrBrCl_DMA_0. Recommendation = FAPbBrBrCl_THTO_0, Current Cost = 450.00, Rho = 0.933
(iter 20) FAPbBrBrCl_THTO_0 = 11.5203, sampling MAPbClClCl_NMP_0. Recommendation = FAPbBrBrCl_THTO_0, Current Cost = 456.00, Rho = 0.933
(iter 20) FAPbBrBrCl_THTO_0 = 11.5203, sampling MAPbBrClCl_NMP_0. Recommendation = FAPbBrBrCl_THTO_0, Current Cost = 462.00, Rho = 0.933
(iter 20) FAPbBrBrCl_THTO_0 = 11.5203, sampling MAPbClClI_NMP_0. Recommendation = FAPbBrBrCl_THTO_0, Current Cost = 468.00, Rho = 0.933
(iter 20) FAPbBrBrCl_THTO_0 = 11.5203, sampling MAPbBrBrCl_NMP_0. Recommendation = FAPbBrBrCl_THTO_0, Current Cost = 474.00, Rho = 0.933
(iter 20) FAPbBrBrCl_THTO_0 = 11.5203, sampling MAPbBrClI_NMP_0. Recommendation = FAPbBrBrCl_THTO_0, Current Cost = 480.00, Rho = 0.933
(iter 20) FAPbBrBrCl_THTO_0 = 11.5203, sampling MAPbBrBrBr_NMP_0. Recommendation = FAPbBrBrCl_THTO_0, Current Cost = 486.00, Rho = 0.933
(iter 20) FAPbBrBrCl_THTO_0 = 11.5203, sampling MAPbBrBrI_NMP_0. Recommendation = FAPbBrBrCl_THTO_0, Current Cost = 492.00, Rho = 0.933
(iter 20) FAPbBrBrCl_THTO_0 = 11.5203, sampling MAPbIII_NMP_0. Recommendation = FAPbBrBrCl_THTO_0, Current Cost = 498.00, Rho = 0.933
(iter 20) FAPbBrBrCl_THTO_0 = 11.5203, sampling MAPbClII_NMP_0. Recommendation = FAPbBrBrCl_THTO_0, Current Cost = 504.00, Rho = 0.933
(iter 20) FAPbBrBrCl_THTO_0 = 11.5203, sampling MAPbBrII_NMP_0. Recommendation = FAPbBrBrCl_THTO_0, Current Cost = 510.00, Rho = 0.933
(iter 20) FAPbBrBrCl_THTO_0 = 11.5203, sampling FAPbBrBrCl_DMA_0. Recommendation = FAPbBrBrCl_THTO_0, Current Cost = 516.00, Rho = 0.933
(iter 20) FAPbBrBrCl_THTO_0 = 11.5203, sampling FAPbBrClI_DMA_0. Recommendation = FAPbBrBrCl_THTO_0, Current Cost = 522.00, Rho = 0.933
(iter 20) FAPbBrBrCl_THTO_0 = 11.5203, sampling CsPbBrClI_DMA_0. Recommendation = FAPbBrBrCl_THTO_0, Current Cost = 528.00, Rho = 0.933
(iter 153) CsPbBrClI_DMA_0 = 12.9686, sampling MAPbBrClCl_CHCl3_0. Recommendation = CsPbBrClI_DMA_0, Current Cost = 534.00, Rho = 0.933
