(iter 20) CsPbBrClI_THTO_0 = 10.1378, sampling CsPbBrBrI_NM_1. Recommendation = FAPbBrClI_DMSO_0, Current Cost = 70.00, Rho = 0.864
(iter 20) CsPbBrClI_THTO_0 = 10.1378, sampling FAPbBrBrCl_NM_1. Recommendation = FAPbBrClCl_DMSO_0, Current Cost = 71.00, Rho = 0.864
(iter 20) CsPbBrClI_THTO_0 = 10.1378, sampling CsPbBrBrBr_H2O_1. Recommendation = FAPbBrClCl_DMSO_0, Current Cost = 72.00, Rho = 0.864
(iter 20) CsPbBrClI_THTO_0 = 10.1378, sampling CsPbBrBrBr_H2O_0. Recommendation = FAPbBrClCl_DMSO_0, Current Cost = 73.00, Rho = 0.864
(iter 20) CsPbBrClI_THTO_0 = 10.1378, sampling CsPbIII_CHCl3_0. Recommendation = FAPbBrClCl_DMSO_0, Current Cost = 79.00, Rho = 0.864
(iter 20) CsPbBrClI_THTO_0 = 10.1378, sampling MAPbBrClCl_DMSO_1. Recommendation = FAPbBrClCl_DMSO_0, Current Cost = 85.00, Rho = 0.864
(iter 20) CsPbBrClI_THTO_0 = 10.1378, sampling CsPbIII_GBL_0. Recommendation = FAPbBrClCl_DMSO_0, Current Cost = 86.00, Rho = 0.864
(iter 20) CsPbBrClI_THTO_0 = 10.1378, sampling FAPbClClCl_NM_0. Recommendation = FAPbBrClCl_DMSO_0, Current Cost = 92.00, Rho = 0.864
(iter 20) CsPbBrClI_THTO_0 = 10.1378, sampling CsPbIII_ACE_0. Recommendation = CsPbBrClCl_DMSO_0, Current Cost = 98.00, Rho = 0.864
(iter 20) CsPbBrClI_THTO_0 = 10.1378, sampling CsPbIII_NMP_0. Recommendation = CsPbBrClCl_DMSO_0, Current Cost = 104.00, Rho = 0.864
(iter 20) CsPbBrClI_THTO_0 = 10.1378, sampling MAPbBrClI_GBL_0. Recommendation = CsPbBrClCl_DMSO_0, Current Cost = 110.00, Rho = 0.864
(iter 20) CsPbBrClI_THTO_0 = 10.1378, sampling CsPbBrClCl_DMSO_0. Recommendation = CsPbBrClCl_DMSO_0, Current Cost = 116.00, Rho = 0.864
(iter 20) CsPbBrClI_THTO_0 = 10.1378, sampling CsPbBrClI_FAM_1. Recommendation = CsPbBrClI_DMSO_0, Current Cost = 122.00, Rho = 0.864
(iter 20) CsPbBrClI_THTO_0 = 10.1378, sampling CsPbBrClI_FAM_0. Recommendation = CsPbBrClI_FAM_0, Current Cost = 123.00, Rho = 0.864
(iter 20) CsPbBrClI_THTO_0 = 10.1378, sampling MAPbBrClCl_THTO_1. Recommendation = FAPbClClCl_THTO_0, Current Cost = 129.00, Rho = 0.864
(iter 20) CsPbBrClI_THTO_0 = 10.1378, sampling FAPbClClCl_NM_1. Recommendation = FAPbClClCl_THTO_0, Current Cost = 130.00, Rho = 0.864
(iter 20) CsPbBrClI_THTO_0 = 10.1378, sampling FAPbClClCl_THTO_1. Recommendation = CsPbClClCl_THTO_0, Current Cost = 131.00, Rho = 0.864
(iter 20) CsPbBrClI_THTO_0 = 10.1378, sampling CsPbClClCl_DMSO_1. Recommendation = CsPbClClCl_THTO_0, Current Cost = 132.00, Rho = 0.864
(iter 20) CsPbBrClI_THTO_0 = 10.1378, sampling CsPbClClCl_THTO_1. Recommendation = CsPbClClCl_DMSO_0, Current Cost = 133.00, Rho = 0.864
(iter 20) CsPbBrClI_THTO_0 = 10.1378, sampling CsPbClClCl_DMSO_0. Recommendation = CsPbClClCl_DMSO_0, Current Cost = 134.00, Rho = 0.864
(iter 39) CsPbClClCl_DMSO_0 = 10.1813, sampling CsPbBrBrCl_THTO_1. Recommendation = CsPbClClCl_THTO_0, Current Cost = 140.00, Rho = 0.864
(iter 39) CsPbClClCl_DMSO_0 = 10.1813, sampling FAPbBrBrCl_THTO_0. Recommendation = CsPbClClCl_THTO_0, Current Cost = 141.00, Rho = 0.864
(iter 41) FAPbBrBrCl_THTO_0 = 11.5203, sampling FAPbBrClCl_THTO_0. Recommendation = FAPbBrBrCl_THTO_0, Current Cost = 147.00, Rho = 0.864
(iter 41) FAPbBrBrCl_THTO_0 = 11.5203, sampling CsPbClII_THTO_0. Recommendation = FAPbBrBrCl_THTO_0, Current Cost = 153.00, Rho = 0.864
(iter 41) FAPbBrBrCl_THTO_0 = 11.5203, sampling CsPbBrBrI_THTO_0. Recommendation = FAPbBrBrCl_THTO_0, Current Cost = 159.00, Rho = 0.864
(iter 41) FAPbBrBrCl_THTO_0 = 11.5203, sampling CsPbBrBrCl_PYR_0. Recommendation = FAPbBrBrCl_THTO_0, Current Cost = 165.00, Rho = 0.864
(iter 41) FAPbBrBrCl_THTO_0 = 11.5203, sampling CsPbBrBrCl_CH3OH_0. Recommendation = FAPbBrBrCl_THTO_0, Current Cost = 171.00, Rho = 0.864
(iter 41) FAPbBrBrCl_THTO_0 = 11.5203, sampling FAPbBrBrCl_DMA_0. Recommendation = FAPbBrBrCl_THTO_0, Current Cost = 177.00, Rho = 0.864
(iter 41) FAPbBrBrCl_THTO_0 = 11.5203, sampling FAPbBrBrCl_DMSO_0. Recommendation = FAPbBrBrCl_THTO_0, Current Cost = 183.00, Rho = 0.864
(iter 41) FAPbBrBrCl_THTO_0 = 11.5203, sampling CsPbClClCl_THTO_0. Recommendation = FAPbBrBrCl_THTO_0, Current Cost = 189.00, Rho = 0.864
(iter 41) FAPbBrBrCl_THTO_0 = 11.5203, sampling CsPbClClI_THTO_0. Recommendation = FAPbBrBrCl_THTO_0, Current Cost = 195.00, Rho = 0.864
(iter 41) FAPbBrBrCl_THTO_0 = 11.5203, sampling CsPbBrClCl_THTO_0. Recommendation = FAPbBrBrCl_THTO_0, Current Cost = 201.00, Rho = 0.864
(iter 41) FAPbBrBrCl_THTO_0 = 11.5203, sampling FAPbClII_THTO_0. Recommendation = FAPbBrBrCl_THTO_0, Current Cost = 207.00, Rho = 0.864
(iter 41) FAPbBrBrCl_THTO_0 = 11.5203, sampling CsPbBrBrCl_DMSO_0. Recommendation = FAPbBrBrCl_THTO_0, Current Cost = 213.00, Rho = 0.864
(iter 41) FAPbBrBrCl_THTO_0 = 11.5203, sampling FAPbClClI_THTO_0. Recommendation = FAPbBrBrCl_THTO_0, Current Cost = 219.00, Rho = 0.864
(iter 41) FAPbBrBrCl_THTO_0 = 11.5203, sampling FAPbBrBrI_THTO_0. Recommendation = FAPbBrBrCl_THTO_0, Current Cost = 225.00, Rho = 0.864
(iter 41) FAPbBrBrCl_THTO_0 = 11.5203, sampling FAPbClClI_DMSO_0. Recommendation = FAPbBrBrCl_THTO_0, Current Cost = 231.00, Rho = 0.864
(iter 41) FAPbBrBrCl_THTO_0 = 11.5203, sampling CsPbBrBrCl_DMF_0. Recommendation = FAPbBrBrCl_THTO_0, Current Cost = 237.00, Rho = 0.864
(iter 41) FAPbBrBrCl_THTO_0 = 11.5203, sampling CsPbBrBrCl_THTO_0. Recommendation = FAPbBrBrCl_THTO_0, Current Cost = 243.00, Rho = 0.864
(iter 41) FAPbBrBrCl_THTO_0 = 11.5203, sampling FAPbBrClI_THTO_0. Recommendation = FAPbBrBrCl_THTO_0, Current Cost = 249.00, Rho = 0.864
(iter 41) FAPbBrBrCl_THTO_0 = 11.5203, sampling MAPbClClCl_THTO_0. Recommendation = FAPbBrBrCl_THTO_0, Current Cost = 255.00, Rho = 0.864
(iter 41) FAPbBrBrCl_THTO_0 = 11.5203, sampling MAPbClClI_THTO_0. Recommendation = FAPbBrBrCl_THTO_0, Current Cost = 261.00, Rho = 0.864
(iter 41) FAPbBrBrCl_THTO_0 = 11.5203, sampling MAPbBrBrCl_THTO_0. Recommendation = FAPbBrBrCl_THTO_0, Current Cost = 267.00, Rho = 0.864
(iter 41) FAPbBrBrCl_THTO_0 = 11.5203, sampling MAPbBrBrI_THTO_0. Recommendation = FAPbBrBrCl_THTO_0, Current Cost = 273.00, Rho = 0.864
(iter 41) FAPbBrBrCl_THTO_0 = 11.5203, sampling MAPbBrClI_THTO_0. Recommendation = FAPbBrBrCl_THTO_0, Current Cost = 279.00, Rho = 0.864
(iter 41) FAPbBrBrCl_THTO_0 = 11.5203, sampling MAPbBrClCl_THTO_0. Recommendation = FAPbBrBrCl_THTO_0, Current Cost = 285.00, Rho = 0.864
(iter 41) FAPbBrBrCl_THTO_0 = 11.5203, sampling MAPbIII_THTO_0. Recommendation = FAPbBrBrCl_THTO_0, Current Cost = 291.00, Rho = 0.864
(iter 41) FAPbBrBrCl_THTO_0 = 11.5203, sampling MAPbClClCl_DMSO_0. Recommendation = FAPbBrBrCl_THTO_0, Current Cost = 297.00, Rho = 0.864
(iter 41) FAPbBrBrCl_THTO_0 = 11.5203, sampling MAPbClClI_DMSO_0. Recommendation = FAPbBrBrCl_THTO_0, Current Cost = 303.00, Rho = 0.864
(iter 41) FAPbBrBrCl_THTO_0 = 11.5203, sampling MAPbClII_THTO_0. Recommendation = FAPbBrBrCl_THTO_0, Current Cost = 309.00, Rho = 0.864
(iter 41) FAPbBrBrCl_THTO_0 = 11.5203, sampling MAPbBrBrCl_DMSO_0. Recommendation = FAPbBrBrCl_THTO_0, Current Cost = 315.00, Rho = 0.864
(iter 41) FAPbBrBrCl_THTO_0 = 11.5203, sampling MAPbBrBrI_DMSO_0. Recommendation = FAPbBrBrCl_THTO_0, Current Cost = 321.00, Rho = 0.864
(iter 41) FAPbBrBrCl_THTO_0 = 11.5203, sampling MAPbClClCl_DMA_0. Recommendation = FAPbBrBrCl_THTO_0, Current Cost = 327.00, Rho = 0.864
(iter 41) FAPbBrBrCl_THTO_0 = 11.5203, sampling MAPbBrII_THTO_0. Recommendation = FAPbBrBrCl_THTO_0, Current Cost = 333.00, Rho = 0.864
(iter 41) FAPbBrBrCl_THTO_0 = 11.5203, sampling MAPbBrClI_DMSO_0. Recommendation = FAPbBrBrCl_THTO_0, Current Cost = 339.00, Rho = 0.864
(iter 41) FAPbBrBrCl_THTO_0 = 11.5203, sampling MAPbClII_DMSO_0. Recommendation = FAPbBrBrCl_THTO_0, Current Cost = 345.00, Rho = 0.864
(iter 41) FAPbBrBrCl_THTO_0 = 11.5203, sampling MAPbBrII_DMSO_0. Recommendation = FAPbBrBrCl_THTO_0, Current Cost = 351.00, Rho = 0.864
(iter 41) FAPbBrBrCl_THTO_0 = 11.5203, sampling MAPbBrClCl_DMSO_0. Recommendation = FAPbBrBrCl_THTO_0, Current Cost = 357.00, Rho = 0.864
(iter 41) FAPbBrBrCl_THTO_0 = 11.5203, sampling MAPbIII_DMSO_0. Recommendation = FAPbBrBrCl_THTO_0, Current Cost = 363.00, Rho = 0.864
(iter 41) FAPbBrBrCl_THTO_0 = 11.5203, sampling FAPbClClCl_DMSO_0. Recommendation = FAPbBrBrCl_THTO_0, Current Cost = 369.00, Rho = 0.864
(iter 41) FAPbBrBrCl_THTO_0 = 11.5203, sampling CsPbBrII_THTO_0. Recommendation = FAPbBrBrCl_THTO_0, Current Cost = 375.00, Rho = 0.864
(iter 41) FAPbBrBrCl_THTO_0 = 11.5203, sampling CsPbClClI_DMSO_0. Recommendation = FAPbBrBrCl_THTO_0, Current Cost = 381.00, Rho = 0.864
(iter 41) FAPbBrBrCl_THTO_0 = 11.5203, sampling MAPbClClCl_NMP_0. Recommendation = FAPbBrBrCl_THTO_0, Current Cost = 387.00, Rho = 0.864
(iter 41) FAPbBrBrCl_THTO_0 = 11.5203, sampling FAPbBrClCl_DMSO_0. Recommendation = FAPbBrBrCl_THTO_0, Current Cost = 393.00, Rho = 0.864
(iter 41) FAPbBrBrCl_THTO_0 = 11.5203, sampling FAPbBrII_THTO_0. Recommendation = FAPbBrBrCl_THTO_0, Current Cost = 399.00, Rho = 0.864
(iter 41) FAPbBrBrCl_THTO_0 = 11.5203, sampling FAPbBrBrI_DMSO_0. Recommendation = FAPbBrBrCl_THTO_0, Current Cost = 405.00, Rho = 0.864
(iter 41) FAPbBrBrCl_THTO_0 = 11.5203, sampling MAPbBrClCl_DMA_0. Recommendation = FAPbBrBrCl_THTO_0, Current Cost = 411.00, Rho = 0.864
(iter 41) FAPbBrBrCl_THTO_0 = 11.5203, sampling CsPbBrClI_DMSO_0. Recommendation = FAPbBrBrCl_THTO_0, Current Cost = 417.00, Rho = 0.864
(iter 41) FAPbBrBrCl_THTO_0 = 11.5203, sampling FAPbClClCl_THTO_0. Recommendation = FAPbBrBrCl_THTO_0, Current Cost = 423.00, Rho = 0.864
(iter 41) FAPbBrBrCl_THTO_0 = 11.5203, sampling CsPbBrBrI_DMSO_0. Recommendation = FAPbBrBrCl_THTO_0, Current Cost = 429.00, Rho = 0.864
(iter 41) FAPbBrBrCl_THTO_0 = 11.5203, sampling CsPbIII_THTO_0. Recommendation = FAPbBrBrCl_THTO_0, Current Cost = 435.00, Rho = 0.864
(iter 41) FAPbBrBrCl_THTO_0 = 11.5203, sampling FAPbIII_THTO_0. Recommendation = FAPbBrBrCl_THTO_0, Current Cost = 441.00, Rho = 0.864
(iter 41) FAPbBrBrCl_THTO_0 = 11.5203, sampling FAPbBrClI_DMSO_0. Recommendation = FAPbBrBrCl_THTO_0, Current Cost = 447.00, Rho = 0.864
(iter 41) FAPbBrBrCl_THTO_0 = 11.5203, sampling MAPbBrBrBr_THTO_0. Recommendation = FAPbBrBrCl_THTO_0, Current Cost = 453.00, Rho = 0.864
(iter 41) FAPbBrBrCl_THTO_0 = 11.5203, sampling MAPbBrBrBr_DMSO_0. Recommendation = FAPbBrBrCl_THTO_0, Current Cost = 459.00, Rho = 0.864
(iter 41) FAPbBrBrCl_THTO_0 = 11.5203, sampling CsPbBrBrBr_THTO_0. Recommendation = FAPbBrBrCl_THTO_0, Current Cost = 465.00, Rho = 0.864
(iter 41) FAPbBrBrCl_THTO_0 = 11.5203, sampling FAPbBrBrBr_THTO_0. Recommendation = FAPbBrBrCl_THTO_0, Current Cost = 471.00, Rho = 0.864
(iter 41) FAPbBrBrCl_THTO_0 = 11.5203, sampling MAPbClClCl_DMF_0. Recommendation = FAPbBrBrCl_THTO_0, Current Cost = 477.00, Rho = 0.864
(iter 41) FAPbBrBrCl_THTO_0 = 11.5203, sampling FAPbIII_DMSO_0. Recommendation = FAPbBrBrCl_THTO_0, Current Cost = 483.00, Rho = 0.864
(iter 41) FAPbBrBrCl_THTO_0 = 11.5203, sampling MAPbClClCl_FAM_0. Recommendation = FAPbBrBrCl_THTO_0, Current Cost = 489.00, Rho = 0.864
(iter 41) FAPbBrBrCl_THTO_0 = 11.5203, sampling CsPbClII_DMSO_0. Recommendation = FAPbBrBrCl_THTO_0, Current Cost = 495.00, Rho = 0.864
(iter 41) FAPbBrBrCl_THTO_0 = 11.5203, sampling CsPbBrII_DMSO_0. Recommendation = FAPbBrBrCl_THTO_0, Current Cost = 501.00, Rho = 0.864
(iter 41) FAPbBrBrCl_THTO_0 = 11.5203, sampling FAPbClII_DMSO_0. Recommendation = FAPbBrBrCl_THTO_0, Current Cost = 507.00, Rho = 0.864
(iter 41) FAPbBrBrCl_THTO_0 = 11.5203, sampling MAPbBrBrCl_DMA_0. Recommendation = FAPbBrBrCl_THTO_0, Current Cost = 513.00, Rho = 0.864
(iter 41) FAPbBrBrCl_THTO_0 = 11.5203, sampling MAPbBrClCl_DMF_0. Recommendation = FAPbBrBrCl_THTO_0, Current Cost = 519.00, Rho = 0.864
(iter 41) FAPbBrBrCl_THTO_0 = 11.5203, sampling MAPbBrClCl_NMP_0. Recommendation = FAPbBrBrCl_THTO_0, Current Cost = 525.00, Rho = 0.864
(iter 41) FAPbBrBrCl_THTO_0 = 11.5203, sampling MAPbBrClCl_ETH_0. Recommendation = FAPbBrBrCl_THTO_0, Current Cost = 531.00, Rho = 0.864
(iter 41) FAPbBrBrCl_THTO_0 = 11.5203, sampling MAPbClClI_DMA_0. Recommendation = FAPbBrBrCl_THTO_0, Current Cost = 537.00, Rho = 0.864
(iter 41) FAPbBrBrCl_THTO_0 = 11.5203, sampling CsPbBrBrBr_DMSO_0. Recommendation = FAPbBrBrCl_THTO_0, Current Cost = 543.00, Rho = 0.864
(iter 41) FAPbBrBrCl_THTO_0 = 11.5203, sampling MAPbClClI_DMF_0. Recommendation = FAPbBrBrCl_THTO_0, Current Cost = 549.00, Rho = 0.864
(iter 41) FAPbBrBrCl_THTO_0 = 11.5203, sampling FAPbBrII_DMSO_0. Recommendation = FAPbBrBrCl_THTO_0, Current Cost = 555.00, Rho = 0.864
(iter 41) FAPbBrBrCl_THTO_0 = 11.5203, sampling MAPbBrBrCl_DMF_0. Recommendation = FAPbBrBrCl_THTO_0, Current Cost = 561.00, Rho = 0.864
(iter 41) FAPbBrBrCl_THTO_0 = 11.5203, sampling MAPbClClI_NMP_0. Recommendation = FAPbBrBrCl_THTO_0, Current Cost = 567.00, Rho = 0.864
(iter 41) FAPbBrBrCl_THTO_0 = 11.5203, sampling FAPbBrBrBr_DMSO_0. Recommendation = FAPbBrBrCl_THTO_0, Current Cost = 573.00, Rho = 0.864
(iter 41) FAPbBrBrCl_THTO_0 = 11.5203, sampling MAPbBrBrCl_NMP_0. Recommendation = FAPbBrBrCl_THTO_0, Current Cost = 579.00, Rho = 0.864
(iter 41) FAPbBrBrCl_THTO_0 = 11.5203, sampling MAPbBrClI_DMF_0. Recommendation = FAPbBrBrCl_THTO_0, Current Cost = 585.00, Rho = 0.864
(iter 41) FAPbBrBrCl_THTO_0 = 11.5203, sampling MAPbBrClI_DMA_0. Recommendation = FAPbBrBrCl_THTO_0, Current Cost = 591.00, Rho = 0.864
(iter 41) FAPbBrBrCl_THTO_0 = 11.5203, sampling MAPbBrBrI_DMF_0. Recommendation = FAPbBrBrCl_THTO_0, Current Cost = 597.00, Rho = 0.864
(iter 41) FAPbBrBrCl_THTO_0 = 11.5203, sampling MAPbBrBrI_DMA_0. Recommendation = FAPbBrBrCl_THTO_0, Current Cost = 603.00, Rho = 0.864
(iter 41) FAPbBrBrCl_THTO_0 = 11.5203, sampling MAPbClClI_FAM_0. Recommendation = FAPbBrBrCl_THTO_0, Current Cost = 609.00, Rho = 0.864
(iter 41) FAPbBrBrCl_THTO_0 = 11.5203, sampling MAPbBrClCl_FAM_0. Recommendation = FAPbBrBrCl_THTO_0, Current Cost = 615.00, Rho = 0.864
(iter 41) FAPbBrBrCl_THTO_0 = 11.5203, sampling MAPbBrBrCl_FAM_0. Recommendation = FAPbBrBrCl_THTO_0, Current Cost = 621.00, Rho = 0.864
(iter 41) FAPbBrBrCl_THTO_0 = 11.5203, sampling MAPbBrClI_NMP_0. Recommendation = FAPbBrBrCl_THTO_0, Current Cost = 627.00, Rho = 0.864
(iter 41) FAPbBrBrCl_THTO_0 = 11.5203, sampling CsPbClClCl_DMA_0. Recommendation = FAPbBrBrCl_THTO_0, Current Cost = 633.00, Rho = 0.864
(iter 41) FAPbBrBrCl_THTO_0 = 11.5203, sampling MAPbIII_DMF_0. Recommendation = FAPbBrBrCl_THTO_0, Current Cost = 639.00, Rho = 0.864
(iter 41) FAPbBrBrCl_THTO_0 = 11.5203, sampling MAPbClII_DMF_0. Recommendation = FAPbBrBrCl_THTO_0, Current Cost = 645.00, Rho = 0.864
(iter 41) FAPbBrBrCl_THTO_0 = 11.5203, sampling CsPbClClCl_DMF_0. Recommendation = FAPbBrBrCl_THTO_0, Current Cost = 651.00, Rho = 0.864
(iter 41) FAPbBrBrCl_THTO_0 = 11.5203, sampling MAPbIII_DMA_0. Recommendation = FAPbBrBrCl_THTO_0, Current Cost = 657.00, Rho = 0.864
(iter 41) FAPbBrBrCl_THTO_0 = 11.5203, sampling MAPbBrBrI_NMP_0. Recommendation = FAPbBrBrCl_THTO_0, Current Cost = 663.00, Rho = 0.864
(iter 41) FAPbBrBrCl_THTO_0 = 11.5203, sampling MAPbClII_DMA_0. Recommendation = FAPbBrBrCl_THTO_0, Current Cost = 669.00, Rho = 0.864
(iter 41) FAPbBrBrCl_THTO_0 = 11.5203, sampling MAPbBrClI_FAM_0. Recommendation = FAPbBrBrCl_THTO_0, Current Cost = 675.00, Rho = 0.864
(iter 41) FAPbBrBrCl_THTO_0 = 11.5203, sampling MAPbClClCl_H2O_0. Recommendation = FAPbBrBrCl_THTO_0, Current Cost = 681.00, Rho = 0.864
(iter 41) FAPbBrBrCl_THTO_0 = 11.5203, sampling MAPbClClI_H2O_0. Recommendation = FAPbBrBrCl_THTO_0, Current Cost = 687.00, Rho = 0.864
(iter 41) FAPbBrBrCl_THTO_0 = 11.5203, sampling MAPbBrBrBr_DMA_0. Recommendation = FAPbBrBrCl_THTO_0, Current Cost = 693.00, Rho = 0.864
(iter 41) FAPbBrBrCl_THTO_0 = 11.5203, sampling MAPbBrII_DMA_0. Recommendation = FAPbBrBrCl_THTO_0, Current Cost = 699.00, Rho = 0.864
(iter 41) FAPbBrBrCl_THTO_0 = 11.5203, sampling MAPbBrII_DMF_0. Recommendation = FAPbBrBrCl_THTO_0, Current Cost = 705.00, Rho = 0.864
(iter 41) FAPbBrBrCl_THTO_0 = 11.5203, sampling MAPbBrBrBr_DMF_0. Recommendation = FAPbBrBrCl_THTO_0, Current Cost = 711.00, Rho = 0.864
(iter 41) FAPbBrBrCl_THTO_0 = 11.5203, sampling CsPbBrClCl_DMA_0. Recommendation = FAPbBrBrCl_THTO_0, Current Cost = 717.00, Rho = 0.864
(iter 41) FAPbBrBrCl_THTO_0 = 11.5203, sampling MAPbBrBrI_FAM_0. Recommendation = FAPbBrBrCl_THTO_0, Current Cost = 723.00, Rho = 0.864
(iter 41) FAPbBrBrCl_THTO_0 = 11.5203, sampling MAPbClClCl_PYR_0. Recommendation = FAPbBrBrCl_THTO_0, Current Cost = 729.00, Rho = 0.864
(iter 41) FAPbBrBrCl_THTO_0 = 11.5203, sampling MAPbBrII_CHCl3_1. Recommendation = FAPbBrBrCl_THTO_0, Current Cost = 735.00, Rho = 0.864
(iter 41) FAPbBrBrCl_THTO_0 = 11.5203, sampling CsPbClII_IPA_1. Recommendation = FAPbBrBrCl_THTO_0, Current Cost = 736.00, Rho = 0.864
(iter 41) FAPbBrBrCl_THTO_0 = 11.5203, sampling CsPbBrII_MCR_1. Recommendation = FAPbBrBrCl_THTO_0, Current Cost = 737.00, Rho = 0.864
(iter 41) FAPbBrBrCl_THTO_0 = 11.5203, sampling CsPbClII_PYR_1. Recommendation = FAPbBrBrCl_THTO_0, Current Cost = 738.00, Rho = 0.864
(iter 41) FAPbBrBrCl_THTO_0 = 11.5203, sampling FAPbBrBrCl_PYR_1. Recommendation = FAPbBrBrCl_THTO_0, Current Cost = 739.00, Rho = 0.864
(iter 41) FAPbBrBrCl_THTO_0 = 11.5203, sampling FAPbBrClCl_GBL_1. Recommendation = FAPbBrBrCl_THTO_0, Current Cost = 740.00, Rho = 0.864
(iter 41) FAPbBrBrCl_THTO_0 = 11.5203, sampling FAPbBrBrBr_ACE_1. Recommendation = FAPbBrBrCl_THTO_0, Current Cost = 741.00, Rho = 0.864
(iter 41) FAPbBrBrCl_THTO_0 = 11.5203, sampling MAPbClII_CHCl3_1. Recommendation = FAPbBrBrCl_THTO_0, Current Cost = 742.00, Rho = 0.864
(iter 41) FAPbBrBrCl_THTO_0 = 11.5203, sampling FAPbClClI_DMSO_1. Recommendation = FAPbBrBrCl_THTO_0, Current Cost = 743.00, Rho = 0.864
(iter 41) FAPbBrBrCl_THTO_0 = 11.5203, sampling FAPbClII_CHCl3_1. Recommendation = FAPbBrBrCl_THTO_0, Current Cost = 744.00, Rho = 0.864
(iter 41) FAPbBrBrCl_THTO_0 = 11.5203, sampling MAPbBrClCl_NMP_1. Recommendation = FAPbBrBrCl_THTO_0, Current Cost = 745.00, Rho = 0.864
(iter 41) FAPbBrBrCl_THTO_0 = 11.5203, sampling FAPbBrBrBr_GBL_1. Recommendation = FAPbBrBrCl_THTO_0, Current Cost = 746.00, Rho = 0.864
(iter 41) FAPbBrBrCl_THTO_0 = 11.5203, sampling CsPbBrClCl_DMF_0. Recommendation = FAPbBrBrCl_THTO_0, Current Cost = 747.00, Rho = 0.864
(iter 41) FAPbBrBrCl_THTO_0 = 11.5203, sampling MAPbClII_CH3OH_1. Recommendation = FAPbBrBrCl_THTO_0, Current Cost = 753.00, Rho = 0.864
(iter 41) FAPbBrBrCl_THTO_0 = 11.5203, sampling MAPbClClI_H2O_1. Recommendation = FAPbBrBrCl_THTO_0, Current Cost = 754.00, Rho = 0.864
(iter 41) FAPbBrBrCl_THTO_0 = 11.5203, sampling FAPbClClCl_MCR_1. Recommendation = FAPbBrBrCl_THTO_0, Current Cost = 755.00, Rho = 0.864
(iter 41) FAPbBrBrCl_THTO_0 = 11.5203, sampling FAPbBrII_THTO_1. Recommendation = FAPbBrBrCl_THTO_0, Current Cost = 756.00, Rho = 0.864
(iter 41) FAPbBrBrCl_THTO_0 = 11.5203, sampling MAPbBrBrBr_MCR_1. Recommendation = FAPbBrBrCl_THTO_0, Current Cost = 757.00, Rho = 0.864
(iter 41) FAPbBrBrCl_THTO_0 = 11.5203, sampling CsPbBrBrCl_CH3OH_1. Recommendation = FAPbBrBrCl_THTO_0, Current Cost = 758.00, Rho = 0.864
(iter 41) FAPbBrBrCl_THTO_0 = 11.5203, sampling FAPbBrII_NM_1. Recommendation = FAPbBrBrCl_THTO_0, Current Cost = 759.00, Rho = 0.864
(iter 41) FAPbBrBrCl_THTO_0 = 11.5203, sampling MAPbClII_ACE_1. Recommendation = FAPbBrBrCl_THTO_0, Current Cost = 760.00, Rho = 0.864
(iter 41) FAPbBrBrCl_THTO_0 = 11.5203, sampling CsPbBrBrBr_DMSO_1. Recommendation = FAPbBrBrCl_THTO_0, Current Cost = 761.00, Rho = 0.864
(iter 41) FAPbBrBrCl_THTO_0 = 11.5203, sampling MAPbClClI_DMA_1. Recommendation = FAPbBrBrCl_THTO_0, Current Cost = 762.00, Rho = 0.864
(iter 41) FAPbBrBrCl_THTO_0 = 11.5203, sampling FAPbClII_ACE_1. Recommendation = FAPbBrBrCl_THTO_0, Current Cost = 763.00, Rho = 0.864
(iter 41) FAPbBrBrCl_THTO_0 = 11.5203, sampling MAPbClClI_DMF_1. Recommendation = FAPbBrBrCl_THTO_0, Current Cost = 764.00, Rho = 0.864
(iter 41) FAPbBrBrCl_THTO_0 = 11.5203, sampling MAPbClClI_FAM_1. Recommendation = FAPbBrBrCl_THTO_0, Current Cost = 765.00, Rho = 0.864
(iter 41) FAPbBrBrCl_THTO_0 = 11.5203, sampling MAPbIII_ETH_1. Recommendation = FAPbBrBrCl_THTO_0, Current Cost = 766.00, Rho = 0.864
(iter 41) FAPbBrBrCl_THTO_0 = 11.5203, sampling MAPbIII_NMP_0. Recommendation = FAPbBrBrCl_THTO_0, Current Cost = 767.00, Rho = 0.864
(iter 41) FAPbBrBrCl_THTO_0 = 11.5203, sampling FAPbBrII_DMF_1. Recommendation = FAPbBrBrCl_THTO_0, Current Cost = 773.00, Rho = 0.864
(iter 41) FAPbBrBrCl_THTO_0 = 11.5203, sampling CsPbBrBrI_MCR_1. Recommendation = FAPbBrBrCl_THTO_0, Current Cost = 774.00, Rho = 0.864
(iter 41) FAPbBrBrCl_THTO_0 = 11.5203, sampling FAPbBrBrI_DMA_1. Recommendation = FAPbBrBrCl_THTO_0, Current Cost = 775.00, Rho = 0.864
(iter 41) FAPbBrBrCl_THTO_0 = 11.5203, sampling FAPbClClI_CH3OH_1. Recommendation = FAPbBrBrCl_THTO_0, Current Cost = 776.00, Rho = 0.864
(iter 41) FAPbBrBrCl_THTO_0 = 11.5203, sampling FAPbIII_NMP_1. Recommendation = FAPbBrBrCl_THTO_0, Current Cost = 777.00, Rho = 0.864
(iter 41) FAPbBrBrCl_THTO_0 = 11.5203, sampling CsPbIII_H2O_1. Recommendation = FAPbBrBrCl_THTO_0, Current Cost = 778.00, Rho = 0.864
(iter 41) FAPbBrBrCl_THTO_0 = 11.5203, sampling FAPbClClCl_DMA_1. Recommendation = FAPbBrBrCl_THTO_0, Current Cost = 779.00, Rho = 0.864
(iter 41) FAPbBrBrCl_THTO_0 = 11.5203, sampling FAPbBrClCl_THTO_1. Recommendation = FAPbBrBrCl_THTO_0, Current Cost = 780.00, Rho = 0.864
(iter 41) FAPbBrBrCl_THTO_0 = 11.5203, sampling FAPbBrBrBr_ETH_1. Recommendation = FAPbBrBrCl_THTO_0, Current Cost = 781.00, Rho = 0.864
(iter 41) FAPbBrBrCl_THTO_0 = 11.5203, sampling FAPbClClCl_DMF_1. Recommendation = FAPbBrBrCl_THTO_0, Current Cost = 782.00, Rho = 0.864
(iter 41) FAPbBrBrCl_THTO_0 = 11.5203, sampling MAPbBrBrCl_DMF_1. Recommendation = FAPbBrBrCl_THTO_0, Current Cost = 783.00, Rho = 0.864
(iter 41) FAPbBrBrCl_THTO_0 = 11.5203, sampling MAPbBrBrCl_DMA_1. Recommendation = FAPbBrBrCl_THTO_0, Current Cost = 784.00, Rho = 0.864
(iter 41) FAPbBrBrCl_THTO_0 = 11.5203, sampling CsPbIII_FAM_1. Recommendation = FAPbBrBrCl_THTO_0, Current Cost = 785.00, Rho = 0.864
(iter 41) FAPbBrBrCl_THTO_0 = 11.5203, sampling MAPbClII_NMP_0. Recommendation = FAPbBrBrCl_THTO_0, Current Cost = 786.00, Rho = 0.864
(iter 41) FAPbBrBrCl_THTO_0 = 11.5203, sampling MAPbBrClI_CH3OH_1. Recommendation = FAPbBrBrCl_THTO_0, Current Cost = 792.00, Rho = 0.864
(iter 41) FAPbBrBrCl_THTO_0 = 11.5203, sampling MAPbBrII_THTO_1. Recommendation = FAPbBrBrCl_THTO_0, Current Cost = 793.00, Rho = 0.864
(iter 41) FAPbBrBrCl_THTO_0 = 11.5203, sampling MAPbBrClI_IPA_1. Recommendation = FAPbBrBrCl_THTO_0, Current Cost = 794.00, Rho = 0.864
(iter 41) FAPbBrBrCl_THTO_0 = 11.5203, sampling MAPbClII_PYR_1. Recommendation = FAPbBrBrCl_THTO_0, Current Cost = 795.00, Rho = 0.864
(iter 41) FAPbBrBrCl_THTO_0 = 11.5203, sampling FAPbIII_THTO_1. Recommendation = FAPbBrBrCl_THTO_0, Current Cost = 796.00, Rho = 0.864
(iter 41) FAPbBrBrCl_THTO_0 = 11.5203, sampling MAPbClII_NMP_1. Recommendation = FAPbBrBrCl_THTO_0, Current Cost = 797.00, Rho = 0.864
(iter 41) FAPbBrBrCl_THTO_0 = 11.5203, sampling FAPbBrBrBr_THTO_1. Recommendation = FAPbBrBrCl_THTO_0, Current Cost = 798.00, Rho = 0.864
(iter 41) FAPbBrBrCl_THTO_0 = 11.5203, sampling CsPbIII_MCR_1. Recommendation = FAPbBrBrCl_THTO_0, Current Cost = 799.00, Rho = 0.864
(iter 41) FAPbBrBrCl_THTO_0 = 11.5203, sampling MAPbClClI_DMSO_1. Recommendation = FAPbBrBrCl_THTO_0, Current Cost = 800.00, Rho = 0.864
(iter 41) FAPbBrBrCl_THTO_0 = 11.5203, sampling MAPbBrClCl_H2O_1. Recommendation = FAPbBrBrCl_THTO_0, Current Cost = 801.00, Rho = 0.864
(iter 41) FAPbBrBrCl_THTO_0 = 11.5203, sampling MAPbClClI_NMP_1. Recommendation = FAPbBrBrCl_THTO_0, Current Cost = 802.00, Rho = 0.864
(iter 41) FAPbBrBrCl_THTO_0 = 11.5203, sampling MAPbBrBrCl_NM_1. Recommendation = FAPbBrBrCl_THTO_0, Current Cost = 803.00, Rho = 0.864
(iter 41) FAPbBrBrCl_THTO_0 = 11.5203, sampling FAPbBrClI_ETH_1. Recommendation = FAPbBrBrCl_THTO_0, Current Cost = 804.00, Rho = 0.864
(iter 41) FAPbBrBrCl_THTO_0 = 11.5203, sampling MAPbBrClI_ACE_1. Recommendation = FAPbBrBrCl_THTO_0, Current Cost = 805.00, Rho = 0.864
(iter 41) FAPbBrBrCl_THTO_0 = 11.5203, sampling FAPbBrClCl_NM_1. Recommendation = FAPbBrBrCl_THTO_0, Current Cost = 806.00, Rho = 0.864
(iter 41) FAPbBrBrCl_THTO_0 = 11.5203, sampling MAPbIII_NMP_1. Recommendation = FAPbBrBrCl_THTO_0, Current Cost = 807.00, Rho = 0.864
(iter 41) FAPbBrBrCl_THTO_0 = 11.5203, sampling MAPbClII_NM_1. Recommendation = FAPbBrBrCl_THTO_0, Current Cost = 808.00, Rho = 0.864
(iter 41) FAPbBrBrCl_THTO_0 = 11.5203, sampling MAPbIII_MCR_1. Recommendation = FAPbBrBrCl_THTO_0, Current Cost = 809.00, Rho = 0.864
(iter 41) FAPbBrBrCl_THTO_0 = 11.5203, sampling FAPbClClI_FAM_1. Recommendation = FAPbBrBrCl_THTO_0, Current Cost = 810.00, Rho = 0.864
(iter 41) FAPbBrBrCl_THTO_0 = 11.5203, sampling CsPbClClI_NM_1. Recommendation = FAPbBrBrCl_THTO_0, Current Cost = 811.00, Rho = 0.864
(iter 41) FAPbBrBrCl_THTO_0 = 11.5203, sampling CsPbBrClCl_PYR_1. Recommendation = FAPbBrBrCl_THTO_0, Current Cost = 812.00, Rho = 0.864
(iter 41) FAPbBrBrCl_THTO_0 = 11.5203, sampling CsPbBrBrCl_MCR_1. Recommendation = FAPbBrBrCl_THTO_0, Current Cost = 813.00, Rho = 0.864
(iter 41) FAPbBrBrCl_THTO_0 = 11.5203, sampling MAPbClClI_IPA_1. Recommendation = FAPbBrBrCl_THTO_0, Current Cost = 814.00, Rho = 0.864
(iter 41) FAPbBrBrCl_THTO_0 = 11.5203, sampling MAPbClClI_GBL_1. Recommendation = FAPbBrBrCl_THTO_0, Current Cost = 815.00, Rho = 0.864
(iter 41) FAPbBrBrCl_THTO_0 = 11.5203, sampling MAPbClClCl_MCR_1. Recommendation = FAPbBrBrCl_THTO_0, Current Cost = 816.00, Rho = 0.864
(iter 41) FAPbBrBrCl_THTO_0 = 11.5203, sampling CsPbClII_FAM_1. Recommendation = FAPbBrBrCl_THTO_0, Current Cost = 817.00, Rho = 0.864
(iter 41) FAPbBrBrCl_THTO_0 = 11.5203, sampling CsPbClClCl_NMP_1. Recommendation = FAPbBrBrCl_THTO_0, Current Cost = 818.00, Rho = 0.864
(iter 41) FAPbBrBrCl_THTO_0 = 11.5203, sampling FAPbBrBrBr_NM_1. Recommendation = FAPbBrBrCl_THTO_0, Current Cost = 819.00, Rho = 0.864
(iter 41) FAPbBrBrCl_THTO_0 = 11.5203, sampling MAPbBrClCl_DMF_1. Recommendation = FAPbBrBrCl_THTO_0, Current Cost = 820.00, Rho = 0.864
(iter 41) FAPbBrBrCl_THTO_0 = 11.5203, sampling MAPbBrClCl_DMA_1. Recommendation = FAPbBrBrCl_THTO_0, Current Cost = 821.00, Rho = 0.864
(iter 41) FAPbBrBrCl_THTO_0 = 11.5203, sampling CsPbBrBrI_PYR_1. Recommendation = FAPbBrBrCl_THTO_0, Current Cost = 822.00, Rho = 0.864
(iter 41) FAPbBrBrCl_THTO_0 = 11.5203, sampling MAPbBrII_IPA_1. Recommendation = FAPbBrBrCl_THTO_0, Current Cost = 823.00, Rho = 0.864
(iter 41) FAPbBrBrCl_THTO_0 = 11.5203, sampling CsPbIII_ACE_1. Recommendation = FAPbBrBrCl_THTO_0, Current Cost = 824.00, Rho = 0.864
(iter 41) FAPbBrBrCl_THTO_0 = 11.5203, sampling FAPbIII_DMF_1. Recommendation = FAPbBrBrCl_THTO_0, Current Cost = 825.00, Rho = 0.864
(iter 41) FAPbBrBrCl_THTO_0 = 11.5203, sampling CsPbBrBrBr_PYR_1. Recommendation = FAPbBrBrCl_THTO_0, Current Cost = 826.00, Rho = 0.864
(iter 41) FAPbBrBrCl_THTO_0 = 11.5203, sampling CsPbIII_GBL_1. Recommendation = FAPbBrBrCl_THTO_0, Current Cost = 827.00, Rho = 0.864
(iter 41) FAPbBrBrCl_THTO_0 = 11.5203, sampling CsPbIII_CHCl3_1. Recommendation = FAPbBrBrCl_THTO_0, Current Cost = 828.00, Rho = 0.864
(iter 41) FAPbBrBrCl_THTO_0 = 11.5203, sampling MAPbClClCl_H2O_1. Recommendation = FAPbBrBrCl_THTO_0, Current Cost = 829.00, Rho = 0.864
(iter 41) FAPbBrBrCl_THTO_0 = 11.5203, sampling FAPbBrBrCl_H2O_1. Recommendation = FAPbBrBrCl_THTO_0, Current Cost = 830.00, Rho = 0.864
(iter 41) FAPbBrBrCl_THTO_0 = 11.5203, sampling CsPbBrClCl_IPA_1. Recommendation = FAPbBrBrCl_THTO_0, Current Cost = 831.00, Rho = 0.864
(iter 41) FAPbBrBrCl_THTO_0 = 11.5203, sampling CsPbBrClCl_MCR_1. Recommendation = FAPbBrBrCl_THTO_0, Current Cost = 832.00, Rho = 0.864
(iter 41) FAPbBrBrCl_THTO_0 = 11.5203, sampling FAPbIII_DMSO_1. Recommendation = FAPbBrBrCl_THTO_0, Current Cost = 833.00, Rho = 0.864
(iter 41) FAPbBrBrCl_THTO_0 = 11.5203, sampling MAPbBrBrBr_NMP_1. Recommendation = FAPbBrBrCl_THTO_0, Current Cost = 834.00, Rho = 0.864
(iter 41) FAPbBrBrCl_THTO_0 = 11.5203, sampling FAPbIII_NM_1. Recommendation = FAPbBrBrCl_THTO_0, Current Cost = 835.00, Rho = 0.864
(iter 41) FAPbBrBrCl_THTO_0 = 11.5203, sampling MAPbBrII_FAM_1. Recommendation = FAPbBrBrCl_THTO_0, Current Cost = 836.00, Rho = 0.864
(iter 41) FAPbBrBrCl_THTO_0 = 11.5203, sampling FAPbBrClCl_DMSO_1. Recommendation = FAPbBrBrCl_THTO_0, Current Cost = 837.00, Rho = 0.864
(iter 41) FAPbBrBrCl_THTO_0 = 11.5203, sampling FAPbBrBrBr_H2O_1. Recommendation = FAPbBrBrCl_THTO_0, Current Cost = 838.00, Rho = 0.864
(iter 41) FAPbBrBrCl_THTO_0 = 11.5203, sampling MAPbClII_DMF_1. Recommendation = FAPbBrBrCl_THTO_0, Current Cost = 839.00, Rho = 0.864
(iter 41) FAPbBrBrCl_THTO_0 = 11.5203, sampling MAPbClII_DMA_1. Recommendation = FAPbBrBrCl_THTO_0, Current Cost = 840.00, Rho = 0.864
(iter 41) FAPbBrBrCl_THTO_0 = 11.5203, sampling FAPbBrClCl_CH3OH_1. Recommendation = FAPbBrBrCl_THTO_0, Current Cost = 841.00, Rho = 0.864
(iter 41) FAPbBrBrCl_THTO_0 = 11.5203, sampling CsPbBrBrI_DMSO_1. Recommendation = FAPbBrBrCl_THTO_0, Current Cost = 842.00, Rho = 0.864
(iter 41) FAPbBrBrCl_THTO_0 = 11.5203, sampling MAPbBrBrCl_ACE_1. Recommendation = FAPbBrBrCl_THTO_0, Current Cost = 843.00, Rho = 0.864
(iter 41) FAPbBrBrCl_THTO_0 = 11.5203, sampling MAPbIII_GBL_1. Recommendation = FAPbBrBrCl_THTO_0, Current Cost = 844.00, Rho = 0.864
(iter 41) FAPbBrBrCl_THTO_0 = 11.5203, sampling FAPbClClCl_ETH_1. Recommendation = FAPbBrBrCl_THTO_0, Current Cost = 845.00, Rho = 0.864
(iter 41) FAPbBrBrCl_THTO_0 = 11.5203, sampling FAPbBrII_MCR_1. Recommendation = FAPbBrBrCl_THTO_0, Current Cost = 846.00, Rho = 0.864
(iter 41) FAPbBrBrCl_THTO_0 = 11.5203, sampling FAPbBrBrCl_GBL_1. Recommendation = FAPbBrBrCl_THTO_0, Current Cost = 847.00, Rho = 0.864
(iter 41) FAPbBrBrCl_THTO_0 = 11.5203, sampling FAPbClClCl_ACE_1. Recommendation = FAPbBrBrCl_THTO_0, Current Cost = 848.00, Rho = 0.864
(iter 41) FAPbBrBrCl_THTO_0 = 11.5203, sampling FAPbBrClCl_NMP_1. Recommendation = FAPbBrBrCl_THTO_0, Current Cost = 849.00, Rho = 0.864
(iter 41) FAPbBrBrCl_THTO_0 = 11.5203, sampling CsPbClII_DMF_1. Recommendation = FAPbBrBrCl_THTO_0, Current Cost = 850.00, Rho = 0.864
(iter 41) FAPbBrBrCl_THTO_0 = 11.5203, sampling MAPbBrBrI_H2O_1. Recommendation = FAPbBrBrCl_THTO_0, Current Cost = 851.00, Rho = 0.864
(iter 41) FAPbBrBrCl_THTO_0 = 11.5203, sampling CsPbClII_DMA_1. Recommendation = FAPbBrBrCl_THTO_0, Current Cost = 852.00, Rho = 0.864
(iter 41) FAPbBrBrCl_THTO_0 = 11.5203, sampling FAPbClII_GBL_1. Recommendation = FAPbBrBrCl_THTO_0, Current Cost = 853.00, Rho = 0.864
(iter 41) FAPbBrBrCl_THTO_0 = 11.5203, sampling MAPbBrBrI_DMA_1. Recommendation = FAPbBrBrCl_THTO_0, Current Cost = 854.00, Rho = 0.864
(iter 41) FAPbBrBrCl_THTO_0 = 11.5203, sampling MAPbBrBrI_DMF_1. Recommendation = FAPbBrBrCl_THTO_0, Current Cost = 855.00, Rho = 0.864
(iter 41) FAPbBrBrCl_THTO_0 = 11.5203, sampling CsPbClII_MCR_1. Recommendation = FAPbBrBrCl_THTO_0, Current Cost = 856.00, Rho = 0.864
(iter 41) FAPbBrBrCl_THTO_0 = 11.5203, sampling MAPbBrBrI_FAM_1. Recommendation = FAPbBrBrCl_THTO_0, Current Cost = 857.00, Rho = 0.864
(iter 41) FAPbBrBrCl_THTO_0 = 11.5203, sampling FAPbIII_GBL_1. Recommendation = FAPbBrBrCl_THTO_0, Current Cost = 858.00, Rho = 0.864
(iter 41) FAPbBrBrCl_THTO_0 = 11.5203, sampling MAPbBrClI_MCR_1. Recommendation = FAPbBrBrCl_THTO_0, Current Cost = 859.00, Rho = 0.864
(iter 41) FAPbBrBrCl_THTO_0 = 11.5203, sampling CsPbClII_GBL_1. Recommendation = FAPbBrBrCl_THTO_0, Current Cost = 860.00, Rho = 0.864
(iter 41) FAPbBrBrCl_THTO_0 = 11.5203, sampling MAPbClClCl_CH3OH_1. Recommendation = FAPbBrBrCl_THTO_0, Current Cost = 861.00, Rho = 0.864
(iter 41) FAPbBrBrCl_THTO_0 = 11.5203, sampling FAPbBrBrBr_NMP_1. Recommendation = FAPbBrBrCl_THTO_0, Current Cost = 862.00, Rho = 0.864
(iter 41) FAPbBrBrCl_THTO_0 = 11.5203, sampling MAPbBrClCl_MCR_1. Recommendation = FAPbBrBrCl_THTO_0, Current Cost = 863.00, Rho = 0.864
(iter 41) FAPbBrBrCl_THTO_0 = 11.5203, sampling MAPbBrClCl_PYR_1. Recommendation = FAPbBrBrCl_THTO_0, Current Cost = 864.00, Rho = 0.864
(iter 41) FAPbBrBrCl_THTO_0 = 11.5203, sampling CsPbBrBrCl_H2O_1. Recommendation = FAPbBrBrCl_THTO_0, Current Cost = 865.00, Rho = 0.864
(iter 41) FAPbBrBrCl_THTO_0 = 11.5203, sampling CsPbBrClCl_DMSO_1. Recommendation = FAPbBrBrCl_THTO_0, Current Cost = 866.00, Rho = 0.864
(iter 41) FAPbBrBrCl_THTO_0 = 11.5203, sampling MAPbBrII_NM_1. Recommendation = FAPbBrBrCl_THTO_0, Current Cost = 867.00, Rho = 0.864
(iter 41) FAPbBrBrCl_THTO_0 = 11.5203, sampling CsPbIII_PYR_1. Recommendation = FAPbBrBrCl_THTO_0, Current Cost = 868.00, Rho = 0.864
(iter 41) FAPbBrBrCl_THTO_0 = 11.5203, sampling CsPbBrClCl_ETH_1. Recommendation = FAPbBrBrCl_THTO_0, Current Cost = 869.00, Rho = 0.864
(iter 41) FAPbBrBrCl_THTO_0 = 11.5203, sampling FAPbClII_ETH_1. Recommendation = FAPbBrBrCl_THTO_0, Current Cost = 870.00, Rho = 0.864
(iter 41) FAPbBrBrCl_THTO_0 = 11.5203, sampling FAPbBrBrBr_MCR_1. Recommendation = FAPbBrBrCl_THTO_0, Current Cost = 871.00, Rho = 0.864
(iter 41) FAPbBrBrCl_THTO_0 = 11.5203, sampling CsPbBrBrBr_MCR_1. Recommendation = FAPbBrBrCl_THTO_0, Current Cost = 872.00, Rho = 0.864
(iter 41) FAPbBrBrCl_THTO_0 = 11.5203, sampling MAPbClII_ETH_1. Recommendation = FAPbBrBrCl_THTO_0, Current Cost = 873.00, Rho = 0.864
(iter 41) FAPbBrBrCl_THTO_0 = 11.5203, sampling MAPbBrBrCl_DMSO_1. Recommendation = FAPbBrBrCl_THTO_0, Current Cost = 874.00, Rho = 0.864
(iter 41) FAPbBrBrCl_THTO_0 = 11.5203, sampling MAPbBrClI_DMA_1. Recommendation = FAPbBrBrCl_THTO_0, Current Cost = 875.00, Rho = 0.864
(iter 41) FAPbBrBrCl_THTO_0 = 11.5203, sampling MAPbIII_CHCl3_1. Recommendation = FAPbBrBrCl_THTO_0, Current Cost = 876.00, Rho = 0.864
(iter 41) FAPbBrBrCl_THTO_0 = 11.5203, sampling CsPbClClCl_GBL_1. Recommendation = FAPbBrBrCl_THTO_0, Current Cost = 877.00, Rho = 0.864
(iter 41) FAPbBrBrCl_THTO_0 = 11.5203, sampling CsPbBrClCl_NM_1. Recommendation = FAPbBrBrCl_THTO_0, Current Cost = 878.00, Rho = 0.864
(iter 41) FAPbBrBrCl_THTO_0 = 11.5203, sampling CsPbClII_NMP_1. Recommendation = FAPbBrBrCl_THTO_0, Current Cost = 879.00, Rho = 0.864
(iter 41) FAPbBrBrCl_THTO_0 = 11.5203, sampling CsPbIII_IPA_1. Recommendation = FAPbBrBrCl_THTO_0, Current Cost = 880.00, Rho = 0.864
(iter 41) FAPbBrBrCl_THTO_0 = 11.5203, sampling MAPbClClCl_PYR_1. Recommendation = FAPbBrBrCl_THTO_0, Current Cost = 881.00, Rho = 0.864
(iter 41) FAPbBrBrCl_THTO_0 = 11.5203, sampling FAPbClClI_ACE_1. Recommendation = FAPbBrBrCl_THTO_0, Current Cost = 882.00, Rho = 0.864
(iter 41) FAPbBrBrCl_THTO_0 = 11.5203, sampling FAPbIII_PYR_1. Recommendation = FAPbBrBrCl_THTO_0, Current Cost = 883.00, Rho = 0.864
(iter 41) FAPbBrBrCl_THTO_0 = 11.5203, sampling FAPbBrClI_NM_1. Recommendation = FAPbBrBrCl_THTO_0, Current Cost = 884.00, Rho = 0.864
(iter 41) FAPbBrBrCl_THTO_0 = 11.5203, sampling FAPbClClI_PYR_1. Recommendation = FAPbBrBrCl_THTO_0, Current Cost = 885.00, Rho = 0.864
(iter 41) FAPbBrBrCl_THTO_0 = 11.5203, sampling FAPbBrClI_ACE_1. Recommendation = FAPbBrBrCl_THTO_0, Current Cost = 886.00, Rho = 0.864
(iter 41) FAPbBrBrCl_THTO_0 = 11.5203, sampling MAPbBrBrI_NMP_1. Recommendation = FAPbBrBrCl_THTO_0, Current Cost = 887.00, Rho = 0.864
(iter 41) FAPbBrBrCl_THTO_0 = 11.5203, sampling FAPbBrII_DMA_1. Recommendation = FAPbBrBrCl_THTO_0, Current Cost = 888.00, Rho = 0.864
(iter 41) FAPbBrBrCl_THTO_0 = 11.5203, sampling MAPbClClI_ETH_1. Recommendation = FAPbBrBrCl_THTO_0, Current Cost = 889.00, Rho = 0.864
(iter 41) FAPbBrBrCl_THTO_0 = 11.5203, sampling FAPbBrII_H2O_1. Recommendation = FAPbBrBrCl_THTO_0, Current Cost = 890.00, Rho = 0.864
(iter 41) FAPbBrBrCl_THTO_0 = 11.5203, sampling FAPbBrII_NMP_1. Recommendation = FAPbBrBrCl_THTO_0, Current Cost = 891.00, Rho = 0.864
(iter 41) FAPbBrBrCl_THTO_0 = 11.5203, sampling MAPbClClCl_ETH_1. Recommendation = FAPbBrBrCl_THTO_0, Current Cost = 892.00, Rho = 0.864
(iter 41) FAPbBrBrCl_THTO_0 = 11.5203, sampling MAPbClClI_PYR_1. Recommendation = FAPbBrBrCl_THTO_0, Current Cost = 893.00, Rho = 0.864
(iter 41) FAPbBrBrCl_THTO_0 = 11.5203, sampling FAPbClII_NM_1. Recommendation = FAPbBrBrCl_THTO_0, Current Cost = 894.00, Rho = 0.864
(iter 41) FAPbBrBrCl_THTO_0 = 11.5203, sampling CsPbBrClCl_CH3OH_1. Recommendation = FAPbBrBrCl_THTO_0, Current Cost = 895.00, Rho = 0.864
(iter 41) FAPbBrBrCl_THTO_0 = 11.5203, sampling FAPbBrClCl_DMF_1. Recommendation = FAPbBrBrCl_THTO_0, Current Cost = 896.00, Rho = 0.864
(iter 41) FAPbBrBrCl_THTO_0 = 11.5203, sampling MAPbBrClI_PYR_1. Recommendation = FAPbBrBrCl_THTO_0, Current Cost = 897.00, Rho = 0.864
(iter 41) FAPbBrBrCl_THTO_0 = 11.5203, sampling FAPbBrClCl_DMA_1. Recommendation = FAPbBrBrCl_THTO_0, Current Cost = 898.00, Rho = 0.864
(iter 41) FAPbBrBrCl_THTO_0 = 11.5203, sampling MAPbBrBrCl_NMP_1. Recommendation = FAPbBrBrCl_THTO_0, Current Cost = 899.00, Rho = 0.864
(iter 41) FAPbBrBrCl_THTO_0 = 11.5203, sampling MAPbBrBrI_CHCl3_1. Recommendation = FAPbBrBrCl_THTO_0, Current Cost = 900.00, Rho = 0.864
(iter 41) FAPbBrBrCl_THTO_0 = 11.5203, sampling MAPbBrBrI_IPA_1. Recommendation = FAPbBrBrCl_THTO_0, Current Cost = 901.00, Rho = 0.864
(iter 41) FAPbBrBrCl_THTO_0 = 11.5203, sampling CsPbBrII_PYR_1. Recommendation = FAPbBrBrCl_THTO_0, Current Cost = 902.00, Rho = 0.864
(iter 41) FAPbBrBrCl_THTO_0 = 11.5203, sampling MAPbBrBrI_GBL_1. Recommendation = FAPbBrBrCl_THTO_0, Current Cost = 903.00, Rho = 0.864
(iter 41) FAPbBrBrCl_THTO_0 = 11.5203, sampling CsPbBrClI_MCR_1. Recommendation = FAPbBrBrCl_THTO_0, Current Cost = 904.00, Rho = 0.864
(iter 41) FAPbBrBrCl_THTO_0 = 11.5203, sampling MAPbIII_DMSO_1. Recommendation = FAPbBrBrCl_THTO_0, Current Cost = 905.00, Rho = 0.864
(iter 41) FAPbBrBrCl_THTO_0 = 11.5203, sampling CsPbBrBrCl_NMP_1. Recommendation = FAPbBrBrCl_THTO_0, Current Cost = 906.00, Rho = 0.864
(iter 41) FAPbBrBrCl_THTO_0 = 11.5203, sampling CsPbClClI_IPA_1. Recommendation = FAPbBrBrCl_THTO_0, Current Cost = 907.00, Rho = 0.864
(iter 41) FAPbBrBrCl_THTO_0 = 11.5203, sampling MAPbIII_DMA_1. Recommendation = FAPbBrBrCl_THTO_0, Current Cost = 908.00, Rho = 0.864
(iter 41) FAPbBrBrCl_THTO_0 = 11.5203, sampling CsPbBrBrCl_DMSO_1. Recommendation = FAPbBrBrCl_THTO_0, Current Cost = 909.00, Rho = 0.864
(iter 41) FAPbBrBrCl_THTO_0 = 11.5203, sampling MAPbIII_DMF_1. Recommendation = FAPbBrBrCl_THTO_0, Current Cost = 910.00, Rho = 0.864
(iter 41) FAPbBrBrCl_THTO_0 = 11.5203, sampling MAPbBrBrCl_FAM_1. Recommendation = FAPbBrBrCl_THTO_0, Current Cost = 911.00, Rho = 0.864
(iter 41) FAPbBrBrCl_THTO_0 = 11.5203, sampling FAPbBrClCl_ACE_1. Recommendation = FAPbBrBrCl_THTO_0, Current Cost = 912.00, Rho = 0.864
(iter 41) FAPbBrBrCl_THTO_0 = 11.5203, sampling FAPbBrII_IPA_1. Recommendation = FAPbBrBrCl_THTO_0, Current Cost = 913.00, Rho = 0.864
(iter 41) FAPbBrBrCl_THTO_0 = 11.5203, sampling MAPbClClCl_CHCl3_1. Recommendation = FAPbBrBrCl_THTO_0, Current Cost = 914.00, Rho = 0.864
(iter 41) FAPbBrBrCl_THTO_0 = 11.5203, sampling CsPbBrII_ACE_1. Recommendation = FAPbBrBrCl_THTO_0, Current Cost = 915.00, Rho = 0.864
(iter 41) FAPbBrBrCl_THTO_0 = 11.5203, sampling CsPbClClCl_CHCl3_1. Recommendation = FAPbBrBrCl_THTO_0, Current Cost = 916.00, Rho = 0.864
(iter 41) FAPbBrBrCl_THTO_0 = 11.5203, sampling MAPbBrClCl_ACE_1. Recommendation = FAPbBrBrCl_THTO_0, Current Cost = 917.00, Rho = 0.864
(iter 41) FAPbBrBrCl_THTO_0 = 11.5203, sampling CsPbClClI_H2O_1. Recommendation = FAPbBrBrCl_THTO_0, Current Cost = 918.00, Rho = 0.864
(iter 41) FAPbBrBrCl_THTO_0 = 11.5203, sampling CsPbBrBrCl_ACE_1. Recommendation = FAPbBrBrCl_THTO_0, Current Cost = 919.00, Rho = 0.864
(iter 41) FAPbBrBrCl_THTO_0 = 11.5203, sampling FAPbIII_IPA_1. Recommendation = FAPbBrBrCl_THTO_0, Current Cost = 920.00, Rho = 0.864
(iter 41) FAPbBrBrCl_THTO_0 = 11.5203, sampling CsPbBrClI_DMA_1. Recommendation = FAPbBrBrCl_THTO_0, Current Cost = 921.00, Rho = 0.864
(iter 41) FAPbBrBrCl_THTO_0 = 11.5203, sampling CsPbBrClI_DMA_0. Recommendation = FAPbBrBrCl_THTO_0, Current Cost = 922.00, Rho = 0.864
(iter 312) CsPbBrClI_DMA_0 = 12.9686, sampling FAPbClClCl_IPA_1. Recommendation = CsPbBrClI_DMA_0, Current Cost = 928.00, Rho = 0.864
