(iter 20) MAPbBrBrI_DMSO_0 = 10.4811, sampling MAPbClClI_DMSO_1. Recommendation = MAPbBrBrI_DMSO_0, Current Cost = 70.00, Rho = 0.792
(iter 20) MAPbBrBrI_DMSO_0 = 10.4811, sampling CsPbClClI_DMSO_1. Recommendation = MAPbClClI_DMSO_0, Current Cost = 71.00, Rho = 0.792
(iter 20) MAPbBrBrI_DMSO_0 = 10.4811, sampling MAPbClII_DMSO_1. Recommendation = MAPbClClI_DMSO_0, Current Cost = 72.00, Rho = 0.792
(iter 20) MAPbBrBrI_DMSO_0 = 10.4811, sampling CsPbClII_DMSO_1. Recommendation = MAPbClClI_DMSO_0, Current Cost = 73.00, Rho = 0.792
(iter 20) MAPbBrBrI_DMSO_0 = 10.4811, sampling MAPbClClCl_DMSO_1. Recommendation = MAPbClClI_DMSO_0, Current Cost = 74.00, Rho = 0.792
(iter 20) MAPbBrBrI_DMSO_0 = 10.4811, sampling MAPbIII_DMSO_1. Recommendation = MAPbClClI_DMSO_0, Current Cost = 75.00, Rho = 0.792
(iter 20) MAPbBrBrI_DMSO_0 = 10.4811, sampling MAPbBrClI_DMSO_1. Recommendation = MAPbClClI_DMSO_0, Current Cost = 76.00, Rho = 0.792
(iter 20) MAPbBrBrI_DMSO_0 = 10.4811, sampling CsPbClClCl_DMSO_1. Recommendation = MAPbClClI_DMSO_0, Current Cost = 77.00, Rho = 0.792
(iter 20) MAPbBrBrI_DMSO_0 = 10.4811, sampling MAPbBrII_DMSO_1. Recommendation = MAPbClClI_DMSO_0, Current Cost = 78.00, Rho = 0.792
(iter 20) MAPbBrBrI_DMSO_0 = 10.4811, sampling MAPbBrBrBr_DMSO_1. Recommendation = MAPbClClI_DMSO_0, Current Cost = 79.00, Rho = 0.792
(iter 20) MAPbBrBrI_DMSO_0 = 10.4811, sampling CsPbIII_DMSO_1. Recommendation = MAPbClClI_DMSO_0, Current Cost = 80.00, Rho = 0.792
(iter 20) MAPbBrBrI_DMSO_0 = 10.4811, sampling CsPbBrClI_DMSO_1. Recommendation = MAPbClClI_DMSO_0, Current Cost = 81.00, Rho = 0.792
(iter 20) MAPbBrBrI_DMSO_0 = 10.4811, sampling CsPbBrII_DMSO_1. Recommendation = MAPbClClI_DMSO_0, Current Cost = 82.00, Rho = 0.792
(iter 20) MAPbBrBrI_DMSO_0 = 10.4811, sampling MAPbBrClCl_DMSO_1. Recommendation = MAPbClClI_DMSO_0, Current Cost = 83.00, Rho = 0.792
(iter 20) MAPbBrBrI_DMSO_0 = 10.4811, sampling CsPbBrBrI_DMSO_1. Recommendation = MAPbClClI_DMSO_0, Current Cost = 84.00, Rho = 0.792
(iter 20) MAPbBrBrI_DMSO_0 = 10.4811, sampling FAPbClClI_DMSO_1. Recommendation = MAPbClClI_DMSO_0, Current Cost = 85.00, Rho = 0.792
(iter 20) MAPbBrBrI_DMSO_0 = 10.4811, sampling MAPbBrBrCl_DMSO_1. Recommendation = MAPbClClI_DMSO_0, Current Cost = 86.00, Rho = 0.792
(iter 20) MAPbBrBrI_DMSO_0 = 10.4811, sampling CsPbBrBrBr_DMSO_1. Recommendation = MAPbClClI_DMSO_0, Current Cost = 87.00, Rho = 0.792
(iter 20) MAPbBrBrI_DMSO_0 = 10.4811, sampling MAPbClII_DMA_1. Recommendation = MAPbClClI_DMSO_0, Current Cost = 88.00, Rho = 0.792
(iter 20) MAPbBrBrI_DMSO_0 = 10.4811, sampling FAPbClII_DMSO_1. Recommendation = MAPbClClI_DMSO_0, Current Cost = 89.00, Rho = 0.792
(iter 20) MAPbBrBrI_DMSO_0 = 10.4811, sampling MAPbClII_DMF_1. Recommendation = MAPbClClI_DMSO_0, Current Cost = 90.00, Rho = 0.792
(iter 20) MAPbBrBrI_DMSO_0 = 10.4811, sampling MAPbClClI_DMA_1. Recommendation = MAPbClClI_DMSO_0, Current Cost = 91.00, Rho = 0.792
(iter 20) MAPbBrBrI_DMSO_0 = 10.4811, sampling CsPbBrClCl_DMSO_1. Recommendation = MAPbClClI_DMSO_0, Current Cost = 92.00, Rho = 0.792
(iter 20) MAPbBrBrI_DMSO_0 = 10.4811, sampling MAPbClII_GBL_1. Recommendation = MAPbClClI_DMSO_0, Current Cost = 93.00, Rho = 0.792
(iter 20) MAPbBrBrI_DMSO_0 = 10.4811, sampling CsPbBrBrCl_DMSO_1. Recommendation = MAPbClClI_DMSO_0, Current Cost = 94.00, Rho = 0.792
(iter 20) MAPbBrBrI_DMSO_0 = 10.4811, sampling MAPbIII_DMA_1. Recommendation = MAPbClClI_DMSO_0, Current Cost = 95.00, Rho = 0.792
(iter 20) MAPbBrBrI_DMSO_0 = 10.4811, sampling MAPbClClI_DMF_1. Recommendation = MAPbClClI_DMSO_0, Current Cost = 96.00, Rho = 0.792
(iter 20) MAPbBrBrI_DMSO_0 = 10.4811, sampling MAPbClClCl_DMA_1. Recommendation = MAPbClClI_DMSO_0, Current Cost = 97.00, Rho = 0.792
(iter 20) MAPbBrBrI_DMSO_0 = 10.4811, sampling FAPbClClCl_DMSO_1. Recommendation = MAPbClClI_DMSO_0, Current Cost = 98.00, Rho = 0.792
(iter 20) MAPbBrBrI_DMSO_0 = 10.4811, sampling CsPbClII_DMA_1. Recommendation = MAPbClClI_DMSO_0, Current Cost = 99.00, Rho = 0.792
(iter 20) MAPbBrBrI_DMSO_0 = 10.4811, sampling FAPbBrClI_DMSO_1. Recommendation = MAPbClClI_DMSO_0, Current Cost = 100.00, Rho = 0.792
(iter 20) MAPbBrBrI_DMSO_0 = 10.4811, sampling MAPbClII_NM_1. Recommendation = MAPbClClI_DMSO_0, Current Cost = 101.00, Rho = 0.792
(iter 20) MAPbBrBrI_DMSO_0 = 10.4811, sampling CsPbClClI_DMA_1. Recommendation = MAPbClClI_DMSO_0, Current Cost = 102.00, Rho = 0.792
(iter 20) MAPbBrBrI_DMSO_0 = 10.4811, sampling MAPbClClI_THTO_1. Recommendation = MAPbClClI_DMSO_0, Current Cost = 103.00, Rho = 0.792
(iter 20) MAPbBrBrI_DMSO_0 = 10.4811, sampling MAPbClII_THTO_1. Recommendation = MAPbClClI_THTO_0, Current Cost = 104.00, Rho = 0.792
(iter 20) MAPbBrBrI_DMSO_0 = 10.4811, sampling MAPbIII_THTO_1. Recommendation = MAPbClII_THTO_0, Current Cost = 105.00, Rho = 0.792
(iter 20) MAPbBrBrI_DMSO_0 = 10.4811, sampling MAPbClClCl_THTO_1. Recommendation = MAPbClII_THTO_0, Current Cost = 106.00, Rho = 0.792
(iter 20) MAPbBrBrI_DMSO_0 = 10.4811, sampling MAPbBrClI_THTO_1. Recommendation = MAPbClII_THTO_0, Current Cost = 107.00, Rho = 0.792
(iter 20) MAPbBrBrI_DMSO_0 = 10.4811, sampling CsPbClClI_THTO_1. Recommendation = MAPbClII_THTO_0, Current Cost = 108.00, Rho = 0.792
(iter 20) MAPbBrBrI_DMSO_0 = 10.4811, sampling MAPbBrII_THTO_1. Recommendation = MAPbClII_THTO_0, Current Cost = 109.00, Rho = 0.792
(iter 20) MAPbBrBrI_DMSO_0 = 10.4811, sampling MAPbBrBrI_THTO_1. Recommendation = MAPbClII_THTO_0, Current Cost = 110.00, Rho = 0.792
(iter 20) MAPbBrBrI_DMSO_0 = 10.4811, sampling CsPbClII_THTO_1. Recommendation = MAPbClII_THTO_0, Current Cost = 111.00, Rho = 0.792
(iter 20) MAPbBrBrI_DMSO_0 = 10.4811, sampling MAPbBrBrBr_THTO_1. Recommendation = MAPbClII_THTO_0, Current Cost = 112.00, Rho = 0.792
(iter 20) MAPbBrBrI_DMSO_0 = 10.4811, sampling MAPbBrClCl_THTO_1. Recommendation = MAPbClII_THTO_0, Current Cost = 113.00, Rho = 0.792
(iter 20) MAPbBrBrI_DMSO_0 = 10.4811, sampling MAPbBrBrCl_THTO_1. Recommendation = MAPbClII_THTO_0, Current Cost = 114.00, Rho = 0.792
(iter 20) MAPbBrBrI_DMSO_0 = 10.4811, sampling CsPbBrClI_THTO_1. Recommendation = MAPbClII_THTO_0, Current Cost = 115.00, Rho = 0.792
(iter 20) MAPbBrBrI_DMSO_0 = 10.4811, sampling CsPbClClCl_THTO_1. Recommendation = MAPbClII_THTO_0, Current Cost = 116.00, Rho = 0.792
(iter 20) MAPbBrBrI_DMSO_0 = 10.4811, sampling CsPbIII_THTO_1. Recommendation = MAPbClII_THTO_0, Current Cost = 117.00, Rho = 0.792
(iter 20) MAPbBrBrI_DMSO_0 = 10.4811, sampling CsPbBrII_THTO_1. Recommendation = MAPbClII_THTO_0, Current Cost = 118.00, Rho = 0.792
(iter 20) MAPbBrBrI_DMSO_0 = 10.4811, sampling CsPbBrBrI_THTO_1. Recommendation = MAPbClII_THTO_0, Current Cost = 119.00, Rho = 0.792
(iter 20) MAPbBrBrI_DMSO_0 = 10.4811, sampling CsPbBrBrBr_THTO_1. Recommendation = MAPbClII_THTO_0, Current Cost = 120.00, Rho = 0.792
(iter 20) MAPbBrBrI_DMSO_0 = 10.4811, sampling FAPbClClI_THTO_1. Recommendation = MAPbClII_THTO_0, Current Cost = 121.00, Rho = 0.792
(iter 20) MAPbBrBrI_DMSO_0 = 10.4811, sampling FAPbClII_THTO_1. Recommendation = MAPbClII_THTO_0, Current Cost = 122.00, Rho = 0.792
(iter 20) MAPbBrBrI_DMSO_0 = 10.4811, sampling CsPbBrClCl_THTO_1. Recommendation = MAPbClII_THTO_0, Current Cost = 123.00, Rho = 0.792
(iter 20) MAPbBrBrI_DMSO_0 = 10.4811, sampling CsPbBrBrCl_THTO_1. Recommendation = MAPbClII_THTO_0, Current Cost = 124.00, Rho = 0.792
(iter 20) MAPbBrBrI_DMSO_0 = 10.4811, sampling FAPbIII_THTO_1. Recommendation = MAPbClII_THTO_0, Current Cost = 125.00, Rho = 0.792
(iter 20) MAPbBrBrI_DMSO_0 = 10.4811, sampling FAPbBrClI_THTO_1. Recommendation = MAPbClII_THTO_0, Current Cost = 126.00, Rho = 0.792
(iter 20) MAPbBrBrI_DMSO_0 = 10.4811, sampling FAPbClClCl_THTO_1. Recommendation = MAPbClII_THTO_0, Current Cost = 127.00, Rho = 0.792
(iter 20) MAPbBrBrI_DMSO_0 = 10.4811, sampling MAPbClII_THTO_0. Recommendation = MAPbClII_THTO_0, Current Cost = 128.00, Rho = 0.792
(iter 78) MAPbClII_THTO_0 = 10.8670, sampling FAPbIII_THTO_0. Recommendation = MAPbClClI_THTO_0, Current Cost = 134.00, Rho = 0.792
(iter 79) FAPbIII_THTO_0 = 11.2683, sampling MAPbClClI_THTO_0. Recommendation = FAPbIII_THTO_0, Current Cost = 140.00, Rho = 0.792
(iter 79) FAPbIII_THTO_0 = 11.2683, sampling MAPbClClI_H2O_1. Recommendation = FAPbIII_THTO_0, Current Cost = 146.00, Rho = 0.792
(iter 79) FAPbIII_THTO_0 = 11.2683, sampling FAPbBrBrI_THTO_1. Recommendation = FAPbIII_THTO_0, Current Cost = 147.00, Rho = 0.792
(iter 79) FAPbIII_THTO_0 = 11.2683, sampling FAPbBrII_THTO_1. Recommendation = FAPbIII_THTO_0, Current Cost = 148.00, Rho = 0.792
(iter 79) FAPbIII_THTO_0 = 11.2683, sampling MAPbBrClI_THTO_0. Recommendation = FAPbIII_THTO_0, Current Cost = 149.00, Rho = 0.792
(iter 79) FAPbIII_THTO_0 = 11.2683, sampling FAPbBrBrBr_THTO_1. Recommendation = FAPbIII_THTO_0, Current Cost = 155.00, Rho = 0.792
(iter 79) FAPbIII_THTO_0 = 11.2683, sampling MAPbBrII_THTO_0. Recommendation = FAPbIII_THTO_0, Current Cost = 156.00, Rho = 0.792
(iter 79) FAPbIII_THTO_0 = 11.2683, sampling MAPbClClCl_THTO_0. Recommendation = FAPbIII_THTO_0, Current Cost = 162.00, Rho = 0.792
(iter 87) MAPbClClCl_THTO_0 = 11.2684, sampling MAPbClClI_DMSO_0. Recommendation = MAPbClClCl_THTO_0, Current Cost = 168.00, Rho = 0.792
(iter 87) MAPbClClCl_THTO_0 = 11.2684, sampling FAPbBrClCl_THTO_1. Recommendation = MAPbClClCl_THTO_0, Current Cost = 174.00, Rho = 0.792
(iter 87) MAPbClClCl_THTO_0 = 11.2684, sampling MAPbClClI_FAM_1. Recommendation = MAPbClClCl_THTO_0, Current Cost = 175.00, Rho = 0.792
(iter 87) MAPbClClCl_THTO_0 = 11.2684, sampling MAPbBrBrI_THTO_0. Recommendation = MAPbClClCl_THTO_0, Current Cost = 176.00, Rho = 0.792
(iter 87) MAPbClClCl_THTO_0 = 11.2684, sampling CsPbClClI_THTO_0. Recommendation = MAPbClClCl_THTO_0, Current Cost = 182.00, Rho = 0.792
(iter 87) MAPbClClCl_THTO_0 = 11.2684, sampling MAPbClClCl_DMSO_0. Recommendation = MAPbClClCl_THTO_0, Current Cost = 188.00, Rho = 0.792
(iter 87) MAPbClClCl_THTO_0 = 11.2684, sampling MAPbClII_DMSO_0. Recommendation = MAPbClClCl_THTO_0, Current Cost = 194.00, Rho = 0.792
(iter 87) MAPbClClCl_THTO_0 = 11.2684, sampling FAPbBrBrI_DMSO_1. Recommendation = MAPbClClCl_THTO_0, Current Cost = 200.00, Rho = 0.792
(iter 87) MAPbClClCl_THTO_0 = 11.2684, sampling MAPbBrClI_DMA_1. Recommendation = MAPbClClCl_THTO_0, Current Cost = 201.00, Rho = 0.792
(iter 87) MAPbClClCl_THTO_0 = 11.2684, sampling FAPbBrBrCl_THTO_1. Recommendation = MAPbClClCl_THTO_0, Current Cost = 202.00, Rho = 0.792
(iter 87) MAPbClClCl_THTO_0 = 11.2684, sampling FAPbBrBrCl_THTO_0. Recommendation = MAPbClClCl_THTO_0, Current Cost = 203.00, Rho = 0.792
(iter 98) FAPbBrBrCl_THTO_0 = 11.5203, sampling FAPbBrBrBr_DMSO_1. Recommendation = FAPbBrBrCl_THTO_0, Current Cost = 209.00, Rho = 0.792
(iter 98) FAPbBrBrCl_THTO_0 = 11.5203, sampling FAPbBrBrCl_DMSO_1. Recommendation = FAPbBrBrCl_THTO_0, Current Cost = 210.00, Rho = 0.792
(iter 98) FAPbBrBrCl_THTO_0 = 11.5203, sampling MAPbBrClCl_THTO_0. Recommendation = FAPbBrBrCl_THTO_0, Current Cost = 211.00, Rho = 0.792
(iter 98) FAPbBrBrCl_THTO_0 = 11.5203, sampling FAPbBrClCl_DMSO_1. Recommendation = FAPbBrBrCl_THTO_0, Current Cost = 217.00, Rho = 0.792
(iter 98) FAPbBrBrCl_THTO_0 = 11.5203, sampling MAPbBrBrBr_THTO_0. Recommendation = FAPbBrBrCl_THTO_0, Current Cost = 218.00, Rho = 0.792
(iter 98) FAPbBrBrCl_THTO_0 = 11.5203, sampling FAPbBrII_DMSO_1. Recommendation = FAPbBrBrCl_THTO_0, Current Cost = 224.00, Rho = 0.792
(iter 98) FAPbBrBrCl_THTO_0 = 11.5203, sampling MAPbBrBrCl_THTO_0. Recommendation = FAPbBrBrCl_THTO_0, Current Cost = 225.00, Rho = 0.792
(iter 98) FAPbBrBrCl_THTO_0 = 11.5203, sampling MAPbClClCl_FAM_0. Recommendation = FAPbBrBrCl_THTO_0, Current Cost = 231.00, Rho = 0.792
(iter 98) FAPbBrBrCl_THTO_0 = 11.5203, sampling CsPbIII_THTO_0. Recommendation = FAPbBrBrCl_THTO_0, Current Cost = 237.00, Rho = 0.792
(iter 98) FAPbBrBrCl_THTO_0 = 11.5203, sampling FAPbBrClCl_DMSO_0. Recommendation = FAPbBrBrCl_THTO_0, Current Cost = 243.00, Rho = 0.792
(iter 98) FAPbBrBrCl_THTO_0 = 11.5203, sampling MAPbBrClCl_DMSO_0. Recommendation = FAPbBrBrCl_THTO_0, Current Cost = 249.00, Rho = 0.792
(iter 98) FAPbBrBrCl_THTO_0 = 11.5203, sampling FAPbClClI_THTO_0. Recommendation = FAPbBrBrCl_THTO_0, Current Cost = 255.00, Rho = 0.792
(iter 98) FAPbBrBrCl_THTO_0 = 11.5203, sampling MAPbBrClI_DMSO_0. Recommendation = FAPbBrBrCl_THTO_0, Current Cost = 261.00, Rho = 0.792
(iter 98) FAPbBrBrCl_THTO_0 = 11.5203, sampling MAPbBrBrCl_DMSO_0. Recommendation = FAPbBrBrCl_THTO_0, Current Cost = 267.00, Rho = 0.792
(iter 98) FAPbBrBrCl_THTO_0 = 11.5203, sampling CsPbClClCl_DMSO_0. Recommendation = FAPbBrBrCl_THTO_0, Current Cost = 273.00, Rho = 0.792
(iter 98) FAPbBrBrCl_THTO_0 = 11.5203, sampling MAPbBrClCl_DMA_1. Recommendation = FAPbBrBrCl_THTO_0, Current Cost = 279.00, Rho = 0.792
(iter 98) FAPbBrBrCl_THTO_0 = 11.5203, sampling MAPbBrII_DMSO_0. Recommendation = FAPbBrBrCl_THTO_0, Current Cost = 280.00, Rho = 0.792
(iter 98) FAPbBrBrCl_THTO_0 = 11.5203, sampling CsPbBrBrI_THTO_0. Recommendation = FAPbBrBrCl_THTO_0, Current Cost = 286.00, Rho = 0.792
(iter 98) FAPbBrBrCl_THTO_0 = 11.5203, sampling MAPbClClCl_MCR_1. Recommendation = FAPbBrBrCl_THTO_0, Current Cost = 292.00, Rho = 0.792
(iter 98) FAPbBrBrCl_THTO_0 = 11.5203, sampling MAPbBrBrBr_DMSO_0. Recommendation = FAPbBrBrCl_THTO_0, Current Cost = 293.00, Rho = 0.792
(iter 98) FAPbBrBrCl_THTO_0 = 11.5203, sampling MAPbBrBrBr_DMA_1. Recommendation = FAPbBrBrCl_THTO_0, Current Cost = 299.00, Rho = 0.792
(iter 98) FAPbBrBrCl_THTO_0 = 11.5203, sampling MAPbIII_DMSO_0. Recommendation = FAPbBrBrCl_THTO_0, Current Cost = 300.00, Rho = 0.792
(iter 98) FAPbBrBrCl_THTO_0 = 11.5203, sampling MAPbClClCl_DMF_0. Recommendation = FAPbBrBrCl_THTO_0, Current Cost = 306.00, Rho = 0.792
(iter 98) FAPbBrBrCl_THTO_0 = 11.5203, sampling MAPbBrBrCl_DMA_1. Recommendation = FAPbBrBrCl_THTO_0, Current Cost = 312.00, Rho = 0.792
(iter 98) FAPbBrBrCl_THTO_0 = 11.5203, sampling MAPbBrBrI_DMA_1. Recommendation = FAPbBrBrCl_THTO_0, Current Cost = 313.00, Rho = 0.792
(iter 98) FAPbBrBrCl_THTO_0 = 11.5203, sampling CsPbClClI_DMSO_0. Recommendation = FAPbBrBrCl_THTO_0, Current Cost = 314.00, Rho = 0.792
(iter 98) FAPbBrBrCl_THTO_0 = 11.5203, sampling MAPbClClCl_GBL_0. Recommendation = FAPbBrBrCl_THTO_0, Current Cost = 320.00, Rho = 0.792
(iter 98) FAPbBrBrCl_THTO_0 = 11.5203, sampling CsPbBrClCl_THTO_0. Recommendation = FAPbBrBrCl_THTO_0, Current Cost = 326.00, Rho = 0.792
(iter 98) FAPbBrBrCl_THTO_0 = 11.5203, sampling CsPbClClCl_DMA_0. Recommendation = FAPbBrBrCl_THTO_0, Current Cost = 332.00, Rho = 0.792
(iter 98) FAPbBrBrCl_THTO_0 = 11.5203, sampling FAPbBrBrI_THTO_0. Recommendation = FAPbBrBrCl_THTO_0, Current Cost = 338.00, Rho = 0.792
(iter 98) FAPbBrBrCl_THTO_0 = 11.5203, sampling CsPbBrClI_THTO_0. Recommendation = FAPbBrBrCl_THTO_0, Current Cost = 344.00, Rho = 0.792
(iter 98) FAPbBrBrCl_THTO_0 = 11.5203, sampling CsPbBrBrBr_THTO_0. Recommendation = FAPbBrBrCl_THTO_0, Current Cost = 350.00, Rho = 0.792
(iter 98) FAPbBrBrCl_THTO_0 = 11.5203, sampling MAPbBrClI_DMF_0. Recommendation = FAPbBrBrCl_THTO_0, Current Cost = 356.00, Rho = 0.792
(iter 98) FAPbBrBrCl_THTO_0 = 11.5203, sampling FAPbClII_THTO_0. Recommendation = FAPbBrBrCl_THTO_0, Current Cost = 362.00, Rho = 0.792
(iter 98) FAPbBrBrCl_THTO_0 = 11.5203, sampling MAPbBrBrI_DMF_0. Recommendation = FAPbBrBrCl_THTO_0, Current Cost = 368.00, Rho = 0.792
(iter 98) FAPbBrBrCl_THTO_0 = 11.5203, sampling MAPbBrClI_FAM_0. Recommendation = FAPbBrBrCl_THTO_0, Current Cost = 374.00, Rho = 0.792
(iter 98) FAPbBrBrCl_THTO_0 = 11.5203, sampling MAPbBrII_DMA_0. Recommendation = FAPbBrBrCl_THTO_0, Current Cost = 380.00, Rho = 0.792
(iter 98) FAPbBrBrCl_THTO_0 = 11.5203, sampling MAPbBrClCl_DMF_0. Recommendation = FAPbBrBrCl_THTO_0, Current Cost = 386.00, Rho = 0.792
(iter 98) FAPbBrBrCl_THTO_0 = 11.5203, sampling MAPbBrBrBr_DMF_0. Recommendation = FAPbBrBrCl_THTO_0, Current Cost = 392.00, Rho = 0.792
(iter 98) FAPbBrBrCl_THTO_0 = 11.5203, sampling CsPbBrClCl_DMSO_0. Recommendation = FAPbBrBrCl_THTO_0, Current Cost = 398.00, Rho = 0.792
(iter 98) FAPbBrBrCl_THTO_0 = 11.5203, sampling MAPbIII_DMF_0. Recommendation = FAPbBrBrCl_THTO_0, Current Cost = 404.00, Rho = 0.792
(iter 98) FAPbBrBrCl_THTO_0 = 11.5203, sampling MAPbBrBrCl_DMF_0. Recommendation = FAPbBrBrCl_THTO_0, Current Cost = 410.00, Rho = 0.792
(iter 98) FAPbBrBrCl_THTO_0 = 11.5203, sampling MAPbBrClCl_FAM_0. Recommendation = FAPbBrBrCl_THTO_0, Current Cost = 416.00, Rho = 0.792
(iter 98) FAPbBrBrCl_THTO_0 = 11.5203, sampling MAPbIII_THTO_0. Recommendation = FAPbBrBrCl_THTO_0, Current Cost = 422.00, Rho = 0.792
(iter 98) FAPbBrBrCl_THTO_0 = 11.5203, sampling CsPbClII_DMSO_0. Recommendation = FAPbBrBrCl_THTO_0, Current Cost = 428.00, Rho = 0.792
(iter 98) FAPbBrBrCl_THTO_0 = 11.5203, sampling CsPbBrClI_DMA_0. Recommendation = FAPbBrBrCl_THTO_0, Current Cost = 434.00, Rho = 0.792
(iter 144) CsPbBrClI_DMA_0 = 12.9686, sampling CsPbBrClCl_DMA_0. Recommendation = CsPbBrClI_DMA_0, Current Cost = 440.00, Rho = 0.792
